# Number of modes
   1077
# Tabulated for different initial and final frequencies?
    F
# Mode index, Sj, (highest to lowest), omega_j
    547  2.286572244756826E-001  1.040413527560943E+002
      7  5.724599688007184E-002  1.598850297870253E+001
     23  2.966493785223094E-002  2.160694502786773E+001
      8  2.812642028460356E-002  1.603898235084092E+001
    390  2.347518283824504E-002  4.930034545373515E+001
     24  2.277160327764751E-002  2.165827626673025E+001
     38  2.149842458209046E-002  2.415274881711009E+001
    546  1.710247367116703E-002  1.038908634804570E+002
     64  1.269302154498499E-002  2.637954322898939E+001
    392  1.260593726708078E-002  4.975569880244111E+001
    298  1.239204596509857E-002  3.860785506393049E+001
    544  1.212196022306312E-002  1.037287728441322E+002
    458  1.182702291316842E-002  5.780961640938520E+001
    114  1.134000904359478E-002  2.903390568794284E+001
    551  1.115123576158643E-002  1.044758850995860E+002
    535  1.033461306123873E-002  7.234684016852472E+001
     18  9.922190229734958E-003  2.124694793769305E+001
    301  9.784557208595760E-003  3.874125966254066E+001
    549  9.545708127144014E-003  1.043755820157491E+002
    454  9.105261760496924E-003  5.753531790534946E+001
     65  8.906824846702121E-003  2.645533186342116E+001
    554  8.700806670050042E-003  1.048978551747549E+002
     58  8.290365775313367E-003  2.603619761911758E+001
     91  6.543614719014354E-003  2.795709450840539E+001
    393  6.535164176458467E-003  5.117422678475859E+001
    232  6.407346996739519E-003  3.530982942235851E+001
     27  6.263107644910670E-003  2.288948685305089E+001
    108  6.169488868715088E-003  2.884206820739177E+001
      5  6.075580194980187E-003  1.580375607842547E+001
    518  5.908916282201809E-003  6.116565427175681E+001
     31  5.752275636282430E-003  2.349957735236975E+001
    460  5.577789884833489E-003  5.821511818989060E+001
     71  5.461391566839466E-003  2.691074291878593E+001
    105  5.235552683513385E-003  2.872870804936272E+001
     80  4.971334759684084E-003  2.737665388114407E+001
     57  4.934028384210374E-003  2.601044601303876E+001
   1060  4.585141008493473E-003  1.336329109810919E+002
    330  4.170829253759592E-003  4.000719691328421E+001
    100  3.912292671648188E-003  2.814590236831992E+001
    199  3.851302177140156E-003  3.411214171315592E+001
    142  3.665853855756989E-003  3.011700635419402E+001
    294  3.576635945812472E-003  3.844005427068350E+001
     86  3.374426916038143E-003  2.760340701365068E+001
    452  3.356898058042318E-003  5.732416656661538E+001
    438  3.325393217287533E-003  5.568774314714533E+001
    229  3.280332737465457E-003  3.477639317683153E+001
      4  3.243277341510697E-003  1.555889535187236E+001
      1  3.143273787227520E-003  1.480943860687432E+001
    207  3.120392134216382E-003  3.419271829752626E+001
     90  3.116624892408657E-003  2.792299487571685E+001
   1066  3.040132639766735E-003  1.341339055776214E+002
     11  2.987293005889136E-003  1.771447447329438E+001
     20  2.970266943512162E-003  2.146722812704134E+001
    456  2.919564005872580E-003  5.758475825352298E+001
    403  2.867643598112758E-003  5.332276567118551E+001
    255  2.826152615488085E-003  3.705801266502003E+001
    163  2.808883071511390E-003  3.148605603035891E+001
    991  2.785495824416166E-003  1.298309517843196E+002
    421  2.760116373339046E-003  5.469982084171487E+001
    110  2.748136386325148E-003  2.890337161783228E+001
    384  2.727802839455719E-003  4.693482184770667E+001
    524  2.558628194471411E-003  6.196836567938324E+001
     79  2.551149348529869E-003  2.728143790603452E+001
      9  2.529449819505428E-003  1.615282072713023E+001
     39  2.509488833051898E-003  2.419216907562118E+001
    347  2.501986064348709E-003  4.251894246220620E+001
     95  2.462246952009492E-003  2.806113631432304E+001
    536  2.404523811933925E-003  7.244369170766353E+001
    378  2.375121766259053E-003  4.609481655347708E+001
    450  2.354336070485506E-003  5.723022636777802E+001
    519  2.249428905158008E-003  6.116666091909611E+001
    482  2.234709355636346E-003  5.890508639424976E+001
   1075  2.231785703255293E-003  1.852007864492208E+002
    177  2.218560797603056E-003  3.286305119332699E+001
     69  2.200781791338887E-003  2.667931486079132E+001
    466  2.183605709277954E-003  5.848631456847294E+001
     52  2.179494769827727E-003  2.532370304309600E+001
   1074  2.160737759558076E-003  1.357832717908243E+002
   1044  2.147922681107183E-003  1.320835593454495E+002
    890  2.134794928758921E-003  1.222269695705770E+002
    206  2.097565071243168E-003  3.418711639611698E+001
    426  2.091606182031743E-003  5.521112029631625E+001
    504  2.081637926751786E-003  6.073767201700102E+001
   1047  2.056625554722512E-003  1.324683504365100E+002
     36  2.026066420784101E-003  2.408548968715760E+001
    434  2.020981813580267E-003  5.556859477681133E+001
    512  2.007176156004807E-003  6.110465593383906E+001
    445  1.989161608288146E-003  5.650985963977887E+001
   1048  1.981256856937237E-003  1.325281096806480E+002
    192  1.952479139835379E-003  3.373139183933635E+001
     85  1.934045703323870E-003  2.757726243328665E+001
     66  1.869466385686355E-003  2.653041695388611E+001
    165  1.796478627377062E-003  3.194792507678593E+001
   1069  1.789837129530480E-003  1.347402109836953E+002
    385  1.788514575593081E-003  4.744969147605799E+001
    895  1.782596019851735E-003  1.231922658586809E+002
    139  1.747905024551370E-003  3.001327528760398E+001
    303  1.695710606860709E-003  3.891633174738261E+001
    954  1.640253324917415E-003  1.282848493157465E+002
    423  1.635259115021406E-003  5.491452382822700E+001
    348  1.608844138834326E-003  4.278252907839931E+001
    160  1.608710124618107E-003  3.140287364756382E+001
     33  1.598602647137888E-003  2.387502434282544E+001
    425  1.582809195260631E-003  5.512885982268182E+001
   1071  1.575538263415567E-003  1.353191143310252E+002
    161  1.573749697656240E-003  3.141544799468193E+001
    566  1.567831117191058E-003  1.060197199307676E+002
      2  1.555313687027739E-003  1.507477314615795E+001
     17  1.532693459600844E-003  2.091913438766164E+001
    918  1.509455061045286E-003  1.263810693695273E+002
     51  1.504177363177403E-003  2.527497960196780E+001
    183  1.476405142155019E-003  3.317747871488443E+001
    143  1.464885790333551E-003  3.021552765862468E+001
    485  1.434560195098760E-003  5.896971858223063E+001
    296  1.421941366188560E-003  3.847026909032138E+001
    510  1.402105500083238E-003  6.106496915014706E+001
    253  1.390606893584188E-003  3.690338042035397E+001
    297  1.361753735656122E-003  3.850412000814609E+001
    531  1.360441934897887E-003  6.280622541285696E+001
    282  1.352327127164061E-003  3.781601762519486E+001
     74  1.310508260725181E-003  2.706787664592100E+001
    212  1.298820686223294E-003  3.425448747044050E+001
    241  1.277725317382727E-003  3.573178726353736E+001
    202  1.276701349871713E-003  3.414693728338715E+001
    417  1.270236431581553E-003  5.432386496665636E+001
    472  1.262243502650831E-003  5.860732378330380E+001
     14  1.235238155947143E-003  2.047451167645159E+001
    119  1.233162392275108E-003  2.929038281335912E+001
    115  1.220032491750490E-003  2.908676806680809E+001
    221  1.212442890464211E-003  3.444064242877499E+001
   1024  1.191231942565622E-003  1.310472886139475E+002
    106  1.179139055574680E-003  2.873147041157064E+001
    158  1.170911747139613E-003  3.138637587596471E+001
     96  1.150780180100629E-003  2.807603105873968E+001
    112  1.149050887058937E-003  2.893182478938967E+001
    331  1.138338893831841E-003  4.033978069592825E+001
     70  1.129440730543244E-003  2.683332853591699E+001
    211  1.127880198213397E-003  3.422885497659050E+001
    109  1.093014390305832E-003  2.888359254004277E+001
    138  1.091453561375508E-003  2.998810658959070E+001
    131  1.088373558509437E-003  2.976719894627799E+001
    274  1.088011848529428E-003  3.771469066363962E+001
    433  1.084722347057162E-003  5.552394895078822E+001
    262  1.081099364387883E-003  3.754826259370084E+001
   1058  1.073394112238797E-003  1.334381531708862E+002
    517  1.068889908547610E-003  6.116283191518230E+001
    539  1.044473321189554E-003  1.004038214764926E+002
   1050  1.041336790750092E-003  1.326682006609648E+002
    246  1.029513941556986E-003  3.612200287477440E+001
    588  1.027874566402742E-003  1.072780161282308E+002
    329  1.025772464488601E-003  3.994917835777716E+001
     46  1.023065351931642E-003  2.508968851186969E+001
    407  1.012731626828547E-003  5.355040632372296E+001
   1001  1.009798099280301E-003  1.301907504163165E+002
    184  1.009290444571905E-003  3.328145954751520E+001
    419  9.826861279870506E-004  5.447434435004674E+001
     81  9.725570430391359E-004  2.737831616504717E+001
    442  9.435887508924616E-004  5.605259237502305E+001
    133  9.350733401803195E-004  2.980777525245198E+001
    140  9.290592151611910E-004  3.002380690834687E+001
    320  9.172912671124666E-004  3.958466091098631E+001
    487  9.137298843055178E-004  5.901096182276392E+001
    810  9.051468483687781E-004  1.168542717379606E+002
    156  8.926819568788412E-004  3.133959801814033E+001
    396  8.692209448148794E-004  5.292259014309509E+001
     44  8.629389054544234E-004  2.487547588775838E+001
     67  8.625610113248040E-004  2.663955326886673E+001
    196  8.559205357135126E-004  3.402217963204272E+001
    545  8.467626160919174E-004  1.038885725205099E+002
    527  8.445296981870018E-004  6.211137902133680E+001
   1039  8.400966055741677E-004  1.317789778316224E+002
    543  8.385283473930523E-004  1.026098663261161E+002
    477  8.335756079374595E-004  5.875439662154096E+001
    239  8.280230456576207E-004  3.564788119351169E+001
    233  8.113063359431823E-004  3.536858076063520E+001
     78  8.063971897008146E-004  2.724001953302053E+001
    826  8.043479394622196E-004  1.174535409692338E+002
    197  8.006790282575494E-004  3.407091137263039E+001
     43  7.977606574230532E-004  2.485090944939308E+001
    222  7.959824901311795E-004  3.444665555523785E+001
    113  7.944140315680426E-004  2.894608485543543E+001
    494  7.940474259765738E-004  5.959072402434833E+001
    989  7.928316588415167E-004  1.296856498562064E+002
    326  7.918982439882427E-004  3.980074663620405E+001
    453  7.871871056573950E-004  5.734859743017803E+001
    148  7.869817097046460E-004  3.055713011308698E+001
    446  7.811453540981290E-004  5.657515742254393E+001
    492  7.656407870447688E-004  5.919740097208313E+001
    970  7.628010189546179E-004  1.288440499253601E+002
    134  7.526727442055162E-004  2.989081555609098E+001
     34  7.516568057878474E-004  2.394870774261297E+001
     41  7.431123062198077E-004  2.434332602389209E+001
    854  7.393962529477168E-004  1.190938927222375E+002
    116  7.370036961676569E-004  2.910094471225916E+001
    101  7.360917692463844E-004  2.816121926613436E+001
    299  7.357257691723193E-004  3.861147003050849E+001
     22  7.223525858050895E-004  2.149928230079738E+001
    387  7.209632616461215E-004  4.845493173747810E+001
    204  7.103412663432004E-004  3.416741852472765E+001
    907  7.091538566558177E-004  1.254774984052440E+002
    279  7.075440287190601E-004  3.776291602598710E+001
    493  7.049213968600793E-004  5.956939432616837E+001
    325  6.986008005347755E-004  3.979678053884171E+001
    352  6.892415428918065E-004  4.345183818831803E+001
    557  6.871411783707027E-004  1.053298087456868E+002
    564  6.850653962719872E-004  1.059223740174141E+002
    153  6.757782784051548E-004  3.119128674334460E+001
    152  6.740671754185576E-004  3.107793476288124E+001
    358  6.711322579876074E-004  4.418411045040358E+001
    411  6.673914513549971E-004  5.390414096058870E+001
     82  6.610856590938597E-004  2.744742479332049E+001
    523  6.585547215619972E-004  6.195141091349550E+001
    873  6.565957231584677E-004  1.205400953636918E+002
      3  6.449968434633402E-004  1.530095081680193E+001
    295  6.370055367815488E-004  3.844649820311862E+001
    401  6.343854833142951E-004  5.310952948046032E+001
    357  6.318897611782212E-004  4.413715889769129E+001
     45  6.303690679545809E-004  2.505629895200580E+001
     62  6.299932481750189E-004  2.630569023157911E+001
     97  6.296713723954463E-004  2.809615145046481E+001
    306  6.262582799734929E-004  3.922583615449084E+001
    293  6.210041402967376E-004  3.840315559517953E+001
    281  6.180699710271925E-004  3.778222215271058E+001
    203  6.158296203159247E-004  3.415596231316062E+001
    218  6.141530019392866E-004  3.434087154455664E+001
    174  6.100897223291584E-004  3.277024257542895E+001
    972  5.990925425677714E-004  1.289491342298440E+002
     40  5.957595901157444E-004  2.429142631572386E+001
     21  5.943170081919764E-004  2.149552581175353E+001
    468  5.916862049151559E-004  5.850419738659161E+001
    247  5.903152319303286E-004  3.613855018049320E+001
   1045  5.837045169950743E-004  1.322246800166877E+002
    725  5.819838319839345E-004  1.122622575126908E+002
    973  5.786911321977341E-004  1.290303348922233E+002
    338  5.740992659202982E-004  4.143596746217444E+001
    223  5.699881953251005E-004  3.452101188794168E+001
    150  5.655436670993400E-004  3.095380367517388E+001
    210  5.649408311798213E-004  3.421873300884823E+001
    289  5.615588999255449E-004  3.832422991649202E+001
   1053  5.568201726996708E-004  1.331993000158318E+002
    897  5.513471524809896E-004  1.233154024205701E+002
    288  5.453525841652411E-004  3.825168870868715E+001
    270  5.442393613116432E-004  3.767493462479421E+001
   1038  5.426436245908009E-004  1.317153469634680E+002
    397  5.412904562167205E-004  5.292984574180642E+001
    272  5.383055295206827E-004  3.770876893490352E+001
    575  5.371213765830206E-004  1.067636975144964E+002
    151  5.317847596889166E-004  3.097448214004631E+001
      6  5.272729895681294E-004  1.593905863128156E+001
    405  5.246541219444272E-004  5.340951413863353E+001
    689  5.195050324721343E-004  1.108992280227757E+002
    560  5.181829404487892E-004  1.057397922085461E+002
    336  5.161699464032992E-004  4.106442919982931E+001
    926  5.120607890178547E-004  1.269935099435139E+002
     10  5.108266723614417E-004  1.630017574824609E+001
    182  5.098016965945292E-004  3.313118961536368E+001
    694  5.091689081211396E-004  1.110208923005156E+002
    168  5.045429764420712E-004  3.223239881301075E+001
    386  5.037961789876937E-004  4.778448827008048E+001
    777  4.989759187618507E-004  1.150636811545726E+002
    532  4.976504098261088E-004  6.299204701993657E+001
    135  4.954238040232046E-004  2.990996926970350E+001
    892  4.928124681321593E-004  1.223146913863671E+002
     50  4.871664420361794E-004  2.524792740229145E+001
    905  4.859511021253818E-004  1.252963463377060E+002
    449  4.841510121500644E-004  5.713782918039372E+001
    402  4.829608268129319E-004  5.323403324336612E+001
    237  4.691170885836093E-004  3.561350513334219E+001
    102  4.685050058183991E-004  2.838723287464182E+001
    847  4.634476586080851E-004  1.183795327778256E+002
    230  4.630248253973832E-004  3.507000892128892E+001
    377  4.629873135383277E-004  4.580996274485975E+001
     48  4.615660382846863E-004  2.521050943974308E+001
    877  4.556580739797192E-004  1.207635072396237E+002
    332  4.551805438536871E-004  4.036182328117159E+001
    928  4.532375187634435E-004  1.271758190169006E+002
    137  4.508254395346503E-004  2.996307755422044E+001
    379  4.496524328440404E-004  4.610002508350383E+001
    121  4.483003012688599E-004  2.937009161569695E+001
    592  4.475472728548792E-004  1.074010896433819E+002
     53  4.462708653660065E-004  2.532427500710937E+001
     30  4.422476530772698E-004  2.339033246897357E+001
    981  4.407120036370746E-004  1.292686845988868E+002
    149  4.296991361452007E-004  3.064428879965062E+001
    955  4.295380471816128E-004  1.283043098504922E+002
    548  4.289802370028639E-004  1.041098140943872E+002
    389  4.279886217840166E-004  4.924612888004685E+001
    346  4.269794746690466E-004  4.251353138364797E+001
    966  4.269305829508832E-004  1.287120665380274E+002
     54  4.232143963443201E-004  2.537118147105558E+001
    997  4.215826684119720E-004  1.300952728722026E+002
    516  4.151762113829451E-004  6.114879167768425E+001
     84  4.115191565730477E-004  2.748397341497807E+001
     42  4.087930670538381E-004  2.442065503900721E+001
    351  4.085858849494660E-004  4.290814690346715E+001
    309  4.059132760666896E-004  3.929268620446922E+001
    261  4.035936899552363E-004  3.751537038816641E+001
    302  4.016756571665384E-004  3.874867387838012E+001
   1034  3.901298679735137E-004  1.314975717016592E+002
    382  3.894681534763010E-004  4.661435463500721E+001
    381  3.867257773006096E-004  4.623753374880091E+001
    964  3.861767102674326E-004  1.284811881676410E+002
    341  3.824932725132235E-004  4.207899368185591E+001
    324  3.824502362024433E-004  3.965813849875591E+001
    572  3.820450317930289E-004  1.066354688575440E+002
    832  3.796432500314553E-004  1.176150872586579E+002
    248  3.785934468308594E-004  3.617742791171408E+001
    480  3.773915446942670E-004  5.887142017505539E+001
    540  3.613346332761802E-004  1.019596674086986E+002
    555  3.584096699837820E-004  1.049505825405343E+002
    563  3.579027086157157E-004  1.058622417292547E+002
   1013  3.573290373459132E-004  1.306191025791559E+002
     68  3.546741133406070E-004  2.665958995788216E+001
    992  3.500946633935662E-004  1.299169051159237E+002
    290  3.477356436949672E-004  3.834059039797889E+001
    359  3.464433616114784E-004  4.440820660542785E+001
    865  3.426177301656579E-004  1.195233182598442E+002
    254  3.405642274423205E-004  3.696870162494890E+001
    189  3.387316139462198E-004  3.348575581421191E+001
    663  3.378581900669283E-004  1.095408569103236E+002
    838  3.325230384124334E-004  1.178077045912047E+002
    611  3.315873396652448E-004  1.080609110523806E+002
    394  3.310776208368798E-004  5.275338077531283E+001
    258  3.279462366920439E-004  3.725675246841864E+001
    762  3.263474589845702E-004  1.134504722361933E+002
    188  3.236570011151243E-004  3.343297855491465E+001
    365  3.235314533485691E-004  4.540196146988517E+001
    451  3.227947846347203E-004  5.726939793781466E+001
    305  3.197137576861711E-004  3.919092577852600E+001
    986  3.195514407152375E-004  1.294778988001748E+002
    404  3.184186218882890E-004  5.332919471058649E+001
    214  3.183727649119948E-004  3.429158842681225E+001
     37  3.166800673744585E-004  2.413005277682491E+001
    669  3.126512273048361E-004  1.098991161820264E+002
    300  3.104398313343426E-004  3.871033423098082E+001
    808  3.100577360365088E-004  1.166438640424820E+002
    104  3.070474955280879E-004  2.863475114667724E+001
    304  3.052756485159222E-004  3.902642388250331E+001
   1057  3.040530109505604E-004  1.332882698940204E+002
     94  3.039240362731271E-004  2.803048707399637E+001
    698  3.035691083275208E-004  1.111543499618823E+002
    256  3.025599996839429E-004  3.708485200545782E+001
   1022  2.998142509265448E-004  1.309570316227355E+002
    317  2.997442260424721E-004  3.952108816795088E+001
    724  2.989652046693150E-004  1.122474317356576E+002
    868  2.964592532899179E-004  1.199994649602093E+002
    836  2.959569487285940E-004  1.177792466123822E+002
    432  2.938480420880887E-004  5.551253331854516E+001
    573  2.938477307426050E-004  1.066520968004064E+002
    741  2.914583252260452E-004  1.126383251241469E+002
    565  2.911403650604904E-004  1.059848591127986E+002
    167  2.885325194624237E-004  3.206734480721192E+001
    264  2.865452914558512E-004  3.760740200223662E+001
    195  2.850115902120241E-004  3.399004655216064E+001
    369  2.810784529717398E-004  4.556664797594529E+001
    259  2.807769752830162E-004  3.731129763636223E+001
    132  2.807428573266975E-004  2.978147182311027E+001
    333  2.803403465459956E-004  4.050570323460023E+001
    194  2.775049069459451E-004  3.388123191050668E+001
    855  2.747378153939182E-004  1.192335282432478E+002
   1052  2.743668425500281E-004  1.330891459743712E+002
    130  2.737252691968283E-004  2.969026097336859E+001
    771  2.733107201677685E-004  1.142541813627527E+002
   1072  2.721032308095410E-004  1.354275255218108E+002
    308  2.715226946477995E-004  3.924824416979163E+001
   1055  2.662030245734026E-004  1.332315483337306E+002
    793  2.652676812223220E-004  1.158943894419280E+002
    600  2.596484978041229E-004  1.078192567961393E+002
    866  2.582575817933976E-004  1.198737679274225E+002
    273  2.545350809173245E-004  3.771236202405859E+001
    283  2.516280534918078E-004  3.781664732037148E+001
    444  2.492245470195416E-004  5.640873014994138E+001
    314  2.485438387750398E-004  3.944402428691944E+001
    187  2.408198672472717E-004  3.338593491458187E+001
    917  2.396010544261492E-004  1.262583151256411E+002
    176  2.390940849083798E-004  3.283702642513862E+001
    321  2.379689036660599E-004  3.959878738143280E+001
    125  2.377924383984273E-004  2.955205187993630E+001
    497  2.372947031720882E-004  5.984833423050026E+001
    673  2.365411961323315E-004  1.101090602242966E+002
     89  2.339551278573744E-004  2.787565477396676E+001
    489  2.339248285540670E-004  5.906665573291085E+001
    976  2.310504634972542E-004  1.291265023483052E+002
    585  2.298244858997390E-004  1.071721890576240E+002
    631  2.293761136892641E-004  1.086593678715634E+002
    217  2.285564824423487E-004  3.432077633458158E+001
    422  2.275912710495957E-004  5.478392604221921E+001
    778  2.252926378907209E-004  1.153062331743218E+002
    745  2.248462927007475E-004  1.127541380335163E+002
    542  2.244574073241443E-004  1.021380905135569E+002
     26  2.235986709938012E-004  2.275577786050195E+001
   1070  2.190751249825868E-004  1.350535885837313E+002
    123  2.188822188882358E-004  2.945706723223188E+001
     28  2.183538796756767E-004  2.303576073275412E+001
    244  2.178016290191337E-004  3.582009297825139E+001
    276  2.173629960749010E-004  3.774173651101562E+001
    502  2.167955640029931E-004  6.033057478557798E+001
    979  2.162231691921841E-004  1.292073280791942E+002
    334  2.156658992463542E-004  4.055961280242965E+001
    962  2.152073349630695E-004  1.284190833846668E+002
    249  2.140765418533439E-004  3.643158917315001E+001
    234  2.127363741490077E-004  3.541632958107625E+001
    236  2.111250579263822E-004  3.558504171265294E+001
    166  2.078481912051234E-004  3.197534022905977E+001
   1032  2.073556219502959E-004  1.314270448258869E+002
    824  2.051546441603848E-004  1.173851057796732E+002
    361  2.043013562302261E-004  4.509188248244521E+001
    757  2.038182841208244E-004  1.131455979007981E+002
    748  2.025642237708564E-004  1.128453459062848E+002
    307  2.022309558585606E-004  3.924418415703018E+001
    245  2.019811204596230E-004  3.584895809931362E+001
   1021  2.005625158718530E-004  1.308784400027895E+002
    561  2.001846561450305E-004  1.057823475786052E+002
    242  1.962472430551981E-004  3.575330164903793E+001
    712  1.953900195791297E-004  1.118479116964762E+002
    275  1.949595784255172E-004  3.771871208633355E+001
    860  1.949038595356281E-004  1.193608179742887E+002
    571  1.948368282804302E-004  1.065760725477823E+002
    191  1.937020476946152E-004  3.372798248811258E+001
    420  1.931052214123127E-004  5.464265012038360E+001
    380  1.916480248469111E-004  4.621788456267294E+001
    144  1.899233842253773E-004  3.023024488043693E+001
    409  1.898477766421582E-004  5.377950655266745E+001
    271  1.889023633138086E-004  3.769377629908810E+001
    427  1.878329299016714E-004  5.530625255614972E+001
    173  1.857768549293820E-004  3.267731285541730E+001
     13  1.827050261572743E-004  2.038781372204352E+001
    530  1.816100358641089E-004  6.265828803408258E+001
    623  1.815727662484218E-004  1.084311616311891E+002
    383  1.807806698509258E-004  4.665506804468283E+001
    486  1.785316089019228E-004  5.898078655703418E+001
    597  1.783617262651605E-004  1.076362394255561E+002
    593  1.777720283436514E-004  1.074633420950339E+002
    658  1.774154415386597E-004  1.092752908733605E+002
    578  1.759344070312574E-004  1.068696587706935E+002
    686  1.742374756748668E-004  1.108321598991433E+002
    287  1.720143536683301E-004  3.806334999222836E+001
     93  1.706326827039733E-004  2.801831476528660E+001
    911  1.706109035419599E-004  1.258968376271585E+002
    193  1.702037730645302E-004  3.387383688791338E+001
    659  1.701551453502353E-004  1.093169473413985E+002
    528  1.695234547578922E-004  6.211763689923020E+001
    681  1.677852994540541E-004  1.107150530846271E+002
    521  1.669656831043322E-004  6.120499406654021E+001
     99  1.663522405208962E-004  2.813215700322161E+001
    201  1.652264669314749E-004  3.413905621996786E+001
     83  1.650165215850107E-004  2.745200449399356E+001
    323  1.638491939257922E-004  3.963162035223775E+001
   1011  1.631850765642248E-004  1.305590563134582E+002
    327  1.613912381196937E-004  3.980649710729982E+001
    511  1.610050902515219E-004  6.108291035790679E+001
    215  1.593817053998130E-004  3.430912489816387E+001
    431  1.591780732771408E-004  5.545822575490884E+001
     61  1.584090258383290E-004  2.623624111749398E+001
    503  1.583140706490610E-004  6.062899617907863E+001
    708  1.578991095454121E-004  1.116659378913442E+002
    418  1.574533200047855E-004  5.440760214654593E+001
    171  1.558359013580184E-004  3.251692712246987E+001
    825  1.558304547081884E-004  1.174155068731360E+002
    316  1.557541071098557E-004  3.947722492082590E+001
    944  1.521643455917156E-004  1.278264506290159E+002
    145  1.510145546920182E-004  3.035386176419680E+001
    257  1.504577385143953E-004  3.716053985696894E+001
     32  1.493212784633582E-004  2.386019687247388E+001
    582  1.491369485539074E-004  1.069886979669129E+002
    147  1.468408810374968E-004  3.045498909450352E+001
    886  1.460430261221091E-004  1.214498350996194E+002
    339  1.454145241345019E-004  4.199721405536648E+001
     16  1.439534239482777E-004  2.083990463296455E+001
    558  1.413223732313389E-004  1.054235904423783E+002
    650  1.412632322675216E-004  1.090061273622073E+002
    605  1.397753514226513E-004  1.079476682950407E+002
    577  1.394197348505323E-004  1.068269012623950E+002
    584  1.388475150721186E-004  1.071415131646536E+002
   1041  1.386417540977049E-004  1.318604688563310E+002
    851  1.386323121954383E-004  1.189105890777936E+002
     59  1.359030953332303E-004  2.608228483109795E+001
    680  1.353175030678772E-004  1.106808485277705E+002
    983  1.350530880638081E-004  1.293699640118089E+002
    816  1.326885276283610E-004  1.170854692244173E+002
    344  1.316564122381267E-004  4.229281490750487E+001
    126  1.312835020065464E-004  2.957864372821811E+001
    604  1.308614363560534E-004  1.078901483894559E+002
    636  1.298438932266299E-004  1.087412284437008E+002
    719  1.292329879797353E-004  1.120361196403708E+002
    337  1.275583070625704E-004  4.125439580477820E+001
    399  1.275292867379913E-004  5.300117686152819E+001
    515  1.271761357382813E-004  6.113166482037749E+001
    367  1.251920014536583E-004  4.546665367422378E+001
    410  1.238000039961020E-004  5.380004782230375E+001
    896  1.228373493587620E-004  1.231967026860033E+002
   1000  1.225652407848583E-004  1.301375093272533E+002
    335  1.209845558873105E-004  4.064698242871874E+001
    594  1.193521673306469E-004  1.075267994995216E+002
    768  1.165913609794571E-004  1.140511281344195E+002
    103  1.145292836864503E-004  2.854698030319213E+001
    343  1.133902829891810E-004  4.223776350771931E+001
    831  1.132117377881270E-004  1.175849164822640E+002
    924  1.128376212988702E-004  1.267645350898773E+002
     63  1.115338307712201E-004  2.633691355837915E+001
    727  1.109207520841373E-004  1.123838421661365E+002
     19  1.102698321040931E-004  2.137958735177528E+001
    817  1.099793181806350E-004  1.171745914510001E+002
    746  1.079964166998673E-004  1.128150956859242E+002
    894  1.074639741095217E-004  1.226855190700912E+002
    436  1.073194210413258E-004  5.562240782737462E+001
    107  1.070371713456220E-004  2.880093649968087E+001
   1029  1.064634183401562E-004  1.312589073638632E+002
    238  1.062222049295997E-004  3.562010162214489E+001
    322  1.054023393437067E-004  3.962934885257222E+001
    170  1.048072891217765E-004  3.240864442722207E+001
    822  1.044925886250537E-004  1.173379890193997E+002
   1006  1.038037525506443E-004  1.303473844140781E+002
    495  1.037918994397925E-004  5.971063876484735E+001
     15  1.034136937131480E-004  2.077312965636918E+001
    481  1.019005000772620E-004  5.889564718758225E+001
    765  1.009714897176053E-004  1.138034732037320E+002
   1008  1.002445866200718E-004  1.304054287055121E+002
   1020  1.001125116320065E-004  1.308300137670077E+002
    616  9.910476440514056E-005  1.081902144651443E+002
    674  9.768060275121164E-005  1.101627157855635E+002
    260  9.752581282146783E-005  3.745846822965304E+001
    448  9.548336655974951E-005  5.707216855561523E+001
    899  9.506636783601654E-005  1.237750393258326E+002
   1076  9.297317507000232E-005  1.858411948136732E+002
    607  9.285852248566256E-005  1.079782277499060E+002
    645  9.165574219379274E-005  1.088758352374567E+002
   1062  9.094179376221555E-005  1.338537297016246E+002
    376  9.066241592778144E-005  4.578482274843697E+001
    875  9.054509082911229E-005  1.206504418490652E+002
    952  9.042196052507156E-005  1.282170243378332E+002
    491  9.031706199823029E-005  5.916484178919298E+001
    529  9.026728969870632E-005  6.213305424318654E+001
    216  9.006331669737737E-005  3.431915233475488E+001
    947  8.972316206142745E-005  1.280025795512814E+002
    157  8.936306800492711E-005  3.136040875348826E+001
    190  8.843446417646135E-005  3.352213579831744E+001
    162  8.816978544689036E-005  3.142013005221356E+001
    672  8.804365915849569E-005  1.100523893058521E+002
    624  8.679187501578195E-005  1.084534043855216E+002
    440  8.666655697935253E-005  5.589934491235444E+001
    654  8.624659663470166E-005  1.091774321289355E+002
    567  8.550119745012417E-005  1.061175767374582E+002
    340  8.524663145336058E-005  4.203744443197692E+001
    671  8.459527440415468E-005  1.100461630260976E+002
    243  8.373361078624511E-005  3.580427376176280E+001
   1042  8.366169793294654E-005  1.319938555239870E+002
    721  8.311652463029768E-005  1.121902054803930E+002
    500  8.295510930176555E-005  6.016266526055261E+001
    587  8.264912711821247E-005  1.072564562863978E+002
    313  8.206519023216778E-005  3.941220320488696E+001
     25  8.149953268357818E-005  2.268285797328677E+001
     75  7.939006724250414E-005  2.717284531466260E+001
    120  7.901497098449119E-005  2.935022978395871E+001
    583  7.894357576674305E-005  1.070323413352247E+002
    538  7.893343201944856E-005  8.801939400846273E+001
    175  7.878135750167094E-005  3.282740528695558E+001
    937  7.861310592803331E-005  1.275975168353670E+002
    796  7.855203444467919E-005  1.160406419035091E+002
    643  7.806153410568683E-005  1.088529165631816E+002
    180  7.686327606199497E-005  3.306959511625761E+001
    610  7.607453568931480E-005  1.080548791140610E+002
    525  7.599754374535966E-005  6.201689187624501E+001
     72  7.569875150693167E-005  2.695844835194747E+001
    471  7.567869506509420E-005  5.859921299406331E+001
    470  7.553416590527912E-005  5.858950887133865E+001
    945  7.548671135362140E-005  1.278945431870569E+002
    484  7.511783677101792E-005  5.894622531819898E+001
    280  7.465879411816667E-005  3.777070006257392E+001
    498  7.433403780174525E-005  6.006055704270973E+001
    988  7.387328691067494E-005  1.295230022337254E+002
    919  7.378821121969692E-005  1.264669767465423E+002
    240  7.330193279180880E-005  3.568815433410965E+001
    803  7.284142917441022E-005  1.163959410830473E+002
    596  7.277456065825937E-005  1.076305596761092E+002
    863  7.253560695482385E-005  1.194780899982511E+002
    553  7.101102617334672E-005  1.045844149005738E+002
    589  7.058926228471327E-005  1.073243551551986E+002
   1031  6.995443668198047E-005  1.313824495210718E+002
    441  6.934172926607362E-005  5.602297434426368E+001
    579  6.931015322257433E-005  1.068810185812333E+002
    349  6.851578039207678E-005  4.279212686889406E+001
    483  6.752907685575419E-005  5.892865432514233E+001
     12  6.741459035397401E-005  1.791855268392995E+001
    844  6.731747576272194E-005  1.182236522024691E+002
    622  6.730315119901353E-005  1.084041586407917E+002
   1016  6.658939311487622E-005  1.306784011483153E+002
   1061  6.643401299599153E-005  1.338239896777959E+002
     88  6.538692043203735E-005  2.776495450944637E+001
   1046  6.518527913452033E-005  1.322741703884410E+002
    641  6.403191920504359E-005  1.088136450829588E+002
    580  6.384362506582925E-005  1.069063882425304E+002
    713  6.309401112858878E-005  1.118750446375970E+002
    128  6.303896433433712E-005  2.964876822252022E+001
     92  6.276202839429154E-005  2.796966533379813E+001
    154  6.263481604926731E-005  3.128025029310897E+001
    463  6.237763719902936E-005  5.840368106338346E+001
    219  6.212234990209887E-005  3.435584966495736E+001
    943  6.161782424606462E-005  1.278255860865938E+002
    656  6.153823280010269E-005  1.092383325553483E+002
    395  6.152638956379276E-005  5.279005865968511E+001
    940  6.090044167547785E-005  1.277053477702196E+002
    370  6.074050920525196E-005  4.562254251008403E+001
    319  6.069574359107886E-005  3.955367029075058E+001
    350  6.069049423866324E-005  4.287084402122760E+001
    574  5.934370414200258E-005  1.067089856517616E+002
    366  5.890339995404319E-005  4.541480133184800E+001
    602  5.878831831999667E-005  1.078335831208874E+002
    829  5.863285463395389E-005  1.175434491795728E+002
     49  5.839239234738726E-005  2.521926711432687E+001
    220  5.807027105892555E-005  3.440936379612124E+001
    595  5.787731297369678E-005  1.075727311228692E+002
    277  5.740182612689151E-005  3.774405278528796E+001
    476  5.733283641982688E-005  5.874284760292872E+001
    231  5.731888910352240E-005  3.529195130720404E+001
    122  5.665003622527684E-005  2.942821875092930E+001
    569  5.631094841469728E-005  1.064024371239422E+002
    534  5.605013797764109E-005  6.352992396574133E+001
    682  5.537028179844151E-005  1.107795174367904E+002
    842  5.403097698194075E-005  1.180365480395604E+002
   1033  5.340245581270677E-005  1.314921549657209E+002
   1009  5.334529158661394E-005  1.304609142394732E+002
    695  5.325890909474296E-005  1.110404578737834E+002
    464  5.311578546048252E-005  5.841767339850505E+001
    435  5.311254083192067E-005  5.559833163642786E+001
    676  5.258777755712234E-005  1.102968009656115E+002
    374  5.247413585427025E-005  4.576894168844035E+001
    469  5.205850784619022E-005  5.857260373695996E+001
    678  5.077395309045369E-005  1.105298402911861E+002
    269  5.043972891683243E-005  3.766609016559832E+001
    513  5.000968782681515E-005  6.111701004965728E+001
    755  4.996610363860559E-005  1.130537195644052E+002
    465  4.994893080786429E-005  5.845233409136720E+001
    354  4.804444813935413E-005  4.358717802496741E+001
    871  4.768174058741387E-005  1.204638135739833E+002
    687  4.679154349926466E-005  1.108477970364615E+002
    213  4.678509335072420E-005  3.426923698719692E+001
    958  4.672850140668599E-005  1.283326337970340E+002
   1026  4.568046973483867E-005  1.310988308446859E+002
    684  4.551526714839464E-005  1.108055531440044E+002
    179  4.498840867014056E-005  3.301071504933698E+001
    355  4.418149350627410E-005  4.365668409738398E+001
    475  4.322315841081089E-005  5.870955367754343E+001
    429  4.303922483241055E-005  5.542704693693687E+001
    800  4.282556558486442E-005  1.161811067685375E+002
    843  4.281811017590739E-005  1.181049125326048E+002
    181  4.270558479797687E-005  3.309588236011395E+001
    780  4.262500119534654E-005  1.153482258688003E+002
   1068  4.242482305352646E-005  1.342139437973118E+002
    666  4.233723626844188E-005  1.096961217429448E+002
    670  4.222347396623251E-005  1.099218253642219E+002
    208  4.197506066255893E-005  3.420400517096608E+001
   1064  4.168969303929893E-005  1.339182935247794E+002
     98  4.129084566511911E-005  2.810036398063808E+001
    155  4.095467343723260E-005  3.129077640287002E+001
    675  3.961723100424478E-005  1.101932688761904E+002
    608  3.884254727203427E-005  1.080310773431174E+002
    225  3.845027247231000E-005  3.458265676939745E+001
    633  3.822350966584110E-005  1.086770367044967E+002
    760  3.819847623426952E-005  1.133648679091437E+002
    910  3.812987184405952E-005  1.258349422363612E+002
    737  3.733393124468178E-005  1.125716601108342E+002
    785  3.679508197197033E-005  1.156515149006221E+002
    772  3.678086443093652E-005  1.144444014986270E+002
    576  3.615424935167380E-005  1.068188420241767E+002
    328  3.607672879431536E-005  3.982877398686839E+001
    284  3.597549533005489E-005  3.794002386601017E+001
    903  3.490855092185696E-005  1.249295857950171E+002
   1063  3.418770006428360E-005  1.338610239777397E+002
    455  3.365203957618288E-005  5.757818593173593E+001
    414  3.344793619927648E-005  5.408443269732371E+001
    634  3.342508844756436E-005  1.087110579745548E+002
    373  3.315983365218041E-005  4.573517441489172E+001
    127  3.264999777436304E-005  2.958197907168710E+001
    960  3.263272358787982E-005  1.283710541965592E+002
    364  3.245012672205136E-005  4.528995878587361E+001
    509  3.231091290069282E-005  6.104665142125116E+001
    447  3.215052769872557E-005  5.692641404400948E+001
    601  3.189874340482993E-005  1.078222216339937E+002
    461  3.159264608394363E-005  5.832169084274378E+001
    235  3.087566144231012E-005  3.553329683850696E+001
    967  3.071176460091349E-005  1.287730879251822E+002
    709  3.059488384691921E-005  1.116986555393093E+002
    227  3.030685210515009E-005  3.461221107986133E+001
    929  2.975050166207301E-005  1.272324166790593E+002
    927  2.974341138732208E-005  1.271118445081471E+002
    870  2.949463167527055E-005  1.203621491035894E+002
    930  2.934268089891149E-005  1.272550109882912E+002
   1065  2.930817992522604E-005  1.340986810838602E+002
    526  2.880757553564649E-005  6.205614154690332E+001
    922  2.869824786538552E-005  1.267277337836395E+002
    963  2.846128484015763E-005  1.284456810480366E+002
    884  2.833993707784302E-005  1.212913619330936E+002
   1040  2.828948761246828E-005  1.318325334098182E+002
    783  2.803073933346498E-005  1.155776779712016E+002
    858  2.798249042291674E-005  1.193043137223610E+002
    848  2.796387314051784E-005  1.185512117490796E+002
    790  2.773410481581148E-005  1.158127479939932E+002
    883  2.725985545067332E-005  1.212822283474710E+002
    312  2.712964746551162E-005  3.940338989709551E+001
    923  2.647119389481814E-005  1.267345977181097E+002
    702  2.628322342279261E-005  1.112791472783473E+002
    613  2.618349057197772E-005  1.081325074305931E+002
    827  2.605059575736718E-005  1.174913134466901E+002
    408  2.601715314773005E-005  5.368647704938994E+001
    787  2.592206141558810E-005  1.157066821730262E+002
    665  2.565763156361459E-005  1.096195054263975E+002
    879  2.489620678822160E-005  1.208628531744268E+002
    424  2.477736176739338E-005  5.504400290817051E+001
    342  2.445085678134418E-005  4.219280462450153E+001
    845  2.420634207579166E-005  1.182722434309271E+002
    744  2.364477863604106E-005  1.127340165661099E+002
    224  2.360134319203760E-005  3.456258153743839E+001
    286  2.347978672968296E-005  3.806107114689090E+001
    473  2.342992760246319E-005  5.864875851961727E+001
    679  2.315485685667804E-005  1.106299731616480E+002
    887  2.276223753617041E-005  1.215278324822884E+002
    368  2.248225939952660E-005  4.552075151204606E+001
     29  2.219592178335409E-005  2.304600720746813E+001
    200  2.196162108395292E-005  3.413076352937113E+001
    353  2.193603130889568E-005  4.354452657935016E+001
   1004  2.175752870955817E-005  1.302828791464404E+002
    599  2.172397397703750E-005  1.077354408464688E+002
   1027  2.132152932620745E-005  1.311414239553258E+002
    625  2.125998063182276E-005  1.084878781680722E+002
    700  2.120040282888022E-005  1.112187707043413E+002
     76  2.106317556137137E-005  2.719040433196805E+001
    769  2.085865147850221E-005  1.141494817506874E+002
    781  2.071648154699549E-005  1.155015502370288E+002
    640  2.071115582527858E-005  1.088027953187827E+002
    815  2.052926599643620E-005  1.170844697210597E+002
    880  2.046737453535387E-005  1.209811659012211E+002
     87  2.038967433842815E-005  2.773505635732142E+001
   1028  2.008963563605115E-005  1.312419762585663E+002
    292  1.991745338556940E-005  3.837765227419467E+001
    804  1.975958943072146E-005  1.164307012054320E+002
   1014  1.973952813289679E-005  1.306579532637773E+002
    710  1.964265465020438E-005  1.117114283703663E+002
    915  1.958502239435991E-005  1.261627872997085E+002
    657  1.948712665991057E-005  1.092680437977900E+002
    185  1.929474322074319E-005  3.329017879350934E+001
    661  1.924416901268140E-005  1.094040232551639E+002
    668  1.904360529300930E-005  1.098358517134249E+002
    975  1.894637567357199E-005  1.290479361570385E+002
    430  1.875375204216271E-005  5.544226538226409E+001
    562  1.874333185672420E-005  1.058125905236654E+002
    639  1.850083678553727E-005  1.087924757147032E+002
     56  1.842805165101461E-005  2.577494999028338E+001
    619  1.838583783827457E-005  1.083262496248409E+002
    615  1.829630046631011E-005  1.081646255451844E+002
    791  1.828819770659819E-005  1.158399885308925E+002
    660  1.826895957331872E-005  1.093929129115852E+002
    982  1.783662487621343E-005  1.293230544301462E+002
    362  1.780560548772581E-005  4.520209191521082E+001
    802  1.780142538904609E-005  1.163074247182627E+002
    266  1.778993626566022E-005  3.763404507858488E+001
    782  1.743371940689037E-005  1.155663554633046E+002
    794  1.734716281942657E-005  1.159299755047292E+002
     60  1.670676888853135E-005  2.612817271153773E+001
    590  1.660461761309194E-005  1.073381491314167E+002
   1043  1.658555612246100E-005  1.320181582363304E+002
    205  1.645705387660054E-005  3.418138862993963E+001
    621  1.642303073808335E-005  1.083828600305560E+002
    667  1.638467952367868E-005  1.098231148083649E+002
    978  1.632630029676703E-005  1.291764873003617E+002
    807  1.630265483342817E-005  1.166040027024774E+002
    251  1.618055117171194E-005  3.670193646720268E+001
    950  1.591380991387062E-005  1.281356928004739E+002
    642  1.585945669257909E-005  1.088349318990273E+002
    685  1.576330170149143E-005  1.108208915724099E+002
    391  1.570704148634410E-005  4.935295074539214E+001
    520  1.559063662433537E-005  6.117519869664547E+001
    738  1.556121135950125E-005  1.126248828969786E+002
    699  1.552439361746443E-005  1.111753891148923E+002
    770  1.546068814842693E-005  1.141655133118217E+002
    707  1.528259091428722E-005  1.116484954290111E+002
    846  1.527909669830603E-005  1.183733977129572E+002
    648  1.521874434841158E-005  1.089328290594756E+002
     35  1.514945691593775E-005  2.406163852032448E+001
    852  1.512447622867248E-005  1.189308904937423E+002
    938  1.502497327412194E-005  1.276246332177813E+002
    263  1.500600545104720E-005  3.756851288337069E+001
    630  1.500072082488861E-005  1.086464564510315E+002
    949  1.496170039142039E-005  1.280833568476082E+002
    609  1.485080890206679E-005  1.080529774194348E+002
    506  1.455420775079308E-005  6.092479484159845E+001
    849  1.443594301703208E-005  1.186556798515274E+002
    994  1.425872703462324E-005  1.299886393654431E+002
    977  1.420273670673533E-005  1.291448023039548E+002
    792  1.414462373031368E-005  1.158579110744502E+002
    812  1.404501122182877E-005  1.169499526914024E+002
    809  1.386284439073338E-005  1.168273457040169E+002
    714  1.382832654586726E-005  1.118865310298163E+002
    627  1.373408103682163E-005  1.085359599099982E+002
    505  1.372657482084434E-005  6.089365906344585E+001
    457  1.371369539046079E-005  5.770039153165104E+001
   1002  1.361741080026031E-005  1.301955720736593E+002
    799  1.351740735971390E-005  1.161655148393659E+002
   1054  1.325704431479991E-005  1.332101619260334E+002
     77  1.304864211188173E-005  2.720977418778346E+001
    862  1.294401342613371E-005  1.194326389788892E+002
    315  1.286527378326902E-005  3.946262277995078E+001
    371  1.279327446600967E-005  4.567834615857563E+001
    413  1.264417065693081E-005  5.407796767412047E+001
    774  1.257801838570613E-005  1.147299018357027E+002
    617  1.256321353979082E-005  1.082069188907082E+002
    837  1.253789407630806E-005  1.177814246314451E+002
    722  1.253596697255125E-005  1.121989232781130E+002
   1005  1.253362224839856E-005  1.302961950162389E+002
    556  1.243335002319811E-005  1.053074591696642E+002
    893  1.238355166998362E-005  1.225899968537864E+002
     55  1.233212908195450E-005  2.564739582447731E+001
    226  1.230363575499289E-005  3.460914941435140E+001
    985  1.229444948545185E-005  1.294454523269476E+002
    739  1.223165415493619E-005  1.126267264275300E+002
    250  1.217320022597621E-005  3.645071914574685E+001
    651  1.201649632416485E-005  1.090123807306586E+002
    570  1.200899279598640E-005  1.064458450110351E+002
    603  1.200051848609655E-005  1.078480909052838E+002
    677  1.174357200625750E-005  1.104103779431708E+002
    696  1.173938822564073E-005  1.111110130672436E+002
    948  1.153428643056884E-005  1.280530341997139E+002
    786  1.145197755528719E-005  1.156679892855772E+002
    252  1.141391551592646E-005  3.681481496629917E+001
    664  1.138638103497769E-005  1.095868237421283E+002
    909  1.109168981648568E-005  1.256671150468244E+002
    859  1.102072494080352E-005  1.193117826572047E+002
    172  1.101426397853833E-005  3.254695536480502E+001
    732  1.088113806231593E-005  1.124809932511083E+002
    995  1.085761859079925E-005  1.300556822463785E+002
    830  1.085205187753325E-005  1.175448785112390E+002
    591  1.083862680045911E-005  1.073970459895217E+002
    228  1.079882310995526E-005  3.465329128304563E+001
    984  1.051427625954214E-005  1.293776492189174E+002
    614  1.037596641362366E-005  1.081499604581023E+002
    951  1.036608236217190E-005  1.282127111215003E+002
    990  1.013043061710830E-005  1.297249883032466E+002
    933  9.980493876592404E-006  1.272967505112425E+002
    345  9.961949895700942E-006  4.248475366295001E+001
    697  9.918717135639513E-006  1.111168086390436E+002
    209  9.847908094468507E-006  3.420776675567321E+001
    662  9.636362392758984E-006  1.094304874643061E+002
    764  9.464278683669487E-006  1.137269990775531E+002
    901  9.462263603188978E-006  1.246352700151236E+002
    758  9.403660892549216E-006  1.131945788764974E+002
    649  9.162177021944346E-006  1.089557122086210E+002
    936  9.123356787783527E-006  1.275963114471066E+002
   1035  8.948769973150351E-006  1.315022364948826E+002
    763  8.830963911762586E-006  1.136578287383470E+002
    267  8.830811514275851E-006  3.763942844703926E+001
   1036  8.782088671504242E-006  1.315563975924429E+002
    462  8.775086047509146E-006  5.834568949164402E+001
    415  8.696943675260428E-006  5.409773008136273E+001
    412  8.596946391294444E-006  5.399327798218789E+001
    715  8.514491585326062E-006  1.119122168057061E+002
   1067  8.366578671280636E-006  1.341872351276505E+002
    141  8.257378548759012E-006  3.005205957969120E+001
    164  8.211826761142899E-006  3.156123118588701E+001
     73  7.976758927595357E-006  2.704395448663374E+001
    626  7.697331018995583E-006  1.085197354965440E+002
    761  7.581451593669714E-006  1.134019555363662E+002
    285  7.569430756817853E-006  3.794670187788559E+001
    767  7.520265690825199E-006  1.139787538815297E+002
   1010  7.345844497297686E-006  1.305150376372933E+002
    632  7.325773716415937E-006  1.086732063917954E+002
    586  7.280389618478558E-006  1.072414988471015E+002
    795  7.175202866874759E-006  1.159446042090269E+002
    953  7.155245963485987E-006  1.282835790234384E+002
    784  7.082992467274216E-006  1.156115101864969E+002
    706  7.080096656862729E-006  1.115644797142602E+002
    913  7.045360543626268E-006  1.260963173315474E+002
    559  6.996392267373011E-006  1.054467335457494E+002
    711  6.992851188957862E-006  1.117833092223069E+002
    957  6.989738908951439E-006  1.283224605383935E+002
    490  6.987504359739316E-006  5.909746584665749E+001
    908  6.886124457343270E-006  1.256350992978881E+002
    766  6.845317675235137E-006  1.138313497862233E+002
    916  6.686406650270072E-006  1.261858055404796E+002
   1025  6.683997278665302E-006  1.310823101564250E+002
    931  6.482375879544985E-006  1.272754104030811E+002
    920  6.451105624928814E-006  1.265729199247587E+002
    474  6.417803402966632E-006  5.866520048333617E+001
    129  6.406721010007753E-006  2.967722940199728E+001
    688  6.358930389893307E-006  1.108652117541332E+002
    828  6.317304489627192E-006  1.175132070682912E+002
    655  6.294216871159576E-006  1.092114390318620E+002
    552  6.257801106313632E-006  1.045004516183760E+002
    731  6.223229697970392E-006  1.124795031346507E+002
    942  6.060333785478857E-006  1.277896527703618E+002
    705  6.018603036760418E-006  1.114879185885843E+002
    522  6.000386103564373E-006  6.189501394570030E+001
   1017  5.976765728870160E-006  1.307020085696559E+002
    756  5.924445669298303E-006  1.131019348749128E+002
    898  5.902288105139295E-006  1.236287338505038E+002
    956  5.879595142996086E-006  1.283075816024711E+002
    703  5.857074596840614E-006  1.113359924967504E+002
    735  5.824059041433244E-006  1.125422257639707E+002
   1056  5.707245133919234E-006  1.332822863268028E+002
    728  5.688509727229230E-006  1.123911467240560E+002
    998  5.683851168812752E-006  1.301241144683907E+002
    507  5.603834606068582E-006  6.098134465730102E+001
    550  5.473618256095003E-006  1.044255141670578E+002
    818  5.381461209224117E-006  1.172202887178189E+002
    508  5.365993725324896E-006  6.101348113010317E+001
    375  5.346815313675672E-006  4.577921754207221E+001
    360  5.271615366000848E-006  4.501412031898634E+001
    980  5.131821188616342E-006  1.292322903638887E+002
    428  5.098094628833192E-006  5.539697768550786E+001
    533  5.002509030985083E-006  6.344214913117692E+001
    805  5.000660908660638E-006  1.165442309434909E+002
    606  4.948827932912909E-006  1.079754075340127E+002
    635  4.858182917588109E-006  1.087402789130293E+002
    311  4.793736007142857E-006  3.939193935233331E+001
    318  4.790076888282258E-006  3.952690512520030E+001
    853  4.758455121601023E-006  1.189950762444425E+002
    867  4.628957072045376E-006  1.199420338065019E+002
    750  4.600880043078901E-006  1.128980084302201E+002
    856  4.540692400413372E-006  1.192407591408727E+002
    939  4.537335989060142E-006  1.276788938661296E+002
    882  4.505384881593084E-006  1.212606419968792E+002
    835  4.485542485214136E-006  1.176766134664512E+002
    716  4.415436566713540E-006  1.119313653155845E+002
    941  4.382924784877361E-006  1.277239710636116E+002
    146  4.334696907285690E-006  3.038455959742199E+001
    186  4.283266071824183E-006  3.335079910483972E+001
    900  4.275362129027926E-006  1.240255399934555E+002
    876  4.264249332959242E-006  1.207338716680959E+002
    888  4.221516923087603E-006  1.215384892766490E+002
    921  4.218836512481064E-006  1.266347372507485E+002
    987  4.170675024482476E-006  1.295218650079724E+002
    496  4.167716232082594E-006  5.977778544840232E+001
    198  3.967152041507770E-006  3.410095577154824E+001
    925  3.869294266934618E-006  1.268943605090481E+002
    733  3.822344987198323E-006  1.125211996768446E+002
   1012  3.793251812976091E-006  1.305860585800326E+002
    726  3.786455499154374E-006  1.123280306605216E+002
    691  3.785840656058043E-006  1.109942746792360E+002
    653  3.763585382125407E-006  1.090926521840726E+002
    878  3.760453142113345E-006  1.208553192243232E+002
   1023  3.753652120641184E-006  1.309907545973144E+002
    779  3.649318497541750E-006  1.153237642854880E+002
    730  3.632204666951194E-006  1.124678820560711E+002
    265  3.605279511944323E-006  3.762418150997995E+001
    935  3.485071116410151E-006  1.274477748704804E+002
    644  3.438530069030004E-006  1.088699046594824E+002
    729  3.423780983137169E-006  1.124070412533170E+002
     47  3.273834722822637E-006  2.514695584094496E+001
    839  3.245152369168329E-006  1.178451551754228E+002
    169  3.198330008850886E-006  3.225245008090104E+001
    811  3.048576628989831E-006  1.169131613251637E+002
    478  3.005100089989825E-006  5.880478287498814E+001
    788  2.974348269592080E-006  1.157595566872355E+002
    717  2.940310544894097E-006  1.119901298340990E+002
    612  2.919784094934929E-006  1.080838271474082E+002
    568  2.843719795742998E-006  1.063884322375297E+002
    857  2.816655995668888E-006  1.192977858717030E+002
    638  2.612360366625664E-006  1.087773663504995E+002
    971  2.535346308089494E-006  1.289111652451389E+002
    124  2.449800414321021E-006  2.953039329658957E+001
    819  2.370353229322027E-006  1.172617623112352E+002
    776  2.362553806487755E-006  1.150535509847603E+002
    581  2.355088318973978E-006  1.069166383916512E+002
    961  2.281245585273595E-006  1.283826108536399E+002
    993  2.261430688849497E-006  1.299638892136509E+002
    646  2.239594648426471E-006  1.089039652974663E+002
    747  2.213443174582589E-006  1.128221651622354E+002
    968  2.187753988104128E-006  1.287893908307005E+002
    813  2.186345995452797E-006  1.170211975618395E+002
    514  2.145996796293018E-006  6.112143562944963E+001
    751  2.083606141228308E-006  1.129352725370382E+002
   1003  2.079587838472000E-006  1.302792324598297E+002
    618  2.045746827612935E-006  1.083041655146542E+002
    501  2.040133722002479E-006  6.025540211442135E+001
    488  2.030484657124081E-006  5.904214899548738E+001
    136  2.019539570561283E-006  2.995197020395121E+001
    912  1.992568237068484E-006  1.259977317017505E+002
    467  1.979023922287017E-006  5.850070475174659E+001
    400  1.949152690527228E-006  5.304406357850599E+001
    753  1.826754858724227E-006  1.130399909728984E+002
    959  1.771602830207408E-006  1.283643788123119E+002
    118  1.760033991600973E-006  2.927665934202001E+001
    834  1.681248158340131E-006  1.176651591794238E+002
    864  1.654229593440341E-006  1.195154318953015E+002
    178  1.605143633685005E-006  3.291892583427273E+001
    740  1.554968874899258E-006  1.126281679605138E+002
    814  1.501178556880427E-006  1.170571282096026E+002
    416  1.429739861382759E-006  5.412105627361211E+001
    628  1.358912024013002E-006  1.085999071252231E+002
    841  1.296321745989975E-006  1.180046875638410E+002
    406  1.295507168690648E-006  5.347162595814701E+001
    693  1.273572599493193E-006  1.110198391814811E+002
    443  1.270927517040698E-006  5.615506371008289E+001
    874  1.255286096381631E-006  1.206463359037059E+002
    902  1.246118950239414E-006  1.246861225619736E+002
    736  1.231997343491592E-006  1.125700463249535E+002
    821  1.189686135775240E-006  1.173213489801490E+002
    629  1.165662979152965E-006  1.086436456014825E+002
    637  1.148205485384893E-006  1.087708716348475E+002
    869  1.141287717839053E-006  1.201465244096069E+002
    946  1.121407447119043E-006  1.279201366409634E+002
    775  1.065382641528014E-006  1.149447083106751E+002
    934  1.047421602771278E-006  1.274026915475210E+002
    720  1.024384570396644E-006  1.121496181246094E+002
   1015  1.002730787701992E-006  1.306693309857935E+002
    891  1.001800999600140E-006  1.222344606190913E+002
   1051  9.882553474970074E-007  1.330173846663143E+002
    773  9.678022458089311E-007  1.146041296786391E+002
    734  9.613471910930889E-007  1.125227414297757E+002
    969  9.459091767433020E-007  1.288232913140608E+002
    692  9.306595166721524E-007  1.109991362888409E+002
   1073  8.881595477319388E-007  1.355646294676644E+002
    996  8.053237323127470E-007  1.300741546440489E+002
    723  8.038053231620122E-007  1.122249597820348E+002
    459  8.024354147540782E-007  5.797524108925945E+001
    797  7.805897333134694E-007  1.161224071144865E+002
    398  7.295923102324485E-007  5.298968704937109E+001
    914  6.604960152258230E-007  1.261343003660832E+002
    537  6.371711077662067E-007  7.348438751630307E+001
    704  6.170447348749636E-007  1.114088220449556E+002
    759  5.839740913965896E-007  1.132523759465808E+002
    999  5.707680256441614E-007  1.301340763851820E+002
    718  5.639096259811332E-007  1.120307816427976E+002
   1030  5.009537351819597E-007  1.313677884464318E+002
    906  4.980383357175487E-007  1.253859334012492E+002
    437  4.946896766116866E-007  5.567668099873953E+001
    701  4.722661360918614E-007  1.112655741498095E+002
    541  4.500942335634663E-007  1.020561485810812E+002
    974  4.471584243722853E-007  1.290391941684268E+002
    620  3.914952566099198E-007  1.083700393844588E+002
    754  3.911140774074218E-007  1.130532912402911E+002
    820  3.489480941374794E-007  1.173160626674297E+002
   1077  3.456915573467841E-007  6.189178021453241E+002
    388  3.065515000286427E-007  4.916519389587509E+001
   1037  3.033877096319233E-007  1.316166834102353E+002
    872  2.977180623556299E-007  1.204992644439996E+002
   1007  2.935698551959474E-007  1.303971511397991E+002
    499  2.894244740894557E-007  6.010190034988052E+001
    439  2.892291015184620E-007  5.581771077364913E+001
    310  2.812914474595368E-007  3.933560718805473E+001
   1019  2.620795545547519E-007  1.307856127904329E+002
    789  2.498855504154429E-007  1.157939903252585E+002
    833  2.464493760532019E-007  1.176450554682990E+002
   1049  2.338488675176211E-007  1.325964910892840E+002
    598  2.216484497544221E-007  1.077082259858063E+002
    291  2.145804781247842E-007  3.834865717601958E+001
    801  2.022333134739037E-007  1.162412158177078E+002
    111  2.007631612287808E-007  2.891758955889047E+001
   1018  2.002160598448597E-007  1.307425624046459E+002
    743  1.997088389024849E-007  1.126739704882794E+002
    117  1.784595843491068E-007  2.915145470361619E+001
    742  1.777257347380961E-007  1.126546326383816E+002
    268  1.597652386722702E-007  3.765614789507087E+001
    965  1.558211847540712E-007  1.286084743618769E+002
    798  1.370994778532374E-007  1.161233232814441E+002
    823  1.191850497196838E-007  1.173434151863991E+002
    159  1.166938509815619E-007  3.140014259635325E+001
    861  1.013798783852798E-007  1.193618968506130E+002
    850  9.708129550262094E-008  1.188640670964077E+002
    652  5.147424882100827E-008  1.090805000764319E+002
   1059  5.091337136405486E-008  1.335352794510990E+002
    690  2.816830335061918E-008  1.109553167085971E+002
    479  2.743081586195957E-008  5.886156225440574E+001
    356  2.652188824746657E-008  4.399929676237998E+001
    885  2.433996079153314E-008  1.213849358963692E+002
    278  2.169302888193411E-008  3.775225448216675E+001
    749  2.103231664737268E-008  1.128862829609149E+002
    840  1.951633690302496E-008  1.179674198090055E+002
    932  1.539741660065849E-008  1.272890793904072E+002
    904  1.201930607865505E-008  1.250437756508075E+002
    881  1.049372678905875E-008  1.212001054655417E+002
    372  7.519879518876270E-009  4.569660817760900E+001
    683  7.161320115251607E-009  1.107854094171573E+002
    889  6.153282765044828E-009  1.221096476933091E+002
    363  2.927961842231056E-009  4.523665715266514E+001
    752  4.671014074726232E-010  1.129825416205730E+002
    647  4.455853830953678E-010  1.089204596390746E+002
    806  7.477543540337563E-012  1.165904998677036E+002
