# Number of modes
   1077
# Tabulated for different initial and final frequencies?
    F
# Mode index, Sj, (highest to lowest), omega_j
    547  6.778219375652218E-002  1.040413527560943E+002
    384  2.650405663412369E-002  4.693482184770667E+001
      7  1.701019365546317E-002  1.598850297870253E+001
   1048  1.453191943787964E-002  1.325281096806480E+002
    390  1.441794748920534E-002  4.930034545373515E+001
     23  8.905248843937227E-003  2.160694502786773E+001
      8  8.283354345622870E-003  1.603898235084092E+001
    430  6.772153686296082E-003  5.544226538226409E+001
     24  6.766551683208283E-003  2.165827626673025E+001
     38  6.240408945338671E-003  2.415274881711009E+001
    391  5.646571320088853E-003  4.935295074539214E+001
    546  5.160513648781218E-003  1.038908634804570E+002
    434  4.166530924975278E-003  5.556859477681133E+001
    393  3.866324409459831E-003  5.117422678475859E+001
     64  3.776275755902069E-003  2.637954322898939E+001
    114  3.773337545078892E-003  2.903390568794284E+001
    544  3.579717168614034E-003  1.037287728441322E+002
    551  3.241066730661223E-003  1.044758850995860E+002
    592  3.126969322300014E-003  1.074010896433819E+002
    358  3.065680573945558E-003  4.418411045040358E+001
     18  2.995629983349382E-003  2.124694793769305E+001
    308  2.941024398890827E-003  3.924824416979163E+001
    549  2.758892781446159E-003  1.043755820157491E+002
    554  2.585990079687307E-003  1.048978551747549E+002
    436  2.493932206652837E-003  5.562240782737462E+001
    387  2.419869273512247E-003  4.845493173747810E+001
     58  2.343517499990853E-003  2.603619761911758E+001
    425  2.283326676858059E-003  5.512885982268182E+001
   1061  2.190342413021542E-003  1.338239896777959E+002
    593  2.082781545477342E-003  1.074633420950339E+002
    537  2.064420303425271E-003  7.348438751630307E+001
    230  2.012195566947134E-003  3.507000892128892E+001
    301  1.923996765270246E-003  3.874125966254066E+001
      5  1.778750850657851E-003  1.580375607842547E+001
   1062  1.591715303599376E-003  1.338537297016246E+002
     31  1.579401548471886E-003  2.349957735236975E+001
   1044  1.548605580052225E-003  1.320835593454495E+002
    300  1.399005567769589E-003  3.871033423098082E+001
   1042  1.395190735214298E-003  1.319938555239870E+002
    407  1.364436122184999E-003  5.355040632372296E+001
    409  1.362766054424621E-003  5.377950655266745E+001
    330  1.268868843486992E-003  4.000719691328421E+001
   1041  1.228034442094710E-003  1.318604688563310E+002
   1045  1.208664244567840E-003  1.322246800166877E+002
    582  1.190727881004756E-003  1.069886979669129E+002
   1070  1.177079289239899E-003  1.350535885837313E+002
    199  1.129639850329466E-003  3.411214171315592E+001
    142  1.073367474364138E-003  3.011700635419402E+001
    580  1.064920849844136E-003  1.069063882425304E+002
    374  1.041210725241761E-003  4.576894168844035E+001
    229  1.030477022825161E-003  3.477639317683153E+001
    297  9.958449938000861E-004  3.850412000814609E+001
    306  9.679582707525823E-004  3.922583615449084E+001
    536  9.352042636881094E-004  7.244369170766353E+001
    464  9.245137050776493E-004  5.841767339850505E+001
    911  8.988736097158117E-004  1.258968376271585E+002
     11  8.957180090312599E-004  1.771447447329438E+001
    785  8.931711835338638E-004  1.156515149006221E+002
     20  8.702596465028988E-004  2.146722812704134E+001
    255  8.511062861082474E-004  3.705801266502003E+001
    326  8.104438841696311E-004  3.980074663620405E+001
    100  8.049589493308312E-004  2.814590236831992E+001
     85  7.957111645933209E-004  2.757726243328665E+001
    154  7.940840759979117E-004  3.128025029310897E+001
    251  7.665903060842099E-004  3.670193646720268E+001
    504  7.601758390578708E-004  6.073767201700102E+001
    347  7.492880355684624E-004  4.251894246220620E+001
   1047  7.294281809885764E-004  1.324683504365100E+002
    769  7.082676509702901E-004  1.141494817506874E+002
    452  7.078388306611595E-004  5.732416656661538E+001
   1001  7.043352760376440E-004  1.301907504163165E+002
    383  6.994175497296918E-004  4.665506804468283E+001
   1032  6.731378382316453E-004  1.314270448258869E+002
   1075  6.636464354158177E-004  1.852007864492208E+002
    706  6.623437708416019E-004  1.115644797142602E+002
     66  6.481537722030597E-004  2.653041695388611E+001
     80  6.374765831759013E-004  2.737665388114407E+001
    207  6.334714764635494E-004  3.419271829752626E+001
    312  6.304083714199480E-004  3.940338989709551E+001
     95  6.300317031980472E-004  2.806113631432304E+001
   1071  6.175706544840183E-004  1.353191143310252E+002
    288  6.092069830394759E-004  3.825168870868715E+001
    905  6.050567602488360E-004  1.252963463377060E+002
    402  5.986946853883230E-004  5.323403324336612E+001
    403  5.962921497060223E-004  5.332276567118551E+001
    310  5.888727333722239E-004  3.933560718805473E+001
    291  5.787020620450543E-004  3.834865717601958E+001
    423  5.785759915972573E-004  5.491452382822700E+001
   1050  5.724728817064187E-004  1.326682006609648E+002
    295  5.600168972423219E-004  3.844649820311862E+001
     97  5.557924900504295E-004  2.809615145046481E+001
    466  5.514884885820160E-004  5.848631456847294E+001
    385  5.495279289506439E-004  4.744969147605799E+001
    727  5.476172702899042E-004  1.123838421661365E+002
    479  5.430615259526932E-004  5.886156225440574E+001
    359  5.241426652465936E-004  4.440820660542785E+001
    161  5.145580254004434E-004  3.141544799468193E+001
    296  5.105878181340314E-004  3.847026909032138E+001
    327  5.075626039776771E-004  3.980649710729982E+001
     36  5.057228688705708E-004  2.408548968715760E+001
    119  4.965232400583079E-004  2.929038281335912E+001
   1005  4.930967873711693E-004  1.302961950162389E+002
   1039  4.927827040510529E-004  1.317789778316224E+002
     74  4.901616916322551E-004  2.706787664592100E+001
    909  4.871070730145988E-004  1.256671150468244E+002
    992  4.784673765548724E-004  1.299169051159237E+002
    768  4.779303526522256E-004  1.140511281344195E+002
     42  4.760109140190214E-004  2.442065503900721E+001
    329  4.471758141512677E-004  3.994917835777716E+001
    378  4.463380985114130E-004  4.609481655347708E+001
    570  4.456460918581060E-004  1.064458450110351E+002
     92  4.396382429896272E-004  2.796966533379813E+001
    585  4.389544494883262E-004  1.071721890576240E+002
    183  4.338499509973707E-004  3.317747871488443E+001
    422  4.324153724834932E-004  5.478392604221921E+001
    771  4.276749642204847E-004  1.142541813627527E+002
    694  4.266320714690696E-004  1.110208923005156E+002
   1029  4.229065947761195E-004  1.312589073638632E+002
    783  4.182781433578989E-004  1.155776779712016E+002
    495  4.102383881874555E-004  5.971063876484735E+001
    588  4.010735737746959E-004  1.072780161282308E+002
    507  3.969600777870345E-004  6.098134465730102E+001
    446  3.951539644424719E-004  5.657515742254393E+001
    440  3.947403615998848E-004  5.589934491235444E+001
    926  3.946932295661284E-004  1.269935099435139E+002
    348  3.942754675103416E-004  4.278252907839931E+001
    477  3.904575388583151E-004  5.875439662154096E+001
    417  3.902453779732455E-004  5.432386496665636E+001
   1069  3.840539519976894E-004  1.347402109836953E+002
    282  3.800965215785201E-004  3.781601762519486E+001
    195  3.797337129724305E-004  3.399004655216064E+001
    293  3.764244340465450E-004  3.840315559517953E+001
    480  3.759467109915768E-004  5.887142017505539E+001
    376  3.695619685878280E-004  4.578482274843697E+001
   1026  3.662840272055204E-004  1.310988308446859E+002
    131  3.627079479739763E-004  2.976719894627799E+001
    514  3.620885203478628E-004  6.112143562944963E+001
    289  3.585174471359705E-004  3.832422991649202E+001
    205  3.534663396629378E-004  3.418138862993963E+001
   1000  3.513436736767318E-004  1.301375093272533E+002
    482  3.478494172485953E-004  5.890508639424976E+001
   1066  3.476368669833007E-004  1.341339055776214E+002
    143  3.416544493681517E-004  3.021552765862468E+001
     43  3.398977583418641E-004  2.485090944939308E+001
    532  3.320319026009895E-004  6.299204701993657E+001
    320  3.294727152534753E-004  3.958466091098631E+001
    202  3.271962877046159E-004  3.414693728338715E+001
    780  3.268021968315215E-004  1.153482258688003E+002
     46  3.261099230353066E-004  2.508968851186969E+001
     89  3.257302038831329E-004  2.787565477396676E+001
    454  3.255096674830011E-004  5.753531790534946E+001
   1036  3.244847639555582E-004  1.315563975924429E+002
    158  3.236734385839043E-004  3.138637587596471E+001
    212  3.219097111565490E-004  3.425448747044050E+001
    133  3.216038197398121E-004  2.980777525245198E+001
    335  3.125488890872559E-004  4.064698242871874E+001
    248  3.097958747405642E-004  3.617742791171408E+001
    459  3.085470262740674E-004  5.797524108925945E+001
   1018  3.059424284416618E-004  1.307425624046459E+002
    106  3.036166322136367E-004  2.873147041157064E+001
    134  3.017865237191803E-004  2.989081555609098E+001
    898  3.017745729868390E-004  1.236287338505038E+002
    221  3.009902849843160E-004  3.444064242877499E+001
    165  3.002706518486217E-004  3.194792507678593E+001
    101  3.002347182918494E-004  2.816121926613436E+001
    331  2.980146933297749E-004  4.033978069592825E+001
    462  2.970040916937981E-004  5.834568949164402E+001
    474  2.959790147796444E-004  5.866520048333617E+001
    184  2.957430235247204E-004  3.328145954751520E+001
   1072  2.930627571937537E-004  1.354275255218108E+002
    453  2.907946663163525E-004  5.734859743017803E+001
    717  2.855991572103912E-004  1.119901298340990E+002
    421  2.854543850338545E-004  5.469982084171487E+001
    587  2.820503668869937E-004  1.072564562863978E+002
    102  2.759350190753625E-004  2.838723287464182E+001
    691  2.744636325833020E-004  1.109942746792360E+002
     73  2.694573332737153E-004  2.704395448663374E+001
    156  2.679918084198491E-004  3.133959801814033E+001
     33  2.679901736656457E-004  2.387502434282544E+001
    661  2.668158827672320E-004  1.094040232551639E+002
     60  2.665751726576284E-004  2.612817271153773E+001
    576  2.613627041034193E-004  1.068188420241767E+002
    500  2.565705607134991E-004  6.016266526055261E+001
    319  2.535438382020023E-004  3.955367029075058E+001
   1060  2.506290044199697E-004  1.336329109810919E+002
    525  2.486612944444020E-004  6.201689187624501E+001
    871  2.471790343396394E-004  1.204638135739833E+002
     22  2.455092396047603E-004  2.149928230079738E+001
    379  2.440187139130022E-004  4.610002508350383E+001
    137  2.438827838097986E-004  2.996307755422044E+001
    396  2.430273170630170E-004  5.292259014309509E+001
    141  2.423062095129377E-004  3.005205957969120E+001
    246  2.393313120858644E-004  3.612200287477440E+001
     44  2.383421751809236E-004  2.487547588775838E+001
    153  2.366701962044690E-004  3.119128674334460E+001
      9  2.329754795796130E-004  1.615282072713023E+001
    460  2.285205533517328E-004  5.821511818989060E+001
    332  2.279556215596418E-004  4.036182328117159E+001
    356  2.262544426754291E-004  4.399929676237998E+001
    472  2.258952231209635E-004  5.860732378330380E+001
    138  2.231696703908190E-004  2.998810658959070E+001
    309  2.160663089028466E-004  3.929268620446922E+001
    192  2.160296708404827E-004  3.373139183933635E+001
    892  2.150177269421851E-004  1.223146913863671E+002
   1009  2.126983513073908E-004  1.304609142394732E+002
    196  2.115761645220505E-004  3.402217963204272E+001
    298  2.100874647615198E-004  3.860785506393049E+001
    667  2.070165762285850E-004  1.098231148083649E+002
    148  2.068585933005205E-004  3.055713011308698E+001
     34  2.065619385534123E-004  2.394870774261297E+001
    109  1.995634868714892E-004  2.888359254004277E+001
     27  1.970495841999432E-004  2.288948685305089E+001
    352  1.959025346749439E-004  4.345183818831803E+001
     78  1.958946485180364E-004  2.724001953302053E+001
    870  1.954292121792770E-004  1.203621491035894E+002
    564  1.941688964433124E-004  1.059223740174141E+002
      3  1.937559196024875E-004  1.530095081680193E+001
    160  1.924454676341836E-004  3.140287364756382E+001
    343  1.908467346966631E-004  4.223776350771931E+001
    918  1.888819599050387E-004  1.263810693695273E+002
    483  1.858748590841161E-004  5.892865432514233E+001
    716  1.858654344470162E-004  1.119313653155845E+002
      6  1.857580509057430E-004  1.593905863128156E+001
    426  1.847502315879363E-004  5.521112029631625E+001
   1006  1.842090288678484E-004  1.303473844140781E+002
    400  1.827177326828110E-004  5.304406357850599E+001
    802  1.823943465392488E-004  1.163074247182627E+002
     79  1.816522824334198E-004  2.728143790603452E+001
    208  1.814541003197086E-004  3.420400517096608E+001
    239  1.807089824541462E-004  3.564788119351169E+001
    934  1.806144187969041E-004  1.274026915475210E+002
    218  1.801193098654676E-004  3.434087154455664E+001
    763  1.786061834483899E-004  1.136578287383470E+002
    458  1.784262827146160E-004  5.780961640938520E+001
    719  1.779168295923282E-004  1.120361196403708E+002
    401  1.765844594735123E-004  5.310952948046032E+001
    174  1.751352852419985E-004  3.277024257542895E+001
   1052  1.742626041039843E-004  1.330891459743712E+002
    419  1.701995469705954E-004  5.447434435004674E+001
    724  1.688228719540159E-004  1.122474317356576E+002
    116  1.622681312944739E-004  2.910094471225916E+001
    487  1.617490381711832E-004  5.901096182276392E+001
     21  1.616680905051175E-004  2.149552581175353E+001
     62  1.596951035066837E-004  2.630569023157911E+001
    338  1.582171242291642E-004  4.143596746217444E+001
    357  1.573319311837177E-004  4.413715889769129E+001
    449  1.560646792875857E-004  5.713782918039372E+001
    281  1.541941258911955E-004  3.778222215271058E+001
    560  1.532580599790578E-004  1.057397922085461E+002
    733  1.531818480203790E-004  1.125211996768446E+002
    336  1.524469751687705E-004  4.106442919982931E+001
    397  1.481571761287773E-004  5.292984574180642E+001
    442  1.461119110659570E-004  5.605259237502305E+001
   1055  1.455873316757689E-004  1.332315483337306E+002
    150  1.455621040249944E-004  3.095380367517388E+001
    231  1.451489766613573E-004  3.529195130720404E+001
    294  1.438271107881332E-004  3.844005427068350E+001
    493  1.437367026969906E-004  5.956939432616837E+001
     37  1.429344298019045E-004  2.413005277682491E+001
    164  1.422350568145987E-004  3.156123118588701E+001
    344  1.413658129597886E-004  4.229281490750487E+001
     67  1.373127950165834E-004  2.663955326886673E+001
    382  1.364465353900094E-004  4.661435463500721E+001
    353  1.359038196617448E-004  4.354452657935016E+001
   1022  1.351557809265453E-004  1.309570316227355E+002
     70  1.331575844870529E-004  2.683332853591699E+001
    372  1.328184779421651E-004  4.569660817760900E+001
    168  1.317345845164929E-004  3.223239881301075E+001
    746  1.307335234067818E-004  1.128150956859242E+002
     86  1.302812900991661E-004  2.760340701365068E+001
    349  1.281791431619405E-004  4.279212686889406E+001
     53  1.271546590062151E-004  2.532427500710937E+001
    751  1.270566986810699E-004  1.129352725370382E+002
   1034  1.269572325968666E-004  1.314975717016592E+002
    303  1.264952757554821E-004  3.891633174738261E+001
    924  1.261749487264931E-004  1.267645350898773E+002
    516  1.228726004641896E-004  6.114879167768425E+001
    568  1.222346841590212E-004  1.063884322375297E+002
    690  1.219147889210189E-004  1.109553167085971E+002
    681  1.205664189136977E-004  1.107150530846271E+002
    283  1.190874007449008E-004  3.781664732037148E+001
     30  1.186690674180432E-004  2.339033246897357E+001
     45  1.181740429403184E-004  2.505629895200580E+001
    324  1.181636187529933E-004  3.965813849875591E+001
    245  1.170166153971260E-004  3.584895809931362E+001
    886  1.165046115933337E-004  1.214498350996194E+002
    433  1.161555347592991E-004  5.552394895078822E+001
    649  1.148434924138143E-004  1.089557122086210E+002
    784  1.146885738401864E-004  1.156115101864969E+002
    341  1.138522594425108E-004  4.207899368185591E+001
     48  1.137408590920492E-004  2.521050943974308E+001
    835  1.128822193388580E-004  1.176766134664512E+002
    535  1.100078646976122E-004  7.234684016852472E+001
    104  1.098290070801026E-004  2.863475114667724E+001
    635  1.095364012294010E-004  1.087402789130293E+002
   1027  1.093551535517476E-004  1.311414239553258E+002
    214  1.075538800306784E-004  3.429158842681225E+001
   1074  1.071882000848871E-004  1.357832717908243E+002
    427  1.071547426738413E-004  5.530625255614972E+001
     16  1.066532418834933E-004  2.083990463296455E+001
   1013  1.062266382133505E-004  1.306191025791559E+002
    121  1.061891452060535E-004  2.937009161569695E+001
    917  1.061123241210944E-004  1.262583151256411E+002
    578  1.060763680129371E-004  1.068696587706935E+002
    191  1.053211630671960E-004  3.372798248811258E+001
    451  1.047467890556200E-004  5.726939793781466E+001
    789  1.047086364003988E-004  1.157939903252585E+002
   1016  1.045144601589804E-004  1.306784011483153E+002
    389  1.039840364610547E-004  4.924612888004685E+001
    367  1.039551113372180E-004  4.546665367422378E+001
     55  1.038468928248579E-004  2.564739582447731E+001
    226  1.031900993568596E-004  3.460914941435140E+001
    333  1.026597476173124E-004  4.050570323460023E+001
    275  1.022582058616042E-004  3.771871208633355E+001
    555  1.021437452492243E-004  1.049505825405343E+002
     57  1.018785356253876E-004  2.601044601303876E+001
    237  1.017177706791224E-004  3.561350513334219E+001
     68  1.004829509337030E-004  2.665958995788216E+001
    172  1.003549473408335E-004  3.254695536480502E+001
    907  1.003529422885088E-004  1.254774984052440E+002
    903  9.970124075630599E-005  1.249295857950171E+002
    663  9.950984161902202E-005  1.095408569103236E+002
    498  9.949330940120080E-005  6.006055704270973E+001
    445  9.896320445588092E-005  5.650985963977887E+001
    486  9.809572812092315E-005  5.898078655703418E+001
    444  9.781745868832925E-005  5.640873014994138E+001
    902  9.703570633572702E-005  1.246861225619736E+002
    270  9.702120811023094E-005  3.767493462479421E+001
    317  9.700229037129777E-005  3.952108816795088E+001
    394  9.631156832848165E-005  5.275338077531283E+001
     81  9.450202609597110E-005  2.737831616504717E+001
    553  9.373759691055488E-005  1.045844149005738E+002
    491  9.146380552425278E-005  5.916484178919298E+001
    573  9.130543140805784E-005  1.066520968004064E+002
    113  9.105336897775713E-005  2.894608485543543E+001
   1024  9.030445068485645E-005  1.310472886139475E+002
    604  9.016116985803242E-005  1.078901483894559E+002
    316  9.009874474450077E-005  3.947722492082590E+001
    386  8.936855094270793E-005  4.778448827008048E+001
    654  8.918684063249043E-005  1.091774321289355E+002
    712  8.827898862047566E-005  1.118479116964762E+002
    930  8.681174880339721E-005  1.272550109882912E+002
     96  8.568825461805437E-005  2.807603105873968E+001
    340  8.524851966242016E-005  4.203744443197692E+001
     84  8.458226611238431E-005  2.748397341497807E+001
     41  8.443902453343943E-005  2.434332602389209E+001
    539  8.420174155856773E-005  1.004038214764926E+002
    602  8.406239421433001E-005  1.078335831208874E+002
    565  8.386767050242298E-005  1.059848591127986E+002
    334  8.323514425884682E-005  4.055961280242965E+001
     35  8.080975185692655E-005  2.406163852032448E+001
     28  7.948477840682841E-005  2.303576073275412E+001
    778  7.939190088075261E-005  1.153062331743218E+002
    637  7.891268480416509E-005  1.087708716348475E+002
     50  7.841236572994661E-005  2.524792740229145E+001
    538  7.835817596454708E-005  8.801939400846273E+001
    337  7.818774819708308E-005  4.125439580477820E+001
    103  7.775965874711599E-005  2.854698030319213E+001
    618  7.772656801790568E-005  1.083041655146542E+002
    686  7.730736889696983E-005  1.108321598991433E+002
    177  7.648974101205763E-005  3.286305119332699E+001
    261  7.648861401450254E-005  3.751537038816641E+001
    176  7.580116862687035E-005  3.283702642513862E+001
    952  7.555890794169276E-005  1.282170243378332E+002
    287  7.544558422210200E-005  3.806334999222836E+001
    197  7.495895501866342E-005  3.407091137263039E+001
    314  7.372871351637428E-005  3.944402428691944E+001
    167  7.303069707096608E-005  3.206734480721192E+001
    377  7.296267665853030E-005  4.580996274485975E+001
    272  7.286143125067104E-005  3.770876893490352E+001
    897  7.278410965466514E-005  1.233154024205701E+002
   1033  7.246058369968850E-005  1.314921549657209E+002
    607  7.152277351490085E-005  1.079782277499060E+002
    455  7.132219676817909E-005  5.757818593173593E+001
    942  7.103654644519475E-005  1.277896527703618E+002
    166  7.064290855591791E-005  3.197534022905977E+001
    512  7.021148674943755E-005  6.110465593383906E+001
    988  6.875154679357603E-005  1.295230022337254E+002
    542  6.865542307412101E-005  1.021380905135569E+002
    304  6.855187572452953E-005  3.902642388250331E+001
    448  6.851862908893146E-005  5.707216855561523E+001
    241  6.794026186439452E-005  3.573178726353736E+001
    189  6.655540180741274E-005  3.348575581421191E+001
    307  6.567874277518710E-005  3.924418415703018E+001
    180  6.563448187820118E-005  3.306959511625761E+001
    552  6.550144457386913E-005  1.045004516183760E+002
     51  6.523813331100960E-005  2.527497960196780E+001
    954  6.493366576558467E-005  1.282848493157465E+002
     75  6.482669710395202E-005  2.717284531466260E+001
    708  6.251346235425014E-005  1.116659378913442E+002
    762  6.238832030892260E-005  1.134504722361933E+002
     61  6.226776348388358E-005  2.623624111749398E+001
    242  6.160677251268690E-005  3.575330164903793E+001
    505  6.154669848643123E-005  6.089365906344585E+001
    375  6.084105971670976E-005  4.577921754207221E+001
    502  6.046739414053776E-005  6.033057478557798E+001
    621  6.028558854065178E-005  1.083828600305560E+002
    163  6.023229210070953E-005  3.148605603035891E+001
    521  6.007582700077402E-005  6.120499406654021E+001
    577  6.004897014163810E-005  1.068269012623950E+002
    545  5.989416602699814E-005  1.038885725205099E+002
    413  5.939690857255914E-005  5.407796767412047E+001
    572  5.923124797996001E-005  1.066354688575440E+002
    475  5.904886681529890E-005  5.870955367754343E+001
    318  5.900534742970229E-005  3.952690512520030E+001
    548  5.897079621915015E-005  1.041098140943872E+002
     69  5.812707952107039E-005  2.667931486079132E+001
    854  5.811554793439141E-005  1.190938927222375E+002
    687  5.779654467226775E-005  1.108477970364615E+002
    879  5.764392185877359E-005  1.208628531744268E+002
    700  5.735410672499306E-005  1.112187707043413E+002
    182  5.646470266281933E-005  3.313118961536368E+001
    513  5.626211365815399E-005  6.111701004965728E+001
    777  5.615026495000779E-005  1.150636811545726E+002
    989  5.588827866644507E-005  1.296856498562064E+002
    866  5.540621627753339E-005  1.198737679274225E+002
    962  5.539443509391137E-005  1.284190833846668E+002
    561  5.523998445630540E-005  1.057823475786052E+002
    323  5.460143260910313E-005  3.963162035223775E+001
    117  5.441972708989861E-005  2.915145470361619E+001
    201  5.419903159602820E-005  3.413905621996786E+001
     54  5.409293932189445E-005  2.537118147105558E+001
    292  5.408301637159262E-005  3.837765227419467E+001
    791  5.405630300113826E-005  1.158399885308925E+002
    105  5.393609583119713E-005  2.872870804936272E+001
     90  5.384321664953346E-005  2.792299487571685E+001
    450  5.372928834993931E-005  5.723022636777802E+001
     39  5.350460157782907E-005  2.419216907562118E+001
    418  5.341711150552094E-005  5.440760214654593E+001
   1014  5.330492903678400E-005  1.306579532637773E+002
    666  5.289417934726181E-005  1.096961217429448E+002
    233  5.209007798601528E-005  3.536858076063520E+001
    725  5.181823769819934E-005  1.122622575126908E+002
    147  5.127879085906393E-005  3.045498909450352E+001
    494  5.126585175147201E-005  5.959072402434833E+001
    187  5.123634104884200E-005  3.338593491458187E+001
    456  5.093741187998490E-005  5.758475825352298E+001
    575  5.086239850463876E-005  1.067636975144964E+002
    571  5.023376988935363E-005  1.065760725477823E+002
     76  5.004422185270575E-005  2.719040433196805E+001
    107  4.979036270125875E-005  2.880093649968087E+001
    305  4.965765364807936E-005  3.919092577852600E+001
    361  4.892697700058219E-005  4.509188248244521E+001
    797  4.876947641311450E-005  1.161224071144865E+002
    145  4.841019410587995E-005  3.035386176419680E+001
    420  4.805049450673024E-005  5.464265012038360E+001
    234  4.759631344579009E-005  3.541632958107625E+001
    123  4.747013892744719E-005  2.945706723223188E+001
    605  4.714535423198821E-005  1.079476682950407E+002
     32  4.679232527572938E-005  2.386019687247388E+001
     72  4.672969307927915E-005  2.695844835194747E+001
   1008  4.661864195790211E-005  1.304054287055121E+002
    517  4.607585676276780E-005  6.116283191518230E+001
    795  4.571389774905223E-005  1.159446042090269E+002
    813  4.496221350005263E-005  1.170211975618395E+002
   1053  4.473606888797670E-005  1.331993000158318E+002
   1064  4.459149945479230E-005  1.339182935247794E+002
    528  4.450881533990905E-005  6.211763689923020E+001
    825  4.439317565074889E-005  1.174155068731360E+002
    810  4.354402936330331E-005  1.168542717379606E+002
    659  4.339967147183579E-005  1.093169473413985E+002
    842  4.256176310234834E-005  1.180365480395604E+002
    519  4.193708330701835E-005  6.116666091909611E+001
    428  4.147269491653826E-005  5.539697768550786E+001
    274  4.107811477250351E-005  3.771469066363962E+001
    470  4.065114974362389E-005  5.858950887133865E+001
     88  4.060544401868815E-005  2.776495450944637E+001
    315  4.044637192242557E-005  3.946262277995078E+001
    322  4.039789406969301E-005  3.962934885257222E+001
    216  4.001615737724470E-005  3.431915233475488E+001
    558  3.949238240264197E-005  1.054235904423783E+002
     12  3.944597155090411E-005  1.791855268392995E+001
    526  3.923359265306197E-005  6.205614154690332E+001
    193  3.914483848445048E-005  3.387383688791338E+001
    299  3.907404650872069E-005  3.861147003050849E+001
    405  3.819680413904742E-005  5.340951413863353E+001
    111  3.747972502905326E-005  2.891758955889047E+001
    257  3.746371215439738E-005  3.716053985696894E+001
    964  3.738475670908318E-005  1.284811881676410E+002
    339  3.729233951280415E-005  4.199721405536648E+001
    584  3.633550333785763E-005  1.071415131646536E+002
    112  3.608106798264449E-005  2.893182478938967E+001
    919  3.555380785268877E-005  1.264669767465423E+002
    646  3.548400693045063E-005  1.089039652974663E+002
    594  3.522394488028430E-005  1.075267994995216E+002
    151  3.485619784070980E-005  3.097448214004631E+001
    848  3.479600916689205E-005  1.185512117490796E+002
    365  3.455626812314677E-005  4.540196146988517E+001
      4  3.434682965958847E-005  1.555889535187236E+001
    807  3.407129645636700E-005  1.166040027024774E+002
    465  3.381726992150334E-005  5.845233409136720E+001
    110  3.374989448436325E-005  2.890337161783228E+001
     15  3.337941741303205E-005  2.077312965636918E+001
    429  3.328043740787355E-005  5.542704693693687E+001
    597  3.303815088424336E-005  1.076362394255561E+002
    737  3.294211872953254E-005  1.125716601108342E+002
    630  3.283426149687256E-005  1.086464564510315E+002
    650  3.217574782489221E-005  1.090061273622073E+002
    484  3.204582036001613E-005  5.894622531819898E+001
    171  3.181156458118865E-005  3.251692712246987E+001
    260  3.179126494524367E-005  3.745846822965304E+001
    998  3.160569454081830E-005  1.301241144683907E+002
    162  3.127175725382188E-005  3.142013005221356E+001
    269  3.119996893759738E-005  3.766609016559832E+001
    944  3.086847066856761E-005  1.278264506290159E+002
    890  3.061715061301081E-005  1.222269695705770E+002
    219  3.027073565419006E-005  3.435584966495736E+001
     98  3.022086920014469E-005  2.810036398063808E+001
    563  3.019402083155748E-005  1.058622417292547E+002
    678  2.975847922060111E-005  1.105298402911861E+002
    671  2.966592759878536E-005  1.100461630260976E+002
    217  2.930853046563312E-005  3.432077633458158E+001
     52  2.925219295095905E-005  2.532370304309600E+001
    639  2.899723871358461E-005  1.087924757147032E+002
    689  2.873509405540628E-005  1.108992280227757E+002
    855  2.868118208917113E-005  1.192335282432478E+002
    132  2.866126342800273E-005  2.978147182311027E+001
    674  2.864088112148258E-005  1.101627157855635E+002
    467  2.837602054815167E-005  5.850070475174659E+001
    921  2.832577223826685E-005  1.266347372507485E+002
    755  2.819843782454857E-005  1.130537195644052E+002
    220  2.786594237241701E-005  3.440936379612124E+001
    616  2.780203193861130E-005  1.081902144651443E+002
    899  2.752764097116736E-005  1.237750393258326E+002
    392  2.751162975555510E-005  4.975569880244111E+001
    609  2.732334893104230E-005  1.080529774194348E+002
    473  2.724399527665097E-005  5.864875851961727E+001
    441  2.722698368124225E-005  5.602297434426368E+001
    258  2.715259039124846E-005  3.725675246841864E+001
    610  2.697020508883652E-005  1.080548791140610E+002
    832  2.690865013030488E-005  1.176150872586579E+002
    655  2.669791784222668E-005  1.092114390318620E+002
    206  2.669030361600327E-005  3.418711639611698E+001
    583  2.664083246525608E-005  1.070323413352247E+002
    669  2.652300418220008E-005  1.098991161820264E+002
    194  2.611250105365317E-005  3.388123191050668E+001
    613  2.602418998503422E-005  1.081325074305931E+002
    276  2.563210391710300E-005  3.774173651101562E+001
    680  2.555663794443090E-005  1.106808485277705E+002
    937  2.552005205021583E-005  1.275975168353670E+002
    829  2.546926569035200E-005  1.175434491795728E+002
    325  2.545855490117006E-005  3.979678053884171E+001
    979  2.530179382298354E-005  1.292073280791942E+002
     19  2.527232573672426E-005  2.137958735177528E+001
    152  2.456071186899337E-005  3.107793476288124E+001
    264  2.451268528568087E-005  3.760740200223662E+001
     49  2.437322020371996E-005  2.521926711432687E+001
    741  2.406806210442678E-005  1.126383251241469E+002
    529  2.399939216218624E-005  6.213305424318654E+001
    543  2.375391058935574E-005  1.026098663261161E+002
    624  2.366473064364078E-005  1.084534043855216E+002
    697  2.366247897532047E-005  1.111168086390436E+002
    986  2.360705742727366E-005  1.294778988001748E+002
    567  2.345832890351912E-005  1.061175767374582E+002
    816  2.344312962424544E-005  1.170854692244173E+002
    589  2.330898622361710E-005  1.073243551551986E+002
    836  2.329966564570762E-005  1.177792466123822E+002
    831  2.323149835355717E-005  1.175849164822640E+002
    973  2.311406991957891E-005  1.290303348922233E+002
    615  2.291131303548975E-005  1.081646255451844E+002
     77  2.286764458047307E-005  2.720977418778346E+001
    808  2.282044926635561E-005  1.166438640424820E+002
    843  2.280875772688838E-005  1.181049125326048E+002
    313  2.270872010231270E-005  3.941220320488696E+001
    290  2.205419499413497E-005  3.834059039797889E+001
     25  2.196723587591242E-005  2.268285797328677E+001
    170  2.175547814665453E-005  3.240864442722207E+001
    975  2.165925313580441E-005  1.290479361570385E+002
    596  2.125109830051831E-005  1.076305596761092E+002
     10  2.105817935707280E-005  1.630017574824609E+001
    381  2.102693209697477E-005  4.623753374880091E+001
    370  2.100994984283358E-005  4.562254251008403E+001
    672  2.097926620880417E-005  1.100523893058521E+002
    970  2.063949042924549E-005  1.288440499253601E+002
   1067  2.061464626611990E-005  1.341872351276505E+002
    632  2.054602524547399E-005  1.086732063917954E+002
    622  2.037589542247548E-005  1.084041586407917E+002
    574  2.028880496612664E-005  1.067089856517616E+002
    243  2.020153686830756E-005  3.580427376176280E+001
    280  2.018108992179198E-005  3.777070006257392E+001
     26  2.017469241129444E-005  2.275577786050195E+001
     13  2.004170583247501E-005  2.038781372204352E+001
    812  1.967035646560308E-005  1.169499526914024E+002
    190  1.966356096014405E-005  3.352213579831744E+001
    760  1.960355315610824E-005  1.133648679091437E+002
    695  1.875470228229432E-005  1.110404578737834E+002
    682  1.870931453804733E-005  1.107795174367904E+002
    579  1.869546745124360E-005  1.068810185812333E+002
    360  1.858028121847074E-005  4.501412031898634E+001
    698  1.828552626777071E-005  1.111543499618823E+002
    130  1.791897975874616E-005  2.969026097336859E+001
    595  1.784770953221163E-005  1.075727311228692E+002
    524  1.772939058950798E-005  6.196836567938324E+001
    641  1.746275104017570E-005  1.088136450829588E+002
    938  1.745774157972070E-005  1.276246332177813E+002
    656  1.729297863722846E-005  1.092383325553483E+002
    266  1.727264351021213E-005  3.763404507858488E+001
   1063  1.721645988942154E-005  1.338610239777397E+002
    463  1.711061352661298E-005  5.840368106338346E+001
    369  1.704934037758439E-005  4.556664797594529E+001
    559  1.696822274141727E-005  1.054467335457494E+002
    468  1.694899699188458E-005  5.850419738659161E+001
    471  1.653773852339123E-005  5.859921299406331E+001
    895  1.640416968551161E-005  1.231922658586809E+002
    424  1.638331796363616E-005  5.504400290817051E+001
    896  1.634987568444834E-005  1.231967026860033E+002
    569  1.621232711318192E-005  1.064024371239422E+002
    511  1.619351391187686E-005  6.108291035790679E+001
    179  1.613785777213335E-005  3.301071504933698E+001
    223  1.612647524803717E-005  3.452101188794168E+001
    713  1.599635955407046E-005  1.118750446375970E+002
    940  1.595909917861735E-005  1.277053477702196E+002
    222  1.567386158610281E-005  3.444665555523785E+001
    366  1.562317648651307E-005  4.541480133184800E+001
    847  1.528211533024693E-005  1.183795327778256E+002
    658  1.506698859829557E-005  1.092752908733605E+002
      2  1.499007495050968E-005  1.507477314615795E+001
    354  1.475997206017297E-005  4.358717802496741E+001
    943  1.461348356217896E-005  1.278255860865938E+002
    277  1.451844465017086E-005  3.774405278528796E+001
    253  1.447858443921024E-005  3.690338042035397E+001
    457  1.442664500359639E-005  5.770039153165104E+001
    868  1.434521354192258E-005  1.199994649602093E+002
    611  1.431784743109990E-005  1.080609110523806E+002
   1057  1.422073313254685E-005  1.332882698940204E+002
    235  1.418200711616064E-005  3.553329683850696E+001
    631  1.410540299128705E-005  1.086593678715634E+002
    684  1.379356641944130E-005  1.108055531440044E+002
    186  1.371772821123891E-005  3.335079910483972E+001
    608  1.362604922428865E-005  1.080310773431174E+002
   1077  1.352636347014396E-005  6.189178021453241E+002
    796  1.351572289071404E-005  1.160406419035091E+002
    972  1.346832876127616E-005  1.289491342298440E+002
    181  1.346746972815804E-005  3.309588236011395E+001
    522  1.345020555641665E-005  6.189501394570030E+001
    533  1.339302481101943E-005  6.344214913117692E+001
    247  1.339193854959241E-005  3.613855018049320E+001
    710  1.316302084540830E-005  1.117114283703663E+002
    461  1.308646471629792E-005  5.832169084274378E+001
    368  1.289285101611840E-005  4.552075151204606E+001
    128  1.285422624682067E-005  2.964876822252022E+001
    877  1.227432406629132E-005  1.207635072396237E+002
    527  1.216081293038893E-005  6.211137902133680E+001
    765  1.211420539910273E-005  1.138034732037320E+002
    209  1.194918373338503E-005  3.420776675567321E+001
    601  1.193853191351266E-005  1.078222216339937E+002
    432  1.153274637055700E-005  5.551253331854516E+001
    670  1.135313114333140E-005  1.099218253642219E+002
    267  1.127309645665338E-005  3.763942844703926E+001
    159  1.107624403396528E-005  3.140014259635325E+001
     82  1.103357753659779E-005  2.744742479332049E+001
    485  1.101829550482970E-005  5.896971858223063E+001
    600  1.091657875640985E-005  1.078192567961393E+002
    633  1.060729394578072E-005  1.086770367044967E+002
    149  1.059086238113183E-005  3.064428879965062E+001
     91  1.048848410915560E-005  2.795709450840539E+001
    518  1.043929761240736E-005  6.116565427175681E+001
    984  1.040248381554198E-005  1.293776492189174E+002
    238  1.038356734801142E-005  3.562010162214489E+001
    157  1.035523030928060E-005  3.136040875348826E+001
    799  1.025614712419003E-005  1.161655148393659E+002
    447  1.018606936776191E-005  5.692641404400948E+001
    916  1.016993076930249E-005  1.261858055404796E+002
    284  1.016495354696820E-005  3.794002386601017E+001
    673  1.016229989514449E-005  1.101090602242966E+002
    508  1.009890983421771E-005  6.101348113010317E+001
    125  1.001828369008979E-005  2.955205187993630E+001
    488  9.954573854415343E-006  5.904214899548738E+001
     59  9.427800297200280E-006  2.608228483109795E+001
    634  9.277758197339430E-006  1.087110579745548E+002
    224  9.191409300622736E-006  3.456258153743839E+001
    945  9.163616205451855E-006  1.278945431870569E+002
    960  9.159974703736034E-006  1.283710541965592E+002
    279  9.097237021524792E-006  3.776291602598710E+001
    566  9.088901528876701E-006  1.060197199307676E+002
    800  9.072337501525153E-006  1.161811067685375E+002
    787  9.061657370890856E-006  1.157066821730262E+002
    127  9.048244951355652E-006  2.958197907168710E+001
    749  8.942595699920347E-006  1.128862829609149E+002
    213  8.829829786035341E-006  3.426923698719692E+001
    910  8.799663664664955E-006  1.258349422363612E+002
    139  8.782119602303857E-006  3.001327528760398E+001
    774  8.756273127706882E-006  1.147299018357027E+002
   1028  8.743206550612999E-006  1.312419762585663E+002
    838  8.631271810766155E-006  1.178077045912047E+002
    748  8.565313201068503E-006  1.128453459062848E+002
    981  8.339416844862541E-006  1.292686845988868E+002
   1068  8.273977511885179E-006  1.342139437973118E+002
    550  8.258722315079920E-006  1.044255141670578E+002
    873  8.210240493548020E-006  1.205400953636918E+002
    328  8.191858042185927E-006  3.982877398686839E+001
    200  8.109249387942826E-006  3.413076352937113E+001
    227  7.922771795822932E-006  3.461221107986133E+001
    311  7.889306878858010E-006  3.939193935233331E+001
   1004  7.888635961472108E-006  1.302828791464404E+002
    744  7.788355794483310E-006  1.127340165661099E+002
    665  7.753927898995309E-006  1.096195054263975E+002
    346  7.523342323615374E-006  4.251353138364797E+001
    782  7.366700000053067E-006  1.155663554633046E+002
    215  7.319922476515125E-006  3.430912489816387E+001
    250  7.281521834758327E-006  3.645071914574685E+001
   1046  7.219815247665579E-006  1.322741703884410E+002
    232  7.180850175905619E-006  3.530982942235851E+001
    211  7.168956820018546E-006  3.422885497659050E+001
    770  7.114172078920822E-006  1.141655133118217E+002
    927  7.096716418165069E-006  1.271118445081471E+002
    225  7.078756491998956E-006  3.458265676939745E+001
    506  7.068604553305916E-006  6.092479484159845E+001
     17  7.065048998104217E-006  2.091913438766164E+001
   1038  6.991095427961146E-006  1.317153469634680E+002
    438  6.978647894225852E-006  5.568774314714533E+001
   1040  6.959431301281548E-006  1.318325334098182E+002
    362  6.896667774025060E-006  4.520209191521082E+001
    636  6.739843926560401E-006  1.087412284437008E+002
    853  6.723585043782941E-006  1.189950762444425E+002
    469  6.671140261650863E-006  5.857260373695996E+001
    350  6.645280310679700E-006  4.287084402122760E+001
    923  6.621961619474610E-006  1.267345977181097E+002
    922  6.620689644772143E-006  1.267277337836395E+002
    617  6.613627879614625E-006  1.082069188907082E+002
    709  6.604027576425304E-006  1.116986555393093E+002
    702  6.599479631721249E-006  1.112791472783473E+002
     14  6.563619060639710E-006  2.047451167645159E+001
    894  6.468721852331602E-006  1.226855190700912E+002
    815  6.364350824432016E-006  1.170844697210597E+002
    645  6.359006649621241E-006  1.088758352374567E+002
    342  6.331917688778458E-006  4.219280462450153E+001
    185  6.331214976626071E-006  3.329017879350934E+001
    679  6.316053856023249E-006  1.106299731616480E+002
    625  6.083452204251082E-006  1.084878781680722E+002
    821  6.059352622165671E-006  1.173213489801490E+002
    431  6.018432659477588E-006  5.545822575490884E+001
    657  5.956503621399058E-006  1.092680437977900E+002
    683  5.905118448271277E-006  1.107854094171573E+002
    738  5.899876404093337E-006  1.126248828969786E+002
    804  5.870987162104969E-006  1.164307012054320E+002
    503  5.770283904539022E-006  6.062899617907863E+001
    714  5.716969704228044E-006  1.118865310298163E+002
    497  5.687151559264060E-006  5.984833423050026E+001
   1043  5.680801080289399E-006  1.320181582363304E+002
    963  5.671146949608296E-006  1.284456810480366E+002
    707  5.640528794322976E-006  1.116484954290111E+002
    790  5.552783827408210E-006  1.158127479939932E+002
    590  5.527030568631110E-006  1.073381491314167E+002
    619  5.459567294720183E-006  1.083262496248409E+002
    414  5.452204903671741E-006  5.408443269732371E+001
    122  5.389566733252843E-006  2.942821875092930E+001
    994  5.333486219447834E-006  1.299886393654431E+002
   1017  5.300107502682038E-006  1.307020085696559E+002
    562  5.225656969445339E-006  1.058125905236654E+002
    699  5.004524383700596E-006  1.111753891148923E+002
    845  4.955068128142790E-006  1.182722434309271E+002
    623  4.922241083001178E-006  1.084311616311891E+002
    862  4.867097074678449E-006  1.194326389788892E+002
    794  4.860753081386290E-006  1.159299755047292E+002
    236  4.785198267364531E-006  3.558504171265294E+001
     71  4.750813904848258E-006  2.691074291878593E+001
    404  4.749209745687531E-006  5.332919471058649E+001
    204  4.740926824985115E-006  3.416741852472765E+001
    685  4.709939900895564E-006  1.108208915724099E+002
    742  4.618712757284988E-006  1.126546326383816E+002
    642  4.603591697116513E-006  1.088349318990273E+002
    640  4.458901227450301E-006  1.088027953187827E+002
    210  4.436298131433481E-006  3.421873300884823E+001
    556  4.408925259248615E-006  1.053074591696642E+002
    228  4.376312488792728E-006  3.465329128304563E+001
    668  4.375252934987972E-006  1.098358517134249E+002
   1049  4.361521271237852E-006  1.325964910892840E+002
    781  4.352179701273766E-006  1.155015502370288E+002
   1065  4.322849066947466E-006  1.340986810838602E+002
    586  4.320064756929946E-006  1.072414988471015E+002
    715  4.311156582014648E-006  1.119122168057061E+002
    893  4.271576106249972E-006  1.225899968537864E+002
   1035  4.152135266898707E-006  1.315022364948826E+002
    849  4.144936393181450E-006  1.186556798515274E+002
   1020  4.131720392678314E-006  1.308300137670077E+002
    932  4.113703144317146E-006  1.272890793904072E+002
    627  4.069272077438520E-006  1.085359599099982E+002
    496  4.053788563531377E-006  5.977778544840232E+001
    809  4.052638828723466E-006  1.168273457040169E+002
     99  4.043704646722134E-006  2.813215700322161E+001
    731  4.042294592645394E-006  1.124795031346507E+002
    793  3.966338186007254E-006  1.158943894419280E+002
    803  3.905736856894117E-006  1.163959410830473E+002
    958  3.883819407412923E-006  1.283326337970340E+002
    285  3.847340802838244E-006  3.794670187788559E+001
    732  3.845592029658913E-006  1.124809932511083E+002
    648  3.789395342964867E-006  1.089328290594756E+002
    644  3.739133284000772E-006  1.088699046594824E+002
    852  3.735007891077627E-006  1.189308904937423E+002
    976  3.680959004724555E-006  1.291265023483052E+002
    476  3.677845465891912E-006  5.874284760292872E+001
    722  3.677736285561946E-006  1.121989232781130E+002
    415  3.676298261282776E-006  5.409773008136273E+001
     63  3.673506390579917E-006  2.633691355837915E+001
    203  3.650185322997035E-006  3.415596231316062E+001
    990  3.641797576780628E-006  1.297249883032466E+002
    515  3.640178453368029E-006  6.113166482037749E+001
    492  3.636055366056684E-006  5.919740097208313E+001
    949  3.541146282021485E-006  1.280833568476082E+002
    660  3.516987918919400E-006  1.093929129115852E+002
    758  3.509653342343156E-006  1.131945788764974E+002
    531  3.493544789495529E-006  6.280622541285696E+001
    530  3.491026512708455E-006  6.265828803408258E+001
    820  3.478493905239413E-006  1.173160626674297E+002
    767  3.456712302951192E-006  1.139787538815297E+002
    198  3.402990503340666E-006  3.410095577154824E+001
    982  3.385184628624719E-006  1.293230544301462E+002
    915  3.383991261701889E-006  1.261627872997085E+002
    677  3.375764251971694E-006  1.104103779431708E+002
    437  3.362354224459206E-006  5.567668099873953E+001
    880  3.354030532807500E-006  1.209811659012211E+002
    676  3.325045718462537E-006  1.102968009656115E+002
    371  3.307135862214281E-006  4.567834615857563E+001
   1010  3.303172204923664E-006  1.305150376372933E+002
    865  3.290965885271301E-006  1.195233182598442E+002
    703  3.277890443199649E-006  1.113359924967504E+002
    846  3.265063474783490E-006  1.183733977129572E+002
    557  3.172121379249538E-006  1.053298087456868E+002
    757  3.168268743722226E-006  1.131455979007981E+002
    955  3.108883329003879E-006  1.283043098504922E+002
    509  3.108641904779131E-006  6.104665142125116E+001
    651  3.087304135738313E-006  1.090123807306586E+002
    412  3.003525215835804E-006  5.399327798218789E+001
    728  2.998538917547687E-006  1.123911467240560E+002
    792  2.977790138320414E-006  1.158579110744502E+002
    364  2.927066574701887E-006  4.528995878587361E+001
    273  2.869055481023269E-006  3.771236202405859E+001
    408  2.844847050111593E-006  5.368647704938994E+001
    169  2.841573040536568E-006  3.225245008090104E+001
    603  2.725247427327187E-006  1.078480909052838E+002
    764  2.679577738315003E-006  1.137269990775531E+002
    711  2.652028624130438E-006  1.117833092223069E+002
     40  2.628200302267900E-006  2.429142631572386E+001
    286  2.565935436493912E-006  3.806107114689090E+001
   1051  2.538541509449156E-006  1.330173846663143E+002
    664  2.486827029096004E-006  1.095868237421283E+002
    540  2.479559456824395E-006  1.019596674086986E+002
    244  2.457949845752146E-006  3.582009297825139E+001
    388  2.457351369068419E-006  4.916519389587509E+001
    278  2.457165019723396E-006  3.775225448216675E+001
   1054  2.457023549251589E-006  1.332101619260334E+002
    696  2.421987454560760E-006  1.111110130672436E+002
   1003  2.401386489780602E-006  1.302792324598297E+002
    859  2.397719033938353E-006  1.193117826572047E+002
    997  2.377942981862870E-006  1.300952728722026E+002
    978  2.361986206871524E-006  1.291764873003617E+002
    957  2.348824168946197E-006  1.283224605383935E+002
    985  2.310312874771786E-006  1.294454523269476E+002
    398  2.275052083981222E-006  5.298968704937109E+001
    688  2.203516014252548E-006  1.108652117541332E+002
    662  2.199611165312652E-006  1.094304874643061E+002
     56  2.199136669824107E-006  2.577494999028338E+001
    805  2.170131518735836E-006  1.165442309434909E+002
   1056  2.164447830666465E-006  1.332822863268028E+002
    256  2.154297855740063E-006  3.708485200545782E+001
    828  2.124973275593747E-006  1.175132070682912E+002
   1021  2.113419688626065E-006  1.308784400027895E+002
    739  2.096788392626530E-006  1.126267264275300E+002
    851  2.083730322877270E-006  1.189105890777936E+002
    933  2.081536157814697E-006  1.272967505112425E+002
    614  2.069491088669874E-006  1.081499604581023E+002
    761  2.065771608056602E-006  1.134019555363662E+002
    928  2.050881029078796E-006  1.271758190169006E+002
    878  2.047820242658552E-006  1.208553192243232E+002
    939  2.014550288940655E-006  1.276788938661296E+002
    606  1.972573117204757E-006  1.079754075340127E+002
    961  1.875669808879882E-006  1.283826108536399E+002
    901  1.872671737944009E-006  1.246352700151236E+002
    920  1.761738473521795E-006  1.265729199247587E+002
    822  1.761340964985063E-006  1.173379890193997E+002
    351  1.760243750273667E-006  4.290814690346715E+001
   1011  1.759831850834525E-006  1.305590563134582E+002
    863  1.755951629303876E-006  1.194780899982511E+002
    410  1.740625626523037E-006  5.380004782230375E+001
    931  1.732954133952422E-006  1.272754104030811E+002
    786  1.725734078915486E-006  1.156679892855772E+002
    380  1.703603106613787E-006  4.621788456267294E+001
    638  1.690559900683317E-006  1.087773663504995E+002
    135  1.676418303953686E-006  2.990996926970350E+001
    520  1.672112709998787E-006  6.117519869664547E+001
    118  1.670353883776986E-006  2.927665934202001E+001
    729  1.631561592903332E-006  1.124070412533170E+002
   1031  1.626285013036304E-006  1.313824495210718E+002
    355  1.550471446969851E-006  4.365668409738398E+001
    967  1.492767708724306E-006  1.287730879251822E+002
    653  1.489311122415002E-006  1.090926521840726E+002
   1023  1.486286908045242E-006  1.309907545973144E+002
    925  1.484702804220161E-006  1.268943605090481E+002
    900  1.467571325986035E-006  1.240255399934555E+002
    730  1.439229214386936E-006  1.124678820560711E+002
    968  1.436326425139349E-006  1.287893908307005E+002
    814  1.428592524009282E-006  1.170571282096026E+002
    888  1.349807635409933E-006  1.215384892766490E+002
    629  1.327020219328923E-006  1.086436456014825E+002
    766  1.300839442230330E-006  1.138313497862233E+002
    936  1.238062458402940E-006  1.275963114471066E+002
    908  1.234088135777904E-006  1.256350992978881E+002
    705  1.233188818634480E-006  1.114879185885843E+002
    947  1.217346642038310E-006  1.280025795512814E+002
    858  1.214928271366712E-006  1.193043137223610E+002
    817  1.173726174329217E-006  1.171745914510001E+002
    876  1.172436772440149E-006  1.207338716680959E+002
    882  1.148755137906883E-006  1.212606419968792E+002
    776  1.139882883593355E-006  1.150535509847603E+002
    935  1.136982903383494E-006  1.274477748704804E+002
    747  1.127641438498375E-006  1.128221651622354E+002
    120  1.123888554298156E-006  2.935022978395871E+001
    977  1.093737987229411E-006  1.291448023039548E+002
    980  1.076051116036133E-006  1.292322903638887E+002
    591  1.073165704585913E-006  1.073970459895217E+002
    541  1.068114462006506E-006  1.020561485810812E+002
    481  1.051817186768249E-006  5.889564718758225E+001
    883  1.005974380513125E-006  1.212822283474710E+002
   1012  9.991474393264494E-007  1.305860585800326E+002
    321  9.876308066026426E-007  3.959878738143280E+001
    721  9.875404471417147E-007  1.121902054803930E+002
    259  9.844494022413837E-007  3.731129763636223E+001
    523  9.835141590534029E-007  6.195141091349550E+001
    188  9.679473481245114E-007  3.343297855491465E+001
    675  9.481233753150643E-007  1.101932688761904E+002
    736  9.263358902852934E-007  1.125700463249535E+002
    726  9.233754282408923E-007  1.123280306605216E+002
    991  9.153384303722664E-007  1.298309517843196E+002
    999  9.086214935033409E-007  1.301340763851820E+002
    753  8.950311646746401E-007  1.130399909728984E+002
    750  8.851665656686369E-007  1.128980084302201E+002
     29  8.690522269553114E-007  2.304600720746813E+001
    811  8.455839915563587E-007  1.169131613251637E+002
    268  8.280516733254130E-007  3.765614789507087E+001
    819  8.153559631223688E-007  1.172617623112352E+002
    136  8.153495937796207E-007  2.995197020395121E+001
    884  8.049973395544127E-007  1.212913619330936E+002
    983  7.895057365305241E-007  1.293699640118089E+002
    772  7.868214162879892E-007  1.144444014986270E+002
    373  7.686602572235816E-007  4.573517441489172E+001
    906  7.599262945256918E-007  1.253859334012492E+002
    948  7.494915836074693E-007  1.280530341997139E+002
    995  7.468704199749329E-007  1.300556822463785E+002
   1076  7.352988922630127E-007  1.858411948136732E+002
    834  7.224999104059448E-007  1.176651591794238E+002
    155  7.057356275720514E-007  3.129077640287002E+001
    140  6.913218821257825E-007  3.002380690834687E+001
    144  6.763470248782116E-007  3.023024488043693E+001
    987  6.693649288987229E-007  1.295218650079724E+002
    993  6.595330733133127E-007  1.299638892136509E+002
    867  6.500720162272212E-007  1.199420338065019E+002
    941  6.360540680238056E-007  1.277239710636116E+002
    887  6.183557744389362E-007  1.215278324822884E+002
    951  6.137472336528086E-007  1.282127111215003E+002
    779  6.078303687969712E-007  1.153237642854880E+002
    827  5.819137567380875E-007  1.174913134466901E+002
    395  5.725391666084230E-007  5.279005865968511E+001
   1025  5.693154083654478E-007  1.310823101564250E+002
    856  5.670990352470506E-007  1.192407591408727E+002
   1058  5.628934681732680E-007  1.334381531708862E+002
    912  5.628759133240360E-007  1.259977317017505E+002
    818  5.592072300359621E-007  1.172202887178189E+002
    720  5.471344847996627E-007  1.121496181246094E+002
     93  5.451718371939191E-007  2.801831476528660E+001
    788  5.256369986215566E-007  1.157595566872355E+002
    718  5.251512080248924E-007  1.120307816427976E+002
    756  5.116914465415815E-007  1.131019348749128E+002
    178  5.078564618169738E-007  3.291892583427273E+001
    628  5.030806098611931E-007  1.085999071252231E+002
    839  4.981293904258706E-007  1.178451551754228E+002
    946  4.610518808690816E-007  1.279201366409634E+002
    950  4.608773422806898E-007  1.281356928004739E+002
    363  4.603349976800579E-007  4.523665715266514E+001
     94  4.464536595173655E-007  2.803048707399637E+001
    869  4.423549398585727E-007  1.201465244096069E+002
    302  4.317626377422179E-007  3.874867387838012E+001
    581  4.308828859095398E-007  1.069166383916512E+002
    478  4.180322748585812E-007  5.880478287498814E+001
    857  4.171771235473942E-007  1.192977858717030E+002
    249  4.160646149951769E-007  3.643158917315001E+001
    740  4.078377300079799E-007  1.126281679605138E+002
    129  4.017792723593417E-007  2.967722940199728E+001
    345  3.887213627710698E-007  4.248475366295001E+001
    626  3.794714484774642E-007  1.085197354965440E+002
      1  3.721659482672386E-007  1.480943860687432E+001
    969  3.591371679909011E-007  1.288232913140608E+002
    175  3.550499574753794E-007  3.282740528695558E+001
    735  3.240233103833926E-007  1.125422257639707E+002
    262  3.202638889693328E-007  3.754826259370084E+001
    826  3.159903566236947E-007  1.174535409692338E+002
    959  3.115876806881764E-007  1.283643788123119E+002
   1037  2.946282125003008E-007  1.316166834102353E+002
    914  2.775417434664264E-007  1.261343003660832E+002
     65  2.730015906668967E-007  2.645533186342116E+001
    271  2.691578715020707E-007  3.769377629908810E+001
    612  2.504157524521068E-007  1.080838271474082E+002
    704  2.469023028171163E-007  1.114088220449556E+002
    108  2.388869238163277E-007  2.884206820739177E+001
    411  2.283688694154382E-007  5.390414096058870E+001
    399  2.246393705956947E-007  5.300117686152819E+001
    864  2.226639899102482E-007  1.195154318953015E+002
    146  2.081518229066221E-007  3.038455959742199E+001
    861  2.057839781826533E-007  1.193618968506130E+002
    841  2.032603482230434E-007  1.180046875638410E+002
    620  1.900343542638778E-007  1.083700393844588E+002
    501  1.848935843763825E-007  6.025540211442135E+001
    971  1.825503196209610E-007  1.289111652451389E+002
    875  1.802606889388073E-007  1.206504418490652E+002
    801  1.723178765122052E-007  1.162412158177078E+002
    598  1.698875986984768E-007  1.077082259858063E+002
    510  1.652079041317483E-007  6.106496915014706E+001
    265  1.640057537164431E-007  3.762418150997995E+001
    489  1.624493551723693E-007  5.906665573291085E+001
    416  1.605608942396394E-007  5.412105627361211E+001
    647  1.577812011645899E-007  1.089204596390746E+002
    124  1.471345075212996E-007  2.953039329658957E+001
    996  1.397541883064385E-007  1.300741546440489E+002
    240  1.392375698705347E-007  3.568815433410965E+001
    252  1.362845159578809E-007  3.681481496629917E+001
    850  1.349567120242409E-007  1.188640670964077E+002
    254  1.331074282481741E-007  3.696870162494890E+001
    692  1.311934362670956E-007  1.109991362888409E+002
    806  1.276642917243733E-007  1.165904998677036E+002
    798  1.272079907352684E-007  1.161233232814441E+002
   1059  1.255455087086443E-007  1.335352794510990E+002
    754  1.239894126785460E-007  1.130532912402911E+002
    837  1.041775037912414E-007  1.177814246314451E+002
     47  9.734236295961796E-008  2.514695584094496E+001
    773  9.313681553153749E-008  1.146041296786391E+002
    904  9.287746584102634E-008  1.250437756508075E+002
    534  9.217455176608671E-008  6.352992396574133E+001
   1015  9.075096587564130E-008  1.306693309857935E+002
    752  9.072933826087348E-008  1.129825416205730E+002
   1007  8.828531398922294E-008  1.303971511397991E+002
    881  8.402682394253854E-008  1.212001054655417E+002
    115  7.454184274626701E-008  2.908676806680809E+001
    443  6.925675708008020E-008  5.615506371008289E+001
    490  6.565484070645956E-008  5.909746584665749E+001
    953  6.043521833338265E-008  1.282835790234384E+002
    745  5.940424006431226E-008  1.127541380335163E+002
    263  5.810961088410315E-008  3.756851288337069E+001
   1073  5.637052423627100E-008  1.355646294676644E+002
    743  5.451940945053881E-008  1.126739704882794E+002
   1002  5.159167700577667E-008  1.301955720736593E+002
    872  5.155790443804325E-008  1.204992644439996E+002
    874  4.691518330514500E-008  1.206463359037059E+002
    833  4.605618223147107E-008  1.176450554682990E+002
    439  3.901314796250284E-008  5.581771077364913E+001
    889  3.245164979558948E-008  1.221096476933091E+002
    499  3.191161932025755E-008  6.010190034988052E+001
    885  2.892729604868855E-008  1.213849358963692E+002
    643  2.833433652635511E-008  1.088529165631816E+002
    974  2.718721038067760E-008  1.290391941684268E+002
    840  2.224103188965705E-008  1.179674198090055E+002
    701  2.125870290234531E-008  1.112655741498095E+002
   1030  1.922748856135103E-008  1.313677884464318E+002
    824  1.727640561257375E-008  1.173851057796732E+002
    775  1.443476627140207E-008  1.149447083106751E+002
   1019  1.393303846720472E-008  1.307856127904329E+002
    734  1.246481165172222E-008  1.125227414297757E+002
    860  9.658373047871810E-009  1.193608179742887E+002
    913  9.053490348941371E-009  1.260963173315474E+002
    406  7.361517688779226E-009  5.347162595814701E+001
    844  6.960136460114451E-009  1.182236522024691E+002
    435  6.949572155311879E-009  5.559833163642786E+001
    599  6.217149234740001E-009  1.077354408464688E+002
    693  5.315846928275748E-009  1.110198391814811E+002
    830  5.144657295984543E-009  1.175448785112390E+002
    929  4.780396743238698E-009  1.272324166790593E+002
    891  4.731582367396243E-009  1.222344606190913E+002
     87  4.274666384338246E-009  2.773505635732142E+001
     83  3.873591592950594E-009  2.745200449399356E+001
    126  3.650418904647254E-009  2.957864372821811E+001
    759  2.301279065561542E-009  1.132523759465808E+002
    723  2.243761604389518E-009  1.122249597820348E+002
    956  2.094494526987980E-009  1.283075816024711E+002
    173  1.757679055149555E-009  3.267731285541730E+001
    823  1.635476397688534E-009  1.173434151863991E+002
    966  1.006484189672586E-009  1.287120665380274E+002
    652  7.362627393004700E-010  1.090805000764319E+002
    965  5.378239190773170E-010  1.286084743618769E+002
