# Number of modes
   1077
# Tabulated for different initial and final frequencies?
    F
# Mode index, Sj, (highest to lowest), omega_j
    419  3.493358842122351E-002  5.447434435004674E+001
    418  3.165786961286072E-002  5.440760214654593E+001
    566  2.491393941507358E-002  1.060197199307676E+002
     65  1.745293017980498E-002  2.645533186342116E+001
    552  1.203282692115228E-002  1.045004516183760E+002
    563  8.055105659216967E-003  1.058622417292547E+002
    547  7.683334709162202E-003  1.040413527560943E+002
     71  5.886599966281038E-003  2.691074291878593E+001
    393  4.050376706918615E-003  5.117422678475859E+001
    300  3.918235922883863E-003  3.871033423098082E+001
    415  3.746470033776697E-003  5.409773008136273E+001
    485  3.624741406910643E-003  5.896971858223063E+001
   1070  3.537797878488319E-003  1.350535885837313E+002
     70  3.315868817327186E-003  2.683332853591699E+001
   1072  2.957757028861068E-003  1.354275255218108E+002
     60  2.511896422912508E-003  2.612817271153773E+001
     67  2.141599381262761E-003  2.663955326886673E+001
    539  1.863914005903980E-003  1.004038214764926E+002
      7  1.815921495251250E-003  1.598850297870253E+001
    492  1.800678034647374E-003  5.919740097208313E+001
    358  1.713108468031366E-003  4.418411045040358E+001
     10  1.612475676131586E-003  1.630017574824609E+001
   1062  1.528556102138861E-003  1.338537297016246E+002
    298  1.480924951436850E-003  3.860785506393049E+001
    165  1.395153015862128E-003  3.194792507678593E+001
    188  1.380900717529817E-003  3.343297855491465E+001
   1052  1.377789291306383E-003  1.330891459743712E+002
    248  1.343708941280136E-003  3.617742791171408E+001
    425  1.339679282550756E-003  5.512885982268182E+001
    568  1.338317874116892E-003  1.063884322375297E+002
    254  1.288472723457959E-003  3.696870162494890E+001
     54  1.285984366727410E-003  2.537118147105558E+001
     55  1.190019278339834E-003  2.564739582447731E+001
    413  1.077835799793467E-003  5.407796767412047E+001
     57  1.077191886287727E-003  2.601044601303876E+001
    421  1.073487173423823E-003  5.469982084171487E+001
    301  1.036498771948611E-003  3.874125966254066E+001
    103  1.018927095175847E-003  2.854698030319213E+001
     23  9.843740430601558E-004  2.160694502786773E+001
    251  9.799564570110474E-004  3.670193646720268E+001
    411  9.579014336309060E-004  5.390414096058870E+001
    570  9.414311725908257E-004  1.064458450110351E+002
    386  9.355936242967350E-004  4.778448827008048E+001
    245  9.006459842540957E-004  3.584895809931362E+001
   1064  8.665680064334685E-004  1.339182935247794E+002
     27  8.252034138709359E-004  2.288948685305089E+001
      8  8.175577568400393E-004  1.603898235084092E+001
   1053  7.873108539188169E-004  1.331993000158318E+002
    575  7.662557793253409E-004  1.067636975144964E+002
     24  7.521039337131159E-004  2.165827626673025E+001
    185  7.459676869846713E-004  3.329017879350934E+001
      9  7.341037476003173E-004  1.615282072713023E+001
    253  6.979879079519616E-004  3.690338042035397E+001
    164  6.836441493106889E-004  3.156123118588701E+001
     12  6.784079130204775E-004  1.791855268392995E+001
    108  6.693925631942227E-004  2.884206820739177E+001
    474  6.675690369949381E-004  5.866520048333617E+001
    546  6.580933421420135E-004  1.038908634804570E+002
     38  6.278937248353202E-004  2.415274881711009E+001
    195  6.264365153244882E-004  3.399004655216064E+001
     35  6.126460782877781E-004  2.406163852032448E+001
     37  6.089926730913379E-004  2.413005277682491E+001
    423  5.853923510752042E-004  5.491452382822700E+001
    400  5.795340164166094E-004  5.304406357850599E+001
      4  5.766330772680916E-004  1.555889535187236E+001
    588  5.757149000231945E-004  1.072780161282308E+002
   1042  5.692988984855125E-004  1.319938555239870E+002
    445  5.466863922173993E-004  5.650985963977887E+001
   1041  5.367470881103931E-004  1.318604688563310E+002
    479  5.230788604371852E-004  5.886156225440574E+001
    512  4.879830001660212E-004  6.110465593383906E+001
    114  4.779214722553613E-004  2.903390568794284E+001
    115  4.506117589837969E-004  2.908676806680809E+001
   1039  4.344630612715189E-004  1.317789778316224E+002
   1069  4.343476716688207E-004  1.347402109836953E+002
    544  4.281327496405502E-004  1.037287728441322E+002
    169  4.276276725323988E-004  3.225245008090104E+001
    157  4.165483572998756E-004  3.136040875348826E+001
   1060  4.153139054442011E-004  1.336329109810919E+002
     48  4.038004597317739E-004  2.521050943974308E+001
    166  3.829303270013388E-004  3.197534022905977E+001
    329  3.812983247725617E-004  3.994917835777716E+001
    258  3.800222309292396E-004  3.725675246841864E+001
    236  3.752123278279318E-004  3.558504171265294E+001
    241  3.633496170464567E-004  3.573178726353736E+001
    395  3.611396752060837E-004  5.279005865968511E+001
    387  3.492303960838333E-004  4.845493173747810E+001
    459  3.487681031800057E-004  5.797524108925945E+001
    431  3.457970208866098E-004  5.545822575490884E+001
     64  3.448098140181028E-004  2.637954322898939E+001
    454  3.370149271598527E-004  5.753531790534946E+001
    105  3.361594582788631E-004  2.872870804936272E+001
     18  3.296090448135724E-004  2.124694793769305E+001
    554  3.252568665925831E-004  1.048978551747549E+002
    230  3.234216519219965E-004  3.507000892128892E+001
    553  3.230093606850298E-004  1.045844149005738E+002
   1038  3.229752252773803E-004  1.317153469634680E+002
    557  3.185524249093766E-004  1.053298087456868E+002
    223  3.184998652523207E-004  3.452101188794168E+001
    233  3.060435529250809E-004  3.536858076063520E+001
    173  2.959019999471902E-004  3.267731285541730E+001
     42  2.917054783366283E-004  2.442065503900721E+001
   1066  2.895775900399286E-004  1.341339055776214E+002
    198  2.852126584967817E-004  3.410095577154824E+001
     86  2.847354825566877E-004  2.760340701365068E+001
    483  2.841918089606041E-004  5.892865432514233E+001
    163  2.841400792070071E-004  3.148605603035891E+001
    151  2.798357257066660E-004  3.097448214004631E+001
     58  2.795964074525831E-004  2.603619761911758E+001
    462  2.787352924827742E-004  5.834568949164402E+001
     29  2.745033467880070E-004  2.304600720746813E+001
    551  2.691120189895655E-004  1.044758850995860E+002
    402  2.649218436657105E-004  5.323403324336612E+001
    279  2.635936642363393E-004  3.776291602598710E+001
    182  2.585815543105272E-004  3.313118961536368E+001
    549  2.566647307695902E-004  1.043755820157491E+002
    111  2.541885988793604E-004  2.891758955889047E+001
   1057  2.502864811489963E-004  1.332882698940204E+002
    374  2.381142970831779E-004  4.576894168844035E+001
    379  2.362555796247986E-004  4.610002508350383E+001
    430  2.341610983010770E-004  5.544226538226409E+001
    414  2.338415784671873E-004  5.408443269732371E+001
    356  2.333058554637113E-004  4.399929676237998E+001
    489  2.223837395163508E-004  5.906665573291085E+001
    477  2.205005798388466E-004  5.875439662154096E+001
    503  2.192159432166279E-004  6.062899617907863E+001
    540  2.179581596370556E-004  1.019596674086986E+002
    604  2.113336088584248E-004  1.078901483894559E+002
      5  2.076787010432837E-004  1.580375607842547E+001
    172  2.075260300179057E-004  3.254695536480502E+001
    240  1.998345659397293E-004  3.568815433410965E+001
    180  1.994175834905104E-004  3.306959511625761E+001
    256  1.946189116766399E-004  3.708485200545782E+001
    531  1.939593117999749E-004  6.280622541285696E+001
    613  1.912253703602722E-004  1.081325074305931E+002
    572  1.847414840729976E-004  1.066354688575440E+002
    190  1.767558907016733E-004  3.352213579831744E+001
    777  1.763400168027170E-004  1.150636811545726E+002
     31  1.745034118503734E-004  2.349957735236975E+001
    148  1.725308985712779E-004  3.055713011308698E+001
    404  1.719763175274109E-004  5.332919471058649E+001
    658  1.694539435278535E-004  1.092752908733605E+002
     66  1.670833512417179E-004  2.653041695388611E+001
    434  1.664581816430006E-004  5.556859477681133E+001
    238  1.651833860806315E-004  3.562010162214489E+001
     85  1.633223553536446E-004  2.757726243328665E+001
    152  1.580816624779707E-004  3.107793476288124E+001
     41  1.524029631859468E-004  2.434332602389209E+001
    416  1.521799498459977E-004  5.412105627361211E+001
    475  1.459433094799622E-004  5.870955367754343E+001
    330  1.415530573688674E-004  4.000719691328421E+001
     39  1.403138545640084E-004  2.419216907562118E+001
    438  1.395332174079249E-004  5.568774314714533E+001
    678  1.390185080106390E-004  1.105298402911861E+002
    144  1.379075189556739E-004  3.023024488043693E+001
    768  1.356989708450141E-004  1.140511281344195E+002
    559  1.350849213148807E-004  1.054467335457494E+002
    341  1.313051984691667E-004  4.207899368185591E+001
    299  1.308271872642872E-004  3.861147003050849E+001
   1067  1.307440731064923E-004  1.341872351276505E+002
    666  1.300119739298765E-004  1.096961217429448E+002
    504  1.281630310824947E-004  6.073767201700102E+001
    548  1.274154889648889E-004  1.041098140943872E+002
    535  1.273229077699543E-004  7.234684016852472E+001
    536  1.269731239588274E-004  7.244369170766353E+001
    480  1.257964754768450E-004  5.887142017505539E+001
    100  1.257398403366360E-004  2.814590236831992E+001
    407  1.237435700235957E-004  5.355040632372296E+001
     14  1.225508909765651E-004  2.047451167645159E+001
    585  1.225308202067980E-004  1.071721890576240E+002
    306  1.219715122682199E-004  3.922583615449084E+001
    998  1.217373701816265E-004  1.301241144683907E+002
   1033  1.217200176361408E-004  1.314921549657209E+002
    110  1.212593968998961E-004  2.890337161783228E+001
    119  1.205514080745382E-004  2.929038281335912E+001
   1008  1.204138613700125E-004  1.304054287055121E+002
    576  1.203615041993724E-004  1.068188420241767E+002
    120  1.193678370916305E-004  2.935022978395871E+001
     40  1.172608434940455E-004  2.429142631572386E+001
   1036  1.152919558719835E-004  1.315563975924429E+002
    288  1.145880957738596E-004  3.825168870868715E+001
    255  1.139554448042217E-004  3.705801266502003E+001
    774  1.138661909614952E-004  1.147299018357027E+002
    464  1.109086337758265E-004  5.841767339850505E+001
    602  1.108671349450311E-004  1.078335831208874E+002
    229  1.105107656340041E-004  3.477639317683153E+001
     11  1.091935943145115E-004  1.771447447329438E+001
   1031  1.089886253599805E-004  1.313824495210718E+002
    142  1.075114986771583E-004  3.011700635419402E+001
   1032  1.070772487367208E-004  1.314270448258869E+002
    482  1.061644333133885E-004  5.890508639424976E+001
    505  1.029582617613212E-004  6.089365906344585E+001
    380  1.024550508971090E-004  4.621788456267294E+001
    519  1.020669891311280E-004  6.116666091909611E+001
    593  1.010707984845534E-004  1.074633420950339E+002
     17  1.007839518060545E-004  2.091913438766164E+001
    376  9.997343458997191E-005  4.578482274843697E+001
    381  9.704557282888474E-005  4.623753374880091E+001
     95  9.665865028091062E-005  2.806113631432304E+001
    460  9.633520964591553E-005  5.821511818989060E+001
    518  9.631764287613903E-005  6.116565427175681E+001
   1047  9.503126169010091E-005  1.324683504365100E+002
   1044  9.149802736798946E-005  1.320835593454495E+002
    472  9.062454363012078E-005  5.860732378330380E+001
    467  9.032300293070308E-005  5.850070475174659E+001
    384  8.857135818604444E-005  4.693482184770667E+001
    468  8.840816696679876E-005  5.850419738659161E+001
    161  8.629105991344183E-005  3.141544799468193E+001
    145  8.595251596657951E-005  3.035386176419680E+001
     77  8.577149103968107E-005  2.720977418778346E+001
    659  8.524439711916466E-005  1.093169473413985E+002
     20  8.427663697167659E-005  2.146722812704134E+001
    778  8.417179848901600E-005  1.153062331743218E+002
    177  8.395267456937960E-005  3.286305119332699E+001
    321  8.298614717782629E-005  3.959878738143280E+001
   1050  8.245150094564549E-005  1.326682006609648E+002
    347  8.236833727224161E-005  4.251894246220620E+001
    193  8.194653512220225E-005  3.387383688791338E+001
    344  8.168234446368972E-005  4.229281490750487E+001
    694  8.161192491663540E-005  1.110208923005156E+002
     44  8.155630833871051E-005  2.487547588775838E+001
     49  8.146441340339923E-005  2.521926711432687E+001
    222  8.116461366355358E-005  3.444665555523785E+001
      2  8.089464834303574E-005  1.507477314615795E+001
    365  8.048464940395105E-005  4.540196146988517E+001
   1048  7.969349466647324E-005  1.325281096806480E+002
   1001  7.963869747306174E-005  1.301907504163165E+002
    141  7.926888197016341E-005  3.005205957969120E+001
    192  7.916604387141813E-005  3.373139183933635E+001
    293  7.792529826802826E-005  3.840315559517953E+001
    446  7.689821219916801E-005  5.657515742254393E+001
     22  7.588885575200324E-005  2.149928230079738E+001
    311  7.446105508392305E-005  3.939193935233331E+001
   1075  7.368489161530399E-005  1.852007864492208E+002
    592  7.129970142455118E-005  1.074010896433819E+002
    409  7.126434106021492E-005  5.377950655266745E+001
    125  7.121072310669847E-005  2.955205187993630E+001
    282  7.097031585564569E-005  3.781601762519486E+001
     36  6.980758659882140E-005  2.408548968715760E+001
    207  6.968098208772970E-005  3.419271829752626E+001
    186  6.953185283063468E-005  3.335079910483972E+001
    117  6.926930080086198E-005  2.915145470361619E+001
    346  6.856377408456874E-005  4.251353138364797E+001
    226  6.841953112261726E-005  3.460914941435140E+001
    333  6.785495055239774E-005  4.050570323460023E+001
    191  6.678123430464899E-005  3.372798248811258E+001
     72  6.540109832344455E-005  2.695844835194747E+001
    973  6.502843588800763E-005  1.290303348922233E+002
   1006  6.489430616548232E-005  1.303473844140781E+002
    970  6.430849537549424E-005  1.288440499253601E+002
    106  6.321299344529835E-005  2.873147041157064E+001
    131  6.215583648806496E-005  2.976719894627799E+001
    196  6.214877571403610E-005  3.402217963204272E+001
    259  6.171511523736386E-005  3.731129763636223E+001
    232  6.062578734339322E-005  3.530982942235851E+001
    491  6.025586387003444E-005  5.916484178919298E+001
    278  6.005335710160075E-005  3.775225448216675E+001
    199  5.966047855304299E-005  3.411214171315592E+001
    456  5.941427338438889E-005  5.758475825352298E+001
   1055  5.870630832615769E-005  1.332315483337306E+002
    561  5.776157084930669E-005  1.057823475786052E+002
     97  5.755861436565065E-005  2.809615145046481E+001
    183  5.725803043052907E-005  3.317747871488443E+001
    360  5.667091083006661E-005  4.501412031898634E+001
    514  5.598365283395100E-005  6.112143562944963E+001
    825  5.590329977453326E-005  1.174155068731360E+002
    567  5.557117294496807E-005  1.061175767374582E+002
    466  5.507186034720303E-005  5.848631456847294E+001
    385  5.490146972467488E-005  4.744969147605799E+001
    545  5.469758733137059E-005  1.038885725205099E+002
    378  5.441677514994509E-005  4.609481655347708E+001
    212  5.436474634985538E-005  3.425448747044050E+001
    133  5.422360827853071E-005  2.980777525245198E+001
    771  5.388399754669692E-005  1.142541813627527E+002
    264  5.228038554663494E-005  3.760740200223662E+001
    763  5.208444431216232E-005  1.136578287383470E+002
    158  5.191220519901205E-005  3.138637587596471E+001
    484  5.085333713678422E-005  5.894622531819898E+001
    897  5.022443139758946E-005  1.233154024205701E+002
    967  4.960264784603711E-005  1.287730879251822E+002
    348  4.946894760268293E-005  4.278252907839931E+001
    995  4.859976247161980E-005  1.300556822463785E+002
    154  4.748596573976483E-005  3.128025029310897E+001
     80  4.705794209334016E-005  2.737665388114407E+001
    618  4.680354454218395E-005  1.083041655146542E+002
     69  4.516316816493992E-005  2.667931486079132E+001
     82  4.496142519520383E-005  2.744742479332049E+001
    331  4.492615220678029E-005  4.033978069592825E+001
    448  4.484256156950801E-005  5.707216855561523E+001
    246  4.435339994592999E-005  3.612200287477440E+001
   1058  4.425789970005174E-005  1.334381531708862E+002
    218  4.358075860454089E-005  3.434087154455664E+001
    325  4.350721834834287E-005  3.979678053884171E+001
    799  4.283688280123142E-005  1.161655148393659E+002
    989  4.171211023208409E-005  1.296856498562064E+002
    848  4.148580973944478E-005  1.185512117490796E+002
    952  4.061361558997490E-005  1.282170243378332E+002
     74  4.055628634893461E-005  2.706787664592100E+001
     26  4.052267347574143E-005  2.275577786050195E+001
    319  4.036322030153475E-005  3.955367029075058E+001
   1021  3.981957810102378E-005  1.308784400027895E+002
     81  3.934267113824425E-005  2.737831616504717E+001
    302  3.912658825167044E-005  3.874867387838012E+001
   1071  3.856042125771383E-005  1.353191143310252E+002
    513  3.855740772800746E-005  6.111701004965728E+001
     28  3.835867223966961E-005  2.303576073275412E+001
    427  3.792106957111939E-005  5.530625255614972E+001
    795  3.721053072572152E-005  1.159446042090269E+002
    587  3.718009095409438E-005  1.072564562863978E+002
    772  3.714575763424168E-005  1.144444014986270E+002
    357  3.649309080036168E-005  4.413715889769129E+001
    118  3.614799946097982E-005  2.927665934202001E+001
    295  3.553885059554357E-005  3.844649820311862E+001
    202  3.541848014319876E-005  3.414693728338715E+001
    700  3.463275152281955E-005  1.112187707043413E+002
    217  3.446887169912920E-005  3.432077633458158E+001
    762  3.414515324601747E-005  1.134504722361933E+002
    383  3.411751517397721E-005  4.665506804468283E+001
    134  3.399117546806099E-005  2.989081555609098E+001
    810  3.384064527571661E-005  1.168542717379606E+002
    756  3.242060067591131E-005  1.131019348749128E+002
    458  3.205229825352321E-005  5.780961640938520E+001
    153  3.186962662534418E-005  3.119128674334460E+001
     33  3.158623379682930E-005  2.387502434282544E+001
    121  3.118064373946207E-005  2.937009161569695E+001
    525  3.085533016998385E-005  6.201689187624501E+001
    320  3.052631507653744E-005  3.958466091098631E+001
    205  2.992549867512538E-005  3.418138862993963E+001
    101  2.981949374536354E-005  2.816121926613436E+001
    244  2.969124122838019E-005  3.582009297825139E+001
    450  2.927797936408149E-005  5.723022636777802E+001
    555  2.925993148785117E-005  1.049505825405343E+002
    507  2.899656386237636E-005  6.098134465730102E+001
    580  2.881315281715736E-005  1.069063882425304E+002
     45  2.879088869808042E-005  2.505629895200580E+001
    534  2.855622760964322E-005  6.352992396574133E+001
    515  2.798593202439510E-005  6.113166482037749E+001
    201  2.790377857582099E-005  3.413905621996786E+001
     61  2.783342086845832E-005  2.623624111749398E+001
    355  2.748214087734638E-005  4.365668409738398E+001
    615  2.736432988764794E-005  1.081646255451844E+002
     76  2.712504707414430E-005  2.719040433196805E+001
    206  2.674554104702530E-005  3.418711639611698E+001
    209  2.655080758846431E-005  3.420776675567321E+001
    654  2.637519347196485E-005  1.091774321289355E+002
     92  2.609589859388658E-005  2.796966533379813E+001
    136  2.608237191421926E-005  2.995197020395121E+001
     90  2.593793048780457E-005  2.792299487571685E+001
    582  2.574527978398064E-005  1.069886979669129E+002
    221  2.551266799091588E-005  3.444064242877499E+001
    143  2.537890626497732E-005  3.021552765862468E+001
    663  2.534077929338682E-005  1.095408569103236E+002
    351  2.499399800693272E-005  4.290814690346715E+001
    543  2.498676823530166E-005  1.026098663261161E+002
    327  2.478828449282745E-005  3.980649710729982E+001
    493  2.477288614563115E-005  5.956939432616837E+001
    907  2.468329105312271E-005  1.254774984052440E+002
    826  2.452589871454052E-005  1.174535409692338E+002
    150  2.418063151073339E-005  3.095380367517388E+001
    712  2.415395282331375E-005  1.118479116964762E+002
    487  2.397878446433294E-005  5.901096182276392E+001
    375  2.381815679523943E-005  4.577921754207221E+001
    979  2.368445385839460E-005  1.292073280791942E+002
    138  2.356522020132764E-005  2.998810658959070E+001
     46  2.352520051770553E-005  2.508968851186969E+001
      3  2.347349376631100E-005  1.530095081680193E+001
    237  2.307518406546933E-005  3.561350513334219E+001
    645  2.287956764240612E-005  1.088758352374567E+002
    473  2.271670851706305E-005  5.864875851961727E+001
    964  2.228542871678796E-005  1.284811881676410E+002
    113  2.222466605720433E-005  2.894608485543543E+001
    929  2.179105182616843E-005  1.272324166790593E+002
    697  2.177885208911891E-005  1.111168086390436E+002
    401  2.168881316937908E-005  5.310952948046032E+001
    486  2.162822555934940E-005  5.898078655703418E+001
    352  2.160334715034960E-005  4.345183818831803E+001
   1061  2.158240739840828E-005  1.338239896777959E+002
    960  2.157979753845435E-005  1.283710541965592E+002
   1000  2.151984093534864E-005  1.301375093272533E+002
    289  2.145745015608808E-005  3.832422991649202E+001
    275  2.129651147530163E-005  3.771871208633355E+001
    721  2.119266492971316E-005  1.121902054803930E+002
    992  2.069649225058077E-005  1.299169051159237E+002
    524  2.055646428401328E-005  6.196836567938324E+001
    600  2.055326339335482E-005  1.078192567961393E+002
    372  2.044007976350090E-005  4.569660817760900E+001
    962  2.043905354335943E-005  1.284190833846668E+002
      6  2.043594947603001E-005  1.593905863128156E+001
    478  2.027540301923045E-005  5.880478287498814E+001
     94  2.008719623668270E-005  2.803048707399637E+001
    149  2.003464896424469E-005  3.064428879965062E+001
     34  2.002247210419524E-005  2.394870774261297E+001
    174  1.993782455066439E-005  3.277024257542895E+001
     51  1.973303081475852E-005  2.527497960196780E+001
    517  1.968141009647387E-005  6.116283191518230E+001
    928  1.916862205755955E-005  1.271758190169006E+002
    639  1.840508414529663E-005  1.087924757147032E+002
     43  1.837714612896943E-005  2.485090944939308E+001
    793  1.829512958372344E-005  1.158943894419280E+002
    312  1.826475500357173E-005  3.940338989709551E+001
    655  1.801532867767989E-005  1.092114390318620E+002
    494  1.782342764586629E-005  5.959072402434833E+001
    399  1.744208791910117E-005  5.300117686152819E+001
    313  1.728790647367356E-005  3.941220320488696E+001
    702  1.721436048344330E-005  1.112791472783473E+002
    140  1.693577774580795E-005  3.002380690834687E+001
    159  1.687935364992189E-005  3.140014259635325E+001
    389  1.672057331071486E-005  4.924612888004685E+001
     63  1.670875627008353E-005  2.633691355837915E+001
    338  1.667696098832786E-005  4.143596746217444E+001
    336  1.654186428007910E-005  4.106442919982931E+001
    698  1.647076150262025E-005  1.111543499618823E+002
    109  1.633875569602577E-005  2.888359254004277E+001
    719  1.625766946486321E-005  1.120361196403708E+002
    449  1.611380406527797E-005  5.713782918039372E+001
    451  1.606242597323108E-005  5.726939793781466E+001
    966  1.576526154959920E-005  1.287120665380274E+002
    481  1.558329109351881E-005  5.889564718758225E+001
    155  1.549613347264336E-005  3.129077640287002E+001
    533  1.522558738037483E-005  6.344214913117692E+001
    426  1.506290658248458E-005  5.521112029631625E+001
    626  1.494785005596413E-005  1.085197354965440E+002
    444  1.484519555277578E-005  5.640873014994138E+001
    689  1.475892174430856E-005  1.108992280227757E+002
    184  1.466440061512761E-005  3.328145954751520E+001
    886  1.463586226637715E-005  1.214498350996194E+002
    382  1.446492102337145E-005  4.661435463500721E+001
     78  1.441035192523588E-005  2.724001953302053E+001
    807  1.402516761723340E-005  1.166040027024774E+002
    844  1.365961191927213E-005  1.182236522024691E+002
    326  1.335920388543753E-005  3.980074663620405E+001
    661  1.335917868798284E-005  1.094040232551639E+002
    436  1.334642746213932E-005  5.562240782737462E+001
    649  1.329432278897434E-005  1.089557122086210E+002
    802  1.327608141735804E-005  1.163074247182627E+002
    950  1.323217484894238E-005  1.281356928004739E+002
    574  1.322785461650574E-005  1.067089856517616E+002
    667  1.321953898679635E-005  1.098231148083649E+002
    738  1.318372780553171E-005  1.126248828969786E+002
     89  1.311700411485135E-005  2.787565477396676E+001
    765  1.301810379713454E-005  1.138034732037320E+002
    550  1.276098900139308E-005  1.044255141670578E+002
    215  1.267406091655139E-005  3.430912489816387E+001
    247  1.266601968791259E-005  3.613855018049320E+001
    369  1.260698276766243E-005  4.556664797594529E+001
    322  1.259617257408142E-005  3.962934885257222E+001
    197  1.236225871917809E-005  3.407091137263039E+001
    903  1.234119974552956E-005  1.249295857950171E+002
     30  1.208061356975672E-005  2.339033246897357E+001
    680  1.201886315898517E-005  1.106808485277705E+002
    757  1.199153638541152E-005  1.131455979007981E+002
    281  1.197225815512578E-005  3.778222215271058E+001
     68  1.189335582301853E-005  2.665958995788216E+001
    219  1.188748250653026E-005  3.435584966495736E+001
    132  1.185803695768801E-005  2.978147182311027E+001
   1045  1.178532549077913E-005  1.322246800166877E+002
    304  1.166178603113284E-005  3.902642388250331E+001
    398  1.157989994463569E-005  5.298968704937109E+001
    717  1.151394400671524E-005  1.119901298340990E+002
     96  1.149501634770033E-005  2.807603105873968E+001
    783  1.131768086038006E-005  1.155776779712016E+002
    560  1.131672538508650E-005  1.057397922085461E+002
    283  1.119764245965771E-005  3.781664732037148E+001
    139  1.101911894230353E-005  3.001327528760398E+001
    918  1.100439112729695E-005  1.263810693695273E+002
    617  1.088995352144844E-005  1.082069188907082E+002
   1026  1.083841799815193E-005  1.310988308446859E+002
    902  1.076911596554298E-005  1.246861225619736E+002
   1029  1.067922033634308E-005  1.312589073638632E+002
    167  1.065202261651174E-005  3.206734480721192E+001
    412  1.064969961534533E-005  5.399327798218789E+001
    171  1.060623123216907E-005  3.251692712246987E+001
    523  1.057417615424350E-005  6.195141091349550E+001
    334  1.042863638338051E-005  4.055961280242965E+001
    214  1.033379972175422E-005  3.429158842681225E+001
    323  1.012051571797395E-005  3.963162035223775E+001
    137  1.002287597253313E-005  2.996307755422044E+001
    324  9.959375098506698E-006  3.965813849875591E+001
    934  9.953560598806408E-006  1.274026915475210E+002
    318  9.716713816154575E-006  3.952690512520030E+001
    102  9.676231843283934E-006  2.838723287464182E+001
    317  9.630170900459157E-006  3.952108816795088E+001
    542  9.325674642360604E-006  1.021380905135569E+002
    937  9.227788998763882E-006  1.275975168353670E+002
    780  9.200238379845435E-006  1.153482258688003E+002
    537  9.079986539855781E-006  7.348438751630307E+001
    730  9.060634591994563E-006  1.124678820560711E+002
    176  9.027361832693585E-006  3.283702642513862E+001
    578  8.987721878760035E-006  1.068696587706935E+002
    577  8.981811281018789E-006  1.068269012623950E+002
    621  8.968364279091395E-006  1.083828600305560E+002
    521  8.888328268518202E-006  6.120499406654021E+001
    242  8.830985679864357E-006  3.575330164903793E+001
    687  8.826819309424505E-006  1.108477970364615E+002
   1074  8.798065935774565E-006  1.357832717908243E+002
    821  8.752425043518094E-006  1.173213489801490E+002
    635  8.653452533896959E-006  1.087402789130293E+002
    785  8.639421238500505E-006  1.156515149006221E+002
    760  8.447453983015544E-006  1.133648679091437E+002
    135  8.427610681681834E-006  2.990996926970350E+001
    453  8.274431999336948E-006  5.734859743017803E+001
    422  8.140104802826411E-006  5.478392604221921E+001
    290  8.018687322237138E-006  3.834059039797889E+001
    745  7.761306026486611E-006  1.127541380335163E+002
    527  7.755348435914401E-006  6.211137902133680E+001
    565  7.721270483598011E-006  1.059848591127986E+002
    234  7.675722721745905E-006  3.541632958107625E+001
    571  7.612177154350288E-006  1.065760725477823E+002
    291  7.611357463998194E-006  3.834865717601958E+001
    500  7.565404448445821E-006  6.016266526055261E+001
    309  7.415617091540215E-006  3.929268620446922E+001
    502  7.411528726309552E-006  6.033057478557798E+001
    905  7.389993530036593E-006  1.252963463377060E+002
    812  7.313906274924703E-006  1.169499526914024E+002
    609  7.313117103621970E-006  1.080529774194348E+002
    130  7.249174199883787E-006  2.969026097336859E+001
    305  7.186721546255731E-006  3.919092577852600E+001
    314  7.165412706875968E-006  3.944402428691944E+001
    440  7.164542320658686E-006  5.589934491235444E+001
     53  7.149009978902475E-006  2.532427500710937E+001
    239  7.092757871963693E-006  3.564788119351169E+001
    280  6.969441268877266E-006  3.777070006257392E+001
    208  6.908433082263410E-006  3.420400517096608E+001
     79  6.873282909302084E-006  2.728143790603452E+001
      1  6.870775177474518E-006  1.480943860687432E+001
    673  6.869315669560292E-006  1.101090602242966E+002
   1011  6.806136347747067E-006  1.305590563134582E+002
    742  6.794880633727791E-006  1.126546326383816E+002
    528  6.758431530559459E-006  6.211763689923020E+001
    252  6.756714063660504E-006  3.681481496629917E+001
    307  6.733726651458616E-006  3.924418415703018E+001
    573  6.613221238576520E-006  1.066520968004064E+002
    261  6.553138310721559E-006  3.751537038816641E+001
    470  6.511128938915701E-006  5.858950887133865E+001
    832  6.494443720862336E-006  1.176150872586579E+002
   1009  6.487835733740344E-006  1.304609142394732E+002
    887  6.392762311486689E-006  1.215278324822884E+002
    851  6.324184418815285E-006  1.189105890777936E+002
    958  6.317757471381987E-006  1.283326337970340E+002
    116  6.288893476107403E-006  2.910094471225916E+001
    170  6.246440490964945E-006  3.240864442722207E+001
     13  6.159905792559928E-006  2.038781372204352E+001
     52  6.140766735991067E-006  2.532370304309600E+001
    394  6.065669055656003E-006  5.275338077531283E+001
    104  6.065185638937811E-006  2.863475114667724E+001
    187  6.015734301441588E-006  3.338593491458187E+001
    836  5.949111599029989E-006  1.177792466123822E+002
   1056  5.910711836521675E-006  1.332822863268028E+002
    175  5.794143292648184E-006  3.282740528695558E+001
     83  5.759672770433845E-006  2.745200449399356E+001
   1020  5.718482296064991E-006  1.308300137670077E+002
    303  5.678908134475368E-006  3.891633174738261E+001
    297  5.636654274699911E-006  3.850412000814609E+001
    271  5.609716219785227E-006  3.769377629908810E+001
    231  5.592754001702995E-006  3.529195130720404E+001
    339  5.420865208383610E-006  4.199721405536648E+001
     25  5.411499593748686E-006  2.268285797328677E+001
    605  5.365865026712002E-006  1.079476682950407E+002
    827  5.356379602516776E-006  1.174913134466901E+002
   1016  5.294280369032743E-006  1.306784011483153E+002
    396  5.269276701263905E-006  5.292259014309509E+001
    257  5.240770101802374E-006  3.716053985696894E+001
     91  5.183441640070879E-006  2.795709450840539E+001
    367  5.148672821107551E-006  4.546665367422378E+001
    579  5.132037878473282E-006  1.068810185812333E+002
    890  4.988252432306128E-006  1.222269695705770E+002
    403  4.974103200506481E-006  5.332276567118551E+001
    564  4.946182194665026E-006  1.059223740174141E+002
   1076  4.910568981833569E-006  1.858411948136732E+002
    220  4.885119876864880E-006  3.440936379612124E+001
    296  4.882592847653175E-006  3.847026909032138E+001
    526  4.823726881624942E-006  6.205614154690332E+001
    917  4.751660349901423E-006  1.262583151256411E+002
    842  4.701009977623025E-006  1.180365480395604E+002
    820  4.685766231421106E-006  1.173160626674297E+002
    997  4.646628198979387E-006  1.300952728722026E+002
    285  4.601726206403812E-006  3.794670187788559E+001
    211  4.557543975565314E-006  3.422885497659050E+001
   1013  4.553270591815211E-006  1.306191025791559E+002
    977  4.514652246109832E-006  1.291448023039548E+002
    940  4.512259315129632E-006  1.277053477702196E+002
    213  4.449178371597799E-006  3.426923698719692E+001
    361  4.444455595855203E-006  4.509188248244521E+001
    594  4.417477001649919E-006  1.075267994995216E+002
    817  4.337276868474783E-006  1.171745914510001E+002
    112  4.317321978903723E-006  2.893182478938967E+001
    260  4.242533001568524E-006  3.745846822965304E+001
    558  4.221872925654659E-006  1.054235904423783E+002
     93  4.178573325712894E-006  2.801831476528660E+001
    181  4.152691994449424E-006  3.309588236011395E+001
    899  4.126703194720621E-006  1.237750393258326E+002
    452  4.084904035073251E-006  5.732416656661538E+001
    123  3.951184365115501E-006  2.945706723223188E+001
    646  3.940873029584604E-006  1.089039652974663E+002
    210  3.934516374530896E-006  3.421873300884823E+001
    921  3.934499316997639E-006  1.266347372507485E+002
    676  3.928215073365473E-006  1.102968009656115E+002
    583  3.913014118283192E-006  1.070323413352247E+002
     84  3.902990740695176E-006  2.748397341497807E+001
    584  3.853167000907241E-006  1.071415131646536E+002
    128  3.852733966818499E-006  2.964876822252022E+001
    877  3.799421970692949E-006  1.207635072396237E+002
    498  3.750754785904944E-006  6.006055704270973E+001
    332  3.748693158522358E-006  4.036182328117159E+001
    270  3.666172602273825E-006  3.767493462479421E+001
    674  3.534890130006321E-006  1.101627157855635E+002
    610  3.524230717212680E-006  1.080548791140610E+002
    855  3.413886680882014E-006  1.192335282432478E+002
    724  3.396363281427961E-006  1.122474317356576E+002
    938  3.339559746735386E-006  1.276246332177813E+002
     59  3.338144589616707E-006  2.608228483109795E+001
   1077  3.326335724141336E-006  6.189178021453241E+002
     75  3.252037575260356E-006  2.717284531466260E+001
    156  3.225738721088359E-006  3.133959801814033E+001
    822  3.203480211312477E-006  1.173379890193997E+002
   1014  3.092403894249302E-006  1.306579532637773E+002
    947  3.071966883353561E-006  1.280025795512814E+002
    359  3.036464020999786E-006  4.440820660542785E+001
    147  3.028950254986228E-006  3.045498909450352E+001
    417  3.008869196341559E-006  5.432386496665636E+001
    731  2.974841337322187E-006  1.124795031346507E+002
    495  2.954644425889682E-006  5.971063876484735E+001
    189  2.947877970666208E-006  3.348575581421191E+001
    710  2.899829287997969E-006  1.117114283703663E+002
     19  2.895010597675325E-006  2.137958735177528E+001
     88  2.887228742886197E-006  2.776495450944637E+001
    616  2.878756715323204E-006  1.081902144651443E+002
    622  2.846216569653252E-006  1.084041586407917E+002
    624  2.839514976988403E-006  1.084534043855216E+002
    405  2.835518440507923E-006  5.340951413863353E+001
    267  2.821222720190781E-006  3.763942844703926E+001
     15  2.818156471697632E-006  2.077312965636918E+001
    630  2.813353477887126E-006  1.086464564510315E+002
    991  2.769672817073864E-006  1.298309517843196E+002
    497  2.769037852809694E-006  5.984833423050026E+001
    511  2.742240052389510E-006  6.108291035790679E+001
    335  2.731176525405855E-006  4.064698242871874E+001
    471  2.718515809169328E-006  5.859921299406331E+001
    597  2.695080546778710E-006  1.076362394255561E+002
    911  2.662398126857019E-006  1.258968376271585E+002
    529  2.645445144881580E-006  6.213305424318654E+001
    364  2.586942805514341E-006  4.528995878587361E+001
    424  2.571557622960308E-006  5.504400290817051E+001
    984  2.498970994706461E-006  1.293776492189174E+002
    672  2.471854400933210E-006  1.100523893058521E+002
    179  2.471094356813765E-006  3.301071504933698E+001
    924  2.458172406090958E-006  1.267645350898773E+002
    272  2.449357791466964E-006  3.770876893490352E+001
    520  2.422569212024774E-006  6.117519869664547E+001
    955  2.396044384894442E-006  1.283043098504922E+002
    791  2.384557006553316E-006  1.158399885308925E+002
    916  2.376208692853637E-006  1.261858055404796E+002
    516  2.371044807560359E-006  6.114879167768425E+001
    284  2.305578584411047E-006  3.794002386601017E+001
    510  2.304527749797974E-006  6.106496915014706E+001
    122  2.294677199392395E-006  2.942821875092930E+001
    397  2.285587670220702E-006  5.292984574180642E+001
    432  2.261961815101161E-006  5.551253331854516E+001
    988  2.254493406050109E-006  1.295230022337254E+002
    797  2.252348761207973E-006  1.161224071144865E+002
    370  2.204277150483791E-006  4.562254251008403E+001
     56  2.130746053840116E-006  2.577494999028338E+001
    368  2.116890783436477E-006  4.552075151204606E+001
    465  2.088264222099249E-006  5.845233409136720E+001
    607  2.078850102135875E-006  1.079782277499060E+002
    831  2.056791674326145E-006  1.175849164822640E+002
     50  2.054530922689144E-006  2.524792740229145E+001
     62  1.978221516559030E-006  2.630569023157911E+001
    308  1.965885968214015E-006  3.924824416979163E+001
    392  1.914327322517374E-006  4.975569880244111E+001
    632  1.880757748366731E-006  1.086732063917954E+002
    461  1.879069418671275E-006  5.832169084274378E+001
    909  1.811099187099621E-006  1.256671150468244E+002
    641  1.774390305528317E-006  1.088136450829588E+002
    976  1.764168691959990E-006  1.291265023483052E+002
    522  1.737025400242569E-006  6.189501394570030E+001
    162  1.721891998011980E-006  3.142013005221356E+001
    569  1.697905749579803E-006  1.064024371239422E+002
   1073  1.683609128959010E-006  1.355646294676644E+002
    435  1.682780344865547E-006  5.559833163642786E+001
    725  1.671947890300126E-006  1.122622575126908E+002
    713  1.667690314424820E-006  1.118750446375970E+002
    803  1.666329729791754E-006  1.163959410830473E+002
    682  1.641721361730115E-006  1.107795174367904E+002
    441  1.637047814881081E-006  5.602297434426368E+001
    656  1.616969637758033E-006  1.092383325553483E+002
    349  1.615085556178481E-006  4.279212686889406E+001
     21  1.610659935605553E-006  2.149552581175353E+001
    634  1.608985289448939E-006  1.087110579745548E+002
   1046  1.580888761430278E-006  1.322741703884410E+002
    858  1.540985714655283E-006  1.193043137223610E+002
    294  1.539787191100776E-006  3.844005427068350E+001
    910  1.538095604799059E-006  1.258349422363612E+002
    755  1.506832283374156E-006  1.130537195644052E+002
    695  1.471658582447804E-006  1.110404578737834E+002
   1043  1.471227498387929E-006  1.320181582363304E+002
    608  1.444305328364580E-006  1.080310773431174E+002
    787  1.437540250258500E-006  1.157066821730262E+002
    366  1.436486616705036E-006  4.541480133184800E+001
    896  1.416806696913831E-006  1.231967026860033E+002
    315  1.409711935923073E-006  3.946262277995078E+001
    595  1.381195247275991E-006  1.075727311228692E+002
    866  1.372328228574326E-006  1.198737679274225E+002
    410  1.348048048301701E-006  5.380004782230375E+001
    870  1.347270496568787E-006  1.203621491035894E+002
    880  1.332494206265259E-006  1.209811659012211E+002
    168  1.330355663636508E-006  3.223239881301075E+001
   1022  1.310140415543179E-006  1.309570316227355E+002
    127  1.303124356650142E-006  2.958197907168710E+001
    800  1.284998505172044E-006  1.161811067685375E+002
    447  1.282428429863251E-006  5.692641404400948E+001
    107  1.280378206367259E-006  2.880093649968087E+001
    631  1.275569405257978E-006  1.086593678715634E+002
    879  1.246922047634679E-006  1.208628531744268E+002
    589  1.230337923276746E-006  1.073243551551986E+002
    490  1.228522087338802E-006  5.909746584665749E+001
    345  1.196886192242774E-006  4.248475366295001E+001
    428  1.183487590459791E-006  5.539697768550786E+001
    733  1.181396989494898E-006  1.125211996768446E+002
    930  1.180992681634397E-006  1.272550109882912E+002
    843  1.180770376450193E-006  1.181049125326048E+002
    268  1.173422271342947E-006  3.765614789507087E+001
    945  1.170839587658610E-006  1.278945431870569E+002
    636  1.163573765496906E-006  1.087412284437008E+002
    741  1.154630536548116E-006  1.126383251241469E+002
    816  1.135391973437944E-006  1.170854692244173E+002
    250  1.118894718991635E-006  3.645071914574685E+001
   1034  1.110402080921306E-006  1.314975717016592E+002
    342  1.090294537708312E-006  4.219280462450153E+001
    354  1.089391343930591E-006  4.358717802496741E+001
    932  1.050770786049614E-006  1.272890793904072E+002
    668  1.045801774050461E-006  1.098358517134249E+002
    225  1.036301299660215E-006  3.458265676939745E+001
    968  1.030956110590889E-006  1.287893908307005E+002
    371  1.011720278982928E-006  4.567834615857563E+001
    216  1.010300696912291E-006  3.431915233475488E+001
   1054  1.006542920414029E-006  1.332101619260334E+002
    781  9.973962522205368E-007  1.155015502370288E+002
    670  9.935163066811911E-007  1.099218253642219E+002
    648  9.931503208433037E-007  1.089328290594756E+002
    469  9.889834888457561E-007  5.857260373695996E+001
   1051  9.792299549136209E-007  1.330173846663143E+002
    316  9.665327822933310E-007  3.947722492082590E+001
    596  9.609260265596789E-007  1.076305596761092E+002
     16  9.598955688191157E-007  2.083990463296455E+001
    433  9.583523424827689E-007  5.552394895078822E+001
    633  9.546351134258419E-007  1.086770367044967E+002
    926  9.369428613121983E-007  1.269935099435139E+002
   1002  9.358536027111891E-007  1.301955720736593E+002
     32  9.353206350260582E-007  2.386019687247388E+001
    923  9.289473371628360E-007  1.267345977181097E+002
    972  9.115816030555284E-007  1.289491342298440E+002
   1005  8.919593258833628E-007  1.302961950162389E+002
    625  8.913662708283219E-007  1.084878781680722E+002
    789  8.825907239659563E-007  1.157939903252585E+002
   1028  8.743939971765917E-007  1.312419762585663E+002
    665  8.665404458406886E-007  1.096195054263975E+002
    846  8.554878054991948E-007  1.183733977129572E+002
    815  8.514534018301658E-007  1.170844697210597E+002
    893  8.385005123274486E-007  1.225899968537864E+002
    838  8.242087438303766E-007  1.178077045912047E+002
    640  8.241516787690040E-007  1.088027953187827E+002
    644  8.229167268547661E-007  1.088699046594824E+002
    377  8.151872745255341E-007  4.580996274485975E+001
    744  8.147073302204497E-007  1.127340165661099E+002
    457  8.115678505551898E-007  5.770039153165104E+001
    824  8.115291737948435E-007  1.173851057796732E+002
    709  8.074302925774601E-007  1.116986555393093E+002
    508  8.014077943244696E-007  6.101348113010317E+001
   1068  7.873858192623564E-007  1.342139437973118E+002
   1004  7.745980701068352E-007  1.302828791464404E+002
     99  7.673284047736756E-007  2.813215700322161E+001
    790  7.642883978374243E-007  1.158127479939932E+002
    262  7.585395281975269E-007  3.754826259370084E+001
   1017  7.561760299969031E-007  1.307020085696559E+002
    679  7.501200514450537E-007  1.106299731616480E+002
    124  7.426057062914865E-007  2.953039329658957E+001
    685  7.404375396040296E-007  1.108208915724099E+002
    927  7.352494216938513E-007  1.271118445081471E+002
    963  7.306191449333501E-007  1.284456810480366E+002
    664  7.143712629299050E-007  1.095868237421283E+002
    684  7.102594394451880E-007  1.108055531440044E+002
    990  7.096515987429591E-007  1.297249883032466E+002
    769  7.048943895849176E-007  1.141494817506874E+002
    581  6.990100660212529E-007  1.069166383916512E+002
    146  6.772826407386787E-007  3.038455959742199E+001
    860  6.638633571140775E-007  1.193608179742887E+002
    804  6.606874031955516E-007  1.164307012054320E+002
    714  6.572953377540843E-007  1.118865310298163E+002
    847  6.556537780159943E-007  1.183795327778256E+002
    895  6.470393175671087E-007  1.231922658586809E+002
    852  6.361568222196838E-007  1.189308904937423E+002
    922  6.329056966501454E-007  1.267277337836395E+002
    994  6.309784363527136E-007  1.299886393654431E+002
    749  6.172804646388763E-007  1.128862829609149E+002
    538  6.031159718884537E-007  8.801939400846273E+001
    873  5.970254627798262E-007  1.205400953636918E+002
    770  5.910070809591555E-007  1.141655133118217E+002
    727  5.854690094012851E-007  1.123838421661365E+002
    949  5.850975095079393E-007  1.280833568476082E+002
    362  5.812006879729433E-007  4.520209191521082E+001
    562  5.746304017908889E-007  1.058125905236654E+002
    919  5.663476466932031E-007  1.264669767465423E+002
    809  5.654975000156744E-007  1.168273457040169E+002
    590  5.634690408146791E-007  1.073381491314167E+002
    203  5.505504622187032E-007  3.415596231316062E+001
    160  5.454012670853772E-007  3.140287364756382E+001
    328  5.439930421482506E-007  3.982877398686839E+001
    619  5.423678351517223E-007  1.083262496248409E+002
    606  5.383825643694825E-007  1.079754075340127E+002
    337  5.365388561147285E-007  4.125439580477820E+001
     98  5.336165800152397E-007  2.810036398063808E+001
    894  5.320186728583850E-007  1.226855190700912E+002
    591  5.282757989038594E-007  1.073970459895217E+002
    754  5.261737989495858E-007  1.130532912402911E+002
    235  5.215722423564764E-007  3.553329683850696E+001
    627  5.165984591922657E-007  1.085359599099982E+002
    686  5.165567188628733E-007  1.108321598991433E+002
    901  5.164113280177349E-007  1.246352700151236E+002
    675  5.092779335423198E-007  1.101932688761904E+002
    292  5.053049740634562E-007  3.837765227419467E+001
    657  4.963601962779303E-007  1.092680437977900E+002
    722  4.941272438971573E-007  1.121989232781130E+002
    677  4.935475826228544E-007  1.104103779431708E+002
    340  4.920469803306963E-007  4.203744443197692E+001
    849  4.854395150897945E-007  1.186556798515274E+002
    660  4.835427410785048E-007  1.093929129115852E+002
    276  4.789571586570302E-007  3.774173651101562E+001
    224  4.787678008636115E-007  3.456258153743839E+001
    455  4.782024815875639E-007  5.757818593173593E+001
    671  4.757918548401009E-007  1.100461630260976E+002
    862  4.666613124848613E-007  1.194326389788892E+002
    601  4.601661347816975E-007  1.078222216339937E+002
    951  4.585543361045313E-007  1.282127111215003E+002
    614  4.568248729697459E-007  1.081499604581023E+002
    782  4.526941196903037E-007  1.155663554633046E+002
    373  4.521862287427405E-007  4.573517441489172E+001
    948  4.471859213714537E-007  1.280530341997139E+002
    761  4.306269199371101E-007  1.134019555363662E+002
     87  4.206047747113686E-007  2.773505635732142E+001
    277  4.180157299205068E-007  3.774405278528796E+001
    983  4.165065671483009E-007  1.293699640118089E+002
    611  4.111734618315969E-007  1.080609110523806E+002
    662  4.064080147546800E-007  1.094304874643061E+002
    915  4.027252651617949E-007  1.261627872997085E+002
    737  4.017681818008080E-007  1.125716601108342E+002
    353  3.979774666390665E-007  4.354452657935016E+001
   1018  3.968816809221625E-007  1.307425624046459E+002
    746  3.956708492931935E-007  1.128150956859242E+002
    194  3.807902761550141E-007  3.388123191050668E+001
    792  3.737423667534137E-007  1.158579110744502E+002
    931  3.728792233633615E-007  1.272754104030811E+002
    463  3.670189199404099E-007  5.840368106338346E+001
   1049  3.609149433351507E-007  1.325964910892840E+002
    429  3.588678039476828E-007  5.542704693693687E+001
    786  3.555126426092821E-007  1.156679892855772E+002
    651  3.524027588013565E-007  1.090123807306586E+002
    854  3.505228474547531E-007  1.190938927222375E+002
    707  3.472126416448226E-007  1.116484954290111E+002
    476  3.465179716498019E-007  5.874284760292872E+001
    506  3.454070701295970E-007  6.092479484159845E+001
    908  3.416842706176393E-007  1.256350992978881E+002
   1007  3.400254303552935E-007  1.303971511397991E+002
    987  3.332995680505612E-007  1.295218650079724E+002
    794  3.315996937257706E-007  1.159299755047292E+002
    892  3.276011795467463E-007  1.223146913863671E+002
    699  3.260033693598891E-007  1.111753891148923E+002
   1025  3.239261506842753E-007  1.310823101564250E+002
    228  3.223390436315675E-007  3.465329128304563E+001
    716  3.189975991329787E-007  1.119313653155845E+002
   1063  3.174899333697238E-007  1.338610239777397E+002
    273  3.154572035367932E-007  3.771236202405859E+001
    767  3.126315007247919E-007  1.139787538815297E+002
    913  3.120895592618176E-007  1.260963173315474E+002
    732  3.085578227994970E-007  1.124809932511083E+002
    981  3.067895161838512E-007  1.292686845988868E+002
    669  3.066225911797376E-007  1.098991161820264E+002
   1059  3.064357221209178E-007  1.335352794510990E+002
   1010  3.061927865083387E-007  1.305150376372933E+002
    496  3.004104829930108E-007  5.977778544840232E+001
    953  2.965704840206001E-007  1.282835790234384E+002
    758  2.962933015337181E-007  1.131945788764974E+002
    420  2.958328768805611E-007  5.464265012038360E+001
    784  2.953352056858831E-007  1.156115101864969E+002
    982  2.949174020029456E-007  1.293230544301462E+002
    650  2.894083297970509E-007  1.090061273622073E+002
    796  2.822472226242681E-007  1.160406419035091E+002
    530  2.822161601528436E-007  6.265828803408258E+001
    845  2.778113875582646E-007  1.182722434309271E+002
    839  2.758497555140644E-007  1.178451551754228E+002
    703  2.755300599377884E-007  1.113359924967504E+002
    715  2.687469013407277E-007  1.119122168057061E+002
    859  2.631339007597582E-007  1.193117826572047E+002
    629  2.499043522533153E-007  1.086436456014825E+002
    957  2.406763967742973E-007  1.283224605383935E+002
    776  2.406243715873093E-007  1.150535509847603E+002
    933  2.404035160731350E-007  1.272967505112425E+002
   1012  2.376318839895313E-007  1.305860585800326E+002
    129  2.352597377493879E-007  2.967722940199728E+001
    900  2.334372981951161E-007  1.240255399934555E+002
    711  2.265460539471894E-007  1.117833092223069E+002
    764  2.225274510616519E-007  1.137269990775531E+002
    748  2.099520582202686E-007  1.128453459062848E+002
    985  2.076781821564741E-007  1.294454523269476E+002
    350  2.052835153721303E-007  4.287084402122760E+001
   1024  1.947585481087757E-007  1.310472886139475E+002
    779  1.919222679227813E-007  1.153237642854880E+002
    638  1.898778185146009E-007  1.087773663504995E+002
    939  1.898112242167109E-007  1.276788938661296E+002
    788  1.890157550570743E-007  1.157595566872355E+002
    925  1.881165408877584E-007  1.268943605090481E+002
    598  1.873445749350659E-007  1.077082259858063E+002
    943  1.813943057737411E-007  1.278255860865938E+002
    805  1.770732504096939E-007  1.165442309434909E+002
    884  1.716835687830113E-007  1.212913619330936E+002
   1040  1.707468329918324E-007  1.318325334098182E+002
    863  1.687977122329649E-007  1.194780899982511E+002
    688  1.662542405259518E-007  1.108652117541332E+002
    876  1.621812915040169E-007  1.207338716680959E+002
    599  1.611032664582999E-007  1.077354408464688E+002
    920  1.592644819218320E-007  1.265729199247587E+002
    696  1.584587517999550E-007  1.111110130672436E+002
    720  1.571258148516447E-007  1.121496181246094E+002
    726  1.536661681087756E-007  1.123280306605216E+002
    390  1.497325878128266E-007  4.930034545373515E+001
    623  1.493135315776621E-007  1.084311616311891E+002
    941  1.466933973017458E-007  1.277239710636116E+002
    898  1.398769414241292E-007  1.236287338505038E+002
    878  1.391820999495606E-007  1.208553192243232E+002
    888  1.391486174681608E-007  1.215384892766490E+002
    978  1.380704163462252E-007  1.291764873003617E+002
    728  1.365610798777911E-007  1.123911467240560E+002
    286  1.328448888958535E-007  3.806107114689090E+001
    269  1.274838338074128E-007  3.766609016559832E+001
    828  1.270115084001073E-007  1.175132070682912E+002
    935  1.263480796342915E-007  1.274477748704804E+002
    653  1.245130276187544E-007  1.090926521840726E+002
    637  1.232747830716327E-007  1.087708716348475E+002
    961  1.219065972791195E-007  1.283826108536399E+002
    830  1.210671980998940E-007  1.175448785112390E+002
    944  1.199372743882751E-007  1.278264506290159E+002
    829  1.188841463677708E-007  1.175434491795728E+002
    708  1.157889630307323E-007  1.116659378913442E+002
    882  1.148241661678599E-007  1.212606419968792E+002
    974  1.122099749265515E-007  1.290391941684268E+002
    798  1.063090538394906E-007  1.161233232814441E+002
    705  1.062541580482627E-007  1.114879185885843E+002
    912  1.040494472303614E-007  1.259977317017505E+002
    814  1.032124709145679E-007  1.170571282096026E+002
    439  1.026870208142912E-007  5.581771077364913E+001
    975  1.004614952954748E-007  1.290479361570385E+002
    647  9.932966026984859E-008  1.089204596390746E+002
   1003  9.791596571812042E-008  1.302792324598297E+002
    856  9.777233847951751E-008  1.192407591408727E+002
    263  9.715443578151352E-008  3.756851288337069E+001
    628  9.691115888378298E-008  1.085999071252231E+002
   1065  9.444978295569880E-008  1.340986810838602E+002
    946  9.084766081849200E-008  1.279201366409634E+002
    692  8.964139482170346E-008  1.109991362888409E+002
    891  8.381275861258978E-008  1.222344606190913E+002
    388  8.306244619118432E-008  4.916519389587509E+001
    819  8.278696909880424E-008  1.172617623112352E+002
    811  8.263591096682411E-008  1.169131613251637E+002
    813  8.037113305427694E-008  1.170211975618395E+002
    652  7.885326082213367E-008  1.090805000764319E+002
    936  7.710588018183210E-008  1.275963114471066E+002
    729  7.683245182460325E-008  1.124070412533170E+002
    906  7.113731639345950E-008  1.253859334012492E+002
    747  7.017783058638108E-008  1.128221651622354E+002
    883  6.928653108194826E-008  1.212822283474710E+002
    227  6.898489517730694E-008  3.461221107986133E+001
    200  6.730370980218755E-008  3.413076352937113E+001
    766  6.714341817563813E-008  1.138313497862233E+002
    556  6.432020163680581E-008  1.053074591696642E+002
    274  6.420994655607036E-008  3.771469066363962E+001
    363  6.368019157362272E-008  4.523665715266514E+001
    266  6.331033820277978E-008  3.763404507858488E+001
   1023  6.318696685617409E-008  1.309907545973144E+002
    818  6.139635117398077E-008  1.172202887178189E+002
    993  6.002433071539110E-008  1.299638892136509E+002
    753  5.901977406174580E-008  1.130399909728984E+002
   1030  5.816979444584593E-008  1.313677884464318E+002
    980  5.691531656188502E-008  1.292322903638887E+002
    691  5.657959554854428E-008  1.109942746792360E+002
    865  5.606356121502542E-008  1.195233182598442E+002
    406  5.575690517676345E-008  5.347162595814701E+001
   1035  5.533182230077575E-008  1.315022364948826E+002
    752  5.435519159903640E-008  1.129825416205730E+002
    642  5.428524137180191E-008  1.088349318990273E+002
    740  5.366851049973197E-008  1.126281679605138E+002
    287  5.332975663599390E-008  3.806334999222836E+001
    704  5.317227110519561E-008  1.114088220449556E+002
    443  5.287385657113083E-008  5.615506371008289E+001
    833  5.193927675479905E-008  1.176450554682990E+002
    759  5.126292563629906E-008  1.132523759465808E+002
    861  5.106213651456695E-008  1.193618968506130E+002
    841  5.054397836102760E-008  1.180046875638410E+002
     73  4.994876554043086E-008  2.704395448663374E+001
    701  4.944641478327059E-008  1.112655741498095E+002
    735  4.580488167568647E-008  1.125422257639707E+002
    532  4.465354581649279E-008  6.299204701993657E+001
    488  4.403435025306858E-008  5.904214899548738E+001
    734  4.293669335363540E-008  1.125227414297757E+002
    959  4.201787941083686E-008  1.283643788123119E+002
    971  4.054283302328722E-008  1.289111652451389E+002
    857  3.962233590244777E-008  1.192977858717030E+002
    808  3.842089357069493E-008  1.166438640424820E+002
    904  3.831030913368571E-008  1.250437756508075E+002
    835  3.744451268280820E-008  1.176766134664512E+002
    437  3.511073333574595E-008  5.567668099873953E+001
    265  3.469997456366399E-008  3.762418150997995E+001
    739  3.135638642655582E-008  1.126267264275300E+002
   1019  3.105684560984399E-008  1.307856127904329E+002
    249  2.985328037754064E-008  3.643158917315001E+001
    775  2.847154012174051E-008  1.149447083106751E+002
    837  2.576189291285518E-008  1.177814246314451E+002
    965  2.554273145020664E-008  1.286084743618769E+002
    914  2.443373246993788E-008  1.261343003660832E+002
    868  2.377757563384468E-008  1.199994649602093E+002
    683  2.367759234598830E-008  1.107854094171573E+002
    853  2.148586479280667E-008  1.189950762444425E+002
    874  2.076853581938752E-008  1.206463359037059E+002
    834  2.057077532389203E-008  1.176651591794238E+002
    869  2.049781691955701E-008  1.201465244096069E+002
    706  1.910291517166680E-008  1.115644797142602E+002
    442  1.879216602268472E-008  5.605259237502305E+001
    723  1.784406151498244E-008  1.122249597820348E+002
    986  1.777153275528389E-008  1.294778988001748E+002
    603  1.711019875530703E-008  1.078480909052838E+002
    343  1.557824048920532E-008  4.223776350771931E+001
    612  1.410149027930409E-008  1.080838271474082E+002
    586  1.404678172604632E-008  1.072414988471015E+002
    509  1.381684815720308E-008  6.104665142125116E+001
   1027  1.348456532196543E-008  1.311414239553258E+002
    875  1.284092105273213E-008  1.206504418490652E+002
    999  1.134236320204118E-008  1.301340763851820E+002
    806  1.086326822116517E-008  1.165904998677036E+002
    881  1.027921224219711E-008  1.212001054655417E+002
    718  1.024965709700536E-008  1.120307816427976E+002
    750  9.713028366870037E-009  1.128980084302201E+002
    693  9.367182144971301E-009  1.110198391814811E+002
    243  8.840618589498137E-009  3.580427376176280E+001
    867  8.564194889479246E-009  1.199420338065019E+002
   1037  8.213493994440194E-009  1.316166834102353E+002
   1015  7.214300904119816E-009  1.306693309857935E+002
    204  7.033674941238057E-009  3.416741852472765E+001
    643  6.598792931756032E-009  1.088529165631816E+002
    864  6.476530133839693E-009  1.195154318953015E+002
    408  6.315557525526127E-009  5.368647704938994E+001
    996  6.243520464291173E-009  1.300741546440489E+002
    310  6.154656554606419E-009  3.933560718805473E+001
    499  6.067423571425475E-009  6.010190034988052E+001
    501  4.428529345958738E-009  6.025540211442135E+001
    956  4.332771909678777E-009  1.283075816024711E+002
    743  4.120330030898140E-009  1.126739704882794E+002
    889  3.962243414009441E-009  1.221096476933091E+002
    391  3.842741639576391E-009  4.935295074539214E+001
    126  3.629152731993882E-009  2.957864372821811E+001
    850  3.621179901236822E-009  1.188640670964077E+002
    969  3.522257225300962E-009  1.288232913140608E+002
    871  2.782531157064563E-009  1.204638135739833E+002
    885  2.696313531104753E-009  1.213849358963692E+002
    773  2.382919737606334E-009  1.146041296786391E+002
    681  1.855426965686623E-009  1.107150530846271E+002
    541  1.560151863600020E-009  1.020561485810812E+002
    872  1.466709252121458E-009  1.204992644439996E+002
    801  1.301873355753354E-009  1.162412158177078E+002
    178  1.166526228329309E-009  3.291892583427273E+001
    954  1.142434870321151E-009  1.282848493157465E+002
    690  8.964831495511912E-010  1.109553167085971E+002
     47  5.482702754247753E-010  2.514695584094496E+001
    751  5.001637029870571E-010  1.129352725370382E+002
    620  4.740513341854364E-010  1.083700393844588E+002
    840  3.532044682811892E-010  1.179674198090055E+002
    823  5.747499039479973E-011  1.173434151863991E+002
    736  4.818143083667054E-011  1.125700463249535E+002
    942  5.397265070791253E-012  1.277896527703618E+002
