# Number of modes
   1077
# Tabulated for different initial and final frequencies?
    F
# Mode index, Sj, (highest to lowest), omega_j
    418  7.956525352505524E-002  5.440760214654593E+001
    552  2.181720620613331E-002  1.045004516183760E+002
    419  1.137761850150846E-002  5.447434435004674E+001
    485  1.030129464308756E-002  5.896971858223063E+001
    425  9.462711263192741E-003  5.512885982268182E+001
    298  8.810591321269193E-003  3.860785506393049E+001
   1041  7.683348131265194E-003  1.318604688563310E+002
     10  7.652471494457418E-003  1.630017574824609E+001
   1047  5.657843352998451E-003  1.324683504365100E+002
      9  5.584683995787406E-003  1.615282072713023E+001
    422  5.488194424215174E-003  5.478392604221921E+001
    415  4.320541395631516E-003  5.409773008136273E+001
    505  4.081250815757562E-003  6.089365906344585E+001
    152  3.823487684966262E-003  3.107793476288124E+001
    358  3.607400759985416E-003  4.418411045040358E+001
    492  3.495365070557459E-003  5.919740097208313E+001
    431  3.470254990858230E-003  5.545822575490884E+001
    510  3.438482588740533E-003  6.106496915014706E+001
    445  3.371845230236645E-003  5.650985963977887E+001
     16  3.335625117938492E-003  2.083990463296455E+001
    547  3.292401185950964E-003  1.040413527560943E+002
    303  3.155935216545650E-003  3.891633174738261E+001
   1053  2.997223307720469E-003  1.331993000158318E+002
    504  2.862808280716502E-003  6.073767201700102E+001
   1038  2.720151219245306E-003  1.317153469634680E+002
   1039  2.697114285992811E-003  1.317789778316224E+002
    482  2.488709279459207E-003  5.890508639424976E+001
    507  2.481063377132907E-003  6.098134465730102E+001
    378  2.319246122830867E-003  4.609481655347708E+001
    503  2.298215333715701E-003  6.062899617907863E+001
    405  2.283226538758463E-003  5.340951413863353E+001
    566  2.263285590453026E-003  1.060197199307676E+002
     65  2.262579016510865E-003  2.645533186342116E+001
   1069  2.207103814460086E-003  1.347402109836953E+002
    386  2.199323901392936E-003  4.778448827008048E+001
    452  2.183495712357522E-003  5.732416656661538E+001
    384  2.164653144459574E-003  4.693482184770667E+001
     60  2.109775772273986E-003  2.612817271153773E+001
    299  2.053184511560455E-003  3.861147003050849E+001
   1060  1.953937497479269E-003  1.336329109810919E+002
    535  1.861836856075530E-003  7.234684016852472E+001
    438  1.820219946633079E-003  5.568774314714533E+001
     14  1.777848348535799E-003  2.047451167645159E+001
   1064  1.740800022169698E-003  1.339182935247794E+002
   1058  1.558423049665871E-003  1.334381531708862E+002
      4  1.512858010028203E-003  1.555889535187236E+001
     27  1.504400701578066E-003  2.288948685305089E+001
   1052  1.442890187848567E-003  1.330891459743712E+002
    393  1.409670055973425E-003  5.117422678475859E+001
   1061  1.405380395562115E-003  1.338239896777959E+002
     54  1.381760062390163E-003  2.537118147105558E+001
   1071  1.333103376140204E-003  1.353191143310252E+002
    446  1.303398807153125E-003  5.657515742254393E+001
   1048  1.252789757321627E-003  1.325281096806480E+002
    180  1.204004632622042E-003  3.306959511625761E+001
    100  1.161715868059474E-003  2.814590236831992E+001
   1050  1.113405137151470E-003  1.326682006609648E+002
    454  1.098750729692780E-003  5.753531790534946E+001
    518  1.076136433478745E-003  6.116565427175681E+001
    570  1.059165166975709E-003  1.064458450110351E+002
    236  1.055131624055882E-003  3.558504171265294E+001
      1  1.052805446339056E-003  1.480943860687432E+001
    163  1.045022023642336E-003  3.148605603035891E+001
      7  1.032298539856893E-003  1.598850297870253E+001
     32  9.997173381098316E-004  2.386019687247388E+001
    568  9.926704024421982E-004  1.063884322375297E+002
     29  9.673377012797936E-004  2.304600720746813E+001
    411  9.424734580735604E-004  5.390414096058870E+001
   1067  9.155170447348772E-004  1.341872351276505E+002
     45  8.957904802144880E-004  2.505629895200580E+001
    273  8.807242257659229E-004  3.771236202405859E+001
    966  8.469577004494329E-004  1.287120665380274E+002
    479  8.230852032117452E-004  5.886156225440574E+001
     38  8.199990217164256E-004  2.415274881711009E+001
    117  8.169968878191927E-004  2.915145470361619E+001
    264  7.923565829752998E-004  3.760740200223662E+001
    383  7.800917187840179E-004  4.665506804468283E+001
    413  7.767505556081969E-004  5.407796767412047E+001
    464  7.684693873637751E-004  5.841767339850505E+001
      8  7.592362738141321E-004  1.603898235084092E+001
    185  7.569602842362646E-004  3.329017879350934E+001
    188  7.437763944328724E-004  3.343297855491465E+001
    232  7.326501825204756E-004  3.530982942235851E+001
     24  7.252772955774904E-004  2.165827626673025E+001
    539  7.174800946408805E-004  1.004038214764926E+002
    103  7.157965607265731E-004  2.854698030319213E+001
     26  7.136538534977314E-004  2.275577786050195E+001
    390  7.080207494344568E-004  4.930034545373515E+001
    421  7.049427287824641E-004  5.469982084171487E+001
    402  7.022327721606566E-004  5.323403324336612E+001
    290  6.784584175914734E-004  3.834059039797889E+001
    154  6.770951076166279E-004  3.128025029310897E+001
   1062  6.659982100402670E-004  1.338537297016246E+002
    448  6.621333037214523E-004  5.707216855561523E+001
    673  6.618462940171704E-004  1.101090602242966E+002
    367  6.568677200418960E-004  4.546665367422378E+001
    531  6.433728228531284E-004  6.280622541285696E+001
    551  6.426111236123209E-004  1.044758850995860E+002
    293  6.271392740678669E-004  3.840315559517953E+001
     53  6.236897484178606E-004  2.532427500710937E+001
    197  6.143712918804372E-004  3.407091137263039E+001
    254  6.116698760658103E-004  3.696870162494890E+001
    970  6.108918259343007E-004  1.288440499253601E+002
    519  5.920155647261233E-004  6.116666091909611E+001
   1036  5.699566266908711E-004  1.315563975924429E+002
    169  5.627908577006077E-004  3.225245008090104E+001
    430  5.623633708864056E-004  5.544226538226409E+001
    182  5.606434293230665E-004  3.313118961536368E+001
    274  5.588044574630965E-004  3.771469066363962E+001
    666  5.548124758905016E-004  1.096961217429448E+002
    344  5.501016977815420E-004  4.229281490750487E+001
    456  5.496658435566929E-004  5.758475825352298E+001
    548  5.453463634765987E-004  1.041098140943872E+002
    266  5.428254542370048E-004  3.763404507858488E+001
    954  5.317703233742454E-004  1.282848493157465E+002
    516  5.287700160540072E-004  6.114879167768425E+001
    436  5.269419585685559E-004  5.562240782737462E+001
     44  5.168532954475766E-004  2.487547588775838E+001
    165  5.116017964957532E-004  3.194792507678593E+001
    262  5.025845908186790E-004  3.754826259370084E+001
   1057  5.013705610082827E-004  1.332882698940204E+002
     23  5.007718781139994E-004  2.160694502786773E+001
    514  5.007512586779265E-004  6.112143562944963E+001
    538  5.002714937106892E-004  8.801939400846273E+001
    450  4.962609146179301E-004  5.723022636777802E+001
     90  4.937015036284851E-004  2.792299487571685E+001
    111  4.919500434930744E-004  2.891758955889047E+001
    517  4.845009178652936E-004  6.116283191518230E+001
    359  4.811017983606750E-004  4.440820660542785E+001
   1055  4.788681127094221E-004  1.332315483337306E+002
   1066  4.786777171699715E-004  1.341339055776214E+002
     48  4.754030695254973E-004  2.521050943974308E+001
    248  4.611410787546990E-004  3.617742791171408E+001
    249  4.524794830938422E-004  3.643158917315001E+001
     94  4.463933974666859E-004  2.803048707399637E+001
    144  4.448734207766149E-004  3.023024488043693E+001
    407  4.203022895766659E-004  5.355040632372296E+001
    426  4.151441992720831E-004  5.521112029631625E+001
    112  4.098648885235661E-004  2.893182478938967E+001
    690  4.055781262425083E-004  1.109553167085971E+002
    400  4.032482672397826E-004  5.304406357850599E+001
    135  4.012265570736142E-004  2.990996926970350E+001
    291  4.011516499650135E-004  3.834865717601958E+001
    372  3.948948846838116E-004  4.569660817760900E+001
    468  3.934570197199791E-004  5.850419738659161E+001
    346  3.880729254036492E-004  4.251353138364797E+001
    486  3.863661658653184E-004  5.898078655703418E+001
    537  3.839267962495652E-004  7.348438751630307E+001
    414  3.790498764914436E-004  5.408443269732371E+001
    230  3.763325309547861E-004  3.507000892128892E+001
    356  3.760241785149157E-004  4.399929676237998E+001
    244  3.752262558355326E-004  3.582009297825139E+001
    952  3.668693394069141E-004  1.282170243378332E+002
    379  3.635254749271746E-004  4.610002508350383E+001
    114  3.584578763557859E-004  2.903390568794284E+001
    416  3.575939298495367E-004  5.412105627361211E+001
    310  3.558974686940218E-004  3.933560718805473E+001
    387  3.526268330258173E-004  4.845493173747810E+001
     33  3.517165874612908E-004  2.387502434282544E+001
    155  3.512924247399302E-004  3.129077640287002E+001
    164  3.400760914361210E-004  3.156123118588701E+001
    440  3.388526190992436E-004  5.589934491235444E+001
    296  3.334421817689309E-004  3.847026909032138E+001
    278  3.329246016127280E-004  3.775225448216675E+001
    195  3.319243745212852E-004  3.399004655216064E+001
    172  3.068155013889942E-004  3.254695536480502E+001
    312  3.041289323132755E-004  3.940338989709551E+001
    459  2.960970956207638E-004  5.797524108925945E+001
    500  2.945314486764287E-004  6.016266526055261E+001
     49  2.929663379430386E-004  2.521926711432687E+001
    973  2.904015026959821E-004  1.290303348922233E+002
    678  2.883530755062201E-004  1.105298402911861E+002
    145  2.874829682806382E-004  3.035386176419680E+001
    550  2.819561489272521E-004  1.044255141670578E+002
    226  2.798790055363762E-004  3.460914941435140E+001
    763  2.767023115089411E-004  1.136578287383470E+002
     71  2.670691613140779E-004  2.691074291878593E+001
    774  2.664821324007283E-004  1.147299018357027E+002
    223  2.664267057500151E-004  3.452101188794168E+001
    549  2.647929851736162E-004  1.043755820157491E+002
    512  2.642823856150180E-004  6.110465593383906E+001
    626  2.633045632307649E-004  1.085197354965440E+002
    409  2.627390692572921E-004  5.377950655266745E+001
   1006  2.626953125515932E-004  1.303473844140781E+002
     52  2.622188738794531E-004  2.532370304309600E+001
    110  2.533802584492534E-004  2.890337161783228E+001
    139  2.519636090228683E-004  3.001327528760398E+001
    686  2.490494795708021E-004  1.108321598991433E+002
    222  2.467694090249986E-004  3.444665555523785E+001
    687  2.453727071253442E-004  1.108477970364615E+002
    132  2.418822290117054E-004  2.978147182311027E+001
    918  2.413844152617372E-004  1.263810693695273E+002
   1022  2.369509288661376E-004  1.309570316227355E+002
    842  2.357805330121850E-004  1.180365480395604E+002
    253  2.320473248875958E-004  3.690338042035397E+001
    494  2.272435108282742E-004  5.959072402434833E+001
    533  2.230073052678674E-004  6.344214913117692E+001
    572  2.221920876416718E-004  1.066354688575440E+002
    423  2.215450561415262E-004  5.491452382822700E+001
    251  2.189592665899850E-004  3.670193646720268E+001
     17  2.182528645163963E-004  2.091913438766164E+001
    119  2.181931408036925E-004  2.929038281335912E+001
    143  2.165955695728908E-004  3.021552765862468E+001
    349  2.155650454775518E-004  4.279212686889406E+001
    835  2.103856907293972E-004  1.176766134664512E+002
    279  2.092354090098654E-004  3.776291602598710E+001
    546  2.090374045763329E-004  1.038908634804570E+002
   1020  2.044904042697301E-004  1.308300137670077E+002
    769  2.044679814097159E-004  1.141494817506874E+002
   1042  2.039232226750540E-004  1.319938555239870E+002
    321  2.002024808235030E-004  3.959878738143280E+001
    136  1.995696695773850E-004  2.995197020395121E+001
    467  1.970880838157050E-004  5.850070475174659E+001
    621  1.910980581865281E-004  1.083828600305560E+002
    979  1.884310193452669E-004  1.292073280791942E+002
    442  1.860744722264197E-004  5.605259237502305E+001
    319  1.849381823378188E-004  3.955367029075058E+001
     55  1.827823545156040E-004  2.564739582447731E+001
    333  1.816158812072467E-004  4.050570323460023E+001
    238  1.796205540909351E-004  3.562010162214489E+001
    460  1.789773912008348E-004  5.821511818989060E+001
    160  1.783441193209388E-004  3.140287364756382E+001
    210  1.776798160283056E-004  3.421873300884823E+001
    153  1.776220069991568E-004  3.119128674334460E+001
    700  1.746849223909153E-004  1.112187707043413E+002
    376  1.746228183705908E-004  4.578482274843697E+001
     69  1.735543530585055E-004  2.667931486079132E+001
     59  1.717957543404677E-004  2.608228483109795E+001
    462  1.714827957159667E-004  5.834568949164402E+001
    375  1.693491594092157E-004  4.577921754207221E+001
    663  1.677552366407545E-004  1.095408569103236E+002
    580  1.664154541920202E-004  1.069063882425304E+002
    838  1.658443375633057E-004  1.178077045912047E+002
      5  1.656904584206277E-004  1.580375607842547E+001
    559  1.652726155170537E-004  1.054467335457494E+002
    434  1.648270050011695E-004  5.556859477681133E+001
    209  1.635300682476284E-004  3.420776675567321E+001
   1029  1.624059600828768E-004  1.312589073638632E+002
    102  1.617760113940676E-004  2.838723287464182E+001
    219  1.599924161381997E-004  3.435584966495736E+001
     39  1.565447378156951E-004  2.419216907562118E+001
    478  1.554724925722643E-004  5.880478287498814E+001
    347  1.549710383752528E-004  4.251894246220620E+001
    292  1.528603381269693E-004  3.837765227419467E+001
    544  1.519586920058410E-004  1.037287728441322E+002
    275  1.495182287184452E-004  3.771871208633355E+001
    141  1.488898013149747E-004  3.005205957969120E+001
    122  1.483281921775611E-004  2.942821875092930E+001
    917  1.456189493172577E-004  1.262583151256411E+002
    958  1.452715676098072E-004  1.283326337970340E+002
    335  1.410561103493222E-004  4.064698242871874E+001
     58  1.394787000844217E-004  2.603619761911758E+001
    301  1.378276463357528E-004  3.874125966254066E+001
     31  1.377334952090823E-004  2.349957735236975E+001
    300  1.376787017864167E-004  3.871033423098082E+001
    902  1.366147417885346E-004  1.246861225619736E+002
    403  1.359347516807087E-004  5.332276567118551E+001
    487  1.352349551460042E-004  5.901096182276392E+001
    785  1.348351670004172E-004  1.156515149006221E+002
    553  1.342287143245776E-004  1.045844149005738E+002
    721  1.336314804057675E-004  1.121902054803930E+002
    381  1.334436521556492E-004  4.623753374880091E+001
    808  1.316450912479267E-004  1.166438640424820E+002
    691  1.282972370958458E-004  1.109942746792360E+002
    186  1.269398180001309E-004  3.335079910483972E+001
    771  1.255337821640538E-004  1.142541813627527E+002
    821  1.236242210258482E-004  1.173213489801490E+002
     93  1.229806951451778E-004  2.801831476528660E+001
    167  1.222342118910320E-004  3.206734480721192E+001
    897  1.220446449327384E-004  1.233154024205701E+002
    778  1.217265787829697E-004  1.153062331743218E+002
    458  1.212873063126533E-004  5.780961640938520E+001
    879  1.195552310317836E-004  1.208628531744268E+002
    667  1.185480882787290E-004  1.098231148083649E+002
    192  1.181438914393936E-004  3.373139183933635E+001
    689  1.172575292088568E-004  1.108992280227757E+002
    784  1.150782312170377E-004  1.156115101864969E+002
    474  1.146923940265675E-004  5.866520048333617E+001
   1008  1.143552415239364E-004  1.304054287055121E+002
    491  1.142393342505128E-004  5.916484178919298E+001
    268  1.106147054831108E-004  3.765614789507087E+001
    780  1.102588221592296E-004  1.153482258688003E+002
    170  1.094837843670927E-004  3.240864442722207E+001
    391  1.085356427378462E-004  4.935295074539214E+001
    453  1.070482434823944E-004  5.734859743017803E+001
    602  1.070290265302733E-004  1.078335831208874E+002
   1011  1.061684827537326E-004  1.305590563134582E+002
    417  1.058915524191482E-004  5.432386496665636E+001
    283  1.034135188118773E-004  3.781664732037148E+001
    826  1.033589579736647E-004  1.174535409692338E+002
    121  1.022661626841684E-004  2.937009161569695E+001
    495  1.014809021549436E-004  5.971063876484735E+001
     64  1.010244903048414E-004  2.637954322898939E+001
    847  1.008445250999067E-004  1.183795327778256E+002
    343  9.966933786286455E-005  4.223776350771931E+001
    683  9.941701362456564E-005  1.107854094171573E+002
    799  9.857888701634512E-005  1.161655148393659E+002
    697  9.833701485669132E-005  1.111168086390436E+002
     75  9.776743927928719E-005  2.717284531466260E+001
    986  9.761952156268609E-005  1.294778988001748E+002
    365  9.674771023595075E-005  4.540196146988517E+001
    294  9.645571114629587E-005  3.844005427068350E+001
     61  9.618558851497325E-005  2.623624111749398E+001
     91  9.587783142061099E-005  2.795709450840539E+001
    964  9.475509842446841E-005  1.284811881676410E+002
   1027  9.421955720302580E-005  1.311414239553258E+002
    575  9.293725405246051E-005  1.067636975144964E+002
    125  8.962973779020282E-005  2.955205187993630E+001
    892  8.848909640288918E-005  1.223146913863671E+002
    716  8.786284739488585E-005  1.119313653155845E+002
    989  8.746859471744937E-005  1.296856498562064E+002
    928  8.728466804145768E-005  1.271758190169006E+002
    212  8.640727836852147E-005  3.425448747044050E+001
     20  8.584838672210782E-005  2.146722812704134E+001
    276  8.506208273013506E-005  3.774173651101562E+001
    214  8.460210345352232E-005  3.429158842681225E+001
     95  8.415957933127061E-005  2.806113631432304E+001
    820  8.413054324861566E-005  1.173160626674297E+002
    455  8.375982025448980E-005  5.757818593173593E+001
    756  8.336102723315404E-005  1.131019348749128E+002
     51  8.256954485425911E-005  2.527497960196780E+001
    332  8.230526946875378E-005  4.036182328117159E+001
   1045  8.215707050011033E-005  1.322246800166877E+002
    231  8.062187006121205E-005  3.529195130720404E+001
    410  8.002306112186037E-005  5.380004782230375E+001
    229  7.978402654509232E-005  3.477639317683153E+001
    258  7.937460845923368E-005  3.725675246841864E+001
    907  7.923837765009574E-005  1.254774984052440E+002
     30  7.904907330367543E-005  2.339033246897357E+001
    607  7.849864271471274E-005  1.079782277499060E+002
    498  7.818374373884646E-005  6.006055704270973E+001
    245  7.743742557994323E-005  3.584895809931362E+001
    829  7.729007542620357E-005  1.175434491795728E+002
   1074  7.691322308693642E-005  1.357832717908243E+002
    369  7.658797396565974E-005  4.556664797594529E+001
     37  7.571314464521082E-005  2.413005277682491E+001
    348  7.431787374533825E-005  4.278252907839931E+001
    680  7.409262004398879E-005  1.106808485277705E+002
    567  7.332237012000398E-005  1.061175767374582E+002
    489  7.284289980951274E-005  5.906665573291085E+001
    942  7.277515394796005E-005  1.277896527703618E+002
    913  7.247709470403561E-005  1.260963173315474E+002
     98  7.164451900457344E-005  2.810036398063808E+001
    364  7.133100889139360E-005  4.528995878587361E+001
    288  6.963570371970091E-005  3.825168870868715E+001
    341  6.911626918217523E-005  4.207899368185591E+001
    151  6.829908493541900E-005  3.097448214004631E+001
    836  6.821898447564725E-005  1.177792466123822E+002
    397  6.818616432466553E-005  5.292984574180642E+001
    173  6.739524575698533E-005  3.267731285541730E+001
    817  6.698165689708915E-005  1.171745914510001E+002
    793  6.647473396108460E-005  1.158943894419280E+002
    554  6.583205622435112E-005  1.048978551747549E+002
    877  6.571399750704058E-005  1.207635072396237E+002
    650  6.567085962821654E-005  1.090061273622073E+002
    404  6.519173365625717E-005  5.332919471058649E+001
    211  6.504418270075583E-005  3.422885497659050E+001
    377  6.383488297372583E-005  4.580996274485975E+001
     35  6.365689581523172E-005  2.406163852032448E+001
    582  6.353225204213112E-005  1.069886979669129E+002
    706  6.311929763741778E-005  1.115644797142602E+002
    585  6.283654053956678E-005  1.071721890576240E+002
    950  6.274715034732214E-005  1.281356928004739E+002
    563  6.210323391999222E-005  1.058622417292547E+002
    261  6.167751150280208E-005  3.751537038816641E+001
      3  6.156397285826584E-005  1.530095081680193E+001
    938  6.097181257804984E-005  1.276246332177813E+002
    337  6.081704089628757E-005  4.125439580477820E+001
    137  6.051193477896496E-005  2.996307755422044E+001
    768  6.018209072292913E-005  1.140511281344195E+002
    140  5.951577718440566E-005  3.002380690834687E+001
     11  5.905095264261634E-005  1.771447447329438E+001
    658  5.849759587973016E-005  1.092752908733605E+002
    534  5.843258582942160E-005  6.352992396574133E+001
    515  5.839347530107256E-005  6.113166482037749E+001
    116  5.782253578474891E-005  2.910094471225916E+001
    295  5.772936308744709E-005  3.844649820311862E+001
    827  5.769771714223556E-005  1.174913134466901E+002
    816  5.768156570632204E-005  1.170854692244173E+002
    466  5.751213345371160E-005  5.848631456847294E+001
    930  5.746793530825463E-005  1.272550109882912E+002
     82  5.741933272775597E-005  2.744742479332049E+001
    259  5.702688526295346E-005  3.731129763636223E+001
    866  5.686092386109813E-005  1.198737679274225E+002
    330  5.648592373955124E-005  4.000719691328421E+001
    472  5.612382477432626E-005  5.860732378330380E+001
     77  5.574273475624050E-005  2.720977418778346E+001
    802  5.544145331953659E-005  1.163074247182627E+002
   1018  5.533180655541402E-005  1.307425624046459E+002
     86  5.512705893601057E-005  2.760340701365068E+001
    280  5.456655749277110E-005  3.777070006257392E+001
    267  5.442426392612287E-005  3.763942844703926E+001
    991  5.434071187040476E-005  1.298309517843196E+002
    604  5.431076539622542E-005  1.078901483894559E+002
    564  5.409836482977974E-005  1.059223740174141E+002
    924  5.357853524886001E-005  1.267645350898773E+002
    392  5.343382121862963E-005  4.975569880244111E+001
    777  5.307438858379231E-005  1.150636811545726E+002
    207  5.306393950667926E-005  3.419271829752626E+001
    725  5.246144739592943E-005  1.122622575126908E+002
    976  5.239462195819594E-005  1.291265023483052E+002
    955  5.198243492642062E-005  1.283043098504922E+002
     62  5.183893372502739E-005  2.630569023157911E+001
   1026  5.181453374301004E-005  1.310988308446859E+002
    844  5.169885500042068E-005  1.182236522024691E+002
    109  5.086873247822420E-005  2.888359254004277E+001
    960  5.064966438369655E-005  1.283710541965592E+002
    523  5.064581315580066E-005  6.195141091349550E+001
    396  5.046169673178970E-005  5.292259014309509E+001
    545  5.036208955449195E-005  1.038885725205099E+002
    919  4.979295836305280E-005  1.264669767465423E+002
    561  4.962748890337922E-005  1.057823475786052E+002
     18  4.846111318535168E-005  2.124694793769305E+001
     13  4.829992652121046E-005  2.038781372204352E+001
    142  4.798804327066318E-005  3.011700635419402E+001
    592  4.735054674000939E-005  1.074010896433819E+002
    527  4.690650423215667E-005  6.211137902133680E+001
    746  4.681559291611690E-005  1.128150956859242E+002
    161  4.658969769850082E-005  3.141544799468193E+001
    166  4.652870588978203E-005  3.197534022905977E+001
    289  4.597894216359408E-005  3.832422991649202E+001
    698  4.583364680273714E-005  1.111543499618823E+002
    488  4.574149438151846E-005  5.904214899548738E+001
    926  4.545660404504808E-005  1.269935099435139E+002
    201  4.491353589337334E-005  3.413905621996786E+001
    108  4.442985205612035E-005  2.884206820739177E+001
    399  4.426914355775876E-005  5.300117686152819E+001
    221  4.405382423440957E-005  3.444064242877499E+001
    757  4.404941982973652E-005  1.131455979007981E+002
    948  4.404444085789435E-005  1.280530341997139E+002
     89  4.404083091628529E-005  2.787565477396676E+001
     22  4.364141492074342E-005  2.149928230079738E+001
   1075  4.313217158990562E-005  1.852007864492208E+002
     15  4.296369323540617E-005  2.077312965636918E+001
    997  4.268352189960433E-005  1.300952728722026E+002
     40  4.234478013459047E-005  2.429142631572386E+001
    903  4.222999228980689E-005  1.249295857950171E+002
    395  4.216544018769385E-005  5.279005865968511E+001
    351  4.182039605887530E-005  4.290814690346715E+001
    408  4.158579658514908E-005  5.368647704938994E+001
    285  4.116176332647903E-005  3.794670187788559E+001
    265  4.106242052466315E-005  3.762418150997995E+001
     85  4.077294554527402E-005  2.757726243328665E+001
    158  4.037732208898258E-005  3.138637587596471E+001
     63  3.911224447510311E-005  2.633691355837915E+001
    483  3.903994150592592E-005  5.892865432514233E+001
    977  3.901563018980113E-005  1.291448023039548E+002
    252  3.891385733341735E-005  3.681481496629917E+001
    352  3.869515764298678E-005  4.345183818831803E+001
    851  3.829511705846506E-005  1.189105890777936E+002
    540  3.735469878064330E-005  1.019596674086986E+002
    599  3.630036533843407E-005  1.077354408464688E+002
    476  3.614187155108978E-005  5.874284760292872E+001
    148  3.613231505624271E-005  3.055713011308698E+001
    909  3.607505825645274E-005  1.256671150468244E+002
    749  3.556307267688560E-005  1.128862829609149E+002
    131  3.553892984352103E-005  2.976719894627799E+001
    659  3.509018377086181E-005  1.093169473413985E+002
     47  3.502325737498775E-005  2.514695584094496E+001
   1070  3.502035707521663E-005  1.350535885837313E+002
    297  3.493024034104568E-005  3.850412000814609E+001
    129  3.492080734627067E-005  2.967722940199728E+001
    246  3.478483455801633E-005  3.612200287477440E+001
     36  3.471552279889345E-005  2.408548968715760E+001
    184  3.414506423790458E-005  3.328145954751520E+001
    671  3.390550077738532E-005  1.100461630260976E+002
    832  3.387559983392209E-005  1.176150872586579E+002
    159  3.386436099814070E-005  3.140014259635325E+001
    813  3.384070160401149E-005  1.170211975618395E+002
    325  3.368223081987425E-005  3.979678053884171E+001
    637  3.362881431851022E-005  1.087708716348475E+002
    543  3.260077122590524E-005  1.026098663261161E+002
    623  3.228082231341009E-005  1.084311616311891E+002
    203  3.218629222811399E-005  3.415596231316062E+001
    588  3.208946359439755E-005  1.072780161282308E+002
    708  3.195190614767504E-005  1.116659378913442E+002
    760  3.136347246825607E-005  1.133648679091437E+002
    255  3.083376647623617E-005  3.705801266502003E+001
    451  3.029117660198577E-005  5.726939793781466E+001
    193  3.009873765798264E-005  3.387383688791338E+001
    940  2.972908328858696E-005  1.277053477702196E+002
    772  2.959925305003783E-005  1.144444014986270E+002
    894  2.956744012531863E-005  1.226855190700912E+002
    329  2.851385271030208E-005  3.994917835777716E+001
    853  2.848143495543705E-005  1.189950762444425E+002
    988  2.844973006071959E-005  1.295230022337254E+002
    868  2.808273926906918E-005  1.199994649602093E+002
    762  2.759732459860668E-005  1.134504722361933E+002
     92  2.686518425987708E-005  2.796966533379813E+001
    562  2.677216129048875E-005  1.058125905236654E+002
     70  2.674548732257180E-005  2.683332853591699E+001
    168  2.670365974555408E-005  3.223239881301075E+001
   1044  2.652384114583286E-005  1.320835593454495E+002
    320  2.651232785216202E-005  3.958466091098631E+001
    374  2.646253731380784E-005  4.576894168844035E+001
    308  2.634774405959179E-005  3.924824416979163E+001
    822  2.630495711305744E-005  1.173379890193997E+002
    120  2.581609271567423E-005  2.935022978395871E+001
    870  2.576322280626058E-005  1.203621491035894E+002
    128  2.509569720194263E-005  2.964876822252022E+001
     67  2.507783080478790E-005  2.663955326886673E+001
    480  2.483021999992361E-005  5.887142017505539E+001
    133  2.479620793600537E-005  2.980777525245198E+001
    149  2.464971015539028E-005  3.064428879965062E+001
    239  2.436003015071602E-005  3.564788119351169E+001
    183  2.430822803934280E-005  3.317747871488443E+001
    967  2.377048927098695E-005  1.287730879251822E+002
    712  2.374208899999425E-005  1.118479116964762E+002
    858  2.360655675453265E-005  1.193043137223610E+002
    528  2.356478931823891E-005  6.211763689923020E+001
    113  2.348721684126967E-005  2.894608485543543E+001
    871  2.275557602898712E-005  1.204638135739833E+002
    118  2.263253607076429E-005  2.927665934202001E+001
    134  2.262663892664842E-005  2.989081555609098E+001
     66  2.250441252818850E-005  2.653041695388611E+001
    576  2.218529620917224E-005  1.068188420241767E+002
    199  2.171451778203607E-005  3.411214171315592E+001
    943  2.164321337590744E-005  1.278255860865938E+002
    947  2.163156397941666E-005  1.280025795512814E+002
    187  2.161739310135399E-005  3.338593491458187E+001
     88  2.148702190210103E-005  2.776495450944637E+001
    247  2.119770155405687E-005  3.613855018049320E+001
    471  2.107648089435831E-005  5.859921299406331E+001
    202  2.083868829756092E-005  3.414693728338715E+001
    669  2.081605691027801E-005  1.098991161820264E+002
    401  2.077543550696910E-005  5.310952948046032E+001
    998  2.053328462761150E-005  1.301241144683907E+002
   1009  2.040530325177301E-005  1.304609142394732E+002
    354  2.027893747775456E-005  4.358717802496741E+001
    646  2.021494354708583E-005  1.089039652974663E+002
    357  2.020044641590029E-005  4.413715889769129E+001
    968  1.987148921986225E-005  1.287893908307005E+002
     25  1.974471037785280E-005  2.268285797328677E+001
    676  1.971679071534291E-005  1.102968009656115E+002
    334  1.967666096993300E-005  4.055961280242965E+001
    738  1.952231884979446E-005  1.126248828969786E+002
   1072  1.922089428583526E-005  1.354275255218108E+002
     84  1.919561109275368E-005  2.748397341497807E+001
    593  1.916538785262594E-005  1.074633420950339E+002
    138  1.912155815493317E-005  2.998810658959070E+001
    353  1.898882396646049E-005  4.354452657935016E+001
    530  1.898856093674873E-005  6.265828803408258E+001
    305  1.851792652325516E-005  3.919092577852600E+001
   1014  1.847559200705762E-005  1.306579532637773E+002
     83  1.834777077984699E-005  2.745200449399356E+001
     74  1.826862323486159E-005  2.706787664592100E+001
     46  1.825646066674953E-005  2.508968851186969E+001
    824  1.807308613295152E-005  1.173851057796732E+002
    694  1.803570714154864E-005  1.110208923005156E+002
    190  1.803496550295795E-005  3.352213579831744E+001
    733  1.798981722837025E-005  1.125211996768446E+002
    338  1.764306776716539E-005  4.143596746217444E+001
    420  1.740379234581970E-005  5.464265012038360E+001
    934  1.728339434679080E-005  1.274026915475210E+002
    339  1.724197502522200E-005  4.199721405536648E+001
    198  1.716715661933621E-005  3.410095577154824E+001
     28  1.716625046180458E-005  2.303576073275412E+001
    854  1.693258304684826E-005  1.190938927222375E+002
    717  1.687184869666529E-005  1.119901298340990E+002
    675  1.680092693747666E-005  1.101932688761904E+002
    177  1.672337213769823E-005  3.286305119332699E+001
    944  1.667150160272701E-005  1.278264506290159E+002
    803  1.664831165871689E-005  1.163959410830473E+002
    204  1.616589322299758E-005  3.416741852472765E+001
    557  1.610734712743987E-005  1.053298087456868E+002
    981  1.610223558063018E-005  1.292686845988868E+002
    496  1.607754693162303E-005  5.977778544840232E+001
    270  1.584070725108969E-005  3.767493462479421E+001
    287  1.578391217966335E-005  3.806334999222836E+001
    742  1.572141619039399E-005  1.126546326383816E+002
    905  1.570638028608503E-005  1.252963463377060E+002
    600  1.569080437453388E-005  1.078192567961393E+002
    532  1.538906464247705E-005  6.299204701993657E+001
   1033  1.519492892108221E-005  1.314921549657209E+002
    428  1.519353013821310E-005  5.539697768550786E+001
    315  1.515827738377232E-005  3.946262277995078E+001
    196  1.494756455527970E-005  3.402217963204272E+001
    237  1.488732496007322E-005  3.561350513334219E+001
    304  1.479794198653232E-005  3.902642388250331E+001
    587  1.473009989899061E-005  1.072564562863978E+002
    860  1.453990843072579E-005  1.193608179742887E+002
    655  1.446286487501762E-005  1.092114390318620E+002
    424  1.442021833909768E-005  5.504400290817051E+001
    560  1.429570127503836E-005  1.057397922085461E+002
    156  1.411665043781598E-005  3.133959801814033E+001
    812  1.398113177858253E-005  1.169499526914024E+002
    127  1.371112850291921E-005  2.958197907168710E+001
    427  1.354618398550038E-005  5.530625255614972E+001
    886  1.349578599073611E-005  1.214498350996194E+002
     79  1.347762259927760E-005  2.728143790603452E+001
    513  1.342744710449153E-005  6.111701004965728E+001
    104  1.341893278070072E-005  2.863475114667724E+001
    783  1.341107583771957E-005  1.155776779712016E+002
    765  1.337933347792627E-005  1.138034732037320E+002
    497  1.325979228733643E-005  5.984833423050026E+001
    911  1.318539204529953E-005  1.258968376271585E+002
    611  1.316074036742869E-005  1.080609110523806E+002
    123  1.316013065224839E-005  2.945706723223188E+001
    475  1.309653401298956E-005  5.870955367754343E+001
     68  1.305175240484470E-005  2.665958995788216E+001
    355  1.303132784241116E-005  4.365668409738398E+001
   1032  1.302068260845209E-005  1.314270448258869E+002
    241  1.300993720856843E-005  3.573178726353736E+001
    509  1.297427142557229E-005  6.104665142125116E+001
    191  1.279311537847463E-005  3.372798248811258E+001
    490  1.276177849849460E-005  5.909746584665749E+001
    895  1.256631466440847E-005  1.231922658586809E+002
    661  1.239138011959666E-005  1.094040232551639E+002
    371  1.231275408011940E-005  4.567834615857563E+001
   1005  1.220250045791447E-005  1.302961950162389E+002
    107  1.155572134983973E-005  2.880093649968087E+001
    855  1.148352020088704E-005  1.192335282432478E+002
    469  1.137699175085235E-005  5.857260373695996E+001
     80  1.135209303670356E-005  2.737665388114407E+001
    429  1.126829624819509E-005  5.542704693693687E+001
    437  1.108280349194565E-005  5.567668099873953E+001
    224  1.085050199841344E-005  3.456258153743839E+001
    240  1.083604250481697E-005  3.568815433410965E+001
    324  1.077351818360407E-005  3.965813849875591E+001
    105  1.075167595679388E-005  2.872870804936272E+001
     97  1.049094827115964E-005  2.809615145046481E+001
    627  1.036070624327839E-005  1.085359599099982E+002
    929  1.004467707050406E-005  1.272324166790593E+002
    681  9.959559301378497E-006  1.107150530846271E+002
    574  9.799030561492145E-006  1.067089856517616E+002
    615  9.783490171729741E-006  1.081646255451844E+002
    435  9.765587526287746E-006  5.559833163642786E+001
    713  9.597958184556147E-006  1.118750446375970E+002
    591  9.576198712630549E-006  1.073970459895217E+002
    447  9.395628544609193E-006  5.692641404400948E+001
    508  9.332532505616392E-006  6.101348113010317E+001
    937  9.243092652927041E-006  1.275975168353670E+002
    398  9.148134318095901E-006  5.298968704937109E+001
     81  9.069891301092923E-006  2.737831616504717E+001
    194  9.059688229687115E-006  3.388123191050668E+001
    649  8.656715748243633E-006  1.089557122086210E+002
    385  8.599435019038695E-006  4.744969147605799E+001
    441  8.476722729458035E-006  5.602297434426368E+001
    556  8.462421264796959E-006  1.053074591696642E+002
    529  8.432047947924563E-006  6.213305424318654E+001
    511  8.356920404545520E-006  6.108291035790679E+001
    613  8.275877325748289E-006  1.081325074305931E+002
    481  8.182312371535634E-006  5.889564718758225E+001
    796  8.071210521349999E-006  1.160406419035091E+002
    228  8.064764534821534E-006  3.465329128304563E+001
    256  7.823879178107739E-006  3.708485200545782E+001
     73  7.780244296435285E-006  2.704395448663374E+001
      2  7.742853627537298E-006  1.507477314615795E+001
    995  7.664697912475221E-006  1.300556822463785E+002
    205  7.522677514120642E-006  3.418138862993963E+001
    200  7.442441623345427E-006  3.413076352937113E+001
    722  7.439014904335949E-006  1.121989232781130E+002
    890  7.378489205930136E-006  1.222269695705770E+002
    215  7.225484626059011E-006  3.430912489816387E+001
    316  7.184745511774357E-006  3.947722492082590E+001
    363  7.135514093494305E-006  4.523665715266514E+001
    150  7.114301469156013E-006  3.095380367517388E+001
    380  7.070670027987544E-006  4.621788456267294E+001
     57  7.067254625736926E-006  2.601044601303876E+001
    719  7.002336605255726E-006  1.120361196403708E+002
    146  6.974108016432230E-006  3.038455959742199E+001
   1013  6.888459343152673E-006  1.306191025791559E+002
    745  6.742280323100095E-006  1.127541380335163E+002
    639  6.673030077827603E-006  1.087924757147032E+002
    916  6.625717657805086E-006  1.261858055404796E+002
    748  6.504804253182846E-006  1.128453459062848E+002
    953  6.496295689826603E-006  1.282835790234384E+002
    302  6.466356356970645E-006  3.874867387838012E+001
    181  6.214172986172350E-006  3.309588236011395E+001
    225  6.196976909867718E-006  3.458265676939745E+001
    473  6.147499688557721E-006  5.864875851961727E+001
    983  6.090614072344767E-006  1.293699640118089E+002
   1021  5.947324022361494E-006  1.308784400027895E+002
    257  5.843937422083869E-006  3.716053985696894E+001
    234  5.832704700912197E-006  3.541632958107625E+001
    702  5.787862903885400E-006  1.112791472783473E+002
    810  5.766255364710907E-006  1.168542717379606E+002
    243  5.740128198898995E-006  3.580427376176280E+001
    830  5.693936275856132E-006  1.175448785112390E+002
    439  5.679614001033993E-006  5.581771077364913E+001
    584  5.668239222123648E-006  1.071415131646536E+002
    217  5.585306577349893E-006  3.432077633458158E+001
    157  5.574947555832956E-006  3.136040875348826E+001
    477  5.547438654284385E-006  5.875439662154096E+001
    536  5.510465650014409E-006  7.244369170766353E+001
    373  5.368591361252775E-006  4.573517441489172E+001
    622  5.287713405139726E-006  1.084041586407917E+002
    963  5.268319589897837E-006  1.284456810480366E+002
    880  5.131741287292447E-006  1.209811659012211E+002
    873  5.129112547134868E-006  1.205400953636918E+002
    526  5.070939626348766E-006  6.205614154690332E+001
    520  5.025711292147228E-006  6.117519869664547E+001
   1010  4.921930202540956E-006  1.305150376372933E+002
    899  4.850054699242758E-006  1.237750393258326E+002
   1034  4.790710102912211E-006  1.314975717016592E+002
    956  4.740099971228939E-006  1.283075816024711E+002
    314  4.678678859393861E-006  3.944402428691944E+001
    795  4.651844778577198E-006  1.159446042090269E+002
    699  4.495898647689041E-006  1.111753891148923E+002
    233  4.300652674543150E-006  3.536858076063520E+001
    984  4.182728283542598E-006  1.293776492189174E+002
   1076  4.162763478947712E-006  1.858411948136732E+002
    345  4.137901739412729E-006  4.248475366295001E+001
    596  4.128430375455820E-006  1.076305596761092E+002
    790  4.120134330204950E-006  1.158127479939932E+002
    162  4.005445927920087E-006  3.142013005221356E+001
    684  4.003063402374792E-006  1.108055531440044E+002
    586  3.978004342967704E-006  1.072414988471015E+002
    927  3.949605031479494E-006  1.271118445081471E+002
    910  3.898257820702717E-006  1.258349422363612E+002
   1049  3.895023243809442E-006  1.325964910892840E+002
    674  3.881436556501842E-006  1.101627157855635E+002
    597  3.859059285806074E-006  1.076362394255561E+002
    898  3.824288076242816E-006  1.236287338505038E+002
    797  3.790194783969997E-006  1.161224071144865E+002
     96  3.770303046981005E-006  2.807603105873968E+001
    242  3.730862953824891E-006  3.575330164903793E+001
    326  3.675627153844331E-006  3.980074663620405E+001
    277  3.669429555436032E-006  3.774405278528796E+001
     78  3.640567569780081E-006  2.724001953302053E+001
    470  3.607150371602992E-006  5.858950887133865E+001
    360  3.602595262263315E-006  4.501412031898634E+001
    654  3.590494046200179E-006  1.091774321289355E+002
    971  3.484316199049514E-006  1.289111652451389E+002
    789  3.455964257237359E-006  1.157939903252585E+002
    227  3.453933132644412E-006  3.461221107986133E+001
    432  3.448170174087009E-006  5.551253331854516E+001
    484  3.428711746987221E-006  5.894622531819898E+001
    884  3.388963204766863E-006  1.212913619330936E+002
    218  3.326149054019392E-006  3.434087154455664E+001
    643  3.273741241163135E-006  1.088529165631816E+002
    889  3.252762338429333E-006  1.221096476933091E+002
    272  3.251069820756949E-006  3.770876893490352E+001
     56  3.250440734681338E-006  2.577494999028338E+001
    865  3.207760877049939E-006  1.195233182598442E+002
     87  3.186346527699710E-006  2.773505635732142E+001
    609  3.181095136937022E-006  1.080529774194348E+002
    281  3.142993126405124E-006  3.778222215271058E+001
    522  3.127663346858311E-006  6.189501394570030E+001
    632  3.114273453426933E-006  1.086732063917954E+002
    368  3.104102813541870E-006  4.552075151204606E+001
    605  2.972575278322982E-006  1.079476682950407E+002
    178  2.951858018827681E-006  3.291892583427273E+001
    730  2.941238829012833E-006  1.124678820560711E+002
    614  2.932748839533729E-006  1.081499604581023E+002
    306  2.930071280236119E-006  3.922583615449084E+001
    589  2.873783189862208E-006  1.073243551551986E+002
    672  2.833676350482135E-006  1.100523893058521E+002
    322  2.816484314990938E-006  3.962934885257222E+001
    959  2.812052293933008E-006  1.283643788123119E+002
    493  2.786143189901671E-006  5.956939432616837E+001
    731  2.736356856493889E-006  1.124795031346507E+002
    457  2.694189980715457E-006  5.770039153165104E+001
    720  2.682578166823716E-006  1.121496181246094E+002
     43  2.607262705646827E-006  2.485090944939308E+001
    147  2.421364107325667E-006  3.045498909450352E+001
    174  2.403768016415768E-006  3.277024257542895E+001
    449  2.384733364783762E-006  5.713782918039372E+001
    932  2.324811358904759E-006  1.272890793904072E+002
    366  2.282876391476436E-006  4.541480133184800E+001
    837  2.276024138035481E-006  1.177814246314451E+002
   1059  2.211488857018710E-006  1.335352794510990E+002
    618  2.205523775317233E-006  1.083041655146542E+002
    935  2.191236947278019E-006  1.274477748704804E+002
    707  2.183412311144836E-006  1.116484954290111E+002
    630  2.126100671739189E-006  1.086464564510315E+002
    106  2.122898896590902E-006  2.873147041157064E+001
    887  2.110228003282390E-006  1.215278324822884E+002
    603  2.065452785853373E-006  1.078480909052838E+002
    839  2.035901519728027E-006  1.178451551754228E+002
    506  2.034608035852496E-006  6.092479484159845E+001
    323  2.005763332566500E-006  3.963162035223775E+001
    465  1.995774840567882E-006  5.845233409136720E+001
    620  1.950170001241841E-006  1.083700393844588E+002
    578  1.947246363178939E-006  1.068696587706935E+002
    331  1.940569008291662E-006  4.033978069592825E+001
    804  1.916059835149613E-006  1.164307012054320E+002
    993  1.881789098662707E-006  1.299638892136509E+002
    896  1.835209732641417E-006  1.231967026860033E+002
    571  1.788129239989648E-006  1.065760725477823E+002
    759  1.784229420806129E-006  1.132523759465808E+002
    786  1.724336669634403E-006  1.156679892855772E+002
    893  1.723237055086606E-006  1.225899968537864E+002
    904  1.705821109628403E-006  1.250437756508075E+002
    994  1.705710178786500E-006  1.299886393654431E+002
    677  1.688573242957231E-006  1.104103779431708E+002
    175  1.687731027532236E-006  3.282740528695558E+001
     72  1.669977933216513E-006  2.695844835194747E+001
    313  1.668460519610858E-006  3.941220320488696E+001
    843  1.659530480706145E-006  1.181049125326048E+002
    755  1.654801876301371E-006  1.130537195644052E+002
    840  1.652548653007042E-006  1.179674198090055E+002
    565  1.619835645358185E-006  1.059848591127986E+002
    461  1.612913388586807E-006  5.832169084274378E+001
    882  1.576381206634604E-006  1.212606419968792E+002
    499  1.576118665850785E-006  6.010190034988052E+001
    284  1.572119978646898E-006  3.794002386601017E+001
   1016  1.541471058270802E-006  1.306784011483153E+002
    782  1.532393839498393E-006  1.155663554633046E+002
    962  1.522844342301199E-006  1.284190833846668E+002
    923  1.497885097853013E-006  1.267345977181097E+002
    754  1.464547348737492E-006  1.130532912402911E+002
    703  1.457384263025602E-006  1.113359924967504E+002
    883  1.426626343090139E-006  1.212822283474710E+002
    946  1.401849458661957E-006  1.279201366409634E+002
     34  1.397559851276411E-006  2.394870774261297E+001
    573  1.391151852282647E-006  1.066520968004064E+002
    595  1.390688430354601E-006  1.075727311228692E+002
   1043  1.384750023846201E-006  1.320181582363304E+002
    878  1.384344479789368E-006  1.208553192243232E+002
    651  1.377474959415278E-006  1.090123807306586E+002
    101  1.361923802177144E-006  2.816121926613436E+001
    388  1.359804889370277E-006  4.916519389587509E+001
    318  1.344053713052866E-006  3.952690512520030E+001
    682  1.326710175477204E-006  1.107795174367904E+002
    271  1.318580557048308E-006  3.769377629908810E+001
   1046  1.311594847917370E-006  1.322741703884410E+002
   1017  1.284216298234772E-006  1.307020085696559E+002
    834  1.270188442056877E-006  1.176651591794238E+002
    792  1.265277612916231E-006  1.158579110744502E+002
    501  1.256546680021438E-006  6.025540211442135E+001
   1001  1.253033212530136E-006  1.301907504163165E+002
   1065  1.240759615214834E-006  1.340986810838602E+002
    974  1.233833060953412E-006  1.290391941684268E+002
    770  1.232751125129066E-006  1.141655133118217E+002
    740  1.224872442537825E-006  1.126281679605138E+002
    307  1.206173893277213E-006  3.924418415703018E+001
    317  1.197905083104326E-006  3.952108816795088E+001
    583  1.163085230958654E-006  1.070323413352247E+002
    645  1.158764345283712E-006  1.088758352374567E+002
    340  1.147691411283259E-006  4.203744443197692E+001
    751  1.138372541861230E-006  1.129352725370382E+002
    250  1.118130191530580E-006  3.645071914574685E+001
    957  1.107378556691863E-006  1.283224605383935E+002
    711  1.106674507541375E-006  1.117833092223069E+002
    791  1.091798728543556E-006  1.158399885308925E+002
    444  1.087505661321274E-006  5.640873014994138E+001
   1037  1.083196990183361E-006  1.316166834102353E+002
    845  1.074399767790457E-006  1.182722434309271E+002
    900  1.067074796796604E-006  1.240255399934555E+002
    705  1.064612182278912E-006  1.114879185885843E+002
    888  1.046740337653394E-006  1.215384892766490E+002
    412  1.045060766499691E-006  5.399327798218789E+001
    999  1.043818572740762E-006  1.301340763851820E+002
    885  1.042337258301827E-006  1.213849358963692E+002
    761  1.027034465457927E-006  1.134019555363662E+002
    260  1.003401003438357E-006  3.745846822965304E+001
    901  9.950304216572371E-007  1.246352700151236E+002
    569  9.904521604956030E-007  1.064024371239422E+002
    922  9.694741018678809E-007  1.267277337836395E+002
    908  9.641024202314629E-007  1.256350992978881E+002
    848  9.510069112963329E-007  1.185512117490796E+002
    876  9.487781001550888E-007  1.207338716680959E+002
    975  9.474763502894568E-007  1.290479361570385E+002
    624  9.232591049739481E-007  1.084534043855216E+002
    342  9.169650609829408E-007  4.219280462450153E+001
    394  9.098879916098732E-007  5.275338077531283E+001
    631  9.068583185121055E-007  1.086593678715634E+002
    724  8.947748735149484E-007  1.122474317356576E+002
   1031  8.845676032972000E-007  1.313824495210718E+002
    949  8.844856614811612E-007  1.280833568476082E+002
   1035  8.394271556391031E-007  1.315022364948826E+002
    863  8.321969859497285E-007  1.194780899982511E+002
    524  8.227107027981897E-007  6.196836567938324E+001
    912  8.204257498310031E-007  1.259977317017505E+002
   1025  8.079883864350427E-007  1.310823101564250E+002
    726  7.922135515839234E-007  1.123280306605216E+002
    735  7.866184496902865E-007  1.125422257639707E+002
    801  7.778192395650117E-007  1.162412158177078E+002
   1023  7.762384205295746E-007  1.309907545973144E+002
    856  7.640549390982714E-007  1.192407591408727E+002
    327  7.612502867843975E-007  3.980649710729982E+001
    130  7.601527524139706E-007  2.969026097336859E+001
   1073  7.601523279914062E-007  1.355646294676644E+002
    739  7.499127289668329E-007  1.126267264275300E+002
    872  7.189118806220292E-007  1.204992644439996E+002
    737  6.976820937076254E-007  1.125716601108342E+002
    176  6.834830701058209E-007  3.283702642513862E+001
     12  6.779456699459575E-007  1.791855268392995E+001
    732  6.760497560678964E-007  1.124809932511083E+002
    906  6.702167770157751E-007  1.253859334012492E+002
    891  6.688433945369595E-007  1.222344606190913E+002
    849  6.600791675872334E-007  1.186556798515274E+002
    850  6.477110693223289E-007  1.188640670964077E+002
    758  6.433264023897970E-007  1.131945788764974E+002
    753  6.247130964203175E-007  1.130399909728984E+002
     21  6.197064077182113E-007  2.149552581175353E+001
    846  6.127542385368604E-007  1.183733977129572E+002
    679  6.111670251032874E-007  1.106299731616480E+002
    179  5.939247908745979E-007  3.301071504933698E+001
    807  5.902827293190299E-007  1.166040027024774E+002
   1068  5.891154077966529E-007  1.342139437973118E+002
   1002  5.760600717244702E-007  1.301955720736593E+002
    336  5.689085884251995E-007  4.106442919982931E+001
    819  5.643342272146924E-007  1.172617623112352E+002
    831  5.563855223903845E-007  1.175849164822640E+002
    925  5.560319965323798E-007  1.268943605090481E+002
     50  5.483883230490908E-007  2.524792740229145E+001
     19  5.440203100800676E-007  2.137958735177528E+001
    775  5.414284856892168E-007  1.149447083106751E+002
    728  5.375596541226029E-007  1.123911467240560E+002
    744  5.275371974230762E-007  1.127340165661099E+002
   1019  5.176759340737938E-007  1.307856127904329E+002
    124  5.127881911086087E-007  2.953039329658957E+001
    662  5.044949738363697E-007  1.094304874643061E+002
    220  4.843620976664981E-007  3.440936379612124E+001
    189  4.799560753221989E-007  3.348575581421191E+001
     41  4.763309338801158E-007  2.434332602389209E+001
    628  4.761847485586263E-007  1.085999071252231E+002
    862  4.720371492784839E-007  1.194326389788892E+002
    670  4.590750072148810E-007  1.099218253642219E+002
    987  4.568359732167421E-007  1.295218650079724E+002
    931  4.480622321309012E-007  1.272754104030811E+002
    601  4.455052118736117E-007  1.078222216339937E+002
    951  4.181650320459665E-007  1.282127111215003E+002
    864  4.165787740297398E-007  1.195154318953015E+002
    286  4.151331683263343E-007  3.806107114689090E+001
    350  4.058519294264116E-007  4.287084402122760E+001
    874  4.009977509286394E-007  1.206463359037059E+002
    382  3.919655556675933E-007  4.661435463500721E+001
    718  3.810001649463578E-007  1.120307816427976E+002
    752  3.718906736046522E-007  1.129825416205730E+002
    208  3.693322277518815E-007  3.420400517096608E+001
    665  3.598389122766435E-007  1.096195054263975E+002
    800  3.546635379886909E-007  1.161811067685375E+002
    990  3.516227693303831E-007  1.297249883032466E+002
    171  3.477336752961505E-007  3.251692712246987E+001
    741  3.466720919912656E-007  1.126383251241469E+002
    736  3.408962880759804E-007  1.125700463249535E+002
    633  3.403088100973557E-007  1.086770367044967E+002
    859  3.399922995887872E-007  1.193117826572047E+002
    857  3.325407397595522E-007  1.192977858717030E+002
   1077  3.314959879475836E-007  6.189178021453241E+002
    767  3.309253931324379E-007  1.139787538815297E+002
    828  3.269910255101559E-007  1.175132070682912E+002
    579  3.220887835399067E-007  1.068810185812333E+002
    653  3.160970060685694E-007  1.090926521840726E+002
   1004  3.156839383762729E-007  1.302828791464404E+002
    939  3.152296950845384E-007  1.276788938661296E+002
    657  3.099337234584243E-007  1.092680437977900E+002
    126  3.043184357435170E-007  2.957864372821811E+001
    406  3.035005701951808E-007  5.347162595814701E+001
    541  2.869730715566022E-007  1.020561485810812E+002
    642  2.863902661018541E-007  1.088349318990273E+002
    727  2.841846265017737E-007  1.123838421661365E+002
    635  2.790316535471186E-007  1.087402789130293E+002
    542  2.768564933475560E-007  1.021380905135569E+002
    781  2.744807405472138E-007  1.155015502370288E+002
    282  2.729453453565442E-007  3.781601762519486E+001
   1040  2.692636760386927E-007  1.318325334098182E+002
    776  2.656652740863450E-007  1.150535509847603E+002
    787  2.635745076641273E-007  1.157066821730262E+002
    610  2.573475089795909E-007  1.080548791140610E+002
     99  2.503902817048768E-007  2.813215700322161E+001
    985  2.465281727107467E-007  1.294454523269476E+002
    764  2.421192616278536E-007  1.137269990775531E+002
    443  2.353501935947194E-007  5.615506371008289E+001
    798  2.292516501775747E-007  1.161233232814441E+002
    311  2.189823826129338E-007  3.939193935233331E+001
    914  2.182153451899821E-007  1.261343003660832E+002
    328  2.121946112027360E-007  3.982877398686839E+001
    594  2.022081909235738E-007  1.075267994995216E+002
    389  1.950510705081186E-007  4.924612888004685E+001
   1028  1.855407996569790E-007  1.312419762585663E+002
   1012  1.792583396919695E-007  1.305860585800326E+002
    766  1.780956726151912E-007  1.138313497862233E+002
    370  1.780520686987270E-007  4.562254251008403E+001
    652  1.779316561948313E-007  1.090805000764319E+002
    608  1.681541857351005E-007  1.080310773431174E+002
    640  1.670450234541577E-007  1.088027953187827E+002
    818  1.569546227066901E-007  1.172202887178189E+002
    933  1.542682969222040E-007  1.272967505112425E+002
    841  1.533306243343035E-007  1.180046875638410E+002
    598  1.524461229865080E-007  1.077082259858063E+002
    647  1.519168753711928E-007  1.089204596390746E+002
    921  1.519148462098813E-007  1.266347372507485E+002
    805  1.513790959293391E-007  1.165442309434909E+002
    980  1.500243291448004E-007  1.292322903638887E+002
    263  1.487810000084925E-007  3.756851288337069E+001
    216  1.482762806937505E-007  3.431915233475488E+001
    558  1.464197904550941E-007  1.054235904423783E+002
    875  1.399768456439100E-007  1.206504418490652E+002
     42  1.355296042413621E-007  2.442065503900721E+001
    361  1.337671655673375E-007  4.509188248244521E+001
   1054  1.320848324190660E-007  1.332101619260334E+002
    743  1.274822319188999E-007  1.126739704882794E+002
    269  1.221294874679456E-007  3.766609016559832E+001
    235  1.208230952860878E-007  3.553329683850696E+001
    869  1.187500531031643E-007  1.201465244096069E+002
    729  1.164122340833402E-007  1.124070412533170E+002
   1051  1.137171380337370E-007  1.330173846663143E+002
    750  1.136796745004826E-007  1.128980084302201E+002
    936  1.126681396125402E-007  1.275963114471066E+002
   1003  1.101028512216861E-007  1.302792324598297E+002
    867  1.084028008118052E-007  1.199420338065019E+002
    794  1.065430875576455E-007  1.159299755047292E+002
    825  1.043987233385592E-007  1.174155068731360E+002
    965  9.180599417997391E-008  1.286084743618769E+002
    606  9.026830938929665E-008  1.079754075340127E+002
    945  8.893773946931366E-008  1.278945431870569E+002
    648  8.823176203120460E-008  1.089328290594756E+002
   1000  8.689801395915272E-008  1.301375093272533E+002
    852  8.466596261933554E-008  1.189308904937423E+002
    617  8.287600553806282E-008  1.082069188907082E+002
    823  8.270788199227320E-008  1.173434151863991E+002
    555  8.097547545208475E-008  1.049505825405343E+002
    362  7.645938794001388E-008  4.520209191521082E+001
    616  7.488355268095315E-008  1.081902144651443E+002
    433  7.421512484744338E-008  5.552394895078822E+001
    590  6.898965920427837E-008  1.073381491314167E+002
    734  6.849817108053962E-008  1.125227414297757E+002
    644  6.652114792067151E-008  1.088699046594824E+002
    636  6.367573070172051E-008  1.087412284437008E+002
    833  6.259148901809804E-008  1.176450554682990E+002
   1063  6.035328618022556E-008  1.338610239777397E+002
    814  6.016527392848160E-008  1.170571282096026E+002
    779  5.670246655122645E-008  1.153237642854880E+002
    634  5.641451713193288E-008  1.087110579745548E+002
    577  5.350940304268146E-008  1.068269012623950E+002
    612  5.212522905448510E-008  1.080838271474082E+002
    206  5.113718340152893E-008  3.418711639611698E+001
   1056  5.024872456281429E-008  1.332822863268028E+002
    619  4.431102714641798E-008  1.083262496248409E+002
    715  4.352199239111176E-008  1.119122168057061E+002
    996  4.324996517834813E-008  1.300741546440489E+002
    641  4.160682716363424E-008  1.088136450829588E+002
    502  3.992499265428170E-008  6.033057478557798E+001
    992  3.984755840049719E-008  1.299169051159237E+002
    688  3.890978281497447E-008  1.108652117541332E+002
    710  3.806386681041894E-008  1.117114283703663E+002
    701  3.573275027751459E-008  1.112655741498095E+002
    664  3.445857173376459E-008  1.095868237421283E+002
    915  3.440744846274422E-008  1.261627872997085E+002
    525  3.282719769521578E-008  6.201689187624501E+001
    625  2.964666041902781E-008  1.084878781680722E+002
    881  2.760923852024975E-008  1.212001054655417E+002
    660  2.509050079288841E-008  1.093929129115852E+002
   1030  2.455984418131990E-008  1.313677884464318E+002
    773  2.374733856819670E-008  1.146041296786391E+002
    656  2.366105774744888E-008  1.092383325553483E+002
    668  2.277477605679477E-008  1.098358517134249E+002
    982  2.276639250870813E-008  1.293230544301462E+002
    693  2.058164481875159E-008  1.110198391814811E+002
    709  2.013710027444383E-008  1.116986555393093E+002
    692  1.876403083623088E-008  1.109991362888409E+002
    811  1.870880186636305E-008  1.169131613251637E+002
    806  1.691330614341231E-008  1.165904998677036E+002
    920  1.658413879125772E-008  1.265729199247587E+002
   1007  1.586448318380562E-008  1.303971511397991E+002
    704  1.546937624524698E-008  1.114088220449556E+002
    115  1.362390807760768E-008  2.908676806680809E+001
    213  1.280054427083299E-008  3.426923698719692E+001
    638  1.050035278409097E-008  1.087773663504995E+002
    961  1.026560742154830E-008  1.283826108536399E+002
   1024  8.350126798825214E-009  1.310472886139475E+002
    969  7.809540367055204E-009  1.288232913140608E+002
    309  6.134888519431331E-009  3.929268620446922E+001
      6  4.876322461756630E-009  1.593905863128156E+001
    696  4.579115250662163E-009  1.111110130672436E+002
    463  4.221487585793468E-009  5.840368106338346E+001
    815  4.059805773656345E-009  1.170844697210597E+002
    809  3.571254448730487E-009  1.168273457040169E+002
    747  3.556134757346330E-009  1.128221651622354E+002
    521  3.490558535693486E-009  6.120499406654021E+001
    861  3.371119033089815E-009  1.193618968506130E+002
   1015  3.027290794473472E-009  1.306693309857935E+002
    695  2.992688471918904E-009  1.110404578737834E+002
    723  2.913453533396284E-009  1.122249597820348E+002
    941  2.401978923193769E-009  1.277239710636116E+002
    581  1.763962132951697E-009  1.069166383916512E+002
    714  9.835422708905653E-010  1.118865310298163E+002
     76  4.129218704572818E-010  2.719040433196805E+001
    972  1.290561194590101E-010  1.289491342298440E+002
    685  4.864312544292296E-011  1.108208915724099E+002
    978  4.434405482945840E-011  1.291764873003617E+002
    788  2.116631219177120E-011  1.157595566872355E+002
    629  1.410508190053158E-011  1.086436456014825E+002
