# Number of modes
   1077
# Tabulated for different initial and final frequencies?
    F
# Mode index, Sj, (highest to lowest), omega_j
    475  2.325242852876469E-002  5.870955367754343E+001
     65  1.231772954661850E-002  2.645533186342116E+001
    390  1.200505755307851E-002  4.930034545373515E+001
    566  1.095098062434391E-002  1.060197199307676E+002
    393  1.010824886109762E-002  5.117422678475859E+001
    418  8.605912581913268E-003  5.440760214654593E+001
    477  7.599979334897533E-003  5.875439662154096E+001
    563  6.921798075423750E-003  1.058622417292547E+002
    460  6.390905423137002E-003  5.821511818989060E+001
    462  5.011954211243236E-003  5.834568949164402E+001
    474  4.138080174620216E-003  5.866520048333617E+001
    288  4.051280191777688E-003  3.825168870868715E+001
    431  3.824774222920491E-003  5.545822575490884E+001
   1070  3.516504704349050E-003  1.350535885837313E+002
    421  3.398437590572918E-003  5.469982084171487E+001
    531  3.392529713220120E-003  6.280622541285696E+001
    547  3.353795925928525E-003  1.040413527560943E+002
    430  2.851587646123690E-003  5.544226538226409E+001
    392  2.807199707250439E-003  4.975569880244111E+001
    452  2.683408907218495E-003  5.732416656661538E+001
    466  2.675667378931480E-003  5.848631456847294E+001
      2  2.654949867719607E-003  1.507477314615795E+001
    358  2.547981343300154E-003  4.418411045040358E+001
     70  2.305227273900525E-003  2.683332853591699E+001
    248  2.175640826348932E-003  3.617742791171408E+001
    165  2.153914848042962E-003  3.194792507678593E+001
    485  2.122965807180637E-003  5.896971858223063E+001
     27  2.018226217642236E-003  2.288948685305089E+001
     67  1.986709618530386E-003  2.663955326886673E+001
     60  1.880059105099072E-003  2.612817271153773E+001
   1031  1.808974652805208E-003  1.313824495210718E+002
    582  1.708642946867469E-003  1.069886979669129E+002
    503  1.602930638453933E-003  6.062899617907863E+001
     71  1.531618939049737E-003  2.691074291878593E+001
    450  1.521654035766548E-003  5.723022636777802E+001
    438  1.513558333198881E-003  5.568774314714533E+001
   1060  1.488761046874360E-003  1.336329109810919E+002
   1071  1.445276424977868E-003  1.353191143310252E+002
      9  1.389598225831829E-003  1.615282072713023E+001
    230  1.258474027047060E-003  3.507000892128892E+001
    426  1.250067186286527E-003  5.521112029631625E+001
    487  1.230486398489231E-003  5.901096182276392E+001
   1044  1.186764066875703E-003  1.320835593454495E+002
   1074  1.179999977544720E-003  1.357832717908243E+002
    550  1.161982524140453E-003  1.044255141670578E+002
    433  1.135124591123071E-003  5.552394895078822E+001
    492  1.094877995850241E-003  5.919740097208313E+001
    423  1.091899051543139E-003  5.491452382822700E+001
    103  1.060245280417484E-003  2.854698030319213E+001
    434  1.021691604110407E-003  5.556859477681133E+001
     37  1.001828349129232E-003  2.413005277682491E+001
    387  9.389609419859447E-004  4.845493173747810E+001
    232  9.319711347437312E-004  3.530982942235851E+001
     55  9.234112725664914E-004  2.564739582447731E+001
    425  9.022522021601643E-004  5.512885982268182E+001
    479  8.927977135211137E-004  5.886156225440574E+001
     35  8.695057530737365E-004  2.406163852032448E+001
    151  8.318936467608206E-004  3.097448214004631E+001
    666  8.138655895023754E-004  1.096961217429448E+002
    344  8.115240931510228E-004  4.229281490750487E+001
   1072  8.066474605993418E-004  1.354275255218108E+002
      7  7.905009212395659E-004  1.598850297870253E+001
    294  7.876342614372110E-004  3.844005427068350E+001
   1022  7.421406716248793E-004  1.309570316227355E+002
    407  7.107422623705602E-004  5.355040632372296E+001
    825  6.977666803811613E-004  1.174155068731360E+002
    523  6.658189512677922E-004  6.195141091349550E+001
   1027  6.435830089529787E-004  1.311414239553258E+002
    772  6.206104481083779E-004  1.144444014986270E+002
    245  6.138112569020028E-004  3.584895809931362E+001
    972  5.932223789177893E-004  1.289491342298440E+002
    964  5.857917861922556E-004  1.284811881676410E+002
    497  5.857152399115344E-004  5.984833423050026E+001
    302  5.791613931897732E-004  3.874867387838012E+001
    966  5.791171667446851E-004  1.287120665380274E+002
    446  5.776746210817110E-004  5.657515742254393E+001
   1020  5.726025124393107E-004  1.308300137670077E+002
    478  5.694352226927488E-004  5.880478287498814E+001
     40  5.658617475007533E-004  2.429142631572386E+001
    164  5.637755881884179E-004  3.156123118588701E+001
    290  5.502355365071863E-004  3.834059039797889E+001
    538  5.381803420239407E-004  8.801939400846273E+001
     57  5.379230875809798E-004  2.601044601303876E+001
    180  5.284991766241949E-004  3.306959511625761E+001
     91  5.265680179122096E-004  2.795709450840539E+001
    533  5.253856026158094E-004  6.344214913117692E+001
    482  5.210961727353526E-004  5.890508639424976E+001
    832  5.202433546994167E-004  1.176150872586579E+002
    166  5.184131642405615E-004  3.197534022905977E+001
    975  4.962671796489794E-004  1.290479361570385E+002
    673  4.911224463170800E-004  1.101090602242966E+002
    391  4.804277300853973E-004  4.935295074539214E+001
    442  4.761929377607894E-004  5.605259237502305E+001
    585  4.723743624758111E-004  1.071721890576240E+002
    539  4.722864992475249E-004  1.004038214764926E+002
    588  4.713621317723506E-004  1.072780161282308E+002
    445  4.520186443486419E-004  5.650985963977887E+001
    826  4.475304391598947E-004  1.174535409692338E+002
   1032  4.467079458368619E-004  1.314270448258869E+002
     48  4.459278693741022E-004  2.521050943974308E+001
     23  4.399066584344058E-004  2.160694502786773E+001
     44  4.389188503639180E-004  2.487547588775838E+001
     86  4.332692819046041E-004  2.760340701365068E+001
    592  4.316781160648293E-004  1.074010896433819E+002
    671  4.249410770883299E-004  1.100461630260976E+002
      8  4.243277824919451E-004  1.603898235084092E+001
    822  4.169697136009080E-004  1.173379890193997E+002
   1039  3.951472033251144E-004  1.317789778316224E+002
    197  3.950879306889541E-004  3.407091137263039E+001
    100  3.916921065682365E-004  2.814590236831992E+001
    329  3.912155528915214E-004  3.994917835777716E+001
    422  3.878107718049027E-004  5.478392604221921E+001
    185  3.877398397856418E-004  3.329017879350934E+001
    535  3.729716320378290E-004  7.234684016852472E+001
   1033  3.712833405845454E-004  1.314921549657209E+002
    188  3.654998530145391E-004  3.343297855491465E+001
    440  3.631605219755865E-004  5.589934491235444E+001
    346  3.623793108751821E-004  4.251353138364797E+001
    602  3.615629270971246E-004  1.078335831208874E+002
     51  3.406334131547769E-004  2.527497960196780E+001
     24  3.383834024678876E-004  2.165827626673025E+001
    186  3.363941594872559E-004  3.335079910483972E+001
     41  3.359576989856039E-004  2.434332602389209E+001
    182  3.352842540200292E-004  3.313118961536368E+001
    293  3.320209538423494E-004  3.840315559517953E+001
   1048  3.307009414404369E-004  1.325281096806480E+002
    152  3.274345792701196E-004  3.107793476288124E+001
    981  3.229865577787944E-004  1.292686845988868E+002
    384  3.185031079243670E-004  4.693482184770667E+001
    115  3.144343443195659E-004  2.908676806680809E+001
    404  3.133735155890931E-004  5.332919471058649E+001
    604  3.123956846030751E-004  1.078901483894559E+002
    510  3.051325922188808E-004  6.106496915014706E+001
    537  2.890979035169036E-004  7.348438751630307E+001
    546  2.839579912802989E-004  1.038908634804570E+002
    831  2.794766173125770E-004  1.175849164822640E+002
    249  2.776336464247920E-004  3.643158917315001E+001
    689  2.772353813271267E-004  1.108992280227757E+002
    568  2.770657610254576E-004  1.063884322375297E+002
    976  2.763635359265344E-004  1.291265023483052E+002
    432  2.749576544469244E-004  5.551253331854516E+001
    333  2.724988253887670E-004  4.050570323460023E+001
    256  2.719910385609975E-004  3.708485200545782E+001
    312  2.639831091695671E-004  3.940338989709551E+001
    395  2.621006896596631E-004  5.279005865968511E+001
    777  2.606572060076558E-004  1.150636811545726E+002
    970  2.569504601720790E-004  1.288440499253601E+002
    778  2.471279282940411E-004  1.153062331743218E+002
    114  2.426042935139823E-004  2.903390568794284E+001
    236  2.419787187245354E-004  3.558504171265294E+001
    576  2.375567800648620E-004  1.068188420241767E+002
    797  2.352611001720948E-004  1.161224071144865E+002
     39  2.271768872778897E-004  2.419216907562118E+001
     53  2.247895780560578E-004  2.532427500710937E+001
    311  2.201381820627790E-004  3.939193935233331E+001
    163  2.190590990805783E-004  3.148605603035891E+001
    244  2.156004998158434E-004  3.582009297825139E+001
    297  2.144393962073565E-004  3.850412000814609E+001
   1067  2.130224298470114E-004  1.341872351276505E+002
    480  2.127997402027562E-004  5.887142017505539E+001
    835  2.097452838629839E-004  1.176766134664512E+002
     38  2.055471869185898E-004  2.415274881711009E+001
    251  2.041493748655622E-004  3.670193646720268E+001
    552  1.977354213042140E-004  1.045004516183760E+002
     21  1.972626180331441E-004  2.149552581175353E+001
    318  1.969985176501228E-004  3.952690512520030E+001
   1047  1.967769368666977E-004  1.324683504365100E+002
    386  1.967371688374251E-004  4.778448827008048E+001
   1021  1.948349958160054E-004  1.308784400027895E+002
   1062  1.943441827826599E-004  1.338537297016246E+002
    456  1.926909877831899E-004  5.758475825352298E+001
    967  1.909392780492893E-004  1.287730879251822E+002
    241  1.903726856981019E-004  3.573178726353736E+001
    253  1.895833884038168E-004  3.690338042035397E+001
   1006  1.882651717384601E-004  1.303473844140781E+002
    403  1.852724783631082E-004  5.332276567118551E+001
    292  1.841689695691719E-004  3.837765227419467E+001
    810  1.816048693730542E-004  1.168542717379606E+002
    544  1.784528432829638E-004  1.037287728441322E+002
    177  1.782019972856953E-004  3.286305119332699E+001
    298  1.765093421608375E-004  3.860785506393049E+001
    751  1.753366117487209E-004  1.129352725370382E+002
    160  1.745157810465500E-004  3.140287364756382E+001
    149  1.737745189086373E-004  3.064428879965062E+001
     32  1.713545195513494E-004  2.386019687247388E+001
    553  1.709671436382879E-004  1.045844149005738E+002
    669  1.702980395777172E-004  1.098991161820264E+002
   1069  1.643007013677439E-004  1.347402109836953E+002
   1024  1.639138687983611E-004  1.310472886139475E+002
     54  1.605132608454576E-004  2.537118147105558E+001
    947  1.598649405803109E-004  1.280025795512814E+002
    223  1.596999880762979E-004  3.452101188794168E+001
    654  1.587089173113269E-004  1.091774321289355E+002
    686  1.585542656919954E-004  1.108321598991433E+002
    172  1.581860155331406E-004  3.254695536480502E+001
   1041  1.581069802090506E-004  1.318604688563310E+002
     52  1.576913304628904E-004  2.532370304309600E+001
    306  1.545015267148816E-004  3.922583615449084E+001
    120  1.524627060715390E-004  2.935022978395871E+001
    551  1.498340952270771E-004  1.044758850995860E+002
   1026  1.495290888056245E-004  1.310988308446859E+002
    195  1.474452384784192E-004  3.399004655216064E+001
     92  1.433851324667032E-004  2.796966533379813E+001
    102  1.412609027425526E-004  2.838723287464182E+001
    419  1.412233056680028E-004  5.447434435004674E+001
    838  1.411906125944708E-004  1.178077045912047E+002
     18  1.409414838413068E-004  2.124694793769305E+001
    436  1.409244938332106E-004  5.562240782737462E+001
     64  1.406518373526009E-004  2.637954322898939E+001
    381  1.385025378441323E-004  4.623753374880091E+001
    494  1.377135144736412E-004  5.959072402434833E+001
   1034  1.365678816763109E-004  1.314975717016592E+002
    549  1.351081662000041E-004  1.043755820157491E+002
    807  1.342837244223903E-004  1.166040027024774E+002
    264  1.339086465357741E-004  3.760740200223662E+001
    844  1.332427625966755E-004  1.182236522024691E+002
   1061  1.311665198847087E-004  1.338239896777959E+002
    525  1.309151555484176E-004  6.201689187624501E+001
    817  1.305412087474926E-004  1.171745914510001E+002
    473  1.295127323236757E-004  5.864875851961727E+001
    360  1.291492326887574E-004  4.501412031898634E+001
    554  1.290686975477321E-004  1.048978551747549E+002
    998  1.289813461504367E-004  1.301241144683907E+002
    765  1.276555486666851E-004  1.138034732037320E+002
    413  1.270929409202719E-004  5.407796767412047E+001
    824  1.266902117884724E-004  1.173851057796732E+002
   1052  1.243948888101494E-004  1.330891459743712E+002
    500  1.236251364642507E-004  6.016266526055261E+001
    278  1.224513575879316E-004  3.775225448216675E+001
    266  1.221577317824775E-004  3.763404507858488E+001
    300  1.220600120409384E-004  3.871033423098082E+001
     82  1.208479626805505E-004  2.744742479332049E+001
    279  1.183087074306336E-004  3.776291602598710E+001
    209  1.170015098830588E-004  3.420776675567321E+001
    327  1.168770811405709E-004  3.980649710729982E+001
    458  1.165759912867512E-004  5.780961640938520E+001
     58  1.162518232763631E-004  2.603619761911758E+001
    356  1.155918173331474E-004  4.399929676237998E+001
    514  1.153288723914317E-004  6.112143562944963E+001
    190  1.148771274454498E-004  3.352213579831744E+001
     49  1.147039915030647E-004  2.521926711432687E+001
    691  1.144333363071970E-004  1.109942746792360E+002
     97  1.139001171012428E-004  2.809615145046481E+001
    803  1.121811517594500E-004  1.163959410830473E+002
    667  1.117750874642059E-004  1.098231148083649E+002
    154  1.113020324325574E-004  3.128025029310897E+001
     90  1.101812328343536E-004  2.792299487571685E+001
    532  1.094756623537771E-004  6.299204701993657E+001
    396  1.081354364252274E-004  5.292259014309509E+001
    676  1.076738620580005E-004  1.102968009656115E+002
    349  1.069933189281912E-004  4.279212686889406E+001
    991  1.069036700966809E-004  1.298309517843196E+002
    575  1.066549049245168E-004  1.067636975144964E+002
    894  1.040839035590960E-004  1.226855190700912E+002
    960  1.008771927071480E-004  1.283710541965592E+002
     85  1.004949590806331E-004  2.757726243328665E+001
    979  9.977570991500649E-005  1.292073280791942E+002
     16  9.969259818717686E-005  2.083990463296455E+001
     20  9.855117709221664E-005  2.146722812704134E+001
     29  9.825906116193212E-005  2.304600720746813E+001
    952  9.769481932883696E-005  1.282170243378332E+002
   1016  9.753929165259909E-005  1.306784011483153E+002
    204  9.670194443253232E-005  3.416741852472765E+001
    193  9.659648954378516E-005  3.387383688791338E+001
    530  9.320764249792090E-005  6.265828803408258E+001
    299  9.266272719409670E-005  3.861147003050849E+001
     45  9.215148198578282E-005  2.505629895200580E+001
    476  8.972154686536270E-005  5.874284760292872E+001
    326  8.952021578582227E-005  3.980074663620405E+001
    570  8.916463229250301E-005  1.064458450110351E+002
    126  8.779686736847441E-005  2.957864372821811E+001
     31  8.773909862686563E-005  2.349957735236975E+001
    742  8.723404052638173E-005  1.126546326383816E+002
    631  8.631638792514367E-005  1.086593678715634E+002
      5  8.527159088475041E-005  1.580375607842547E+001
    977  8.431391254721216E-005  1.291448023039548E+002
    213  8.429468546510006E-005  3.426923698719692E+001
    559  8.297746029203843E-005  1.054467335457494E+002
     36  8.288241614553636E-005  2.408548968715760E+001
    954  8.273335981368248E-005  1.282848493157465E+002
    820  8.194445712557697E-005  1.173160626674297E+002
    448  8.164117802708645E-005  5.707216855561523E+001
    287  8.121198777663923E-005  3.806334999222836E+001
    557  8.081974192716083E-005  1.053298087456868E+002
     22  7.943727974017501E-005  2.149928230079738E+001
   1018  7.921814669640807E-005  1.307425624046459E+002
   1058  7.786911349102201E-005  1.334381531708862E+002
    768  7.777086712643277E-005  1.140511281344195E+002
    321  7.682738311329710E-005  3.959878738143280E+001
     33  7.630818967016486E-005  2.387502434282544E+001
    512  7.590346788052579E-005  6.110465593383906E+001
    918  7.552244239891675E-005  1.263810693695273E+002
    383  7.527804430911506E-005  4.665506804468283E+001
    454  7.485767866841738E-005  5.753531790534946E+001
    247  7.439905861635064E-005  3.613855018049320E+001
    489  7.349246599793681E-005  5.906665573291085E+001
    379  7.265937370026528E-005  4.610002508350383E+001
   1064  7.116160515271973E-005  1.339182935247794E+002
    332  6.994791347732227E-005  4.036182328117159E+001
    296  6.867871407261207E-005  3.847026909032138E+001
    280  6.824897709611390E-005  3.777070006257392E+001
    919  6.811805381967205E-005  1.264669767465423E+002
    231  6.808879121181334E-005  3.529195130720404E+001
    459  6.598372659977623E-005  5.797524108925945E+001
    111  6.589136577359315E-005  2.891758955889047E+001
     79  6.576002036120728E-005  2.728143790603452E+001
    125  6.561378069251753E-005  2.955205187993630E+001
    330  6.512293253973450E-005  4.000719691328421E+001
    507  6.426045497957588E-005  6.098134465730102E+001
    897  6.402974168729693E-005  1.233154024205701E+002
    258  6.398286286618956E-005  3.725675246841864E+001
    359  6.279987261248027E-005  4.440820660542785E+001
    137  5.966607497177002E-005  2.996307755422044E+001
    992  5.849615131765028E-005  1.299169051159237E+002
    687  5.846473910810907E-005  1.108477970364615E+002
    207  5.837249560351882E-005  3.419271829752626E+001
    886  5.821420690386762E-005  1.214498350996194E+002
    973  5.821204859800524E-005  1.290303348922233E+002
    997  5.804372083457963E-005  1.300952728722026E+002
    145  5.728607251819005E-005  3.035386176419680E+001
    988  5.711586196498474E-005  1.295230022337254E+002
    829  5.684351851304693E-005  1.175434491795728E+002
    229  5.652197674646973E-005  3.477639317683153E+001
    986  5.611853726171468E-005  1.294778988001748E+002
    955  5.609650790888961E-005  1.283043098504922E+002
   1057  5.602490402920100E-005  1.332882698940204E+002
    267  5.548212074386216E-005  3.763942844703926E+001
    902  5.507547965396668E-005  1.246861225619736E+002
    847  5.473898891890348E-005  1.183795327778256E+002
    700  5.361044032231169E-005  1.112187707043413E+002
    468  5.308754043854912E-005  5.850419738659161E+001
    587  5.275882347214944E-005  1.072564562863978E+002
    518  5.254926365349869E-005  6.116565427175681E+001
    495  5.189945537649641E-005  5.971063876484735E+001
    343  5.160797502100276E-005  4.223776350771931E+001
    453  5.091661907079726E-005  5.734859743017803E+001
    206  5.053553835978348E-005  3.418711639611698E+001
    593  5.026472726755794E-005  1.074633420950339E+002
    398  4.948183895434031E-005  5.298968704937109E+001
    335  4.917078561670204E-005  4.064698242871874E+001
    486  4.824991371661245E-005  5.898078655703418E+001
     66  4.769289279016685E-005  2.653041695388611E+001
    635  4.756071296341197E-005  1.087402789130293E+002
     81  4.732886944964069E-005  2.737831616504717E+001
    409  4.684195169577435E-005  5.377950655266745E+001
    757  4.681664114590193E-005  1.131455979007981E+002
      1  4.655199217194504E-005  1.480943860687432E+001
    117  4.621823170518833E-005  2.915145470361619E+001
    142  4.605829796531880E-005  3.011700635419402E+001
    199  4.519364170912105E-005  3.411214171315592E+001
    802  4.510749387161748E-005  1.163074247182627E+002
    780  4.498465820426509E-005  1.153482258688003E+002
    763  4.476889630970375E-005  1.136578287383470E+002
    372  4.415230576928767E-005  4.569660817760900E+001
     11  4.383058402064113E-005  1.771447447329438E+001
    340  4.355615130198142E-005  4.203744443197692E+001
    796  4.305337048015628E-005  1.160406419035091E+002
    675  4.279200809349170E-005  1.101932688761904E+002
    262  4.228177043251977E-005  3.754826259370084E+001
    812  4.162572263752550E-005  1.169499526914024E+002
   1001  4.115312722046871E-005  1.301907504163165E+002
     89  4.109146591284301E-005  2.787565477396676E+001
    400  4.074178003833322E-005  5.304406357850599E+001
    989  4.027349472896404E-005  1.296856498562064E+002
    645  3.962556318450657E-005  1.088758352374567E+002
   1000  3.941659002234689E-005  1.301375093272533E+002
   1050  3.830661456809170E-005  1.326682006609648E+002
    169  3.745470416022141E-005  3.225245008090104E+001
    119  3.742840692740293E-005  2.929038281335912E+001
    364  3.711009711099001E-005  4.528995878587361E+001
    784  3.678003931853672E-005  1.156115101864969E+002
    866  3.666721125467054E-005  1.198737679274225E+002
    821  3.647486096757094E-005  1.173213489801490E+002
    548  3.639589148040350E-005  1.041098140943872E+002
    255  3.523221600432522E-005  3.705801266502003E+001
    694  3.506549999505289E-005  1.110208923005156E+002
    756  3.492755980975914E-005  1.131019348749128E+002
    884  3.458501029616025E-005  1.212913619330936E+002
    515  3.450509948203444E-005  6.113166482037749E+001
    683  3.406933858258056E-005  1.107854094171573E+002
    212  3.390380899393693E-005  3.425448747044050E+001
    609  3.381030983074043E-005  1.080529774194348E+002
    907  3.334931663161644E-005  1.254774984052440E+002
    347  3.324030165028524E-005  4.251894246220620E+001
    738  3.320716159156861E-005  1.126248828969786E+002
    749  3.305375454584868E-005  1.128862829609149E+002
    136  3.303406852787749E-005  2.995197020395121E+001
    600  3.283484972479177E-005  1.078192567961393E+002
   1075  3.271588803351246E-005  1.852007864492208E+002
    613  3.258215113207558E-005  1.081325074305931E+002
    762  3.251086445514595E-005  1.134504722361933E+002
    942  3.250989841573795E-005  1.277896527703618E+002
   1066  3.250677516858572E-005  1.341339055776214E+002
     42  3.237627650572991E-005  2.442065503900721E+001
    545  3.235967306909921E-005  1.038885725205099E+002
    913  3.220008435419230E-005  1.260963173315474E+002
    286  3.210842702705530E-005  3.806107114689090E+001
    341  3.126135873029891E-005  4.207899368185591E+001
    319  3.089050026802854E-005  3.955367029075058E+001
    144  3.049705187060472E-005  3.023024488043693E+001
    198  3.030963784713772E-005  3.410095577154824E+001
    226  3.030151247656676E-005  3.460914941435140E+001
    599  2.988541371685302E-005  1.077354408464688E+002
    983  2.967518443359862E-005  1.293699640118089E+002
    626  2.893481494562679E-005  1.085197354965440E+002
    643  2.864141794187395E-005  1.088529165631816E+002
    108  2.842183567433979E-005  2.884206820739177E+001
    727  2.828414630168486E-005  1.123838421661365E+002
    240  2.813627532778701E-005  3.568815433410965E+001
    291  2.773101928620911E-005  3.834865717601958E+001
    133  2.761423813454393E-005  2.980777525245198E+001
    310  2.756129530762562E-005  3.933560718805473E+001
     17  2.754825951427638E-005  2.091913438766164E+001
    615  2.742228084160383E-005  1.081646255451844E+002
    536  2.706768363798377E-005  7.244369170766353E+001
    301  2.698380255865146E-005  3.874125966254066E+001
     98  2.670597495274426E-005  2.810036398063808E+001
    745  2.631267752949139E-005  1.127541380335163E+002
    268  2.591762700408932E-005  3.765614789507087E+001
    504  2.586488473761240E-005  6.073767201700102E+001
    101  2.575170803691302E-005  2.816121926613436E+001
     95  2.555752571362270E-005  2.806113631432304E+001
    131  2.530717214157280E-005  2.976719894627799E+001
    449  2.519810183567541E-005  5.713782918039372E+001
   1013  2.512610250350371E-005  1.306191025791559E+002
    202  2.451380906261271E-005  3.414693728338715E+001
    415  2.410465073482336E-005  5.409773008136273E+001
    325  2.390579939399984E-005  3.979678053884171E+001
    854  2.370684489076148E-005  1.190938927222375E+002
    337  2.353837064597011E-005  4.125439580477820E+001
   1077  2.344999145979332E-005  6.189178021453241E+002
    883  2.290183481669920E-005  1.212822283474710E+002
    385  2.269614852836750E-005  4.744969147605799E+001
    455  2.238390868316129E-005  5.757818593173593E+001
    716  2.190197887544301E-005  1.119313653155845E+002
    958  2.167995418061554E-005  1.283326337970340E+002
   1014  2.163004486865771E-005  1.306579532637773E+002
    183  2.157882592937252E-005  3.317747871488443E+001
    516  2.132082302111000E-005  6.114879167768425E+001
    259  2.131622292101771E-005  3.731129763636223E+001
   1038  2.112720687474748E-005  1.317153469634680E+002
   1009  2.110146518872798E-005  1.304609142394732E+002
    369  2.107775428176357E-005  4.556664797594529E+001
    724  2.101672431756511E-005  1.122474317356576E+002
    789  2.050501586934120E-005  1.157939903252585E+002
    308  2.017855029766891E-005  3.924824416979163E+001
     72  2.003203998935141E-005  2.695844835194747E+001
    134  1.960972894634310E-005  2.989081555609098E+001
    938  1.957449378715897E-005  1.276246332177813E+002
    733  1.951312397264786E-005  1.125211996768446E+002
    106  1.899897869905611E-005  2.873147041157064E+001
    498  1.896506462064062E-005  6.006055704270973E+001
    524  1.884252160572323E-005  6.196836567938324E+001
    771  1.883693455977819E-005  1.142541813627527E+002
     75  1.878849085165646E-005  2.717284531466260E+001
    135  1.876148724029045E-005  2.990996926970350E+001
    697  1.875121626424304E-005  1.111168086390436E+002
    148  1.835561790601436E-005  3.055713011308698E+001
    173  1.812032234660319E-005  3.267731285541730E+001
    934  1.808709328443226E-005  1.274026915475210E+002
    995  1.788743335563493E-005  1.300556822463785E+002
     73  1.771630078493104E-005  2.704395448663374E+001
    646  1.766043297275319E-005  1.089039652974663E+002
    150  1.764069355315897E-005  3.095380367517388E+001
    218  1.734476377610245E-005  3.434087154455664E+001
    233  1.713847917430374E-005  3.536858076063520E+001
      4  1.701553907976269E-005  1.555889535187236E+001
    110  1.695159696702072E-005  2.890337161783228E+001
   1053  1.694137373949727E-005  1.331993000158318E+002
    389  1.692519004499290E-005  4.924612888004685E+001
    808  1.689358389969558E-005  1.166438640424820E+002
    184  1.686165015961297E-005  3.328145954751520E+001
    158  1.671256955653702E-005  3.138637587596471E+001
    731  1.663595252652543E-005  1.124795031346507E+002
    189  1.657715438219231E-005  3.348575581421191E+001
     74  1.611934599964729E-005  2.706787664592100E+001
    875  1.589075757051135E-005  1.206504418490652E+002
    113  1.586150189360685E-005  2.894608485543543E+001
    451  1.570015859476520E-005  5.726939793781466E+001
    611  1.568587070782345E-005  1.080609110523806E+002
     34  1.536381002482897E-005  2.394870774261297E+001
     69  1.513408818825323E-005  2.667931486079132E+001
   1011  1.497136934870960E-005  1.305590563134582E+002
    917  1.489989452945333E-005  1.262583151256411E+002
    289  1.484122212424719E-005  3.832422991649202E+001
    265  1.481396057858678E-005  3.762418150997995E+001
     83  1.460319343917701E-005  2.745200449399356E+001
    493  1.450203085638071E-005  5.956939432616837E+001
    402  1.421124289717588E-005  5.323403324336612E+001
    755  1.419263767115563E-005  1.130537195644052E+002
    880  1.411949098564229E-005  1.209811659012211E+002
    637  1.381361757654988E-005  1.087708716348475E+002
    237  1.359983231418942E-005  3.561350513334219E+001
    467  1.353890746950413E-005  5.850070475174659E+001
    254  1.312892938671583E-005  3.696870162494890E+001
    272  1.298796620694432E-005  3.770876893490352E+001
     14  1.287486240011210E-005  2.047451167645159E+001
    543  1.270261246134422E-005  1.026098663261161E+002
    712  1.259861618362442E-005  1.118479116964762E+002
     61  1.246400472859827E-005  2.623624111749398E+001
    816  1.244751933232238E-005  1.170854692244173E+002
    890  1.213111714791451E-005  1.222269695705770E+002
   1055  1.197729944507844E-005  1.332315483337306E+002
    309  1.193793518032255E-005  3.929268620446922E+001
    636  1.185373275661590E-005  1.087412284437008E+002
    128  1.168486677288812E-005  2.964876822252022E+001
    721  1.164155813189262E-005  1.121902054803930E+002
    161  1.163467326019704E-005  3.141544799468193E+001
    143  1.147689384599648E-005  3.021552765862468E+001
    827  1.129564268725867E-005  1.174913134466901E+002
    221  1.116421699284224E-005  3.444064242877499E+001
    774  1.105172288622075E-005  1.147299018357027E+002
    916  1.102760332958015E-005  1.261858055404796E+002
    865  1.101009237302746E-005  1.195233182598442E+002
    250  1.095416467584315E-005  3.645071914574685E+001
    153  1.082453722913583E-005  3.119128674334460E+001
    283  1.080938830536391E-005  3.781664732037148E+001
    157  1.058702284765017E-005  3.136040875348826E+001
    843  1.057717131109415E-005  1.181049125326048E+002
    331  1.053715502447293E-005  4.033978069592825E+001
    276  1.044982123718653E-005  3.774173651101562E+001
    394  1.041205075382080E-005  5.275338077531283E+001
    401  1.027759198637196E-005  5.310952948046032E+001
    892  1.027166166664654E-005  1.223146913863671E+002
    411  1.022013425272082E-005  5.390414096058870E+001
    926  1.020089763597872E-005  1.269935099435139E+002
    725  1.012652577183437E-005  1.122622575126908E+002
    873  1.000327075978864E-005  1.205400953636918E+002
    353  9.964867569560890E-006  4.354452657935016E+001
    320  9.879965688021742E-006  3.958466091098631E+001
     30  9.865264320894848E-006  2.339033246897357E+001
    405  9.826492495799719E-006  5.340951413863353E+001
    842  9.812459089033999E-006  1.180365480395604E+002
    127  9.782045256107749E-006  2.958197907168710E+001
    352  9.755015136037257E-006  4.345183818831803E+001
    215  9.720634896985864E-006  3.430912489816387E+001
    109  9.648623227939555E-006  2.888359254004277E+001
    944  9.560948970892928E-006  1.278264506290159E+002
    273  9.492821523010420E-006  3.771236202405859E+001
    282  9.315841086802785E-006  3.781601762519486E+001
    168  9.289818178477780E-006  3.223239881301075E+001
    932  9.120870421157936E-006  1.272890793904072E+002
      6  9.093258734796621E-006  1.593905863128156E+001
    334  8.870822824633803E-006  4.055961280242965E+001
    138  8.789638854517998E-006  2.998810658959070E+001
   1029  8.698797955246525E-006  1.312589073638632E+002
    930  8.645678278642270E-006  1.272550109882912E+002
    303  8.580258486442428E-006  3.891633174738261E+001
    397  8.508998596080362E-006  5.292984574180642E+001
     94  8.390005201394556E-006  2.803048707399637E+001
    192  8.377377887965546E-006  3.373139183933635E+001
    690  8.273269629938927E-006  1.109553167085971E+002
    205  8.094777640465870E-006  3.418138862993963E+001
    909  7.946278886520936E-006  1.256671150468244E+002
    338  7.935585353433198E-006  4.143596746217444E+001
    472  7.735328134311704E-006  5.860732378330380E+001
    365  7.722836785294840E-006  4.540196146988517E+001
    858  7.610761273123814E-006  1.193043137223610E+002
    112  7.465236415891086E-006  2.893182478938967E+001
    217  7.442506507115716E-006  3.432077633458158E+001
    879  7.244016669301704E-006  1.208628531744268E+002
    156  7.182654693740184E-006  3.133959801814033E+001
    316  7.160143591074785E-006  3.947722492082590E+001
    176  7.137820677024157E-006  3.283702642513862E+001
     93  6.903801424705004E-006  2.801831476528660E+001
     84  6.751164917879171E-006  2.748397341497807E+001
    378  6.743892667769888E-006  4.609481655347708E+001
    564  6.738891133179136E-006  1.059223740174141E+002
    420  6.703133392049968E-006  5.464265012038360E+001
    336  6.656066109523210E-006  4.106442919982931E+001
    414  6.640887094787172E-006  5.408443269732371E+001
    345  6.634162110451648E-006  4.248475366295001E+001
    380  6.539342982626674E-006  4.621788456267294E+001
    382  6.403388427834637E-006  4.661435463500721E+001
    463  6.377710514666814E-006  5.840368106338346E+001
    317  6.310024422687218E-006  3.952108816795088E+001
    201  6.309464151958853E-006  3.413905621996786E+001
    580  6.286740271583438E-006  1.069063882425304E+002
    924  6.211615501745185E-006  1.267645350898773E+002
    680  6.208041310498410E-006  1.106808485277705E+002
    871  6.118955728502403E-006  1.204638135739833E+002
    174  6.081361196820709E-006  3.277024257542895E+001
    710  6.025623718188269E-006  1.117114283703663E+002
    607  6.019705181621068E-006  1.079782277499060E+002
    921  5.967095719921028E-006  1.266347372507485E+002
    314  5.929402833697296E-006  3.944402428691944E+001
    513  5.883395187246882E-006  6.111701004965728E+001
    121  5.869930261247444E-006  2.937009161569695E+001
    147  5.869653884867949E-006  3.045498909450352E+001
    560  5.848497617223178E-006  1.057397922085461E+002
    374  5.841420965693322E-006  4.576894168844035E+001
    945  5.811102841794147E-006  1.278945431870569E+002
    848  5.805829109035757E-006  1.185512117490796E+002
    307  5.743663948883981E-006  3.924418415703018E+001
    348  5.672742432244415E-006  4.278252907839931E+001
     46  5.631028873948271E-006  2.508968851186969E+001
    238  5.598697491690797E-006  3.562010162214489E+001
    561  5.586563395616474E-006  1.057823475786052E+002
    618  5.536684724673247E-006  1.083041655146542E+002
    427  5.491820289948008E-006  5.530625255614972E+001
    191  5.486853865636056E-006  3.372798248811258E+001
    968  5.427289248359779E-006  1.287893908307005E+002
    132  5.359450712139970E-006  2.978147182311027E+001
    555  5.350703906065885E-006  1.049505825405343E+002
    187  5.315935371851690E-006  3.338593491458187E+001
    928  5.099139371144106E-006  1.271758190169006E+002
    323  4.965973811266324E-006  3.963162035223775E+001
    578  4.910103896874466E-006  1.068696587706935E+002
    655  4.870517328289394E-006  1.092114390318620E+002
    730  4.866333882638261E-006  1.124678820560711E+002
    305  4.689403447142223E-006  3.919092577852600E+001
   1045  4.669602256716934E-006  1.322246800166877E+002
    239  4.657212830430189E-006  3.564788119351169E+001
    929  4.650963720066838E-006  1.272324166790593E+002
    444  4.591349396822032E-006  5.640873014994138E+001
    520  4.585495947836539E-006  6.117519869664547E+001
    410  4.581404258340174E-006  5.380004782230375E+001
    948  4.485356071720218E-006  1.280530341997139E+002
    304  4.428552004764944E-006  3.902642388250331E+001
    502  4.344017053978889E-006  6.033057478557798E+001
    214  4.325298841503742E-006  3.429158842681225E+001
    863  4.317355007382205E-006  1.194780899982511E+002
    719  4.254038297404657E-006  1.120361196403708E+002
    203  4.232319932332271E-006  3.415596231316062E+001
    577  4.207663824744154E-006  1.068269012623950E+002
    200  4.206046052895605E-006  3.413076352937113E+001
    663  4.198648990415031E-006  1.095408569103236E+002
    324  4.111548198814940E-006  3.965813849875591E+001
    357  3.889639177093973E-006  4.413715889769129E+001
    196  3.792384115181146E-006  3.402217963204272E+001
    295  3.743371594422406E-006  3.844649820311862E+001
    162  3.680703454491962E-006  3.142013005221356E+001
    905  3.519179716362256E-006  1.252963463377060E+002
    573  3.512224936230486E-006  1.066520968004064E+002
    528  3.383803177613509E-006  6.211763689923020E+001
    659  3.357930508897874E-006  1.093169473413985E+002
    542  3.356692745363800E-006  1.021380905135569E+002
     43  3.340824636970310E-006  2.485090944939308E+001
     63  3.281701105853065E-006  2.633691355837915E+001
    260  3.263889749176795E-006  3.745846822965304E+001
    179  3.259852521439469E-006  3.301071504933698E+001
   1008  3.224014318958553E-006  1.304054287055121E+002
    769  3.216990933500407E-006  1.141494817506874E+002
     10  3.202773044695235E-006  1.630017574824609E+001
     50  3.156501108304086E-006  2.524792740229145E+001
     88  3.143346973178822E-006  2.776495450944637E+001
    649  3.135015697620812E-006  1.089557122086210E+002
    911  2.950567679866100E-006  1.258968376271585E+002
    464  2.943342972060620E-006  5.841767339850505E+001
    887  2.889711270061250E-006  1.215278324822884E+002
    943  2.781144202059789E-006  1.278255860865938E+002
    798  2.630522964486957E-006  1.161233232814441E+002
     78  2.612235454731466E-006  2.724001953302053E+001
    571  2.607152636307925E-006  1.065760725477823E+002
    491  2.539753895491544E-006  5.916484178919298E+001
   1076  2.494806940756217E-006  1.858411948136732E+002
    130  2.478147561933622E-006  2.969026097336859E+001
    672  2.445137165139577E-006  1.100523893058521E+002
    541  2.427607714297699E-006  1.020561485810812E+002
    903  2.351075183887481E-006  1.249295857950171E+002
    540  2.312455841888349E-006  1.019596674086986E+002
    572  2.273980751045727E-006  1.066354688575440E+002
    437  2.244129703484031E-006  5.567668099873953E+001
    610  2.232170959585267E-006  1.080548791140610E+002
    376  2.227614765891949E-006  4.578482274843697E+001
    623  2.218173411326666E-006  1.084311616311891E+002
    107  2.199695085517804E-006  2.880093649968087E+001
    565  2.180750403002677E-006  1.059848591127986E+002
     80  2.178961836450735E-006  2.737665388114407E+001
    517  2.159378252964573E-006  6.116283191518230E+001
    567  2.128881292098969E-006  1.061175767374582E+002
    269  2.108950452609806E-006  3.766609016559832E+001
    898  2.096323645182383E-006  1.236287338505038E+002
    211  2.078070910171514E-006  3.422885497659050E+001
    355  2.058893275969641E-006  4.365668409738398E+001
    496  2.043396281776219E-006  5.977778544840232E+001
    159  1.998668642764174E-006  3.140014259635325E+001
    937  1.938460597085411E-006  1.275975168353670E+002
    558  1.929481361519315E-006  1.054235904423783E+002
    950  1.926834186214593E-006  1.281356928004739E+002
     99  1.913196720050280E-006  2.813215700322161E+001
    605  1.912003004211562E-006  1.079476682950407E+002
    793  1.909848936487248E-006  1.158943894419280E+002
    962  1.900367717150556E-006  1.284190833846668E+002
     13  1.898803317567528E-006  2.038781372204352E+001
    706  1.896138289554656E-006  1.115644797142602E+002
    377  1.870932497436755E-006  4.580996274485975E+001
    639  1.844686414987311E-006  1.087924757147032E+002
    219  1.832380745649764E-006  3.435584966495736E+001
    895  1.815468430988329E-006  1.231922658586809E+002
    760  1.815357273069820E-006  1.133648679091437E+002
    632  1.811847772281059E-006  1.086732063917954E+002
    521  1.796841202152463E-006  6.120499406654021E+001
    116  1.784121595981535E-006  2.910094471225916E+001
    584  1.769995804943424E-006  1.071415131646536E+002
    242  1.761719601953608E-006  3.575330164903793E+001
    313  1.716698414380686E-006  3.941220320488696E+001
    339  1.691343165919084E-006  4.199721405536648E+001
    104  1.675373710957094E-006  2.863475114667724E+001
    529  1.664925451780749E-006  6.213305424318654E+001
    630  1.646173250441488E-006  1.086464564510315E+002
    594  1.603848716281255E-006  1.075267994995216E+002
    270  1.509762819097366E-006  3.767493462479421E+001
    522  1.455647709097913E-006  6.189501394570030E+001
    220  1.430015027974454E-006  3.440936379612124E+001
    741  1.421482688249811E-006  1.126383251241469E+002
    583  1.421465680743973E-006  1.070323413352247E+002
    830  1.389311034444863E-006  1.175448785112390E+002
    868  1.369429994744265E-006  1.199994649602093E+002
    836  1.360581718932889E-006  1.177792466123822E+002
    155  1.355294144569545E-006  3.129077640287002E+001
    702  1.348640543534333E-006  1.112791472783473E+002
    616  1.342722195086067E-006  1.081902144651443E+002
    617  1.342401062115900E-006  1.082069188907082E+002
    899  1.325026647124685E-006  1.237750393258326E+002
    141  1.310643481014719E-006  3.005205957969120E+001
    461  1.303059456115451E-006  5.832169084274378E+001
    412  1.298052894730102E-006  5.399327798218789E+001
    622  1.277833404395279E-006  1.084041586407917E+002
    257  1.269691661530156E-006  3.716053985696894E+001
    574  1.244915437073734E-006  1.067089856517616E+002
    674  1.238201352700521E-006  1.101627157855635E+002
    354  1.218408818233988E-006  4.358717802496741E+001
    361  1.196386812961663E-006  4.509188248244521E+001
    624  1.178805930484729E-006  1.084534043855216E+002
    123  1.167417805607056E-006  2.945706723223188E+001
    589  1.152920182813130E-006  1.073243551551986E+002
     68  1.148725149667087E-006  2.665958995788216E+001
    670  1.124709226814897E-006  1.099218253642219E+002
    490  1.093757655786562E-006  5.909746584665749E+001
    118  1.061199000389057E-006  2.927665934202001E+001
    175  1.053525789490867E-006  3.282740528695558E+001
    429  1.036430082490338E-006  5.542704693693687E+001
   1056  1.030923786405326E-006  1.332822863268028E+002
     96  1.026667476992467E-006  2.807603105873968E+001
    708  1.012532148893936E-006  1.116659378913442E+002
    783  9.953739165585177E-007  1.155776779712016E+002
    471  9.845498466878901E-007  5.859921299406331E+001
    953  9.767226914227907E-007  1.282835790234384E+002
   1046  9.743856739233387E-007  1.322741703884410E+002
     56  9.601919131179573E-007  2.577494999028338E+001
    595  9.409365211318382E-007  1.075727311228692E+002
    371  9.299142298797049E-007  4.567834615857563E+001
    194  9.205520143784990E-007  3.388123191050668E+001
    315  9.199721777079803E-007  3.946262277995078E+001
   1035  9.115457002111599E-007  1.315022364948826E+002
    713  9.030490021308349E-007  1.118750446375970E+002
    285  8.955828436454925E-007  3.794670187788559E+001
    227  8.881579745413295E-007  3.461221107986133E+001
    351  8.770966794160960E-007  4.290814690346715E+001
    368  8.703043223305572E-007  4.552075151204606E+001
    853  8.658098576213503E-007  1.189950762444425E+002
    519  8.636388990894103E-007  6.116666091909611E+001
    748  8.548459837154389E-007  1.128453459062848E+002
     26  8.547147702868744E-007  2.275577786050195E+001
    596  8.474627575585590E-007  1.076305596761092E+002
    370  7.975497546636544E-007  4.562254251008403E+001
    641  7.970898658568868E-007  1.088136450829588E+002
    246  7.967117895838140E-007  3.612200287477440E+001
    457  7.917330513036333E-007  5.770039153165104E+001
     62  7.900209391346615E-007  2.630569023157911E+001
    656  7.781339601251214E-007  1.092383325553483E+002
    695  7.756483399459619E-007  1.110404578737834E+002
    505  7.659936485282671E-007  6.089365906344585E+001
    608  7.419839576271207E-007  1.080310773431174E+002
     19  7.352901937681955E-007  2.137958735177528E+001
    681  7.290412207929856E-007  1.107150530846271E+002
    940  7.106416336886281E-007  1.277053477702196E+002
    234  7.105419748132883E-007  3.541632958107625E+001
    579  7.042509557508831E-007  1.068810185812333E+002
    661  7.018539318644544E-007  1.094040232551639E+002
    684  6.935317132303166E-007  1.108055531440044E+002
     25  6.887082346295410E-007  2.268285797328677E+001
    527  6.844671794095025E-007  6.211137902133680E+001
    621  6.801122802908177E-007  1.083828600305560E+002
   1002  6.714143299619833E-007  1.301955720736593E+002
    428  6.618025721245882E-007  5.539697768550786E+001
    562  6.548172054028589E-007  1.058125905236654E+002
    870  6.343437212562385E-007  1.203621491035894E+002
    534  6.283217672394655E-007  6.352992396574133E+001
    627  6.273027972269445E-007  1.085359599099982E+002
    243  6.087194681978103E-007  3.580427376176280E+001
    469  6.056216585946287E-007  5.857260373695996E+001
     15  6.002235994811923E-007  2.077312965636918E+001
    470  5.935028117570241E-007  5.858950887133865E+001
    910  5.843290793772883E-007  1.258349422363612E+002
    974  5.826130441845031E-007  1.290391941684268E+002
    737  5.761553508602879E-007  1.125716601108342E+002
    263  5.705878408957911E-007  3.756851288337069E+001
    800  5.604961102001937E-007  1.161811067685375E+002
    216  5.541266326444349E-007  3.431915233475488E+001
    956  5.517781799881788E-007  1.283075816024711E+002
    698  5.497907132131292E-007  1.111543499618823E+002
    367  5.395376630487138E-007  4.546665367422378E+001
    682  5.296079380379632E-007  1.107795174367904E+002
    813  5.161905706478659E-007  1.170211975618395E+002
    569  5.034226473238649E-007  1.064024371239422E+002
    787  4.911970795075284E-007  1.157066821730262E+002
    860  4.873130952243799E-007  1.193608179742887E+002
    171  4.873045104068766E-007  3.251692712246987E+001
    845  4.801482588133464E-007  1.182722434309271E+002
   1068  4.607449615909903E-007  1.342139437973118E+002
    225  4.538097259241644E-007  3.458265676939745E+001
    634  4.515537981778323E-007  1.087110579745548E+002
    855  4.496708024357054E-007  1.192335282432478E+002
    350  4.311246583371099E-007  4.287084402122760E+001
    790  4.286826897593452E-007  1.158127479939932E+002
    971  4.260186896940750E-007  1.289111652451389E+002
    791  4.216995681709241E-007  1.158399885308925E+002
   1004  4.199008451556433E-007  1.302828791464404E+002
    508  4.178341269805007E-007  6.101348113010317E+001
    746  4.151449520655782E-007  1.128150956859242E+002
    782  4.027595827200631E-007  1.155663554633046E+002
    506  4.010206213943927E-007  6.092479484159845E+001
    927  3.990664512648449E-007  1.271118445081471E+002
    896  3.902286898535166E-007  1.231967026860033E+002
    633  3.780884693589052E-007  1.086770367044967E+002
    709  3.764250888086762E-007  1.116986555393093E+002
   1028  3.761154028636216E-007  1.312419762585663E+002
    210  3.752841742499186E-007  3.421873300884823E+001
    851  3.741476471799625E-007  1.189105890777936E+002
      3  3.729640991849969E-007  1.530095081680193E+001
    509  3.622304440575304E-007  6.104665142125116E+001
    129  3.402529490467898E-007  2.967722940199728E+001
    625  3.393023512806808E-007  1.084878781680722E+002
    959  3.379117528061197E-007  1.283643788123119E+002
    794  3.290815236232465E-007  1.159299755047292E+002
    488  3.271924922886543E-007  5.904214899548738E+001
    366  3.249671696538559E-007  4.541480133184800E+001
    181  3.223779397017658E-007  3.309588236011395E+001
    665  3.218622680274285E-007  1.096195054263975E+002
    987  3.211411755050071E-007  1.295218650079724E+002
    744  3.187514787205152E-007  1.127340165661099E+002
    590  3.167386754354919E-007  1.073381491314167E+002
    781  3.166036913387412E-007  1.155015502370288E+002
    284  3.043515488636081E-007  3.794002386601017E+001
    799  3.043319778818976E-007  1.161655148393659E+002
    640  2.984298133416033E-007  1.088027953187827E+002
    556  2.921506582798629E-007  1.053074591696642E+002
    923  2.919708564047664E-007  1.267345977181097E+002
    862  2.919636302512117E-007  1.194326389788892E+002
    707  2.895305524153347E-007  1.116484954290111E+002
    922  2.819720118563969E-007  1.267277337836395E+002
    679  2.817776011646032E-007  1.106299731616480E+002
    657  2.804920057888179E-007  1.092680437977900E+002
    685  2.708516994191928E-007  1.108208915724099E+002
    815  2.694182357653992E-007  1.170844697210597E+002
    658  2.674686932056825E-007  1.092752908733605E+002
    416  2.673714597615568E-007  5.412105627361211E+001
    849  2.584672167671184E-007  1.186556798515274E+002
    511  2.576068451802718E-007  6.108291035790679E+001
    501  2.572225968060735E-007  6.025540211442135E+001
    651  2.533907652573567E-007  1.090123807306586E+002
    714  2.462508267429623E-007  1.118865310298163E+002
    274  2.462027048632039E-007  3.771469066363962E+001
    465  2.406734094444305E-007  5.845233409136720E+001
    619  2.403190772929044E-007  1.083262496248409E+002
    441  2.400880983273176E-007  5.602297434426368E+001
    388  2.399340550834873E-007  4.916519389587509E+001
   1051  2.369677770081638E-007  1.330173846663143E+002
    722  2.367077910018198E-007  1.121989232781130E+002
    823  2.307932800929980E-007  1.173434151863991E+002
    375  2.285439619626640E-007  4.577921754207221E+001
    963  2.224026349159239E-007  1.284456810480366E+002
   1065  2.220676680442040E-007  1.340986810838602E+002
    770  2.210711834720040E-007  1.141655133118217E+002
     76  2.198678944073205E-007  2.719040433196805E+001
    732  2.196540673752680E-007  1.124809932511083E+002
    758  2.127544352269952E-007  1.131945788764974E+002
    586  2.110159093880448E-007  1.072414988471015E+002
    435  2.079659556932615E-007  5.559833163642786E+001
   1043  2.079396944806706E-007  1.320181582363304E+002
    767  2.050729660396429E-007  1.139787538815297E+002
    717  2.032847534375163E-007  1.119901298340990E+002
     47  2.031809919788482E-007  2.514695584094496E+001
    795  2.031184872705151E-007  1.159446042090269E+002
    990  1.997771538644163E-007  1.297249883032466E+002
    846  1.990245827783287E-007  1.183733977129572E+002
    893  1.967779440835813E-007  1.225899968537864E+002
   1036  1.950248073201528E-007  1.315563975924429E+002
    804  1.927463297865088E-007  1.164307012054320E+002
    715  1.905429937483015E-007  1.119122168057061E+002
    852  1.881263609060663E-007  1.189308904937423E+002
     77  1.863197976658505E-007  2.720977418778346E+001
    614  1.852219618937666E-007  1.081499604581023E+002
    105  1.838062176667922E-007  2.872870804936272E+001
    985  1.823077769741992E-007  1.294454523269476E+002
    677  1.820135355201404E-007  1.104103779431708E+002
    660  1.742268106007802E-007  1.093929129115852E+002
    994  1.734752861297821E-007  1.299886393654431E+002
    786  1.711822706820565E-007  1.156679892855772E+002
    809  1.662096090344563E-007  1.168273457040169E+002
    754  1.652605700292035E-007  1.130532912402911E+002
    648  1.620101658688078E-007  1.089328290594756E+002
    828  1.615956683567999E-007  1.175132070682912E+002
    761  1.593388307459685E-007  1.134019555363662E+002
    373  1.590551705110963E-007  4.573517441489172E+001
    629  1.562056176576379E-007  1.086436456014825E+002
    915  1.452781400723334E-007  1.261627872997085E+002
    591  1.431249089304364E-007  1.073970459895217E+002
    933  1.428938532482838E-007  1.272967505112425E+002
    662  1.419420678875462E-007  1.094304874643061E+002
    703  1.419033282816045E-007  1.113359924967504E+002
    146  1.403459068650326E-007  3.038455959742199E+001
    642  1.395435508973656E-007  1.088349318990273E+002
    650  1.326968068024898E-007  1.090061273622073E+002
   1025  1.277469923337583E-007  1.310823101564250E+002
    406  1.269487017860015E-007  5.347162595814701E+001
    878  1.265821932043042E-007  1.208553192243232E+002
   1003  1.215782971499164E-007  1.302792324598297E+002
    908  1.209407512662180E-007  1.256350992978881E+002
    483  1.206480413246956E-007  5.892865432514233E+001
    362  1.188097815046670E-007  4.520209191521082E+001
    705  1.165766592133146E-007  1.114879185885843E+002
   1037  1.155854873671028E-007  1.316166834102353E+002
   1054  1.155220111969332E-007  1.332101619260334E+002
    696  1.144314743221551E-007  1.111110130672436E+002
    668  1.138855019966544E-007  1.098358517134249E+002
    711  1.137512991618181E-007  1.117833092223069E+002
    644  1.115548165085521E-007  1.088699046594824E+002
   1015  1.107725169863395E-007  1.306693309857935E+002
    699  1.100754003330942E-007  1.111753891148923E+002
    805  1.092190642805889E-007  1.165442309434909E+002
    638  1.087848065857233E-007  1.087773663504995E+002
    978  1.062103226627340E-007  1.291764873003617E+002
    792  1.046073818390537E-007  1.158579110744502E+002
    949  1.045906342269001E-007  1.280833568476082E+002
   1023  1.020825210716973E-007  1.309907545973144E+002
    925  9.839041416239480E-008  1.268943605090481E+002
   1010  9.664524286367968E-008  1.305150376372933E+002
    167  9.603824425844276E-008  3.206734480721192E+001
    785  9.396689714944165E-008  1.156515149006221E+002
    931  9.314732089183366E-008  1.272754104030811E+002
     12  9.308903980511827E-008  1.791855268392995E+001
    252  9.237690969761825E-008  3.681481496629917E+001
    984  8.998796903063566E-008  1.293776492189174E+002
    999  8.969019195283503E-008  1.301340763851820E+002
    753  8.890054597199361E-008  1.130399909728984E+002
    957  8.790950918174600E-008  1.283224605383935E+002
     28  8.753554216315444E-008  2.303576073275412E+001
    939  8.705723393565844E-008  1.276788938661296E+002
   1030  8.504483744289538E-008  1.313677884464318E+002
   1040  8.351881687799088E-008  1.318325334098182E+002
    764  8.238454064758147E-008  1.137269990775531E+002
    747  8.208327845880414E-008  1.128221651622354E+002
    888  8.185400422137959E-008  1.215384892766490E+002
    818  7.952512699430594E-008  1.172202887178189E+002
    982  7.815252479881309E-008  1.293230544301462E+002
    275  7.366770658028458E-008  3.771871208633355E+001
    740  7.258866426363234E-008  1.126281679605138E+002
    882  7.218632588959369E-008  1.212606419968792E+002
    678  7.065748740071063E-008  1.105298402911861E+002
   1042  7.052622217996714E-008  1.319938555239870E+002
    901  6.976258488266193E-008  1.246352700151236E+002
    664  6.949014721274593E-008  1.095868237421283E+002
    140  6.668815475801006E-008  3.002380690834687E+001
    222  6.610959984243344E-008  3.444665555523785E+001
     87  6.537038383705744E-008  2.773505635732142E+001
   1017  6.480124678374311E-008  1.307020085696559E+002
    408  6.413313041583630E-008  5.368647704938994E+001
    920  6.385298180675153E-008  1.265729199247587E+002
   1005  6.200556868907951E-008  1.302961950162389E+002
    603  6.182575315558854E-008  1.078480909052838E+002
    277  6.010097502020116E-008  3.774405278528796E+001
    653  5.785153513030408E-008  1.090926521840726E+002
    750  5.770534850919626E-008  1.128980084302201E+002
    688  5.722315128151615E-008  1.108652117541332E+002
    941  5.561612248605403E-008  1.277239710636116E+002
    729  5.560829881335750E-008  1.124070412533170E+002
    859  5.474812831774723E-008  1.193117826572047E+002
    788  5.388003073645646E-008  1.157595566872355E+002
    526  5.091627816667803E-008  6.205614154690332E+001
    980  4.906947326970060E-008  1.292322903638887E+002
    726  4.707113826770174E-008  1.123280306605216E+002
    228  4.662066481012078E-008  3.465329128304563E+001
    874  4.620170544787287E-008  1.206463359037059E+002
    900  4.609582062567908E-008  1.240255399934555E+002
    322  4.405004178874709E-008  3.962934885257222E+001
    935  4.379456798574600E-008  1.274477748704804E+002
    912  4.298531024304369E-008  1.259977317017505E+002
    856  4.231528922354109E-008  1.192407591408727E+002
    606  4.202755906086084E-008  1.079754075340127E+002
    861  3.903490079083029E-008  1.193618968506130E+002
    581  3.833927566391423E-008  1.069166383916512E+002
    224  3.815364538892438E-008  3.456258153743839E+001
    951  3.797259601272630E-008  1.282127111215003E+002
    946  3.701669631930640E-008  1.279201366409634E+002
    170  3.696134865851900E-008  3.240864442722207E+001
    876  3.488875631191108E-008  1.207338716680959E+002
    936  3.474942570633362E-008  1.275963114471066E+002
    857  3.259877650353888E-008  1.192977858717030E+002
    766  3.103110477425047E-008  1.138313497862233E+002
   1019  3.102468689351370E-008  1.307856127904329E+002
    814  2.986987579712460E-008  1.170571282096026E+002
    867  2.921131837386525E-008  1.199420338065019E+002
    965  2.894579578457834E-008  1.286084743618769E+002
    891  2.853449919199771E-008  1.222344606190913E+002
    728  2.845816036194081E-008  1.123911467240560E+002
    811  2.817601783729281E-008  1.169131613251637E+002
    328  2.810467281664930E-008  3.982877398686839E+001
    906  2.746109648236392E-008  1.253859334012492E+002
    417  2.694536396074906E-008  5.432386496665636E+001
    773  2.508397494016507E-008  1.146041296786391E+002
    597  2.437987270420051E-008  1.076362394255561E+002
    723  2.430751368175523E-008  1.122249597820348E+002
    839  2.359423509325017E-008  1.178451551754228E+002
    481  2.066720692842271E-008  5.889564718758225E+001
    628  1.853784275412243E-008  1.085999071252231E+002
    178  1.826561506186523E-008  3.291892583427273E+001
    720  1.808052624899211E-008  1.121496181246094E+002
    775  1.703197845841616E-008  1.149447083106751E+002
    124  1.686246230256243E-008  2.953039329658957E+001
    235  1.569011811761733E-008  3.553329683850696E+001
    363  1.547837862899748E-008  4.523665715266514E+001
    499  1.537786382767778E-008  6.010190034988052E+001
    837  1.511349721712958E-008  1.177814246314451E+002
    261  1.499868247723394E-008  3.751537038816641E+001
    806  1.443533738060986E-008  1.165904998677036E+002
    704  1.420599868039499E-008  1.114088220449556E+002
    139  1.403670046386579E-008  3.001327528760398E+001
    864  1.369582509898537E-008  1.195154318953015E+002
    735  1.175573683927726E-008  1.125422257639707E+002
    993  1.162186568871970E-008  1.299638892136509E+002
    904  1.137723266843257E-008  1.250437756508075E+002
    692  1.099520401165454E-008  1.109991362888409E+002
    776  1.063254263656522E-008  1.150535509847603E+002
    734  1.013669612854494E-008  1.125227414297757E+002
    969  7.707925598913668E-009  1.288232913140608E+002
    869  7.363569747763280E-009  1.201465244096069E+002
    819  7.238786199392614E-009  1.172617623112352E+002
    914  7.026092305695716E-009  1.261343003660832E+002
    122  6.648549287483746E-009  2.942821875092930E+001
    443  6.503191306043492E-009  5.615506371008289E+001
    601  6.373781847160237E-009  1.078222216339937E+002
   1012  6.007183673118735E-009  1.305860585800326E+002
    841  5.885210204121414E-009  1.180046875638410E+002
    833  5.317663689001665E-009  1.176450554682990E+002
    834  4.883555523117554E-009  1.176651591794238E+002
     59  4.845038979345083E-009  2.608228483109795E+001
    779  4.648245386462191E-009  1.153237642854880E+002
    439  4.411435109526251E-009  5.581771077364913E+001
    996  4.275866374052613E-009  1.300741546440489E+002
    484  4.233483720407385E-009  5.894622531819898E+001
    693  4.229823306534260E-009  1.110198391814811E+002
    801  4.140339572901185E-009  1.162412158177078E+002
    850  3.852932824434540E-009  1.188640670964077E+002
    701  3.737799866853611E-009  1.112655741498095E+002
   1063  3.257485642976742E-009  1.338610239777397E+002
    759  2.905942066724507E-009  1.132523759465808E+002
    647  2.749272871765950E-009  1.089204596390746E+002
   1007  2.704234032666530E-009  1.303971511397991E+002
    743  2.683574081342420E-009  1.126739704882794E+002
    342  2.630113365038206E-009  4.219280462450153E+001
   1059  2.500129466524359E-009  1.335352794510990E+002
    885  2.025547508252582E-009  1.213849358963692E+002
    961  1.999351433652323E-009  1.283826108536399E+002
    739  1.675048340129763E-009  1.126267264275300E+002
    872  1.464954639414690E-009  1.204992644439996E+002
    424  1.375796535817918E-009  5.504400290817051E+001
    718  1.142576995634968E-009  1.120307816427976E+002
    736  1.065321324694379E-009  1.125700463249535E+002
   1073  1.002518077833823E-009  1.355646294676644E+002
    598  8.698972448431668E-010  1.077082259858063E+002
    271  7.147107502438681E-010  3.769377629908810E+001
    752  5.512082217988984E-010  1.129825416205730E+002
    447  4.800936749301574E-010  5.692641404400948E+001
    652  4.566344199082987E-010  1.090805000764319E+002
   1049  3.907406506522382E-010  1.325964910892840E+002
    620  3.737723460586694E-010  1.083700393844588E+002
    281  2.733609287294242E-010  3.778222215271058E+001
    208  2.567179041644226E-010  3.420400517096608E+001
    881  2.231874785979486E-010  1.212001054655417E+002
    889  2.065715533157862E-010  1.221096476933091E+002
    612  1.800877709968281E-010  1.080838271474082E+002
    877  9.612504658623317E-011  1.207635072396237E+002
    399  3.014121575578874E-011  5.300117686152819E+001
    840  7.020982980017560E-012  1.179674198090055E+002
