# Number of modes
   1077
# Tabulated for different initial and final frequencies?
    F
# Mode index, Sj, (highest to lowest), omega_j
    419  1.418403467302589E-002  5.447434435004674E+001
    358  1.268576934308563E-002  4.418411045040358E+001
    418  1.255617186055792E-002  5.440760214654593E+001
    485  1.220265361035877E-002  5.896971858223063E+001
    552  6.817847633945266E-003  1.045004516183760E+002
    566  6.005357867429298E-003  1.060197199307676E+002
    510  5.576374291361854E-003  6.106496915014706E+001
    547  5.411450333845775E-003  1.040413527560943E+002
   1060  5.125338250752555E-003  1.336329109810919E+002
    535  4.605006519590328E-003  7.234684016852472E+001
    298  4.562226495157883E-003  3.860785506393049E+001
    505  4.462110895469068E-003  6.089365906344585E+001
     27  4.442823700515312E-003  2.288948685305089E+001
   1070  3.849279124607021E-003  1.350535885837313E+002
     16  3.686238872932637E-003  2.083990463296455E+001
    503  3.599566589725529E-003  6.062899617907863E+001
   1052  3.340295693013605E-003  1.330891459743712E+002
    492  3.257194107417939E-003  5.919740097208313E+001
    180  3.130262347777598E-003  3.306959511625761E+001
    507  3.073387533261119E-003  6.098134465730102E+001
    165  2.922901686251968E-003  3.194792507678593E+001
    344  2.818180060687142E-003  4.229281490750487E+001
    378  2.543956595948583E-003  4.609481655347708E+001
    482  2.428905460211774E-003  5.890508639424976E+001
      9  2.401753449801768E-003  1.615282072713023E+001
    538  2.332419035432538E-003  8.801939400846273E+001
    479  2.180734302666052E-003  5.886156225440574E+001
     14  2.056569600415400E-003  2.047451167645159E+001
     37  2.047571723624998E-003  2.413005277682491E+001
   1072  2.039186315698190E-003  1.354275255218108E+002
    103  1.934527442135995E-003  2.854698030319213E+001
    504  1.929921909178983E-003  6.073767201700102E+001
     60  1.876392788472215E-003  2.612817271153773E+001
   1053  1.796888048296559E-003  1.331993000158318E+002
    303  1.774800590708569E-003  3.891633174738261E+001
   1058  1.595852285354791E-003  1.334381531708862E+002
     54  1.582730015152612E-003  2.537118147105558E+001
     65  1.579633499423121E-003  2.645533186342116E+001
    431  1.557103143655855E-003  5.545822575490884E+001
    356  1.517875281456353E-003  4.399929676237998E+001
    452  1.493982942778896E-003  5.732416656661538E+001
    445  1.426332693951881E-003  5.650985963977887E+001
    459  1.421824251343923E-003  5.797524108925945E+001
      2  1.421251389559727E-003  1.507477314615795E+001
    151  1.390253684955920E-003  3.097448214004631E+001
      7  1.372286626771252E-003  1.598850297870253E+001
     48  1.354110588680256E-003  2.521050943974308E+001
   1064  1.321607842317895E-003  1.339182935247794E+002
    531  1.305010074602923E-003  6.280622541285696E+001
    423  1.292227700118880E-003  5.491452382822700E+001
    438  1.255376361953502E-003  5.568774314714533E+001
    415  1.229483686244698E-003  5.409773008136273E+001
    253  1.196820147595033E-003  3.690338042035397E+001
     45  1.183738392987439E-003  2.505629895200580E+001
    966  1.122025626981751E-003  1.287120665380274E+002
    152  1.091133438150825E-003  3.107793476288124E+001
     44  1.087775137676761E-003  2.487547588775838E+001
    518  1.084383930830443E-003  6.116565427175681E+001
    454  1.079475931172164E-003  5.753531790534946E+001
     35  1.077348532961766E-003  2.406163852032448E+001
   1074  1.067692894585200E-003  1.357832717908243E+002
    411  1.050665694565680E-003  5.390414096058870E+001
     10  1.049229491323192E-003  1.630017574824609E+001
    448  1.035276314921008E-003  5.707216855561523E+001
    299  1.019080937678881E-003  3.861147003050849E+001
    343  1.009232425096490E-003  4.223776350771931E+001
     24  1.004474535848847E-003  2.165827626673025E+001
    568  9.711892385777251E-004  1.063884322375297E+002
    384  9.513649077201049E-004  4.693482184770667E+001
    166  9.339855306452260E-004  3.197534022905977E+001
    446  9.236254599349185E-004  5.657515742254393E+001
   1071  9.137560856968900E-004  1.353191143310252E+002
    333  8.999106332810909E-004  4.050570323460023E+001
     26  8.986733024272908E-004  2.275577786050195E+001
    402  8.970201893130380E-004  5.323403324336612E+001
   1041  8.944510256893843E-004  1.318604688563310E+002
    273  8.676109729199959E-004  3.771236202405859E+001
      8  8.641459510662980E-004  1.603898235084092E+001
     38  8.515648371032892E-004  2.415274881711009E+001
   1055  8.479619824944116E-004  1.332315483337306E+002
     32  8.343617228987000E-004  2.386019687247388E+001
     55  8.266526454451566E-004  2.564739582447731E+001
    673  8.099098092532779E-004  1.101090602242966E+002
    117  8.089324491124331E-004  2.915145470361619E+001
    456  8.054588017749948E-004  5.758475825352298E+001
    405  7.941708927177756E-004  5.340951413863353E+001
    223  7.891296283550137E-004  3.452101188794168E+001
     23  7.707860172470790E-004  2.160694502786773E+001
    430  7.592953166391837E-004  5.544226538226409E+001
    512  7.478540271213069E-004  6.110465593383906E+001
      1  7.426207577520972E-004  1.480943860687432E+001
    666  7.186810158938000E-004  1.096961217429448E+002
    514  6.957769887987417E-004  6.112143562944963E+001
    519  6.935852936123613E-004  6.116666091909611E+001
    367  6.825411038464215E-004  4.546665367422378E+001
    468  6.748178466127867E-004  5.850419738659161E+001
    111  6.685900673139742E-004  2.891758955889047E+001
    516  6.615941969277634E-004  6.114879167768425E+001
      4  6.608469978903460E-004  1.555889535187236E+001
    236  6.236180988545405E-004  3.558504171265294E+001
    319  6.128622291563526E-004  3.955367029075058E+001
   1062  6.071178502473400E-004  1.338537297016246E+002
    462  6.061449579260658E-004  5.834568949164402E+001
    897  5.880955397719553E-004  1.233154024205701E+002
     49  5.759770792547021E-004  2.521926711432687E+001
    517  5.749257189905809E-004  6.116283191518230E+001
    145  5.694786341535072E-004  3.035386176419680E+001
    114  5.690318137332609E-004  2.903390568794284E+001
   1066  5.634788447252201E-004  1.341339055776214E+002
    390  5.569075728173528E-004  4.930034545373515E+001
    690  5.233461533789745E-004  1.109553167085971E+002
    533  5.083042002117141E-004  6.344214913117692E+001
    264  5.057662765474655E-004  3.760740200223662E+001
    274  4.952687551895223E-004  3.771469066363962E+001
    572  4.843574348988278E-004  1.066354688575440E+002
    258  4.802909687416093E-004  3.725675246841864E+001
    169  4.763860440346879E-004  3.225245008090104E+001
    241  4.748223543089468E-004  3.573178726353736E+001
    486  4.604359765939677E-004  5.898078655703418E+001
    108  4.476558107512557E-004  2.884206820739177E+001
    954  4.261022658907684E-004  1.282848493157465E+002
     39  4.235436828935020E-004  2.419216907562118E+001
    262  4.115016725899043E-004  3.754826259370084E+001
   1011  4.043341756653338E-004  1.305590563134582E+002
    329  4.038861788956298E-004  3.994917835777716E+001
    248  4.014726773798730E-004  3.617742791171408E+001
    192  4.000329405118219E-004  3.373139183933635E+001
   1022  3.992733479078786E-004  1.309570316227355E+002
    266  3.949918750038507E-004  3.763404507858488E+001
    387  3.925355213691391E-004  4.845493173747810E+001
    290  3.898311064353101E-004  3.834059039797889E+001
    546  3.891063522076128E-004  1.038908634804570E+002
    238  3.888203424790783E-004  3.562010162214489E+001
    135  3.789399795974582E-004  2.990996926970350E+001
    379  3.697685541148067E-004  4.610002508350383E+001
    383  3.694233224826553E-004  4.665506804468283E+001
   1042  3.687540962388650E-004  1.319938555239870E+002
     41  3.591529852724903E-004  2.434332602389209E+001
    467  3.459118690358702E-004  5.850070475174659E+001
    372  3.429799718732504E-004  4.569660817760900E+001
    321  3.355517733732292E-004  3.959878738143280E+001
    421  3.348048304606981E-004  5.469982084171487E+001
   1061  3.329764823134641E-004  1.338239896777959E+002
    548  3.262124653453939E-004  1.041098140943872E+002
    487  3.217417641688523E-004  5.901096182276392E+001
   1008  3.187216173440573E-004  1.304054287055121E+002
    222  3.146815691562307E-004  3.444665555523785E+001
    842  3.129677077754726E-004  1.180365480395604E+002
    340  3.119152504205925E-004  4.203744443197692E+001
    450  3.118475227016087E-004  5.723022636777802E+001
    570  3.091826847284555E-004  1.064458450110351E+002
    392  3.043387781479432E-004  4.975569880244111E+001
    160  3.036234343065908E-004  3.140287364756382E+001
    155  3.001042931656936E-004  3.129077640287002E+001
    141  2.989365442329124E-004  3.005205957969120E+001
    774  2.987886421808583E-004  1.147299018357027E+002
    310  2.963332868945463E-004  3.933560718805473E+001
    544  2.929134238955008E-004  1.037287728441322E+002
    557  2.921102737964342E-004  1.053298087456868E+002
     33  2.907221404616301E-004  2.387502434282544E+001
     58  2.904489874496207E-004  2.603619761911758E+001
    425  2.901038820423549E-004  5.512885982268182E+001
     17  2.875237476171501E-004  2.091913438766164E+001
    769  2.850242084799510E-004  1.141494817506874E+002
    835  2.762062628829416E-004  1.176766134664512E+002
    551  2.750691854754245E-004  1.044758850995860E+002
    580  2.750018359759784E-004  1.069063882425304E+002
    376  2.738875512178990E-004  4.578482274843697E+001
    687  2.658506157295985E-004  1.108477970364615E+002
    144  2.585915143506417E-004  3.023024488043693E+001
    483  2.576697263025615E-004  5.892865432514233E+001
    621  2.570743255057191E-004  1.083828600305560E+002
    808  2.549699385133491E-004  1.166438640424820E+002
    902  2.545906789733119E-004  1.246861225619736E+002
    686  2.528457982429773E-004  1.108321598991433E+002
    120  2.488801969100275E-004  2.935022978395871E+001
    436  2.461790861858731E-004  5.562240782737462E+001
    464  2.456085748192449E-004  5.841767339850505E+001
     64  2.454835036811007E-004  2.637954322898939E+001
   1006  2.431618533765448E-004  1.303473844140781E+002
    549  2.403345117793732E-004  1.043755820157491E+002
    407  2.383487773280961E-004  5.355040632372296E+001
    778  2.380269021545481E-004  1.153062331743218E+002
    136  2.363382898715684E-004  2.995197020395121E+001
      5  2.358327715333652E-004  1.580375607842547E+001
    763  2.355081855736813E-004  1.136578287383470E+002
    838  2.303611957152247E-004  1.178077045912047E+002
     53  2.300909931741481E-004  2.532427500710937E+001
   1067  2.298728654321368E-004  1.341872351276505E+002
    112  2.271386075363833E-004  2.893182478938967E+001
    143  2.239747009157280E-004  3.021552765862468E+001
    115  2.187157932757547E-004  2.908676806680809E+001
    976  2.177644784761732E-004  1.291265023483052E+002
    626  2.165612630938005E-004  1.085197354965440E+002
    785  2.151598385506470E-004  1.156515149006221E+002
    678  2.144920030186920E-004  1.105298402911861E+002
   1050  2.144104341371437E-004  1.326682006609648E+002
    301  2.139316192335299E-004  3.874125966254066E+001
     94  2.126738690916344E-004  2.803048707399637E+001
    700  2.088435369948861E-004  1.112187707043413E+002
    132  2.065609290356109E-004  2.978147182311027E+001
    226  2.020336488478277E-004  3.460914941435140E+001
    399  2.014580312087531E-004  5.300117686152819E+001
    721  1.991890488499550E-004  1.121902054803930E+002
    663  1.983993314959257E-004  1.095408569103236E+002
    153  1.976981799643320E-004  3.119128674334460E+001
    219  1.968598857196601E-004  3.435584966495736E+001
     31  1.964510662829941E-004  2.349957735236975E+001
     71  1.954440374534221E-004  2.691074291878593E+001
    780  1.954252373546013E-004  1.153482258688003E+002
    256  1.920087460751121E-004  3.708485200545782E+001
    416  1.891067905593507E-004  5.412105627361211E+001
     91  1.877516668902310E-004  2.795709450840539E+001
    275  1.872813195983461E-004  3.771871208633355E+001
    386  1.848598977674659E-004  4.778448827008048E+001
    347  1.810177615802196E-004  4.251894246220620E+001
    365  1.752150764100074E-004  4.540196146988517E+001
    554  1.737956403151233E-004  1.048978551747549E+002
     79  1.716005660191467E-004  2.728143790603452E+001
    100  1.715903500492222E-004  2.814590236831992E+001
    667  1.708299762371637E-004  1.098231148083649E+002
    716  1.698247620762937E-004  1.119313653155845E+002
    149  1.688387434048629E-004  3.064428879965062E+001
    364  1.672059432625323E-004  4.528995878587361E+001
    278  1.628273795014688E-004  3.775225448216675E+001
    706  1.609467458822685E-004  1.115644797142602E+002
    375  1.608648574032084E-004  4.577921754207221E+001
    970  1.593627127081176E-004  1.288440499253601E+002
   1036  1.587483234885765E-004  1.315563975924429E+002
     90  1.580664297088767E-004  2.792299487571685E+001
     75  1.552719057799299E-004  2.717284531466260E+001
    879  1.542465767552931E-004  1.208628531744268E+002
    958  1.520915114864178E-004  1.283326337970340E+002
    212  1.512165558164601E-004  3.425448747044050E+001
    466  1.503641880147661E-004  5.848631456847294E+001
    821  1.502548844035698E-004  1.173213489801490E+002
    293  1.486604109012328E-004  3.840315559517953E+001
    245  1.478608647919290E-004  3.584895809931362E+001
    122  1.466564754765312E-004  2.942821875092930E+001
    312  1.429426662259853E-004  3.940338989709551E+001
    280  1.405245451187940E-004  3.777070006257392E+001
    918  1.398794236184050E-004  1.263810693695273E+002
    491  1.375860093531532E-004  5.916484178919298E+001
    540  1.374248930016011E-004  1.019596674086986E+002
    539  1.355937946055052E-004  1.004038214764926E+002
    952  1.345960376201986E-004  1.282170243378332E+002
    979  1.343167213090859E-004  1.292073280791942E+002
    393  1.337812718700232E-004  5.117422678475859E+001
    161  1.332368746198837E-004  3.141544799468193E+001
    195  1.321811838933521E-004  3.399004655216064E+001
   1027  1.315482364738139E-004  1.311414239553258E+002
    973  1.301194803220768E-004  1.290303348922233E+002
    251  1.294678779577914E-004  3.670193646720268E+001
    820  1.258106952675136E-004  1.173160626674297E+002
    455  1.250332402645477E-004  5.757818593173593E+001
    229  1.224905929444335E-004  3.477639317683153E+001
    139  1.219026133770955E-004  3.001327528760398E+001
    167  1.195801690028851E-004  3.206734480721192E+001
     36  1.194998386987607E-004  2.408548968715760E+001
    478  1.168737234964752E-004  5.880478287498814E+001
    575  1.166374969367763E-004  1.067636975144964E+002
     89  1.144479652583557E-004  2.787565477396676E+001
    866  1.127776843689480E-004  1.198737679274225E+002
    213  1.126489032224216E-004  3.426923698719692E+001
    827  1.125664758624796E-004  1.174913134466901E+002
     70  1.124871915449757E-004  2.683332853591699E+001
    185  1.116531518057369E-004  3.329017879350934E+001
    683  1.105090851527193E-004  1.107854094171573E+002
    691  1.096641156248984E-004  1.109942746792360E+002
    211  1.082687066823338E-004  3.422885497659050E+001
   1013  1.073279639518542E-004  1.306191025791559E+002
    799  1.070800504551192E-004  1.161655148393659E+002
     80  1.067919850209312E-004  2.737665388114407E+001
    177  1.064987210839707E-004  3.286305119332699E+001
   1039  1.064826708188831E-004  1.317789778316224E+002
    826  1.063843071336476E-004  1.174535409692338E+002
    214  1.054509896582520E-004  3.429158842681225E+001
    403  1.040530502024912E-004  5.332276567118551E+001
    950  1.036249088515116E-004  1.281356928004739E+002
    760  1.022938869945084E-004  1.133648679091437E+002
    209  1.020589544855517E-004  3.420776675567321E+001
    270  1.013567304223805E-004  3.767493462479421E+001
     61  1.007076003591957E-004  2.623624111749398E+001
   1020  1.002016044401608E-004  1.308300137670077E+002
    349  9.873280162875677E-005  4.279212686889406E+001
     30  9.763851545107089E-005  2.339033246897357E+001
    832  9.721788924541964E-005  1.176150872586579E+002
    680  9.720879092311744E-005  1.106808485277705E+002
     40  9.688761362515245E-005  2.429142631572386E+001
    121  9.598246067438696E-005  2.937009161569695E+001
    768  9.581033413887962E-005  1.140511281344195E+002
    725  9.504491495746632E-005  1.122622575126908E+002
     95  9.488254525376204E-005  2.806113631432304E+001
     73  9.439840745543732E-005  2.704395448663374E+001
    829  9.406242343226582E-005  1.175434491795728E+002
    440  9.376503166941298E-005  5.589934491235444E+001
    604  9.159164480153198E-005  1.078901483894559E+002
     18  9.121860889022346E-005  2.124694793769305E+001
     85  8.987320984784448E-005  2.757726243328665E+001
    816  8.937819046659952E-005  1.170854692244173E+002
    602  8.893530691766492E-005  1.078335831208874E+002
    295  8.846567685471509E-005  3.844649820311862E+001
    330  8.812027934886998E-005  4.000719691328421E+001
    170  8.787654695841069E-005  3.240864442722207E+001
    283  8.681223772008045E-005  3.781664732037148E+001
    515  8.670916842869762E-005  6.113166482037749E+001
    207  8.650881352632903E-005  3.419271829752626E+001
    244  8.590677457648477E-005  3.582009297825139E+001
    494  8.543525238109265E-005  5.959072402434833E+001
    854  8.505284051682953E-005  1.190938927222375E+002
    380  8.466668066789408E-005  4.621788456267294E+001
    917  8.450476648854389E-005  1.262583151256411E+002
    409  8.382542053294559E-005  5.377950655266745E+001
    414  8.190175916227845E-005  5.408443269732371E+001
    892  8.176392439474982E-005  1.223146913863671E+002
    998  8.171304201136468E-005  1.301241144683907E+002
    697  8.023524903056193E-005  1.111168086390436E+002
     57  7.973207726746790E-005  2.601044601303876E+001
    391  7.837955978099234E-005  4.935295074539214E+001
    817  7.835430942630848E-005  1.171745914510001E+002
    159  7.821335004509266E-005  3.140014259635325E+001
    348  7.612868136537916E-005  4.278252907839931E+001
   1016  7.609953670254440E-005  1.306784011483153E+002
    588  7.575612303067382E-005  1.072780161282308E+002
    480  7.526871885612766E-005  5.887142017505539E+001
    550  7.341881418561677E-005  1.044255141670578E+002
    190  7.328881567609070E-005  3.352213579831744E+001
     21  7.272455852073097E-005  2.149552581175353E+001
    154  7.254283957018174E-005  3.128025029310897E+001
    268  7.242563866516394E-005  3.765614789507087E+001
    877  7.190559503042148E-005  1.207635072396237E+002
    913  7.141049692150776E-005  1.260963173315474E+002
    276  7.039619648855540E-005  3.774173651101562E+001
   1047  6.946622750626817E-005  1.324683504365100E+002
    851  6.877112144668731E-005  1.189105890777936E+002
    240  6.835900969216241E-005  3.568815433410965E+001
    593  6.786454917482690E-005  1.074633420950339E+002
    142  6.785482239107311E-005  3.011700635419402E+001
    193  6.762512470623503E-005  3.387383688791338E+001
     59  6.692021448165297E-005  2.608228483109795E+001
    582  6.652872642043187E-005  1.069886979669129E+002
    968  6.647426878263157E-005  1.287893908307005E+002
     82  6.599094568150756E-005  2.744742479332049E+001
    458  6.576631955285600E-005  5.780961640938520E+001
    986  6.521206836914352E-005  1.294778988001748E+002
    199  6.483891352641675E-005  3.411214171315592E+001
    689  6.438455726648716E-005  1.108992280227757E+002
    671  6.435446741451599E-005  1.100461630260976E+002
    853  6.399722602758356E-005  1.189950762444425E+002
   1075  6.367492368457715E-005  1.852007864492208E+002
    955  6.361729661937439E-005  1.283043098504922E+002
     62  6.343689301075008E-005  2.630569023157911E+001
    230  6.281768596733394E-005  3.507000892128892E+001
    318  6.270697573452542E-005  3.952690512520030E+001
    186  6.251656298520890E-005  3.335079910483972E+001
    395  6.193870948816684E-005  5.279005865968511E+001
    442  6.174163133565969E-005  5.605259237502305E+001
    967  6.165587748780431E-005  1.287730879251822E+002
    477  6.145146409556157E-005  5.875439662154096E+001
    434  6.114358719210835E-005  5.556859477681133E+001
    188  6.046744007766235E-005  3.343297855491465E+001
     52  6.023022308329606E-005  2.532370304309600E+001
    553  6.020266898859886E-005  1.045844149005738E+002
    261  5.953110553323280E-005  3.751537038816641E+001
    131  5.951408894676085E-005  2.976719894627799E+001
    221  5.932344769089919E-005  3.444064242877499E+001
    607  5.910504686397876E-005  1.079782277499060E+002
    844  5.780101343704861E-005  1.182236522024691E+002
    410  5.777923030938692E-005  5.380004782230375E+001
    472  5.716901247887698E-005  5.860732378330380E+001
    255  5.702338160662034E-005  3.705801266502003E+001
    296  5.678817444889146E-005  3.847026909032138E+001
    302  5.627813694846818E-005  3.874867387838012E+001
   1000  5.609946807680887E-005  1.301375093272533E+002
     93  5.602408650409062E-005  2.801831476528660E+001
    377  5.570106369514173E-005  4.580996274485975E+001
    116  5.346978028177523E-005  2.910094471225916E+001
    453  5.325806537939653E-005  5.734859743017803E+001
    975  5.316535956693257E-005  1.290479361570385E+002
    109  5.311111708437355E-005  2.888359254004277E+001
    210  5.309394815603117E-005  3.421873300884823E+001
    346  5.290011043320335E-005  4.251353138364797E+001
   1031  5.250244549586298E-005  1.313824495210718E+002
    369  5.158676774464127E-005  4.556664797594529E+001
   1048  5.156739733244360E-005  1.325281096806480E+002
     13  5.084837897521599E-005  2.038781372204352E+001
    332  5.080738123134737E-005  4.036182328117159E+001
     98  5.060870922217016E-005  2.810036398063808E+001
    335  5.048234484768870E-005  4.064698242871874E+001
    184  5.001318190852534E-005  3.328145954751520E+001
    942  4.948399338817935E-005  1.277896527703618E+002
    352  4.919774784617256E-005  4.345183818831803E+001
    460  4.911337327965429E-005  5.821511818989060E+001
    534  4.822853225413234E-005  6.352992396574133E+001
    623  4.812848656546286E-005  1.084311616311891E+002
    694  4.795108290303986E-005  1.110208923005156E+002
     74  4.765823353781255E-005  2.706787664592100E+001
    488  4.745942092008860E-005  5.904214899548738E+001
    325  4.701176941779934E-005  3.979678053884171E+001
    398  4.695601229058944E-005  5.298968704937109E+001
    158  4.651849979521124E-005  3.138637587596471E+001
    676  4.609313948283463E-005  1.102968009656115E+002
    110  4.603533876708176E-005  2.890337161783228E+001
    163  4.546955495937888E-005  3.148605603035891E+001
    650  4.526139560820474E-005  1.090061273622073E+002
    919  4.523395781616584E-005  1.264669767465423E+002
    730  4.517551053606124E-005  1.124678820560711E+002
    291  4.502101549556521E-005  3.834865717601958E+001
   1029  4.491881948988189E-005  1.312589073638632E+002
    524  4.453479977244431E-005  6.196836567938324E+001
    126  4.441296541844916E-005  2.957864372821811E+001
    500  4.366406245913932E-005  6.016266526055261E+001
    133  4.330493272484159E-005  2.980777525245198E+001
    783  4.282988187071565E-005  1.155776779712016E+002
    708  4.267995348441639E-005  1.116659378913442E+002
     29  4.201429397659870E-005  2.304600720746813E+001
    254  4.147915655951668E-005  3.696870162494890E+001
      3  4.137636932061978E-005  1.530095081680193E+001
    287  4.134633331052608E-005  3.806334999222836E+001
    129  4.127121444277191E-005  2.967722940199728E+001
    359  4.123068856886244E-005  4.440820660542785E+001
    237  4.093151614465746E-005  3.561350513334219E+001
     15  4.091561700122458E-005  2.077312965636918E+001
    894  4.070790835364331E-005  1.226855190700912E+002
    137  4.064406472355053E-005  2.996307755422044E+001
    738  4.055838816294949E-005  1.126248828969786E+002
    252  4.046470591485544E-005  3.681481496629917E+001
    476  4.025257914576746E-005  5.874284760292872E+001
    733  3.918669457870495E-005  1.125211996768446E+002
    757  3.894099016079568E-005  1.131455979007981E+002
     11  3.885140365202988E-005  1.771447447329438E+001
    989  3.859649633078521E-005  1.296856498562064E+002
    698  3.848810998311284E-005  1.111543499618823E+002
    637  3.761866563249872E-005  1.087708716348475E+002
    536  3.745859252211723E-005  7.244369170766353E+001
    797  3.710721275541617E-005  1.161224071144865E+002
    585  3.706365081463514E-005  1.071721890576240E+002
    400  3.630259603471847E-005  5.304406357850599E+001
    183  3.609720548933751E-005  3.317747871488443E+001
    964  3.598239774387793E-005  1.284811881676410E+002
    592  3.597338960590201E-005  1.074010896433819E+002
    541  3.582500743518060E-005  1.020561485810812E+002
     77  3.577038269998203E-005  2.720977418778346E+001
    408  3.558669484880111E-005  5.368647704938994E+001
    712  3.543909193871545E-005  1.118479116964762E+002
    168  3.511500093551093E-005  3.223239881301075E+001
    279  3.509646186295906E-005  3.776291602598710E+001
    345  3.489434390100024E-005  4.248475366295001E+001
     63  3.448303712643879E-005  2.633691355837915E+001
    187  3.435424059692110E-005  3.338593491458187E+001
    771  3.423620175784514E-005  1.142541813627527E+002
    962  3.410392169505022E-005  1.284190833846668E+002
     42  3.396764715124704E-005  2.442065503900721E+001
    991  3.391108318993267E-005  1.298309517843196E+002
    119  3.353742593714118E-005  2.929038281335912E+001
    784  3.346168431222127E-005  1.156115101864969E+002
    360  3.327483063838171E-005  4.501412031898634E+001
    587  3.322940295704959E-005  1.072564562863978E+002
    813  3.299074647525401E-005  1.170211975618395E+002
    871  3.276639869491425E-005  1.204638135739833E+002
   1044  3.256325563955037E-005  1.320835593454495E+002
    320  3.250052580035788E-005  3.958466091098631E+001
    427  3.245827401725032E-005  5.530625255614972E+001
    669  3.244073962190999E-005  1.098991161820264E+002
    928  3.226987098720017E-005  1.271758190169006E+002
    232  3.202253446370910E-005  3.530982942235851E+001
    191  3.190629826076898E-005  3.372798248811258E+001
    202  3.172642402695629E-005  3.414693728338715E+001
    528  3.129504106427559E-005  6.211763689923020E+001
    658  3.121123897123339E-005  1.092752908733605E+002
    233  3.048828169220099E-005  3.536858076063520E+001
    381  3.015734058886790E-005  4.623753374880091E+001
    334  3.015556991799320E-005  4.055961280242965E+001
   1038  3.012828570938336E-005  1.317153469634680E+002
   1076  2.984872240375098E-005  1.858411948136732E+002
    646  2.984425893644156E-005  1.089039652974663E+002
    288  2.936647776498424E-005  3.825168870868715E+001
    481  2.925141289856938E-005  5.889564718758225E+001
    182  2.849798866309479E-005  3.313118961536368E+001
    401  2.849533942043367E-005  5.310952948046032E+001
     88  2.817209219338332E-005  2.776495450944637E+001
    451  2.790389183168299E-005  5.726939793781466E+001
    357  2.781036410606795E-005  4.413715889769129E+001
     68  2.696504815844814E-005  2.665958995788216E+001
    265  2.661713930222851E-005  3.762418150997995E+001
    537  2.655027454768276E-005  7.348438751630307E+001
    422  2.654998011613519E-005  5.478392604221921E+001
    164  2.632472920549682E-005  3.156123118588701E+001
   1001  2.530513423675066E-005  1.301907504163165E+002
     47  2.513072327589051E-005  2.514695584094496E+001
    338  2.499415455260617E-005  4.143596746217444E+001
    836  2.466713204217411E-005  1.177792466123822E+002
    316  2.448378936544912E-005  3.947722492082590E+001
    527  2.442829516691443E-005  6.211137902133680E+001
     20  2.436252029373974E-005  2.146722812704134E+001
    777  2.426883591786968E-005  1.150636811545726E+002
    157  2.411015744747191E-005  3.136040875348826E+001
    138  2.410698458832034E-005  2.998810658959070E+001
    576  2.384335321831376E-005  1.068188420241767E+002
    197  2.359563334684478E-005  3.407091137263039E+001
    104  2.330878780339641E-005  2.863475114667724E+001
    471  2.281165574788568E-005  5.859921299406331E+001
    173  2.276455064079994E-005  3.267731285541730E+001
    615  2.228295564590124E-005  1.081646255451844E+002
    639  2.171791617959730E-005  1.087924757147032E+002
     67  2.146565269253335E-005  2.663955326886673E+001
    305  2.075063215675990E-005  3.919092577852600E+001
    746  2.058978451077895E-005  1.128150956859242E+002
    793  2.033103182849620E-005  1.158943894419280E+002
    564  2.014024172125438E-005  1.059223740174141E+002
    246  1.990796221311593E-005  3.612200287477440E+001
     25  1.984960523564168E-005  2.268285797328677E+001
    397  1.971669694672171E-005  5.292984574180642E+001
   1033  1.969536874476671E-005  1.314921549657209E+002
   1077  1.966956686047755E-005  6.189178021453241E+002
    509  1.958953773084876E-005  6.104665142125116E+001
    306  1.949957159380664E-005  3.922583615449084E+001
    285  1.944516457694811E-005  3.794670187788559E+001
    426  1.944231001077105E-005  5.521112029631625E+001
    311  1.938571284844731E-005  3.939193935233331E+001
    294  1.936043449467444E-005  3.844005427068350E+001
    125  1.932711385272251E-005  2.955205187993630E+001
    437  1.922381810072350E-005  5.567668099873953E+001
    649  1.916619206148637E-005  1.089557122086210E+002
    203  1.914099207235835E-005  3.415596231316062E+001
    824  1.909258386385150E-005  1.173851057796732E+002
    921  1.901804505177117E-005  1.266347372507485E+002
    945  1.884693861921390E-005  1.278945431870569E+002
    960  1.863633598253410E-005  1.283710541965592E+002
    292  1.853237943024643E-005  3.837765227419467E+001
    847  1.833071491406201E-005  1.183795327778256E+002
     84  1.809535913701193E-005  2.748397341497807E+001
    433  1.787027734788597E-005  5.552394895078822E+001
     51  1.773592460868792E-005  2.527497960196780E+001
    981  1.741813854360776E-005  1.292686845988868E+002
    239  1.731941365188089E-005  3.564788119351169E+001
    247  1.729487676254585E-005  3.613855018049320E+001
    681  1.726452826393131E-005  1.107150530846271E+002
    490  1.715367833326696E-005  5.909746584665749E+001
   1032  1.712633013556158E-005  1.314270448258869E+002
    523  1.687651409555580E-005  6.195141091349550E+001
    609  1.660868475465545E-005  1.080529774194348E+002
    304  1.656289619568837E-005  3.902642388250331E+001
    496  1.655764388290730E-005  5.977778544840232E+001
    354  1.635517067648676E-005  4.358717802496741E+001
     46  1.623617335624731E-005  2.508968851186969E+001
    825  1.622052093239465E-005  1.174155068731360E+002
    555  1.608940431800868E-005  1.049505825405343E+002
    560  1.603462455598192E-005  1.057397922085461E+002
    341  1.597255324718710E-005  4.207899368185591E+001
    822  1.592765012329618E-005  1.173379890193997E+002
    300  1.586369574944526E-005  3.871033423098082E+001
    997  1.564417103645979E-005  1.300952728722026E+002
    353  1.549832666531570E-005  4.354452657935016E+001
    339  1.547794495151872E-005  4.199721405536648E+001
    469  1.544082329888355E-005  5.857260373695996E+001
    156  1.538863797100646E-005  3.133959801814033E+001
    600  1.522672459055129E-005  1.078192567961393E+002
    789  1.511584709066626E-005  1.157939903252585E+002
    865  1.505622898815024E-005  1.195233182598442E+002
    565  1.504677245999909E-005  1.059848591127986E+002
    385  1.488412437522706E-005  4.744969147605799E+001
    903  1.485352335208760E-005  1.249295857950171E+002
    428  1.474102049131373E-005  5.539697768550786E+001
    812  1.470647537382020E-005  1.169499526914024E+002
    932  1.468410389267189E-005  1.272890793904072E+002
    374  1.451057219814053E-005  4.576894168844035E+001
    201  1.444756876361709E-005  3.413905621996786E+001
    218  1.430216919765743E-005  3.434087154455664E+001
    858  1.415532405559830E-005  1.193043137223610E+002
    737  1.412926206839126E-005  1.125716601108342E+002
     96  1.411986761056246E-005  2.807603105873968E+001
    532  1.395259041309772E-005  6.299204701993657E+001
    599  1.384435425572484E-005  1.077354408464688E+002
    886  1.383363523243419E-005  1.214498350996194E+002
    324  1.371873320982171E-005  3.965813849875591E+001
    724  1.367528715602261E-005  1.122474317356576E+002
    756  1.359547948795691E-005  1.131019348749128E+002
     78  1.344803707949331E-005  2.724001953302053E+001
    315  1.339364350538426E-005  3.946262277995078E+001
    717  1.338851798489105E-005  1.119901298340990E+002
    196  1.297731095116180E-005  3.402217963204272E+001
    355  1.280341976928520E-005  4.365668409738398E+001
    189  1.266030217769047E-005  3.348575581421191E+001
    123  1.265480725173329E-005  2.945706723223188E+001
    731  1.254673318233688E-005  1.124795031346507E+002
    977  1.247312332232458E-005  1.291448023039548E+002
    101  1.246376673791532E-005  2.816121926613436E+001
    796  1.242387625293508E-005  1.160406419035091E+002
    929  1.228924065752224E-005  1.272324166790593E+002
    559  1.228799379229747E-005  1.054467335457494E+002
    113  1.222374794192952E-005  2.894608485543543E+001
    140  1.212366414023128E-005  3.002380690834687E+001
   1005  1.206733781120368E-005  1.302961950162389E+002
    495  1.203699770224590E-005  5.971063876484735E+001
    880  1.200198105463805E-005  1.209811659012211E+002
    371  1.180775633594688E-005  4.567834615857563E+001
    102  1.178691280216131E-005  2.838723287464182E+001
    327  1.173098330148616E-005  3.980649710729982E+001
    441  1.125635603396891E-005  5.602297434426368E+001
    995  1.125160859792227E-005  1.300556822463785E+002
   1024  1.107269946779253E-005  1.310472886139475E+002
     72  1.093239415322100E-005  2.695844835194747E+001
     92  1.086255020560514E-005  2.796966533379813E+001
    563  1.083040886629910E-005  1.058622417292547E+002
    271  1.070620981575509E-005  3.769377629908810E+001
    529  1.068318172280795E-005  6.213305424318654E+001
    224  1.063557655731335E-005  3.456258153743839E+001
    988  1.050149155987821E-005  1.295230022337254E+002
    162  1.024185239177397E-005  3.142013005221356E+001
    249  1.016389661967449E-005  3.643158917315001E+001
    713  1.014598504288715E-005  1.118750446375970E+002
    215  1.008855374585239E-005  3.430912489816387E+001
    947  1.008236643808837E-005  1.280025795512814E+002
    926  9.970341154270992E-006  1.269935099435139E+002
    134  9.802151185456703E-006  2.989081555609098E+001
    106  9.749354681216540E-006  2.873147041157064E+001
    618  9.744819799650899E-006  1.083041655146542E+002
    525  9.523054870586068E-006  6.201689187624501E+001
    289  9.319790557966407E-006  3.832422991649202E+001
    627  9.319788096779232E-006  1.085359599099982E+002
    848  9.174239669942696E-006  1.185512117490796E+002
    749  9.090076697850851E-006  1.128862829609149E+002
    843  9.050941965642456E-006  1.181049125326048E+002
    424  9.027779136705320E-006  5.504400290817051E+001
    591  8.984666519443520E-006  1.073970459895217E+002
    228  8.725885575091996E-006  3.465329128304563E+001
    447  8.705789910709007E-006  5.692641404400948E+001
    622  8.686551116841094E-006  1.084041586407917E+002
    943  8.685479857576098E-006  1.278255860865938E+002
    257  8.610898323891193E-006  3.716053985696894E+001
    513  8.510335282930708E-006  6.111701004965728E+001
    545  8.304487401121552E-006  1.038885725205099E+002
    508  8.252867437688424E-006  6.101348113010317E+001
    802  8.142986735915663E-006  1.163074247182627E+002
    413  8.106480648650568E-006  5.407796767412047E+001
    206  8.019060932971057E-006  3.418711639611698E+001
    873  7.988696927531805E-006  1.205400953636918E+002
   1045  7.974730804197473E-006  1.322246800166877E+002
    217  7.950081334581804E-006  3.432077633458158E+001
    435  7.922691584453252E-006  5.559833163642786E+001
   1014  7.897235643170088E-006  1.306579532637773E+002
    439  7.893234710130875E-006  5.581771077364913E+001
    498  7.832749396874476E-006  6.006055704270973E+001
    484  7.692771121199492E-006  5.894622531819898E+001
    269  7.671254308921979E-006  3.766609016559832E+001
     66  7.604605229742314E-006  2.653041695388611E+001
    659  7.585728338371241E-006  1.093169473413985E+002
    613  7.462953700246588E-006  1.081325074305931E+002
    243  7.379210796812467E-006  3.580427376176280E+001
    675  7.179313888076199E-006  1.101932688761904E+002
    930  7.170114636074178E-006  1.272550109882912E+002
     34  7.155366165628418E-006  2.394870774261297E+001
    225  7.038996216111254E-006  3.458265676939745E+001
    992  7.027341498461648E-006  1.299169051159237E+002
     56  6.965822049752465E-006  2.577494999028338E+001
    875  6.786950580802434E-006  1.206504418490652E+002
     12  6.786760066829745E-006  1.791855268392995E+001
    830  6.724333391895775E-006  1.175448785112390E+002
    899  6.674580564415413E-006  1.237750393258326E+002
    363  6.550399544364034E-006  4.523665715266514E+001
    314  6.507324215699217E-006  3.944402428691944E+001
    204  6.379205765050099E-006  3.416741852472765E+001
     99  6.193801925788683E-006  2.813215700322161E+001
    297  6.131735908858577E-006  3.850412000814609E+001
    963  6.125820722006488E-006  1.284456810480366E+002
    489  6.077859458094481E-006  5.906665573291085E+001
    181  6.042544093150920E-006  3.309588236011395E+001
    868  5.971717782552770E-006  1.199994649602093E+002
    351  5.967493154439826E-006  4.290814690346715E+001
    855  5.919435340087761E-006  1.192335282432478E+002
    722  5.905589894048203E-006  1.121989232781130E+002
    584  5.817607638956279E-006  1.071415131646536E+002
    907  5.776442975998421E-006  1.254774984052440E+002
    267  5.682681884299147E-006  3.763942844703926E+001
    674  5.670197564413841E-006  1.101627157855635E+002
    308  5.654461987830662E-006  3.924824416979163E+001
    511  5.621289765614892E-006  6.108291035790679E+001
    953  5.535268059977440E-006  1.282835790234384E+002
    107  5.524462001309184E-006  2.880093649968087E+001
    146  5.510501013621122E-006  3.038455959742199E+001
    147  5.499413893589758E-006  3.045498909450352E+001
    860  5.471016235460043E-006  1.193608179742887E+002
   1010  5.400099644331416E-006  1.305150376372933E+002
    323  5.317418056518174E-006  3.963162035223775E+001
    331  5.314944440502591E-006  4.033978069592825E+001
    231  5.282780199480580E-006  3.529195130720404E+001
    605  5.192135975902405E-006  1.079476682950407E+002
     97  5.185251483369614E-006  2.809615145046481E+001
    611  4.967135524800981E-006  1.080609110523806E+002
     22  4.958382285864009E-006  2.149928230079738E+001
    522  4.914770020733218E-006  6.189501394570030E+001
    234  4.843961203021422E-006  3.541632958107625E+001
    956  4.805497128395190E-006  1.283075816024711E+002
    342  4.736750419370756E-006  4.219280462450153E+001
    699  4.722956377787359E-006  1.111753891148923E+002
    742  4.717106153225957E-006  1.126546326383816E+002
    526  4.699908457665545E-006  6.205614154690332E+001
    790  4.693820018892608E-006  1.158127479939932E+002
    910  4.652601413017015E-006  1.258349422363612E+002
    762  4.594660070392720E-006  1.134504722361933E+002
    745  4.453598329178085E-006  1.127541380335163E+002
    404  4.423190568093987E-006  5.332919471058649E+001
    470  4.397008823330992E-006  5.858950887133865E+001
    337  4.396559782391391E-006  4.125439580477820E+001
    260  4.378686108932540E-006  3.745846822965304E+001
    755  4.368811398731360E-006  1.130537195644052E+002
    205  4.358728929593291E-006  3.418138862993963E+001
    373  4.303194538634234E-006  4.573517441489172E+001
    934  4.300676054380747E-006  1.274026915475210E+002
    927  4.256105703526027E-006  1.271118445081471E+002
    803  4.246015306519511E-006  1.163959410830473E+002
    940  4.203761397799090E-006  1.277053477702196E+002
    242  4.092061213944388E-006  3.575330164903793E+001
    429  4.056236372310589E-006  5.542704693693687E+001
    272  3.991749902787073E-006  3.770876893490352E+001
   1056  3.928107605743451E-006  1.332822863268028E+002
    571  3.769820351434269E-006  1.065760725477823E+002
    562  3.758769814789496E-006  1.058125905236654E+002
    569  3.714365645198733E-006  1.064024371239422E+002
    924  3.703830147761179E-006  1.267645350898773E+002
    322  3.691074725731749E-006  3.962934885257222E+001
    420  3.657420066738424E-006  5.464265012038360E+001
    317  3.643306762299175E-006  3.952108816795088E+001
    807  3.593778197839559E-006  1.166040027024774E+002
    558  3.524254787522954E-006  1.054235904423783E+002
    741  3.511202368543993E-006  1.126383251241469E+002
    971  3.504023566349328E-006  1.289111652451389E+002
    250  3.430552334288819E-006  3.645071914574685E+001
    578  3.371270012624087E-006  1.068696587706935E+002
    286  3.369951155684756E-006  3.806107114689090E+001
   1021  3.366015777771792E-006  1.308784400027895E+002
    449  3.346666174695951E-006  5.713782918039372E+001
    596  3.332841256558460E-006  1.076305596761092E+002
   1026  3.319200217905439E-006  1.310988308446859E+002
    573  3.310278914684635E-006  1.066520968004064E+002
   1034  3.301028406274952E-006  1.314975717016592E+002
    684  3.231626332320316E-006  1.108055531440044E+002
   1018  3.190287479021434E-006  1.307425624046459E+002
    227  3.155332212901232E-006  3.461221107986133E+001
    277  3.132616529613158E-006  3.774405278528796E+001
    176  3.122941575415530E-006  3.283702642513862E+001
    959  3.100181712063891E-006  1.283643788123119E+002
   1009  3.099242969978507E-006  1.304609142394732E+002
    720  3.075830962368041E-006  1.121496181246094E+002
    179  3.052345049593305E-006  3.301071504933698E+001
    672  3.046027254696865E-006  1.100523893058521E+002
    105  3.010806508003197E-006  2.872870804936272E+001
    643  2.957199660570330E-006  1.088529165631816E+002
    465  2.923666849275151E-006  5.845233409136720E+001
    889  2.921273637948504E-006  1.221096476933091E+002
    748  2.899416312318450E-006  1.128453459062848E+002
    984  2.899083127015763E-006  1.293776492189174E+002
     76  2.870304977272981E-006  2.719040433196805E+001
   1069  2.830117494944101E-006  1.347402109836953E+002
    895  2.712580914874672E-006  1.231922658586809E+002
    583  2.680439268684457E-006  1.070323413352247E+002
     83  2.669476187334958E-006  2.745200449399356E+001
    887  2.608597698309419E-006  1.215278324822884E+002
    178  2.598450751987853E-006  3.291892583427273E+001
    118  2.594194894991639E-006  2.927665934202001E+001
    707  2.574979660311845E-006  1.116484954290111E+002
    948  2.548754379330935E-006  1.280530341997139E+002
    336  2.513312084011597E-006  4.106442919982931E+001
    368  2.511593003009771E-006  4.552075151204606E+001
    839  2.511449014041845E-006  1.178451551754228E+002
      6  2.503169645553398E-006  1.593905863128156E+001
    710  2.482601458573453E-006  1.117114283703663E+002
    890  2.478002590199148E-006  1.222269695705770E+002
    719  2.459583998842126E-006  1.120361196403708E+002
   1049  2.426084102435322E-006  1.325964910892840E+002
    208  2.419926392845731E-006  3.420400517096608E+001
    174  2.411484711356416E-006  3.277024257542895E+001
    506  2.390502928031962E-006  6.092479484159845E+001
    751  2.386376329774347E-006  1.129352725370382E+002
    614  2.346323950917709E-006  1.081499604581023E+002
    520  2.312886608671813E-006  6.117519869664547E+001
    863  2.245752643866835E-006  1.194780899982511E+002
    893  2.222309067391137E-006  1.225899968537864E+002
    366  2.191683567208290E-006  4.541480133184800E+001
    412  2.169247070821821E-006  5.399327798218789E+001
    645  2.163597252126589E-006  1.088758352374567E+002
    994  2.152171159893438E-006  1.299886393654431E+002
    382  2.151775913507950E-006  4.661435463500721E+001
    935  2.149078492401497E-006  1.274477748704804E+002
    394  2.090176847613874E-006  5.275338077531283E+001
    804  2.070159475168424E-006  1.164307012054320E+002
    307  2.058340909436837E-006  3.924418415703018E+001
    651  2.025659246042360E-006  1.090123807306586E+002
    993  1.992101423278959E-006  1.299638892136509E+002
    624  1.987454191155589E-006  1.084534043855216E+002
    883  1.974145283117798E-006  1.212822283474710E+002
    654  1.962656613044621E-006  1.091774321289355E+002
    172  1.938913038198320E-006  3.254695536480502E+001
    200  1.936942064399664E-006  3.413076352937113E+001
    589  1.922921773231950E-006  1.073243551551986E+002
    461  1.813856219639094E-006  5.832169084274378E+001
    792  1.766972673969310E-006  1.158579110744502E+002
    923  1.762548067150516E-006  1.267345977181097E+002
    682  1.730152033723393E-006  1.107795174367904E+002
   1059  1.718610677439205E-006  1.335352794510990E+002
    786  1.705587551218406E-006  1.156679892855772E+002
    884  1.688219560423269E-006  1.212913619330936E+002
    904  1.654662621276516E-006  1.250437756508075E+002
    878  1.646094410425171E-006  1.208553192243232E+002
     43  1.632819569107347E-006  2.485090944939308E+001
     86  1.610892049945055E-006  2.760340701365068E+001
    840  1.600632724187865E-006  1.179674198090055E+002
    898  1.599512993225267E-006  1.236287338505038E+002
    677  1.575853624467075E-006  1.104103779431708E+002
    473  1.575786395594904E-006  5.864875851961727E+001
    782  1.561005875723574E-006  1.155663554633046E+002
    870  1.548497949156945E-006  1.203621491035894E+002
    882  1.547376615217696E-006  1.212606419968792E+002
    938  1.541846853263537E-006  1.276246332177813E+002
   1040  1.497708299484034E-006  1.318325334098182E+002
   1046  1.470106517553688E-006  1.322741703884410E+002
    944  1.425778717745852E-006  1.278264506290159E+002
    770  1.354211636372938E-006  1.141655133118217E+002
    759  1.322251817986461E-006  1.132523759465808E+002
    711  1.316862964545261E-006  1.117833092223069E+002
    901  1.316837407676487E-006  1.246352700151236E+002
    900  1.311724883775735E-006  1.240255399934555E+002
    501  1.300601266332458E-006  6.025540211442135E+001
    740  1.290724450844343E-006  1.126281679605138E+002
    908  1.283166699662282E-006  1.256350992978881E+002
    603  1.258481027955501E-006  1.078480909052838E+002
   1043  1.257222722020976E-006  1.320181582363304E+002
    389  1.253391948574439E-006  4.924612888004685E+001
    922  1.238065208191560E-006  1.267277337836395E+002
    617  1.235794576641985E-006  1.082069188907082E+002
    388  1.215273846211651E-006  4.916519389587509E+001
    957  1.203397862832486E-006  1.283224605383935E+002
    703  1.202398895466980E-006  1.113359924967504E+002
    620  1.202112757181639E-006  1.083700393844588E+002
    946  1.199136269331461E-006  1.279201366409634E+002
    791  1.170987825021610E-006  1.158399885308925E+002
    579  1.135875365991115E-006  1.068810185812333E+002
    834  1.122922037070737E-006  1.176651591794238E+002
    499  1.120839229364110E-006  6.010190034988052E+001
    474  1.111258033692171E-006  5.866520048333617E+001
    457  1.095117029360965E-006  5.770039153165104E+001
    595  1.085915068906774E-006  1.075727311228692E+002
   1035  1.083696324528302E-006  1.315022364948826E+002
     69  1.067841783943238E-006  2.667931486079132E+001
    896  1.039417015973125E-006  1.231967026860033E+002
    284  1.038358801352670E-006  3.794002386601017E+001
    845  1.037536864038640E-006  1.182722434309271E+002
    949  1.036597086880381E-006  1.280833568476082E+002
    856  1.034722650643161E-006  1.192407591408727E+002
    754  1.018399327725527E-006  1.130532912402911E+002
    350  1.006272589572916E-006  4.287084402122760E+001
    772  9.870670211120846E-007  1.144444014986270E+002
    679  9.783251355137484E-007  1.106299731616480E+002
   1023  9.748407896282757E-007  1.309907545973144E+002
    888  9.706016132171652E-007  1.215384892766490E+002
    744  9.587233577317055E-007  1.127340165661099E+002
    761  9.466390882405023E-007  1.134019555363662E+002
    885  9.406263581629388E-007  1.213849358963692E+002
    912  9.343668411638962E-007  1.259977317017505E+002
    567  9.270135248221842E-007  1.061175767374582E+002
    916  9.206860299536974E-007  1.261858055404796E+002
    739  9.116445840416788E-007  1.126267264275300E+002
    849  9.024433822240221E-007  1.186556798515274E+002
    876  9.014406229959736E-007  1.207338716680959E+002
   1037  8.988283349732459E-007  1.316166834102353E+002
    837  8.813672014417672E-007  1.177814246314451E+002
   1068  8.804637044732184E-007  1.342139437973118E+002
    846  8.411191020392043E-007  1.183733977129572E+002
    406  8.372390514809372E-007  5.347162595814701E+001
   1017  8.318182970587800E-007  1.307020085696559E+002
    444  8.216895851492564E-007  5.640873014994138E+001
   1065  8.168027343070507E-007  1.340986810838602E+002
    801  8.146463053948060E-007  1.162412158177078E+002
    798  8.086234842598155E-007  1.161233232814441E+002
    872  8.085643775797675E-007  1.204992644439996E+002
    281  7.971484109840349E-007  3.778222215271058E+001
    735  7.651764925651844E-007  1.125422257639707E+002
    705  7.601374331225698E-007  1.114879185885843E+002
    127  7.524880828427570E-007  2.958197907168710E+001
    728  7.451361993914531E-007  1.123911467240560E+002
    775  7.221794550211680E-007  1.149447083106751E+002
    601  7.038185601009443E-007  1.078222216339937E+002
    999  6.928556928494182E-007  1.301340763851820E+002
    610  6.919396026926072E-007  1.080548791140610E+002
    635  6.912932356195229E-007  1.087402789130293E+002
    781  6.886045474495948E-007  1.155015502370288E+002
    906  6.823568672611906E-007  1.253859334012492E+002
    661  6.563895700119659E-007  1.094040232551639E+002
    263  6.534953846719625E-007  3.756851288337069E+001
   1025  6.528978830469307E-007  1.310823101564250E+002
    800  6.460017871865697E-007  1.161811067685375E+002
    765  6.370514857146987E-007  1.138034732037320E+002
   1073  6.301314401981539E-007  1.355646294676644E+002
    235  6.282469941634089E-007  3.553329683850696E+001
    475  6.119789297554035E-007  5.870955367754343E+001
     19  6.116195139556603E-007  2.137958735177528E+001
    850  5.942232175681433E-007  1.188640670964077E+002
    753  5.919304830073287E-007  1.130399909728984E+002
    862  5.907613495497622E-007  1.194326389788892E+002
   1019  5.802298720044767E-007  1.307856127904329E+002
    925  5.796853277283353E-007  1.268943605090481E+002
    432  5.787478600300583E-007  5.551253331854516E+001
    819  5.719837832474775E-007  1.172617623112352E+002
    990  5.662438162849795E-007  1.297249883032466E+002
    891  5.549156702206425E-007  1.222344606190913E+002
    767  5.416078025444998E-007  1.139787538815297E+002
    670  5.395098842486524E-007  1.099218253642219E+002
    561  5.383327398339619E-007  1.057823475786052E+002
    616  5.118373411641780E-007  1.081902144651443E+002
    752  5.095940303115438E-007  1.129825416205730E+002
    726  4.960744604983063E-007  1.123280306605216E+002
    727  4.958965018593151E-007  1.123838421661365E+002
    972  4.932893058055890E-007  1.289491342298440E+002
    874  4.916698156172194E-007  1.206463359037059E+002
   1004  4.862100401444914E-007  1.302828791464404E+002
    657  4.820484630526610E-007  1.092680437977900E+002
    633  4.750414171322227E-007  1.086770367044967E+002
     28  4.671951871067179E-007  2.303576073275412E+001
    974  4.609646300058058E-007  1.290391941684268E+002
    939  4.607382871992145E-007  1.276788938661296E+002
    259  4.598564640049172E-007  3.731129763636223E+001
    795  4.484008859511464E-007  1.159446042090269E+002
    577  4.326230678304381E-007  1.068269012623950E+002
    931  4.322061704097529E-007  1.272754104030811E+002
    987  4.320713528735105E-007  1.295218650079724E+002
    128  4.232161434439814E-007  2.964876822252022E+001
    665  4.202597073832905E-007  1.096195054263975E+002
    586  4.202002938734969E-007  1.072414988471015E+002
    864  4.013781899455977E-007  1.195154318953015E+002
    636  4.010372893804805E-007  1.087412284437008E+002
    668  3.981722875493434E-007  1.098358517134249E+002
   1028  3.961494904363656E-007  1.312419762585663E+002
    556  3.821619046354329E-007  1.053074591696642E+002
     50  3.779812717021978E-007  2.524792740229145E+001
    608  3.744550348548360E-007  1.080310773431174E+002
    655  3.579389816911163E-007  1.092114390318620E+002
     81  3.524463316193501E-007  2.737831616504717E+001
    328  3.495615161558444E-007  3.982877398686839E+001
    644  3.489420841795051E-007  1.088699046594824E+002
   1002  3.333961193996646E-007  1.301955720736593E+002
    326  3.219785455632207E-007  3.980074663620405E+001
    702  3.205060730428670E-007  1.112791472783473E+002
    574  3.162099572397143E-007  1.067089856517616E+002
    282  3.102337364027460E-007  3.781601762519486E+001
    985  3.088637313340029E-007  1.294454523269476E+002
    370  3.073536869737589E-007  4.562254251008403E+001
     87  3.040946434133562E-007  2.773505635732142E+001
    198  3.008161058771311E-007  3.410095577154824E+001
    718  2.925010845711528E-007  1.120307816427976E+002
    857  2.894388382970447E-007  1.192977858717030E+002
    859  2.673011956923226E-007  1.193117826572047E+002
    758  2.641375748963308E-007  1.131945788764974E+002
    581  2.629668442278333E-007  1.069166383916512E+002
    463  2.619715611313237E-007  5.840368106338346E+001
    175  2.543253948222067E-007  3.282740528695558E+001
    828  2.505500798056525E-007  1.175132070682912E+002
    914  2.455753266981959E-007  1.261343003660832E+002
    732  2.320828579464009E-007  1.124809932511083E+002
    653  2.244983524941245E-007  1.090926521840726E+002
    980  2.238168310244079E-007  1.292322903638887E+002
    750  2.160643571469044E-007  1.128980084302201E+002
    598  2.099707806468345E-007  1.077082259858063E+002
    736  2.059391522881204E-007  1.125700463249535E+002
    313  2.057349169403765E-007  3.941220320488696E+001
    590  2.014919009488658E-007  1.073381491314167E+002
   1012  1.931100950681628E-007  1.305860585800326E+002
    869  1.822729004006728E-007  1.201465244096069E+002
    764  1.793249881440183E-007  1.137269990775531E+002
    709  1.786775887263617E-007  1.116986555393093E+002
    729  1.783108724678528E-007  1.124070412533170E+002
    852  1.724333834974395E-007  1.189308904937423E+002
    776  1.662993717379246E-007  1.150535509847603E+002
    542  1.633743711912122E-007  1.021380905135569E+002
    814  1.626405711507958E-007  1.170571282096026E+002
   1063  1.612803510211991E-007  1.338610239777397E+002
    867  1.584395172157605E-007  1.199420338065019E+002
    818  1.513987911003970E-007  1.172202887178189E+002
    632  1.501524440705294E-007  1.086732063917954E+002
    493  1.496649664247578E-007  5.956939432616837E+001
    715  1.475149397773863E-007  1.119122168057061E+002
    171  1.458965234577143E-007  3.251692712246987E+001
    951  1.453124684334722E-007  1.282127111215003E+002
    543  1.423644513597718E-007  1.026098663261161E+002
    647  1.386186580261297E-007  1.089204596390746E+002
    148  1.369621623534628E-007  3.055713011308698E+001
    648  1.330103142505554E-007  1.089328290594756E+002
    220  1.284923482863589E-007  3.440936379612124E+001
    823  1.226887035067990E-007  1.173434151863991E+002
    502  1.217829524231542E-007  6.033057478557798E+001
    831  1.184903811403233E-007  1.175849164822640E+002
    642  1.143337495663647E-007  1.088349318990273E+002
    833  1.135939449103104E-007  1.176450554682990E+002
    124  1.122205850835643E-007  2.953039329658957E+001
    662  1.047235015791117E-007  1.094304874643061E+002
    714  1.031336235919265E-007  1.118865310298163E+002
    734  1.023019470825493E-007  1.125227414297757E+002
    362  9.549650441881922E-008  4.520209191521082E+001
    766  9.443889188462509E-008  1.138313497862233E+002
    704  9.434292101085422E-008  1.114088220449556E+002
   1054  9.167936136146474E-008  1.332101619260334E+002
    841  9.061967875186176E-008  1.180046875638410E+002
    805  8.861179034151420E-008  1.165442309434909E+002
    625  8.645519001959634E-008  1.084878781680722E+002
    936  8.576438892232452E-008  1.275963114471066E+002
    497  8.319434138265058E-008  5.984833423050026E+001
   1030  8.154780726331581E-008  1.313677884464318E+002
    417  8.059116135581334E-008  5.432386496665636E+001
    809  7.907666411010682E-008  1.168273457040169E+002
    779  7.564925009211115E-008  1.153237642854880E+002
    787  7.513059563890610E-008  1.157066821730262E+002
    638  7.225109386276416E-008  1.087773663504995E+002
    521  7.056675589591765E-008  6.120499406654021E+001
    881  6.473326214954005E-008  1.212001054655417E+002
    810  6.445544597212642E-008  1.168542717379606E+002
    594  6.052261828447383E-008  1.075267994995216E+002
   1003  5.893740274556873E-008  1.302792324598297E+002
    130  5.192261980449750E-008  2.969026097336859E+001
    723  5.173372001095645E-008  1.122249597820348E+002
    685  5.108038646370275E-008  1.108208915724099E+002
    937  4.677385350981774E-008  1.275975168353670E+002
    652  4.365780688737329E-008  1.090805000764319E+002
    920  4.348266926142359E-008  1.265729199247587E+002
    396  4.292694009479335E-008  5.292259014309509E+001
    933  4.286393572263371E-008  1.272967505112425E+002
    965  4.284617658226829E-008  1.286084743618769E+002
    915  4.161691787555681E-008  1.261627872997085E+002
    530  4.154041232369282E-008  6.265828803408258E+001
    978  4.102664818038724E-008  1.291764873003617E+002
   1051  4.043093494121611E-008  1.330173846663143E+002
    911  3.916168867791969E-008  1.258968376271585E+002
    905  3.807728214845153E-008  1.252963463377060E+002
    216  3.779936025457354E-008  3.431915233475488E+001
    361  3.753809167608135E-008  4.509188248244521E+001
    794  3.694778615631648E-008  1.159299755047292E+002
    597  3.650649606666497E-008  1.076362394255561E+002
    982  3.611345479116347E-008  1.293230544301462E+002
    660  3.425792316225559E-008  1.093929129115852E+002
    606  3.313425449615824E-008  1.079754075340127E+002
    631  3.125816666653523E-008  1.086593678715634E+002
    996  2.644757481370049E-008  1.300741546440489E+002
    701  2.644367226414912E-008  1.112655741498095E+002
    194  2.574219418845635E-008  3.388123191050668E+001
    693  2.491289805689031E-008  1.110198391814811E+002
    630  2.260078638234929E-008  1.086464564510315E+002
    309  2.194804652798243E-008  3.929268620446922E+001
    743  2.157956946911160E-008  1.126739704882794E+002
    941  2.157212921358771E-008  1.277239710636116E+002
    788  2.117520811545591E-008  1.157595566872355E+002
    150  1.901145555838433E-008  3.095380367517388E+001
    612  1.830185435017960E-008  1.080838271474082E+002
    861  1.533331667332974E-008  1.193618968506130E+002
    815  1.394133061931141E-008  1.170844697210597E+002
   1057  1.342092734007570E-008  1.332882698940204E+002
   1007  1.260099255626208E-008  1.303971511397991E+002
    773  1.250233737139444E-008  1.146041296786391E+002
    664  1.123628757809930E-008  1.095868237421283E+002
    688  1.086819124762894E-008  1.108652117541332E+002
    656  9.239653124239579E-009  1.092383325553483E+002
    806  8.083906674136148E-009  1.165904998677036E+002
    634  7.220434781597681E-009  1.087110579745548E+002
    747  6.628070436857951E-009  1.128221651622354E+002
    909  3.265334280216401E-009  1.256671150468244E+002
    969  2.841049806477812E-009  1.288232913140608E+002
    961  2.675229848020880E-009  1.283826108536399E+002
    628  2.531828975990178E-009  1.085999071252231E+002
    640  1.839631018332444E-009  1.088027953187827E+002
    983  1.570375031002720E-009  1.293699640118089E+002
    641  1.553164617687605E-009  1.088136450829588E+002
    629  1.362510941020108E-009  1.086436456014825E+002
    619  7.254287038115040E-010  1.083262496248409E+002
   1015  6.482129040036687E-010  1.306693309857935E+002
    443  1.969378528609497E-010  5.615506371008289E+001
    695  6.997555028991859E-011  1.110404578737834E+002
    696  6.935432357226187E-011  1.111110130672436E+002
    692  3.396798998156000E-011  1.109991362888409E+002
    811  1.078174538600265E-011  1.169131613251637E+002
