# Number of modes
   1077
# Tabulated for different initial and final frequencies?
    F
# Mode index, Sj, (highest to lowest), omega_j
    547  6.064873070178539E-002  1.040413527560943E+002
    390  1.608721417323997E-002  4.930034545373515E+001
      7  1.560570458897225E-002  1.598850297870253E+001
    300  1.339837242957524E-002  3.871033423098082E+001
    392  1.301420095765031E-002  4.975569880244111E+001
    539  1.060700551297568E-002  1.004038214764926E+002
    419  8.902941522404249E-003  5.447434435004674E+001
   1050  8.816570994622845E-003  1.326682006609648E+002
      8  8.150913974409053E-003  1.603898235084092E+001
     23  8.091625493614514E-003  2.160694502786773E+001
     38  7.561249251822682E-003  2.415274881711009E+001
     24  7.493993201678094E-003  2.165827626673025E+001
    384  6.073928784400227E-003  4.693482184770667E+001
   1053  6.055223254047361E-003  1.331993000158318E+002
    485  5.407827584606425E-003  5.896971858223063E+001
    563  5.301192464436526E-003  1.058622417292547E+002
    301  4.857023088570508E-003  3.874125966254066E+001
    546  4.620896913862476E-003  1.038908634804570E+002
    475  4.505781493209502E-003  5.870955367754343E+001
    114  3.906505374413458E-003  2.903390568794284E+001
     16  3.656142420746902E-003  2.083990463296455E+001
   1057  3.423214619002739E-003  1.332882698940204E+002
     64  3.303454680936312E-003  2.637954322898939E+001
    544  3.228699361923099E-003  1.037287728441322E+002
    436  3.075719170122519E-003  5.562240782737462E+001
    452  3.059728338203326E-003  5.732416656661538E+001
    551  2.959215947279154E-003  1.044758850995860E+002
    387  2.926963438683915E-003  4.845493173747810E+001
    505  2.799633482299004E-003  6.089365906344585E+001
    241  2.789413453939767E-003  3.573178726353736E+001
    549  2.590089632318032E-003  1.043755820157491E+002
     58  2.565218526016010E-003  2.603619761911758E+001
     26  2.391491986297082E-003  2.275577786050195E+001
    418  2.368043543564183E-003  5.440760214654593E+001
    248  2.292112697577801E-003  3.617742791171408E+001
    344  2.289724427389845E-003  4.229281490750487E+001
    554  2.255466752317553E-003  1.048978551747549E+002
     40  2.221669610387128E-003  2.429142631572386E+001
    219  2.201037574706726E-003  3.435584966495736E+001
    578  2.163660968927392E-003  1.068696587706935E+002
    533  2.158857647484081E-003  6.344214913117692E+001
     18  2.116287468502623E-003  2.124694793769305E+001
   1055  2.054113739513611E-003  1.332315483337306E+002
    572  1.987930280895488E-003  1.066354688575440E+002
    132  1.976669864902329E-003  2.978147182311027E+001
      5  1.924854805414118E-003  1.580375607842547E+001
    166  1.896301933616770E-003  3.197534022905977E+001
    151  1.857737474059815E-003  3.097448214004631E+001
      4  1.786002953225074E-003  1.555889535187236E+001
   1058  1.727555911667864E-003  1.334381531708862E+002
    155  1.643619253658947E-003  3.129077640287002E+001
    576  1.621290870175959E-003  1.068188420241767E+002
     31  1.608682361379862E-003  2.349957735236975E+001
     81  1.563767769747010E-003  2.737831616504717E+001
    210  1.552649242097182E-003  3.421873300884823E+001
    422  1.542550019484864E-003  5.478392604221921E+001
    425  1.505135772662739E-003  5.512885982268182E+001
   1048  1.479667194901211E-003  1.325281096806480E+002
    998  1.468203484517515E-003  1.301241144683907E+002
   1044  1.459733273112441E-003  1.320835593454495E+002
    298  1.432999118938997E-003  3.860785506393049E+001
    433  1.385373613357284E-003  5.552394895078822E+001
    272  1.372029664927563E-003  3.770876893490352E+001
   1074  1.323767723740317E-003  1.357832717908243E+002
    108  1.294785536293555E-003  2.884206820739177E+001
    534  1.264188160517713E-003  6.352992396574133E+001
    233  1.237493104032566E-003  3.536858076063520E+001
      9  1.237308497685179E-003  1.615282072713023E+001
    302  1.217328531888404E-003  3.874867387838012E+001
    378  1.212534262848635E-003  4.609481655347708E+001
     97  1.200940722140265E-003  2.809615145046481E+001
    393  1.176495740506311E-003  5.117422678475859E+001
    423  1.168899314572257E-003  5.491452382822700E+001
   1047  1.168847852765216E-003  1.324683504365100E+002
    460  1.134554863267287E-003  5.821511818989060E+001
     69  1.119217535914771E-003  2.667931486079132E+001
     29  1.110140373260699E-003  2.304600720746813E+001
    519  1.102406450011885E-003  6.116666091909611E+001
    290  1.100340873788270E-003  3.834059039797889E+001
    330  1.087217128010091E-003  4.000719691328421E+001
    164  1.084929044264045E-003  3.156123118588701E+001
   1045  1.083740442760915E-003  1.322246800166877E+002
    411  1.081339579934809E-003  5.390414096058870E+001
    413  1.050581085389830E-003  5.407796767412047E+001
    229  1.045769464546585E-003  3.477639317683153E+001
    347  1.040992477053056E-003  4.251894246220620E+001
    358  1.016569349669108E-003  4.418411045040358E+001
    970  1.010600196856528E-003  1.288440499253601E+002
    552  1.006985198931877E-003  1.045004516183760E+002
     21  9.888312559578991E-004  2.149552581175353E+001
   1066  9.873790821241647E-004  1.341339055776214E+002
      1  9.604410706682702E-004  1.480943860687432E+001
    102  9.430596766403705E-004  2.838723287464182E+001
     85  9.268653841051764E-004  2.757726243328665E+001
    822  9.071070574890129E-004  1.173379890193997E+002
    909  9.025087759204056E-004  1.256671150468244E+002
   1071  8.964988472884139E-004  1.353191143310252E+002
    142  8.956047374844544E-004  3.011700635419402E+001
    112  8.430876882174305E-004  2.893182478938967E+001
    477  8.427889474569460E-004  5.875439662154096E+001
    507  8.365923336795466E-004  6.098134465730102E+001
    206  8.332644062636375E-004  3.418711639611698E+001
    148  8.311089199427506E-004  3.055713011308698E+001
    407  8.267176008397211E-004  5.355040632372296E+001
    143  8.224207785425419E-004  3.021552765862468E+001
    293  8.045176653406738E-004  3.840315559517953E+001
    255  7.823392880627060E-004  3.705801266502003E+001
    797  7.821237399184603E-004  1.161224071144865E+002
    326  7.805321187672514E-004  3.980074663620405E+001
    514  7.745588673307242E-004  6.112143562944963E+001
    456  7.651626825245081E-004  5.758475825352298E+001
    226  7.227200768330599E-004  3.460914941435140E+001
    236  7.149975531107126E-004  3.558504171265294E+001
   1072  7.143859038642038E-004  1.354275255218108E+002
    111  7.082671928251583E-004  2.891758955889047E+001
    199  6.966582612422244E-004  3.411214171315592E+001
    295  6.856549345109786E-004  3.844649820311862E+001
     98  6.757995987931501E-004  2.810036398063808E+001
    322  6.729660162608040E-004  3.962934885257222E+001
    258  6.703836933808623E-004  3.725675246841864E+001
    588  6.673800015597329E-004  1.072780161282308E+002
    232  6.509434705926419E-004  3.530982942235851E+001
   1075  6.460622009883370E-004  1.852007864492208E+002
    126  6.449094109151213E-004  2.957864372821811E+001
     71  6.392053522968102E-004  2.691074291878593E+001
    207  6.272707427456160E-004  3.419271829752626E+001
    391  6.252804012197342E-004  4.935295074539214E+001
    453  6.210148874229253E-004  5.734859743017803E+001
    348  5.977023746380735E-004  4.278252907839931E+001
    318  5.862213633866720E-004  3.952690512520030E+001
    690  5.797724496627244E-004  1.109553167085971E+002
    329  5.794186614222616E-004  3.994917835777716E+001
    820  5.778261951792992E-004  1.173160626674297E+002
    604  5.748973247218677E-004  1.078901483894559E+002
    446  5.622413345356494E-004  5.657515742254393E+001
    548  5.599272821606103E-004  1.041098140943872E+002
     95  5.552810403172767E-004  2.806113631432304E+001
    582  5.552035699821236E-004  1.069886979669129E+002
    403  5.501945128853362E-004  5.332276567118551E+001
    161  5.470679523558298E-004  3.141544799468193E+001
    663  5.453824628839125E-004  1.095408569103236E+002
    251  5.402990610055479E-004  3.670193646720268E+001
    848  5.354099478851091E-004  1.185512117490796E+002
    518  5.344526068727498E-004  6.116565427175681E+001
    532  5.286305475314106E-004  6.299204701993657E+001
    153  5.158256989577258E-004  3.119128674334460E+001
    486  5.121726535524866E-004  5.898078655703418E+001
    221  5.067889798014986E-004  3.444064242877499E+001
    205  5.056182705663505E-004  3.418138862993963E+001
   1033  5.031231473161095E-004  1.314921549657209E+002
    992  5.028469159837341E-004  1.299169051159237E+002
    487  4.939555829588797E-004  5.901096182276392E+001
    924  4.917032892000363E-004  1.267645350898773E+002
    516  4.914229444925815E-004  6.114879167768425E+001
   1070  4.871261530177814E-004  1.350535885837313E+002
    180  4.766692308361356E-004  3.306959511625761E+001
    491  4.591402801042812E-004  5.916484178919298E+001
     89  4.576862520138121E-004  2.787565477396676E+001
    748  4.545365047055660E-004  1.128453459062848E+002
    483  4.528490816003053E-004  5.892865432514233E+001
    365  4.525808851897941E-004  4.540196146988517E+001
     27  4.519259498497549E-004  2.288948685305089E+001
    536  4.513795645579859E-004  7.244369170766353E+001
    105  4.508547659850596E-004  2.872870804936272E+001
     44  4.479165377334383E-004  2.487547588775838E+001
     66  4.466037064724264E-004  2.653041695388611E+001
   1042  4.440679949124158E-004  1.319938555239870E+002
    110  4.427416877892096E-004  2.890337161783228E+001
    280  4.425507331758631E-004  3.777070006257392E+001
    288  4.398292572084053E-004  3.825168870868715E+001
     60  4.383542614183288E-004  2.612817271153773E+001
   1061  4.374692579595622E-004  1.338239896777959E+002
     36  4.356521707192688E-004  2.408548968715760E+001
    136  4.344302081887844E-004  2.995197020395121E+001
    504  4.320551952873589E-004  6.073767201700102E+001
    262  4.308921311587419E-004  3.754826259370084E+001
     35  4.283171811279232E-004  2.406163852032448E+001
    474  4.282480232261541E-004  5.866520048333617E+001
    190  4.272182763972671E-004  3.352213579831744E+001
     74  4.262628762945700E-004  2.706787664592100E+001
    784  4.169307498091398E-004  1.156115101864969E+002
    417  4.167753951143489E-004  5.432386496665636E+001
    157  4.153276618669946E-004  3.136040875348826E+001
    184  4.042454735736774E-004  3.328145954751520E+001
    745  3.983748087030187E-004  1.127541380335163E+002
    566  3.949070653703990E-004  1.060197199307676E+002
    778  3.888449942571666E-004  1.153062331743218E+002
     14  3.862895305440831E-004  2.047451167645159E+001
    553  3.841698400300860E-004  1.045844149005738E+002
    249  3.835591245884653E-004  3.643158917315001E+001
     46  3.781599846639296E-004  2.508968851186969E+001
    121  3.758845387164828E-004  2.937009161569695E+001
   1062  3.700550156113634E-004  1.338537297016246E+002
    385  3.674444989954605E-004  4.744969147605799E+001
     20  3.665000122201229E-004  2.146722812704134E+001
    212  3.655987193104944E-004  3.425448747044050E+001
     80  3.619196542515440E-004  2.737665388114407E+001
    204  3.588925785394386E-004  3.416741852472765E+001
    671  3.570848509186667E-004  1.100461630260976E+002
    279  3.552220294191878E-004  3.776291602598710E+001
    730  3.501282441337603E-004  1.124678820560711E+002
    712  3.453063618334704E-004  1.118479116964762E+002
    320  3.363062000156167E-004  3.958466091098631E+001
    291  3.361403641139766E-004  3.834865717601958E+001
    167  3.331497001757106E-004  3.206734480721192E+001
    183  3.311150082576023E-004  3.317747871488443E+001
    152  3.310074744191925E-004  3.107793476288124E+001
     79  3.264960922223271E-004  2.728143790603452E+001
      3  3.263784895343913E-004  1.530095081680193E+001
    445  3.218169435742051E-004  5.650985963977887E+001
   1064  3.205290369783702E-004  1.339182935247794E+002
    432  3.193461444025272E-004  5.551253331854516E+001
     54  3.172008782531631E-004  2.537118147105558E+001
    215  3.155335050935241E-004  3.430912489816387E+001
    503  3.133859878543356E-004  6.062899617907863E+001
    681  3.098517951062757E-004  1.107150530846271E+002
   1016  3.095299844293114E-004  1.306784011483153E+002
    725  3.075564112861988E-004  1.122622575126908E+002
    156  3.048999444221357E-004  3.133959801814033E+001
    524  3.021086515828400E-004  6.196836567938324E+001
    245  3.004301617267640E-004  3.584895809931362E+001
     62  2.979098909408055E-004  2.630569023157911E+001
    721  2.976688023202700E-004  1.121902054803930E+002
    783  2.969196730394849E-004  1.155776779712016E+002
   1039  2.956608517567600E-004  1.317789778316224E+002
    109  2.940719135383237E-004  2.888359254004277E+001
    673  2.925664222002474E-004  1.101090602242966E+002
    119  2.903470936869384E-004  2.929038281335912E+001
    686  2.881941809563221E-004  1.108321598991433E+002
    158  2.879802560835808E-004  3.138637587596471E+001
    587  2.879771576303757E-004  1.072564562863978E+002
     41  2.867369853631888E-004  2.434332602389209E+001
     83  2.835319718384034E-004  2.745200449399356E+001
    168  2.826229588717494E-004  3.223239881301075E+001
    907  2.821665007906653E-004  1.254774984052440E+002
    523  2.807572274368691E-004  6.195141091349550E+001
     33  2.792148972825697E-004  2.387502434282544E+001
    115  2.789742540169985E-004  2.908676806680809E+001
    829  2.787014737124189E-004  1.175434491795728E+002
    283  2.785020139933040E-004  3.781664732037148E+001
   1060  2.704418127712675E-004  1.336329109810919E+002
    650  2.692005753725710E-004  1.090061273622073E+002
    497  2.687658322370674E-004  5.984833423050026E+001
    383  2.687152610823646E-004  4.665506804468283E+001
    188  2.673123962858228E-004  3.343297855491465E+001
     52  2.667053510019190E-004  2.532370304309600E+001
    894  2.605556040968150E-004  1.226855190700912E+002
    639  2.599037645173586E-004  1.087924757147032E+002
    139  2.592949469338836E-004  3.001327528760398E+001
    106  2.573413110084411E-004  2.873147041157064E+001
    214  2.561895433868931E-004  3.429158842681225E+001
    101  2.560608927159351E-004  2.816121926613436E+001
    141  2.550965466436270E-004  3.005205957969120E+001
    349  2.526282771978525E-004  4.279212686889406E+001
     92  2.492730574852308E-004  2.796966533379813E+001
    352  2.479177445490923E-004  4.345183818831803E+001
     30  2.472249496929259E-004  2.339033246897357E+001
    319  2.471124954814284E-004  3.955367029075058E+001
    266  2.454572901815458E-004  3.763404507858488E+001
    763  2.452927573719055E-004  1.136578287383470E+002
    237  2.447002054736776E-004  3.561350513334219E+001
    774  2.431219973978815E-004  1.147299018357027E+002
    116  2.426488155005067E-004  2.910094471225916E+001
    568  2.411419336462682E-004  1.063884322375297E+002
    478  2.394788860705826E-004  5.880478287498814E+001
    198  2.385518384341924E-004  3.410095577154824E+001
    312  2.373851626000641E-004  3.940338989709551E+001
    239  2.359150974853677E-004  3.564788119351169E+001
   1029  2.356045388000700E-004  1.312589073638632E+002
    479  2.346229212931649E-004  5.886156225440574E+001
    538  2.346093329026761E-004  8.801939400846273E+001
    138  2.339063460605088E-004  2.998810658959070E+001
     43  2.336802823520379E-004  2.485090944939308E+001
    343  2.261334541365605E-004  4.223776350771931E+001
    331  2.260695857439651E-004  4.033978069592825E+001
    926  2.244924071692286E-004  1.269935099435139E+002
    669  2.239914886627240E-004  1.098991161820264E+002
     61  2.199886975187718E-004  2.623624111749398E+001
    401  2.165718789485417E-004  5.310952948046032E+001
     51  2.160816317218934E-004  2.527497960196780E+001
    202  2.158457015522307E-004  3.414693728338715E+001
   1031  2.073999743621478E-004  1.313824495210718E+002
    131  2.045501250272098E-004  2.976719894627799E+001
    430  2.037966904036312E-004  5.544226538226409E+001
    125  2.022906714710867E-004  2.955205187993630E+001
    285  2.005206439765997E-004  3.794670187788559E+001
    597  1.976793788108024E-004  1.076362394255561E+002
    353  1.963013233737878E-004  4.354452657935016E+001
     75  1.957782113055494E-004  2.717284531466260E+001
    727  1.919353859002621E-004  1.123838421661365E+002
    947  1.906012699200199E-004  1.280025795512814E+002
    826  1.897326131447265E-004  1.174535409692338E+002
    244  1.882032043629581E-004  3.582009297825139E+001
    133  1.879611179030513E-004  2.980777525245198E+001
     11  1.856637404858629E-004  1.771447447329438E+001
    144  1.856149441075554E-004  3.023024488043693E+001
    270  1.852845791932498E-004  3.767493462479421E+001
   1020  1.833829984918079E-004  1.308300137670077E+002
    338  1.830015854744483E-004  4.143596746217444E+001
     37  1.823266252692151E-004  2.413005277682491E+001
    122  1.820866230755940E-004  2.942821875092930E+001
    246  1.818510668019514E-004  3.612200287477440E+001
    135  1.813477771935948E-004  2.990996926970350E+001
    462  1.788641013111710E-004  5.834568949164402E+001
    192  1.773122546973963E-004  3.373139183933635E+001
    149  1.757694629462036E-004  3.064428879965062E+001
    273  1.752101027560215E-004  3.771236202405859E+001
    919  1.741983782157420E-004  1.264669767465423E+002
    954  1.736157904620136E-004  1.282848493157465E+002
    170  1.727449024638178E-004  3.240864442722207E+001
    632  1.720169583558438E-004  1.086732063917954E+002
    780  1.714738113046947E-004  1.153482258688003E+002
    294  1.701371260055698E-004  3.844005427068350E+001
   1026  1.697406860177434E-004  1.310988308446859E+002
    802  1.680056035686784E-004  1.163074247182627E+002
    981  1.667359349847693E-004  1.292686845988868E+002
    617  1.648329158402428E-004  1.082069188907082E+002
    564  1.644321205973395E-004  1.059223740174141E+002
    324  1.633636457601128E-004  3.965813849875591E+001
    415  1.627971120388643E-004  5.409773008136273E+001
    649  1.622414635239985E-004  1.089557122086210E+002
    492  1.617946452023209E-004  5.919740097208313E+001
    517  1.611577638614918E-004  6.116283191518230E+001
    195  1.603914945526324E-004  3.399004655216064E+001
    991  1.599688103670944E-004  1.298309517843196E+002
    585  1.584039901075878E-004  1.071721890576240E+002
    593  1.582517107427112E-004  1.074633420950339E+002
    372  1.579354277146305E-004  4.569660817760900E+001
    966  1.558260826261077E-004  1.287120665380274E+002
    154  1.549282222278616E-004  3.128025029310897E+001
    513  1.548611683478189E-004  6.111701004965728E+001
    165  1.547312491616825E-004  3.194792507678593E+001
    325  1.546199428038828E-004  3.979678053884171E+001
     13  1.540037487437542E-004  2.038781372204352E+001
    928  1.524101694027385E-004  1.271758190169006E+002
    962  1.521807982261665E-004  1.284190833846668E+002
    434  1.495288402863052E-004  5.556859477681133E+001
    196  1.493929527795118E-004  3.402217963204272E+001
    379  1.484863179858322E-004  4.610002508350383E+001
    635  1.472193454023700E-004  1.087402789130293E+002
    560  1.461580281731315E-004  1.057397922085461E+002
    218  1.455199174199492E-004  3.434087154455664E+001
    375  1.454989612456035E-004  4.577921754207221E+001
     94  1.449939801920576E-004  2.803048707399637E+001
    921  1.416298207311732E-004  1.266347372507485E+002
    381  1.415686130896521E-004  4.623753374880091E+001
   1036  1.412775808037522E-004  1.315563975924429E+002
     42  1.381538770391223E-004  2.442065503900721E+001
    831  1.379719221248840E-004  1.175849164822640E+002
    481  1.375596428234457E-004  5.889564718758225E+001
    777  1.373139660925185E-004  1.150636811545726E+002
    464  1.360034853974100E-004  5.841767339850505E+001
     70  1.352299935271530E-004  2.683332853591699E+001
   1001  1.351939820713177E-004  1.301907504163165E+002
    813  1.338694033750211E-004  1.170211975618395E+002
    282  1.334835059588577E-004  3.781601762519486E+001
     76  1.327228841154248E-004  2.719040433196805E+001
   1018  1.310165763284325E-004  1.307425624046459E+002
    351  1.307446438130558E-004  4.290814690346715E+001
    825  1.295757855573303E-004  1.174155068731360E+002
    835  1.291662915837883E-004  1.176766134664512E+002
    621  1.289699139942478E-004  1.083828600305560E+002
    691  1.267120631712113E-004  1.109942746792360E+002
    189  1.265057372741313E-004  3.348575581421191E+001
     28  1.263036350730380E-004  2.303576073275412E+001
    405  1.256554131442695E-004  5.340951413863353E+001
    555  1.247176153190763E-004  1.049505825405343E+002
    187  1.241756746784022E-004  3.338593491458187E+001
    938  1.237072441859499E-004  1.276246332177813E+002
   1005  1.223160694695246E-004  1.302961950162389E+002
    716  1.209095854409443E-004  1.119313653155845E+002
     53  1.192641218237796E-004  2.532427500710937E+001
    238  1.188980521425682E-004  3.562010162214489E+001
    118  1.187065682760119E-004  2.927665934202001E+001
    231  1.184123031698410E-004  3.529195130720404E+001
    472  1.182092500377581E-004  5.860732378330380E+001
     34  1.180967792024205E-004  2.394870774261297E+001
    182  1.179638886688853E-004  3.313118961536368E+001
    304  1.176353677622810E-004  3.902642388250331E+001
    580  1.174693358405066E-004  1.069063882425304E+002
      6  1.172338939414881E-004  1.593905863128156E+001
    860  1.161269370596865E-004  1.193608179742887E+002
    824  1.156482271860387E-004  1.173851057796732E+002
    437  1.154097667769355E-004  5.567668099873953E+001
    306  1.147137028564202E-004  3.922583615449084E+001
    760  1.138688364745792E-004  1.133648679091437E+002
    836  1.132072969249080E-004  1.177792466123822E+002
    104  1.130648422396098E-004  2.863475114667724E+001
    402  1.129998805618872E-004  5.323403324336612E+001
    177  1.112566097836978E-004  3.286305119332699E+001
    367  1.096018321313782E-004  4.546665367422378E+001
    733  1.076718067536576E-004  1.125211996768446E+002
    812  1.071285105933126E-004  1.169499526914024E+002
    559  1.055267588162612E-004  1.054467335457494E+002
    675  1.037513735585998E-004  1.101932688761904E+002
     84  1.037244913484772E-004  2.748397341497807E+001
    476  1.018209202120140E-004  5.874284760292872E+001
    528  1.017553496797042E-004  6.211763689923020E+001
     90  1.015573033176245E-004  2.792299487571685E+001
    213  1.015031293457649E-004  3.426923698719692E+001
    186  9.858835154636758E-005  3.335079910483972E+001
    710  9.833986204136259E-005  1.117114283703663E+002
    537  9.815611114526754E-005  7.348438751630307E+001
    493  9.758074366912686E-005  5.956939432616837E+001
    382  9.727650021177061E-005  4.661435463500721E+001
    866  9.719625670965516E-005  1.198737679274225E+002
    334  9.648698029502676E-005  4.055961280242965E+001
   1069  9.640326430256716E-005  1.347402109836953E+002
    389  9.574909763089551E-005  4.924612888004685E+001
    269  9.368930020713629E-005  3.766609016559832E+001
     91  9.323171573364637E-005  2.795709450840539E+001
    305  9.278733386985009E-005  3.919092577852600E+001
    240  9.260095063994667E-005  3.568815433410965E+001
     10  9.223127877002969E-005  1.630017574824609E+001
    972  9.204917004437829E-005  1.289491342298440E+002
    395  9.118578834379454E-005  5.279005865968511E+001
     67  9.110250953290735E-005  2.663955326886673E+001
    917  9.068930050570887E-005  1.262583151256411E+002
    247  9.026859235747553E-005  3.613855018049320E+001
    631  8.938671171588768E-005  1.086593678715634E+002
    565  8.880297307770061E-005  1.059848591127986E+002
    687  8.795067556270548E-005  1.108477970364615E+002
    541  8.683057983214501E-005  1.020561485810812E+002
     88  8.631066018586330E-005  2.776495450944637E+001
   1024  8.579028253889583E-005  1.310472886139475E+002
    222  8.542667873294130E-005  3.444665555523785E+001
    336  8.541710979757747E-005  4.106442919982931E+001
   1032  8.536075191832191E-005  1.314270448258869E+002
    163  8.459938679845517E-005  3.148605603035891E+001
    500  8.426732031817975E-005  6.016266526055261E+001
    975  8.361978700756182E-005  1.290479361570385E+002
    724  8.332874165400759E-005  1.122474317356576E+002
    449  8.190854367861084E-005  5.713782918039372E+001
    932  8.159574819253032E-005  1.272890793904072E+002
    827  8.018954160810770E-005  1.174913134466901E+002
    399  7.829655653814381E-005  5.300117686152819E+001
    299  7.796702062325473E-005  3.861147003050849E+001
     68  7.793581416952344E-005  2.665958995788216E+001
    394  7.726568801369437E-005  5.275338077531283E+001
     72  7.684825189230323E-005  2.695844835194747E+001
    303  7.673678041953679E-005  3.891633174738261E+001
    230  7.652562842714937E-005  3.507000892128892E+001
    145  7.631497733890219E-005  3.035386176419680E+001
    525  7.602027015868935E-005  6.201689187624501E+001
    311  7.531118584492299E-005  3.939193935233331E+001
    510  7.504208735379415E-005  6.106496915014706E+001
    655  7.494974239277100E-005  1.092114390318620E+002
    521  7.433758330629848E-005  6.120499406654021E+001
    636  7.428947702543381E-005  1.087412284437008E+002
     45  7.413433397423457E-005  2.505629895200580E+001
    129  7.357193291516018E-005  2.967722940199728E+001
    607  7.292888577985878E-005  1.079782277499060E+002
    339  7.233703621725621E-005  4.199721405536648E+001
    257  7.150642970991388E-005  3.716053985696894E+001
    821  7.053065328939245E-005  1.173213489801490E+002
   1022  6.972913348722007E-005  1.309570316227355E+002
    314  6.887740778634869E-005  3.944402428691944E+001
    838  6.742043418216752E-005  1.178077045912047E+002
    913  6.690725082025010E-005  1.260963173315474E+002
    340  6.565381570678424E-005  4.203744443197692E+001
    123  6.554185574878390E-005  2.945706723223188E+001
     22  6.529305942998299E-005  2.149928230079738E+001
    689  6.421314193212011E-005  1.108992280227757E+002
    762  6.343057950983310E-005  1.134504722361933E+002
    666  6.302100861206900E-005  1.096961217429448E+002
    292  6.279414673826525E-005  3.837765227419467E+001
    892  6.215720342585618E-005  1.223146913863671E+002
    471  6.214622400969455E-005  5.859921299406331E+001
    940  6.181553065547326E-005  1.277053477702196E+002
    217  6.177939241244766E-005  3.432077633458158E+001
    511  6.145351197431278E-005  6.108291035790679E+001
    427  6.089674213367887E-005  5.530625255614972E+001
    911  6.087955735160509E-005  1.258968376271585E+002
    400  6.073495518782739E-005  5.304406357850599E+001
   1006  6.073199718473886E-005  1.303473844140781E+002
    296  6.018023082824237E-005  3.847026909032138E+001
    287  6.000820124052500E-005  3.806334999222836E+001
    174  5.996499593788191E-005  3.277024257542895E+001
    357  5.914297075172516E-005  4.413715889769129E+001
    807  5.820595332132312E-005  1.166040027024774E+002
    309  5.796034904008464E-005  3.929268620446922E+001
    409  5.713693181385341E-005  5.377950655266745E+001
    645  5.699503260834534E-005  1.088758352374567E+002
    973  5.690081336900323E-005  1.290303348922233E+002
    159  5.656723051503671E-005  3.140014259635325E+001
    113  5.552844774542865E-005  2.894608485543543E+001
    317  5.479220299904118E-005  3.952108816795088E+001
    260  5.442690111759506E-005  3.745846822965304E+001
    561  5.435940187819764E-005  1.057823475786052E+002
    986  5.417870811470900E-005  1.294778988001748E+002
    281  5.405111169833885E-005  3.778222215271058E+001
     78  5.360731705592896E-005  2.724001953302053E+001
    602  5.337739908439594E-005  1.078335831208874E+002
    550  5.321675095888026E-005  1.044255141670578E+002
    441  5.314206264581878E-005  5.602297434426368E+001
    948  5.288833254222648E-005  1.280530341997139E+002
    575  5.288185494316232E-005  1.067636975144964E+002
     50  5.266803985813104E-005  2.524792740229145E+001
    147  5.214402328648023E-005  3.045498909450352E+001
    120  5.134333740222253E-005  2.935022978395871E+001
    796  5.100466990594714E-005  1.160406419035091E+002
    252  5.069688571511485E-005  3.681481496629917E+001
    967  5.049574797503476E-005  1.287730879251822E+002
    952  5.009653654419933E-005  1.282170243378332E+002
    191  4.993968661522049E-005  3.372798248811258E+001
    193  4.982439108527747E-005  3.387383688791338E+001
      2  4.972341900562468E-005  1.507477314615795E+001
    577  4.964521516130293E-005  1.068269012623950E+002
   1056  4.949310793357340E-005  1.332822863268028E+002
    742  4.927078625564706E-005  1.126546326383816E+002
    261  4.913012337296482E-005  3.751537038816641E+001
    134  4.908397245405688E-005  2.989081555609098E+001
    983  4.884728519150580E-005  1.293699640118089E+002
    873  4.847447531483689E-005  1.205400953636918E+002
    843  4.846652895691643E-005  1.181049125326048E+002
    571  4.827157355076448E-005  1.065760725477823E+002
    256  4.767473113504493E-005  3.708485200545782E+001
    529  4.740120730674205E-005  6.213305424318654E+001
    863  4.738625725460755E-005  1.194780899982511E+002
    250  4.709576761741936E-005  3.645071914574685E+001
    958  4.685624603782608E-005  1.283326337970340E+002
    488  4.679719343419287E-005  5.904214899548738E+001
    667  4.602006068842695E-005  1.098231148083649E+002
    162  4.594874514996337E-005  3.142013005221356E+001
    242  4.583813502195733E-005  3.575330164903793E+001
    107  4.564957640606707E-005  2.880093649968087E+001
    310  4.515817146394696E-005  3.933560718805473E+001
    234  4.503429873393588E-005  3.541632958107625E+001
    369  4.492401442698158E-005  4.556664797594529E+001
    702  4.470725584814024E-005  1.112791472783473E+002
    316  4.469926520651387E-005  3.947722492082590E+001
    573  4.443761706806557E-005  1.066520968004064E+002
    172  4.423079491553447E-005  3.254695536480502E+001
    243  4.376886763342923E-005  3.580427376176280E+001
    622  4.344559876120943E-005  1.084041586407917E+002
    737  4.313071777816585E-005  1.125716601108342E+002
    209  4.310934294788402E-005  3.420776675567321E+001
    680  4.306506756986106E-005  1.106808485277705E+002
    458  4.249838627543430E-005  5.780961640938520E+001
    609  4.240657895388681E-005  1.080529774194348E+002
    605  4.225589582567621E-005  1.079476682950407E+002
     93  4.161545735709514E-005  2.801831476528660E+001
     17  4.153119601703106E-005  2.091913438766164E+001
    308  4.093143771001972E-005  3.924824416979163E+001
    567  4.088113768454224E-005  1.061175767374582E+002
    480  4.067151727136564E-005  5.887142017505539E+001
    512  4.017446588532377E-005  6.110465593383906E+001
    268  3.991402983567789E-005  3.765614789507087E+001
    267  3.962163265883344E-005  3.763942844703926E+001
    558  3.886511107754645E-005  1.054235904423783E+002
    847  3.875236301799128E-005  1.183795327778256E+002
    469  3.867393738754225E-005  5.857260373695996E+001
    918  3.858808623466104E-005  1.263810693695273E+002
    746  3.757181860324173E-005  1.128150956859242E+002
    414  3.746413253449926E-005  5.408443269732371E+001
    877  3.730361199570793E-005  1.207635072396237E+002
    584  3.692904200064070E-005  1.071415131646536E+002
    176  3.663012535609895E-005  3.283702642513862E+001
    674  3.634238541163389E-005  1.101627157855635E+002
    842  3.616227906325872E-005  1.180365480395604E+002
    194  3.609178360121851E-005  3.388123191050668E+001
    173  3.603687374649029E-005  3.267731285541730E+001
    832  3.590174206109088E-005  1.176150872586579E+002
   1067  3.577719773786388E-005  1.341872351276505E+002
    502  3.569233533320080E-005  6.033057478557798E+001
     49  3.555623037926725E-005  2.521926711432687E+001
    719  3.482726459774120E-005  1.120361196403708E+002
    307  3.453264025995565E-005  3.924418415703018E+001
    361  3.427499535773560E-005  4.509188248244521E+001
    698  3.417015516605811E-005  1.111543499618823E+002
    468  3.386036450082175E-005  5.850419738659161E+001
    968  3.369495820059270E-005  1.287893908307005E+002
    470  3.368117790661865E-005  5.858950887133865E+001
    791  3.362555734214939E-005  1.158399885308925E+002
   1041  3.326214849732085E-005  1.318604688563310E+002
    542  3.271387726315837E-005  1.021380905135569E+002
    808  3.270291943592332E-005  1.166438640424820E+002
    364  3.169119581086007E-005  4.528995878587361E+001
    297  3.126922208528589E-005  3.850412000814609E+001
    875  3.090136687215685E-005  1.206504418490652E+002
    570  3.088634068829928E-005  1.064458450110351E+002
    489  3.062593546721977E-005  5.906665573291085E+001
    785  3.031922782505420E-005  1.156515149006221E+002
    905  3.001475765262941E-005  1.252963463377060E+002
    140  2.976615658819598E-005  3.002380690834687E+001
    100  2.928698038865080E-005  2.814590236831992E+001
    890  2.924081846987466E-005  1.222269695705770E+002
    557  2.921980684347315E-005  1.053298087456868E+002
    254  2.907761031572032E-005  3.696870162494890E+001
    713  2.905222938521677E-005  1.118750446375970E+002
    420  2.901403277399657E-005  5.464265012038360E+001
    899  2.882297622859579E-005  1.237750393258326E+002
    592  2.880862572864032E-005  1.074010896433819E+002
    741  2.858797549339657E-005  1.126383251241469E+002
    386  2.815420552556269E-005  4.778448827008048E+001
    658  2.806929252824942E-005  1.092752908733605E+002
    858  2.777004525366044E-005  1.193043137223610E+002
    942  2.753243458461648E-005  1.277896527703618E+002
    224  2.748121056053536E-005  3.456258153743839E+001
    150  2.744004611559352E-005  3.095380367517388E+001
    201  2.723483717276168E-005  3.413905621996786E+001
    535  2.682970001348239E-005  7.234684016852472E+001
    408  2.682741345846121E-005  5.368647704938994E+001
     32  2.650663581843176E-005  2.386019687247388E+001
    444  2.637265743232819E-005  5.640873014994138E+001
    454  2.606569151312181E-005  5.753531790534946E+001
    637  2.588729822171092E-005  1.087708716348475E+002
    910  2.564738325634702E-005  1.258349422363612E+002
   1008  2.521750332770598E-005  1.304054287055121E+002
    531  2.520277588372932E-005  6.280622541285696E+001
    596  2.488327107533418E-005  1.076305596761092E+002
    185  2.466450025530033E-005  3.329017879350934E+001
    583  2.431445454465727E-005  1.070323413352247E+002
    610  2.385373371829658E-005  1.080548791140610E+002
   1076  2.379141084225869E-005  1.858411948136732E+002
    624  2.352964666161817E-005  1.084534043855216E+002
    700  2.348089350509705E-005  1.112187707043413E+002
    498  2.347198562720634E-005  6.006055704270973E+001
    579  2.304244276142072E-005  1.068810185812333E+002
    672  2.303095266508950E-005  1.100523893058521E+002
    323  2.288274563387558E-005  3.963162035223775E+001
    616  2.258908605473331E-005  1.081902144651443E+002
    964  2.257507401476546E-005  1.284811881676410E+002
     77  2.244233965169932E-005  2.720977418778346E+001
    328  2.202001890902031E-005  3.982877398686839E+001
    772  2.153027632122674E-005  1.144444014986270E+002
    749  2.095854820743934E-005  1.128862829609149E+002
    404  2.083296134957959E-005  5.332919471058649E+001
    313  2.067364672973845E-005  3.941220320488696E+001
    277  2.050022813011089E-005  3.774405278528796E+001
    898  2.020558929775079E-005  1.236287338505038E+002
    225  2.013208517720991E-005  3.458265676939745E+001
    431  1.999745681622092E-005  5.545822575490884E+001
    594  1.988248973774434E-005  1.075267994995216E+002
    490  1.981545755256206E-005  5.909746584665749E+001
    345  1.955200712405939E-005  4.248475366295001E+001
    589  1.943284587403937E-005  1.073243551551986E+002
    355  1.918790965857255E-005  4.365668409738398E+001
    684  1.893905889950212E-005  1.108055531440044E+002
    412  1.875583834800421E-005  5.399327798218789E+001
    755  1.863324807435516E-005  1.130537195644052E+002
    263  1.845976479130539E-005  3.756851288337069E+001
    416  1.813328268744741E-005  5.412105627361211E+001
    976  1.802615506953579E-005  1.291265023483052E+002
   1068  1.761799223786579E-005  1.342139437973118E+002
    697  1.741607399098597E-005  1.111168086390436E+002
    795  1.729620430953572E-005  1.159446042090269E+002
    591  1.712327250031490E-005  1.073970459895217E+002
    682  1.693171754471597E-005  1.107795174367904E+002
    853  1.674180833206377E-005  1.189950762444425E+002
    722  1.670561757704926E-005  1.121989232781130E+002
     96  1.669311414022846E-005  2.807603105873968E+001
    327  1.627909047110117E-005  3.980649710729982E+001
    274  1.600403940824835E-005  3.771469066363962E+001
    694  1.594796491208248E-005  1.110208923005156E+002
    211  1.556635610351365E-005  3.422885497659050E+001
    937  1.543595948473864E-005  1.275975168353670E+002
    683  1.530296010014724E-005  1.107854094171573E+002
    943  1.517919117997321E-005  1.278255860865938E+002
    223  1.502150783526684E-005  3.452101188794168E+001
    455  1.500474022390763E-005  5.757818593173593E+001
    321  1.475929951249946E-005  3.959878738143280E+001
    410  1.472118864642655E-005  5.380004782230375E+001
    146  1.433614264669031E-005  3.038455959742199E+001
    428  1.430839780758918E-005  5.539697768550786E+001
    595  1.427777288744020E-005  1.075727311228692E+002
    659  1.423083476444110E-005  1.093169473413985E+002
    179  1.420425318044190E-005  3.301071504933698E+001
     59  1.410038324185909E-005  2.608228483109795E+001
    438  1.383835758852143E-005  5.568774314714533E+001
    337  1.381074445551619E-005  4.125439580477820E+001
    963  1.370544171160976E-005  1.284456810480366E+002
    569  1.368310740219332E-005  1.064024371239422E+002
    522  1.343660309055121E-005  6.189501394570030E+001
    615  1.338839075261412E-005  1.081646255451844E+002
    627  1.334735817536130E-005  1.085359599099982E+002
    927  1.325312167484335E-005  1.271118445081471E+002
    275  1.318391690941064E-005  3.771871208633355E+001
    181  1.315295657446906E-005  3.309588236011395E+001
    790  1.279748357516964E-005  1.158127479939932E+002
    574  1.266038707530622E-005  1.067089856517616E+002
    977  1.227833189410426E-005  1.291448023039548E+002
    463  1.225169434096889E-005  5.840368106338346E+001
    934  1.224075958061323E-005  1.274026915475210E+002
     99  1.209781667994764E-005  2.813215700322161E+001
    540  1.202081373079395E-005  1.019596674086986E+002
    208  1.195169190399515E-005  3.420400517096608E+001
   1052  1.190633432915063E-005  1.330891459743712E+002
    995  1.186138295181357E-005  1.300556822463785E+002
    608  1.177573854717709E-005  1.080310773431174E+002
    259  1.163797860097086E-005  3.731129763636223E+001
    346  1.160269952616210E-005  4.251353138364797E+001
    706  1.149486863897439E-005  1.115644797142602E+002
    618  1.123163805916229E-005  1.083041655146542E+002
   1063  1.118588517915378E-005  1.338610239777397E+002
    896  1.086468970380787E-005  1.231967026860033E+002
    398  1.069388818076777E-005  5.298968704937109E+001
    421  1.059006509161045E-005  5.469982084171487E+001
    440  1.052298499679748E-005  5.589934491235444E+001
   1004  1.048832568447973E-005  1.302828791464404E+002
    770  1.043689241331352E-005  1.141655133118217E+002
    264  1.036035687022432E-005  3.760740200223662E+001
    731  1.031445240008257E-005  1.124795031346507E+002
    897  1.031343772669673E-005  1.233154024205701E+002
    520  1.024458655450396E-005  6.117519869664547E+001
    646  1.024209693179167E-005  1.089039652974663E+002
    370  1.012071487156931E-005  4.562254251008403E+001
    286  1.011238166909218E-005  3.806107114689090E+001
    545  1.008106847715782E-005  1.038885725205099E+002
    799  1.007973042267811E-005  1.161655148393659E+002
    467  1.000145733184171E-005  5.850070475174659E+001
    707  9.989522416578901E-006  1.116484954290111E+002
    979  9.882007171870853E-006  1.292073280791942E+002
    332  9.780017636664655E-006  4.036182328117159E+001
    128  9.754985767919216E-006  2.964876822252022E+001
    203  9.713613858633589E-006  3.415596231316062E+001
    169  9.650310143144525E-006  3.225245008090104E+001
    171  9.599886504042596E-006  3.251692712246987E+001
    999  9.469466914260648E-006  1.301340763851820E+002
    923  9.446898900453893E-006  1.267345977181097E+002
    371  9.423609112896699E-006  4.567834615857563E+001
   1014  9.396938025593136E-006  1.306579532637773E+002
    633  9.353510768000289E-006  1.086770367044967E+002
    922  9.286048690209375E-006  1.267277337836395E+002
   1010  9.236178688130948E-006  1.305150376372933E+002
    844  9.021652672018773E-006  1.182236522024691E+002
    804  8.842192685351006E-006  1.164307012054320E+002
    989  8.803692810276332E-006  1.296856498562064E+002
    473  8.801076726008641E-006  5.864875851961727E+001
     47  8.768015150034886E-006  2.514695584094496E+001
   1035  8.760748033091150E-006  1.315022364948826E+002
     15  8.519252369303352E-006  2.077312965636918E+001
    377  8.470263705953131E-006  4.580996274485975E+001
    720  8.448142030856900E-006  1.121496181246094E+002
    715  8.385500706899166E-006  1.119122168057061E+002
    494  8.281877359975319E-006  5.959072402434833E+001
    769  8.249190162732371E-006  1.141494817506874E+002
    732  8.233773325243410E-006  1.124809932511083E+002
   1011  8.198725117053026E-006  1.305590563134582E+002
    959  8.195045499719778E-006  1.283643788123119E+002
    380  8.176307773718762E-006  4.621788456267294E+001
    117  8.071438840186225E-006  2.915145470361619E+001
    800  8.066232148588508E-006  1.161811067685375E+002
    515  7.858206693070293E-006  6.113166482037749E+001
    530  7.790403558572759E-006  6.265828803408258E+001
    695  7.715056951668270E-006  1.110404578737834E+002
    845  7.684354667996906E-006  1.182722434309271E+002
    761  7.646505100209711E-006  1.134019555363662E+002
    994  7.544595394478181E-006  1.299886393654431E+002
    670  7.489037995762955E-006  1.099218253642219E+002
    374  7.468758431479444E-006  4.576894168844035E+001
    880  7.441856258537749E-006  1.209811659012211E+002
    465  7.441570706828900E-006  5.845233409136720E+001
    656  7.432380056232223E-006  1.092383325553483E+002
     56  7.382226058437648E-006  2.577494999028338E+001
    677  7.314100438794055E-006  1.104103779431708E+002
    868  7.204594875439931E-006  1.199994649602093E+002
    354  7.163090093972810E-006  4.358717802496741E+001
    782  7.141184791726197E-006  1.155663554633046E+002
    679  7.097309421821547E-006  1.106299731616480E+002
    786  6.825814782985310E-006  1.156679892855772E+002
   1002  6.741142812385581E-006  1.301955720736593E+002
   1040  6.732389400524881E-006  1.318325334098182E+002
    960  6.703188422021605E-006  1.283710541965592E+002
    792  6.691913238299696E-006  1.158579110744502E+002
    216  6.629201088079057E-006  3.431915233475488E+001
    765  6.403107689608921E-006  1.138034732037320E+002
   1073  6.290369730765371E-006  1.355646294676644E+002
     48  6.238168619937803E-006  2.521050943974308E+001
    676  6.230780866613100E-006  1.102968009656115E+002
    771  6.198869624304647E-006  1.142541813627527E+002
    127  6.060834513429501E-006  2.958197907168710E+001
    756  5.894046039328039E-006  1.131019348749128E+002
    915  5.859426743286325E-006  1.261627872997085E+002
    849  5.851067924799105E-006  1.186556798515274E+002
    893  5.809906189928121E-006  1.225899968537864E+002
   1043  5.794458318493132E-006  1.320181582363304E+002
    634  5.773894816075760E-006  1.087110579745548E+002
    130  5.715715446295356E-006  2.969026097336859E+001
    935  5.701068201240461E-006  1.274477748704804E+002
    601  5.567106403402311E-006  1.078222216339937E+002
    901  5.529123928855187E-006  1.246352700151236E+002
     86  5.384523527902625E-006  2.760340701365068E+001
    178  5.310512701497786E-006  3.291892583427273E+001
    397  5.308861714310015E-006  5.292984574180642E+001
    450  5.177501159665338E-006  5.723022636777802E+001
   1037  5.155746816936596E-006  1.316166834102353E+002
    562  5.153091245339959E-006  1.058125905236654E+002
    815  5.120772147965606E-006  1.170844697210597E+002
    641  5.117203118965332E-006  1.088136450829588E+002
    362  5.110065934915941E-006  4.520209191521082E+001
    435  5.101187308134580E-006  5.559833163642786E+001
    651  5.074313194428782E-006  1.090123807306586E+002
    699  4.984211927319953E-006  1.111753891148923E+002
    442  4.978888553600337E-006  5.605259237502305E+001
    704  4.969971871895554E-006  1.114088220449556E+002
    350  4.955548278543540E-006  4.287084402122760E+001
    315  4.955266203548224E-006  3.946262277995078E+001
   1017  4.909349413508921E-006  1.307020085696559E+002
    728  4.892542665361472E-006  1.123911467240560E+002
    665  4.891331301129490E-006  1.096195054263975E+002
    903  4.854376552317358E-006  1.249295857950171E+002
    870  4.758618711810513E-006  1.203621491035894E+002
    971  4.707430298977510E-006  1.289111652451389E+002
    103  4.686013996189400E-006  2.854698030319213E+001
    526  4.659917868085863E-006  6.205614154690332E+001
    798  4.645618089402688E-006  1.161233232814441E+002
    738  4.610759437226562E-006  1.126248828969786E+002
    957  4.546298877216685E-006  1.283224605383935E+002
    854  4.534716662782832E-006  1.190938927222375E+002
    654  4.504260767333083E-006  1.091774321289355E+002
    751  4.495394759880200E-006  1.129352725370382E+002
    363  4.490977001840284E-006  4.523665715266514E+001
    406  4.473302294385536E-006  5.347162595814701E+001
    955  4.423194215249609E-006  1.283043098504922E+002
    265  4.404050448403796E-006  3.762418150997995E+001
    768  4.378511728202708E-006  1.140511281344195E+002
    997  4.355397595438887E-006  1.300952728722026E+002
    717  4.322353288651929E-006  1.119901298340990E+002
    862  4.271442129566741E-006  1.194326389788892E+002
    451  4.212925412469384E-006  5.726939793781466E+001
   1046  4.192790216338213E-006  1.322741703884410E+002
    668  4.180046383435012E-006  1.098358517134249E+002
    289  4.106682031328342E-006  3.832422991649202E+001
    341  4.084156528832760E-006  4.207899368185591E+001
    424  4.070808207631204E-006  5.504400290817051E+001
    643  4.040863514134811E-006  1.088529165631816E+002
    990  4.015521253706502E-006  1.297249883032466E+002
    839  3.969901293669626E-006  1.178451551754228E+002
    496  3.953768010811870E-006  5.977778544840232E+001
    657  3.946972908935390E-006  1.092680437977900E+002
     19  3.931137147841166E-006  2.137958735177528E+001
    660  3.902640812779172E-006  1.093929129115852E+002
    359  3.887091490969349E-006  4.440820660542785E+001
    619  3.797178675763665E-006  1.083262496248409E+002
    197  3.730053492648016E-006  3.407091137263039E+001
    787  3.676527116470079E-006  1.157066821730262E+002
    220  3.675415673171836E-006  3.440936379612124E+001
    709  3.653076090950239E-006  1.116986555393093E+002
    930  3.591009189428314E-006  1.272550109882912E+002
    527  3.559070267073091E-006  6.211137902133680E+001
    200  3.490514223649158E-006  3.413076352937113E+001
    949  3.472832542335944E-006  1.280833568476082E+002
    625  3.421458434945731E-006  1.084878781680722E+002
    744  3.382661057308084E-006  1.127340165661099E+002
    278  3.375784699499626E-006  3.775225448216675E+001
    944  3.330020397570108E-006  1.278264506290159E+002
    781  3.325602510708357E-006  1.155015502370288E+002
    946  3.320015766311668E-006  1.279201366409634E+002
    253  3.306053827891691E-006  3.690338042035397E+001
    789  3.204992540910977E-006  1.157939903252585E+002
    723  3.160263206753565E-006  1.122249597820348E+002
    623  3.124751587042324E-006  1.084311616311891E+002
    696  3.075239655309837E-006  1.111110130672436E+002
    803  3.054634402814699E-006  1.163959410830473E+002
    342  3.047145762033588E-006  4.219280462450153E+001
    757  3.029953079771670E-006  1.131455979007981E+002
    988  3.004401812496886E-006  1.295230022337254E+002
   1013  2.980896694466135E-006  1.306191025791559E+002
    640  2.956805513798420E-006  1.088027953187827E+002
    985  2.954719255502549E-006  1.294454523269476E+002
    642  2.886564176310414E-006  1.088349318990273E+002
    889  2.804277944163645E-006  1.221096476933091E+002
    466  2.800146767041215E-006  5.848631456847294E+001
    900  2.796446860570421E-006  1.240255399934555E+002
    630  2.784623723481171E-006  1.086464564510315E+002
    160  2.738156548796443E-006  3.140287364756382E+001
     57  2.696383137301830E-006  2.601044601303876E+001
    920  2.665329462217701E-006  1.265729199247587E+002
    543  2.657763147911975E-006  1.026098663261161E+002
    711  2.611391172316859E-006  1.117833092223069E+002
    556  2.571680113128223E-006  1.053074591696642E+002
    931  2.507378537705774E-006  1.272754104030811E+002
   1038  2.489895732787976E-006  1.317153469634680E+002
    764  2.473526124170358E-006  1.137269990775531E+002
    902  2.469743976340263E-006  1.246861225619736E+002
    484  2.444546375254944E-006  5.894622531819898E+001
    586  2.441685240800359E-006  1.072414988471015E+002
    856  2.434601258574211E-006  1.192407591408727E+002
     65  2.379881571959765E-006  2.645533186342116E+001
    590  2.363692347576513E-006  1.073381491314167E+002
     12  2.331799444496756E-006  1.791855268392995E+001
    904  2.325117269885657E-006  1.250437756508075E+002
   1059  2.291621399626554E-006  1.335352794510990E+002
    855  2.247848618662074E-006  1.192335282432478E+002
    950  2.216595429846858E-006  1.281356928004739E+002
    830  2.188877223327070E-006  1.175448785112390E+002
    685  2.183777765081952E-006  1.108208915724099E+002
    882  2.175078664696577E-006  1.212606419968792E+002
    846  2.159601034421624E-006  1.183733977129572E+002
    648  2.135223725073465E-006  1.089328290594756E+002
    448  2.115553373100845E-006  5.707216855561523E+001
    376  2.110993279474078E-006  4.578482274843697E+001
    705  2.082218448332503E-006  1.114879185885843E+002
    987  2.061279462927216E-006  1.295218650079724E+002
   1028  2.031291571853644E-006  1.312419762585663E+002
    714  2.022321881102628E-006  1.118865310298163E+002
    974  2.011877906982906E-006  1.290391941684268E+002
    978  1.937955804589118E-006  1.291764873003617E+002
   1012  1.921761076791179E-006  1.305860585800326E+002
   1034  1.916511369977919E-006  1.314975717016592E+002
    766  1.870409542661065E-006  1.138313497862233E+002
    747  1.856672111156105E-006  1.128221651622354E+002
    767  1.856414943766863E-006  1.139787538815297E+002
    809  1.841685521382306E-006  1.168273457040169E+002
    818  1.840079331485766E-006  1.172202887178189E+002
    759  1.836488152979293E-006  1.132523759465808E+002
    678  1.769816536283081E-006  1.105298402911861E+002
    506  1.766622543795742E-006  6.092479484159845E+001
    939  1.752686929423063E-006  1.276788938661296E+002
    887  1.724764887120203E-006  1.215278324822884E+002
   1009  1.712533296702566E-006  1.304609142394732E+002
    429  1.669654136983943E-006  5.542704693693687E+001
   1019  1.666495945036228E-006  1.307856127904329E+002
    912  1.625247077563685E-006  1.259977317017505E+002
   1077  1.622776214479759E-006  6.189178021453241E+002
    872  1.565319888876855E-006  1.204992644439996E+002
    459  1.505559766704520E-006  5.797524108925945E+001
    581  1.504278080764530E-006  1.069166383916512E+002
    333  1.481847474583852E-006  4.050570323460023E+001
    996  1.463533048418481E-006  1.300741546440489E+002
    739  1.461482803053021E-006  1.126267264275300E+002
    508  1.438878218350972E-006  6.101348113010317E+001
    495  1.432847346334180E-006  5.971063876484735E+001
    982  1.426843775638962E-006  1.293230544301462E+002
   1003  1.407327300055300E-006  1.302792324598297E+002
    914  1.399912375605093E-006  1.261343003660832E+002
    961  1.374229640416649E-006  1.283826108536399E+002
    878  1.353440772353573E-006  1.208553192243232E+002
    501  1.328427209017721E-006  6.025540211442135E+001
    834  1.315611167056826E-006  1.176651591794238E+002
    366  1.314496718032832E-006  4.541480133184800E+001
    775  1.311031483451403E-006  1.149447083106751E+002
   1027  1.296955180176003E-006  1.311414239553258E+002
    611  1.254815020014194E-006  1.080609110523806E+002
    661  1.224360735333233E-006  1.094040232551639E+002
    817  1.215314371066698E-006  1.171745914510001E+002
     25  1.176782916324481E-006  2.268285797328677E+001
   1049  1.159694706381862E-006  1.325964910892840E+002
    840  1.153735825591854E-006  1.179674198090055E+002
    228  1.134661403037544E-006  3.465329128304563E+001
    956  1.091291071146150E-006  1.283075816024711E+002
    447  1.067480940113446E-006  5.692641404400948E+001
    750  1.049847407965188E-006  1.128980084302201E+002
    885  1.038495826085740E-006  1.213849358963692E+002
    933  1.036381560725695E-006  1.272967505112425E+002
    644  1.035969109572844E-006  1.088699046594824E+002
    965  1.022434160601047E-006  1.286084743618769E+002
    980  9.995563932704303E-007  1.292322903638887E+002
    688  9.797371070242577E-007  1.108652117541332E+002
    969  9.768268999307560E-007  1.288232913140608E+002
    814  9.707152317587640E-007  1.170571282096026E+002
    793  9.586862879766291E-007  1.158943894419280E+002
    613  9.280879070320332E-007  1.081325074305931E+002
    276  9.206844843230325E-007  3.774173651101562E+001
     39  9.150211464862153E-007  2.419216907562118E+001
    852  9.141914051829342E-007  1.189308904937423E+002
     82  9.102093891007472E-007  2.744742479332049E+001
    754  9.099221856228700E-007  1.130532912402911E+002
   1007  9.089235321658514E-007  1.303971511397991E+002
    776  8.968251027937302E-007  1.150535509847603E+002
    638  8.912244629037962E-007  1.087773663504995E+002
    945  8.702146651584821E-007  1.278945431870569E+002
    600  8.271659959998969E-007  1.078192567961393E+002
    356  8.228769053687606E-007  4.399929676237998E+001
    891  8.085284432847007E-007  1.222344606190913E+002
    426  8.067338343362599E-007  5.521112029631625E+001
    876  7.987120387619716E-007  1.207338716680959E+002
    953  7.783918994546903E-007  1.282835790234384E+002
   1030  7.670222765921463E-007  1.313677884464318E+002
    335  7.586365689881710E-007  4.064698242871874E+001
    794  7.426335138882387E-007  1.159299755047292E+002
    811  7.330502055328563E-007  1.169131613251637E+002
   1025  6.861970191358167E-007  1.310823101564250E+002
    647  6.721936121825010E-007  1.089204596390746E+002
    828  6.619989087323373E-007  1.175132070682912E+002
    861  6.564634215164531E-007  1.193618968506130E+002
    439  6.517484829803923E-007  5.581771077364913E+001
    805  6.168321519555473E-007  1.165442309434909E+002
    664  6.095020648785777E-007  1.095868237421283E+002
    993  5.997431424416798E-007  1.299638892136509E+002
    662  5.917126359082546E-007  1.094304874643061E+002
    599  5.736635081767448E-007  1.077354408464688E+002
   1054  5.639293335318587E-007  1.332101619260334E+002
    879  5.537313362627635E-007  1.208628531744268E+002
    941  5.480070909400899E-007  1.277239710636116E+002
    461  5.462596086099593E-007  5.832169084274378E+001
    598  5.452145621966657E-007  1.077082259858063E+002
    841  5.302591622224704E-007  1.180046875638410E+002
    850  5.186865391825850E-007  1.188640670964077E+002
   1051  5.088969079704433E-007  1.330173846663143E+002
    936  5.079419562082623E-007  1.275963114471066E+002
    175  5.025907773622874E-007  3.282740528695558E+001
    620  4.988261974463777E-007  1.083700393844588E+002
    816  4.821390386430879E-007  1.170854692244173E+002
    271  4.619845598125997E-007  3.769377629908810E+001
    867  4.525584320397396E-007  1.199420338065019E+002
   1023  4.427516866860114E-007  1.309907545973144E+002
    819  4.111353488733312E-007  1.172617623112352E+002
    925  4.065162475579805E-007  1.268943605090481E+002
     87  4.055123163829470E-007  2.773505635732142E+001
    929  4.009114077425105E-007  1.272324166790593E+002
    735  3.947820465910952E-007  1.125422257639707E+002
    908  3.935183797114371E-007  1.256350992978881E+002
    837  3.932875542778195E-007  1.177814246314451E+002
    758  3.925445605734948E-007  1.131945788764974E+002
    368  3.897225938575428E-007  4.552075151204606E+001
    871  3.777429508495514E-007  1.204638135739833E+002
    499  3.668086939412835E-007  6.010190034988052E+001
    457  3.603194549102876E-007  5.770039153165104E+001
     63  3.434441029340958E-007  2.633691355837915E+001
    801  3.369129904567656E-007  1.162412158177078E+002
    736  3.312926053980622E-007  1.125700463249535E+002
    718  3.297763325953949E-007  1.120307816427976E+002
    874  3.236142543002612E-007  1.206463359037059E+002
    869  3.185948237433203E-007  1.201465244096069E+002
    895  3.109613283279833E-007  1.231922658586809E+002
    886  3.031613494096934E-007  1.214498350996194E+002
    743  2.877679143516015E-007  1.126739704882794E+002
    984  2.854277764481344E-007  1.293776492189174E+002
    734  2.663874330788206E-007  1.125227414297757E+002
     55  2.636461608348565E-007  2.564739582447731E+001
    864  2.457208710193477E-007  1.195154318953015E+002
    806  2.452345561927911E-007  1.165904998677036E+002
    614  2.369167388119917E-007  1.081499604581023E+002
    626  2.360374775103354E-007  1.085197354965440E+002
    124  2.337355862835780E-007  2.953039329658957E+001
   1065  2.303246688737852E-007  1.340986810838602E+002
    701  2.278767084634294E-007  1.112655741498095E+002
    137  2.207610725634795E-007  2.996307755422044E+001
    859  1.933613000090362E-007  1.193117826572047E+002
    629  1.853514865517501E-007  1.086436456014825E+002
    603  1.852892676267606E-007  1.078480909052838E+002
    284  1.845763966337994E-007  3.794002386601017E+001
    509  1.771194310740798E-007  6.104665142125116E+001
    788  1.680685615477160E-007  1.157595566872355E+002
    606  1.619876463659241E-007  1.079754075340127E+002
    693  1.552466862529229E-007  1.110198391814811E+002
    823  1.448319333076925E-007  1.173434151863991E+002
    951  1.219917299508946E-007  1.282127111215003E+002
    388  1.127974481185445E-007  4.916519389587509E+001
    753  1.075701162682866E-007  1.130399909728984E+002
    865  1.030417658760283E-007  1.195233182598442E+002
    851  1.015270619817107E-007  1.189105890777936E+002
    884  1.009492498743992E-007  1.212913619330936E+002
    443  9.052283490479174E-008  5.615506371008289E+001
    235  8.692902842943994E-008  3.553329683850696E+001
    881  8.537922931202965E-008  1.212001054655417E+002
    883  7.711723850758771E-008  1.212822283474710E+002
    726  5.811412475037415E-008  1.123280306605216E+002
    703  5.800571308647626E-008  1.113359924967504E+002
    779  5.656301080352282E-008  1.153237642854880E+002
    833  4.763808018449359E-008  1.176450554682990E+002
    773  4.047035124357024E-008  1.146041296786391E+002
   1000  3.814516257722337E-008  1.301375093272533E+002
    652  3.785560007282207E-008  1.090805000764319E+002
    628  3.513865868140210E-008  1.085999071252231E+002
     73  3.443771907082352E-008  2.704395448663374E+001
    906  2.465550988288547E-008  1.253859334012492E+002
    888  2.292789125220597E-008  1.215384892766490E+002
    752  2.229681442661680E-008  1.129825416205730E+002
    653  2.132977336246733E-008  1.090926521840726E+002
   1015  2.127569539876228E-008  1.306693309857935E+002
    729  2.121758295971133E-008  1.124070412533170E+002
    360  2.111404792863063E-008  4.501412031898634E+001
    708  2.057965921404725E-008  1.116659378913442E+002
   1021  1.995163130354871E-008  1.308784400027895E+002
    916  1.883867045881433E-008  1.261858055404796E+002
    373  1.126238948018404E-008  4.573517441489172E+001
    612  7.879234979420429E-009  1.080838271474082E+002
    396  3.820194199303856E-009  5.292259014309509E+001
    692  3.607628511169456E-009  1.109991362888409E+002
    482  1.417277477060340E-009  5.890508639424976E+001
    810  9.506697855694793E-010  1.168542717379606E+002
    857  3.969161001498055E-010  1.192977858717030E+002
    740  1.445718859056410E-010  1.126281679605138E+002
    227  2.812811379377478E-011  3.461221107986133E+001
