# Number of modes
   1077
# Tabulated for different initial and final frequencies?
    F
# Mode index, Sj, (highest to lowest), omega_j
    418  5.653019533173614E-002  5.440760214654593E+001
    547  4.037550013239170E-002  1.040413527560943E+002
    425  1.314627057225065E-002  5.512885982268182E+001
      7  1.068128704417630E-002  1.598850297870253E+001
    552  1.012845320471922E-002  1.045004516183760E+002
     10  9.373225375486575E-003  1.630017574824609E+001
    297  7.766331455420783E-003  3.850412000814609E+001
   1047  7.665534414609837E-003  1.324683504365100E+002
    422  7.115775095462912E-003  5.478392604221921E+001
    300  6.015676361725262E-003  3.871033423098082E+001
   1048  5.887748840800010E-003  1.325281096806480E+002
      8  5.528915231589070E-003  1.603898235084092E+001
     23  5.349040386021169E-003  2.160694502786773E+001
   1041  5.338000568675412E-003  1.318604688563310E+002
    539  5.142620665742182E-003  1.004038214764926E+002
   1038  4.700299735520860E-003  1.317153469634680E+002
   1039  4.265596719553643E-003  1.317789778316224E+002
     24  4.014024486864445E-003  2.165827626673025E+001
     38  3.824948338918986E-003  2.415274881711009E+001
    296  3.760789726582381E-003  3.847026909032138E+001
    551  3.280031156819574E-003  1.044758850995860E+002
    546  2.929422354961998E-003  1.038908634804570E+002
     65  2.864611355707958E-003  2.645533186342116E+001
   1060  2.712785652687436E-003  1.336329109810919E+002
    419  2.189355076043219E-003  5.447434435004674E+001
     64  2.102999080789930E-003  2.637954322898939E+001
    114  2.073028871921726E-003  2.903390568794284E+001
    544  2.051187931392809E-003  1.037287728441322E+002
    549  2.013277717746616E-003  1.043755820157491E+002
      9  2.007506471307328E-003  1.615282072713023E+001
     16  1.966658523348939E-003  2.083990463296455E+001
    445  1.868297389981342E-003  5.650985963977887E+001
     18  1.786683773750990E-003  2.124694793769305E+001
    426  1.712144838113143E-003  5.521112029631625E+001
    423  1.677934982621264E-003  5.491452382822700E+001
    294  1.613535020943258E-003  3.844005427068350E+001
    431  1.535597761674168E-003  5.545822575490884E+001
    393  1.535541249948520E-003  5.117422678475859E+001
    391  1.481768259564478E-003  4.935295074539214E+001
    387  1.427999472728647E-003  4.845493173747810E+001
    554  1.395684374598332E-003  1.048978551747549E+002
    405  1.323683279351390E-003  5.340951413863353E+001
   1057  1.252081629251891E-003  1.332882698940204E+002
     58  1.239763043719701E-003  2.603619761911758E+001
    198  1.239524892201677E-003  3.410095577154824E+001
    390  1.215508125569366E-003  4.930034545373515E+001
      5  1.053830514140855E-003  1.580375607842547E+001
    199  1.045168401835321E-003  3.411214171315592E+001
     31  1.001247272255684E-003  2.349957735236975E+001
    251  9.667788181554404E-004  3.670193646720268E+001
    550  9.269942706230494E-004  1.044255141670578E+002
    293  9.222745876096832E-004  3.840315559517953E+001
    386  8.970161126261432E-004  4.778448827008048E+001
    538  8.384727766750213E-004  8.801939400846273E+001
   1069  8.353272066351576E-004  1.347402109836953E+002
   1029  8.163315318181274E-004  1.312589073638632E+002
     27  8.060869104926933E-004  2.288948685305089E+001
   1062  8.019303000629731E-004  1.338537297016246E+002
    378  8.015811356466850E-004  4.609481655347708E+001
      4  7.995440745777358E-004  1.555889535187236E+001
    288  7.887033813686439E-004  3.825168870868715E+001
    330  7.784122349667525E-004  4.000719691328421E+001
    415  7.776658082921222E-004  5.409773008136273E+001
    553  7.695358335083884E-004  1.045844149005738E+002
    248  7.668700085479054E-004  3.617742791171408E+001
    438  7.388588948683490E-004  5.568774314714533E+001
     54  7.351049226007362E-004  2.537118147105558E+001
   1070  6.664984868907880E-004  1.350535885837313E+002
    229  6.390915371018827E-004  3.477639317683153E+001
   1045  6.376488120381512E-004  1.322246800166877E+002
    142  6.356504398438383E-004  3.011700635419402E+001
    291  5.919580501306557E-004  3.834865717601958E+001
   1033  5.798577723466223E-004  1.314921549657209E+002
    543  5.788482263607477E-004  1.026098663261161E+002
    301  5.579881073633290E-004  3.874125966254066E+001
     11  5.489581457454981E-004  1.771447447329438E+001
    536  5.402606613167312E-004  7.244369170766353E+001
    255  5.184007439417428E-004  3.705801266502003E+001
    530  4.998455089703737E-004  6.265828803408258E+001
     33  4.908579857074877E-004  2.387502434282544E+001
     22  4.853531509347135E-004  2.149928230079738E+001
    566  4.831095558923079E-004  1.060197199307676E+002
    347  4.620437596964770E-004  4.251894246220620E+001
     85  4.607148477832815E-004  2.757726243328665E+001
    403  4.599697830421353E-004  5.332276567118551E+001
    110  4.473043023084802E-004  2.890337161783228E+001
     67  4.059316058200794E-004  2.663955326886673E+001
     20  4.054480272763434E-004  2.146722812704134E+001
   1075  4.046924265697101E-004  1.852007864492208E+002
   1036  4.020629036016500E-004  1.315563975924429E+002
     51  3.925344382737239E-004  2.527497960196780E+001
    249  3.913535211745320E-004  3.643158917315001E+001
    205  3.884082099258627E-004  3.418138862993963E+001
     42  3.801846071930136E-004  2.442065503900721E+001
     95  3.739630507462491E-004  2.806113631432304E+001
    160  3.722152976838233E-004  3.140287364756382E+001
    392  3.708666254081561E-004  4.975569880244111E+001
     36  3.655826717428031E-004  2.408548968715760E+001
   1071  3.455145484436087E-004  1.353191143310252E+002
   1053  3.431863377057098E-004  1.331993000158318E+002
   1064  3.418911503607101E-004  1.339182935247794E+002
    568  3.384362990086547E-004  1.063884322375297E+002
    299  3.257224816619260E-004  3.861147003050849E+001
    272  3.256071354137339E-004  3.770876893490352E+001
     39  3.192716265881436E-004  2.419216907562118E+001
    207  3.123923718846932E-004  3.419271829752626E+001
    385  3.120127842476848E-004  4.744969147605799E+001
    180  3.041560923158749E-004  3.306959511625761E+001
    115  3.022667812319793E-004  2.908676806680809E+001
   1044  2.886421752305412E-004  1.320835593454495E+002
    183  2.830666563418064E-004  3.317747871488443E+001
     71  2.804775330139768E-004  2.691074291878593E+001
    580  2.753956308181798E-004  1.069063882425304E+002
   1026  2.751867554363972E-004  1.310988308446859E+002
    241  2.722407140760936E-004  3.573178726353736E+001
    161  2.715242870887306E-004  3.141544799468193E+001
    413  2.664005973954082E-004  5.407796767412047E+001
     17  2.652083619482550E-004  2.091913438766164E+001
    165  2.643145987851873E-004  3.194792507678593E+001
    223  2.602773436544930E-004  3.452101188794168E+001
    283  2.599610705798099E-004  3.781664732037148E+001
    436  2.592234007585037E-004  5.562240782737462E+001
    303  2.553497203211799E-004  3.891633174738261E+001
     32  2.552110568890990E-004  2.386019687247388E+001
    459  2.538375546007950E-004  5.797524108925945E+001
    348  2.512588050847181E-004  4.278252907839931E+001
    995  2.496636229815118E-004  1.300556822463785E+002
    151  2.431075624779596E-004  3.097448214004631E+001
    409  2.408443689232095E-004  5.377950655266745E+001
     92  2.374035425335852E-004  2.796966533379813E+001
     55  2.364532272374511E-004  2.564739582447731E+001
    201  2.280925380026913E-004  3.413905621996786E+001
    504  2.252091632327936E-004  6.073767201700102E+001
    258  2.225003901213210E-004  3.725675246841864E+001
    564  2.165696411042340E-004  1.059223740174141E+002
    152  2.153908328475176E-004  3.107793476288124E+001
    245  2.148402772555222E-004  3.584895809931362E+001
    158  2.135504637263384E-004  3.138637587596471E+001
    282  2.123237010212012E-004  3.781601762519486E+001
     74  2.088813805242914E-004  2.706787664592100E+001
    325  2.076173111261204E-004  3.979678053884171E+001
   1058  2.074445823283829E-004  1.334381531708862E+002
    582  2.027520327354149E-004  1.069886979669129E+002
    279  2.010160010330030E-004  3.776291602598710E+001
   1032  2.005254552381082E-004  1.314270448258869E+002
    120  1.987510638304811E-004  2.935022978395871E+001
    274  1.987144730668859E-004  3.771469066363962E+001
    331  1.966275707429149E-004  4.033978069592825E+001
     86  1.947562894103833E-004  2.760340701365068E+001
    450  1.945460271155517E-004  5.723022636777802E+001
    196  1.934062402060199E-004  3.402217963204272E+001
    131  1.904067307002139E-004  2.976719894627799E+001
    329  1.900641440160402E-004  3.994917835777716E+001
    143  1.896611447198981E-004  3.021552765862468E+001
     66  1.890634124830482E-004  2.653041695388611E+001
     69  1.840279220370064E-004  2.667931486079132E+001
     46  1.836556992478069E-004  2.508968851186969E+001
    197  1.824896935470786E-004  3.407091137263039E+001
    446  1.808214147869211E-004  5.657515742254393E+001
    108  1.784516957298505E-004  2.884206820739177E+001
    221  1.768990786114589E-004  3.444064242877499E+001
     89  1.762797542007924E-004  2.787565477396676E+001
     43  1.739506600436622E-004  2.485090944939308E+001
    101  1.738789674860997E-004  2.816121926613436E+001
    452  1.702404903993021E-004  5.732416656661538E+001
    133  1.690203307001582E-004  2.980777525245198E+001
    320  1.687749735765450E-004  3.958466091098631E+001
    106  1.591477304160764E-004  2.873147041157064E+001
    134  1.556476539967012E-004  2.989081555609098E+001
   1011  1.518674459824662E-004  1.305590563134582E+002
    184  1.512683329600184E-004  3.328145954751520E+001
    138  1.499342649583747E-004  2.998810658959070E+001
    153  1.494871549459970E-004  3.119128674334460E+001
    109  1.486594092191470E-004  2.888359254004277E+001
    222  1.467023366807780E-004  3.444665555523785E+001
     96  1.455224315031841E-004  2.807603105873968E+001
    202  1.450992781959093E-004  3.414693728338715E+001
    190  1.449761119857512E-004  3.352213579831744E+001
    209  1.442798019591756E-004  3.420776675567321E+001
    192  1.410125567668183E-004  3.373139183933635E+001
    926  1.403919743532519E-004  1.269935099435139E+002
    117  1.383348081677477E-004  2.915145470361619E+001
    440  1.382378579001520E-004  5.589934491235444E+001
    384  1.364559873850498E-004  4.693482184770667E+001
    212  1.353778354326780E-004  3.425448747044050E+001
    467  1.351376848605608E-004  5.850070475174659E+001
    116  1.334041558247147E-004  2.910094471225916E+001
    262  1.329688656464685E-004  3.754826259370084E+001
     34  1.315165566179287E-004  2.394870774261297E+001
    395  1.309711702875858E-004  5.279005865968511E+001
    231  1.305955450875433E-004  3.529195130720404E+001
    357  1.284702352711134E-004  4.413715889769129E+001
    236  1.242189987663473E-004  3.558504171265294E+001
    407  1.231886643425847E-004  5.355040632372296E+001
    233  1.195061635071030E-004  3.536858076063520E+001
     63  1.166640608684253E-004  2.633691355837915E+001
    381  1.158653504538184E-004  4.623753374880091E+001
   1031  1.158178564533629E-004  1.313824495210718E+002
     40  1.153354862841974E-004  2.429142631572386E+001
     78  1.152996849912889E-004  2.724001953302053E+001
    352  1.152898672563559E-004  4.345183818831803E+001
    281  1.148956784107100E-004  3.778222215271058E+001
    458  1.146995887361063E-004  5.780961640938520E+001
    246  1.146473795422192E-004  3.612200287477440E+001
    156  1.141678099060644E-004  3.133959801814033E+001
    213  1.136148694295639E-004  3.426923698719692E+001
    613  1.127011418244527E-004  1.081325074305931E+002
    137  1.124826599421690E-004  2.996307755422044E+001
     48  1.121804449400532E-004  2.521050943974308E+001
    298  1.110136325745386E-004  3.860785506393049E+001
    401  1.103443184632100E-004  5.310952948046032E+001
    322  1.094069390798846E-004  3.962934885257222E+001
     98  1.078149582465076E-004  2.810036398063808E+001
    399  1.073054598907873E-004  5.300117686152819E+001
    239  1.066295517297579E-004  3.564788119351169E+001
    548  1.064322462289094E-004  1.041098140943872E+002
    494  1.056778581798020E-004  5.959072402434833E+001
    174  1.046121974580679E-004  3.277024257542895E+001
    237  1.033290555517711E-004  3.561350513334219E+001
      3  1.032741405431211E-004  1.530095081680193E+001
    215  1.026278748230075E-004  3.430912489816387E+001
    563  1.022062394308826E-004  1.058622417292547E+002
    576  1.012828829254879E-004  1.068188420241767E+002
    121  1.009218556324271E-004  2.937009161569695E+001
    290  1.008196456187999E-004  3.834059039797889E+001
    208  9.974060099796754E-005  3.420400517096608E+001
     14  9.738422032709611E-005  2.047451167645159E+001
    560  9.698699372242040E-005  1.057397922085461E+002
    346  9.692690643522769E-005  4.251353138364797E+001
      6  9.580631456458090E-005  1.593905863128156E+001
    449  9.470559409901836E-005  5.713782918039372E+001
    112  9.352525289260915E-005  2.893182478938967E+001
    482  9.128425134716821E-005  5.890508639424976E+001
    336  8.995511447466498E-005  4.106442919982931E+001
    338  8.858539189811477E-005  4.143596746217444E+001
     62  8.651829617749198E-005  2.630569023157911E+001
   1050  8.461670266841358E-005  1.326682006609648E+002
    168  8.282110818517410E-005  3.223239881301075E+001
    218  8.106252503875572E-005  3.434087154455664E+001
    400  8.101303171917205E-005  5.304406357850599E+001
    694  8.084296914149336E-005  1.110208923005156E+002
    635  8.019301033624824E-005  1.087402789130293E+002
   1020  8.017771757855052E-005  1.308300137670077E+002
    493  7.954333995668914E-005  5.956939432616837E+001
    374  7.908137471523625E-005  4.576894168844035E+001
    148  7.848155128013555E-005  3.055713011308698E+001
    150  7.843229344946122E-005  3.095380367517388E+001
     30  7.757042687841864E-005  2.339033246897357E+001
    163  7.512898507865868E-005  3.148605603035891E+001
   1052  7.403135095720784E-005  1.330891459743712E+002
    477  7.377387291434041E-005  5.875439662154096E+001
   1027  7.329732090969037E-005  1.311414239553258E+002
    389  7.284074784605730E-005  4.924612888004685E+001
   1034  7.282408922444622E-005  1.314975717016592E+002
    270  7.271321321097011E-005  3.767493462479421E+001
    344  6.979223528342717E-005  4.229281490750487E+001
    324  6.958636676261939E-005  3.965813849875591E+001
    382  6.951692758304523E-005  4.661435463500721E+001
     26  6.866904203123239E-005  2.275577786050195E+001
    219  6.834058023467396E-005  3.435584966495736E+001
   1066  6.812388591128494E-005  1.341339055776214E+002
    188  6.772363115950239E-005  3.343297855491465E+001
    984  6.697778722081813E-005  1.293776492189174E+002
     70  6.673035588172239E-005  2.683332853591699E+001
    462  6.536919726612427E-005  5.834568949164402E+001
    104  6.536078504509135E-005  2.863475114667724E+001
    464  6.475116201818647E-005  5.841767339850505E+001
    103  6.448256360299196E-005  2.854698030319213E+001
    102  6.433639744030223E-005  2.838723287464182E+001
    414  6.419842918478873E-005  5.408443269732371E+001
    609  6.404493476861081E-005  1.080529774194348E+002
    604  6.403783574269046E-005  1.078901483894559E+002
     97  6.315400074228111E-005  2.809615145046481E+001
    312  6.263014580455101E-005  3.940338989709551E+001
    444  6.230411411947257E-005  5.640873014994138E+001
    659  6.225745194389195E-005  1.093169473413985E+002
    545  6.191000931475466E-005  1.038885725205099E+002
    304  6.160207097477274E-005  3.902642388250331E+001
     50  6.052840867576643E-005  2.524792740229145E+001
    755  6.048647275954378E-005  1.130537195644052E+002
    105  5.986223057543770E-005  2.872870804936272E+001
    232  5.971947603668400E-005  3.530982942235851E+001
   1042  5.897364358212415E-005  1.319938555239870E+002
    950  5.896824046879403E-005  1.281356928004739E+002
    892  5.889582858749333E-005  1.223146913863671E+002
    261  5.875709006148756E-005  3.751537038816641E+001
    204  5.867715695224410E-005  3.416741852472765E+001
    468  5.836674532706632E-005  5.850419738659161E+001
    453  5.831272145082906E-005  5.734859743017803E+001
    916  5.814547748259837E-005  1.261858055404796E+002
    341  5.784798932692675E-005  4.207899368185591E+001
    451  5.780322818283389E-005  5.726939793781466E+001
    593  5.728480919247981E-005  1.074633420950339E+002
    157  5.710857300976796E-005  3.136040875348826E+001
    309  5.705883796397738E-005  3.929268620446922E+001
    355  5.704781601851471E-005  4.365668409738398E+001
    557  5.677079923626006E-005  1.053298087456868E+002
     61  5.653784588579014E-005  2.623624111749398E+001
    531  5.645828884843601E-005  6.280622541285696E+001
    176  5.640538916554242E-005  3.283702642513862E+001
    317  5.638245060087084E-005  3.952108816795088E+001
    383  5.635571890837540E-005  4.665506804468283E+001
    191  5.607094028967166E-005  3.372798248811258E+001
     79  5.572548912050620E-005  2.728143790603452E+001
     28  5.530117262664371E-005  2.303576073275412E+001
    486  5.523319792677512E-005  5.898078655703418E+001
    394  5.517258449633106E-005  5.275338077531283E+001
    273  5.474331113503259E-005  3.771236202405859E+001
    997  5.405901151053166E-005  1.300952728722026E+002
     84  5.361455302748967E-005  2.748397341497807E+001
    332  5.308156383899759E-005  4.036182328117159E+001
    334  5.292659523949282E-005  4.055961280242965E+001
    189  5.237277111759855E-005  3.348575581421191E+001
   1000  5.148361887793241E-005  1.301375093272533E+002
    573  5.071548198094850E-005  1.066520968004064E+002
    658  5.063652453401297E-005  1.092752908733605E+002
    118  5.057790689464083E-005  2.927665934202001E+001
    717  5.016651693564078E-005  1.119901298340990E+002
   1022  5.000671577833747E-005  1.309570316227355E+002
    515  4.939751263843413E-005  6.113166482037749E+001
    365  4.937015339487008E-005  4.540196146988517E+001
    909  4.930332305510349E-005  1.256671150468244E+002
    308  4.886803364421185E-005  3.924824416979163E+001
    756  4.839692756229145E-005  1.131019348749128E+002
     57  4.777056262961666E-005  2.601044601303876E+001
    173  4.745763996777661E-005  3.267731285541730E+001
    100  4.664676797643356E-005  2.814590236831992E+001
    898  4.650880282174331E-005  1.236287338505038E+002
   1024  4.638795974283290E-005  1.310472886139475E+002
    275  4.576800978033996E-005  3.771871208633355E+001
    356  4.530820755664279E-005  4.399929676237998E+001
    314  4.523144400344888E-005  3.944402428691944E+001
    870  4.519403123528417E-005  1.203621491035894E+002
    749  4.514005960049361E-005  1.128862829609149E+002
    132  4.499816086399945E-005  2.978147182311027E+001
    307  4.397018550403247E-005  3.924418415703018E+001
    177  4.360330924830215E-005  3.286305119332699E+001
    358  4.341019126212451E-005  4.418411045040358E+001
    454  4.305013735350352E-005  5.753531790534946E+001
    327  4.254522424652590E-005  3.980649710729982E+001
    242  4.134853180082984E-005  3.575330164903793E+001
     68  4.097938450639688E-005  2.665958995788216E+001
    911  4.017861293161888E-005  1.258968376271585E+002
    588  4.003868232063235E-005  1.072780161282308E+002
     73  3.989837667806088E-005  2.704395448663374E+001
     52  3.951031271880114E-005  2.532370304309600E+001
    785  3.925965089441290E-005  1.156515149006221E+002
    144  3.922067554730499E-005  3.023024488043693E+001
    182  3.886355190518260E-005  3.313118961536368E+001
    226  3.833488186864938E-005  3.460914941435140E+001
    880  3.825554891446024E-005  1.209811659012211E+002
    654  3.825296847249165E-005  1.091774321289355E+002
    777  3.793068176054338E-005  1.150636811545726E+002
    903  3.790332789653820E-005  1.249295857950171E+002
    919  3.778344559202666E-005  1.264669767465423E+002
    535  3.768281027382568E-005  7.234684016852472E+001
    542  3.718370595383627E-005  1.021380905135569E+002
    502  3.681459157051961E-005  6.033057478557798E+001
    524  3.656447656691101E-005  6.196836567938324E+001
    663  3.515218669029014E-005  1.095408569103236E+002
    772  3.512175971351167E-005  1.144444014986270E+002
    141  3.499630143946527E-005  3.005205957969120E+001
    621  3.495184157699289E-005  1.083828600305560E+002
    521  3.457651329922477E-005  6.120499406654021E+001
    305  3.455143887108474E-005  3.919092577852600E+001
    147  3.367687944843268E-005  3.045498909450352E+001
    214  3.356506943109703E-005  3.429158842681225E+001
    873  3.349534327964306E-005  1.205400953636918E+002
    448  3.342970128921537E-005  5.707216855561523E+001
    475  3.315855386591987E-005  5.870955367754343E+001
   1061  3.295746080313600E-005  1.338239896777959E+002
    203  3.287281660607618E-005  3.415596231316062E+001
    807  3.265935867380162E-005  1.166040027024774E+002
     75  3.244646926220095E-005  2.717284531466260E+001
    455  3.189927893419452E-005  5.757818593173593E+001
    234  3.168899244009290E-005  3.541632958107625E+001
    377  3.167028761871551E-005  4.580996274485975E+001
    474  3.161394859299783E-005  5.866520048333617E+001
    361  3.143936199256239E-005  4.509188248244521E+001
    795  3.141906350259141E-005  1.159446042090269E+002
    442  3.127016778240452E-005  5.605259237502305E+001
    187  3.117893778819763E-005  3.338593491458187E+001
    257  3.114004215020134E-005  3.716053985696894E+001
    930  3.110902371253081E-005  1.272550109882912E+002
    507  3.085273887850898E-005  6.098134465730102E+001
    585  3.031148067411024E-005  1.071721890576240E+002
    897  3.007543806252146E-005  1.233154024205701E+002
    402  3.004025499690888E-005  5.323403324336612E+001
    280  2.972460423941592E-005  3.777070006257392E+001
    295  2.958992720253304E-005  3.844649820311862E+001
      2  2.951744647995207E-005  1.507477314615795E+001
    210  2.921679522701443E-005  3.421873300884823E+001
    164  2.901550660978036E-005  3.156123118588701E+001
    498  2.896207443463717E-005  6.006055704270973E+001
    708  2.888100674801399E-005  1.116659378913442E+002
    193  2.884126927677095E-005  3.387383688791338E+001
     90  2.857518848058972E-005  2.792299487571685E+001
    278  2.850797069483304E-005  3.775225448216675E+001
    562  2.821224906484975E-005  1.058125905236654E+002
    567  2.820456828179932E-005  1.061175767374582E+002
     49  2.818951435855258E-005  2.521926711432687E+001
    434  2.762879190928897E-005  5.556859477681133E+001
    372  2.758176105974281E-005  4.569660817760900E+001
    396  2.749525064990392E-005  5.292259014309509E+001
    123  2.734589924185114E-005  2.945706723223188E+001
    565  2.730144855995370E-005  1.059848591127986E+002
    485  2.725624441438401E-005  5.896971858223063E+001
    167  2.697747832567792E-005  3.206734480721192E+001
    139  2.695092361053550E-005  3.001327528760398E+001
    571  2.694760690449283E-005  1.065760725477823E+002
    528  2.684030851562086E-005  6.211763689923020E+001
    349  2.657551533074746E-005  4.279212686889406E+001
     44  2.657103156937676E-005  2.487547588775838E+001
    757  2.655386759837741E-005  1.131455979007981E+002
    584  2.626910237373838E-005  1.071415131646536E+002
    250  2.618892602273511E-005  3.645071914574685E+001
     29  2.588144588397148E-005  2.304600720746813E+001
    276  2.581927144407310E-005  3.774173651101562E+001
    113  2.557967028627451E-005  2.894608485543543E+001
    605  2.556419783125860E-005  1.079476682950407E+002
    107  2.556357125593084E-005  2.880093649968087E+001
    171  2.536958982165609E-005  3.251692712246987E+001
    742  2.513281618011105E-005  1.126546326383816E+002
    491  2.469355812304167E-005  5.916484178919298E+001
    339  2.458190026236455E-005  4.199721405536648E+001
    615  2.454538958572523E-005  1.081646255451844E+002
    430  2.447261126053050E-005  5.544226538226409E+001
    323  2.443957593046102E-005  3.963162035223775E+001
    962  2.421836181311486E-005  1.284190833846668E+002
    456  2.395852179316358E-005  5.758475825352298E+001
    247  2.384002936055669E-005  3.613855018049320E+001
    981  2.379421489127311E-005  1.292686845988868E+002
    940  2.357589977689244E-005  1.277053477702196E+002
     72  2.292520494859946E-005  2.695844835194747E+001
    398  2.283130028872489E-005  5.298968704937109E+001
     37  2.279002938444813E-005  2.413005277682491E+001
    510  2.206570206927958E-005  6.106496915014706E+001
    577  2.180530626987487E-005  1.068269012623950E+002
    128  2.170383286461156E-005  2.964876822252022E+001
    517  2.166001638797964E-005  6.116283191518230E+001
    260  2.135704134983536E-005  3.745846822965304E+001
    666  2.120870301553066E-005  1.096961217429448E+002
     88  2.098110823068772E-005  2.776495450944637E+001
    217  2.078751863167498E-005  3.432077633458158E+001
     91  2.077335720707872E-005  2.795709450840539E+001
    292  2.054770302161700E-005  3.837765227419467E+001
    917  2.046179899015489E-005  1.262583151256411E+002
     99  2.027983946057824E-005  2.813215700322161E+001
    992  2.004663725831402E-005  1.299169051159237E+002
    127  1.986223266354824E-005  2.958197907168710E+001
     13  1.958466681283432E-005  2.038781372204352E+001
    526  1.948865092514936E-005  6.205614154690332E+001
    617  1.948347337038286E-005  1.082069188907082E+002
    318  1.935406949188340E-005  3.952690512520030E+001
    379  1.920314358892580E-005  4.610002508350383E+001
    481  1.906755027782824E-005  5.889564718758225E+001
    934  1.905560064337197E-005  1.274026915475210E+002
    404  1.892715709679029E-005  5.332919471058649E+001
    607  1.854720587410689E-005  1.079782277499060E+002
    905  1.848471451995688E-005  1.252963463377060E+002
    672  1.842795788440940E-005  1.100523893058521E+002
    589  1.839941833856158E-005  1.073243551551986E+002
   1018  1.834859919588313E-005  1.307425624046459E+002
    894  1.814190453769513E-005  1.226855190700912E+002
    380  1.805483572167470E-005  4.621788456267294E+001
     80  1.785076747725698E-005  2.737665388114407E+001
    555  1.783539679029221E-005  1.049505825405343E+002
    594  1.771404012099448E-005  1.075267994995216E+002
   1063  1.714906256613935E-005  1.338610239777397E+002
    674  1.701900600443422E-005  1.101627157855635E+002
    578  1.613654807278201E-005  1.068696587706935E+002
    529  1.612778251131889E-005  6.213305424318654E+001
    518  1.607471029251531E-005  6.116565427175681E+001
    162  1.601138518373802E-005  3.142013005221356E+001
     25  1.595610194665531E-005  2.268285797328677E+001
    611  1.557981740319106E-005  1.080609110523806E+002
    216  1.555948143548462E-005  3.431915233475488E+001
    558  1.530779814796578E-005  1.054235904423783E+002
    616  1.529675102811335E-005  1.081902144651443E+002
    899  1.505545397440010E-005  1.237750393258326E+002
    583  1.499859323847820E-005  1.070323413352247E+002
   1006  1.499554850148986E-005  1.303473844140781E+002
    887  1.491719043031105E-005  1.215278324822884E+002
    537  1.486157860046732E-005  7.348438751630307E+001
   1014  1.482986611771905E-005  1.306579532637773E+002
    575  1.482029901930818E-005  1.067636975144964E+002
     15  1.474374699030147E-005  2.077312965636918E+001
    470  1.471234653440456E-005  5.858950887133865E+001
    596  1.453365808853851E-005  1.076305596761092E+002
     19  1.441943074202587E-005  2.137958735177528E+001
    875  1.437018648599822E-005  1.206504418490652E+002
    556  1.420850335563921E-005  1.053074591696642E+002
     83  1.413482748679862E-005  2.745200449399356E+001
    186  1.405551720940023E-005  3.335079910483972E+001
   1005  1.404735687970002E-005  1.302961950162389E+002
    495  1.396548398666028E-005  5.971063876484735E+001
    700  1.394794929929461E-005  1.112187707043413E+002
    243  1.393617301903422E-005  3.580427376176280E+001
    624  1.348841833644233E-005  1.084534043855216E+002
    149  1.348378786051890E-005  3.064428879965062E+001
    595  1.346756824006583E-005  1.075727311228692E+002
    866  1.329472754858784E-005  1.198737679274225E+002
    420  1.297659223881087E-005  5.464265012038360E+001
    179  1.296143984690315E-005  3.301071504933698E+001
    416  1.270936998548900E-005  5.412105627361211E+001
    465  1.269447859829312E-005  5.845233409136720E+001
    170  1.261121736196713E-005  3.240864442722207E+001
    269  1.257116351220254E-005  3.766609016559832E+001
    932  1.253397970733963E-005  1.272890793904072E+002
    886  1.251878713033790E-005  1.214498350996194E+002
    924  1.251052624335951E-005  1.267645350898773E+002
    848  1.238971356072701E-005  1.185512117490796E+002
    484  1.234075952962516E-005  5.894622531819898E+001
    441  1.226398167890056E-005  5.602297434426368E+001
    370  1.216620380056580E-005  4.562254251008403E+001
    427  1.205257905696064E-005  5.530625255614972E+001
    505  1.204118377587053E-005  6.089365906344585E+001
    884  1.166715862418907E-005  1.212913619330936E+002
    713  1.160721641590599E-005  1.118750446375970E+002
    656  1.159721250932181E-005  1.092383325553483E+002
    890  1.155755824695315E-005  1.222269695705770E+002
    181  1.148953701316515E-005  3.309588236011395E+001
    194  1.148034701953221E-005  3.388123191050668E+001
    650  1.118512379793003E-005  1.090061273622073E+002
    716  1.116658389411171E-005  1.119313653155845E+002
    793  1.113384636310417E-005  1.158943894419280E+002
    669  1.107830537928758E-005  1.098991161820264E+002
    360  1.102223750745868E-005  4.501412031898634E+001
    277  1.095751850286991E-005  3.774405278528796E+001
    125  1.094589237127618E-005  2.955205187993630E+001
   1046  1.091178729645525E-005  1.322741703884410E+002
    991  1.072996647054953E-005  1.298309517843196E+002
    471  1.049105397101044E-005  5.859921299406331E+001
    315  1.046832840563629E-005  3.946262277995078E+001
    944  1.042497551284746E-005  1.278264506290159E+002
    119  1.032405600824256E-005  2.929038281335912E+001
    983  1.032259425339809E-005  1.293699640118089E+002
    641  1.022772264319695E-005  1.088136450829588E+002
    643  1.019662377084668E-005  1.088529165631816E+002
    483  1.013929567803429E-005  5.892865432514233E+001
    684  1.007982689664598E-005  1.108055531440044E+002
    771  1.000377650753379E-005  1.142541813627527E+002
    803  9.934866989154658E-006  1.163959410830473E+002
    622  9.917740207435497E-006  1.084041586407917E+002
    366  9.866647502009882E-006  4.541480133184800E+001
    417  9.861868187889748E-006  5.432386496665636E+001
    695  9.857472028863995E-006  1.110404578737834E+002
    682  9.835131409642826E-006  1.107795174367904E+002
    227  9.756925362909320E-006  3.461221107986133E+001
    667  9.724253492273068E-006  1.098231148083649E+002
    670  9.683192393031272E-006  1.099218253642219E+002
    287  9.644142989538026E-006  3.806334999222836E+001
    511  9.548477789593496E-006  6.108291035790679E+001
    313  9.517511164887123E-006  3.941220320488696E+001
    816  9.437316074538883E-006  1.170854692244173E+002
      1  9.292226253133943E-006  1.480943860687432E+001
    748  9.211438867749894E-006  1.128453459062848E+002
   1074  9.197940478288602E-006  1.357832717908243E+002
    810  9.186624926780325E-006  1.168542717379606E+002
    586  9.172293500510445E-006  1.072414988471015E+002
    975  9.047651230754507E-006  1.290479361570385E+002
    523  9.022022418413230E-006  6.195141091349550E+001
    646  9.007903098995541E-006  1.089039652974663E+002
    928  8.931386555903748E-006  1.271758190169006E+002
    706  8.899126039244893E-006  1.115644797142602E+002
    500  8.873581560221344E-006  6.016266526055261E+001
    896  8.863653371377948E-006  1.231967026860033E+002
    140  8.829864855502807E-006  3.002380690834687E+001
    569  8.802002976998576E-006  1.064024371239422E+002
    754  8.723390605810174E-006  1.130532912402911E+002
    220  8.624793252355593E-006  3.440936379612124E+001
    970  8.606296128230817E-006  1.288440499253601E+002
    681  8.581479052760798E-006  1.107150530846271E+002
    851  8.575501768809645E-006  1.189105890777936E+002
     94  8.551515324767521E-006  2.803048707399637E+001
    135  8.148066991920223E-006  2.990996926970350E+001
    633  8.141965400224538E-006  1.086770367044967E+002
    945  8.096254164471603E-006  1.278945431870569E+002
    762  7.958575594863921E-006  1.134504722361933E+002
    435  7.874818532222329E-006  5.559833163642786E+001
    354  7.867314802729168E-006  4.358717802496741E+001
    473  7.850398071059022E-006  5.864875851961727E+001
    479  7.778753673050854E-006  5.886156225440574E+001
    973  7.746705832412236E-006  1.290303348922233E+002
    457  7.532505489864147E-006  5.770039153165104E+001
    460  7.525671464755994E-006  5.821511818989060E+001
    522  7.502180366136242E-006  6.189501394570030E+001
    461  7.482638328929258E-006  5.832169084274378E+001
    678  7.378087853469027E-006  1.105298402911861E+002
    910  7.358552778325710E-006  1.258349422363612E+002
    610  7.350307535937362E-006  1.080548791140610E+002
    463  7.302517632486698E-006  5.840368106338346E+001
     77  7.300821519242728E-006  2.720977418778346E+001
   1072  7.270238151978654E-006  1.354275255218108E+002
    780  7.179268580778984E-006  1.153482258688003E+002
    860  7.177103054337475E-006  1.193608179742887E+002
    503  6.984227538556567E-006  6.062899617907863E+001
    639  6.929978892989420E-006  1.087924757147032E+002
    800  6.916779441944706E-006  1.161811067685375E+002
    289  6.898012611094545E-006  3.832422991649202E+001
    702  6.844351627162688E-006  1.112791472783473E+002
    368  6.799826110770956E-006  4.552075151204606E+001
    630  6.790858764661533E-006  1.086464564510315E+002
    259  6.784524633657586E-006  3.731129763636223E+001
     59  6.763594676759781E-006  2.608228483109795E+001
    626  6.649182533498494E-006  1.085197354965440E+002
    328  6.629390178013159E-006  3.982877398686839E+001
    342  6.589275445960802E-006  4.219280462450153E+001
    895  6.570548141849364E-006  1.231922658586809E+002
    532  6.558847997678426E-006  6.299204701993657E+001
    512  6.550674336373519E-006  6.110465593383906E+001
   1068  6.192535877300017E-006  1.342139437973118E+002
    534  6.182073175259617E-006  6.352992396574133E+001
    608  6.097888085768810E-006  1.080310773431174E+002
    424  6.097001859247016E-006  5.504400290817051E+001
     76  6.080365489918851E-006  2.719040433196805E+001
    469  6.050940685968092E-006  5.857260373695996E+001
   1077  5.926247085595207E-006  6.189178021453241E+002
    822  5.895744410158742E-006  1.173379890193997E+002
    238  5.894195948985696E-006  3.562010162214489E+001
    745  5.881316388835831E-006  1.127541380335163E+002
    820  5.797459240695575E-006  1.173160626674297E+002
    254  5.796942206187774E-006  3.696870162494890E+001
    195  5.757103444348909E-006  3.399004655216064E+001
    844  5.716579464740309E-006  1.182236522024691E+002
    727  5.682254077642196E-006  1.123838421661365E+002
     60  5.678803108369962E-006  2.612817271153773E+001
    601  5.656187145693670E-006  1.078222216339937E+002
    986  5.511958961609138E-006  1.294778988001748E+002
    655  5.503100473389842E-006  1.092114390318620E+002
    333  5.475406049348846E-006  4.050570323460023E+001
    410  5.472705392961551E-006  5.380004782230375E+001
    591  5.417614609455201E-006  1.073970459895217E+002
    774  5.371343652675926E-006  1.147299018357027E+002
    634  5.313830409102817E-006  1.087110579745548E+002
    787  5.302916193581657E-006  1.157066821730262E+002
   1056  5.282236031344647E-006  1.332822863268028E+002
    741  5.277811218736810E-006  1.126383251241469E+002
    579  5.156409726955840E-006  1.068810185812333E+002
    963  5.072304393008701E-006  1.284456810480366E+002
    712  4.983634951217388E-006  1.118479116964762E+002
    244  4.979458369151754E-006  3.582009297825139E+001
    680  4.978377969532763E-006  1.106808485277705E+002
    665  4.963679052218744E-006  1.096195054263975E+002
    155  4.961627620416594E-006  3.129077640287002E+001
    508  4.951658899391336E-006  6.101348113010317E+001
    744  4.946254754281763E-006  1.127340165661099E+002
    649  4.937561057803279E-006  1.089557122086210E+002
    225  4.910608464288147E-006  3.458265676939745E+001
    211  4.880288455665524E-006  3.422885497659050E+001
    447  4.856435824937351E-006  5.692641404400948E+001
    466  4.852998486862029E-006  5.848631456847294E+001
    488  4.778527458993356E-006  5.904214899548738E+001
    311  4.676245301279980E-006  3.939193935233331E+001
    675  4.627020384554180E-006  1.101932688761904E+002
    782  4.614415654519932E-006  1.155663554633046E+002
    927  4.608476444831487E-006  1.271118445081471E+002
    362  4.540091497925762E-006  4.520209191521082E+001
    476  4.482766851747483E-006  5.874284760292872E+001
    687  4.431763200861350E-006  1.108477970364615E+002
    825  4.429115826117972E-006  1.174155068731360E+002
    709  4.395913241312579E-006  1.116986555393093E+002
    375  4.364596027741705E-006  4.577921754207221E+001
    632  4.356647674085839E-006  1.086732063917954E+002
    316  4.349734340663474E-006  3.947722492082590E+001
    335  4.349465794055673E-006  4.064698242871874E+001
    790  4.287465338934334E-006  1.158127479939932E+002
    350  4.091121876113087E-006  4.287084402122760E+001
    631  4.069736050299705E-006  1.086593678715634E+002
   1028  4.046744187955761E-006  1.312419762585663E+002
    602  4.044811975826324E-006  1.078335831208874E+002
   1004  3.965039330994496E-006  1.302828791464404E+002
    657  3.932487527889466E-006  1.092680437977900E+002
    922  3.931229622232819E-006  1.267277337836395E+002
    838  3.889682540003446E-006  1.178077045912047E+002
    679  3.861171564014703E-006  1.106299731616480E+002
   1065  3.859695066397318E-006  1.340986810838602E+002
    763  3.846811033456907E-006  1.136578287383470E+002
    597  3.841669673622770E-006  1.076362394255561E+002
    804  3.838085677582547E-006  1.164307012054320E+002
    625  3.830823573526207E-006  1.084878781680722E+002
    923  3.810417857639855E-006  1.267345977181097E+002
    642  3.807738409461597E-006  1.088349318990273E+002
     53  3.804561555075766E-006  2.532427500710937E+001
    676  3.762059511039515E-006  1.102968009656115E+002
    724  3.758507237838405E-006  1.122474317356576E+002
    351  3.726389999671129E-006  4.290814690346715E+001
    126  3.725773101050432E-006  2.957864372821811E+001
    845  3.703268600286631E-006  1.182722434309271E+002
    111  3.684831835135307E-006  2.891758955889047E+001
    627  3.679206736157304E-006  1.085359599099982E+002
    689  3.678236456729142E-006  1.108992280227757E+002
    506  3.620326877956189E-006  6.092479484159845E+001
    994  3.618472415486602E-006  1.299886393654431E+002
    815  3.607361027461026E-006  1.170844697210597E+002
    492  3.600536158352409E-006  5.919740097208313E+001
    796  3.577088735856934E-006  1.160406419035091E+002
   1035  3.512799565047399E-006  1.315022364948826E+002
    353  3.484094382370391E-006  4.354452657935016E+001
    732  3.461360611062108E-006  1.124809932511083E+002
    929  3.452690213606563E-006  1.272324166790593E+002
   1043  3.445248983282610E-006  1.320181582363304E+002
    721  3.442358588119130E-006  1.121902054803930E+002
    618  3.333209129886506E-006  1.083041655146542E+002
    879  3.321450478665938E-006  1.208628531744268E+002
    619  3.248071435789304E-006  1.083262496248409E+002
    707  3.236469476216004E-006  1.116484954290111E+002
    955  3.231960090448640E-006  1.283043098504922E+002
    836  3.230166254182713E-006  1.177792466123822E+002
    862  3.191657661755005E-006  1.194326389788892E+002
    541  3.185436502552764E-006  1.020561485810812E+002
    853  3.149399318524261E-006  1.189950762444425E+002
    677  3.125780607724955E-006  1.104103779431708E+002
   1051  3.115290732766959E-006  1.330173846663143E+002
    432  3.098857697439200E-006  5.551253331854516E+001
    673  3.086476143968447E-006  1.101090602242966E+002
    345  3.027738320837580E-006  4.248475366295001E+001
    284  3.001044567687912E-006  3.794002386601017E+001
    590  2.998392874452595E-006  1.073381491314167E+002
    781  2.995825894360545E-006  1.155015502370288E+002
   1021  2.979184271232325E-006  1.308784400027895E+002
    130  2.973167939520431E-006  2.969026097336859E+001
   1076  2.951799707864809E-006  1.858411948136732E+002
    685  2.909016588425297E-006  1.108208915724099E+002
    789  2.880801274409327E-006  1.157939903252585E+002
    696  2.847983996526218E-006  1.111110130672436E+002
    648  2.822607376511390E-006  1.089328290594756E+002
    660  2.814824840074746E-006  1.093929129115852E+002
    770  2.770438966787190E-006  1.141655133118217E+002
    412  2.768227083603808E-006  5.399327798218789E+001
    230  2.767714240941493E-006  3.507000892128892E+001
    915  2.764311272561566E-006  1.261627872997085E+002
    855  2.735292767318672E-006  1.192335282432478E+002
    525  2.707941276294468E-006  6.201689187624501E+001
    636  2.673192218485247E-006  1.087412284437008E+002
    514  2.644456372168276E-006  6.112143562944963E+001
    699  2.638507020834992E-006  1.111753891148923E+002
    267  2.631618693157657E-006  3.763942844703926E+001
    960  2.627252639543651E-006  1.283710541965592E+002
    902  2.626721144347840E-006  1.246861225619736E+002
   1013  2.597551986008115E-006  1.306191025791559E+002
    623  2.591241230396238E-006  1.084311616311891E+002
    373  2.588712270442731E-006  4.573517441489172E+001
    846  2.576174403692660E-006  1.183733977129572E+002
    794  2.570033716222634E-006  1.159299755047292E+002
    968  2.567208942521125E-006  1.287893908307005E+002
    266  2.528534222836110E-006  3.763404507858488E+001
   1040  2.522211651298940E-006  1.318325334098182E+002
    224  2.513148793839328E-006  3.456258153743839E+001
   1055  2.513107597441250E-006  1.332315483337306E+002
    863  2.498813800344859E-006  1.194780899982511E+002
    849  2.446243971748499E-006  1.186556798515274E+002
    122  2.421217521825970E-006  2.942821875092930E+001
    852  2.407013014055410E-006  1.189308904937423E+002
   1017  2.396194044344904E-006  1.307020085696559E+002
    185  2.381223278281444E-006  3.329017879350934E+001
    883  2.369512048788112E-006  1.212822283474710E+002
    169  2.333311800055275E-006  3.225245008090104E+001
    751  2.323944493355402E-006  1.129352725370382E+002
    559  2.315242825028558E-006  1.054467335457494E+002
    697  2.310788005920318E-006  1.111168086390436E+002
    949  2.305373301772040E-006  1.280833568476082E+002
    982  2.281564880929951E-006  1.293230544301462E+002
    359  2.248622676835340E-006  4.440820660542785E+001
   1001  2.246697333624377E-006  1.301907504163165E+002
    791  2.232968104180277E-006  1.158399885308925E+002
    809  2.221694847548350E-006  1.168273457040169E+002
    786  2.188254378775296E-006  1.156679892855772E+002
    893  2.178404562809944E-006  1.225899968537864E+002
    640  2.164221878754710E-006  1.088027953187827E+002
    714  2.131510750484624E-006  1.118865310298163E+002
    271  2.112382770853283E-006  3.769377629908810E+001
    651  2.102132686936031E-006  1.090123807306586E+002
    253  2.094748350583213E-006  3.690338042035397E+001
    943  2.083629848381435E-006  1.278255860865938E+002
   1049  2.080968373313474E-006  1.325964910892840E+002
    824  2.068819622478408E-006  1.173851057796732E+002
    228  2.064886429776306E-006  3.465329128304563E+001
    371  2.056335052297478E-006  4.567834615857563E+001
    540  2.049415639973180E-006  1.019596674086986E+002
    644  2.040398080875076E-006  1.088699046594824E+002
     21  2.028711654204186E-006  2.149552581175353E+001
    799  1.986900232895245E-006  1.161655148393659E+002
    990  1.985693074505397E-006  1.297249883032466E+002
    768  1.979279702735317E-006  1.140511281344195E+002
    715  1.931335717330472E-006  1.119122168057061E+002
    764  1.899998909024609E-006  1.137269990775531E+002
    767  1.895562454929760E-006  1.139787538815297E+002
    758  1.866049661500202E-006  1.131945788764974E+002
    746  1.857575393170440E-006  1.128150956859242E+002
    730  1.822182173596828E-006  1.124678820560711E+002
    561  1.817266192210476E-006  1.057823475786052E+002
    691  1.801923777810954E-006  1.109942746792360E+002
    519  1.779152786947921E-006  6.116666091909611E+001
    722  1.749973874253604E-006  1.121989232781130E+002
    761  1.743085478678963E-006  1.134019555363662E+002
    343  1.732220469180432E-006  4.223776350771931E+001
    985  1.731993166860920E-006  1.294454523269476E+002
    686  1.725107178713785E-006  1.108321598991433E+002
    812  1.716920381203179E-006  1.169499526914024E+002
    496  1.706535737464568E-006  5.977778544840232E+001
    698  1.705232527610713E-006  1.111543499618823E+002
    931  1.648271935294512E-006  1.272754104030811E+002
    705  1.599367527857136E-006  1.114879185885843E+002
    921  1.597357820663709E-006  1.266347372507485E+002
    731  1.593595481076379E-006  1.124795031346507E+002
    703  1.580984785644760E-006  1.113359924967504E+002
    668  1.570280708287571E-006  1.098358517134249E+002
    964  1.568620944866668E-006  1.284811881676410E+002
    437  1.532777302391414E-006  5.567668099873953E+001
    954  1.531355108762472E-006  1.282848493157465E+002
    302  1.506292017200725E-006  3.874867387838012E+001
     41  1.482523299481559E-006  2.434332602389209E+001
    792  1.472276617852644E-006  1.158579110744502E+002
    264  1.456342086233289E-006  3.760740200223662E+001
    472  1.456259739462494E-006  5.860732378330380E+001
   1010  1.445435208579234E-006  1.305150376372933E+002
    901  1.441626446972549E-006  1.246352700151236E+002
    908  1.431088955623883E-006  1.256350992978881E+002
    859  1.416822443759568E-006  1.193117826572047E+002
    739  1.373737037822493E-006  1.126267264275300E+002
    645  1.367676211093416E-006  1.088758352374567E+002
    957  1.364135680289691E-006  1.283224605383935E+002
    509  1.344801182314325E-006  6.104665142125116E+001
    725  1.327723837629414E-006  1.122622575126908E+002
    808  1.320386697046411E-006  1.166438640424820E+002
    664  1.304794202899181E-006  1.095868237421283E+002
    533  1.292651204899348E-006  6.344214913117692E+001
    978  1.282416813400257E-006  1.291764873003617E+002
    939  1.267467023731282E-006  1.276788938661296E+002
    428  1.256086558493255E-006  5.539697768550786E+001
    953  1.233003881180508E-006  1.282835790234384E+002
    603  1.225375797593482E-006  1.078480909052838E+002
    828  1.221693541547964E-006  1.175132070682912E+002
    235  1.212394232418964E-006  3.553329683850696E+001
    527  1.202906202042330E-006  6.211137902133680E+001
    429  1.201342192879224E-006  5.542704693693687E+001
    711  1.201213212272541E-006  1.117833092223069E+002
    159  1.188640531422116E-006  3.140014259635325E+001
    614  1.181830998877974E-006  1.081499604581023E+002
    240  1.169327565733785E-006  3.568815433410965E+001
    628  1.165523302116881E-006  1.085999071252231E+002
    733  1.159376812116884E-006  1.125211996768446E+002
    637  1.151797584210441E-006  1.087708716348475E+002
    688  1.151129511573089E-006  1.108652117541332E+002
    933  1.143905818398270E-006  1.272967505112425E+002
    729  1.138677076363230E-006  1.124070412533170E+002
    376  1.132554722302683E-006  4.578482274843697E+001
    951  1.124428721545522E-006  1.282127111215003E+002
    961  1.124244348785266E-006  1.283826108536399E+002
    766  1.101895366445204E-006  1.138313497862233E+002
    175  1.100324530056646E-006  3.282740528695558E+001
   1012  1.100164389769882E-006  1.305860585800326E+002
    920  1.093530362153783E-006  1.265729199247587E+002
   1067  1.088693290090375E-006  1.341872351276505E+002
    765  1.075675720659457E-006  1.138034732037320E+002
    918  1.074077718096285E-006  1.263810693695273E+002
    367  1.070543417265049E-006  4.546665367422378E+001
   1054  1.037596604910990E-006  1.332101619260334E+002
    599  1.017471593243852E-006  1.077354408464688E+002
    369  1.005668524770416E-006  4.556664797594529E+001
    598  1.000289480318158E-006  1.077082259858063E+002
    805  9.663301269877929E-007  1.165442309434909E+002
    925  9.535286512814668E-007  1.268943605090481E+002
    433  9.477617379314960E-007  5.552394895078822E+001
    728  9.309963875847794E-007  1.123911467240560E+002
    408  8.810632451272773E-007  5.368647704938994E+001
    124  8.785498445297133E-007  2.953039329658957E+001
    421  8.704840084478479E-007  5.469982084171487E+001
    487  8.562417929919600E-007  5.901096182276392E+001
    662  8.541077774701508E-007  1.094304874643061E+002
    154  8.527970368866677E-007  3.128025029310897E+001
    987  8.481103564580999E-007  1.295218650079724E+002
    888  8.356725417523914E-007  1.215384892766490E+002
    145  8.280441826519696E-007  3.035386176419680E+001
    818  8.117533686809586E-007  1.172202887178189E+002
    935  8.025930199222171E-007  1.274477748704804E+002
   1023  7.937225166994876E-007  1.309907545973144E+002
    871  7.896509678804060E-007  1.204638135739833E+002
     82  7.678310743678237E-007  2.744742479332049E+001
    489  7.669161185665892E-007  5.906665573291085E+001
    878  7.555733364482311E-007  1.208553192243232E+002
    760  7.503088571480167E-007  1.133648679091437E+002
    779  7.446112573241041E-007  1.153237642854880E+002
    948  7.404918702056770E-007  1.280530341997139E+002
    989  7.219956956389493E-007  1.296856498562064E+002
    388  7.077543040596284E-007  4.916519389587509E+001
    747  7.025357399188291E-007  1.128221651622354E+002
    776  6.985678961390054E-007  1.150535509847603E+002
     56  6.843752138307497E-007  2.577494999028338E+001
    265  6.750751699946602E-007  3.762418150997995E+001
    988  6.731480547648631E-007  1.295230022337254E+002
    653  6.684981898084689E-007  1.090926521840726E+002
   1003  6.680342220531686E-007  1.302792324598297E+002
    936  6.654109988476754E-007  1.275963114471066E+002
    520  6.632245339641855E-007  6.117519869664547E+001
    980  6.558072238489372E-007  1.292322903638887E+002
    738  6.523508950982032E-007  1.126248828969786E+002
    136  6.497562540091588E-007  2.995197020395121E+001
    263  6.271035752003106E-007  3.756851288337069E+001
    600  6.173478110849620E-007  1.078192567961393E+002
    783  5.824855442774976E-007  1.155776779712016E+002
    882  5.758672983995958E-007  1.212606419968792E+002
    592  5.631181933385951E-007  1.074010896433819E+002
   1002  5.615768831696192E-007  1.301955720736593E+002
    977  5.550164540710328E-007  1.291448023039548E+002
    834  5.498497512170478E-007  1.176651591794238E+002
    952  5.464846514457054E-007  1.282170243378332E+002
   1025  5.449366475240177E-007  1.310823101564250E+002
    735  5.389541545068219E-007  1.125422257639707E+002
    268  5.308603611443902E-007  3.765614789507087E+001
    788  5.304998968834643E-007  1.157595566872355E+002
    827  5.274256997529285E-007  1.174913134466901E+002
    784  5.220918460445609E-007  1.156115101864969E+002
     12  5.158423774420944E-007  1.791855268392995E+001
    907  5.045718799791941E-007  1.254774984052440E+002
    326  4.988157538839882E-007  3.980074663620405E+001
    942  4.948037825985146E-007  1.277896527703618E+002
    839  4.858386241956194E-007  1.178451551754228E+002
    439  4.818062894629528E-007  5.581771077364913E+001
    826  4.722021823945080E-007  1.174535409692338E+002
    900  4.689316264046850E-007  1.240255399934555E+002
    831  4.640091154050296E-007  1.175849164822640E+002
    876  4.630065737975701E-007  1.207338716680959E+002
    443  4.596250637318481E-007  5.615506371008289E+001
    778  4.515793102128279E-007  1.153062331743218E+002
    750  4.439888935406220E-007  1.128980084302201E+002
    497  4.364441593870646E-007  5.984833423050026E+001
    726  4.318716311095436E-007  1.123280306605216E+002
   1016  4.200542555004472E-007  1.306784011483153E+002
    867  4.196538120987785E-007  1.199420338065019E+002
    972  4.090068280540312E-007  1.289491342298440E+002
    912  4.085488600314702E-007  1.259977317017505E+002
   1037  3.970493189207663E-007  1.316166834102353E+002
    606  3.852306443248282E-007  1.079754075340127E+002
    638  3.819926900028643E-007  1.087773663504995E+002
    146  3.746889005750696E-007  3.038455959742199E+001
    570  3.597405879397623E-007  1.064458450110351E+002
    967  3.577125120240579E-007  1.287730879251822E+002
    998  3.468134068855895E-007  1.301241144683907E+002
    516  3.414000700388570E-007  6.114879167768425E+001
    736  3.354719478144413E-007  1.125700463249535E+002
    913  3.309417498020277E-007  1.260963173315474E+002
     45  3.215924758138662E-007  2.505629895200580E+001
    906  3.132584159114464E-007  1.253859334012492E+002
    612  3.114959240083757E-007  1.080838271474082E+002
    974  3.102430204605057E-007  1.290391941684268E+002
    941  3.094970830145614E-007  1.277239710636116E+002
    363  3.055150482677521E-007  4.523665715266514E+001
    857  2.989269015868053E-007  1.192977858717030E+002
    797  2.933620969538679E-007  1.161224071144865E+002
    811  2.925805177589079E-007  1.169131613251637E+002
     47  2.871949860549851E-007  2.514695584094496E+001
    661  2.696745838781283E-007  1.094040232551639E+002
    830  2.668837936426745E-007  1.175448785112390E+002
    802  2.665363617780555E-007  1.163074247182627E+002
    572  2.663654240252665E-007  1.066354688575440E+002
    364  2.659406327658442E-007  4.528995878587361E+001
    842  2.612444668420011E-007  1.180365480395604E+002
     81  2.589822437876992E-007  2.737831616504717E+001
     87  2.507475507272834E-007  2.773505635732142E+001
    947  2.486379956453700E-007  1.280025795512814E+002
    719  2.455670280574847E-007  1.120361196403708E+002
    773  2.418878669182675E-007  1.146041296786391E+002
    938  2.409877461089960E-007  1.276246332177813E+002
    587  2.359876159887644E-007  1.072564562863978E+002
    720  2.338372784234478E-007  1.121496181246094E+002
    993  2.329613038669719E-007  1.299638892136509E+002
    819  2.319130219626672E-007  1.172617623112352E+002
    693  2.257218284608481E-007  1.110198391814811E+002
    692  2.212654950776472E-007  1.109991362888409E+002
    490  2.143386803441623E-007  5.909746584665749E+001
    806  2.105950180303073E-007  1.165904998677036E+002
    856  2.072930515272074E-007  1.192407591408727E+002
    971  2.028337605087570E-007  1.289111652451389E+002
    874  1.965179518556234E-007  1.206463359037059E+002
    814  1.925474216884698E-007  1.170571282096026E+002
    310  1.904276525111689E-007  3.933560718805473E+001
    737  1.898063534570087E-007  1.125716601108342E+002
    629  1.887489315050896E-007  1.086436456014825E+002
    969  1.875092500529826E-007  1.288232913140608E+002
    841  1.717812341823004E-007  1.180046875638410E+002
    306  1.717343316927146E-007  3.922583615449084E+001
    723  1.704820185050980E-007  1.122249597820348E+002
    753  1.687002526752674E-007  1.130399909728984E+002
    946  1.668158315078754E-007  1.279201366409634E+002
    200  1.646879981271580E-007  3.413076352937113E+001
    877  1.617279770398077E-007  1.207635072396237E+002
   1009  1.563960454610653E-007  1.304609142394732E+002
    959  1.503700129798376E-007  1.283643788123119E+002
    740  1.413287533229660E-007  1.126281679605138E+002
   1015  1.407586233987019E-007  1.306693309857935E+002
    904  1.295399474721198E-007  1.250437756508075E+002
    129  1.291262734465281E-007  2.967722940199728E+001
    798  1.248573254439767E-007  1.161233232814441E+002
    206  1.233301916014845E-007  3.418711639611698E+001
    671  1.158582103010868E-007  1.100461630260976E+002
    869  1.150461611928443E-007  1.201465244096069E+002
    701  1.082124342977197E-007  1.112655741498095E+002
    411  1.076434298477291E-007  5.390414096058870E+001
    817  1.075862575050427E-007  1.171745914510001E+002
    319  1.067920512965780E-007  3.955367029075058E+001
    321  9.821429295197821E-008  3.959878738143280E+001
    252  9.736427446473279E-008  3.681481496629917E+001
    914  9.652046682205648E-008  1.261343003660832E+002
    821  9.650761808647219E-008  1.173213489801490E+002
    864  9.516745469508174E-008  1.195154318953015E+002
    759  9.445390893649116E-008  1.132523759465808E+002
    854  9.317887066680352E-008  1.190938927222375E+002
    937  9.187400768398931E-008  1.275975168353670E+002
    801  8.987570694930804E-008  1.162412158177078E+002
    172  8.520427693069460E-008  3.254695536480502E+001
    850  8.482930842140256E-008  1.188640670964077E+002
    843  8.420146038271612E-008  1.181049125326048E+002
    752  8.027527432753938E-008  1.129825416205730E+002
    690  7.772136398746780E-008  1.109553167085971E+002
    718  7.584686257229596E-008  1.120307816427976E+002
    976  7.503547794386882E-008  1.291265023483052E+002
    832  6.804871271895761E-008  1.176150872586579E+002
   1008  6.599008164377993E-008  1.304054287055121E+002
    178  6.484645193874085E-008  3.291892583427273E+001
    734  6.478193302838774E-008  1.125227414297757E+002
    956  6.151629331155891E-008  1.283075816024711E+002
    858  6.077109090728364E-008  1.193043137223610E+002
    513  5.535118683312974E-008  6.111701004965728E+001
    704  5.208336200362240E-008  1.114088220449556E+002
    501  4.837305226698811E-008  6.025540211442135E+001
    979  4.734009676531827E-008  1.292073280791942E+002
    406  4.723960080559511E-008  5.347162595814701E+001
    743  4.407242959469265E-008  1.126739704882794E+002
    769  4.204987298952007E-008  1.141494817506874E+002
    480  4.150001258527785E-008  5.887142017505539E+001
   1007  4.044533089585859E-008  1.303971511397991E+002
    833  3.912509556794711E-008  1.176450554682990E+002
    835  3.640280196216227E-008  1.176766134664512E+002
    683  3.538909085186215E-008  1.107854094171573E+002
    868  3.103054570646999E-008  1.199994649602093E+002
   1073  2.958527409898777E-008  1.355646294676644E+002
    966  2.792610811704947E-008  1.287120665380274E+002
    813  2.701470347398813E-008  1.170211975618395E+002
    340  2.676912113878727E-008  4.203744443197692E+001
    872  2.090620019827944E-008  1.204992644439996E+002
    840  1.960949816156936E-008  1.179674198090055E+002
    285  1.917023488987980E-008  3.794670187788559E+001
     93  1.691240999037632E-008  2.801831476528660E+001
    823  1.668628862381016E-008  1.173434151863991E+002
    881  1.614697174072910E-008  1.212001054655417E+002
   1030  1.568552140516567E-008  1.313677884464318E+002
    499  1.543974050361966E-008  6.010190034988052E+001
    478  1.484784137355326E-008  5.880478287498814E+001
    775  1.432090270569890E-008  1.149447083106751E+002
   1059  1.382127329086456E-008  1.335352794510990E+002
    889  1.354231081051399E-008  1.221096476933091E+002
    337  1.227205629934323E-008  4.125439580477820E+001
    710  1.216639241406533E-008  1.117114283703663E+002
     35  1.147466543743450E-008  2.406163852032448E+001
    166  1.049927707956275E-008  3.197534022905977E+001
    965  1.011360882855813E-008  1.286084743618769E+002
    574  9.448217224124480E-009  1.067089856517616E+002
    581  9.412347746197470E-009  1.069166383916512E+002
   1019  8.343495600041835E-009  1.307856127904329E+002
    999  5.040884099605830E-009  1.301340763851820E+002
    397  4.775769318023362E-009  5.292984574180642E+001
    958  3.066533040704674E-009  1.283326337970340E+002
    837  2.882568849506154E-009  1.177814246314451E+002
    286  2.817816838277078E-009  3.806107114689090E+001
    620  2.460654598436948E-009  1.083700393844588E+002
    865  2.439392359969325E-009  1.195233182598442E+002
    996  2.002883732443103E-009  1.300741546440489E+002
    885  1.940327361341135E-009  1.213849358963692E+002
    256  3.622653706008428E-010  3.708485200545782E+001
    829  2.980017536330785E-010  1.175434491795728E+002
    861  2.951529220599938E-010  1.193618968506130E+002
    652  2.646197335430886E-010  1.090805000764319E+002
    847  2.029535713820141E-010  1.183795327778256E+002
    891  1.571836089690685E-011  1.222344606190913E+002
    647  1.555610768983583E-011  1.089204596390746E+002
