# Number of modes
   1077
# Tabulated for different initial and final frequencies?
    F
# Mode index, Sj, (highest to lowest), omega_j
    547  1.644700736099330E-001  1.040413527560943E+002
      7  4.103128438160576E-002  1.598850297870253E+001
    384  2.495553780619570E-002  4.693482184770667E+001
     23  2.192670095921737E-002  2.160694502786773E+001
      8  2.010427311019989E-002  1.603898235084092E+001
     24  1.696887597033240E-002  2.165827626673025E+001
    390  1.489506728256610E-002  4.930034545373515E+001
     38  1.476309312618191E-002  2.415274881711009E+001
    546  1.252401999199254E-002  1.038908634804570E+002
    291  9.376259026893713E-003  3.834865717601958E+001
    454  9.244897046032742E-003  5.753531790534946E+001
    114  9.152555473363530E-003  2.903390568794284E+001
     16  9.147269613890728E-003  2.083990463296455E+001
     64  9.117808156375784E-003  2.637954322898939E+001
    544  9.043160043402105E-003  1.037287728441322E+002
     65  8.690448832375965E-003  2.645533186342116E+001
    551  7.973548722358099E-003  1.044758850995860E+002
    537  7.885440336558382E-003  7.348438751630307E+001
    301  7.720152197390679E-003  3.874125966254066E+001
    549  6.931457668639491E-003  1.043755820157491E+002
     18  6.878958133779666E-003  2.124694793769305E+001
    290  6.851597899477325E-003  3.834059039797889E+001
   1058  6.782028643781302E-003  1.334381531708862E+002
    554  6.254991759917187E-003  1.048978551747549E+002
    300  6.069496738442425E-003  3.871033423098082E+001
     58  5.735771385993757E-003  2.603619761911758E+001
    458  4.556136103075494E-003  5.780961640938520E+001
      5  4.317589086155667E-003  1.580375607842547E+001
    358  4.193014860432070E-003  4.418411045040358E+001
     31  4.014409120682010E-003  2.349957735236975E+001
    298  3.790071639668163E-003  3.860785506393049E+001
    393  3.598526892005923E-003  5.117422678475859E+001
    308  3.554815691380471E-003  3.924824416979163E+001
    182  3.043487971179158E-003  3.313118961536368E+001
     29  3.026484846232334E-003  2.304600720746813E+001
    330  3.022555472414125E-003  4.000719691328421E+001
      1  2.901923371572324E-003  1.480943860687432E+001
   1066  2.810983332102408E-003  1.341339055776214E+002
    199  2.698826939048899E-003  3.411214171315592E+001
     60  2.638672329509869E-003  2.612817271153773E+001
    302  2.613117038530077E-003  3.874867387838012E+001
    296  2.563438936307885E-003  3.847026909032138E+001
    524  2.546306140621522E-003  6.196836567938324E+001
    460  2.474461972717151E-003  5.821511818989060E+001
    142  2.412041023023686E-003  3.011700635419402E+001
    535  2.395332079186875E-003  7.234684016852472E+001
     20  2.350190325781539E-003  2.146722812704134E+001
     32  2.335117928479693E-003  2.386019687247388E+001
    392  2.288974327235231E-003  4.975569880244111E+001
    229  2.254930290786379E-003  3.477639317683153E+001
    418  2.247763802087811E-003  5.440760214654593E+001
     85  2.237782742179481E-003  2.757726243328665E+001
    536  2.149385911687300E-003  7.244369170766353E+001
     11  2.148030286536430E-003  1.771447447329438E+001
     71  2.093272223950474E-003  2.691074291878593E+001
   1048  2.084386976116112E-003  1.325281096806480E+002
    255  2.062227773079469E-003  3.705801266502003E+001
    592  1.990562450091946E-003  1.074010896433819E+002
     70  1.961676500236907E-003  2.683332853591699E+001
    232  1.900911194778030E-003  3.530982942235851E+001
    450  1.896926532636300E-003  5.723022636777802E+001
    335  1.873070514009402E-003  4.064698242871874E+001
    207  1.810892373338374E-003  3.419271829752626E+001
    456  1.785515814747627E-003  5.758475825352298E+001
    425  1.758506331103970E-003  5.512885982268182E+001
     95  1.757688570282474E-003  2.806113631432304E+001
     26  1.752800289105438E-003  2.275577786050195E+001
    347  1.749506583193620E-003  4.251894246220620E+001
   1072  1.630249530550901E-003  1.354275255218108E+002
    419  1.621451191142116E-003  5.447434435004674E+001
    289  1.616586187592633E-003  3.832422991649202E+001
   1075  1.588119557494668E-003  1.852007864492208E+002
    593  1.574467165700386E-003  1.074633420950339E+002
    402  1.497870833114805E-003  5.323403324336612E+001
    378  1.487621293436951E-003  4.609481655347708E+001
    161  1.484615624093007E-003  3.141544799468193E+001
    329  1.436413041795924E-003  3.994917835777716E+001
     97  1.430687175873476E-003  2.809615145046481E+001
    326  1.411740139925365E-003  3.980074663620405E+001
     45  1.403485308238124E-003  2.505629895200580E+001
    477  1.380461743254579E-003  5.875439662154096E+001
     36  1.374632926570338E-003  2.408548968715760E+001
    385  1.321273835605691E-003  4.744969147605799E+001
    395  1.310426690372361E-003  5.279005865968511E+001
    403  1.301719380400786E-003  5.332276567118551E+001
    954  1.230434117953836E-003  1.282848493157465E+002
    348  1.206907039447703E-003  4.278252907839931E+001
     21  1.200184027031846E-003  2.149552581175353E+001
    445  1.199146895577909E-003  5.650985963977887E+001
     66  1.195525002307075E-003  2.653041695388611E+001
     54  1.193009601742823E-003  2.537118147105558E+001
    183  1.192002803486227E-003  3.317747871488443E+001
    230  1.153092264493338E-003  3.507000892128892E+001
    332  1.086973767288665E-003  4.036182328117159E+001
    295  1.073809415298095E-003  3.844649820311862E+001
    282  1.064559482127127E-003  3.781601762519486E+001
    434  1.037687254108265E-003  5.556859477681133E+001
    319  1.009328999649668E-003  3.955367029075058E+001
    293  9.855875597514878E-004  3.840315559517953E+001
   1067  9.794069308414566E-004  1.341872351276505E+002
    212  9.628807998360953E-004  3.425448747044050E+001
    102  9.559337724917858E-004  2.838723287464182E+001
    310  9.513056663366733E-004  3.933560718805473E+001
     74  9.511707814324654E-004  2.706787664592100E+001
    211  9.410324863156127E-004  3.422885497659050E+001
    158  9.251183245931901E-004  3.138637587596471E+001
    452  9.147033882465703E-004  5.732416656661538E+001
    119  8.972802602040958E-004  2.929038281335912E+001
    202  8.841437762488408E-004  3.414693728338715E+001
    505  8.759684465868756E-004  6.089365906344585E+001
    131  8.629722584543378E-004  2.976719894627799E+001
    519  8.611751514812704E-004  6.116666091909611E+001
    911  8.556536701915059E-004  1.258968376271585E+002
    217  8.418442063057522E-004  3.432077633458158E+001
    106  8.149618839180494E-004  2.873147041157064E+001
    105  8.148659798845852E-004  2.872870804936272E+001
    417  8.069201521646972E-004  5.432386496665636E+001
     92  8.026814683035616E-004  2.796966533379813E+001
    762  8.008534289951373E-004  1.134504722361933E+002
   1057  7.926983082785119E-004  1.332882698940204E+002
   1020  7.803951315306325E-004  1.308300137670077E+002
    192  7.763289032136141E-004  3.373139183933635E+001
    100  7.637255812749637E-004  2.814590236831992E+001
    331  7.620376034443221E-004  4.033978069592825E+001
    221  7.554331484735381E-004  3.444064242877499E+001
    133  7.474540023140228E-004  2.980777525245198E+001
     43  7.436767770710311E-004  2.485090944939308E+001
    810  7.364656834043825E-004  1.168542717379606E+002
     46  7.350461259074632E-004  2.508968851186969E+001
     48  7.340043761278885E-004  2.521050943974308E+001
    205  7.121399202021342E-004  3.418138862993963E+001
    710  7.103005628492653E-004  1.117114283703663E+002
    253  7.078544595393912E-004  3.690338042035397E+001
     57  7.064606028618979E-004  2.601044601303876E+001
    552  6.773354766252396E-004  1.045004516183760E+002
    138  6.717822720605604E-004  2.998810658959070E+001
    143  6.641415152146526E-004  3.021552765862468E+001
    504  6.608067449446398E-004  6.073767201700102E+001
     67  6.551680418901022E-004  2.663955326886673E+001
    550  6.526343050455246E-004  1.044255141670578E+002
    426  6.518407725087965E-004  5.521112029631625E+001
    359  6.484351654526649E-004  4.440820660542785E+001
    320  6.446088144263682E-004  3.958466091098631E+001
   1045  6.417582448869445E-004  1.322246800166877E+002
    246  6.398484174679432E-004  3.612200287477440E+001
    588  6.320373292318848E-004  1.072780161282308E+002
    184  6.285149428582135E-004  3.328145954751520E+001
    134  6.269995616977867E-004  2.989081555609098E+001
    101  6.248159458862306E-004  2.816121926613436E+001
    209  6.169378089968695E-004  3.420776675567321E+001
     35  6.163589911303525E-004  2.406163852032448E+001
     52  6.129816637021009E-004  2.532370304309600E+001
     28  6.089253125787938E-004  2.303576073275412E+001
    294  6.004133284337143E-004  3.844005427068350E+001
   1047  5.964542081963271E-004  1.324683504365100E+002
   1042  5.959780754968006E-004  1.319938555239870E+002
    383  5.934337401487017E-004  4.665506804468283E+001
    144  5.874902218446158E-004  3.023024488043693E+001
    160  5.871873229030830E-004  3.140287364756382E+001
    117  5.812804695684133E-004  2.915145470361619E+001
    196  5.766904273619803E-004  3.402217963204272E+001
    436  5.746052981983068E-004  5.562240782737462E+001
    155  5.740797547638182E-004  3.129077640287002E+001
     89  5.735839002208411E-004  2.787565477396676E+001
    381  5.717890547997227E-004  4.623753374880091E+001
    151  5.697807341176993E-004  3.097448214004631E+001
    518  5.658556402462950E-004  6.116565427175681E+001
    218  5.623390104312386E-004  3.434087154455664E+001
    489  5.620181496183165E-004  5.906665573291085E+001
    892  5.393138564725574E-004  1.223146913863671E+002
     34  5.349936913753873E-004  2.394870774261297E+001
    548  5.199469655255295E-004  1.041098140943872E+002
    427  5.095786955708097E-004  5.530625255614972E+001
    386  5.072805479750814E-004  4.778448827008048E+001
    153  5.066334201170805E-004  3.119128674334460E+001
    237  5.014815047356019E-004  3.561350513334219E+001
    493  4.998468181891479E-004  5.956939432616837E+001
   1053  4.965054710159299E-004  1.331993000158318E+002
    352  4.951204275332583E-004  4.345183818831803E+001
    487  4.933830390248502E-004  5.901096182276392E+001
      3  4.923220501833793E-004  1.530095081680193E+001
    474  4.906567802489976E-004  5.866520048333617E+001
    716  4.896145092869368E-004  1.119313653155845E+002
    440  4.845592383995931E-004  5.589934491235444E+001
    241  4.837023898203304E-004  3.573178726353736E+001
     12  4.794562095055038E-004  1.791855268392995E+001
    517  4.781959107085642E-004  6.116283191518230E+001
    438  4.780269640072923E-004  5.568774314714533E+001
    564  4.778612695986099E-004  1.059223740174141E+002
    341  4.650604803605774E-004  4.207899368185591E+001
   1061  4.636134715056094E-004  1.338239896777959E+002
    396  4.529733072837756E-004  5.292259014309509E+001
    909  4.482993321325724E-004  1.256671150468244E+002
    500  4.464570499045623E-004  6.016266526055261E+001
    239  4.376247628483272E-004  3.564788119351169E+001
      6  4.370092084577384E-004  1.593905863128156E+001
    495  4.369083025593151E-004  5.971063876484735E+001
    898  4.342433510646610E-004  1.236287338505038E+002
    357  4.307421579362418E-004  4.413715889769129E+001
    981  4.222962470956923E-004  1.292686845988868E+002
     62  4.221968665719031E-004  2.630569023157911E+001
    156  4.211232435573749E-004  3.133959801814033E+001
    446  4.209459113224475E-004  5.657515742254393E+001
    185  4.193232813917929E-004  3.329017879350934E+001
    157  4.169723555508862E-004  3.136040875348826E+001
   1001  4.141919666762963E-004  1.301907504163165E+002
    379  4.130866597642368E-004  4.610002508350383E+001
    545  4.074293149245027E-004  1.038885725205099E+002
    338  4.069133796917851E-004  4.143596746217444E+001
    109  4.055504378527786E-004  2.888359254004277E+001
    401  4.049760179613833E-004  5.310952948046032E+001
    494  3.972725472258713E-004  5.959072402434833E+001
    195  3.958303480054522E-004  3.399004655216064E+001
    771  3.903984390682841E-004  1.142541813627527E+002
    275  3.892678552804118E-004  3.771871208633355E+001
    150  3.845497644502530E-004  3.095380367517388E+001
    281  3.836785302269168E-004  3.778222215271058E+001
   1044  3.821446771278297E-004  1.320835593454495E+002
    560  3.812989303107018E-004  1.057397922085461E+002
    333  3.794264232527023E-004  4.050570323460023E+001
    174  3.772560886802879E-004  3.277024257542895E+001
    336  3.745963319034171E-004  4.106442919982931E+001
    344  3.723514676139198E-004  4.229281490750487E+001
    763  3.706378310890091E-004  1.136578287383470E+002
    190  3.675005007077861E-004  3.352213579831744E+001
    449  3.671554940126660E-004  5.713782918039372E+001
    825  3.643064763333210E-004  1.174155068731360E+002
    530  3.640929042941100E-004  6.265828803408258E+001
    669  3.624002470652014E-004  1.098991161820264E+002
    309  3.619349157725442E-004  3.929268620446922E+001
    466  3.581572590977781E-004  5.848631456847294E+001
    168  3.564935259391172E-004  3.223239881301075E+001
     40  3.546373343386450E-004  2.429142631572386E+001
    394  3.483828200607749E-004  5.275338077531283E+001
    116  3.464263821386264E-004  2.910094471225916E+001
     68  3.421019033050066E-004  2.665958995788216E+001
     27  3.399592026569219E-004  2.288948685305089E+001
     78  3.362103889699078E-004  2.724001953302053E+001
    327  3.307687619907759E-004  3.980649710729982E+001
    741  3.239595863148286E-004  1.126383251241469E+002
    343  3.234294023856731E-004  4.223776350771931E+001
    442  3.217200915345478E-004  5.605259237502305E+001
    389  3.195007210329402E-004  4.924612888004685E+001
    249  3.181032427322761E-004  3.643158917315001E+001
   1052  3.177441115444369E-004  1.330891459743712E+002
    382  3.142332159913367E-004  4.661435463500721E+001
    360  3.088810874333398E-004  4.501412031898634E+001
    121  3.071232650837456E-004  2.937009161569695E+001
     30  3.071223548775952E-004  2.339033246897357E+001
    431  3.006184071054700E-004  5.545822575490884E+001
    324  2.924255536929263E-004  3.965813849875591E+001
    206  2.898417704207427E-004  3.418711639611698E+001
   1006  2.853326384031090E-004  1.303473844140781E+002
    108  2.843400120170916E-004  2.884206820739177E+001
   1018  2.841787787036980E-004  1.307425624046459E+002
    868  2.838488860431738E-004  1.199994649602093E+002
    254  2.813386916611574E-004  3.696870162494890E+001
    563  2.793777132536894E-004  1.058622417292547E+002
    826  2.753809242332255E-004  1.174535409692338E+002
     96  2.752625121815317E-004  2.807603105873968E+001
    576  2.695736478750387E-004  1.068188420241767E+002
    191  2.692165052215406E-004  3.372798248811258E+001
    863  2.660087112992837E-004  1.194780899982511E+002
    451  2.651659817854927E-004  5.726939793781466E+001
     10  2.651024164485744E-004  1.630017574824609E+001
    210  2.647871109683850E-004  3.421873300884823E+001
    970  2.635682669421520E-004  1.288440499253601E+002
    103  2.625930527745151E-004  2.854698030319213E+001
     50  2.616709285411823E-004  2.524792740229145E+001
    325  2.606904565233314E-004  3.979678053884171E+001
    918  2.596130059426194E-004  1.263810693695273E+002
    104  2.587673760717468E-004  2.863475114667724E+001
   1060  2.578833630803042E-004  1.336329109810919E+002
    597  2.573288876452945E-004  1.076362394255561E+002
    472  2.558610527859305E-004  5.860732378330380E+001
    555  2.547954825638747E-004  1.049505825405343E+002
    617  2.531578683113019E-004  1.082069188907082E+002
    727  2.522304609905694E-004  1.123838421661365E+002
   1032  2.507262382668751E-004  1.314270448258869E+002
   1039  2.450062663021384E-004  1.317789778316224E+002
    721  2.444036837720249E-004  1.121902054803930E+002
    391  2.428396207798756E-004  4.935295074539214E+001
    514  2.419461665161124E-004  6.112143562944963E+001
    486  2.401392972449652E-004  5.898078655703418E+001
    955  2.380636958913653E-004  1.283043098504922E+002
    507  2.359886285950423E-004  6.098134465730102E+001
   1009  2.317687409831312E-004  1.304609142394732E+002
    523  2.303847548022156E-004  6.195141091349550E+001
    482  2.303568315364820E-004  5.890508639424976E+001
     42  2.297322056348893E-004  2.442065503900721E+001
     90  2.290505071023363E-004  2.792299487571685E+001
    661  2.279407449340272E-004  1.094040232551639E+002
    749  2.227317885191072E-004  1.128862829609149E+002
   1033  2.212610825472939E-004  1.314921549657209E+002
    377  2.203328167267299E-004  4.580996274485975E+001
    778  2.195940889914682E-004  1.153062331743218E+002
    285  2.182340542842233E-004  3.794670187788559E+001
    137  2.172763170446656E-004  2.996307755422044E+001
   1022  2.168478459205605E-004  1.309570316227355E+002
    966  2.159498107268396E-004  1.287120665380274E+002
    795  2.097631113239394E-004  1.159446042090269E+002
    972  2.093550767426372E-004  1.289491342298440E+002
    214  2.081545611395094E-004  3.429158842681225E+001
    317  2.072678047082149E-004  3.952108816795088E+001
    215  2.059493506683918E-004  3.430912489816387E+001
    573  2.044505433763135E-004  1.066520968004064E+002
    355  2.040169435406017E-004  4.365668409738398E+001
    539  2.037281820140252E-004  1.004038214764926E+002
    578  2.035338985225388E-004  1.068696587706935E+002
    197  2.021235231392680E-004  3.407091137263039E+001
    176  2.001620118676747E-004  3.283702642513862E+001
    527  1.975563746389813E-004  6.211137902133680E+001
    731  1.964282056308132E-004  1.124795031346507E+002
    958  1.952054461007357E-004  1.283326337970340E+002
    503  1.941414592961319E-004  6.062899617907863E+001
    565  1.939428861700534E-004  1.059848591127986E+002
    346  1.938897462187053E-004  4.251353138364797E+001
    768  1.903642346784794E-004  1.140511281344195E+002
    444  1.863277055789636E-004  5.640873014994138E+001
    991  1.826685219429921E-004  1.298309517843196E+002
     84  1.823137304078093E-004  2.748397341497807E+001
    187  1.816882808438231E-004  3.338593491458187E+001
    842  1.773325159961671E-004  1.180365480395604E+002
    304  1.757117605392657E-004  3.902642388250331E+001
    572  1.748185513277223E-004  1.066354688575440E+002
    873  1.746665452792975E-004  1.205400953636918E+002
     82  1.736855546294353E-004  2.744742479332049E+001
    139  1.734607665339003E-004  3.001327528760398E+001
    886  1.732012118894333E-004  1.214498350996194E+002
     75  1.729190540413966E-004  2.717284531466260E+001
    478  1.711138152096541E-004  5.880478287498814E+001
    189  1.707027224810849E-004  3.348575581421191E+001
     15  1.691817676606599E-004  2.077312965636918E+001
    733  1.683038787311842E-004  1.125211996768446E+002
    542  1.666356654392803E-004  1.021380905135569E+002
    120  1.654613359472606E-004  2.935022978395871E+001
    420  1.651955569346185E-004  5.464265012038360E+001
    802  1.624714930651522E-004  1.163074247182627E+002
    314  1.621802103600620E-004  3.944402428691944E+001
    400  1.621502393973520E-004  5.304406357850599E+001
    279  1.618929052742487E-004  3.776291602598710E+001
    502  1.603043858288835E-004  6.033057478557798E+001
    962  1.597656423069180E-004  1.284190833846668E+002
   1036  1.590865974856028E-004  1.315563975924429E+002
    531  1.588252897275022E-004  6.280622541285696E+001
   1031  1.554497683162924E-004  1.313824495210718E+002
    305  1.531036090813213E-004  3.919092577852600E+001
    306  1.529482475675962E-004  3.922583615449084E+001
    409  1.524533866658286E-004  5.377950655266745E+001
    136  1.505209535096422E-004  2.995197020395121E+001
    724  1.505056030809559E-004  1.122474317356576E+002
    234  1.498620855668587E-004  3.541632958107625E+001
    399  1.469911734130149E-004  5.300117686152819E+001
    334  1.469006705544279E-004  4.055961280242965E+001
    571  1.464625381479326E-004  1.065760725477823E+002
    194  1.459768987287556E-004  3.388123191050668E+001
    568  1.455919592650724E-004  1.063884322375297E+002
    516  1.440015014112619E-004  6.114879167768425E+001
    844  1.425846496351750E-004  1.182236522024691E+002
     49  1.424395979575844E-004  2.521926711432687E+001
     17  1.406137050837687E-004  2.091913438766164E+001
    167  1.401878994300117E-004  3.206734480721192E+001
    257  1.401339782196121E-004  3.716053985696894E+001
    561  1.399852623796099E-004  1.057823475786052E+002
    423  1.397240507397404E-004  5.491452382822700E+001
    557  1.391983652755095E-004  1.053298087456868E+002
    307  1.387330695473190E-004  3.924418415703018E+001
    107  1.379678350073014E-004  2.880093649968087E+001
    361  1.363470969420708E-004  4.509188248244521E+001
    312  1.363451856762279E-004  3.940338989709551E+001
    115  1.355259203891417E-004  2.908676806680809E+001
     41  1.315203641694658E-004  2.434332602389209E+001
    261  1.313451047497118E-004  3.751537038816641E+001
    521  1.309602839859084E-004  6.120499406654021E+001
    854  1.290166516770304E-004  1.190938927222375E+002
    374  1.288681726068748E-004  4.576894168844035E+001
    311  1.282199859758662E-004  3.939193935233331E+001
    832  1.280137504809419E-004  1.176150872586579E+002
    822  1.274793403947845E-004  1.173379890193997E+002
    654  1.265502991819069E-004  1.091774321289355E+002
    313  1.251247359823827E-004  3.941220320488696E+001
   1055  1.248956860815355E-004  1.332315483337306E+002
    147  1.248165020391181E-004  3.045498909450352E+001
    242  1.245578774708554E-004  3.575330164903793E+001
    706  1.244696590041827E-004  1.115644797142602E+002
    989  1.236587600407016E-004  1.296856498562064E+002
    464  1.236550908779445E-004  5.841767339850505E+001
    422  1.218322004744873E-004  5.478392604221921E+001
    398  1.213410741679555E-004  5.298968704937109E+001
    940  1.212492023279768E-004  1.277053477702196E+002
    171  1.212254498451427E-004  3.251692712246987E+001
    528  1.206015551945347E-004  6.211763689923020E+001
    769  1.203328343126205E-004  1.141494817506874E+002
    266  1.201348349853685E-004  3.763404507858488E+001
    512  1.197584338511235E-004  6.110465593383906E+001
   1074  1.194846727444339E-004  1.357832717908243E+002
    577  1.192035496117301E-004  1.068269012623950E+002
    774  1.187616426217894E-004  1.147299018357027E+002
    180  1.173811196475489E-004  3.306959511625761E+001
    748  1.156782634981457E-004  1.128453459062848E+002
    694  1.150617041812771E-004  1.110208923005156E+002
    123  1.143528048763136E-004  2.945706723223188E+001
     13  1.134497151167902E-004  2.038781372204352E+001
    481  1.128994710530434E-004  5.889564718758225E+001
    964  1.122960719354438E-004  1.284811881676410E+002
    865  1.117620007518834E-004  1.195233182598442E+002
    938  1.116375032325264E-004  1.276246332177813E+002
    238  1.106922854255979E-004  3.562010162214489E+001
    831  1.102833493032929E-004  1.175849164822640E+002
    791  1.098525791799431E-004  1.158399885308925E+002
   1029  1.094991464580576E-004  1.312589073638632E+002
     33  1.091164151657989E-004  2.387502434282544E+001
    323  1.090697206977195E-004  3.963162035223775E+001
    895  1.089692599872196E-004  1.231922658586809E+002
    213  1.075380558467374E-004  3.426923698719692E+001
    817  1.065591843391320E-004  1.171745914510001E+002
    541  1.062136201997839E-004  1.020561485810812E+002
    154  1.036653053378180E-004  3.128025029310897E+001
    208  1.033886706478238E-004  3.420400517096608E+001
    998  1.032710388980514E-004  1.301241144683907E+002
    152  1.028105740448143E-004  3.107793476288124E+001
    231  1.025839458578685E-004  3.529195130720404E+001
    584  1.024699522610164E-004  1.071415131646536E+002
    540  1.016430816235502E-004  1.019596674086986E+002
    339  1.016402784912981E-004  4.199721405536648E+001
    274  1.015056990301707E-004  3.771469066363962E+001
    223  1.012655462248765E-004  3.452101188794168E+001
    738  1.012211888548352E-004  1.126248828969786E+002
    558  1.007806095965033E-004  1.054235904423783E+002
    926  1.004453150063208E-004  1.269935099435139E+002
   1000  1.002649467691564E-004  1.301375093272533E+002
      9  1.000538278642294E-004  1.615282072713023E+001
     73  9.727786065454492E-005  2.704395448663374E+001
    780  9.619503220588731E-005  1.153482258688003E+002
    797  9.543969815022010E-005  1.161224071144865E+002
    816  9.489381462779618E-005  1.170854692244173E+002
    866  9.400714702024885E-005  1.198737679274225E+002
    605  9.399570399499318E-005  1.079476682950407E+002
    251  9.397501898403786E-005  3.670193646720268E+001
    410  9.369897272388088E-005  5.380004782230375E+001
    649  9.335249229377153E-005  1.089557122086210E+002
    666  9.267900216777491E-005  1.096961217429448E+002
    836  9.255200697930249E-005  1.177792466123822E+002
    903  9.201095485383522E-005  1.249295857950171E+002
    278  9.176073465232875E-005  3.775225448216675E+001
    879  9.134783274804499E-005  1.208628531744268E+002
     61  9.096877100039043E-005  2.623624111749398E+001
     25  9.082890843408346E-005  2.268285797328677E+001
    877  8.993994046709551E-005  1.207635072396237E+002
    916  8.993207777430141E-005  1.261858055404796E+002
    725  8.892729241468330E-005  1.122622575126908E+002
    264  8.825233477669211E-005  3.760740200223662E+001
    697  8.811336339823784E-005  1.111168086390436E+002
    405  8.755564090180293E-005  5.340951413863353E+001
     72  8.701328316326172E-005  2.695844835194747E+001
    934  8.689508712126672E-005  1.274026915475210E+002
    594  8.674475091647548E-005  1.075267994995216E+002
    236  8.562954954817128E-005  3.558504171265294E+001
     88  8.528594189555101E-005  2.776495450944637E+001
    186  8.293694229164333E-005  3.335079910483972E+001
     98  8.253000241689525E-005  2.810036398063808E+001
    681  8.247005576722859E-005  1.107150530846271E+002
    337  8.161165610695417E-005  4.125439580477820E+001
    364  8.084331273625722E-005  4.528995878587361E+001
    538  8.061745599060192E-005  8.801939400846273E+001
    607  7.914361953358413E-005  1.079782277499060E+002
    260  7.910529417697383E-005  3.745846822965304E+001
    511  7.770785125152053E-005  6.108291035790679E+001
    356  7.586924767426699E-005  4.399929676237998E+001
    616  7.498842082152510E-005  1.081902144651443E+002
     19  7.482659159527389E-005  2.137958735177528E+001
     69  7.410963301936019E-005  2.667931486079132E+001
   1062  7.282441508138740E-005  1.338537297016246E+002
    233  7.194109508744759E-005  3.536858076063520E+001
    602  7.145679665505917E-005  1.078335831208874E+002
    717  7.123026373848574E-005  1.119901298340990E+002
    760  7.120459680252552E-005  1.133648679091437E+002
    130  7.039706114835385E-005  2.969026097336859E+001
    942  7.038349937136096E-005  1.277896527703618E+002
    110  7.035131871587603E-005  2.890337161783228E+001
   1068  6.884082089098322E-005  1.342139437973118E+002
    979  6.795693744033868E-005  1.292073280791942E+002
   1016  6.768496974687914E-005  1.306784011483153E+002
    259  6.767014834609994E-005  3.731129763636223E+001
    529  6.766518522456279E-005  6.213305424318654E+001
    742  6.753992484874031E-005  1.126546326383816E+002
    149  6.746699917914965E-005  3.064428879965062E+001
    674  6.745477419620363E-005  1.101627157855635E+002
     22  6.710309998856074E-005  2.149928230079738E+001
    467  6.592083663220715E-005  5.850070475174659E+001
    407  6.560623235403110E-005  5.355040632372296E+001
    899  6.496556273337896E-005  1.237750393258326E+002
    299  6.478567579381863E-005  3.861147003050849E+001
    812  6.436576090313526E-005  1.169499526914024E+002
    567  6.400751202335933E-005  1.061175767374582E+002
    687  6.302747641056759E-005  1.108477970364615E+002
    672  6.193334166657573E-005  1.100523893058521E+002
    244  6.170948103374387E-005  3.582009297825139E+001
    636  6.156660607743611E-005  1.087412284437008E+002
    719  6.059477684137506E-005  1.120361196403708E+002
    624  6.013111837153767E-005  1.084534043855216E+002
    960  5.873868458998379E-005  1.283710541965592E+002
    534  5.855046446062907E-005  6.352992396574133E+001
    448  5.848370742814207E-005  5.707216855561523E+001
    944  5.806912981025763E-005  1.278264506290159E+002
    897  5.786837818671623E-005  1.233154024205701E+002
    596  5.769563219536305E-005  1.076305596761092E+002
    181  5.746509448483499E-005  3.309588236011395E+001
    318  5.714774452825299E-005  3.952690512520030E+001
    380  5.684121990921846E-005  4.621788456267294E+001
    220  5.669425678943533E-005  3.440936379612124E+001
    746  5.631555522213292E-005  1.128150956859242E+002
    475  5.595205430680379E-005  5.870955367754343E+001
    702  5.588051722019652E-005  1.112791472783473E+002
     63  5.520919212277992E-005  2.633691355837915E+001
    256  5.518065344442350E-005  3.708485200545782E+001
    262  5.447831695368169E-005  3.754826259370084E+001
    610  5.412477833369075E-005  1.080548791140610E+002
    468  5.408573627823334E-005  5.850419738659161E+001
    250  5.393987923305741E-005  3.645071914574685E+001
     39  5.393710244860538E-005  2.419216907562118E+001
    470  5.368080241571954E-005  5.858950887133865E+001
    700  5.359572890371115E-005  1.112187707043413E+002
    170  5.257213412523271E-005  3.240864442722207E+001
    737  5.240791285484752E-005  1.125716601108342E+002
      4  5.224654095195963E-005  1.555889535187236E+001
     44  5.201398881080995E-005  2.487547588775838E+001
    894  5.161908236270937E-005  1.226855190700912E+002
    986  5.130964140315386E-005  1.294778988001748E+002
    203  5.120041553035291E-005  3.415596231316062E+001
    583  5.114793310308307E-005  1.070323413352247E+002
   1046  5.114450706987937E-005  1.322741703884410E+002
    622  5.075992885823890E-005  1.084041586407917E+002
    853  5.053688619255813E-005  1.189950762444425E+002
    896  5.037918291588368E-005  1.231967026860033E+002
    162  5.015679751911349E-005  3.142013005221356E+001
    491  4.996035257159923E-005  5.916484178919298E+001
    663  4.983705859217696E-005  1.095408569103236E+002
    140  4.927927879254179E-005  3.002380690834687E+001
    498  4.900175014859912E-005  6.006055704270973E+001
    441  4.882867404371621E-005  5.602297434426368E+001
    829  4.879926068580379E-005  1.175434491795728E+002
    641  4.876575661535155E-005  1.088136450829588E+002
    755  4.869367768760328E-005  1.130537195644052E+002
    589  4.822244780119884E-005  1.073243551551986E+002
      2  4.802439679154763E-005  1.507477314615795E+001
    463  4.799554106776977E-005  5.840368106338346E+001
    201  4.773072172709515E-005  3.413905621996786E+001
    713  4.747021805691116E-005  1.118750446375970E+002
    533  4.739712502813779E-005  6.344214913117692E+001
   1026  4.728190821877290E-005  1.310988308446859E+002
    288  4.723691328816435E-005  3.825168870868715E+001
    870  4.698453454644190E-005  1.203621491035894E+002
    127  4.679016439377667E-005  2.958197907168710E+001
    937  4.654394737037253E-005  1.275975168353670E+002
    243  4.628152060783904E-005  3.580427376176280E+001
    125  4.611645991466292E-005  2.955205187993630E+001
    579  4.594949744735106E-005  1.068810185812333E+002
    132  4.541633764849250E-005  2.978147182311027E+001
    757  4.480275877728239E-005  1.131455979007981E+002
    600  4.469754934991249E-005  1.078192567961393E+002
    975  4.465540309474787E-005  1.290479361570385E+002
    988  4.387830454846044E-005  1.295230022337254E+002
    353  4.351014848378548E-005  4.354452657935016E+001
    510  4.326458672654434E-005  6.106496915014706E+001
   1038  4.296025950892813E-005  1.317153469634680E+002
    656  4.260242812438270E-005  1.092383325553483E+002
    366  4.240250060218916E-005  4.541480133184800E+001
    315  4.234658326228097E-005  3.946262277995078E+001
    574  4.223656396419707E-005  1.067089856517616E+002
    370  4.210018998507958E-005  4.562254251008403E+001
   1065  4.140870396100786E-005  1.340986810838602E+002
    569  4.011517614711404E-005  1.064024371239422E+002
   1069  3.956893454968071E-005  1.347402109836953E+002
    691  3.942007823515454E-005  1.109942746792360E+002
     51  3.850430642008529E-005  2.527497960196780E+001
    595  3.833893381409903E-005  1.075727311228692E+002
    465  3.825900066251631E-005  5.845233409136720E+001
    354  3.825545360406102E-005  4.358717802496741E+001
    682  3.800085351649301E-005  1.107795174367904E+002
    848  3.663812048412553E-005  1.185512117490796E+002
    639  3.647612444451323E-005  1.087924757147032E+002
    271  3.635208266708647E-005  3.769377629908810E+001
    476  3.620349427875311E-005  5.874284760292872E+001
    952  3.583823338622746E-005  1.282170243378332E+002
    369  3.543061085132975E-005  4.556664797594529E+001
    484  3.535350054425851E-005  5.894622531819898E+001
    827  3.523229029165521E-005  1.174913134466901E+002
    397  3.519097756644024E-005  5.292984574180642E+001
    429  3.502435319927146E-005  5.542704693693687E+001
    604  3.482942476678669E-005  1.078901483894559E+002
    292  3.447936507289754E-005  3.837765227419467E+001
    599  3.444526960914724E-005  1.077354408464688E+002
    695  3.421087344772089E-005  1.110404578737834E+002
    435  3.364725388395692E-005  5.559833163642786E+001
    469  3.363475473017152E-005  5.857260373695996E+001
    225  3.359360397124819E-005  3.458265676939745E+001
    179  3.324011645308386E-005  3.301071504933698E+001
    708  3.305242395801210E-005  1.116659378913442E+002
    930  3.302952134497298E-005  1.272550109882912E+002
    684  3.265845403062589E-005  1.108055531440044E+002
    269  3.222234790356978E-005  3.766609016559832E+001
    258  3.162596712232445E-005  3.725675246841864E+001
   1063  3.157966636235290E-005  1.338610239777397E+002
   1071  3.106055162683750E-005  1.353191143310252E+002
    471  3.102054873146602E-005  5.859921299406331E+001
   1070  3.095364981706855E-005  1.350535885837313E+002
    948  3.075701660726491E-005  1.280530341997139E+002
    800  3.068922876027273E-005  1.161811067685375E+002
    459  3.009901835112776E-005  5.797524108925945E+001
    328  2.931203777814792E-005  3.982877398686839E+001
    633  2.925718550293818E-005  1.086770367044967E+002
    983  2.921998642822364E-005  1.293699640118089E+002
    670  2.861082031802899E-005  1.099218253642219E+002
    159  2.828961535729702E-005  3.140014259635325E+001
    928  2.825161935455912E-005  1.271758190169006E+002
    169  2.816026194492094E-005  3.225245008090104E+001
    910  2.766944504910846E-005  1.258349422363612E+002
    248  2.759669624174371E-005  3.617742791171408E+001
    608  2.755101044572408E-005  1.080310773431174E+002
     59  2.724882870304224E-005  2.608228483109795E+001
    276  2.708199153216568E-005  3.774173651101562E+001
    796  2.704415059450207E-005  1.160406419035091E+002
    992  2.675908437724430E-005  1.299169051159237E+002
    650  2.615001650499777E-005  1.090061273622073E+002
    631  2.582858182681828E-005  1.086593678715634E+002
    372  2.575455189626491E-005  4.569660817760900E+001
    824  2.571949347690768E-005  1.173851057796732E+002
     79  2.570195457887744E-005  2.728143790603452E+001
    745  2.565690159753442E-005  1.127541380335163E+002
    421  2.554595894021210E-005  5.469982084171487E+001
    461  2.552015333742564E-005  5.832169084274378E+001
    883  2.467017747418917E-005  1.212822283474710E+002
     80  2.396440861907978E-005  2.737665388114407E+001
    368  2.378662748058859E-005  4.552075151204606E+001
    122  2.374934637989790E-005  2.942821875092930E+001
    922  2.362991779607213E-005  1.267277337836395E+002
    634  2.359498490331581E-005  1.087110579745548E+002
    751  2.351482812730491E-005  1.129352725370382E+002
   1076  2.349501548787129E-005  1.858411948136732E+002
    821  2.345170483516595E-005  1.173213489801490E+002
    871  2.315991345231922E-005  1.204638135739833E+002
    927  2.309663089243986E-005  1.271118445081471E+002
    860  2.294549197574654E-005  1.193608179742887E+002
    698  2.253586622140055E-005  1.111543499618823E+002
    273  2.249813763771411E-005  3.771236202405859E+001
    709  2.245800645755611E-005  1.116986555393093E+002
    411  2.232284880802776E-005  5.390414096058870E+001
    277  2.231735726979538E-005  3.774405278528796E+001
    626  2.209570498088455E-005  1.085197354965440E+002
    200  2.197325603153217E-005  3.413076352937113E+001
    227  2.166987853635017E-005  3.461221107986133E+001
    447  2.159472634064604E-005  5.692641404400948E+001
    284  2.130148814475730E-005  3.794002386601017E+001
    543  2.111749816580556E-005  1.026098663261161E+002
    919  2.098949831717762E-005  1.264669767465423E+002
    166  2.095929981504740E-005  3.197534022905977E+001
    252  2.088119339641962E-005  3.681481496629917E+001
    963  2.077987034562598E-005  1.284456810480366E+002
    350  2.075711765799193E-005  4.287084402122760E+001
    601  2.050135972040588E-005  1.078222216339937E+002
    216  2.025310806218256E-005  3.431915233475488E+001
     37  2.015082861318353E-005  2.413005277682491E+001
    665  2.010934494359103E-005  1.096195054263975E+002
    744  1.967986624848718E-005  1.127340165661099E+002
    838  1.954060755527398E-005  1.178077045912047E+002
    526  1.929286029532353E-005  6.205614154690332E+001
    303  1.906319400617720E-005  3.891633174738261E+001
    235  1.900356216778819E-005  3.553329683850696E+001
    609  1.868540267906895E-005  1.080529774194348E+002
    790  1.861192051456787E-005  1.158127479939932E+002
   1040  1.818397089565750E-005  1.318325334098182E+002
   1005  1.804509208742013E-005  1.302961950162389E+002
    923  1.801592169051312E-005  1.267345977181097E+002
    947  1.779115424353451E-005  1.280025795512814E+002
    635  1.776839653321249E-005  1.087402789130293E+002
    141  1.767468615570781E-005  3.005205957969120E+001
    976  1.755473296548746E-005  1.291265023483052E+002
    247  1.748443136653238E-005  3.613855018049320E+001
    787  1.737502160106854E-005  1.157066821730262E+002
    532  1.730632178422638E-005  6.299204701993657E+001
    943  1.719041666936923E-005  1.278255860865938E+002
   1008  1.714389014801035E-005  1.304054287055121E+002
    679  1.698221618205159E-005  1.106299731616480E+002
    424  1.685171940873706E-005  5.504400290817051E+001
    785  1.684922283829264E-005  1.156515149006221E+002
    845  1.669103024286083E-005  1.182722434309271E+002
     86  1.652229510885401E-005  2.760340701365068E+001
    404  1.641797984058286E-005  5.332919471058649E+001
    905  1.572522312310295E-005  1.252963463377060E+002
    267  1.564798956521827E-005  3.763942844703926E+001
    570  1.553347310162941E-005  1.064458450110351E+002
    659  1.548910218169646E-005  1.093169473413985E+002
   1004  1.547159193736178E-005  1.302828791464404E+002
    673  1.541099772399852E-005  1.101090602242966E+002
    587  1.533676991246732E-005  1.072564562863978E+002
   1028  1.521707122370292E-005  1.312419762585663E+002
   1034  1.505297212966699E-005  1.314975717016592E+002
    640  1.505060786482494E-005  1.088027953187827E+002
    686  1.503302971815231E-005  1.108321598991433E+002
    655  1.485378596510777E-005  1.092114390318620E+002
    875  1.467916956036102E-005  1.206504418490652E+002
    978  1.466348899244745E-005  1.291764873003617E+002
    808  1.441186806269261E-005  1.166438640424820E+002
    781  1.425188861295309E-005  1.155015502370288E+002
    667  1.425094459436549E-005  1.098231148083649E+002
    815  1.424106111420393E-005  1.170844697210597E+002
    625  1.421901263679818E-005  1.084878781680722E+002
    997  1.403834760581873E-005  1.300952728722026E+002
    408  1.401353317908607E-005  5.368647704938994E+001
    917  1.399951266369207E-005  1.262583151256411E+002
    193  1.379886828418389E-005  3.387383688791338E+001
    915  1.359893073799303E-005  1.261627872997085E+002
    613  1.342007658119252E-005  1.081325074305931E+002
    982  1.336783794937870E-005  1.293230544301462E+002
    619  1.335816024949588E-005  1.083262496248409E+002
    562  1.327641332341997E-005  1.058125905236654E+002
    668  1.323657388584425E-005  1.098358517134249E+002
    657  1.318897282421583E-005  1.092680437977900E+002
    590  1.304250142796862E-005  1.073381491314167E+002
   1027  1.302387642500624E-005  1.311414239553258E+002
    804  1.298805351089950E-005  1.164307012054320E+002
    373  1.290855053470479E-005  4.573517441489172E+001
    362  1.290033141330184E-005  4.520209191521082E+001
    794  1.287902122974042E-005  1.159299755047292E+002
    365  1.284502447952280E-005  4.540196146988517E+001
    783  1.283542511222309E-005  1.155776779712016E+002
    642  1.272412982708663E-005  1.088349318990273E+002
    739  1.253327168346189E-005  1.126267264275300E+002
   1013  1.224039878928241E-005  1.306191025791559E+002
    685  1.217670101856645E-005  1.108208915724099E+002
    770  1.216028111879782E-005  1.141655133118217E+002
    371  1.197500504372324E-005  4.567834615857563E+001
    730  1.191084844765631E-005  1.124678820560711E+002
    453  1.177176192802765E-005  5.734859743017803E+001
    513  1.168991322202454E-005  6.111701004965728E+001
    509  1.148080356416944E-005  6.104665142125116E+001
    792  1.145171415973340E-005  1.158579110744502E+002
    375  1.134519046382025E-005  4.577921754207221E+001
    699  1.132996240055082E-005  1.111753891148923E+002
    414  1.131158607896823E-005  5.408443269732371E+001
    949  1.127919698303069E-005  1.280833568476082E+002
    660  1.127065454593160E-005  1.093929129115852E+002
    129  1.118688327988552E-005  2.967722940199728E+001
    671  1.117943051035750E-005  1.100461630260976E+002
     76  1.116577583845264E-005  2.719040433196805E+001
    765  1.115988750985379E-005  1.138034732037320E+002
    648  1.107152367958310E-005  1.089328290594756E+002
   1064  1.107040733394485E-005  1.339182935247794E+002
    782  1.105034746465422E-005  1.155663554633046E+002
    566  1.088359897308010E-005  1.060197199307676E+002
    707  1.077404798132420E-005  1.116484954290111E+002
    852  1.073280472790720E-005  1.189308904937423E+002
   1043  1.069487293009271E-005  1.320181582363304E+002
    714  1.064012279263391E-005  1.118865310298163E+002
    265  1.053921249623392E-005  3.762418150997995E+001
    994  1.049584569095513E-005  1.299886393654431E+002
    483  1.034008407357125E-005  5.892865432514233E+001
    113  1.027303771135831E-005  2.894608485543543E+001
    492  1.023008659252042E-005  5.919740097208313E+001
    462  1.018615613348879E-005  5.834568949164402E+001
    651  1.013841170086824E-005  1.090123807306586E+002
    809  1.009868066014360E-005  1.168273457040169E+002
    884  1.008974771396656E-005  1.212913619330936E+002
   1056  1.003717077974238E-005  1.332822863268028E+002
    849  9.989067206549100E-006  1.186556798515274E+002
    945  9.894435002895386E-006  1.278945431870569E+002
    680  9.873382233170022E-006  1.106808485277705E+002
   1002  9.840734198824212E-006  1.301955720736593E+002
    950  9.821939792922460E-006  1.281356928004739E+002
    342  9.806606038372129E-006  4.219280462450153E+001
    556  9.650983553013530E-006  1.053074591696642E+002
    664  9.241357006318656E-006  1.095868237421283E+002
    559  9.153864994287576E-006  1.054467335457494E+002
    618  9.145936205572303E-006  1.083041655146542E+002
    316  9.115224561488513E-006  3.947722492082590E+001
    846  8.937399128633707E-006  1.183733977129572E+002
    643  8.843261958935834E-006  1.088529165631816E+002
    985  8.839441177320021E-006  1.294454523269476E+002
    112  8.821694240835815E-006  2.893182478938967E+001
    349  8.536265905686646E-006  4.279212686889406E+001
    786  8.445788745993001E-006  1.156679892855772E+002
    862  8.415240562418213E-006  1.194326389788892E+002
    515  8.370813969036939E-006  6.113166482037749E+001
    662  8.368503164201622E-006  1.094304874643061E+002
    457  8.365237070102892E-006  5.770039153165104E+001
    887  8.191639399544887E-006  1.215278324822884E+002
    163  8.024137591904163E-006  3.148605603035891E+001
    893  7.917614004807444E-006  1.225899968537864E+002
    627  7.821174687975555E-006  1.085359599099982E+002
    646  7.799531421689004E-006  1.089039652974663E+002
    784  7.720903962336902E-006  1.156115101864969E+002
   1035  7.690610047194604E-006  1.315022364948826E+002
    677  7.680861536077702E-006  1.104103779431708E+002
    413  7.612288310526468E-006  5.407796767412047E+001
    506  7.574666753377065E-006  6.092479484159845E+001
    758  7.469508382723852E-006  1.131945788764974E+002
    761  7.348489481013122E-006  1.134019555363662E+002
    224  7.327817634864957E-006  3.456258153743839E+001
    188  7.175482672217872E-006  3.343297855491465E+001
    480  7.163667854909416E-006  5.887142017505539E+001
    689  7.157211231743665E-006  1.108992280227757E+002
    859  7.127775597337273E-006  1.193117826572047E+002
    497  7.092360354681192E-006  5.984833423050026E+001
    933  7.048038631316267E-006  1.272967505112425E+002
   1054  6.991644817304114E-006  1.332101619260334E+002
    990  6.960458612861825E-006  1.297249883032466E+002
    696  6.911143470245264E-006  1.111110130672436E+002
   1017  6.748868240961194E-006  1.307020085696559E+002
    715  6.691143515135415E-006  1.119122168057061E+002
    644  6.678749824310583E-006  1.088699046594824E+002
    764  6.608397469418942E-006  1.137269990775531E+002
    585  6.606357507093368E-006  1.071721890576240E+002
    614  6.544530347014428E-006  1.081499604581023E+002
    913  6.404149662003862E-006  1.260963173315474E+002
     56  6.369356197121530E-006  2.577494999028338E+001
     81  6.359056698113377E-006  2.737831616504717E+001
    828  6.337812568256022E-006  1.175132070682912E+002
    932  6.263544365326000E-006  1.272890793904072E+002
    711  6.173272084896843E-006  1.117833092223069E+002
    951  5.981964974416937E-006  1.282127111215003E+002
    732  5.956445652098702E-006  1.124809932511083E+002
    603  5.914939922551820E-006  1.078480909052838E+002
    936  5.786161831659739E-006  1.275963114471066E+002
    766  5.670029723115874E-006  1.138313497862233E+002
    901  5.648429828467688E-006  1.246352700151236E+002
    931  5.605993391102571E-006  1.272754104030811E+002
    488  5.602039893420361E-006  5.904214899548738E+001
    908  5.581340799572257E-006  1.256350992978881E+002
    995  5.495859879423569E-006  1.300556822463785E+002
    953  5.391304466802259E-006  1.282835790234384E+002
    520  5.349153843739606E-006  6.117519869664547E+001
   1041  5.280593525367539E-006  1.318604688563310E+002
    272  5.272095621137608E-006  3.770876893490352E+001
     91  5.194518930172386E-006  2.795709450840539E+001
    345  5.185856026132608E-006  4.248475366295001E+001
    204  5.185469908919279E-006  3.416741852472765E+001
    124  5.064654625911163E-006  2.953039329658957E+001
    430  5.058421032133800E-006  5.544226538226409E+001
    280  4.974448929388146E-006  3.777070006257392E+001
    980  4.900362622344323E-006  1.292322903638887E+002
    973  4.883595817018833E-006  1.290303348922233E+002
    675  4.718488103318557E-006  1.101932688761904E+002
    920  4.704963696719929E-006  1.265729199247587E+002
    820  4.694187705902834E-006  1.173160626674297E+002
    428  4.680291735525933E-006  5.539697768550786E+001
    222  4.592108254905055E-006  3.444665555523785E+001
   1025  4.591802449437142E-006  1.310823101564250E+002
    728  4.516798509201033E-006  1.123911467240560E+002
     53  4.491506382723576E-006  2.532427500710937E+001
   1021  4.457449333803067E-006  1.308784400027895E+002
    847  4.427542291754032E-006  1.183795327778256E+002
    688  4.362719628344355E-006  1.108652117541332E+002
    921  4.352848396557470E-006  1.266347372507485E+002
    128  4.349057396782650E-006  2.964876822252022E+001
    118  4.344512987090654E-006  2.927665934202001E+001
    957  4.320655908214912E-006  1.283224605383935E+002
    582  4.284642276993118E-006  1.069886979669129E+002
    245  4.280918494117756E-006  3.584895809931362E+001
    705  4.220227422573432E-006  1.114879185885843E+002
    283  4.186204374411494E-006  3.781664732037148E+001
    750  4.125158199083552E-006  1.128980084302201E+002
    767  4.102730495758197E-006  1.139787538815297E+002
    485  4.091250457910328E-006  5.896971858223063E+001
    228  4.024264353995311E-006  3.465329128304563E+001
   1012  3.985969965598010E-006  1.305860585800326E+002
    145  3.943507049704877E-006  3.035386176419680E+001
    703  3.942227883268215E-006  1.113359924967504E+002
    867  3.902003761591922E-006  1.199420338065019E+002
   1010  3.893909445102485E-006  1.305150376372933E+002
    735  3.879601315549053E-006  1.125422257639707E+002
    287  3.869558831406722E-006  3.806334999222836E+001
    941  3.832778196358698E-006  1.277239710636116E+002
    856  3.802128512146405E-006  1.192407591408727E+002
    286  3.716425583316977E-006  3.806107114689090E+001
    818  3.657898639523977E-006  1.172202887178189E+002
    793  3.577344732742488E-006  1.158943894419280E+002
    878  3.488194602432246E-006  1.208553192243232E+002
    880  3.483683249577448E-006  1.209811659012211E+002
    591  3.477616829814573E-006  1.073970459895217E+002
    987  3.462875695249599E-006  1.295218650079724E+002
    805  3.408171132276931E-006  1.165442309434909E+002
    575  3.394979839188012E-006  1.067636975144964E+002
    146  3.281778037450372E-006  3.038455959742199E+001
    522  3.153640493294720E-006  6.189501394570030E+001
    939  3.149419230208946E-006  1.276788938661296E+002
    683  3.126732223647333E-006  1.107854094171573E+002
    473  3.115795026722351E-006  5.864875851961727E+001
    172  3.090980656613939E-006  3.254695536480502E+001
    956  3.070133359514706E-006  1.283075816024711E+002
   1023  3.060806171468065E-006  1.309907545973144E+002
    888  3.037394401462681E-006  1.215384892766490E+002
    586  2.943725626241573E-006  1.072414988471015E+002
    900  2.923082801015077E-006  1.240255399934555E+002
   1014  2.909832951470896E-006  1.306579532637773E+002
    606  2.894576405137363E-006  1.079754075340127E+002
    857  2.889813050760310E-006  1.192977858717030E+002
    621  2.888475800254114E-006  1.083828600305560E+002
    882  2.868295189762217E-006  1.212606419968792E+002
    270  2.863688676324440E-006  3.767493462479421E+001
    803  2.808815561223522E-006  1.163959410830473E+002
    839  2.782421192745846E-006  1.178451551754228E+002
    580  2.763173626665799E-006  1.069063882425304E+002
    726  2.741997197876945E-006  1.123280306605216E+002
    740  2.725681530814889E-006  1.126281679605138E+002
    322  2.722333443989069E-006  3.962934885257222E+001
    722  2.629309006873451E-006  1.121989232781130E+002
    935  2.561262484352717E-006  1.274477748704804E+002
    779  2.541718753193325E-006  1.153237642854880E+002
    632  2.507291641382163E-006  1.086732063917954E+002
    455  2.504062900352210E-006  5.757818593173593E+001
    693  2.402311625571776E-006  1.110198391814811E+002
    581  2.374423148626715E-006  1.069166383916512E+002
    925  2.359659123765050E-006  1.268943605090481E+002
    645  2.350676950975718E-006  1.088758352374567E+002
    553  2.330629606194750E-006  1.045844149005738E+002
    351  2.235066028578873E-006  4.290814690346715E+001
    729  2.210968793343985E-006  1.124070412533170E+002
    876  2.210907818338203E-006  1.207338716680959E+002
    959  2.204728990492553E-006  1.283643788123119E+002
    788  2.146419535843334E-006  1.157595566872355E+002
    843  2.116983298799312E-006  1.181049125326048E+002
    811  2.110126079029483E-006  1.169131613251637E+002
    653  2.090520540571168E-006  1.090926521840726E+002
    907  2.088185264622962E-006  1.254774984052440E+002
    993  2.000309227179343E-006  1.299638892136509E+002
    638  1.958073992322994E-006  1.087773663504995E+002
    175  1.819376238319842E-006  3.282740528695558E+001
    501  1.769062999199394E-006  6.025540211442135E+001
    799  1.761788329452246E-006  1.161655148393659E+002
    623  1.707688405708909E-006  1.084311616311891E+002
    984  1.683359088349712E-006  1.293776492189174E+002
    819  1.669850158968151E-006  1.172617623112352E+002
    111  1.619521036911027E-006  2.891758955889047E+001
    367  1.606702770880567E-006  4.546665367422378E+001
    971  1.573784800428407E-006  1.289111652451389E+002
    612  1.559687419951556E-006  1.080838271474082E+002
    858  1.555153939839196E-006  1.193043137223610E+002
   1011  1.451921642391893E-006  1.305590563134582E+002
    961  1.398175683700239E-006  1.283826108536399E+002
   1003  1.391812494232754E-006  1.302792324598297E+002
    756  1.361994150623275E-006  1.131019348749128E+002
    798  1.331975708012561E-006  1.161233232814441E+002
    789  1.329119828125010E-006  1.157939903252585E+002
    628  1.303105294240810E-006  1.085999071252231E+002
    807  1.298675746791690E-006  1.166040027024774E+002
    776  1.268198419554933E-006  1.150535509847603E+002
    178  1.232134271685748E-006  3.291892583427273E+001
    869  1.214037072312362E-006  1.201465244096069E+002
    946  1.205486803338611E-006  1.279201366409634E+002
    433  1.182471997696956E-006  5.552394895078822E+001
    496  1.171314330059369E-006  5.977778544840232E+001
    814  1.170490155431699E-006  1.170571282096026E+002
    736  1.169775386809170E-006  1.125700463249535E+002
    263  1.164108247106254E-006  3.756851288337069E+001
    747  1.121764847392166E-006  1.128221651622354E+002
    637  1.118822540292878E-006  1.087708716348475E+002
   1077  1.093509088477843E-006  6.189178021453241E+002
    834  1.089017480021886E-006  1.176651591794238E+002
    967  1.067136715447316E-006  1.287730879251822E+002
    490  1.033175850383083E-006  5.909746584665749E+001
    177  1.030905038483211E-006  3.286305119332699E+001
    912  1.008553495986658E-006  1.259977317017505E+002
    777  1.002448186992554E-006  1.150636811545726E+002
    165  9.297008156651412E-007  3.194792507678593E+001
    864  9.277991613904327E-007  1.195154318953015E+002
    219  8.973699101140543E-007  3.435584966495736E+001
    775  8.904645386187787E-007  1.149447083106751E+002
    432  8.651933922590817E-007  5.551253331854516E+001
    753  8.627658961091969E-007  1.130399909728984E+002
    902  8.323819627829862E-007  1.246861225619736E+002
    835  7.563864893764512E-007  1.176766134664512E+002
    412  7.421417351581750E-007  5.399327798218789E+001
    406  7.267962966415626E-007  5.347162595814701E+001
   1015  7.236319535086952E-007  1.306693309857935E+002
    890  7.191218352382347E-007  1.222269695705770E+002
    704  7.067385111530676E-007  1.114088220449556E+002
    508  6.617868361075401E-007  6.101348113010317E+001
    773  6.485563017478674E-007  1.146041296786391E+002
    969  6.314294666635878E-007  1.288232913140608E+002
    198  6.309164012201362E-007  3.410095577154824E+001
    678  6.141188042854356E-007  1.105298402911861E+002
     14  5.767877480273451E-007  2.047451167645159E+001
    611  5.492021584580466E-007  1.080609110523806E+002
    712  5.342837460067511E-007  1.118479116964762E+002
    977  5.203631232785362E-007  1.291448023039548E+002
    914  5.141878616401604E-007  1.261343003660832E+002
    135  4.890050759109596E-007  2.990996926970350E+001
    479  4.883227306052931E-007  5.886156225440574E+001
    720  4.849908826561014E-007  1.121496181246094E+002
     55  4.832805249368296E-007  2.564739582447731E+001
     47  4.648135496885535E-007  2.514695584094496E+001
    968  4.595604259242245E-007  1.287893908307005E+002
    723  4.549006755388589E-007  1.122249597820348E+002
    841  4.533673269821013E-007  1.180046875638410E+002
    148  4.288186822584692E-007  3.055713011308698E+001
   1059  4.251096707247115E-007  1.335352794510990E+002
    872  4.125543437399615E-007  1.204992644439996E+002
    718  4.066369655381408E-007  1.120307816427976E+002
    443  4.027816217767227E-007  5.615506371008289E+001
    874  3.960479384636459E-007  1.206463359037059E+002
   1019  3.941619905953999E-007  1.307856127904329E+002
    173  3.877049537552577E-007  3.267731285541730E+001
    164  3.864035002115465E-007  3.156123118588701E+001
     87  3.742933616974586E-007  2.773505635732142E+001
    376  3.625091332132533E-007  4.578482274843697E+001
    759  3.555342925341601E-007  1.132523759465808E+002
    340  3.458661691893173E-007  4.203744443197692E+001
     94  3.391174331078379E-007  2.803048707399637E+001
    620  3.340813052484366E-007  1.083700393844588E+002
    388  3.296637862850146E-007  4.916519389587509E+001
    772  3.183376669461360E-007  1.144444014986270E+002
    861  3.160162426173430E-007  1.193618968506130E+002
   1049  3.151821511889481E-007  1.325964910892840E+002
    692  3.109324445558563E-007  1.109991362888409E+002
    701  3.086203714284815E-007  1.112655741498095E+002
    855  3.056992692909208E-007  1.192335282432478E+002
    416  2.957432787125804E-007  5.412105627361211E+001
    996  2.926659778290010E-007  1.300741546440489E+002
    439  2.755990868380651E-007  5.581771077364913E+001
   1073  2.616382374022429E-007  1.355646294676644E+002
    830  2.563193365175234E-007  1.175448785112390E+002
    268  2.459745419451037E-007  3.765614789507087E+001
    929  2.424528426014089E-007  1.272324166790593E+002
   1050  2.415565309706210E-007  1.326682006609648E+002
    999  2.372670035267352E-007  1.301340763851820E+002
    437  2.357739715770683E-007  5.567668099873953E+001
    598  2.302653137390451E-007  1.077082259858063E+002
    801  2.251729646673130E-007  1.162412158177078E+002
    321  2.081191697920079E-007  3.959878738143280E+001
    743  1.939875592127799E-007  1.126739704882794E+002
   1037  1.660522179891574E-007  1.316166834102353E+002
    833  1.385485804400569E-007  1.176450554682990E+002
    499  1.375294875552158E-007  6.010190034988052E+001
    297  1.345430158153077E-007  3.850412000814609E+001
     93  1.318668983708901E-007  2.801831476528660E+001
    658  1.302315097746618E-007  1.092752908733605E+002
    629  1.195533810651355E-007  1.086436456014825E+002
   1024  1.098702718312557E-007  1.310472886139475E+002
    226  1.084610497869947E-007  3.460914941435140E+001
    891  1.071309870885619E-007  1.222344606190913E+002
   1030  1.066274816209130E-007  1.313677884464318E+002
    676  1.061148314742562E-007  1.102968009656115E+002
    906  1.040224744326068E-007  1.253859334012492E+002
     99  8.802493905878201E-008  2.813215700322161E+001
    734  8.792653088961371E-008  1.125227414297757E+002
    647  8.469828479628106E-008  1.089204596390746E+002
    240  8.055656999366765E-008  3.568815433410965E+001
     77  7.850821325380231E-008  2.720977418778346E+001
    850  7.335856555227702E-008  1.188640670964077E+002
    851  7.320540677571021E-008  1.189105890777936E+002
    924  7.239760327698693E-008  1.267645350898773E+002
    813  5.600740743918991E-008  1.170211975618395E+002
    752  5.523964773467524E-008  1.129825416205730E+002
    690  5.045386777501177E-008  1.109553167085971E+002
    615  5.010775978082334E-008  1.081646255451844E+002
    965  4.904970111942071E-008  1.286084743618769E+002
    881  4.568932112899278E-008  1.212001054655417E+002
   1051  3.826228671581510E-008  1.330173846663143E+002
    652  3.514260547443192E-008  1.090805000764319E+002
    806  2.913312446954498E-008  1.165904998677036E+002
   1007  2.770154904199893E-008  1.303971511397991E+002
    885  2.716270363318601E-008  1.213849358963692E+002
    126  2.467846765531800E-008  2.957864372821811E+001
    837  2.103386122009133E-008  1.177814246314451E+002
    754  1.241082083814532E-008  1.130532912402911E+002
    889  1.213860734804818E-008  1.221096476933091E+002
    823  1.064821670450614E-008  1.173434151863991E+002
    363  9.796539492823089E-009  4.523665715266514E+001
     83  9.234090570512370E-009  2.745200449399356E+001
    525  7.248194388561629E-009  6.201689187624501E+001
    974  3.523642583934051E-009  1.290391941684268E+002
    630  3.371817389524977E-009  1.086464564510315E+002
    415  1.028606903156614E-009  5.409773008136273E+001
    387  5.124834727373195E-010  4.845493173747810E+001
    840  9.400936296388743E-012  1.179674198090055E+002
    904  9.553525139590511E-013  1.250437756508075E+002
