# Number of modes
   1077
# Tabulated for different initial and final frequencies?
    F
# Mode index, Sj, (highest to lowest), omega_j
     27  1.662135181844714E-002  2.288948685305089E+001
    547  1.335369754443936E-002  1.040413527560943E+002
     91  9.492658511831994E-003  2.795709450840539E+001
    100  9.331870217502009E-003  2.814590236831992E+001
   1072  8.857080972640114E-003  1.354275255218108E+002
     65  6.009968537018171E-003  2.645533186342116E+001
    535  5.990271923576769E-003  7.234684016852472E+001
    537  5.553719758733934E-003  7.348438751630307E+001
    253  5.436752096661938E-003  3.690338042035397E+001
     80  4.869641949145702E-003  2.737665388114407E+001
   1060  4.829413766266264E-003  1.336329109810919E+002
      4  4.821997335940641E-003  1.555889535187236E+001
     71  4.416489541996287E-003  2.691074291878593E+001
   1070  4.063029568003540E-003  1.350535885837313E+002
    539  3.898237367801715E-003  1.004038214764926E+002
    458  3.841392443011074E-003  5.780961640938520E+001
    566  3.735506924094421E-003  1.060197199307676E+002
     57  3.547833538521587E-003  2.601044601303876E+001
     14  3.421140161199770E-003  2.047451167645159E+001
      7  3.331324430322638E-003  1.598850297870253E+001
    110  3.200453848923433E-003  2.890337161783228E+001
     86  2.985099476543112E-003  2.760340701365068E+001
   1069  2.922592913395979E-003  1.347402109836953E+002
     90  2.790794918109526E-003  2.792299487571685E+001
   1052  2.763652898444280E-003  1.330891459743712E+002
    152  2.670261739837968E-003  3.107793476288124E+001
     39  2.541324203810120E-003  2.419216907562118E+001
      9  2.533942987708451E-003  1.615282072713023E+001
    163  2.526150671980601E-003  3.148605603035891E+001
    518  2.474907009019574E-003  6.116565427175681E+001
    563  2.470264850771935E-003  1.058622417292547E+002
    303  2.456226542048983E-003  3.891633174738261E+001
     79  2.388458764282379E-003  2.728143790603452E+001
    392  2.252066812423006E-003  4.975569880244111E+001
    223  2.024657333814643E-003  3.452101188794168E+001
     35  2.016655924538204E-003  2.406163852032448E+001
    291  2.013439782211967E-003  3.834865717601958E+001
    421  1.894222654943562E-003  5.469982084171487E+001
     41  1.736824273239424E-003  2.434332602389209E+001
     23  1.718303675538701E-003  2.160694502786773E+001
    438  1.714901549507476E-003  5.568774314714533E+001
    492  1.679996599772851E-003  5.919740097208313E+001
    102  1.671326472094181E-003  2.838723287464182E+001
      8  1.653229685810874E-003  1.603898235084092E+001
     69  1.634875468053334E-003  2.667931486079132E+001
    489  1.575706587784979E-003  5.906665573291085E+001
    531  1.569996850064518E-003  6.280622541285696E+001
    405  1.544629101483428E-003  5.340951413863353E+001
    157  1.490319167910544E-003  3.136040875348826E+001
    890  1.484602243733344E-003  1.222269695705770E+002
     38  1.465849504771267E-003  2.415274881711009E+001
     82  1.454814999695803E-003  2.744742479332049E+001
    232  1.436985250682911E-003  3.530982942235851E+001
     51  1.345385736752022E-003  2.527497960196780E+001
      2  1.300159020349456E-003  1.507477314615795E+001
     37  1.267889484548917E-003  2.413005277682491E+001
    495  1.260516347122102E-003  5.971063876484735E+001
     24  1.254833929044786E-003  2.165827626673025E+001
   1053  1.247016438253052E-003  1.331993000158318E+002
    426  1.223705416906815E-003  5.521112029631625E+001
    188  1.216361238125305E-003  3.343297855491465E+001
    262  1.205008642526869E-003  3.754826259370084E+001
    358  1.171375422809200E-003  4.418411045040358E+001
     17  1.164951736079343E-003  2.091913438766164E+001
    222  1.128825907023500E-003  3.444665555523785E+001
    105  1.080402937477702E-003  2.872870804936272E+001
    404  1.068738223486513E-003  5.332919471058649E+001
    139  1.063278475367508E-003  3.001327528760398E+001
    115  1.058815314856112E-003  2.908676806680809E+001
    298  1.044521794203681E-003  3.860785506393049E+001
   1041  1.038803550631020E-003  1.318604688563310E+002
   1067  9.988440099089229E-004  1.341872351276505E+002
     81  9.846658147361206E-004  2.737831616504717E+001
    460  9.765586288441552E-004  5.821511818989060E+001
    546  9.765315318442628E-004  1.038908634804570E+002
    440  9.725702943394973E-004  5.589934491235444E+001
    144  9.627074908018281E-004  3.023024488043693E+001
    259  9.512650939436968E-004  3.731129763636223E+001
    543  9.380420391324924E-004  1.026098663261161E+002
    177  9.368208516113490E-004  3.286305119332699E+001
     52  9.205371198340666E-004  2.532370304309600E+001
    466  9.193600164010279E-004  5.848631456847294E+001
    125  9.186560616214450E-004  2.955205187993630E+001
     32  9.047837883635403E-004  2.386019687247388E+001
    895  9.012552208064154E-004  1.231922658586809E+002
    329  8.945374262985762E-004  3.994917835777716E+001
    771  8.939692505912744E-004  1.142541813627527E+002
    180  8.920064166961131E-004  3.306959511625761E+001
    433  8.847529111907494E-004  5.552394895078822E+001
    907  8.703089628058748E-004  1.254774984052440E+002
    279  8.498522647509561E-004  3.776291602598710E+001
    482  8.369633210184860E-004  5.890508639424976E+001
    510  8.259283061423473E-004  6.106496915014706E+001
    249  8.106320708569445E-004  3.643158917315001E+001
    113  8.062634606117631E-004  2.894608485543543E+001
     67  7.966170879359720E-004  2.663955326886673E+001
    991  7.795085277553111E-004  1.298309517843196E+002
     64  7.771384292271304E-004  2.637954322898939E+001
    897  7.747700334646586E-004  1.233154024205701E+002
     55  7.714521707124421E-004  2.564739582447731E+001
     70  7.582583646721213E-004  2.683332853591699E+001
    164  7.485181164934181E-004  3.156123118588701E+001
    530  7.433432016762364E-004  6.265828803408258E+001
    847  7.376113939981211E-004  1.183795327778256E+002
    140  7.315056049499009E-004  3.002380690834687E+001
    403  7.253793182465467E-004  5.332276567118551E+001
    505  7.211380512898162E-004  6.089365906344585E+001
    185  7.192015242535085E-004  3.329017879350934E+001
    288  7.176245636979231E-004  3.825168870868715E+001
    301  7.145135214847217E-004  3.874125966254066E+001
     42  7.140722440422682E-004  2.442065503900721E+001
    294  7.110473914625249E-004  3.844005427068350E+001
    544  7.059423677210063E-004  1.037287728441322E+002
    383  6.990304596019632E-004  4.665506804468283E+001
    197  6.987928625339603E-004  3.407091137263039E+001
     53  6.892411971643059E-004  2.532427500710937E+001
    233  6.852749586177989E-004  3.536858076063520E+001
    480  6.836691624948058E-004  5.887142017505539E+001
   1057  6.671234796385837E-004  1.332882698940204E+002
    918  6.651323537643154E-004  1.263810693695273E+002
    551  6.627477406406383E-004  1.044758850995860E+002
    532  6.578056441062772E-004  6.299204701993657E+001
    238  6.547410833161137E-004  3.562010162214489E+001
    341  6.499959900386134E-004  4.207899368185591E+001
     94  6.380682192547648E-004  2.803048707399637E+001
    479  6.356175556283468E-004  5.886156225440574E+001
    575  6.340761551582844E-004  1.067636975144964E+002
    256  6.318782907224441E-004  3.708485200545782E+001
    423  6.303337301744203E-004  5.491452382822700E+001
    474  6.282533100723317E-004  5.866520048333617E+001
    190  6.252723554211592E-004  3.352213579831744E+001
     29  6.096090582968331E-004  2.304600720746813E+001
     58  6.078246405964879E-004  2.603619761911758E+001
    173  6.066129685097614E-004  3.267731285541730E+001
   1058  6.055417553390150E-004  1.334381531708862E+002
    182  6.034395443859182E-004  3.313118961536368E+001
    351  6.007296663820867E-004  4.290814690346715E+001
    396  5.987543569878367E-004  5.292259014309509E+001
     18  5.907176698808770E-004  2.124694793769305E+001
     12  5.826979273760833E-004  1.791855268392995E+001
    905  5.706006334234412E-004  1.252963463377060E+002
    512  5.661032640934936E-004  6.110465593383906E+001
    192  5.654153112547467E-004  3.373139183933635E+001
    204  5.628409029756004E-004  3.416741852472765E+001
    306  5.598495519059216E-004  3.922583615449084E+001
    132  5.555675697941465E-004  2.978147182311027E+001
   1024  5.555432437568817E-004  1.310472886139475E+002
    549  5.546046610365208E-004  1.043755820157491E+002
    112  5.466043166441262E-004  2.893182478938967E+001
    165  5.444169590135555E-004  3.194792507678593E+001
    497  5.390664680849750E-004  5.984833423050026E+001
    193  5.362697741859457E-004  3.387383688791338E+001
     92  5.323005216933226E-004  2.796966533379813E+001
    206  5.291369494000920E-004  3.418711639611698E+001
    114  5.259860192008153E-004  2.903390568794284E+001
    762  5.159160898415757E-004  1.134504722361933E+002
    407  5.150759583168652E-004  5.355040632372296E+001
    247  5.120932352377584E-004  3.613855018049320E+001
    554  5.117721821549805E-004  1.048978551747549E+002
   1071  5.117634391651533E-004  1.353191143310252E+002
    485  5.086413220676652E-004  5.896971858223063E+001
    297  5.082226716087598E-004  3.850412000814609E+001
    400  5.039658753768518E-004  5.304406357850599E+001
      1  4.958591361899656E-004  1.480943860687432E+001
    300  4.905218696354593E-004  3.871033423098082E+001
     44  4.813443328590104E-004  2.487547588775838E+001
    572  4.764029424807480E-004  1.066354688575440E+002
    411  4.680937739202427E-004  5.390414096058870E+001
    387  4.663223635540112E-004  4.845493173747810E+001
    195  4.603628878301586E-004  3.399004655216064E+001
    689  4.576723583030657E-004  1.108992280227757E+002
    386  4.400506417581339E-004  4.778448827008048E+001
   1050  4.353567812425188E-004  1.326682006609648E+002
    346  4.345805325586890E-004  4.251353138364797E+001
    119  4.344713766832768E-004  2.929038281335912E+001
    270  4.311951949831760E-004  3.767493462479421E+001
    149  4.309686594907249E-004  3.064428879965062E+001
     33  4.221806917448994E-004  2.387502434282544E+001
    909  4.153598120636530E-004  1.256671150468244E+002
    378  4.117826563969401E-004  4.609481655347708E+001
    507  4.099662253200612E-004  6.098134465730102E+001
    384  4.073573937908666E-004  4.693482184770667E+001
   1039  4.062593981731703E-004  1.317789778316224E+002
    944  4.020468214636184E-004  1.278264506290159E+002
    550  3.972883774138931E-004  1.044255141670578E+002
    928  3.942168953143094E-004  1.271758190169006E+002
    365  3.873438053020810E-004  4.540196146988517E+001
    483  3.845217922715106E-004  5.892865432514233E+001
    585  3.786110467677896E-004  1.071721890576240E+002
    898  3.683401590220333E-004  1.236287338505038E+002
     96  3.657738291077734E-004  2.807603105873968E+001
    519  3.630443835322897E-004  6.116666091909611E+001
      5  3.605061401435226E-004  1.580375607842547E+001
    308  3.563668175220086E-004  3.924824416979163E+001
     31  3.553974623206396E-004  2.349957735236975E+001
   1038  3.552352881025636E-004  1.317153469634680E+002
    240  3.501667692531626E-004  3.568815433410965E+001
    390  3.408561422203514E-004  4.930034545373515E+001
     22  3.330050796314515E-004  2.149928230079738E+001
    472  3.321492246453921E-004  5.860732378330380E+001
    540  3.277041456294590E-004  1.019596674086986E+002
    802  3.197987752062550E-004  1.163074247182627E+002
    211  3.187765328672569E-004  3.422885497659050E+001
    854  3.185794950966718E-004  1.190938927222375E+002
    166  3.128374994868633E-004  3.197534022905977E+001
    808  3.125827504254487E-004  1.166438640424820E+002
    296  3.105255483421203E-004  3.847026909032138E+001
    855  3.070474608691631E-004  1.192335282432478E+002
    453  3.064727499535712E-004  5.734859743017803E+001
    111  3.039119353400039E-004  2.891758955889047E+001
    264  3.005874092572677E-004  3.760740200223662E+001
    172  2.980065430477110E-004  3.254695536480502E+001
    938  2.960976137158830E-004  1.276246332177813E+002
    503  2.909967678872617E-004  6.062899617907863E+001
     60  2.853767823269577E-004  2.612817271153773E+001
    836  2.848212742119553E-004  1.177792466123822E+002
   1031  2.838904900511997E-004  1.313824495210718E+002
    248  2.832687237315870E-004  3.617742791171408E+001
    142  2.824145856135657E-004  3.011700635419402E+001
    851  2.819807496233590E-004  1.189105890777936E+002
    717  2.810008969526558E-004  1.119901298340990E+002
    241  2.809753603041335E-004  3.573178726353736E+001
     93  2.775722808469248E-004  2.801831476528660E+001
    199  2.771274040541480E-004  3.411214171315592E+001
    399  2.762594192468689E-004  5.300117686152819E+001
    983  2.729092682209127E-004  1.293699640118089E+002
    203  2.729030631918102E-004  3.415596231316062E+001
     10  2.699998636837438E-004  1.630017574824609E+001
    103  2.665184504822613E-004  2.854698030319213E+001
    397  2.648083254657828E-004  5.292984574180642E+001
   1034  2.618755275029776E-004  1.314975717016592E+002
    917  2.615740387840368E-004  1.262583151256411E+002
    680  2.598148870764517E-004  1.106808485277705E+002
    360  2.595036244239522E-004  4.501412031898634E+001
    207  2.586818001850137E-004  3.419271829752626E+001
   1074  2.579067774953249E-004  1.357832717908243E+002
    330  2.549653266709951E-004  4.000719691328421E+001
    721  2.515826242772503E-004  1.121902054803930E+002
    326  2.509704210759452E-004  3.980074663620405E+001
    757  2.494089144480370E-004  1.131455979007981E+002
    588  2.493891596395625E-004  1.072780161282308E+002
    245  2.433088109947293E-004  3.584895809931362E+001
   1061  2.373370890513558E-004  1.338239896777959E+002
    592  2.370710900817722E-004  1.074010896433819E+002
    432  2.348433116375489E-004  5.551253331854516E+001
    456  2.284386019468761E-004  5.758475825352298E+001
    186  2.199424569112813E-004  3.335079910483972E+001
    108  2.171274193232901E-004  2.884206820739177E+001
   1013  2.156035347753767E-004  1.306191025791559E+002
    698  2.127991644898434E-004  1.111543499618823E+002
    997  2.117975894756982E-004  1.300952728722026E+002
    274  2.117022107631734E-004  3.771469066363962E+001
    504  2.115802773061075E-004  6.073767201700102E+001
    117  2.088916301704325E-004  2.915145470361619E+001
    356  2.082208154606311E-004  4.399929676237998E+001
    760  2.081728503575970E-004  1.133648679091437E+002
    459  2.031140583535578E-004  5.797524108925945E+001
    576  2.025652934900126E-004  1.068188420241767E+002
    972  2.023859628811084E-004  1.289491342298440E+002
    143  2.010028987252913E-004  3.021552765862468E+001
    229  1.975965949440454E-004  3.477639317683153E+001
    154  1.968313336312125E-004  3.128025029310897E+001
    293  1.959890678598682E-004  3.840315559517953E+001
    797  1.953137642901490E-004  1.161224071144865E+002
    673  1.940981696812027E-004  1.101090602242966E+002
    694  1.940163291993163E-004  1.110208923005156E+002
    832  1.934247925972661E-004  1.176150872586579E+002
     95  1.932962368984916E-004  2.806113631432304E+001
    557  1.920981127692166E-004  1.053298087456868E+002
    772  1.918002109372225E-004  1.144444014986270E+002
    160  1.909590707066521E-004  3.140287364756382E+001
    254  1.880721329800716E-004  3.696870162494890E+001
    514  1.846160385425993E-004  6.112143562944963E+001
    316  1.845461000403711E-004  3.947722492082590E+001
    452  1.838616705908215E-004  5.732416656661538E+001
    930  1.821435886242163E-004  1.272550109882912E+002
    109  1.780712537409619E-004  2.888359254004277E+001
     11  1.779572843591915E-004  1.771447447329438E+001
    873  1.767900815039693E-004  1.205400953636918E+002
    534  1.766447848252552E-004  6.352992396574133E+001
    156  1.725706160063370E-004  3.133959801814033E+001
    911  1.712565679118047E-004  1.258968376271585E+002
    343  1.711765890313089E-004  4.223776350771931E+001
    645  1.709392134289435E-004  1.088758352374567E+002
     78  1.704683744807835E-004  2.724001953302053E+001
   1044  1.697104253411264E-004  1.320835593454495E+002
    763  1.692953920812606E-004  1.136578287383470E+002
    826  1.667224406481153E-004  1.174535409692338E+002
    793  1.666375125436833E-004  1.158943894419280E+002
    976  1.654040636329696E-004  1.291265023483052E+002
    347  1.647166689470845E-004  4.251894246220620E+001
    290  1.633017025987541E-004  3.834059039797889E+001
     63  1.620458799810923E-004  2.633691355837915E+001
    593  1.615095319359917E-004  1.074633420950339E+002
    517  1.608661744157427E-004  6.116283191518230E+001
    838  1.597015110086664E-004  1.178077045912047E+002
    210  1.594561929592894E-004  3.421873300884823E+001
    500  1.586383152954739E-004  6.016266526055261E+001
     73  1.586346789336962E-004  2.704395448663374E+001
    136  1.555426044807504E-004  2.995197020395121E+001
    795  1.526911561668357E-004  1.159446042090269E+002
    611  1.522421930236402E-004  1.080609110523806E+002
    266  1.497405833658917E-004  3.763404507858488E+001
    947  1.489166539135636E-004  1.280025795512814E+002
    631  1.481554110493604E-004  1.086593678715634E+002
    943  1.476125198423533E-004  1.278255860865938E+002
    553  1.473966273023527E-004  1.045844149005738E+002
    929  1.456636667507809E-004  1.272324166790593E+002
     99  1.444037041457209E-004  2.813215700322161E+001
    708  1.438871967338021E-004  1.116659378913442E+002
   1022  1.435228935481476E-004  1.309570316227355E+002
    746  1.420370335211987E-004  1.128150956859242E+002
    319  1.420178902056376E-004  3.955367029075058E+001
    979  1.406698061113409E-004  1.292073280791942E+002
    201  1.397737269194589E-004  3.413905621996786E+001
    527  1.396646067105737E-004  6.211137902133680E+001
    209  1.395782131534035E-004  3.420776675567321E+001
    676  1.385503122617404E-004  1.102968009656115E+002
    623  1.374388244040063E-004  1.084311616311891E+002
    436  1.364191045961060E-004  5.562240782737462E+001
    812  1.348444720145122E-004  1.169499526914024E+002
    272  1.340972960247762E-004  3.770876893490352E+001
    877  1.338533838474434E-004  1.207635072396237E+002
    198  1.332215337303670E-004  3.410095577154824E+001
    582  1.326546079369156E-004  1.069886979669129E+002
    255  1.320870096973522E-004  3.705801266502003E+001
    989  1.319409510944522E-004  1.296856498562064E+002
   1075  1.311074228305422E-004  1.852007864492208E+002
    686  1.305734416297484E-004  1.108321598991433E+002
    442  1.280534925915787E-004  5.605259237502305E+001
    337  1.279837479785334E-004  4.125439580477820E+001
    992  1.277624218312988E-004  1.299169051159237E+002
    604  1.260889252644499E-004  1.078901483894559E+002
    970  1.254965497501066E-004  1.288440499253601E+002
    333  1.242489224474286E-004  4.050570323460023E+001
    137  1.233390351496154E-004  2.996307755422044E+001
    494  1.222031425599662E-004  5.959072402434833E+001
     36  1.216364902112172E-004  2.408548968715760E+001
    430  1.211674182902225E-004  5.544226538226409E+001
    998  1.210063030603530E-004  1.301241144683907E+002
    434  1.206407318875036E-004  5.556859477681133E+001
    135  1.200984967106814E-004  2.990996926970350E+001
    236  1.192149722471643E-004  3.558504171265294E+001
    380  1.167238037800541E-004  4.621788456267294E+001
    239  1.166123144361464E-004  3.564788119351169E+001
    602  1.158944308734435E-004  1.078335831208874E+002
     66  1.154431580300612E-004  2.653041695388611E+001
    658  1.153144968688927E-004  1.092752908733605E+002
    348  1.141261902518134E-004  4.278252907839931E+001
    954  1.133072216563724E-004  1.282848493157465E+002
    870  1.120922654995574E-004  1.203621491035894E+002
   1047  1.118226497611379E-004  1.324683504365100E+002
    445  1.115794766382434E-004  5.650985963977887E+001
    523  1.111388013596481E-004  6.195141091349550E+001
    283  1.089704389372587E-004  3.781664732037148E+001
    450  1.087038650352047E-004  5.723022636777802E+001
    748  1.086400676517751E-004  1.128453459062848E+002
    780  1.086118665701203E-004  1.153482258688003E+002
    221  1.084894045234176E-004  3.444064242877499E+001
    130  1.079663849269582E-004  2.969026097336859E+001
     54  1.078920117070943E-004  2.537118147105558E+001
    335  1.067086598054995E-004  4.064698242871874E+001
     48  1.065482808220443E-004  2.521050943974308E+001
    184  1.052212363904919E-004  3.328145954751520E+001
    385  1.038457826771523E-004  4.744969147605799E+001
    967  1.029218578554701E-004  1.287730879251822E+002
    374  1.018553472299887E-004  4.576894168844035E+001
    398  1.010886779824100E-004  5.298968704937109E+001
    934  1.000861062428046E-004  1.274026915475210E+002
    545  9.890920025612724E-005  1.038885725205099E+002
     50  9.825892652437170E-005  2.524792740229145E+001
    937  9.779036341211423E-005  1.275975168353670E+002
    376  9.768253264840358E-005  4.578482274843697E+001
    194  9.753995276109649E-005  3.388123191050668E+001
    986  9.733007275726199E-005  1.294778988001748E+002
    784  9.726138473776064E-005  1.156115101864969E+002
   1006  9.725615783171714E-005  1.303473844140781E+002
    287  9.705427222353509E-005  3.806334999222836E+001
    926  9.614973840508223E-005  1.269935099435139E+002
    169  9.611211270004797E-005  3.225245008090104E+001
    393  9.560234055099049E-005  5.117422678475859E+001
    475  9.516067833849559E-005  5.870955367754343E+001
    141  9.448422606017957E-005  3.005205957969120E+001
    417  9.422299697637737E-005  5.432386496665636E+001
    269  9.390180130912632E-005  3.766609016559832E+001
    391  9.252996569935542E-005  4.935295074539214E+001
    774  9.155059342401266E-005  1.147299018357027E+002
    733  9.144572263033609E-005  1.125211996768446E+002
    894  8.908852953139817E-005  1.226855190700912E+002
    659  8.785996707544864E-005  1.093169473413985E+002
    418  8.782787936754461E-005  5.440760214654593E+001
   1076  8.752992862452391E-005  1.858411948136732E+002
   1066  8.752168604395341E-005  1.341339055776214E+002
    448  8.686313365936714E-005  5.707216855561523E+001
    829  8.684966223528533E-005  1.175434491795728E+002
    246  8.665357168197979E-005  3.612200287477440E+001
    663  8.612022812312633E-005  1.095408569103236E+002
    292  8.573676925093051E-005  3.837765227419467E+001
    515  8.531147007704184E-005  6.113166482037749E+001
    278  8.478704856247273E-005  3.775225448216675E+001
    213  8.468477317971706E-005  3.426923698719692E+001
    138  8.445402944211930E-005  2.998810658959070E+001
     40  8.392267085635969E-005  2.429142631572386E+001
    302  8.380573627192906E-005  3.874867387838012E+001
   1018  8.354788921846350E-005  1.307425624046459E+002
    332  8.324668945506152E-005  4.036182328117159E+001
    952  8.238108480190658E-005  1.282170243378332E+002
    960  8.170435217806021E-005  1.283710541965592E+002
     20  8.159252474862018E-005  2.146722812704134E+001
    716  8.155237513658564E-005  1.119313653155845E+002
    824  8.142030274116576E-005  1.173851057796732E+002
    865  7.998290831250222E-005  1.195233182598442E+002
    369  7.850949350687408E-005  4.556664797594529E+001
    454  7.825225605390057E-005  5.753531790534946E+001
    116  7.783362031613097E-005  2.910094471225916E+001
     74  7.781289213573805E-005  2.706787664592100E+001
    650  7.769673386221156E-005  1.090061273622073E+002
    712  7.733930673835671E-005  1.118479116964762E+002
     83  7.697941248479465E-005  2.745200449399356E+001
    552  7.582940720034610E-005  1.045004516183760E+002
    299  7.483176460563409E-005  3.861147003050849E+001
    261  7.470195174474529E-005  3.751537038816641E+001
     97  7.458747748342951E-005  2.809615145046481E+001
   1000  7.393140940030476E-005  1.301375093272533E+002
    578  7.331639192582998E-005  1.068696587706935E+002
     46  7.321545117443612E-005  2.508968851186969E+001
     89  7.234866301133425E-005  2.787565477396676E+001
    478  7.234163787601857E-005  5.880478287498814E+001
   1021  7.167827561646483E-005  1.308784400027895E+002
    725  7.136221874579680E-005  1.122622575126908E+002
   1016  7.121613412199163E-005  1.306784011483153E+002
    860  7.002820846683195E-005  1.193608179742887E+002
    580  6.976661264986353E-005  1.069063882425304E+002
    320  6.905567836587778E-005  3.958466091098631E+001
    559  6.874898188611374E-005  1.054467335457494E+002
    161  6.874478862920333E-005  3.141544799468193E+001
    607  6.841304739914666E-005  1.079782277499060E+002
    513  6.836613894380063E-005  6.111701004965728E+001
    427  6.728737478734750E-005  5.530625255614972E+001
    973  6.674706950859856E-005  1.290303348922233E+002
    189  6.665345869224841E-005  3.348575581421191E+001
    700  6.634755171205337E-005  1.112187707043413E+002
    468  6.601575493018007E-005  5.850419738659161E+001
    745  6.596644030300122E-005  1.127541380335163E+002
    681  6.575200199338842E-005  1.107150530846271E+002
    276  6.550953388142710E-005  3.774173651101562E+001
    533  6.456680344165354E-005  6.344214913117692E+001
    791  6.266151315190850E-005  1.158399885308925E+002
    331  6.170465856769910E-005  4.033978069592825E+001
    431  6.110194633848416E-005  5.545822575490884E+001
    120  6.058253168615609E-005  2.935022978395871E+001
    381  6.051189839146158E-005  4.623753374880091E+001
    251  5.988590202914006E-005  3.670193646720268E+001
   1008  5.969295474364320E-005  1.304054287055121E+002
     34  5.839989639529354E-005  2.394870774261297E+001
     62  5.823832246435181E-005  2.630569023157911E+001
    477  5.809500174384092E-005  5.875439662154096E+001
    924  5.794265782771452E-005  1.267645350898773E+002
    271  5.748458120563524E-005  3.769377629908810E+001
    919  5.745562392500474E-005  1.264669767465423E+002
    281  5.684632618695710E-005  3.778222215271058E+001
    183  5.642026399661690E-005  3.317747871488443E+001
    827  5.575714774257442E-005  1.174913134466901E+002
    219  5.565105111789207E-005  3.435584966495736E+001
    719  5.564762917793975E-005  1.120361196403708E+002
    327  5.517232777332167E-005  3.980649710729982E+001
    541  5.509286733771572E-005  1.020561485810812E+002
    168  5.501263153634433E-005  3.223239881301075E+001
    377  5.495905735280362E-005  4.580996274485975E+001
    643  5.493740402262453E-005  1.088529165631816E+002
    883  5.479410221031466E-005  1.212822283474710E+002
    843  5.349218062604425E-005  1.181049125326048E+002
     84  5.348044220689374E-005  2.748397341497807E+001
   1045  5.330935093428984E-005  1.322246800166877E+002
    202  5.227773612568917E-005  3.414693728338715E+001
    282  5.194254432032469E-005  3.781601762519486E+001
    858  5.143587648614501E-005  1.193043137223610E+002
    807  5.074750159891280E-005  1.166040027024774E+002
    964  5.073433401782102E-005  1.284811881676410E+002
    145  5.048665354752250E-005  3.035386176419680E+001
    106  4.889136397564425E-005  2.873147041157064E+001
    401  4.829379966688198E-005  5.310952948046032E+001
    493  4.816650269224919E-005  5.956939432616837E+001
   1062  4.747497403138786E-005  1.338537297016246E+002
    538  4.703244774337586E-005  8.801939400846273E+001
    174  4.700913788463512E-005  3.277024257542895E+001
    942  4.675217121990628E-005  1.277896527703618E+002
    446  4.610229940598458E-005  5.657515742254393E+001
    564  4.553944110014268E-005  1.059223740174141E+002
    871  4.543233570758030E-005  1.204638135739833E+002
    866  4.492245200971636E-005  1.198737679274225E+002
   1020  4.449661708881602E-005  1.308300137670077E+002
    902  4.445205731637812E-005  1.246861225619736E+002
     59  4.436943476959264E-005  2.608228483109795E+001
    325  4.360546861804495E-005  3.979678053884171E+001
    816  4.273687062772268E-005  1.170854692244173E+002
    525  4.157711021622899E-005  6.201689187624501E+001
    609  4.119135286383436E-005  1.080529774194348E+002
    244  4.087561831803359E-005  3.582009297825139E+001
   1033  4.017190056106031E-005  1.314921549657209E+002
    409  3.993761225319518E-005  5.377950655266745E+001
    487  3.968724400551364E-005  5.901096182276392E+001
    312  3.968404513542335E-005  3.940338989709551E+001
    305  3.897998877730817E-005  3.919092577852600E+001
    215  3.867410199235973E-005  3.430912489816387E+001
    548  3.786572451662545E-005  1.041098140943872E+002
    731  3.735471342178852E-005  1.124795031346507E+002
    649  3.714622381468654E-005  1.089557122086210E+002
    212  3.707946444580683E-005  3.425448747044050E+001
    868  3.705264087441283E-005  1.199994649602093E+002
    777  3.685992677605850E-005  1.150636811545726E+002
    167  3.685574242337706E-005  3.206734480721192E+001
    205  3.616911078242878E-005  3.418138862993963E+001
    352  3.597152449917365E-005  4.345183818831803E+001
    655  3.546662286889077E-005  1.092114390318620E+002
     49  3.533642200375729E-005  2.521926711432687E+001
    150  3.530666908351471E-005  3.095380367517388E+001
    785  3.528267713156398E-005  1.156515149006221E+002
    158  3.513282248800187E-005  3.138637587596471E+001
    322  3.477555554001534E-005  3.962934885257222E+001
    338  3.468106080780306E-005  4.143596746217444E+001
    364  3.467406295497667E-005  4.528995878587361E+001
    863  3.432375920552556E-005  1.194780899982511E+002
    273  3.429437227406686E-005  3.771236202405859E+001
   1005  3.385437823824853E-005  1.302961950162389E+002
    984  3.335403193818553E-005  1.293776492189174E+002
    516  3.179302993124333E-005  6.114879167768425E+001
   1032  3.155174153845711E-005  1.314270448258869E+002
    134  3.151986237013735E-005  2.989081555609098E+001
     13  3.122750271080178E-005  2.038781372204352E+001
   1009  3.112918236287913E-005  1.304609142394732E+002
      6  3.106737011116903E-005  1.593905863128156E+001
   1001  3.103328661388877E-005  1.301907504163165E+002
    309  3.100027406228266E-005  3.929268620446922E+001
    118  3.094612362447451E-005  2.927665934202001E+001
    560  3.082337300234705E-005  1.057397922085461E+002
    796  3.078683946065258E-005  1.160406419035091E+002
    600  3.070170328819380E-005  1.078192567961393E+002
    825  3.046927404441506E-005  1.174155068731360E+002
    769  3.035220675688826E-005  1.141494817506874E+002
      3  3.012374309832543E-005  1.530095081680193E+001
    536  2.996339671626602E-005  7.244369170766353E+001
    155  2.942797585743471E-005  3.129077640287002E+001
    389  2.921600234767576E-005  4.924612888004685E+001
    151  2.916931569906358E-005  3.097448214004631E+001
     43  2.878784973817369E-005  2.485090944939308E+001
    520  2.865791393559454E-005  6.117519869664547E+001
    196  2.845165102872403E-005  3.402217963204272E+001
    367  2.799412727694164E-005  4.546665367422378E+001
   1036  2.797191957725137E-005  1.315563975924429E+002
    842  2.786654620413228E-005  1.180365480395604E+002
    678  2.783000006757224E-005  1.105298402911861E+002
    123  2.732882593088606E-005  2.945706723223188E+001
    336  2.730167237542376E-005  4.106442919982931E+001
    597  2.683159542994182E-005  1.076362394255561E+002
    153  2.662059562605645E-005  3.119128674334460E+001
    415  2.647727091605022E-005  5.409773008136273E+001
    230  2.607100187249487E-005  3.507000892128892E+001
    324  2.602605112695691E-005  3.965813849875591E+001
    945  2.595873849066448E-005  1.278945431870569E+002
    455  2.584396671067660E-005  5.757818593173593E+001
    121  2.549377607443770E-005  2.937009161569695E+001
    304  2.540677060125689E-005  3.902642388250331E+001
    355  2.531866630508397E-005  4.365668409738398E+001
    615  2.479803544092925E-005  1.081646255451844E+002
     30  2.471120228885188E-005  2.339033246897357E+001
    449  2.464104022555014E-005  5.713782918039372E+001
    697  2.461278732336969E-005  1.111168086390436E+002
    357  2.450157306499185E-005  4.413715889769129E+001
    635  2.445436876997121E-005  1.087402789130293E+002
    977  2.432460334941450E-005  1.291448023039548E+002
    310  2.392173295478568E-005  3.933560718805473E+001
   1011  2.343865853722589E-005  1.305590563134582E+002
    751  2.304919176703660E-005  1.129352725370382E+002
     87  2.264709455875190E-005  2.773505635732142E+001
    675  2.245735260551239E-005  1.101932688761904E+002
    702  2.211487144663956E-005  1.112791472783473E+002
    491  2.143293080619125E-005  5.916484178919298E+001
    948  2.124603053379401E-005  1.280530341997139E+002
    314  2.102515519004592E-005  3.944402428691944E+001
    481  2.091791560985254E-005  5.889564718758225E+001
    831  2.049669754983276E-005  1.175849164822640E+002
    555  2.041402341194650E-005  1.049505825405343E+002
    691  2.035733134058282E-005  1.109942746792360E+002
    573  1.987943169859994E-005  1.066520968004064E+002
    565  1.967548632572227E-005  1.059848591127986E+002
    265  1.940170584539950E-005  3.762418150997995E+001
    632  1.904001874510946E-005  1.086732063917954E+002
    350  1.870243980329871E-005  4.287084402122760E+001
    511  1.831759665826915E-005  6.108291035790679E+001
    451  1.819173705560192E-005  5.726939793781466E+001
   1048  1.801177110345322E-005  1.325281096806480E+002
    636  1.761038104012370E-005  1.087412284437008E+002
    892  1.753059232330781E-005  1.223146913863671E+002
    175  1.741737546195355E-005  3.282740528695558E+001
    133  1.717512345095730E-005  2.980777525245198E+001
     77  1.715441560241871E-005  2.720977418778346E+001
    382  1.705852731066091E-005  4.661435463500721E+001
    214  1.704272289402340E-005  3.429158842681225E+001
    853  1.693014828790974E-005  1.189950762444425E+002
    896  1.680664627992430E-005  1.231967026860033E+002
     21  1.655701919790175E-005  2.149552581175353E+001
    394  1.620339052748290E-005  5.275338077531283E+001
    875  1.617383278618037E-005  1.206504418490652E+002
    216  1.612955128800857E-005  3.431915233475488E+001
    413  1.605986995263658E-005  5.407796767412047E+001
    317  1.602233656333272E-005  3.952108816795088E+001
   1026  1.531639147344821E-005  1.310988308446859E+002
    234  1.484812874838785E-005  3.541632958107625E+001
    661  1.460065153677282E-005  1.094040232551639E+002
    280  1.432390759365392E-005  3.777070006257392E+001
    988  1.411568029328205E-005  1.295230022337254E+002
    444  1.404051618688680E-005  5.640873014994138E+001
    817  1.400691897550007E-005  1.171745914510001E+002
    361  1.395800800145301E-005  4.509188248244521E+001
     68  1.379756679055463E-005  2.665958995788216E+001
    813  1.379452030591350E-005  1.170211975618395E+002
    542  1.374711099217665E-005  1.021380905135569E+002
    768  1.346271012188086E-005  1.140511281344195E+002
    502  1.337782502353053E-005  6.033057478557798E+001
    955  1.333090437249015E-005  1.283043098504922E+002
    285  1.323172141664089E-005  3.794670187788559E+001
    307  1.295002690566876E-005  3.924418415703018E+001
    473  1.285223696985599E-005  5.864875851961727E+001
    880  1.283794188278388E-005  1.209811659012211E+002
    950  1.276438673807541E-005  1.281356928004739E+002
    162  1.272847629964880E-005  3.142013005221356E+001
    242  1.247859977333813E-005  3.575330164903793E+001
    243  1.233147037403478E-005  3.580427376176280E+001
    630  1.227297706387610E-005  1.086464564510315E+002
    613  1.198852650663764E-005  1.081325074305931E+002
    334  1.175400311743742E-005  4.055961280242965E+001
    887  1.174862767704399E-005  1.215278324822884E+002
    295  1.168198234029728E-005  3.844649820311862E+001
    107  1.163954616982473E-005  2.880093649968087E+001
    131  1.154084511846846E-005  2.976719894627799E+001
    419  1.139305312776257E-005  5.447434435004674E+001
    159  1.131727706671596E-005  3.140014259635325E+001
    975  1.107431702492049E-005  1.290479361570385E+002
    618  1.087720742369423E-005  1.083041655146542E+002
    187  1.084306496845237E-005  3.338593491458187E+001
    170  1.073308852663654E-005  3.240864442722207E+001
    425  9.990003840267208E-006  5.512885982268182E+001
    345  9.928980851028105E-006  4.248475366295001E+001
    375  9.798350337058427E-006  4.577921754207221E+001
    289  9.703789293132790E-006  3.832422991649202E+001
    778  9.593491794514729E-006  1.153062331743218E+002
    277  9.499000683945720E-006  3.774405278528796E+001
    471  9.468501659706951E-006  5.859921299406331E+001
     75  9.397612592687634E-006  2.717284531466260E+001
    571  9.143034232396381E-006  1.065760725477823E+002
    286  9.037662896720297E-006  3.806107114689090E+001
    528  8.964110762289159E-006  6.211763689923020E+001
    671  8.952146633746056E-006  1.100461630260976E+002
    558  8.866361633027187E-006  1.054235904423783E+002
    605  8.853172573352267E-006  1.079476682950407E+002
    835  8.645008545399466E-006  1.176766134664512E+002
    617  8.642538064609313E-006  1.082069188907082E+002
    727  8.583585376599143E-006  1.123838421661365E+002
    359  8.476537050009798E-006  4.440820660542785E+001
    414  8.472857197918790E-006  5.408443269732371E+001
    217  8.311573584934907E-006  3.432077633458158E+001
    147  8.274630512842318E-006  3.045498909450352E+001
     85  8.197660884093476E-006  2.757726243328665E+001
    524  8.187379602783822E-006  6.196836567938324E+001
    323  8.155957783920560E-006  3.963162035223775E+001
    765  8.112193421377349E-006  1.138034732037320E+002
     19  8.073902991749857E-006  2.137958735177528E+001
    962  8.056779123937086E-006  1.284190833846668E+002
    402  7.983557046603051E-006  5.323403324336612E+001
    810  7.905278552647231E-006  1.168542717379606E+002
    101  7.806297643131151E-006  2.816121926613436E+001
    313  7.545801653333058E-006  3.941220320488696E+001
    594  7.532748671164021E-006  1.075267994995216E+002
    756  7.494256858337996E-006  1.131019348749128E+002
    584  7.279534800350272E-006  1.071415131646536E+002
    104  7.177585276887886E-006  2.863475114667724E+001
    995  7.079758694499081E-006  1.300556822463785E+002
    654  7.030532686095196E-006  1.091774321289355E+002
    521  7.005430369912587E-006  6.120499406654021E+001
    570  6.982240705884165E-006  1.064458450110351E+002
    610  6.917547798693331E-006  1.080548791140610E+002
    710  6.906035885402463E-006  1.117114283703663E+002
    122  6.905823271804335E-006  2.942821875092930E+001
    561  6.881565425358062E-006  1.057823475786052E+002
    568  6.787134466597111E-006  1.063884322375297E+002
    509  6.755336558388920E-006  6.104665142125116E+001
    128  6.731308127537508E-006  2.964876822252022E+001
    318  6.564905056642560E-006  3.952690512520030E+001
    587  6.558656567356975E-006  1.072564562863978E+002
    621  6.514523128068104E-006  1.083828600305560E+002
    250  6.455136214286214E-006  3.645071914574685E+001
    968  6.444901938331539E-006  1.287893908307005E+002
    981  6.386081746950878E-006  1.292686845988868E+002
    176  6.316470088311853E-006  3.283702642513862E+001
    127  6.161774089483710E-006  2.958197907168710E+001
    321  6.160496709217016E-006  3.959878738143280E+001
     72  6.022561320937034E-006  2.695844835194747E+001
    674  6.006534538328385E-006  1.101627157855635E+002
    224  5.953774097422918E-006  3.456258153743839E+001
    218  5.879304075516392E-006  3.434087154455664E+001
   1055  5.870463802072306E-006  1.332315483337306E+002
    469  5.829819274086321E-006  5.857260373695996E+001
     26  5.827968571793766E-006  2.275577786050195E+001
    373  5.734106697204805E-006  4.573517441489172E+001
    577  5.713059897400249E-006  1.068269012623950E+002
    441  5.606214916095312E-006  5.602297434426368E+001
    624  5.541468335359441E-006  1.084534043855216E+002
    672  5.515559518045108E-006  1.100523893058521E+002
    789  5.512858075705621E-006  1.157939903252585E+002
    583  5.429346079215502E-006  1.070323413352247E+002
    626  5.399618072341732E-006  1.085197354965440E+002
    616  5.384274914602084E-006  1.081902144651443E+002
    339  5.359246459226549E-006  4.199721405536648E+001
   1056  5.297268741777251E-006  1.332822863268028E+002
    435  5.261844255527342E-006  5.559833163642786E+001
    263  5.243832380997377E-006  3.756851288337069E+001
     16  5.175814774013753E-006  2.083990463296455E+001
    886  5.075526950735197E-006  1.214498350996194E+002
    529  5.062592677594271E-006  6.213305424318654E+001
    126  4.944390275737928E-006  2.957864372821811E+001
    476  4.897858337132138E-006  5.874284760292872E+001
    410  4.789390903903070E-006  5.380004782230375E+001
    837  4.786106428793454E-006  1.177814246314451E+002
    589  4.753057705925708E-006  1.073243551551986E+002
    420  4.739086122178813E-006  5.464265012038360E+001
    328  4.665245621065506E-006  3.982877398686839E+001
    579  4.420291040342716E-006  1.068810185812333E+002
    899  4.394237945908379E-006  1.237750393258326E+002
    508  4.300872757761572E-006  6.101348113010317E+001
    656  4.297901183964458E-006  1.092383325553483E+002
    486  4.246313777915874E-006  5.898078655703418E+001
    227  4.140787345736127E-006  3.461221107986133E+001
    958  4.131456634521564E-006  1.283326337970340E+002
    340  4.100603324649718E-006  4.203744443197692E+001
    848  4.050255420711660E-006  1.185512117490796E+002
    595  3.987689710503029E-006  1.075727311228692E+002
    526  3.975987775645935E-006  6.205614154690332E+001
    695  3.975838540920387E-006  1.110404578737834E+002
    569  3.832001493654448E-006  1.064024371239422E+002
    821  3.707299336883861E-006  1.173213489801490E+002
    596  3.678739884485517E-006  1.076305596761092E+002
    706  3.662916771667799E-006  1.115644797142602E+002
    682  3.595782276312933E-006  1.107795174367904E+002
    637  3.558447599707639E-006  1.087708716348475E+002
     28  3.528586473113867E-006  2.303576073275412E+001
    667  3.495144382382929E-006  1.098231148083649E+002
    370  3.477549109886206E-006  4.562254251008403E+001
    830  3.473822411167811E-006  1.175448785112390E+002
    574  3.472560908488921E-006  1.067089856517616E+002
    622  3.451637720845332E-006  1.084041586407917E+002
    641  3.432026304589922E-006  1.088136450829588E+002
    315  3.358658183418440E-006  3.946262277995078E+001
   1063  3.327148555087983E-006  1.338610239777397E+002
    783  3.310524702768237E-006  1.155776779712016E+002
    208  3.294083896653025E-006  3.420400517096608E+001
    257  3.281262621171495E-006  3.716053985696894E+001
    713  3.254303623514327E-006  1.118750446375970E+002
    412  3.254269648160646E-006  5.399327798218789E+001
   1029  3.164444399650296E-006  1.312589073638632E+002
    366  3.130190418428740E-006  4.541480133184800E+001
    171  3.075157425306018E-006  3.251692712246987E+001
     61  2.946348384103937E-006  2.623624111749398E+001
   1046  2.935216750566066E-006  1.322741703884410E+002
    354  2.905527202811668E-006  4.358717802496741E+001
    311  2.903805961347247E-006  3.939193935233331E+001
    567  2.842762259807065E-006  1.061175767374582E+002
   1027  2.828468441478626E-006  1.311414239553258E+002
    670  2.719392342782178E-006  1.099218253642219E+002
    467  2.718682418239947E-006  5.850070475174659E+001
    940  2.665438719474286E-006  1.277053477702196E+002
    462  2.649100509369958E-006  5.834568949164402E+001
    599  2.485979850870768E-006  1.077354408464688E+002
     25  2.464999823468683E-006  2.268285797328677E+001
    470  2.442694639120095E-006  5.858950887133865E+001
    601  2.387301109358352E-006  1.078222216339937E+002
    608  2.362433919869351E-006  1.080310773431174E+002
    191  2.338236140885849E-006  3.372798248811258E+001
    709  2.273065733374876E-006  1.116986555393093E+002
    235  2.250906321750872E-006  3.553329683850696E+001
   1014  2.243920881418960E-006  1.306579532637773E+002
    800  2.180230398513091E-006  1.161811067685375E+002
    260  2.154401762536680E-006  3.745846822965304E+001
    342  2.146079920994791E-006  4.219280462450153E+001
   1068  2.127540165045814E-006  1.342139437973118E+002
    932  2.116056938581975E-006  1.272890793904072E+002
    684  2.115126329174327E-006  1.108055531440044E+002
    506  2.097274909541515E-006  6.092479484159845E+001
    910  2.095024899974866E-006  1.258349422363612E+002
    424  2.078644955360536E-006  5.504400290817051E+001
    416  2.056863379655570E-006  5.412105627361211E+001
    966  2.040623191168945E-006  1.287120665380274E+002
    687  2.010098462801527E-006  1.108477970364615E+002
    498  2.010082249675130E-006  6.006055704270973E+001
    634  2.007394431059487E-006  1.087110579745548E+002
    666  1.999571362418300E-006  1.096961217429448E+002
    669  1.905008223483479E-006  1.098991161820264E+002
    522  1.901358347279596E-006  6.189501394570030E+001
    722  1.881954008842218E-006  1.121989232781130E+002
    284  1.872171264514206E-006  3.794002386601017E+001
    879  1.859389809539920E-006  1.208628531744268E+002
    437  1.858882127281395E-006  5.567668099873953E+001
    484  1.839139365065824E-006  5.894622531819898E+001
    496  1.819531117321755E-006  5.977778544840232E+001
    963  1.816106778723694E-006  1.284456810480366E+002
    633  1.803536357466093E-006  1.086770367044967E+002
    846  1.799890553798677E-006  1.183733977129572E+002
    787  1.794675406819323E-006  1.157066821730262E+002
    741  1.772690074083711E-006  1.126383251241469E+002
    820  1.764883415068802E-006  1.173160626674297E+002
    665  1.711692055043392E-006  1.096195054263975E+002
    129  1.709867347235844E-006  2.967722940199728E+001
    591  1.667414101777231E-006  1.073970459895217E+002
    429  1.662627168310625E-006  5.542704693693687E+001
    490  1.625507897672602E-006  5.909746584665749E+001
    457  1.621693526974947E-006  5.770039153165104E+001
    798  1.613357234349424E-006  1.161233232814441E+002
   1054  1.573143402776207E-006  1.332101619260334E+002
    790  1.561709570327761E-006  1.158127479939932E+002
    465  1.559064717326595E-006  5.845233409136720E+001
    344  1.556633413828371E-006  4.229281490750487E+001
     98  1.542202086236224E-006  2.810036398063808E+001
    463  1.520801786557421E-006  5.840368106338346E+001
    884  1.500797318376789E-006  1.212913619330936E+002
    891  1.478610241269573E-006  1.222344606190913E+002
    844  1.451556478585154E-006  1.182236522024691E+002
    447  1.438199338238321E-006  5.692641404400948E+001
    362  1.420978468772048E-006  4.520209191521082E+001
    267  1.417220073741971E-006  3.763942844703926E+001
   1004  1.380950914275726E-006  1.302828791464404E+002
    923  1.364826780393582E-006  1.267345977181097E+002
    744  1.361874615527206E-006  1.127340165661099E+002
    657  1.360120909387086E-006  1.092680437977900E+002
    679  1.346495653274806E-006  1.106299731616480E+002
    228  1.339537094800262E-006  3.465329128304563E+001
    408  1.316841094934591E-006  5.368647704938994E+001
    252  1.308905096914750E-006  3.681481496629917E+001
   1042  1.283580016041860E-006  1.319938555239870E+002
    625  1.260550902610256E-006  1.084878781680722E+002
     47  1.257875194338150E-006  2.514695584094496E+001
    732  1.253533759774342E-006  1.124809932511083E+002
   1028  1.229500095040425E-006  1.312419762585663E+002
    372  1.228904126298735E-006  4.569660817760900E+001
    845  1.222967212546811E-006  1.182722434309271E+002
    603  1.214311122111253E-006  1.078480909052838E+002
    562  1.203371629990221E-006  1.058125905236654E+002
    804  1.195339550206679E-006  1.164307012054320E+002
    782  1.186518759536743E-006  1.155663554633046E+002
    862  1.183421769732644E-006  1.194326389788892E+002
    461  1.183270142280195E-006  5.832169084274378E+001
    619  1.168972848617030E-006  1.083262496248409E+002
    696  1.166842894069766E-006  1.111110130672436E+002
    179  1.133637230091348E-006  3.301071504933698E+001
    922  1.095235142437686E-006  1.267277337836395E+002
    225  1.086585289165945E-006  3.458265676939745E+001
     76  1.085406514260407E-006  2.719040433196805E+001
    927  1.074373574530041E-006  1.271118445081471E+002
    231  1.068328961576434E-006  3.529195130720404E+001
    994  1.066194724094893E-006  1.299886393654431E+002
    951  1.065842034624309E-006  1.282127111215003E+002
    660  1.058865222584851E-006  1.093929129115852E+002
    915  1.043530105192860E-006  1.261627872997085E+002
    640  1.031779620812129E-006  1.088027953187827E+002
    913  1.024916252941917E-006  1.260963173315474E+002
    781  1.019260998597189E-006  1.155015502370288E+002
   1065  1.011943557335056E-006  1.340986810838602E+002
    646  9.760598101834442E-007  1.089039652974663E+002
   1064  9.716578154333953E-007  1.339182935247794E+002
    936  9.615815702492758E-007  1.275963114471066E+002
    668  9.498791502326588E-007  1.098358517134249E+002
    148  9.401276012018428E-007  3.055713011308698E+001
     15  9.216337487253747E-007  2.077312965636918E+001
    627  9.205895577351485E-007  1.085359599099982E+002
    590  9.116543610729276E-007  1.073381491314167E+002
    685  9.090410304086901E-007  1.108208915724099E+002
    677  8.970353321180709E-007  1.104103779431708E+002
    815  8.964148593133912E-007  1.170844697210597E+002
   1077  8.901103302151179E-007  6.189178021453241E+002
   1040  8.656583317829476E-007  1.318325334098182E+002
    699  8.593639249095424E-007  1.111753891148923E+002
    799  8.463988354491480E-007  1.161655148393659E+002
    803  8.431171146606525E-007  1.163959410830473E+002
    758  8.319080301913792E-007  1.131945788764974E+002
    648  8.275496126401277E-007  1.089328290594756E+002
    707  8.051473354195976E-007  1.116484954290111E+002
    586  8.038517556334890E-007  1.072414988471015E+002
    237  7.827824356600758E-007  3.561350513334219E+001
    642  7.763891411356617E-007  1.088349318990273E+002
    714  7.728636186696755E-007  1.118865310298163E+002
    953  7.483061510246719E-007  1.282835790234384E+002
    178  7.395128843910983E-007  3.291892583427273E+001
    849  7.287073896141765E-007  1.186556798515274E+002
    683  7.193482498079030E-007  1.107854094171573E+002
    767  7.107774900708991E-007  1.139787538815297E+002
    794  7.073966838031218E-007  1.159299755047292E+002
    809  6.909764675017081E-007  1.168273457040169E+002
    861  6.662711963335710E-007  1.193618968506130E+002
    742  6.629708852139415E-007  1.126546326383816E+002
    982  6.507775106483845E-007  1.293230544301462E+002
    764  6.470983881906839E-007  1.137269990775531E+002
    949  6.297162155742787E-007  1.280833568476082E+002
    901  6.260714251444418E-007  1.246352700151236E+002
    957  6.237966181411673E-007  1.283224605383935E+002
    990  6.208368728432140E-007  1.297249883032466E+002
     56  6.126566716184606E-007  2.577494999028338E+001
    349  6.093003560200067E-007  4.279212686889406E+001
    859  5.848431744780768E-007  1.193117826572047E+002
    730  5.659806396963240E-007  1.124678820560711E+002
    664  5.578945951001506E-007  1.095868237421283E+002
    368  5.564385450770947E-007  4.552075151204606E+001
    715  5.502728568943873E-007  1.119122168057061E+002
    747  5.500391938563202E-007  1.128221651622354E+002
   1043  5.474347954135619E-007  1.320181582363304E+002
    690  5.368578884327343E-007  1.109553167085971E+002
    961  5.356421874680953E-007  1.283826108536399E+002
    770  5.294560158930282E-007  1.141655133118217E+002
    703  5.185365808330706E-007  1.113359924967504E+002
    786  5.168168002913342E-007  1.156679892855772E+002
    931  5.072918237904992E-007  1.272754104030811E+002
    614  5.043230320991600E-007  1.081499604581023E+002
    893  4.996870681082537E-007  1.225899968537864E+002
    734  4.912196052066373E-007  1.125227414297757E+002
    739  4.901767923146732E-007  1.126267264275300E+002
    933  4.843278931185259E-007  1.272967505112425E+002
    985  4.637577363649758E-007  1.294454523269476E+002
    920  4.607385692559303E-007  1.265729199247587E+002
    428  4.580431823356594E-007  5.539697768550786E+001
    406  4.558813350695562E-007  5.347162595814701E+001
    987  4.532372947986176E-007  1.295218650079724E+002
    754  4.481039162278772E-007  1.130532912402911E+002
    792  4.427152973458392E-007  1.158579110744502E+002
   1010  4.403470396611892E-007  1.305150376372933E+002
    662  4.361904091525151E-007  1.094304874643061E+002
   1025  4.258903145999244E-007  1.310823101564250E+002
    688  4.252860580463525E-007  1.108652117541332E+002
    371  4.139446932318015E-007  4.567834615857563E+001
    629  3.994423072951687E-007  1.086436456014825E+002
    852  3.891905990800222E-007  1.189308904937423E+002
    978  3.872117427482464E-007  1.291764873003617E+002
    939  3.802993650443473E-007  1.276788938661296E+002
   1007  3.793873259491653E-007  1.303971511397991E+002
   1035  3.713995888699898E-007  1.315022364948826E+002
    556  3.633526020227737E-007  1.053074591696642E+002
    738  3.417867257813177E-007  1.126248828969786E+002
    735  3.389869472299288E-007  1.125422257639707E+002
    711  3.317882928262535E-007  1.117833092223069E+002
    766  3.151619595529104E-007  1.138313497862233E+002
    606  3.119590903736500E-007  1.079754075340127E+002
    705  3.010453661309887E-007  1.114879185885843E+002
    956  2.970111885120365E-007  1.283075816024711E+002
    644  2.964260701461116E-007  1.088699046594824E+002
    888  2.884326366192729E-007  1.215384892766490E+002
    908  2.849228964627537E-007  1.256350992978881E+002
    935  2.831982984901792E-007  1.274477748704804E+002
    805  2.712181546310705E-007  1.165442309434909E+002
    638  2.670969777841739E-007  1.087773663504995E+002
    728  2.656756540232157E-007  1.123911467240560E+002
    226  2.630924557918596E-007  3.460914941435140E+001
    729  2.627138704814106E-007  1.124070412533170E+002
   1023  2.607802837862724E-007  1.309907545973144E+002
    876  2.598446651675017E-007  1.207338716680959E+002
    974  2.479357566187432E-007  1.290391941684268E+002
    651  2.451249843054605E-007  1.090123807306586E+002
    220  2.445308410428750E-007  3.440936379612124E+001
   1003  2.360220536480360E-007  1.302792324598297E+002
    761  2.291997290892987E-007  1.134019555363662E+002
    749  2.263257365861899E-007  1.128862829609149E+002
    925  2.262007727039389E-007  1.268943605090481E+002
    653  2.248934054254978E-007  1.090926521840726E+002
   1002  2.216709320326359E-007  1.301955720736593E+002
    903  2.200872577976541E-007  1.249295857950171E+002
    726  2.187655239642962E-007  1.123280306605216E+002
    818  2.176877703289637E-007  1.172202887178189E+002
   1017  2.151268029508018E-007  1.307020085696559E+002
    146  2.075785725808708E-007  3.038455959742199E+001
    779  2.025328735840357E-007  1.153237642854880E+002
    353  1.991409509939075E-007  4.354452657935016E+001
    906  1.974898547950078E-007  1.253859334012492E+002
    788  1.929436123344533E-007  1.157595566872355E+002
    878  1.894952353338008E-007  1.208553192243232E+002
    980  1.858145948451171E-007  1.292322903638887E+002
    753  1.838390694152946E-007  1.130399909728984E+002
    822  1.740068973884640E-007  1.173379890193997E+002
    971  1.731172548594636E-007  1.289111652451389E+002
    811  1.719622258087383E-007  1.169131613251637E+002
    379  1.633462829838872E-007  4.610002508350383E+001
    750  1.603033583519319E-007  1.128980084302201E+002
    882  1.597079916250296E-007  1.212606419968792E+002
    628  1.583902867237757E-007  1.085999071252231E+002
    692  1.578906732821883E-007  1.109991362888409E+002
   1073  1.562437808698137E-007  1.355646294676644E+002
   1059  1.479626056970160E-007  1.335352794510990E+002
    755  1.457940488732580E-007  1.130537195644052E+002
    996  1.452935053849954E-007  1.300741546440489E+002
   1049  1.407464911669038E-007  1.325964910892840E+002
    612  1.398806405838154E-007  1.080838271474082E+002
    181  1.385570888910769E-007  3.309588236011395E+001
    912  1.374307158428830E-007  1.259977317017505E+002
    959  1.363963286441243E-007  1.283643788123119E+002
    395  1.255823340143592E-007  5.279005865968511E+001
    864  1.216165639495934E-007  1.195154318953015E+002
    921  1.215577544259982E-007  1.266347372507485E+002
    867  1.204440771016931E-007  1.199420338065019E+002
    941  1.183444535602450E-007  1.277239710636116E+002
     88  1.150465249796954E-007  2.776495450944637E+001
    439  1.121168901100695E-007  5.581771077364913E+001
    839  9.998335927642512E-008  1.178451551754228E+002
    814  9.991404462000700E-008  1.170571282096026E+002
    773  9.741619963146606E-008  1.146041296786391E+002
    258  9.733791950472910E-008  3.725675246841864E+001
   1037  9.511578387932224E-008  1.316166834102353E+002
    776  9.498071479384725E-008  1.150535509847603E+002
    900  9.481344346588226E-008  1.240255399934555E+002
    969  9.407691712104678E-008  1.288232913140608E+002
    874  9.005812943509969E-008  1.206463359037059E+002
    828  8.964364177149791E-008  1.175132070682912E+002
    275  8.513229792887395E-008  3.771871208633355E+001
   1012  8.026379286630857E-008  1.305860585800326E+002
    841  7.265100939749900E-008  1.180046875638410E+002
    856  7.190310416003506E-008  1.192407591408727E+002
    124  6.931067096553947E-008  2.953039329658957E+001
    993  6.539370321375705E-008  1.299638892136509E+002
    736  6.510613785274365E-008  1.125700463249535E+002
    464  6.477723183234267E-008  5.841767339850505E+001
    869  6.228811279761264E-008  1.201465244096069E+002
    999  6.089236525811742E-008  1.301340763851820E+002
    488  5.965299263468289E-008  5.904214899548738E+001
    718  5.720434683506549E-008  1.120307816427976E+002
    388  5.339737694460582E-008  4.916519389587509E+001
    819  5.310233667529049E-008  1.172617623112352E+002
    801  5.040997837366494E-008  1.162412158177078E+002
    639  4.844154276114775E-008  1.087924757147032E+002
    701  4.642209948496916E-008  1.112655741498095E+002
   1030  4.371464674508779E-008  1.313677884464318E+002
    363  4.152942307187073E-008  4.523665715266514E+001
    857  3.802987042189097E-008  1.192977858717030E+002
    647  3.730525241500084E-008  1.089204596390746E+002
    652  3.693370117304779E-008  1.090805000764319E+002
   1015  3.681321110104303E-008  1.306693309857935E+002
    720  3.554515939631559E-008  1.121496181246094E+002
    823  3.329040430152618E-008  1.173434151863991E+002
    806  3.314462786959460E-008  1.165904998677036E+002
    704  3.246557550269597E-008  1.114088220449556E+002
    443  3.061557278105186E-008  5.615506371008289E+001
    620  3.005883775638366E-008  1.083700393844588E+002
    581  2.613342848034872E-008  1.069166383916512E+002
    723  2.371952565902453E-008  1.122249597820348E+002
   1051  2.354697419274754E-008  1.330173846663143E+002
    914  2.293367079862995E-008  1.261343003660832E+002
    752  2.254787359727087E-008  1.129825416205730E+002
    834  2.186770585565102E-008  1.176651591794238E+002
    740  2.117642795353830E-008  1.126281679605138E+002
    499  2.067202059264295E-008  6.010190034988052E+001
    759  1.765410809073131E-008  1.132523759465808E+002
    946  1.483566256967187E-008  1.279201366409634E+002
    598  1.347966391330076E-008  1.077082259858063E+002
    422  1.319972366838392E-008  5.478392604221921E+001
    904  1.296624393864932E-008  1.250437756508075E+002
    840  1.019298401927802E-008  1.179674198090055E+002
    881  8.190901630322074E-009  1.212001054655417E+002
    737  7.386781204736846E-009  1.125716601108342E+002
     45  7.185180154858923E-009  2.505629895200580E+001
    916  5.272108678003943E-009  1.261858055404796E+002
    693  4.857241217507675E-009  1.110198391814811E+002
    885  4.033769913583389E-009  1.213849358963692E+002
    501  3.226765154973978E-009  6.025540211442135E+001
    724  3.182011098332461E-009  1.122474317356576E+002
    889  1.984157624600844E-009  1.221096476933091E+002
    200  1.925246514663048E-009  3.413076352937113E+001
    872  1.857184342325569E-009  1.204992644439996E+002
    833  1.007781010029954E-009  1.176450554682990E+002
    775  8.408457982966008E-010  1.149447083106751E+002
    268  6.048291780161505E-010  3.765614789507087E+001
    743  5.731837885899862E-010  1.126739704882794E+002
   1019  2.805811328609301E-010  1.307856127904329E+002
    965  4.690372183262059E-011  1.286084743618769E+002
    850  2.997945529249334E-011  1.188640670964077E+002
