# Number of modes
   1077
# Tabulated for different initial and final frequencies?
    F
# Mode index, Sj, (highest to lowest), omega_j
    547  1.201664556408132E-001  1.040413527560943E+002
      7  2.976610257652402E-002  1.598850297870253E+001
    419  1.822397485571062E-002  5.447434435004674E+001
    384  1.641832670671900E-002  4.693482184770667E+001
     23  1.539569537720194E-002  2.160694502786773E+001
    566  1.481473118906310E-002  1.060197199307676E+002
      8  1.383752588453289E-002  1.603898235084092E+001
    418  1.141564369179352E-002  5.440760214654593E+001
    485  1.062965392571478E-002  5.896971858223063E+001
     24  1.011620907470456E-002  2.165827626673025E+001
    546  9.320109752500746E-003  1.038908634804570E+002
     38  8.994122220311204E-003  2.415274881711009E+001
     64  6.888385097564863E-003  2.637954322898939E+001
    390  6.855234532536155E-003  4.930034545373515E+001
    552  6.545835924996202E-003  1.045004516183760E+002
    544  6.364163714663846E-003  1.037287728441322E+002
     18  6.056076147825135E-003  2.124694793769305E+001
    551  5.723230498002883E-003  1.044758850995860E+002
    114  5.615398884173612E-003  2.903390568794284E+001
     27  5.424007132831399E-003  2.288948685305089E+001
    549  4.818012644232412E-003  1.043755820157491E+002
    554  4.754105209181751E-003  1.048978551747549E+002
    301  4.577013616014796E-003  3.874125966254066E+001
    438  4.543493424181317E-003  5.568774314714533E+001
    454  3.848701421512201E-003  5.753531790534946E+001
     58  3.791466106284617E-003  2.603619761911758E+001
    298  3.710616873234976E-003  3.860785506393049E+001
     60  3.534128046139479E-003  2.612817271153773E+001
    505  3.483313341849316E-003  6.089365906344585E+001
    510  3.190509072137969E-003  6.106496915014706E+001
    492  3.128884064749210E-003  5.919740097208313E+001
    507  3.057940254405334E-003  6.098134465730102E+001
     11  2.957150732229576E-003  1.771447447329438E+001
    303  2.885713223470663E-003  3.891633174738261E+001
     20  2.865479743737510E-003  2.146722812704134E+001
    436  2.832385673313194E-003  5.562240782737462E+001
      5  2.753980406965588E-003  1.580375607842547E+001
    407  2.656509082240391E-003  5.355040632372296E+001
    308  2.632323359957761E-003  3.924824416979163E+001
    160  2.563482489583081E-003  3.140287364756382E+001
    405  2.533300075802881E-003  5.340951413863353E+001
     31  2.522279079881337E-003  2.349957735236975E+001
     14  2.455893384604975E-003  2.047451167645159E+001
    464  2.341329113504501E-003  5.841767339850505E+001
    459  2.340670281817611E-003  5.797524108925945E+001
    299  2.324899325674980E-003  3.861147003050849E+001
    330  2.316165531897071E-003  4.000719691328421E+001
    482  2.215595776412452E-003  5.890508639424976E+001
    381  2.166099831952000E-003  4.623753374880091E+001
    199  2.114546873569173E-003  3.411214171315592E+001
    503  2.097647529429115E-003  6.062899617907863E+001
     39  2.064579274111125E-003  2.419216907562118E+001
    504  2.053850145784924E-003  6.073767201700102E+001
     67  1.972174850721196E-003  2.663955326886673E+001
    152  1.897153868141767E-003  3.107793476288124E+001
    536  1.894769567098317E-003  7.244369170766353E+001
     17  1.894111515945343E-003  2.091913438766164E+001
    427  1.877086791850571E-003  5.530625255614972E+001
    236  1.861986731544395E-003  3.558504171265294E+001
    142  1.858373339163839E-003  3.011700635419402E+001
    440  1.777611258029145E-003  5.589934491235444E+001
     70  1.773718649372011E-003  2.683332853591699E+001
    229  1.764447012898897E-003  3.477639317683153E+001
   1064  1.754174408953100E-003  1.339182935247794E+002
      9  1.740968583903399E-003  1.615282072713023E+001
    379  1.695726864707299E-003  4.610002508350383E+001
    563  1.690446983136151E-003  1.058622417292547E+002
     85  1.636054941141701E-003  2.757726243328665E+001
   1066  1.593252065421609E-003  1.341339055776214E+002
    255  1.568113929519023E-003  3.705801266502003E+001
    535  1.565743692742864E-003  7.234684016852472E+001
    430  1.544571290549987E-003  5.544226538226409E+001
    310  1.541056650722956E-003  3.933560718805473E+001
     92  1.488603749515801E-003  2.796966533379813E+001
    415  1.467797645019387E-003  5.409773008136273E+001
     53  1.440670915721812E-003  2.532427500710937E+001
    466  1.437151476882954E-003  5.848631456847294E+001
     66  1.417135817108611E-003  2.653041695388611E+001
    117  1.412155002269122E-003  2.915145470361619E+001
      1  1.385365501174112E-003  1.480943860687432E+001
    666  1.325574359882045E-003  1.096961217429448E+002
   1060  1.320999048771209E-003  1.336329109810919E+002
    195  1.316309413698711E-003  3.399004655216064E+001
    572  1.301222164579469E-003  1.066354688575440E+002
     45  1.272423194406046E-003  2.505629895200580E+001
    538  1.265521246444339E-003  8.801939400846273E+001
    411  1.246238599680514E-003  5.390414096058870E+001
    249  1.236871225731614E-003  3.643158917315001E+001
    539  1.228656495876702E-003  1.004038214764926E+002
    312  1.220918589622339E-003  3.940338989709551E+001
    966  1.212856491454589E-003  1.287120665380274E+002
    479  1.200263689309996E-003  5.886156225440574E+001
   1058  1.187736389019032E-003  1.334381531708862E+002
    690  1.174756610445999E-003  1.109553167085971E+002
     65  1.134097008973520E-003  2.645533186342116E+001
   1075  1.131681909015144E-003  1.852007864492208E+002
    248  1.084803342495068E-003  3.617742791171408E+001
    417  1.071577358171013E-003  5.432386496665636E+001
    992  1.064124872613737E-003  1.299169051159237E+002
    144  1.041865791142777E-003  3.023024488043693E+001
    155  1.038789040645670E-003  3.129077640287002E+001
    180  1.033958635201716E-003  3.306959511625761E+001
    431  1.033835204589080E-003  5.545822575490884E+001
     16  1.028508900729748E-003  2.083990463296455E+001
    383  1.017960363756364E-003  4.665506804468283E+001
    282  1.001220927258761E-003  3.781601762519486E+001
     35  9.911294648174349E-004  2.406163852032448E+001
    207  9.825142079286941E-004  3.419271829752626E+001
    385  9.765810585422741E-004  4.744969147605799E+001
     54  9.713482401370733E-004  2.537118147105558E+001
    264  9.619609638865605E-004  3.760740200223662E+001
     95  9.530333613600435E-004  2.806113631432304E+001
    347  9.345751379467068E-004  4.251894246220620E+001
     90  9.338255562196489E-004  2.792299487571685E+001
   1053  9.265538418418282E-004  1.331993000158318E+002
    232  9.244924848329021E-004  3.530982942235851E+001
    134  9.212573339018379E-004  2.989081555609098E+001
    518  8.977128768661762E-004  6.116565427175681E+001
     29  8.953975859039363E-004  2.304600720746813E+001
    519  8.899447677009336E-004  6.116666091909611E+001
    231  8.238123896486256E-004  3.529195130720404E+001
    273  8.159024802066095E-004  3.771236202405859E+001
     36  8.144270349331996E-004  2.408548968715760E+001
    359  8.117599785510551E-004  4.440820660542785E+001
    785  8.111757191923683E-004  1.156515149006221E+002
    568  8.079174574073784E-004  1.063884322375297E+002
    516  8.043693366111610E-004  6.114879167768425E+001
    445  7.984119492016764E-004  5.650985963977887E+001
   1041  7.914893409887438E-004  1.318604688563310E+002
    928  7.774056635538858E-004  1.271758190169006E+002
    393  7.682946270173472E-004  5.117422678475859E+001
    403  7.670366875991218E-004  5.332276567118551E+001
    222  7.642193389072304E-004  3.444665555523785E+001
    331  7.505895613781306E-004  4.033978069592825E+001
    197  7.456639731447783E-004  3.407091137263039E+001
    183  7.439212423129589E-004  3.317747871488443E+001
    251  7.368400841988753E-004  3.670193646720268E+001
   1011  7.328985816858653E-004  1.305590563134582E+002
    306  7.310316795976800E-004  3.922583615449084E+001
    161  7.257254308549228E-004  3.141544799468193E+001
    185  7.156681422615069E-004  3.329017879350934E+001
    673  7.116785270689580E-004  1.101090602242966E+002
     43  7.093832170571158E-004  2.485090944939308E+001
    700  7.077676666349445E-004  1.112187707043413E+002
    205  7.037143706572629E-004  3.418138862993963E+001
    226  7.026707153752552E-004  3.460914941435140E+001
     22  6.997920265027202E-004  2.149928230079738E+001
   1050  6.990624748471616E-004  1.326682006609648E+002
   1052  6.889819063768404E-004  1.330891459743712E+002
    137  6.704636646208646E-004  2.996307755422044E+001
    468  6.703584846018827E-004  5.850419738659161E+001
   1047  6.700666384990354E-004  1.324683504365100E+002
    588  6.695494904047640E-004  1.072780161282308E+002
    762  6.554772512099748E-004  1.134504722361933E+002
    357  6.543095873266696E-004  4.413715889769129E+001
     96  6.472378367495534E-004  2.807603105873968E+001
     74  6.361322742412490E-004  2.706787664592100E+001
    875  6.358148679037139E-004  1.206504418490652E+002
   1067  6.221756411642086E-004  1.341872351276505E+002
    725  6.202797627469963E-004  1.122622575126908E+002
    698  6.174276420639090E-004  1.111543499618823E+002
    100  6.146132382360580E-004  2.814590236831992E+001
    514  6.143817192941758E-004  6.112143562944963E+001
    101  6.130343466411823E-004  2.816121926613436E+001
    289  6.115260948821098E-004  3.832422991649202E+001
    926  6.107474246712002E-004  1.269935099435139E+002
    131  6.102387215710933E-004  2.976719894627799E+001
    474  6.085629659455048E-004  5.866520048333617E+001
     46  6.057453038677614E-004  2.508968851186969E+001
    106  5.986476372003335E-004  2.873147041157064E+001
    348  5.975466028431512E-004  4.278252907839931E+001
     10  5.799228763728959E-004  1.630017574824609E+001
    367  5.755669358996822E-004  4.546665367422378E+001
    230  5.752797785986622E-004  3.507000892128892E+001
    188  5.713725843018426E-004  3.343297855491465E+001
    402  5.621505083674441E-004  5.323403324336612E+001
    133  5.581174960530603E-004  2.980777525245198E+001
    266  5.566910876347254E-004  3.763404507858488E+001
    570  5.521450606286116E-004  1.064458450110351E+002
      4  5.447291170227340E-004  1.555889535187236E+001
    392  5.435848819763383E-004  4.975569880244111E+001
    531  5.363157557439643E-004  6.280622541285696E+001
    174  5.348917258522929E-004  3.277024257542895E+001
    575  5.300621340065216E-004  1.067636975144964E+002
   1071  5.298160772440814E-004  1.353191143310252E+002
    191  5.294384444988601E-004  3.372798248811258E+001
    202  5.271915941740100E-004  3.414693728338715E+001
    182  5.269529462188188E-004  3.313118961536368E+001
     33  5.264133307168675E-004  2.387502434282544E+001
    158  5.241617331933515E-004  3.138637587596471E+001
    295  5.187361008807750E-004  3.844649820311862E+001
   1033  5.078193365712264E-004  1.314921549657209E+002
    387  5.021849681307198E-004  4.845493173747810E+001
    150  4.930235926245908E-004  3.095380367517388E+001
     97  4.851733186194854E-004  2.809615145046481E+001
    164  4.760310049232215E-004  3.156123118588701E+001
     94  4.639081491469235E-004  2.803048707399637E+001
    254  4.581750852776776E-004  3.696870162494890E+001
    349  4.581526282200715E-004  4.279212686889406E+001
    333  4.508268842257252E-004  4.050570323460023E+001
    141  4.502628247390457E-004  3.005205957969120E+001
    335  4.500208893462112E-004  4.064698242871874E+001
    493  4.438667882291458E-004  5.956939432616837E+001
    691  4.426460334830077E-004  1.109942746792360E+002
     78  4.325199043299037E-004  2.724001953302053E+001
     34  4.295985991011892E-004  2.394870774261297E+001
     28  4.275464705063085E-004  2.303576073275412E+001
     89  4.273999372657782E-004  2.787565477396676E+001
    163  4.266636348573117E-004  3.148605603035891E+001
    253  4.257644476418563E-004  3.690338042035397E+001
      6  4.245242182575265E-004  1.593905863128156E+001
    219  4.215871677621730E-004  3.435584966495736E+001
    218  4.210036808722354E-004  3.434087154455664E+001
    138  4.205937855003800E-004  2.998810658959070E+001
    196  4.200781168842645E-004  3.402217963204272E+001
    771  4.179075220497224E-004  1.142541813627527E+002
    446  4.175481907784991E-004  5.657515742254393E+001
    580  4.144890374208283E-004  1.069063882425304E+002
    320  4.141500354561839E-004  3.958466091098631E+001
    451  4.128190515303835E-004  5.726939793781466E+001
    169  4.045972204118962E-004  3.225245008090104E+001
    184  4.045875593275879E-004  3.328145954751520E+001
    172  4.031695346681174E-004  3.254695536480502E+001
    111  3.981058773728260E-004  2.891758955889047E+001
    309  3.920669407605873E-004  3.929268620446922E+001
    952  3.907213217075985E-004  1.282170243378332E+002
    262  3.864647670246877E-004  3.754826259370084E+001
    212  3.810661906255895E-004  3.425448747044050E+001
    154  3.809790963471624E-004  3.128025029310897E+001
    244  3.801855383981617E-004  3.582009297825139E+001
    450  3.736259291010538E-004  5.723022636777802E+001
    537  3.721568743041985E-004  7.348438751630307E+001
    221  3.714091977919903E-004  3.444064242877499E+001
     37  3.664937249873792E-004  2.413005277682491E+001
   1069  3.612175453021789E-004  1.347402109836953E+002
    332  3.552430556966290E-004  4.036182328117159E+001
    125  3.484832349783164E-004  2.955205187993630E+001
    281  3.453489381895886E-004  3.778222215271058E+001
    377  3.432619243086850E-004  4.580996274485975E+001
    462  3.419955715105801E-004  5.834568949164402E+001
    372  3.370339589594068E-004  4.569660817760900E+001
    358  3.339810895299539E-004  4.418411045040358E+001
    103  3.334570794788925E-004  2.854698030319213E+001
    564  3.300729182384604E-004  1.059223740174141E+002
    336  3.265026355851294E-004  4.106442919982931E+001
    293  3.250731564251399E-004  3.840315559517953E+001
    448  3.236403930543135E-004  5.707216855561523E+001
    156  3.233119078572196E-004  3.133959801814033E+001
    517  3.195404769317299E-004  6.116283191518230E+001
    838  3.189423919353713E-004  1.178077045912047E+002
    325  3.171077385756114E-004  3.979678053884171E+001
    763  3.156601749893719E-004  1.136578287383470E+002
    246  3.154810487254731E-004  3.612200287477440E+001
    389  3.141835117166846E-004  4.924612888004685E+001
     48  3.115648355432985E-004  2.521050943974308E+001
   1001  3.082845276272054E-004  1.301907504163165E+002
    950  3.065955148973110E-004  1.281356928004739E+002
    671  3.056640529178572E-004  1.100461630260976E+002
    296  3.033489501781656E-004  3.847026909032138E+001
    694  3.008827479220993E-004  1.110208923005156E+002
    413  2.966725161366999E-004  5.407796767412047E+001
    145  2.958970982847390E-004  3.035386176419680E+001
    208  2.926560516190104E-004  3.420400517096608E+001
    302  2.886063542127192E-004  3.874867387838012E+001
    346  2.851069016133259E-004  4.251353138364797E+001
    602  2.847324496660751E-004  1.078335831208874E+002
    410  2.791053679745054E-004  5.380004782230375E+001
    929  2.771935376506203E-004  1.272324166790593E+002
    239  2.764745866333381E-004  3.564788119351169E+001
    626  2.756498120038613E-004  1.085197354965440E+002
    449  2.741998727073806E-004  5.713782918039372E+001
    382  2.737811568125254E-004  4.661435463500721E+001
     44  2.612230611094897E-004  2.487547588775838E+001
    276  2.607123450675918E-004  3.774173651101562E+001
    395  2.597999983580852E-004  5.279005865968511E+001
    394  2.566737913131798E-004  5.275338077531283E+001
    401  2.566646962501237E-004  5.310952948046032E+001
    444  2.543486363413165E-004  5.640873014994138E+001
    512  2.528543008079238E-004  6.110465593383906E+001
    897  2.508261493268398E-004  1.233154024205701E+002
    967  2.502942344370844E-004  1.287730879251822E+002
    414  2.487207630033624E-004  5.408443269732371E+001
    500  2.470716738677896E-004  6.016266526055261E+001
    553  2.464136995862223E-004  1.045844149005738E+002
    954  2.452903337782732E-004  1.282848493157465E+002
    979  2.430536811804604E-004  1.292073280791942E+002
    548  2.429123819942734E-004  1.041098140943872E+002
    274  2.411713606696988E-004  3.771469066363962E+001
    352  2.378656456007481E-004  4.345183818831803E+001
    560  2.372711866085772E-004  1.057397922085461E+002
    760  2.362079014890523E-004  1.133648679091437E+002
    356  2.353021173997750E-004  4.399929676237998E+001
     15  2.350076525813198E-004  2.077312965636918E+001
    530  2.346262047386576E-004  6.265828803408258E+001
    458  2.334599344483314E-004  5.780961640938520E+001
     49  2.314510096018779E-004  2.521926711432687E+001
    416  2.271092648176133E-004  5.412105627361211E+001
    667  2.266183460474953E-004  1.098231148083649E+002
    835  2.243793321575833E-004  1.176766134664512E+002
    617  2.237478376762984E-004  1.082069188907082E+002
    338  2.237129551979595E-004  4.143596746217444E+001
    621  2.236821112181957E-004  1.083828600305560E+002
    868  2.227656015290974E-004  1.199994649602093E+002
     42  2.224684253781994E-004  2.442065503900721E+001
    842  2.224326902876290E-004  1.180365480395604E+002
    135  2.198261334187638E-004  2.990996926970350E+001
    258  2.155980612727268E-004  3.725675246841864E+001
    119  2.144603927264702E-004  2.929038281335912E+001
    607  2.123961113534388E-004  1.079782277499060E+002
    317  2.115484128035185E-004  3.952108816795088E+001
    780  2.113716849002460E-004  1.153482258688003E+002
    730  2.092165953138936E-004  1.124678820560711E+002
    109  2.091740398943583E-004  2.888359254004277E+001
    964  2.066700988249143E-004  1.284811881676410E+002
     26  2.003604046667413E-004  2.275577786050195E+001
    708  1.988323804932407E-004  1.116659378913442E+002
    364  1.985874165859177E-004  4.528995878587361E+001
    237  1.975002778283314E-004  3.561350513334219E+001
    680  1.971555046095422E-004  1.106808485277705E+002
    344  1.941987252772223E-004  4.229281490750487E+001
    772  1.933714323513194E-004  1.144444014986270E+002
    420  1.931490290808171E-004  5.464265012038360E+001
    318  1.924354500637471E-004  3.952690512520030E+001
    877  1.909753975324901E-004  1.207635072396237E+002
    981  1.896514202966167E-004  1.292686845988868E+002
    902  1.877440289372957E-004  1.246861225619736E+002
     83  1.865040766333565E-004  2.745200449399356E+001
    193  1.849892109724215E-004  3.387383688791338E+001
    545  1.831479102432252E-004  1.038885725205099E+002
    937  1.822149223093234E-004  1.275975168353670E+002
    326  1.815664591035712E-004  3.980074663620405E+001
    497  1.809861319958372E-004  5.984833423050026E+001
    808  1.781906855643374E-004  1.166438640424820E+002
    143  1.778090448091060E-004  3.021552765862468E+001
    399  1.772949237679389E-004  5.300117686152819E+001
     59  1.770504133544054E-004  2.608228483109795E+001
   1057  1.763875784934763E-004  1.332882698940204E+002
    491  1.747294525234503E-004  5.916484178919298E+001
    768  1.745907946145673E-004  1.140511281344195E+002
     25  1.741171432359918E-004  2.268285797328677E+001
    157  1.734931762772462E-004  3.136040875348826E+001
    582  1.724676796433611E-004  1.069886979669129E+002
    116  1.724133816457621E-004  2.910094471225916E+001
    678  1.708694118243407E-004  1.105298402911861E+002
    105  1.700198844269229E-004  2.872870804936272E+001
    984  1.697474541209196E-004  1.293776492189174E+002
    290  1.689187563483358E-004  3.834059039797889E+001
   1061  1.684328840990131E-004  1.338239896777959E+002
      3  1.683469303870089E-004  1.530095081680193E+001
    523  1.682263688704473E-004  6.195141091349550E+001
     21  1.671993095487327E-004  2.149552581175353E+001
    315  1.671417808239929E-004  3.946262277995078E+001
    542  1.663589965389107E-004  1.021380905135569E+002
    324  1.661835955126947E-004  3.965813849875591E+001
    288  1.660712466817490E-004  3.825168870868715E+001
    784  1.658477755082565E-004  1.156115101864969E+002
    132  1.648936478861804E-004  2.978147182311027E+001
    176  1.636459062845254E-004  3.283702642513862E+001
     91  1.635464200610894E-004  2.795709450840539E+001
    573  1.599867384246226E-004  1.066520968004064E+002
    426  1.597384392241946E-004  5.521112029631625E+001
    327  1.577852084330807E-004  3.980649710729982E+001
    604  1.573924273135420E-004  1.078901483894559E+002
    866  1.568411908178402E-004  1.198737679274225E+002
    104  1.563647746788874E-004  2.863475114667724E+001
    555  1.557404481016176E-004  1.049505825405343E+002
   1042  1.544747108276951E-004  1.319938555239870E+002
    245  1.544539701719966E-004  3.584895809931362E+001
    434  1.535897714795788E-004  5.556859477681133E+001
     50  1.529667291630552E-004  2.524792740229145E+001
    206  1.523028088038411E-004  3.418711639611698E+001
    168  1.512893859257450E-004  3.223239881301075E+001
    502  1.509594772768556E-004  6.033057478557798E+001
    307  1.506079748430802E-004  3.924418415703018E+001
    294  1.489104122858840E-004  3.844005427068350E+001
    521  1.484270179388737E-004  6.120499406654021E+001
    304  1.479765761308633E-004  3.902642388250331E+001
    940  1.475119150252047E-004  1.277053477702196E+002
    139  1.468415026794825E-004  3.001327528760398E+001
    557  1.460039438331513E-004  1.053298087456868E+002
    421  1.439455767188044E-004  5.469982084171487E+001
    561  1.424666878939385E-004  1.057823475786052E+002
    297  1.408150074561335E-004  3.850412000814609E+001
    217  1.388296740028271E-004  3.432077633458158E+001
    314  1.380942790051939E-004  3.944402428691944E+001
    278  1.377803953156149E-004  3.775225448216675E+001
    717  1.367438736290549E-004  1.119901298340990E+002
     62  1.366144790670186E-004  2.630569023157911E+001
    821  1.366068062965380E-004  1.173213489801490E+002
   1039  1.363893733305932E-004  1.317789778316224E+002
    120  1.360188127063906E-004  2.935022978395871E+001
    151  1.348682726873420E-004  3.097448214004631E+001
    543  1.346648336603068E-004  1.026098663261161E+002
    211  1.339028870966759E-004  3.422885497659050E+001
    361  1.326050179188598E-004  4.509188248244521E+001
    774  1.293552629666363E-004  1.147299018357027E+002
    189  1.289267553091824E-004  3.348575581421191E+001
    166  1.285232517304514E-004  3.197534022905977E+001
    489  1.275793776475742E-004  5.906665573291085E+001
   1055  1.274515850423068E-004  1.332315483337306E+002
    533  1.268004737627364E-004  6.344214913117692E+001
    826  1.235511905902109E-004  1.174535409692338E+002
    799  1.234471045948138E-004  1.161655148393659E+002
    375  1.233633811239612E-004  4.577921754207221E+001
   1013  1.230425414681103E-004  1.306191025791559E+002
    976  1.229360038780338E-004  1.291265023483052E+002
    238  1.224332163149650E-004  3.562010162214489E+001
    452  1.218461179247747E-004  5.732416656661538E+001
    989  1.214077598727853E-004  1.296856498562064E+002
    526  1.208035218883052E-004  6.205614154690332E+001
    913  1.202139836399786E-004  1.260963173315474E+002
    565  1.185293247794709E-004  1.059848591127986E+002
    585  1.176057016615556E-004  1.071721890576240E+002
    223  1.150310674886837E-004  3.452101188794168E+001
    153  1.134583435506617E-004  3.119128674334460E+001
     81  1.124671607897060E-004  2.737831616504717E+001
   1006  1.123665874522098E-004  1.303473844140781E+002
    973  1.113391061353613E-004  1.290303348922233E+002
    242  1.113300525344805E-004  3.575330164903793E+001
    783  1.104729546766354E-004  1.155776779712016E+002
     68  1.067698618303782E-004  2.665958995788216E+001
   1070  1.055488694687555E-004  1.350535885837313E+002
    455  1.041578929327010E-004  5.757818593173593E+001
    354  1.040022854431640E-004  4.358717802496741E+001
   1074  1.026366647820487E-004  1.357832717908243E+002
    478  1.025368748592795E-004  5.880478287498814E+001
    323  1.001922065952312E-004  3.963162035223775E+001
    947  9.987597343422052E-005  1.280025795512814E+002
    755  9.966946201644734E-005  1.130537195644052E+002
    115  9.963580242533780E-005  2.908676806680809E+001
   1016  9.954432222303949E-005  1.306784011483153E+002
    292  9.828961014038360E-005  3.837765227419467E+001
    577  9.766540706097154E-005  1.068269012623950E+002
    147  9.720407433224388E-005  3.045498909450352E+001
    121  9.672691886608077E-005  2.937009161569695E+001
    970  9.662948330943798E-005  1.288440499253601E+002
     84  9.661740054250223E-005  2.748397341497807E+001
    171  9.500339527753822E-005  3.251692712246987E+001
    689  9.454243774844301E-005  1.108992280227757E+002
    571  9.253012752551671E-005  1.065760725477823E+002
    378  9.201395769322988E-005  4.609481655347708E+001
    149  9.189070171831304E-005  3.064428879965062E+001
    871  9.125411484923577E-005  1.204638135739833E+002
    843  9.071477830100657E-005  1.181049125326048E+002
   1005  9.056737839661764E-005  1.302961950162389E+002
    429  8.996266129373268E-005  5.542704693693687E+001
     93  8.927121387127234E-005  2.801831476528660E+001
    173  8.867609043566734E-005  3.267731285541730E+001
    578  8.744049896531518E-005  1.068696587706935E+002
    122  8.696027414630991E-005  2.942821875092930E+001
    209  8.674964459403892E-005  3.420776675567321E+001
    909  8.620575249192133E-005  1.256671150468244E+002
    594  8.560486461017296E-005  1.075267994995216E+002
    380  8.520444468369733E-005  4.621788456267294E+001
    337  8.344297083587772E-005  4.125439580477820E+001
    334  8.279106283300688E-005  4.055961280242965E+001
    797  8.205910225052407E-005  1.161224071144865E+002
    113  8.157848139782142E-005  2.894608485543543E+001
    210  8.118558812070738E-005  3.421873300884823E+001
     79  8.108512329411056E-005  2.728143790603452E+001
    988  8.107301378554194E-005  1.295230022337254E+002
    397  7.972933946416862E-005  5.292984574180642E+001
    958  7.920053502713567E-005  1.283326337970340E+002
    827  7.899543843265703E-005  1.174913134466901E+002
     82  7.892185626645875E-005  2.744742479332049E+001
    112  7.819135916691792E-005  2.893182478938967E+001
    706  7.803327299988546E-005  1.115644797142602E+002
    268  7.791819373798225E-005  3.765614789507087E+001
    234  7.673759443112556E-005  3.541632958107625E+001
    534  7.669479699909035E-005  6.352992396574133E+001
    663  7.666087923142181E-005  1.095408569103236E+002
   1036  7.652137493763890E-005  1.315563975924429E+002
    853  7.650705057466906E-005  1.189950762444425E+002
   1024  7.643812361473108E-005  1.310472886139475E+002
     19  7.611651471376975E-005  2.137958735177528E+001
    473  7.607031438879905E-005  5.864875851961727E+001
    550  7.544967356118455E-005  1.044255141670578E+002
     72  7.511550602322158E-005  2.695844835194747E+001
    494  7.364814163128443E-005  5.959072402434833E+001
    433  7.243872818849365E-005  5.552394895078822E+001
    313  7.228927840717687E-005  3.941220320488696E+001
    291  7.218611749350139E-005  3.834865717601958E+001
    605  7.114477406506231E-005  1.079476682950407E+002
    623  7.044959421687373E-005  1.084311616311891E+002
    558  7.042094167205184E-005  1.054235904423783E+002
    107  7.040863979494559E-005  2.880093649968087E+001
    658  7.025722065144772E-005  1.092752908733605E+002
    854  7.017797550656530E-005  1.190938927222375E+002
    408  6.995684904332152E-005  5.368647704938994E+001
    260  6.974728018687154E-005  3.745846822965304E+001
     99  6.960538031079411E-005  2.813215700322161E+001
    186  6.924257514725686E-005  3.335079910483972E+001
   1045  6.922305409352083E-005  1.322246800166877E+002
    305  6.915061630166157E-005  3.919092577852600E+001
   1062  6.874059502427624E-005  1.338537297016246E+002
    778  6.773644423304856E-005  1.153062331743218E+002
    824  6.761169550560301E-005  1.173851057796732E+002
    593  6.740751184881524E-005  1.074633420950339E+002
     40  6.723586298040926E-005  2.429142631572386E+001
     98  6.687149751329536E-005  2.810036398063808E+001
    343  6.656719648132634E-005  4.223776350771931E+001
    898  6.644011409374543E-005  1.236287338505038E+002
    836  6.585361851707583E-005  1.177792466123822E+002
    960  6.528818343561953E-005  1.283710541965592E+002
    513  6.416992183381190E-005  6.111701004965728E+001
    475  6.381632226434657E-005  5.870955367754343E+001
   1020  6.380171780441905E-005  1.308300137670077E+002
     30  6.367546326873239E-005  2.339033246897357E+001
    669  6.360825049813695E-005  1.098991161820264E+002
    369  6.351059945717530E-005  4.556664797594529E+001
    140  6.315806297228104E-005  3.002380690834687E+001
    136  6.311806254146616E-005  2.995197020395121E+001
    822  6.245998060846744E-005  1.173379890193997E+002
    986  6.215361039230366E-005  1.294778988001748E+002
    955  6.158813774096331E-005  1.283043098504922E+002
    942  6.152554680981228E-005  1.277896527703618E+002
    817  6.092847058701277E-005  1.171745914510001E+002
    972  6.078098547618255E-005  1.289491342298440E+002
    480  6.053840388484435E-005  5.887142017505539E+001
    741  5.976676346599695E-005  1.126383251241469E+002
    447  5.885410074211371E-005  5.692641404400948E+001
    559  5.884989192189641E-005  1.054467335457494E+002
    311  5.851232004930843E-005  3.939193935233331E+001
    250  5.784538267872707E-005  3.645071914574685E+001
    220  5.703031281452826E-005  3.440936379612124E+001
    584  5.696587813021833E-005  1.071415131646536E+002
    636  5.660839787703663E-005  1.087412284437008E+002
    457  5.644211768486515E-005  5.770039153165104E+001
    366  5.608194441492911E-005  4.541480133184800E+001
    616  5.600740164881573E-005  1.081902144651443E+002
    252  5.599625515171042E-005  3.681481496629917E+001
    944  5.566616790482156E-005  1.278264506290159E+002
    227  5.521962140510138E-005  3.461221107986133E+001
    498  5.471264482534477E-005  6.006055704270973E+001
    465  5.397928421134583E-005  5.845233409136720E+001
    609  5.349384634238001E-005  1.080529774194348E+002
   1072  5.268223320625103E-005  1.354275255218108E+002
    409  5.262439593536229E-005  5.377950655266745E+001
    487  5.225634557840595E-005  5.901096182276392E+001
    567  5.224132024733909E-005  1.061175767374582E+002
    508  5.214657688787780E-005  6.101348113010317E+001
    599  5.170457017671319E-005  1.077354408464688E+002
    398  5.132215606379792E-005  5.298968704937109E+001
    102  5.087802434461106E-005  2.838723287464182E+001
    257  5.037212288600566E-005  3.716053985696894E+001
    216  5.023581885280784E-005  3.431915233475488E+001
    371  5.015019910387559E-005  4.567834615857563E+001
    484  4.986081403168233E-005  5.894622531819898E+001
    812  4.981492763033386E-005  1.169499526914024E+002
    376  4.962807513797737E-005  4.578482274843697E+001
    200  4.916447586590758E-005  3.413076352937113E+001
    360  4.879129996742743E-005  4.501412031898634E+001
    187  4.850148537891651E-005  3.338593491458187E+001
    201  4.824162790474230E-005  3.413905621996786E+001
    610  4.807307739526624E-005  1.080548791140610E+002
    477  4.803578003335307E-005  5.875439662154096E+001
    165  4.797719803600507E-005  3.194792507678593E+001
    917  4.779533136018292E-005  1.262583151256411E+002
    656  4.770500136537247E-005  1.092383325553483E+002
    279  4.764193529970651E-005  3.776291602598710E+001
    618  4.762035273996427E-005  1.083041655146542E+002
    583  4.759504133380366E-005  1.070323413352247E+002
    368  4.724529180011942E-005  4.552075151204606E+001
    847  4.699956955505385E-005  1.183795327778256E+002
     32  4.690216257214587E-005  2.386019687247388E+001
    435  4.631252588923532E-005  5.559833163642786E+001
    425  4.625657040008647E-005  5.512885982268182E+001
    686  4.594361842099016E-005  1.108321598991433E+002
    765  4.566955768981303E-005  1.138034732037320E+002
    370  4.561108344592803E-005  4.562254251008403E+001
    574  4.542369858825517E-005  1.067089856517616E+002
    918  4.520295671891708E-005  1.263810693695273E+002
    879  4.504739964416461E-005  1.208628531744268E+002
    481  4.483355394634555E-005  5.889564718758225E+001
    873  4.438648976322672E-005  1.205400953636918E+002
    404  4.429585761128463E-005  5.332919471058649E+001
    851  4.401117153468043E-005  1.189105890777936E+002
    641  4.382207507037490E-005  1.088136450829588E+002
     52  4.338850313862077E-005  2.532370304309600E+001
    275  4.332956203975492E-005  3.771871208633355E+001
    470  4.329894120062498E-005  5.858950887133865E+001
    123  4.319847529232235E-005  2.945706723223188E+001
    472  4.308907365850937E-005  5.860732378330380E+001
    261  4.238595577854342E-005  3.751537038816641E+001
     80  4.235868640493173E-005  2.737665388114407E+001
    624  4.133355762113109E-005  1.084534043855216E+002
    579  4.121974135260921E-005  1.068810185812333E+002
    391  4.117739125176914E-005  4.935295074539214E+001
    674  4.113146474507159E-005  1.101627157855635E+002
    423  4.111143535717799E-005  5.491452382822700E+001
    509  4.072410855649109E-005  6.104665142125116E+001
    769  3.991892251606630E-005  1.141494817506874E+002
    496  3.986011687623772E-005  5.977778544840232E+001
    589  3.973321514386930E-005  1.073243551551986E+002
   1026  3.960074112944554E-005  1.310988308446859E+002
    672  3.924292100502318E-005  1.100523893058521E+002
    813  3.900254333832864E-005  1.170211975618395E+002
      2  3.858993232265801E-005  1.507477314615795E+001
    777  3.778016183310227E-005  1.150636811545726E+002
    316  3.706503229102294E-005  3.947722492082590E+001
    683  3.702887745970780E-005  1.107854094171573E+002
    265  3.700517920508999E-005  3.762418150997995E+001
   1029  3.660625574278845E-005  1.312589073638632E+002
    924  3.647230981894682E-005  1.267645350898773E+002
    528  3.592533609235821E-005  6.211763689923020E+001
     57  3.590454479166148E-005  2.601044601303876E+001
    796  3.587104847107996E-005  1.160406419035091E+002
    284  3.577229428957440E-005  3.794002386601017E+001
    118  3.573979492410741E-005  2.927665934202001E+001
    179  3.494530266880736E-005  3.301071504933698E+001
     47  3.435453534716948E-005  2.514695584094496E+001
    595  3.406773546296550E-005  1.075727311228692E+002
    463  3.395801609322920E-005  5.840368106338346E+001
    271  3.390888126165091E-005  3.769377629908810E+001
    162  3.389896800114219E-005  3.142013005221356E+001
    339  3.367844464152698E-005  4.199721405536648E+001
    727  3.353186051734808E-005  1.123838421661365E+002
    943  3.337666091255684E-005  1.278255860865938E+002
    467  3.310620650112702E-005  5.850070475174659E+001
    695  3.293574119711557E-005  1.110404578737834E+002
    495  3.276279098235994E-005  5.971063876484735E+001
    810  3.246350425625497E-005  1.168542717379606E+002
    213  3.240912809996592E-005  3.426923698719692E+001
    899  3.213510402530346E-005  1.237750393258326E+002
    820  3.143300127769074E-005  1.173160626674297E+002
    400  3.131639924099573E-005  5.304406357850599E+001
    194  3.081168001545825E-005  3.388123191050668E+001
    373  3.066199934570493E-005  4.573517441489172E+001
     12  2.998354121181587E-005  1.791855268392995E+001
     71  2.992717308186704E-005  2.691074291878593E+001
    351  2.970903903294425E-005  4.290814690346715E+001
    461  2.955340335611711E-005  5.832169084274378E+001
    787  2.928858209639304E-005  1.157066821730262E+002
    745  2.908931360510092E-005  1.127541380335163E+002
     75  2.902075809673761E-005  2.717284531466260E+001
    865  2.876664548115996E-005  1.195233182598442E+002
    702  2.865653244358326E-005  1.112791472783473E+002
    724  2.822347396587111E-005  1.122474317356576E+002
    342  2.822314201118982E-005  4.219280462450153E+001
    442  2.813742020655073E-005  5.605259237502305E+001
    592  2.787819126338780E-005  1.074010896433819E+002
    649  2.758091132167573E-005  1.089557122086210E+002
    259  2.707835375015461E-005  3.731129763636223E+001
    670  2.692380247001357E-005  1.099218253642219E+002
    825  2.679633056695448E-005  1.174155068731360E+002
    529  2.679421657733183E-005  6.213305424318654E+001
    228  2.651438477238501E-005  3.465329128304563E+001
    829  2.651134334405144E-005  1.175434491795728E+002
    710  2.641687877507468E-005  1.117114283703663E+002
     41  2.626316255013595E-005  2.434332602389209E+001
    569  2.587452684647093E-005  1.064024371239422E+002
    267  2.569282150490864E-005  3.763942844703926E+001
    159  2.553092763103990E-005  3.140014259635325E+001
    682  2.545658366677169E-005  1.107795174367904E+002
   1046  2.537902948614847E-005  1.322741703884410E+002
    126  2.524431384355063E-005  2.957864372821811E+001
    756  2.518562179386413E-005  1.131019348749128E+002
    719  2.509367952959760E-005  1.120361196403708E+002
    608  2.455509897223889E-005  1.080310773431174E+002
    633  2.436823716878208E-005  1.086770367044967E+002
    596  2.433258017541450E-005  1.076305596761092E+002
    634  2.421714755198025E-005  1.087110579745548E+002
    328  2.383891424069723E-005  3.982877398686839E+001
    190  2.366512009904991E-005  3.352213579831744E+001
    576  2.361702543694339E-005  1.068188420241767E+002
    214  2.355385209079073E-005  3.429158842681225E+001
    789  2.351911714002760E-005  1.157939903252585E+002
    659  2.330387379233317E-005  1.093169473413985E+002
    247  2.298503800764279E-005  3.613855018049320E+001
    374  2.263609089646965E-005  4.576894168844035E+001
    269  2.262856337406762E-005  3.766609016559832E+001
    486  2.224020084723561E-005  5.898078655703418E+001
    800  2.167053318934250E-005  1.161811067685375E+002
    896  2.116533427814836E-005  1.231967026860033E+002
    456  2.111143232212355E-005  5.758475825352298E+001
     86  2.036803598074139E-005  2.760340701365068E+001
     88  2.015237788011165E-005  2.776495450944637E+001
    622  1.958423091138504E-005  1.084041586407917E+002
    280  1.936922530872985E-005  3.777070006257392E+001
    515  1.934097231317775E-005  6.113166482037749E+001
    858  1.919644935702050E-005  1.193043137223610E+002
    287  1.911682284295853E-005  3.806334999222836E+001
    709  1.876089065588174E-005  1.116986555393093E+002
    930  1.874163941609972E-005  1.272550109882912E+002
    687  1.866221359098067E-005  1.108477970364615E+002
    614  1.814976448263308E-005  1.081499604581023E+002
     76  1.811345395140557E-005  2.719040433196805E+001
   1065  1.781811565521549E-005  1.340986810838602E+002
   1068  1.776686488152312E-005  1.342139437973118E+002
    256  1.774106235446555E-005  3.708485200545782E+001
    441  1.738955397472093E-005  5.602297434426368E+001
   1038  1.661817209876368E-005  1.317153469634680E+002
    676  1.647738612701318E-005  1.102968009656115E+002
   1018  1.618387248892435E-005  1.307425624046459E+002
    108  1.607482454968521E-005  2.884206820739177E+001
    321  1.599429245424183E-005  3.959878738143280E+001
    684  1.584634300132612E-005  1.108055531440044E+002
    277  1.582582989836185E-005  3.774405278528796E+001
    272  1.569230081513303E-005  3.770876893490352E+001
    522  1.566978068452741E-005  6.189501394570030E+001
     61  1.532615502915299E-005  2.623624111749398E+001
    748  1.513934674146126E-005  1.128453459062848E+002
   1063  1.510394420613857E-005  1.338610239777397E+002
    129  1.501534564858675E-005  2.967722940199728E+001
    934  1.498872888357849E-005  1.274026915475210E+002
   1040  1.496795298892130E-005  1.318325334098182E+002
    880  1.496045913809518E-005  1.209811659012211E+002
    807  1.480486299176512E-005  1.166040027024774E+002
    350  1.437163169895894E-005  4.287084402122760E+001
    803  1.434536525799274E-005  1.163959410830473E+002
    744  1.413245687999018E-005  1.127340165661099E+002
    243  1.412732150842440E-005  3.580427376176280E+001
   1004  1.408618822148593E-005  1.302828791464404E+002
    601  1.406100983145168E-005  1.078222216339937E+002
    619  1.404654596712218E-005  1.083262496248409E+002
    625  1.402122287960379E-005  1.084878781680722E+002
    363  1.399422540355695E-005  4.523665715266514E+001
    758  1.377033644399399E-005  1.131945788764974E+002
   1008  1.371983452929549E-005  1.304054287055121E+002
    815  1.371893922029387E-005  1.170844697210597E+002
    890  1.371404899256050E-005  1.222269695705770E+002
    637  1.352430267387232E-005  1.087708716348475E+002
   1028  1.351753797279663E-005  1.312419762585663E+002
    640  1.341417789066978E-005  1.088027953187827E+002
    635  1.333823414760612E-005  1.087402789130293E+002
    665  1.331691549223637E-005  1.096195054263975E+002
    703  1.324657548418221E-005  1.113359924967504E+002
    713  1.305422247533491E-005  1.118750446375970E+002
    483  1.302781529640191E-005  5.892865432514233E+001
    520  1.299730838803380E-005  6.117519869664547E+001
    362  1.275416438776556E-005  4.520209191521082E+001
    794  1.262584822448278E-005  1.159299755047292E+002
    181  1.250709841519060E-005  3.309588236011395E+001
    603  1.234650891532490E-005  1.078480909052838E+002
    685  1.213191389879117E-005  1.108208915724099E+002
    490  1.203201388276916E-005  5.909746584665749E+001
    235  1.199498797843537E-005  3.553329683850696E+001
    365  1.181627700818721E-005  4.540196146988517E+001
    910  1.159978898528722E-005  1.258349422363612E+002
    650  1.152180906849115E-005  1.090061273622073E+002
    532  1.148024728867479E-005  6.299204701993657E+001
    540  1.122553824730895E-005  1.019596674086986E+002
    657  1.120311905213390E-005  1.092680437977900E+002
    693  1.090385050114704E-005  1.110198391814811E+002
    660  1.072170236846254E-005  1.093929129115852E+002
   1051  1.070929600228227E-005  1.330173846663143E+002
    541  1.066004381993178E-005  1.020561485810812E+002
    679  1.061147713828916E-005  1.106299731616480E+002
    590  1.057155033065879E-005  1.073381491314167E+002
    675  1.056782492771979E-005  1.101932688761904E+002
    998  1.028819295188517E-005  1.301241144683907E+002
    751  1.027354267986327E-005  1.129352725370382E+002
    738  1.026827189867180E-005  1.126248828969786E+002
    975  1.015039941425940E-005  1.290479361570385E+002
    977  1.011494111973818E-005  1.291448023039548E+002
    642  1.000030848727839E-005  1.088349318990273E+002
    148  9.917942778510831E-006  3.055713011308698E+001
    696  9.879667379426290E-006  1.111110130672436E+002
    511  9.842184296270139E-006  6.108291035790679E+001
    915  9.829616657409255E-006  1.261627872997085E+002
     73  9.790703235451492E-006  2.704395448663374E+001
   1000  9.766869019977592E-006  1.301375093272533E+002
   1054  9.766602490126483E-006  1.332101619260334E+002
    781  9.755412788675294E-006  1.155015502370288E+002
    341  9.714932193379741E-006  4.207899368185591E+001
    714  9.673289234033586E-006  1.118865310298163E+002
    757  9.514751364754193E-006  1.131455979007981E+002
    130  9.425612365956957E-006  2.969026097336859E+001
    345  9.401506607818947E-006  4.248475366295001E+001
    905  9.390184912113556E-006  1.252963463377060E+002
    644  9.154405529031812E-006  1.088699046594824E+002
   1022  9.123148503025729E-006  1.309570316227355E+002
    732  8.984842126544163E-006  1.124809932511083E+002
    809  8.961621183096065E-006  1.168273457040169E+002
    340  8.949036214147424E-006  4.203744443197692E+001
   1025  8.841556898800279E-006  1.310823101564250E+002
    527  8.803941385794006E-006  6.211137902133680E+001
   1021  8.621577120362914E-006  1.308784400027895E+002
    859  8.436169224589250E-006  1.193117826572047E+002
    285  8.393579180237571E-006  3.794670187788559E+001
   1031  8.297938798778715E-006  1.313824495210718E+002
    922  8.220391560940595E-006  1.267277337836395E+002
    175  8.179010202589059E-006  3.282740528695558E+001
    782  8.145268202424183E-006  1.155663554633046E+002
    982  8.125129048576903E-006  1.293230544301462E+002
    662  8.121024579086622E-006  1.094304874643061E+002
    648  8.080178416410651E-006  1.089328290594756E+002
    862  8.066096941029223E-006  1.194326389788892E+002
    668  8.036780733432457E-006  1.098358517134249E+002
    888  7.951988767758043E-006  1.215384892766490E+002
    923  7.951798359223703E-006  1.267345977181097E+002
    852  7.934607971604405E-006  1.189308904937423E+002
    921  7.866931232641504E-006  1.266347372507485E+002
    742  7.826775814335189E-006  1.126546326383816E+002
    828  7.701519887319121E-006  1.175132070682912E+002
    933  7.658732548646932E-006  1.272967505112425E+002
    611  7.472710360125454E-006  1.080609110523806E+002
    488  7.336297399960769E-006  5.904214899548738E+001
    715  7.236075073897281E-006  1.119122168057061E+002
    664  7.211254100061876E-006  1.095868237421283E+002
    845  7.202434623159502E-006  1.182722434309271E+002
    170  7.100810344518358E-006  3.240864442722207E+001
    586  7.095839861884271E-006  1.072414988471015E+002
    802  6.917045669512526E-006  1.163074247182627E+002
    995  6.909824162061543E-006  1.300556822463785E+002
    587  6.796109087603088E-006  1.072564562863978E+002
    396  6.761002772024198E-006  5.292259014309509E+001
    556  6.631028091895666E-006  1.053074591696642E+002
   1077  6.627888756156517E-006  6.189178021453241E+002
    846  6.419042159549963E-006  1.183733977129572E+002
   1032  6.386918699021228E-006  1.314270448258869E+002
    469  6.270836420171734E-006  5.857260373695996E+001
    962  6.263493965490138E-006  1.284190833846668E+002
    453  6.184730468393195E-006  5.734859743017803E+001
    613  6.115704747318900E-006  1.081325074305931E+002
    688  5.990660492144664E-006  1.108652117541332E+002
    805  5.926317944152700E-006  1.165442309434909E+002
     55  5.878016097336836E-006  2.564739582447731E+001
    753  5.824309316548847E-006  1.130399909728984E+002
    804  5.821002594528226E-006  1.164307012054320E+002
    956  5.754453158696914E-006  1.283075816024711E+002
    388  5.659479497730332E-006  4.916519389587509E+001
    994  5.634475110345382E-006  1.299886393654431E+002
    849  5.574980350777020E-006  1.186556798515274E+002
    894  5.460013186557635E-006  1.226855190700912E+002
    729  5.398369696634135E-006  1.124070412533170E+002
    735  5.395714820984510E-006  1.125422257639707E+002
    506  5.378877477933925E-006  6.092479484159845E+001
    990  5.349052540569711E-006  1.297249883032466E+002
    726  5.226940870431208E-006  1.123280306605216E+002
    639  5.128808844450560E-006  1.087924757147032E+002
    855  5.109711868117680E-006  1.192335282432478E+002
     51  5.093416926089913E-006  2.527497960196780E+001
    927  5.050929436159345E-006  1.271118445081471E+002
    562  5.003889542087796E-006  1.058125905236654E+002
   1035  5.002295394175488E-006  1.315022364948826E+002
    795  4.947675849974445E-006  1.159446042090269E+002
    978  4.921964595163071E-006  1.291764873003617E+002
    767  4.903283081848673E-006  1.139787538815297E+002
    653  4.824982857547629E-006  1.090926521840726E+002
    198  4.821189034289290E-006  3.410095577154824E+001
    837  4.812765699639454E-006  1.177814246314451E+002
    895  4.782062087432060E-006  1.231922658586809E+002
    600  4.779106074849737E-006  1.078192567961393E+002
    790  4.729096898373524E-006  1.158127479939932E+002
    932  4.613794849664377E-006  1.272890793904072E+002
    770  4.568218607794300E-006  1.141655133118217E+002
   1003  4.539070987865748E-006  1.302792324598297E+002
    677  4.481964875441286E-006  1.104103779431708E+002
    764  4.471729147532794E-006  1.137269990775531E+002
    931  4.414842670188990E-006  1.272754104030811E+002
    860  4.384223515097744E-006  1.193608179742887E+002
    938  4.363865221236719E-006  1.276246332177813E+002
    949  4.319124753854422E-006  1.280833568476082E+002
    707  4.192433157933951E-006  1.116484954290111E+002
    920  4.167896616101079E-006  1.265729199247587E+002
    525  4.135335081564379E-006  6.201689187624501E+001
     13  4.080894935495545E-006  2.038781372204352E+001
    432  4.069674241781037E-006  5.551253331854516E+001
    215  4.057907461470986E-006  3.430912489816387E+001
    985  4.046742875398680E-006  1.294454523269476E+002
    651  3.938042497238653E-006  1.090123807306586E+002
   1043  3.877546031757914E-006  1.320181582363304E+002
   1002  3.789583846400177E-006  1.301955720736593E+002
    961  3.733666256820469E-006  1.283826108536399E+002
    263  3.732860844930556E-006  3.756851288337069E+001
    733  3.725773859425005E-006  1.125211996768446E+002
    816  3.635247709154428E-006  1.170854692244173E+002
   1017  3.471511070954025E-006  1.307020085696559E+002
    779  3.406562254527549E-006  1.153237642854880E+002
    631  3.370385242267966E-006  1.086593678715634E+002
    437  3.363269716221986E-006  5.567668099873953E+001
    632  3.361600268694366E-006  1.086732063917954E+002
    997  3.353899742255909E-006  1.300952728722026E+002
    225  3.347658812638368E-006  3.458265676939745E+001
    948  3.340417342408454E-006  1.280530341997139E+002
    329  3.288173210542902E-006  3.994917835777716E+001
    793  3.250991384604831E-006  1.158943894419280E+002
    786  3.241862201259832E-006  1.156679892855772E+002
    499  3.125363440730432E-006  6.010190034988052E+001
    747  3.087129471870573E-006  1.128221651622354E+002
    524  3.040916252038643E-006  6.196836567938324E+001
   1073  3.035201730662800E-006  1.355646294676644E+002
    963  3.024204063696944E-006  1.284456810480366E+002
    893  3.023193596803302E-006  1.225899968537864E+002
    606  3.021164157972524E-006  1.079754075340127E+002
    300  2.861602115098518E-006  3.871033423098082E+001
    887  2.839790002897766E-006  1.215278324822884E+002
    761  2.820699161703146E-006  1.134019555363662E+002
    736  2.786673392997123E-006  1.125700463249535E+002
    939  2.786503870611699E-006  1.276788938661296E+002
    889  2.728103485361408E-006  1.221096476933091E+002
    471  2.670181303083468E-006  5.859921299406331E+001
    788  2.659058872883153E-006  1.157595566872355E+002
    907  2.646826000769975E-006  1.254774984052440E+002
    911  2.606354257010796E-006  1.258968376271585E+002
    857  2.575340224163367E-006  1.192977858717030E+002
   1012  2.509683057303366E-006  1.305860585800326E+002
    127  2.472149526514081E-006  2.958197907168710E+001
    146  2.453241744590328E-006  3.038455959742199E+001
    840  2.430546349914306E-006  1.179674198090055E+002
    863  2.402162939855829E-006  1.194780899982511E+002
    428  2.401914475827449E-006  5.539697768550786E+001
    620  2.349960166673853E-006  1.083700393844588E+002
    945  2.347053881812743E-006  1.278945431870569E+002
    439  2.343683125376272E-006  5.581771077364913E+001
    386  2.324123957706478E-006  4.778448827008048E+001
    908  2.300801465662385E-006  1.256350992978881E+002
    749  2.262210705380233E-006  1.128862829609149E+002
    867  2.259959972743118E-006  1.199420338065019E+002
    901  2.249054697569414E-006  1.246352700151236E+002
    766  2.147999599604582E-006  1.138313497862233E+002
   1009  2.124968191317935E-006  1.304609142394732E+002
    801  2.105567127673962E-006  1.162412158177078E+002
     87  2.094102240579039E-006  2.773505635732142E+001
    951  2.020508005351812E-006  1.282127111215003E+002
    654  2.002602087143466E-006  1.091774321289355E+002
    739  2.001867575476657E-006  1.126267264275300E+002
    655  1.966129600531035E-006  1.092114390318620E+002
    848  1.897539559044579E-006  1.185512117490796E+002
    884  1.849352925643115E-006  1.212913619330936E+002
    811  1.809502560888954E-006  1.169131613251637E+002
    818  1.803666960730012E-006  1.172202887178189E+002
    638  1.789270043393936E-006  1.087773663504995E+002
    792  1.785638842473096E-006  1.158579110744502E+002
    591  1.777511304058534E-006  1.073970459895217E+002
    864  1.756493912061097E-006  1.195154318953015E+002
    705  1.739351131631312E-006  1.114879185885843E+002
    661  1.712404954490102E-006  1.094040232551639E+002
    699  1.671967519171947E-006  1.111753891148923E+002
    883  1.648572556227874E-006  1.212822283474710E+002
    999  1.617446304040545E-006  1.301340763851820E+002
    841  1.615189693702858E-006  1.180046875638410E+002
    798  1.608887317066069E-006  1.161233232814441E+002
    412  1.607706013913074E-006  5.399327798218789E+001
    957  1.556376403745254E-006  1.283224605383935E+002
    925  1.522265790908403E-006  1.268943605090481E+002
    728  1.516634779724451E-006  1.123911467240560E+002
   1059  1.465770819927476E-006  1.335352794510990E+002
    971  1.448494055810673E-006  1.289111652451389E+002
    128  1.432195883963691E-006  2.964876822252022E+001
    355  1.426707167727593E-006  4.365668409738398E+001
   1056  1.408515856598696E-006  1.332822863268028E+002
    872  1.393393331986100E-006  1.204992644439996E+002
    319  1.370279671883630E-006  3.955367029075058E+001
    643  1.367855252639023E-006  1.088529165631816E+002
   1027  1.321375155857531E-006  1.311414239553258E+002
    711  1.319595208922949E-006  1.117833092223069E+002
    941  1.318361137854600E-006  1.277239710636116E+002
   1048  1.299699044621001E-006  1.325281096806480E+002
    718  1.254889972810943E-006  1.120307816427976E+002
    980  1.218679798622630E-006  1.292322903638887E+002
    885  1.204385660353525E-006  1.213849358963692E+002
    681  1.202639080964696E-006  1.107150530846271E+002
    322  1.174004089081513E-006  3.962934885257222E+001
    752  1.124008807298258E-006  1.129825416205730E+002
    987  1.121235470843456E-006  1.295218650079724E+002
    891  1.117313497341046E-006  1.222344606190913E+002
    791  1.069095599028786E-006  1.158399885308925E+002
    612  1.041705011004793E-006  1.080838271474082E+002
    776  1.027625447157590E-006  1.150535509847603E+002
    240  1.000098805883478E-006  3.568815433410965E+001
    422  9.905307243519898E-007  5.478392604221921E+001
    750  9.856349846618499E-007  1.128980084302201E+002
    476  9.631824169807995E-007  5.874284760292872E+001
    353  9.226402246386018E-007  4.354452657935016E+001
    110  9.142500912416430E-007  2.890337161783228E+001
    701  9.000737531394988E-007  1.112655741498095E+002
    460  8.945997494900535E-007  5.821511818989060E+001
    969  8.634344517524212E-007  1.288232913140608E+002
    832  8.500857511906665E-007  1.176150872586579E+002
    870  8.492575732619443E-007  1.203621491035894E+002
    831  8.436209088994702E-007  1.175849164822640E+002
    712  8.432880055160237E-007  1.118479116964762E+002
    874  7.333882505876636E-007  1.206463359037059E+002
    903  7.077021716781449E-007  1.249295857950171E+002
    628  6.868928833952286E-007  1.085999071252231E+002
   1049  6.824673081804672E-007  1.325964910892840E+002
    759  6.706374922113037E-007  1.132523759465808E+002
   1007  6.499876379834452E-007  1.303971511397991E+002
   1044  6.478152787802279E-007  1.320835593454495E+002
    737  6.402232216255724E-007  1.125716601108342E+002
    629  6.390272264681075E-007  1.086436456014825E+002
    936  6.154544681644325E-007  1.275963114471066E+002
    983  6.110494521576688E-007  1.293699640118089E+002
   1023  5.895139771788617E-007  1.309907545973144E+002
    286  5.857580700204866E-007  3.806107114689090E+001
    814  5.839112256383479E-007  1.170571282096026E+002
    124  5.702682833788597E-007  2.953039329658957E+001
    878  5.651294490217595E-007  1.208553192243232E+002
    830  5.609428219848230E-007  1.175448785112390E+002
    722  5.608742835220824E-007  1.121989232781130E+002
    773  5.233130239554915E-007  1.146041296786391E+002
    844  4.660991598927579E-007  1.182236522024691E+002
    959  4.409047383678975E-007  1.283643788123119E+002
    178  4.357824527668126E-007  3.291892583427273E+001
    886  4.284236018361949E-007  1.214498350996194E+002
    598  4.246182089749758E-007  1.077082259858063E+002
    615  4.109885046510820E-007  1.081646255451844E+002
    501  4.067038004850110E-007  6.025540211442135E+001
    723  3.987335900645684E-007  1.122249597820348E+002
    652  3.665465294900408E-007  1.090805000764319E+002
    904  3.386189252504915E-007  1.250437756508075E+002
    177  3.301328521152452E-007  3.286305119332699E+001
    645  3.230445877416280E-007  1.088758352374567E+002
    716  3.220029365106919E-007  1.119313653155845E+002
    968  3.134347623611794E-007  1.287893908307005E+002
    861  3.060136276112248E-007  1.193618968506130E+002
   1019  2.999927179846342E-007  1.307856127904329E+002
    192  2.968918691258912E-007  3.373139183933635E+001
    581  2.860090507614685E-007  1.069166383916512E+002
    697  2.853970112544585E-007  1.111168086390436E+002
    241  2.775478699259254E-007  3.573178726353736E+001
     63  2.716485367248899E-007  2.633691355837915E+001
   1015  2.700992041676895E-007  1.306693309857935E+002
    233  2.693733482057886E-007  3.536858076063520E+001
    424  2.354088229762964E-007  5.504400290817051E+001
    704  2.341437573573454E-007  1.114088220449556E+002
    597  2.151637194647182E-007  1.076362394255561E+002
    204  1.927717844252001E-007  3.416741852472765E+001
    720  1.880050916464313E-007  1.121496181246094E+002
   1034  1.807195044964397E-007  1.314975717016592E+002
    900  1.778138710413753E-007  1.240255399934555E+002
    912  1.713756257128302E-007  1.259977317017505E+002
    406  1.545471454817323E-007  5.347162595814701E+001
    991  1.513499044626583E-007  1.298309517843196E+002
    881  1.467335251652360E-007  1.212001054655417E+002
     69  1.387122441644709E-007  2.667931486079132E+001
    906  1.365695213626093E-007  1.253859334012492E+002
    919  1.316916870956937E-007  1.264669767465423E+002
    283  1.315882465300939E-007  3.781664732037148E+001
    740  1.294431791989410E-007  1.126281679605138E+002
    916  1.203068908190984E-007  1.261858055404796E+002
    775  1.131161418574118E-007  1.149447083106751E+002
    806  1.039843673394040E-007  1.165904998677036E+002
    646  9.758601041353122E-008  1.089039652974663E+002
    953  9.462799759499334E-008  1.282835790234384E+002
    754  9.394935500450486E-008  1.130532912402911E+002
    869  9.272711522152780E-008  1.201465244096069E+002
    935  9.214514572717431E-008  1.274477748704804E+002
    746  8.629705704894485E-008  1.128150956859242E+002
    993  8.444443955052320E-008  1.299638892136509E+002
    734  8.224967271304484E-008  1.125227414297757E+002
   1010  7.449666643513549E-008  1.305150376372933E+002
    731  7.152293468191750E-008  1.124795031346507E+002
    882  7.128836875616224E-008  1.212606419968792E+002
    834  7.004100142237335E-008  1.176651591794238E+002
    819  6.822769720186756E-008  1.172617623112352E+002
   1076  5.851068940834213E-008  1.858411948136732E+002
    850  5.602560319738056E-008  1.188640670964077E+002
    833  5.339221356031514E-008  1.176450554682990E+002
    946  4.056328595095601E-008  1.279201366409634E+002
    996  3.769871811595388E-008  1.300741546440489E+002
    647  3.339271882276552E-008  1.089204596390746E+002
    856  2.933083545037582E-008  1.192407591408727E+002
    627  2.765129768706063E-008  1.085359599099982E+002
    839  2.465433280045670E-008  1.178451551754228E+002
    914  2.391004461915794E-008  1.261343003660832E+002
    974  2.382496868740350E-008  1.290391941684268E+002
    743  2.031252532481416E-008  1.126739704882794E+002
    965  2.012766185172692E-008  1.286084743618769E+002
    270  1.418990610896317E-008  3.767493462479421E+001
    876  1.409232550259053E-008  1.207338716680959E+002
    892  1.389923860234189E-008  1.223146913863671E+002
     56  1.212651610362027E-008  2.577494999028338E+001
   1030  1.116071586919276E-008  1.313677884464318E+002
    203  1.028013397754503E-008  3.415596231316062E+001
    630  9.775158775098213E-009  1.086464564510315E+002
    721  8.675922180000461E-009  1.121902054803930E+002
    224  7.575741219559201E-009  3.456258153743839E+001
    823  6.581226872665097E-009  1.173434151863991E+002
   1014  6.522739329791318E-009  1.306579532637773E+002
    167  6.054255069072108E-009  3.206734480721192E+001
    692  2.226048221057409E-009  1.109991362888409E+002
     77  1.003614542031289E-009  2.720977418778346E+001
   1037  4.240890455345832E-010  1.316166834102353E+002
    443  4.693000725496547E-012  5.615506371008289E+001
