# Number of modes
   1077
# Tabulated for different initial and final frequencies?
    F
# Mode index, Sj, (highest to lowest), omega_j
    291  2.616908844729185E-002  3.834865717601958E+001
    497  1.945144933673365E-002  5.984833423050026E+001
    298  1.561525571743692E-002  3.860785506393049E+001
    539  1.495400296700699E-002  1.004038214764926E+002
    498  1.093151356044083E-002  6.006055704270973E+001
    293  1.073709095262535E-002  3.840315559517953E+001
   1066  9.794466577110231E-003  1.341339055776214E+002
    566  8.762208648337412E-003  1.060197199307676E+002
    547  7.549102374498724E-003  1.040413527560943E+002
     27  6.944365993892825E-003  2.288948685305089E+001
   1067  5.356341271176073E-003  1.341872351276505E+002
    450  4.766100468144354E-003  5.723022636777802E+001
    290  4.606539754012831E-003  3.834059039797889E+001
    448  3.278968469013554E-003  5.707216855561523E+001
    563  3.071957019763282E-003  1.058622417292547E+002
     65  2.972705183197768E-003  2.645533186342116E+001
    356  2.795500901740885E-003  4.399929676237998E+001
    299  2.682588804012716E-003  3.861147003050849E+001
    248  2.610425333327228E-003  3.617742791171408E+001
    491  2.458368877721707E-003  5.916484178919298E+001
    475  2.429299252713457E-003  5.870955367754343E+001
    430  2.424839288224630E-003  5.544226538226409E+001
   1050  2.301575075191893E-003  1.326682006609648E+002
    553  2.292633235149409E-003  1.045844149005738E+002
    392  2.196173974696462E-003  4.975569880244111E+001
    378  2.138810650992313E-003  4.609481655347708E+001
    580  2.111927139631597E-003  1.069063882425304E+002
    474  2.062560533629126E-003  5.866520048333617E+001
      2  2.059278007700653E-003  1.507477314615795E+001
    466  2.058327483844953E-003  5.848631456847294E+001
      4  1.944953008271692E-003  1.555889535187236E+001
    494  1.845755711541544E-003  5.959072402434833E+001
   1058  1.845281375337962E-003  1.334381531708862E+002
    537  1.819498934704845E-003  7.348438751630307E+001
    294  1.808121943746359E-003  3.844005427068350E+001
      7  1.803154229371714E-003  1.598850297870253E+001
    355  1.726964990547472E-003  4.365668409738398E+001
     17  1.717939515003569E-003  2.091913438766164E+001
    400  1.489501837791790E-003  5.304406357850599E+001
    337  1.436408543501304E-003  4.125439580477820E+001
    543  1.377497131816721E-003  1.026098663261161E+002
    871  1.347369863041217E-003  1.204638135739833E+002
   1008  1.340580083468848E-003  1.304054287055121E+002
     16  1.326870042392715E-003  2.083990463296455E+001
    468  1.306787146356032E-003  5.850419738659161E+001
    157  1.289649662361145E-003  3.136040875348826E+001
    533  1.259476603352872E-003  6.344214913117692E+001
    477  1.251302551881257E-003  5.875439662154096E+001
    165  1.234651782091428E-003  3.194792507678593E+001
    335  1.234062708588130E-003  4.064698242871874E+001
    108  1.233059167126236E-003  2.884206820739177E+001
    296  1.179756095092348E-003  3.847026909032138E+001
    433  1.145678591365389E-003  5.552394895078822E+001
    405  1.142672122036326E-003  5.340951413863353E+001
    503  1.088658044390734E-003  6.062899617907863E+001
   1060  1.068313073368261E-003  1.336329109810919E+002
    379  1.066243580050155E-003  4.610002508350383E+001
    376  1.065648075476417E-003  4.578482274843697E+001
    570  1.049980572996185E-003  1.064458450110351E+002
    479  1.044385904811153E-003  5.886156225440574E+001
     23  1.032908682810583E-003  2.160694502786773E+001
    462  1.017780508602694E-003  5.834568949164402E+001
   1000  1.004447507417093E-003  1.301375093272533E+002
   1020  9.892022343696611E-004  1.308300137670077E+002
    419  9.855514852130677E-004  5.447434435004674E+001
      8  9.634824589105193E-004  1.603898235084092E+001
    485  9.419585299927694E-004  5.896971858223063E+001
    504  9.393650425788858E-004  6.073767201700102E+001
     45  9.233822521263832E-004  2.505629895200580E+001
    426  9.141618576100490E-004  5.521112029631625E+001
    557  9.101905468731415E-004  1.053298087456868E+002
    288  9.039066257728673E-004  3.825168870868715E+001
   1069  8.833444282076629E-004  1.347402109836953E+002
   1053  8.657865769685171E-004  1.331993000158318E+002
    346  8.548362533039158E-004  4.251353138364797E+001
    928  8.000903857529084E-004  1.271758190169006E+002
    311  7.968514728022318E-004  3.939193935233331E+001
     86  7.892964294241256E-004  2.760340701365068E+001
    186  7.760460553656484E-004  3.335079910483972E+001
    456  7.301588382278876E-004  5.758475825352298E+001
     24  7.203618623786015E-004  2.165827626673025E+001
    970  6.982406759503223E-004  1.288440499253601E+002
     29  6.870482860899892E-004  2.304600720746813E+001
    258  6.689722937931127E-004  3.725675246841864E+001
    934  6.581342169056809E-004  1.274026915475210E+002
    929  6.529811343576996E-004  1.272324166790593E+002
     55  6.518140441169627E-004  2.564739582447731E+001
    559  6.375242757685751E-004  1.054467335457494E+002
     70  6.279812368683975E-004  2.683332853591699E+001
    940  6.239856720548369E-004  1.277053477702196E+002
    197  6.180659769707249E-004  3.407091137263039E+001
    500  6.149395364628499E-004  6.016266526055261E+001
     38  6.125930010285026E-004  2.415274881711009E+001
    575  6.012717048598849E-004  1.067636975144964E+002
     51  5.933637267339169E-004  2.527497960196780E+001
    546  5.891394279571308E-004  1.038908634804570E+002
    460  5.729496424241098E-004  5.821511818989060E+001
    306  5.717010495048194E-004  3.922583615449084E+001
    870  5.622842970407872E-004  1.203621491035894E+002
    114  5.326762765735839E-004  2.903390568794284E+001
    390  5.239902803341516E-004  4.930034545373515E+001
    454  5.230427223230767E-004  5.753531790534946E+001
    793  5.122331734644748E-004  1.158943894419280E+002
     14  5.052045941055182E-004  2.047451167645159E+001
    100  4.995072725054891E-004  2.814590236831992E+001
    209  4.875281324104056E-004  3.420776675567321E+001
    297  4.813590093726647E-004  3.850412000814609E+001
    407  4.742203107103839E-004  5.355040632372296E+001
    544  4.721168971145299E-004  1.037287728441322E+002
    621  4.698054169577935E-004  1.083828600305560E+002
    418  4.668586504013064E-004  5.440760214654593E+001
    374  4.595462152478096E-004  4.576894168844035E+001
     71  4.515552877392871E-004  2.691074291878593E+001
    432  4.496521018472547E-004  5.551253331854516E+001
    163  4.408419911851012E-004  3.148605603035891E+001
     22  4.168067332639084E-004  2.149928230079738E+001
    458  4.136256312110715E-004  5.780961640938520E+001
    666  4.130684034439168E-004  1.096961217429448E+002
    295  4.048973930308221E-004  3.844649820311862E+001
     67  4.024261010561508E-004  2.663955326886673E+001
     35  3.955482490523286E-004  2.406163852032448E+001
    272  3.942796741499190E-004  3.770876893490352E+001
     12  3.930730492057531E-004  1.791855268392995E+001
    930  3.885052651763472E-004  1.272550109882912E+002
    510  3.864073862570896E-004  6.106496915014706E+001
    593  3.808103269690460E-004  1.074633420950339E+002
    514  3.700389948010464E-004  6.112143562944963E+001
    551  3.644726069836705E-004  1.044758850995860E+002
    103  3.609903527598536E-004  2.854698030319213E+001
    402  3.565079729605664E-004  5.323403324336612E+001
    516  3.552433001983216E-004  6.114879167768425E+001
    783  3.538509920109999E-004  1.155776779712016E+002
    487  3.492683973951083E-004  5.901096182276392E+001
    587  3.382791419359574E-004  1.072564562863978E+002
     58  3.375363018879876E-004  2.603619761911758E+001
    926  3.346099901124162E-004  1.269935099435139E+002
   1045  3.329054073818731E-004  1.322246800166877E+002
      1  3.292640763332994E-004  1.480943860687432E+001
    310  3.284720252856386E-004  3.933560718805473E+001
    632  3.263381272461089E-004  1.086732063917954E+002
   1047  3.223078028089871E-004  1.324683504365100E+002
    274  3.186653176359370E-004  3.771469066363962E+001
    273  3.099603273922702E-004  3.771236202405859E+001
    802  3.094778663523712E-004  1.163074247182627E+002
    588  3.085086150726838E-004  1.072780161282308E+002
     18  3.079054956851712E-004  2.124694793769305E+001
    182  3.072572054588661E-004  3.313118961536368E+001
    415  3.037339457575706E-004  5.409773008136273E+001
    549  2.997892758723201E-004  1.043755820157491E+002
    659  2.965531115102649E-004  1.093169473413985E+002
   1055  2.960784884996795E-004  1.332315483337306E+002
    947  2.959947234383168E-004  1.280025795512814E+002
   1064  2.959226279218401E-004  1.339182935247794E+002
     26  2.948705074230208E-004  2.275577786050195E+001
    391  2.928705254225893E-004  4.935295074539214E+001
     90  2.927861514313745E-004  2.792299487571685E+001
    245  2.865475041821021E-004  3.584895809931362E+001
     21  2.854222397737935E-004  2.149552581175353E+001
    148  2.831099212974396E-004  3.055713011308698E+001
   1062  2.818771402644929E-004  1.338537297016246E+002
     64  2.818040211448914E-004  2.637954322898939E+001
    879  2.808168449413633E-004  1.208628531744268E+002
    383  2.803060843847999E-004  4.665506804468283E+001
   1031  2.795061603169003E-004  1.313824495210718E+002
    478  2.745365324113027E-004  5.880478287498814E+001
    635  2.681483587546873E-004  1.087402789130293E+002
    319  2.668840315869759E-004  3.955367029075058E+001
    554  2.637034923360798E-004  1.048978551747549E+002
    791  2.597637249388739E-004  1.158399885308925E+002
    975  2.594753373864367E-004  1.290479361570385E+002
    206  2.594059553770074E-004  3.418711639611698E+001
     44  2.520285747376583E-004  2.487547588775838E+001
   1061  2.505754584204842E-004  1.338239896777959E+002
     37  2.503272539804839E-004  2.413005277682491E+001
    825  2.484478156965098E-004  1.174155068731360E+002
    365  2.466830558841114E-004  4.540196146988517E+001
    425  2.463472279551016E-004  5.512885982268182E+001
    154  2.450157209061378E-004  3.128025029310897E+001
    381  2.443426226473987E-004  4.623753374880091E+001
    137  2.421203948524191E-004  2.996307755422044E+001
    989  2.420223386875708E-004  1.296856498562064E+002
    988  2.416303058679524E-004  1.295230022337254E+002
   1022  2.382064173938801E-004  1.309570316227355E+002
   1072  2.369926906589799E-004  1.354275255218108E+002
    808  2.349101455160582E-004  1.166438640424820E+002
     80  2.295884275581737E-004  2.737665388114407E+001
    777  2.290902242000949E-004  1.150636811545726E+002
    883  2.270023475946775E-004  1.212822283474710E+002
    267  2.265461414961047E-004  3.763942844703926E+001
     81  2.257112402480869E-004  2.737831616504717E+001
    128  2.245151651666850E-004  2.964876822252022E+001
    180  2.177697647705114E-004  3.306959511625761E+001
    873  2.158100235975251E-004  1.205400953636918E+002
    241  2.152928423167661E-004  3.573178726353736E+001
    945  2.146778749674808E-004  1.278945431870569E+002
    536  2.136399909008226E-004  7.244369170766353E+001
    316  2.098503511653215E-004  3.947722492082590E+001
    877  2.068384501664063E-004  1.207635072396237E+002
      5  2.045439285229465E-004  1.580375607842547E+001
   1036  2.041067285377530E-004  1.315563975924429E+002
    459  2.036896196901687E-004  5.797524108925945E+001
    464  1.979778214908059E-004  5.841767339850505E+001
     57  1.972095467842026E-004  2.601044601303876E+001
    681  1.958313463243254E-004  1.107150530846271E+002
     60  1.953591016344376E-004  2.612817271153773E+001
    278  1.952952116221931E-004  3.775225448216675E+001
    875  1.943655932813764E-004  1.206504418490652E+002
     85  1.931773510588851E-004  2.757726243328665E+001
    289  1.928165272901862E-004  3.832422991649202E+001
    312  1.920506872778022E-004  3.940338989709551E+001
    144  1.848037653425288E-004  3.023024488043693E+001
    512  1.837699942489561E-004  6.110465593383906E+001
    730  1.827740313729282E-004  1.124678820560711E+002
    807  1.821991944377196E-004  1.166040027024774E+002
    136  1.802111822669407E-004  2.995197020395121E+001
    483  1.786915629815583E-004  5.892865432514233E+001
    285  1.767809337701428E-004  3.794670187788559E+001
    789  1.759750825527817E-004  1.157939903252585E+002
    733  1.740096963953730E-004  1.125211996768446E+002
    530  1.732516504086311E-004  6.265828803408258E+001
    661  1.711274139645624E-004  1.094040232551639E+002
   1039  1.706189407560513E-004  1.317789778316224E+002
    372  1.699036736382624E-004  4.569660817760900E+001
    592  1.685799719006469E-004  1.074010896433819E+002
    582  1.625191064165510E-004  1.069886979669129E+002
    851  1.591727097322022E-004  1.189105890777936E+002
    453  1.550295228482692E-004  5.734859743017803E+001
    292  1.538108404706353E-004  3.837765227419467E+001
    240  1.519965608585207E-004  3.568815433410965E+001
    193  1.509387864431347E-004  3.387383688791338E+001
    247  1.489474989161865E-004  3.613855018049320E+001
    253  1.476696211614456E-004  3.690338042035397E+001
     73  1.452222520692032E-004  2.704395448663374E+001
     32  1.423690331599573E-004  2.386019687247388E+001
    467  1.418181939166003E-004  5.850070475174659E+001
     31  1.374228506744315E-004  2.349957735236975E+001
    438  1.362728145052011E-004  5.568774314714533E+001
    742  1.352362837667926E-004  1.126546326383816E+002
    172  1.347354111818573E-004  3.254695536480502E+001
    513  1.336697786022582E-004  6.111701004965728E+001
    436  1.335252192672040E-004  5.562240782737462E+001
    481  1.277349407918009E-004  5.889564718758225E+001
    223  1.250289372461557E-004  3.452101188794168E+001
    796  1.219415703437497E-004  1.160406419035091E+002
   1029  1.217069399194918E-004  1.312589073638632E+002
   1032  1.214857086868704E-004  1.314270448258869E+002
     11  1.214616159332906E-004  1.771447447329438E+001
    411  1.211629259965048E-004  5.390414096058870E+001
    236  1.186543008856244E-004  3.558504171265294E+001
     83  1.176720694384262E-004  2.745200449399356E+001
    330  1.174022084363468E-004  4.000719691328421E+001
    916  1.154972642143955E-004  1.261858055404796E+002
     98  1.149207568710384E-004  2.810036398063808E+001
    492  1.140956295217894E-004  5.919740097208313E+001
    977  1.133617846040632E-004  1.291448023039548E+002
    327  1.130217576688932E-004  3.980649710729982E+001
    300  1.129016729179083E-004  3.871033423098082E+001
    716  1.125234756926153E-004  1.119313653155845E+002
    427  1.117510923797498E-004  5.530625255614972E+001
    301  1.115238141312282E-004  3.874125966254066E+001
    211  1.113833423775358E-004  3.422885497659050E+001
    210  1.112633450597515E-004  3.421873300884823E+001
    495  1.106720480592732E-004  5.971063876484735E+001
     95  1.088923898519839E-004  2.806113631432304E+001
    489  1.075502664490789E-004  5.906665573291085E+001
   1071  1.065846850112498E-004  1.353191143310252E+002
   1018  1.062448339244703E-004  1.307425624046459E+002
    142  1.058167593168843E-004  3.011700635419402E+001
     96  1.057267381198504E-004  2.807603105873968E+001
    322  1.048285746020964E-004  3.962934885257222E+001
    955  1.046471967024584E-004  1.283043098504922E+002
    639  1.042705169893001E-004  1.087924757147032E+002
     33  1.035782727705674E-004  2.387502434282544E+001
    525  1.026394246414348E-004  6.201689187624501E+001
    256  1.024485347505829E-004  3.708485200545782E+001
     54  1.024312657612110E-004  2.537118147105558E+001
     48  1.009063482086615E-004  2.521050943974308E+001
    371  1.006962452829722E-004  4.567834615857563E+001
    698  1.003376276040876E-004  1.111543499618823E+002
    997  1.000216459699385E-004  1.300952728722026E+002
    131  9.992908129792905E-005  2.976719894627799E+001
    538  9.765721705849592E-005  8.801939400846273E+001
    658  9.758511358930846E-005  1.092752908733605E+002
    719  9.729644516967475E-005  1.120361196403708E+002
    353  9.721013741121279E-005  4.354452657935016E+001
   1068  9.663207575776443E-005  1.342139437973118E+002
    358  9.579263194941785E-005  4.418411045040358E+001
    161  9.553604821122954E-005  3.141544799468193E+001
    919  9.550239970066016E-005  1.264669767465423E+002
    102  9.534974742504338E-005  2.838723287464182E+001
   1033  9.485943517986725E-005  1.314921549657209E+002
    745  9.234635606602850E-005  1.127541380335163E+002
    255  9.223774380718767E-005  3.705801266502003E+001
    844  9.214790835896214E-005  1.182236522024691E+002
    545  9.100939347230405E-005  1.038885725205099E+002
     36  9.042867887943311E-005  2.408548968715760E+001
    386  8.947359083841364E-005  4.778448827008048E+001
    721  8.928821813106779E-005  1.121902054803930E+002
     10  8.855293932943040E-005  1.630017574824609E+001
    367  8.836143606457514E-005  4.546665367422378E+001
    855  8.761615106566921E-005  1.192335282432478E+002
    663  8.733276564713967E-005  1.095408569103236E+002
    201  8.645078004880401E-005  3.413905621996786E+001
    476  8.577198306551170E-005  5.874284760292872E+001
    576  8.298629416750122E-005  1.068188420241767E+002
    469  8.279576529092713E-005  5.857260373695996E+001
    229  8.139091738272629E-005  3.477639317683153E+001
    848  8.135490445760714E-005  1.185512117490796E+002
    981  8.081596101259149E-005  1.292686845988868E+002
    838  8.069378119130778E-005  1.178077045912047E+002
    270  8.026656215110851E-005  3.767493462479421E+001
    348  8.005880672037952E-005  4.278252907839931E+001
   1075  7.986551232595165E-005  1.852007864492208E+002
    133  7.951325932923461E-005  2.980777525245198E+001
    347  7.932811157204785E-005  4.251894246220620E+001
    749  7.923614864874725E-005  1.128862829609149E+002
    907  7.851452566510074E-005  1.254774984052440E+002
    264  7.799698136009761E-005  3.760740200223662E+001
    842  7.794366195998159E-005  1.180365480395604E+002
    952  7.774997454816487E-005  1.282170243378332E+002
      9  7.672567399864939E-005  1.615282072713023E+001
    188  7.534830338200287E-005  3.343297855491465E+001
   1057  7.394935789693627E-005  1.332882698940204E+002
    158  7.350463374745235E-005  3.138637587596471E+001
    967  7.295579535938707E-005  1.287730879251822E+002
    948  7.261704260629076E-005  1.280530341997139E+002
    860  7.251528549481966E-005  1.193608179742887E+002
    212  7.244407246294767E-005  3.425448747044050E+001
    199  7.120280492210662E-005  3.411214171315592E+001
    694  7.096790996979701E-005  1.110208923005156E+002
    958  7.023973056079654E-005  1.283326337970340E+002
    431  6.973983098750033E-005  5.545822575490884E+001
    455  6.938362845044592E-005  5.757818593173593E+001
    377  6.896862873351089E-005  4.580996274485975E+001
    623  6.888304309323585E-005  1.084311616311891E+002
    283  6.870300582077127E-005  3.781664732037148E+001
    396  6.796538298730451E-005  5.292259014309509E+001
    522  6.697258860267606E-005  6.189501394570030E+001
    691  6.688883071552816E-005  1.109942746792360E+002
    604  6.626230988600832E-005  1.078901483894559E+002
    847  6.603130316430471E-005  1.183795327778256E+002
    333  6.428859705601515E-005  4.050570323460023E+001
    134  6.294451125562082E-005  2.989081555609098E+001
    329  6.267600058348563E-005  3.994917835777716E+001
    886  6.244356255433870E-005  1.214498350996194E+002
    986  6.195792698395205E-005  1.294778988001748E+002
    578  6.188454277775288E-005  1.068696587706935E+002
    135  6.170246225269853E-005  2.990996926970350E+001
    130  6.170156664905366E-005  2.969026097336859E+001
    222  6.169821855075028E-005  3.444665555523785E+001
    238  6.160987650123730E-005  3.562010162214489E+001
     94  6.144526405222534E-005  2.803048707399637E+001
    486  6.143555976331493E-005  5.898078655703418E+001
    192  6.133267292497897E-005  3.373139183933635E+001
     25  6.086453077416970E-005  2.268285797328677E+001
    803  6.037502564341800E-005  1.163959410830473E+002
   1005  6.019452800519719E-005  1.302961950162389E+002
   1021  5.982075876036109E-005  1.308784400027895E+002
    649  5.968239590733233E-005  1.089557122086210E+002
    637  5.925100474369468E-005  1.087708716348475E+002
    403  5.888950837962805E-005  5.332276567118551E+001
    918  5.870063210878165E-005  1.263810693695273E+002
    184  5.862748737492521E-005  3.328145954751520E+001
    246  5.848610350118757E-005  3.612200287477440E+001
    738  5.834085109700272E-005  1.126248828969786E+002
    508  5.817130682835817E-005  6.101348113010317E+001
   1024  5.744590801078958E-005  1.310472886139475E+002
    360  5.742328077195299E-005  4.501412031898634E+001
    349  5.705002502749726E-005  4.279212686889406E+001
    892  5.697867359566412E-005  1.223146913863671E+002
    217  5.644318891658743E-005  3.432077633458158E+001
    204  5.635451528109870E-005  3.416741852472765E+001
    398  5.623495358446963E-005  5.298968704937109E+001
    903  5.568204325794383E-005  1.249295857950171E+002
    609  5.558072432040481E-005  1.080529774194348E+002
    836  5.550225112808378E-005  1.177792466123822E+002
    968  5.436980260629660E-005  1.287893908307005E+002
    765  5.395039262617413E-005  1.138034732037320E+002
    816  5.380298353638448E-005  1.170854692244173E+002
    831  5.254649884473469E-005  1.175849164822640E+002
    760  5.191772132645713E-005  1.133648679091437E+002
     66  5.162214935889952E-005  2.653041695388611E+001
    132  5.157231368472139E-005  2.978147182311027E+001
    673  5.071288922820021E-005  1.101090602242966E+002
    795  5.057180144413640E-005  1.159446042090269E+002
    232  4.977766355308181E-005  3.530982942235851E+001
   1011  4.928820589196130E-005  1.305590563134582E+002
    854  4.848021258511019E-005  1.190938927222375E+002
    768  4.824619604848441E-005  1.140511281344195E+002
    751  4.793879634861373E-005  1.129352725370382E+002
    797  4.762695993612472E-005  1.161224071144865E+002
    827  4.749036886314017E-005  1.174913134466901E+002
    799  4.634666542936294E-005  1.161655148393659E+002
   1065  4.631530584942243E-005  1.340986810838602E+002
    517  4.595325442153408E-005  6.116283191518230E+001
    309  4.537143716074266E-005  3.929268620446922E+001
    540  4.515635761039037E-005  1.019596674086986E+002
    281  4.469288705629368E-005  3.778222215271058E+001
     15  4.447671662894810E-005  2.077312965636918E+001
    532  4.426025761859831E-005  6.299204701993657E+001
    686  4.388005661211668E-005  1.108321598991433E+002
   1074  4.372077645656177E-005  1.357832717908243E+002
    249  4.370346558210922E-005  3.643158917315001E+001
    115  4.354844295334149E-005  2.908676806680809E+001
    145  4.338546342155578E-005  3.035386176419680E+001
    387  4.219030674455220E-005  4.845493173747810E+001
    183  4.210508771346408E-005  3.317747871488443E+001
    173  4.205389373195671E-005  3.267731285541730E+001
    667  4.204954451803532E-005  1.098231148083649E+002
    472  4.161339311656785E-005  5.860732378330380E+001
    618  4.146120364496720E-005  1.083041655146542E+002
    646  4.143435211649073E-005  1.089039652974663E+002
    423  4.125874449787924E-005  5.491452382822700E+001
    177  4.122755623140872E-005  3.286305119332699E+001
    853  4.088661131521207E-005  1.189950762444425E+002
     63  4.082379818063008E-005  2.633691355837915E+001
    207  4.046166245426143E-005  3.419271829752626E+001
    452  4.025308331273610E-005  5.732416656661538E+001
    331  4.024023548384825E-005  4.033978069592825E+001
    493  4.006697862833396E-005  5.956939432616837E+001
    107  3.986032370911972E-005  2.880093649968087E+001
     43  3.954291314285198E-005  2.485090944939308E+001
    755  3.951600303795515E-005  1.130537195644052E+002
    515  3.911453652385992E-005  6.113166482037749E+001
    521  3.906948803950819E-005  6.120499406654021E+001
     30  3.901589816134227E-005  2.339033246897357E+001
    233  3.879577366198856E-005  3.536858076063520E+001
    302  3.869398707527338E-005  3.874867387838012E+001
    913  3.823866149571889E-005  1.260963173315474E+002
    318  3.802022453672357E-005  3.952690512520030E+001
     92  3.786664041732744E-005  2.796966533379813E+001
    461  3.784097489461879E-005  5.832169084274378E+001
    279  3.749099213269712E-005  3.776291602598710E+001
    905  3.734036697123156E-005  1.252963463377060E+002
    463  3.705222426358952E-005  5.840368106338346E+001
    880  3.649410474971992E-005  1.209811659012211E+002
     34  3.625057375552440E-005  2.394870774261297E+001
    496  3.621946768026007E-005  5.977778544840232E+001
    636  3.619144255152289E-005  1.087412284437008E+002
    507  3.525007061026211E-005  6.098134465730102E+001
    689  3.454557421937966E-005  1.108992280227757E+002
    110  3.440610432176758E-005  2.890337161783228E+001
    992  3.431542856569973E-005  1.299169051159237E+002
   1027  3.427353836802755E-005  1.311414239553258E+002
    375  3.414449668800581E-005  4.577921754207221E+001
    868  3.400202967943455E-005  1.199994649602093E+002
   1044  3.329243381605618E-005  1.320835593454495E+002
    597  3.289259947886539E-005  1.076362394255561E+002
    712  3.273132657757843E-005  1.118479116964762E+002
    784  3.241009939273121E-005  1.156115101864969E+002
    120  3.234871770904172E-005  2.935022978395871E+001
    911  3.231582811955110E-005  1.258968376271585E+002
    417  3.216284832894111E-005  5.432386496665636E+001
    600  3.207143202666975E-005  1.078192567961393E+002
    675  3.205064988607354E-005  1.101932688761904E+002
    275  3.199036155794147E-005  3.771871208633355E+001
    782  3.190012932654976E-005  1.155663554633046E+002
    174  3.173790718468993E-005  3.277024257542895E+001
    821  3.160870759951143E-005  1.173213489801490E+002
    219  3.120726816831538E-005  3.435584966495736E+001
    260  3.115113074182058E-005  3.745846822965304E+001
    944  3.111521792912947E-005  1.278264506290159E+002
    152  3.092564947793620E-005  3.107793476288124E+001
     79  3.082109633444556E-005  2.728143790603452E+001
    676  3.050335771793406E-005  1.102968009656115E+002
    763  3.012383290332941E-005  1.136578287383470E+002
    781  2.959748503046500E-005  1.155015502370288E+002
    167  2.893563212689616E-005  3.206734480721192E+001
    966  2.865313430845955E-005  1.287120665380274E+002
    384  2.862358527557948E-005  4.693482184770667E+001
    308  2.849407314705771E-005  3.924824416979163E+001
    954  2.843830004632203E-005  1.282848493157465E+002
    282  2.831729423650898E-005  3.781601762519486E+001
    826  2.820584410731890E-005  1.174535409692338E+002
    352  2.773812007548234E-005  4.345183818831803E+001
     89  2.771995304328776E-005  2.787565477396676E+001
    690  2.735015488989160E-005  1.109553167085971E+002
    410  2.712104125423552E-005  5.380004782230375E+001
    756  2.697026138929030E-005  1.131019348749128E+002
    780  2.689093293802597E-005  1.153482258688003E+002
    230  2.654998025585051E-005  3.507000892128892E+001
    937  2.642569093027023E-005  1.275975168353670E+002
    160  2.628870562922092E-005  3.140287364756382E+001
    117  2.622811496781704E-005  2.915145470361619E+001
    266  2.608608898783009E-005  3.763404507858488E+001
    550  2.606167246423004E-005  1.044255141670578E+002
    221  2.596970102928497E-005  3.444064242877499E+001
    757  2.566189711053611E-005  1.131455979007981E+002
    239  2.554080692750289E-005  3.564788119351169E+001
   1048  2.537073436406896E-005  1.325281096806480E+002
    218  2.527484215475348E-005  3.434087154455664E+001
    645  2.522670410421791E-005  1.088758352374567E+002
   1007  2.504580589159350E-005  1.303971511397991E+002
   1013  2.504003885564264E-005  1.306191025791559E+002
    924  2.500896723985326E-005  1.267645350898773E+002
    143  2.397975320994997E-005  3.021552765862468E+001
    552  2.388333383162421E-005  1.045004516183760E+002
    424  2.384428011875653E-005  5.504400290817051E+001
    866  2.338136205004411E-005  1.198737679274225E+002
    156  2.334717054809991E-005  3.133959801814033E+001
    710  2.327643755498028E-005  1.117114283703663E+002
    822  2.325376142228726E-005  1.173379890193997E+002
    149  2.322963751808428E-005  3.064428879965062E+001
     82  2.267238681267350E-005  2.744742479332049E+001
    518  2.247839542435405E-005  6.116565427175681E+001
    724  2.236318409548275E-005  1.122474317356576E+002
   1009  2.222769628458923E-005  1.304609142394732E+002
    902  2.195721954113162E-005  1.246861225619736E+002
     75  2.195081716815938E-005  2.717284531466260E+001
    509  2.182978491727150E-005  6.104665142125116E+001
    505  2.171191146667900E-005  6.089365906344585E+001
    159  2.166322192480451E-005  3.140014259635325E+001
    168  2.148899452161407E-005  3.223239881301075E+001
     61  2.134878878494457E-005  2.623624111749398E+001
    153  2.130952165393221E-005  3.119128674334460E+001
    843  2.119640474651640E-005  1.181049125326048E+002
   1038  2.088983806474300E-005  1.317153469634680E+002
    105  2.084967642169494E-005  2.872870804936272E+001
      6  2.082255416026079E-005  1.593905863128156E+001
    345  1.981401845915424E-005  4.248475366295001E+001
    399  1.952605946502338E-005  5.300117686152819E+001
    938  1.926080488163837E-005  1.276246332177813E+002
    442  1.911177907251730E-005  5.605259237502305E+001
    835  1.895685857395251E-005  1.176766134664512E+002
    820  1.895108697742489E-005  1.173160626674297E+002
    150  1.893115739047418E-005  3.095380367517388E+001
     40  1.888693715146301E-005  2.429142631572386E+001
    964  1.820754925715289E-005  1.284811881676410E+002
    237  1.810826045788558E-005  3.561350513334219E+001
    555  1.795540069031853E-005  1.049505825405343E+002
    121  1.787298653221678E-005  2.937009161569695E+001
    737  1.781330309181147E-005  1.125716601108342E+002
    787  1.773899082435942E-005  1.157066821730262E+002
    490  1.765233266397083E-005  5.909746584665749E+001
    564  1.763907200351441E-005  1.059223740174141E+002
    589  1.754037988190034E-005  1.073243551551986E+002
    138  1.746157943694431E-005  2.998810658959070E+001
    626  1.713807560986874E-005  1.085197354965440E+002
    271  1.708312866822047E-005  3.769377629908810E+001
     28  1.677623750250742E-005  2.303576073275412E+001
    480  1.674636506402510E-005  5.887142017505539E+001
    123  1.643981753007032E-005  2.945706723223188E+001
    428  1.642208675354848E-005  5.539697768550786E+001
     62  1.634675732002971E-005  2.630569023157911E+001
    422  1.633891727130322E-005  5.478392604221921E+001
     99  1.627325948745889E-005  2.813215700322161E+001
    680  1.613339998483022E-005  1.106808485277705E+002
   1041  1.596851929873152E-005  1.318604688563310E+002
    524  1.590649384215422E-005  6.196836567938324E+001
    196  1.518447575507764E-005  3.402217963204272E+001
    324  1.506677977618285E-005  3.965813849875591E+001
    682  1.497936196004869E-005  1.107795174367904E+002
    863  1.492218711297232E-005  1.194780899982511E+002
    325  1.487948172937101E-005  3.979678053884171E+001
    216  1.486858011265222E-005  3.431915233475488E+001
    602  1.460844059060618E-005  1.078335831208874E+002
    909  1.434425578580690E-005  1.256671150468244E+002
     93  1.420826171126132E-005  2.801831476528660E+001
    541  1.417654613967575E-005  1.020561485810812E+002
    577  1.409068484624290E-005  1.068269012623950E+002
    336  1.394780539304699E-005  4.106442919982931E+001
    321  1.358435813768754E-005  3.959878738143280E+001
    687  1.356908817768029E-005  1.108477970364615E+002
    629  1.354425284791983E-005  1.086436456014825E+002
    303  1.348243342003301E-005  3.891633174738261E+001
    917  1.343412145982961E-005  1.262583151256411E+002
    416  1.334968218424249E-005  5.412105627361211E+001
    678  1.321028551750086E-005  1.105298402911861E+002
    305  1.317871703317746E-005  3.919092577852600E+001
   1016  1.272131560926499E-005  1.306784011483153E+002
    147  1.267996910656544E-005  3.045498909450352E+001
    679  1.266001128710865E-005  1.106299731616480E+002
    584  1.260497851204556E-005  1.071415131646536E+002
    660  1.258953115748838E-005  1.093929129115852E+002
    104  1.247140214800713E-005  2.863475114667724E+001
   1059  1.219723162716587E-005  1.335352794510990E+002
    457  1.210396801045022E-005  5.770039153165104E+001
    320  1.183599409179857E-005  3.958466091098631E+001
    560  1.160993950512715E-005  1.057397922085461E+002
    313  1.158528080484335E-005  3.941220320488696E+001
    166  1.143538310170291E-005  3.197534022905977E+001
    561  1.138609690150759E-005  1.057823475786052E+002
    617  1.133436756048578E-005  1.082069188907082E+002
    778  1.133403293267884E-005  1.153062331743218E+002
    499  1.111882593676601E-005  6.010190034988052E+001
    548  1.099432534115513E-005  1.041098140943872E+002
    605  1.074409067223178E-005  1.079476682950407E+002
    139  1.060536071150646E-005  3.001327528760398E+001
    332  1.056934162325860E-005  4.036182328117159E+001
    447  1.039054765645138E-005  5.692641404400948E+001
    706  1.016095746352309E-005  1.115644797142602E+002
    613  1.013563073672011E-005  1.081325074305931E+002
     74  9.993332402800781E-006  2.706787664592100E+001
    615  9.972244622345208E-006  1.081646255451844E+002
    650  9.916282945559197E-006  1.090061273622073E+002
    116  9.776909699274132E-006  2.910094471225916E+001
    126  9.657362454991702E-006  2.957864372821811E+001
    473  9.642133593135884E-006  5.864875851961727E+001
    727  9.397633352924909E-006  1.123838421661365E+002
     47  9.367921729608732E-006  2.514695584094496E+001
    280  9.362138301901704E-006  3.777070006257392E+001
    852  9.254927847575223E-006  1.189308904937423E+002
    529  9.244317377672862E-006  6.213305424318654E+001
    406  9.200966021219340E-006  5.347162595814701E+001
    155  9.171363323265293E-006  3.129077640287002E+001
    471  9.156968874403868E-006  5.859921299406331E+001
     46  9.005035100094529E-006  2.508968851186969E+001
    317  8.976458338820172E-006  3.952108816795088E+001
    717  8.942557153640310E-006  1.119901298340990E+002
    573  8.921759018506799E-006  1.066520968004064E+002
    190  8.920692657820853E-006  3.352213579831744E+001
    973  8.842795617573893E-006  1.290303348922233E+002
   1006  8.819302941654872E-006  1.303473844140781E+002
    389  8.621954461613568E-006  4.924612888004685E+001
     52  8.614081479852546E-006  2.532370304309600E+001
     69  8.525045022842749E-006  2.667931486079132E+001
    194  8.501368129084393E-006  3.388123191050668E+001
     49  8.467836098142877E-006  2.521926711432687E+001
    382  8.462290493226014E-006  4.661435463500721E+001
    242  8.365802377856599E-006  3.575330164903793E+001
    244  8.308600550321325E-006  3.582009297825139E+001
    771  8.300850102640946E-006  1.142541813627527E+002
   1037  8.224816637648635E-006  1.316166834102353E+002
    865  8.201989396979763E-006  1.195233182598442E+002
    995  8.106277653736215E-006  1.300556822463785E+002
     68  8.104709164635040E-006  2.665958995788216E+001
    991  8.053332849838453E-006  1.298309517843196E+002
    113  7.908104608030203E-006  2.894608485543543E+001
    361  7.866523854138943E-006  4.509188248244521E+001
    397  7.846689000527922E-006  5.292984574180642E+001
    963  7.829040179676971E-006  1.284456810480366E+002
    519  7.781907567296222E-006  6.116666091909611E+001
    527  7.691837577062950E-006  6.211137902133680E+001
    203  7.620877525421531E-006  3.415596231316062E+001
    277  7.596019548345303E-006  3.774405278528796E+001
    897  7.579077051335964E-006  1.233154024205701E+002
    164  7.556603574255200E-006  3.156123118588701E+001
    191  7.521141858167440E-006  3.372798248811258E+001
    935  7.464398379941919E-006  1.274477748704804E+002
    583  7.409973867665072E-006  1.070323413352247E+002
    268  7.383530173208202E-006  3.765614789507087E+001
    343  7.379452582273131E-006  4.223776350771931E+001
    106  7.320453498857639E-006  2.873147041157064E+001
     42  7.274340701115174E-006  2.442065503900721E+001
    542  7.261156490367415E-006  1.021380905135569E+002
    655  7.240044308751141E-006  1.092114390318620E+002
     84  7.225215650498289E-006  2.748397341497807E+001
    898  7.219665925815815E-006  1.236287338505038E+002
    140  7.176715326138098E-006  3.002380690834687E+001
    894  7.086592579408036E-006  1.226855190700912E+002
    748  7.056898041405013E-006  1.128453459062848E+002
    962  7.009764434007638E-006  1.284190833846668E+002
    287  6.967020368914278E-006  3.806334999222836E+001
    943  6.876369662144838E-006  1.278255860865938E+002
    162  6.873081495208516E-006  3.142013005221356E+001
    746  6.843879659818320E-006  1.128150956859242E+002
    858  6.842576466171218E-006  1.193043137223610E+002
    697  6.815520351620717E-006  1.111168086390436E+002
    408  6.771711708385817E-006  5.368647704938994E+001
    109  6.764233949505713E-006  2.888359254004277E+001
    581  6.749072315168492E-006  1.069166383916512E+002
    269  6.594621146174078E-006  3.766609016559832E+001
    170  6.592335340650373E-006  3.240864442722207E+001
   1035  6.567699698274606E-006  1.315022364948826E+002
     91  6.550167012072363E-006  2.795709450840539E+001
    857  6.443080578303861E-006  1.192977858717030E+002
    567  6.371751860091718E-006  1.061175767374582E+002
    648  6.343358093790210E-006  1.089328290594756E+002
    404  6.262604766253606E-006  5.332919471058649E+001
    674  6.177667177250713E-006  1.101627157855635E+002
    942  6.153411406150952E-006  1.277896527703618E+002
    368  6.121100334124976E-006  4.552075151204606E+001
    729  5.990059354959966E-006  1.124070412533170E+002
    526  5.925354177384272E-006  6.205614154690332E+001
    927  5.890741991156463E-006  1.271118445081471E+002
    709  5.838824283615364E-006  1.116986555393093E+002
    231  5.817306803734856E-006  3.529195130720404E+001
    284  5.722354960911862E-006  3.794002386601017E+001
     41  5.677124989427339E-006  2.434332602389209E+001
   1040  5.657749512704220E-006  1.318325334098182E+002
    429  5.643687748487771E-006  5.542704693693687E+001
    342  5.526835989887760E-006  4.219280462450153E+001
    644  5.523463528178379E-006  1.088699046594824E+002
    251  5.502863439153058E-006  3.670193646720268E+001
    441  5.440832051079550E-006  5.602297434426368E+001
    932  5.410730348312320E-006  1.272890793904072E+002
    339  5.377527219880558E-006  4.199721405536648E+001
    141  5.326153387905182E-006  3.005205957969120E+001
    531  5.304227476989507E-006  6.280622541285696E+001
    693  5.246986242337034E-006  1.110198391814811E+002
     78  5.225612334959032E-006  2.724001953302053E+001
   1063  5.190726351429434E-006  1.338610239777397E+002
     20  5.118286358042640E-006  2.146722812704134E+001
    951  5.115107212612702E-006  1.282127111215003E+002
    119  5.114524629154980E-006  2.929038281335912E+001
    922  5.111141171589421E-006  1.267277337836395E+002
    195  5.034472621413143E-006  3.399004655216064E+001
    226  5.016304017236585E-006  3.460914941435140E+001
    558  4.922809934525481E-006  1.054235904423783E+002
    315  4.893764124142387E-006  3.946262277995078E+001
    364  4.889699421021059E-006  4.528995878587361E+001
    414  4.848163063207828E-006  5.408443269732371E+001
    263  4.844061490570341E-006  3.756851288337069E+001
    818  4.827546314896808E-006  1.172202887178189E+002
    214  4.806349936440560E-006  3.429158842681225E+001
    385  4.783822645630333E-006  4.744969147605799E+001
    832  4.781044491496773E-006  1.176150872586579E+002
    370  4.775160271717850E-006  4.562254251008403E+001
     56  4.773390603008418E-006  2.577494999028338E+001
     59  4.733200265073975E-006  2.608228483109795E+001
    314  4.731099762062359E-006  3.944402428691944E+001
    359  4.685903552640818E-006  4.440820660542785E+001
    565  4.527601216349259E-006  1.059848591127986E+002
   1034  4.479949092323469E-006  1.314975717016592E+002
    434  4.429063075457189E-006  5.556859477681133E+001
    568  4.422758021491225E-006  1.063884322375297E+002
    833  4.369141657016031E-006  1.176450554682990E+002
    369  4.186675462155638E-006  4.556664797594529E+001
    413  4.112782722225757E-006  5.407796767412047E+001
     53  4.071583929322343E-006  2.532427500710937E+001
    213  4.051138847466196E-006  3.426923698719692E+001
    725  3.945702914436785E-006  1.122622575126908E+002
    357  3.901898547074019E-006  4.413715889769129E+001
    585  3.886426755371899E-006  1.071721890576240E+002
    523  3.810102596485731E-006  6.195141091349550E+001
     19  3.809720970402257E-006  2.137958735177528E+001
    394  3.806918360323542E-006  5.275338077531283E+001
    185  3.801095985248960E-006  3.329017879350934E+001
    465  3.757867714268041E-006  5.845233409136720E+001
    261  3.741597884331838E-006  3.751537038816641E+001
    437  3.680161868942107E-006  5.567668099873953E+001
    338  3.624921858772971E-006  4.143596746217444E+001
    169  3.607726390791309E-006  3.225245008090104E+001
    859  3.479342949320728E-006  1.193117826572047E+002
    440  3.477863243488195E-006  5.589934491235444E+001
    702  3.462567566674126E-006  1.112791472783473E+002
    340  3.456005663903034E-006  4.203744443197692E+001
   1043  3.431270927678253E-006  1.320181582363304E+002
    776  3.397847579571498E-006  1.150535509847603E+002
    265  3.351486580750563E-006  3.762418150997995E+001
    761  3.348833996305598E-006  1.134019555363662E+002
     39  3.345387388185748E-006  2.419216907562118E+001
   1010  3.340622735398887E-006  1.305150376372933E+002
    334  3.328497459578785E-006  4.055961280242965E+001
    590  3.290398792337098E-006  1.073381491314167E+002
    616  3.231291364318935E-006  1.081902144651443E+002
    762  3.172623853216247E-006  1.134504722361933E+002
    993  3.163091384923617E-006  1.299638892136509E+002
    179  3.125343446628575E-006  3.301071504933698E+001
    983  3.114864687887351E-006  1.293699640118089E+002
    705  3.112031796280419E-006  1.114879185885843E+002
   1017  3.082798472658793E-006  1.307020085696559E+002
    488  3.023217145938456E-006  5.904214899548738E+001
    946  3.003711885207880E-006  1.279201366409634E+002
    671  2.994040118136768E-006  1.100461630260976E+002
    257  2.982957791972416E-006  3.716053985696894E+001
    262  2.961241216085694E-006  3.754826259370084E+001
    220  2.920199334769067E-006  3.440936379612124E+001
    601  2.909956638687598E-006  1.078222216339937E+002
    254  2.901022068733176E-006  3.696870162494890E+001
    920  2.845748068445548E-006  1.265729199247587E+002
    889  2.815149590052161E-006  1.221096476933091E+002
    910  2.778396223152350E-006  1.258349422363612E+002
    175  2.732275470422466E-006  3.282740528695558E+001
   1070  2.724467335547419E-006  1.350535885837313E+002
    401  2.723762994383029E-006  5.310952948046032E+001
    741  2.702171566464458E-006  1.126383251241469E+002
    205  2.655357923585709E-006  3.418138862993963E+001
    683  2.654060174889454E-006  1.107854094171573E+002
    599  2.579891779844835E-006  1.077354408464688E+002
    202  2.555535109501769E-006  3.414693728338715E+001
    713  2.552250945830734E-006  1.118750446375970E+002
   1052  2.530617570050689E-006  1.330891459743712E+002
    234  2.493971826354467E-006  3.541632958107625E+001
    753  2.464186693426335E-006  1.130399909728984E+002
    876  2.441473759753703E-006  1.207338716680959E+002
    657  2.419201567470797E-006  1.092680437977900E+002
    572  2.413448820834432E-006  1.066354688575440E+002
    800  2.392188454668361E-006  1.161811067685375E+002
    654  2.366944822528590E-006  1.091774321289355E+002
    586  2.355839526393993E-006  1.072414988471015E+002
    862  2.342178769915309E-006  1.194326389788892E+002
    806  2.332257381220783E-006  1.165904998677036E+002
    668  2.268503079122646E-006  1.098358517134249E+002
    869  2.254456272592477E-006  1.201465244096069E+002
    625  2.254350083517416E-006  1.084878781680722E+002
    669  2.235443166021112E-006  1.098991161820264E+002
    176  2.218100915326999E-006  3.283702642513862E+001
    817  2.210768790475976E-006  1.171745914510001E+002
    528  2.190293515645744E-006  6.211763689923020E+001
    608  2.173895100106107E-006  1.080310773431174E+002
    630  2.165036348267456E-006  1.086464564510315E+002
    984  2.149365559960033E-006  1.293776492189174E+002
    252  2.129439080593911E-006  3.681481496629917E+001
    767  2.078790267163345E-006  1.139787538815297E+002
    754  2.052554438265025E-006  1.130532912402911E+002
    323  2.043739835302076E-006  3.963162035223775E+001
    187  2.041288623518969E-006  3.338593491458187E+001
    112  2.028254937274932E-006  2.893182478938967E+001
     13  2.003403043188921E-006  2.038781372204352E+001
   1019  1.996239665985619E-006  1.307856127904329E+002
    950  1.991356477347773E-006  1.281356928004739E+002
    101  1.979973847163195E-006  2.816121926613436E+001
    704  1.977742383501398E-006  1.114088220449556E+002
     97  1.964012611344460E-006  2.809615145046481E+001
   1076  1.956754732384198E-006  1.858411948136732E+002
    556  1.951982774451195E-006  1.053074591696642E+002
    344  1.943461195315149E-006  4.229281490750487E+001
    722  1.939977398969773E-006  1.121989232781130E+002
    861  1.906163833136345E-006  1.193618968506130E+002
    899  1.878251357577906E-006  1.237750393258326E+002
    814  1.875280281504363E-006  1.170571282096026E+002
    653  1.871786755073434E-006  1.090926521840726E+002
    610  1.861497341205726E-006  1.080548791140610E+002
   1014  1.855809858229447E-006  1.306579532637773E+002
    990  1.843145786861245E-006  1.297249883032466E+002
    446  1.842589451114515E-006  5.657515742254393E+001
    752  1.840285070021197E-006  1.129825416205730E+002
    688  1.838946355567091E-006  1.108652117541332E+002
    445  1.838478345247667E-006  5.650985963977887E+001
    811  1.765975115001473E-006  1.169131613251637E+002
    830  1.756038661633093E-006  1.175448785112390E+002
    662  1.716990038097691E-006  1.094304874643061E+002
    520  1.698917133041639E-006  6.117519869664547E+001
    906  1.672395130544024E-006  1.253859334012492E+002
    189  1.672059924620853E-006  3.348575581421191E+001
    633  1.667966397611562E-006  1.086770367044967E+002
    351  1.640440809596158E-006  4.290814690346715E+001
    994  1.633273483478958E-006  1.299886393654431E+002
    594  1.616038512636106E-006  1.075267994995216E+002
    670  1.596265827507293E-006  1.099218253642219E+002
    224  1.587710758637105E-006  3.456258153743839E+001
    786  1.581252925867682E-006  1.156679892855772E+002
    412  1.580741282253898E-006  5.399327798218789E+001
    579  1.563138633729121E-006  1.068810185812333E+002
    129  1.559564831506442E-006  2.967722940199728E+001
    641  1.540160407940237E-006  1.088136450829588E+002
    804  1.534900641991511E-006  1.164307012054320E+002
    622  1.533675772650985E-006  1.084041586407917E+002
   1042  1.522887304554626E-006  1.319938555239870E+002
    987  1.503412896661866E-006  1.295218650079724E+002
    696  1.494513320079413E-006  1.111110130672436E+002
    685  1.487526357625502E-006  1.108208915724099E+002
    501  1.439497696939120E-006  6.025540211442135E+001
    380  1.399135235552547E-006  4.621788456267294E+001
    809  1.355315517870655E-006  1.168273457040169E+002
    535  1.351025077934226E-006  7.234684016852472E+001
    890  1.336577138828326E-006  1.222269695705770E+002
    758  1.335817555977159E-006  1.131945788764974E+002
   1002  1.332037997805980E-006  1.301955720736593E+002
    354  1.323988536996825E-006  4.358717802496741E+001
    395  1.303226166474742E-006  5.279005865968511E+001
    979  1.301823150931394E-006  1.292073280791942E+002
    127  1.298221723567818E-006  2.958197907168710E+001
    227  1.280762966508696E-006  3.461221107986133E+001
    834  1.279192415518722E-006  1.176651591794238E+002
    850  1.263847209733790E-006  1.188640670964077E+002
    891  1.242858669803670E-006  1.222344606190913E+002
   1004  1.242841907044945E-006  1.302828791464404E+002
    451  1.240827374122119E-006  5.726939793781466E+001
    628  1.227850740570302E-006  1.085999071252231E+002
    726  1.193042800045480E-006  1.123280306605216E+002
    921  1.185091528890241E-006  1.266347372507485E+002
    773  1.171511312214790E-006  1.146041296786391E+002
    151  1.160713019668295E-006  3.097448214004631E+001
    856  1.154461473006188E-006  1.192407591408727E+002
    366  1.150976655157737E-006  4.541480133184800E+001
    701  1.091587410411843E-006  1.112655741498095E+002
    439  1.072970180931522E-006  5.581771077364913E+001
    878  1.062342275004556E-006  1.208553192243232E+002
    695  1.047239771501656E-006  1.110404578737834E+002
    893  1.044655221816964E-006  1.225899968537864E+002
    731  1.038951695240354E-006  1.124795031346507E+002
   1073  1.024925379622126E-006  1.355646294676644E+002
    961  1.014198198030801E-006  1.283826108536399E+002
    829  9.994818722387282E-007  1.175434491795728E+002
    328  9.980447874384568E-007  3.982877398686839E+001
    259  9.968564155878423E-007  3.731129763636223E+001
    813  9.845331740342802E-007  1.170211975618395E+002
    764  9.734785238107511E-007  1.137269990775531E+002
    624  9.640142903078810E-007  1.084534043855216E+002
   1028  9.489092570112634E-007  1.312419762585663E+002
    779  9.389431052336921E-007  1.153237642854880E+002
    699  9.368627585547878E-007  1.111753891148923E+002
    286  9.307419017386651E-007  3.806107114689090E+001
    647  9.302193274552036E-007  1.089204596390746E+002
    665  9.243827743140219E-007  1.096195054263975E+002
    362  9.194591434558712E-007  4.520209191521082E+001
    785  9.055181067008837E-007  1.156515149006221E+002
    744  8.983590722361845E-007  1.127340165661099E+002
    122  8.760282881617146E-007  2.942821875092930E+001
    915  8.630047526344038E-007  1.261627872997085E+002
    571  8.618497112871564E-007  1.065760725477823E+002
    225  8.598517874108139E-007  3.458265676939745E+001
    388  8.507816263726074E-007  4.916519389587509E+001
    373  8.505051516928923E-007  4.573517441489172E+001
    198  8.450998127052413E-007  3.410095577154824E+001
   1049  8.416680833519251E-007  1.325964910892840E+002
    772  8.265924036517187E-007  1.144444014986270E+002
    703  8.192834300713605E-007  1.113359924967504E+002
    677  8.069615095277894E-007  1.104103779431708E+002
    801  8.013959412445227E-007  1.162412158177078E+002
    895  8.001233578861259E-007  1.231922658586809E+002
    435  7.997805217525674E-007  5.559833163642786E+001
    774  7.947859794154128E-007  1.147299018357027E+002
    736  7.738513930571938E-007  1.125700463249535E+002
    885  7.684093716979341E-007  1.213849358963692E+002
   1054  7.489993280523073E-007  1.332101619260334E+002
    307  7.414385185360309E-007  3.924418415703018E+001
    612  7.346321385225362E-007  1.080838271474082E+002
    606  7.149965708477887E-007  1.079754075340127E+002
    482  6.820347818951498E-007  5.890508639424976E+001
    792  6.439701217638142E-007  1.158579110744502E+002
    884  6.434188165296417E-007  1.212913619330936E+002
    739  6.337174341564139E-007  1.126267264275300E+002
     88  6.277939980947652E-007  2.776495450944637E+001
    634  6.182690661475698E-007  1.087110579745548E+002
    125  6.058947918777979E-007  2.955205187993630E+001
    969  5.942681130453241E-007  1.288232913140608E+002
    420  5.899179829412134E-007  5.464265012038360E+001
    939  5.896350767355334E-007  1.276788938661296E+002
    790  5.852586798193198E-007  1.158127479939932E+002
    740  5.669753925150353E-007  1.126281679605138E+002
    598  5.665701976696940E-007  1.077082259858063E+002
    841  5.646059854305911E-007  1.180046875638410E+002
    443  5.536593096999859E-007  5.615506371008289E+001
    672  5.378460821205647E-007  1.100523893058521E+002
    849  5.377456734800980E-007  1.186556798515274E+002
    900  5.354039969600652E-007  1.240255399934555E+002
    611  4.978546724093862E-007  1.080609110523806E+002
    819  4.965936429156328E-007  1.172617623112352E+002
    276  4.925400740002795E-007  3.774173651101562E+001
    614  4.692040891919565E-007  1.081499604581023E+002
    798  4.616554759455162E-007  1.161233232814441E+002
    643  4.559752408915742E-007  1.088529165631816E+002
    846  4.322156275806437E-007  1.183733977129572E+002
    421  4.137007307837446E-007  5.469982084171487E+001
     87  4.134660462619209E-007  2.773505635732142E+001
    805  4.051819695731505E-007  1.165442309434909E+002
    872  4.037920345047356E-007  1.204992644439996E+002
    208  3.950494039782146E-007  3.420400517096608E+001
    828  3.897137954392258E-007  1.175132070682912E+002
    972  3.877310073733385E-007  1.289491342298440E+002
    700  3.773593356879438E-007  1.112187707043413E+002
    815  3.732620047018301E-007  1.170844697210597E+002
    759  3.729257887474094E-007  1.132523759465808E+002
    243  3.560639024093649E-007  3.580427376176280E+001
    409  3.495077156200887E-007  5.377950655266745E+001
    901  3.439423442231754E-007  1.246352700151236E+002
    631  3.428689518166941E-007  1.086593678715634E+002
    823  3.427416164839293E-007  1.173434151863991E+002
    953  3.419984555706762E-007  1.282835790234384E+002
    839  3.389920468925620E-007  1.178451551754228E+002
    914  3.306918825734972E-007  1.261343003660832E+002
    215  3.276550010188222E-007  3.430912489816387E+001
   1051  3.270269468225663E-007  1.330173846663143E+002
    960  3.238115895335013E-007  1.283710541965592E+002
    923  3.208271333940124E-007  1.267345977181097E+002
    350  3.176332103910265E-007  4.287084402122760E+001
    684  3.150582200022022E-007  1.108055531440044E+002
    908  3.146271702782144E-007  1.256350992978881E+002
    326  2.934840881600326E-007  3.980074663620405E+001
   1023  2.910397358614904E-007  1.309907545973144E+002
    735  2.809588543376965E-007  1.125422257639707E+002
    506  2.805751538730054E-007  6.092479484159845E+001
     72  2.801431331099963E-007  2.695844835194747E+001
    837  2.724146014516602E-007  1.177814246314451E+002
    118  2.687777942703130E-007  2.927665934202001E+001
    874  2.683667179134196E-007  1.206463359037059E+002
    965  2.665845234888588E-007  1.286084743618769E+002
    200  2.621968824201469E-007  3.413076352937113E+001
    591  2.591257109351514E-007  1.073970459895217E+002
    627  2.562948263853341E-007  1.085359599099982E+002
    642  2.557747953116373E-007  1.088349318990273E+002
    484  2.548340363395447E-007  5.894622531819898E+001
    750  2.503957536953508E-007  1.128980084302201E+002
    978  2.485546365347154E-007  1.291764873003617E+002
    652  2.483001386950068E-007  1.090805000764319E+002
    904  2.385411348211342E-007  1.250437756508075E+002
    933  2.379785605570107E-007  1.272967505112425E+002
    925  2.291441714160185E-007  1.268943605090481E+002
    715  2.202064924465228E-007  1.119122168057061E+002
    511  2.033205772707926E-007  6.108291035790679E+001
    996  1.979065793623943E-007  1.300741546440489E+002
    235  1.956553953670013E-007  3.553329683850696E+001
    711  1.759593747938810E-007  1.117833092223069E+002
    732  1.672495523164362E-007  1.124809932511083E+002
     77  1.647593239504210E-007  2.720977418778346E+001
    845  1.582523150652741E-007  1.182722434309271E+002
    840  1.492225890344970E-007  1.179674198090055E+002
    743  1.415063887064718E-007  1.126739704882794E+002
    949  1.411431200433506E-007  1.280833568476082E+002
    936  1.400480008364832E-007  1.275963114471066E+002
    111  1.355683311722925E-007  2.891758955889047E+001
    574  1.316099012824190E-007  1.067089856517616E+002
   1030  1.279376869414140E-007  1.313677884464318E+002
    171  1.266531046626052E-007  3.251692712246987E+001
    708  1.220789524510506E-007  1.116659378913442E+002
    569  1.179292692232687E-007  1.064024371239422E+002
    998  1.173218212276139E-007  1.301241144683907E+002
    864  1.145210797699272E-007  1.195154318953015E+002
   1015  1.108207247579171E-007  1.306693309857935E+002
    974  1.100138292300797E-007  1.290391941684268E+002
     50  1.083246836949105E-007  2.524792740229145E+001
   1026  1.073493461026186E-007  1.310988308446859E+002
    250  1.058319069841067E-007  3.645071914574685E+001
    363  1.049542376724190E-007  4.523665715266514E+001
    304  1.049101231504842E-007  3.902642388250331E+001
    985  9.601843397606402E-008  1.294454523269476E+002
   1056  9.422873633328907E-008  1.332822863268028E+002
    747  8.656372036880350E-008  1.128221651622354E+002
    766  8.457793294339790E-008  1.138313497862233E+002
   1046  8.289686799146146E-008  1.322741703884410E+002
    178  7.809494196607743E-008  3.291892583427273E+001
    956  6.859234727912840E-008  1.283075816024711E+002
      3  6.668955252241371E-008  1.530095081680193E+001
    794  6.324204637620395E-008  1.159299755047292E+002
    723  6.290983418410705E-008  1.122249597820348E+002
    596  6.251271551153840E-008  1.076305596761092E+002
     76  6.246340122876692E-008  2.719040433196805E+001
    882  6.131189711933262E-008  1.212606419968792E+002
    812  6.076844388824822E-008  1.169499526914024E+002
    728  5.645358673599583E-008  1.123911467240560E+002
    775  5.478406267058395E-008  1.149447083106751E+002
    607  5.314759069678525E-008  1.079782277499060E+002
    980  5.212563940986325E-008  1.292322903638887E+002
    393  5.155630807110009E-008  5.117422678475859E+001
    692  4.870781974135636E-008  1.109991362888409E+002
    444  4.540590324416609E-008  5.640873014994138E+001
    887  4.358265439813983E-008  1.215278324822884E+002
    124  4.340727687206672E-008  2.953039329658957E+001
    999  4.274186885533693E-008  1.301340763851820E+002
    982  4.136351460007748E-008  1.293230544301462E+002
    341  4.111276363830586E-008  4.207899368185591E+001
    769  4.038870882189587E-008  1.141494817506874E+002
    714  3.844216819156352E-008  1.118865310298163E+002
   1003  3.827944377417340E-008  1.302792324598297E+002
    146  3.116798315150711E-008  3.038455959742199E+001
    181  2.762525402797499E-008  3.309588236011395E+001
    638  2.623771587679773E-008  1.087773663504995E+002
    976  2.275289688353758E-008  1.291265023483052E+002
    896  2.197564496488676E-008  1.231967026860033E+002
    770  2.094836967368178E-008  1.141655133118217E+002
    620  1.905452984982628E-008  1.083700393844588E+002
    720  1.888361214133095E-008  1.121496181246094E+002
    228  1.880324752838419E-008  3.465329128304563E+001
    912  1.708459016168191E-008  1.259977317017505E+002
   1025  1.695392046352587E-008  1.310823101564250E+002
    971  1.688972894966060E-008  1.289111652451389E+002
    810  1.553816733712483E-008  1.168542717379606E+002
    959  1.412088420010134E-008  1.283643788123119E+002
    534  1.401143009829589E-008  6.352992396574133E+001
   1001  1.391980298526017E-008  1.301907504163165E+002
    957  1.391387777434473E-008  1.283224605383935E+002
    718  1.365869919168891E-008  1.120307816427976E+002
    734  1.286281748387442E-008  1.125227414297757E+002
    707  1.150192238117994E-008  1.116484954290111E+002
    619  1.046847796632747E-008  1.083262496248409E+002
    664  9.670789892516057E-009  1.095868237421283E+002
    640  8.718648242314876E-009  1.088027953187827E+002
    867  7.701768196815943E-009  1.199420338065019E+002
    881  6.583401234117444E-009  1.212001054655417E+002
    941  5.845484700826336E-009  1.277239710636116E+002
    931  5.699202717565011E-009  1.272754104030811E+002
    651  5.111334875214556E-009  1.090123807306586E+002
    502  4.481100218375339E-009  6.033057478557798E+001
    788  3.980227678399194E-009  1.157595566872355E+002
    449  3.236581552642163E-009  5.713782918039372E+001
    656  3.173029564688456E-009  1.092383325553483E+002
    888  2.975022662457189E-009  1.215384892766490E+002
    603  2.599256798663419E-009  1.078480909052838E+002
   1077  2.341898033992807E-009  6.189178021453241E+002
   1012  2.333875641804594E-009  1.305860585800326E+002
    595  2.071796436855980E-009  1.075727311228692E+002
    824  1.604321461495509E-009  1.173851057796732E+002
    470  5.320273102961155E-010  5.858950887133865E+001
    562  2.153147268345251E-010  1.058125905236654E+002
