# Number of modes
   1077
# Tabulated for different initial and final frequencies?
    F
# Mode index, Sj, (highest to lowest), omega_j
    547  3.021760454189727E-002  1.040413527560943E+002
    566  1.539686871159926E-002  1.060197199307676E+002
    563  9.703743215483647E-003  1.058622417292547E+002
   1053  8.551377485730871E-003  1.331993000158318E+002
   1072  8.542635789941862E-003  1.354275255218108E+002
    294  7.765057340305990E-003  3.844005427068350E+001
    386  7.504960557098238E-003  4.778448827008048E+001
      7  7.501291749534484E-003  1.598850297870253E+001
    531  7.140273495575914E-003  6.280622541285696E+001
   1058  6.124487560110746E-003  1.334381531708862E+002
    291  4.832913169861093E-003  3.834865717601958E+001
    300  4.706944545955203E-003  3.871033423098082E+001
     65  4.517710224962113E-003  2.645533186342116E+001
     27  4.350662816781858E-003  2.288948685305089E+001
   1074  4.344592055521253E-003  1.357832717908243E+002
    390  4.289012701576922E-003  4.930034545373515E+001
    418  4.238442510731672E-003  5.440760214654593E+001
   1071  4.067203396788389E-003  1.353191143310252E+002
     23  4.007932585787325E-003  2.160694502786773E+001
    344  3.992028985183260E-003  4.229281490750487E+001
    491  3.916102017564801E-003  5.916484178919298E+001
      8  3.700715289376159E-003  1.603898235084092E+001
    297  3.692888178209290E-003  3.850412000814609E+001
   1047  3.588792579397120E-003  1.324683504365100E+002
    165  3.261698276462490E-003  3.194792507678593E+001
    148  3.194256328131230E-003  3.055713011308698E+001
    402  3.142341785822296E-003  5.323403324336612E+001
    154  3.134335547656723E-003  3.128025029310897E+001
    425  3.124369365839182E-003  5.512885982268182E+001
     24  3.066083508516362E-003  2.165827626673025E+001
    392  3.054533417494389E-003  4.975569880244111E+001
   1070  2.957755472376356E-003  1.350535885837313E+002
    430  2.836508789234081E-003  5.544226538226409E+001
    298  2.789378101484653E-003  3.860785506393049E+001
    422  2.773086783178799E-003  5.478392604221921E+001
   1024  2.771566655429949E-003  1.310472886139475E+002
     38  2.719187168728115E-003  2.415274881711009E+001
    546  2.285742796012935E-003  1.038908634804570E+002
   1050  2.213175901675055E-003  1.326682006609648E+002
    530  2.173135802060833E-003  6.265828803408258E+001
   1057  2.168632173654715E-003  1.332882698940204E+002
    384  2.127036115153895E-003  4.693482184770667E+001
    290  2.111999362369555E-003  3.834059039797889E+001
     16  2.037277465552172E-003  2.083990463296455E+001
    436  1.838882660265229E-003  5.562240782737462E+001
    458  1.819439703114946E-003  5.780961640938520E+001
    398  1.810289914667033E-003  5.298968704937109E+001
    404  1.759644720968734E-003  5.332919471058649E+001
    452  1.752116497546221E-003  5.732416656661538E+001
    413  1.745750119276112E-003  5.407796767412047E+001
    533  1.742375808534882E-003  6.344214913117692E+001
    164  1.721131884014324E-003  3.156123118588701E+001
    427  1.710901882792564E-003  5.530625255614972E+001
    108  1.664692006650126E-003  2.884206820739177E+001
   1039  1.656123091664003E-003  1.317789778316224E+002
     64  1.646352517298687E-003  2.637954322898939E+001
    279  1.616871856034090E-003  3.776291602598710E+001
    544  1.604215776111122E-003  1.037287728441322E+002
    114  1.490142873404140E-003  2.903390568794284E+001
    551  1.463376027779393E-003  1.044758850995860E+002
    396  1.457349545303010E-003  5.292259014309509E+001
    538  1.388881985382724E-003  8.801939400846273E+001
    421  1.386080610721880E-003  5.469982084171487E+001
    419  1.385879390646335E-003  5.447434435004674E+001
    387  1.360534241366611E-003  4.845493173747810E+001
     18  1.311155786786348E-003  2.124694793769305E+001
    149  1.271936965480104E-003  3.064428879965062E+001
    110  1.261216435853936E-003  2.890337161783228E+001
     32  1.242854876973868E-003  2.386019687247388E+001
    474  1.239746080278959E-003  5.866520048333617E+001
    549  1.237374848769677E-003  1.043755820157491E+002
   1038  1.212934571678639E-003  1.317153469634680E+002
    423  1.208392120421968E-003  5.491452382822700E+001
   1042  1.158076662728321E-003  1.319938555239870E+002
    554  1.155365697248526E-003  1.048978551747549E+002
    301  1.130375774595478E-003  3.874125966254066E+001
    119  1.119272481412920E-003  2.929038281335912E+001
    302  1.112575454832786E-003  3.874867387838012E+001
   1064  1.102541455449868E-003  1.339182935247794E+002
    308  1.078991931001658E-003  3.924824416979163E+001
    464  1.054595047215773E-003  5.841767339850505E+001
    296  1.029270018838045E-003  3.847026909032138E+001
     58  1.013505035916061E-003  2.603619761911758E+001
   1036  9.924110926451694E-004  1.315563975924429E+002
    592  9.680450763502101E-004  1.074010896433819E+002
     91  9.478206794669515E-004  2.795709450840539E+001
     14  9.465767962484303E-004  2.047451167645159E+001
    177  9.343114997960616E-004  3.286305119332699E+001
    141  9.250338355327345E-004  3.005205957969120E+001
    433  9.154421553171312E-004  5.552394895078822E+001
    399  9.132513985270588E-004  5.300117686152819E+001
    306  9.131442482399455E-004  3.922583615449084E+001
    102  8.982472511589460E-004  2.838723287464182E+001
    397  8.921731138993549E-004  5.292984574180642E+001
    456  8.756127357994635E-004  5.758475825352298E+001
    539  8.641429752321221E-004  1.004038214764926E+002
    198  8.469954230985226E-004  3.410095577154824E+001
    199  8.266256271532907E-004  3.411214171315592E+001
    126  8.243401213015308E-004  2.957864372821811E+001
    763  8.183576222241646E-004  1.136578287383470E+002
     33  8.063682950131521E-004  2.387502434282544E+001
    161  8.036073193920667E-004  3.141544799468193E+001
      5  7.911538094188588E-004  1.580375607842547E+001
    374  7.801626606852175E-004  4.576894168844035E+001
    273  7.634176717368385E-004  3.771236202405859E+001
     71  7.418729943973389E-004  2.691074291878593E+001
     31  7.281859342244812E-004  2.349957735236975E+001
   1052  7.268935465855679E-004  1.330891459743712E+002
    151  7.152895262068913E-004  3.097448214004631E+001
    686  7.094547910043616E-004  1.108321598991433E+002
    258  6.925013597997060E-004  3.725675246841864E+001
    341  6.919961389302658E-004  4.207899368185591E+001
    689  6.883099283787196E-004  1.108992280227757E+002
    335  6.807084565172948E-004  4.064698242871874E+001
    274  6.756537812167172E-004  3.771469066363962E+001
    475  6.735382666626972E-004  5.870955367754343E+001
    188  6.714596058148845E-004  3.343297855491465E+001
    411  6.705295911152451E-004  5.390414096058870E+001
    762  6.536221432613567E-004  1.134504722361933E+002
    303  6.533264315710443E-004  3.891633174738261E+001
    219  6.507877657486968E-004  3.435584966495736E+001
    505  6.475003381963705E-004  6.089365906344585E+001
   1055  6.445101118191297E-004  1.332315483337306E+002
     60  6.337968758405223E-004  2.612817271153773E+001
    445  6.292851578037506E-004  5.650985963977887E+001
    249  6.251215550349581E-004  3.643158917315001E+001
     29  6.153202630444443E-004  2.304600720746813E+001
    358  6.090319235838048E-004  4.418411045040358E+001
    492  6.006368510945697E-004  5.919740097208313E+001
    755  5.971294442534617E-004  1.130537195644052E+002
    283  5.944734959280734E-004  3.781664732037148E+001
    472  5.773673120797035E-004  5.860732378330380E+001
      1  5.740485753466985E-004  1.480943860687432E+001
    115  5.712312239373740E-004  2.908676806680809E+001
    356  5.663399702218215E-004  4.399929676237998E+001
    330  5.659530814322861E-004  4.000719691328421E+001
    120  5.391691554241165E-004  2.935022978395871E+001
    295  5.387732513706451E-004  3.844649820311862E+001
    293  5.284539140085067E-004  3.840315559517953E+001
    559  5.211411701470610E-004  1.054467335457494E+002
    163  5.209118729426388E-004  3.148605603035891E+001
    223  5.187092827618036E-004  3.452101188794168E+001
    749  5.030323611529239E-004  1.128862829609149E+002
    482  4.926748422680679E-004  5.890508639424976E+001
    838  4.921507563158940E-004  1.178077045912047E+002
    843  4.882070495335002E-004  1.181049125326048E+002
    379  4.847479696403828E-004  4.610002508350383E+001
    103  4.839885229039295E-004  2.854698030319213E+001
    288  4.816698984406351E-004  3.825168870868715E+001
    229  4.693046442873014E-004  3.477639317683153E+001
    575  4.687330828969081E-004  1.067636975144964E+002
    973  4.628219318077462E-004  1.290303348922233E+002
    848  4.516331426474282E-004  1.185512117490796E+002
    745  4.496683641831582E-004  1.127541380335163E+002
     51  4.496503697390896E-004  2.527497960196780E+001
    157  4.443952297910394E-004  3.136040875348826E+001
    822  4.412669942961263E-004  1.173379890193997E+002
    142  4.378586853991963E-004  3.011700635419402E+001
    446  4.373140500946400E-004  5.657515742254393E+001
     85  4.301785633645785E-004  2.757726243328665E+001
     20  4.292194465199334E-004  2.146722812704134E+001
     57  4.232480667950966E-004  2.601044601303876E+001
    572  4.175757633328495E-004  1.066354688575440E+002
    222  4.063161867558588E-004  3.444665555523785E+001
    604  4.059861713253583E-004  1.078901483894559E+002
    144  3.994625185824449E-004  3.023024488043693E+001
    702  3.985793494822728E-004  1.112791472783473E+002
    967  3.976637766304886E-004  1.287730879251822E+002
     11  3.969442205706659E-004  1.771447447329438E+001
    536  3.963829639113977E-004  7.244369170766353E+001
    835  3.874379381045097E-004  1.176766134664512E+002
     67  3.837307992821413E-004  2.663955326886673E+001
    255  3.799678898552962E-004  3.705801266502003E+001
     73  3.696353667487290E-004  2.704395448663374E+001
    453  3.649334302189544E-004  5.734859743017803E+001
    510  3.564410799496857E-004  6.106496915014706E+001
    426  3.543169773526739E-004  5.521112029631625E+001
    409  3.537466911472960E-004  5.377950655266745E+001
    405  3.518302805815454E-004  5.340951413863353E+001
    186  3.498923369042582E-004  3.335079910483972E+001
    738  3.492028373841876E-004  1.126248828969786E+002
    347  3.483821822638864E-004  4.251894246220620E+001
    438  3.458100986382139E-004  5.568774314714533E+001
     48  3.452802372743268E-004  2.521050943974308E+001
    698  3.437273245290907E-004  1.111543499618823E+002
    525  3.432708599110014E-004  6.201689187624501E+001
    431  3.376757392144273E-004  5.545822575490884E+001
    611  3.368217394009897E-004  1.080609110523806E+002
    721  3.253300852885031E-004  1.121902054803930E+002
    626  3.230689999008637E-004  1.085197354965440E+002
    432  3.226531305853749E-004  5.551253331854516E+001
    742  3.183974664148743E-004  1.126546326383816E+002
    118  3.155120138936476E-004  2.927665934202001E+001
     66  3.131004527045693E-004  2.653041695388611E+001
    947  3.085754971725188E-004  1.280025795512814E+002
    251  3.085722304898059E-004  3.670193646720268E+001
     95  3.080618760572636E-004  2.806113631432304E+001
    847  3.042208456665605E-004  1.183795327778256E+002
    299  3.018381259482887E-004  3.861147003050849E+001
     83  3.008834381707259E-004  2.745200449399356E+001
    716  2.963005386409082E-004  1.119313653155845E+002
   1075  2.961578309415945E-004  1.852007864492208E+002
    479  2.952913582071693E-004  5.886156225440574E+001
   1045  2.952580977385796E-004  1.322246800166877E+002
    650  2.945898517535999E-004  1.090061273622073E+002
    669  2.934884345193294E-004  1.098991161820264E+002
    383  2.926621606746950E-004  4.665506804468283E+001
     54  2.906089090862337E-004  2.537118147105558E+001
    281  2.905379317059564E-004  3.778222215271058E+001
   1016  2.904855310173819E-004  1.306784011483153E+002
    588  2.879208454522668E-004  1.072780161282308E+002
     42  2.845589737408600E-004  2.442065503900721E+001
    717  2.767001400176280E-004  1.119901298340990E+002
    434  2.759045201436693E-004  5.556859477681133E+001
    678  2.752157044737963E-004  1.105298402911861E+002
    111  2.743304325082129E-004  2.891758955889047E+001
     79  2.734660006320451E-004  2.728143790603452E+001
    478  2.722664910052475E-004  5.880478287498814E+001
    254  2.708312941341483E-004  3.696870162494890E+001
    292  2.707978008529337E-004  3.837765227419467E+001
     36  2.705789024328010E-004  2.408548968715760E+001
    450  2.701132895797991E-004  5.723022636777802E+001
    348  2.679886844385558E-004  4.278252907839931E+001
    498  2.676256638613709E-004  6.006055704270973E+001
     69  2.649501232875868E-004  2.667931486079132E+001
    673  2.641374411672301E-004  1.101090602242966E+002
    367  2.580673219950159E-004  4.546665367422378E+001
    926  2.572967436361715E-004  1.269935099435139E+002
    400  2.563659048010038E-004  5.304406357850599E+001
    173  2.517008410742160E-004  3.267731285541730E+001
    233  2.507670566357085E-004  3.536858076063520E+001
    195  2.483717147719907E-004  3.399004655216064E+001
    205  2.466842296816757E-004  3.418138862993963E+001
    477  2.454551745558937E-004  5.875439662154096E+001
   1034  2.444243983722447E-004  1.314975717016592E+002
    182  2.419120428702036E-004  3.313118961536368E+001
     55  2.401652718876461E-004  2.564739582447731E+001
    497  2.382196135177146E-004  5.984833423050026E+001
    623  2.378063113915086E-004  1.084311616311891E+002
    868  2.338664881020448E-004  1.199994649602093E+002
    494  2.299746420124084E-004  5.959072402434833E+001
    582  2.284095966513391E-004  1.069886979669129E+002
    310  2.275359903692824E-004  3.933560718805473E+001
    797  2.270253730126633E-004  1.161224071144865E+002
    183  2.259699457553395E-004  3.317747871488443E+001
    984  2.210804895339533E-004  1.293776492189174E+002
    576  2.179632292582876E-004  1.068188420241767E+002
    733  2.164115717734061E-004  1.125211996768446E+002
     41  2.145920716433385E-004  2.434332602389209E+001
    385  2.139318479558812E-004  4.744969147605799E+001
   1026  2.137535818218111E-004  1.310988308446859E+002
     39  2.115286486575203E-004  2.419216907562118E+001
    270  2.108122569335060E-004  3.767493462479421E+001
    503  2.092328195445656E-004  6.062899617907863E+001
    617  2.075631463885231E-004  1.082069188907082E+002
    207  2.035833708599757E-004  3.419271829752626E+001
    135  2.026943005757896E-004  2.990996926970350E+001
   1022  2.010823457581702E-004  1.309570316227355E+002
    131  1.997254526293783E-004  2.976719894627799E+001
    873  1.997178431504937E-004  1.205400953636918E+002
    197  1.972226892039502E-004  3.407091137263039E+001
    537  1.971419068848750E-004  7.348438751630307E+001
      4  1.933255596736466E-004  1.555889535187236E+001
    127  1.907924454786293E-004  2.958197907168710E+001
     45  1.897153000980519E-004  2.505629895200580E+001
    230  1.897044005995341E-004  3.507000892128892E+001
    340  1.871391350742991E-004  4.203744443197692E+001
    245  1.860661888844459E-004  3.584895809931362E+001
   1005  1.855611836707319E-004  1.302961950162389E+002
     77  1.846254323740905E-004  2.720977418778346E+001
    395  1.829647420430645E-004  5.279005865968511E+001
    275  1.822010998129699E-004  3.771871208633355E+001
    836  1.795173282621829E-004  1.177792466123822E+002
    769  1.779250118272884E-004  1.141494817506874E+002
    318  1.753015487207604E-004  3.952690512520030E+001
    364  1.749859674467932E-004  4.528995878587361E+001
     44  1.738360959630723E-004  2.487547588775838E+001
    602  1.717767095988839E-004  1.078335831208874E+002
    557  1.713485795185794E-004  1.053298087456868E+002
   1031  1.702642400660563E-004  1.313824495210718E+002
    618  1.697087334389491E-004  1.083041655146542E+002
    282  1.689452409013019E-004  3.781601762519486E+001
    280  1.681299272127998E-004  3.777070006257392E+001
    966  1.672208733222829E-004  1.287120665380274E+002
    285  1.646343721250359E-004  3.794670187788559E+001
     37  1.621037363320129E-004  2.413005277682491E+001
    599  1.617497137941437E-004  1.077354408464688E+002
   1041  1.615668792787057E-004  1.318604688563310E+002
    133  1.605683703009070E-004  2.980777525245198E+001
    518  1.603819845998450E-004  6.116565427175681E+001
    631  1.603180511496738E-004  1.086593678715634E+002
   1066  1.601938577439978E-004  1.341339055776214E+002
    331  1.597079577767616E-004  4.033978069592825E+001
     43  1.592479081496969E-004  2.485090944939308E+001
    757  1.566243694146271E-004  1.131455979007981E+002
    217  1.555200277496156E-004  3.432077633458158E+001
    937  1.553230027191922E-004  1.275975168353670E+002
   1027  1.535114853163295E-004  1.311414239553258E+002
    826  1.521023707084133E-004  1.174535409692338E+002
    380  1.517808478641389E-004  4.621788456267294E+001
    160  1.503486967387885E-004  3.140287364756382E+001
     81  1.497339769984450E-004  2.737831616504717E+001
    325  1.471661901627321E-004  3.979678053884171E+001
    466  1.465076237166492E-004  5.848631456847294E+001
    401  1.459237837715274E-004  5.310952948046032E+001
    320  1.448055554499027E-004  3.958466091098631E+001
    134  1.444805521265695E-004  2.989081555609098E+001
    646  1.405199436710178E-004  1.089039652974663E+002
      9  1.393412935398777E-004  1.615282072713023E+001
    907  1.392818382057316E-004  1.254774984052440E+002
    359  1.383969071515946E-004  4.440820660542785E+001
    676  1.381021351984088E-004  1.102968009656115E+002
     76  1.378856786901951E-004  2.719040433196805E+001
    193  1.375695298901495E-004  3.387383688791338E+001
    911  1.366402153837732E-004  1.258968376271585E+002
    212  1.363139424496833E-004  3.425448747044050E+001
    156  1.357141904641236E-004  3.133959801814033E+001
   1061  1.343974049012450E-004  1.338239896777959E+002
    655  1.332009560121692E-004  1.092114390318620E+002
    202  1.321341264772164E-004  3.414693728338715E+001
    970  1.319914967304502E-004  1.288440499253601E+002
    121  1.296059489536469E-004  2.937009161569695E+001
    213  1.292337830106276E-004  3.426923698719692E+001
    998  1.290477943395771E-004  1.301241144683907E+002
    774  1.284590367405783E-004  1.147299018357027E+002
     74  1.274043713507762E-004  2.706787664592100E+001
    730  1.273397309489837E-004  1.124678820560711E+002
   1062  1.272865553183238E-004  1.338537297016246E+002
    246  1.265566781175557E-004  3.612200287477440E+001
    221  1.264878781679934E-004  3.444064242877499E+001
    691  1.256016800099309E-004  1.109942746792360E+002
    991  1.254547711852494E-004  1.298309517843196E+002
    152  1.221759885295254E-004  3.107793476288124E+001
    489  1.218097877327216E-004  5.906665573291085E+001
    130  1.194553368891816E-004  2.969026097336859E+001
    817  1.178378338524783E-004  1.171745914510001E+002
    357  1.163718855364191E-004  4.413715889769129E+001
      2  1.152388505945062E-004  1.507477314615795E+001
    784  1.149283652097748E-004  1.156115101864969E+002
    343  1.149053945359064E-004  4.223776350771931E+001
     46  1.130939863448412E-004  2.508968851186969E+001
    671  1.130815957439863E-004  1.100461630260976E+002
    116  1.115030326985095E-004  2.910094471225916E+001
    630  1.108551005819282E-004  1.086464564510315E+002
    621  1.105878488568775E-004  1.083828600305560E+002
    543  1.103008198188036E-004  1.026098663261161E+002
    169  1.102226959274663E-004  3.225245008090104E+001
    351  1.096703565645511E-004  4.290814690346715E+001
    140  1.093326460967318E-004  3.002380690834687E+001
    442  1.093154688932168E-004  5.605259237502305E+001
    155  1.088918832422083E-004  3.129077640287002E+001
    184  1.080285899764652E-004  3.328145954751520E+001
    568  1.078210995816678E-004  1.063884322375297E+002
    587  1.074476788395591E-004  1.072564562863978E+002
     21  1.068968799333678E-004  2.149552581175353E+001
    415  1.067504887181185E-004  5.409773008136273E+001
     49  1.066933803796513E-004  2.521926711432687E+001
    100  1.054051290314650E-004  2.814590236831992E+001
   1018  1.051955703450762E-004  1.307425624046459E+002
    829  1.047367961672037E-004  1.175434491795728E+002
    799  1.043649793494148E-004  1.161655148393659E+002
    360  1.034465559808599E-004  4.501412031898634E+001
    683  1.027926905827312E-004  1.107854094171573E+002
    661  1.022912967417974E-004  1.094040232551639E+002
    514  1.010777505062939E-004  6.112143562944963E+001
    417  1.007571934788286E-004  5.432386496665636E+001
    139  9.938223185998623E-005  3.001327528760398E+001
    504  9.864829541741908E-005  6.073767201700102E+001
     34  9.855067820137314E-005  2.394870774261297E+001
    311  9.825415783378615E-005  3.939193935233331E+001
    309  9.787807821987958E-005  3.929268620446922E+001
    793  9.644037690273144E-005  1.158943894419280E+002
    495  9.597078136395061E-005  5.971063876484735E+001
    196  9.580836662998686E-005  3.402217963204272E+001
    210  9.567886218494151E-005  3.421873300884823E+001
    972  9.392436024679083E-005  1.289491342298440E+002
    727  9.379084062850040E-005  1.123838421661365E+002
    898  9.245510398226092E-005  1.236287338505038E+002
   1076  9.183758949028988E-005  1.858411948136732E+002
     97  9.159514296433986E-005  2.809615145046481E+001
    892  9.138523083734168E-005  1.223146913863671E+002
    239  9.128204855374091E-005  3.564788119351169E+001
    635  8.975367746473650E-005  1.087402789130293E+002
    803  8.918527861958737E-005  1.163959410830473E+002
    712  8.899632747769204E-005  1.118479116964762E+002
    208  8.899376643506647E-005  3.420400517096608E+001
    215  8.829172210115510E-005  3.430912489816387E+001
    746  8.756726972734475E-005  1.128150956859242E+002
    106  8.697780499028002E-005  2.873147041157064E+001
    159  8.641990542417811E-005  3.140014259635325E+001
    191  8.639689508407478E-005  3.372798248811258E+001
     17  8.596406130943185E-005  2.091913438766164E+001
    352  8.526361026642852E-005  4.345183818831803E+001
    158  8.490779889734629E-005  3.138637587596471E+001
    143  8.466239738644361E-005  3.021552765862468E+001
    486  8.428296083927439E-005  5.898078655703418E+001
    216  8.423398612969077E-005  3.431915233475488E+001
    449  8.339169669679585E-005  5.713782918039372E+001
    101  8.332526391871951E-005  2.816121926613436E+001
    266  8.245896836003063E-005  3.763404507858488E+001
   1021  8.127159381012538E-005  1.308784400027895E+002
     89  8.100109388210472E-005  2.787565477396676E+001
      6  8.096064620365768E-005  1.593905863128156E+001
    138  8.044898284053575E-005  2.998810658959070E+001
    137  7.990187304068560E-005  2.996307755422044E+001
    687  7.910614970483040E-005  1.108477970364615E+002
    564  7.820949934128152E-005  1.059223740174141E+002
    312  7.810895344138772E-005  3.940338989709551E+001
    918  7.773046072854043E-005  1.263810693695273E+002
    174  7.717330140784614E-005  3.277024257542895E+001
    168  7.694069197403239E-005  3.223239881301075E+001
   1006  7.574992641022419E-005  1.303473844140781E+002
    391  7.523539704872358E-005  4.935295074539214E+001
    909  7.389641413820028E-005  1.256671150468244E+002
    451  7.366729488748399E-005  5.726939793781466E+001
    870  7.352565900951940E-005  1.203621491035894E+002
     96  7.351749555226781E-005  2.807603105873968E+001
    519  7.347952317990049E-005  6.116666091909611E+001
   1044  7.340514028059556E-005  1.320835593454495E+002
     26  7.272457778289338E-005  2.275577786050195E+001
    107  7.256708669159504E-005  2.880093649968087E+001
    389  7.239781949646796E-005  4.924612888004685E+001
    189  7.204169144138067E-005  3.348575581421191E+001
    694  7.156272242177701E-005  1.110208923005156E+002
    105  7.021831310266261E-005  2.872870804936272E+001
     68  7.000170321620601E-005  2.665958995788216E+001
    553  6.968242340021951E-005  1.045844149005738E+002
    917  6.916065100885862E-005  1.262583151256411E+002
    902  6.857770201545410E-005  1.246861225619736E+002
    808  6.831297509360005E-005  1.166438640424820E+002
     63  6.812986309144388E-005  2.633691355837915E+001
    321  6.802969863560562E-005  3.959878738143280E+001
     12  6.615508973091327E-005  1.791855268392995E+001
     22  6.612189726912231E-005  2.149928230079738E+001
    153  6.610291919496465E-005  3.119128674334460E+001
    336  6.604881771986243E-005  4.106442919982931E+001
    109  6.544292332342365E-005  2.888359254004277E+001
    247  6.538237946222601E-005  3.613855018049320E+001
     40  6.493035867521018E-005  2.429142631572386E+001
    231  6.489815151797414E-005  3.529195130720404E+001
    338  6.451493799898294E-005  4.143596746217444E+001
    346  6.336645562454897E-005  4.251353138364797E+001
    548  6.298140646205992E-005  1.041098140943872E+002
      3  6.268589244065709E-005  1.530095081680193E+001
    485  6.265665982573327E-005  5.896971858223063E+001
    813  6.255478193167948E-005  1.170211975618395E+002
    748  6.093570503758552E-005  1.128453459062848E+002
    355  6.074690646055946E-005  4.365668409738398E+001
    560  6.069479716341035E-005  1.057397922085461E+002
    992  6.064763624721228E-005  1.299169051159237E+002
    382  6.038519810844172E-005  4.661435463500721E+001
    783  6.000421367110188E-005  1.155776779712016E+002
    262  5.956127884900443E-005  3.754826259370084E+001
    741  5.895268067020333E-005  1.126383251241469E+002
    455  5.826420780281620E-005  5.757818593173593E+001
    244  5.818135360694061E-005  3.582009297825139E+001
    512  5.799859166002406E-005  6.110465593383906E+001
    540  5.798543199915899E-005  1.019596674086986E+002
    150  5.725459491939136E-005  3.095380367517388E+001
    851  5.661176928290133E-005  1.189105890777936E+002
    675  5.661069544214125E-005  1.101932688761904E+002
    349  5.649917543189385E-005  4.279212686889406E+001
     62  5.602782154016910E-005  2.630569023157911E+001
    960  5.564859251622716E-005  1.283710541965592E+002
    333  5.556472349067741E-005  4.050570323460023E+001
    375  5.545889334636759E-005  4.577921754207221E+001
     30  5.451789909722964E-005  2.339033246897357E+001
   1048  5.448268755161299E-005  1.325281096806480E+002
    700  5.392922659910900E-005  1.112187707043413E+002
    307  5.391577095807218E-005  3.924418415703018E+001
     78  5.324447640121051E-005  2.724001953302053E+001
    206  5.313080046113066E-005  3.418711639611698E+001
    473  5.251607604642654E-005  5.864875851961727E+001
    667  5.094271255407565E-005  1.098231148083649E+002
    104  5.048015951786818E-005  2.863475114667724E+001
    854  4.998964213981943E-005  1.190938927222375E+002
    372  4.994299187213554E-005  4.569660817760900E+001
     72  4.991793428352940E-005  2.695844835194747E+001
    875  4.951050598048857E-005  1.206504418490652E+002
    267  4.936748121781510E-005  3.763942844703926E+001
     82  4.929495371676654E-005  2.744742479332049E+001
    462  4.900228615711562E-005  5.834568949164402E+001
    237  4.873661846880936E-005  3.561350513334219E+001
     90  4.831768416884972E-005  2.792299487571685E+001
    824  4.741616278650918E-005  1.173851057796732E+002
     84  4.716920126401738E-005  2.748397341497807E+001
    493  4.705779936960594E-005  5.956939432616837E+001
    636  4.677071728995628E-005  1.087412284437008E+002
    555  4.665329488165250E-005  1.049505825405343E+002
    304  4.617795526421176E-005  3.902642388250331E+001
    545  4.570187140822617E-005  1.038885725205099E+002
    214  4.494489636399059E-005  3.429158842681225E+001
   1060  4.478537977687491E-005  1.336329109810919E+002
    440  4.474274929684045E-005  5.589934491235444E+001
    706  4.442771000080823E-005  1.115644797142602E+002
    269  4.406673848160609E-005  3.766609016559832E+001
   1011  4.396804894209110E-005  1.305590563134582E+002
    607  4.394180956951024E-005  1.079782277499060E+002
    765  4.385860679369119E-005  1.138034732037320E+002
     61  4.367409863486237E-005  2.623624111749398E+001
    204  4.364832226918580E-005  3.416741852472765E+001
    483  4.342548785668362E-005  5.892865432514233E+001
     10  4.317678173039046E-005  1.630017574824609E+001
   1067  4.317368746955369E-005  1.341872351276505E+002
    513  4.289718375692432E-005  6.111701004965728E+001
    532  4.282228645443206E-005  6.299204701993657E+001
    253  4.261894303886639E-005  3.690338042035397E+001
    968  4.231661898704409E-005  1.287893908307005E+002
    930  4.201498669136522E-005  1.272550109882912E+002
    444  4.186029705038456E-005  5.640873014994138E+001
    176  4.136965485924392E-005  3.283702642513862E+001
    997  4.093173023991426E-005  1.300952728722026E+002
    825  4.090415767342035E-005  1.174155068731360E+002
    128  4.088842521485439E-005  2.964876822252022E+001
    919  4.046556084946653E-005  1.264669767465423E+002
     94  3.949311205373160E-005  2.803048707399637E+001
    725  3.869697486633377E-005  1.122622575126908E+002
    948  3.864742005355364E-005  1.280530341997139E+002
    975  3.855843194170549E-005  1.290479361570385E+002
    865  3.832884474026469E-005  1.195233182598442E+002
    977  3.831266448876744E-005  1.291448023039548E+002
    324  3.787344278866853E-005  3.965813849875591E+001
    211  3.741744261859528E-005  3.422885497659050E+001
    314  3.736357622190830E-005  3.944402428691944E+001
    886  3.725583013538768E-005  1.214498350996194E+002
    147  3.682882162157470E-005  3.045498909450352E+001
    890  3.631248698313431E-005  1.222269695705770E+002
    317  3.573815913238869E-005  3.952108816795088E+001
    570  3.563884635702572E-005  1.064458450110351E+002
    353  3.544073717874800E-005  4.354452657935016E+001
    305  3.521179404133216E-005  3.919092577852600E+001
    218  3.472968033984835E-005  3.434087154455664E+001
    226  3.434071239550381E-005  3.460914941435140E+001
    460  3.417529803972778E-005  5.821511818989060E+001
    112  3.382577537409347E-005  2.893182478938967E+001
    663  3.380777018631933E-005  1.095408569103236E+002
    561  3.319759016662177E-005  1.057823475786052E+002
    487  3.310496147354276E-005  5.901096182276392E+001
    976  3.310348725893314E-005  1.291265023483052E+002
    334  3.262071055158123E-005  4.055961280242965E+001
    145  3.254882638377046E-005  3.035386176419680E+001
    632  3.254237475841009E-005  1.086732063917954E+002
     53  3.245533839470765E-005  2.532427500710937E+001
    756  3.220761539434961E-005  1.131019348749128E+002
    731  3.199955431428235E-005  1.124795031346507E+002
    573  3.168307508168286E-005  1.066520968004064E+002
    932  3.107771717572519E-005  1.272890793904072E+002
    944  3.096724013633171E-005  1.278264506290159E+002
    125  3.088667390668691E-005  2.955205187993630E+001
    187  3.055531608177070E-005  3.338593491458187E+001
    470  3.050010856697451E-005  5.858950887133865E+001
    565  3.043730669780742E-005  1.059848591127986E+002
    242  2.991446704710646E-005  3.575330164903793E+001
    542  2.984364294582495E-005  1.021380905135569E+002
    277  2.954922811825850E-005  3.774405278528796E+001
     15  2.950588987976193E-005  2.077312965636918E+001
   1033  2.931166661682187E-005  1.314921549657209E+002
   1056  2.928131268475826E-005  1.332822863268028E+002
    880  2.914131513618670E-005  1.209811659012211E+002
     92  2.895411265707745E-005  2.796966533379813E+001
    271  2.845563458025650E-005  3.769377629908810E+001
    521  2.841205226020773E-005  6.120499406654021E+001
   1032  2.801755215366228E-005  1.314270448258869E+002
    467  2.799622075509004E-005  5.850070475174659E+001
    894  2.771776825690342E-005  1.226855190700912E+002
    502  2.616196637239807E-005  6.033057478557798E+001
    613  2.609021196120531E-005  1.081325074305931E+002
    724  2.590688450190844E-005  1.122474317356576E+002
    339  2.582153970932232E-005  4.199721405536648E+001
    615  2.560885658705348E-005  1.081646255451844E+002
    264  2.499584905089207E-005  3.760740200223662E+001
    329  2.499083706575351E-005  3.994917835777716E+001
    577  2.445841624067886E-005  1.068269012623950E+002
    600  2.431264148393769E-005  1.078192567961393E+002
    983  2.415592519811713E-005  1.293699640118089E+002
    578  2.397683110040908E-005  1.068696587706935E+002
    571  2.392511283092079E-005  1.065760725477823E+002
    593  2.377989376280223E-005  1.074633420950339E+002
    232  2.372635087265300E-005  3.530982942235851E+001
    261  2.358882027122616E-005  3.751537038816641E+001
    812  2.287442154399065E-005  1.169499526914024E+002
    778  2.250028835647441E-005  1.153062331743218E+002
    276  2.248453940930365E-005  3.774173651101562E+001
    454  2.244560657126616E-005  5.753531790534946E+001
    820  2.225278820469279E-005  1.173160626674297E+002
    250  2.222923858998680E-005  3.645071914574685E+001
    327  2.214426532053751E-005  3.980649710729982E+001
    690  2.186602491888536E-005  1.109553167085971E+002
    528  2.175349077175379E-005  6.211763689923020E+001
    810  2.173645094302374E-005  1.168542717379606E+002
    323  2.169480660309707E-005  3.963162035223775E+001
    201  2.159221453048087E-005  3.413905621996786E+001
    481  2.152403442527568E-005  5.889564718758225E+001
    597  2.135504655188713E-005  1.076362394255561E+002
    526  2.132509358385254E-005  6.205614154690332E+001
     98  2.132025287437212E-005  2.810036398063808E+001
    248  2.130140352807489E-005  3.617742791171408E+001
   1020  2.092978415322649E-005  1.308300137670077E+002
    863  2.082461921926626E-005  1.194780899982511E+002
    796  2.063129883982832E-005  1.160406419035091E+002
    916  2.056377611265982E-005  1.261858055404796E+002
    780  2.047127256955402E-005  1.153482258688003E+002
    605  1.995472037586731E-005  1.079476682950407E+002
   1013  1.993196599804562E-005  1.306191025791559E+002
    123  1.984035400893778E-005  2.945706723223188E+001
     93  1.964687185235265E-005  2.801831476528660E+001
    337  1.934067035262029E-005  4.125439580477820E+001
    287  1.928968125781644E-005  3.806334999222836E+001
    831  1.884967133051554E-005  1.175849164822640E+002
    871  1.864034830539099E-005  1.204638135739833E+002
    955  1.813560036395831E-005  1.283043098504922E+002
    257  1.800137243456598E-005  3.716053985696894E+001
    200  1.794676023650725E-005  3.413076352937113E+001
    234  1.791702355901788E-005  3.541632958107625E+001
    129  1.778233813603238E-005  2.967722940199728E+001
    928  1.772467038842430E-005  1.271758190169006E+002
    361  1.754630726032553E-005  4.509188248244521E+001
    260  1.751443688612257E-005  3.745846822965304E+001
    507  1.747495593494265E-005  6.098134465730102E+001
    171  1.718125477504886E-005  3.251692712246987E+001
    584  1.690266891234905E-005  1.071415131646536E+002
    986  1.679478931224242E-005  1.294778988001748E+002
    697  1.674742030311228E-005  1.111168086390436E+002
    827  1.673471485777839E-005  1.174913134466901E+002
    534  1.659674305402149E-005  6.352992396574133E+001
     75  1.583209895224916E-005  2.717284531466260E+001
    381  1.563483668477871E-005  4.623753374880091E+001
    558  1.542656043859059E-005  1.054235904423783E+002
   1008  1.527455626905757E-005  1.304054287055121E+002
    394  1.507939250917691E-005  5.275338077531283E+001
    594  1.483458136762600E-005  1.075267994995216E+002
    365  1.469459258227189E-005  4.540196146988517E+001
    268  1.439705166896795E-005  3.765614789507087E+001
    943  1.393642733883230E-005  1.278255860865938E+002
    265  1.388147248674849E-005  3.762418150997995E+001
    674  1.387039152449205E-005  1.101627157855635E+002
    241  1.386928191172196E-005  3.573178726353736E+001
    616  1.382843302111347E-005  1.081902144651443E+002
    407  1.365537360737767E-005  5.355040632372296E+001
    921  1.335901106702520E-005  1.266347372507485E+002
     88  1.331886579519064E-005  2.776495450944637E+001
    754  1.327045238878908E-005  1.130532912402911E+002
    580  1.316332021349852E-005  1.069063882425304E+002
    488  1.284271504626260E-005  5.904214899548738E+001
    567  1.280874433090345E-005  1.061175767374582E+002
    203  1.271826716789629E-005  3.415596231316062E+001
    342  1.263872994190912E-005  4.219280462450153E+001
    272  1.261299952884525E-005  3.770876893490352E+001
    860  1.255453985061640E-005  1.193608179742887E+002
    414  1.254106331640178E-005  5.408443269732371E+001
    853  1.251917066018295E-005  1.189950762444425E+002
    942  1.244040517259665E-005  1.277896527703618E+002
    583  1.243902217906281E-005  1.070323413352247E+002
    527  1.240159935048058E-005  6.211137902133680E+001
    995  1.239282855546887E-005  1.300556822463785E+002
    278  1.238933325056644E-005  3.775225448216675E+001
    659  1.229195000485047E-005  1.093169473413985E+002
    737  1.220481719180561E-005  1.125716601108342E+002
    220  1.212269135864431E-005  3.440936379612124E+001
     86  1.205636395716039E-005  2.760340701365068E+001
    624  1.202703003750974E-005  1.084534043855216E+002
    645  1.187036925147706E-005  1.088758352374567E+002
    899  1.180500339748166E-005  1.237750393258326E+002
    710  1.174066410428203E-005  1.117114283703663E+002
    958  1.161520823077749E-005  1.283326337970340E+002
    887  1.160383420811178E-005  1.215278324822884E+002
    316  1.157517257696629E-005  3.947722492082590E+001
    708  1.137897282241733E-005  1.116659378913442E+002
     52  1.076275206675524E-005  2.532370304309600E+001
    610  1.073257676245533E-005  1.080548791140610E+002
    322  1.068085114527596E-005  3.962934885257222E+001
    441  1.060201475356013E-005  5.602297434426368E+001
    529  1.058903593263010E-005  6.213305424318654E+001
    883  1.054866568892276E-005  1.212822283474710E+002
    289  1.027959879608149E-005  3.832422991649202E+001
    319  1.023126733707528E-005  3.955367029075058E+001
    132  1.022377317404192E-005  2.978147182311027E+001
    672  1.010615219648623E-005  1.100523893058521E+002
    589  9.800753635537051E-006  1.073243551551986E+002
     25  9.614381743514097E-006  2.268285797328677E+001
    465  9.516739180424072E-006  5.845233409136720E+001
   1077  9.477278399321462E-006  6.189178021453241E+002
    490  9.379747811837959E-006  5.909746584665749E+001
    574  9.352758925647437E-006  1.067089856517616E+002
    541  9.313586261099947E-006  1.020561485810812E+002
    181  9.049495016347411E-006  3.309588236011395E+001
    579  8.785688379278775E-006  1.068810185812333E+002
    656  8.780096175783467E-006  1.092383325553483E+002
    682  8.540225090387443E-006  1.107795174367904E+002
    595  8.525404421062020E-006  1.075727311228692E+002
    622  8.466932897756124E-006  1.084041586407917E+002
    420  8.459791828222629E-006  5.464265012038360E+001
    596  8.425194231573796E-006  1.076305596761092E+002
    924  8.364905307205843E-006  1.267645350898773E+002
     19  8.328575817961155E-006  2.137958735177528E+001
    989  8.282203928415847E-006  1.296856498562064E+002
    913  8.197327989455163E-006  1.260963173315474E+002
    785  8.044303009944575E-006  1.156515149006221E+002
    609  7.988999942238971E-006  1.080529774194348E+002
    524  7.986611188789115E-006  6.196836567938324E+001
    855  7.843233574110651E-006  1.192335282432478E+002
    370  7.801040923505829E-006  4.562254251008403E+001
    777  7.798491961860646E-006  1.150636811545726E+002
    713  7.790478405019884E-006  1.118750446375970E+002
    179  7.754156975203646E-006  3.301071504933698E+001
     70  7.702790223882334E-006  2.683332853591699E+001
    569  7.631014348995383E-006  1.064024371239422E+002
    459  7.578977338290893E-006  5.797524108925945E+001
    641  7.514090112871772E-006  1.088136450829588E+002
    366  7.327358333840647E-006  4.541480133184800E+001
    929  7.209409162943953E-006  1.272324166790593E+002
    879  7.194843180322629E-006  1.208628531744268E+002
    167  7.174061847566016E-006  3.206734480721192E+001
    403  7.160997291640202E-006  5.332276567118551E+001
    227  7.139722061702872E-006  3.461221107986133E+001
   1046  7.055524069103598E-006  1.322741703884410E+002
    113  7.053556358220204E-006  2.894608485543543E+001
    224  7.042967410308663E-006  3.456258153743839E+001
    522  6.917068214035106E-006  6.189501394570030E+001
     28  6.855335625117497E-006  2.303576073275412E+001
     13  6.709506591816514E-006  2.038781372204352E+001
    236  6.654296553412895E-006  3.558504171265294E+001
    461  6.622473032183163E-006  5.832169084274378E+001
    680  6.285169523181439E-006  1.106808485277705E+002
   1029  6.265199634742729E-006  1.312589073638632E+002
    903  6.096701616533478E-006  1.249295857950171E+002
    695  5.998763629745710E-006  1.110404578737834E+002
    354  5.940775566434422E-006  4.358717802496741E+001
    684  5.675794258243517E-006  1.108055531440044E+002
    952  5.630465157040730E-006  1.282170243378332E+002
    910  5.549383198827322E-006  1.258349422363612E+002
    896  5.513678766142081E-006  1.231967026860033E+002
    124  5.156820278208547E-006  2.953039329658957E+001
    800  5.090689810955844E-006  1.161811067685375E+002
    962  5.077377533282906E-006  1.284190833846668E+002
    175  5.075900120272733E-006  3.282740528695558E+001
    608  4.995288559539962E-006  1.080310773431174E+002
    795  4.992232875990013E-006  1.159446042090269E+002
    866  4.874424811718866E-006  1.198737679274225E+002
    162  4.820066763375144E-006  3.142013005221356E+001
    243  4.780799989850391E-006  3.580427376176280E+001
    377  4.733723169542023E-006  4.580996274485975E+001
   1054  4.696004328680725E-006  1.332101619260334E+002
   1068  4.653542777939849E-006  1.342139437973118E+002
    585  4.604237474506926E-006  1.071721890576240E+002
    627  4.592136207811959E-006  1.085359599099982E+002
    670  4.540453332398191E-006  1.099218253642219E+002
    480  4.497580898092081E-006  5.887142017505539E+001
    520  4.449609245551171E-006  6.117519869664547E+001
    471  4.434555768662581E-006  5.859921299406331E+001
    633  4.416475048706625E-006  1.086770367044967E+002
    435  4.393000035804145E-006  5.559833163642786E+001
    209  4.365658864361803E-006  3.420776675567321E+001
    469  4.311944954367842E-006  5.857260373695996E+001
    378  4.232910145612691E-006  4.609481655347708E+001
    722  4.226801716703112E-006  1.121989232781130E+002
   1063  4.168237378979008E-006  1.338610239777397E+002
    315  4.134105361761206E-006  3.946262277995078E+001
    634  4.110194567237755E-006  1.087110579745548E+002
    787  4.081635636268267E-006  1.157066821730262E+002
    185  4.073806001378312E-006  3.329017879350934E+001
    393  4.048000925556717E-006  5.117422678475859E+001
     50  4.036401963876857E-006  2.524792740229145E+001
    562  4.026705411330892E-006  1.058125905236654E+002
    709  3.967030884277210E-006  1.116986555393093E+002
    844  3.895206144999344E-006  1.182236522024691E+002
    964  3.876409467965803E-006  1.284811881676410E+002
    328  3.874563069990618E-006  3.982877398686839E+001
    368  3.834502837588276E-006  4.552075151204606E+001
    376  3.686776385663482E-006  4.578482274843697E+001
    362  3.615680219741212E-006  4.520209191521082E+001
    963  3.506453503027271E-006  1.284456810480366E+002
    658  3.488312750698460E-006  1.092752908733605E+002
   1000  3.451385592090546E-006  1.301375093272533E+002
    681  3.334921928135812E-006  1.107150530846271E+002
    790  3.331857937961288E-006  1.158127479939932E+002
    457  3.329127366021178E-006  5.770039153165104E+001
    905  3.295205918304936E-006  1.252963463377060E+002
    508  3.180837152683966E-006  6.101348113010317E+001
    136  3.141297045650909E-006  2.995197020395121E+001
    845  3.118635792995983E-006  1.182722434309271E+002
    625  3.117457050640950E-006  1.084878781680722E+002
    954  3.108386562781878E-006  1.282848493157465E+002
    679  3.086615687562558E-006  1.106299731616480E+002
    927  3.078148527008180E-006  1.271118445081471E+002
    170  3.061388006481051E-006  3.240864442722207E+001
   1028  3.047441063289262E-006  1.312419762585663E+002
    923  3.015011983656925E-006  1.267345977181097E+002
    240  2.994141241325402E-006  3.568815433410965E+001
    284  2.983113073861961E-006  3.794002386601017E+001
    665  2.892210471297828E-006  1.096195054263975E+002
   1001  2.843353771371893E-006  1.301907504163165E+002
    772  2.771832076840103E-006  1.144444014986270E+002
    192  2.720507942649149E-006  3.373139183933635E+001
    424  2.711884663553413E-006  5.504400290817051E+001
    556  2.664550401178129E-006  1.053074591696642E+002
    781  2.663874812991511E-006  1.155015502370288E+002
    238  2.663555783413005E-006  3.562010162214489E+001
    225  2.655095475464969E-006  3.458265676939745E+001
    922  2.628699847168671E-006  1.267277337836395E+002
   1065  2.618961419043412E-006  1.340986810838602E+002
    657  2.557888978559299E-006  1.092680437977900E+002
    782  2.551320757011460E-006  1.155663554633046E+002
    821  2.549152040282826E-006  1.173213489801490E+002
    640  2.546355752827469E-006  1.088027953187827E+002
    515  2.544455026250471E-006  6.113166482037749E+001
    517  2.529116273651471E-006  6.116283191518230E+001
    981  2.500396940346346E-006  1.292686845988868E+002
    846  2.493883192130686E-006  1.183733977129572E+002
    552  2.485582587033886E-006  1.045004516183760E+002
    744  2.459760954618530E-006  1.127340165661099E+002
    601  2.443341916543258E-006  1.078222216339937E+002
    994  2.422707370985040E-006  1.299886393654431E+002
    668  2.411125685332715E-006  1.098358517134249E+002
    590  2.395634425896754E-006  1.073381491314167E+002
    699  2.370590346227364E-006  1.111753891148923E+002
    858  2.345679311933465E-006  1.193043137223610E+002
    877  2.318609679457706E-006  1.207635072396237E+002
    591  2.291251551579204E-006  1.073970459895217E+002
   1043  2.290656373663125E-006  1.320181582363304E+002
   1040  2.287945169270855E-006  1.318325334098182E+002
    535  2.282821026283606E-006  7.234684016852472E+001
    677  2.273519853062096E-006  1.104103779431708E+002
    804  2.256390184919741E-006  1.164307012054320E+002
    815  2.253639408092200E-006  1.170844697210597E+002
    732  2.252327453145771E-006  1.124809932511083E+002
    685  2.248002807157513E-006  1.108208915724099E+002
    707  2.209881120650060E-006  1.116484954290111E+002
    511  2.179338613247936E-006  6.108291035790679E+001
    945  2.151800812208749E-006  1.278945431870569E+002
    235  2.120211493061667E-006  3.553329683850696E+001
   1004  2.099428630935178E-006  1.302828791464404E+002
    639  2.054106398480622E-006  1.087924757147032E+002
    642  2.053568999393489E-006  1.088349318990273E+002
    345  2.044518475267437E-006  4.248475366295001E+001
    484  2.024653321647517E-006  5.894622531819898E+001
    371  1.996855957278003E-006  4.567834615857563E+001
    753  1.991974311205791E-006  1.130399909728984E+002
    693  1.991875329919690E-006  1.110198391814811E+002
    794  1.990619090085102E-006  1.159299755047292E+002
    862  1.960902143216083E-006  1.194326389788892E+002
     35  1.958521356970039E-006  2.406163852032448E+001
    619  1.934989020227974E-006  1.083262496248409E+002
    830  1.905434357612793E-006  1.175448785112390E+002
    982  1.902472705652310E-006  1.293230544301462E+002
    313  1.877085829209571E-006  3.941220320488696E+001
    696  1.874778117010634E-006  1.111110130672436E+002
    809  1.869300379673307E-006  1.168273457040169E+002
    949  1.832081000819256E-006  1.280833568476082E+002
    428  1.821063100652302E-006  5.539697768550786E+001
    586  1.811650069979031E-006  1.072414988471015E+002
    893  1.788672312407427E-006  1.225899968537864E+002
    849  1.764682415430330E-006  1.186556798515274E+002
    915  1.760354499186885E-006  1.261627872997085E+002
    437  1.740212241119767E-006  5.567668099873953E+001
    767  1.738424694992342E-006  1.139787538815297E+002
    506  1.721636930281903E-006  6.092479484159845E+001
    117  1.719779458984519E-006  2.915145470361619E+001
    447  1.696896815601979E-006  5.692641404400948E+001
    768  1.661976785565811E-006  1.140511281344195E+002
    837  1.657415499654610E-006  1.177814246314451E+002
    852  1.606074410593505E-006  1.189308904937423E+002
     59  1.598144522008109E-006  2.608228483109795E+001
    938  1.590206638438992E-006  1.276246332177813E+002
    990  1.576490518535090E-006  1.297249883032466E+002
   1010  1.554921377764021E-006  1.305150376372933E+002
    760  1.515719677856737E-006  1.133648679091437E+002
    714  1.511161106933728E-006  1.118865310298163E+002
    786  1.504907461629649E-006  1.156679892855772E+002
    228  1.503367612638924E-006  3.465329128304563E+001
    662  1.488856280037062E-006  1.094304874643061E+002
    660  1.487058014008714E-006  1.093929129115852E+002
    648  1.465140105583391E-006  1.089328290594756E+002
    798  1.445403231861117E-006  1.161233232814441E+002
    974  1.444167746581145E-006  1.290391941684268E+002
    369  1.381849634211107E-006  4.556664797594529E+001
    770  1.373538607380772E-006  1.141655133118217E+002
    895  1.373316761835379E-006  1.231922658586809E+002
    758  1.370770529330818E-006  1.131945788764974E+002
    664  1.365210196667185E-006  1.095868237421283E+002
    764  1.305354849008414E-006  1.137269990775531E+002
    703  1.247977793848901E-006  1.113359924967504E+002
    985  1.238221482826502E-006  1.294454523269476E+002
    859  1.215308096533936E-006  1.193117826572047E+002
    416  1.205428813336149E-006  5.412105627361211E+001
    614  1.179640181278814E-006  1.081499604581023E+002
   1023  1.176637898157529E-006  1.309907545973144E+002
    933  1.120685924929328E-006  1.272967505112425E+002
    951  1.104165536548319E-006  1.282127111215003E+002
    792  1.100353120176351E-006  1.158579110744502E+002
    476  1.051535254033345E-006  5.874284760292872E+001
    771  1.032385579115157E-006  1.142541813627527E+002
    468  1.029658578742120E-006  5.850419738659161E+001
    957  1.020123981278498E-006  1.283224605383935E+002
    828  1.009270158621412E-006  1.175132070682912E+002
    715  1.004669779646281E-006  1.119122168057061E+002
    172  9.997462729313054E-007  3.254695536480502E+001
    961  9.883584373048785E-007  1.283826108536399E+002
    688  9.683610501118184E-007  1.108652117541332E+002
    939  9.526624485766845E-007  1.276788938661296E+002
    256  9.461696763548838E-007  3.708485200545782E+001
    805  9.437209933186906E-007  1.165442309434909E+002
    978  9.354843842374606E-007  1.291764873003617E+002
    908  9.282464314145489E-007  1.256350992978881E+002
    987  8.990845077670090E-007  1.295218650079724E+002
    740  8.949789413135666E-007  1.126281679605138E+002
    979  8.815206443807070E-007  1.292073280791942E+002
    901  8.750910894311491E-007  1.246352700151236E+002
    448  8.589356641403003E-007  5.707216855561523E+001
   1014  8.578444590441226E-007  1.306579532637773E+002
    897  8.573531114267631E-007  1.233154024205701E+002
    146  8.309138674302763E-007  3.038455959742199E+001
    463  8.271476284341216E-007  5.840368106338346E+001
    807  8.076686403895388E-007  1.166040027024774E+002
    711  7.922374870460074E-007  1.117833092223069E+002
    606  7.845196187415527E-007  1.079754075340127E+002
    931  7.797800012718557E-007  1.272754104030811E+002
    988  7.793184567312055E-007  1.295230022337254E+002
    920  7.713616269069469E-007  1.265729199247587E+002
    839  7.633857440418702E-007  1.178451551754228E+002
    194  7.511155399848145E-007  3.388123191050668E+001
    705  7.385185751991655E-007  1.114879185885843E+002
    523  7.349860918256978E-007  6.195141091349550E+001
   1025  7.253344893490286E-007  1.310823101564250E+002
   1012  7.206743011807255E-007  1.305860585800326E+002
    644  7.148877433578467E-007  1.088699046594824E+002
    789  7.084458674163760E-007  1.157939903252585E+002
    766  6.679145837259123E-007  1.138313497862233E+002
    934  6.678442840613285E-007  1.274026915475210E+002
   1051  6.653680568645114E-007  1.330173846663143E+002
    666  6.461050069407012E-007  1.096961217429448E+002
    925  6.379321652173952E-007  1.268943605090481E+002
    388  6.367417664742088E-007  4.916519389587509E+001
    888  6.329745208526046E-007  1.215384892766490E+002
    166  5.929544948730770E-007  3.197534022905977E+001
    350  5.774090764445647E-007  4.287084402122760E+001
    410  5.731788119648567E-007  5.380004782230375E+001
    263  5.519794595195211E-007  3.756851288337069E+001
    788  5.367278025560647E-007  1.157595566872355E+002
    412  5.348666955800333E-007  5.399327798218789E+001
   1049  5.282218837974665E-007  1.325964910892840E+002
    653  5.221212536943199E-007  1.090926521840726E+002
    935  5.154927022643582E-007  1.274477748704804E+002
    842  5.140402697687721E-007  1.180365480395604E+002
    729  5.029366101676936E-007  1.124070412533170E+002
    747  5.007526402911384E-007  1.128221651622354E+002
    761  4.827554803021452E-007  1.134019555363662E+002
   1017  4.768373085675929E-007  1.307020085696559E+002
   1002  4.710000859544974E-007  1.301955720736593E+002
    638  4.595737336995836E-007  1.087773663504995E+002
    953  4.585879334913434E-007  1.282835790234384E+002
    818  4.481767195557993E-007  1.172202887178189E+002
    884  4.425416077284637E-007  1.212913619330936E+002
    980  4.419625100493395E-007  1.292322903638887E+002
    779  4.291919077519815E-007  1.153237642854880E+002
    900  4.276001314869032E-007  1.240255399934555E+002
    496  4.153441402929482E-007  5.977778544840232E+001
    834  4.092455488346288E-007  1.176651591794238E+002
    603  3.998713949098062E-007  1.078480909052838E+002
   1003  3.979629174316556E-007  1.302792324598297E+002
    190  3.921950213435183E-007  3.352213579831744E+001
    719  3.897682575856647E-007  1.120361196403708E+002
    823  3.896481619941678E-007  1.173434151863991E+002
    178  3.718492576797077E-007  3.291892583427273E+001
    726  3.706931930155966E-007  1.123280306605216E+002
    882  3.616078028352523E-007  1.212606419968792E+002
    912  3.600976867926046E-007  1.259977317017505E+002
    950  3.536013681316179E-007  1.281356928004739E+002
   1035  3.505626889031038E-007  1.315022364948826E+002
    750  3.391009018496815E-007  1.128980084302201E+002
    867  3.372903376410184E-007  1.199420338065019E+002
    776  3.343655288315704E-007  1.150535509847603E+002
    637  3.309108314842937E-007  1.087708716348475E+002
    832  3.221481805182627E-007  1.176150872586579E+002
    516  3.213754902414857E-007  6.114879167768425E+001
    816  3.212137193414912E-007  1.170854692244173E+002
    728  3.211310527079011E-007  1.123911467240560E+002
    500  3.165854840178963E-007  6.016266526055261E+001
    332  3.139450701082494E-007  4.036182328117159E+001
    751  3.123400387805900E-007  1.129352725370382E+002
    180  3.101720446913741E-007  3.306959511625761E+001
    612  2.904234302087223E-007  1.080838271474082E+002
    811  2.874289941353050E-007  1.169131613251637E+002
    736  2.769104411739189E-007  1.125700463249535E+002
    878  2.755910757608001E-007  1.208553192243232E+002
    941  2.713387855203043E-007  1.277239710636116E+002
    856  2.686715630757559E-007  1.192407591408727E+002
   1069  2.659082187256043E-007  1.347402109836953E+002
    814  2.622616553953822E-007  1.170571282096026E+002
    581  2.598839945620387E-007  1.069166383916512E+002
    259  2.587456808507747E-007  3.731129763636223E+001
    550  2.553495375729979E-007  1.044255141670578E+002
    373  2.509794981690808E-007  4.573517441489172E+001
    906  2.452355213518974E-007  1.253859334012492E+002
    876  2.442578549602687E-007  1.207338716680959E+002
   1073  2.397203570124023E-007  1.355646294676644E+002
   1009  2.355571128319376E-007  1.304609142394732E+002
    874  2.329506473489005E-007  1.206463359037059E+002
    701  2.329091293973686E-007  1.112655741498095E+002
   1037  2.180746430481369E-007  1.316166834102353E+002
    841  2.160565951463847E-007  1.180046875638410E+002
    363  2.160374914946558E-007  4.523665715266514E+001
    993  2.112575464083225E-007  1.299638892136509E+002
    501  2.008555128537661E-007  6.025540211442135E+001
     99  1.998620723391887E-007  2.813215700322161E+001
    734  1.849741395599549E-007  1.125227414297757E+002
    946  1.841572865498618E-007  1.279201366409634E+002
    720  1.809549723581068E-007  1.121496181246094E+002
    857  1.766616069309729E-007  1.192977858717030E+002
    628  1.692204654945847E-007  1.085999071252231E+002
    819  1.690931440839629E-007  1.172617623112352E+002
    651  1.688244119562388E-007  1.090123807306586E+002
    643  1.527243795245243E-007  1.088529165631816E+002
    969  1.401194621802972E-007  1.288232913140608E+002
   1007  1.383595032280482E-007  1.303971511397991E+002
    704  1.331418533532797E-007  1.114088220449556E+002
   1059  1.317545731338158E-007  1.335352794510990E+002
    773  1.285717543363171E-007  1.146041296786391E+002
     56  1.226406442932722E-007  2.577494999028338E+001
    869  1.141372420061441E-007  1.201465244096069E+002
    735  1.087508503784511E-007  1.125422257639707E+002
    439  1.082139324334364E-007  5.581771077364913E+001
    326  1.062968110917940E-007  3.980074663620405E+001
    629  9.404549209059972E-008  1.086436456014825E+002
    940  9.168215309956940E-008  1.277053477702196E+002
    802  8.938668007838525E-008  1.163074247182627E+002
    914  8.540968371370861E-008  1.261343003660832E+002
    791  8.201493063417610E-008  1.158399885308925E+002
    904  8.145918371588718E-008  1.250437756508075E+002
     80  8.061297824998877E-008  2.737665388114407E+001
    406  7.895927063484115E-008  5.347162595814701E+001
    286  7.369257614522149E-008  3.806107114689090E+001
    833  6.211956661523706E-008  1.176450554682990E+002
     87  5.656004797513305E-008  2.773505635732142E+001
    752  5.417968319147241E-008  1.129825416205730E+002
    775  4.948493813540193E-008  1.149447083106751E+002
    801  4.812418909198201E-008  1.162412158177078E+002
    956  4.683680902398750E-008  1.283075816024711E+002
    759  4.514585807106012E-008  1.132523759465808E+002
    723  4.252371820093736E-008  1.122249597820348E+002
    652  3.862348345190943E-008  1.090805000764319E+002
    252  3.674986146842668E-008  3.681481496629917E+001
    499  3.561490176593139E-008  6.010190034988052E+001
    739  3.419832884165169E-008  1.126267264275300E+002
    647  3.320263017715745E-008  1.089204596390746E+002
    806  3.160824663251417E-008  1.165904998677036E+002
    649  2.830737789784352E-008  1.089557122086210E+002
    850  2.719671868787545E-008  1.188640670964077E+002
    718  2.617416944413293E-008  1.120307816427976E+002
    936  2.563753554207294E-008  1.275963114471066E+002
    443  2.356211556514729E-008  5.615506371008289E+001
    861  2.293341166150711E-008  1.193618968506130E+002
   1030  2.151270104938319E-008  1.313677884464318E+002
     47  2.065180578141177E-008  2.514695584094496E+001
    864  2.019929574815895E-008  1.195154318953015E+002
    743  1.979842239371984E-008  1.126739704882794E+002
    996  1.892511600747509E-008  1.300741546440489E+002
    408  1.723199757819533E-008  5.368647704938994E+001
    840  1.469782432023068E-008  1.179674198090055E+002
    971  1.128165579372535E-008  1.289111652451389E+002
    122  8.538349534791275E-009  2.942821875092930E+001
   1015  8.168896876312239E-009  1.306693309857935E+002
    654  7.994915202330582E-009  1.091774321289355E+002
    885  6.064717728193103E-009  1.213849358963692E+002
   1019  6.005039330045151E-009  1.307856127904329E+002
    965  5.273307672491200E-009  1.286084743618769E+002
    598  2.770538758978965E-009  1.077082259858063E+002
    891  1.981441137729109E-009  1.222344606190913E+002
    692  1.645329890359245E-009  1.109991362888409E+002
    881  1.539465980963753E-009  1.212001054655417E+002
    872  1.295395992889658E-009  1.204992644439996E+002
    509  7.706240807274549E-010  6.104665142125116E+001
    620  4.354366051404340E-010  1.083700393844588E+002
    889  2.828439384330716E-010  1.221096476933091E+002
    999  3.160810220771240E-011  1.301340763851820E+002
    959  2.474123573665092E-011  1.283643788123119E+002
    429  1.157962854491952E-013  5.542704693693687E+001
