# Number of modes
   1077
# Tabulated for different initial and final frequencies?
    F
# Mode index, Sj, (highest to lowest), omega_j
    539  2.656525380537291E-002  1.004038214764926E+002
     16  2.274128531540596E-002  2.083990463296455E+001
    298  1.867039423178054E-002  3.860785506393049E+001
    384  6.660201494350666E-003  4.693482184770667E+001
    248  5.563777505163207E-003  3.617742791171408E+001
    293  4.984949866890265E-003  3.840315559517953E+001
   1066  3.818368702701795E-003  1.341339055776214E+002
   1058  3.555462099561175E-003  1.334381531708862E+002
    547  3.298122362570807E-003  1.040413527560943E+002
    299  3.104343141430854E-003  3.861147003050849E+001
    448  3.100193248193289E-003  5.707216855561523E+001
   1045  2.997441542341238E-003  1.322246800166877E+002
    358  2.869577030375531E-003  4.418411045040358E+001
    308  2.868568459881840E-003  3.924824416979163E+001
    300  2.842390020119126E-003  3.871033423098082E+001
   1067  2.612555738040121E-003  1.341872351276505E+002
    258  2.581359265782518E-003  3.725675246841864E+001
    543  2.493260053267833E-003  1.026098663261161E+002
    346  2.427428597964282E-003  4.251353138364797E+001
    450  2.218049514371529E-003  5.723022636777802E+001
   1050  2.075602128368194E-003  1.326682006609648E+002
    580  1.813903794210287E-003  1.069063882425304E+002
    188  1.763634613538005E-003  3.343297855491465E+001
    566  1.704192914710511E-003  1.060197199307676E+002
    356  1.702365674583152E-003  4.399929676237998E+001
     27  1.657626020237845E-003  2.288948685305089E+001
    563  1.606026804222845E-003  1.058622417292547E+002
   1044  1.593235358187640E-003  1.320835593454495E+002
     29  1.583248182499686E-003  2.304600720746813E+001
    329  1.556248283900351E-003  3.994917835777716E+001
   1039  1.531293263038535E-003  1.317789778316224E+002
    341  1.501538833893032E-003  4.207899368185591E+001
   1052  1.487967700032152E-003  1.330891459743712E+002
     26  1.396417482598917E-003  2.275577786050195E+001
    103  1.373384079901595E-003  2.854698030319213E+001
    245  1.361880852208848E-003  3.584895809931362E+001
    236  1.277949894577268E-003  3.558504171265294E+001
    302  1.243691041508707E-003  3.874867387838012E+001
    458  1.241469497688695E-003  5.780961640938520E+001
    418  1.239771128573662E-003  5.440760214654593E+001
    310  1.237854572185254E-003  3.933560718805473E+001
    548  1.117092396789680E-003  1.041098140943872E+002
    241  1.078017056065070E-003  3.573178726353736E+001
    530  1.063326527450849E-003  6.265828803408258E+001
   1072  1.062321292425275E-003  1.354275255218108E+002
   1057  1.014983662660258E-003  1.332882698940204E+002
     86  1.001763588324699E-003  2.760340701365068E+001
    283  9.469938037393450E-004  3.781664732037148E+001
    290  9.202635176092366E-004  3.834059039797889E+001
    251  9.179529695896490E-004  3.670193646720268E+001
    762  9.112603498597308E-004  1.134504722361933E+002
      2  9.078761453991186E-004  1.507477314615795E+001
    163  9.043632936450304E-004  3.148605603035891E+001
   1060  8.919778939077464E-004  1.336329109810919E+002
    272  8.731863801946484E-004  3.770876893490352E+001
    291  8.598661909269555E-004  3.834865717601958E+001
    253  8.224739776632341E-004  3.690338042035397E+001
    337  7.881081550669395E-004  4.125439580477820E+001
     65  7.817557219437542E-004  2.645533186342116E+001
    274  7.609403223292422E-004  3.771469066363962E+001
    479  7.586438759337703E-004  5.886156225440574E+001
    392  7.520967934290668E-004  4.975569880244111E+001
    335  7.519999401325106E-004  4.064698242871874E+001
     90  7.512128983181107E-004  2.792299487571685E+001
      7  7.482874786624540E-004  1.598850297870253E+001
     80  7.349833961355187E-004  2.737665388114407E+001
   1053  7.323996419436042E-004  1.331993000158318E+002
    343  7.296319194001689E-004  4.223776350771931E+001
    209  7.198373829270561E-004  3.420776675567321E+001
   1042  6.731966764724607E-004  1.319938555239870E+002
    232  6.546866053879456E-004  3.530982942235851E+001
    326  6.510652790849595E-004  3.980074663620405E+001
    273  6.446193913992212E-004  3.771236202405859E+001
    279  6.378742314298127E-004  3.776291602598710E+001
    553  6.290811879824219E-004  1.045844149005738E+002
    186  6.216059846045837E-004  3.335079910483972E+001
    185  6.049890246347803E-004  3.329017879350934E+001
    710  6.040837571203781E-004  1.117114283703663E+002
     12  5.499234114656775E-004  1.791855268392995E+001
   1055  5.478635186301668E-004  1.332315483337306E+002
    446  5.441536084779907E-004  5.657515742254393E+001
     23  5.376172349373477E-004  2.160694502786773E+001
    783  5.354839621106609E-004  1.155776779712016E+002
    405  5.240679613316178E-004  5.340951413863353E+001
    376  5.231822457040581E-004  4.578482274843697E+001
    503  5.225413999008967E-004  6.062899617907863E+001
    180  5.191394266764528E-004  3.306959511625761E+001
   1022  5.129238696910983E-004  1.309570316227355E+002
   1048  5.110246041387208E-004  1.325281096806480E+002
    399  5.039808133794020E-004  5.300117686152819E+001
    391  4.945166845396418E-004  4.935295074539214E+001
   1041  4.912517307374639E-004  1.318604688563310E+002
    288  4.869305412945578E-004  3.825168870868715E+001
    383  4.777281941734746E-004  4.665506804468283E+001
    157  4.735148352022899E-004  3.136040875348826E+001
    396  4.715502238292578E-004  5.292259014309509E+001
    427  4.646129367841543E-004  5.530625255614972E+001
    807  4.615457399901139E-004  1.166040027024774E+002
     40  4.448938544204313E-004  2.429142631572386E+001
     17  4.408600240344087E-004  2.091913438766164E+001
    115  4.346368781585250E-004  2.908676806680809E+001
   1062  4.340448966429141E-004  1.338537297016246E+002
    785  4.166428342634475E-004  1.156515149006221E+002
      8  4.004477052599499E-004  1.603898235084092E+001
    514  3.991173748118165E-004  6.112143562944963E+001
    270  3.920672347755933E-004  3.767493462479421E+001
    233  3.861188195455441E-004  3.536858076063520E+001
    928  3.797378894307064E-004  1.271758190169006E+002
   1061  3.718503192606714E-004  1.338239896777959E+002
     24  3.663695234004889E-004  2.165827626673025E+001
    934  3.652653910854995E-004  1.274026915475210E+002
    340  3.621479930085783E-004  4.203744443197692E+001
    378  3.567354654432227E-004  4.609481655347708E+001
     14  3.563961883368342E-004  2.047451167645159E+001
    182  3.553958219891571E-004  3.313118961536368E+001
    295  3.489367330719201E-004  3.844649820311862E+001
   1069  3.389719806464776E-004  1.347402109836953E+002
    267  3.351006710169885E-004  3.763942844703926E+001
    870  3.314647085128472E-004  1.203621491035894E+002
    929  3.174940243904756E-004  1.272324166790593E+002
    568  3.095629882808358E-004  1.063884322375297E+002
    102  3.059671092683163E-004  2.838723287464182E+001
    430  3.054494081304816E-004  5.544226538226409E+001
    249  2.974036932191559E-004  3.643158917315001E+001
    546  2.945646091875388E-004  1.038908634804570E+002
    114  2.911898115979330E-004  2.903390568794284E+001
    230  2.848478580328645E-004  3.507000892128892E+001
   1064  2.816239339551975E-004  1.339182935247794E+002
    120  2.810423714663221E-004  2.935022978395871E+001
    322  2.806827783688700E-004  3.962934885257222E+001
    592  2.787425978261421E-004  1.074010896433819E+002
    544  2.779421212370760E-004  1.037287728441322E+002
    578  2.770862258513866E-004  1.068696587706935E+002
    151  2.668942461748771E-004  3.097448214004631E+001
    763  2.659162681084125E-004  1.136578287383470E+002
    318  2.638868759057132E-004  3.952690512520030E+001
    217  2.629908750072265E-004  3.432077633458158E+001
    332  2.583582337398772E-004  4.036182328117159E+001
    988  2.576848690331591E-004  1.295230022337254E+002
    306  2.555665059733593E-004  3.922583615449084E+001
    285  2.551507454666954E-004  3.794670187788559E+001
    311  2.549306259877482E-004  3.939193935233331E+001
    460  2.512290829739728E-004  5.821511818989060E+001
    395  2.508824063465466E-004  5.279005865968511E+001
    749  2.476283293250774E-004  1.128862829609149E+002
    280  2.406657144228193E-004  3.777070006257392E+001
     91  2.399908280971817E-004  2.795709450840539E+001
   1036  2.366991585938107E-004  1.315563975924429E+002
    205  2.362397418820921E-004  3.418138862993963E+001
    355  2.350067731359470E-004  4.365668409738398E+001
    510  2.344326800076836E-004  6.106496915014706E+001
     94  2.318007751419865E-004  2.803048707399637E+001
    924  2.314059278847743E-004  1.267645350898773E+002
    970  2.312397455172828E-004  1.288440499253601E+002
    926  2.296015900658166E-004  1.269935099435139E+002
   1047  2.291076954623734E-004  1.324683504365100E+002
    576  2.288686177822350E-004  1.068188420241767E+002
    117  2.276926897689767E-004  2.915145470361619E+001
    777  2.257960331687397E-004  1.150636811545726E+002
    537  2.250343067376936E-004  7.348438751630307E+001
   1024  2.246566322402145E-004  1.310472886139475E+002
     38  2.229232304364175E-004  2.415274881711009E+001
     32  2.215226066415363E-004  2.386019687247388E+001
    799  2.198440227710190E-004  1.161655148393659E+002
    474  2.164297668189596E-004  5.866520048333617E+001
    190  2.151231582345155E-004  3.352213579831744E+001
    393  2.115196531442323E-004  5.117422678475859E+001
    570  2.076994602420275E-004  1.064458450110351E+002
     22  2.065682496806584E-004  2.149928230079738E+001
    166  2.060516881568977E-004  3.197534022905977E+001
    135  2.044230489259434E-004  2.990996926970350E+001
    836  2.025723631562359E-004  1.177792466123822E+002
    513  2.010766492899556E-004  6.111701004965728E+001
     58  1.938922675215009E-004  2.603619761911758E+001
    292  1.938071505527752E-004  3.837765227419467E+001
    535  1.919458500713706E-004  7.234684016852472E+001
    952  1.910199819163131E-004  1.282170243378332E+002
    476  1.883808332921402E-004  5.874284760292872E+001
      4  1.864786949868382E-004  1.555889535187236E+001
     48  1.849725174062411E-004  2.521050943974308E+001
    349  1.849410333076102E-004  4.279212686889406E+001
    485  1.820009479151852E-004  5.896971858223063E+001
    991  1.815585482907175E-004  1.298309517843196E+002
     21  1.787713156303338E-004  2.149552581175353E+001
    425  1.771102542135387E-004  5.512885982268182E+001
    808  1.743548719983802E-004  1.166438640424820E+002
    916  1.734077809952228E-004  1.261858055404796E+002
    716  1.718601244967092E-004  1.119313653155845E+002
    890  1.712587837844895E-004  1.222269695705770E+002
     63  1.710163766782181E-004  2.633691355837915E+001
    551  1.670215460283059E-004  1.044758850995860E+002
    930  1.658131738493658E-004  1.272550109882912E+002
    247  1.656476497642637E-004  3.613855018049320E+001
      1  1.631792660925052E-004  1.480943860687432E+001
    472  1.618560032725792E-004  5.860732378330380E+001
    518  1.604172402274548E-004  6.116565427175681E+001
    481  1.595930376883657E-004  5.889564718758225E+001
    223  1.575383223137958E-004  3.452101188794168E+001
    494  1.559828143832633E-004  5.959072402434833E+001
    165  1.559678501503670E-004  3.194792507678593E+001
    892  1.528923261919638E-004  1.223146913863671E+002
    397  1.514128881524915E-004  5.292984574180642E+001
    380  1.510118655720889E-004  4.621788456267294E+001
      9  1.497342426970874E-004  1.615282072713023E+001
    483  1.473620390434225E-004  5.892865432514233E+001
   1068  1.461704214059718E-004  1.342139437973118E+002
    802  1.458074127209014E-004  1.163074247182627E+002
    148  1.456283070298511E-004  3.055713011308698E+001
    211  1.455419982478452E-004  3.422885497659050E+001
    402  1.437412292366123E-004  5.323403324336612E+001
    940  1.434852075869063E-004  1.277053477702196E+002
    898  1.428785172080715E-004  1.236287338505038E+002
    155  1.416523844333880E-004  3.129077640287002E+001
    144  1.393995728371538E-004  3.023024488043693E+001
    593  1.391498732427661E-004  1.074633420950339E+002
    803  1.390065314732578E-004  1.163959410830473E+002
    549  1.388613559918842E-004  1.043755820157491E+002
    838  1.360037848396267E-004  1.178077045912047E+002
    659  1.348687451130808E-004  1.093169473413985E+002
    879  1.339403312726469E-004  1.208628531744268E+002
   1016  1.328270501990635E-004  1.306784011483153E+002
    960  1.319048773679212E-004  1.283710541965592E+002
    604  1.285447209692060E-004  1.078901483894559E+002
    431  1.281973042628573E-004  5.545822575490884E+001
    639  1.267920421284727E-004  1.087924757147032E+002
    426  1.267726261283552E-004  5.521112029631625E+001
    164  1.266461636386401E-004  3.156123118588701E+001
    536  1.265102795649867E-004  7.244369170766353E+001
    333  1.244330900820263E-004  4.050570323460023E+001
    108  1.218731246884876E-004  2.884206820739177E+001
    948  1.208481009438835E-004  1.280530341997139E+002
    289  1.205026101234233E-004  3.832422991649202E+001
    379  1.204539277667915E-004  4.610002508350383E+001
    894  1.198483658236285E-004  1.226855190700912E+002
    491  1.189908423864851E-004  5.916484178919298E+001
    793  1.182749477799382E-004  1.158943894419280E+002
    264  1.181850988872565E-004  3.760740200223662E+001
    516  1.142939555727597E-004  6.114879167768425E+001
    698  1.125211468863831E-004  1.111543499618823E+002
     41  1.122699282005712E-004  2.434332602389209E+001
     85  1.120090200199368E-004  2.757726243328665E+001
    554  1.108266177813862E-004  1.048978551747549E+002
    602  1.099456005280786E-004  1.078335831208874E+002
    702  1.090339985747315E-004  1.112791472783473E+002
    897  1.087532425268198E-004  1.233154024205701E+002
    658  1.086638839293998E-004  1.092752908733605E+002
    119  1.084296698285094E-004  2.929038281335912E+001
    294  1.075976043299747E-004  3.844005427068350E+001
     18  1.059711872744617E-004  2.124694793769305E+001
    321  1.049486341512228E-004  3.959878738143280E+001
    371  1.038402113772373E-004  4.567834615857563E+001
   1021  1.028840113246279E-004  1.308784400027895E+002
    919  1.015589186461317E-004  1.264669767465423E+002
    524  1.013766851527377E-004  6.196836567938324E+001
    403  9.951714258106604E-005  5.332276567118551E+001
    413  9.575767711267821E-005  5.407796767412047E+001
     64  9.528787207072740E-005  2.637954322898939E+001
    617  9.525121078416130E-005  1.082069188907082E+002
    301  9.471660633707954E-005  3.874125966254066E+001
   1029  9.448552434747528E-005  1.312589073638632E+002
    746  9.022405387543810E-005  1.128150956859242E+002
    367  8.983394482290696E-005  4.546665367422378E+001
      5  8.980142172113370E-005  1.580375607842547E+001
    440  8.962941002747154E-005  5.589934491235444E+001
    456  8.720059005248374E-005  5.758475825352298E+001
    947  8.667929389144411E-005  1.280025795512814E+002
    390  8.660185297961625E-005  4.930034545373515E+001
    442  8.644746497769514E-005  5.605259237502305E+001
    238  8.638899470797383E-005  3.562010162214489E+001
    469  8.293059431808499E-005  5.857260373695996E+001
    360  8.198060763890454E-005  4.501412031898634E+001
    958  8.179199007297822E-005  1.283326337970340E+002
    141  8.080723248828339E-005  3.005205957969120E+001
     70  8.071829772508487E-005  2.683332853591699E+001
    609  7.971153769075559E-005  1.080529774194348E+002
    587  7.944660906173941E-005  1.072564562863978E+002
    725  7.898049751555082E-005  1.122622575126908E+002
     95  7.895762151536536E-005  2.806113631432304E+001
    884  7.853653426701170E-005  1.212913619330936E+002
     81  7.769592826190481E-005  2.737831616504717E+001
    721  7.748842456209083E-005  1.121902054803930E+002
    468  7.676913411467730E-005  5.850419738659161E+001
    126  7.629345062475443E-005  2.957864372821811E+001
     15  7.558698969231351E-005  2.077312965636918E+001
     83  7.519772790144500E-005  2.745200449399356E+001
    297  7.477474846805076E-005  3.850412000814609E+001
    631  7.455743493584618E-005  1.086593678715634E+002
    712  7.339453444086843E-005  1.118479116964762E+002
    464  7.275324413657180E-005  5.841767339850505E+001
    195  7.229274521805856E-005  3.399004655216064E+001
     37  7.189590004022532E-005  2.413005277682491E+001
    400  7.187408121802010E-005  5.304406357850599E+001
    128  7.103071181233613E-005  2.964876822252022E+001
    829  7.003323690638127E-005  1.175434491795728E+002
    717  6.911523917125113E-005  1.119901298340990E+002
    745  6.902313434738449E-005  1.127541380335163E+002
    381  6.891906745367776E-005  4.623753374880091E+001
    875  6.875831452164608E-005  1.206504418490652E+002
    706  6.866496662373413E-005  1.115644797142602E+002
     54  6.813310586672011E-005  2.537118147105558E+001
    215  6.793610592763615E-005  3.430912489816387E+001
    411  6.733565171964984E-005  5.390414096058870E+001
    738  6.650205379130535E-005  1.126248828969786E+002
    630  6.620198289667609E-005  1.086464564510315E+002
    607  6.543460889026126E-005  1.079782277499060E+002
    348  6.525837823679050E-005  4.278252907839931E+001
    768  6.477876366350546E-005  1.140511281344195E+002
    724  6.474480468401564E-005  1.122474317356576E+002
    452  6.455363190665389E-005  5.732416656661538E+001
    522  6.429013242810944E-005  6.189501394570030E+001
    621  6.422168388532300E-005  1.083828600305560E+002
    968  6.421967375754454E-005  1.287893908307005E+002
     36  6.327365343251585E-005  2.408548968715760E+001
    287  6.308137198537520E-005  3.806334999222836E+001
    345  6.280797047339893E-005  4.248475366295001E+001
    254  6.270343357616076E-005  3.696870162494890E+001
   1065  6.266315205671891E-005  1.340986810838602E+002
    275  6.122272539513834E-005  3.771871208633355E+001
    860  6.121069989053877E-005  1.193608179742887E+002
    404  6.118800858741623E-005  5.332919471058649E+001
    552  6.112475823838845E-005  1.045004516183760E+002
    742  6.093299498850624E-005  1.126546326383816E+002
    113  6.067118041759001E-005  2.894608485543543E+001
     51  5.940255454462484E-005  2.527497960196780E+001
    691  5.900043098359387E-005  1.109942746792360E+002
     11  5.887875420928606E-005  1.771447447329438E+001
    419  5.824662249651528E-005  5.447434435004674E+001
    276  5.821097006100468E-005  3.774173651101562E+001
    848  5.772542167096471E-005  1.185512117490796E+002
    423  5.733760029567108E-005  5.491452382822700E+001
    911  5.720828455688835E-005  1.258968376271585E+002
    226  5.708583481478033E-005  3.460914941435140E+001
    678  5.634897903637481E-005  1.105298402911861E+002
    765  5.598313284734206E-005  1.138034732037320E+002
    853  5.453179760653366E-005  1.189950762444425E+002
    246  5.452371258071601E-005  3.612200287477440E+001
    515  5.390854642971723E-005  6.113166482037749E+001
     28  5.365870478158899E-005  2.303576073275412E+001
    281  5.299745323892603E-005  3.778222215271058E+001
    282  5.292762977162200E-005  3.781601762519486E+001
    271  5.250091808797266E-005  3.769377629908810E+001
    296  5.140024006420054E-005  3.847026909032138E+001
    748  5.104305797649805E-005  1.128453459062848E+002
     31  5.081853652820663E-005  2.349957735236975E+001
    359  5.077000004505867E-005  4.440820660542785E+001
    508  5.063275711779183E-005  6.101348113010317E+001
    887  5.044718179670897E-005  1.215278324822884E+002
    201  4.992748242842815E-005  3.413905621996786E+001
   1008  4.939559066032384E-005  1.304054287055121E+002
    791  4.919554623860854E-005  1.158399885308925E+002
    330  4.897671364927787E-005  4.000719691328421E+001
    521  4.832334545818497E-005  6.120499406654021E+001
    966  4.822581094389556E-005  1.287120665380274E+002
    557  4.779213514140538E-005  1.053298087456868E+002
   1011  4.701691641070143E-005  1.305590563134582E+002
   1027  4.669073509274378E-005  1.311414239553258E+002
    364  4.668130010011218E-005  4.528995878587361E+001
    902  4.633481863291740E-005  1.246861225619736E+002
    259  4.631438218255415E-005  3.731129763636223E+001
    937  4.521622687731654E-005  1.275975168353670E+002
     93  4.499949750563879E-005  2.801831476528660E+001
    541  4.488994029834144E-005  1.020561485810812E+002
     39  4.486623701163139E-005  2.419216907562118E+001
     25  4.422216544555151E-005  2.268285797328677E+001
    152  4.380842302879117E-005  3.107793476288124E+001
    540  4.365906659288397E-005  1.019596674086986E+002
    945  4.364836735577122E-005  1.278945431870569E+002
    986  4.352182186220659E-005  1.294778988001748E+002
    467  4.301069984779525E-005  5.850070475174659E+001
     35  4.215559279041602E-005  2.406163852032448E+001
    895  4.149874661912032E-005  1.231922658586809E+002
    883  4.149200773827848E-005  1.212822283474710E+002
    492  4.130264876189187E-005  5.919740097208313E+001
    462  4.084899992437765E-005  5.834568949164402E+001
    797  4.011767441498875E-005  1.161224071144865E+002
    461  3.974380787202654E-005  5.832169084274378E+001
    676  3.968579626582087E-005  1.102968009656115E+002
    244  3.961057221193589E-005  3.582009297825139E+001
    154  3.922210389797189E-005  3.128025029310897E+001
    504  3.883925589028224E-005  6.073767201700102E+001
    197  3.859795713874528E-005  3.407091137263039E+001
    938  3.836150519145583E-005  1.276246332177813E+002
    459  3.831878902796155E-005  5.797524108925945E+001
    422  3.804151971652888E-005  5.478392604221921E+001
    950  3.794296246901909E-005  1.281356928004739E+002
     43  3.770287160243388E-005  2.485090944939308E+001
    158  3.768280477343636E-005  3.138637587596471E+001
    255  3.694884707993857E-005  3.705801266502003E+001
    222  3.676256735807361E-005  3.444665555523785E+001
    497  3.671486350098168E-005  5.984833423050026E+001
    262  3.608610128258623E-005  3.754826259370084E+001
    921  3.563618742420045E-005  1.266347372507485E+002
    733  3.472315600882742E-005  1.125211996768446E+002
    142  3.464756768001428E-005  3.011700635419402E+001
    623  3.444007500975624E-005  1.084311616311891E+002
    309  3.441872037728312E-005  3.929268620446922E+001
    486  3.387322451146222E-005  5.898078655703418E+001
    482  3.382312281813953E-005  5.890508639424976E+001
   1075  3.378579246243817E-005  1.852007864492208E+002
    973  3.311782555812662E-005  1.290303348922233E+002
    913  3.294698520525395E-005  1.260963173315474E+002
    407  3.292356945952249E-005  5.355040632372296E+001
    681  3.267044841157648E-005  1.107150530846271E+002
    905  3.259196031822366E-005  1.252963463377060E+002
     60  3.202603521345904E-005  2.612817271153773E+001
    645  3.199098338589352E-005  1.088758352374567E+002
    347  3.154639316917592E-005  4.251894246220620E+001
    588  3.140632243449490E-005  1.072780161282308E+002
     69  3.134950246109643E-005  2.667931486079132E+001
    757  3.125740098725532E-005  1.131455979007981E+002
     96  3.123061772138694E-005  2.807603105873968E+001
    480  3.086764350484949E-005  5.887142017505539E+001
    183  3.063765511925078E-005  3.317747871488443E+001
     34  3.037555715526266E-005  2.394870774261297E+001
    313  2.997218952174654E-005  3.941220320488696E+001
    160  2.983733199470864E-005  3.140287364756382E+001
    600  2.959094885783894E-005  1.078192567961393E+002
     57  2.916159918462520E-005  2.601044601303876E+001
    661  2.892567125248675E-005  1.094040232551639E+002
    374  2.867054228021966E-005  4.576894168844035E+001
    372  2.837737091594821E-005  4.569660817760900E+001
    424  2.836642526734742E-005  5.504400290817051E+001
    782  2.823077099168726E-005  1.155663554633046E+002
    932  2.821659929403970E-005  1.272890793904072E+002
     73  2.759690717617512E-005  2.704395448663374E+001
    278  2.742866473747458E-005  3.775225448216675E+001
    854  2.723270080600307E-005  1.190938927222375E+002
    149  2.666210587688636E-005  3.064428879965062E+001
    210  2.634671762606700E-005  3.421873300884823E+001
    663  2.617347507331504E-005  1.095408569103236E+002
    572  2.599311949153730E-005  1.066354688575440E+002
   1031  2.585880330233517E-005  1.313824495210718E+002
    781  2.571008647324321E-005  1.155015502370288E+002
    169  2.558237782828419E-005  3.225245008090104E+001
    118  2.524690036581736E-005  2.927665934202001E+001
    789  2.494448735810423E-005  1.157939903252585E+002
    998  2.482141552785699E-005  1.301241144683907E+002
     67  2.480002012878774E-005  2.663955326886673E+001
    100  2.470996738454622E-005  2.814590236831992E+001
    597  2.439688840844439E-005  1.076362394255561E+002
    191  2.439391478528017E-005  3.372798248811258E+001
    784  2.413879022328539E-005  1.156115101864969E+002
   1038  2.362908665839793E-005  1.317153469634680E+002
   1026  2.343294630959916E-005  1.310988308446859E+002
    463  2.338901924600439E-005  5.840368106338346E+001
     49  2.283324363257364E-005  2.521926711432687E+001
    161  2.277211685812600E-005  3.141544799468193E+001
   1000  2.274044098848373E-005  1.301375093272533E+002
    531  2.253633130050831E-005  6.280622541285696E+001
    207  2.248173059324539E-005  3.419271829752626E+001
    976  2.240053052187189E-005  1.291265023483052E+002
    727  2.212850296610345E-005  1.123838421661365E+002
    825  2.185901077888438E-005  1.174155068731360E+002
    434  2.149954665491171E-005  5.556859477681133E+001
    646  2.135695102989065E-005  1.089039652974663E+002
    532  2.133838576803394E-005  6.299204701993657E+001
    132  2.119249118958457E-005  2.978147182311027E+001
      6  2.098373441067454E-005  1.593905863128156E+001
    997  2.091556406461474E-005  1.300952728722026E+002
    675  2.077640562840193E-005  1.101932688761904E+002
    240  2.074487362223931E-005  3.568815433410965E+001
    816  2.065781701235403E-005  1.170854692244173E+002
    708  2.060980114148894E-005  1.116659378913442E+002
    954  2.048174383221266E-005  1.282848493157465E+002
     97  2.046332144262047E-005  2.809615145046481E+001
    184  2.046157544458581E-005  3.328145954751520E+001
    886  1.998941282144787E-005  1.214498350996194E+002
    212  1.988792146528309E-005  3.425448747044050E+001
    772  1.987116735466604E-005  1.144444014986270E+002
    432  1.937336899303431E-005  5.551253331854516E+001
    635  1.907964194955538E-005  1.087402789130293E+002
    599  1.902585174070625E-005  1.077354408464688E+002
    689  1.878392954084054E-005  1.108992280227757E+002
    509  1.862652112112387E-005  6.104665142125116E+001
    415  1.854360603138582E-005  5.409773008136273E+001
     30  1.852721602526948E-005  2.339033246897357E+001
    866  1.823243512749579E-005  1.198737679274225E+002
   1034  1.820797304345944E-005  1.314975717016592E+002
    694  1.807584395958422E-005  1.110208923005156E+002
    769  1.801234134201783E-005  1.141494817506874E+002
    855  1.782009841614415E-005  1.192335282432478E+002
    975  1.760173880433307E-005  1.290479361570385E+002
    942  1.734755612462549E-005  1.277896527703618E+002
    134  1.724363894775247E-005  2.989081555609098E+001
    643  1.710607064378556E-005  1.088529165631816E+002
    629  1.702716074438785E-005  1.086436456014825E+002
    107  1.695644095696662E-005  2.880093649968087E+001
    131  1.691299179903721E-005  2.976719894627799E+001
    649  1.690731689610681E-005  1.089557122086210E+002
    204  1.618685279611440E-005  3.416741852472765E+001
    268  1.612299492039316E-005  3.765614789507087E+001
    964  1.578383327509250E-005  1.284811881676410E+002
    683  1.570935311852884E-005  1.107854094171573E+002
    229  1.566572938192767E-005  3.477639317683153E+001
    813  1.540044203462218E-005  1.170211975618395E+002
    944  1.533802979997390E-005  1.278264506290159E+002
     13  1.531455421329922E-005  2.038781372204352E+001
    687  1.530923324493910E-005  1.108477970364615E+002
    386  1.510959111285971E-005  4.778448827008048E+001
    972  1.504390496776672E-005  1.289491342298440E+002
     55  1.502223055389265E-005  2.564739582447731E+001
    471  1.500416544702290E-005  5.859921299406331E+001
    193  1.495658878590338E-005  3.387383688791338E+001
   1033  1.489770818575609E-005  1.314921549657209E+002
    457  1.473070028357350E-005  5.770039153165104E+001
    771  1.431794518457655E-005  1.142541813627527E+002
    550  1.412795684889965E-005  1.044255141670578E+002
    455  1.401245911471299E-005  5.757818593173593E+001
    138  1.400982583530629E-005  2.998810658959070E+001
    406  1.393679174531499E-005  5.347162595814701E+001
    196  1.390144489968645E-005  3.402217963204272E+001
    731  1.372326867685100E-005  1.124795031346507E+002
    787  1.361466391343098E-005  1.157066821730262E+002
   1020  1.346394952310600E-005  1.308300137670077E+002
    159  1.345933120732608E-005  3.140014259635325E+001
    331  1.344167500722427E-005  4.033978069592825E+001
     10  1.323333290841211E-005  1.630017574824609E+001
    409  1.313545006089394E-005  5.377950655266745E+001
   1007  1.293244774073824E-005  1.303971511397991E+002
    589  1.289582577673644E-005  1.073243551551986E+002
    260  1.266882691685687E-005  3.745846822965304E+001
    218  1.255973800957837E-005  3.434087154455664E+001
     42  1.254090811470672E-005  2.442065503900721E+001
    673  1.250725764842028E-005  1.101090602242966E+002
    123  1.247873112559315E-005  2.945706723223188E+001
   1009  1.247009686848315E-005  1.304609142394732E+002
    526  1.244808889071636E-005  6.205614154690332E+001
    559  1.244602111798410E-005  1.054467335457494E+002
    156  1.232014124637448E-005  3.133959801814033E+001
    174  1.228616016747760E-005  3.277024257542895E+001
    644  1.227294262235850E-005  1.088699046594824E+002
     66  1.227166745853183E-005  2.653041695388611E+001
    690  1.220115797322920E-005  1.109553167085971E+002
    325  1.210879430254705E-005  3.979678053884171E+001
    577  1.208019443769589E-005  1.068269012623950E+002
     68  1.207945631524545E-005  2.665958995788216E+001
    410  1.203311097289617E-005  5.380004782230375E+001
    133  1.173221836335955E-005  2.980777525245198E+001
    682  1.162589245885887E-005  1.107795174367904E+002
    189  1.138149482407308E-005  3.348575581421191E+001
    199  1.130297603917048E-005  3.411214171315592E+001
   1056  1.126230768658393E-005  1.332822863268028E+002
    145  1.123926880755479E-005  3.035386176419680E+001
    110  1.105536541689319E-005  2.890337161783228E+001
    377  1.103095291328474E-005  4.580996274485975E+001
     50  1.092990136709368E-005  2.524792740229145E+001
    489  1.085002697274645E-005  5.906665573291085E+001
    130  1.078404224862264E-005  2.969026097336859E+001
    820  1.051616619993708E-005  1.173160626674297E+002
   1014  1.048515583519912E-005  1.306579532637773E+002
    221  1.037071996879747E-005  3.444064242877499E+001
    585  1.034889656180919E-005  1.071721890576240E+002
     47  1.034860981871417E-005  2.514695584094496E+001
    666  1.021605795635535E-005  1.096961217429448E+002
    454  1.016284391532943E-005  5.753531790534946E+001
    835  9.896539796537586E-006  1.176766134664512E+002
    679  9.891135201961120E-006  1.106299731616480E+002
    842  9.865202800400101E-006  1.180365480395604E+002
    977  9.842951845396346E-006  1.291448023039548E+002
    394  9.780419681031162E-006  5.275338077531283E+001
   1032  9.773875252006181E-006  1.314270448258869E+002
    312  9.733039989217831E-006  3.940338989709551E+001
    398  9.648030544071238E-006  5.298968704937109E+001
    239  9.644613160873344E-006  3.564788119351169E+001
    136  9.635546547975158E-006  2.995197020395121E+001
    979  9.545106692456547E-006  1.292073280791942E+002
    417  9.433164595824655E-006  5.432386496665636E+001
     59  9.388106386601865E-006  2.608228483109795E+001
    231  9.367356859173544E-006  3.529195130720404E+001
    478  9.341300793929548E-006  5.880478287498814E+001
    697  9.288842796499692E-006  1.111168086390436E+002
    352  9.146027726036773E-006  4.345183818831803E+001
    545  9.065652531599606E-006  1.038885725205099E+002
     92  9.033622019063066E-006  2.796966533379813E+001
    324  8.877653723151700E-006  3.965813849875591E+001
    555  8.706951203832852E-006  1.049505825405343E+002
    167  8.670598748727078E-006  3.206734480721192E+001
     44  8.665842182895824E-006  2.487547588775838E+001
    909  8.589282549003841E-006  1.256671150468244E+002
    153  8.582572697840099E-006  3.119128674334460E+001
    517  8.416824976530391E-006  6.116283191518230E+001
    507  8.356194135136289E-006  6.098134465730102E+001
    488  8.334905297585149E-006  5.904214899548738E+001
    150  8.292454844832066E-006  3.095380367517388E+001
    584  8.270522885046797E-006  1.071415131646536E+002
     45  8.193540227672214E-006  2.505629895200580E+001
    137  8.162947349607131E-006  2.996307755422044E+001
    219  8.116636997795265E-006  3.435584966495736E+001
    660  8.109734921171089E-006  1.093929129115852E+002
    493  8.104713492117920E-006  5.956939432616837E+001
    121  8.091970319536855E-006  2.937009161569695E+001
   1018  7.959589515440906E-006  1.307425624046459E+002
    466  7.941593339519729E-006  5.848631456847294E+001
     71  7.887466591874706E-006  2.691074291878593E+001
   1001  7.832718053896166E-006  1.301907504163165E+002
   1037  7.817732146987649E-006  1.316166834102353E+002
    370  7.810791530033339E-006  4.562254251008403E+001
    127  7.804844540901942E-006  2.958197907168710E+001
    428  7.674717723416989E-006  5.539697768550786E+001
    824  7.479331669292141E-006  1.173851057796732E+002
    935  7.434221452855865E-006  1.274477748704804E+002
     62  7.411987154885232E-006  2.630569023157911E+001
      3  7.341476679346340E-006  1.530095081680193E+001
    917  7.305571529760269E-006  1.262583151256411E+002
    365  7.257724271473468E-006  4.540196146988517E+001
    963  7.195721985553797E-006  1.284456810480366E+002
    564  7.149029631978095E-006  1.059223740174141E+002
    203  7.123593518004370E-006  3.415596231316062E+001
    626  7.120019052360970E-006  1.085197354965440E+002
    256  7.109062656770450E-006  3.708485200545782E+001
    686  7.052953714006346E-006  1.108321598991433E+002
    368  7.023802394045553E-006  4.552075151204606E+001
    751  6.937104363196704E-006  1.129352725370382E+002
    955  6.851536478980867E-006  1.283043098504922E+002
    581  6.833689507480692E-006  1.069166383916512E+002
    447  6.742835799573623E-006  5.692641404400948E+001
    351  6.699715092189581E-006  4.290814690346715E+001
    756  6.672903009840676E-006  1.131019348749128E+002
    500  6.669777974542699E-006  6.016266526055261E+001
    433  6.627625216043913E-006  5.552394895078822E+001
    143  6.620149179556538E-006  3.021552765862468E+001
    320  6.588245982913601E-006  3.958466091098631E+001
   1070  6.563163866439729E-006  1.350535885837313E+002
    852  6.559895944063765E-006  1.189308904937423E+002
    523  6.527627649703982E-006  6.195141091349550E+001
    529  6.509359349973660E-006  6.213305424318654E+001
    729  6.404891835588892E-006  1.124070412533170E+002
     61  6.397760805636679E-006  2.623624111749398E+001
    871  6.395346506225558E-006  1.204638135739833E+002
    198  6.349066310525282E-006  3.410095577154824E+001
   1043  6.265707914719804E-006  1.320181582363304E+002
    575  6.236733145445990E-006  1.067636975144964E+002
    847  6.197619179691710E-006  1.183795327778256E+002
    857  6.094706171286155E-006  1.192977858717030E+002
    780  5.989312549250913E-006  1.153482258688003E+002
   1005  5.933741015939658E-006  1.302961950162389E+002
    487  5.902599560808184E-006  5.901096182276392E+001
    112  5.886069263664876E-006  2.893182478938967E+001
    693  5.881651902374656E-006  1.110198391814811E+002
    336  5.821449416642539E-006  4.106442919982931E+001
    989  5.815055574754377E-006  1.296856498562064E+002
     72  5.645417949944556E-006  2.695844835194747E+001
    319  5.642817447900652E-006  3.955367029075058E+001
    903  5.488683109682877E-006  1.249295857950171E+002
    983  5.461619762646044E-006  1.293699640118089E+002
    709  5.405093963006335E-006  1.116986555393093E+002
    560  5.394218972474076E-006  1.057397922085461E+002
     75  5.330695713818132E-006  2.717284531466260E+001
    206  5.244941996878394E-006  3.418711639611698E+001
     20  5.182739255659405E-006  2.146722812704134E+001
    586  5.168231416555982E-006  1.072414988471015E+002
    605  5.125281544692343E-006  1.079476682950407E+002
    373  5.076719673336622E-006  4.573517441489172E+001
    441  4.924749241848189E-006  5.602297434426368E+001
    328  4.916952463505828E-006  3.982877398686839E+001
    315  4.882379463553214E-006  3.946262277995078E+001
    147  4.857341433776108E-006  3.045498909450352E+001
    208  4.843400850705320E-006  3.420400517096608E+001
    863  4.836828164094149E-006  1.194780899982511E+002
   1059  4.832488829255419E-006  1.335352794510990E+002
     33  4.775086359671869E-006  2.387502434282544E+001
    922  4.749401173969935E-006  1.267277337836395E+002
    967  4.728919539899255E-006  1.287730879251822E+002
    951  4.700724100888773E-006  1.282127111215003E+002
    927  4.687648475402948E-006  1.271118445081471E+002
    303  4.682653822242707E-006  3.891633174738261E+001
    437  4.670516063464354E-006  5.567668099873953E+001
    573  4.547473210281356E-006  1.066520968004064E+002
    648  4.542372497459453E-006  1.089328290594756E+002
    833  4.537093033533206E-006  1.176450554682990E+002
    730  4.514969257753855E-006  1.124678820560711E+002
     52  4.486090610428764E-006  2.532370304309600E+001
   1035  4.436298435879816E-006  1.315022364948826E+002
    843  4.420584466018755E-006  1.181049125326048E+002
   1074  4.395268670431591E-006  1.357832717908243E+002
    177  4.371453846193448E-006  3.286305119332699E+001
    858  4.267042489724555E-006  1.193043137223610E+002
    129  4.238815520529214E-006  2.967722940199728E+001
    438  4.218865624610187E-006  5.568774314714533E+001
    633  4.187968668589262E-006  1.086770367044967E+002
    776  4.160252509376312E-006  1.150535509847603E+002
    475  4.148409149756882E-006  5.870955367754343E+001
    445  4.129735088609430E-006  5.650985963977887E+001
    216  4.092458877579947E-006  3.431915233475488E+001
    590  4.084027414928402E-006  1.073381491314167E+002
    168  4.057330667919465E-006  3.223239881301075E+001
    832  4.053876248718574E-006  1.176150872586579E+002
    353  4.033292048912044E-006  4.354452657935016E+001
    420  4.014267999192508E-006  5.464265012038360E+001
    542  4.002759011486833E-006  1.021380905135569E+002
    818  3.987652842473129E-006  1.172202887178189E+002
    237  3.978275328999002E-006  3.561350513334219E+001
     77  3.952953031051726E-006  2.720977418778346E+001
    561  3.940052713556015E-006  1.057823475786052E+002
    263  3.856714693788527E-006  3.756851288337069E+001
    567  3.851700164453898E-006  1.061175767374582E+002
    851  3.658893124618476E-006  1.189105890777936E+002
    889  3.639375877837365E-006  1.221096476933091E+002
    946  3.552481380611373E-006  1.279201366409634E+002
    421  3.543751101552496E-006  5.469982084171487E+001
     19  3.429120159142204E-006  2.137958735177528E+001
    389  3.387015342573319E-006  4.924612888004685E+001
    304  3.356690606980573E-006  3.902642388250331E+001
    122  3.304290262260557E-006  2.942821875092930E+001
    761  3.287835506034481E-006  1.134019555363662E+002
    583  3.275288138134656E-006  1.070323413352247E+002
    826  3.196456524867923E-006  1.174535409692338E+002
    778  3.180118584128255E-006  1.153062331743218E+002
    993  3.159032700133524E-006  1.299638892136509E+002
    101  3.149864775653233E-006  2.816121926613436E+001
    269  3.118818277400936E-006  3.766609016559832E+001
    674  3.115240565072629E-006  1.101627157855635E+002
    257  3.111405181375435E-006  3.716053985696894E+001
    170  3.109062081498431E-006  3.240864442722207E+001
    382  3.049732679709489E-006  4.661435463500721E+001
    511  2.996816902602752E-006  6.108291035790679E+001
    740  2.996259595946911E-006  1.126281679605138E+002
    250  2.853614456915300E-006  3.645071914574685E+001
    104  2.846374889665909E-006  2.863475114667724E+001
     78  2.804280495132195E-006  2.724001953302053E+001
    859  2.792385649979707E-006  1.193117826572047E+002
    558  2.765912108588085E-006  1.054235904423783E+002
   1040  2.753808213544026E-006  1.318325334098182E+002
    109  2.719424201501165E-006  2.888359254004277E+001
    831  2.692913553713633E-006  1.175849164822640E+002
    920  2.659128785093998E-006  1.265729199247587E+002
     46  2.649106423548812E-006  2.508968851186969E+001
    436  2.630789610959627E-006  5.562240782737462E+001
    520  2.626823000483173E-006  6.117519869664547E+001
    242  2.625988154176329E-006  3.575330164903793E+001
    705  2.622161220337382E-006  1.114879185885843E+002
    181  2.620606785010530E-006  3.309588236011395E+001
    613  2.587919600946525E-006  1.081325074305931E+002
    527  2.575413539820498E-006  6.211137902133680E+001
    806  2.568583480199298E-006  1.165904998677036E+002
     74  2.545125964860224E-006  2.706787664592100E+001
    305  2.517182824426577E-006  3.919092577852600E+001
    408  2.510254678134730E-006  5.368647704938994E+001
    822  2.501169554104923E-006  1.173379890193997E+002
    786  2.487735119470255E-006  1.156679892855772E+002
    505  2.415131873855753E-006  6.089365906344585E+001
    719  2.380975611880967E-006  1.120361196403708E+002
    865  2.374451901267254E-006  1.195233182598442E+002
    812  2.348373489463492E-006  1.169499526914024E+002
    369  2.339959113183654E-006  4.556664797594529E+001
    704  2.331072156719256E-006  1.114088220449556E+002
    869  2.322704404530150E-006  1.201465244096069E+002
    943  2.296308913153165E-006  1.278255860865938E+002
    361  2.271770015287715E-006  4.509188248244521E+001
    817  2.268418951916635E-006  1.171745914510001E+002
    654  2.260208299596773E-006  1.091774321289355E+002
    827  2.234658656986692E-006  1.174913134466901E+002
    387  2.224104773833854E-006  4.845493173747810E+001
    811  2.171584277236407E-006  1.169131613251637E+002
    774  2.164126560784657E-006  1.147299018357027E+002
    837  2.138503845681029E-006  1.177814246314451E+002
    435  2.138087589162588E-006  5.559833163642786E+001
    234  2.132110545757105E-006  3.541632958107625E+001
    616  2.120403728200026E-006  1.081902144651443E+002
    473  2.118854002761527E-006  5.864875851961727E+001
    810  2.031357315831562E-006  1.168542717379606E+002
     82  2.010142221360385E-006  2.744742479332049E+001
    429  2.001383858480190E-006  5.542704693693687E+001
    737  1.994560399616432E-006  1.125716601108342E+002
    439  1.978157902750951E-006  5.581771077364913E+001
    880  1.967092514053233E-006  1.209811659012211E+002
    220  1.962285348778688E-006  3.440936379612124E+001
    662  1.960655978876266E-006  1.094304874643061E+002
    187  1.920129775415187E-006  3.338593491458187E+001
    538  1.897545608676805E-006  8.801939400846273E+001
    317  1.890767497929929E-006  3.952108816795088E+001
    834  1.855823083792789E-006  1.176651591794238E+002
    284  1.847417260783485E-006  3.794002386601017E+001
    105  1.833831071564781E-006  2.872870804936272E+001
    814  1.795804543821744E-006  1.170571282096026E+002
    862  1.757983769828645E-006  1.194326389788892E+002
    106  1.741845250370613E-006  2.873147041157064E+001
    741  1.724129730741697E-006  1.126383251241469E+002
    684  1.688994584359366E-006  1.108055531440044E+002
    760  1.684716066452814E-006  1.133648679091437E+002
     76  1.636924322614662E-006  2.719040433196805E+001
    591  1.628730656793051E-006  1.073970459895217E+002
    981  1.625389059437429E-006  1.292686845988868E+002
    162  1.624988061868601E-006  3.142013005221356E+001
    910  1.624871132037201E-006  1.258349422363612E+002
     56  1.605065060133102E-006  2.577494999028338E+001
    366  1.586874792369907E-006  4.541480133184800E+001
    139  1.578828553911711E-006  3.001327528760398E+001
    896  1.565157735571725E-006  1.231967026860033E+002
    995  1.558718166453864E-006  1.300556822463785E+002
   1049  1.547209471333305E-006  1.325964910892840E+002
    495  1.511139810773163E-006  5.971063876484735E+001
    354  1.494329980217701E-006  4.358717802496741E+001
    713  1.485712561766904E-006  1.118750446375970E+002
    637  1.466777435262460E-006  1.087708716348475E+002
    752  1.456828319481144E-006  1.129825416205730E+002
   1010  1.450828629011437E-006  1.305150376372933E+002
    987  1.449793705487019E-006  1.295218650079724E+002
    961  1.439489120409697E-006  1.283826108536399E+002
    856  1.438666494551898E-006  1.192407591408727E+002
   1017  1.431900825311126E-006  1.307020085696559E+002
    994  1.429653730090366E-006  1.299886393654431E+002
    861  1.421386711879563E-006  1.193618968506130E+002
    172  1.419416706381434E-006  3.254695536480502E+001
    990  1.404166151808158E-006  1.297249883032466E+002
    873  1.380985991909830E-006  1.205400953636918E+002
    225  1.375118321930803E-006  3.458265676939745E+001
    962  1.366902182003193E-006  1.284190833846668E+002
    906  1.363726793856955E-006  1.253859334012492E+002
   1019  1.353099319960094E-006  1.307856127904329E+002
    688  1.349900507612602E-006  1.108652117541332E+002
    753  1.340431049633093E-006  1.130399909728984E+002
    672  1.338480032160923E-006  1.100523893058521E+002
   1063  1.337889260710877E-006  1.338610239777397E+002
    657  1.317832475437962E-006  1.092680437977900E+002
    653  1.306241539143481E-006  1.090926521840726E+002
    611  1.305011518978631E-006  1.080609110523806E+002
    677  1.288252850113214E-006  1.104103779431708E+002
    668  1.276985358353288E-006  1.098358517134249E+002
    779  1.271468878596616E-006  1.153237642854880E+002
    800  1.261035635454771E-006  1.161811067685375E+002
    849  1.238603186232743E-006  1.186556798515274E+002
    179  1.233879764263543E-006  3.301071504933698E+001
    565  1.214803975425530E-006  1.059848591127986E+002
    213  1.213514488198713E-006  3.426923698719692E+001
    625  1.174703328334839E-006  1.084878781680722E+002
    758  1.169139100360964E-006  1.131945788764974E+002
    647  1.129297943698770E-006  1.089204596390746E+002
     99  1.095027923786672E-006  2.813215700322161E+001
    767  1.093792211281045E-006  1.139787538815297E+002
    876  1.087313582288486E-006  1.207338716680959E+002
    533  1.085684509864614E-006  6.344214913117692E+001
    703  1.064614728179037E-006  1.113359924967504E+002
    470  1.036047905689380E-006  5.858950887133865E+001
    608  1.032515372656658E-006  1.080310773431174E+002
    453  1.029903513121818E-006  5.734859743017803E+001
    665  1.028246624448409E-006  1.096195054263975E+002
    773  1.025015436109791E-006  1.146041296786391E+002
    612  1.024309863839682E-006  1.080838271474082E+002
    451  1.003104132657570E-006  5.726939793781466E+001
    534  9.994403258935160E-007  6.352992396574133E+001
    796  9.972216696514313E-007  1.160406419035091E+002
     84  9.971995379084789E-007  2.748397341497807E+001
   1013  9.801023118366894E-007  1.306191025791559E+002
    850  9.676806991411532E-007  1.188640670964077E+002
    414  9.666643248929368E-007  5.408443269732371E+001
    176  9.567494628594112E-007  3.283702642513862E+001
    601  9.423496078547765E-007  1.078222216339937E+002
    726  9.369348854833440E-007  1.123280306605216E+002
    641  9.272732402016202E-007  1.088136450829588E+002
    416  9.262515217281031E-007  5.412105627361211E+001
    701  9.140770294653954E-007  1.112655741498095E+002
    900  9.137877899344820E-007  1.240255399934555E+002
    792  9.127204882383509E-007  1.158579110744502E+002
    685  8.929063223356060E-007  1.108208915724099E+002
    696  8.795678084163814E-007  1.111110130672436E+002
    628  8.778392402564509E-007  1.085999071252231E+002
    519  8.729393326913636E-007  6.116666091909611E+001
    200  8.708891003081746E-007  3.413076352937113E+001
    744  8.447793226907699E-007  1.127340165661099E+002
    755  8.418821667052081E-007  1.130537195644052E+002
   1004  8.408194854526422E-007  1.302828791464404E+002
     53  8.371799478912936E-007  2.532427500710937E+001
    194  8.305824903425863E-007  3.388123191050668E+001
    490  8.179998727981953E-007  5.909746584665749E+001
    809  8.061636795886677E-007  1.168273457040169E+002
    885  8.008399001458421E-007  1.213849358963692E+002
    618  7.809659953984153E-007  1.083041655146542E+002
     98  7.784094505939285E-007  2.810036398063808E+001
    192  7.768575805286665E-007  3.373139183933635E+001
    610  7.500280724864291E-007  1.080548791140610E+002
    465  7.404404968537312E-007  5.845233409136720E+001
    594  7.355994774608221E-007  1.075267994995216E+002
    877  7.130952482503286E-007  1.207635072396237E+002
    265  7.048876465037185E-007  3.762418150997995E+001
    124  6.992566116717056E-007  2.953039329658957E+001
    501  6.991268446422387E-007  6.025540211442135E+001
    307  6.872379015100470E-007  3.924418415703018E+001
    556  6.869221027761360E-007  1.053074591696642E+002
    959  6.854898198942333E-007  1.283643788123119E+002
    804  6.806226115146646E-007  1.164307012054320E+002
    801  6.669422466385517E-007  1.162412158177078E+002
    939  6.648543535353671E-007  1.276788938661296E+002
    444  6.598999564369384E-007  5.640873014994138E+001
    798  6.549481386713304E-007  1.161233232814441E+002
    996  6.396988893019655E-007  1.300741546440489E+002
    175  6.272331554703207E-007  3.282740528695558E+001
    754  6.253307239896765E-007  1.130532912402911E+002
   1002  6.083270158314079E-007  1.301955720736593E+002
   1046  6.055900876330404E-007  1.322741703884410E+002
    286  6.054432994164952E-007  3.806107114689090E+001
    388  6.022606888307344E-007  4.916519389587509E+001
    670  5.853863716829429E-007  1.099218253642219E+002
   1028  5.848241257286599E-007  1.312419762585663E+002
    819  5.797433002461160E-007  1.172617623112352E+002
    443  5.658476185839540E-007  5.615506371008289E+001
    764  5.628449012053164E-007  1.137269990775531E+002
    891  5.568564851066079E-007  1.222344606190913E+002
    171  5.351304822467297E-007  3.251692712246987E+001
    925  5.348396954298597E-007  1.268943605090481E+002
    700  5.319239386284683E-007  1.112187707043413E+002
    496  5.276810077790069E-007  5.977778544840232E+001
    266  5.238628300895093E-007  3.763404507858488E+001
    598  5.237928082577927E-007  1.077082259858063E+002
    528  5.197663096062459E-007  6.211763689923020E+001
    227  5.123778150791225E-007  3.461221107986133E+001
    965  5.043304101183144E-007  1.286084743618769E+002
    327  4.978205774607413E-007  3.980649710729982E+001
    202  4.971116991479192E-007  3.414693728338715E+001
    338  4.928470773875271E-007  4.143596746217444E+001
    736  4.918546866330892E-007  1.125700463249535E+002
    901  4.899647919258624E-007  1.246352700151236E+002
    795  4.729396506945701E-007  1.159446042090269E+002
    579  4.667013111141696E-007  1.068810185812333E+002
    606  4.573460190563078E-007  1.079754075340127E+002
    933  4.571854221725440E-007  1.272967505112425E+002
    878  4.355954576399191E-007  1.208553192243232E+002
    224  4.299026380959247E-007  3.456258153743839E+001
   1054  4.268373981731925E-007  1.332101619260334E+002
    699  4.202551484987805E-007  1.111753891148923E+002
    969  4.076203175266681E-007  1.288232913140608E+002
    344  4.043108123515320E-007  4.229281490750487E+001
    323  4.038353249899649E-007  3.963162035223775E+001
    401  4.021174968104616E-007  5.310952948046032E+001
    992  4.021110147996564E-007  1.299169051159237E+002
    502  4.007370724856850E-007  6.033057478557798E+001
    828  3.955596150418431E-007  1.175132070682912E+002
    146  3.934406099636158E-007  3.038455959742199E+001
    915  3.906277978860774E-007  1.261627872997085E+002
    512  3.858368116817842E-007  6.110465593383906E+001
    342  3.715316211297501E-007  4.219280462450153E+001
    893  3.698107105308443E-007  1.225899968537864E+002
    350  3.671622861166107E-007  4.287084402122760E+001
   1006  3.667959330714564E-007  1.303473844140781E+002
    874  3.661613621264530E-007  1.206463359037059E+002
    603  3.585866050726946E-007  1.078480909052838E+002
    362  3.576242723250947E-007  4.520209191521082E+001
    412  3.512675877444974E-007  5.399327798218789E+001
    839  3.496801991842921E-007  1.178451551754228E+002
    953  3.424886615178159E-007  1.282835790234384E+002
    375  3.393352758249300E-007  4.577921754207221E+001
    339  3.382313610113251E-007  4.199721405536648E+001
    316  3.362416002673655E-007  3.947722492082590E+001
    844  3.315734047755190E-007  1.182236522024691E+002
    823  3.306774222171174E-007  1.173434151863991E+002
    899  3.205606473892346E-007  1.237750393258326E+002
    595  3.176029962364430E-007  1.075727311228692E+002
    277  3.151564708899017E-007  3.774405278528796E+001
    846  3.108860376419434E-007  1.183733977129572E+002
   1023  3.045039168895045E-007  1.309907545973144E+002
    735  2.869253934497708E-007  1.125422257639707E+002
   1073  2.811599351713029E-007  1.355646294676644E+002
    624  2.779375852958832E-007  1.084534043855216E+002
    499  2.683206183818840E-007  6.010190034988052E+001
    178  2.669967916831088E-007  3.291892583427273E+001
    622  2.643617938646517E-007  1.084041586407917E+002
    794  2.569205944754438E-007  1.159299755047292E+002
    525  2.546817749969111E-007  6.201689187624501E+001
    116  2.492633428628688E-007  2.910094471225916E+001
    750  2.489528048878101E-007  1.128980084302201E+002
    695  2.351539622305314E-007  1.110404578737834E+002
     79  2.287043473180558E-007  2.728143790603452E+001
    904  2.259645498838712E-007  1.250437756508075E+002
    638  2.247617459278076E-007  1.087773663504995E+002
    498  2.242040473867218E-007  6.006055704270973E+001
    214  2.237943047329541E-007  3.429158842681225E+001
    569  2.216019925395229E-007  1.064024371239422E+002
    449  2.214885368246635E-007  5.713782918039372E+001
    914  2.206225243839436E-007  1.261343003660832E+002
    235  2.178526240197984E-007  3.553329683850696E+001
    759  2.161086122458817E-007  1.132523759465808E+002
    562  2.146912576507275E-007  1.058125905236654E+002
    841  2.141787968371799E-007  1.180046875638410E+002
    667  2.129370437174963E-007  1.098231148083649E+002
    956  2.110822121363756E-007  1.283075816024711E+002
    982  2.104737459927007E-007  1.293230544301462E+002
    840  2.073144119037904E-007  1.179674198090055E+002
    711  2.009235502150978E-007  1.117833092223069E+002
    652  1.953768305272008E-007  1.090805000764319E+002
    770  1.947173322203094E-007  1.141655133118217E+002
    334  1.829743660722661E-007  4.055961280242965E+001
    978  1.821422496009671E-007  1.291764873003617E+002
    680  1.805371109158097E-007  1.106808485277705E+002
    715  1.766538173036036E-007  1.119122168057061E+002
   1077  1.626056487765802E-007  6.189178021453241E+002
    864  1.618239701298406E-007  1.195154318953015E+002
    908  1.602791873871169E-007  1.256350992978881E+002
    656  1.597790527278182E-007  1.092383325553483E+002
    357  1.585879603056500E-007  4.413715889769129E+001
   1015  1.580992935526569E-007  1.306693309857935E+002
    718  1.562587465464156E-007  1.120307816427976E+002
    775  1.547155363870236E-007  1.149447083106751E+002
    907  1.503022164295667E-007  1.254774984052440E+002
    261  1.484384177483876E-007  3.751537038816641E+001
    912  1.453942944880782E-007  1.259977317017505E+002
    868  1.342791594587042E-007  1.199994649602093E+002
    582  1.291375391369519E-007  1.069886979669129E+002
    632  1.283497272590291E-007  1.086732063917954E+002
   1003  1.280632338082321E-007  1.302792324598297E+002
    634  1.274675856837392E-007  1.087110579745548E+002
    805  1.238121512840853E-007  1.165442309434909E+002
    999  1.224059093168908E-007  1.301340763851820E+002
    484  1.181474624941053E-007  5.894622531819898E+001
    314  1.132134465122322E-007  3.944402428691944E+001
    821  1.119252887000202E-007  1.173213489801490E+002
    385  1.117431673719060E-007  4.744969147605799E+001
    720  1.099250988447415E-007  1.121496181246094E+002
    140  1.074818554405334E-007  3.002380690834687E+001
    918  1.072866130009659E-007  1.263810693695273E+002
    669  1.026885289401787E-007  1.098991161820264E+002
    671  1.004100229263181E-007  1.100461630260976E+002
    125  9.800004208171165E-008  2.955205187993630E+001
   1076  9.741985265676542E-008  1.858411948136732E+002
   1030  9.312100435163790E-008  1.313677884464318E+002
   1025  8.955876531709839E-008  1.310823101564250E+002
    477  8.818855195715670E-008  5.875439662154096E+001
    228  8.251379367505760E-008  3.465329128304563E+001
   1051  8.193981427357733E-008  1.330173846663143E+002
    614  7.650550979385768E-008  1.081499604581023E+002
    971  7.514304189874016E-008  1.289111652451389E+002
     87  6.959270766056848E-008  2.773505635732142E+001
    974  6.641812004535047E-008  1.290391941684268E+002
    743  6.532511574349919E-008  1.126739704882794E+002
    728  6.458831594225041E-008  1.123911467240560E+002
    984  6.414094308680039E-008  1.293776492189174E+002
    815  5.692923029370743E-008  1.170844697210597E+002
    692  5.538635898354324E-008  1.109991362888409E+002
    941  5.480930054833080E-008  1.277239710636116E+002
    707  5.098777207186177E-008  1.116484954290111E+002
    747  4.732467563724862E-008  1.128221651622354E+002
    655  4.608595843808909E-008  1.092114390318620E+002
    363  4.591638813686895E-008  4.523665715266514E+001
    714  4.562429464517012E-008  1.118865310298163E+002
    766  4.031229176023221E-008  1.138313497862233E+002
    636  3.736900608070133E-008  1.087412284437008E+002
    506  3.440919634071038E-008  6.092479484159845E+001
    642  3.342592458022279E-008  1.088349318990273E+002
    734  3.193260554275776E-008  1.125227414297757E+002
    882  2.999007561769538E-008  1.212606419968792E+002
    620  2.824983493671648E-008  1.083700393844588E+002
    790  2.674754774098215E-008  1.158127479939932E+002
    980  2.672405327118275E-008  1.292322903638887E+002
    619  2.631307304915012E-008  1.083262496248409E+002
    650  2.499564042791717E-008  1.090061273622073E+002
    845  2.234108420006269E-008  1.182722434309271E+002
    949  1.904058883079565E-008  1.280833568476082E+002
    723  1.803718156801636E-008  1.122249597820348E+002
    872  1.638840034950917E-008  1.204992644439996E+002
    574  1.420600245085458E-008  1.067089856517616E+002
    732  1.372918987287770E-008  1.124809932511083E+002
    252  1.259105448618586E-008  3.681481496629917E+001
   1071  1.040767282198493E-008  1.353191143310252E+002
    957  8.996264910517884E-009  1.283224605383935E+002
    173  8.323225476800676E-009  3.267731285541730E+001
    788  7.952673628600318E-009  1.157595566872355E+002
    615  7.221167515557924E-009  1.081646255451844E+002
    111  7.123814073260360E-009  2.891758955889047E+001
    923  7.018745758739439E-009  1.267345977181097E+002
    664  5.455376528234647E-009  1.095868237421283E+002
     88  5.368641011241355E-009  2.776495450944637E+001
    596  4.225746146467544E-009  1.076305596761092E+002
    888  2.479674880615446E-009  1.215384892766490E+002
    739  2.366813953089281E-009  1.126267264275300E+002
    627  1.891754917036851E-009  1.085359599099982E+002
    640  1.666388288836063E-009  1.088027953187827E+002
    571  1.565935191467301E-009  1.065760725477823E+002
   1012  1.250313700355341E-009  1.305860585800326E+002
    243  1.025567365969929E-009  3.580427376176280E+001
    867  2.960694717570999E-010  1.199420338065019E+002
     89  2.782773336358293E-010  2.787565477396676E+001
    722  1.020830619874122E-010  1.121989232781130E+002
    931  7.520767477696992E-011  1.272754104030811E+002
    651  7.392032013070806E-011  1.090123807306586E+002
    830  7.359769799592421E-011  1.175448785112390E+002
    881  1.452800674492668E-011  1.212001054655417E+002
    936  1.260776400037594E-011  1.275963114471066E+002
    985  9.550417172987393E-012  1.294454523269476E+002
