# Number of modes
   1077
# Tabulated for different initial and final frequencies?
    F
# Mode index, Sj, (highest to lowest), omega_j
    390  7.262753983875006E-002  4.930034545373515E+001
    547  3.025353509281343E-002  1.040413527560943E+002
    539  2.179639592108626E-002  1.004038214764926E+002
    393  1.087658372507477E-002  5.117422678475859E+001
      7  7.660551113713868E-003  1.598850297870253E+001
     65  5.793642120897544E-003  2.645533186342116E+001
    248  5.607279526290349E-003  3.617742791171408E+001
    392  4.522709365913248E-003  4.975569880244111E+001
    387  4.403641261202326E-003  4.845493173747810E+001
    419  4.346515725632143E-003  5.447434435004674E+001
    384  4.073599733631127E-003  4.693482184770667E+001
     23  3.971312189181448E-003  2.160694502786773E+001
    400  3.964908690567688E-003  5.304406357850599E+001
    358  3.955640442739037E-003  4.418411045040358E+001
    391  3.824084239841892E-003  4.935295074539214E+001
      8  3.648681913296383E-003  1.603898235084092E+001
     27  3.295576673871824E-003  2.288948685305089E+001
     16  3.293831336291906E-003  2.083990463296455E+001
     24  3.128169743275224E-003  2.165827626673025E+001
     38  3.044959179399829E-003  2.415274881711009E+001
    251  2.905735917889641E-003  3.670193646720268E+001
    188  2.762377371227771E-003  3.343297855491465E+001
    180  2.624617978424634E-003  3.306959511625761E+001
    563  2.566564380918414E-003  1.058622417292547E+002
    258  2.540507974089238E-003  3.725675246841864E+001
    195  2.496373978647109E-003  3.399004655216064E+001
     67  2.426793797379655E-003  2.663955326886673E+001
    582  2.396676640401450E-003  1.069886979669129E+002
    452  2.333949509129122E-003  5.732416656661538E+001
    505  2.270153843716278E-003  6.089365906344585E+001
    546  2.249403887477635E-003  1.038908634804570E+002
    423  2.158430827650364E-003  5.491452382822700E+001
    426  2.097969668369050E-003  5.521112029631625E+001
     71  2.088566580646026E-003  2.691074291878593E+001
    114  1.984776980708206E-003  2.903390568794284E+001
     70  1.818125885480428E-003  2.683332853591699E+001
    169  1.745361903873224E-003  3.225245008090104E+001
     29  1.736693602703390E-003  2.304600720746813E+001
    544  1.597795596881499E-003  1.037287728441322E+002
    504  1.569223142767561E-003  6.073767201700102E+001
    551  1.445735713773018E-003  1.044758850995860E+002
    998  1.433349039761513E-003  1.301241144683907E+002
    232  1.423493311349902E-003  3.530982942235851E+001
    531  1.399247019511515E-003  6.280622541285696E+001
    530  1.389453972803748E-003  6.265828803408258E+001
     64  1.383188413874709E-003  2.637954322898939E+001
    578  1.340317955473426E-003  1.068696587706935E+002
     18  1.327702598323884E-003  2.124694793769305E+001
    585  1.314837494268469E-003  1.071721890576240E+002
    553  1.314817088679029E-003  1.045844149005738E+002
    249  1.287956394162936E-003  3.643158917315001E+001
   1042  1.238128622632588E-003  1.319938555239870E+002
    233  1.219287656556108E-003  3.536858076063520E+001
    549  1.214664659924841E-003  1.043755820157491E+002
    198  1.186604577847811E-003  3.410095577154824E+001
    450  1.154234898368221E-003  5.723022636777802E+001
    206  1.153650948897182E-003  3.418711639611698E+001
    554  1.149857649929636E-003  1.048978551747549E+002
     58  1.117028508774650E-003  2.603619761911758E+001
    160  1.107434694954613E-003  3.140287364756382E+001
    566  1.093152922768653E-003  1.060197199307676E+002
   1022  1.082640708422597E-003  1.309570316227355E+002
    165  1.066232572113200E-003  3.194792507678593E+001
    418  1.038883261381926E-003  5.440760214654593E+001
    464  1.033421161748468E-003  5.841767339850505E+001
     73  1.024121616175231E-003  2.704395448663374E+001
    495  1.008363643862746E-003  5.971063876484735E+001
   1048  9.840261974875420E-004  1.325281096806480E+002
    494  9.618533686950199E-004  5.959072402434833E+001
    474  9.460120059585795E-004  5.866520048333617E+001
   1070  9.408198016228190E-004  1.350535885837313E+002
    301  9.380918644083813E-004  3.874125966254066E+001
   1071  9.067575956905774E-004  1.353191143310252E+002
    192  9.010371713356466E-004  3.373139183933635E+001
    283  8.966461202819599E-004  3.781664732037148E+001
    270  8.866250921045516E-004  3.767493462479421E+001
    832  8.699744143776666E-004  1.176150872586579E+002
    572  8.548233033613106E-004  1.066354688575440E+002
     39  8.395576542675443E-004  2.419216907562118E+001
    245  8.253644366636458E-004  3.584895809931362E+001
    609  8.179409777129439E-004  1.080529774194348E+002
      5  8.076494028477620E-004  1.580375607842547E+001
    298  7.768537385274440E-004  3.860785506393049E+001
    230  7.215264001180292E-004  3.507000892128892E+001
     31  7.182387889618756E-004  2.349957735236975E+001
    541  7.128898860742765E-004  1.020561485810812E+002
    103  7.099256397883789E-004  2.854698030319213E+001
    411  6.730183973935481E-004  5.390414096058870E+001
    241  6.720565058131621E-004  3.573178726353736E+001
    137  6.692019324288452E-004  2.996307755422044E+001
    480  6.688331453943821E-004  5.887142017505539E+001
     60  6.687400532984695E-004  2.612817271153773E+001
    144  6.678743718703297E-004  3.023024488043693E+001
    164  6.599366373956176E-004  3.156123118588701E+001
    119  6.590061406875332E-004  2.929038281335912E+001
    456  6.581225105223400E-004  5.758475825352298E+001
    376  6.504947740102658E-004  4.578482274843697E+001
    523  6.440831142632278E-004  6.195141091349550E+001
    130  6.159981207424029E-004  2.969026097336859E+001
    222  6.138491621990939E-004  3.444665555523785E+001
    487  5.935765057512755E-004  5.901096182276392E+001
    142  5.899553568349000E-004  3.011700635419402E+001
    163  5.890560639001623E-004  3.148605603035891E+001
    177  5.819988291049631E-004  3.286305119332699E+001
    431  5.792924211356508E-004  5.545822575490884E+001
    293  5.783610678491854E-004  3.840315559517953E+001
    454  5.760643737468738E-004  5.753531790534946E+001
   1057  5.757264405404931E-004  1.332882698940204E+002
    256  5.754732054286181E-004  3.708485200545782E+001
    519  5.753295523333893E-004  6.116666091909611E+001
    136  5.708419552301023E-004  2.995197020395121E+001
    306  5.640407464094355E-004  3.922583615449084E+001
    152  5.624953945575453E-004  3.107793476288124E+001
    229  5.595456594820792E-004  3.477639317683153E+001
    407  5.586765935354815E-004  5.355040632372296E+001
     14  5.581166775214851E-004  2.047451167645159E+001
    292  5.569146284689862E-004  3.837765227419467E+001
    842  5.553498897068830E-004  1.180365480395604E+002
    330  5.540907910378867E-004  4.000719691328421E+001
     85  5.509797806646532E-004  2.757726243328665E+001
     44  5.486199322742817E-004  2.487547588775838E+001
    378  5.300650753153291E-004  4.609481655347708E+001
    500  5.139900503078442E-004  6.016266526055261E+001
     20  5.068520092772484E-004  2.146722812704134E+001
    197  4.900534858555502E-004  3.407091137263039E+001
    255  4.874009542113734E-004  3.705801266502003E+001
    290  4.862133329793235E-004  3.834059039797889E+001
    570  4.857213989661219E-004  1.064458450110351E+002
    288  4.832033802306895E-004  3.825168870868715E+001
     63  4.815442066521851E-004  2.633691355837915E+001
   1013  4.745316247573856E-004  1.306191025791559E+002
    479  4.741093333888985E-004  5.886156225440574E+001
    453  4.719688881080774E-004  5.734859743017803E+001
    422  4.658217859465894E-004  5.478392604221921E+001
    291  4.645540607460146E-004  3.834865717601958E+001
    102  4.530213316074375E-004  2.838723287464182E+001
    436  4.359144826985610E-004  5.562240782737462E+001
    223  4.252241421130838E-004  3.452101188794168E+001
    209  4.178573985692630E-004  3.420776675567321E+001
     81  4.174828211039739E-004  2.737831616504717E+001
    466  4.159640119294753E-004  5.848631456847294E+001
    954  4.086975100534216E-004  1.282848493157465E+002
     11  4.028618196435575E-004  1.771447447329438E+001
    533  3.984324330914577E-004  6.344214913117692E+001
     35  3.958484137799520E-004  2.406163852032448E+001
    347  3.914613616499229E-004  4.251894246220620E+001
     45  3.871594105650244E-004  2.505629895200580E+001
    236  3.864995732358178E-004  3.558504171265294E+001
      9  3.830482481745724E-004  1.615282072713023E+001
     92  3.669547596278864E-004  2.796966533379813E+001
    597  3.622391447141400E-004  1.076362394255561E+002
    536  3.608294482232827E-004  7.244369170766353E+001
    639  3.567279609122282E-004  1.087924757147032E+002
    417  3.557335792450496E-004  5.432386496665636E+001
    403  3.477925942118538E-004  5.332276567118551E+001
    468  3.414527866871346E-004  5.850419738659161E+001
    296  3.365286894870513E-004  3.847026909032138E+001
    131  3.363265078855043E-004  2.976719894627799E+001
    346  3.321812828323439E-004  4.251353138364797E+001
    231  3.243495336319103E-004  3.529195130720404E+001
    143  3.236487851222822E-004  3.021552765862468E+001
    854  3.230785001474907E-004  1.190938927222375E+002
    132  3.220727830037582E-004  2.978147182311027E+001
    183  3.115724721977080E-004  3.317747871488443E+001
    534  3.053847978128910E-004  6.352992396574133E+001
    477  3.052819047775608E-004  5.875439662154096E+001
   1062  2.990158180969116E-004  1.338537297016246E+002
    308  2.959876167902863E-004  3.924824416979163E+001
    848  2.924488635728243E-004  1.185512117490796E+002
    199  2.919410320366609E-004  3.411214171315592E+001
   1074  2.901700991113815E-004  1.357832717908243E+002
     55  2.888567335223433E-004  2.564739582447731E+001
     97  2.881135925175986E-004  2.809615145046481E+001
     90  2.876491422575009E-004  2.792299487571685E+001
     79  2.849332220055350E-004  2.728143790603452E+001
    686  2.837591460673454E-004  1.108321598991433E+002
    916  2.828051357089994E-004  1.261858055404796E+002
    580  2.804689352503582E-004  1.069063882425304E+002
    329  2.784717572382555E-004  3.994917835777716E+001
    524  2.781312854256663E-004  6.196836567938324E+001
   1055  2.771631900628681E-004  1.332315483337306E+002
     66  2.742400333429694E-004  2.653041695388611E+001
   1036  2.730253135604618E-004  1.315563975924429E+002
     82  2.711032590565342E-004  2.744742479332049E+001
    434  2.698229009276470E-004  5.556859477681133E+001
     33  2.687231996125440E-004  2.387502434282544E+001
    139  2.678778908061627E-004  3.001327528760398E+001
   1075  2.660065963289352E-004  1.852007864492208E+002
   1032  2.610986752525646E-004  1.314270448258869E+002
    405  2.578483881196862E-004  5.340951413863353E+001
    507  2.576901448468941E-004  6.098134465730102E+001
    538  2.572575780229918E-004  8.801939400846273E+001
    427  2.564709711226805E-004  5.530625255614972E+001
    133  2.556217713995228E-004  2.980777525245198E+001
    396  2.531259313700916E-004  5.292259014309509E+001
    421  2.517474803504642E-004  5.469982084171487E+001
    459  2.513759845684387E-004  5.797524108925945E+001
      2  2.498283843485688E-004  1.507477314615795E+001
    661  2.482488291878083E-004  1.094040232551639E+002
    117  2.461433539953845E-004  2.915145470361619E+001
    207  2.445775823447316E-004  3.419271829752626E+001
    193  2.424629507157279E-004  3.387383688791338E+001
    100  2.399128336247725E-004  2.814590236831992E+001
   1024  2.379391021955374E-004  1.310472886139475E+002
     48  2.308990495715434E-004  2.521050943974308E+001
     74  2.295178013740401E-004  2.706787664592100E+001
    289  2.281309044072355E-004  3.832422991649202E+001
     95  2.271048448019098E-004  2.806113631432304E+001
    333  2.266978570508499E-004  4.050570323460023E+001
   1047  2.254011330384766E-004  1.324683504365100E+002
    253  2.248004133136832E-004  3.690338042035397E+001
    557  2.206774817915408E-004  1.053298087456868E+002
    134  2.193118582338961E-004  2.989081555609098E+001
   1001  2.187142397021730E-004  1.301907504163165E+002
     17  2.181946507633013E-004  2.091913438766164E+001
    254  2.167898410120033E-004  3.696870162494890E+001
    413  2.092208572734362E-004  5.407796767412047E+001
    120  2.078288921418663E-004  2.935022978395871E+001
    125  2.049600064130703E-004  2.955205187993630E+001
     91  2.048730881921187E-004  2.795709450840539E+001
    140  2.042148498136671E-004  3.002380690834687E+001
    155  2.034235252409381E-004  3.129077640287002E+001
    462  2.021854937869665E-004  5.834568949164402E+001
    887  2.013588837486121E-004  1.215278324822884E+002
    911  1.976072117328912E-004  1.258968376271585E+002
    527  1.966244121886383E-004  6.211137902133680E+001
   1039  1.954465518730374E-004  1.317789778316224E+002
    148  1.952736415511856E-004  3.055713011308698E+001
   1031  1.937868427571624E-004  1.313824495210718E+002
   1045  1.907593100045328E-004  1.322246800166877E+002
     28  1.899628407331168E-004  2.303576073275412E+001
    182  1.895025556446499E-004  3.313118961536368E+001
   1029  1.892032671704218E-004  1.312589073638632E+002
    262  1.886353047894457E-004  3.754826259370084E+001
     36  1.878682979780721E-004  2.408548968715760E+001
    280  1.875901401681043E-004  3.777070006257392E+001
    349  1.875769142275439E-004  4.279212686889406E+001
    812  1.871125165867760E-004  1.169499526914024E+002
    784  1.870592902853257E-004  1.156115101864969E+002
    491  1.850924554441862E-004  5.916484178919298E+001
   1050  1.838027922600596E-004  1.326682006609648E+002
    302  1.837805538144026E-004  3.874867387838012E+001
    926  1.793876178937609E-004  1.269935099435139E+002
    749  1.792288835338357E-004  1.128862829609149E+002
    279  1.785420608171130E-004  3.776291602598710E+001
    221  1.747139962768962E-004  3.444064242877499E+001
    455  1.728266958727292E-004  5.757818593173593E+001
    115  1.728173298157729E-004  2.908676806680809E+001
     21  1.715490677618430E-004  2.149552581175353E+001
    168  1.715329839028007E-004  3.223239881301075E+001
    512  1.708347103803550E-004  6.110465593383906E+001
    158  1.682603924880673E-004  3.138637587596471E+001
   1076  1.677576152280091E-004  1.858411948136732E+002
    663  1.665590444823720E-004  1.095408569103236E+002
    101  1.661444762699715E-004  2.816121926613436E+001
    498  1.660096894696499E-004  6.006055704270973E+001
    186  1.657627228119674E-004  3.335079910483972E+001
    106  1.633242607287681E-004  2.873147041157064E+001
     37  1.552493753094709E-004  2.413005277682491E+001
   1072  1.538536787907376E-004  1.354275255218108E+002
    259  1.533832855486669E-004  3.731129763636223E+001
    745  1.532391818581266E-004  1.127541380335163E+002
    493  1.528592996692471E-004  5.956939432616837E+001
     86  1.528175051519945E-004  2.760340701365068E+001
     51  1.520703046624667E-004  2.527497960196780E+001
    360  1.515491979183693E-004  4.501412031898634E+001
    365  1.514200235809948E-004  4.540196146988517E+001
    343  1.507359236331099E-004  4.223776350771931E+001
    865  1.504449635454269E-004  1.195233182598442E+002
     54  1.498185012550462E-004  2.537118147105558E+001
    215  1.494000615988889E-004  3.430912489816387E+001
    955  1.484360812210465E-004  1.283043098504922E+002
    145  1.484254337727870E-004  3.035386176419680E+001
     46  1.476874785601046E-004  2.508968851186969E+001
    331  1.456365679003136E-004  4.033978069592825E+001
    185  1.451365932380133E-004  3.329017879350934E+001
    212  1.440620021067751E-004  3.425448747044050E+001
    240  1.439882027987308E-004  3.568815433410965E+001
    202  1.428867016445372E-004  3.414693728338715E+001
    348  1.423576290098744E-004  4.278252907839931E+001
    599  1.413122646810720E-004  1.077354408464688E+002
    785  1.387142619739614E-004  1.156515149006221E+002
    244  1.377275613716788E-004  3.582009297825139E+001
    836  1.375349908911061E-004  1.177792466123822E+002
    675  1.361361798672112E-004  1.101932688761904E+002
    997  1.360514723080851E-004  1.300952728722026E+002
     89  1.346681812364344E-004  2.787565477396676E+001
    617  1.345892412122282E-004  1.082069188907082E+002
    984  1.343258286597656E-004  1.293776492189174E+002
    550  1.338758990944317E-004  1.044255141670578E+002
    282  1.329506792909989E-004  3.781601762519486E+001
     12  1.318995597124893E-004  1.791855268392995E+001
      4  1.318860313921087E-004  1.555889535187236E+001
    458  1.315752075886364E-004  5.780961640938520E+001
    239  1.311994895776800E-004  3.564788119351169E+001
    190  1.296132987844538E-004  3.352213579831744E+001
    886  1.287360090120804E-004  1.214498350996194E+002
    964  1.271328914443132E-004  1.284811881676410E+002
    128  1.265622258492185E-004  2.964876822252022E+001
    312  1.248211757953351E-004  3.940338989709551E+001
    525  1.247080520294394E-004  6.201689187624501E+001
    402  1.242011353410823E-004  5.323403324336612E+001
    756  1.240699105445469E-004  1.131019348749128E+002
     26  1.226619510439785E-004  2.275577786050195E+001
    300  1.221567607649090E-004  3.871033423098082E+001
    395  1.213806344218913E-004  5.279005865968511E+001
    632  1.204594900145774E-004  1.086732063917954E+002
   1008  1.200034067071356E-004  1.304054287055121E+002
    385  1.197685467543915E-004  4.744969147605799E+001
    377  1.192818842357834E-004  4.580996274485975E+001
    156  1.189827005652500E-004  3.133959801814033E+001
   1061  1.188628276551089E-004  1.338239896777959E+002
    399  1.179758061318997E-004  5.300117686152819E+001
    777  1.177398040139577E-004  1.150636811545726E+002
    952  1.163284191221382E-004  1.282170243378332E+002
    535  1.160094002510879E-004  7.234684016852472E+001
    189  1.147676270703176E-004  3.348575581421191E+001
    303  1.137301654600747E-004  3.891633174738261E+001
    295  1.136461375778862E-004  3.844649820311862E+001
    367  1.136413812764355E-004  4.546665367422378E+001
    269  1.107678390416790E-004  3.766609016559832E+001
    113  1.046250317665698E-004  2.894608485543543E+001
    575  1.041312838871954E-004  1.067636975144964E+002
    643  1.012163307977770E-004  1.088529165631816E+002
    482  1.008520353982995E-004  5.890508639424976E+001
      3  1.006467930495982E-004  1.530095081680193E+001
    272  1.001457529070125E-004  3.770876893490352E+001
    238  1.000984933092250E-004  3.562010162214489E+001
    433  9.975501195807073E-005  5.552394895078822E+001
    937  9.969155288836361E-005  1.275975168353670E+002
    109  9.926826141020464E-005  2.888359254004277E+001
    844  9.924919061220968E-005  1.182236522024691E+002
    320  9.903941910076367E-005  3.958466091098631E+001
    517  9.844403586554362E-005  6.116283191518230E+001
    184  9.819290624087799E-005  3.328145954751520E+001
   1000  9.797718669478584E-005  1.301375093272533E+002
   1026  9.783323196779684E-005  1.310988308446859E+002
      6  9.770886274216182E-005  1.593905863128156E+001
    401  9.733108120056508E-005  5.310952948046032E+001
    853  9.691931337688886E-005  1.189950762444425E+002
     40  9.608912739810444E-005  2.429142631572386E+001
    825  9.495300853632800E-005  1.174155068731360E+002
    205  9.482398693718828E-005  3.418138862993963E+001
    472  9.299919380014377E-005  5.860732378330380E+001
    691  9.295311711074537E-005  1.109942746792360E+002
    397  9.276770709979937E-005  5.292984574180642E+001
    897  9.263427746247199E-005  1.233154024205701E+002
    352  9.262661593792912E-005  4.345183818831803E+001
    353  9.145872721220001E-005  4.354452657935016E+001
   1044  9.014166295821322E-005  1.320835593454495E+002
    267  9.013433677842253E-005  3.763942844703926E+001
    138  8.911351119333144E-005  2.998810658959070E+001
    843  8.759987076261009E-005  1.181049125326048E+002
   1033  8.736117712702958E-005  1.314921549657209E+002
    564  8.713443937633955E-005  1.059223740174141E+002
   1053  8.691651108710511E-005  1.331993000158318E+002
    545  8.657681382844156E-005  1.038885725205099E+002
    398  8.599398931405809E-005  5.298968704937109E+001
    273  8.403974261615451E-005  3.771236202405859E+001
     41  8.362044649417550E-005  2.434332602389209E+001
    161  8.353076647958330E-005  3.141544799468193E+001
    310  8.341433226417838E-005  3.933560718805473E+001
    658  8.270415249231584E-005  1.092752908733605E+002
    991  8.224001794372795E-005  1.298309517843196E+002
   1069  8.192967109397623E-005  1.347402109836953E+002
     34  8.180542193647704E-005  2.394870774261297E+001
     96  8.170754165569708E-005  2.807603105873968E+001
    968  8.008874602340665E-005  1.287893908307005E+002
    712  7.995705824573946E-005  1.118479116964762E+002
   1005  7.923866386222182E-005  1.302961950162389E+002
    153  7.664069170770759E-005  3.119128674334460E+001
    172  7.627038487917443E-005  3.254695536480502E+001
    942  7.602649832872504E-005  1.277896527703618E+002
    449  7.593791257274701E-005  5.713782918039372E+001
    771  7.273456980490551E-005  1.142541813627527E+002
    702  7.253364307778671E-005  1.112791472783473E+002
    214  7.235253457182870E-005  3.429158842681225E+001
    698  7.209825099029411E-005  1.111543499618823E+002
    338  7.184246599840562E-005  4.143596746217444E+001
   1020  7.169414274844139E-005  1.308300137670077E+002
    921  7.153631288097372E-005  1.266347372507485E+002
    210  7.124828610774934E-005  3.421873300884823E+001
    318  7.119466786826722E-005  3.952690512520030E+001
    327  7.059242489932627E-005  3.980649710729982E+001
    817  6.967890795898772E-005  1.171745914510001E+002
    141  6.936292114725978E-005  3.005205957969120E+001
    337  6.923998958662108E-005  4.125439580477820E+001
    325  6.915497238395325E-005  3.979678053884171E+001
    992  6.764220223976699E-005  1.299169051159237E+002
    803  6.719477160692090E-005  1.163959410830473E+002
     43  6.688194281759246E-005  2.485090944939308E+001
     49  6.627784326480678E-005  2.521926711432687E+001
    176  6.615761331443981E-005  3.283702642513862E+001
    335  6.582422452068132E-005  4.064698242871874E+001
    304  6.567187494457213E-005  3.902642388250331E+001
    309  6.520131369562604E-005  3.929268620446922E+001
    324  6.453402670725462E-005  3.965813849875591E+001
    382  6.426447640046933E-005  4.661435463500721E+001
   1021  6.424689674509495E-005  1.308784400027895E+002
     75  6.416054062177430E-005  2.717284531466260E+001
    793  6.403653906017792E-005  1.158943894419280E+002
    246  6.380122161382641E-005  3.612200287477440E+001
    671  6.333631175926152E-005  1.100461630260976E+002
    237  6.292871314565989E-005  3.561350513334219E+001
     72  6.287169127752405E-005  2.695844835194747E+001
     30  6.231841614751723E-005  2.339033246897357E+001
    757  6.230533129765625E-005  1.131455979007981E+002
    973  6.206183864224571E-005  1.290303348922233E+002
     42  6.088528588840197E-005  2.442065503900721E+001
    297  6.085784126680787E-005  3.850412000814609E+001
     52  6.053541527546939E-005  2.532370304309600E+001
    218  6.010079276227045E-005  3.434087154455664E+001
    827  5.982046008228286E-005  1.174913134466901E+002
    344  5.920068855752459E-005  4.229281490750487E+001
    820  5.912829317846369E-005  1.173160626674297E+002
    485  5.895835848117119E-005  5.896971858223063E+001
    151  5.883187295384749E-005  3.097448214004631E+001
    467  5.855200722446295E-005  5.850070475174659E+001
    321  5.849760920791536E-005  3.959878738143280E+001
   1066  5.797298978293106E-005  1.341339055776214E+002
    104  5.767656843545576E-005  2.863475114667724E+001
    560  5.705988512208407E-005  1.057397922085461E+002
    983  5.567918243781277E-005  1.293699640118089E+002
    738  5.460981625582669E-005  1.126248828969786E+002
    733  5.442838257736482E-005  1.125211996768446E+002
    116  5.431134515192002E-005  2.910094471225916E+001
    618  5.424427969102552E-005  1.083041655146542E+002
    870  5.421116199765660E-005  1.203621491035894E+002
    357  5.326893610299663E-005  4.413715889769129E+001
    174  5.316384860018278E-005  3.277024257542895E+001
    724  5.295913184105354E-005  1.122474317356576E+002
    838  5.273154090870464E-005  1.178077045912047E+002
    635  5.269497517465244E-005  1.087402789130293E+002
    981  5.180315522013697E-005  1.292686845988868E+002
    336  5.170689087231173E-005  4.106442919982931E+001
     62  5.105542883625086E-005  2.630569023157911E+001
    868  4.978078776567862E-005  1.199994649602093E+002
    755  4.974700240289157E-005  1.130537195644052E+002
    875  4.903057868915085E-005  1.206504418490652E+002
    621  4.804239133392110E-005  1.083828600305560E+002
    892  4.799372057026430E-005  1.223146913863671E+002
    445  4.790134898353938E-005  5.650985963977887E+001
    555  4.785756572539260E-005  1.049505825405343E+002
    314  4.709233830055986E-005  3.944402428691944E+001
    822  4.701821152574622E-005  1.173379890193997E+002
     78  4.686917229657976E-005  2.724001953302053E+001
    154  4.683036878064751E-005  3.128025029310897E+001
    760  4.668254104430693E-005  1.133648679091437E+002
   1058  4.638997023530305E-005  1.334381531708862E+002
    305  4.638852401612593E-005  3.919092577852600E+001
    552  4.629144244812079E-005  1.045004516183760E+002
    121  4.624548532237044E-005  2.937009161569695E+001
    898  4.599843285255462E-005  1.236287338505038E+002
    261  4.562259131810389E-005  3.751537038816641E+001
    727  4.547941411510455E-005  1.123838421661365E+002
    831  4.510653284256419E-005  1.175849164822640E+002
    762  4.475439453697082E-005  1.134504722361933E+002
    260  4.447141418719093E-005  3.745846822965304E+001
    765  4.406571803689527E-005  1.138034732037320E+002
    159  4.384880955184462E-005  3.140014259635325E+001
    372  4.374777852617513E-005  4.569660817760900E+001
    565  4.374303487742287E-005  1.059848591127986E+002
    451  4.361899043661390E-005  5.726939793781466E+001
    409  4.357450873482602E-005  5.377950655266745E+001
    250  4.305628457008960E-005  3.645071914574685E+001
   1011  4.305621709519226E-005  1.305590563134582E+002
    383  4.259171443985940E-005  4.665506804468283E+001
     32  4.244065634328516E-005  2.386019687247388E+001
    204  4.224721853453767E-005  3.416741852472765E+001
    719  4.127140056126634E-005  1.120361196403708E+002
    791  4.089386277467132E-005  1.158399885308925E+002
    646  4.088320772488719E-005  1.089039652974663E+002
    947  4.087339953642494E-005  1.280025795512814E+002
    196  4.071793400279324E-005  3.402217963204272E+001
    772  4.068721521425780E-005  1.144444014986270E+002
    475  4.035959684433642E-005  5.870955367754343E+001
   1009  3.982385766466809E-005  1.304609142394732E+002
   1067  3.960301185091158E-005  1.341872351276505E+002
    626  3.918091693266306E-005  1.085197354965440E+002
    326  3.913151373058853E-005  3.980074663620405E+001
    187  3.863826476684017E-005  3.338593491458187E+001
    515  3.821798896337380E-005  6.113166482037749E+001
     84  3.806791038359329E-005  2.748397341497807E+001
    716  3.784222877405621E-005  1.119313653155845E+002
    797  3.752615717692607E-005  1.161224071144865E+002
    600  3.744201356819821E-005  1.078192567961393E+002
    986  3.736367940012953E-005  1.294778988001748E+002
    807  3.702174487736427E-005  1.166040027024774E+002
    307  3.696677155566110E-005  3.924418415703018E+001
    667  3.694384329582074E-005  1.098231148083649E+002
    247  3.670928238851889E-005  3.613855018049320E+001
    489  3.589011347114142E-005  5.906665573291085E+001
    274  3.582877045315323E-005  3.771469066363962E+001
    542  3.582869188293819E-005  1.021380905135569E+002
    631  3.575823804844621E-005  1.086593678715634E+002
    271  3.546915505975888E-005  3.769377629908810E+001
    473  3.542646579788252E-005  5.864875851961727E+001
    150  3.499256173857910E-005  3.095380367517388E+001
    909  3.481736574006886E-005  1.256671150468244E+002
    444  3.476659166380092E-005  5.640873014994138E+001
    717  3.467742078380718E-005  1.119901298340990E+002
    334  3.459975054545491E-005  4.055961280242965E+001
    988  3.375278387640989E-005  1.295230022337254E+002
     69  3.366512013607854E-005  2.667931486079132E+001
    924  3.339972304119671E-005  1.267645350898773E+002
    375  3.336400110000518E-005  4.577921754207221E+001
    179  3.307569493227887E-005  3.301071504933698E+001
    559  3.299509096149401E-005  1.054467335457494E+002
     57  3.258337333818651E-005  2.601044601303876E+001
   1073  3.242798664563170E-005  1.355646294676644E+002
    561  3.224468428558338E-005  1.057823475786052E+002
    799  3.213647182973311E-005  1.161655148393659E+002
    808  3.200541796836582E-005  1.166438640424820E+002
    768  3.189578139186483E-005  1.140511281344195E+002
    410  3.185570334970403E-005  5.380004782230375E+001
    486  3.176198756306652E-005  5.898078655703418E+001
    795  3.164657868252140E-005  1.159446042090269E+002
    157  3.098503289235140E-005  3.136040875348826E+001
    311  3.085997761808136E-005  3.939193935233331E+001
      1  3.080944629785454E-005  1.480943860687432E+001
    404  3.073732014772697E-005  5.332919471058649E+001
    502  3.065064089953790E-005  6.033057478557798E+001
   1052  3.046457961000377E-005  1.330891459743712E+002
    905  3.045326352662046E-005  1.252963463377060E+002
    127  3.007665649260904E-005  2.958197907168710E+001
    317  3.000874896762305E-005  3.952108816795088E+001
    257  2.991803108631925E-005  3.716053985696894E+001
    123  2.958777216412716E-005  2.945706723223188E+001
    681  2.923159935234955E-005  1.107150530846271E+002
    129  2.890911403464834E-005  2.967722940199728E+001
    737  2.873476460275642E-005  1.125716601108342E+002
    147  2.841954602090016E-005  3.045498909450352E+001
    420  2.823724207026523E-005  5.464265012038360E+001
    518  2.803659589312232E-005  6.116565427175681E+001
    948  2.763336653831639E-005  1.280530341997139E+002
    118  2.725110014292535E-005  2.927665934202001E+001
    213  2.713892527428910E-005  3.426923698719692E+001
    593  2.701536897503754E-005  1.074633420950339E+002
    200  2.674725699522948E-005  3.413076352937113E+001
    877  2.670409875895432E-005  1.207635072396237E+002
     98  2.667820342191639E-005  2.810036398063808E+001
    860  2.667800023207537E-005  1.193608179742887E+002
    573  2.653868404318725E-005  1.066520968004064E+002
    242  2.643143862796068E-005  3.575330164903793E+001
    571  2.628748495292896E-005  1.065760725477823E+002
    528  2.614013333235282E-005  6.211763689923020E+001
    503  2.583821309889416E-005  6.062899617907863E+001
    173  2.580351633764135E-005  3.267731285541730E+001
    976  2.539872072190688E-005  1.291265023483052E+002
    435  2.524113763910881E-005  5.559833163642786E+001
    521  2.486476502464287E-005  6.120499406654021E+001
    359  2.477109904363572E-005  4.440820660542785E+001
     68  2.458542740876085E-005  2.665958995788216E+001
     61  2.434629143512921E-005  2.623624111749398E+001
    203  2.427345025843770E-005  3.415596231316062E+001
    281  2.426289211450254E-005  3.778222215271058E+001
    389  2.420058095089065E-005  4.924612888004685E+001
    783  2.313671469456396E-005  1.155776779712016E+002
    676  2.211337115413690E-005  1.102968009656115E+002
     25  2.210486264080634E-005  2.268285797328677E+001
    917  2.181392674010763E-005  1.262583151256411E+002
    605  2.135804517802138E-005  1.079476682950407E+002
    940  2.128939686223643E-005  1.277053477702196E+002
    721  2.125632932826807E-005  1.121902054803930E+002
     83  2.119764027902112E-005  2.745200449399356E+001
    602  2.092892521419110E-005  1.078335831208874E+002
     13  2.089642821736386E-005  2.038781372204352E+001
    548  2.056573782183358E-005  1.041098140943872E+002
     10  2.040024750302398E-005  1.630017574824609E+001
    370  1.988134932644134E-005  4.562254251008403E+001
    829  1.958387117504941E-005  1.175434491795728E+002
    700  1.955704666179445E-005  1.112187707043413E+002
    907  1.953146630239376E-005  1.254774984052440E+002
    649  1.928651205735829E-005  1.089557122086210E+002
    890  1.877890985608860E-005  1.222269695705770E+002
    275  1.847324872545196E-005  3.771871208633355E+001
     88  1.846729327561468E-005  2.776495450944637E+001
    412  1.842532598888544E-005  5.399327798218789E+001
    588  1.831809856840333E-005  1.072780161282308E+002
    558  1.785373119681147E-005  1.054235904423783E+002
    543  1.782245253927808E-005  1.026098663261161E+002
    607  1.780468300860881E-005  1.079782277499060E+002
    361  1.770374844784525E-005  4.509188248244521E+001
    958  1.763572057322319E-005  1.283326337970340E+002
    742  1.760223960958294E-005  1.126546326383816E+002
    826  1.750140705189586E-005  1.174535409692338E+002
    234  1.747382023443920E-005  3.541632958107625E+001
    810  1.717090224887890E-005  1.168542717379606E+002
    430  1.699847471597184E-005  5.544226538226409E+001
    339  1.679324583788728E-005  4.199721405536648E+001
    950  1.662212824467658E-005  1.281356928004739E+002
    577  1.648502095862665E-005  1.068269012623950E+002
    217  1.586942918802977E-005  3.432077633458158E+001
    107  1.571652252418441E-005  2.880093649968087E+001
     19  1.535553964197168E-005  2.137958735177528E+001
    510  1.529867892986422E-005  6.106496915014706E+001
    465  1.507525483582992E-005  5.845233409136720E+001
     50  1.477722152331963E-005  2.524792740229145E+001
    323  1.474641667272112E-005  3.963162035223775E+001
    576  1.468164683115141E-005  1.068188420241767E+002
    821  1.460775241142526E-005  1.173213489801490E+002
    432  1.460411910829709E-005  5.551253331854516E+001
    529  1.459827605479377E-005  6.213305424318654E+001
    265  1.440964341019773E-005  3.762418150997995E+001
    425  1.432515071007910E-005  5.512885982268182E+001
     15  1.430220951254633E-005  2.077312965636918E+001
    694  1.413098234999843E-005  1.110208923005156E+002
    438  1.403894174556325E-005  5.568774314714533E+001
    584  1.403172359278820E-005  1.071415131646536E+002
    622  1.382610351270420E-005  1.084041586407917E+002
    356  1.360913371581323E-005  4.399929676237998E+001
    374  1.360190027146092E-005  4.576894168844035E+001
   1016  1.357732761880775E-005  1.306784011483153E+002
    112  1.351779393223587E-005  2.893182478938967E+001
    461  1.349128101797859E-005  5.832169084274378E+001
    659  1.334434872128424E-005  1.093169473413985E+002
    446  1.321261995583603E-005  5.657515742254393E+001
    278  1.309786313670513E-005  3.775225448216675E+001
    513  1.294977701496218E-005  6.111701004965728E+001
    471  1.289743545041885E-005  5.859921299406331E+001
    111  1.283391472884818E-005  2.891758955889047E+001
    460  1.281251807029682E-005  5.821511818989060E+001
    181  1.270360658522919E-005  3.309588236011395E+001
    970  1.266612139588910E-005  1.288440499253601E+002
    953  1.265908616939170E-005  1.282835790234384E+002
    166  1.265711033141562E-005  3.197534022905977E+001
    574  1.254403110806470E-005  1.067089856517616E+002
    216  1.246411903433235E-005  3.431915233475488E+001
    994  1.244316167880919E-005  1.299886393654431E+002
    162  1.241445438395083E-005  3.142013005221356E+001
    532  1.233283237396100E-005  6.299204701993657E+001
    299  1.231141915973809E-005  3.861147003050849E+001
    934  1.226608780056943E-005  1.274026915475210E+002
    944  1.225174789922119E-005  1.278264506290159E+002
    594  1.211194182717818E-005  1.075267994995216E+002
    340  1.204929391982374E-005  4.203744443197692E+001
    630  1.202904346659462E-005  1.086464564510315E+002
    484  1.197797400291440E-005  5.894622531819898E+001
    616  1.195703536187023E-005  1.081902144651443E+002
    672  1.192980697255333E-005  1.100523893058521E+002
    509  1.187024193424988E-005  6.104665142125116E+001
    645  1.174514506661412E-005  1.088758352374567E+002
    741  1.173567703672307E-005  1.126383251241469E+002
     77  1.168606740002734E-005  2.720977418778346E+001
    224  1.156132628082026E-005  3.456258153743839E+001
    763  1.142748594564971E-005  1.136578287383470E+002
    583  1.142542737439693E-005  1.070323413352247E+002
    624  1.138689484780488E-005  1.084534043855216E+002
    429  1.131514034804115E-005  5.542704693693687E+001
    851  1.130182284010582E-005  1.189105890777936E+002
    871  1.128823440879274E-005  1.204638135739833E+002
    569  1.122220083295855E-005  1.064024371239422E+002
    816  1.106633808882457E-005  1.170854692244173E+002
    386  1.080428807915585E-005  4.778448827008048E+001
    366  1.071304134102341E-005  4.541480133184800E+001
   1038  1.052912804077378E-005  1.317153469634680E+002
    596  1.037638353853027E-005  1.076305596761092E+002
    470  1.036633546297447E-005  5.858950887133865E+001
    220  1.032297207772077E-005  3.440936379612124E+001
    633  1.024358317883966E-005  1.086770367044967E+002
    567  1.007959186465547E-005  1.061175767374582E+002
    369  1.000820523857791E-005  4.556664797594529E+001
    902  9.972827688858812E-006  1.246861225619736E+002
    913  9.875632338713996E-006  1.260963173315474E+002
    457  9.844886924555289E-006  5.770039153165104E+001
     80  9.808483643374452E-006  2.737665388114407E+001
    219  9.704591781756942E-006  3.435584966495736E+001
    680  9.621202879842314E-006  1.106808485277705E+002
    697  9.500250279002366E-006  1.111168086390436E+002
    266  9.385747082560643E-006  3.763404507858488E+001
    579  9.316035109213561E-006  1.068810185812333E+002
    687  9.271026849733845E-006  1.108477970364615E+002
    674  9.186207696738707E-006  1.101627157855635E+002
    929  9.084505580337683E-006  1.272324166790593E+002
    641  9.052467514455762E-006  1.088136450829588E+002
    277  8.975724023581130E-006  3.774405278528796E+001
     53  8.605626823926053E-006  2.532427500710937E+001
    938  8.558948114196413E-006  1.276246332177813E+002
    682  8.507759351929348E-006  1.107795174367904E+002
    522  8.346540621300991E-006  6.189501394570030E+001
    754  8.200741918002748E-006  1.130532912402911E+002
    313  8.169087396950722E-006  3.941220320488696E+001
    713  8.165048585273595E-006  1.118750446375970E+002
    774  8.050903927795792E-006  1.147299018357027E+002
    492  8.042544947181939E-006  5.919740097208313E+001
    108  8.035304860528852E-006  2.884206820739177E+001
    903  7.967009354038621E-006  1.249295857950171E+002
   1027  7.847359179215944E-006  1.311414239553258E+002
    746  7.717574249178532E-006  1.128150956859242E+002
   1034  7.632035551084174E-006  1.314975717016592E+002
    351  7.610087608452030E-006  4.290814690346715E+001
    930  7.525646802953114E-006  1.272550109882912E+002
    441  7.501110522481357E-006  5.602297434426368E+001
    354  7.421355071416683E-006  4.358717802496741E+001
    170  7.419666410411856E-006  3.240864442722207E+001
    966  7.394761383093834E-006  1.287120665380274E+002
    802  7.370515010317149E-006  1.163074247182627E+002
    883  7.348458426364060E-006  1.212822283474710E+002
    899  7.311325115009873E-006  1.237750393258326E+002
    604  7.302790993074116E-006  1.078901483894559E+002
    787  7.236911450562546E-006  1.157066821730262E+002
    315  7.198404146731068E-006  3.946262277995078E+001
    977  7.180312497394990E-006  1.291448023039548E+002
    866  7.110996695967023E-006  1.198737679274225E+002
    276  7.051178055068337E-006  3.774173651101562E+001
     22  7.045999047474256E-006  2.149928230079738E+001
    656  6.761286342827760E-006  1.092383325553483E+002
    731  6.705100502778325E-006  1.124795031346507E+002
    730  6.624056092466274E-006  1.124678820560711E+002
    373  6.598019316360465E-006  4.573517441489172E+001
    744  6.574991702973010E-006  1.127340165661099E+002
    506  6.570756970076462E-006  6.092479484159845E+001
    332  6.423179438333899E-006  4.036182328117159E+001
   1056  6.418347577261081E-006  1.332822863268028E+002
    995  6.374468277853887E-006  1.300556822463785E+002
    243  6.349541427757016E-006  3.580427376176280E+001
    835  6.298855708048252E-006  1.176766134664512E+002
    171  6.271965082516033E-006  3.251692712246987E+001
    345  6.201333633339979E-006  4.248475366295001E+001
    589  6.169200741989917E-006  1.073243551551986E+002
   1063  6.162704187322307E-006  1.338610239777397E+002
    684  6.112328498581666E-006  1.108055531440044E+002
    526  6.032234700941364E-006  6.205614154690332E+001
    623  6.026543139215536E-006  1.084311616311891E+002
    381  5.827113203847673E-006  4.623753374880091E+001
    380  5.812647630111791E-006  4.621788456267294E+001
    514  5.756110593011014E-006  6.112143562944963E+001
    967  5.694346330810691E-006  1.287730879251822E+002
    476  5.651262446178812E-006  5.874284760292872E+001
    769  5.633350228072407E-006  1.141494817506874E+002
    619  5.321504863575402E-006  1.083262496248409E+002
    595  5.304347667569518E-006  1.075727311228692E+002
    469  5.206624298792585E-006  5.857260373695996E+001
     76  5.158415947402229E-006  2.719040433196805E+001
    294  5.127589513385884E-006  3.844005427068350E+001
    796  5.071266301492535E-006  1.160406419035091E+002
    666  4.957605882975947E-006  1.096961217429448E+002
    208  4.916662097340826E-006  3.420400517096608E+001
    627  4.906859944015144E-006  1.085359599099982E+002
    488  4.891027823780744E-006  5.904214899548738E+001
    394  4.830022261871193E-006  5.275338077531283E+001
    167  4.794271712587632E-006  3.206734480721192E+001
   1065  4.782192452160108E-006  1.340986810838602E+002
    781  4.766578410694476E-006  1.155015502370288E+002
    706  4.679406345368689E-006  1.115644797142602E+002
    264  4.631594724661385E-006  3.760740200223662E+001
    670  4.608521768310450E-006  1.099218253642219E+002
    695  4.605021563467676E-006  1.110404578737834E+002
    690  4.577531834016540E-006  1.109553167085971E+002
     59  4.511446349747797E-006  2.608228483109795E+001
    328  4.493898690332909E-006  3.982877398686839E+001
    910  4.484670069311878E-006  1.258349422363612E+002
    591  4.454601086930209E-006  1.073970459895217E+002
    709  4.425789000052598E-006  1.116986555393093E+002
    928  4.422103441966660E-006  1.271758190169006E+002
    780  4.418452555881594E-006  1.153482258688003E+002
    122  4.384607056966306E-006  2.942821875092930E+001
    562  4.292210526199972E-006  1.058125905236654E+002
    873  4.277102597865466E-006  1.205400953636918E+002
   1054  4.238168926852351E-006  1.332101619260334E+002
    813  4.225254012474619E-006  1.170211975618395E+002
    227  4.203787323388499E-006  3.461221107986133E+001
    601  4.078761490148462E-006  1.078222216339937E+002
    665  4.072554905862439E-006  1.096195054263975E+002
    894  4.013200471714831E-006  1.226855190700912E+002
   1064  4.012232328350836E-006  1.339182935247794E+002
    815  3.995737012837625E-006  1.170844697210597E+002
    800  3.994400386290728E-006  1.161811067685375E+002
   1059  3.988339266441989E-006  1.335352794510990E+002
    862  3.964683069038402E-006  1.194326389788892E+002
    540  3.893990710840831E-006  1.019596674086986E+002
    368  3.823599462123298E-006  4.552075151204606E+001
   1004  3.812971804480840E-006  1.302828791464404E+002
    679  3.803622592837556E-006  1.106299731616480E+002
    804  3.736230523517549E-006  1.164307012054320E+002
   1018  3.671292169164880E-006  1.307425624046459E+002
    943  3.669176195644680E-006  1.278255860865938E+002
    447  3.654841968306606E-006  5.692641404400948E+001
    923  3.637159247854773E-006  1.267345977181097E+002
    608  3.609066459094732E-006  1.080310773431174E+002
    707  3.574846873388912E-006  1.116484954290111E+002
    322  3.566017584145260E-006  3.962934885257222E+001
   1040  3.541167970185095E-006  1.318325334098182E+002
    748  3.514590707457298E-006  1.128453459062848E+002
    922  3.463767995108884E-006  1.267277337836395E+002
    849  3.443609065613551E-006  1.186556798515274E+002
    110  3.361680032698775E-006  2.890337161783228E+001
     94  3.338864546307606E-006  2.803048707399637E+001
   1077  3.303433862195131E-006  6.189178021453241E+002
    896  3.288554332927696E-006  1.231967026860033E+002
    640  3.227820249259060E-006  1.088027953187827E+002
    613  3.204824375185218E-006  1.081325074305931E+002
    927  3.192982670480938E-006  1.271118445081471E+002
    642  3.182345443360933E-006  1.088349318990273E+002
    644  3.146914026032065E-006  1.088699046594824E+002
    673  3.142895427870306E-006  1.101090602242966E+002
    963  3.088772627835920E-006  1.284456810480366E+002
    751  3.071090192852490E-006  1.129352725370382E+002
    770  3.067685170197659E-006  1.141655133118217E+002
    341  3.006841506195035E-006  4.207899368185591E+001
    845  3.001958353376321E-006  1.182722434309271E+002
    657  2.991314266681711E-006  1.092680437977900E+002
    636  2.983033345857552E-006  1.087412284437008E+002
    669  2.980016717645520E-006  1.098991161820264E+002
    634  2.965172280071942E-006  1.087110579745548E+002
    228  2.934928061043808E-006  3.465329128304563E+001
    761  2.924051719578831E-006  1.134019555363662E+002
    592  2.883953642459373E-006  1.074010896433819E+002
    794  2.865137000982992E-006  1.159299755047292E+002
     56  2.804805564466943E-006  2.577494999028338E+001
    683  2.789799089014070E-006  1.107854094171573E+002
    511  2.753925292139205E-006  6.108291035790679E+001
    287  2.743979396635210E-006  3.806334999222836E+001
    798  2.697240397098098E-006  1.161233232814441E+002
    556  2.676288656264827E-006  1.053074591696642E+002
    685  2.617257702043142E-006  1.108208915724099E+002
    508  2.549855363644833E-006  6.101348113010317E+001
   1035  2.549396361170905E-006  1.315022364948826E+002
    225  2.532795339210153E-006  3.458265676939745E+001
    406  2.519408586335610E-006  5.347162595814701E+001
    728  2.510549376160339E-006  1.123911467240560E+002
    830  2.487098224867395E-006  1.175448785112390E+002
    350  2.466409737866233E-006  4.287084402122760E+001
    201  2.418762947244814E-006  3.413905621996786E+001
    286  2.391003795553791E-006  3.806107114689090E+001
    846  2.338621446703726E-006  1.183733977129572E+002
    497  2.312433203704975E-006  5.984833423050026E+001
    668  2.275927216883796E-006  1.098358517134249E+002
    972  2.194999371436074E-006  1.289491342298440E+002
    363  2.163535627226923E-006  4.523665715266514E+001
    285  2.147563813106180E-006  3.794670187788559E+001
    767  2.137974897274836E-006  1.139787538815297E+002
    725  2.132186029730970E-006  1.122622575126908E+002
    975  2.102442532746414E-006  1.290479361570385E+002
    789  2.069074457719888E-006  1.157939903252585E+002
    481  2.061751787177533E-006  5.889564718758225E+001
    855  2.042476297596025E-006  1.192335282432478E+002
    722  2.014343446646039E-006  1.121989232781130E+002
    677  1.965087620028958E-006  1.104103779431708E+002
    949  1.962054446617226E-006  1.280833568476082E+002
    146  1.957696301831550E-006  3.038455959742199E+001
    814  1.929625064302003E-006  1.170571282096026E+002
    951  1.905209901978594E-006  1.282127111215003E+002
   1012  1.901056366919586E-006  1.305860585800326E+002
    696  1.900082508275176E-006  1.111110130672436E+002
    637  1.888909315856085E-006  1.087708716348475E+002
    648  1.885222712204286E-006  1.089328290594756E+002
    371  1.876132208216735E-006  4.567834615857563E+001
    625  1.853166267663297E-006  1.084878781680722E+002
    651  1.844858226980750E-006  1.090123807306586E+002
    915  1.832536659310563E-006  1.261627872997085E+002
    415  1.781811139574992E-006  5.409773008136273E+001
    939  1.751900034602305E-006  1.276788938661296E+002
   1068  1.725739493893598E-006  1.342139437973118E+002
    496  1.665900902444645E-006  5.977778544840232E+001
    790  1.663066261597438E-006  1.158127479939932E+002
   1046  1.608120508110132E-006  1.322741703884410E+002
    880  1.605268628234791E-006  1.209811659012211E+002
    516  1.599279037117029E-006  6.114879167768425E+001
    650  1.593773697524107E-006  1.090061273622073E+002
    852  1.551816935146447E-006  1.189308904937423E+002
    933  1.533606382926675E-006  1.272967505112425E+002
    424  1.496334897377713E-006  5.504400290817051E+001
   1043  1.490394199711998E-006  1.320181582363304E+002
    809  1.474426424628106E-006  1.168273457040169E+002
    664  1.468359029554010E-006  1.095868237421283E+002
    711  1.465484401820563E-006  1.117833092223069E+002
    235  1.463752080913154E-006  3.553329683850696E+001
    653  1.463339870581649E-006  1.090926521840726E+002
    615  1.462412744192900E-006  1.081646255451844E+002
    699  1.430609767498769E-006  1.111753891148923E+002
    442  1.390846945105405E-006  5.605259237502305E+001
    355  1.386702448592850E-006  4.365668409738398E+001
    982  1.372893947826665E-006  1.293230544301462E+002
    788  1.344341714130639E-006  1.157595566872355E+002
    614  1.322464741491585E-006  1.081499604581023E+002
    715  1.314703669334687E-006  1.119122168057061E+002
    499  1.312796819361907E-006  6.010190034988052E+001
    587  1.230666569851448E-006  1.072564562863978E+002
    178  1.224485525059487E-006  3.291892583427273E+001
    759  1.222974181979888E-006  1.132523759465808E+002
    729  1.208572826774777E-006  1.124070412533170E+002
    956  1.200002107377663E-006  1.283075816024711E+002
    414  1.183070031017542E-006  5.408443269732371E+001
    590  1.176274136516433E-006  1.073381491314167E+002
    362  1.136202780509926E-006  4.520209191521082E+001
    660  1.132228333273282E-006  1.093929129115852E+002
   1019  1.125541086937069E-006  1.307856127904329E+002
    606  1.111686759761173E-006  1.079754075340127E+002
    786  1.111177501083717E-006  1.156679892855772E+002
    985  1.095743770404669E-006  1.294454523269476E+002
    920  1.094452295417881E-006  1.265729199247587E+002
    758  1.084025530333172E-006  1.131945788764974E+002
    654  1.077181924021700E-006  1.091774321289355E+002
    678  1.076443858021679E-006  1.105298402911861E+002
    990  1.057842807515230E-006  1.297249883032466E+002
    705  1.052888960327308E-006  1.114879185885843E+002
    893  1.049699803026054E-006  1.225899968537864E+002
    463  1.035635541477902E-006  5.840368106338346E+001
    662  1.021808716692782E-006  1.094304874643061E+002
    961  9.762206277445392E-007  1.283826108536399E+002
    739  9.635087035564671E-007  1.126267264275300E+002
    987  9.597347991752088E-007  1.295218650079724E+002
    252  9.523440451018194E-007  3.681481496629917E+001
    483  9.493799555033417E-007  5.892865432514233E+001
    919  9.487736591943217E-007  1.264669767465423E+002
    931  9.473295151375441E-007  1.272754104030811E+002
    732  9.291467836554771E-007  1.124809932511083E+002
    211  9.189815558417051E-007  3.422885497659050E+001
    764  8.994493509248627E-007  1.137269990775531E+002
   1037  8.955880802552518E-007  1.316166834102353E+002
    612  8.903985771416776E-007  1.080838271474082E+002
    689  8.686380005455294E-007  1.108992280227757E+002
    688  8.667923202919188E-007  1.108652117541332E+002
    408  8.206917396676076E-007  5.368647704938994E+001
    978  8.121028013431079E-007  1.291764873003617E+002
    692  8.063603624512125E-007  1.109991362888409E+002
    925  8.039874853470818E-007  1.268943605090481E+002
    501  8.022179276621687E-007  6.025540211442135E+001
    901  8.001487869182672E-007  1.246352700151236E+002
    586  7.611590937813014E-007  1.072414988471015E+002
    884  7.563521512287762E-007  1.212913619330936E+002
    776  7.470435328878622E-007  1.150535509847603E+002
    379  7.242764053851786E-007  4.610002508350383E+001
    900  7.205363441757508E-007  1.240255399934555E+002
    989  7.170176924521012E-007  1.296856498562064E+002
    520  7.101179519130605E-007  6.117519869664547E+001
    736  7.075450322019518E-007  1.125700463249535E+002
    918  6.808982202118149E-007  1.263810693695273E+002
    708  6.687221312703605E-007  1.116659378913442E+002
    175  6.641849910315690E-007  3.282740528695558E+001
    993  6.557404736732881E-007  1.299638892136509E+002
    936  6.522551249669241E-007  1.275963114471066E+002
   1015  6.520509561975989E-007  1.306693309857935E+002
    805  6.501414591289437E-007  1.165442309434909E+002
    638  6.413263881005093E-007  1.087773663504995E+002
    811  6.381553016286136E-007  1.169131613251637E+002
    581  6.265862360025982E-007  1.069166383916512E+002
    861  6.241938691913726E-007  1.193618968506130E+002
    869  5.980318505490854E-007  1.201465244096069E+002
    935  5.948088991703013E-007  1.274477748704804E+002
    908  5.876451493608165E-007  1.256350992978881E+002
    859  5.795758131098442E-007  1.193117826572047E+002
    388  5.750618765657003E-007  4.916519389587509E+001
    714  5.427827194475191E-007  1.118865310298163E+002
     99  5.409310475063393E-007  2.813215700322161E+001
    766  5.267501799939742E-007  1.138313497862233E+002
   1014  5.140627885208559E-007  1.306579532637773E+002
    610  5.109571597330542E-007  1.080548791140610E+002
    879  5.082853322621319E-007  1.208628531744268E+002
   1051  5.077654589348724E-007  1.330173846663143E+002
    857  5.067313242540957E-007  1.192977858717030E+002
    782  4.843517896771561E-007  1.155663554633046E+002
    693  4.821006094569990E-007  1.110198391814811E+002
    263  4.773167132604881E-007  3.756851288337069E+001
    703  4.394206466846154E-007  1.113359924967504E+002
   1003  4.389643289710859E-007  1.302792324598297E+002
    839  4.353963665887976E-007  1.178451551754228E+002
    319  4.282433042735298E-007  3.955367029075058E+001
   1010  4.253597309958117E-007  1.305150376372933E+002
   1049  4.134146511579638E-007  1.325964910892840E+002
    779  4.034468840145525E-007  1.153237642854880E+002
    996  3.982622975500893E-007  1.300741546440489E+002
    818  3.898239338070732E-007  1.172202887178189E+002
   1041  3.768316673057780E-007  1.318604688563310E+002
    882  3.750983605533565E-007  1.212606419968792E+002
    792  3.691741719681290E-007  1.158579110744502E+002
    701  3.683071182666149E-007  1.112655741498095E+002
    974  3.626514758678022E-007  1.290391941684268E+002
   1017  3.470969273500637E-007  1.307020085696559E+002
    105  3.441750600408997E-007  2.872870804936272E+001
    718  3.379022526701520E-007  1.120307816427976E+002
    124  3.341242250109323E-007  2.953039329658957E+001
    652  3.285646149898164E-007  1.090805000764319E+002
     93  3.154075344915935E-007  2.801831476528660E+001
    824  3.110580113526421E-007  1.173851057796732E+002
    941  3.098115275787223E-007  1.277239710636116E+002
    980  3.015797145807738E-007  1.292322903638887E+002
    750  2.939088628463868E-007  1.128980084302201E+002
    834  2.908693912867796E-007  1.176651591794238E+002
    478  2.902534922490388E-007  5.880478287498814E+001
    135  2.895033419475682E-007  2.990996926970350E+001
    906  2.884212714557924E-007  1.253859334012492E+002
   1028  2.855243178730289E-007  1.312419762585663E+002
    878  2.833181847458657E-007  1.208553192243232E+002
    957  2.753371755446131E-007  1.283224605383935E+002
    284  2.708670043792770E-007  3.794002386601017E+001
    735  2.683297773626523E-007  1.125422257639707E+002
    847  2.667136460367110E-007  1.183795327778256E+002
    912  2.628928544962469E-007  1.259977317017505E+002
   1006  2.586282414282812E-007  1.303473844140781E+002
    226  2.533301323937048E-007  3.460914941435140E+001
    837  2.502452515000926E-007  1.177814246314451E+002
    856  2.476615591134366E-007  1.192407591408727E+002
    268  2.391281221325897E-007  3.765614789507087E+001
    752  2.369760699885280E-007  1.129825416205730E+002
    828  2.077439245089128E-007  1.175132070682912E+002
    598  2.008710918418725E-007  1.077082259858063E+002
     87  2.005763201448066E-007  2.773505635732142E+001
    999  2.003793796413575E-007  1.301340763851820E+002
    867  1.844643011030204E-007  1.199420338065019E+002
    914  1.722336225160517E-007  1.261343003660832E+002
   1007  1.701669202520881E-007  1.303971511397991E+002
    778  1.632350394454052E-007  1.153062331743218E+002
    858  1.616916810134827E-007  1.193043137223610E+002
    747  1.555975387982682E-007  1.128221651622354E+002
    194  1.552669992152671E-007  3.388123191050668E+001
    962  1.544426330505731E-007  1.284190833846668E+002
    864  1.531205933236480E-007  1.195154318953015E+002
    316  1.531019632660844E-007  3.947722492082590E+001
    819  1.515884178637814E-007  1.172617623112352E+002
    364  1.449521724091065E-007  4.528995878587361E+001
    437  1.421939803390298E-007  5.567668099873953E+001
    841  1.356970282792603E-007  1.180046875638410E+002
    342  1.204390538425397E-007  4.219280462450153E+001
    191  1.153709233146974E-007  3.372798248811258E+001
    655  1.055695353664240E-007  1.092114390318620E+002
     47  1.001250401000929E-007  2.514695584094496E+001
    416  9.854555440887146E-008  5.412105627361211E+001
    876  9.650822203053765E-008  1.207338716680959E+002
    149  9.551241816767382E-008  3.064428879965062E+001
    743  9.452899892977326E-008  1.126739704882794E+002
    440  8.832859576594197E-008  5.589934491235444E+001
    704  8.622103934510883E-008  1.114088220449556E+002
    537  7.967488962117864E-008  7.348438751630307E+001
    753  7.561881793701511E-008  1.130399909728984E+002
    850  7.406290331443061E-008  1.188640670964077E+002
    620  7.122449954523635E-008  1.083700393844588E+002
    946  7.035002013490379E-008  1.279201366409634E+002
   1025  6.512676200296100E-008  1.310823101564250E+002
    959  6.154989683814881E-008  1.283643788123119E+002
    881  6.003605540989181E-008  1.212001054655417E+002
    971  5.818832698692001E-008  1.289111652451389E+002
    726  5.477806618582560E-008  1.123280306605216E+002
    960  5.351906067434461E-008  1.283710541965592E+002
   1030  5.202873902618260E-008  1.313677884464318E+002
    833  5.190813964706170E-008  1.176450554682990E+002
    428  5.151778281648156E-008  5.539697768550786E+001
   1002  5.037313704751235E-008  1.301955720736593E+002
    979  4.489336437602336E-008  1.292073280791942E+002
    647  4.408390736771376E-008  1.089204596390746E+002
    885  3.913130667402120E-008  1.213849358963692E+002
    628  3.875333565909924E-008  1.085999071252231E+002
    568  3.831954971360244E-008  1.063884322375297E+002
    801  3.818796039541517E-008  1.162412158177078E+002
    904  3.304728282673398E-008  1.250437756508075E+002
    969  3.208796800916891E-008  1.288232913140608E+002
    734  3.102787631033773E-008  1.125227414297757E+002
    945  3.049554940145372E-008  1.278945431870569E+002
    823  2.692654181564342E-008  1.173434151863991E+002
    840  2.634689259985706E-008  1.179674198090055E+002
    490  2.534847959935687E-008  5.909746584665749E+001
    895  2.448492731792768E-008  1.231922658586809E+002
    611  2.255617317014024E-008  1.080609110523806E+002
    126  1.629277654763778E-008  2.957864372821811E+001
    629  1.535950601537435E-008  1.086436456014825E+002
    439  1.458727735743570E-008  5.581771077364913E+001
    863  1.380023258281346E-008  1.194780899982511E+002
    740  1.309492495643242E-008  1.126281679605138E+002
   1023  1.048145391766230E-008  1.309907545973144E+002
    773  1.027804299200577E-008  1.146041296786391E+002
    775  9.739767076788869E-009  1.149447083106751E+002
    932  6.912035529478211E-009  1.272890793904072E+002
    448  4.447445875477539E-009  5.707216855561523E+001
    443  4.277169842987798E-009  5.615506371008289E+001
    965  4.266404970123928E-009  1.286084743618769E+002
    888  3.625861514011425E-009  1.215384892766490E+002
    874  3.591147771797866E-009  1.206463359037059E+002
    872  2.829536985657716E-009  1.204992644439996E+002
    806  1.820786113327608E-009  1.165904998677036E+002
    891  1.532825990932150E-009  1.222344606190913E+002
    889  1.045908097413568E-009  1.221096476933091E+002
    710  4.321781448958191E-010  1.117114283703663E+002
    603  8.110941270150498E-011  1.078480909052838E+002
    720  3.467655282799520E-011  1.121496181246094E+002
    723  2.703341982500050E-011  1.122249597820348E+002
   1060  1.716285181940940E-012  1.336329109810919E+002
