# Number of modes
   1077
# Tabulated for different initial and final frequencies?
    F
# Mode index, Sj, (highest to lowest), omega_j
    547  5.369279766905344E-002  1.040413527560943E+002
    298  2.128455087475819E-002  3.860785506393049E+001
    390  2.036534432259585E-002  4.930034545373515E+001
      7  1.361737930746642E-002  1.598850297870253E+001
    291  9.781023048666116E-003  3.834865717601958E+001
     65  8.543691676119316E-003  2.645533186342116E+001
    387  7.725803933767319E-003  4.845493173747810E+001
   1066  7.392878454403432E-003  1.341339055776214E+002
     23  6.912259354876994E-003  2.160694502786773E+001
      8  6.489592961204389E-003  1.603898235084092E+001
   1048  6.179254961538902E-003  1.325281096806480E+002
    456  5.900033516460798E-003  5.758475825352298E+001
     24  5.354231788948622E-003  2.165827626673025E+001
     38  5.075819883685418E-003  2.415274881711009E+001
    553  5.010778597540029E-003  1.045844149005738E+002
    452  4.803015962600276E-003  5.732416656661538E+001
    293  4.672961122293531E-003  3.840315559517953E+001
    454  4.255351591835889E-003  5.753531790534946E+001
    566  4.113137846612453E-003  1.060197199307676E+002
    546  4.043814134337114E-003  1.038908634804570E+002
     27  3.559431414080202E-003  2.288948685305089E+001
     64  3.488783617895379E-003  2.637954322898939E+001
     16  3.023277749493756E-003  2.083990463296455E+001
    114  2.836633414013112E-003  2.903390568794284E+001
     60  2.796095200887772E-003  2.612817271153773E+001
    539  2.698791671854876E-003  1.004038214764926E+002
    544  2.678643228183114E-003  1.037287728441322E+002
     70  2.677635235563897E-003  2.683332853591699E+001
    391  2.658682765019045E-003  4.935295074539214E+001
    448  2.570275421242173E-003  5.707216855561523E+001
    551  2.563335516916338E-003  1.044758850995860E+002
    301  2.424446512253724E-003  3.874125966254066E+001
    580  2.378875084798900E-003  1.069063882425304E+002
     18  2.362125899993653E-003  2.124694793769305E+001
    248  2.261616353076024E-003  3.617742791171408E+001
    549  2.226256019293868E-003  1.043755820157491E+002
    299  2.205262148394946E-003  3.861147003050849E+001
    458  2.138134005166715E-003  5.780961640938520E+001
    554  2.120887395207686E-003  1.048978551747549E+002
   1067  2.112192245652168E-003  1.341872351276505E+002
    563  2.000591788771595E-003  1.058622417292547E+002
    446  1.934762501683254E-003  5.657515742254393E+001
    258  1.927267935358797E-003  3.725675246841864E+001
    392  1.747470790191138E-003  4.975569880244111E+001
    384  1.693347040322207E-003  4.693482184770667E+001
     58  1.663806965069107E-003  2.603619761911758E+001
    381  1.581994838655055E-003  4.623753374880091E+001
    450  1.574731147643941E-003  5.723022636777802E+001
     32  1.478500859379198E-003  2.386019687247388E+001
     17  1.476803073649763E-003  2.091913438766164E+001
      5  1.398636416969394E-003  1.580375607842547E+001
     31  1.347482512614051E-003  2.349957735236975E+001
    453  1.340907815068018E-003  5.734859743017803E+001
     67  1.328391482944275E-003  2.663955326886673E+001
    928  1.315359553250139E-003  1.271758190169006E+002
    356  1.250217009552671E-003  4.399929676237998E+001
    294  1.207206007534143E-003  3.844005427068350E+001
    926  1.182593063042874E-003  1.269935099435139E+002
    337  1.153903798987116E-003  4.125439580477820E+001
   1047  1.143188956106984E-003  1.324683504365100E+002
     20  1.123836581880395E-003  2.146722812704134E+001
    358  1.094839481319000E-003  4.418411045040358E+001
    535  1.088976048342797E-003  7.234684016852472E+001
    330  1.086427118830580E-003  4.000719691328421E+001
     71  1.076087310573932E-003  2.691074291878593E+001
    199  9.866236109246232E-004  3.411214171315592E+001
      2  9.849284556690844E-004  1.507477314615795E+001
    346  9.787933237669954E-004  4.251353138364797E+001
    229  9.588234245295959E-004  3.477639317683153E+001
     21  9.427543843838280E-004  2.149552581175353E+001
    142  8.825381397986409E-004  3.011700635419402E+001
    283  8.743925867494396E-004  3.781664732037148E+001
    582  8.078774964364317E-004  1.069886979669129E+002
    570  7.925877414885348E-004  1.064458450110351E+002
    455  7.258532584047461E-004  5.757818593173593E+001
    255  7.084734388733486E-004  3.705801266502003E+001
    503  6.988142724291556E-004  6.062899617907863E+001
    292  6.987082725433708E-004  3.837765227419467E+001
     45  6.874549411362551E-004  2.505629895200580E+001
     11  6.641021939580251E-004  1.771447447329438E+001
    341  6.575317664978583E-004  4.207899368185591E+001
     14  6.435285527032298E-004  2.047451167645159E+001
    385  6.404083678052188E-004  4.744969147605799E+001
    347  6.288530268766249E-004  4.251894246220620E+001
    543  6.121830784907109E-004  1.026098663261161E+002
    296  6.054685193956327E-004  3.847026909032138E+001
     85  5.788372488687477E-004  2.757726243328665E+001
    875  5.678344672144716E-004  1.206504418490652E+002
    929  5.663746306031125E-004  1.272324166790593E+002
    376  5.651150591796122E-004  4.578482274843697E+001
    160  5.638067457437526E-004  3.140287364756382E+001
    536  5.578166375125431E-004  7.244369170766353E+001
    329  5.481081870043894E-004  3.994917835777716E+001
    378  5.454232636148616E-004  4.609481655347708E+001
     86  5.360287549133970E-004  2.760340701365068E+001
    479  5.279106849839817E-004  5.886156225440574E+001
    537  5.241249270911308E-004  7.348438751630307E+001
    188  5.213698180776267E-004  3.343297855491465E+001
      4  5.189164842562999E-004  1.555889535187236E+001
   1075  5.129768275059002E-004  1.852007864492208E+002
     95  5.103338951559088E-004  2.806113631432304E+001
    344  5.094760639051262E-004  4.229281490750487E+001
     66  4.989630685643611E-004  2.653041695388611E+001
   1071  4.876208173075066E-004  1.353191143310252E+002
    241  4.863603020278875E-004  3.573178726353736E+001
    161  4.704545894478318E-004  3.141544799468193E+001
    270  4.680168468539367E-004  3.767493462479421E+001
   1057  4.598108720925226E-004  1.332882698940204E+002
    290  4.494090247813806E-004  3.834059039797889E+001
    207  4.387415974557587E-004  3.419271829752626E+001
    247  4.244942572556085E-004  3.613855018049320E+001
   1050  4.177191919474765E-004  1.326682006609648E+002
    302  4.111925973054900E-004  3.874867387838012E+001
   1058  4.087980667331719E-004  1.334381531708862E+002
     74  4.043465648866179E-004  2.706787664592100E+001
   1029  3.999367270104948E-004  1.312589073638632E+002
   1053  3.966690744114689E-004  1.331993000158318E+002
    379  3.947273504859327E-004  4.610002508350383E+001
    393  3.926636844422998E-004  5.117422678475859E+001
    494  3.916108609017386E-004  5.959072402434833E+001
    205  3.887308020242190E-004  3.418138862993963E+001
    988  3.877974722993273E-004  1.295230022337254E+002
    245  3.845934587582380E-004  3.584895809931362E+001
    510  3.843539472005196E-004  6.106496915014706E+001
     52  3.833996235944471E-004  2.532370304309600E+001
     36  3.817233047914705E-004  2.408548968715760E+001
    807  3.775973462780908E-004  1.166040027024774E+002
    374  3.772808948736011E-004  4.576894168844035E+001
    251  3.761538678466775E-004  3.670193646720268E+001
    572  3.699710278593332E-004  1.066354688575440E+002
    259  3.577304062771589E-004  3.731129763636223E+001
     79  3.531611879221641E-004  2.728143790603452E+001
    166  3.521019848880439E-004  3.197534022905977E+001
     80  3.439068519776062E-004  2.737665388114407E+001
    156  3.429824113090845E-004  3.133959801814033E+001
     46  3.425747828835776E-004  2.508968851186969E+001
    380  3.377964817269578E-004  4.621788456267294E+001
    232  3.372435870874735E-004  3.530982942235851E+001
    106  3.364242526458331E-004  2.873147041157064E+001
    183  3.351000519678545E-004  3.317747871488443E+001
    101  3.335190917717752E-004  2.816121926613436E+001
    132  3.314040014588670E-004  2.978147182311027E+001
    417  3.279506132749463E-004  5.432386496665636E+001
    274  3.255057482425295E-004  3.771469066363962E+001
    289  3.215137741719544E-004  3.832422991649202E+001
    557  3.200145808408167E-004  1.053298087456868E+002
    273  3.192379910614904E-004  3.771236202405859E+001
    348  3.182439993902453E-004  4.278252907839931E+001
     51  3.153375523016071E-004  2.527497960196780E+001
    395  3.056207903903099E-004  5.279005865968511E+001
    403  3.040139095283252E-004  5.332276567118551E+001
    212  3.034020693551670E-004  3.425448747044050E+001
    186  3.021447865883621E-004  3.335079910483972E+001
    202  3.000204574381348E-004  3.414693728338715E+001
   1062  2.998769181621731E-004  1.338537297016246E+002
    476  2.966766175475904E-004  5.874284760292872E+001
   1045  2.955617568928972E-004  1.322246800166877E+002
    230  2.874551224853740E-004  3.507000892128892E+001
    303  2.804522720713068E-004  3.891633174738261E+001
    195  2.764384707692572E-004  3.399004655216064E+001
    464  2.750235861600391E-004  5.841767339850505E+001
    325  2.714184149768840E-004  3.979678053884171E+001
    331  2.707066233138408E-004  4.033978069592825E+001
    802  2.664306393040861E-004  1.163074247182627E+002
    282  2.651964657541094E-004  3.781601762519486E+001
    320  2.642522587133460E-004  3.958466091098631E+001
    143  2.625052552909112E-004  3.021552765862468E+001
    322  2.585170195679482E-004  3.962934885257222E+001
    180  2.560079725544650E-004  3.306959511625761E+001
    288  2.527085697226443E-004  3.825168870868715E+001
    521  2.516728730921953E-004  6.120499406654021E+001
    947  2.501048754857597E-004  1.280025795512814E+002
    236  2.489505173505618E-004  3.558504171265294E+001
    799  2.489023373175873E-004  1.161655148393659E+002
    585  2.371106886288257E-004  1.071721890576240E+002
     97  2.332675967976699E-004  2.809615145046481E+001
    221  2.322238443293832E-004  3.444064242877499E+001
    472  2.317217332477456E-004  5.860732378330380E+001
    357  2.245408888365920E-004  4.413715889769129E+001
    310  2.238820092988904E-004  3.933560718805473E+001
      3  2.208509841498204E-004  1.530095081680193E+001
    158  2.207063408168850E-004  3.138637587596471E+001
    108  2.204829567987444E-004  2.884206820739177E+001
    516  2.183430910503591E-004  6.114879167768425E+001
    300  2.143847740800321E-004  3.871033423098082E+001
    231  2.115289530259220E-004  3.529195130720404E+001
     57  2.104933106302962E-004  2.601044601303876E+001
     81  2.079867397789480E-004  2.737831616504717E+001
    208  2.077310943336112E-004  3.420400517096608E+001
     92  2.073494612372320E-004  2.796966533379813E+001
    401  2.039819902452901E-004  5.310952948046032E+001
    919  2.011885783085554E-004  1.264669767465423E+002
    272  2.002591724175117E-004  3.770876893490352E+001
    218  1.983403064168439E-004  3.434087154455664E+001
    389  1.977924330313167E-004  4.924612888004685E+001
    575  1.972135614427297E-004  1.067636975144964E+002
   1052  1.971674061536267E-004  1.330891459743712E+002
    153  1.960666285863849E-004  3.119128674334460E+001
    568  1.929632545432460E-004  1.063884322375297E+002
    196  1.918895298279037E-004  3.402217963204272E+001
    449  1.905957727235301E-004  5.713782918039372E+001
    451  1.859316108871998E-004  5.726939793781466E+001
    934  1.853249423846762E-004  1.274026915475210E+002
     25  1.849482130570062E-004  2.268285797328677E+001
   1070  1.826593415083665E-004  1.350535885837313E+002
     43  1.810286243729064E-004  2.485090944939308E+001
    134  1.807823212592912E-004  2.989081555609098E+001
     78  1.803958429824265E-004  2.724001953302053E+001
    133  1.790761648395224E-004  2.980777525245198E+001
    474  1.787937762222764E-004  5.866520048333617E+001
    138  1.776011255238463E-004  2.998810658959070E+001
    970  1.771150689215650E-004  1.288440499253601E+002
    131  1.758130218528310E-004  2.976719894627799E+001
    343  1.748914691806998E-004  4.223776350771931E+001
    515  1.741821510103200E-004  6.113166482037749E+001
    184  1.741198335963419E-004  3.328145954751520E+001
    338  1.739926469365640E-004  4.143596746217444E+001
    564  1.715052137576818E-004  1.059223740174141E+002
    524  1.708123573481850E-004  6.196836567938324E+001
    552  1.697249615661766E-004  1.045004516183760E+002
    778  1.673765690156515E-004  1.153062331743218E+002
    396  1.653163315783764E-004  5.292259014309509E+001
     89  1.652277053978888E-004  2.787565477396676E+001
    223  1.638691366752202E-004  3.452101188794168E+001
    109  1.630257247793479E-004  2.888359254004277E+001
    386  1.588245369380392E-004  4.778448827008048E+001
    442  1.571126998345566E-004  5.605259237502305E+001
     28  1.563786369590625E-004  2.303576073275412E+001
    372  1.550494763702343E-004  4.569660817760900E+001
     68  1.515300805454909E-004  2.665958995788216E+001
    352  1.506349753477141E-004  4.345183818831803E+001
    371  1.503757978466747E-004  4.567834615857563E+001
      6  1.476275600283120E-004  1.593905863128156E+001
    340  1.452304489579193E-004  4.203744443197692E+001
    304  1.449542586294670E-004  3.902642388250331E+001
    783  1.447733432802936E-004  1.155776779712016E+002
     62  1.433739242143119E-004  2.630569023157911E+001
    394  1.402855285128342E-004  5.275338077531283E+001
    275  1.394865541021830E-004  3.771871208633355E+001
    249  1.349065516512754E-004  3.643158917315001E+001
    237  1.343907395428392E-004  3.561350513334219E+001
   1044  1.338613763587423E-004  1.320835593454495E+002
    478  1.336298414264835E-004  5.880478287498814E+001
    444  1.315047777841107E-004  5.640873014994138E+001
     34  1.300718608805565E-004  2.394870774261297E+001
    924  1.296829571113899E-004  1.267645350898773E+002
    560  1.292407999995050E-004  1.057397922085461E+002
    163  1.284021110792932E-004  3.148605603035891E+001
    121  1.272098728091966E-004  2.937009161569695E+001
    116  1.267918132788982E-004  2.910094471225916E+001
    793  1.241588810841196E-004  1.158943894419280E+002
    150  1.222252227958100E-004  3.095380367517388E+001
    336  1.212795450484374E-004  4.106442919982931E+001
    382  1.203499092850579E-004  4.661435463500721E+001
    493  1.201597263135398E-004  5.956939432616837E+001
    868  1.189882496853560E-004  1.199994649602093E+002
    981  1.172633200733068E-004  1.292686845988868E+002
    174  1.161184834796859E-004  3.277024257542895E+001
    514  1.157623820065201E-004  6.112143562944963E+001
    168  1.144455052245152E-004  3.223239881301075E+001
    214  1.125927204216365E-004  3.429158842681225E+001
    359  1.125336689458018E-004  4.440820660542785E+001
    191  1.103540931052730E-004  3.372798248811258E+001
    280  1.087514444785399E-004  3.777070006257392E+001
    440  1.063074947423612E-004  5.589934491235444E+001
    246  1.060807383032791E-004  3.612200287477440E+001
    587  1.055062174859414E-004  1.072564562863978E+002
     29  1.051342795186450E-004  2.304600720746813E+001
    791  1.050314649313403E-004  1.158399885308925E+002
    466  1.049481620972520E-004  5.848631456847294E+001
    526  1.041464475190479E-004  6.205614154690332E+001
    578  1.040606572189823E-004  1.068696587706935E+002
    319  1.024901735685391E-004  3.955367029075058E+001
    239  1.021277650621617E-004  3.564788119351169E+001
    879  1.018041836583036E-004  1.208628531744268E+002
    422  1.001727292569342E-004  5.478392604221921E+001
    189  9.860919174653654E-005  3.348575581421191E+001
    777  9.748331226385804E-005  1.150636811545726E+002
    525  9.725362550006419E-005  6.201689187624501E+001
    267  9.715197651300581E-005  3.763942844703926E+001
     26  9.613402156883200E-005  2.275577786050195E+001
    194  9.539583057366406E-005  3.388123191050668E+001
    324  9.454917362821236E-005  3.965813849875591E+001
    402  9.426168674056346E-005  5.323403324336612E+001
    215  9.384185920423282E-005  3.430912489816387E+001
    307  9.380953449329839E-005  3.924418415703018E+001
     35  9.338709746828132E-005  2.406163852032448E+001
    618  9.336350511296058E-005  1.083041655146542E+002
    461  9.290505426574211E-005  5.832169084274378E+001
    630  9.183864508922368E-005  1.086464564510315E+002
    460  9.154093131274610E-005  5.821511818989060E+001
    177  9.139369370243813E-005  3.286305119332699E+001
    480  9.105318729399825E-005  5.887142017505539E+001
    538  9.091986506881015E-005  8.801939400846273E+001
    420  9.029813776897756E-005  5.464265012038360E+001
    502  8.870698432888995E-005  6.033057478557798E+001
    148  8.854984884202569E-005  3.055713011308698E+001
     96  8.659742948660050E-005  2.807603105873968E+001
    613  8.641452023727890E-005  1.081325074305931E+002
     50  8.631156279269445E-005  2.524792740229145E+001
    314  8.588093847340615E-005  3.944402428691944E+001
    257  8.534281568090702E-005  3.716053985696894E+001
    880  8.337944348592399E-005  1.209811659012211E+002
    355  8.317627842865130E-005  4.365668409738398E+001
    565  8.267813750334622E-005  1.059848591127986E+002
    334  8.160960053302538E-005  4.055961280242965E+001
    635  8.150966763976108E-005  1.087402789130293E+002
    276  7.945911905407233E-005  3.774173651101562E+001
    404  7.943594405341980E-005  5.332919471058649E+001
    254  7.908646983734813E-005  3.696870162494890E+001
    176  7.743882226754587E-005  3.283702642513862E+001
    317  7.669468480809555E-005  3.952108816795088E+001
    513  7.650181429761230E-005  6.111701004965728E+001
    673  7.511580832639005E-005  1.101090602242966E+002
    523  7.479473554280469E-005  6.195141091349550E+001
    772  7.406928690673094E-005  1.144444014986270E+002
    104  7.406421284560240E-005  2.863475114667724E+001
   1055  7.308369426340956E-005  1.332315483337306E+002
    573  7.299170527236084E-005  1.066520968004064E+002
    137  7.265540700011974E-005  2.996307755422044E+001
    425  7.225248892269228E-005  5.512885982268182E+001
    266  7.110871334529487E-005  3.763404507858488E+001
    463  7.063495644595460E-005  5.840368106338346E+001
    136  7.034373666939703E-005  2.995197020395121E+001
    789  7.029256696199722E-005  1.157939903252585E+002
    892  7.010134868260110E-005  1.223146913863671E+002
    327  7.010049371570709E-005  3.980649710729982E+001
    285  7.008518255153628E-005  3.794670187788559E+001
    335  6.969356813245427E-005  4.064698242871874E+001
    427  6.874133040377685E-005  5.530625255614972E+001
   1026  6.841236113392705E-005  1.310988308446859E+002
    555  6.828511284579539E-005  1.049505825405343E+002
     12  6.640894410574561E-005  1.791855268392995E+001
     84  6.621637700939192E-005  2.748397341497807E+001
    233  6.621429809649782E-005  3.536858076063520E+001
      9  6.565179321406478E-005  1.615282072713023E+001
    604  6.475097537322327E-005  1.078901483894559E+002
     91  6.342979287638302E-005  2.795709450840539E+001
    309  6.313571015283378E-005  3.929268620446922E+001
    162  6.276567728002786E-005  3.142013005221356E+001
    937  6.249543170842842E-005  1.275975168353670E+002
    485  6.241690957555927E-005  5.896971858223063E+001
   1041  6.176337171782889E-005  1.318604688563310E+002
    471  6.134106927503492E-005  5.859921299406331E+001
    349  6.107840290535035E-005  4.279212686889406E+001
    222  6.101477692713715E-005  3.444665555523785E+001
    457  6.094621111463915E-005  5.770039153165104E+001
    157  6.083630334537705E-005  3.136040875348826E+001
     72  6.052038707315529E-005  2.695844835194747E+001
    816  6.044133262985653E-005  1.170854692244173E+002
    694  5.998179722708195E-005  1.110208923005156E+002
     44  5.995377224742802E-005  2.487547588775838E+001
    117  5.840913494127890E-005  2.915145470361619E+001
    571  5.803283213294746E-005  1.065760725477823E+002
    659  5.732575440317840E-005  1.093169473413985E+002
    262  5.659968428660513E-005  3.754826259370084E+001
    542  5.646473674081350E-005  1.021380905135569E+002
    921  5.488662177686382E-005  1.266347372507485E+002
    602  5.465428669307639E-005  1.078335831208874E+002
    498  5.458778757769614E-005  6.006055704270973E+001
    370  5.403549654674898E-005  4.562254251008403E+001
    887  5.398442439444202E-005  1.215278324822884E+002
    550  5.369384420961468E-005  1.044255141670578E+002
     69  5.295860914971512E-005  2.667931486079132E+001
    531  5.282943716046820E-005  6.280622541285696E+001
    808  5.264925532784103E-005  1.166438640424820E+002
    873  5.249249844906791E-005  1.205400953636918E+002
    234  5.138180863513844E-005  3.541632958107625E+001
    541  5.134663268683382E-005  1.020561485810812E+002
    187  5.117764109780999E-005  3.338593491458187E+001
    813  5.117714514661259E-005  1.170211975618395E+002
    281  5.033841984964276E-005  3.778222215271058E+001
    530  5.020746783962861E-005  6.265828803408258E+001
     30  4.938228164539152E-005  2.339033246897357E+001
    986  4.938165198436088E-005  1.294778988001748E+002
    672  4.901962422458246E-005  1.100523893058521E+002
    470  4.819522948264246E-005  5.858950887133865E+001
    489  4.788927512502440E-005  5.906665573291085E+001
    528  4.785657249329488E-005  6.211763689923020E+001
    497  4.756622231967080E-005  5.984833423050026E+001
    886  4.720150430190445E-005  1.214498350996194E+002
    242  4.703395599799117E-005  3.575330164903793E+001
    261  4.648322920135522E-005  3.751537038816641E+001
    897  4.629138008843309E-005  1.233154024205701E+002
    678  4.616468428782522E-005  1.105298402911861E+002
     59  4.593212155809169E-005  2.608228483109795E+001
   1038  4.542380777473079E-005  1.317153469634680E+002
    167  4.534947362637759E-005  3.206734480721192E+001
    256  4.529612230861494E-005  3.708485200545782E+001
    105  4.506221305116917E-005  2.872870804936272E+001
    297  4.477333530978352E-005  3.850412000814609E+001
    323  4.442597858330021E-005  3.963162035223775E+001
    477  4.437159311363863E-005  5.875439662154096E+001
    305  4.420021234140280E-005  3.919092577852600E+001
    361  4.334128031856146E-005  4.509188248244521E+001
    930  4.290155068251643E-005  1.272550109882912E+002
    368  4.255532819258294E-005  4.552075151204606E+001
    855  4.207790869556635E-005  1.192335282432478E+002
    351  4.188220295655574E-005  4.290814690346715E+001
    264  4.175733275485094E-005  3.760740200223662E+001
    171  4.139380678688411E-005  3.251692712246987E+001
    509  4.113250522476246E-005  6.104665142125116E+001
    865  4.095108637927127E-005  1.195233182598442E+002
    269  4.077095480871083E-005  3.766609016559832E+001
     10  4.015548129942324E-005  1.630017574824609E+001
    360  4.005335922235348E-005  4.501412031898634E+001
    916  3.993948438340932E-005  1.261858055404796E+002
    832  3.972937539327773E-005  1.176150872586579E+002
    152  3.921719183839162E-005  3.107793476288124E+001
     75  3.917205274277290E-005  2.717284531466260E+001
    511  3.881152739277193E-005  6.108291035790679E+001
    942  3.880331315047135E-005  1.277896527703618E+002
    198  3.871699742652913E-005  3.410095577154824E+001
    217  3.834283942245724E-005  3.432077633458158E+001
    763  3.832924273954521E-005  1.136578287383470E+002
    561  3.820925018667484E-005  1.057823475786052E+002
    984  3.797277858148081E-005  1.293776492189174E+002
    666  3.791560772150622E-005  1.096961217429448E+002
    339  3.785368151403649E-005  4.199721405536648E+001
    518  3.744379048542418E-005  6.116565427175681E+001
    193  3.744051907560587E-005  3.387383688791338E+001
    997  3.728888992999118E-005  1.300952728722026E+002
    192  3.717840394812397E-005  3.373139183933635E+001
    182  3.702616054445203E-005  3.313118961536368E+001
   1064  3.672211296079953E-005  1.339182935247794E+002
   1068  3.636752287903234E-005  1.342139437973118E+002
    295  3.625372489684057E-005  3.844649820311862E+001
    306  3.586959291098288E-005  3.922583615449084E+001
    367  3.563250312149372E-005  4.546665367422378E+001
   1020  3.539377004508512E-005  1.308300137670077E+002
    432  3.438386069306309E-005  5.551253331854516E+001
    594  3.419311355729486E-005  1.075267994995216E+002
    318  3.417175281337396E-005  3.952690512520030E+001
    201  3.411860760237343E-005  3.413905621996786E+001
    945  3.411016211330224E-005  1.278945431870569E+002
    633  3.391901694213447E-005  1.086770367044967E+002
    559  3.390997053112079E-005  1.054467335457494E+002
    147  3.390293512884520E-005  3.045498909450352E+001
    115  3.381929292211618E-005  2.908676806680809E+001
    940  3.372485565957065E-005  1.277053477702196E+002
     88  3.360596661135812E-005  2.776495450944637E+001
    211  3.356815910603857E-005  3.422885497659050E+001
    486  3.345515060936464E-005  5.898078655703418E+001
    687  3.341065523223492E-005  1.108477970364615E+002
    190  3.334953192924186E-005  3.352213579831744E+001
    884  3.265489881814010E-005  1.212913619330936E+002
    751  3.258168432922625E-005  1.129352725370382E+002
    950  3.090329542339674E-005  1.281356928004739E+002
    975  3.007150454072626E-005  1.290479361570385E+002
    817  2.962388024120050E-005  1.171745914510001E+002
    423  2.927033734911068E-005  5.491452382822700E+001
    989  2.921727911088441E-005  1.296856498562064E+002
    636  2.903473934558750E-005  1.087412284437008E+002
    284  2.898627209595842E-005  3.794002386601017E+001
    468  2.889367421473540E-005  5.850419738659161E+001
    558  2.873908973022882E-005  1.054235904423783E+002
    430  2.870933125222178E-005  5.544226538226409E+001
      1  2.855325024230618E-005  1.480943860687432E+001
    165  2.850392203969865E-005  3.194792507678593E+001
   1001  2.842020172577178E-005  1.301907504163165E+002
   1074  2.824859702445276E-005  1.357832717908243E+002
   1046  2.823294308743455E-005  1.322741703884410E+002
    680  2.817822863087172E-005  1.106808485277705E+002
    206  2.811489592437550E-005  3.418711639611698E+001
    345  2.792699540781118E-005  4.248475366295001E+001
    107  2.787653301231785E-005  2.880093649968087E+001
    569  2.769370598647968E-005  1.064024371239422E+002
    656  2.745219577763512E-005  1.092383325553483E+002
    308  2.742699320819050E-005  3.924824416979163E+001
    574  2.728933467719296E-005  1.067089856517616E+002
    102  2.724952304113135E-005  2.838723287464182E+001
    377  2.723902784758206E-005  4.580996274485975E+001
    698  2.697608017021653E-005  1.111543499618823E+002
    366  2.693900077769942E-005  4.541480133184800E+001
    103  2.690598895474755E-005  2.854698030319213E+001
     13  2.679482136105527E-005  2.038781372204352E+001
    312  2.657086973870814E-005  3.940338989709551E+001
    938  2.644397339150613E-005  1.276246332177813E+002
   1039  2.640217946069853E-005  1.317789778316224E+002
    595  2.625626188486476E-005  1.075727311228692E+002
   1063  2.606451799502937E-005  1.338610239777397E+002
   1060  2.603007243038529E-005  1.336329109810919E+002
    748  2.588996465850819E-005  1.128453459062848E+002
    469  2.587146684206252E-005  5.857260373695996E+001
   1018  2.581388447835559E-005  1.307425624046459E+002
    644  2.576183983337145E-005  1.088699046594824E+002
    768  2.570022094049986E-005  1.140511281344195E+002
    733  2.568338694398473E-005  1.125211996768446E+002
    966  2.564195792089308E-005  1.287120665380274E+002
    684  2.553942293535998E-005  1.108055531440044E+002
    757  2.540645570845646E-005  1.131455979007981E+002
    909  2.520076933766817E-005  1.256671150468244E+002
   1031  2.517053544596404E-005  1.313824495210718E+002
    119  2.502296471407333E-005  2.929038281335912E+001
    426  2.481382601842890E-005  5.521112029631625E+001
    610  2.445432599092925E-005  1.080548791140610E+002
    605  2.426964529462213E-005  1.079476682950407E+002
    120  2.406531378756387E-005  2.935022978395871E+001
    216  2.406061390438366E-005  3.431915233475488E+001
    624  2.388983372565594E-005  1.084534043855216E+002
    112  2.383695504107795E-005  2.893182478938967E+001
    413  2.349095417604384E-005  5.407796767412047E+001
    663  2.344820486077759E-005  1.095408569103236E+002
    860  2.295190005279731E-005  1.193608179742887E+002
    135  2.294107099350771E-005  2.990996926970350E+001
   1072  2.287499946461633E-005  1.354275255218108E+002
    144  2.271179273064100E-005  3.023024488043693E+001
    658  2.257217174630699E-005  1.092752908733605E+002
    596  2.243476924625927E-005  1.076305596761092E+002
    629  2.232566893380882E-005  1.086436456014825E+002
    899  2.223938201024132E-005  1.237750393258326E+002
     41  2.214441532379214E-005  2.434332602389209E+001
    590  2.163252131414192E-005  1.073381491314167E+002
    626  2.140975865184178E-005  1.085197354965440E+002
    616  2.137284561735697E-005  1.081902144651443E+002
    622  2.136109417983144E-005  1.084041586407917E+002
   1042  2.127787378532102E-005  1.319938555239870E+002
    250  2.121403434657939E-005  3.645071914574685E+001
    955  2.093598798347474E-005  1.283043098504922E+002
    487  2.078264744768438E-005  5.901096182276392E+001
    639  2.064424352871581E-005  1.087924757147032E+002
    706  2.036943572785373E-005  1.115644797142602E+002
    871  2.031059164905222E-005  1.204638135739833E+002
    577  2.023401179901771E-005  1.068269012623950E+002
    181  2.007508300877599E-005  3.309588236011395E+001
    576  1.998734614596954E-005  1.068188420241767E+002
    661  1.977864431415192E-005  1.094040232551639E+002
    375  1.977598279637085E-005  4.577921754207221E+001
    744  1.968125406282357E-005  1.127340165661099E+002
    593  1.967014271535361E-005  1.074633420950339E+002
    118  1.919620481146306E-005  2.927665934202001E+001
    896  1.915304288686398E-005  1.231967026860033E+002
    649  1.867154099617813E-005  1.089557122086210E+002
    762  1.863767572493904E-005  1.134504722361933E+002
    727  1.858130879754897E-005  1.123838421661365E+002
    665  1.807178065361167E-005  1.096195054263975E+002
   1014  1.805614017298998E-005  1.306579532637773E+002
   1043  1.790783228901011E-005  1.320181582363304E+002
    902  1.787697195392913E-005  1.246861225619736E+002
    433  1.777284041785073E-005  5.552394895078822E+001
    774  1.760591093563486E-005  1.147299018357027E+002
    155  1.758251960529328E-005  3.129077640287002E+001
    803  1.747588744992192E-005  1.163959410830473E+002
    712  1.746741014382547E-005  1.118479116964762E+002
    220  1.745505248664404E-005  3.440936379612124E+001
    745  1.742325509342462E-005  1.127541380335163E+002
    321  1.729677984102489E-005  3.959878738143280E+001
    674  1.719553868340761E-005  1.101627157855635E+002
    508  1.715608953089419E-005  6.101348113010317E+001
    373  1.707526286798256E-005  4.573517441489172E+001
    527  1.706783067862047E-005  6.211137902133680E+001
    465  1.697441335743475E-005  5.845233409136720E+001
    271  1.689245213421935E-005  3.769377629908810E+001
    170  1.673170167710554E-005  3.240864442722207E+001
    507  1.666175198475615E-005  6.098134465730102E+001
    579  1.663247627000365E-005  1.068810185812333E+002
    825  1.660179429269606E-005  1.174155068731360E+002
    438  1.655122282959536E-005  5.568774314714533E+001
    313  1.648458398464378E-005  3.941220320488696E+001
   1065  1.613060880236545E-005  1.340986810838602E+002
    586  1.610239689204730E-005  1.072414988471015E+002
    693  1.596874284091132E-005  1.110198391814811E+002
    123  1.591269378844338E-005  2.945706723223188E+001
    584  1.586259917393345E-005  1.071415131646536E+002
    877  1.570314402627184E-005  1.207635072396237E+002
    365  1.555384812413648E-005  4.540196146988517E+001
    756  1.554141544243381E-005  1.131019348749128E+002
     55  1.542707050812940E-005  2.564739582447731E+001
    731  1.508488953538737E-005  1.124795031346507E+002
   1069  1.506619363969344E-005  1.347402109836953E+002
    522  1.495770400113141E-005  6.189501394570030E+001
     47  1.479248810589145E-005  2.514695584094496E+001
    700  1.464950904833331E-005  1.112187707043413E+002
    520  1.462622049631030E-005  6.117519869664547E+001
     19  1.458850164743768E-005  2.137958735177528E+001
    243  1.457919220693457E-005  3.580427376176280E+001
    437  1.457203730030244E-005  5.567668099873953E+001
     94  1.443040329448973E-005  2.803048707399637E+001
    583  1.441901882050632E-005  1.070323413352247E+002
    729  1.427303636204555E-005  1.124070412533170E+002
    848  1.422814306220273E-005  1.185512117490796E+002
    765  1.420677985247260E-005  1.138034732037320E+002
    113  1.411387038385738E-005  2.894608485543543E+001
    820  1.411027081280245E-005  1.173160626674297E+002
    567  1.388245238723149E-005  1.061175767374582E+002
    870  1.383310498990496E-005  1.203621491035894E+002
   1007  1.378160062962012E-005  1.303971511397991E+002
    641  1.354868873890815E-005  1.088136450829588E+002
   1076  1.351245307316505E-005  1.858411948136732E+002
    435  1.342231009321925E-005  5.559833163642786E+001
    406  1.336401886283331E-005  5.347162595814701E+001
    209  1.332748267056726E-005  3.420776675567321E+001
    481  1.329966356893534E-005  5.889564718758225E+001
    519  1.312831697662776E-005  6.116666091909611E+001
    898  1.294955859106634E-005  1.236287338505038E+002
    591  1.290855995480180E-005  1.073970459895217E+002
    695  1.287292254557912E-005  1.110404578737834E+002
    968  1.285070291118448E-005  1.287893908307005E+002
    786  1.263099724734677E-005  1.156679892855772E+002
    746  1.261100763988940E-005  1.128150956859242E+002
    411  1.251412987976767E-005  5.390414096058870E+001
    708  1.231509873529649E-005  1.116659378913442E+002
    482  1.230189449654166E-005  5.890508639424976E+001
    713  1.221476063787823E-005  1.118750446375970E+002
    769  1.210093340636456E-005  1.141494817506874E+002
   1011  1.208617339167422E-005  1.305590563134582E+002
    492  1.194913187289440E-005  5.919740097208313E+001
   1017  1.193579055857968E-005  1.307020085696559E+002
    810  1.189631176846973E-005  1.168542717379606E+002
    238  1.175128643666538E-005  3.562010162214489E+001
    905  1.173526106204995E-005  1.252963463377060E+002
    441  1.164649815642342E-005  5.602297434426368E+001
    504  1.161393013917094E-005  6.073767201700102E+001
    615  1.155179480373900E-005  1.081646255451844E+002
    130  1.150678742401654E-005  2.969026097336859E+001
    677  1.146516413824792E-005  1.104103779431708E+002
    948  1.142040037392416E-005  1.280530341997139E+002
    958  1.135375484094811E-005  1.283326337970340E+002
    717  1.120960142256080E-005  1.119901298340990E+002
    667  1.105293123674600E-005  1.098231148083649E+002
    462  1.098348067394207E-005  5.834568949164402E+001
    858  1.093792484228567E-005  1.193043137223610E+002
    491  1.093119042156498E-005  5.916484178919298E+001
     61  1.091039393699922E-005  2.623624111749398E+001
     99  1.082827465921296E-005  2.813215700322161E+001
   1032  1.082662957553375E-005  1.314270448258869E+002
    529  1.079862994671509E-005  6.213305424318654E+001
    179  1.061389735398243E-005  3.301071504933698E+001
    849  1.058010802705130E-005  1.186556798515274E+002
    964  1.056232516577267E-005  1.284811881676410E+002
    689  1.044625793580941E-005  1.108992280227757E+002
    415  1.038247315153990E-005  5.409773008136273E+001
    670  1.035583294771692E-005  1.099218253642219E+002
    890  1.014687322720713E-005  1.222269695705770E+002
    495  1.014145003781512E-005  5.971063876484735E+001
   1034  1.011270127632903E-005  1.314975717016592E+002
    260  1.003804830458813E-005  3.745846822965304E+001
    771  1.000527838447566E-005  1.142541813627527E+002
    127  9.925633048154083E-006  2.958197907168710E+001
    991  9.782024543086858E-006  1.298309517843196E+002
    719  9.602722536275299E-006  1.120361196403708E+002
    634  9.602501415009467E-006  1.087110579745548E+002
    853  9.472872346253666E-006  1.189950762444425E+002
    200  9.413320060055456E-006  3.413076352937113E+001
    126  9.259656587885748E-006  2.957864372821811E+001
    979  9.249968700989328E-006  1.292073280791942E+002
    960  9.200471228969701E-006  1.283710541965592E+002
    562  9.108466470285497E-006  1.058125905236654E+002
   1059  9.102741597685593E-006  1.335352794510990E+002
    742  9.092637921954373E-006  1.126546326383816E+002
    354  9.061496502689374E-006  4.358717802496741E+001
    987  8.949404599624465E-006  1.295218650079724E+002
    619  8.730402210603108E-006  1.083262496248409E+002
    252  8.391093569148897E-006  3.681481496629917E+001
   1008  8.375097559169284E-006  1.304054287055121E+002
    716  8.319708568094116E-006  1.119313653155845E+002
    703  8.258484284756817E-006  1.113359924967504E+002
    424  8.230964854008534E-006  5.504400290817051E+001
    409  8.218278356874049E-006  5.377950655266745E+001
    776  8.212616973277669E-006  1.150535509847603E+002
    836  8.210923990276640E-006  1.177792466123822E+002
    277  8.120215888384383E-006  3.774405278528796E+001
    967  8.107696417386421E-006  1.287730879251822E+002
    588  7.953711658687900E-006  1.072780161282308E+002
    760  7.904656600686752E-006  1.133648679091437E+002
    792  7.880458513667403E-006  1.158579110744502E+002
    983  7.736967214189017E-006  1.293699640118089E+002
    655  7.655183718826214E-006  1.092114390318620E+002
    608  7.550720830217553E-006  1.080310773431174E+002
    790  7.540601064020580E-006  1.158127479939932E+002
    812  7.519998189808376E-006  1.169499526914024E+002
    738  7.497896379030499E-006  1.126248828969786E+002
    645  7.415399007772655E-006  1.088758352374567E+002
    794  7.402029739673163E-006  1.159299755047292E+002
    749  7.382252874629054E-006  1.128862829609149E+002
    851  7.347452353042523E-006  1.189105890777936E+002
    770  7.260826595174117E-006  1.141655133118217E+002
    707  7.058689536994910E-006  1.116484954290111E+002
     39  7.006252899111937E-006  2.419216907562118E+001
    973  7.002634478247487E-006  1.290303348922233E+002
    782  6.956284423216533E-006  1.155663554633046E+002
    315  6.954726226503149E-006  3.946262277995078E+001
    676  6.917202244677098E-006  1.102968009656115E+002
    506  6.901899444247882E-006  6.092479484159845E+001
    946  6.864136822306952E-006  1.279201366409634E+002
    715  6.773187499077611E-006  1.119122168057061E+002
    923  6.761923113078794E-006  1.267345977181097E+002
    399  6.750280852031187E-006  5.300117686152819E+001
    845  6.750118226991906E-006  1.182722434309271E+002
    631  6.632172801967354E-006  1.086593678715634E+002
    203  6.574148182458278E-006  3.415596231316062E+001
    611  6.557931952130199E-006  1.080609110523806E+002
    800  6.496011794854263E-006  1.161811067685375E+002
    910  6.461643821096523E-006  1.258349422363612E+002
    429  6.405003041752789E-006  5.542704693693687E+001
    484  6.387171290735164E-006  5.894622531819898E+001
    640  6.358134630145132E-006  1.088027953187827E+002
    781  6.312153425424713E-006  1.155015502370288E+002
    972  6.190530306546999E-006  1.289491342298440E+002
    993  6.141258064209461E-006  1.299638892136509E+002
    732  6.005739077718060E-006  1.124809932511083E+002
    962  5.884512624131125E-006  1.284190833846668E+002
    431  5.847070462411906E-006  5.545822575490884E+001
    475  5.812346363771422E-006  5.870955367754343E+001
    828  5.807717001872068E-006  1.175132070682912E+002
    901  5.776210310438099E-006  1.246352700151236E+002
    362  5.745524673915911E-006  4.520209191521082E+001
    724  5.723119096682999E-006  1.122474317356576E+002
    911  5.713600489849387E-006  1.258968376271585E+002
    686  5.647279815234135E-006  1.108321598991433E+002
    637  5.646219893775039E-006  1.087708716348475E+002
    601  5.592131991854942E-006  1.078222216339937E+002
    811  5.567389077046123E-006  1.169131613251637E+002
    833  5.523106132498539E-006  1.176450554682990E+002
    226  5.471471607693371E-006  3.460914941435140E+001
    779  5.470813713215807E-006  1.153237642854880E+002
     56  5.423501498294201E-006  2.577494999028338E+001
    592  5.409923539961129E-006  1.074010896433819E+002
    224  5.404411036643148E-006  3.456258153743839E+001
    151  5.276969495608803E-006  3.097448214004631E+001
    854  5.245685015398570E-006  1.190938927222375E+002
    651  5.228001808445698E-006  1.090123807306586E+002
    714  5.212652102505482E-006  1.118865310298163E+002
    815  5.142147697650584E-006  1.170844697210597E+002
    827  5.105025721554293E-006  1.174913134466901E+002
    459  5.103469820726202E-006  5.797524108925945E+001
    383  5.102833520974982E-006  4.665506804468283E+001
    933  5.069425009882845E-006  1.272967505112425E+002
    603  5.060205081195701E-006  1.078480909052838E+002
    982  5.037836493126537E-006  1.293230544301462E+002
    642  5.004215994498801E-006  1.088349318990273E+002
    225  4.987043976227668E-006  3.458265676939745E+001
   1056  4.964108504952663E-006  1.332822863268028E+002
    671  4.898322055066614E-006  1.100461630260976E+002
    350  4.883883803053093E-006  4.287084402122760E+001
    623  4.877164123549300E-006  1.084311616311891E+002
    978  4.828256866194195E-006  1.291764873003617E+002
    512  4.814113986553436E-006  6.110465593383906E+001
   1028  4.737441889492457E-006  1.312419762585663E+002
    342  4.734664959199045E-006  4.219280462450153E+001
   1004  4.675517067896681E-006  1.302828791464404E+002
     37  4.636739269742918E-006  2.413005277682491E+001
    831  4.616500236290088E-006  1.175849164822640E+002
    328  4.519936621603875E-006  3.982877398686839E+001
    995  4.487643215466363E-006  1.300556822463785E+002
    434  4.463216977897626E-006  5.556859477681133E+001
    100  4.460730554856782E-006  2.814590236831992E+001
    650  4.359194374832864E-006  1.090061273622073E+002
    398  4.330236768073901E-006  5.298968704937109E+001
     87  4.306989645841450E-006  2.773505635732142E+001
   1037  4.302329730116358E-006  1.316166834102353E+002
    754  4.267820929751295E-006  1.130532912402911E+002
    697  4.222095519036794E-006  1.111168086390436E+002
    227  4.194706259731813E-006  3.461221107986133E+001
    834  4.174104119259366E-006  1.176651591794238E+002
    154  4.154928086298066E-006  3.128025029310897E+001
    627  4.149632258536857E-006  1.085359599099982E+002
    664  4.090762062434565E-006  1.095868237421283E+002
     77  4.076509264838998E-006  2.720977418778346E+001
    204  4.073164778612176E-006  3.416741852472765E+001
    949  4.028221376669543E-006  1.280833568476082E+002
     90  4.012176312831457E-006  2.792299487571685E+001
    545  3.992242177552529E-006  1.038885725205099E+002
   1006  3.914443236319840E-006  1.303473844140781E+002
    856  3.845932160648420E-006  1.192407591408727E+002
   1002  3.827959983045519E-006  1.301955720736593E+002
    931  3.805880506856742E-006  1.272754104030811E+002
    149  3.804149610544098E-006  3.064428879965062E+001
     48  3.761968737238352E-006  2.521050943974308E+001
    311  3.749722254876096E-006  3.939193935233331E+001
    846  3.738993935736850E-006  1.183733977129572E+002
    369  3.707538558054876E-006  4.556664797594529E+001
    419  3.698538016674045E-006  5.447434435004674E+001
    617  3.574305929694455E-006  1.082069188907082E+002
   1033  3.541834591638307E-006  1.314921549657209E+002
    900  3.470386087500286E-006  1.240255399934555E+002
    581  3.447410739020285E-006  1.069166383916512E+002
    826  3.414105575825717E-006  1.174535409692338E+002
    173  3.401582875232501E-006  3.267731285541730E+001
    925  3.379424942157744E-006  1.268943605090481E+002
    784  3.378917446839574E-006  1.156115101864969E+002
     54  3.377353336284306E-006  2.537118147105558E+001
    739  3.371318041641067E-006  1.126267264275300E+002
     33  3.358877152483652E-006  2.387502434282544E+001
    397  3.271525837963203E-006  5.292984574180642E+001
    532  3.209060447064145E-006  6.299204701993657E+001
    839  3.192749970293949E-006  1.178451551754228E+002
    907  3.158359070729042E-006  1.254774984052440E+002
    287  3.150060030717471E-006  3.806334999222836E+001
    414  3.140261310571913E-006  5.408443269732371E+001
    333  3.139741633043570E-006  4.050570323460023E+001
    235  3.132455360398911E-006  3.553329683850696E+001
   1036  3.072904100075618E-006  1.315563975924429E+002
    842  3.003882341925381E-006  1.180365480395604E+002
    685  3.003321212588427E-006  1.108208915724099E+002
    895  2.960734958305231E-006  1.231922658586809E+002
    936  2.919519338879934E-006  1.275963114471066E+002
    894  2.915002610597222E-006  1.226855190700912E+002
    628  2.906299618248886E-006  1.085999071252231E+002
    263  2.885710265935263E-006  3.756851288337069E+001
    710  2.881643375301302E-006  1.117114283703663E+002
    139  2.855714029538256E-006  3.001327528760398E+001
    804  2.840842215566955E-006  1.164307012054320E+002
    730  2.813776859040690E-006  1.124678820560711E+002
    857  2.812060732875495E-006  1.192977858717030E+002
    889  2.799475786390257E-006  1.221096476933091E+002
    268  2.790709163054392E-006  3.765614789507087E+001
    957  2.772783721994442E-006  1.283224605383935E+002
   1077  2.761617328663815E-006  6.189178021453241E+002
    728  2.688643789967249E-006  1.123911467240560E+002
    780  2.680146551703756E-006  1.153482258688003E+002
    903  2.651836657611616E-006  1.249295857950171E+002
    589  2.643384367555087E-006  1.073243551551986E+002
   1025  2.631570521530142E-006  1.310823101564250E+002
    721  2.619169741903625E-006  1.121902054803930E+002
    883  2.611853128829826E-006  1.212822283474710E+002
    735  2.592574629626910E-006  1.125422257639707E+002
    824  2.580735251602014E-006  1.173851057796732E+002
    985  2.576187137816963E-006  1.294454523269476E+002
     83  2.539256468403145E-006  2.745200449399356E+001
    750  2.525735270699898E-006  1.128980084302201E+002
    122  2.502092051683421E-006  2.942821875092930E+001
    128  2.482483820151909E-006  2.964876822252022E+001
    699  2.465497143812118E-006  1.111753891148923E+002
    915  2.458383497062305E-006  1.261627872997085E+002
    625  2.448096981200579E-006  1.084878781680722E+002
    505  2.380294235719139E-006  6.089365906344585E+001
    657  2.358155037888495E-006  1.092680437977900E+002
    421  2.356563804508082E-006  5.469982084171487E+001
    785  2.299127859425491E-006  1.156515149006221E+002
    278  2.282592148070538E-006  3.775225448216675E+001
   1051  2.269360471925727E-006  1.330173846663143E+002
    228  2.240353660311500E-006  3.465329128304563E+001
    129  2.238192360117556E-006  2.967722940199728E+001
    835  2.228472816337176E-006  1.176766134664512E+002
    244  2.201166830739907E-006  3.582009297825139E+001
    473  2.197998540895393E-006  5.864875851961727E+001
    612  2.180502689042943E-006  1.080838271474082E+002
    428  2.178269723254562E-006  5.539697768550786E+001
    994  2.145774876577778E-006  1.299886393654431E+002
    935  2.111354647115151E-006  1.274477748704804E+002
    621  2.108743909352367E-006  1.083828600305560E+002
    917  2.086217463353654E-006  1.262583151256411E+002
    980  2.079963816645398E-006  1.292322903638887E+002
    843  2.073813209096479E-006  1.181049125326048E+002
    701  2.046373741889605E-006  1.112655741498095E+002
    908  2.026356590036364E-006  1.256350992978881E+002
    599  2.020389882876134E-006  1.077354408464688E+002
    681  2.018662553133635E-006  1.107150530846271E+002
    410  2.014098488767387E-006  5.380004782230375E+001
    675  1.977017559738509E-006  1.101932688761904E+002
     49  1.973620943221138E-006  2.521926711432687E+001
    533  1.939166797729453E-006  6.344214913117692E+001
     42  1.886672085429820E-006  2.442065503900721E+001
    801  1.860125378507275E-006  1.162412158177078E+002
   1019  1.859119199511632E-006  1.307856127904329E+002
   1012  1.849543746156325E-006  1.305860585800326E+002
    888  1.819866118377065E-006  1.215384892766490E+002
     82  1.819839014143954E-006  2.744742479332049E+001
    941  1.810572997917245E-006  1.277239710636116E+002
    758  1.781275986189213E-006  1.131945788764974E+002
    893  1.774050484317993E-006  1.225899968537864E+002
    806  1.716078873021565E-006  1.165904998677036E+002
    711  1.710721895749640E-006  1.117833092223069E+002
    445  1.683194311560754E-006  5.650985963977887E+001
    809  1.666950141968329E-006  1.168273457040169E+002
    490  1.640670013710332E-006  5.909746584665749E+001
    819  1.635082348425057E-006  1.172617623112352E+002
    844  1.628307949037294E-006  1.182236522024691E+002
    788  1.574762542945599E-006  1.157595566872355E+002
    548  1.531285445969984E-006  1.041098140943872E+002
    265  1.489195582028952E-006  3.762418150997995E+001
    253  1.473806349021191E-006  3.690338042035397E+001
    614  1.463138201403845E-006  1.081499604581023E+002
    213  1.431579895907735E-006  3.426923698719692E+001
    954  1.421642680140803E-006  1.282848493157465E+002
    736  1.406791216980167E-006  1.125700463249535E+002
    668  1.384482842088753E-006  1.098358517134249E+002
    709  1.363699026027666E-006  1.116986555393093E+002
    959  1.361322472047247E-006  1.283643788123119E+002
    766  1.358961183617480E-006  1.138313497862233E+002
    556  1.352380959859974E-006  1.053074591696642E+002
     63  1.316356622840392E-006  2.633691355837915E+001
    912  1.300667455649401E-006  1.259977317017505E+002
    932  1.270740457554604E-006  1.272890793904072E+002
    992  1.253349506181810E-006  1.299169051159237E+002
    747  1.243962627418709E-006  1.128221651622354E+002
    400  1.236739684397631E-006  5.304406357850599E+001
    862  1.222440384727016E-006  1.194326389788892E+002
   1054  1.218609374375877E-006  1.332101619260334E+002
   1040  1.184463164216666E-006  1.318325334098182E+002
    752  1.168052037610548E-006  1.129825416205730E+002
    146  1.147302642321008E-006  3.038455959742199E+001
    405  1.100579205709874E-006  5.340951413863353E+001
    439  1.098421747380057E-006  5.581771077364913E+001
    796  1.072852640828437E-006  1.160406419035091E+002
    805  1.068762562508958E-006  1.165442309434909E+002
    829  1.062886690319672E-006  1.175434491795728E+002
    696  1.039805375016378E-006  1.111110130672436E+002
    418  1.026934330272580E-006  5.440760214654593E+001
   1003  1.025163172063711E-006  1.302792324598297E+002
    436  1.017386449182500E-006  5.562240782737462E+001
   1027  1.008291985849086E-006  1.311414239553258E+002
    691  1.005020322181669E-006  1.109942746792360E+002
    882  9.947214615371428E-007  1.212606419968792E+002
    863  9.930977249271414E-007  1.194780899982511E+002
    164  9.840877667757241E-007  3.156123118588701E+001
    598  9.727914359368089E-007  1.077082259858063E+002
    496  9.706606611036425E-007  5.977778544840232E+001
    764  9.642241279860401E-007  1.137269990775531E+002
    740  9.497983995016609E-007  1.126281679605138E+002
   1021  9.457976328442965E-007  1.308784400027895E+002
    412  9.298289221719355E-007  5.399327798218789E+001
    534  9.245652309056948E-007  6.352992396574133E+001
    197  9.107752035467009E-007  3.407091137263039E+001
    943  9.024350657082260E-007  1.278255860865938E+002
    467  8.713244562474031E-007  5.850070475174659E+001
    647  8.658896446871299E-007  1.089204596390746E+002
    682  8.646121957677764E-007  1.107795174367904E+002
    720  8.635629362235993E-007  1.121496181246094E+002
    353  8.402451903601190E-007  4.354452657935016E+001
   1061  8.171394536325356E-007  1.338239896777959E+002
     40  8.170655470300489E-007  2.429142631572386E+001
    501  8.101810162435815E-007  6.025540211442135E+001
    407  7.985565875868618E-007  5.355040632372296E+001
    818  7.960111801841912E-007  1.172202887178189E+002
    316  7.924169194608953E-007  3.947722492082590E+001
    124  7.900932299861619E-007  2.953039329658957E+001
    976  7.774757367510283E-007  1.291265023483052E+002
    140  7.703902658754818E-007  3.002380690834687E+001
    867  7.678089556605864E-007  1.199420338065019E+002
   1049  7.458022205966461E-007  1.325964910892840E+002
    944  7.056338723081006E-007  1.278264506290159E+002
   1022  6.797859644805887E-007  1.309570316227355E+002
    990  6.462916713664511E-007  1.297249883032466E+002
    971  6.435970665028557E-007  1.289111652451389E+002
     22  6.384213462058433E-007  2.149928230079738E+001
    652  6.326713072960252E-007  1.090805000764319E+002
    767  6.235753900825523E-007  1.139787538815297E+002
   1015  6.200023778424304E-007  1.306693309857935E+002
    704  6.002137993744704E-007  1.114088220449556E+002
    885  5.992613287656177E-007  1.213849358963692E+002
    869  5.959317802255239E-007  1.201465244096069E+002
    364  5.855688707322170E-007  4.528995878587361E+001
    927  5.662223401186193E-007  1.271118445081471E+002
    660  5.617769182850951E-007  1.093929129115852E+002
    974  5.404378344623942E-007  1.290391941684268E+002
   1023  5.402569719804945E-007  1.309907545973144E+002
    755  5.350502197515742E-007  1.130537195644052E+002
    922  5.245589188319068E-007  1.267277337836395E+002
    996  5.168813076648734E-007  1.300741546440489E+002
    822  5.084299018397586E-007  1.173379890193997E+002
    952  4.990410021658018E-007  1.282170243378332E+002
    638  4.963998570774145E-007  1.087773663504995E+002
    722  4.819107820186437E-007  1.121989232781130E+002
   1016  4.768958533591458E-007  1.306784011483153E+002
    500  4.673905179412543E-007  6.016266526055261E+001
    850  4.657452812851125E-007  1.188640670964077E+002
    632  4.634366478924768E-007  1.086732063917954E+002
    175  4.615201004219182E-007  3.282740528695558E+001
    891  4.604966523786495E-007  1.222344606190913E+002
    918  4.545882502530986E-007  1.263810693695273E+002
    669  4.529029313556997E-007  1.098991161820264E+002
    609  4.394995148328017E-007  1.080529774194348E+002
    847  4.384543530265283E-007  1.183795327778256E+002
    864  4.249767305837645E-007  1.195154318953015E+002
    939  4.168833076663365E-007  1.276788938661296E+002
    606  4.044655435021282E-007  1.079754075340127E+002
    830  3.983034575628815E-007  1.175448785112390E+002
    597  3.957127981667067E-007  1.076362394255561E+002
    913  3.928637191277205E-007  1.260963173315474E+002
    332  3.751476238160215E-007  4.036182328117159E+001
    286  3.680239033509534E-007  3.806107114689090E+001
    690  3.668469677021508E-007  1.109553167085971E+002
    620  3.638285572573515E-007  1.083700393844588E+002
    775  3.612490520951763E-007  1.149447083106751E+002
    159  3.578207009988081E-007  3.140014259635325E+001
    852  3.402000659077042E-007  1.189308904937423E+002
    840  3.316255082100333E-007  1.179674198090055E+002
    798  3.030323522622322E-007  1.161233232814441E+002
    145  3.022621464903775E-007  3.035386176419680E+001
    662  2.990251784959903E-007  1.094304874643061E+002
    797  2.914434215370205E-007  1.161224071144865E+002
    683  2.800732739467205E-007  1.107854094171573E+002
    725  2.773861707033555E-007  1.122622575126908E+002
    178  2.767154632148922E-007  3.291892583427273E+001
    643  2.721431628243689E-007  1.088529165631816E+002
   1005  2.712899417824496E-007  1.302961950162389E+002
    702  2.669192395368029E-007  1.112791472783473E+002
   1009  2.631569181931282E-007  1.304609142394732E+002
     76  2.626223392643758E-007  2.719040433196805E+001
     53  2.625974311651285E-007  2.532427500710937E+001
    388  2.494727754364268E-007  4.916519389587509E+001
    814  2.379318688309293E-007  1.170571282096026E+002
     73  2.378852562932870E-007  2.704395448663374E+001
   1024  2.334029509300398E-007  1.310472886139475E+002
     15  2.293307181593442E-007  2.077312965636918E+001
    965  2.272182737811023E-007  1.286084743618769E+002
    363  2.252336313160460E-007  4.523665715266514E+001
    961  2.249384817740510E-007  1.283826108536399E+002
    861  2.199551567526978E-007  1.193618968506130E+002
    977  2.039771915073578E-007  1.291448023039548E+002
   1073  2.016743202716357E-007  1.355646294676644E+002
    956  1.951882923037929E-007  1.283075816024711E+002
   1000  1.896405564142636E-007  1.301375093272533E+002
    906  1.886823757513069E-007  1.253859334012492E+002
    773  1.880127477241947E-007  1.146041296786391E+002
    517  1.873291005093312E-007  6.116283191518230E+001
    823  1.836265396287315E-007  1.173434151863991E+002
    240  1.774501059040632E-007  3.568815433410965E+001
    838  1.614288867699443E-007  1.178077045912047E+002
    688  1.586275512725761E-007  1.108652117541332E+002
    737  1.562009891601843E-007  1.125716601108342E+002
    998  1.505083738936501E-007  1.301241144683907E+002
    408  1.444013686462974E-007  5.368647704938994E+001
    878  1.422458900969964E-007  1.208553192243232E+002
    734  1.380894836294593E-007  1.125227414297757E+002
   1010  1.209221346283533E-007  1.305150376372933E+002
    753  1.113116283625049E-007  1.130399909728984E+002
    759  1.102348118500826E-007  1.132523759465808E+002
    787  1.017769823107771E-007  1.157066821730262E+002
    795  9.231821495854494E-008  1.159446042090269E+002
    951  8.970210935557839E-008  1.282127111215003E+002
    210  8.623508255720212E-008  3.421873300884823E+001
    743  8.365240579006614E-008  1.126739704882794E+002
    185  7.934169104525606E-008  3.329017879350934E+001
    876  7.103657424763915E-008  1.207338716680959E+002
    607  7.036833969610217E-008  1.079782277499060E+002
    416  7.025116058215899E-008  5.412105627361211E+001
    499  6.630882837806942E-008  6.010190034988052E+001
   1013  5.882159728978284E-008  1.306191025791559E+002
    110  4.734060350347738E-008  2.890337161783228E+001
    540  4.439280942413596E-008  1.019596674086986E+002
    866  4.216110885534287E-008  1.198737679274225E+002
    125  4.203419742569402E-008  2.955205187993630E+001
    141  4.119994163964998E-008  3.005205957969120E+001
    679  4.031894427084427E-008  1.106299731616480E+002
   1030  3.857758648376011E-008  1.313677884464318E+002
    646  3.577246805458114E-008  1.089039652974663E+002
    219  2.624514571068754E-008  3.435584966495736E+001
    718  2.603484692413654E-008  1.120307816427976E+002
    705  2.288748224414524E-008  1.114879185885843E+002
    172  2.269823157668855E-008  3.254695536480502E+001
    326  2.250794668054263E-008  3.980074663620405E+001
    600  2.200690295563669E-008  1.078192567961393E+002
    726  1.899776687803742E-008  1.123280306605216E+002
    483  1.894837003527418E-008  5.892865432514233E+001
    654  1.632587285511813E-008  1.091774321289355E+002
    169  1.410248283475898E-008  3.225245008090104E+001
    874  1.028006803233648E-008  1.206463359037059E+002
    648  8.742259712020938E-009  1.089328290594756E+002
    841  8.609236288137021E-009  1.180046875638410E+002
   1035  8.008532861987938E-009  1.315022364948826E+002
     93  7.936316572265938E-009  2.801831476528660E+001
     98  7.068701310919043E-009  2.810036398063808E+001
    837  6.529106498264547E-009  1.177814246314451E+002
    653  6.523139995112305E-009  1.090926521840726E+002
    723  6.450762721498122E-009  1.122249597820348E+002
    920  5.857203773447604E-009  1.265729199247587E+002
    447  5.322758618381720E-009  5.692641404400948E+001
    488  3.445835891316344E-009  5.904214899548738E+001
    963  3.235443531482298E-009  1.284456810480366E+002
    904  1.374164462164074E-009  1.250437756508075E+002
    741  1.346135117109768E-009  1.126383251241469E+002
    279  9.850137899774569E-010  3.776291602598710E+001
    692  7.469370276428422E-010  1.109991362888409E+002
    881  5.745311060109742E-010  1.212001054655417E+002
    821  4.741704263823488E-010  1.173213489801490E+002
    953  3.860669626557116E-010  1.282835790234384E+002
    859  2.812951733174960E-010  1.193117826572047E+002
    761  1.904262213149707E-010  1.134019555363662E+002
    443  1.090826188881711E-010  5.615506371008289E+001
    999  3.802988972599055E-011  1.301340763851820E+002
    914  2.389062165887078E-011  1.261343003660832E+002
    111  2.967742329697756E-012  2.891758955889047E+001
    872  1.490221259358270E-012  1.204992644439996E+002
    969  5.200034283161111E-013  1.288232913140608E+002
