# Number of modes
   1077
# Tabulated for different initial and final frequencies?
    F
# Mode index, Sj, (highest to lowest), omega_j
    418  5.066517876722429E-002  5.440760214654593E+001
    547  4.113783353195401E-002  1.040413527560943E+002
    566  2.502580516139459E-002  1.060197199307676E+002
    392  2.050976038557112E-002  4.975569880244111E+001
    563  1.453508387318069E-002  1.058622417292547E+002
      7  1.000953581177095E-002  1.598850297870253E+001
     65  9.811741453692282E-003  2.645533186342116E+001
    452  9.250465083066147E-003  5.732416656661538E+001
    390  7.932333878105954E-003  4.930034545373515E+001
   1041  7.921904573649169E-003  1.318604688563310E+002
     23  5.446542384643446E-003  2.160694502786773E+001
   1050  5.188940264370861E-003  1.326682006609648E+002
      8  4.869525793278390E-003  1.603898235084092E+001
    552  4.835251673409015E-003  1.045004516183760E+002
    391  4.793983782556863E-003  4.935295074539214E+001
    422  4.557997515931473E-003  5.478392604221921E+001
     38  4.237613073285967E-003  2.415274881711009E+001
     24  3.951013907508600E-003  2.165827626673025E+001
    539  3.812628629165479E-003  1.004038214764926E+002
     60  3.788885344914102E-003  2.612817271153773E+001
    454  3.546383556224821E-003  5.753531790534946E+001
    450  3.448186579065786E-003  5.723022636777802E+001
    546  3.063749592376448E-003  1.038908634804570E+002
   1038  2.943491776340577E-003  1.317153469634680E+002
    154  2.922061357947419E-003  3.128025029310897E+001
   1045  2.720302049797508E-003  1.322246800166877E+002
    453  2.695299003542150E-003  5.734859743017803E+001
     64  2.435329033265231E-003  2.637954322898939E+001
    114  2.300925595460503E-003  2.903390568794284E+001
    298  2.236531024262131E-003  3.860785506393049E+001
     70  2.212903284973451E-003  2.683332853591699E+001
    544  2.191306668829273E-003  1.037287728441322E+002
    165  2.131823222691274E-003  3.194792507678593E+001
     71  2.098810394731520E-003  2.691074291878593E+001
   1048  2.088552172033323E-003  1.325281096806480E+002
     67  2.015799417288724E-003  2.663955326886673E+001
    380  1.976763871030057E-003  4.621788456267294E+001
    151  1.885992513365262E-003  3.097448214004631E+001
    551  1.846206767430193E-003  1.044758850995860E+002
     18  1.815224911040293E-003  2.124694793769305E+001
   1057  1.728190482866489E-003  1.332882698940204E+002
   1070  1.710961851711305E-003  1.350535885837313E+002
    459  1.700641130411471E-003  5.797524108925945E+001
    398  1.676044466210445E-003  5.298968704937109E+001
    570  1.664825271913166E-003  1.064458450110351E+002
    302  1.663197709964648E-003  3.874867387838012E+001
    549  1.661057323116235E-003  1.043755820157491E+002
    164  1.644597870029078E-003  3.156123118588701E+001
    396  1.630604997660182E-003  5.292259014309509E+001
   1039  1.614787926335737E-003  1.317789778316224E+002
    198  1.589085234713455E-003  3.410095577154824E+001
    554  1.569353720779619E-003  1.048978551747549E+002
    427  1.517479206858666E-003  5.530625255614972E+001
    448  1.482302783595058E-003  5.707216855561523E+001
     10  1.474245624181739E-003  1.630017574824609E+001
     58  1.459796693902376E-003  2.603619761911758E+001
    160  1.406488571978572E-003  3.140287364756382E+001
    478  1.362175067785377E-003  5.880478287498814E+001
    434  1.290763890451555E-003  5.556859477681133E+001
    148  1.264295321548924E-003  3.055713011308698E+001
     39  1.234128687855239E-003  2.419216907562118E+001
   1062  1.225915478996633E-003  1.338537297016246E+002
    378  1.220987721543690E-003  4.609481655347708E+001
    755  1.205627398121882E-003  1.130537195644052E+002
    248  1.200623546076498E-003  3.617742791171408E+001
    402  1.198742217435452E-003  5.323403324336612E+001
     40  1.166072318654878E-003  2.429142631572386E+001
    292  1.150615684240645E-003  3.837765227419467E+001
    405  1.139612875436719E-003  5.340951413863353E+001
    580  1.068061268227643E-003  1.069063882425304E+002
      5  1.067980195742810E-003  1.580375607842547E+001
   1074  1.038754499843472E-003  1.357832717908243E+002
    568  1.037431909391756E-003  1.063884322375297E+002
    423  9.893852752512913E-004  5.491452382822700E+001
     31  9.628642015937757E-004  2.349957735236975E+001
    301  9.399380228393771E-004  3.874125966254066E+001
    403  9.170999825165072E-004  5.332276567118551E+001
    464  8.688928834495552E-004  5.841767339850505E+001
   1060  8.601106943824587E-004  1.336329109810919E+002
    475  8.537339033424046E-004  5.870955367754343E+001
   1064  8.529391282784520E-004  1.339182935247794E+002
   1033  8.504673285315902E-004  1.314921549657209E+002
    299  8.167586686987685E-004  3.861147003050849E+001
    399  7.956658543684548E-004  5.300117686152819E+001
    487  7.706113386220483E-004  5.901096182276392E+001
   1053  7.650974744840629E-004  1.331993000158318E+002
    330  7.590386539582780E-004  4.000719691328421E+001
     54  7.553288011730332E-004  2.537118147105558E+001
    411  7.316166760425343E-004  5.390414096058870E+001
     20  6.937058754578117E-004  2.146722812704134E+001
   1024  6.639116565706704E-004  1.310472886139475E+002
    387  6.441530796493064E-004  4.845493173747810E+001
    316  6.314221768314846E-004  3.947722492082590E+001
    213  6.312097004881950E-004  3.426923698719692E+001
    397  6.306158047998340E-004  5.292984574180642E+001
    142  6.283891302230379E-004  3.011700635419402E+001
    229  6.213823368531216E-004  3.477639317683153E+001
   1071  6.165406434097803E-004  1.353191143310252E+002
    219  6.106710378539555E-004  3.435584966495736E+001
    207  5.963892036440445E-004  3.419271829752626E+001
    536  5.900085058363990E-004  7.244369170766353E+001
    157  5.875603773754778E-004  3.136040875348826E+001
   1034  5.856973607063356E-004  1.314975717016592E+002
    404  5.831522498477541E-004  5.332919471058649E+001
     35  5.674631576439956E-004  2.406163852032448E+001
    407  5.663384992947661E-004  5.355040632372296E+001
    255  5.569501279738036E-004  3.705801266502003E+001
    967  5.498101704554001E-004  1.287730879251822E+002
    272  5.454891465000198E-004  3.770876893490352E+001
    110  5.202405191754448E-004  2.890337161783228E+001
    297  5.179171651171130E-004  3.850412000814609E+001
     11  5.133278976363167E-004  1.771447447329438E+001
    588  5.113814827584334E-004  1.072780161282308E+002
    582  5.017513785286945E-004  1.069886979669129E+002
    535  4.996159916034877E-004  7.234684016852472E+001
   1001  4.984049673802545E-004  1.301907504163165E+002
    212  4.919848528893635E-004  3.425448747044050E+001
    485  4.912170420733524E-004  5.896971858223063E+001
    479  4.810695272954301E-004  5.886156225440574E+001
    659  4.753989133327270E-004  1.093169473413985E+002
    347  4.697652947816681E-004  4.251894246220620E+001
    462  4.669319692541948E-004  5.834568949164402E+001
    409  4.601956070851894E-004  5.377950655266745E+001
   1058  4.447017206740313E-004  1.334381531708862E+002
    472  4.400390734560418E-004  5.860732378330380E+001
     37  4.364519117214820E-004  2.413005277682491E+001
    210  4.357578104788500E-004  3.421873300884823E+001
    192  4.350518423926216E-004  3.373139183933635E+001
    507  4.304931235711496E-004  6.098134465730102E+001
   1075  4.254845646165148E-004  1.852007864492208E+002
    592  4.203038645337354E-004  1.074010896433819E+002
     86  4.200528592828164E-004  2.760340701365068E+001
     57  4.190521593173926E-004  2.601044601303876E+001
   1044  4.184433667931070E-004  1.320835593454495E+002
    868  4.104550145845378E-004  1.199994649602093E+002
    762  4.060662396180949E-004  1.134504722361933E+002
    928  4.059597789881548E-004  1.271758190169006E+002
    604  4.023381783287976E-004  1.078901483894559E+002
    386  3.997486685288678E-004  4.778448827008048E+001
    675  3.956151180531878E-004  1.101932688761904E+002
    288  3.941414705284019E-004  3.825168870868715E+001
    279  3.922585855073845E-004  3.776291602598710E+001
    149  3.892575856192955E-004  3.064428879965062E+001
    575  3.860660556408957E-004  1.067636975144964E+002
    456  3.813731183338351E-004  5.758475825352298E+001
    559  3.795716045287631E-004  1.054467335457494E+002
    199  3.781215273767242E-004  3.411214171315592E+001
     85  3.777249298529713E-004  2.757726243328665E+001
    976  3.776768521762333E-004  1.291265023483052E+002
   1013  3.731566340040706E-004  1.306191025791559E+002
    215  3.632131287289394E-004  3.430912489816387E+001
    466  3.620338289464535E-004  5.848631456847294E+001
    430  3.614832145401255E-004  5.544226538226409E+001
   1032  3.501213402613596E-004  1.314270448258869E+002
   1055  3.446049364270086E-004  1.332315483337306E+002
   1026  3.420301286116836E-004  1.310988308446859E+002
    968  3.365823062284474E-004  1.287893908307005E+002
     95  3.355798825920292E-004  2.806113631432304E+001
    120  3.353018796066584E-004  2.935022978395871E+001
    966  3.345442808769576E-004  1.287120665380274E+002
    676  3.342620208272188E-004  1.102968009656115E+002
    395  3.280108878199164E-004  5.279005865968511E+001
    273  3.205151913743117E-004  3.771236202405859E+001
    119  3.119469435530434E-004  2.929038281335912E+001
    669  3.112258925980805E-004  1.098991161820264E+002
     51  3.031449436137027E-004  2.527497960196780E+001
     66  3.027965147173876E-004  2.653041695388611E+001
    973  2.997848702474143E-004  1.290303348922233E+002
    875  2.994034127092073E-004  1.206504418490652E+002
     17  2.985191960556434E-004  2.091913438766164E+001
    613  2.916952659218303E-004  1.081325074305931E+002
    226  2.915817195307761E-004  3.460914941435140E+001
    158  2.835704246233615E-004  3.138637587596471E+001
    202  2.829891494818592E-004  3.414693728338715E+001
    415  2.781502567396910E-004  5.409773008136273E+001
   1027  2.765559100602393E-004  1.311414239553258E+002
    223  2.751942356045857E-004  3.452101188794168E+001
   1018  2.698970761435784E-004  1.307425624046459E+002
    287  2.690487367323827E-004  3.806334999222836E+001
    671  2.679889902785243E-004  1.100461630260976E+002
    295  2.663850267541772E-004  3.844649820311862E+001
    602  2.614011559161338E-004  1.078335831208874E+002
    211  2.600794499167094E-004  3.422885497659050E+001
    218  2.591369748097889E-004  3.434087154455664E+001
    768  2.562097705913429E-004  1.140511281344195E+002
    367  2.544007785194576E-004  4.546665367422378E+001
    530  2.480986036499572E-004  6.265828803408258E+001
    183  2.458771126562599E-004  3.317747871488443E+001
    385  2.448968261802316E-004  4.744969147605799E+001
   1072  2.438478901034271E-004  1.354275255218108E+002
    480  2.438243573907419E-004  5.887142017505539E+001
    143  2.421447504759482E-004  3.021552765862468E+001
    458  2.408398086697283E-004  5.780961640938520E+001
    460  2.386181942625223E-004  5.821511818989060E+001
    816  2.380427596809605E-004  1.170854692244173E+002
     46  2.355186679131764E-004  2.508968851186969E+001
    217  2.342714867018548E-004  3.432077633458158E+001
    742  2.339052540640488E-004  1.126546326383816E+002
     21  2.318921305100080E-004  2.149552581175353E+001
     91  2.267481308226522E-004  2.795709450840539E+001
    193  2.216852079025862E-004  3.387383688791338E+001
    131  2.213809096020584E-004  2.976719894627799E+001
    258  2.210995804859755E-004  3.725675246841864E+001
     74  2.203806410858587E-004  2.706787664592100E+001
    658  2.187821204540389E-004  1.092752908733605E+002
    348  2.174047662311947E-004  4.278252907839931E+001
    436  2.153989907823936E-004  5.562240782737462E+001
     52  2.151749067712992E-004  2.532370304309600E+001
    206  2.138517521282616E-004  3.418711639611698E+001
    491  2.130580288875041E-004  5.916484178919298E+001
     80  2.130188564807043E-004  2.737665388114407E+001
    609  2.101777681728097E-004  1.080529774194348E+002
    425  2.068982978182980E-004  5.512885982268182E+001
    293  2.051994135172004E-004  3.840315559517953E+001
    282  2.041000885614777E-004  3.781601762519486E+001
    374  2.038794803213568E-004  4.576894168844035E+001
    576  2.036087337329116E-004  1.068188420241767E+002
    836  2.021960653662861E-004  1.177792466123822E+002
    280  2.011091031086784E-004  3.777070006257392E+001
    557  2.010265369641397E-004  1.053298087456868E+002
    929  2.006758643557727E-004  1.272324166790593E+002
    106  2.004169606938158E-004  2.873147041157064E+001
    383  1.986317597574737E-004  4.665506804468283E+001
    138  1.982230788901204E-004  2.998810658959070E+001
    177  1.977475780238783E-004  3.286305119332699E+001
    108  1.968079572355979E-004  2.884206820739177E+001
    455  1.953618446394299E-004  5.757818593173593E+001
    331  1.940014103293671E-004  4.033978069592825E+001
    335  1.908264477276476E-004  4.064698242871874E+001
    483  1.905643584775153E-004  5.892865432514233E+001
    492  1.897195021745124E-004  5.919740097208313E+001
    221  1.893753156705663E-004  3.444064242877499E+001
    153  1.882164495983441E-004  3.119128674334460E+001
    133  1.863117070453817E-004  2.980777525245198E+001
    241  1.855975511338153E-004  3.573178726353736E+001
    359  1.758331963548921E-004  4.440820660542785E+001
    545  1.751858211241849E-004  1.038885725205099E+002
   1042  1.741873593006591E-004  1.319938555239870E+002
    184  1.730790505499093E-004  3.328145954751520E+001
    812  1.663819329338773E-004  1.169499526914024E+002
    101  1.663387781837918E-004  2.816121926613436E+001
     43  1.649225832078316E-004  2.485090944939308E+001
    126  1.642840036292788E-004  2.957864372821811E+001
    817  1.611277652123283E-004  1.171745914510001E+002
    358  1.599987458306668E-004  4.418411045040358E+001
   1067  1.597548598821379E-004  1.341872351276505E+002
    196  1.584117445590489E-004  3.402217963204272E+001
    717  1.573756376431749E-004  1.119901298340990E+002
     96  1.556469505153001E-004  2.807603105873968E+001
    510  1.502404683278579E-004  6.106496915014706E+001
   1009  1.496302326291169E-004  1.304609142394732E+002
    100  1.486255410226803E-004  2.814590236831992E+001
      3  1.479128119470886E-004  1.530095081680193E+001
    673  1.473738497891554E-004  1.101090602242966E+002
     62  1.469046809687223E-004  2.630569023157911E+001
      4  1.468069517430745E-004  1.555889535187236E+001
    326  1.465828367730113E-004  3.980074663620405E+001
     36  1.460501274641235E-004  2.408548968715760E+001
    698  1.459866095691443E-004  1.111543499618823E+002
    826  1.450882896171578E-004  1.174535409692338E+002
    730  1.447566659504097E-004  1.124678820560711E+002
    919  1.442823272538895E-004  1.264669767465423E+002
    320  1.436443632935082E-004  3.958466091098631E+001
    134  1.435665734057981E-004  2.989081555609098E+001
    208  1.429307644623411E-004  3.420400517096608E+001
    494  1.423508830181246E-004  5.959072402434833E+001
     55  1.413423690987831E-004  2.564739582447731E+001
    289  1.405376691347779E-004  3.832422991649202E+001
     68  1.404783959308100E-004  2.665958995788216E+001
    497  1.395113359170124E-004  5.984833423050026E+001
     41  1.394147937467984E-004  2.434332602389209E+001
    247  1.391740988288075E-004  3.613855018049320E+001
   1020  1.382778249174983E-004  1.308300137670077E+002
      6  1.372383364570958E-004  1.593905863128156E+001
    564  1.368472999630595E-004  1.059223740174141E+002
    332  1.367470562921705E-004  4.036182328117159E+001
    136  1.362240073388993E-004  2.995197020395121E+001
    329  1.358516133859880E-004  3.994917835777716E+001
     32  1.351649662401095E-004  2.386019687247388E+001
    325  1.348517571970334E-004  3.979678053884171E+001
     92  1.342507844059594E-004  2.796966533379813E+001
    232  1.338042551121482E-004  3.530982942235851E+001
   1021  1.337683981796980E-004  1.308784400027895E+002
     89  1.337489944743972E-004  2.787565477396676E+001
    115  1.330238989583221E-004  2.908676806680809E+001
   1022  1.328697239965051E-004  1.309570316227355E+002
    296  1.324598797156984E-004  3.847026909032138E+001
    871  1.323472485041355E-004  1.204638135739833E+002
    230  1.274945000410353E-004  3.507000892128892E+001
    245  1.267614398000975E-004  3.584895809931362E+001
    239  1.266901424808948E-004  3.564788119351169E+001
    231  1.263844754537882E-004  3.529195130720404E+001
     33  1.244534210742360E-004  2.387502434282544E+001
    352  1.231064945588090E-004  4.345183818831803E+001
    989  1.215422213475371E-004  1.296856498562064E+002
    357  1.209450236295732E-004  4.413715889769129E+001
    174  1.206593407233376E-004  3.277024257542895E+001
    173  1.204839887722051E-004  3.267731285541730E+001
    802  1.200137931824854E-004  1.163074247182627E+002
    156  1.183593812431629E-004  3.133959801814033E+001
    214  1.170282567385275E-004  3.429158842681225E+001
   1011  1.162843818500185E-004  1.305590563134582E+002
    150  1.140567477971263E-004  3.095380367517388E+001
    829  1.137924592814405E-004  1.175434491795728E+002
     28  1.107840349424956E-004  2.303576073275412E+001
    532  1.103457219241160E-004  6.299204701993657E+001
    394  1.100657731014308E-004  5.275338077531283E+001
     16  1.069223259604987E-004  2.083990463296455E+001
    771  1.055526379562754E-004  1.142541813627527E+002
    445  1.041666905254516E-004  5.650985963977887E+001
    873  1.041195161174926E-004  1.205400953636918E+002
     77  1.027309097076118E-004  2.720977418778346E+001
    426  1.017562193348020E-004  5.521112029631625E+001
   1036  9.955087665989261E-005  1.315563975924429E+002
    254  9.912226805972183E-005  3.696870162494890E+001
    560  9.885978920804031E-005  1.057397922085461E+002
    663  9.802627247967879E-005  1.095408569103236E+002
    209  9.758329603138112E-005  3.420776675567321E+001
    938  9.677819567421618E-005  1.276246332177813E+002
    109  9.648214101479452E-005  2.888359254004277E+001
    349  9.565535899025807E-005  4.279212686889406E+001
    543  9.475160905141408E-005  1.026098663261161E+002
    646  9.454250712373026E-005  1.089039652974663E+002
    952  9.383448010525946E-005  1.282170243378332E+002
     97  9.339419414645758E-005  2.809615145046481E+001
    926  9.306606365199011E-005  1.269935099435139E+002
     34  9.249709433730803E-005  2.394870774261297E+001
    389  9.232282017832624E-005  4.924612888004685E+001
    125  9.229057041536811E-005  2.955205187993630E+001
    338  9.164060282653379E-005  4.143596746217444E+001
    702  9.144247676854561E-005  1.112791472783473E+002
    440  9.139706788528250E-005  5.589934491235444E+001
    870  9.064148359115260E-005  1.203621491035894E+002
    336  9.033607354525562E-005  4.106442919982931E+001
    757  9.000683772692371E-005  1.131455979007981E+002
    986  8.999951549159054E-005  1.294778988001748E+002
    738  8.976972064168455E-005  1.126248828969786E+002
     50  8.849949365965301E-005  2.524792740229145E+001
    222  8.800339942823425E-005  3.444665555523785E+001
    572  8.750657624410897E-005  1.066354688575440E+002
    303  8.716160861859281E-005  3.891633174738261E+001
    413  8.665277169665853E-005  5.407796767412047E+001
    246  8.616920049320893E-005  3.612200287477440E+001
    756  8.603035554147632E-005  1.131019348749128E+002
    168  8.550324853030453E-005  3.223239881301075E+001
    104  8.522447065956107E-005  2.863475114667724E+001
     75  8.478574395298514E-005  2.717284531466260E+001
    945  8.454698239518545E-005  1.278945431870569E+002
    324  8.452824458257642E-005  3.965813849875591E+001
    810  8.445017223454582E-005  1.168542717379606E+002
     45  8.249283142540455E-005  2.505629895200580E+001
    163  8.150318073088758E-005  3.148605603035891E+001
    493  8.055191235734924E-005  5.956939432616837E+001
    617  8.025852856321024E-005  1.082069188907082E+002
    377  7.915616457739839E-005  4.580996274485975E+001
    763  7.785075121301495E-005  1.136578287383470E+002
      9  7.718646881255071E-005  1.615282072713023E+001
    121  7.627075163185101E-005  2.937009161569695E+001
     94  7.574387733498530E-005  2.803048707399637E+001
    304  7.563351419565608E-005  3.902642388250331E+001
    797  7.541468492942724E-005  1.161224071144865E+002
    593  7.512691686410449E-005  1.074633420950339E+002
    680  7.488421838475178E-005  1.106808485277705E+002
    822  7.462287021369560E-005  1.173379890193997E+002
    185  7.407634351422084E-005  3.329017879350934E+001
    290  7.366851406107260E-005  3.834059039797889E+001
    309  7.310822468615949E-005  3.929268620446922E+001
    337  7.257297569572155E-005  4.125439580477820E+001
    236  7.252569757254132E-005  3.558504171265294E+001
    237  7.232090355563340E-005  3.561350513334219E+001
    611  7.229512710558119E-005  1.080609110523806E+002
     78  7.171087940821689E-005  2.724001953302053E+001
     48  7.153349694847615E-005  2.521050943974308E+001
    694  7.094404610434211E-005  1.110208923005156E+002
     30  6.980964609418282E-005  2.339033246897357E+001
    401  6.961296903192405E-005  5.310952948046032E+001
    382  6.833388372489693E-005  4.661435463500721E+001
    831  6.828503555142507E-005  1.175849164822640E+002
    167  6.823016068654366E-005  3.206734480721192E+001
    803  6.759321905655478E-005  1.163959410830473E+002
    446  6.748130651699458E-005  5.657515742254393E+001
    442  6.706968313527413E-005  5.605259237502305E+001
    267  6.703024078069593E-005  3.763942844703926E+001
    565  6.658639982663208E-005  1.059848591127986E+002
    689  6.645641530008182E-005  1.108992280227757E+002
    141  6.619768592148333E-005  3.005205957969120E+001
   1005  6.536467949925212E-005  1.302961950162389E+002
    197  6.506097805216632E-005  3.407091137263039E+001
     69  6.486878157262860E-005  2.667931486079132E+001
    516  6.419197948532524E-005  6.114879167768425E+001
    204  6.303659131088877E-005  3.416741852472765E+001
    537  6.286071366821040E-005  7.348438751630307E+001
    555  6.226204889078084E-005  1.049505825405343E+002
    474  6.119310112839306E-005  5.866520048333617E+001
    835  6.109258013531806E-005  1.176766134664512E+002
    261  6.009293275994903E-005  3.751537038816641E+001
    954  5.961548028299498E-005  1.282848493157465E+002
    848  5.934718407897972E-005  1.185512117490796E+002
    503  5.845013653515791E-005  6.062899617907863E+001
    467  5.810979662437123E-005  5.850070475174659E+001
    681  5.745755580960302E-005  1.107150530846271E+002
    410  5.740029549230150E-005  5.380004782230375E+001
     84  5.732519719550969E-005  2.748397341497807E+001
    312  5.683714745581736E-005  3.940338989709551E+001
    419  5.632003554322849E-005  5.447434435004674E+001
    838  5.630764696705249E-005  1.178077045912047E+002
    444  5.494996105245220E-005  5.640873014994138E+001
    587  5.481072351400442E-005  1.072564562863978E+002
    754  5.434508868290966E-005  1.130532912402911E+002
    573  5.391414617382625E-005  1.066520968004064E+002
    341  5.376875895529750E-005  4.207899368185591E+001
    384  5.213167673971398E-005  4.693482184770667E+001
    578  5.211010393252260E-005  1.068696587706935E+002
    691  5.177224665250996E-005  1.109942746792360E+002
    318  5.078170446134887E-005  3.952690512520030E+001
    548  5.067958289261019E-005  1.041098140943872E+002
    635  5.034437270555412E-005  1.087402789130293E+002
    667  5.022366254219051E-005  1.098231148083649E+002
   1008  4.987817404435622E-005  1.304054287055121E+002
    541  4.915262181349033E-005  1.020561485810812E+002
   1076  4.856788065222994E-005  1.858411948136732E+002
     29  4.830142823428479E-005  2.304600720746813E+001
    661  4.805768046613327E-005  1.094040232551639E+002
    334  4.721419020273950E-005  4.055961280242965E+001
    187  4.649134459450256E-005  3.338593491458187E+001
    741  4.643263736790270E-005  1.126383251241469E+002
    116  4.566430730701702E-005  2.910094471225916E+001
    777  4.533946651957308E-005  1.150636811545726E+002
   1000  4.513155397090638E-005  1.301375093272533E+002
    521  4.488276654089983E-005  6.120499406654021E+001
    269  4.476060177746570E-005  3.766609016559832E+001
      2  4.461646312498780E-005  1.507477314615795E+001
    311  4.444727615547061E-005  3.939193935233331E+001
    997  4.434162296442804E-005  1.300952728722026E+002
    531  4.349356334584013E-005  6.280622541285696E+001
    542  4.279186871345342E-005  1.021380905135569E+002
    515  4.264293380201630E-005  6.113166482037749E+001
    314  4.262717754358203E-005  3.944402428691944E+001
    381  4.250356306779562E-005  4.623753374880091E+001
    523  4.243891609589713E-005  6.195141091349550E+001
    655  4.239836324969921E-005  1.092114390318620E+002
     76  4.210608387060516E-005  2.719040433196805E+001
    489  4.190608893807971E-005  5.906665573291085E+001
    306  4.179618958223474E-005  3.922583615449084E+001
    924  4.137136178993726E-005  1.267645350898773E+002
    190  4.119781076961264E-005  3.352213579831744E+001
    130  4.115908356961826E-005  2.969026097336859E+001
    877  4.110332293134147E-005  1.207635072396237E+002
    863  4.044194993611370E-005  1.194780899982511E+002
    615  4.022902339377386E-005  1.081646255451844E+002
    321  3.943259204388836E-005  3.959878738143280E+001
    188  3.936458767351457E-005  3.343297855491465E+001
    585  3.888574501863806E-005  1.071721890576240E+002
    983  3.883092857230073E-005  1.293699640118089E+002
    135  3.862309083145893E-005  2.990996926970350E+001
    988  3.823950297933804E-005  1.295230022337254E+002
    789  3.819646021386165E-005  1.157939903252585E+002
    772  3.794659475070927E-005  1.144444014986270E+002
    930  3.770842071019375E-005  1.272550109882912E+002
    760  3.764125270969311E-005  1.133648679091437E+002
    159  3.763381488545256E-005  3.140014259635325E+001
    932  3.734709762605219E-005  1.272890793904072E+002
    242  3.728550560847570E-005  3.575330164903793E+001
    286  3.721376680725847E-005  3.806107114689090E+001
    305  3.702913995092068E-005  3.919092577852600E+001
    361  3.691262744683952E-005  4.509188248244521E+001
     63  3.679255074357968E-005  2.633691355837915E+001
   1031  3.668944127717754E-005  1.313824495210718E+002
    346  3.657160939136881E-005  4.251353138364797E+001
    940  3.635819329717257E-005  1.277053477702196E+002
    607  3.630356578266422E-005  1.079782277499060E+002
    317  3.592618331862520E-005  3.952108816795088E+001
    307  3.589312341487801E-005  3.924418415703018E+001
    162  3.588094284531962E-005  3.142013005221356E+001
    918  3.563082905269133E-005  1.263810693695273E+002
    502  3.559334028106773E-005  6.033057478557798E+001
    176  3.496399908240284E-005  3.283702642513862E+001
    700  3.417936790522695E-005  1.112187707043413E+002
    139  3.401529949381983E-005  3.001327528760398E+001
   1029  3.377483739348633E-005  1.312589073638632E+002
    161  3.369270804375781E-005  3.141544799468193E+001
    105  3.344524335489228E-005  2.872870804936272E+001
    102  3.342012980471188E-005  2.838723287464182E+001
    844  3.289930714836832E-005  1.182236522024691E+002
    621  3.264941256147646E-005  1.083828600305560E+002
    887  3.237526629785184E-005  1.215278324822884E+002
    262  3.187343942805510E-005  3.754826259370084E+001
    631  3.178753878241903E-005  1.086593678715634E+002
    463  3.169889378399960E-005  5.840368106338346E+001
    171  3.050527265976692E-005  3.251692712246987E+001
    571  3.036204765705329E-005  1.065760725477823E+002
    937  3.009876458568929E-005  1.275975168353670E+002
    524  2.973047317485355E-005  6.196836567938324E+001
    257  2.943059698032985E-005  3.716053985696894E+001
    103  2.883510654146374E-005  2.854698030319213E+001
    495  2.873258166200118E-005  5.971063876484735E+001
    632  2.866713831907295E-005  1.086732063917954E+002
    234  2.842750178721193E-005  3.541632958107625E+001
    553  2.828970592760113E-005  1.045844149005738E+002
    189  2.814536158305283E-005  3.348575581421191E+001
    486  2.768579093218399E-005  5.898078655703418E+001
    260  2.754929654828611E-005  3.745846822965304E+001
    605  2.743472288443333E-005  1.079476682950407E+002
    561  2.734410132842114E-005  1.057823475786052E+002
    528  2.722886660030421E-005  6.211763689923020E+001
    558  2.707658491960147E-005  1.054235904423783E+002
     83  2.694799591821462E-005  2.745200449399356E+001
    597  2.690461805104283E-005  1.076362394255561E+002
    907  2.686931417433126E-005  1.254774984052440E+002
    431  2.682796367954436E-005  5.545822575490884E+001
    365  2.672501476698484E-005  4.540196146988517E+001
    111  2.608151285202561E-005  2.891758955889047E+001
    268  2.600172692251331E-005  3.765614789507087E+001
    285  2.564801814956738E-005  3.794670187788559E+001
    294  2.562461273827372E-005  3.844005427068350E+001
    323  2.561065436634371E-005  3.963162035223775E+001
    686  2.551788546934137E-005  1.108321598991433E+002
   1014  2.524907242711707E-005  1.306579532637773E+002
    449  2.514432630330733E-005  5.713782918039372E+001
    281  2.507891087327008E-005  3.778222215271058E+001
    970  2.423649708242059E-005  1.288440499253601E+002
     22  2.398407440541173E-005  2.149928230079738E+001
    716  2.396351062460197E-005  1.119313653155845E+002
    123  2.394453336548928E-005  2.945706723223188E+001
    191  2.380784166631017E-005  3.372798248811258E+001
    417  2.370217932080946E-005  5.432386496665636E+001
    170  2.353398846655353E-005  3.240864442722207E+001
    955  2.321149343767839E-005  1.283043098504922E+002
    339  2.319386742845359E-005  4.199721405536648E+001
     19  2.316404724775738E-005  2.137958735177528E+001
   1006  2.313244108382084E-005  1.303473844140781E+002
    393  2.295248351246730E-005  5.117422678475859E+001
    333  2.269797960393554E-005  4.050570323460023E+001
    584  2.261922581275146E-005  1.071415131646536E+002
    375  2.232835615765434E-005  4.577921754207221E+001
    630  2.224913217068450E-005  1.086464564510315E+002
     99  2.218417732723929E-005  2.813215700322161E+001
    599  2.211173044490705E-005  1.077354408464688E+002
    683  2.200345695724435E-005  1.107854094171573E+002
    147  2.184222940070623E-005  3.045498909450352E+001
    594  2.149836029920423E-005  1.075267994995216E+002
     98  2.126817711690397E-005  2.810036398063808E+001
    979  2.119281216719733E-005  1.292073280791942E+002
     49  2.119125885109754E-005  2.521926711432687E+001
     13  2.115205360721305E-005  2.038781372204352E+001
    749  2.107373086906755E-005  1.128862829609149E+002
    128  2.102465630845002E-005  2.964876822252022E+001
    315  2.092554420960729E-005  3.946262277995078E+001
    166  2.092000027978507E-005  3.197534022905977E+001
     73  2.086315305907800E-005  2.704395448663374E+001
    577  2.067828014351043E-005  1.068269012623950E+002
    276  2.066363965023484E-005  3.774173651101562E+001
     88  2.043472574372872E-005  2.776495450944637E+001
    526  2.040970206901431E-005  6.205614154690332E+001
    107  2.023147309109045E-005  2.880093649968087E+001
    827  2.020380265707969E-005  1.174913134466901E+002
    639  2.014619361825847E-005  1.087924757147032E+002
    719  1.986894575131705E-005  1.120361196403708E+002
    746  1.968214657656327E-005  1.128150956859242E+002
    313  1.967144254457959E-005  3.941220320488696E+001
    690  1.939441659341926E-005  1.109553167085971E+002
    518  1.912149928760412E-005  6.116565427175681E+001
    674  1.909146684079307E-005  1.101627157855635E+002
    672  1.903668223164115E-005  1.100523893058521E+002
     15  1.903624544117838E-005  2.077312965636918E+001
    484  1.894629956921704E-005  5.894622531819898E+001
    473  1.881060392847027E-005  5.864875851961727E+001
    270  1.852520798096215E-005  3.767493462479421E+001
    420  1.849377238416254E-005  5.464265012038360E+001
    843  1.816166716236380E-005  1.181049125326048E+002
     14  1.812385687655251E-005  2.047451167645159E+001
    471  1.782795956456464E-005  5.859921299406331E+001
    745  1.760964810614214E-005  1.127541380335163E+002
    201  1.710448485821111E-005  3.413905621996786E+001
    725  1.707834631111273E-005  1.122622575126908E+002
    583  1.703161031171610E-005  1.070323413352247E+002
    858  1.688913542657759E-005  1.193043137223610E+002
    370  1.688886055794348E-005  4.562254251008403E+001
    765  1.682599308620459E-005  1.138034732037320E+002
    710  1.672192677283676E-005  1.117114283703663E+002
   1061  1.671372011916623E-005  1.338239896777959E+002
    529  1.663590589875161E-005  6.213305424318654E+001
    975  1.651706528287201E-005  1.290479361570385E+002
    327  1.641936398472942E-005  3.980649710729982E+001
    783  1.627386100023814E-005  1.155776779712016E+002
    842  1.621476705040866E-005  1.180365480395604E+002
    353  1.611381490116851E-005  4.354452657935016E+001
    266  1.606334778349567E-005  3.763404507858488E+001
    626  1.597429515403271E-005  1.085197354965440E+002
    579  1.593536727988393E-005  1.068810185812333E+002
    880  1.590473941570191E-005  1.209811659012211E+002
     44  1.579126417059836E-005  2.487547588775838E+001
    813  1.574309041367481E-005  1.170211975618395E+002
     26  1.565134022902571E-005  2.275577786050195E+001
    117  1.556773372919741E-005  2.915145470361619E+001
    769  1.540870655051676E-005  1.141494817506874E+002
    259  1.532176918561785E-005  3.731129763636223E+001
    144  1.528592624231061E-005  3.023024488043693E+001
    899  1.519303621162440E-005  1.237750393258326E+002
    616  1.519150538434066E-005  1.081902144651443E+002
    865  1.492269393414925E-005  1.195233182598442E+002
    855  1.487334916225311E-005  1.192335282432478E+002
    624  1.481304279506047E-005  1.084534043855216E+002
    511  1.477821648302789E-005  6.108291035790679E+001
    567  1.431780599122973E-005  1.061175767374582E+002
    793  1.421584068884579E-005  1.158943894419280E+002
    271  1.419696785050700E-005  3.769377629908810E+001
    796  1.410572561220240E-005  1.160406419035091E+002
    995  1.410056220024083E-005  1.300556822463785E+002
    414  1.394733597202793E-005  5.408443269732371E+001
    950  1.359015937654677E-005  1.281356928004739E+002
    960  1.354354982888208E-005  1.283710541965592E+002
    179  1.334166667840422E-005  3.301071504933698E+001
     25  1.322790007871688E-005  2.268285797328677E+001
    589  1.321621457750708E-005  1.073243551551986E+002
    618  1.300747376259470E-005  1.083041655146542E+002
    186  1.297108851234841E-005  3.335079910483972E+001
    343  1.290828445100321E-005  4.223776350771931E+001
    574  1.277387101265403E-005  1.067089856517616E+002
     59  1.270392704772104E-005  2.608228483109795E+001
    373  1.259819135217072E-005  4.573517441489172E+001
    175  1.248451515661514E-005  3.282740528695558E+001
    482  1.214411569803275E-005  5.890508639424976E+001
     12  1.200171195257881E-005  1.791855268392995E+001
    372  1.199985393615422E-005  4.569660817760900E+001
    569  1.197407322553244E-005  1.064024371239422E+002
    656  1.190292337395038E-005  1.092383325553483E+002
    243  1.183115542355610E-005  3.580427376176280E+001
    622  1.160525752220348E-005  1.084041586407917E+002
    441  1.159691742885358E-005  5.602297434426368E+001
     72  1.144922463580131E-005  2.695844835194747E+001
    435  1.137116877164670E-005  5.559833163642786E+001
    600  1.133428414015673E-005  1.078192567961393E+002
    274  1.130710134867244E-005  3.771469066363962E+001
    917  1.128430216569770E-005  1.262583151256411E+002
     61  1.087308240263259E-005  2.623624111749398E+001
    351  1.087013588491579E-005  4.290814690346715E+001
    429  1.080790152623154E-005  5.542704693693687E+001
    649  1.073426202859742E-005  1.089557122086210E+002
    992  1.057427040153766E-005  1.299169051159237E+002
   1056  1.043456884750772E-005  1.332822863268028E+002
    911  1.037255902388923E-005  1.258968376271585E+002
    897  1.033368160312885E-005  1.233154024205701E+002
    595  1.031830334030974E-005  1.075727311228692E+002
    641  1.031499310126010E-005  1.088136450829588E+002
    550  1.022627484272008E-005  1.044255141670578E+002
    713  1.017024675124539E-005  1.118750446375970E+002
    182  1.017001317273132E-005  3.313118961536368E+001
   1016  1.004969541548380E-005  1.306784011483153E+002
    596  1.000112982816150E-005  1.076305596761092E+002
    697  9.847855108643439E-006  1.111168086390436E+002
    465  9.663180212155181E-006  5.845233409136720E+001
    354  9.638531433125436E-006  4.358717802496741E+001
    447  9.349088343659001E-006  5.692641404400948E+001
    250  9.329625857204044E-006  3.645071914574685E+001
    340  9.306008204197010E-006  4.203744443197692E+001
     82  9.276741831068690E-006  2.744742479332049E+001
    470  9.275457354980526E-006  5.858950887133865E+001
    890  9.255345863713000E-006  1.222269695705770E+002
    122  9.201758425346108E-006  2.942821875092930E+001
    682  9.106001742065240E-006  1.107795174367904E+002
    244  9.031758772772626E-006  3.582009297825139E+001
    958  8.906450908679861E-006  1.283326337970340E+002
    220  8.751402163642499E-006  3.440936379612124E+001
    774  8.728056215781464E-006  1.147299018357027E+002
    284  8.479837138908183E-006  3.794002386601017E+001
    601  8.416173436307603E-006  1.078222216339937E+002
    695  8.409398310617226E-006  1.110404578737834E+002
    412  8.334082611997264E-006  5.399327798218789E+001
    457  8.304856119891764E-006  5.770039153165104E+001
    633  8.289439973920750E-006  1.086770367044967E+002
    328  8.282320892693273E-006  3.982877398686839E+001
    666  8.210428921258851E-006  1.096961217429448E+002
    825  8.189431288241021E-006  1.174155068731360E+002
    181  8.172354758978400E-006  3.309588236011395E+001
    984  8.154390401142973E-006  1.293776492189174E+002
    948  7.965455147130482E-006  1.280530341997139E+002
    778  7.960576621068729E-006  1.153062331743218E+002
    137  7.841468943933686E-006  2.996307755422044E+001
    300  7.798824386844007E-006  3.871033423098082E+001
    366  7.775195436439301E-006  4.541480133184800E+001
    169  7.681690457252224E-006  3.225245008090104E+001
    910  7.679055852278264E-006  1.258349422363612E+002
    225  7.600932100579849E-006  3.458265676939745E+001
    684  7.572150597830481E-006  1.108055531440044E+002
    368  7.492711952521807E-006  4.552075151204606E+001
    469  7.446378522836908E-006  5.857260373695996E+001
   1046  7.388098609831375E-006  1.322741703884410E+002
    356  7.295013178742193E-006  4.399929676237998E+001
    896  7.292051258902321E-006  1.231967026860033E+002
    508  7.275387879611412E-006  6.101348113010317E+001
   1068  7.132155605794481E-006  1.342139437973118E+002
    800  7.013121547020003E-006  1.161811067685375E+002
    205  7.000911809691309E-006  3.418138862993963E+001
    916  6.978512049258202E-006  1.261858055404796E+002
    140  6.866207502272030E-006  3.002380690834687E+001
    476  6.692495830076176E-006  5.874284760292872E+001
   1063  6.685879939040046E-006  1.338610239777397E+002
    224  6.513783733483490E-006  3.456258153743839E+001
    670  6.313575562996406E-006  1.099218253642219E+002
    468  6.300444338716292E-006  5.850419738659161E+001
    787  6.275257233686329E-006  1.157066821730262E+002
    821  6.270522154360860E-006  1.173213489801490E+002
    522  6.228992860157718E-006  6.189501394570030E+001
    481  6.224069274731097E-006  5.889564718758225E+001
    200  6.222054574269964E-006  3.413076352937113E+001
    721  6.219847323438959E-006  1.121902054803930E+002
    610  6.202349221965902E-006  1.080548791140610E+002
    350  6.162732200077397E-006  4.287084402122760E+001
    525  6.109468554294965E-006  6.201689187624501E+001
   1002  6.007209739076887E-006  1.301955720736593E+002
    847  5.986035795266294E-006  1.183795327778256E+002
    251  5.918110377257420E-006  3.670193646720268E+001
   1052  5.912454860432158E-006  1.330891459743712E+002
    709  5.890141385619155E-006  1.116986555393093E+002
    432  5.878476057167494E-006  5.551253331854516E+001
    360  5.865840377471199E-006  4.501412031898634E+001
    634  5.814365036826823E-006  1.087110579745548E+002
    807  5.772123327162143E-006  1.166040027024774E+002
    744  5.728424053286232E-006  1.127340165661099E+002
    477  5.631522403637778E-006  5.875439662154096E+001
    860  5.626894920952466E-006  1.193608179742887E+002
     79  5.576040153204560E-006  2.728143790603452E+001
    355  5.573778864882318E-006  4.365668409738398E+001
    416  5.571249722730037E-006  5.412105627361211E+001
    636  5.551713714156500E-006  1.087412284437008E+002
    748  5.486287541354352E-006  1.128453459062848E+002
    894  5.478564387791202E-006  1.226855190700912E+002
    808  5.428074450681021E-006  1.166438640424820E+002
    608  5.427623064729626E-006  1.080310773431174E+002
    650  5.416962253333192E-006  1.090061273622073E+002
    780  5.396606123229693E-006  1.153482258688003E+002
    319  5.372559558008918E-006  3.955367029075058E+001
    791  5.268673561257613E-006  1.158399885308925E+002
    512  5.243778681358655E-006  6.110465593383906E+001
    118  5.218429919220027E-006  2.927665934202001E+001
    461  5.061466406985051E-006  5.832169084274378E+001
    505  5.046591632811316E-006  6.089365906344585E+001
    898  4.923234743494120E-006  1.236287338505038E+002
    180  4.774516490321187E-006  3.306959511625761E+001
    228  4.745825036201118E-006  3.465329128304563E+001
    364  4.734346592663429E-006  4.528995878587361E+001
     27  4.658966107129141E-006  2.288948685305089E+001
    784  4.656536137376067E-006  1.156115101864969E+002
    498  4.619797448016611E-006  6.006055704270973E+001
    981  4.590835601128747E-006  1.292686845988868E+002
   1028  4.566427419789064E-006  1.312419762585663E+002
    238  4.506788407215966E-006  3.562010162214489E+001
    727  4.496454367460947E-006  1.123838421661365E+002
    903  4.453517540115925E-006  1.249295857950171E+002
    146  4.441040454308499E-006  3.038455959742199E+001
    517  4.375847004920374E-006  6.116283191518230E+001
    408  4.368081227205779E-006  5.368647704938994E+001
    591  4.357513515310628E-006  1.073970459895217E+002
    927  4.342867213027896E-006  1.271118445081471E+002
   1047  4.342522254539003E-006  1.324683504365100E+002
    804  4.254333801856820E-006  1.164307012054320E+002
    227  4.220460483919771E-006  3.461221107986133E+001
    782  4.193752474346730E-006  1.155663554633046E+002
    342  4.191941484651130E-006  4.219280462450153E+001
   1069  4.169759560519976E-006  1.347402109836953E+002
    645  4.106241271725784E-006  1.088758352374567E+002
    362  4.028956793438003E-006  4.520209191521082E+001
    922  3.958446458448387E-006  1.267277337836395E+002
    643  3.923028808648559E-006  1.088529165631816E+002
    963  3.855257750758020E-006  1.284456810480366E+002
    249  3.829041146958362E-006  3.643158917315001E+001
    708  3.828998980988005E-006  1.116659378913442E+002
    657  3.822121817052536E-006  1.092680437977900E+002
    824  3.797798285725245E-006  1.173851057796732E+002
    923  3.760523415112128E-006  1.267345977181097E+002
    625  3.732543573668628E-006  1.084878781680722E+002
    509  3.700662528657619E-006  6.104665142125116E+001
    679  3.700273548304772E-006  1.106299731616480E+002
    972  3.640943228952659E-006  1.289491342298440E+002
    799  3.612954824444962E-006  1.161655148393659E+002
    953  3.612488305808111E-006  1.282835790234384E+002
    962  3.575023590906962E-006  1.284190833846668E+002
    994  3.551289152469402E-006  1.299886393654431E+002
    665  3.545419229006733E-006  1.096195054263975E+002
   1040  3.528390176960839E-006  1.318325334098182E+002
   1051  3.518276395873437E-006  1.330173846663143E+002
    132  3.516673287937263E-006  2.978147182311027E+001
    991  3.448902247040759E-006  1.298309517843196E+002
    902  3.432795379225038E-006  1.246861225619736E+002
   1065  3.432194812942087E-006  1.340986810838602E+002
    712  3.424565155733000E-006  1.118479116964762E+002
    687  3.418327163147323E-006  1.108477970364615E+002
    590  3.407903706518421E-006  1.073381491314167E+002
    781  3.372871465215061E-006  1.155015502370288E+002
   1017  3.303756556154741E-006  1.307020085696559E+002
    640  3.297910980289149E-006  1.088027953187827E+002
    790  3.257281772479544E-006  1.158127479939932E+002
    451  3.194585437174678E-006  5.726939793781466E+001
    400  3.192961955149478E-006  5.304406357850599E+001
    155  3.160160963758852E-006  3.129077640287002E+001
    371  3.110370104106055E-006  4.567834615857563E+001
    660  3.108049210989101E-006  1.093929129115852E+002
    619  3.106516917929341E-006  1.083262496248409E+002
    603  3.093787607027817E-006  1.078480909052838E+002
    642  3.058786740311269E-006  1.088349318990273E+002
    815  3.044136618925380E-006  1.170844697210597E+002
    905  3.035540673115432E-006  1.252963463377060E+002
    235  3.006415051939839E-006  3.553329683850696E+001
    852  2.971031408941252E-006  1.189308904937423E+002
    707  2.960297715811950E-006  1.116484954290111E+002
    506  2.944864267994654E-006  6.092479484159845E+001
    648  2.942059917644971E-006  1.089328290594756E+002
    737  2.936112382441218E-006  1.125716601108342E+002
    862  2.885984122291588E-006  1.194326389788892E+002
    278  2.876678164735685E-006  3.775225448216675E+001
    845  2.872569846892771E-006  1.182722434309271E+002
    846  2.865096331539221E-006  1.183733977129572E+002
    915  2.844750494125902E-006  1.261627872997085E+002
    685  2.818201677265726E-006  1.108208915724099E+002
    849  2.787389875546530E-006  1.186556798515274E+002
    794  2.758734737597109E-006  1.159299755047292E+002
    739  2.753665046213055E-006  1.126267264275300E+002
    668  2.713081369056054E-006  1.098358517134249E+002
    714  2.645256092739235E-006  1.118865310298163E+002
    308  2.643662263853145E-006  3.924824416979163E+001
    977  2.552650695549430E-006  1.291448023039548E+002
    758  2.536682637592137E-006  1.131945788764974E+002
    699  2.519289740807556E-006  1.111753891148923E+002
    770  2.511644891061658E-006  1.141655133118217E+002
    854  2.497808979971368E-006  1.190938927222375E+002
    677  2.419435082596759E-006  1.104103779431708E+002
    651  2.418034631222080E-006  1.090123807306586E+002
    586  2.398507485012614E-006  1.072414988471015E+002
    194  2.391228408131987E-006  3.388123191050668E+001
    534  2.304880317518938E-006  6.352992396574133E+001
    982  2.272201768863373E-006  1.293230544301462E+002
      1  2.261205634478076E-006  1.480943860687432E+001
    949  2.260294295513257E-006  1.280833568476082E+002
    809  2.194104658766715E-006  1.168273457040169E+002
    437  2.156267315309025E-006  5.567668099873953E+001
    637  2.154195687533527E-006  1.087708716348475E+002
    421  2.122848207428203E-006  5.469982084171487E+001
    376  2.111253579885266E-006  4.578482274843697E+001
    893  2.102560525880961E-006  1.225899968537864E+002
    277  2.051423826859134E-006  3.774405278528796E+001
    724  2.039191982399297E-006  1.122474317356576E+002
    203  2.037920761088279E-006  3.415596231316062E+001
    678  2.036858479271673E-006  1.105298402911861E+002
    623  2.020655664158213E-006  1.084311616311891E+002
    990  2.019962996066765E-006  1.297249883032466E+002
    786  1.994622145013489E-006  1.156679892855772E+002
    627  1.988530674117452E-006  1.085359599099982E+002
    820  1.948310215150958E-006  1.173160626674297E+002
    715  1.908370818264365E-006  1.119122168057061E+002
    792  1.902207056564367E-006  1.158579110744502E+002
    112  1.870023690057769E-006  2.893182478938967E+001
    540  1.854166890512423E-006  1.019596674086986E+002
    732  1.851207027288380E-006  1.124809932511083E+002
   1043  1.849865260362988E-006  1.320181582363304E+002
    520  1.830264457817705E-006  6.117519869664547E+001
   1004  1.813200615115222E-006  1.302828791464404E+002
    828  1.794081384412611E-006  1.175132070682912E+002
    424  1.782737730589373E-006  5.504400290817051E+001
    866  1.775651600499848E-006  1.198737679274225E+002
    256  1.767303453559027E-006  3.708485200545782E+001
    830  1.746617663700792E-006  1.175448785112390E+002
   1054  1.734563909021404E-006  1.332101619260334E+002
    944  1.732137646579021E-006  1.278264506290159E+002
    562  1.730196396795800E-006  1.058125905236654E+002
    913  1.723070902726057E-006  1.260963173315474E+002
    696  1.703904055986073E-006  1.111110130672436E+002
    908  1.700967260865004E-006  1.256350992978881E+002
    933  1.658677300709623E-006  1.272967505112425E+002
    931  1.658469944456248E-006  1.272754104030811E+002
    884  1.637871112359853E-006  1.212913619330936E+002
    344  1.616632385438327E-006  4.229281490750487E+001
    711  1.602573537804881E-006  1.117833092223069E+002
    488  1.592350463087252E-006  5.904214899548738E+001
    901  1.591715789137949E-006  1.246352700151236E+002
    978  1.578873221612804E-006  1.291764873003617E+002
    761  1.568953089375068E-006  1.134019555363662E+002
    767  1.541836910682042E-006  1.139787538815297E+002
    703  1.538077829746115E-006  1.113359924967504E+002
    920  1.497416307961678E-006  1.265729199247587E+002
    310  1.489205582583121E-006  3.933560718805473E+001
    837  1.472633512699560E-006  1.177814246314451E+002
    614  1.460767112038245E-006  1.081499604581023E+002
    533  1.433060569784792E-006  6.344214913117692E+001
    556  1.416394585143883E-006  1.053074591696642E+002
    705  1.410426894293600E-006  1.114879185885843E+002
    798  1.377333884467062E-006  1.161233232814441E+002
    883  1.333951949574370E-006  1.212822283474710E+002
    957  1.319967102325808E-006  1.283224605383935E+002
    606  1.319065036371982E-006  1.079754075340127E+002
    664  1.299299961228681E-006  1.095868237421283E+002
    688  1.282104840271906E-006  1.108652117541332E+002
    764  1.266087743071888E-006  1.137269990775531E+002
    935  1.251154313551987E-006  1.274477748704804E+002
    879  1.247881140567961E-006  1.208628531744268E+002
   1035  1.245179608269124E-006  1.315022364948826E+002
    519  1.244020980061504E-006  6.116666091909611E+001
   1012  1.214637539341152E-006  1.305860585800326E+002
    644  1.205973641782868E-006  1.088699046594824E+002
    859  1.193731630048085E-006  1.193117826572047E+002
    818  1.186101767247397E-006  1.172202887178189E+002
     90  1.152353128336982E-006  2.792299487571685E+001
   1010  1.145180426874165E-006  1.305150376372933E+002
    939  1.142822594866665E-006  1.276788938661296E+002
    934  1.134804302906714E-006  1.274026915475210E+002
    127  1.132941099958302E-006  2.958197907168710E+001
    985  1.131697791488507E-006  1.294454523269476E+002
     56  1.127336848490758E-006  2.577494999028338E+001
    113  1.105724082948655E-006  2.894608485543543E+001
    662  1.101428913813301E-006  1.094304874643061E+002
    731  1.087094083043277E-006  1.124795031346507E+002
    195  1.066543063119825E-006  3.399004655216064E+001
    974  1.028455381025897E-006  1.290391941684268E+002
    888  1.018062047244762E-006  1.215384892766490E+002
    129  9.568741479317363E-007  2.967722940199728E+001
    369  9.444030141505459E-007  4.556664797594529E+001
    513  9.423578652743122E-007  6.111701004965728E+001
    925  9.266465340519401E-007  1.268943605090481E+002
    766  9.225436016423747E-007  1.138313497862233E+002
    264  9.070662988466004E-007  3.760740200223662E+001
    265  9.024311123389730E-007  3.762418150997995E+001
    439  9.001934280944374E-007  5.581771077364913E+001
    961  8.971250400635296E-007  1.283826108536399E+002
    428  8.904326094804689E-007  5.539697768550786E+001
    490  8.749194131555043E-007  5.909746584665749E+001
    363  8.650158360497074E-007  4.523665715266514E+001
    851  8.579099997630590E-007  1.189105890777936E+002
     42  8.491881506522585E-007  2.442065503900721E+001
    514  8.165304387164124E-007  6.112143562944963E+001
    805  8.008591608546443E-007  1.165442309434909E+002
   1003  7.905662426551040E-007  1.302792324598297E+002
    538  7.809670497907716E-007  8.801939400846273E+001
    433  7.799366899985870E-007  5.552394895078822E+001
    728  7.746068349835165E-007  1.123911467240560E+002
    500  7.340257562535065E-007  6.016266526055261E+001
    722  7.284211665062121E-007  1.121989232781130E+002
    740  7.201835831456763E-007  1.126281679605138E+002
    779  7.085461468822326E-007  1.153237642854880E+002
    735  6.708143723641088E-007  1.125422257639707E+002
    612  6.668957004512861E-007  1.080838271474082E+002
    987  6.502711362200029E-007  1.295218650079724E+002
    638  6.483214738056171E-007  1.087773663504995E+002
    653  6.451914556670084E-007  1.090926521840726E+002
    788  6.397699911480608E-007  1.157595566872355E+002
    726  6.148769194899232E-007  1.123280306605216E+002
    892  5.987344759182063E-007  1.223146913863671E+002
    882  5.906958614842705E-007  1.212606419968792E+002
    959  5.741688440507756E-007  1.283643788123119E+002
    776  5.725578789207238E-007  1.150535509847603E+002
    751  5.576820409425904E-007  1.129352725370382E+002
    581  5.523393546977679E-007  1.069166383916512E+002
   1077  5.500439528080617E-007  6.189178021453241E+002
    729  5.410570132038409E-007  1.124070412533170E+002
     81  5.301124764644144E-007  2.737831616504717E+001
    747  5.124184416006815E-007  1.128221651622354E+002
    750  5.059359816153657E-007  1.128980084302201E+002
    906  4.763846077511913E-007  1.253859334012492E+002
    878  4.658777509272397E-007  1.208553192243232E+002
     47  4.605062623602697E-007  2.514695584094496E+001
    795  4.520173763870724E-007  1.159446042090269E+002
    753  4.427533018543843E-007  1.130399909728984E+002
    443  4.405934579550147E-007  5.615506371008289E+001
    951  4.393331640464164E-007  1.282127111215003E+002
    811  4.388750814703408E-007  1.169131613251637E+002
    693  4.236380771883144E-007  1.110198391814811E+002
    900  4.139622391825487E-007  1.240255399934555E+002
    867  4.123203570407873E-007  1.199420338065019E+002
    942  4.097939053130555E-007  1.277896527703618E+002
    178  4.046214236814560E-007  3.291892583427273E+001
    980  4.021768418158480E-007  1.292322903638887E+002
    438  3.976677330857527E-007  5.568774314714533E+001
    629  3.961476105807703E-007  1.086436456014825E+002
    819  3.718105687195647E-007  1.172617623112352E+002
    388  3.600783695174936E-007  4.916519389587509E+001
    253  3.510587895358252E-007  3.690338042035397E+001
    233  3.408505993755748E-007  3.536858076063520E+001
    936  3.393234201223712E-007  1.275963114471066E+002
    861  3.384017240671689E-007  1.193618968506130E+002
    941  3.380765372433000E-007  1.277239710636116E+002
   1037  3.283241575035255E-007  1.316166834102353E+002
    736  3.268951193244173E-007  1.125700463249535E+002
    240  3.235582173116060E-007  3.568815433410965E+001
    969  3.155900038487327E-007  1.288232913140608E+002
    654  3.154250450759073E-007  1.091774321289355E+002
    964  3.035991824719818E-007  1.284811881676410E+002
    912  2.984347333634053E-007  1.259977317017505E+002
    734  2.827424155595221E-007  1.125227414297757E+002
   1023  2.734396211192528E-007  1.309907545973144E+002
    834  2.632687871426194E-007  1.176651591794238E+002
    322  2.530687898414158E-007  3.962934885257222E+001
   1025  2.430635096892493E-007  1.310823101564250E+002
    876  2.397866550750769E-007  1.207338716680959E+002
    504  2.293772420242200E-007  6.073767201700102E+001
    856  2.245933030578334E-007  1.192407591408727E+002
    124  2.210127625621549E-007  2.953039329658957E+001
    275  2.193319848386695E-007  3.771871208633355E+001
   1019  2.135233976952610E-007  1.307856127904329E+002
    909  2.034797913292119E-007  1.256671150468244E+002
    869  1.974858452247097E-007  1.201465244096069E+002
    993  1.974610686897475E-007  1.299638892136509E+002
    145  1.857161748949203E-007  3.035386176419680E+001
    921  1.849209436918717E-007  1.266347372507485E+002
    801  1.765132464839386E-007  1.162412158177078E+002
    874  1.694094858581264E-007  1.206463359037059E+002
    857  1.692382061084743E-007  1.192977858717030E+002
    943  1.670543186988998E-007  1.278255860865938E+002
    692  1.626351370391180E-007  1.109991362888409E+002
    956  1.582853417007603E-007  1.283075816024711E+002
    628  1.554801533628015E-007  1.085999071252231E+002
    496  1.511227229513731E-007  5.977778544840232E+001
    814  1.508383945667989E-007  1.170571282096026E+002
   1007  1.488586734062557E-007  1.303971511397991E+002
    172  1.281676779576978E-007  3.254695536480502E+001
    652  1.268899766999519E-007  1.090805000764319E+002
    773  1.244150099877806E-007  1.146041296786391E+002
     93  1.235423118994732E-007  2.801831476528660E+001
    720  1.225686989959742E-007  1.121496181246094E+002
    971  1.219696102304450E-007  1.289111652451389E+002
    501  1.143018586380051E-007  6.025540211442135E+001
    252  1.140142523665750E-007  3.681481496629917E+001
    499  1.123930156755863E-007  6.010190034988052E+001
    706  1.095449488445536E-007  1.115644797142602E+002
    152  1.083558218086557E-007  3.107793476288124E+001
    839  1.064449413591304E-007  1.178451551754228E+002
    895  1.030408722485172E-007  1.231922658586809E+002
    850  1.014499923754483E-007  1.188640670964077E+002
    283  9.418296152912070E-008  3.781664732037148E+001
    620  9.231912311197783E-008  1.083700393844588E+002
    704  9.101832264383367E-008  1.114088220449556E+002
    914  8.817135516216795E-008  1.261343003660832E+002
    946  8.677821079250423E-008  1.279201366409634E+002
    998  8.633915105378487E-008  1.301241144683907E+002
    832  8.345860641585029E-008  1.176150872586579E+002
    872  7.977085661191751E-008  1.204992644439996E+002
    806  7.706154823787734E-008  1.165904998677036E+002
   1073  7.270317397926799E-008  1.355646294676644E+002
    965  7.231178135204261E-008  1.286084743618769E+002
    647  7.181290875474394E-008  1.089204596390746E+002
   1049  7.165859481994220E-008  1.325964910892840E+002
    841  6.573771191803893E-008  1.180046875638410E+002
    904  6.209858634376037E-008  1.250437756508075E+002
    263  6.068815883889350E-008  3.756851288337069E+001
    723  5.659248960841988E-008  1.122249597820348E+002
    527  5.105200019111608E-008  6.211137902133680E+001
    785  4.047230236237225E-008  1.156515149006221E+002
     87  3.944615141521602E-008  2.773505635732142E+001
    886  3.304201349698906E-008  1.214498350996194E+002
    853  3.259190805117435E-008  1.189950762444425E+002
    733  2.956281202916570E-008  1.125211996768446E+002
     53  2.853124271288514E-008  2.532427500710937E+001
    947  2.765924783447876E-008  1.280025795512814E+002
    598  2.691215381542158E-008  1.077082259858063E+002
    291  2.641787648927081E-008  3.834865717601958E+001
   1059  2.596526917704768E-008  1.335352794510990E+002
    864  2.410991370107339E-008  1.195154318953015E+002
   1066  2.409057610083729E-008  1.341339055776214E+002
    216  1.961814732617412E-008  3.431915233475488E+001
   1015  1.776032645192930E-008  1.306693309857935E+002
    823  1.330651939349221E-008  1.173434151863991E+002
    718  1.018273474666540E-008  1.120307816427976E+002
    701  9.521306707810904E-009  1.112655741498095E+002
    345  8.904331723624620E-009  4.248475366295001E+001
    881  8.752362183334595E-009  1.212001054655417E+002
    743  8.739210777140674E-009  1.126739704882794E+002
    775  7.406439153725042E-009  1.149447083106751E+002
    379  7.375378583422373E-009  4.610002508350383E+001
    996  5.334519542607965E-009  1.300741546440489E+002
    885  4.533467220717600E-009  1.213849358963692E+002
    406  3.960132047204018E-009  5.347162595814701E+001
    889  3.123776908613792E-009  1.221096476933091E+002
    999  2.200729708800193E-009  1.301340763851820E+002
    833  2.097668247723408E-009  1.176450554682990E+002
    891  1.997220389282719E-009  1.222344606190913E+002
    752  1.167183993556977E-009  1.129825416205730E+002
    759  3.691162524421983E-010  1.132523759465808E+002
   1030  7.590095486553766E-011  1.313677884464318E+002
    840  2.165390542699291E-011  1.179674198090055E+002
