# Number of modes
   1077
# Tabulated for different initial and final frequencies?
    F
# Mode index, Sj, (highest to lowest), omega_j
    418  7.199958278116915E-003  5.440760214654593E+001
     29  5.251328127852665E-003  2.304600720746813E+001
    419  5.085176497847484E-003  5.447434435004674E+001
   1074  4.877952789068390E-003  1.357832717908243E+002
    358  4.771819340088974E-003  4.418411045040358E+001
    475  3.783918531648620E-003  5.870955367754343E+001
    479  3.645909613630074E-003  5.886156225440574E+001
    485  3.436893546920699E-003  5.896971858223063E+001
     65  3.158123775235732E-003  2.645533186342116E+001
    505  2.797872356384304E-003  6.089365906344585E+001
    423  2.720660688357988E-003  5.491452382822700E+001
    552  2.672520936602361E-003  1.045004516183760E+002
    422  2.648227615282440E-003  5.478392604221921E+001
     71  2.531978303341926E-003  2.691074291878593E+001
   1072  2.152253962693505E-003  1.354275255218108E+002
    344  2.091314850168528E-003  4.229281490750487E+001
    108  1.991604125496346E-003  2.884206820739177E+001
     17  1.916748022914501E-003  2.091913438766164E+001
     55  1.902499280503092E-003  2.564739582447731E+001
    533  1.764099292307471E-003  6.344214913117692E+001
   1071  1.725481177399866E-003  1.353191143310252E+002
   1058  1.565078257402729E-003  1.334381531708862E+002
    474  1.389613777639055E-003  5.866520048333617E+001
     37  1.320102107793006E-003  2.413005277682491E+001
   1070  1.294740976025469E-003  1.350535885837313E+002
    563  1.293147492345602E-003  1.058622417292547E+002
    460  1.270940498332402E-003  5.821511818989060E+001
    503  1.186970581345344E-003  6.062899617907863E+001
   1055  1.161520483484019E-003  1.332315483337306E+002
     35  1.064467724923815E-003  2.406163852032448E+001
    445  1.017867179168802E-003  5.650985963977887E+001
     27  9.836502144284014E-004  2.288948685305089E+001
    534  9.317462923784471E-004  6.352992396574133E+001
    297  8.830741997222828E-004  3.850412000814609E+001
   1057  8.659747567954517E-004  1.332882698940204E+002
     60  8.632077298955276E-004  2.612817271153773E+001
    210  8.630342625959634E-004  3.421873300884823E+001
   1053  8.499335245393662E-004  1.331993000158318E+002
    519  7.907676209780005E-004  6.116666091909611E+001
    434  7.866890162977156E-004  5.556859477681133E+001
    576  7.811734100143182E-004  1.068188420241767E+002
    446  7.799326616533897E-004  5.657515742254393E+001
    180  7.225863393344561E-004  3.306959511625761E+001
    293  7.026735325358688E-004  3.840315559517953E+001
   1045  6.960065585185892E-004  1.322246800166877E+002
    514  6.921474244042655E-004  6.112143562944963E+001
    149  6.785283890701655E-004  3.064428879965062E+001
    970  6.755297651900184E-004  1.288440499253601E+002
    335  6.689829961760170E-004  4.064698242871874E+001
     54  6.462561752708806E-004  2.537118147105558E+001
    454  6.401413792501213E-004  5.753531790534946E+001
    290  6.347790949615118E-004  3.834059039797889E+001
   1052  6.265662066495289E-004  1.330891459743712E+002
    206  6.256763711679891E-004  3.418711639611698E+001
    378  6.200245341698388E-004  4.609481655347708E+001
    452  6.010280984870528E-004  5.732416656661538E+001
    578  5.793138084895690E-004  1.068696587706935E+002
    253  5.738998614212735E-004  3.690338042035397E+001
     26  5.662855033450804E-004  2.275577786050195E+001
    215  5.487892608249656E-004  3.430912489816387E+001
     70  5.408704194990849E-004  2.683332853591699E+001
    223  5.380077289923527E-004  3.452101188794168E+001
    151  5.221476571680312E-004  3.097448214004631E+001
    604  5.050769247783581E-004  1.078901483894559E+002
    390  5.025851372634867E-004  4.930034545373515E+001
    507  5.015512314341320E-004  6.098134465730102E+001
    487  4.896953401089133E-004  5.901096182276392E+001
    400  4.840174078809363E-004  5.304406357850599E+001
    308  4.787020074293753E-004  3.924824416979163E+001
    413  4.745970808319989E-004  5.407796767412047E+001
    477  4.737826089102967E-004  5.875439662154096E+001
   1047  4.606216055551484E-004  1.324683504365100E+002
    821  4.581350504890061E-004  1.173213489801490E+002
    954  4.577073937356586E-004  1.282848493157465E+002
    540  4.569480908186298E-004  1.019596674086986E+002
    998  4.384886460802498E-004  1.301241144683907E+002
    365  4.357641432241522E-004  4.540196146988517E+001
    553  4.339815018433854E-004  1.045844149005738E+002
    232  4.323727335066909E-004  3.530982942235851E+001
    530  4.200660670483762E-004  6.265828803408258E+001
    822  4.192152960927498E-004  1.173379890193997E+002
    425  4.138145916683932E-004  5.512885982268182E+001
     10  4.053706801257134E-004  1.630017574824609E+001
    254  3.846627062980977E-004  3.696870162494890E+001
    258  3.838781187971451E-004  3.725675246841864E+001
    746  3.810291954207258E-004  1.128150956859242E+002
    516  3.787275431867742E-004  6.114879167768425E+001
     67  3.751378008238079E-004  2.663955326886673E+001
    531  3.742028259923175E-004  6.280622541285696E+001
    391  3.675690984084660E-004  4.935295074539214E+001
    188  3.633757276100669E-004  3.343297855491465E+001
    663  3.619996698096617E-004  1.095408569103236E+002
    538  3.565876994839556E-004  8.801939400846273E+001
    650  3.546797757716475E-004  1.090061273622073E+002
   1042  3.541144792122300E-004  1.319938555239870E+002
    669  3.518030072690020E-004  1.098991161820264E+002
    947  3.462606622824046E-004  1.280025795512814E+002
    395  3.397084014072341E-004  5.279005865968511E+001
    673  3.372990978291505E-004  1.101090602242966E+002
    173  3.329557714662973E-004  3.267731285541730E+001
    430  3.325074048543703E-004  5.544226538226409E+001
    548  3.284689758490951E-004  1.041098140943872E+002
    924  3.210341707339456E-004  1.267645350898773E+002
   1041  3.189580477203725E-004  1.318604688563310E+002
    517  3.178512938205058E-004  6.116283191518230E+001
   1032  3.125748867024299E-004  1.314270448258869E+002
    848  3.088584923341896E-004  1.185512117490796E+002
    427  3.078741513707082E-004  5.530625255614972E+001
    393  3.078022612646516E-004  5.117422678475859E+001
    774  3.028520310811484E-004  1.147299018357027E+002
    824  2.976109531837553E-004  1.173851057796732E+002
   1006  2.955130949049609E-004  1.303473844140781E+002
    559  2.929840262114052E-004  1.054467335457494E+002
     81  2.737774261582785E-004  2.737831616504717E+001
      4  2.721779799878646E-004  1.555889535187236E+001
    356  2.625913549507948E-004  4.399929676237998E+001
    163  2.579433510339119E-004  3.148605603035891E+001
     82  2.519865061897621E-004  2.744742479332049E+001
    329  2.513989988887004E-004  3.994917835777716E+001
    494  2.503060394041616E-004  5.959072402434833E+001
   1008  2.468700880092297E-004  1.304054287055121E+002
    111  2.444297853878541E-004  2.891758955889047E+001
    384  2.431976444134707E-004  4.693482184770667E+001
    379  2.412129311854283E-004  4.610002508350383E+001
    105  2.405533652139714E-004  2.872870804936272E+001
    288  2.393844955687078E-004  3.825168870868715E+001
    572  2.393406672166169E-004  1.066354688575440E+002
    411  2.384230069938045E-004  5.390414096058870E+001
    165  2.373099774147538E-004  3.194792507678593E+001
   1066  2.367870028587903E-004  1.341339055776214E+002
     80  2.361371926729676E-004  2.737665388114407E+001
    472  2.287044781254139E-004  5.860732378330380E+001
    497  2.260078259204096E-004  5.984833423050026E+001
    208  2.249894960037678E-004  3.420400517096608E+001
   1050  2.229850449999562E-004  1.326682006609648E+002
    240  2.208153326540280E-004  3.568815433410965E+001
    204  2.172655632012492E-004  3.416741852472765E+001
   1016  2.147776425651814E-004  1.306784011483153E+002
     42  2.134889328687144E-004  2.442065503900721E+001
    166  2.076609229420445E-004  3.197534022905977E+001
    783  2.059254889635639E-004  1.155776779712016E+002
    296  2.050545443681279E-004  3.847026909032138E+001
    238  2.050110780003474E-004  3.562010162214489E+001
     91  2.047815783225321E-004  2.795709450840539E+001
    547  2.038321746305373E-004  1.040413527560943E+002
    836  2.026978912975537E-004  1.177792466123822E+002
    478  2.011618015969690E-004  5.880478287498814E+001
    491  1.995153522569905E-004  5.916484178919298E+001
    512  1.966032372840469E-004  6.110465593383906E+001
    592  1.965332458626902E-004  1.074010896433819E+002
    155  1.964670320198373E-004  3.129077640287002E+001
    402  1.960855572389982E-004  5.323403324336612E+001
   1061  1.960264876480836E-004  1.338239896777959E+002
    681  1.938075280257864E-004  1.107150530846271E+002
   1022  1.919279980792020E-004  1.309570316227355E+002
    119  1.915792128555883E-004  2.929038281335912E+001
   1033  1.898635103860278E-004  1.314921549657209E+002
    500  1.886306009255410E-004  6.016266526055261E+001
    780  1.874022887205152E-004  1.153482258688003E+002
    241  1.864734275147093E-004  3.573178726353736E+001
    337  1.829014571388218E-004  4.125439580477820E+001
    504  1.827168296400430E-004  6.073767201700102E+001
    635  1.797419785036257E-004  1.087402789130293E+002
    433  1.787178533917411E-004  5.552394895078822E+001
    355  1.766778726188807E-004  4.365668409738398E+001
    687  1.759423759754885E-004  1.108477970364615E+002
    462  1.756767701166861E-004  5.834568949164402E+001
   1024  1.726667850451008E-004  1.310472886139475E+002
    458  1.716946807177537E-004  5.780961640938520E+001
     28  1.709208770275905E-004  2.303576073275412E+001
    748  1.677636134889020E-004  1.128453459062848E+002
    797  1.676267784588127E-004  1.161224071144865E+002
    456  1.675586240217869E-004  5.758475825352298E+001
     86  1.647222280159635E-004  2.760340701365068E+001
    332  1.643348297469523E-004  4.036182328117159E+001
    404  1.640973453661777E-004  5.332919471058649E+001
    962  1.606077130372141E-004  1.284190833846668E+002
    518  1.600294975597362E-004  6.116565427175681E+001
    580  1.588001748855403E-004  1.069063882425304E+002
   1034  1.549251525906611E-004  1.314975717016592E+002
    341  1.534065224055901E-004  4.207899368185591E+001
     48  1.532563671905148E-004  2.521050943974308E+001
    248  1.505247663562729E-004  3.617742791171408E+001
    264  1.488034143187496E-004  3.760740200223662E+001
    483  1.465538136112961E-004  5.892865432514233E+001
   1038  1.457871923325767E-004  1.317153469634680E+002
    942  1.446562236615939E-004  1.277896527703618E+002
    164  1.427571473993577E-004  3.156123118588701E+001
    169  1.425417885230772E-004  3.225245008090104E+001
    126  1.422964848230938E-004  2.957864372821811E+001
    294  1.396846169369828E-004  3.844005427068350E+001
     16  1.390750847905190E-004  2.083990463296455E+001
    832  1.386351798337206E-004  1.176150872586579E+002
    639  1.380122453483660E-004  1.087924757147032E+002
   1013  1.367617911048726E-004  1.306191025791559E+002
    272  1.343065918178893E-004  3.770876893490352E+001
    666  1.318272119868158E-004  1.096961217429448E+002
    838  1.304294910266415E-004  1.178077045912047E+002
     32  1.301933530637248E-004  2.386019687247388E+001
   1039  1.301193230220331E-004  1.317789778316224E+002
    120  1.267351750273598E-004  2.935022978395871E+001
    141  1.258234813548528E-004  3.005205957969120E+001
    659  1.254308315111931E-004  1.093169473413985E+002
    407  1.247103565261671E-004  5.355040632372296E+001
    768  1.214390128210084E-004  1.140511281344195E+002
    525  1.208016161147309E-004  6.201689187624501E+001
     79  1.206080413997396E-004  2.728143790603452E+001
     98  1.190122659826098E-004  2.810036398063808E+001
    637  1.189394607297019E-004  1.087708716348475E+002
    112  1.156086724850365E-004  2.893182478938967E+001
   1048  1.138548751840081E-004  1.325281096806480E+002
    975  1.125195078602549E-004  1.290479361570385E+002
    405  1.123633348418856E-004  5.340951413863353E+001
    319  1.114616470360586E-004  3.955367029075058E+001
    256  1.102707826605167E-004  3.708485200545782E+001
    381  1.098689069818921E-004  4.623753374880091E+001
    103  1.085926997114885E-004  2.854698030319213E+001
    826  1.081995177899090E-004  1.174535409692338E+002
    742  1.077585356849167E-004  1.126546326383816E+002
    897  1.077382066647825E-004  1.233154024205701E+002
    712  1.077082344687886E-004  1.118479116964762E+002
   1036  1.076867266009458E-004  1.315563975924429E+002
     14  1.063475375948825E-004  2.047451167645159E+001
    588  1.055245971822437E-004  1.072780161282308E+002
    932  1.052390296096518E-004  1.272890793904072E+002
    113  1.029942792430690E-004  2.894608485543543E+001
    545  1.023513654134563E-004  1.038885725205099E+002
     83  1.007093191229384E-004  2.745200449399356E+001
    730  1.006797845114191E-004  1.124678820560711E+002
    442  1.003674347568858E-004  5.605259237502305E+001
    349  9.718876081722081E-005  4.279212686889406E+001
    298  9.711545868051609E-005  3.860785506393049E+001
     63  9.591756700107096E-005  2.633691355837915E+001
    197  9.484492228464777E-005  3.407091137263039E+001
    468  9.256208074317091E-005  5.850419738659161E+001
    902  9.192894048978663E-005  1.246861225619736E+002
    523  9.036947807993731E-005  6.195141091349550E+001
   1062  9.028398890315969E-005  1.338537297016246E+002
    273  9.013665011842197E-005  3.771236202405859E+001
    270  8.894079296365048E-005  3.767493462479421E+001
    306  8.793508311484102E-005  3.922583615449084E+001
    778  8.719917240459421E-005  1.153062331743218E+002
    524  8.584282337349286E-005  6.196836567938324E+001
    453  8.503645414632226E-005  5.734859743017803E+001
   1027  8.448069360403066E-005  1.311414239553258E+002
    721  8.369822523307237E-005  1.121902054803930E+002
    262  8.263962229694739E-005  3.754826259370084E+001
   1001  8.083712131563309E-005  1.301907504163165E+002
    409  8.027764697809811E-005  5.377950655266745E+001
    671  8.017207738274847E-005  1.100461630260976E+002
   1060  7.967073220125580E-005  1.336329109810919E+002
    249  7.959690687834014E-005  3.643158917315001E+001
    983  7.653491424189466E-005  1.293699640118089E+002
    973  7.573099653833530E-005  1.290303348922233E+002
    205  7.538492871730672E-005  3.418138862993963E+001
    745  7.457262512278945E-005  1.127541380335163E+002
    984  7.448397393291953E-005  1.293776492189174E+002
    198  7.150490690706575E-005  3.410095577154824E+001
    585  7.142388253500942E-005  1.071721890576240E+002
    863  7.092392873100664E-005  1.194780899982511E+002
    690  7.012541601493766E-005  1.109553167085971E+002
    921  6.851288249363841E-005  1.266347372507485E+002
    825  6.851125600567983E-005  1.174155068731360E+002
    209  6.749846355835766E-005  3.420776675567321E+001
    755  6.725546443476349E-005  1.130537195644052E+002
   1064  6.667351185915317E-005  1.339182935247794E+002
    829  6.636386290673531E-005  1.175434491795728E+002
    737  6.619686878169815E-005  1.125716601108342E+002
    515  6.615890349800812E-005  6.113166482037749E+001
    835  6.611921331818410E-005  1.176766134664512E+002
    807  6.582183774623304E-005  1.166040027024774E+002
    322  6.505525428075886E-005  3.962934885257222E+001
    376  6.490837372860924E-005  4.578482274843697E+001
    964  6.466311046894133E-005  1.284811881676410E+002
    459  6.318954977056275E-005  5.797524108925945E+001
    432  6.307922686341114E-005  5.551253331854516E+001
    448  6.303110276852852E-005  5.707216855561523E+001
    110  6.198625602885049E-005  2.890337161783228E+001
    866  6.114791060067333E-005  1.198737679274225E+002
    928  5.938195794997556E-005  1.271758190169006E+002
    575  5.857572921341662E-005  1.067636975144964E+002
   1076  5.849488905969111E-005  1.858411948136732E+002
      7  5.845318049457482E-005  1.598850297870253E+001
    587  5.781685052068044E-005  1.072564562863978E+002
    938  5.738197730592459E-005  1.276246332177813E+002
    654  5.718399649137193E-005  1.091774321289355E+002
    513  5.636674183525303E-005  6.111701004965728E+001
    486  5.620616138606706E-005  5.898078655703418E+001
    870  5.594535435844179E-005  1.203621491035894E+002
    148  5.515998221480362E-005  3.055713011308698E+001
    532  5.480806747237557E-005  6.299204701993657E+001
    738  5.460495031879171E-005  1.126248828969786E+002
    632  5.434503252921597E-005  1.086732063917954E+002
    646  5.426210323007933E-005  1.089039652974663E+002
    623  5.358192371112202E-005  1.084311616311891E+002
   1000  5.352363777268910E-005  1.301375093272533E+002
    771  5.345147119686899E-005  1.142541813627527E+002
    566  5.280892605115284E-005  1.060197199307676E+002
    557  5.275471385010609E-005  1.053298087456868E+002
    724  5.243336283352123E-005  1.122474317356576E+002
    247  5.226807934564406E-005  3.613855018049320E+001
    387  5.146913603396861E-005  4.845493173747810E+001
    785  5.136231227350393E-005  1.156515149006221E+002
    415  5.028206601466952E-005  5.409773008136273E+001
     90  5.007473047928323E-005  2.792299487571685E+001
    157  4.939690253279503E-005  3.136040875348826E+001
    195  4.902579835362071E-005  3.399004655216064E+001
    351  4.773745298985772E-005  4.290814690346715E+001
    193  4.765513168150389E-005  3.387383688791338E+001
    498  4.642307005019340E-005  6.006055704270973E+001
    539  4.603667503583366E-005  1.004038214764926E+002
    115  4.564983524588099E-005  2.908676806680809E+001
    749  4.495395139813167E-005  1.128862829609149E+002
    762  4.466639098893839E-005  1.134504722361933E+002
    230  4.426953542202789E-005  3.507000892128892E+001
    177  4.420446935721671E-005  3.286305119332699E+001
    710  4.305729044218555E-005  1.117114283703663E+002
    570  4.304248882148217E-005  1.064458450110351E+002
    541  4.275354303209045E-005  1.020561485810812E+002
    467  4.271836319686852E-005  5.850070475174659E+001
    535  4.195950325925207E-005  7.234684016852472E+001
    396  4.161716093842218E-005  5.292259014309509E+001
    145  4.161266975581883E-005  3.035386176419680E+001
    473  4.155901030293551E-005  5.864875851961727E+001
    136  4.056572630899915E-005  2.995197020395121E+001
    326  4.046432767366951E-005  3.980074663620405E+001
    757  3.977659204376057E-005  1.131455979007981E+002
    484  3.970609186979784E-005  5.894622531819898E+001
    976  3.916460895882142E-005  1.291265023483052E+002
    868  3.893380200238405E-005  1.199994649602093E+002
    854  3.821214699978074E-005  1.190938927222375E+002
    125  3.800710356431711E-005  2.955205187993630E+001
     97  3.798406941723474E-005  2.809615145046481E+001
    275  3.786725639289842E-005  3.771871208633355E+001
    312  3.780386578850359E-005  3.940338989709551E+001
    192  3.744308963926605E-005  3.373139183933635E+001
    217  3.721016171686764E-005  3.432077633458158E+001
    816  3.680977568725976E-005  1.170854692244173E+002
    952  3.676198561095878E-005  1.282170243378332E+002
     49  3.669218732330487E-005  2.521926711432687E+001
    631  3.631933098198566E-005  1.086593678715634E+002
    426  3.602379772871258E-005  5.521112029631625E+001
   1031  3.593493184685548E-005  1.313824495210718E+002
    649  3.593019958708886E-005  1.089557122086210E+002
     33  3.577851436903440E-005  2.387502434282544E+001
    300  3.572141974266907E-005  3.871033423098082E+001
    597  3.498750907717118E-005  1.076362394255561E+002
    630  3.436860279269046E-005  1.086464564510315E+002
     73  3.416336396365089E-005  2.704395448663374E+001
    278  3.415145944348149E-005  3.775225448216675E+001
    655  3.403961683108840E-005  1.092114390318620E+002
    860  3.230387843685733E-005  1.193608179742887E+002
      8  3.215701818690133E-005  1.603898235084092E+001
    618  3.103493527500939E-005  1.083041655146542E+002
    948  3.057222170031126E-005  1.280530341997139E+002
    102  3.053340901951754E-005  2.838723287464182E+001
    219  3.036665110181127E-005  3.435584966495736E+001
    945  3.008377066207247E-005  1.278945431870569E+002
    492  2.936082738078837E-005  5.919740097208313E+001
    279  2.930658987697709E-005  3.776291602598710E+001
    397  2.920969301371382E-005  5.292984574180642E+001
    977  2.911653651371037E-005  1.291448023039548E+002
   1026  2.901754961266300E-005  1.310988308446859E+002
    551  2.860742312139655E-005  1.044758850995860E+002
    784  2.824506638418226E-005  1.156115101864969E+002
    450  2.727659177011770E-005  5.723022636777802E+001
    760  2.714996922192804E-005  1.133648679091437E+002
    827  2.682306103076675E-005  1.174913134466901E+002
    894  2.633150483469182E-005  1.226855190700912E+002
    683  2.621690528838870E-005  1.107854094171573E+002
    698  2.609832345508056E-005  1.111543499618823E+002
    139  2.539340708112181E-005  3.001327528760398E+001
    118  2.511725033923890E-005  2.927665934202001E+001
    546  2.494256724170732E-005  1.038908634804570E+002
    568  2.459686652522555E-005  1.063884322375297E+002
    403  2.450832273314889E-005  5.332276567118551E+001
    898  2.418469698343209E-005  1.236287338505038E+002
     23  2.355611463369242E-005  2.160694502786773E+001
    233  2.350270277250785E-005  3.536858076063520E+001
    958  2.330649055002631E-005  1.283326337970340E+002
    929  2.322998491144633E-005  1.272324166790593E+002
    267  2.268168105840433E-005  3.763942844703926E+001
    495  2.239298880217574E-005  5.971063876484735E+001
    972  2.233298149141379E-005  1.289491342298440E+002
    543  2.232874733759728E-005  1.026098663261161E+002
    372  2.161656858205837E-005  4.569660817760900E+001
    259  2.158423667340616E-005  3.731129763636223E+001
    440  2.149533259528853E-005  5.589934491235444E+001
   1014  2.142137400990645E-005  1.306579532637773E+002
    128  2.108384455934038E-005  2.964876822252022E+001
    360  2.100280209481280E-005  4.501412031898634E+001
    611  2.092997915851057E-005  1.080609110523806E+002
     57  2.090588686392092E-005  2.601044601303876E+001
    593  2.089591793606215E-005  1.074633420950339E+002
    940  2.082920692676547E-005  1.277053477702196E+002
    222  2.076428120843046E-005  3.444665555523785E+001
    417  2.075120194485272E-005  5.432386496665636E+001
    510  2.062599623608467E-005  6.106496915014706E+001
    333  2.056587412765924E-005  4.050570323460023E+001
     76  2.028691715165223E-005  2.719040433196805E+001
    537  2.023278147371030E-005  7.348438751630307E+001
    756  2.017656113893317E-005  1.131019348749128E+002
    231  2.014361800517755E-005  3.529195130720404E+001
     24  1.988194651289827E-005  2.165827626673025E+001
    636  1.976098213392453E-005  1.087412284437008E+002
    796  1.963295264870912E-005  1.160406419035091E+002
    981  1.927125976717128E-005  1.292686845988868E+002
    154  1.916298150532699E-005  3.128025029310897E+001
    414  1.896346834198405E-005  5.408443269732371E+001
    380  1.891198853613957E-005  4.621788456267294E+001
    661  1.864574345987022E-005  1.094040232551639E+002
    697  1.860956639915022E-005  1.111168086390436E+002
    392  1.838833875278943E-005  4.975569880244111E+001
    617  1.782966594634621E-005  1.082069188907082E+002
     77  1.747794546722588E-005  2.720977418778346E+001
     72  1.732337398010027E-005  2.695844835194747E+001
    997  1.730409349321111E-005  1.300952728722026E+002
    615  1.730292469895491E-005  1.081646255451844E+002
    989  1.677736356262871E-005  1.296856498562064E+002
    137  1.674562343603893E-005  2.996307755422044E+001
    237  1.672207883896595E-005  3.561350513334219E+001
    883  1.669545659440576E-005  1.212822283474710E+002
    280  1.605087547161448E-005  3.777070006257392E+001
    944  1.602190862440704E-005  1.278264506290159E+002
    810  1.600213559858800E-005  1.168542717379606E+002
     66  1.596254200569853E-005  2.653041695388611E+001
    799  1.587904576846940E-005  1.161655148393659E+002
     44  1.582109480295989E-005  2.487547588775838E+001
    763  1.562643822846246E-005  1.136578287383470E+002
    302  1.560980713186330E-005  3.874867387838012E+001
    727  1.534680696738020E-005  1.123838421661365E+002
    127  1.520675561733983E-005  2.958197907168710E+001
    930  1.491851146408850E-005  1.272550109882912E+002
    694  1.487675525553268E-005  1.110208923005156E+002
   1011  1.468428597076424E-005  1.305590563134582E+002
    847  1.466593274958412E-005  1.183795327778256E+002
     69  1.458413355655469E-005  2.667931486079132E+001
    903  1.405166282877974E-005  1.249295857950171E+002
    960  1.390663589523457E-005  1.283710541965592E+002
    421  1.372989736042696E-005  5.469982084171487E+001
     40  1.369901523285551E-005  2.429142631572386E+001
      1  1.366991105844539E-005  1.480943860687432E+001
    271  1.357228201585618E-005  3.769377629908810E+001
    301  1.352775903769027E-005  3.874125966254066E+001
    152  1.299378171772818E-005  3.107793476288124E+001
    292  1.287193692160415E-005  3.837765227419467E+001
    203  1.279737378465414E-005  3.415596231316062E+001
    549  1.243104860010460E-005  1.043755820157491E+002
    520  1.233494262893316E-005  6.117519869664547E+001
    689  1.226684515246493E-005  1.108992280227757E+002
    871  1.224394363766419E-005  1.204638135739833E+002
    291  1.208332829350147E-005  3.834865717601958E+001
    185  1.165743005144520E-005  3.329017879350934E+001
    765  1.159919505404874E-005  1.138034732037320E+002
    348  1.152585462305534E-005  4.278252907839931E+001
    626  1.148988620809573E-005  1.085197354965440E+002
     64  1.143084758108641E-005  2.637954322898939E+001
    691  1.136243070349033E-005  1.109942746792360E+002
    160  1.124298567585675E-005  3.140287364756382E+001
   1056  1.115303581360628E-005  1.332822863268028E+002
    383  1.109444617566903E-005  4.665506804468283E+001
     92  1.102897557024568E-005  2.796966533379813E+001
    955  1.102122534260826E-005  1.283043098504922E+002
    398  1.090321691900200E-005  5.298968704937109E+001
    109  1.087353872552797E-005  2.888359254004277E+001
    706  1.087138154365847E-005  1.115644797142602E+002
    926  1.081221419913732E-005  1.269935099435139E+002
    311  1.075403390348917E-005  3.939193935233331E+001
    303  1.064139866736385E-005  3.891633174738261E+001
    527  1.051574254474007E-005  6.211137902133680E+001
    276  1.028469401302841E-005  3.774173651101562E+001
    140  1.023345025551583E-005  3.002380690834687E+001
    820  1.021422645398049E-005  1.173160626674297E+002
     18  1.016762235926770E-005  2.124694793769305E+001
    658  1.012695689358052E-005  1.092752908733605E+002
    399  1.005568977836764E-005  5.300117686152819E+001
    700  9.846786069458325E-006  1.112187707043413E+002
    892  9.806563294576608E-006  1.223146913863671E+002
     58  9.782847633166480E-006  2.603619761911758E+001
    544  9.748683308566983E-006  1.037287728441322E+002
    937  9.723660415225927E-006  1.275975168353670E+002
   1069  9.478835755043311E-006  1.347402109836953E+002
    895  9.364425450023211E-006  1.231922658586809E+002
    613  9.249710235171716E-006  1.081325074305931E+002
     36  9.148010678856363E-006  2.408548968715760E+001
      2  9.040487871928022E-006  1.507477314615795E+001
    877  8.919993896359211E-006  1.207635072396237E+002
    913  8.818336267810181E-006  1.260963173315474E+002
    359  8.720837871699489E-006  4.440820660542785E+001
    299  8.589636516723762E-006  3.861147003050849E+001
    255  8.536400012673385E-006  3.705801266502003E+001
     53  8.488790562194024E-006  2.532427500710937E+001
    285  8.457492779399219E-006  3.794670187788559E+001
    582  8.429779352108194E-006  1.069886979669129E+002
   1020  8.407855926892938E-006  1.308300137670077E+002
    916  8.290458690330454E-006  1.261858055404796E+002
    135  8.218090046011656E-006  2.990996926970350E+001
    327  8.166326171859913E-006  3.980649710729982E+001
    186  8.057357120841985E-006  3.335079910483972E+001
    686  7.574317198866740E-006  1.108321598991433E+002
    680  7.453276775621758E-006  1.106808485277705E+002
    455  7.377546206494838E-006  5.757818593173593E+001
    600  7.347624990215692E-006  1.078192567961393E+002
    808  7.299966860795471E-006  1.166438640424820E+002
    675  7.193127840203938E-006  1.101932688761904E+002
    464  7.167570443953622E-006  5.841767339850505E+001
     38  7.156321325626609E-006  2.415274881711009E+001
    842  7.093810697953469E-006  1.180365480395604E+002
    879  6.929205992073552E-006  1.208628531744268E+002
    909  6.914526796852674E-006  1.256671150468244E+002
    211  6.842262945940590E-006  3.422885497659050E+001
    226  6.831911930911912E-006  3.460914941435140E+001
    161  6.790422982572219E-006  3.141544799468193E+001
    554  6.751885562637044E-006  1.048978551747549E+002
    106  6.498956089198280E-006  2.873147041157064E+001
    953  6.436287643802935E-006  1.282835790234384E+002
     61  6.285058692372544E-006  2.623624111749398E+001
    369  6.265762440874296E-006  4.556664797594529E+001
    283  6.250605372444592E-006  3.781664732037148E+001
    609  6.233006283428082E-006  1.080529774194348E+002
     39  6.219451767017976E-006  2.419216907562118E+001
    802  6.182777504406137E-006  1.163074247182627E+002
    536  6.137500694910475E-006  7.244369170766353E+001
    216  6.057364710576791E-006  3.431915233475488E+001
    873  5.898207854669478E-006  1.205400953636918E+002
    114  5.762914703501864E-006  2.903390568794284E+001
    212  5.689080526518522E-006  3.425448747044050E+001
    107  5.684184556489154E-006  2.880093649968087E+001
    377  5.663442885610013E-006  4.580996274485975E+001
    190  5.384068552793949E-006  3.352213579831744E+001
    917  5.299027553564480E-006  1.262583151256411E+002
    182  5.278374258309467E-006  3.313118961536368E+001
    880  5.235231726120991E-006  1.209811659012211E+002
    325  5.187332382347469E-006  3.979678053884171E+001
    476  5.031145544418912E-006  5.874284760292872E+001
      9  4.958319188659854E-006  1.615282072713023E+001
    357  4.914146895368072E-006  4.413715889769129E+001
    343  4.868494608953993E-006  4.223776350771931E+001
    121  4.793917264307857E-006  2.937009161569695E+001
     25  4.745807390984398E-006  2.268285797328677E+001
    201  4.636383596627473E-006  3.413905621996786E+001
    331  4.555715021060585E-006  4.033978069592825E+001
     20  4.553835656473564E-006  2.146722812704134E+001
    950  4.550618874641660E-006  1.281356928004739E+002
    321  4.499271109446022E-006  3.959878738143280E+001
    482  4.400167035775032E-006  5.890508639424976E+001
      5  4.382413665407554E-006  1.580375607842547E+001
    138  4.360515241589450E-006  2.998810658959070E+001
    330  4.193897196341772E-006  4.000719691328421E+001
     31  4.188560197146018E-006  2.349957735236975E+001
    340  4.162019671559362E-006  4.203744443197692E+001
    986  4.151710902025934E-006  1.294778988001748E+002
    229  4.141643380744936E-006  3.477639317683153E+001
    988  3.963038756511735E-006  1.295230022337254E+002
    567  3.953507470024284E-006  1.061175767374582E+002
    865  3.909997391694328E-006  1.195233182598442E+002
    420  3.896465301362634E-006  5.464265012038360E+001
    132  3.876352090256299E-006  2.978147182311027E+001
    731  3.852500063451254E-006  1.124795031346507E+002
    803  3.841952332856624E-006  1.163959410830473E+002
    943  3.838100249023364E-006  1.278255860865938E+002
     74  3.825474410873245E-006  2.706787664592100E+001
    364  3.816789526556551E-006  4.528995878587361E+001
     89  3.809866206386105E-006  2.787565477396676E+001
    261  3.744532302238527E-006  3.751537038816641E+001
    266  3.526236286473277E-006  3.763404507858488E+001
    239  3.482898055153112E-006  3.564788119351169E+001
    886  3.473779051042345E-006  1.214498350996194E+002
    493  3.464002318806043E-006  5.956939432616837E+001
    843  3.433191125225873E-006  1.181049125326048E+002
    702  3.415430367427700E-006  1.112791472783473E+002
    156  3.406668744381211E-006  3.133959801814033E+001
    214  3.388796991476298E-006  3.429158842681225E+001
    159  3.324275861757240E-006  3.140014259635325E+001
    143  3.322414585199778E-006  3.021552765862468E+001
    183  3.131261681642726E-006  3.317747871488443E+001
    167  3.100402773865832E-006  3.206734480721192E+001
    968  3.077198641397890E-006  1.287893908307005E+002
     56  2.955046501274280E-006  2.577494999028338E+001
    347  2.940752269053709E-006  4.251894246220620E+001
    907  2.908579144717290E-006  1.254774984052440E+002
    367  2.898616465234154E-006  4.546665367422378E+001
    858  2.893355224615741E-006  1.193043137223610E+002
    130  2.886925493304269E-006  2.969026097336859E+001
    353  2.875740036409056E-006  4.354452657935016E+001
    918  2.867840965916514E-006  1.263810693695273E+002
    667  2.800385946647609E-006  1.098231148083649E+002
    676  2.748657920092628E-006  1.102968009656115E+002
    733  2.723389757466077E-006  1.125211996768446E+002
    643  2.719770785577193E-006  1.088529165631816E+002
    374  2.669029862530411E-006  4.576894168844035E+001
    346  2.628924593169630E-006  4.251353138364797E+001
     75  2.602125667716315E-006  2.717284531466260E+001
    287  2.578349420117386E-006  3.806334999222836E+001
    194  2.567515003801299E-006  3.388123191050668E+001
    678  2.497421917497433E-006  1.105298402911861E+002
    481  2.420665387198254E-006  5.889564718758225E+001
    142  2.417507826419538E-006  3.011700635419402E+001
    602  2.321085207413138E-006  1.078335831208874E+002
   1009  2.260599826839272E-006  1.304609142394732E+002
    813  2.245195500923124E-006  1.170211975618395E+002
    196  2.217151051743992E-006  3.402217963204272E+001
    385  2.190304764847914E-006  4.744969147605799E+001
     11  2.176045050009808E-006  1.771447447329438E+001
    772  2.169984459438364E-006  1.144444014986270E+002
    158  2.162605944124550E-006  3.138637587596471E+001
    561  2.154466911415922E-006  1.057823475786052E+002
    189  2.145055774655235E-006  3.348575581421191E+001
    101  2.136189479933263E-006  2.816121926613436E+001
    577  2.127130768038262E-006  1.068269012623950E+002
    244  2.109993710761984E-006  3.582009297825139E+001
    236  2.080765091396629E-006  3.558504171265294E+001
   1059  2.069689953492833E-006  1.335352794510990E+002
   1075  2.012381995196918E-006  1.852007864492208E+002
    371  1.982200849020846E-006  4.567834615857563E+001
    830  1.965457082345963E-006  1.175448785112390E+002
    246  1.829194042231823E-006  3.612200287477440E+001
     94  1.814144529619354E-006  2.803048707399637E+001
    318  1.794632518133815E-006  3.952690512520030E+001
    213  1.781857039515170E-006  3.426923698719692E+001
    320  1.761515289978492E-006  3.958466091098631E+001
     21  1.755051852964304E-006  2.149552581175353E+001
    436  1.748323361055123E-006  5.562240782737462E+001
     43  1.747972728348473E-006  2.485090944939308E+001
    265  1.744242559305430E-006  3.762418150997995E+001
    202  1.738603930281975E-006  3.414693728338715E+001
    754  1.709748962103803E-006  1.130532912402911E+002
      3  1.693218312526849E-006  1.530095081680193E+001
    122  1.686900408432031E-006  2.942821875092930E+001
    599  1.668145811736506E-006  1.077354408464688E+002
     84  1.590081901770608E-006  2.748397341497807E+001
   1073  1.586448182939721E-006  1.355646294676644E+002
    837  1.561774730334897E-006  1.177814246314451E+002
    431  1.543303209690193E-006  5.545822575490884E+001
    798  1.533410900741857E-006  1.161233232814441E+002
    991  1.529873150792278E-006  1.298309517843196E+002
    875  1.524745176414902E-006  1.206504418490652E+002
     96  1.505044924847955E-006  2.807603105873968E+001
    466  1.487716247649612E-006  5.848631456847294E+001
    919  1.486516689322286E-006  1.264669767465423E+002
    769  1.447693436719605E-006  1.141494817506874E+002
     93  1.433628372221750E-006  2.801831476528660E+001
   1029  1.406399959118736E-006  1.312589073638632E+002
     12  1.397238411336814E-006  1.791855268392995E+001
    853  1.370347698420304E-006  1.189950762444425E+002
    218  1.334648578001050E-006  3.434087154455664E+001
    316  1.330429552377952E-006  3.947722492082590E+001
    424  1.291355606828817E-006  5.504400290817051E+001
    438  1.284826721672665E-006  5.568774314714533E+001
     78  1.261633737729336E-006  2.724001953302053E+001
    220  1.244049061509634E-006  3.440936379612124E+001
    502  1.233556770421364E-006  6.033057478557798E+001
    352  1.221951433411476E-006  4.345183818831803E+001
   1007  1.205044576201437E-006  1.303971511397991E+002
     85  1.204429796220242E-006  2.757726243328665E+001
    257  1.201458499921933E-006  3.716053985696894E+001
    966  1.201338199980594E-006  1.287120665380274E+002
    844  1.201074843783782E-006  1.182236522024691E+002
    221  1.185917000254804E-006  3.444064242877499E+001
    725  1.181766052178945E-006  1.122622575126908E+002
      6  1.180386325016073E-006  1.593905863128156E+001
    777  1.162938713786139E-006  1.150636811545726E+002
    133  1.149732653617080E-006  2.980777525245198E+001
    412  1.134020956605047E-006  5.399327798218789E+001
    607  1.129351905469088E-006  1.079782277499060E+002
    117  1.097421700833545E-006  2.915145470361619E+001
    934  1.081334224180726E-006  1.274026915475210E+002
     13  1.055865583628866E-006  2.038781372204352E+001
    131  1.054519128689349E-006  2.976719894627799E+001
    175  1.052535397228476E-006  3.282740528695558E+001
     59  1.031063532203296E-006  2.608228483109795E+001
    509  1.028251447085135E-006  6.104665142125116E+001
    716  1.015648682565248E-006  1.119313653155845E+002
    334  1.011149264871856E-006  4.055961280242965E+001
     41  1.000925247723916E-006  2.434332602389209E+001
    496  9.738867863383224E-007  5.977778544840232E+001
    263  9.645246371415072E-007  3.756851288337069E+001
    521  9.150728234721984E-007  6.120499406654021E+001
    979  9.111740408255434E-007  1.292073280791942E+002
   1077  8.705114861438442E-007  6.189178021453241E+002
    651  8.601387494183277E-007  1.090123807306586E+002
    187  8.530030318935865E-007  3.338593491458187E+001
     87  8.528613999531147E-007  2.773505635732142E+001
    162  8.263136927076104E-007  3.142013005221356E+001
    741  8.259560957092936E-007  1.126383251241469E+002
    793  8.213721384758412E-007  1.158943894419280E+002
    967  7.989556088860563E-007  1.287730879251822E+002
    386  7.791054440900374E-007  4.778448827008048E+001
    428  7.765824531695947E-007  5.539697768550786E+001
    342  7.733120986451918E-007  4.219280462450153E+001
    313  7.529603941339050E-007  3.941220320488696E+001
    708  7.471233625520650E-007  1.116659378913442E+002
    200  7.433320182964123E-007  3.413076352937113E+001
    565  7.403052526227572E-007  1.059848591127986E+002
   1018  7.367811424666892E-007  1.307425624046459E+002
    176  7.083238931439741E-007  3.283702642513862E+001
   1065  6.938058616583593E-007  1.340986810838602E+002
    338  6.909408760743032E-007  4.143596746217444E+001
    286  6.841296250006651E-007  3.806107114689090E+001
    250  6.306264861743631E-007  3.645071914574685E+001
    831  6.259654677163222E-007  1.175849164822640E+002
    146  6.228608201767660E-007  3.038455959742199E+001
    361  6.051274599146250E-007  4.509188248244521E+001
    471  5.964255052645957E-007  5.859921299406331E+001
    465  5.899286045664971E-007  5.845233409136720E+001
     19  5.887729192638980E-007  2.137958735177528E+001
    100  5.864335559659358E-007  2.814590236831992E+001
    260  5.821817111677935E-007  3.745846822965304E+001
   1068  5.618655585222782E-007  1.342139437973118E+002
    245  5.576395876787076E-007  3.584895809931362E+001
    429  5.477529442500464E-007  5.542704693693687E+001
    339  5.275185351810268E-007  4.199721405536648E+001
     51  5.185507281091443E-007  2.527497960196780E+001
    191  5.128698534087405E-007  3.372798248811258E+001
    416  5.076021415584659E-007  5.412105627361211E+001
    184  4.980057392337117E-007  3.328145954751520E+001
    168  4.973739811724787E-007  3.223239881301075E+001
    861  4.949833864562050E-007  1.193618968506130E+002
   1035  4.908872527470827E-007  1.315022364948826E+002
     95  4.894742916185070E-007  2.806113631432304E+001
    441  4.857064799804032E-007  5.602297434426368E+001
    812  4.780319433917484E-007  1.169499526914024E+002
    890  4.584914623816198E-007  1.222269695705770E+002
    621  4.524967954966493E-007  1.083828600305560E+002
    443  4.517466149610005E-007  5.615506371008289E+001
    736  4.499654717593605E-007  1.125700463249535E+002
    969  4.488988567672012E-007  1.288232913140608E+002
    522  4.407877533309601E-007  6.189501394570030E+001
    336  4.374092759673905E-007  4.106442919982931E+001
    252  4.373064583618418E-007  3.681481496629917E+001
    116  4.278514136778966E-007  2.910094471225916E+001
   1002  4.140806899454355E-007  1.301955720736593E+002
    574  4.099750065483406E-007  1.067089856517616E+002
    555  4.012608568840579E-007  1.049505825405343E+002
    401  3.962793739912476E-007  5.310952948046032E+001
    153  3.945305885944618E-007  3.119128674334460E+001
    350  3.895271894351687E-007  4.287084402122760E+001
    317  3.858964129954144E-007  3.952108816795088E+001
    309  3.791533965511154E-007  3.929268620446922E+001
    579  3.726485547834758E-007  1.068810185812333E+002
    562  3.647391836579930E-007  1.058125905236654E+002
    470  3.540423051483645E-007  5.858950887133865E+001
    123  3.496613460503930E-007  2.945706723223188E+001
     34  3.465236532097635E-007  2.394870774261297E+001
    179  3.437484266716947E-007  3.301071504933698E+001
    506  3.399057533336807E-007  6.092479484159845E+001
    638  3.268318605282339E-007  1.087773663504995E+002
   1044  3.244810024666253E-007  1.320835593454495E+002
    382  3.157540227835093E-007  4.661435463500721E+001
    345  3.097845914465954E-007  4.248475366295001E+001
    315  3.045599460273219E-007  3.946262277995078E+001
    624  2.985222443549129E-007  1.084534043855216E+002
    324  2.903017380329647E-007  3.965813849875591E+001
    447  2.899819051494632E-007  5.692641404400948E+001
    489  2.846780465991915E-007  5.906665573291085E+001
    974  2.831785323439245E-007  1.290391941684268E+002
     99  2.809423166121782E-007  2.813215700322161E+001
   1040  2.809372989374134E-007  1.318325334098182E+002
    851  2.789148295149170E-007  1.189105890777936E+002
    178  2.757563774205604E-007  3.291892583427273E+001
    134  2.750921956509524E-007  2.989081555609098E+001
    610  2.748693077122399E-007  1.080548791140610E+002
    366  2.645813951349279E-007  4.541480133184800E+001
    170  2.500777626663410E-007  3.240864442722207E+001
    368  2.397898066505252E-007  4.552075151204606E+001
    274  2.282186519610017E-007  3.771469066363962E+001
   1012  2.265296675950653E-007  1.305860585800326E+002
    693  2.255205448802987E-007  1.110198391814811E+002
    789  2.224648209780216E-007  1.157939903252585E+002
    305  2.185874733346098E-007  3.919092577852600E+001
    295  2.169524743705765E-007  3.844649820311862E+001
     68  2.125173136651428E-007  2.665958995788216E+001
     50  2.109262714420511E-007  2.524792740229145E+001
   1023  2.074640655594813E-007  1.309907545973144E+002
    896  2.063634530912832E-007  1.231967026860033E+002
    971  2.029521508422968E-007  1.289111652451389E+002
   1049  1.975473773965204E-007  1.325964910892840E+002
    751  1.961279499938092E-007  1.129352725370382E+002
    228  1.946777614242584E-007  3.465329128304563E+001
    560  1.944548124940470E-007  1.057397922085461E+002
    740  1.920446942525585E-007  1.126281679605138E+002
    961  1.901944918620199E-007  1.283826108536399E+002
    542  1.881169251409287E-007  1.021380905135569E+002
    104  1.878301792280097E-007  2.863475114667724E+001
    951  1.825628734456696E-007  1.282127111215003E+002
    375  1.709474178137814E-007  4.577921754207221E+001
    717  1.692909100213115E-007  1.119901298340990E+002
     45  1.666194309019164E-007  2.505629895200580E+001
    956  1.651926935977301E-007  1.283075816024711E+002
    181  1.607238178719793E-007  3.309588236011395E+001
    817  1.595666984644603E-007  1.171745914510001E+002
    277  1.584384757022547E-007  3.774405278528796E+001
    389  1.574660108971519E-007  4.924612888004685E+001
    605  1.574131044911807E-007  1.079476682950407E+002
   1010  1.558216247730869E-007  1.305150376372933E+002
    957  1.555424137839197E-007  1.283224605383935E+002
     88  1.553513581972942E-007  2.776495450944637E+001
    622  1.520045740430617E-007  1.084041586407917E+002
    739  1.515561052229962E-007  1.126267264275300E+002
    444  1.428309170271815E-007  5.640873014994138E+001
    508  1.352904359418474E-007  6.101348113010317E+001
    529  1.322017771843682E-007  6.213305424318654E+001
    985  1.292188497236052E-007  1.294454523269476E+002
   1021  1.290472000472243E-007  1.308784400027895E+002
    511  1.285053843769504E-007  6.108291035790679E+001
    933  1.266897803569750E-007  1.272967505112425E+002
    457  1.259919392670650E-007  5.770039153165104E+001
    129  1.256760848029292E-007  2.967722940199728E+001
    629  1.251659467112587E-007  1.086436456014825E+002
    959  1.247163243003253E-007  1.283643788123119E+002
    823  1.220063575073139E-007  1.173434151863991E+002
    992  1.219703116534779E-007  1.299169051159237E+002
    996  1.200466387249268E-007  1.300741546440489E+002
    235  1.142328546825231E-007  3.553329683850696E+001
    594  1.130679277368770E-007  1.075267994995216E+002
    314  1.128467755220700E-007  3.944402428691944E+001
    732  1.122623590747872E-007  1.124809932511083E+002
    791  1.103628376103784E-007  1.158399885308925E+002
    923  1.101526637048070E-007  1.267345977181097E+002
    410  1.095390655405835E-007  5.380004782230375E+001
    616  1.089442547655590E-007  1.081902144651443E+002
    354  1.033626740411339E-007  4.358717802496741E+001
    586  1.031439628937790E-007  1.072414988471015E+002
    776  1.026491370924556E-007  1.150535509847603E+002
   1030  1.023869783103876E-007  1.313677884464318E+002
    845  1.020720313212345E-007  1.182722434309271E+002
    172  1.013201379115139E-007  3.254695536480502E+001
   1067  9.916903098575725E-008  1.341872351276505E+002
    323  9.865886770305142E-008  3.963162035223775E+001
    719  9.624130227776421E-008  1.120361196403708E+002
    647  9.473221367145665E-008  1.089204596390746E+002
    304  9.241537415330219E-008  3.902642388250331E+001
    207  9.166472874312065E-008  3.419271829752626E+001
    696  8.917611392300052E-008  1.111110130672436E+002
    645  8.908598505634857E-008  1.088758352374567E+002
    242  8.872568126637148E-008  3.575330164903793E+001
    633  8.543098086685380E-008  1.086770367044967E+002
    911  8.503365446184091E-008  1.258968376271585E+002
    819  8.295026872354484E-008  1.172617623112352E+002
    670  8.245995425981972E-008  1.099218253642219E+002
    628  8.198232004869805E-008  1.085999071252231E+002
    174  8.056033211589239E-008  3.277024257542895E+001
    946  7.994917536736758E-008  1.279201366409634E+002
    373  7.943312100082591E-008  4.573517441489172E+001
    499  7.773162860798051E-008  6.010190034988052E+001
    980  7.657533230255891E-008  1.292322903638887E+002
    722  7.447750516516064E-008  1.121989232781130E+002
    995  7.383043130102245E-008  1.300556822463785E+002
    656  7.008873441785223E-008  1.092383325553483E+002
   1025  6.916315674981349E-008  1.310823101564250E+002
    884  6.908669969367842E-008  1.212913619330936E+002
    584  6.679954692042282E-008  1.071415131646536E+002
   1015  6.516255643627240E-008  1.306693309857935E+002
    753  6.362625319791501E-008  1.130399909728984E+002
    677  6.311812122903690E-008  1.104103779431708E+002
    640  6.276571277263967E-008  1.088027953187827E+002
    569  6.196534012187155E-008  1.064024371239422E+002
    684  6.175996397098680E-008  1.108055531440044E+002
    747  6.062407092465488E-008  1.128221651622354E+002
    606  5.851589459986084E-008  1.079754075340127E+002
    463  5.797538765416882E-008  5.840368106338346E+001
    634  5.787608755595319E-008  1.087110579745548E+002
    480  5.477622702826313E-008  5.887142017505539E+001
    435  5.453636372355396E-008  5.559833163642786E+001
   1037  5.413963449546141E-008  1.316166834102353E+002
    406  5.349896692032571E-008  5.347162595814701E+001
   1046  5.335671816870191E-008  1.322741703884410E+002
    269  5.278421008565914E-008  3.766609016559832E+001
    828  5.119269934153957E-008  1.175132070682912E+002
   1004  5.084583044411990E-008  1.302828791464404E+002
    625  5.047130238965990E-008  1.084878781680722E+002
     22  5.027507916271303E-008  2.149928230079738E+001
    682  4.969442847784719E-008  1.107795174367904E+002
     46  4.957119885215295E-008  2.508968851186969E+001
    328  4.884276846818454E-008  3.982877398686839E+001
    488  4.841589349588709E-008  5.904214899548738E+001
    965  4.771546490402344E-008  1.286084743618769E+002
    528  4.769139296441770E-008  6.211763689923020E+001
    782  4.766663282167889E-008  1.155663554633046E+002
    490  4.715076917121481E-008  5.909746584665749E+001
    619  4.709847534489797E-008  1.083262496248409E+002
    999  4.679844377272194E-008  1.301340763851820E+002
    461  4.665004346071310E-008  5.832169084274378E+001
     62  4.623796093215365E-008  2.630569023157911E+001
    199  4.311839258451079E-008  3.411214171315592E+001
    800  4.094313027811463E-008  1.161811067685375E+002
    809  4.092373891735263E-008  1.168273457040169E+002
    787  3.861048314182579E-008  1.157066821730262E+002
    558  3.810220907512173E-008  1.054235904423783E+002
   1019  3.771248294377782E-008  1.307856127904329E+002
    289  3.643282859848197E-008  3.832422991649202E+001
    601  3.608800114610376E-008  1.078222216339937E+002
    818  3.577447280651999E-008  1.172202887178189E+002
     15  3.576916595693933E-008  2.077312965636918E+001
    596  3.551273180712429E-008  1.076305596761092E+002
    363  3.500047402079074E-008  4.523665715266514E+001
    914  3.495633428231869E-008  1.261343003660832E+002
    814  3.392620405111086E-008  1.170571282096026E+002
    905  3.225204909410386E-008  1.252963463377060E+002
    627  3.151660324981220E-008  1.085359599099982E+002
    362  3.043255285391516E-008  4.520209191521082E+001
    595  3.000720937314160E-008  1.075727311228692E+002
    591  2.987345537043097E-008  1.073970459895217E+002
    644  2.941800730650284E-008  1.088699046594824E+002
    662  2.888909303404045E-008  1.094304874643061E+002
    723  2.839668330192178E-008  1.122249597820348E+002
    867  2.821502684974082E-008  1.199420338065019E+002
    672  2.785361063951550E-008  1.100523893058521E+002
    583  2.669586360513833E-008  1.070323413352247E+002
    665  2.666852207355050E-008  1.096195054263975E+002
    370  2.657676178549979E-008  4.562254251008403E+001
    660  2.551068928825461E-008  1.093929129115852E+002
    990  2.451775828155520E-008  1.297249883032466E+002
    982  2.376570342010487E-008  1.293230544301462E+002
    679  2.372202208389906E-008  1.106299731616480E+002
    251  2.337361453884818E-008  3.670193646720268E+001
    469  2.260737760476062E-008  5.857260373695996E+001
    598  2.187752254834871E-008  1.077082259858063E+002
    556  2.100491246495943E-008  1.053074591696642E+002
    571  1.990363257739752E-008  1.065760725477823E+002
    648  1.982416473681477E-008  1.089328290594756E+002
    705  1.971543281900728E-008  1.114879185885843E+002
     47  1.950620893600871E-008  2.514695584094496E+001
    786  1.933370442291562E-008  1.156679892855772E+002
    268  1.861194934580863E-008  3.765614789507087E+001
    936  1.857777102747472E-008  1.275963114471066E+002
    841  1.815182241811359E-008  1.180046875638410E+002
    993  1.798927259109670E-008  1.299638892136509E+002
    707  1.775307054963722E-008  1.116484954290111E+002
    688  1.723600019192042E-008  1.108652117541332E+002
    608  1.693197613873003E-008  1.080310773431174E+002
    282  1.687732933094469E-008  3.781601762519486E+001
   1054  1.630160407741564E-008  1.332101619260334E+002
    735  1.611995975657200E-008  1.125422257639707E+002
    987  1.542006949312915E-008  1.295218650079724E+002
    862  1.469663782519608E-008  1.194326389788892E+002
    685  1.406416094981128E-008  1.108208915724099E+002
    449  1.382461797559789E-008  5.713782918039372E+001
    720  1.374276355722142E-008  1.121496181246094E+002
   1028  1.327914450270353E-008  1.312419762585663E+002
    833  1.323521060954710E-008  1.176450554682990E+002
    284  1.298190225788439E-008  3.794002386601017E+001
    939  1.267580662746073E-008  1.276788938661296E+002
    752  1.239316700437355E-008  1.129825416205730E+002
    815  1.238281988428772E-008  1.170844697210597E+002
    144  1.236474472411289E-008  3.023024488043693E+001
    806  1.229232808612508E-008  1.165904998677036E+002
    927  1.225712069164953E-008  1.271118445081471E+002
    652  1.218889582688444E-008  1.090805000764319E+002
    124  1.211068567182814E-008  2.953039329658957E+001
    906  1.201000073839983E-008  1.253859334012492E+002
    573  1.193655757497684E-008  1.066520968004064E+002
    788  1.188451258308879E-008  1.157595566872355E+002
    692  1.185543176783695E-008  1.109991362888409E+002
    728  1.149767951586571E-008  1.123911467240560E+002
    664  1.120542616354818E-008  1.095868237421283E+002
    805  1.115712103922437E-008  1.165442309434909E+002
    775  1.060396104943437E-008  1.149447083106751E+002
    850  1.058905954327333E-008  1.188640670964077E+002
    834  1.020815742414754E-008  1.176651591794238E+002
    811  1.018891258143398E-008  1.169131613251637E+002
   1005  1.015965214493737E-008  1.302961950162389E+002
    887  1.015380317313399E-008  1.215278324822884E+002
    891  1.008474378962580E-008  1.222344606190913E+002
    910  1.003393980910871E-008  1.258349422363612E+002
   1043  9.946205566773562E-009  1.320181582363304E+002
    147  9.802105059211742E-009  3.045498909450352E+001
    878  9.795947838998410E-009  1.208553192243232E+002
    243  9.660651519605771E-009  3.580427376176280E+001
    310  9.513361615758201E-009  3.933560718805473E+001
    171  9.386457076680628E-009  3.251692712246987E+001
    840  9.333503397905378E-009  1.179674198090055E+002
    408  9.249169483597131E-009  5.368647704938994E+001
    709  9.150328021902452E-009  1.116986555393093E+002
    963  8.733150782181015E-009  1.284456810480366E+002
    849  8.730769949998606E-009  1.186556798515274E+002
     30  8.556581522913165E-009  2.339033246897357E+001
    949  8.436709676584547E-009  1.280833568476082E+002
    614  8.121797312291968E-009  1.081499604581023E+002
    931  7.965956416638160E-009  1.272754104030811E+002
    922  7.926312194273996E-009  1.267277337836395E+002
    657  7.504804448275166E-009  1.092680437977900E+002
    888  7.235531403552232E-009  1.215384892766490E+002
    859  7.051021522133150E-009  1.193117826572047E+002
    856  6.844191622833572E-009  1.192407591408727E+002
    908  6.824901627065312E-009  1.256350992978881E+002
    857  6.728185126220853E-009  1.192977858717030E+002
    612  6.703812693739254E-009  1.080838271474082E+002
    526  6.700250338813943E-009  6.205614154690332E+001
   1051  6.642757727498006E-009  1.330173846663143E+002
    925  6.317453118733352E-009  1.268943605090481E+002
    699  6.212107148961127E-009  1.111753891148923E+002
    501  6.186424393376628E-009  6.025540211442135E+001
    620  6.118539136797799E-009  1.083700393844588E+002
    758  5.728509672308697E-009  1.131945788764974E+002
    451  5.716439596333837E-009  5.726939793781466E+001
    804  5.715864696773476E-009  1.164307012054320E+002
    729  5.685931938725260E-009  1.124070412533170E+002
    150  5.639687479434555E-009  3.095380367517388E+001
    978  5.429671101856592E-009  1.291764873003617E+002
    795  5.150487844325644E-009  1.159446042090269E+002
    941  4.903191026747278E-009  1.277239710636116E+002
    781  4.761651699883168E-009  1.155015502370288E+002
    224  4.700062021836307E-009  3.456258153743839E+001
    603  4.401820200581693E-009  1.078480909052838E+002
    792  4.268471891748028E-009  1.158579110744502E+002
    589  4.234616158060498E-009  1.073243551551986E+002
    718  4.162860450941585E-009  1.120307816427976E+002
    915  4.039648489918595E-009  1.261627872997085E+002
    901  3.837458300349462E-009  1.246352700151236E+002
    703  3.272189066957258E-009  1.113359924967504E+002
    653  3.083161285653318E-009  1.090926521840726E+002
    590  2.996944598225927E-009  1.073381491314167E+002
    564  2.504377331388490E-009  1.059223740174141E+002
    437  2.473897257622180E-009  5.567668099873953E+001
    920  2.459618906056756E-009  1.265729199247587E+002
    779  2.399723216671727E-009  1.153237642854880E+002
    855  2.342822162256470E-009  1.192335282432478E+002
    234  2.231914610939724E-009  3.541632958107625E+001
    876  2.218606457297572E-009  1.207338716680959E+002
    790  2.214225625458718E-009  1.158127479939932E+002
    695  2.181885376069053E-009  1.110404578737834E+002
    704  2.102700145563629E-009  1.114088220449556E+002
    852  2.090643464116061E-009  1.189308904937423E+002
    885  1.984923003001981E-009  1.213849358963692E+002
    801  1.937812713733271E-009  1.162412158177078E+002
    900  1.851982963039282E-009  1.240255399934555E+002
    761  1.798008836535497E-009  1.134019555363662E+002
    881  1.741157092087194E-009  1.212001054655417E+002
    701  1.643672572433186E-009  1.112655741498095E+002
    439  1.622767565541096E-009  5.581771077364913E+001
    750  1.574741171414042E-009  1.128980084302201E+002
    281  1.572496792963078E-009  3.778222215271058E+001
     52  1.538011261227090E-009  2.532370304309600E+001
    912  1.512061319967122E-009  1.259977317017505E+002
    642  1.436375284792638E-009  1.088349318990273E+002
    893  1.270055237678519E-009  1.225899968537864E+002
    773  1.179624090725958E-009  1.146041296786391E+002
    766  1.070967368690017E-009  1.138313497862233E+002
   1017  9.677619648788304E-010  1.307020085696559E+002
    759  9.533491241698924E-010  1.132523759465808E+002
   1003  9.289056080746434E-010  1.302792324598297E+002
    307  9.162754373494805E-010  3.924418415703018E+001
    394  8.948851958133569E-010  5.275338077531283E+001
    767  8.498010442245634E-010  1.139787538815297E+002
    225  8.318347347670422E-010  3.458265676939745E+001
    550  7.945984665568529E-010  1.044255141670578E+002
    713  6.630060369776003E-010  1.118750446375970E+002
    581  6.137232069594728E-010  1.069166383916512E+002
    744  5.311757718064183E-010  1.127340165661099E+002
    864  4.858686875109331E-010  1.195154318953015E+002
    874  4.611100701714543E-010  1.206463359037059E+002
    794  4.462981489963565E-010  1.159299755047292E+002
    899  4.331130590439841E-010  1.237750393258326E+002
    839  4.210843839065137E-010  1.178451551754228E+002
    904  4.004059719894379E-010  1.250437756508075E+002
    882  3.863912703884367E-010  1.212606419968792E+002
    764  3.525503493132546E-010  1.137269990775531E+002
    674  3.439283454669620E-010  1.101627157855635E+002
    714  2.715041957848903E-010  1.118865310298163E+002
    227  2.592727538263211E-010  3.461221107986133E+001
   1063  2.568722725356906E-010  1.338610239777397E+002
    846  2.409994539210193E-010  1.183733977129572E+002
    711  2.288903848113461E-010  1.117833092223069E+002
    770  2.107332966187257E-010  1.141655133118217E+002
    388  2.001062419836993E-010  4.916519389587509E+001
    889  1.996588959887883E-010  1.221096476933091E+002
    641  1.882611805528007E-010  1.088136450829588E+002
    869  1.612682584401775E-010  1.201465244096069E+002
    935  1.564467332883445E-010  1.274477748704804E+002
    726  1.113885317578033E-010  1.123280306605216E+002
    668  9.565441030426139E-011  1.098358517134249E+002
    872  6.859119608424951E-011  1.204992644439996E+002
    743  6.858522319782316E-011  1.126739704882794E+002
    734  5.173851336328900E-011  1.125227414297757E+002
    994  1.732578121626875E-011  1.299886393654431E+002
    715  1.355865327665685E-012  1.119122168057061E+002
