# Number of modes
   1077
# Tabulated for different initial and final frequencies?
    F
# Mode index, Sj, (highest to lowest), omega_j
    547  1.873827310556823E-001  1.040413527560943E+002
      7  4.664230101231129E-002  1.598850297870253E+001
    418  3.702022398572703E-002  5.440760214654593E+001
      8  2.475376717898967E-002  1.603898235084092E+001
     23  2.451339602337051E-002  2.160694502786773E+001
     38  2.013512220013852E-002  2.415274881711009E+001
     24  1.912592559829043E-002  2.165827626673025E+001
    546  1.439048695156010E-002  1.038908634804570E+002
    551  1.169998078663487E-002  1.044758850995860E+002
    436  1.145101859958949E-002  5.562240782737462E+001
    114  1.023159075743484E-002  2.903390568794284E+001
     64  1.011166423951790E-002  2.637954322898939E+001
    544  9.749364336050590E-003  1.037287728441322E+002
    549  8.516217104548477E-003  1.043755820157491E+002
     18  8.135843604331750E-003  2.124694793769305E+001
     65  7.479991295875688E-003  2.645533186342116E+001
    422  6.978225023670527E-003  5.478392604221921E+001
    554  6.848782014087477E-003  1.048978551747549E+002
     58  6.384079502154871E-003  2.603619761911758E+001
    566  6.168685294862567E-003  1.060197199307676E+002
    301  5.693385391637928E-003  3.874125966254066E+001
    392  5.004128988205091E-003  4.975569880244111E+001
    425  4.827898205092518E-003  5.512885982268182E+001
   1047  4.811335943524779E-003  1.324683504365100E+002
    390  4.586461307058216E-003  4.930034545373515E+001
   1060  4.584110508417432E-003  1.336329109810919E+002
      5  4.403376556616201E-003  1.580375607842547E+001
     31  4.241000217997145E-003  2.349957735236975E+001
     10  3.913467043066355E-003  1.630017574824609E+001
   1041  3.858403116931662E-003  1.318604688563310E+002
    330  3.707097373680762E-003  4.000719691328421E+001
    438  3.533101629968125E-003  5.568774314714533E+001
     32  3.400563623947418E-003  2.386019687247388E+001
    539  3.362771066526632E-003  1.004038214764926E+002
    552  3.337254067799625E-003  1.045004516183760E+002
     27  3.202792162661231E-003  2.288948685305089E+001
    229  3.153464611764872E-003  3.477639317683153E+001
    199  2.950375486782603E-003  3.411214171315592E+001
    142  2.925799499973190E-003  3.011700635419402E+001
     71  2.830479511424519E-003  2.691074291878593E+001
     20  2.698099968438160E-003  2.146722812704134E+001
    536  2.692590554560197E-003  7.244369170766353E+001
    466  2.648531596247137E-003  5.848631456847294E+001
   1038  2.635819231085108E-003  1.317153469634680E+002
    255  2.449113006001441E-003  3.705801266502003E+001
     85  2.443799088353106E-003  2.757726243328665E+001
    563  2.217218557191798E-003  1.058622417292547E+002
    347  2.199190579842959E-003  4.251894246220620E+001
    207  2.146218015159425E-003  3.419271829752626E+001
     11  2.139962137534699E-003  1.771447447329438E+001
   1039  2.053175603954942E-003  1.317789778316224E+002
    384  2.029352346637772E-003  4.693482184770667E+001
   1075  1.934453862115913E-003  1.852007864492208E+002
     55  1.924708316022434E-003  2.564739582447731E+001
     36  1.841277824704553E-003  2.408548968715760E+001
    300  1.822369435821527E-003  3.871033423098082E+001
    386  1.816274925785404E-003  4.778448827008048E+001
     95  1.808886816450050E-003  2.806113631432304E+001
    387  1.798000808919518E-003  4.845493173747810E+001
   1074  1.748546530425056E-003  1.357832717908243E+002
    537  1.616056032910385E-003  7.348438751630307E+001
    161  1.504469786636336E-003  3.141544799468193E+001
     67  1.485113739708368E-003  2.663955326886673E+001
    926  1.463715671717261E-003  1.269935099435139E+002
    381  1.388438067816125E-003  4.623753374880091E+001
   1066  1.279071232904234E-003  1.341339055776214E+002
     66  1.230687022465602E-003  2.653041695388611E+001
    183  1.229001845641380E-003  3.317747871488443E+001
    403  1.220296269938369E-003  5.332276567118551E+001
    348  1.172944517567413E-003  4.278252907839931E+001
    282  1.172162805220558E-003  3.781601762519486E+001
      9  1.097981992940225E-003  1.615282072713023E+001
    153  1.080021108934280E-003  3.119128674334460E+001
    308  1.065541733076360E-003  3.924824416979163E+001
    452  1.065345507435223E-003  5.732416656661538E+001
    212  1.043388233614799E-003  3.425448747044050E+001
    131  1.018154898553912E-003  2.976719894627799E+001
    379  1.008059055429127E-003  4.610002508350383E+001
     74  9.951663688029587E-004  2.706787664592100E+001
    202  9.761918871788379E-004  3.414693728338715E+001
     51  9.508096474622864E-004  2.527497960196780E+001
    295  9.365478261396648E-004  3.844649820311862E+001
    143  9.301676560322300E-004  3.021552765862468E+001
    306  9.287294255158578E-004  3.922583615449084E+001
     43  9.248512589969612E-004  2.485090944939308E+001
    160  9.209890774885174E-004  3.140287364756382E+001
    570  9.133059820359973E-004  1.064458450110351E+002
   1053  9.056313805090020E-004  1.331993000158318E+002
    378  9.040868885005053E-004  4.609481655347708E+001
    331  8.978203710741863E-004  4.033978069592825E+001
    299  8.963286700560542E-004  3.861147003050849E+001
     46  8.947321761576544E-004  2.508968851186969E+001
    106  8.757873045867623E-004  2.873147041157064E+001
   1064  8.739595631553495E-004  1.339182935247794E+002
     92  8.625709917067805E-004  2.796966533379813E+001
    325  8.514519563660462E-004  3.979678053884171E+001
    221  8.481987199541582E-004  3.444064242877499E+001
    445  8.460003153833753E-004  5.650985963977887E+001
    446  8.407631068561654E-004  5.657515742254393E+001
    298  8.391948320730629E-004  3.860785506393049E+001
    196  8.162298548322472E-004  3.402217963204272E+001
    133  8.146023283464168E-004  2.980777525245198E+001
    423  7.976532324714022E-004  5.491452382822700E+001
    101  7.863802789636064E-004  2.816121926613436E+001
    158  7.838217079065473E-004  3.138637587596471E+001
    564  7.757275912591596E-004  1.059223740174141E+002
    134  7.703108208052369E-004  2.989081555609098E+001
     57  7.674706583837605E-004  2.601044601303876E+001
     89  7.514760274021225E-004  2.787565477396676E+001
    415  7.448116851044777E-004  5.409773008136273E+001
    184  7.311110264301721E-004  3.328145954751520E+001
    156  7.238062978306088E-004  3.133959801814033E+001
    385  7.223080086441165E-004  4.744969147605799E+001
    698  7.136734789489685E-004  1.111543499618823E+002
    426  7.123279092856179E-004  5.521112029631625E+001
    327  7.074959701651194E-004  3.980649710729982E+001
    218  6.963374230725064E-004  3.434087154455664E+001
    205  6.950400466700924E-004  3.418138862993963E+001
     34  6.796016844960735E-004  2.394870774261297E+001
    875  6.749094808574038E-004  1.206504418490652E+002
    138  6.737812664875106E-004  2.998810658959070E+001
   1016  6.562571738299103E-004  1.306784011483153E+002
    289  6.552198568891939E-004  3.832422991649202E+001
    174  6.462266911023721E-004  3.277024257542895E+001
     37  6.391385639108575E-004  2.413005277682491E+001
   1029  6.322712548703532E-004  1.312589073638632E+002
    103  6.284520878990560E-004  2.854698030319213E+001
    538  6.210275883494587E-004  8.801939400846273E+001
    320  6.145721141142577E-004  3.958466091098631E+001
    998  6.060178255932192E-004  1.301241144683907E+002
     22  6.054142361624055E-004  2.149928230079738E+001
    380  5.968590604052759E-004  4.621788456267294E+001
     97  5.968532873543226E-004  2.809615145046481E+001
   1057  5.920425087544901E-004  1.332882698940204E+002
    402  5.854262000429003E-004  5.323403324336612E+001
    246  5.706592394507489E-004  3.612200287477440E+001
    304  5.647193524861402E-004  3.902642388250331E+001
    401  5.598221378066116E-004  5.310952948046032E+001
     48  5.583522538526371E-004  2.521050943974308E+001
     70  5.578239422563766E-004  2.683332853591699E+001
    453  5.430922552844572E-004  5.734859743017803E+001
      6  5.424785758707629E-004  1.593905863128156E+001
    312  5.416106401781181E-004  3.940338989709551E+001
    357  5.386453398107667E-004  4.413715889769129E+001
   1044  5.377687263441513E-004  1.320835593454495E+002
    352  5.326959379763797E-004  4.345183818831803E+001
    121  5.281074059188791E-004  2.937009161569695E+001
    116  5.105716337203422E-004  2.910094471225916E+001
    239  5.061331306540735E-004  3.564788119351169E+001
    456  4.945955134009509E-004  5.758475825352298E+001
    150  4.812204881223355E-004  3.095380367517388E+001
      3  4.810320964328000E-004  1.530095081680193E+001
    417  4.659483295124691E-004  5.432386496665636E+001
    493  4.590416223842499E-004  5.956939432616837E+001
    560  4.572884029297092E-004  1.057397922085461E+002
    208  4.483382943597068E-004  3.420400517096608E+001
    666  4.454414217450273E-004  1.096961217429448E+002
    275  4.403785510204560E-004  3.771871208633355E+001
    413  4.351907744967611E-004  5.407796767412047E+001
    336  4.326392932152462E-004  4.106442919982931E+001
    309  4.313768217215391E-004  3.929268620446922E+001
     78  4.277902239026251E-004  2.724001953302053E+001
    281  4.275009220219473E-004  3.778222215271058E+001
    576  4.171312113505840E-004  1.068188420241767E+002
    109  4.017312666971682E-004  2.888359254004277E+001
     96  3.986436301838950E-004  2.807603105873968E+001
    168  3.969186367011929E-004  3.223239881301075E+001
    338  3.947957960934113E-004  4.143596746217444E+001
   1036  3.857279631666926E-004  1.315563975924429E+002
    454  3.827004140804704E-004  5.753531790534946E+001
    231  3.743368651622551E-004  3.529195130720404E+001
    694  3.721284876658751E-004  1.110208923005156E+002
    382  3.685972308288501E-004  4.661435463500721E+001
    318  3.658531007997686E-004  3.952690512520030E+001
     62  3.631289328482296E-004  2.630569023157911E+001
    444  3.589752100900239E-004  5.640873014994138E+001
    237  3.557154506662925E-004  3.561350513334219E+001
    557  3.544882663659055E-004  1.053298087456868E+002
     53  3.411581069382439E-004  2.532427500710937E+001
     45  3.398028639180066E-004  2.505629895200580E+001
   1033  3.385066147760318E-004  1.314921549657209E+002
   1069  3.361579730732673E-004  1.347402109836953E+002
   1050  3.307821261732727E-004  1.326682006609648E+002
    389  3.299942742031520E-004  4.924612888004685E+001
     30  3.246715762603947E-004  2.339033246897357E+001
    152  3.233798209476050E-004  3.107793476288124E+001
    191  3.225993236969489E-004  3.372798248811258E+001
    449  3.163307294830338E-004  5.713782918039372E+001
    928  3.146419647058121E-004  1.271758190169006E+002
     21  3.123006837966305E-004  2.149552581175353E+001
     35  3.089948849528800E-004  2.406163852032448E+001
    421  3.039036050597000E-004  5.469982084171487E+001
    405  3.038934170533804E-004  5.340951413863353E+001
    460  3.010085507235938E-004  5.821511818989060E+001
    486  2.965252697476944E-004  5.898078655703418E+001
     61  2.890460089274455E-004  2.623624111749398E+001
    303  2.832507475809022E-004  3.891633174738261E+001
    321  2.800054103156735E-004  3.959878738143280E+001
    451  2.797833538060713E-004  5.726939793781466E+001
    578  2.777608967373184E-004  1.068696587706935E+002
    324  2.750310069326880E-004  3.965813849875591E+001
   1042  2.714708967235149E-004  1.319938555239870E+002
    992  2.698126771934322E-004  1.299169051159237E+002
    314  2.688436109164374E-004  3.944402428691944E+001
    394  2.677900865321929E-004  5.275338077531283E+001
     54  2.614537729974832E-004  2.537118147105558E+001
     81  2.613140373160724E-004  2.737831616504717E+001
    575  2.610772377918667E-004  1.067636975144964E+002
    396  2.591055767204551E-004  5.292259014309509E+001
    937  2.583047363507626E-004  1.275975168353670E+002
    531  2.551672244760123E-004  6.280622541285696E+001
    167  2.513703199311371E-004  3.206734480721192E+001
    166  2.509403643266680E-004  3.197534022905977E+001
    383  2.490540613379102E-004  4.665506804468283E+001
    502  2.484488361303213E-004  6.033057478557798E+001
     50  2.484285308447279E-004  2.524792740229145E+001
    214  2.472794551572493E-004  3.429158842681225E+001
     68  2.445941957530915E-004  2.665958995788216E+001
    467  2.417817820640787E-004  5.850070475174659E+001
    137  2.377700613537693E-004  2.996307755422044E+001
     72  2.374872509497784E-004  2.695844835194747E+001
    919  2.373011647177678E-004  1.264669767465423E+002
    283  2.317520908118989E-004  3.781664732037148E+001
    104  2.294167796430229E-004  2.863475114667724E+001
    242  2.292304162297467E-004  3.575330164903793E+001
    329  2.249455738294663E-004  3.994917835777716E+001
    334  2.234476153835819E-004  4.055961280242965E+001
    474  2.203224989093522E-004  5.866520048333617E+001
    504  2.199376325817050E-004  6.073767201700102E+001
     84  2.177558901535624E-004  2.748397341497807E+001
    307  2.163762454648295E-004  3.924418415703018E+001
    341  2.140623627754465E-004  4.207899368185591E+001
    995  2.118973580969475E-004  1.300556822463785E+002
    201  2.106225224193297E-004  3.413905621996786E+001
    658  2.087743941006192E-004  1.092752908733605E+002
   1000  2.074689532558377E-004  1.301375093272533E+002
   1072  2.060770865986805E-004  1.354275255218108E+002
    602  2.051404408836080E-004  1.078335831208874E+002
    132  2.031794902040721E-004  2.978147182311027E+001
     19  2.028932027517686E-004  2.137958735177528E+001
    565  1.991772821102328E-004  1.059848591127986E+002
    176  1.958871200506842E-004  3.283702642513862E+001
    261  1.884862368835957E-004  3.751537038816641E+001
     75  1.874866662721139E-004  2.717284531466260E+001
     44  1.862032333681392E-004  2.487547588775838E+001
    708  1.860066450149513E-004  1.116659378913442E+002
    117  1.855554902083108E-004  2.915145470361619E+001
     29  1.855028431436647E-004  2.304600720746813E+001
    164  1.852896361666592E-004  3.156123118588701E+001
    346  1.842541043401240E-004  4.251353138364797E+001
    478  1.842027356099390E-004  5.880478287498814E+001
    464  1.836583532340441E-004  5.841767339850505E+001
    189  1.832577903255656E-004  3.348575581421191E+001
     28  1.825583346356621E-004  2.303576073275412E+001
    573  1.812202617103912E-004  1.066520968004064E+002
    317  1.800630957112802E-004  3.952108816795088E+001
    136  1.798631650650339E-004  2.995197020395121E+001
    407  1.797223337665082E-004  5.355040632372296E+001
    785  1.740188023639019E-004  1.156515149006221E+002
    571  1.716264798412786E-004  1.065760725477823E+002
    433  1.691845424913602E-004  5.552394895078822E+001
    374  1.680600570811459E-004  4.576894168844035E+001
    690  1.679294887954255E-004  1.109553167085971E+002
    119  1.669694784647652E-004  2.929038281335912E+001
    997  1.653244609587448E-004  1.300952728722026E+002
    442  1.641993704563489E-004  5.605259237502305E+001
    192  1.636991487810449E-004  3.373139183933635E+001
    305  1.617696490616121E-004  3.919092577852600E+001
    482  1.616637422429924E-004  5.890508639424976E+001
    515  1.588924989647033E-004  6.113166482037749E+001
    377  1.587349866290502E-004  4.580996274485975E+001
    700  1.580935072002954E-004  1.112187707043413E+002
    521  1.579603137790958E-004  6.120499406654021E+001
    434  1.570285997036775E-004  5.556859477681133E+001
    359  1.564662417571792E-004  4.440820660542785E+001
    332  1.540356349460922E-004  4.036182328117159E+001
    123  1.534457112614600E-004  2.945706723223188E+001
    868  1.532425811518965E-004  1.199994649602093E+002
    217  1.529266021975362E-004  3.432077633458158E+001
    929  1.521707197668681E-004  1.272324166790593E+002
    542  1.507907181824895E-004  1.021380905135569E+002
    725  1.501417207688826E-004  1.122622575126908E+002
    970  1.499198824531407E-004  1.288440499253601E+002
    555  1.479914604809994E-004  1.049505825405343E+002
    475  1.467858701654994E-004  5.870955367754343E+001
    290  1.450219116720263E-004  3.834059039797889E+001
   1001  1.440522209773515E-004  1.301907504163165E+002
    144  1.436464336028822E-004  3.023024488043693E+001
    248  1.436085366758812E-004  3.617742791171408E+001
   1005  1.434158151526810E-004  1.302961950162389E+002
     73  1.431655012082625E-004  2.704395448663374E+001
     42  1.431466026083502E-004  2.442065503900721E+001
    147  1.429537241621180E-004  3.045498909450352E+001
    294  1.428607955635968E-004  3.844005427068350E+001
    716  1.421490091441936E-004  1.119313653155845E+002
    550  1.404726220328076E-004  1.044255141670578E+002
    604  1.396331887747187E-004  1.078901483894559E+002
    528  1.393679834479894E-004  6.211763689923020E+001
     33  1.389746351204788E-004  2.387502434282544E+001
    981  1.383068090422790E-004  1.292686845988868E+002
    163  1.351837732160314E-004  3.148605603035891E+001
    355  1.328665110075411E-004  4.365668409738398E+001
    588  1.311141701520072E-004  1.072780161282308E+002
     40  1.292176197722479E-004  2.429142631572386E+001
   1013  1.284914915082400E-004  1.306191025791559E+002
     49  1.272292888182773E-004  2.521926711432687E+001
    481  1.269548920603454E-004  5.889564718758225E+001
    171  1.263244480595891E-004  3.251692712246987E+001
    162  1.256260721055174E-004  3.142013005221356E+001
    323  1.253726743053902E-004  3.963162035223775E+001
    260  1.250451547823777E-004  3.745846822965304E+001
     16  1.245067368257668E-004  2.083990463296455E+001
    356  1.242519235325629E-004  4.399929676237998E+001
    361  1.241722857504049E-004  4.509188248244521E+001
   1055  1.235972805073782E-004  1.332315483337306E+002
    843  1.232100629961524E-004  1.181049125326048E+002
    593  1.215693785778794E-004  1.074633420950339E+002
    179  1.210258545991476E-004  3.301071504933698E+001
    187  1.185570839793975E-004  3.338593491458187E+001
    234  1.183515854088506E-004  3.541632958107625E+001
    107  1.173823923205242E-004  2.880093649968087E+001
    921  1.155664738343301E-004  1.266347372507485E+002
    292  1.153738651029820E-004  3.837765227419467E+001
    151  1.144765515363196E-004  3.097448214004631E+001
   1058  1.134560844154144E-004  1.334381531708862E+002
    909  1.103638541398691E-004  1.256671150468244E+002
    543  1.102080277334412E-004  1.026098663261161E+002
    251  1.085311541945598E-004  3.670193646720268E+001
     15  1.080800404929070E-004  2.077312965636918E+001
    339  1.055585178667760E-004  4.199721405536648E+001
    335  1.052501802941339E-004  4.064698242871874E+001
    311  1.040217048416729E-004  3.939193935233331E+001
    507  1.025287004009719E-004  6.098134465730102E+001
    594  1.019974780047165E-004  1.075267994995216E+002
    108  1.011943924996844E-004  2.884206820739177E+001
    724  1.008084289097971E-004  1.122474317356576E+002
    558  9.980069920157973E-005  1.054235904423783E+002
    206  9.967008031246790E-005  3.418711639611698E+001
    605  9.877077069098246E-005  1.079476682950407E+002
   1020  9.858242451324087E-005  1.308300137670077E+002
    610  9.725301078608584E-005  1.080548791140610E+002
    762  9.654305812975156E-005  1.134504722361933E+002
     88  9.578412799278559E-005  2.776495450944637E+001
    826  9.549368496518684E-005  1.174535409692338E+002
    194  9.540032482414820E-005  3.388123191050668E+001
    584  9.466960997157179E-005  1.071415131646536E+002
    435  9.292520445892804E-005  5.559833163642786E+001
    789  9.219550329052340E-005  1.157939903252585E+002
    686  9.213731294083297E-005  1.108321598991433E+002
    691  9.159161574030795E-005  1.109942746792360E+002
    674  9.108902330997681E-005  1.101627157855635E+002
    193  8.982211417344087E-005  3.387383688791338E+001
    264  8.840485366768436E-005  3.760740200223662E+001
    319  8.837696496014004E-005  3.955367029075058E+001
    609  8.442162412776455E-005  1.080529774194348E+002
    473  8.407159908911205E-005  5.864875851961727E+001
    302  8.315990424824827E-005  3.874867387838012E+001
    404  8.307567939592355E-005  5.332919471058649E+001
    616  8.240764781780781E-005  1.081902144651443E+002
    457  8.235313875259634E-005  5.770039153165104E+001
      4  8.133142473936743E-005  1.555889535187236E+001
    577  8.039290187331496E-005  1.068269012623950E+002
    636  8.003392626849791E-005  1.087412284437008E+002
    441  7.988975623960355E-005  5.602297434426368E+001
    395  7.888191515722525E-005  5.279005865968511E+001
    220  7.861944790403014E-005  3.440936379612124E+001
    585  7.798954513191132E-005  1.071721890576240E+002
     13  7.706146943982829E-005  2.038781372204352E+001
    495  7.697447172061591E-005  5.971063876484735E+001
    548  7.674084922146645E-005  1.041098140943872E+002
    148  7.663368787536280E-005  3.055713011308698E+001
    258  7.641774740475217E-005  3.725675246841864E+001
    476  7.620399440866754E-005  5.874284760292872E+001
    838  7.543798363166266E-005  1.178077045912047E+002
    511  7.487753507981908E-005  6.108291035790679E+001
    587  7.466559063640085E-005  1.072564562863978E+002
    517  7.412992154821809E-005  6.116283191518230E+001
     91  7.394058963826593E-005  2.795709450840539E+001
    596  7.348692359901885E-005  1.076305596761092E+002
   1061  7.278781925466979E-005  1.338239896777959E+002
    125  7.203871786800135E-005  2.955205187993630E+001
     98  7.159587119955557E-005  2.810036398063808E+001
    681  7.010843769292340E-005  1.107150530846271E+002
   1052  7.000478943961119E-005  1.330891459743712E+002
   1063  6.940998455538195E-005  1.338610239777397E+002
    257  6.905396084532106E-005  3.716053985696894E+001
    115  6.750162448823931E-005  2.908676806680809E+001
    562  6.725886631995398E-005  1.058125905236654E+002
    617  6.722955909735700E-005  1.082069188907082E+002
     25  6.679352966196602E-005  2.268285797328677E+001
    783  6.662066612918138E-005  1.155776779712016E+002
    276  6.648704530632945E-005  3.774173651101562E+001
    713  6.629395212366425E-005  1.118750446375970E+002
    545  6.618280122558518E-005  1.038885725205099E+002
    622  6.600406626636476E-005  1.084041586407917E+002
    772  6.557940210809077E-005  1.144444014986270E+002
    595  6.550541470419945E-005  1.075727311228692E+002
    400  6.435432989574667E-005  5.304406357850599E+001
    784  6.416915088979021E-005  1.156115101864969E+002
    589  6.354970647712398E-005  1.073243551551986E+002
    477  6.352030019984975E-005  5.875439662154096E+001
    291  6.276483800595794E-005  3.834865717601958E+001
      1  6.264150350000083E-005  1.480943860687432E+001
    391  6.255987710128290E-005  4.935295074539214E+001
    656  6.254082742820558E-005  1.092383325553483E+002
    583  6.253454275058091E-005  1.070323413352247E+002
    529  6.244153083855884E-005  6.213305424318654E+001
    948  6.227820750291835E-005  1.280530341997139E+002
    316  6.135413910526907E-005  3.947722492082590E+001
    195  6.085412442555478E-005  3.399004655216064E+001
    483  5.971740943792707E-005  5.892865432514233E+001
    370  5.922921209943570E-005  4.562254251008403E+001
    226  5.869974549519096E-005  3.460914941435140E+001
    215  5.859784205842660E-005  3.430912489816387E+001
    254  5.838354084423312E-005  3.696870162494890E+001
    170  5.749653571276007E-005  3.240864442722207E+001
    223  5.710561304308351E-005  3.452101188794168E+001
    641  5.690996232873153E-005  1.088136450829588E+002
     77  5.640969499462678E-005  2.720977418778346E+001
    326  5.625970644610404E-005  3.980074663620405E+001
    216  5.608830549795319E-005  3.431915233475488E+001
    569  5.585293560292414E-005  1.064024371239422E+002
    899  5.565191122232782E-005  1.237750393258326E+002
    848  5.542333629192087E-005  1.185512117490796E+002
    624  5.534610411368503E-005  1.084534043855216E+002
    663  5.533174717410074E-005  1.095408569103236E+002
    177  5.475976919191036E-005  3.286305119332699E+001
    810  5.467636008505171E-005  1.168542717379606E+002
    689  5.456424031521646E-005  1.108992280227757E+002
    523  5.426796989403225E-005  6.195141091349550E+001
    877  5.392396534574548E-005  1.207635072396237E+002
    873  5.290664990565728E-005  1.205400953636918E+002
    730  5.213307602782573E-005  1.124678820560711E+002
    672  5.183876903132963E-005  1.100523893058521E+002
    431  5.179052259480486E-005  5.545822575490884E+001
    429  5.154048331966739E-005  5.542704693693687E+001
    149  5.106044382929476E-005  3.064428879965062E+001
    917  5.104726252247643E-005  1.262583151256411E+002
    832  5.096295339782235E-005  1.176150872586579E+002
    844  5.085887124045916E-005  1.182236522024691E+002
    524  5.035947563424541E-005  6.196836567938324E+001
    399  4.967227251513375E-005  5.300117686152819E+001
    102  4.923071820380652E-005  2.838723287464182E+001
    910  4.847725938711579E-005  1.258349422363612E+002
    682  4.819594546297498E-005  1.107795174367904E+002
    680  4.772531894473773E-005  1.106808485277705E+002
    897  4.769114708277116E-005  1.233154024205701E+002
    697  4.744136621654577E-005  1.111168086390436E+002
    198  4.675732802436070E-005  3.410095577154824E+001
    611  4.667532012452498E-005  1.080609110523806E+002
    673  4.603761413609175E-005  1.101090602242966E+002
    243  4.580842108616594E-005  3.580427376176280E+001
    465  4.501933911620309E-005  5.845233409136720E+001
    284  4.484899325127457E-005  3.794002386601017E+001
    333  4.324934091232186E-005  4.050570323460023E+001
     99  4.312496630741767E-005  2.813215700322161E+001
    313  4.308551238768879E-005  3.941220320488696E+001
    274  4.266801854676947E-005  3.771469066363962E+001
    470  4.214058241107684E-005  5.858950887133865E+001
     59  4.198918690278318E-005  2.608228483109795E+001
    871  4.184085807106325E-005  1.204638135739833E+002
    787  4.167327565641370E-005  1.157066821730262E+002
    450  4.121344203167010E-005  5.723022636777802E+001
    463  4.097152541269501E-005  5.840368106338346E+001
    608  4.094693598917361E-005  1.080310773431174E+002
    393  4.074757562455985E-005  5.117422678475859E+001
    186  4.021048743054794E-005  3.335079910483972E+001
    649  4.004646473776214E-005  1.089557122086210E+002
    366  4.004197630802571E-005  4.541480133184800E+001
   1068  3.954139369512886E-005  1.342139437973118E+002
    471  3.949405202179025E-005  5.859921299406331E+001
    803  3.906757186236561E-005  1.163959410830473E+002
    240  3.859338905485921E-005  3.568815433410965E+001
    351  3.818142902671532E-005  4.290814690346715E+001
    458  3.813430673493627E-005  5.780961640938520E+001
    553  3.762832996362523E-005  1.045844149005738E+002
    916  3.751282990234735E-005  1.261858055404796E+002
    695  3.746351903460099E-005  1.110404578737834E+002
    702  3.723612070865188E-005  1.112791472783473E+002
    219  3.696770529235900E-005  3.435584966495736E+001
    349  3.690260962878536E-005  4.279212686889406E+001
   1048  3.645347137996511E-005  1.325281096806480E+002
    238  3.608777798988877E-005  3.562010162214489E+001
    269  3.592565366080200E-005  3.766609016559832E+001
    135  3.587482742190101E-005  2.990996926970350E+001
     17  3.567212472774522E-005  2.091913438766164E+001
    757  3.552590858062288E-005  1.131455979007981E+002
    419  3.482280876360876E-005  5.447434435004674E+001
    684  3.470182693453978E-005  1.108055531440044E+002
    368  3.469670515153033E-005  4.552075151204606E+001
    344  3.461250338168624E-005  4.229281490750487E+001
    479  3.449368019530695E-005  5.886156225440574E+001
    825  3.405851624900399E-005  1.174155068731360E+002
    712  3.394453318437301E-005  1.118479116964762E+002
    365  3.356154125604805E-005  4.540196146988517E+001
    230  3.348108705845916E-005  3.507000892128892E+001
     41  3.312820333979854E-005  2.434332602389209E+001
    280  3.299836963925935E-005  3.777070006257392E+001
    633  3.297434597958752E-005  1.086770367044967E+002
    522  3.274941250951604E-005  6.189501394570030E+001
    984  3.274028259697950E-005  1.293776492189174E+002
    222  3.268118919992788E-005  3.444665555523785E+001
    262  3.262104312078634E-005  3.754826259370084E+001
    272  3.226821931000329E-005  3.770876893490352E+001
    865  3.226095090512914E-005  1.195233182598442E+002
    342  3.211617297019699E-005  4.219280462450153E+001
    128  3.127072529876239E-005  2.964876822252022E+001
    918  3.125337539316759E-005  1.263810693695273E+002
    526  3.124056974699028E-005  6.205614154690332E+001
    709  3.102982589690707E-005  1.116986555393093E+002
   1040  3.093190313499275E-005  1.318325334098182E+002
    414  3.088768005499992E-005  5.408443269732371E+001
    310  3.063390629133343E-005  3.933560718805473E+001
     39  3.061884439303083E-005  2.419216907562118E+001
    277  3.060424672772523E-005  3.774405278528796E+001
    154  3.044938324665602E-005  3.128025029310897E+001
    437  3.042615973010987E-005  5.567668099873953E+001
    630  3.022495605201136E-005  1.086464564510315E+002
    439  3.008865907354617E-005  5.581771077364913E+001
    670  3.006894907466344E-005  1.099218253642219E+002
    947  2.959070346540494E-005  1.280025795512814E+002
    461  2.946397553851006E-005  5.832169084274378E+001
    100  2.919562072180336E-005  2.814590236831992E+001
    126  2.906055707843108E-005  2.957864372821811E+001
    973  2.897911612576343E-005  1.290303348922233E+002
    508  2.847273045253297E-005  6.101348113010317E+001
    236  2.812119134474509E-005  3.558504171265294E+001
    665  2.773944162781453E-005  1.096195054263975E+002
    561  2.762094909492582E-005  1.057823475786052E+002
    225  2.758490268285368E-005  3.458265676939745E+001
    579  2.754384917990514E-005  1.068810185812333E+002
     12  2.752663072058619E-005  1.791855268392995E+001
   1046  2.720027133313939E-005  1.322741703884410E+002
    930  2.714525409622286E-005  1.272550109882912E+002
    896  2.713909629250739E-005  1.231967026860033E+002
    127  2.703234339517648E-005  2.958197907168710E+001
    159  2.701810348265606E-005  3.140014259635325E+001
    911  2.694994068970792E-005  1.258968376271585E+002
    944  2.679917134139770E-005  1.278264506290159E+002
    485  2.676135257289032E-005  5.896971858223063E+001
    340  2.675894512332909E-005  4.203744443197692E+001
    484  2.647748176730355E-005  5.894622531819898E+001
    765  2.616755024428603E-005  1.138034732037320E+002
    224  2.615500998465489E-005  3.456258153743839E+001
    655  2.612396315443388E-005  1.092114390318620E+002
    209  2.611997367024305E-005  3.420776675567321E+001
    625  2.610883141442352E-005  1.084878781680722E+002
    203  2.601328070274487E-005  3.415596231316062E+001
    991  2.589669668433973E-005  1.298309517843196E+002
    556  2.584622901750443E-005  1.053074591696642E+002
    790  2.573641070538506E-005  1.158127479939932E+002
    447  2.559136506724145E-005  5.692641404400948E+001
    960  2.533872069840029E-005  1.283710541965592E+002
    180  2.527252954173656E-005  3.306959511625761E+001
    241  2.526936616196047E-005  3.573178726353736E+001
      2  2.525650503206184E-005  1.507477314615795E+001
    972  2.522757922104697E-005  1.289491342298440E+002
    181  2.520524373079225E-005  3.309588236011395E+001
    157  2.519263645442948E-005  3.136040875348826E+001
    371  2.500033847228835E-005  4.567834615857563E+001
    297  2.481716692078444E-005  3.850412000814609E+001
     86  2.480654418618303E-005  2.760340701365068E+001
    880  2.476738137830537E-005  1.209811659012211E+002
    247  2.474815070514333E-005  3.613855018049320E+001
    188  2.467860210823258E-005  3.343297855491465E+001
    816  2.457160478648716E-005  1.170854692244173E+002
    592  2.454623735683161E-005  1.074010896433819E+002
    962  2.425028787164204E-005  1.284190833846668E+002
    619  2.385827131643913E-005  1.083262496248409E+002
    774  2.360166536714725E-005  1.147299018357027E+002
    253  2.297149128673410E-005  3.690338042035397E+001
    744  2.292351944604685E-005  1.127340165661099E+002
    760  2.261879789669126E-005  1.133648679091437E+002
   1028  2.235534579448622E-005  1.312419762585663E+002
    938  2.223717856574913E-005  1.276246332177813E+002
    519  2.215389437522074E-005  6.116666091909611E+001
    915  2.213881057918041E-005  1.261627872997085E+002
    271  2.208039672135857E-005  3.769377629908810E+001
    350  2.203194487553363E-005  4.287084402122760E+001
    719  2.189824933019780E-005  1.120361196403708E+002
    794  2.148627543991026E-005  1.159299755047292E+002
   1027  2.142884053189168E-005  1.311414239553258E+002
    420  2.134125232389269E-005  5.464265012038360E+001
    358  2.105181947979108E-005  4.418411045040358E+001
    354  2.095717617862201E-005  4.358717802496741E+001
    802  2.078636658455770E-005  1.163074247182627E+002
    800  2.068124422673734E-005  1.161811067685375E+002
    113  2.025547420051123E-005  2.894608485543543E+001
    687  2.017416541125732E-005  1.108477970364615E+002
    367  2.006596878634614E-005  4.546665367422378E+001
    621  2.005473034198505E-005  1.083828600305560E+002
    940  2.004300010514902E-005  1.277053477702196E+002
    615  1.994993185109522E-005  1.081646255451844E+002
    922  1.984865213348811E-005  1.267277337836395E+002
    807  1.947852817491386E-005  1.166040027024774E+002
    696  1.945475190874523E-005  1.111110130672436E+002
    315  1.939579262379680E-005  3.946262277995078E+001
    934  1.937750504428100E-005  1.274026915475210E+002
    945  1.933882458695908E-005  1.278945431870569E+002
    586  1.916899720915860E-005  1.072414988471015E+002
    509  1.906605518113521E-005  6.104665142125116E+001
    732  1.906518567533101E-005  1.124809932511083E+002
    648  1.898609763141019E-005  1.089328290594756E+002
    250  1.852833145978182E-005  3.645071914574685E+001
    804  1.846344398554270E-005  1.164307012054320E+002
    659  1.846173748492183E-005  1.093169473413985E+002
   1017  1.840786074709174E-005  1.307020085696559E+002
    278  1.835601095955689E-005  3.775225448216675E+001
    842  1.835004024067606E-005  1.180365480395604E+002
   1071  1.826992018714789E-005  1.353191143310252E+002
     83  1.819587145847052E-005  2.745200449399356E+001
    721  1.818921198874076E-005  1.121902054803930E+002
    459  1.801642616406019E-005  5.797524108925945E+001
    782  1.791723103123709E-005  1.155663554633046E+002
   1022  1.789001881150663E-005  1.309570316227355E+002
    227  1.782751759142470E-005  3.461221107986133E+001
    190  1.782661867052807E-005  3.352213579831744E+001
    976  1.782412498813737E-005  1.291265023483052E+002
     82  1.769812186203036E-005  2.744742479332049E+001
    432  1.769223036076286E-005  5.551253331854516E+001
    591  1.767903814190186E-005  1.073970459895217E+002
   1062  1.765514275741767E-005  1.338537297016246E+002
    660  1.764177582623384E-005  1.093929129115852E+002
    777  1.755981706644009E-005  1.150636811545726E+002
    705  1.747977366402399E-005  1.114879185885843E+002
    952  1.735254150471295E-005  1.282170243378332E+002
    590  1.733319911201566E-005  1.073381491314167E+002
    360  1.731582630750287E-005  4.501412031898634E+001
    540  1.702615911582086E-005  1.019596674086986E+002
    902  1.693278611439953E-005  1.246861225619736E+002
    793  1.688263121573766E-005  1.158943894419280E+002
    983  1.687980574603729E-005  1.293699640118089E+002
    963  1.687676274114382E-005  1.284456810480366E+002
    746  1.683623583835333E-005  1.128150956859242E+002
    745  1.683318441759543E-005  1.127541380335163E+002
    480  1.669727855122305E-005  5.887142017505539E+001
    835  1.656562722493242E-005  1.176766134664512E+002
    362  1.631928828900983E-005  4.520209191521082E+001
   1067  1.625418249409397E-005  1.341872351276505E+002
    398  1.618274392986551E-005  5.298968704937109E+001
    769  1.590081276585092E-005  1.141494817506874E+002
    293  1.589651009209734E-005  3.840315559517953E+001
    763  1.583502220434854E-005  1.136578287383470E+002
    249  1.578796858377252E-005  3.643158917315001E+001
    597  1.570543429267163E-005  1.076362394255561E+002
    328  1.566754781093731E-005  3.982877398686839E+001
    535  1.534508881715001E-005  7.234684016852472E+001
    408  1.508839304794903E-005  5.368647704938994E+001
    601  1.508452833850671E-005  1.078222216339937E+002
    754  1.505668075172999E-005  1.130532912402911E+002
     14  1.504223163565631E-005  2.047451167645159E+001
    364  1.500199050591075E-005  4.528995878587361E+001
    707  1.497453348433868E-005  1.116484954290111E+002
    688  1.495219674949320E-005  1.108652117541332E+002
    927  1.490632726987822E-005  1.271118445081471E+002
    105  1.475995565926053E-005  2.872870804936272E+001
    767  1.469929127449970E-005  1.139787538815297E+002
    627  1.467282558603765E-005  1.085359599099982E+002
    903  1.466813329723450E-005  1.249295857950171E+002
    846  1.463093685889661E-005  1.183733977129572E+002
    112  1.457313060408060E-005  2.893182478938967E+001
    863  1.453747917922028E-005  1.194780899982511E+002
    634  1.451326655514928E-005  1.087110579745548E+002
    908  1.446485300836804E-005  1.256350992978881E+002
    489  1.444355532140549E-005  5.906665573291085E+001
    375  1.433055323904935E-005  4.577921754207221E+001
    141  1.428064655857500E-005  3.005205957969120E+001
    657  1.422387864566000E-005  1.092680437977900E+002
    661  1.401978616428834E-005  1.094040232551639E+002
    376  1.401508669732504E-005  4.578482274843697E+001
    651  1.386991320593907E-005  1.090123807306586E+002
    642  1.373147536715270E-005  1.088349318990273E+002
    699  1.360119505056788E-005  1.111753891148923E+002
    758  1.350619396357614E-005  1.131945788764974E+002
    411  1.318324606744638E-005  5.390414096058870E+001
    796  1.317904545297120E-005  1.160406419035091E+002
    862  1.313619331854213E-005  1.194326389788892E+002
    923  1.306576141124556E-005  1.267345977181097E+002
    416  1.292384401461638E-005  5.412105627361211E+001
    664  1.283985316367579E-005  1.095868237421283E+002
    268  1.280175432427497E-005  3.765614789507087E+001
   1004  1.277907659087569E-005  1.302828791464404E+002
     26  1.277479332256350E-005  2.275577786050195E+001
    397  1.269833823777411E-005  5.292984574180642E+001
    776  1.269484701535371E-005  1.150535509847603E+002
    676  1.263044317256294E-005  1.102968009656115E+002
    815  1.245668820241334E-005  1.170844697210597E+002
    654  1.245493698063507E-005  1.091774321289355E+002
   1002  1.239586407627580E-005  1.301955720736593E+002
   1014  1.232717060059839E-005  1.306579532637773E+002
    322  1.221553627665074E-005  3.962934885257222E+001
    677  1.221241708733390E-005  1.104103779431708E+002
    640  1.220939992338838E-005  1.088027953187827E+002
    671  1.215904712395766E-005  1.100461630260976E+002
   1031  1.212909634340003E-005  1.313824495210718E+002
    122  1.212062323692135E-005  2.942821875092930E+001
    994  1.200047738055921E-005  1.299886393654431E+002
    715  1.190913645613984E-005  1.119122168057061E+002
    343  1.187958230883992E-005  4.223776350771931E+001
    950  1.180610981471803E-005  1.281356928004739E+002
    990  1.156142231994129E-005  1.297249883032466E+002
    430  1.146943145408187E-005  5.544226538226409E+001
    845  1.146875931248647E-005  1.182722434309271E+002
   1010  1.144815129067911E-005  1.305150376372933E+002
    559  1.136529719584229E-005  1.054467335457494E+002
    644  1.133224516524065E-005  1.088699046594824E+002
    808  1.132551516354864E-005  1.166438640424820E+002
    679  1.132010091094973E-005  1.106299731616480E+002
    175  1.131654140641975E-005  3.282740528695558E+001
    645  1.117040155106987E-005  1.088758352374567E+002
    722  1.112071962162164E-005  1.121989232781130E+002
    854  1.108355500929228E-005  1.190938927222375E+002
    256  1.102844261043190E-005  3.708485200545782E+001
   1035  1.097964739203124E-005  1.315022364948826E+002
    245  1.096201784833983E-005  3.584895809931362E+001
    623  1.087050163527648E-005  1.084311616311891E+002
    165  1.084986523389154E-005  3.194792507678593E+001
     76  1.080750636969656E-005  2.719040433196805E+001
    821  1.068553260270175E-005  1.173213489801490E+002
    977  1.056921535719823E-005  1.291448023039548E+002
    582  1.051465064446748E-005  1.069886979669129E+002
    907  1.043411180740299E-005  1.254774984052440E+002
    496  1.023798254287662E-005  5.977778544840232E+001
    525  1.014471674294180E-005  6.201689187624501E+001
    755  1.012464715384614E-005  1.130537195644052E+002
    487  1.004375861003901E-005  5.901096182276392E+001
   1026  9.864637291277121E-006  1.310988308446859E+002
    424  9.809330751144923E-006  5.504400290817051E+001
    533  9.772386034063016E-006  6.344214913117692E+001
   1032  9.767735241747883E-006  1.314270448258869E+002
    512  9.598808746397082E-006  6.110465593383906E+001
    979  9.490959547660857E-006  1.292073280791942E+002
    728  9.423856483263155E-006  1.123911467240560E+002
    613  9.393732089719734E-006  1.081325074305931E+002
    410  9.348165183205324E-006  5.380004782230375E+001
    920  9.270531478643008E-006  1.265729199247587E+002
    200  9.251840947264197E-006  3.413076352937113E+001
    968  9.162255588391893E-006  1.287893908307005E+002
   1051  9.146632375726305E-006  1.330173846663143E+002
    541  9.139342327185775E-006  1.020561485810812E+002
    427  9.109291809566361E-006  5.530625255614972E+001
    809  8.953058901323164E-006  1.168273457040169E+002
    668  8.893110204896728E-006  1.098358517134249E+002
    373  8.833616348313307E-006  4.573517441489172E+001
    989  8.799962704164191E-006  1.296856498562064E+002
    692  8.778383268189499E-006  1.109991362888409E+002
    770  8.748545308470911E-006  1.141655133118217E+002
    228  8.652830408740800E-006  3.465329128304563E+001
    643  8.647982392407435E-006  1.088529165631816E+002
    824  8.627612582640940E-006  1.173851057796732E+002
    685  8.556653135022516E-006  1.108208915724099E+002
    266  8.520279622495004E-006  3.763404507858488E+001
    982  8.500901173701376E-006  1.293230544301462E+002
    185  8.478165584654682E-006  3.329017879350934E+001
    795  8.410947296548017E-006  1.159446042090269E+002
     94  8.407477820100648E-006  2.803048707399637E+001
    448  8.205915273998758E-006  5.707216855561523E+001
    516  8.193082200495315E-006  6.114879167768425E+001
    966  8.154264608558360E-006  1.287120665380274E+002
    500  8.058010985174336E-006  6.016266526055261E+001
    288  8.023648682094260E-006  3.825168870868715E+001
    204  7.997116737298220E-006  3.416741852472765E+001
   1065  7.469327504086431E-006  1.340986810838602E+002
    600  7.447748482944522E-006  1.078192567961393E+002
    836  7.283307872999279E-006  1.177792466123822E+002
    957  7.282708285774701E-006  1.283224605383935E+002
    942  7.277948312412791E-006  1.277896527703618E+002
    733  7.237201073783989E-006  1.125211996768446E+002
    893  7.135485485000664E-006  1.225899968537864E+002
   1021  7.123850971795636E-006  1.308784400027895E+002
   1054  7.095062235264209E-006  1.332101619260334E+002
    849  7.087307430538543E-006  1.186556798515274E+002
    828  6.986842539211239E-006  1.175132070682912E+002
    939  6.944271651388644E-006  1.276788938661296E+002
    574  6.889585505918729E-006  1.067089856517616E+002
    859  6.851453678267938E-006  1.193117826572047E+002
   1043  6.819849351292945E-006  1.320181582363304E+002
    637  6.677400459774698E-006  1.087708716348475E+002
    887  6.677243593690831E-006  1.215278324822884E+002
    514  6.668422357753434E-006  6.112143562944963E+001
    118  6.577640148913603E-006  2.927665934202001E+001
    683  6.493047118906496E-006  1.107854094171573E+002
    130  6.474505665520006E-006  2.969026097336859E+001
    827  6.470003142067425E-006  1.174913134466901E+002
    747  6.462416179402101E-006  1.128221651622354E+002
    936  6.343292583862837E-006  1.275963114471066E+002
    614  6.338192269648629E-006  1.081499604581023E+002
    852  6.319791721199245E-006  1.189308904937423E+002
    931  6.235332438026169E-006  1.272754104030811E+002
    741  6.222864230193134E-006  1.126383251241469E+002
    727  6.021114287593699E-006  1.123838421661365E+002
    506  5.963514958024561E-006  6.092479484159845E+001
    958  5.942035582724220E-006  1.283326337970340E+002
    603  5.872629806475556E-006  1.078480909052838E+002
    858  5.865041178876410E-006  1.193043137223610E+002
    244  5.835165011686939E-006  3.582009297825139E+001
    951  5.832724886632091E-006  1.282127111215003E+002
    235  5.829100481714487E-006  3.553329683850696E+001
    886  5.723771801035911E-006  1.214498350996194E+002
    488  5.684007204832713E-006  5.904214899548738E+001
    847  5.661415221254412E-006  1.183795327778256E+002
    761  5.450967106695964E-006  1.134019555363662E+002
    726  5.445667845338864E-006  1.123280306605216E+002
   1009  5.440702822066885E-006  1.304609142394732E+002
    513  5.391371570860411E-006  6.111701004965728E+001
    978  5.348903875126911E-006  1.291764873003617E+002
    883  5.343290484462963E-006  1.212822283474710E+002
   1077  5.308333512471476E-006  6.189178021453241E+002
    717  5.294588738202497E-006  1.119901298340990E+002
    632  5.276257908694761E-006  1.086732063917954E+002
    792  5.246528901493120E-006  1.158579110744502E+002
    781  5.227565347463603E-006  1.155015502370288E+002
    139  5.210747615420531E-006  3.001327528760398E+001
     52  5.113991089561133E-006  2.532370304309600E+001
    829  5.064925936252575E-006  1.175434491795728E+002
    455  5.027106587278147E-006  5.757818593173593E+001
    173  4.965430651618125E-006  3.267731285541730E+001
    961  4.942162750093930E-006  1.283826108536399E+002
    510  4.800148860706880E-006  6.106496915014706E+001
    178  4.724522981518630E-006  3.291892583427273E+001
    967  4.621944253597820E-006  1.287730879251822E+002
    987  4.549486377084375E-006  1.295218650079724E+002
    764  4.491462371569534E-006  1.137269990775531E+002
    703  4.419852947741034E-006  1.113359924967504E+002
   1049  4.413420759696215E-006  1.325964910892840E+002
   1025  4.329804794379543E-006  1.310823101564250E+002
    742  4.229590716372683E-006  1.126546326383816E+002
    469  4.132766475557839E-006  5.857260373695996E+001
    933  4.127713926390366E-006  1.272967505112425E+002
    706  4.009924453268827E-006  1.115644797142602E+002
    993  3.993045815908155E-006  1.299638892136509E+002
     56  3.875018546082212E-006  2.577494999028338E+001
    818  3.859955137560565E-006  1.172202887178189E+002
    739  3.834575338692375E-006  1.126267264275300E+002
     47  3.799446826262695E-006  2.514695584094496E+001
    953  3.738549899768558E-006  1.282835790234384E+002
    279  3.737615678032570E-006  3.776291602598710E+001
    520  3.684504221383416E-006  6.117519869664547E+001
    932  3.662591290039638E-006  1.272890793904072E+002
    263  3.593614310602236E-006  3.756851288337069E+001
    949  3.572915799949621E-006  1.280833568476082E+002
    638  3.530515700428043E-006  1.087773663504995E+002
    491  3.516159098368891E-006  5.916484178919298E+001
    701  3.460776193755504E-006  1.112655741498095E+002
    935  3.422868247074583E-006  1.274477748704804E+002
    631  3.393798353390237E-006  1.086593678715634E+002
     60  3.339521709072595E-006  2.612817271153773E+001
    985  3.334048458826307E-006  1.294454523269476E+002
   1056  3.323863224798738E-006  1.332822863268028E+002
    786  3.292069101021988E-006  1.156679892855772E+002
    270  3.285024973504742E-006  3.767493462479421E+001
    369  3.246309137608005E-006  4.556664797594529E+001
    748  3.230669688512038E-006  1.128453459062848E+002
   1024  3.125012134742859E-006  1.310472886139475E+002
    839  3.073016569763005E-006  1.178451551754228E+002
    667  3.041625570677212E-006  1.098231148083649E+002
    704  3.015131755924438E-006  1.114088220449556E+002
    901  3.001883454938205E-006  1.246352700151236E+002
    428  3.001031611970780E-006  5.539697768550786E+001
    855  2.998955209797197E-006  1.192335282432478E+002
    980  2.986572786010497E-006  1.292322903638887E+002
    599  2.961704738564351E-006  1.077354408464688E+002
    155  2.936349267656475E-006  3.129077640287002E+001
    797  2.927519478162810E-006  1.161224071144865E+002
    494  2.908505399674425E-006  5.959072402434833E+001
    834  2.906558853587976E-006  1.176651591794238E+002
    814  2.899363482872363E-006  1.170571282096026E+002
    534  2.892991291199427E-006  6.352992396574133E+001
    943  2.884228393296644E-006  1.278255860865938E+002
    888  2.883593082997574E-006  1.215384892766490E+002
   1012  2.877585102479741E-006  1.305860585800326E+002
    720  2.869752133600696E-006  1.121496181246094E+002
     93  2.859167805723104E-006  2.801831476528660E+001
    409  2.815062413588174E-006  5.377950655266745E+001
    678  2.754261730052791E-006  1.105298402911861E+002
    959  2.749553831368978E-006  1.283643788123119E+002
    996  2.636377183020686E-006  1.300741546440489E+002
    779  2.634374305780130E-006  1.153237642854880E+002
    805  2.630702037770582E-006  1.165442309434909E+002
    766  2.616185644681516E-006  1.138313497862233E+002
    518  2.596216464808480E-006  6.116565427175681E+001
    233  2.563372549040812E-006  3.536858076063520E+001
    639  2.556069389539243E-006  1.087924757147032E+002
    388  2.534465306153273E-006  4.916519389587509E+001
    841  2.504340912580974E-006  1.180046875638410E+002
    505  2.485347092691750E-006  6.089365906344585E+001
   1023  2.472621804301129E-006  1.309907545973144E+002
    986  2.439296265243929E-006  1.294778988001748E+002
    912  2.431153760671929E-006  1.259977317017505E+002
    669  2.417594035329006E-006  1.098991161820264E+002
    527  2.408291856903572E-006  6.211137902133680E+001
    273  2.399070855720700E-006  3.771236202405859E+001
    975  2.387540435214984E-006  1.290479361570385E+002
    874  2.382667211697476E-006  1.206463359037059E+002
    120  2.354814351916169E-006  2.935022978395871E+001
    628  2.290036257243477E-006  1.085999071252231E+002
    729  2.272456090403167E-006  1.124070412533170E+002
   1073  2.232600181434681E-006  1.355646294676644E+002
    924  2.216930709972515E-006  1.267645350898773E+002
   1008  2.209033979408715E-006  1.304054287055121E+002
    607  2.172977179209548E-006  1.079782277499060E+002
    580  2.162888391354357E-006  1.069063882425304E+002
    211  2.129802789902687E-006  3.422885497659050E+001
    882  2.044107926785749E-006  1.212606419968792E+002
    892  1.981485417724017E-006  1.223146913863671E+002
    646  1.959020414560029E-006  1.089039652974663E+002
    197  1.936916025024531E-006  3.407091137263039E+001
    913  1.898239699499516E-006  1.260963173315474E+002
    840  1.877035600433252E-006  1.179674198090055E+002
    296  1.862658027579219E-006  3.847026909032138E+001
    791  1.848440834477721E-006  1.158399885308925E+002
    768  1.839748444881345E-006  1.140511281344195E+002
    925  1.824180906903159E-006  1.268943605090481E+002
    817  1.796030043168584E-006  1.171745914510001E+002
    675  1.790850445757583E-006  1.101932688761904E+002
    752  1.765121504822581E-006  1.129825416205730E+002
    867  1.729033503358578E-006  1.199420338065019E+002
    878  1.718383275632583E-006  1.208553192243232E+002
    905  1.711524769887819E-006  1.252963463377060E+002
    714  1.693278993803768E-006  1.118865310298163E+002
    751  1.680280892069396E-006  1.129352725370382E+002
    372  1.640800691666087E-006  4.569660817760900E+001
    822  1.606233355651597E-006  1.173379890193997E+002
   1006  1.602996684248776E-006  1.303473844140781E+002
    860  1.593852584634093E-006  1.193608179742887E+002
    406  1.591865681596616E-006  5.347162595814701E+001
    267  1.572795480557505E-006  3.763942844703926E+001
    946  1.546689724667738E-006  1.279201366409634E+002
    572  1.543169922310725E-006  1.066354688575440E+002
    738  1.538518062421844E-006  1.126248828969786E+002
    869  1.513768385379368E-006  1.201465244096069E+002
    285  1.492417942915511E-006  3.794670187788559E+001
    629  1.479595784376737E-006  1.086436456014825E+002
    954  1.478865042911206E-006  1.282848493157465E+002
    581  1.456257056788045E-006  1.069166383916512E+002
    750  1.413301506420906E-006  1.128980084302201E+002
    906  1.407917405831788E-006  1.253859334012492E+002
    129  1.369231570365454E-006  2.967722940199728E+001
    857  1.365959975560432E-006  1.192977858717030E+002
    876  1.360793780939294E-006  1.207338716680959E+002
    735  1.330461279435086E-006  1.125422257639707E+002
   1070  1.306655587124627E-006  1.350535885837313E+002
    799  1.301155980664371E-006  1.161655148393659E+002
    353  1.298389421740006E-006  4.354452657935016E+001
   1037  1.289936956293608E-006  1.316166834102353E+002
    598  1.289806388204462E-006  1.077082259858063E+002
    798  1.283825828476901E-006  1.161233232814441E+002
    811  1.275212599922542E-006  1.169131613251637E+002
    567  1.213541321587313E-006  1.061175767374582E+002
    612  1.210453084490609E-006  1.080838271474082E+002
    965  1.183600000081461E-006  1.286084743618769E+002
    830  1.162877998543975E-006  1.175448785112390E+002
    345  1.152381411977128E-006  4.248475366295001E+001
    775  1.145315957235748E-006  1.149447083106751E+002
    443  1.135446384070883E-006  5.615506371008289E+001
    653  1.089335555756813E-006  1.090926521840726E+002
    879  1.050075324613790E-006  1.208628531744268E+002
    819  1.047224455807346E-006  1.172617623112352E+002
    111  1.028773371728721E-006  2.891758955889047E+001
     79  1.010039137508301E-006  2.728143790603452E+001
    778  9.907404881815823E-007  1.153062331743218E+002
    462  9.777955885548170E-007  5.834568949164402E+001
    169  9.555881529847269E-007  3.225245008090104E+001
    941  9.500953600876543E-007  1.277239710636116E+002
    146  9.100249507883635E-007  3.038455959742199E+001
    718  9.053691277889186E-007  1.120307816427976E+002
    743  9.049570874792956E-007  1.126739704882794E+002
    497  8.977664865884582E-007  5.984833423050026E+001
   1003  8.946743002422548E-007  1.302792324598297E+002
    232  8.899654197432620E-007  3.530982942235851E+001
    710  8.843628484072467E-007  1.117114283703663E+002
   1030  8.766377358943040E-007  1.313677884464318E+002
   1011  8.500953164980809E-007  1.305590563134582E+002
    110  8.348433703490099E-007  2.890337161783228E+001
    140  8.038730068117700E-007  3.002380690834687E+001
    286  7.092610538835794E-007  3.806107114689090E+001
    756  6.899281138795216E-007  1.131019348749128E+002
    662  6.835487295355978E-007  1.094304874643061E+002
   1059  6.822379546571721E-007  1.335352794510990E+002
    904  6.741539752646669E-007  1.250437756508075E+002
    618  6.666774907713736E-007  1.083041655146542E+002
   1034  6.598170093531300E-007  1.314975717016592E+002
     80  6.509620351972567E-007  2.737665388114407E+001
    734  5.841971001577063E-007  1.125227414297757E+002
    813  5.615389554283423E-007  1.170211975618395E+002
    988  5.355460555186175E-007  1.295230022337254E+002
    182  5.106722373001224E-007  3.313118961536368E+001
    490  4.853925079519984E-007  5.909746584665749E+001
    337  4.693951388484165E-007  4.125439580477820E+001
    884  4.623136953902389E-007  1.212913619330936E+002
    626  4.488305522191165E-007  1.085197354965440E+002
    635  4.478599004651982E-007  1.087402789130293E+002
    693  4.335472745105243E-007  1.110198391814811E+002
    851  4.055607391584419E-007  1.189105890777936E+002
    759  4.041143025716501E-007  1.132523759465808E+002
    914  3.894516182099819E-007  1.261343003660832E+002
    503  3.709850805224298E-007  6.062899617907863E+001
    723  3.444134634896380E-007  1.122249597820348E+002
    788  3.375717359765900E-007  1.157595566872355E+002
    850  3.360494754125170E-007  1.188640670964077E+002
    259  3.357685864181095E-007  3.731129763636223E+001
    898  3.310547796117926E-007  1.236287338505038E+002
    265  3.083707690362155E-007  3.762418150997995E+001
   1018  3.056879946993044E-007  1.307425624046459E+002
    749  3.035957116801044E-007  1.128862829609149E+002
    145  2.995515458399453E-007  3.035386176419680E+001
    711  2.978085069397088E-007  1.117833092223069E+002
    870  2.968287064052717E-007  1.203621491035894E+002
     90  2.930779438920714E-007  2.792299487571685E+001
    124  2.928955851841480E-007  2.953039329658957E+001
    894  2.830203814501129E-007  1.226855190700912E+002
    872  2.777828378159495E-007  1.204992644439996E+002
    440  2.769014414179734E-007  5.589934491235444E+001
    472  2.689083858697913E-007  5.860732378330380E+001
   1045  2.673549711084362E-007  1.322246800166877E+002
    287  2.648506390596958E-007  3.806334999222836E+001
    606  2.591321713758536E-007  1.079754075340127E+002
    530  2.516468068570338E-007  6.265828803408258E+001
    833  2.508609519640851E-007  1.176450554682990E+002
    771  2.363665272225848E-007  1.142541813627527E+002
    823  2.340973273847667E-007  1.173434151863991E+002
    780  2.333006462964208E-007  1.153482258688003E+002
    740  2.215301383906639E-007  1.126281679605138E+002
    864  2.198450101089076E-007  1.195154318953015E+002
    801  2.130204596716435E-007  1.162412158177078E+002
    964  2.087305174412931E-007  1.284811881676410E+002
    974  1.905560791227610E-007  1.290391941684268E+002
    853  1.892437330976430E-007  1.189950762444425E+002
    620  1.818225632636767E-007  1.083700393844588E+002
    806  1.816784421448678E-007  1.165904998677036E+002
    363  1.812364022802192E-007  4.523665715266514E+001
    773  1.769412719195433E-007  1.146041296786391E+002
    568  1.696535320022796E-007  1.063884322375297E+002
    753  1.599197569774811E-007  1.130399909728984E+002
    210  1.542363447969796E-007  3.421873300884823E+001
    999  1.376578752368857E-007  1.301340763851820E+002
    647  1.361498428409629E-007  1.089204596390746E+002
    889  1.105566380090330E-007  1.221096476933091E+002
    650  1.101963452403911E-007  1.090061273622073E+002
   1015  9.529162469974284E-008  1.306693309857935E+002
    969  9.226399229896728E-008  1.288232913140608E+002
    172  8.887417118539877E-008  3.254695536480502E+001
    861  8.502100088032123E-008  1.193618968506130E+002
    831  8.475629380807450E-008  1.175849164822640E+002
    955  8.358169503019150E-008  1.283043098504922E+002
   1076  7.260057550103538E-008  1.858411948136732E+002
    731  6.602190538859761E-008  1.124795031346507E+002
    971  6.346722820893579E-008  1.289111652451389E+002
    213  5.352532810726301E-008  3.426923698719692E+001
    652  4.807877772833297E-008  1.090805000764319E+002
     87  4.140248223076629E-008  2.773505635732142E+001
    737  3.360950978547479E-008  1.125716601108342E+002
    881  2.910136476399324E-008  1.212001054655417E+002
     69  2.396203112020521E-008  2.667931486079132E+001
    956  2.334986484744834E-008  1.283075816024711E+002
    856  2.217778935829511E-008  1.192407591408727E+002
    890  2.164777444388141E-008  1.222269695705770E+002
    736  1.755978256357121E-008  1.125700463249535E+002
    468  1.747666905927265E-008  5.850419738659161E+001
     63  1.464948574128092E-008  2.633691355837915E+001
    812  1.280506319942377E-008  1.169499526914024E+002
    885  1.148865096698043E-008  1.213849358963692E+002
    412  9.931340778517981E-009  5.399327798218789E+001
    895  8.618882733677850E-009  1.231922658586809E+002
    492  8.559944332067745E-009  5.919740097208313E+001
   1007  6.918804686585121E-009  1.303971511397991E+002
    820  6.888446089636770E-009  1.173160626674297E+002
    866  6.289832079042785E-009  1.198737679274225E+002
   1019  5.734910561955875E-009  1.307856127904329E+002
    501  1.976400224026137E-009  6.025540211442135E+001
    837  1.745123831313475E-009  1.177814246314451E+002
    499  1.482583592275301E-009  6.010190034988052E+001
    498  1.237477926465708E-009  6.006055704270973E+001
    252  1.080882238326519E-009  3.681481496629917E+001
    891  4.850866547952290E-010  1.222344606190913E+002
    900  3.483561970777353E-010  1.240255399934555E+002
    532  3.326009058053586E-011  6.299204701993657E+001
