# Number of modes
   1077
# Tabulated for different initial and final frequencies?
    F
# Mode index, Sj, (highest to lowest), omega_j
    547  5.382058942153936E-002  1.040413527560943E+002
    390  2.227669468265314E-002  4.930034545373515E+001
      7  1.375397132088757E-002  1.598850297870253E+001
    392  1.205420381857534E-002  4.975569880244111E+001
    539  1.205062762855360E-002  1.004038214764926E+002
    300  1.205046256111248E-002  3.871033423098082E+001
    384  8.747900110341131E-003  4.693482184770667E+001
     23  7.242009786209644E-003  2.160694502786773E+001
      8  7.159139180579303E-003  1.603898235084092E+001
     38  7.103171312719174E-003  2.415274881711009E+001
     24  6.741877293261623E-003  2.165827626673025E+001
   1050  6.235299646222596E-003  1.326682006609648E+002
    301  4.357892528714482E-003  3.874125966254066E+001
    546  3.966848959841674E-003  1.038908634804570E+002
    387  3.754701289512379E-003  4.845493173747810E+001
    114  3.612182586281982E-003  2.903390568794284E+001
   1045  3.516744935525179E-003  1.322246800166877E+002
      4  3.452613686788615E-003  1.555889535187236E+001
   1070  3.370202346566078E-003  1.350535885837313E+002
     65  3.333892936460691E-003  2.645533186342116E+001
    436  3.224128349572336E-003  5.562240782737462E+001
   1047  3.096979696227284E-003  1.324683504365100E+002
     64  2.926240256070721E-003  2.637954322898939E+001
    544  2.883620946052639E-003  1.037287728441322E+002
     27  2.769048409921780E-003  2.288948685305089E+001
    393  2.687839524604424E-003  5.117422678475859E+001
     60  2.531831533957195E-003  2.612817271153773E+001
     17  2.522565805179807E-003  2.091913438766164E+001
   1048  2.414417492875155E-003  1.325281096806480E+002
    551  2.405910859067887E-003  1.044758850995860E+002
     16  2.369064193762599E-003  2.083990463296455E+001
   1053  2.367960621405345E-003  1.331993000158318E+002
     58  2.258172448291791E-003  2.603619761911758E+001
    549  2.243647276509473E-003  1.043755820157491E+002
    479  2.030760695672964E-003  5.886156225440574E+001
    554  2.015409777407346E-003  1.048978551747549E+002
    164  2.014785614836388E-003  3.156123118588701E+001
     40  1.886457829942554E-003  2.429142631572386E+001
     55  1.857970667006943E-003  2.564739582447731E+001
     18  1.833077438111095E-003  2.124694793769305E+001
    132  1.805477449217571E-003  2.978147182311027E+001
      5  1.745547153989698E-003  1.580375607842547E+001
    219  1.714342759083162E-003  3.435584966495736E+001
    215  1.696576090395339E-003  3.430912489816387E+001
    233  1.602078979108476E-003  3.536858076063520E+001
    241  1.533456311185323E-003  3.573178726353736E+001
     29  1.532509454706459E-003  2.304600720746813E+001
     31  1.448699512266751E-003  2.349957735236975E+001
   1044  1.416530488370605E-003  1.320835593454495E+002
    358  1.383443612555528E-003  4.418411045040358E+001
    563  1.357843516669730E-003  1.058622417292547E+002
    418  1.309717565390070E-003  5.440760214654593E+001
    248  1.267869864338132E-003  3.617742791171408E+001
    188  1.254017367553154E-003  3.343297855491465E+001
    297  1.246686878303383E-003  3.850412000814609E+001
    326  1.176432558357626E-003  3.980074663620405E+001
    453  1.165655101338447E-003  5.734859743017803E+001
   1074  1.119486177362162E-003  1.357832717908243E+002
      9  1.085614712306243E-003  1.615282072713023E+001
     85  9.948932913836006E-004  2.757726243328665E+001
    302  9.572409425951953E-004  3.874867387838012E+001
    330  9.563602663788560E-004  4.000719691328421E+001
    452  9.485745069539562E-004  5.732416656661538E+001
    347  9.332751796563331E-004  4.251894246220620E+001
    454  9.245535645758400E-004  5.753531790534946E+001
    229  9.182873383321261E-004  3.477639317683153E+001
     21  9.072688395814930E-004  2.149552581175353E+001
     14  8.980057416797233E-004  2.047451167645159E+001
    400  8.876621213305735E-004  5.304406357850599E+001
     69  8.782801007331297E-004  2.667931486079132E+001
    226  8.700875346679504E-004  3.460914941435140E+001
    166  8.489125632052773E-004  3.197534022905977E+001
    572  8.477165855592507E-004  1.066354688575440E+002
   1057  8.456926372201756E-004  1.332882698940204E+002
   1039  8.180616547122834E-004  1.317789778316224E+002
    249  8.126134390128805E-004  3.643158917315001E+001
     97  8.117638581576812E-004  2.809615145046481E+001
   1052  8.112163598054785E-004  1.330891459743712E+002
    403  8.069470578312769E-004  5.332276567118551E+001
    142  8.049602990116971E-004  3.011700635419402E+001
    308  7.995903089505525E-004  3.924824416979163E+001
    236  7.942208343380533E-004  3.558504171265294E+001
    298  7.840144054588874E-004  3.860785506393049E+001
    165  7.752866792248136E-004  3.194792507678593E+001
    379  7.682058937751265E-004  4.610002508350383E+001
    909  7.514306305391798E-004  1.256671150468244E+002
    157  7.511920147841210E-004  3.136040875348826E+001
      1  7.449460279234441E-004  1.480943860687432E+001
    566  7.365385529518010E-004  1.060197199307676E+002
    143  7.211980298765983E-004  3.021552765862468E+001
    335  7.147978183328879E-004  4.064698242871874E+001
    199  7.076629095289282E-004  3.411214171315592E+001
    155  7.035705637689355E-004  3.129077640287002E+001
    582  7.004579610158193E-004  1.069886979669129E+002
    319  6.904992289423912E-004  3.955367029075058E+001
   1064  6.795776267643480E-004  1.339182935247794E+002
    295  6.614788933512718E-004  3.844649820311862E+001
    272  6.477965007191866E-004  3.770876893490352E+001
   1060  6.436856857147708E-004  1.336329109810919E+002
    207  6.425279740621730E-004  3.419271829752626E+001
    102  6.342123152165826E-004  2.838723287464182E+001
     26  6.303177213918155E-004  2.275577786050195E+001
    255  6.274332075688609E-004  3.705801266502003E+001
     71  6.268141200598017E-004  2.691074291878593E+001
    254  6.252593207408480E-004  3.696870162494890E+001
    540  6.171969435214408E-004  1.019596674086986E+002
    531  5.936317582870954E-004  6.280622541285696E+001
    173  5.880696645415746E-004  3.267731285541730E+001
   1075  5.759601200500789E-004  1.852007864492208E+002
     91  5.743618992464853E-004  2.795709450840539E+001
    433  5.689211329373582E-004  5.552394895078822E+001
    251  5.474298228852142E-004  3.670193646720268E+001
     89  5.450119462931575E-004  2.787565477396676E+001
    419  5.310709457348594E-004  5.447434435004674E+001
    270  5.309692709929462E-004  3.767493462479421E+001
     81  5.289210098065921E-004  2.737831616504717E+001
    190  5.285225719541685E-004  3.352213579831744E+001
    318  5.231452961535534E-004  3.952690512520030E+001
     95  5.227980537448332E-004  2.806113631432304E+001
     37  5.212258746793516E-004  2.413005277682491E+001
    578  5.038332667575318E-004  1.068696587706935E+002
    253  4.900888943249197E-004  3.690338042035397E+001
    153  4.876889122530585E-004  3.119128674334460E+001
    992  4.873058859369158E-004  1.299169051159237E+002
    405  4.756660602943237E-004  5.340951413863353E+001
    221  4.589438998022612E-004  3.444064242877499E+001
    148  4.580448802129128E-004  3.055713011308698E+001
    348  4.432278596479920E-004  4.278252907839931E+001
    585  4.425608318428289E-004  1.071721890576240E+002
    820  4.343908513949967E-004  1.173160626674297E+002
    161  4.319596830286155E-004  3.141544799468193E+001
    151  4.101000975619197E-004  3.097448214004631E+001
    552  3.985373597034592E-004  1.045004516183760E+002
    383  3.890113006650392E-004  4.665506804468283E+001
    195  3.867680309320229E-004  3.399004655216064E+001
   1072  3.866883408345889E-004  1.354275255218108E+002
    184  3.763662655032756E-004  3.328145954751520E+001
    223  3.732328262240157E-004  3.452101188794168E+001
    156  3.727641375007663E-004  3.133959801814033E+001
     46  3.695502617119339E-004  2.508968851186969E+001
     92  3.651681660312588E-004  2.796966533379813E+001
    536  3.522489809891111E-004  7.244369170766353E+001
     74  3.493255442764972E-004  2.706787664592100E+001
    907  3.423709296816755E-004  1.254774984052440E+002
    425  3.405370532241906E-004  5.512885982268182E+001
    112  3.342982555698287E-004  2.893182478938967E+001
    492  3.290021214204354E-004  5.919740097208313E+001
    245  3.268746127450738E-004  3.584895809931362E+001
    423  3.229490548142434E-004  5.491452382822700E+001
     41  3.216201943654822E-004  2.434332602389209E+001
    322  3.195479724201539E-004  3.962934885257222E+001
     36  3.185409130649667E-004  2.408548968715760E+001
    530  3.134452092106428E-004  6.265828803408258E+001
    385  3.128962652888987E-004  4.744969147605799E+001
    407  3.092434145834510E-004  5.355040632372296E+001
    266  3.078236625458990E-004  3.763404507858488E+001
    168  3.068327183276794E-004  3.223239881301075E+001
    411  3.042504319458182E-004  5.390414096058870E+001
    742  3.027598647784111E-004  1.126546326383816E+002
    998  3.019609280639996E-004  1.301241144683907E+002
    343  2.973624641855863E-004  4.223776350771931E+001
    239  2.967275074593769E-004  3.564788119351169E+001
    121  2.957794717809930E-004  2.937009161569695E+001
    177  2.957185480752741E-004  3.286305119332699E+001
     44  2.953745723683002E-004  2.487547588775838E+001
    593  2.941574501884213E-004  1.074633420950339E+002
     66  2.937002610860876E-004  2.653041695388611E+001
     62  2.905332599418886E-004  2.630569023157911E+001
    280  2.900391370462357E-004  3.777070006257392E+001
    320  2.893888281596312E-004  3.958466091098631E+001
     20  2.893475244065886E-004  2.146722812704134E+001
    154  2.830661853978859E-004  3.128025029310897E+001
      3  2.810555389134895E-004  1.530095081680193E+001
    503  2.805533913240332E-004  6.062899617907863E+001
    212  2.800755078024492E-004  3.425448747044050E+001
    247  2.799144857454419E-004  3.613855018049320E+001
    474  2.750081418013334E-004  5.866520048333617E+001
     32  2.741902062730607E-004  2.386019687247388E+001
    167  2.719726339721232E-004  3.206734480721192E+001
    725  2.706089378501066E-004  1.122622575126908E+002
    183  2.698472718857183E-004  3.317747871488443E+001
    724  2.679620461759401E-004  1.122474317356576E+002
     52  2.654259583620141E-004  2.532370304309600E+001
   1066  2.571117255147211E-004  1.341339055776214E+002
     76  2.567891470768915E-004  2.719040433196805E+001
    202  2.563280887284988E-004  3.414693728338715E+001
    417  2.515310015235374E-004  5.432386496665636E+001
    434  2.502653909628153E-004  5.556859477681133E+001
    690  2.466273151704297E-004  1.109553167085971E+002
     30  2.443246230271829E-004  2.339033246897357E+001
    532  2.430081891188002E-004  6.299204701993657E+001
    588  2.421503963767749E-004  1.072780161282308E+002
    158  2.402314279230145E-004  3.138637587596471E+001
     51  2.377708496535036E-004  2.527497960196780E+001
    230  2.372039954445074E-004  3.507000892128892E+001
    356  2.340148875410722E-004  4.399929676237998E+001
    145  2.306338128431306E-004  3.035386176419680E+001
    244  2.301683145608616E-004  3.582009297825139E+001
     86  2.296701870498956E-004  2.760340701365068E+001
    486  2.290426463793313E-004  5.898078655703418E+001
    784  2.281390754698640E-004  1.156115101864969E+002
     98  2.276136926965569E-004  2.810036398063808E+001
    797  2.255823531595902E-004  1.161224071144865E+002
    116  2.226984786984262E-004  2.910094471225916E+001
     82  2.226074116013341E-004  2.744742479332049E+001
    485  2.223948263137943E-004  5.896971858223063E+001
    291  2.207608449218461E-004  3.834865717601958E+001
    456  2.165939261546788E-004  5.758475825352298E+001
    352  2.143291548594281E-004  4.345183818831803E+001
    691  2.139627548135054E-004  1.109942746792360E+002
    152  2.128366439956905E-004  3.107793476288124E+001
    101  2.114212514607551E-004  2.816121926613436E+001
    136  2.094928126649388E-004  2.995197020395121E+001
    919  2.078686669942012E-004  1.264669767465423E+002
    686  2.023260208457488E-004  1.108321598991433E+002
    283  2.013066803416241E-004  3.781664732037148E+001
    214  2.006487432686890E-004  3.429158842681225E+001
   1029  2.006046638200268E-004  1.312589073638632E+002
    401  1.984400209510904E-004  5.310952948046032E+001
    445  1.950149049082520E-004  5.650985963977887E+001
     43  1.950071338339782E-004  2.485090944939308E+001
    217  1.948816013998965E-004  3.432077633458158E+001
    109  1.918507602584483E-004  2.888359254004277E+001
    205  1.905368253931455E-004  3.418138862993963E+001
    144  1.886572140658902E-004  3.023024488043693E+001
    897  1.847195162706261E-004  1.233154024205701E+002
    106  1.820490724571773E-004  2.873147041157064E+001
    126  1.813400947474353E-004  2.957864372821811E+001
    279  1.804664098457082E-004  3.776291602598710E+001
    746  1.793023737195015E-004  1.128150956859242E+002
    481  1.764761088490154E-004  5.889564718758225E+001
    131  1.762310492368452E-004  2.976719894627799E+001
    138  1.743934807088598E-004  2.998810658959070E+001
    110  1.734039355485067E-004  2.890337161783228E+001
    182  1.731484771037831E-004  3.313118961536368E+001
    821  1.691517852397465E-004  1.173213489801490E+002
    494  1.675274111471456E-004  5.959072402434833E+001
    331  1.664409223672380E-004  4.033978069592825E+001
   1069  1.663400427475190E-004  1.347402109836953E+002
    149  1.636037937225049E-004  3.064428879965062E+001
    564  1.631511919606322E-004  1.059223740174141E+002
    186  1.630145495764717E-004  3.335079910483972E+001
    189  1.615969225493687E-004  3.348575581421191E+001
    338  1.612031265549868E-004  4.143596746217444E+001
    785  1.606059507062168E-004  1.156515149006221E+002
    170  1.598496907705248E-004  3.240864442722207E+001
    133  1.597098277946438E-004  2.980777525245198E+001
    103  1.583948709346444E-004  2.854698030319213E+001
    831  1.571845127585108E-004  1.175849164822640E+002
     75  1.532388036002148E-004  2.717284531466260E+001
     61  1.519059708316502E-004  2.623624111749398E+001
    576  1.516783572909454E-004  1.068188420241767E+002
    353  1.516581587584386E-004  4.354452657935016E+001
    324  1.498808214484007E-004  3.965813849875591E+001
    122  1.487214480055863E-004  2.942821875092930E+001
    422  1.484893919255125E-004  5.478392604221921E+001
     11  1.476396530261091E-004  1.771447447329438E+001
    246  1.472033701890009E-004  3.612200287477440E+001
    570  1.468513904580284E-004  1.064458450110351E+002
   1041  1.462179637279182E-004  1.318604688563310E+002
    311  1.429826703550009E-004  3.939193935233331E+001
     35  1.423334032705015E-004  2.406163852032448E+001
    763  1.370959001998325E-004  1.136578287383470E+002
    926  1.367701605458955E-004  1.269935099435139E+002
    282  1.365022794158587E-004  3.781601762519486E+001
    262  1.361260673846776E-004  3.754826259370084E+001
    375  1.356954068272369E-004  4.577921754207221E+001
    560  1.356901883052030E-004  1.057397922085461E+002
     70  1.352052167898856E-004  2.683332853591699E+001
   1071  1.344978546562283E-004  1.353191143310252E+002
    796  1.339265558408974E-004  1.160406419035091E+002
    237  1.334864233847134E-004  3.561350513334219E+001
    208  1.332299515277002E-004  3.420400517096608E+001
    991  1.302108591802834E-004  1.298309517843196E+002
    966  1.296632233694040E-004  1.287120665380274E+002
     13  1.295561041338084E-004  2.038781372204352E+001
    745  1.282280971603564E-004  1.127541380335163E+002
    285  1.266154777762883E-004  3.794670187788559E+001
   1055  1.263655821371580E-004  1.332315483337306E+002
    104  1.224693940881315E-004  2.863475114667724E+001
    139  1.223999423329573E-004  3.001327528760398E+001
   1034  1.223791732534638E-004  1.314975717016592E+002
    894  1.212269610505979E-004  1.226855190700912E+002
    111  1.205393057986745E-004  2.891758955889047E+001
   1005  1.200967101443961E-004  1.302961950162389E+002
    218  1.189821458766309E-004  3.434087154455664E+001
    196  1.152108322793294E-004  3.402217963204272E+001
     33  1.150944950515178E-004  2.387502434282544E+001
     94  1.143711066101163E-004  2.803048707399637E+001
    437  1.143435743922502E-004  5.567668099873953E+001
   1008  1.142845841934410E-004  1.304054287055121E+002
    621  1.141438672992386E-004  1.083828600305560E+002
   1020  1.132578592953700E-004  1.308300137670077E+002
    777  1.132033829217406E-004  1.150636811545726E+002
    413  1.129420438919598E-004  5.407796767412047E+001
    135  1.123562211422166E-004  2.990996926970350E+001
   1018  1.121033658383849E-004  1.307425624046459E+002
    568  1.117084660741860E-004  1.063884322375297E+002
    304  1.111334472258391E-004  3.902642388250331E+001
    555  1.109704773702357E-004  1.049505825405343E+002
     10  1.108831659524928E-004  1.630017574824609E+001
   1038  1.101722375560583E-004  1.317153469634680E+002
    802  1.097293625773448E-004  1.163074247182627E+002
    518  1.095780707745403E-004  6.116565427175681E+001
    778  1.077673050867395E-004  1.153062331743218E+002
     63  1.077400916864187E-004  2.633691355837915E+001
    341  1.074292666472098E-004  4.207899368185591E+001
   1027  1.067125644223951E-004  1.311414239553258E+002
     34  1.056490342385600E-004  2.394870774261297E+001
    187  1.044449727971465E-004  3.338593491458187E+001
    325  1.031657696884847E-004  3.979678053884171E+001
    813  1.014410941688009E-004  1.170211975618395E+002
      2  1.011678673751804E-004  1.507477314615795E+001
    210  1.005252001934055E-004  3.421873300884823E+001
    716  9.976205193656925E-005  1.119313653155845E+002
   1013  9.936087154326599E-005  1.306191025791559E+002
    115  9.892403402390990E-005  2.908676806680809E+001
    671  9.885932606368442E-005  1.100461630260976E+002
    727  9.873551502586567E-005  1.123838421661365E+002
    432  9.856549110869295E-005  5.551253331854516E+001
    378  9.842963056320671E-005  4.609481655347708E+001
    269  9.818969757708876E-005  3.766609016559832E+001
     48  9.765477317786416E-005  2.521050943974308E+001
    528  9.739720205252516E-005  6.211763689923020E+001
     67  9.650529672829103E-005  2.663955326886673E+001
    337  9.619344145306690E-005  4.125439580477820E+001
    771  9.605576355882745E-005  1.142541813627527E+002
    275  9.573847628072564E-005  3.771871208633355E+001
    427  9.492032983400033E-005  5.530625255614972E+001
      6  9.488716525110917E-005  1.593905863128156E+001
   1062  9.477071856503045E-005  1.338537297016246E+002
    467  9.405967475196025E-005  5.850070475174659E+001
    332  9.393511095989409E-005  4.036182328117159E+001
     88  9.378952935636872E-005  2.776495450944637E+001
    812  9.329419121183397E-005  1.169499526914024E+002
    822  9.299651878693778E-005  1.173379890193997E+002
    738  9.095025181990941E-005  1.126248828969786E+002
   1006  8.831151488953452E-005  1.303473844140781E+002
    873  8.819057967729581E-005  1.205400953636918E+002
    389  8.814068224921203E-005  4.924612888004685E+001
    587  8.772477498998373E-005  1.072564562863978E+002
    382  8.650795069050184E-005  4.661435463500721E+001
    680  8.634994313532750E-005  1.106808485277705E+002
    312  8.572582006449356E-005  3.940338989709551E+001
    459  8.420261002406362E-005  5.797524108925945E+001
    483  8.416795890040535E-005  5.892865432514233E+001
    449  8.405061106963413E-005  5.713782918039372E+001
    305  8.399877998356159E-005  3.919092577852600E+001
    107  8.355056510063404E-005  2.880093649968087E+001
     45  8.133009859842209E-005  2.505629895200580E+001
    464  8.072701490202131E-005  5.841767339850505E+001
    264  8.063590413908930E-005  3.760740200223662E+001
    261  8.000171478474491E-005  3.751537038816641E+001
    768  7.969932242041302E-005  1.140511281344195E+002
     84  7.962952417780074E-005  2.748397341497807E+001
     77  7.953068721682265E-005  2.720977418778346E+001
    355  7.941701142125267E-005  4.365668409738398E+001
    395  7.889090346336029E-005  5.279005865968511E+001
    169  7.801467709852306E-005  3.225245008090104E+001
    334  7.774335907831789E-005  4.055961280242965E+001
    367  7.685252157494372E-005  4.546665367422378E+001
    394  7.674067826743340E-005  5.275338077531283E+001
    213  7.638784411646629E-005  3.426923698719692E+001
    733  7.614714280400507E-005  1.125211996768446E+002
    730  7.530390791812861E-005  1.124678820560711E+002
    592  7.485130413551520E-005  1.074010896433819E+002
   1033  7.484516287783511E-005  1.314921549657209E+002
    108  7.472329324211270E-005  2.884206820739177E+001
    617  7.423904510945956E-005  1.082069188907082E+002
    336  7.362958780145703E-005  4.106442919982931E+001
    565  7.332707564068226E-005  1.059848591127986E+002
    829  7.306749550011165E-005  1.175434491795728E+002
    981  7.263680151608851E-005  1.292686845988868E+002
    667  7.152497756753204E-005  1.098231148083649E+002
   1032  7.124540393532606E-005  1.314270448258869E+002
   1031  7.067450028171735E-005  1.313824495210718E+002
    185  7.023503612029321E-005  3.329017879350934E+001
    748  7.001509579381915E-005  1.128453459062848E+002
     68  7.000886961753720E-005  2.665958995788216E+001
    854  6.907413163482726E-005  1.190938927222375E+002
     22  6.896693146887129E-005  2.149928230079738E+001
    404  6.799214094285306E-005  5.332919471058649E+001
    309  6.771518656183548E-005  3.929268620446922E+001
    129  6.761608534871945E-005  2.967722940199728E+001
    954  6.753162355233256E-005  1.282848493157465E+002
    329  6.749526074707010E-005  3.994917835777716E+001
    712  6.730829049989909E-005  1.118479116964762E+002
    597  6.633818849413201E-005  1.076362394255561E+002
    524  6.587161146019153E-005  6.196836567938324E+001
    721  6.568142153710889E-005  1.121902054803930E+002
    984  6.554773264988006E-005  1.293776492189174E+002
    125  6.492979049206821E-005  2.955205187993630E+001
    259  6.492059911477725E-005  3.731129763636223E+001
    493  6.427410974968876E-005  5.956939432616837E+001
    902  6.426292849247033E-005  1.246861225619736E+002
     53  6.411618865679106E-005  2.532427500710937E+001
    967  6.399806708648588E-005  1.287730879251822E+002
    700  6.373894952925689E-005  1.112187707043413E+002
    290  6.362556671010774E-005  3.834059039797889E+001
    314  6.341438032542163E-005  3.944402428691944E+001
    372  6.269273042993147E-005  4.569660817760900E+001
    440  6.209788290821809E-005  5.589934491235444E+001
    694  6.163082156462368E-005  1.110208923005156E+002
    645  6.159076196657314E-005  1.088758352374567E+002
    476  6.158504159742960E-005  5.874284760292872E+001
    197  6.095707399489384E-005  3.407091137263039E+001
    442  6.063756479206466E-005  5.605259237502305E+001
    191  6.057432701604682E-005  3.372798248811258E+001
    252  6.055121411080931E-005  3.681481496629917E+001
    339  6.050993984390168E-005  4.199721405536648E+001
     50  5.954502141630074E-005  2.524792740229145E+001
   1014  5.919402869562613E-005  1.306579532637773E+002
    162  5.909870721158666E-005  3.142013005221356E+001
    512  5.903147902704343E-005  6.110465593383906E+001
    521  5.875728681033356E-005  6.120499406654021E+001
    250  5.862590573418293E-005  3.645071914574685E+001
   1026  5.839500999338569E-005  1.310988308446859E+002
     54  5.793394200792176E-005  2.537118147105558E+001
    194  5.791195513962708E-005  3.388123191050668E+001
    630  5.671887260101937E-005  1.086464564510315E+002
    134  5.670824630581683E-005  2.989081555609098E+001
    911  5.641406961019287E-005  1.258968376271585E+002
    123  5.631708165377900E-005  2.945706723223188E+001
    675  5.630763129796996E-005  1.101932688761904E+002
    511  5.596165894393624E-005  6.108291035790679E+001
    607  5.590749377560616E-005  1.079782277499060E+002
    174  5.564974008271654E-005  3.277024257542895E+001
    659  5.516349025739294E-005  1.093169473413985E+002
    281  5.463576291983796E-005  3.778222215271058E+001
    201  5.434530827696154E-005  3.413905621996786E+001
    257  5.417014209287718E-005  3.716053985696894E+001
    550  5.362881650797382E-005  1.044255141670578E+002
    147  5.358368020160592E-005  3.045498909450352E+001
    491  5.332750738977596E-005  5.916484178919298E+001
    504  5.283339656154888E-005  6.073767201700102E+001
    477  5.276975816166336E-005  5.875439662154096E+001
    523  5.255562013305059E-005  6.195141091349550E+001
    917  5.214473777775631E-005  1.262583151256411E+002
    192  5.179377037799913E-005  3.373139183933635E+001
   1000  5.070404406366555E-005  1.301375093272533E+002
    471  5.056634579746083E-005  5.859921299406331E+001
     79  5.022604550127341E-005  2.728143790603452E+001
    198  4.884704414512658E-005  3.410095577154824E+001
    545  4.818880001257757E-005  1.038885725205099E+002
   1061  4.781473313814087E-005  1.338239896777959E+002
    327  4.750537003130551E-005  3.980649710729982E+001
    163  4.709833137856728E-005  3.148605603035891E+001
    559  4.684244882988790E-005  1.054467335457494E+002
    310  4.647857157128511E-005  3.933560718805473E+001
    571  4.633108980948851E-005  1.065760725477823E+002
     83  4.628086822856213E-005  2.745200449399356E+001
    875  4.615443460930800E-005  1.206504418490652E+002
    317  4.598155340883725E-005  3.952108816795088E+001
    942  4.597078288426210E-005  1.277896527703618E+002
    816  4.571745443860120E-005  1.170854692244173E+002
    234  4.567060543699612E-005  3.541632958107625E+001
    649  4.547106500200973E-005  1.089557122086210E+002
    243  4.507904476330377E-005  3.580427376176280E+001
    203  4.480975418754853E-005  3.415596231316062E+001
    706  4.472380843647942E-005  1.115644797142602E+002
    488  4.383514229863453E-005  5.904214899548738E+001
    260  4.375095750948042E-005  3.745846822965304E+001
    480  4.371147842642974E-005  5.887142017505539E+001
    376  4.360816108249217E-005  4.578482274843697E+001
    441  4.346677622419234E-005  5.602297434426368E+001
    458  4.335107142324016E-005  5.780961640938520E+001
    296  4.306160118605490E-005  3.847026909032138E+001
    211  4.304926841621399E-005  3.422885497659050E+001
    573  4.299293813122923E-005  1.066520968004064E+002
    507  4.262217946953711E-005  6.098134465730102E+001
    529  4.252680390809240E-005  6.213305424318654E+001
    824  4.221643821278429E-005  1.173851057796732E+002
    448  4.205157769860441E-005  5.707216855561523E+001
    242  4.189349002458388E-005  3.575330164903793E+001
    268  4.165644908454028E-005  3.765614789507087E+001
    945  4.118713506977536E-005  1.278945431870569E+002
    470  4.094161199509363E-005  5.858950887133865E+001
    231  4.087783351629075E-005  3.529195130720404E+001
    396  4.082352107265877E-005  5.292259014309509E+001
    469  4.056664241605801E-005  5.857260373695996E+001
    543  4.039358961334867E-005  1.026098663261161E+002
    172  4.009821838924567E-005  3.254695536480502E+001
    258  3.967690969359593E-005  3.725675246841864E+001
     57  3.861829887841282E-005  2.601044601303876E+001
    719  3.858510189066535E-005  1.120361196403708E+002
    622  3.845798088462522E-005  1.084041586407917E+002
     78  3.842111813562500E-005  2.724001953302053E+001
    386  3.830029443263553E-005  4.778448827008048E+001
    100  3.816192842016550E-005  2.814590236831992E+001
    287  3.770908206990700E-005  3.806334999222836E+001
    772  3.737072017667490E-005  1.144444014986270E+002
    605  3.725515742213907E-005  1.079476682950407E+002
    340  3.675513529595715E-005  4.203744443197692E+001
    558  3.646941248292816E-005  1.054235904423783E+002
    349  3.643146586312528E-005  4.279212686889406E+001
     73  3.636714105744615E-005  2.704395448663374E+001
    674  3.611912990809717E-005  1.101627157855635E+002
    321  3.555655698742279E-005  3.959878738143280E+001
    765  3.523841541952048E-005  1.138034732037320E+002
    561  3.486988277305898E-005  1.057823475786052E+002
    299  3.479920869262659E-005  3.861147003050849E+001
    118  3.461607910379123E-005  2.927665934202001E+001
    307  3.417779588519971E-005  3.924418415703018E+001
    391  3.402990590095603E-005  4.935295074539214E+001
    584  3.385460403738743E-005  1.071415131646536E+002
    637  3.384890007425949E-005  1.087708716348475E+002
    970  3.362820569835074E-005  1.288440499253601E+002
    832  3.343774447717794E-005  1.176150872586579E+002
    602  3.343699364764985E-005  1.078335831208874E+002
    632  3.298911587488375E-005  1.086732063917954E+002
    105  3.275911638017036E-005  2.872870804936272E+001
    159  3.246560045062670E-005  3.140014259635325E+001
    611  3.243433118595828E-005  1.080609110523806E+002
    399  3.223359047865274E-005  5.300117686152819E+001
    415  3.212863083650723E-005  5.409773008136273E+001
   1067  3.210914496436867E-005  1.341872351276505E+002
    475  3.148954274644816E-005  5.870955367754343E+001
    577  3.121979235022969E-005  1.068269012623950E+002
    848  3.096429222909094E-005  1.185512117490796E+002
    623  3.082771077843804E-005  1.084311616311891E+002
    548  3.068129155228480E-005  1.041098140943872E+002
    316  3.060643655573542E-005  3.947722492082590E+001
   1022  3.028753116048192E-005  1.309570316227355E+002
    288  3.025056468955204E-005  3.825168870868715E+001
    303  3.022621768942218E-005  3.891633174738261E+001
    357  2.996094506995215E-005  4.413715889769129E+001
    791  2.988312279370160E-005  1.158399885308925E+002
    760  2.981565096391127E-005  1.133648679091437E+002
    654  2.959018056146467E-005  1.091774321289355E+002
    313  2.931747201684790E-005  3.941220320488696E+001
    537  2.926042024093497E-005  7.348438751630307E+001
    899  2.904686947148094E-005  1.237750393258326E+002
    713  2.877531859226472E-005  1.118750446375970E+002
    515  2.841490242548425E-005  6.113166482037749E+001
    986  2.833479712702998E-005  1.294778988001748E+002
    150  2.823245968294885E-005  3.095380367517388E+001
    905  2.807923183075400E-005  1.252963463377060E+002
    870  2.807131396382977E-005  1.203621491035894E+002
    542  2.794052908202646E-005  1.021380905135569E+002
     93  2.760096605215178E-005  2.801831476528660E+001
    240  2.742530637589908E-005  3.568815433410965E+001
    176  2.715100737237441E-005  3.283702642513862E+001
    913  2.714531798679850E-005  1.260963173315474E+002
    224  2.676712443996490E-005  3.456258153743839E+001
    517  2.635376387624512E-005  6.116283191518230E+001
    843  2.610089397820404E-005  1.181049125326048E+002
    426  2.604876612893716E-005  5.521112029631625E+001
    860  2.593427745532273E-005  1.193608179742887E+002
    408  2.584040705052327E-005  5.368647704938994E+001
    519  2.582587011604295E-005  6.116666091909611E+001
    361  2.577172210634349E-005  4.509188248244521E+001
    180  2.548442623620883E-005  3.306959511625761E+001
    534  2.530999764729930E-005  6.352992396574133E+001
    346  2.527745991957739E-005  4.251353138364797E+001
    160  2.507799851034052E-005  3.140287364756382E+001
    489  2.500518161288429E-005  5.906665573291085E+001
    416  2.470866634309374E-005  5.412105627361211E+001
    910  2.464283491787338E-005  1.258349422363612E+002
    513  2.436946647163107E-005  6.111701004965728E+001
    359  2.425244647334041E-005  4.440820660542785E+001
    328  2.414300601696359E-005  3.982877398686839E+001
    972  2.370178076238140E-005  1.289491342298440E+002
    502  2.365509380020431E-005  6.033057478557798E+001
    438  2.355642606263285E-005  5.568774314714533E+001
    702  2.340876145496526E-005  1.112791472783473E+002
    947  2.306149641291866E-005  1.280025795512814E+002
    596  2.303870622131566E-005  1.076305596761092E+002
     59  2.275729517297309E-005  2.608228483109795E+001
    583  2.272982131443181E-005  1.070323413352247E+002
    444  2.263382332232973E-005  5.640873014994138E+001
    141  2.260655864348924E-005  3.005205957969120E+001
    892  2.258569265473381E-005  1.223146913863671E+002
    484  2.244648812830477E-005  5.894622531819898E+001
    890  2.237628716252473E-005  1.222269695705770E+002
    360  2.235576323615879E-005  4.501412031898634E+001
    232  2.227858414712028E-005  3.530982942235851E+001
    222  2.195738991344988E-005  3.444665555523785E+001
    928  2.152479678203627E-005  1.271758190169006E+002
    672  2.145693838081527E-005  1.100523893058521E+002
     72  2.119845252089613E-005  2.695844835194747E+001
    757  2.085011485213958E-005  1.131455979007981E+002
    137  2.081178788951499E-005  2.996307755422044E+001
    500  2.074403751393849E-005  6.016266526055261E+001
    934  2.059845340682065E-005  1.274026915475210E+002
    351  2.047682742621137E-005  4.290814690346715E+001
    918  2.041648856737517E-005  1.263810693695273E+002
    225  2.039173407269226E-005  3.458265676939745E+001
    689  2.034826098125944E-005  1.108992280227757E+002
    274  2.005451932792645E-005  3.771469066363962E+001
    323  1.997635157411970E-005  3.963162035223775E+001
    533  1.991235991842869E-005  6.344214913117692E+001
    741  1.969541058582855E-005  1.126383251241469E+002
    616  1.956054651124680E-005  1.081902144651443E+002
    567  1.940836872884712E-005  1.061175767374582E+002
    639  1.912898730274269E-005  1.087924757147032E+002
    722  1.901096282314446E-005  1.121989232781130E+002
    610  1.900740813672388E-005  1.080548791140610E+002
    589  1.886335357559527E-005  1.073243551551986E+002
    292  1.880547177920148E-005  3.837765227419467E+001
    522  1.874470636219086E-005  6.189501394570030E+001
    663  1.872410739034405E-005  1.095408569103236E+002
    624  1.852755651482475E-005  1.084534043855216E+002
    924  1.812168436571909E-005  1.267645350898773E+002
    472  1.806735163162197E-005  5.860732378330380E+001
    490  1.792940986831993E-005  5.909746584665749E+001
    446  1.777166980035181E-005  5.657515742254393E+001
    204  1.767806795069540E-005  3.416741852472765E+001
    369  1.763485458871795E-005  4.556664797594529E+001
    579  1.755446575445924E-005  1.068810185812333E+002
    929  1.752740028735579E-005  1.272324166790593E+002
    636  1.742062089153472E-005  1.087412284437008E+002
    646  1.735517170928353E-005  1.089039652974663E+002
    676  1.725622202111742E-005  1.102968009656115E+002
    277  1.705421108716886E-005  3.774405278528796E+001
    594  1.699684333238012E-005  1.075267994995216E+002
    510  1.698345202040114E-005  6.106496915014706E+001
    871  1.692287870220038E-005  1.204638135739833E+002
    684  1.683778803125423E-005  1.108055531440044E+002
    844  1.680624635415355E-005  1.182236522024691E+002
    120  1.674647156777483E-005  2.935022978395871E+001
    130  1.672688727619002E-005  2.969026097336859E+001
    795  1.670441630791420E-005  1.159446042090269E+002
    769  1.660840975706897E-005  1.141494817506874E+002
    968  1.640688447977503E-005  1.287893908307005E+002
    609  1.612371384636466E-005  1.080529774194348E+002
    278  1.605279660596115E-005  3.775225448216675E+001
    613  1.603767671187335E-005  1.081325074305931E+002
    810  1.575640633957031E-005  1.168542717379606E+002
    591  1.572271760468657E-005  1.073970459895217E+002
    430  1.567405907481520E-005  5.544226538226409E+001
    682  1.514684169485898E-005  1.107795174367904E+002
    117  1.512126245627467E-005  2.915145470361619E+001
    687  1.510196787841206E-005  1.108477970364615E+002
    755  1.508792852563613E-005  1.130537195644052E+002
   1024  1.503864367896581E-005  1.310472886139475E+002
    626  1.501958047248835E-005  1.085197354965440E+002
    345  1.493963343325353E-005  4.248475366295001E+001
    206  1.484403561065483E-005  3.418711639611698E+001
    883  1.450320607233816E-005  1.212822283474710E+002
    468  1.445484648582535E-005  5.850419738659161E+001
    963  1.440610459583685E-005  1.284456810480366E+002
    669  1.436460960857750E-005  1.098991161820264E+002
    827  1.425638519586797E-005  1.174913134466901E+002
    273  1.400752609652081E-005  3.771236202405859E+001
   1056  1.365685112384021E-005  1.332822863268028E+002
    681  1.355072102881867E-005  1.107150530846271E+002
    364  1.351174709039217E-005  4.528995878587361E+001
     80  1.337679380783221E-005  2.737665388114407E+001
    921  1.313034558854410E-005  1.266347372507485E+002
    895  1.308828828701981E-005  1.231922658586809E+002
    595  1.299867945833701E-005  1.075727311228692E+002
    836  1.294063342322640E-005  1.177792466123822E+002
    256  1.293337753944490E-005  3.708485200545782E+001
    858  1.273592374311471E-005  1.193043137223610E+002
    538  1.272040434628800E-005  8.801939400846273E+001
    868  1.264199286857222E-005  1.199994649602093E+002
    938  1.258324203172015E-005  1.276246332177813E+002
    666  1.255303292870856E-005  1.096961217429448E+002
    495  1.249698191136861E-005  5.971063876484735E+001
    790  1.246302872841260E-005  1.158127479939932E+002
    927  1.245928919279452E-005  1.271118445081471E+002
    410  1.229100705962472E-005  5.380004782230375E+001
    473  1.211016999200658E-005  5.864875851961727E+001
    627  1.208170340666561E-005  1.085359599099982E+002
    569  1.190346648243954E-005  1.064024371239422E+002
   1068  1.188734063750100E-005  1.342139437973118E+002
    631  1.175051508818767E-005  1.086593678715634E+002
    265  1.169148061969905E-005  3.762418150997995E+001
    238  1.165655390444969E-005  3.562010162214489E+001
    420  1.164529909142790E-005  5.464265012038360E+001
    879  1.140054807633990E-005  1.208628531744268E+002
    402  1.137655618719368E-005  5.323403324336612E+001
    826  1.137339523614861E-005  1.174535409692338E+002
    710  1.125495330189060E-005  1.117114283703663E+002
    842  1.122308415254065E-005  1.180365480395604E+002
   1063  1.107893489222891E-005  1.338610239777397E+002
    333  1.100679978589011E-005  4.050570323460023E+001
    263  1.098511934198482E-005  3.756851288337069E+001
    608  1.089961615968862E-005  1.080310773431174E+002
    940  1.087932866371477E-005  1.277053477702196E+002
    999  1.084766509506581E-005  1.301340763851820E+002
    964  1.082419349092059E-005  1.284811881676410E+002
    412  1.066608269298198E-005  5.399327798218789E+001
    463  1.062408765842673E-005  5.840368106338346E+001
    835  1.045722149548695E-005  1.176766134664512E+002
    431  1.043001940431110E-005  5.545822575490884E+001
    181  1.040576471477934E-005  3.309588236011395E+001
    770  1.034330760844231E-005  1.141655133118217E+002
    661  1.031413932013682E-005  1.094040232551639E+002
    838  1.030139372774603E-005  1.178077045912047E+002
    119  1.022950704754502E-005  2.929038281335912E+001
    171  1.020963592670132E-005  3.251692712246987E+001
    179  1.012863980575276E-005  3.301071504933698E+001
    651  1.011278338365327E-005  1.090123807306586E+002
    995  1.006360336053566E-005  1.300556822463785E+002
    424  9.947732919039837E-006  5.504400290817051E+001
    877  9.740843314988476E-006  1.207635072396237E+002
    825  9.647132664129901E-006  1.174155068731360E+002
     47  9.614638606930067E-006  2.514695584094496E+001
    397  9.613115890114775E-006  5.292984574180642E+001
    707  9.165029213833936E-006  1.116484954290111E+002
    370  9.110034040975336E-006  4.562254251008403E+001
    808  9.101091647629964E-006  1.166438640424820E+002
    916  9.099692753539341E-006  1.261858055404796E+002
   1004  9.078640612277181E-006  1.302828791464404E+002
    271  9.026199190847040E-006  3.769377629908810E+001
     90  9.007287110601009E-006  2.792299487571685E+001
    146  8.982575916203139E-006  3.038455959742199E+001
    496  8.852204413078375E-006  5.977778544840232E+001
    922  8.751373413872155E-006  1.267277337836395E+002
     99  8.691598222192386E-006  2.813215700322161E+001
    450  8.686502768267106E-006  5.723022636777802E+001
   1016  8.632844368991071E-006  1.306784011483153E+002
    853  8.532573886103201E-006  1.189950762444425E+002
    574  8.513853649241286E-006  1.067089856517616E+002
    678  8.471987486797322E-006  1.105298402911861E+002
    428  8.418151728291550E-006  5.539697768550786E+001
    804  8.398283030254178E-006  1.164307012054320E+002
    715  8.392245833123569E-006  1.119122168057061E+002
    466  8.369932999959447E-006  5.848631456847294E+001
    782  8.355721140293021E-006  1.155663554633046E+002
    783  8.301619517434456E-006  1.155776779712016E+002
    562  8.259752597215661E-006  1.058125905236654E+002
     96  8.173412341766781E-006  2.807603105873968E+001
     42  8.164578977504483E-006  2.442065503900721E+001
    350  8.123795168163546E-006  4.287084402122760E+001
    896  8.076341228154944E-006  1.231967026860033E+002
    178  8.006523400114005E-006  3.291892583427273E+001
    655  7.969351054415558E-006  1.092114390318620E+002
   1009  7.908283679218722E-006  1.304609142394732E+002
    720  7.780413390977013E-006  1.121496181246094E+002
    541  7.726584215945638E-006  1.020561485810812E+002
    315  7.716796322356939E-006  3.946262277995078E+001
   1076  7.675953761714195E-006  1.858411948136732E+002
    633  7.651116702098233E-006  1.086770367044967E+002
    994  7.567478940684175E-006  1.299886393654431E+002
    923  7.516854438742092E-006  1.267345977181097E+002
    695  7.457751882170436E-006  1.110404578737834E+002
     15  7.450980681258165E-006  2.077312965636918E+001
    761  7.413795252125985E-006  1.134019555363662E+002
     12  7.339068188883387E-006  1.791855268392995E+001
    516  7.328595436708162E-006  6.114879167768425E+001
    113  7.273099510915211E-006  2.894608485543543E+001
   1010  6.992670098133141E-006  1.305150376372933E+002
    800  6.957815816014535E-006  1.161811067685375E+002
   1001  6.950331149587391E-006  1.301907504163165E+002
    732  6.423180705305109E-006  1.124809932511083E+002
    957  6.383676361565182E-006  1.283224605383935E+002
    792  6.358162518076622E-006  1.158579110744502E+002
    679  6.300391374584902E-006  1.106299731616480E+002
    959  6.297826165103150E-006  1.283643788123119E+002
    915  6.171167704059037E-006  1.261627872997085E+002
    786  6.118599699068847E-006  1.156679892855772E+002
    656  6.058964565706599E-006  1.092383325553483E+002
    677  6.018318595825613E-006  1.104103779431708E+002
    845  6.015147285607843E-006  1.182722434309271E+002
    670  5.999816391207120E-006  1.099218253642219E+002
    893  5.982977313695998E-006  1.225899968537864E+002
    650  5.883588334760443E-006  1.090061273622073E+002
    901  5.824287887938783E-006  1.246352700151236E+002
    847  5.738549547222871E-006  1.183795327778256E+002
    935  5.641494806311795E-006  1.274477748704804E+002
    354  5.545527265258035E-006  4.358717802496741E+001
    286  5.536024670541495E-006  3.806107114689090E+001
    849  5.407761846630496E-006  1.186556798515274E+002
   1043  5.324267570333782E-006  1.320181582363304E+002
    865  5.282516271673503E-006  1.195233182598442E+002
   1046  5.192114219171587E-006  1.322741703884410E+002
    641  5.179467807235754E-006  1.088136450829588E+002
    525  5.162067921743211E-006  6.201689187624501E+001
    789  5.116241648708598E-006  1.157939903252585E+002
    754  5.114256093132646E-006  1.130532912402911E+002
   1035  5.104086836946612E-006  1.315022364948826E+002
    140  5.093419269401925E-006  3.002380690834687E+001
   1042  5.084985153135016E-006  1.319938555239870E+002
    276  5.051044023563257E-006  3.774173651101562E+001
    526  5.020016569314314E-006  6.205614154690332E+001
    618  4.926345150694909E-006  1.083041655146542E+002
    289  4.916724690664474E-006  3.832422991649202E+001
   1077  4.870382847347901E-006  6.189178021453241E+002
    979  4.791771909449620E-006  1.292073280791942E+002
   1017  4.772460994845108E-006  1.307020085696559E+002
    704  4.767620561770505E-006  1.114088220449556E+002
    944  4.743262754679606E-006  1.278264506290159E+002
    601  4.706744200093406E-006  1.078222216339937E+002
    634  4.675621359823150E-006  1.087110579745548E+002
    699  4.638500982959989E-006  1.111753891148923E+002
    815  4.629529713615234E-006  1.170844697210597E+002
    749  4.522938359620690E-006  1.128862829609149E+002
    344  4.495116787681554E-006  4.229281490750487E+001
    658  4.476432372096505E-006  1.092752908733605E+002
    728  4.429686520888443E-006  1.123911467240560E+002
    362  4.351797399523110E-006  4.520209191521082E+001
    657  4.298694272216400E-006  1.092680437977900E+002
    997  4.296748541276819E-006  1.300952728722026E+002
   1040  4.262778177016440E-006  1.318325334098182E+002
    756  4.260372858733241E-006  1.131019348749128E+002
    482  4.243644354587117E-006  5.890508639424976E+001
    599  4.198290220415344E-006  1.077354408464688E+002
    665  4.195657586380453E-006  1.096195054263975E+002
    866  4.157942037097357E-006  1.198737679274225E+002
   1037  4.153230881776008E-006  1.316166834102353E+002
    668  4.140150045054068E-006  1.098358517134249E+002
    435  4.100829920888614E-006  5.559833163642786E+001
    958  4.070236090734324E-006  1.283326337970340E+002
    976  4.049920439667773E-006  1.291265023483052E+002
    709  4.027886613803463E-006  1.116986555393093E+002
   1058  4.011237934271353E-006  1.334381531708862E+002
    451  3.908268311673984E-006  5.726939793781466E+001
    839  3.888550416093999E-006  1.178451551754228E+002
    498  3.875615116635528E-006  6.006055704270973E+001
    930  3.870871568287977E-006  1.272550109882912E+002
    460  3.869476240864574E-006  5.821511818989060E+001
    465  3.841036128001654E-006  5.845233409136720E+001
    949  3.823609900573868E-006  1.280833568476082E+002
   1002  3.813740558024462E-006  1.301955720736593E+002
    862  3.785036630221334E-006  1.194326389788892E+002
    943  3.751741003571726E-006  1.278255860865938E+002
    363  3.733042865992041E-006  4.523665715266514E+001
    506  3.656347856443132E-006  6.092479484159845E+001
    781  3.582041422788638E-006  1.155015502370288E+002
    977  3.579395441206036E-006  1.291448023039548E+002
    586  3.548512603727321E-006  1.072414988471015E+002
    406  3.548400420196372E-006  5.347162595814701E+001
    744  3.467969295962793E-006  1.127340165661099E+002
   1012  3.467890529051585E-006  1.305860585800326E+002
    557  3.451083459011666E-006  1.053298087456868E+002
    293  3.444849728105015E-006  3.840315559517953E+001
    990  3.412499118522854E-006  1.297249883032466E+002
     28  3.367893468640334E-006  2.303576073275412E+001
    660  3.297091894177198E-006  1.093929129115852E+002
    774  3.277093855464441E-006  1.147299018357027E+002
    600  3.244190396725580E-006  1.078192567961393E+002
    414  3.119069053605599E-006  5.408443269732371E+001
    580  3.109110410329484E-006  1.069063882425304E+002
    983  3.095278087229149E-006  1.293699640118089E+002
    948  3.038820169199548E-006  1.280530341997139E+002
    619  2.998484443074088E-006  1.083262496248409E+002
    787  2.961605945996635E-006  1.157066821730262E+002
    971  2.955508434322538E-006  1.289111652451389E+002
    900  2.942228992467261E-006  1.240255399934555E+002
    920  2.829723570791834E-006  1.265729199247587E+002
    751  2.813574298794776E-006  1.129352725370382E+002
    931  2.798000950987283E-006  1.272754104030811E+002
    717  2.780813848614577E-006  1.119901298340990E+002
    371  2.761855777766747E-006  4.567834615857563E+001
    642  2.759218729263564E-006  1.088349318990273E+002
    889  2.757153231394252E-006  1.221096476933091E+002
    953  2.738094163977077E-006  1.282835790234384E+002
    209  2.722415206169261E-006  3.420776675567321E+001
    711  2.660516783667393E-006  1.117833092223069E+002
    625  2.640820927894825E-006  1.084878781680722E+002
    723  2.589523867322087E-006  1.122249597820348E+002
    648  2.566528275135671E-006  1.089328290594756E+002
    739  2.554307502210796E-006  1.126267264275300E+002
    764  2.532939405944478E-006  1.137269990775531E+002
    447  2.470207482139724E-006  5.692641404400948E+001
    737  2.460969410784982E-006  1.125716601108342E+002
    508  2.456589101539555E-006  6.101348113010317E+001
    987  2.433266903688083E-006  1.295218650079724E+002
    809  2.431676314290855E-006  1.168273457040169E+002
    903  2.387920534559587E-006  1.249295857950171E+002
    904  2.386541960875001E-006  1.250437756508075E+002
    946  2.369562063726283E-006  1.279201366409634E+002
    863  2.365034601784180E-006  1.194780899982511E+002
     39  2.363338924032779E-006  2.419216907562118E+001
    267  2.347155235195615E-006  3.763942844703926E+001
    514  2.317101563950574E-006  6.112143562944963E+001
   1049  2.314518737262109E-006  1.325964910892840E+002
   1036  2.276486717443925E-006  1.315563975924429E+002
    228  2.269324998222726E-006  3.465329128304563E+001
    604  2.259309761843017E-006  1.078901483894559E+002
    380  2.218214775248000E-006  4.621788456267294E+001
    590  2.198358011509317E-006  1.073381491314167E+002
    856  2.183275912577401E-006  1.192407591408727E+002
    640  2.157977341722371E-006  1.088027953187827E+002
    128  2.156249996373953E-006  2.964876822252022E+001
    975  2.140766198443910E-006  1.290479361570385E+002
    556  2.127849933704948E-006  1.053074591696642E+002
    882  2.117484665887284E-006  1.212606419968792E+002
    696  2.117061155279281E-006  1.111110130672436E+002
    846  2.114214731960991E-006  1.183733977129572E+002
    956  2.105655859293834E-006  1.283075816024711E+002
    855  2.105052754581637E-006  1.192335282432478E+002
    714  2.069457822816808E-006  1.118865310298163E+002
    127  2.067003756089178E-006  2.958197907168710E+001
    381  2.006256729497650E-006  4.623753374880091E+001
    887  1.999591493455929E-006  1.215278324822884E+002
    409  1.962470036655410E-006  5.377950655266745E+001
    767  1.936702351968266E-006  1.139787538815297E+002
    497  1.851021527393112E-006  5.984833423050026E+001
    985  1.848129991555963E-006  1.294454523269476E+002
    685  1.847339418386562E-006  1.108208915724099E+002
    527  1.839410631713279E-006  6.211137902133680E+001
    982  1.818902547141064E-006  1.293230544301462E+002
    766  1.781967436431613E-006  1.138313497862233E+002
    306  1.777095630483637E-006  3.922583615449084E+001
    759  1.753756034495173E-006  1.132523759465808E+002
    978  1.738227364678365E-006  1.291764873003617E+002
    912  1.725904955566554E-006  1.259977317017505E+002
    886  1.724512039057359E-006  1.214498350996194E+002
   1028  1.716096581544023E-006  1.312419762585663E+002
    705  1.696708818095511E-006  1.114879185885843E+002
    535  1.684482569628513E-006  7.234684016852472E+001
    478  1.669143412599502E-006  5.880478287498814E+001
    762  1.641062911805422E-006  1.134504722361933E+002
    635  1.621523594807074E-006  1.087402789130293E+002
    776  1.606296529934900E-006  1.150535509847603E+002
    878  1.593525540669584E-006  1.208553192243232E+002
    673  1.590452043261860E-006  1.101090602242966E+002
    872  1.586112105569476E-006  1.204992644439996E+002
    581  1.565660558044845E-006  1.069166383916512E+002
    731  1.559585010209561E-006  1.124795031346507E+002
   1073  1.558797454925521E-006  1.355646294676644E+002
    553  1.517754175317713E-006  1.045844149005738E+002
    501  1.515922370000115E-006  6.025540211442135E+001
    932  1.502024517119423E-006  1.272890793904072E+002
    294  1.500227164966808E-006  3.844005427068350E+001
   1003  1.480568700335045E-006  1.302792324598297E+002
    955  1.480319847473816E-006  1.283043098504922E+002
     19  1.477182938648304E-006  2.137958735177528E+001
    939  1.467257247369203E-006  1.276788938661296E+002
    683  1.460097262518966E-006  1.107854094171573E+002
    644  1.414535491267305E-006  1.088699046594824E+002
    840  1.370611105491402E-006  1.179674198090055E+002
    814  1.367588721396892E-006  1.170571282096026E+002
    818  1.362714961456140E-006  1.172202887178189E+002
    973  1.343496638009937E-006  1.290303348922233E+002
    455  1.339647402149558E-006  5.757818593173593E+001
    960  1.299847546459199E-006  1.283710541965592E+002
    989  1.274451922945789E-006  1.296856498562064E+002
   1023  1.256367762729163E-006  1.309907545973144E+002
    747  1.246299843044159E-006  1.128221651622354E+002
    368  1.240909179788511E-006  4.552075151204606E+001
    374  1.208210635544694E-006  4.576894168844035E+001
   1019  1.202819557328890E-006  1.307856127904329E+002
     25  1.196160338769100E-006  2.268285797328677E+001
    750  1.132742206614616E-006  1.128980084302201E+002
    834  1.094043865017954E-006  1.176651591794238E+002
    775  1.085820883586170E-006  1.149447083106751E+002
    828  1.081373688567295E-006  1.175132070682912E+002
    952  1.029665571916214E-006  1.282170243378332E+002
    200  1.012287002847588E-006  3.413076352937113E+001
     56  9.960047045191393E-007  2.577494999028338E+001
    914  9.924399361049345E-007  1.261343003660832E+002
    885  9.496769109818857E-007  1.213849358963692E+002
   1011  9.383147614189365E-007  1.305590563134582E+002
    819  8.634298346658346E-007  1.172617623112352E+002
    798  8.409988594784509E-007  1.161233232814441E+002
    852  8.288463971977295E-007  1.189308904937423E+002
    664  7.859918567216010E-007  1.095868237421283E+002
    974  7.854596283145620E-007  1.290391941684268E+002
    499  7.822540306971340E-007  6.010190034988052E+001
    794  7.794905776231656E-007  1.159299755047292E+002
   1054  7.719907115260345E-007  1.332101619260334E+002
    342  7.503473192662225E-007  4.219280462450153E+001
    996  7.452665639617250E-007  1.300741546440489E+002
    841  7.446268876467081E-007  1.180046875638410E+002
    688  7.370750582456485E-007  1.108652117541332E+002
    439  7.184138919189987E-007  5.581771077364913E+001
    851  7.169974036112233E-007  1.189105890777936E+002
    876  7.167397267847867E-007  1.207338716680959E+002
    850  6.774970903869559E-007  1.188640670964077E+002
    937  6.570463034769029E-007  1.275975168353670E+002
    799  6.560885303062775E-007  1.161655148393659E+002
    220  6.428317511894611E-007  3.440936379612124E+001
    891  6.380163742886156E-007  1.222344606190913E+002
   1051  6.318234370154788E-007  1.330173846663143E+002
    965  6.283989206658981E-007  1.286084743618769E+002
    620  6.154361409823756E-007  1.083700393844588E+002
    951  6.030251095210010E-007  1.282127111215003E+002
    735  5.704497509710820E-007  1.125422257639707E+002
    811  5.703925449713514E-007  1.169131613251637E+002
    698  5.429811503230732E-007  1.111543499618823E+002
    961  5.419351921723404E-007  1.283826108536399E+002
    980  5.228095302108597E-007  1.292322903638887E+002
    708  5.197066976624843E-007  1.116659378913442E+002
    925  5.141874837531209E-007  1.268943605090481E+002
    817  4.941456909139712E-007  1.171745914510001E+002
    805  4.620727761630628E-007  1.165442309434909E+002
    941  4.492380397636178E-007  1.277239710636116E+002
    933  4.383673952002313E-007  1.272967505112425E+002
    950  4.152442162391254E-007  1.281356928004739E+002
    993  4.099927426148726E-007  1.299638892136509E+002
    235  4.004621698403362E-007  3.553329683850696E+001
    366  3.996013214382878E-007  4.541480133184800E+001
    837  3.876101302858839E-007  1.177814246314451E+002
    662  3.591133629435329E-007  1.094304874643061E+002
    780  3.536617085567688E-007  1.153482258688003E+002
    509  3.518527206296817E-007  6.104665142125116E+001
    598  3.486618315458754E-007  1.077082259858063E+002
    874  3.485066387134533E-007  1.206463359037059E+002
    884  3.370599060587010E-007  1.212913619330936E+002
    869  3.330919536604494E-007  1.201465244096069E+002
    936  3.322371561432552E-007  1.275963114471066E+002
   1025  3.196559092297910E-007  1.310823101564250E+002
   1030  3.089341236175399E-007  1.313677884464318E+002
    429  3.047565962626060E-007  5.542704693693687E+001
    758  3.034322496667143E-007  1.131945788764974E+002
    908  2.966953343262305E-007  1.256350992978881E+002
    801  2.877479939979565E-007  1.162412158177078E+002
    377  2.815075279175692E-007  4.580996274485975E+001
    743  2.789513149082040E-007  1.126739704882794E+002
    461  2.736415234862366E-007  5.832169084274378E+001
    788  2.693379259701083E-007  1.157595566872355E+002
    701  2.682272122468925E-007  1.112655741498095E+002
    864  2.680597099491604E-007  1.195154318953015E+002
    647  2.622342808576075E-007  1.089204596390746E+002
    718  2.598362146271796E-007  1.120307816427976E+002
    734  2.590142164361464E-007  1.125227414297757E+002
    867  2.547739163137747E-007  1.199420338065019E+002
    615  2.506638795239890E-007  1.081646255451844E+002
    603  2.468088623344097E-007  1.078480909052838E+002
    807  2.340462275047752E-007  1.166040027024774E+002
    628  2.244661931008084E-007  1.085999071252231E+002
    421  2.035359548929098E-007  5.469982084171487E+001
    740  2.027276272306256E-007  1.126281679605138E+002
    880  1.935240727102351E-007  1.209811659012211E+002
    898  1.787016211513512E-007  1.236287338505038E+002
    365  1.591882332807128E-007  4.540196146988517E+001
    614  1.573073619036436E-007  1.081499604581023E+002
    373  1.505154652232102E-007  4.573517441489172E+001
    806  1.477178933394339E-007  1.165904998677036E+002
    575  1.455324199614189E-007  1.067636975144964E+002
    124  1.394376592244476E-007  2.953039329658957E+001
    638  1.386480608005479E-007  1.087773663504995E+002
    443  1.378271956694207E-007  5.615506371008289E+001
    643  1.303333912316957E-007  1.088529165631816E+002
    859  1.265639718434958E-007  1.193117826572047E+002
   1065  1.246291725617352E-007  1.340986810838602E+002
    962  1.135364330790343E-007  1.284190833846668E+002
    881  1.115055171703712E-007  1.212001054655417E+002
    833  1.110928098792771E-007  1.176450554682990E+002
    388  1.034956654012609E-007  4.916519389587509E+001
    969  1.013444239412186E-007  1.288232913140608E+002
    175  1.004858981041331E-007  3.282740528695558E+001
    284  9.965727254005437E-008  3.794002386601017E+001
    520  9.696817211487007E-008  6.117519869664547E+001
    703  8.883189715822848E-008  1.113359924967504E+002
    779  8.226385590115999E-008  1.153237642854880E+002
     87  8.220059668294768E-008  2.773505635732142E+001
    906  7.108136114988208E-008  1.253859334012492E+002
    988  6.626361922380480E-008  1.295230022337254E+002
    457  6.017833101519964E-008  5.770039153165104E+001
    888  5.592350628708554E-008  1.215384892766490E+002
    773  5.546877431018468E-008  1.146041296786391E+002
    726  5.313699796647209E-008  1.123280306605216E+002
    729  4.887092099176134E-008  1.124070412533170E+002
   1021  4.751578535591494E-008  1.308784400027895E+002
    803  4.508769679842819E-008  1.163959410830473E+002
    692  2.854281465857558E-008  1.109991362888409E+002
    606  2.578474843453742E-008  1.079754075340127E+002
    193  2.413978318908119E-008  3.387383688791338E+001
   1007  2.084281577910860E-008  1.303971511397991E+002
    697  1.977501529661046E-008  1.111168086390436E+002
    462  1.432738258974179E-008  5.834568949164402E+001
    216  1.289407649941730E-008  3.431915233475488E+001
   1015  1.197003842458960E-008  1.306693309857935E+002
    861  1.137928810040297E-008  1.193618968506130E+002
    487  9.225708952031982E-009  5.901096182276392E+001
    736  9.065786395037306E-009  1.125700463249535E+002
     49  8.930838761963700E-009  2.521926711432687E+001
    653  8.194040547341097E-009  1.090926521840726E+002
    652  7.083212596968489E-009  1.090805000764319E+002
    693  6.541003968014708E-009  1.110198391814811E+002
    830  6.012119065899209E-009  1.175448785112390E+002
    629  5.888516128923274E-009  1.086436456014825E+002
    753  5.736000142139038E-009  1.130399909728984E+002
   1059  5.650306611740219E-009  1.335352794510990E+002
    793  5.304126294022247E-009  1.158943894419280E+002
    857  3.856753018854781E-009  1.192977858717030E+002
    752  1.443739847627228E-009  1.129825416205730E+002
    398  1.014477394400010E-009  5.298968704937109E+001
    823  9.780520909380184E-010  1.173434151863991E+002
    505  2.770488012810151E-010  6.089365906344585E+001
    227  1.166044563323634E-010  3.461221107986133E+001
    612  4.744786138490929E-011  1.080838271474082E+002
