# Number of modes
   1077
# Tabulated for different initial and final frequencies?
    F
# Mode index, Sj, (highest to lowest), omega_j
    390  6.064269719614084E-003  4.930034545373515E+001
    381  2.524086071799877E-003  4.623753374880091E+001
    531  2.289020495226052E-003  6.280622541285696E+001
    452  2.237650819077246E-003  5.732416656661538E+001
    456  2.229302874132293E-003  5.758475825352298E+001
    539  2.082934202007091E-003  1.004038214764926E+002
   1058  1.832351571421180E-003  1.334381531708862E+002
    458  1.768161503714967E-003  5.780961640938520E+001
    454  1.527408924960015E-003  5.753531790534946E+001
    303  1.490586552479194E-003  3.891633174738261E+001
    290  1.190344403053437E-003  3.834059039797889E+001
    392  1.167992294581203E-003  4.975569880244111E+001
     65  1.022905110654636E-003  2.645533186342116E+001
    393  9.704275393725590E-004  5.117422678475859E+001
     27  8.036213808656649E-004  2.288948685305089E+001
    387  7.810103145147756E-004  4.845493173747810E+001
    582  7.140298437905255E-004  1.069886979669129E+002
   1071  6.281012737279001E-004  1.353191143310252E+002
    453  6.159390773342729E-004  5.734859743017803E+001
    427  6.033455864782348E-004  5.530625255614972E+001
    533  5.993627319138921E-004  6.344214913117692E+001
    296  5.943454083721146E-004  3.847026909032138E+001
   1060  5.615312472962019E-004  1.336329109810919E+002
    926  5.178766954954552E-004  1.269935099435139E+002
    450  4.910260828061339E-004  5.723022636777802E+001
     16  4.679025153990681E-004  2.083990463296455E+001
    532  4.623127285612680E-004  6.299204701993657E+001
   1048  4.561232764535509E-004  1.325281096806480E+002
    292  4.542377451789797E-004  3.837765227419467E+001
    446  4.296111770311872E-004  5.657515742254393E+001
    460  4.201737975008900E-004  5.821511818989060E+001
     70  3.971252135246280E-004  2.683332853591699E+001
    391  3.797774934345059E-004  4.935295074539214E+001
    455  3.724271001872723E-004  5.757818593173593E+001
    251  3.722240181664053E-004  3.670193646720268E+001
    530  3.700754455994754E-004  6.265828803408258E+001
    294  3.675177788677244E-004  3.844005427068350E+001
    108  3.656638129801839E-004  2.884206820739177E+001
    248  3.645987387980301E-004  3.617742791171408E+001
    478  3.433259975486751E-004  5.880478287498814E+001
   1052  3.339119492681706E-004  1.330891459743712E+002
    585  2.898703282536684E-004  1.071721890576240E+002
    258  2.755463142328538E-004  3.725675246841864E+001
      4  2.715201611508690E-004  1.555889535187236E+001
    293  2.705090919122337E-004  3.840315559517953E+001
    105  2.615513158634755E-004  2.872870804936272E+001
    535  2.492617403044872E-004  7.234684016852472E+001
    297  2.437303805296005E-004  3.850412000814609E+001
    875  2.417947413759812E-004  1.206504418490652E+002
     17  2.373136770558066E-004  2.091913438766164E+001
    298  2.369142043113023E-004  3.860785506393049E+001
    686  2.211378775849182E-004  1.108321598991433E+002
    676  2.210000962271149E-004  1.102968009656115E+002
   1029  2.191614088303662E-004  1.312589073638632E+002
     79  2.136771191622718E-004  2.728143790603452E+001
    547  2.134324474461822E-004  1.040413527560943E+002
     60  2.066556429248246E-004  2.612817271153773E+001
    386  2.041084585103229E-004  4.778448827008048E+001
   1062  1.942473142733016E-004  1.338537297016246E+002
     32  1.924381888015902E-004  2.386019687247388E+001
   1064  1.821698785363979E-004  1.339182935247794E+002
    404  1.818007994971653E-004  5.332919471058649E+001
    421  1.762097472928966E-004  5.469982084171487E+001
      2  1.742534307578351E-004  1.507477314615795E+001
    188  1.609026795896387E-004  3.343297855491465E+001
   1066  1.600806484829896E-004  1.341339055776214E+002
    448  1.543534391218268E-004  5.707216855561523E+001
    223  1.448574175012519E-004  3.452101188794168E+001
    247  1.437736702571043E-004  3.613855018049320E+001
    572  1.426205666251575E-004  1.066354688575440E+002
   1026  1.381430963299888E-004  1.310988308446859E+002
    291  1.378456233818083E-004  3.834865717601958E+001
     73  1.362596091740784E-004  2.704395448663374E+001
    270  1.288958130431889E-004  3.767493462479421E+001
    232  1.200343332934440E-004  3.530982942235851E+001
    534  1.197044732487972E-004  6.352992396574133E+001
    422  1.184749849856015E-004  5.478392604221921E+001
    195  1.183472530290099E-004  3.399004655216064E+001
    431  1.173444310876567E-004  5.545822575490884E+001
    302  1.168466308444619E-004  3.874867387838012E+001
   1047  1.157636866550789E-004  1.324683504365100E+002
    186  1.130717121514143E-004  3.335079910483972E+001
     71  1.115702063777089E-004  2.691074291878593E+001
    245  1.052581448641011E-004  3.584895809931362E+001
    870  1.049173749166407E-004  1.203621491035894E+002
    259  1.046585125411736E-004  3.731129763636223E+001
   1070  1.042036928825662E-004  1.350535885837313E+002
    928  9.779862658478117E-005  1.271758190169006E+002
   1053  9.654487612907420E-005  1.331993000158318E+002
    177  9.475462404278948E-005  3.286305119332699E+001
    164  9.456315683916004E-005  3.156123118588701E+001
   1074  9.378268622325035E-005  1.357832717908243E+002
    613  8.985118237277631E-005  1.081325074305931E+002
    117  8.934730900299491E-005  2.915145470361619E+001
    578  8.934054833273434E-005  1.068696587706935E+002
    135  8.907883341353503E-005  2.990996926970350E+001
     69  8.595922212824911E-005  2.667931486079132E+001
    777  8.432751730979586E-005  1.150636811545726E+002
    254  8.246462205377370E-005  3.696870162494890E+001
    464  8.171266061152678E-005  5.841767339850505E+001
    566  8.150532497023880E-005  1.060197199307676E+002
    230  7.844142770144119E-005  3.507000892128892E+001
    111  7.838339550171396E-005  2.891758955889047E+001
     67  7.654414518680285E-005  2.663955326886673E+001
    310  7.624911466606550E-005  3.933560718805473E+001
   1041  7.513306197812540E-005  1.318604688563310E+002
    477  7.339017867792373E-005  5.875439662154096E+001
    241  7.136976741826292E-005  3.573178726353736E+001
    154  7.019679561158134E-005  3.128025029310897E+001
    283  7.012647419035332E-005  3.781664732037148E+001
    378  7.000221606729986E-005  4.609481655347708E+001
    462  6.889206456827582E-005  5.834568949164402E+001
    666  6.852330186191560E-005  1.096961217429448E+002
     94  6.593936451879608E-005  2.803048707399637E+001
    930  6.554890982452861E-005  1.272550109882912E+002
    680  6.441816138564068E-005  1.106808485277705E+002
    306  6.364974634527916E-005  3.922583615449084E+001
    253  6.303538039234548E-005  3.690338042035397E+001
    425  6.194006120591274E-005  5.512885982268182E+001
    395  5.939988204601310E-005  5.279005865968511E+001
    426  5.856461270993781E-005  5.521112029631625E+001
    360  5.845310851654159E-005  4.501412031898634E+001
    661  5.827443204612449E-005  1.094040232551639E+002
    658  5.767963018169334E-005  1.092752908733605E+002
    333  5.650064337495487E-005  4.050570323460023E+001
    100  5.648245522830450E-005  2.814590236831992E+001
    760  5.639196677019958E-005  1.133648679091437E+002
    748  5.498234864376228E-005  1.128453459062848E+002
    329  5.250830038803876E-005  3.994917835777716E+001
      7  5.247815870906832E-005  1.598850297870253E+001
    483  5.216383337463727E-005  5.892865432514233E+001
    299  5.175364913641302E-005  3.861147003050849E+001
    379  5.125041115380242E-005  4.610002508350383E+001
    262  5.117967273578072E-005  3.754826259370084E+001
   1067  5.088606559086691E-005  1.341872351276505E+002
    952  4.948978250230459E-005  1.282170243378332E+002
    689  4.933989229153447E-005  1.108992280227757E+002
    973  4.904329932791074E-005  1.290303348922233E+002
    405  4.780940382285147E-005  5.340951413863353E+001
   1057  4.368676188439108E-005  1.332882698940204E+002
    479  4.356426989356298E-005  5.886156225440574E+001
    384  4.331872531514803E-005  4.693482184770667E+001
    749  4.331641488973959E-005  1.128862829609149E+002
    475  4.318703497825538E-005  5.870955367754343E+001
    442  4.263191475582223E-005  5.605259237502305E+001
    233  4.261338586477858E-005  3.536858076063520E+001
    141  4.113962876955704E-005  3.005205957969120E+001
    180  4.100432172793755E-005  3.306959511625761E+001
    132  4.099228109226138E-005  2.978147182311027E+001
    717  4.091632633435059E-005  1.119901298340990E+002
    487  4.067906772816665E-005  5.901096182276392E+001
    436  3.991795035010600E-005  5.562240782737462E+001
    580  3.931932242438932E-005  1.069063882425304E+002
    975  3.913206621881876E-005  1.290479361570385E+002
    396  3.908786353133388E-005  5.292259014309509E+001
   1072  3.888551628542278E-005  1.354275255218108E+002
    768  3.799448095253600E-005  1.140511281344195E+002
   1034  3.789549296593778E-005  1.314975717016592E+002
     77  3.779270688531540E-005  2.720977418778346E+001
    213  3.730211235494007E-005  3.426923698719692E+001
   1069  3.682804910849018E-005  1.347402109836953E+002
    826  3.657652634398224E-005  1.174535409692338E+002
    383  3.615836867050682E-005  4.665506804468283E+001
    563  3.606505180968126E-005  1.058622417292547E+002
    110  3.594397246815310E-005  2.890337161783228E+001
    540  3.560519631296202E-005  1.019596674086986E+002
    543  3.559241582425330E-005  1.026098663261161E+002
    940  3.530046351903634E-005  1.277053477702196E+002
    525  3.489434415328897E-005  6.201689187624501E+001
    193  3.470925033735132E-005  3.387383688791338E+001
     90  3.383733665137834E-005  2.792299487571685E+001
    615  3.308502649308390E-005  1.081646255451844E+002
    626  3.281894723904877E-005  1.085197354965440E+002
    115  3.279748000778084E-005  2.908676806680809E+001
    659  3.272183950419972E-005  1.093169473413985E+002
    756  3.270906719150175E-005  1.131019348749128E+002
    970  3.223526380649364E-005  1.288440499253601E+002
    249  3.170827954151149E-005  3.643158917315001E+001
    279  3.115030705165646E-005  3.776291602598710E+001
   1011  3.095794417579378E-005  1.305590563134582E+002
   1044  3.069199833566953E-005  1.320835593454495E+002
    772  3.036613457270475E-005  1.144444014986270E+002
    751  3.007963289081778E-005  1.129352725370382E+002
    148  3.005801585185650E-005  3.055713011308698E+001
    954  3.001537497057555E-005  1.282848493157465E+002
    593  2.988286815557348E-005  1.074633420950339E+002
    557  2.965162214654666E-005  1.053298087456868E+002
    103  2.948782650546247E-005  2.854698030319213E+001
    895  2.940054617759817E-005  1.231922658586809E+002
     81  2.891517789460336E-005  2.737831616504717E+001
    897  2.865114158186898E-005  1.233154024205701E+002
    285  2.846738187610128E-005  3.794670187788559E+001
    967  2.715012799763468E-005  1.287730879251822E+002
     23  2.700148956842316E-005  2.160694502786773E+001
    675  2.671665422768618E-005  1.101932688761904E+002
    757  2.667953115407657E-005  1.131455979007981E+002
    433  2.658851985717536E-005  5.552394895078822E+001
    308  2.655921773895743E-005  3.924824416979163E+001
    588  2.622687572068964E-005  1.072780161282308E+002
     76  2.603179146670010E-005  2.719040433196805E+001
    491  2.523570500929155E-005  5.916484178919298E+001
    918  2.471609494228778E-005  1.263810693695273E+002
    592  2.466451293890406E-005  1.074010896433819E+002
    372  2.446040176911089E-005  4.569660817760900E+001
    226  2.411844242097078E-005  3.460914941435140E+001
    737  2.401716122998657E-005  1.125716601108342E+002
    403  2.401478672386856E-005  5.332276567118551E+001
    950  2.389416373322757E-005  1.281356928004739E+002
     44  2.348146947611156E-005  2.487547588775838E+001
     24  2.341635213389847E-005  2.165827626673025E+001
    731  2.341126168690239E-005  1.124795031346507E+002
    854  2.340885302626812E-005  1.190938927222375E+002
    832  2.339311711657307E-005  1.176150872586579E+002
      8  2.293909101428539E-005  1.603898235084092E+001
    215  2.288717394365457E-005  3.430912489816387E+001
    570  2.274968238864588E-005  1.064458450110351E+002
   1013  2.268163723216637E-005  1.306191025791559E+002
     91  2.263658575795426E-005  2.795709450840539E+001
    937  2.144276128266767E-005  1.275975168353670E+002
    681  2.095976280612600E-005  1.107150530846271E+002
    326  2.095561136185720E-005  3.980074663620405E+001
    966  2.086119084661003E-005  1.287120665380274E+002
    865  2.064626669918546E-005  1.195233182598442E+002
    359  2.051524582188862E-005  4.440820660542785E+001
    438  2.033833429503098E-005  5.568774314714533E+001
    976  2.026458249943547E-005  1.291265023483052E+002
    192  2.019008585837126E-005  3.373139183933635E+001
    400  1.997134504526315E-005  5.304406357850599E+001
    765  1.985779594001865E-005  1.138034732037320E+002
     38  1.985703324796362E-005  2.415274881711009E+001
    198  1.972154930555030E-005  3.410095577154824E+001
    991  1.971510749075781E-005  1.298309517843196E+002
    843  1.965531265200908E-005  1.181049125326048E+002
    917  1.942663736407222E-005  1.262583151256411E+002
     33  1.939899105667673E-005  2.387502434282544E+001
    992  1.932512562228537E-005  1.299169051159237E+002
    678  1.884594649394576E-005  1.105298402911861E+002
    694  1.875108099493646E-005  1.110208923005156E+002
    948  1.863567233365920E-005  1.280530341997139E+002
     64  1.858400875350456E-005  2.637954322898939E+001
    287  1.850744073281704E-005  3.806334999222836E+001
    708  1.845532437931119E-005  1.116659378913442E+002
    494  1.835229292659430E-005  5.959072402434833E+001
    272  1.831088484723989E-005  3.770876893490352E+001
    151  1.801684552053306E-005  3.097448214004631E+001
     54  1.792507181087494E-005  2.537118147105558E+001
    397  1.790579693446945E-005  5.292984574180642E+001
   1061  1.788989398740652E-005  1.338239896777959E+002
    211  1.779049443662973E-005  3.422885497659050E+001
    523  1.772051837668251E-005  6.195141091349550E+001
     83  1.766606430302759E-005  2.745200449399356E+001
    879  1.757558491859982E-005  1.208628531744268E+002
    440  1.699720179432122E-005  5.589934491235444E+001
    415  1.649113155081085E-005  5.409773008136273E+001
    553  1.630096015840734E-005  1.045844149005738E+002
    197  1.627810914803523E-005  3.407091137263039E+001
    112  1.604693881570540E-005  2.893182478938967E+001
    434  1.602265699561617E-005  5.556859477681133E+001
    934  1.599117725844753E-005  1.274026915475210E+002
    278  1.594428075340516E-005  3.775225448216675E+001
   1050  1.568879341253542E-005  1.326682006609648E+002
    402  1.546995835843361E-005  5.323403324336612E+001
    763  1.542620247634380E-005  1.136578287383470E+002
    559  1.542201580931494E-005  1.054467335457494E+002
    190  1.518068938274069E-005  3.352213579831744E+001
    546  1.486156682417780E-005  1.038908634804570E+002
      1  1.485278929169348E-005  1.480943860687432E+001
    219  1.480300757596297E-005  3.435584966495736E+001
    880  1.439812848870641E-005  1.209811659012211E+002
    346  1.403825617802994E-005  4.251353138364797E+001
   1005  1.382876819873708E-005  1.302961950162389E+002
    873  1.374066978362521E-005  1.205400953636918E+002
    155  1.372008832198877E-005  3.129077640287002E+001
    267  1.366782629962688E-005  3.763942844703926E+001
     29  1.362096512971081E-005  2.304600720746813E+001
    890  1.355405619422572E-005  1.222269695705770E+002
    894  1.341036784179636E-005  1.226855190700912E+002
    321  1.340793163358653E-005  3.959878738143280E+001
    730  1.316353875499930E-005  1.124678820560711E+002
    266  1.305611104913983E-005  3.763404507858488E+001
    466  1.302517347464048E-005  5.848631456847294E+001
    413  1.297300518093453E-005  5.407796767412047E+001
    300  1.293655329447047E-005  3.871033423098082E+001
    905  1.293167199675867E-005  1.252963463377060E+002
    538  1.280674520975231E-005  8.801939400846273E+001
     22  1.280491473329825E-005  2.149928230079738E+001
    630  1.258563845798168E-005  1.086464564510315E+002
     92  1.250072750026518E-005  2.796966533379813E+001
    829  1.249235840970006E-005  1.175434491795728E+002
    738  1.243569473772656E-005  1.126248828969786E+002
    114  1.236251143168826E-005  2.903390568794284E+001
    269  1.212367003929023E-005  3.766609016559832E+001
    271  1.190859886383838E-005  3.769377629908810E+001
    280  1.189652392257707E-005  3.777070006257392E+001
   1042  1.155945936428710E-005  1.319938555239870E+002
    459  1.145112768037629E-005  5.797524108925945E+001
    236  1.143521992671966E-005  3.558504171265294E+001
    399  1.139910055958520E-005  5.300117686152819E+001
    911  1.128867609541797E-005  1.258968376271585E+002
    365  1.119970128997831E-005  4.540196146988517E+001
    231  1.115194904893555E-005  3.529195130720404E+001
     93  1.087078981303219E-005  2.801831476528660E+001
     14  1.077984414750615E-005  2.047451167645159E+001
    825  1.068677317970350E-005  1.174155068731360E+002
    498  1.050985365847386E-005  6.006055704270973E+001
   1021  1.044437119612093E-005  1.308784400027895E+002
    544  1.040740344930896E-005  1.037287728441322E+002
    575  1.027445533480534E-005  1.067636975144964E+002
    551  1.026785387919031E-005  1.044758850995860E+002
    273  1.024237027526925E-005  3.771236202405859E+001
     63  1.012408265321305E-005  2.633691355837915E+001
    810  9.891477585163561E-006  1.168542717379606E+002
    474  9.831457476563629E-006  5.866520048333617E+001
    802  9.829506807079258E-006  1.163074247182627E+002
    621  9.799257473519653E-006  1.083828600305560E+002
    497  9.797056985202540E-006  5.984833423050026E+001
    552  9.794205661111372E-006  1.045004516183760E+002
     20  9.738396193646642E-006  2.146722812704134E+001
    407  9.531373146772218E-006  5.355040632372296E+001
     18  9.453546005948076E-006  2.124694793769305E+001
    947  9.196539964600682E-006  1.280025795512814E+002
    340  9.171937127275054E-006  4.203744443197692E+001
     39  9.133612386839552E-006  2.419216907562118E+001
    549  8.885084807777167E-006  1.043755820157491E+002
    919  8.833314981418760E-006  1.264669767465423E+002
    113  8.739914650111144E-006  2.894608485543543E+001
    536  8.680854137626548E-006  7.244369170766353E+001
    663  8.610233151870457E-006  1.095408569103236E+002
    968  8.497864712141665E-006  1.287893908307005E+002
    576  8.274318580103457E-006  1.068188420241767E+002
   1022  8.207311392392648E-006  1.309570316227355E+002
    755  8.192835292085781E-006  1.130537195644052E+002
    554  8.002253206043999E-006  1.048978551747549E+002
     21  7.930043004041478E-006  2.149552581175353E+001
   1045  7.849917448139614E-006  1.322246800166877E+002
    721  7.807964599850426E-006  1.121902054803930E+002
   1000  7.746503368265700E-006  1.301375093272533E+002
    201  7.678813216219225E-006  3.413905621996786E+001
    130  7.635682888418118E-006  2.969026097336859E+001
    541  7.625851942629059E-006  1.020561485810812E+002
    212  7.612527915676205E-006  3.425448747044050E+001
   1036  7.338191563099286E-006  1.315563975924429E+002
    812  7.254382950805925E-006  1.169499526914024E+002
   1033  7.205010918490872E-006  1.314921549657209E+002
    683  7.203244798569842E-006  1.107854094171573E+002
    607  7.199492278406276E-006  1.079782277499060E+002
    637  7.091953939487221E-006  1.087708716348475E+002
    318  7.076307217594123E-006  3.952690512520030E+001
    964  6.821404723650336E-006  1.284811881676410E+002
      5  6.737909299312217E-006  1.580375607842547E+001
    691  6.728349142358877E-006  1.109942746792360E+002
    824  6.727686233270092E-006  1.173851057796732E+002
    128  6.649829167309528E-006  2.964876822252022E+001
     10  6.647099372298805E-006  1.630017574824609E+001
    868  6.559470664880298E-006  1.199994649602093E+002
    194  6.519874834989406E-006  3.388123191050668E+001
    288  6.430621915900219E-006  3.825168870868715E+001
      3  6.320480368653593E-006  1.530095081680193E+001
     74  6.291950917132440E-006  2.706787664592100E+001
    842  6.189158897568386E-006  1.180365480395604E+002
    238  6.129006381529662E-006  3.562010162214489E+001
    785  6.076418293002617E-006  1.156515149006221E+002
    548  6.028862209810856E-006  1.041098140943872E+002
    312  5.972974598778876E-006  3.940338989709551E+001
    916  5.911218186932039E-006  1.261858055404796E+002
    697  5.828254174953404E-006  1.111168086390436E+002
    160  5.811668853171961E-006  3.140287364756382E+001
    886  5.775476464038023E-006  1.214498350996194E+002
    871  5.758689827501050E-006  1.204638135739833E+002
    311  5.731600455806625E-006  3.939193935233331E+001
    101  5.576717986289829E-006  2.816121926613436E+001
    106  5.494191524435291E-006  2.873147041157064E+001
    119  5.470784339075619E-006  2.929038281335912E+001
    537  5.405192493985709E-006  7.348438751630307E+001
     57  5.396409943923882E-006  2.601044601303876E+001
    411  5.369735093264880E-006  5.390414096058870E+001
    274  5.257088464802757E-006  3.771469066363962E+001
     80  5.226357164568315E-006  2.737665388114407E+001
     40  5.206614356437563E-006  2.429142631572386E+001
   1001  5.154099919295379E-006  1.301907504163165E+002
   1032  5.095876213082901E-006  1.314270448258869E+002
    907  5.072181533093718E-006  1.254774984052440E+002
     12  5.058668757013893E-006  1.791855268392995E+001
     31  5.050566542985592E-006  2.349957735236975E+001
    742  4.983067467945063E-006  1.126546326383816E+002
    618  4.934371267423821E-006  1.083041655146542E+002
    152  4.929115435853218E-006  3.107793476288124E+001
    432  4.904707815685948E-006  5.551253331854516E+001
    866  4.875767871072445E-006  1.198737679274225E+002
    892  4.861472432399173E-006  1.223146913863671E+002
    355  4.849429448024970E-006  4.365668409738398E+001
    507  4.821958565413256E-006  6.098134465730102E+001
    145  4.799768117205941E-006  3.035386176419680E+001
    316  4.778726277470436E-006  3.947722492082590E+001
    489  4.725662276238628E-006  5.906665573291085E+001
    468  4.683037798012773E-006  5.850419738659161E+001
    191  4.587408067185781E-006  3.372798248811258E+001
     98  4.577089524699581E-006  2.810036398063808E+001
    207  4.572879729774529E-006  3.419271829752626E+001
    887  4.480853759139500E-006  1.215278324822884E+002
    962  4.432077952031067E-006  1.284190833846668E+002
    797  4.428239044879385E-006  1.161224071144865E+002
     58  4.415075502932862E-006  2.603619761911758E+001
    322  4.364438153136189E-006  3.962934885257222E+001
    929  4.239142762472021E-006  1.272324166790593E+002
   1055  4.216487068135344E-006  1.332315483337306E+002
    255  4.205434404515026E-006  3.705801266502003E+001
    932  4.204058018033482E-006  1.272890793904072E+002
    650  4.127340128096919E-006  1.090061273622073E+002
    472  4.116546525883155E-006  5.860732378330380E+001
    816  4.087189535470443E-006  1.170854692244173E+002
    986  4.087087080973172E-006  1.294778988001748E+002
    778  4.040698633878908E-006  1.153062331743218E+002
    419  4.027401220389085E-006  5.447434435004674E+001
    853  4.002555408283590E-006  1.189950762444425E+002
    822  3.993203919739857E-006  1.173379890193997E+002
   1008  3.977152588767862E-006  1.304054287055121E+002
    902  3.924789936465934E-006  1.246861225619736E+002
    330  3.921705416088606E-006  4.000719691328421E+001
    654  3.881408211106265E-006  1.091774321289355E+002
   1020  3.844858208344144E-006  1.308300137670077E+002
    182  3.835925433849338E-006  3.313118961536368E+001
      9  3.820846281783506E-006  1.615282072713023E+001
    485  3.776866365336253E-006  5.896971858223063E+001
    671  3.762821542264428E-006  1.100461630260976E+002
    206  3.749693442992125E-006  3.418711639611698E+001
    649  3.726828487318031E-006  1.089557122086210E+002
    984  3.671496731663784E-006  1.293776492189174E+002
     45  3.622779839152582E-006  2.505629895200580E+001
    301  3.600174343803260E-006  3.874125966254066E+001
    631  3.594079848046150E-006  1.086593678715634E+002
    516  3.536555988002957E-006  6.114879167768425E+001
   1009  3.502163769280868E-006  1.304609142394732E+002
    710  3.475465885821898E-006  1.117114283703663E+002
     89  3.460761748668504E-006  2.787565477396676E+001
    423  3.418364403171312E-006  5.491452382822700E+001
    981  3.384136647459955E-006  1.292686845988868E+002
    276  3.383832198099796E-006  3.774173651101562E+001
    347  3.383169903778266E-006  4.251894246220620E+001
    185  3.364018185589331E-006  3.329017879350934E+001
    645  3.294213079135608E-006  1.088758352374567E+002
    341  3.258275170269882E-006  4.207899368185591E+001
    942  3.212695062855434E-006  1.277896527703618E+002
    883  3.198420725490634E-006  1.212822283474710E+002
    183  3.177797987985191E-006  3.317747871488443E+001
    139  3.156651737573596E-006  3.001327528760398E+001
    169  3.154348396502697E-006  3.225245008090104E+001
    398  3.144091467804811E-006  5.298968704937109E+001
    157  3.124176544676290E-006  3.136040875348826E+001
    719  3.110396611921412E-006  1.120361196403708E+002
    597  3.108494822503158E-006  1.076362394255561E+002
    643  3.095557463201535E-006  1.088529165631816E+002
    229  3.094794742881951E-006  3.477639317683153E+001
    349  3.089376735423586E-006  4.279212686889406E+001
    166  3.081726086163526E-006  3.197534022905977E+001
    142  3.074480550680139E-006  3.011700635419402E+001
    793  3.047651477975125E-006  1.158943894419280E+002
    983  3.013919602113713E-006  1.293699640118089E+002
    796  2.906067405353195E-006  1.160406419035091E+002
    500  2.878017171735988E-006  6.016266526055261E+001
    348  2.876639824455977E-006  4.278252907839931E+001
    938  2.871013758984193E-006  1.276246332177813E+002
    687  2.829529116003781E-006  1.108477970364615E+002
    140  2.808039410838924E-006  3.002380690834687E+001
     35  2.792870496083777E-006  2.406163852032448E+001
   1039  2.792299896288430E-006  1.317789778316224E+002
    237  2.736440112166126E-006  3.561350513334219E+001
    898  2.730313534499190E-006  1.236287338505038E+002
    847  2.717735768752271E-006  1.183795327778256E+002
    189  2.710741845929707E-006  3.348575581421191E+001
    958  2.688182981637973E-006  1.283326337970340E+002
    136  2.648653294782854E-006  2.995197020395121E+001
    667  2.642625518085239E-006  1.098231148083649E+002
    998  2.612238887734562E-006  1.301241144683907E+002
    858  2.579374283097405E-006  1.193043137223610E+002
   1038  2.550741539299358E-006  1.317153469634680E+002
     52  2.547561412774921E-006  2.532370304309600E+001
    202  2.538481578527828E-006  3.414693728338715E+001
    204  2.537627086575145E-006  3.416741852472765E+001
   1075  2.537448536812337E-006  1.852007864492208E+002
    343  2.536859526488215E-006  4.223776350771931E+001
    623  2.528064710463707E-006  1.084311616311891E+002
    799  2.501793533455286E-006  1.161655148393659E+002
    545  2.466659495988213E-006  1.038885725205099E+002
    418  2.272099905250800E-006  5.440760214654593E+001
    102  2.203318752372065E-006  2.838723287464182E+001
    218  2.197024364967423E-006  3.434087154455664E+001
    295  2.108085817408000E-006  3.844649820311862E+001
    244  2.095922748643922E-006  3.582009297825139E+001
    264  2.085970266763108E-006  3.760740200223662E+001
    524  2.085169382678806E-006  6.196836567938324E+001
    746  2.064144913162633E-006  1.128150956859242E+002
    997  2.060827686660881E-006  1.300952728722026E+002
     84  2.052075454362177E-006  2.748397341497807E+001
    716  2.003604266943130E-006  1.119313653155845E+002
    319  2.003345445648861E-006  3.955367029075058E+001
     66  2.002353217236323E-006  2.653041695388611E+001
    126  2.002193659151731E-006  2.957864372821811E+001
    600  1.989500226513099E-006  1.078192567961393E+002
    639  1.982374819606144E-006  1.087924757147032E+002
    158  1.938948407671827E-006  3.138637587596471E+001
     11  1.927168226854775E-006  1.771447447329438E+001
    807  1.924963365738077E-006  1.166040027024774E+002
     62  1.884653366868899E-006  2.630569023157911E+001
      6  1.865449199646978E-006  1.593905863128156E+001
    808  1.856768791810248E-006  1.166438640424820E+002
    314  1.854189749129064E-006  3.944402428691944E+001
     28  1.829657566110131E-006  2.303576073275412E+001
    315  1.822506938343802E-006  3.946262277995078E+001
    702  1.818215030594183E-006  1.112791472783473E+002
    924  1.809597524468252E-006  1.267645350898773E+002
     85  1.801471554696867E-006  2.757726243328665E+001
    527  1.756661331551037E-006  6.211137902133680E+001
    214  1.749131984886591E-006  3.429158842681225E+001
    217  1.746237294254390E-006  3.432077633458158E+001
    510  1.729181147801376E-006  6.106496915014706E+001
     43  1.723890893623573E-006  2.485090944939308E+001
    831  1.699775575189245E-006  1.175849164822640E+002
    795  1.642069993407810E-006  1.159446042090269E+002
    409  1.623053557194501E-006  5.377950655266745E+001
    745  1.622843505107646E-006  1.127541380335163E+002
    143  1.605279697605091E-006  3.021552765862468E+001
    260  1.600284389165337E-006  3.745846822965304E+001
    568  1.534437454430602E-006  1.063884322375297E+002
     36  1.521741243256317E-006  2.408548968715760E+001
    173  1.521685973880515E-006  3.267731285541730E+001
    256  1.507077634152740E-006  3.708485200545782E+001
    240  1.486982337363702E-006  3.568815433410965E+001
    172  1.482949290509737E-006  3.254695536480502E+001
    165  1.448027924964586E-006  3.194792507678593E+001
    109  1.437781239378231E-006  2.888359254004277E+001
    706  1.412427029316682E-006  1.115644797142602E+002
     41  1.402815444823959E-006  2.434332602389209E+001
    741  1.381946089739021E-006  1.126383251241469E+002
    324  1.376374193790017E-006  3.965813849875591E+001
    762  1.345418670602514E-006  1.134504722361933E+002
    504  1.299801853543746E-006  6.073767201700102E+001
    791  1.296474192296526E-006  1.158399885308925E+002
    771  1.291753478730419E-006  1.142541813627527E+002
    385  1.273081940572665E-006  4.744969147605799E+001
    724  1.249762873970116E-006  1.122474317356576E+002
    503  1.247810420308669E-006  6.062899617907863E+001
    367  1.239038947858836E-006  4.546665367422378E+001
    210  1.224245640216386E-006  3.421873300884823E+001
    481  1.221275674544657E-006  5.889564718758225E+001
    332  1.213164433059965E-006  4.036182328117159E+001
    374  1.207523041819773E-006  4.576894168844035E+001
    121  1.181836278775144E-006  2.937009161569695E+001
    331  1.170430741019060E-006  4.033978069592825E+001
    979  1.170325280774520E-006  1.292073280791942E+002
    451  1.167890158039300E-006  5.726939793781466E+001
    344  1.160642134149881E-006  4.229281490750487E+001
    836  1.151406908240335E-006  1.177792466123822E+002
    669  1.147260524101074E-006  1.098991161820264E+002
    163  1.133834644643384E-006  3.148605603035891E+001
    338  1.132277477541656E-006  4.143596746217444E+001
     19  1.131670664905568E-006  2.137958735177528E+001
    153  1.126695606190412E-006  3.119128674334460E+001
    307  1.115223255520444E-006  3.924418415703018E+001
    517  1.103014264357635E-006  6.116283191518230E+001
    118  1.086778383755216E-006  2.927665934202001E+001
    199  1.082670469624358E-006  3.411214171315592E+001
    518  1.081936317037604E-006  6.116565427175681E+001
    727  1.078704921581556E-006  1.123838421661365E+002
    417  1.072292400571393E-006  5.432386496665636E+001
    286  1.056821185397935E-006  3.806107114689090E+001
    382  1.048106991565864E-006  4.661435463500721E+001
    377  1.037051102002296E-006  4.580996274485975E+001
    903  1.036042899299658E-006  1.249295857950171E+002
    587  1.021715020108452E-006  1.072564562863978E+002
    221  1.008493761494540E-006  3.444064242877499E+001
    655  1.002885295469087E-006  1.092114390318620E+002
   1014  9.956752712468341E-007  1.306579532637773E+002
    429  9.906238517901523E-007  5.542704693693687E+001
     97  9.789706393453891E-007  2.809615145046481E+001
    246  9.766385406833082E-007  3.612200287477440E+001
    304  9.537498737967243E-007  3.902642388250331E+001
     46  9.534303217086623E-007  2.508968851186969E+001
    149  9.499449411263209E-007  3.064428879965062E+001
    281  9.327259405912436E-007  3.778222215271058E+001
    305  9.292902877891431E-007  3.919092577852600E+001
    200  9.135823263212066E-007  3.413076352937113E+001
    414  8.460850447910575E-007  5.408443269732371E+001
    632  8.385070124231058E-007  1.086732063917954E+002
    519  8.070270973536870E-007  6.116666091909611E+001
    351  7.938929290182217E-007  4.290814690346715E+001
   1018  7.861544413725608E-007  1.307425624046459E+002
    646  7.840694659594258E-007  1.089039652974663E+002
     26  7.666505259095467E-007  2.275577786050195E+001
    416  7.606501653558685E-007  5.412105627361211E+001
    320  7.586323709425988E-007  3.958466091098631E+001
    827  7.575390381691266E-007  1.174913134466901E+002
    599  7.482391021662283E-007  1.077354408464688E+002
    550  7.402872054356332E-007  1.044255141670578E+002
    352  7.165957574180877E-007  4.345183818831803E+001
    268  7.161210877930134E-007  3.765614789507087E+001
    838  7.150898623683395E-007  1.178077045912047E+002
    309  7.130042776893088E-007  3.929268620446922E+001
   1027  7.045454568868730E-007  1.311414239553258E+002
   1056  6.997792168458431E-007  1.332822863268028E+002
    187  6.894521522383618E-007  3.338593491458187E+001
    174  6.824163494027171E-007  3.277024257542895E+001
    168  6.716063121466507E-007  3.223239881301075E+001
    564  6.714515828033969E-007  1.059223740174141E+002
   1077  6.651993583952675E-007  6.189178021453241E+002
    884  6.410573396421881E-007  1.212913619330936E+002
    611  6.389688912972176E-007  1.080609110523806E+002
    243  6.256801698375779E-007  3.580427376176280E+001
    358  6.223016065115403E-007  4.418411045040358E+001
    176  6.208379503401096E-007  3.283702642513862E+001
    401  6.157465046734205E-007  5.310952948046032E+001
    783  6.135945784225899E-007  1.155776779712016E+002
    484  6.032052096222684E-007  5.894622531819898E+001
    335  5.935850816542102E-007  4.064698242871874E+001
    821  5.826948005538432E-007  1.173213489801490E+002
    444  5.826647555390796E-007  5.640873014994138E+001
    945  5.632071327862388E-007  1.278945431870569E+002
    138  5.602283647285212E-007  2.998810658959070E+001
    514  5.559185243639665E-007  6.112143562944963E+001
    175  5.555782051375070E-007  3.282740528695558E+001
    369  5.533687439978886E-007  4.556664797594529E+001
    977  5.513114498863333E-007  1.291448023039548E+002
     86  5.492992239845022E-007  2.760340701365068E+001
    250  5.487047289417877E-007  3.645071914574685E+001
    698  5.469117364869410E-007  1.111543499618823E+002
    361  5.351155537413428E-007  4.509188248244521E+001
     50  5.347090212394739E-007  2.524792740229145E+001
    156  5.277722864792590E-007  3.133959801814033E+001
    125  5.180353333278009E-007  2.955205187993630E+001
    784  5.041438152558996E-007  1.156115101864969E+002
   1031  5.016991651055794E-007  1.313824495210718E+002
    995  4.978406415082461E-007  1.300556822463785E+002
    435  4.964848629462858E-007  5.559833163642786E+001
    560  4.925758540404432E-007  1.057397922085461E+002
    261  4.911339612814614E-007  3.751537038816641E+001
    179  4.820053407429752E-007  3.301071504933698E+001
    257  4.794390800135069E-007  3.716053985696894E+001
    769  4.640749297989110E-007  1.141494817506874E+002
    470  4.616062789448966E-007  5.858950887133865E+001
     34  4.601179511291587E-007  2.394870774261297E+001
    505  4.445572913909346E-007  6.089365906344585E+001
    353  4.406084260589059E-007  4.354452657935016E+001
    122  4.373612650807538E-007  2.942821875092930E+001
    863  4.283811990249006E-007  1.194780899982511E+002
    953  4.213600385339995E-007  1.282835790234384E+002
    150  4.126293054173092E-007  3.095380367517388E+001
    617  4.061543548839346E-007  1.082069188907082E+002
    555  4.056715992632218E-007  1.049505825405343E+002
    420  4.051365010030970E-007  5.464265012038360E+001
     30  4.043873833556440E-007  2.339033246897357E+001
    486  4.029644259899512E-007  5.898078655703418E+001
    913  3.995919953353391E-007  1.260963173315474E+002
    220  3.972832637102696E-007  3.440936379612124E+001
     68  3.962328738213630E-007  2.665958995788216E+001
    209  3.910106428133884E-007  3.420776675567321E+001
    565  3.896861741915526E-007  1.059848591127986E+002
    277  3.697368646992465E-007  3.774405278528796E+001
    571  3.677745346407110E-007  1.065760725477823E+002
    635  3.671558819198093E-007  1.087402789130293E+002
    467  3.651118128202833E-007  5.850070475174659E+001
    133  3.505044159065309E-007  2.980777525245198E+001
    972  3.482382330959819E-007  1.289491342298440E+002
    830  3.384850823119872E-007  1.175448785112390E+002
    357  3.213663261914753E-007  4.413715889769129E+001
    181  3.166482086952336E-007  3.309588236011395E+001
    265  3.155998985122178E-007  3.762418150997995E+001
     25  3.146172139144271E-007  2.268285797328677E+001
    184  3.094458273334277E-007  3.328145954751520E+001
    394  3.078531367661034E-007  5.275338077531283E+001
    336  3.061650320460255E-007  4.106442919982931E+001
    754  3.008720839060834E-007  1.130532912402911E+002
    495  2.967388275800637E-007  5.971063876484735E+001
    137  2.945402461647740E-007  2.996307755422044E+001
    988  2.908289760697188E-007  1.295230022337254E+002
    123  2.868059284290652E-007  2.945706723223188E+001
   1076  2.828743708126209E-007  1.858411948136732E+002
    512  2.828299806869325E-007  6.110465593383906E+001
    712  2.813090176135116E-007  1.118479116964762E+002
    380  2.544025351897670E-007  4.621788456267294E+001
    909  2.484611198397349E-007  1.256671150468244E+002
    170  2.474327447662904E-007  3.240864442722207E+001
    502  2.371227706375072E-007  6.033057478557798E+001
    196  2.315005385467664E-007  3.402217963204272E+001
    339  2.297043584571667E-007  4.199721405536648E+001
    389  2.273263836494389E-007  4.924612888004685E+001
    874  2.272781452062554E-007  1.206463359037059E+002
    159  2.270539925272071E-007  3.140014259635325E+001
    428  2.264080613133039E-007  5.539697768550786E+001
    473  2.234729484421876E-007  5.864875851961727E+001
    528  2.203646538859871E-007  6.211763689923020E+001
    127  2.190693975816304E-007  2.958197907168710E+001
     78  2.186323470969935E-007  2.724001953302053E+001
    235  2.096093003843707E-007  3.553329683850696E+001
    465  2.033158802516591E-007  5.845233409136720E+001
    609  2.026674560768716E-007  1.080529774194348E+002
    461  2.013020994697923E-007  5.832169084274378E+001
    313  1.917721745754418E-007  3.941220320488696E+001
     48  1.903006914154424E-007  2.521050943974308E+001
    371  1.892144152200557E-007  4.567834615857563E+001
    690  1.890559193709524E-007  1.109553167085971E+002
    561  1.888014260809751E-007  1.057823475786052E+002
    224  1.883587147994654E-007  3.456258153743839E+001
    171  1.878546209682271E-007  3.251692712246987E+001
    732  1.868101739081498E-007  1.124809932511083E+002
    521  1.814869938360959E-007  6.120499406654021E+001
   1024  1.796960601172455E-007  1.310472886139475E+002
    774  1.765817716340259E-007  1.147299018357027E+002
    242  1.764352549603613E-007  3.575330164903793E+001
     55  1.741735856839648E-007  2.564739582447731E+001
   1051  1.729767692319503E-007  1.330173846663143E+002
    162  1.729514301477302E-007  3.142013005221356E+001
    345  1.710298987916142E-007  4.248475366295001E+001
     72  1.709937398279953E-007  2.695844835194747E+001
    619  1.672917547832232E-007  1.083262496248409E+002
    482  1.667481668646498E-007  5.890508639424976E+001
   1063  1.642981320256675E-007  1.338610239777397E+002
    558  1.623676412233099E-007  1.054235904423783E+002
    445  1.609492291973768E-007  5.650985963977887E+001
    542  1.576454264751432E-007  1.021380905135569E+002
    376  1.566759556817998E-007  4.578482274843697E+001
    222  1.465224244318949E-007  3.444665555523785E+001
   1025  1.426925121320609E-007  1.310823101564250E+002
    616  1.400792447093568E-007  1.081902144651443E+002
    447  1.388807971054007E-007  5.692641404400948E+001
    167  1.376813166680696E-007  3.206734480721192E+001
     99  1.354423317951277E-007  2.813215700322161E+001
    877  1.347264222290523E-007  1.207635072396237E+002
    147  1.341064833828304E-007  3.045498909450352E+001
    641  1.335690974881175E-007  1.088136450829588E+002
    789  1.332976099723579E-007  1.157939903252585E+002
    594  1.313574494099077E-007  1.075267994995216E+002
    673  1.282051299228888E-007  1.101090602242966E+002
    573  1.241073327632079E-007  1.066520968004064E+002
    317  1.221867253877148E-007  3.952108816795088E+001
    334  1.216827348433793E-007  4.055961280242965E+001
    513  1.207741823146583E-007  6.111701004965728E+001
    579  1.203761890119802E-007  1.068810185812333E+002
    855  1.202496887452696E-007  1.192335282432478E+002
     88  1.197989028056745E-007  2.776495450944637E+001
    622  1.178208677214674E-007  1.084041586407917E+002
    463  1.143477689225743E-007  5.840368106338346E+001
    740  1.139103315802330E-007  1.126281679605138E+002
    529  1.110172015451071E-007  6.213305424318654E+001
    684  1.090402013406462E-007  1.108055531440044E+002
    443  1.080372394191383E-007  5.615506371008289E+001
    974  1.078250659068664E-007  1.290391941684268E+002
    951  1.076951529771588E-007  1.282127111215003E+002
    362  1.044191136794136E-007  4.520209191521082E+001
    608  1.044001998265404E-007  1.080310773431174E+002
    700  1.037084255448749E-007  1.112187707043413E+002
    511  1.022913698958773E-007  6.108291035790679E+001
    584  1.021339084298672E-007  1.071415131646536E+002
    490  1.008148969811591E-007  5.909746584665749E+001
     61  9.816900788044117E-008  2.623624111749398E+001
    131  9.748652484668536E-008  2.976719894627799E+001
    492  9.588621535192442E-008  5.919740097208313E+001
    124  9.552688884874984E-008  2.953039329658957E+001
    567  9.493195491472005E-008  1.061175767374582E+002
   1040  9.411605011705399E-008  1.318325334098182E+002
    660  9.350882107020586E-008  1.093929129115852E+002
    936  9.225658575764844E-008  1.275963114471066E+002
    364  9.100994941375985E-008  4.528995878587361E+001
    410  9.058195162972849E-008  5.380004782230375E+001
    493  9.037122468100034E-008  5.956939432616837E+001
    656  8.973658244036619E-008  1.092383325553483E+002
    368  8.921951454526041E-008  4.552075151204606E+001
    325  8.820215000867334E-008  3.979678053884171E+001
    736  8.778565691115846E-008  1.125700463249535E+002
    522  8.774526676533734E-008  6.189501394570030E+001
    476  8.640098617661938E-008  5.874284760292872E+001
    921  8.584055059115151E-008  1.266347372507485E+002
     75  8.420838548793970E-008  2.717284531466260E+001
    583  8.217319175007231E-008  1.070323413352247E+002
    439  8.172916359796505E-008  5.581771077364913E+001
    896  7.974521980401258E-008  1.231967026860033E+002
    633  7.782455384763960E-008  1.086770367044967E+002
    610  7.650299630379973E-008  1.080548791140610E+002
    457  7.603184626402664E-008  5.770039153165104E+001
    596  7.535604198362400E-008  1.076305596761092E+002
     13  7.479723217623304E-008  2.038781372204352E+001
     37  7.459513951267234E-008  2.413005277682491E+001
   1016  7.312423356829260E-008  1.306784011483153E+002
    629  7.284644942170894E-008  1.086436456014825E+002
    605  7.109327779976904E-008  1.079476682950407E+002
     49  6.924556128219323E-008  2.521926711432687E+001
    216  6.859517756473254E-008  3.431915233475488E+001
    733  6.805623491389855E-008  1.125211996768446E+002
    116  6.786615320190849E-008  2.910094471225916E+001
    878  6.545638246444177E-008  1.208553192243232E+002
    744  6.125441627871081E-008  1.127340165661099E+002
    679  5.933625167804066E-008  1.106299731616480E+002
    520  5.836890312806772E-008  6.117519869664547E+001
    672  5.813690519016087E-008  1.100523893058521E+002
    665  5.689027506892552E-008  1.096195054263975E+002
    770  5.618010289031774E-008  1.141655133118217E+002
    107  5.601772004837635E-008  2.880093649968087E+001
    328  5.573516330558197E-008  3.982877398686839E+001
    144  5.511447652409421E-008  3.023024488043693E+001
    955  5.461753135390603E-008  1.283043098504922E+002
    589  5.405003543993540E-008  1.073243551551986E+002
   1035  5.313965624757675E-008  1.315022364948826E+002
    798  5.223661199822271E-008  1.161233232814441E+002
    833  5.092785323049799E-008  1.176450554682990E+002
   1054  4.901262343601794E-008  1.332101619260334E+002
    944  4.831829276067205E-008  1.278264506290159E+002
    205  4.796857509261884E-008  3.418138862993963E+001
    441  4.652461788924875E-008  5.602297434426368E+001
    817  4.616814290475049E-008  1.171745914510001E+002
    628  4.605008661296609E-008  1.085999071252231E+002
    595  4.589091019785605E-008  1.075727311228692E+002
    819  4.444105862385842E-008  1.172617623112352E+002
    591  4.383392689439623E-008  1.073970459895217E+002
   1073  4.375093655954006E-008  1.355646294676644E+002
    670  4.326805114088779E-008  1.099218253642219E+002
    695  4.322363213283840E-008  1.110404578737834E+002
    327  4.286459332933535E-008  3.980649710729982E+001
    408  4.270489672678432E-008  5.368647704938994E+001
    685  4.237584243770204E-008  1.108208915724099E+002
    342  4.221166982488368E-008  4.219280462450153E+001
    424  4.200791542788687E-008  5.504400290817051E+001
    208  4.113955862534025E-008  3.420400517096608E+001
     82  4.029721748295447E-008  2.744742479332049E+001
    625  3.988114716426004E-008  1.084878781680722E+002
    682  3.958592980931224E-008  1.107795174367904E+002
     15  3.874571567027651E-008  2.077312965636918E+001
    848  3.827663727989625E-008  1.185512117490796E+002
    569  3.823135850212395E-008  1.064024371239422E+002
    657  3.747916318730685E-008  1.092680437977900E+002
    725  3.706900870010995E-008  1.122622575126908E+002
    263  3.699440768163939E-008  3.756851288337069E+001
    787  3.594673203299276E-008  1.157066821730262E+002
    814  3.552462061073964E-008  1.170571282096026E+002
    722  3.491944430695295E-008  1.121989232781130E+002
    480  3.480932608455397E-008  5.887142017505539E+001
    515  3.458773025520398E-008  6.113166482037749E+001
    574  3.439219980016348E-008  1.067089856517616E+002
    509  3.437133373215508E-008  6.104665142125116E+001
    508  3.397009696512992E-008  6.101348113010317E+001
    735  3.376252401773802E-008  1.125422257639707E+002
   1049  3.331335750869980E-008  1.325964910892840E+002
    284  3.322546122175440E-008  3.794002386601017E+001
   1065  3.314932096796768E-008  1.340986810838602E+002
    252  3.223038381093937E-008  3.681481496629917E+001
    614  3.187126286053697E-008  1.081499604581023E+002
    496  3.177217449201215E-008  5.977778544840232E+001
    674  3.169531230287457E-008  1.101627157855635E+002
   1046  3.150493225853564E-008  1.322741703884410E+002
    849  3.079254982567857E-008  1.186556798515274E+002
    815  2.992799784637446E-008  1.170844697210597E+002
    989  2.968390509487069E-008  1.296856498562064E+002
    601  2.952240358426000E-008  1.078222216339937E+002
    899  2.871855599707093E-008  1.237750393258326E+002
    129  2.867887436665770E-008  2.967722940199728E+001
    506  2.862960852401948E-008  6.092479484159845E+001
    790  2.860216755843619E-008  1.158127479939932E+002
    337  2.706401899809447E-008  4.125439580477820E+001
    728  2.653492060428172E-008  1.123911467240560E+002
    449  2.636050270722243E-008  5.713782918039372E+001
    602  2.614462184940492E-008  1.078335831208874E+002
    837  2.579642172713931E-008  1.177814246314451E+002
    910  2.575471433944787E-008  1.258349422363612E+002
    782  2.443895869104230E-008  1.155663554633046E+002
    723  2.443330979263699E-008  1.122249597820348E+002
    696  2.388622429369486E-008  1.111110130672436E+002
    758  2.381314590541689E-008  1.131945788764974E+002
    577  2.289029246698989E-008  1.068269012623950E+002
    813  2.271160180420695E-008  1.170211975618395E+002
    707  2.194362488954348E-008  1.116484954290111E+002
    943  2.159288753706473E-008  1.278255860865938E+002
   1003  2.109082341343301E-008  1.302792324598297E+002
    792  2.087670038840610E-008  1.158579110744502E+002
     59  2.064892707214231E-008  2.608228483109795E+001
    845  1.915113276089147E-008  1.182722434309271E+002
    388  1.912399364168601E-008  4.916519389587509E+001
    647  1.874742616891347E-008  1.089204596390746E+002
    704  1.860392905983169E-008  1.114088220449556E+002
   1004  1.843573109164082E-008  1.302828791464404E+002
    713  1.841662549275145E-008  1.118750446375970E+002
   1010  1.829598670195413E-008  1.305150376372933E+002
    862  1.810733472337008E-008  1.194326389788892E+002
    586  1.779430269342502E-008  1.072414988471015E+002
    800  1.652556121968035E-008  1.161811067685375E+002
    781  1.609654229476504E-008  1.155015502370288E+002
     56  1.555592181439443E-008  2.577494999028338E+001
    709  1.542121832035095E-008  1.116986555393093E+002
    562  1.510207230414925E-008  1.058125905236654E+002
    375  1.493557646486081E-008  4.577921754207221E+001
    859  1.490437526127152E-008  1.193117826572047E+002
    356  1.482599122688531E-008  4.399929676237998E+001
   1023  1.481873234561216E-008  1.309907545973144E+002
    960  1.454743406533605E-008  1.283710541965592E+002
    743  1.454033071529375E-008  1.126739704882794E+002
    705  1.452141363118982E-008  1.114879185885843E+002
    927  1.414117585457330E-008  1.271118445081471E+002
    900  1.400777505612366E-008  1.240255399934555E+002
    867  1.352621291960464E-008  1.199420338065019E+002
    805  1.349693261999187E-008  1.165442309434909E+002
     87  1.340530762474948E-008  2.773505635732142E+001
    693  1.336781592126883E-008  1.110198391814811E+002
    606  1.312379287944678E-008  1.079754075340127E+002
    227  1.301083998351412E-008  3.461221107986133E+001
    668  1.287626082198365E-008  1.098358517134249E+002
    994  1.286464489741379E-008  1.299886393654431E+002
    289  1.282318253882432E-008  3.832422991649202E+001
    978  1.280837402955801E-008  1.291764873003617E+002
    891  1.271489089762964E-008  1.222344606190913E+002
    922  1.266975793999870E-008  1.267277337836395E+002
    767  1.260118905962210E-008  1.139787538815297E+002
    804  1.236476586867837E-008  1.164307012054320E+002
    794  1.235082757946997E-008  1.159299755047292E+002
   1007  1.234356225412040E-008  1.303971511397991E+002
    729  1.234243501115762E-008  1.124070412533170E+002
    969  1.219783912106098E-008  1.288232913140608E+002
    406  1.173651453886750E-008  5.347162595814701E+001
    350  1.171486845559706E-008  4.287084402122760E+001
    915  1.154624850244828E-008  1.261627872997085E+002
   1037  1.143630869311066E-008  1.316166834102353E+002
    957  1.120380082737072E-008  1.283224605383935E+002
    228  1.120152289221543E-008  3.465329128304563E+001
   1017  1.065102135604409E-008  1.307020085696559E+002
    526  1.044787971141314E-008  6.205614154690332E+001
   1028  9.978884877213718E-009  1.312419762585663E+002
   1059  9.965403191830809E-009  1.335352794510990E+002
    354  9.896785795330703E-009  4.358717802496741E+001
    634  9.826406233325205E-009  1.087110579745548E+002
    923  9.788464910352932E-009  1.267345977181097E+002
    747  9.733729158765086E-009  1.128221651622354E+002
    956  9.566251000465612E-009  1.283075816024711E+002
    780  9.427730376791139E-009  1.153482258688003E+002
     53  9.077100021858711E-009  2.532427500710937E+001
    811  8.967724677239132E-009  1.169131613251637E+002
    104  8.911190916450434E-009  2.863475114667724E+001
    677  8.668156596112592E-009  1.104103779431708E+002
    809  8.517295995873275E-009  1.168273457040169E+002
    779  8.261752200211249E-009  1.153237642854880E+002
    590  8.201502123837143E-009  1.073381491314167E+002
    469  8.151373885737406E-009  5.857260373695996E+001
    941  7.941892785719769E-009  1.277239710636116E+002
    430  7.829148886940154E-009  5.544226538226409E+001
    939  7.397392398161202E-009  1.276788938661296E+002
   1012  7.341429501134505E-009  1.305860585800326E+002
    612  7.068083010006339E-009  1.080838271474082E+002
    946  7.036673834955976E-009  1.279201366409634E+002
    373  7.011577051080844E-009  4.573517441489172E+001
    869  6.840838781607953E-009  1.201465244096069E+002
    366  6.597890684090273E-009  4.541480133184800E+001
    786  6.431138292338782E-009  1.156679892855772E+002
    662  6.324654149977927E-009  1.094304874643061E+002
    471  6.297742096230981E-009  5.859921299406331E+001
    714  6.203860121709158E-009  1.118865310298163E+002
    864  6.147202270412578E-009  1.195154318953015E+002
    851  6.113974340106943E-009  1.189105890777936E+002
    893  5.994246834303171E-009  1.225899968537864E+002
    753  5.961447988111857E-009  1.130399909728984E+002
    499  5.872790454676796E-009  6.010190034988052E+001
    370  5.870460396254832E-009  4.562254251008403E+001
     51  5.808329260675911E-009  2.527497960196780E+001
    323  5.771436295846746E-009  3.963162035223775E+001
    627  5.673874096032789E-009  1.085359599099982E+002
    990  5.613233332207833E-009  1.297249883032466E+002
   1015  5.438371550640806E-009  1.306693309857935E+002
    501  5.416756658735873E-009  6.025540211442135E+001
    820  5.393484994373166E-009  1.173160626674297E+002
    556  5.267513111525098E-009  1.053074591696642E+002
    648  5.176950327435192E-009  1.089328290594756E+002
    961  5.155070423578572E-009  1.283826108536399E+002
    642  4.855151669717269E-009  1.088349318990273E+002
    835  4.817974542253143E-009  1.176766134664512E+002
    764  4.695797340463284E-009  1.137269990775531E+002
    776  4.677934548666479E-009  1.150535509847603E+002
    739  4.606099475936732E-009  1.126267264275300E+002
    437  4.562447579540402E-009  5.567668099873953E+001
    734  4.392228478817552E-009  1.125227414297757E+002
    908  4.380494305078253E-009  1.256350992978881E+002
    718  4.316912983314599E-009  1.120307816427976E+002
    146  4.226178299191095E-009  3.038455959742199E+001
    203  4.210919278259631E-009  3.415596231316062E+001
    715  4.163358239655253E-009  1.119122168057061E+002
     42  4.153432232124060E-009  2.442065503900721E+001
    949  4.066586611371422E-009  1.280833568476082E+002
    581  3.991144508868373E-009  1.069166383916512E+002
    931  3.908654935003644E-009  1.272754104030811E+002
    839  3.858640532785750E-009  1.178451551754228E+002
    603  3.827339708781009E-009  1.078480909052838E+002
    801  3.681141442951142E-009  1.162412158177078E+002
    750  3.614884836467741E-009  1.128980084302201E+002
    692  3.401274690321022E-009  1.109991362888409E+002
    823  3.377650041691424E-009  1.173434151863991E+002
    766  3.254214291241660E-009  1.138313497862233E+002
    846  3.138154525192675E-009  1.183733977129572E+002
   1006  3.000293434123463E-009  1.303473844140781E+002
   1043  2.901330506868383E-009  1.320181582363304E+002
    888  2.678142227514263E-009  1.215384892766490E+002
    653  2.548748492258378E-009  1.090926521840726E+002
    604  2.540332231880430E-009  1.078901483894559E+002
    363  2.471159265763196E-009  4.523665715266514E+001
    752  2.314613044839042E-009  1.129825416205730E+002
    664  2.225741135609979E-009  1.095868237421283E+002
    987  2.101523377385704E-009  1.295218650079724E+002
    980  2.031872956138551E-009  1.292322903638887E+002
    828  1.971370866020404E-009  1.175132070682912E+002
    651  1.968214530515520E-009  1.090123807306586E+002
    920  1.873743678704559E-009  1.265729199247587E+002
    834  1.793888664937268E-009  1.176651591794238E+002
     96  1.785410537444849E-009  2.807603105873968E+001
    912  1.723058773116607E-009  1.259977317017505E+002
    971  1.633630885886253E-009  1.289111652451389E+002
    640  1.628513498389667E-009  1.088027953187827E+002
    965  1.619367543741896E-009  1.286084743618769E+002
    761  1.606599147952255E-009  1.134019555363662E+002
    901  1.585419121479495E-009  1.246352700151236E+002
    282  1.434386821210773E-009  3.781601762519486E+001
   1002  1.400168656697596E-009  1.301955720736593E+002
    840  1.265616522809756E-009  1.179674198090055E+002
    598  1.133780116266889E-009  1.077082259858063E+002
    806  1.065650789505231E-009  1.165904998677036E+002
    624  1.007560573268173E-009  1.084534043855216E+002
    850  9.735396991323819E-010  1.188640670964077E+002
    935  9.450460807405900E-010  1.274477748704804E+002
    488  9.319055446081574E-010  5.904214899548738E+001
    803  9.251769914330515E-010  1.163959410830473E+002
    699  8.946175456574744E-010  1.111753891148923E+002
    959  8.439758250406555E-010  1.283643788123119E+002
    120  8.261420315994194E-010  2.935022978395871E+001
    841  8.085639773011142E-010  1.180046875638410E+002
    872  7.318575106138879E-010  1.204992644439996E+002
    993  7.163844224831500E-010  1.299638892136509E+002
    134  6.598667967493294E-010  2.989081555609098E+001
    906  6.433031636302913E-010  1.253859334012492E+002
    412  5.814803418266844E-010  5.399327798218789E+001
     47  5.683946833164852E-010  2.514695584094496E+001
    726  5.670175086886992E-010  1.123280306605216E+002
    636  5.608396337257086E-010  1.087412284437008E+002
    861  5.125578802347093E-010  1.193618968506130E+002
    999  5.014704209995810E-010  1.301340763851820E+002
    856  4.705698299753017E-010  1.192407591408727E+002
    234  4.563290862141797E-010  3.541632958107625E+001
    914  4.234380180576246E-010  1.261343003660832E+002
    889  4.221181699974045E-010  1.221096476933091E+002
    638  3.993371995256435E-010  1.087773663504995E+002
    985  3.941875196106285E-010  1.294454523269476E+002
    860  3.364377717032909E-010  1.193608179742887E+002
    818  3.194065463637892E-010  1.172202887178189E+002
    711  2.960464364695068E-010  1.117833092223069E+002
   1019  2.863796445757593E-010  1.307856127904329E+002
   1030  2.783507039297034E-010  1.313677884464318E+002
    933  2.680592168822438E-010  1.272967505112425E+002
   1068  2.182726551773661E-010  1.342139437973118E+002
    857  2.151345340794310E-010  1.192977858717030E+002
    852  1.980769477944957E-010  1.189308904937423E+002
    775  1.807389885422663E-010  1.149447083106751E+002
    982  1.789147905273334E-010  1.293230544301462E+002
    275  1.305924534589643E-010  3.771871208633355E+001
    876  8.157418699502358E-011  1.207338716680959E+002
    720  7.851727304394746E-011  1.121496181246094E+002
     95  6.778546216086151E-011  2.806113631432304E+001
    882  6.407161954622001E-011  1.212606419968792E+002
    688  5.930177023850991E-011  1.108652117541332E+002
    925  4.993905122709122E-011  1.268943605090481E+002
    773  4.946844846138944E-011  1.146041296786391E+002
    885  4.846026910510315E-011  1.213849358963692E+002
    239  4.120997881682592E-011  3.564788119351169E+001
    703  2.885917952163289E-011  1.113359924967504E+002
    881  2.784042904987604E-011  1.212001054655417E+002
    620  2.543179835608848E-011  1.083700393844588E+002
    996  2.340962318233467E-011  1.300741546440489E+002
    652  2.249842897152089E-011  1.090805000764319E+002
    904  1.935274207207693E-011  1.250437756508075E+002
    225  1.782057720770159E-011  3.458265676939745E+001
    963  1.247517761871316E-011  1.284456810480366E+002
    759  1.192084163698803E-011  1.132523759465808E+002
    844  7.607513513333556E-012  1.182236522024691E+002
    701  5.378181608871704E-012  1.112655741498095E+002
    644  4.780868771015383E-012  1.088699046594824E+002
    161  2.389226500832195E-012  3.141544799468193E+001
    178  1.392470578120733E-012  3.291892583427273E+001
    788  7.244012153443099E-013  1.157595566872355E+002
