# Number of modes
   1077
# Tabulated for different initial and final frequencies?
    F
# Mode index, Sj, (highest to lowest), omega_j
    547  4.092568011602637E-002  1.040413527560943E+002
    300  1.286090632697043E-002  3.871033423098082E+001
      7  1.046647382122904E-002  1.598850297870253E+001
     16  8.647780508841671E-003  2.083990463296455E+001
      8  5.179289063770718E-003  1.603898235084092E+001
     23  5.100961788591970E-003  2.160694502786773E+001
    497  4.489141247197755E-003  5.984833423050026E+001
     38  4.186341822806390E-003  2.415274881711009E+001
    539  4.129141302489118E-003  1.004038214764926E+002
     24  3.835813487864728E-003  2.165827626673025E+001
   1072  3.408090796976282E-003  1.354275255218108E+002
    546  3.071161068440239E-003  1.038908634804570E+002
    494  3.016624843848631E-003  5.959072402434833E+001
    405  2.970132529566703E-003  5.340951413863353E+001
   1016  2.634196608992585E-003  1.306784011483153E+002
   1011  2.518419600851171E-003  1.305590563134582E+002
    485  2.509755642698503E-003  5.896971858223063E+001
    498  2.448458412491679E-003  6.006055704270973E+001
   1060  2.437585448277556E-003  1.336329109810919E+002
     64  2.354175607926296E-003  2.637954322898939E+001
    466  2.210954319882036E-003  5.848631456847294E+001
    114  2.043440197390785E-003  2.903390568794284E+001
    551  1.965693884490558E-003  1.044758850995860E+002
     18  1.908069296148098E-003  2.124694793769305E+001
    108  1.820329960469779E-003  2.884206820739177E+001
      2  1.805193582325447E-003  1.507477314615795E+001
    500  1.789419796563414E-003  6.016266526055261E+001
    505  1.777102959274952E-003  6.089365906344585E+001
     27  1.775992913272129E-003  2.288948685305089E+001
    482  1.770730401270661E-003  5.890508639424976E+001
     54  1.758297039579360E-003  2.537118147105558E+001
    544  1.741671076216182E-003  1.037287728441322E+002
    549  1.710297951692581E-003  1.043755820157491E+002
    489  1.676113171233919E-003  5.906665573291085E+001
    188  1.672416818671028E-003  3.343297855491465E+001
     45  1.662933056939445E-003  2.505629895200580E+001
    291  1.638476173866137E-003  3.834865717601958E+001
    103  1.600187578797330E-003  2.854698030319213E+001
    554  1.576033325323447E-003  1.048978551747549E+002
     48  1.515489018532565E-003  2.521050943974308E+001
    430  1.424293302963252E-003  5.544226538226409E+001
     58  1.409987107167048E-003  2.603619761911758E+001
    303  1.381813040384926E-003  3.891633174738261E+001
    100  1.348584793800889E-003  2.814590236831992E+001
    460  1.338294749080309E-003  5.821511818989060E+001
    395  1.296451651123721E-003  5.279005865968511E+001
   1044  1.286515757123228E-003  1.320835593454495E+002
     86  1.274531189801197E-003  2.760340701365068E+001
      5  1.266548276684167E-003  1.580375607842547E+001
    523  1.248859156155798E-003  6.195141091349550E+001
     14  1.228314890582005E-003  2.047451167645159E+001
    182  1.153999225712229E-003  3.313118961536368E+001
   1045  1.153774974738302E-003  1.322246800166877E+002
    548  1.145106917527281E-003  1.041098140943872E+002
    459  1.127899169412877E-003  5.797524108925945E+001
    783  1.124245227073898E-003  1.155776779712016E+002
   1058  1.102534325146067E-003  1.334381531708862E+002
    358  1.100192370734165E-003  4.418411045040358E+001
    384  1.073447650172124E-003  4.693482184770667E+001
    762  1.054554663477306E-003  1.134504722361933E+002
    438  1.051686887618707E-003  5.568774314714533E+001
    553  1.001764136226357E-003  1.045844149005738E+002
    207  9.798914682030845E-004  3.419271829752626E+001
     31  9.506875209870534E-004  2.349957735236975E+001
    308  9.380615479453006E-004  3.924824416979163E+001
     40  9.212670909958187E-004  2.429142631572386E+001
    483  8.621791768533660E-004  5.892865432514233E+001
    117  8.597937245689794E-004  2.915145470361619E+001
    290  8.438384180964930E-004  3.834059039797889E+001
    527  8.200922038202377E-004  6.211137902133680E+001
    294  8.167341597573052E-004  3.844005427068350E+001
    452  7.981611751746380E-004  5.732416656661538E+001
    344  7.774942494216826E-004  4.229281490750487E+001
    524  7.720748866851403E-004  6.196836567938324E+001
    464  7.687389871882482E-004  5.841767339850505E+001
    474  7.683717357293483E-004  5.866520048333617E+001
     79  7.682355120371769E-004  2.728143790603452E+001
    785  7.523768607583781E-004  1.156515149006221E+002
    329  7.348622775329133E-004  3.994917835777716E+001
    190  7.318186318767755E-004  3.352213579831744E+001
   1070  7.173265698141055E-004  1.350535885837313E+002
    530  7.168691368357064E-004  6.265828803408258E+001
    229  7.075095928570688E-004  3.477639317683153E+001
    468  7.054469359049031E-004  5.850419738659161E+001
   1061  7.022389380703652E-004  1.338239896777959E+002
    966  6.799117112431524E-004  1.287120665380274E+002
    540  6.695377663236995E-004  1.019596674086986E+002
    330  6.680864549077226E-004  4.000719691328421E+001
    813  6.654618657808962E-004  1.170211975618395E+002
    710  6.628596796572291E-004  1.117114283703663E+002
     69  6.626650798753634E-004  2.667931486079132E+001
    301  6.613607284841240E-004  3.874125966254066E+001
    142  6.538834310273127E-004  3.011700635419402E+001
    296  6.410532490886954E-004  3.847026909032138E+001
     12  6.396988293612435E-004  1.791855268392995E+001
     20  6.355724537809183E-004  2.146722812704134E+001
   1066  6.314619178327690E-004  1.341339055776214E+002
   1024  6.314607209385973E-004  1.310472886139475E+002
    659  6.290551790811731E-004  1.093169473413985E+002
    198  6.274534780757417E-004  3.410095577154824E+001
    404  6.209754195263031E-004  5.332919471058649E+001
    658  6.198079287003475E-004  1.092752908733605E+002
    512  6.197554831792567E-004  6.110465593383906E+001
    487  6.148476276124455E-004  5.901096182276392E+001
    991  6.032598162409795E-004  1.298309517843196E+002
    396  5.990636992344748E-004  5.292259014309509E+001
    475  5.780010557798804E-004  5.870955367754343E+001
     11  5.753611450822174E-004  1.771447447329438E+001
    255  5.728969528848287E-004  3.705801266502003E+001
    335  5.610113382192282E-004  4.064698242871874E+001
     92  5.594382136642367E-004  2.796966533379813E+001
    445  5.574238068955081E-004  5.650985963977887E+001
    842  5.566941953307608E-004  1.180365480395604E+002
    302  5.512503302374305E-004  3.874867387838012E+001
    253  5.455298499238332E-004  3.690338042035397E+001
     80  5.392018034702619E-004  2.737665388114407E+001
   1018  5.389242637139149E-004  1.307425624046459E+002
    765  5.099183957380602E-004  1.138034732037320E+002
    379  5.087316466333375E-004  4.610002508350383E+001
    926  5.067212598184183E-004  1.269935099435139E+002
    223  5.058039417202417E-004  3.452101188794168E+001
    209  4.977014325939405E-004  3.420776675567321E+001
    791  4.956111684646315E-004  1.158399885308925E+002
     55  4.899331956079689E-004  2.564739582447731E+001
     33  4.862769425608823E-004  2.387502434282544E+001
    650  4.809182746613967E-004  1.090061273622073E+002
   1050  4.777228947024201E-004  1.326682006609648E+002
    199  4.775977888464100E-004  3.411214171315592E+001
    262  4.770106344592152E-004  3.754826259370084E+001
    244  4.756025347453671E-004  3.582009297825139E+001
    536  4.743385815582318E-004  7.244369170766353E+001
     91  4.738809020796654E-004  2.795709450840539E+001
   1057  4.688018596607979E-004  1.332882698940204E+002
    355  4.564199832984946E-004  4.365668409738398E+001
    588  4.532772630507858E-004  1.072780161282308E+002
    202  4.495348194146776E-004  3.414693728338715E+001
    120  4.472024594020070E-004  2.935022978395871E+001
    440  4.441987324725745E-004  5.589934491235444E+001
    266  4.428004044721448E-004  3.763404507858488E+001
     26  4.425314032432213E-004  2.275577786050195E+001
    347  4.366546457521264E-004  4.251894246220620E+001
    777  4.346264561826305E-004  1.150636811545726E+002
     97  4.332676212622113E-004  2.809615145046481E+001
     41  4.292804484531390E-004  2.434332602389209E+001
    217  4.257909722142833E-004  3.432077633458158E+001
   1075  4.179545343126130E-004  1.852007864492208E+002
    467  4.137373213539526E-004  5.850070475174659E+001
    248  4.109714546967235E-004  3.617742791171408E+001
    154  4.041253777333424E-004  3.128025029310897E+001
    433  4.015065682953312E-004  5.552394895078822E+001
     73  3.984640879906766E-004  2.704395448663374E+001
    456  3.926811718620200E-004  5.758475825352298E+001
    259  3.926142300994524E-004  3.731129763636223E+001
     49  3.881353153754278E-004  2.521926711432687E+001
    333  3.859266075282963E-004  4.050570323460023E+001
     66  3.804416741307606E-004  2.653041695388611E+001
    667  3.787973113572611E-004  1.098231148083649E+002
    418  3.762626836659300E-004  5.440760214654593E+001
     95  3.721695180955529E-004  2.806113631432304E+001
   1055  3.701927629833855E-004  1.332315483337306E+002
    135  3.665549861139181E-004  2.990996926970350E+001
    161  3.610694552099631E-004  3.141544799468193E+001
    563  3.541726201842252E-004  1.058622417292547E+002
    609  3.511322288948963E-004  1.080529774194348E+002
    125  3.509976194619868E-004  2.955205187993630E+001
    749  3.474752886771766E-004  1.128862829609149E+002
   1020  3.468439347785590E-004  1.308300137670077E+002
    397  3.462230606065645E-004  5.292984574180642E+001
   1039  3.440204521585479E-004  1.317789778316224E+002
   1022  3.436076567002839E-004  1.309570316227355E+002
    911  3.436021629717359E-004  1.258968376271585E+002
    683  3.422147650076987E-004  1.107854094171573E+002
    387  3.415291936335853E-004  4.845493173747810E+001
    356  3.405978803306831E-004  4.399929676237998E+001
    285  3.367292809083460E-004  3.794670187788559E+001
    346  3.343298905191079E-004  4.251353138364797E+001
   1042  3.329774606286129E-004  1.319938555239870E+002
    115  3.323115534095625E-004  2.908676806680809E+001
    637  3.315200459030200E-004  1.087708716348475E+002
     32  3.275240798288738E-004  2.386019687247388E+001
    812  3.196345165955018E-004  1.169499526914024E+002
    423  3.194686696240203E-004  5.491452382822700E+001
    570  3.169586580113753E-004  1.064458450110351E+002
   1000  3.169294235201900E-004  1.301375093272533E+002
   1029  3.064472719310587E-004  1.312589073638632E+002
    897  3.046390297399219E-004  1.233154024205701E+002
    157  3.045816524389451E-004  3.136040875348826E+001
     90  3.021053491593304E-004  2.792299487571685E+001
     85  3.012615722576075E-004  2.757726243328665E+001
    283  3.002721052674730E-004  3.781664732037148E+001
    518  2.939589045091925E-004  6.116565427175681E+001
    240  2.927866751414545E-004  3.568815433410965E+001
    279  2.921044481998784E-004  3.776291602598710E+001
    519  2.918500868908796E-004  6.116666091909611E+001
     89  2.913219659345804E-004  2.787565477396676E+001
    937  2.903605243412819E-004  1.275975168353670E+002
    510  2.902517670472819E-004  6.106496915014706E+001
    272  2.860446142568069E-004  3.770876893490352E+001
    462  2.860337864537182E-004  5.834568949164402E+001
    131  2.830901667047756E-004  2.976719894627799E+001
     74  2.791314822379879E-004  2.706787664592100E+001
    195  2.779383383895790E-004  3.399004655216064E+001
    126  2.732291784049940E-004  2.957864372821811E+001
    890  2.730498309825560E-004  1.222269695705770E+002
    458  2.724095070746987E-004  5.780961640938520E+001
    111  2.717549826794189E-004  2.891758955889047E+001
    808  2.710485869289727E-004  1.166438640424820E+002
    543  2.699811340022848E-004  1.026098663261161E+002
    784  2.688350353102318E-004  1.156115101864969E+002
    282  2.680496289277120E-004  3.781601762519486E+001
    898  2.665309784822945E-004  1.236287338505038E+002
     46  2.654324054947051E-004  2.508968851186969E+001
    281  2.646757593464520E-004  3.778222215271058E+001
    604  2.621383125031451E-004  1.078901483894559E+002
    143  2.600968488169890E-004  3.021552765862468E+001
    164  2.558186055521630E-004  3.156123118588701E+001
    425  2.533714749781015E-004  5.512885982268182E+001
    865  2.500586766827205E-004  1.195233182598442E+002
    101  2.430402549954596E-004  2.816121926613436E+001
    843  2.386654569735062E-004  1.181049125326048E+002
    392  2.375471406273205E-004  4.975569880244111E+001
    156  2.370467496353588E-004  3.133959801814033E+001
    128  2.362425264604611E-004  2.964876822252022E+001
    780  2.360296224280202E-004  1.153482258688003E+002
    479  2.340462853139829E-004  5.886156225440574E+001
     36  2.329436829597467E-004  2.408548968715760E+001
    623  2.261299797452173E-004  1.084311616311891E+002
    215  2.254420934362037E-004  3.430912489816387E+001
    385  2.252308678656006E-004  4.744969147605799E+001
    298  2.250435266361245E-004  3.860785506393049E+001
    450  2.243532301907989E-004  5.723022636777802E+001
     60  2.240360064724182E-004  2.612817271153773E+001
    858  2.239592620416638E-004  1.193043137223610E+002
    183  2.218303172950804E-004  3.317747871488443E+001
      4  2.211711574947399E-004  1.555889535187236E+001
    533  2.173017945934812E-004  6.344214913117692E+001
    478  2.168120498295341E-004  5.880478287498814E+001
    582  2.167072918424926E-004  1.069886979669129E+002
    249  2.158304648051504E-004  3.643158917315001E+001
    349  2.144987772891825E-004  4.279212686889406E+001
    480  2.134095083649922E-004  5.887142017505539E+001
    331  2.091434847414058E-004  4.033978069592825E+001
    348  2.026787646126961E-004  4.278252907839931E+001
   1048  2.026245080349251E-004  1.325281096806480E+002
   1008  2.024306513559155E-004  1.304054287055121E+002
    894  2.021972210901307E-004  1.226855190700912E+002
    325  2.014799772186247E-004  3.979678053884171E+001
    133  1.966064638232262E-004  2.980777525245198E+001
    875  1.962273978559263E-004  1.206504418490652E+002
    155  1.958258399574957E-004  3.129077640287002E+001
   1074  1.953532850514491E-004  1.357832717908243E+002
   1038  1.942466983071228E-004  1.317153469634680E+002
    106  1.924507728544477E-004  2.873147041157064E+001
    205  1.924267242615099E-004  3.418138862993963E+001
   1036  1.904413993743426E-004  1.315563975924429E+002
     51  1.880955450178919E-004  2.527497960196780E+001
    431  1.880549903799319E-004  5.545822575490884E+001
    407  1.875155287846628E-004  5.355040632372296E+001
    681  1.872152161147137E-004  1.107150530846271E+002
    517  1.853408064221092E-004  6.116283191518230E+001
    393  1.846499885851652E-004  5.117422678475859E+001
    866  1.834660785642925E-004  1.198737679274225E+002
    902  1.804008128016528E-004  1.246861225619736E+002
    138  1.793281186184573E-004  2.998810658959070E+001
    950  1.776352080748539E-004  1.281356928004739E+002
    772  1.771112578694969E-004  1.144444014986270E+002
    158  1.756628884073823E-004  3.138637587596471E+001
    151  1.737349700482550E-004  3.097448214004631E+001
    716  1.733494829622880E-004  1.119313653155845E+002
    427  1.727440809951702E-004  5.530625255614972E+001
    400  1.719737901749625E-004  5.304406357850599E+001
    399  1.712829759345299E-004  5.300117686152819E+001
    621  1.712041119497024E-004  1.083828600305560E+002
    507  1.702170872632785E-004  6.098134465730102E+001
    907  1.675096521324019E-004  1.254774984052440E+002
    292  1.674730055934502E-004  3.837765227419467E+001
    921  1.649599277748109E-004  1.266347372507485E+002
    924  1.643364993426826E-004  1.267645350898773E+002
    491  1.639244517875033E-004  5.916484178919298E+001
    611  1.633106201512667E-004  1.080609110523806E+002
    221  1.632062679945379E-004  3.444064242877499E+001
    492  1.589374523266195E-004  5.919740097208313E+001
    838  1.588291453235870E-004  1.178077045912047E+002
    218  1.580933433990484E-004  3.434087154455664E+001
    655  1.577201277026007E-004  1.092114390318620E+002
    649  1.574996027755435E-004  1.089557122086210E+002
    721  1.571905640719314E-004  1.121902054803930E+002
    213  1.551916361635940E-004  3.426923698719692E+001
    495  1.545026166973821E-004  5.971063876484735E+001
    341  1.522778718215868E-004  4.207899368185591E+001
    320  1.514254754490614E-004  3.958466091098631E+001
    618  1.508848207232618E-004  1.083041655146542E+002
     43  1.507951105815922E-004  2.485090944939308E+001
    415  1.489398608426613E-004  5.409773008136273E+001
    514  1.480091339555876E-004  6.112143562944963E+001
    738  1.477958479359871E-004  1.126248828969786E+002
    357  1.477869225939205E-004  4.413715889769129E+001
    630  1.468589366610520E-004  1.086464564510315E+002
    153  1.442304851601774E-004  3.119128674334460E+001
    913  1.438748648398809E-004  1.260963173315474E+002
    442  1.413357653332205E-004  5.605259237502305E+001
      3  1.402653112668631E-004  1.530095081680193E+001
    112  1.400990038976645E-004  2.893182478938967E+001
    503  1.399474339960649E-004  6.062899617907863E+001
    545  1.394244240598533E-004  1.038885725205099E+002
    212  1.391650355114862E-004  3.425448747044050E+001
     17  1.378884247354734E-004  2.091913438766164E+001
   1041  1.370638499414208E-004  1.318604688563310E+002
    958  1.354252905286624E-004  1.283326337970340E+002
    174  1.351538153396855E-004  3.277024257542895E+001
    532  1.351057300015704E-004  6.299204701993657E+001
    417  1.345401855341368E-004  5.432386496665636E+001
    376  1.338778786521596E-004  4.578482274843697E+001
    109  1.338426015006609E-004  2.888359254004277E+001
    352  1.318030806404533E-004  4.345183818831803E+001
    184  1.308699425842263E-004  3.328145954751520E+001
    196  1.302962951812205E-004  3.402217963204272E+001
    311  1.286550596028719E-004  3.939193935233331E+001
    116  1.275288264382792E-004  2.910094471225916E+001
    409  1.263246554205419E-004  5.377950655266745E+001
    870  1.251005779752253E-004  1.203621491035894E+002
    600  1.243622710097045E-004  1.078192567961393E+002
    134  1.234387200762960E-004  2.989081555609098E+001
   1034  1.220205762365809E-004  1.314975717016592E+002
    280  1.197284948785822E-004  3.777070006257392E+001
    851  1.195491415887281E-004  1.189105890777936E+002
    854  1.186841909832751E-004  1.190938927222375E+002
    444  1.182334979744053E-004  5.640873014994138E+001
    599  1.175272468898648E-004  1.077354408464688E+002
    778  1.154980708044881E-004  1.153062331743218E+002
    686  1.138490508701069E-004  1.108321598991433E+002
     62  1.135092286907143E-004  2.630569023157911E+001
    390  1.131760694615085E-004  4.930034545373515E+001
    239  1.117261620416223E-004  3.564788119351169E+001
    206  1.109445048831084E-004  3.418711639611698E+001
    189  1.096982795192260E-004  3.348575581421191E+001
    319  1.093688868766647E-004  3.955367029075058E+001
    486  1.089694292343204E-004  5.898078655703418E+001
    261  1.083973654398704E-004  3.751537038816641E+001
    383  1.082842840228960E-004  4.665506804468283E+001
    402  1.073307203556032E-004  5.323403324336612E+001
    432  1.050229638252183E-004  5.551253331854516E+001
    267  1.044301359736241E-004  3.763942844703926E+001
    191  1.029082972556285E-004  3.372798248811258E+001
     84  1.022250363739920E-004  2.748397341497807E+001
    380  1.015425003635303E-004  4.621788456267294E+001
    962  1.013592710957804E-004  1.284190833846668E+002
    338  1.007024934047159E-004  4.143596746217444E+001
    104  9.942306196250461E-005  2.863475114667724E+001
     22  9.934656580686631E-005  2.149928230079738E+001
    419  9.855835423668633E-005  5.447434435004674E+001
      6  9.757087974865441E-005  1.593905863128156E+001
    377  9.745763103424825E-005  4.580996274485975E+001
    274  9.739371506763803E-005  3.771469066363962E+001
    318  9.715255990278040E-005  3.952690512520030E+001
    756  9.551314865269868E-005  1.131019348749128E+002
    411  9.528385609302999E-005  5.390414096058870E+001
    515  9.504695534131373E-005  6.113166482037749E+001
    853  9.456822789210687E-005  1.189950762444425E+002
    382  9.416067502940959E-005  4.661435463500721E+001
    860  9.396208604770341E-005  1.193608179742887E+002
    831  9.358388931910371E-005  1.175849164822640E+002
    241  9.355016259409952E-005  3.573178726353736E+001
    306  9.279075019199243E-005  3.922583615449084E+001
    446  9.261898370899177E-005  5.657515742254393E+001
    535  9.251088476430823E-005  7.234684016852472E+001
    118  9.153701001765339E-005  2.927665934202001E+001
     34  9.133246702955389E-005  2.394870774261297E+001
    537  9.056939743762191E-005  7.348438751630307E+001
    336  8.975677842820114E-005  4.106442919982931E+001
    981  8.940826330604011E-005  1.292686845988868E+002
    555  8.920811313366612E-005  1.049505825405343E+002
    150  8.900480953730907E-005  3.095380367517388E+001
    472  8.829130945287893E-005  5.860732378330380E+001
    607  8.773350457094423E-005  1.079782277499060E+002
    816  8.441767852448431E-005  1.170854692244173E+002
    231  8.399310361019805E-005  3.529195130720404E+001
    214  8.385900601716120E-005  3.429158842681225E+001
    246  8.334071765111286E-005  3.612200287477440E+001
    454  8.311366931245827E-005  5.753531790534946E+001
    121  8.297331862736856E-005  2.937009161569695E+001
    983  8.261826087827839E-005  1.293699640118089E+002
    247  8.210883145133582E-005  3.613855018049320E+001
    564  8.143989871909935E-005  1.059223740174141E+002
    310  8.112245984969233E-005  3.933560718805473E+001
    988  8.094787131217386E-005  1.295230022337254E+002
    401  7.999132135786413E-005  5.310952948046032E+001
    389  7.909336475106672E-005  4.924612888004685E+001
    194  7.837995864514870E-005  3.388123191050668E+001
    565  7.766755183413091E-005  1.059848591127986E+002
     71  7.739052831028101E-005  2.691074291878593E+001
    237  7.702733623251849E-005  3.561350513334219E+001
    110  7.558256128306504E-005  2.890337161783228E+001
    671  7.554229156982009E-005  1.100461630260976E+002
    226  7.531817670803729E-005  3.460914941435140E+001
   1027  7.431823642077326E-005  1.311414239553258E+002
   1047  7.382710239627851E-005  1.324683504365100E+002
     29  7.361456569008928E-005  2.304600720746813E+001
    166  7.356878939438188E-005  3.197534022905977E+001
    394  7.335488801167898E-005  5.275338077531283E+001
     30  7.332290240312690E-005  2.339033246897357E+001
    970  7.269548124647115E-005  1.288440499253601E+002
    795  7.264925315099497E-005  1.159446042090269E+002
    578  7.250535289609680E-005  1.068696587706935E+002
    168  7.203767191766559E-005  3.223239881301075E+001
   1064  7.153724190616906E-005  1.339182935247794E+002
     75  7.122975299908342E-005  2.717284531466260E+001
    560  7.079168072316431E-005  1.057397922085461E+002
    208  7.048227812070074E-005  3.420400517096608E+001
     53  7.045817997234727E-005  2.532427500710937E+001
    436  7.032033590163370E-005  5.562240782737462E+001
    309  6.999791932753013E-005  3.929268620446922E+001
    448  6.994733659626509E-005  5.707216855561523E+001
    992  6.910070205794608E-005  1.299169051159237E+002
    321  6.891929808980873E-005  3.959878738143280E+001
    365  6.870155182876381E-005  4.540196146988517E+001
    245  6.834386078119303E-005  3.584895809931362E+001
     21  6.790963734883528E-005  2.149552581175353E+001
    180  6.772167242894289E-005  3.306959511625761E+001
    597  6.750045285986677E-005  1.076362394255561E+002
    550  6.714641628601618E-005  1.044255141670578E+002
    698  6.680394668950399E-005  1.111543499618823E+002
    359  6.661348888708519E-005  4.440820660542785E+001
    186  6.640992057098231E-005  3.335079910483972E+001
    193  6.627803173626762E-005  3.387383688791338E+001
    702  6.564429574929598E-005  1.112791472783473E+002
    887  6.556274880280803E-005  1.215278324822884E+002
    513  6.497348883356623E-005  6.111701004965728E+001
    984  6.479816254699970E-005  1.293776492189174E+002
    449  6.470900381674944E-005  5.713782918039372E+001
   1062  6.326502325995826E-005  1.338537297016246E+002
    233  6.303183758091545E-005  3.536858076063520E+001
    836  6.201866284632041E-005  1.177792466123822E+002
     70  6.172248333080076E-005  2.683332853591699E+001
    381  6.113486373550540E-005  4.623753374880091E+001
    149  6.109177829603091E-005  3.064428879965062E+001
    561  6.074655742462071E-005  1.057823475786052E+002
    136  6.033818766449363E-005  2.995197020395121E+001
    976  6.013045153774130E-005  1.291265023483052E+002
    697  5.974806683794896E-005  1.111168086390436E+002
    299  5.915962188524212E-005  3.861147003050849E+001
    871  5.838511675843317E-005  1.204638135739833E+002
    737  5.786155000631808E-005  1.125716601108342E+002
    706  5.731385211280364E-005  1.115644797142602E+002
    304  5.644737402409250E-005  3.902642388250331E+001
    802  5.624799774832546E-005  1.163074247182627E+002
   1005  5.607893497786488E-005  1.302961950162389E+002
    905  5.532108574705284E-005  1.252963463377060E+002
    938  5.499697839295443E-005  1.276246332177813E+002
    534  5.499613424190926E-005  6.352992396574133E+001
     96  5.478207348133607E-005  2.807603105873968E+001
    817  5.359106749490730E-005  1.171745914510001E+002
    748  5.313957841715370E-005  1.128453459062848E+002
    471  5.290040581673050E-005  5.859921299406331E+001
    451  5.267156067591454E-005  5.726939793781466E+001
    265  5.253749895858087E-005  3.762418150997995E+001
    177  5.229602327041246E-005  3.286305119332699E+001
    305  5.224610919409311E-005  3.919092577852600E+001
    909  5.212981670987088E-005  1.256671150468244E+002
    113  5.208827937666899E-005  2.894608485543543E+001
    324  5.167007275705108E-005  3.965813849875591E+001
    141  5.151843818864203E-005  3.005205957969120E+001
    481  5.109106207657233E-005  5.889564718758225E+001
    917  5.033278225006342E-005  1.262583151256411E+002
    465  4.991566826333231E-005  5.845233409136720E+001
    160  4.974696745349973E-005  3.140287364756382E+001
    829  4.961980514842708E-005  1.175434491795728E+002
   1059  4.953081673691603E-005  1.335352794510990E+002
    317  4.946342400419705E-005  3.952108816795088E+001
     67  4.933458209376331E-005  2.663955326886673E+001
     10  4.928325703647419E-005  1.630017574824609E+001
    201  4.862369060319402E-005  3.413905621996786E+001
    504  4.861501363944294E-005  6.073767201700102E+001
    522  4.860455112661727E-005  6.189501394570030E+001
      9  4.859000477931394E-005  1.615282072713023E+001
    789  4.825849922599079E-005  1.157939903252585E+002
    391  4.794580270804115E-005  4.935295074539214E+001
    666  4.735520597039599E-005  1.096961217429448E+002
    573  4.692997552793547E-005  1.066520968004064E+002
    771  4.661473166798861E-005  1.142541813627527E+002
   1001  4.657360113945212E-005  1.301907504163165E+002
    343  4.656890930397763E-005  4.223776350771931E+001
    531  4.650546471654929E-005  6.280622541285696E+001
    165  4.596144611592260E-005  3.194792507678593E+001
    844  4.535134978041186E-005  1.182236522024691E+002
    295  4.484726716714292E-005  3.844649820311862E+001
    727  4.473995994703060E-005  1.123838421661365E+002
    152  4.470364905152464E-005  3.107793476288124E+001
    824  4.459241134481038E-005  1.173851057796732E+002
    476  4.376495482822451E-005  5.874284760292872E+001
    884  4.368889209537320E-005  1.212913619330936E+002
    327  4.353150974832138E-005  3.980649710729982E+001
     78  4.319879967685318E-005  2.724001953302053E+001
    821  4.308001632354120E-005  1.173213489801490E+002
    176  4.253709571591025E-005  3.283702642513862E+001
    997  4.250525692318532E-005  1.300952728722026E+002
   1009  4.237818464008002E-005  1.304609142394732E+002
    895  4.223301714639487E-005  1.231922658586809E+002
    575  4.208439910952221E-005  1.067636975144964E+002
    678  4.136386213179495E-005  1.105298402911861E+002
    516  4.132935049691999E-005  6.114879167768425E+001
    615  4.119959275944159E-005  1.081646255451844E+002
    210  4.072280551569121E-005  3.421873300884823E+001
   1021  4.022599932078515E-005  1.308784400027895E+002
     61  3.949232752259354E-005  2.623624111749398E+001
    277  3.921021942868213E-005  3.774405278528796E+001
    144  3.826406693088953E-005  3.023024488043693E+001
    334  3.822945229335822E-005  4.055961280242965E+001
    403  3.821633725259484E-005  5.332276567118551E+001
    528  3.785057117397713E-005  6.211763689923020E+001
    242  3.783019354000011E-005  3.575330164903793E+001
    542  3.734179116828488E-005  1.021380905135569E+002
    276  3.705186652542910E-005  3.774173651101562E+001
    236  3.690733106890237E-005  3.558504171265294E+001
    613  3.667212364812539E-005  1.081325074305931E+002
    557  3.663694923818430E-005  1.053298087456868E+002
     81  3.647648381786784E-005  2.737831616504717E+001
    751  3.640477139098087E-005  1.129352725370382E+002
    420  3.584825270363958E-005  5.464265012038360E+001
    314  3.566652653578805E-005  3.944402428691944E+001
    147  3.562397964090016E-005  3.045498909450352E+001
    119  3.545308309216490E-005  2.929038281335912E+001
    167  3.537863316001587E-005  3.206734480721192E+001
    203  3.456900168616029E-005  3.415596231316062E+001
    339  3.448606075855993E-005  4.199721405536648E+001
   1013  3.431989204862023E-005  1.306191025791559E+002
    694  3.420810492646726E-005  1.110208923005156E+002
    477  3.409527289138126E-005  5.875439662154096E+001
    297  3.373972110395073E-005  3.850412000814609E+001
    461  3.370218989468584E-005  5.832169084274378E+001
    552  3.331475190016148E-005  1.045004516183760E+002
    960  3.235667582805754E-005  1.283710541965592E+002
    187  3.213209040047612E-005  3.338593491458187E+001
     35  3.175692286823135E-005  2.406163852032448E+001
    868  3.175688740961567E-005  1.199994649602093E+002
    583  3.150696658436979E-005  1.070323413352247E+002
     59  3.148804465301433E-005  2.608228483109795E+001
    571  3.137725578672064E-005  1.065760725477823E+002
    270  3.136600458431734E-005  3.767493462479421E+001
    803  3.076089006879420E-005  1.163959410830473E+002
    632  3.060827499211332E-005  1.086732063917954E+002
    426  3.042045265478302E-005  5.521112029631625E+001
    584  3.033463874919554E-005  1.071415131646536E+002
    361  3.031228679602152E-005  4.509188248244521E+001
     88  3.021157428344177E-005  2.776495450944637E+001
    260  2.975535777790224E-005  3.745846822965304E+001
    271  2.969460169461667E-005  3.769377629908810E+001
    322  2.956958514987494E-005  3.962934885257222E+001
    268  2.950827122627948E-005  3.765614789507087E+001
    307  2.946662464240429E-005  3.924418415703018E+001
    672  2.885613414197196E-005  1.100523893058521E+002
    717  2.861772289447027E-005  1.119901298340990E+002
    378  2.844681729524243E-005  4.609481655347708E+001
    234  2.793057674009637E-005  3.541632958107625E+001
   1006  2.787374524708630E-005  1.303473844140781E+002
    684  2.775347375207313E-005  1.108055531440044E+002
    258  2.770443002721863E-005  3.725675246841864E+001
    264  2.738598871619963E-005  3.760740200223662E+001
    197  2.713290441733451E-005  3.407091137263039E+001
    370  2.707742169341589E-005  4.562254251008403E+001
    577  2.705583626678535E-005  1.068269012623950E+002
    171  2.701429482442886E-005  3.251692712246987E+001
    605  2.699598120119863E-005  1.079476682950407E+002
    916  2.698622410077360E-005  1.261858055404796E+002
    661  2.697614486241424E-005  1.094040232551639E+002
    964  2.665159796815432E-005  1.284811881676410E+002
    558  2.635571318431809E-005  1.054235904423783E+002
    954  2.614773436132740E-005  1.282848493157465E+002
    945  2.584019901826204E-005  1.278945431870569E+002
    793  2.470191630737715E-005  1.158943894419280E+002
     28  2.427912626892957E-005  2.303576073275412E+001
    689  2.427853686648462E-005  1.108992280227757E+002
    287  2.415856267507403E-005  3.806334999222836E+001
    579  2.413652124306731E-005  1.068810185812333E+002
   1033  2.412521597358939E-005  1.314921549657209E+002
    654  2.391156749393437E-005  1.091774321289355E+002
    421  2.390693653093009E-005  5.469982084171487E+001
   1071  2.376308946668344E-005  1.353191143310252E+002
     83  2.357091011287824E-005  2.745200449399356E+001
    525  2.337968871820184E-005  6.201689187624501E+001
    123  2.335243857302528E-005  2.945706723223188E+001
    733  2.332542236496720E-005  1.125211996768446E+002
    162  2.315816096433729E-005  3.142013005221356E+001
    315  2.304617661794602E-005  3.946262277995078E+001
   1032  2.265310442611867E-005  1.314270448258869E+002
    488  2.222152639342106E-005  5.904214899548738E+001
     76  2.204574762973981E-005  2.719040433196805E+001
    323  2.194775707592580E-005  3.963162035223775E+001
    675  2.163038801711035E-005  1.101932688761904E+002
    635  2.162483217181166E-005  1.087402789130293E+002
     68  2.145252911581400E-005  2.665958995788216E+001
    275  2.137841666246010E-005  3.771871208633355E+001
    219  2.123500960412087E-005  3.435584966495736E+001
   1046  2.121408513397170E-005  1.322741703884410E+002
    254  2.104733888164688E-005  3.696870162494890E+001
    173  2.087553564872058E-005  3.267731285541730E+001
   1069  2.068825993216950E-005  1.347402109836953E+002
   1073  2.053070253741054E-005  1.355646294676644E+002
    398  1.966694302751111E-005  5.298968704937109E+001
    511  1.956282952324625E-005  6.108291035790679E+001
    724  1.949201880854650E-005  1.122474317356576E+002
    899  1.943888507888191E-005  1.237750393258326E+002
    690  1.921082238234795E-005  1.109553167085971E+002
    257  1.915815667710648E-005  3.716053985696894E+001
    674  1.887293796081668E-005  1.101627157855635E+002
    148  1.864013482688510E-005  3.055713011308698E+001
    457  1.835855308628107E-005  5.770039153165104E+001
    903  1.827988659576698E-005  1.249295857950171E+002
    559  1.815207169262205E-005  1.054467335457494E+002
    975  1.808405373567203E-005  1.290479361570385E+002
    351  1.799166317655244E-005  4.290814690346715E+001
    375  1.797181125171508E-005  4.577921754207221E+001
    731  1.776376305020121E-005  1.124795031346507E+002
    567  1.751193110482516E-005  1.061175767374582E+002
    787  1.735762157955138E-005  1.157066821730262E+002
    616  1.725163731695565E-005  1.081902144651443E+002
    594  1.712885791248911E-005  1.075267994995216E+002
     37  1.710744669581594E-005  2.413005277682491E+001
    455  1.707917809143633E-005  5.757818593173593E+001
    656  1.700693483770016E-005  1.092383325553483E+002
    435  1.694620017479614E-005  5.559833163642786E+001
    631  1.693767606186648E-005  1.086593678715634E+002
    220  1.682375785343184E-005  3.440936379612124E+001
    972  1.676656673985972E-005  1.289491342298440E+002
    238  1.658506638955862E-005  3.562010162214489E+001
    170  1.592049313118631E-005  3.240864442722207E+001
    691  1.570177896125662E-005  1.109942746792360E+002
    413  1.569395581460584E-005  5.407796767412047E+001
    574  1.555293311093243E-005  1.067089856517616E+002
    827  1.547724023144377E-005  1.174913134466901E+002
     72  1.524227922161303E-005  2.695844835194747E+001
    967  1.515379852883548E-005  1.287730879251822E+002
     42  1.507636832253005E-005  2.442065503900721E+001
    159  1.487344191649010E-005  3.140014259635325E+001
    345  1.464329787300650E-005  4.248475366295001E+001
    640  1.451470823664274E-005  1.088027953187827E+002
    760  1.441267003203170E-005  1.133648679091437E+002
    132  1.436317397915253E-005  2.978147182311027E+001
    447  1.429675424627236E-005  5.692641404400948E+001
    364  1.429110405559689E-005  4.528995878587361E+001
    977  1.421757722800366E-005  1.291448023039548E+002
    680  1.414114977055671E-005  1.106808485277705E+002
    288  1.403189619711476E-005  3.825168870868715E+001
    593  1.400236416412384E-005  1.074633420950339E+002
    590  1.394842362932112E-005  1.073381491314167E+002
    175  1.390850822142351E-005  3.282740528695558E+001
    782  1.389767211447704E-005  1.155663554633046E+002
     39  1.345411707021033E-005  2.419216907562118E+001
     19  1.337304098780284E-005  2.137958735177528E+001
    416  1.316433011049120E-005  5.412105627361211E+001
    585  1.306900565340437E-005  1.071721890576240E+002
    602  1.302984207211037E-005  1.078335831208874E+002
    172  1.294890882828119E-005  3.254695536480502E+001
    781  1.287256488181234E-005  1.155015502370288E+002
    636  1.280220886403506E-005  1.087412284437008E+002
    371  1.277777259148731E-005  4.567834615857563E+001
    910  1.256188631593751E-005  1.258349422363612E+002
    580  1.243664728039001E-005  1.069063882425304E+002
    386  1.226378133245880E-005  4.778448827008048E+001
     15  1.223991990083445E-005  2.077312965636918E+001
    595  1.218119015186434E-005  1.075727311228692E+002
    930  1.210222955187731E-005  1.272550109882912E+002
    861  1.203395662291540E-005  1.193618968506130E+002
    896  1.176005983129638E-005  1.231967026860033E+002
    719  1.171042654675549E-005  1.120361196403708E+002
     98  1.162742008410334E-005  2.810036398063808E+001
    994  1.151115620492933E-005  1.299886393654431E+002
    596  1.105282585389301E-005  1.076305596761092E+002
    651  1.097299433596275E-005  1.090123807306586E+002
    713  1.073908767542476E-005  1.118750446375970E+002
    810  1.073275215689322E-005  1.168542717379606E+002
    947  1.063519736945044E-005  1.280025795512814E+002
   1053  1.053713928394595E-005  1.331993000158318E+002
    592  1.049077501546269E-005  1.074010896433819E+002
    608  1.021717196347236E-005  1.080310773431174E+002
    568  1.000084593512139E-005  1.063884322375297E+002
    892  9.972309988864932E-006  1.223146913863671E+002
    995  9.962015272116366E-006  1.300556822463785E+002
    441  9.952430152968809E-006  5.602297434426368E+001
    610  9.825434120752435E-006  1.080548791140610E+002
     94  9.809201147552579E-006  2.803048707399637E+001
    366  9.746648221246877E-006  4.541480133184800E+001
    948  9.721894606592966E-006  1.280530341997139E+002
    968  9.528182599847258E-006  1.287893908307005E+002
    847  9.386871907224862E-006  1.183795327778256E+002
    200  9.297658743642875E-006  3.413076352937113E+001
    797  9.259021432019590E-006  1.161224071144865E+002
    822  9.199074002415010E-006  1.173379890193997E+002
    490  9.175751833762271E-006  5.909746584665749E+001
    873  9.128718866116248E-006  1.205400953636918E+002
    676  9.065179168792791E-006  1.102968009656115E+002
    800  8.941748996510165E-006  1.161811067685375E+002
    470  8.629579874625710E-006  5.858950887133865E+001
    929  8.513483309422294E-006  1.272324166790593E+002
    730  8.456257659280019E-006  1.124678820560711E+002
    641  8.445325702882539E-006  1.088136450829588E+002
    755  8.125569781069388E-006  1.130537195644052E+002
    859  8.032289510847974E-006  1.193117826572047E+002
    688  7.976422543528593E-006  1.108652117541332E+002
     52  7.955490588813350E-006  2.532370304309600E+001
    224  7.914012263245479E-006  3.456258153743839E+001
    230  7.909725196706949E-006  3.507000892128892E+001
   1077  7.862821169386880E-006  6.189178021453241E+002
    763  7.841118479662475E-006  1.136578287383470E+002
    589  7.721501007623181E-006  1.073243551551986E+002
    368  7.653895716858318E-006  4.552075151204606E+001
    414  7.559095437331127E-006  5.408443269732371E+001
    695  7.522380263503056E-006  1.110404578737834E+002
    179  7.503365343808833E-006  3.301071504933698E+001
    373  7.501337571268672E-006  4.573517441489172E+001
    790  7.498707745251064E-006  1.158127479939932E+002
    642  7.378887042700864E-006  1.088349318990273E+002
    979  7.342559612681682E-006  1.292073280791942E+002
    852  7.205788776048920E-006  1.189308904937423E+002
    626  7.187437058284580E-006  1.085197354965440E+002
    484  7.149988131387169E-006  5.894622531819898E+001
    742  7.105804143341755E-006  1.126546326383816E+002
    408  7.089892288103389E-006  5.368647704938994E+001
    799  7.043084038203445E-006  1.161655148393659E+002
    232  7.009393033614448E-006  3.530982942235851E+001
    732  7.002499533700075E-006  1.124809932511083E+002
    990  6.920561565538979E-006  1.297249883032466E+002
    880  6.796494843978656E-006  1.209811659012211E+002
    815  6.624936155713922E-006  1.170844697210597E+002
    712  6.615213910271227E-006  1.118479116964762E+002
    923  6.609572972429790E-006  1.267345977181097E+002
    169  6.494598436125252E-006  3.225245008090104E+001
    225  6.470993158438458E-006  3.458265676939745E+001
    845  6.443851045744287E-006  1.182722434309271E+002
    936  6.412224829136540E-006  1.275963114471066E+002
    493  6.395941204277851E-006  5.956939432616837E+001
    350  6.374156120746081E-006  4.287084402122760E+001
    137  6.351498152570712E-006  2.996307755422044E+001
    668  6.348732295775905E-006  1.098358517134249E+002
    354  6.210203144365162E-006  4.358717802496741E+001
    918  6.156766645349857E-006  1.263810693695273E+002
    508  6.147916377555255E-006  6.101348113010317E+001
    273  6.071276107736176E-006  3.771236202405859E+001
   1004  6.020942198614457E-006  1.302828791464404E+002
    973  5.978795825885569E-006  1.290303348922233E+002
     65  5.959407991887750E-006  2.645533186342116E+001
    646  5.907130479195244E-006  1.089039652974663E+002
    993  5.815646896605148E-006  1.299638892136509E+002
    328  5.750739894249982E-006  3.982877398686839E+001
    670  5.725202459437877E-006  1.099218253642219E+002
    709  5.677638538618266E-006  1.116986555393093E+002
    677  5.665863791243152E-006  1.104103779431708E+002
     13  5.658654740349647E-006  2.038781372204352E+001
    192  5.648936492919265E-006  3.373139183933635E+001
    832  5.588169081909703E-006  1.176150872586579E+002
    722  5.482600667963273E-006  1.121989232781130E+002
    541  5.470134903236273E-006  1.020561485810812E+002
    601  5.467192954379576E-006  1.078222216339937E+002
    340  5.433169082547445E-006  4.203744443197692E+001
    251  5.312667584160795E-006  3.670193646720268E+001
    227  5.285968361134584E-006  3.461221107986133E+001
    293  5.238119064259618E-006  3.840315559517953E+001
    469  5.201006431256100E-006  5.857260373695996E+001
    679  5.162908141679612E-006  1.106299731616480E+002
    222  5.034202221926353E-006  3.444665555523785E+001
    862  5.027773736147446E-006  1.194326389788892E+002
    625  5.019659056222418E-006  1.084878781680722E+002
      1  4.994911473992287E-006  1.480943860687432E+001
    342  4.967376995845112E-006  4.219280462450153E+001
    509  4.927024995444728E-006  6.104665142125116E+001
    673  4.882474364169396E-006  1.101090602242966E+002
    586  4.867187851235326E-006  1.072414988471015E+002
    284  4.857224835229500E-006  3.794002386601017E+001
    624  4.686030777761776E-006  1.084534043855216E+002
    915  4.647581568744564E-006  1.261627872997085E+002
    185  4.594981878026459E-006  3.329017879350934E+001
    955  4.509386772874382E-006  1.283043098504922E+002
    429  4.449484843770002E-006  5.542704693693687E+001
    127  4.446451487329622E-006  2.958197907168710E+001
    332  4.421526220213820E-006  4.036182328117159E+001
     47  4.421510186884349E-006  2.514695584094496E+001
    893  4.416167216563496E-006  1.225899968537864E+002
    496  4.378253119525648E-006  5.977778544840232E+001
    927  4.273740537016652E-006  1.271118445081471E+002
    410  4.269938655735461E-006  5.380004782230375E+001
    556  4.216872093600405E-006  1.053074591696642E+002
    216  4.191780674942484E-006  3.431915233475488E+001
    869  4.164318624458137E-006  1.201465244096069E+002
    707  4.110080529190262E-006  1.116484954290111E+002
    657  4.100348743619084E-006  1.092680437977900E+002
     50  4.063860599318590E-006  2.524792740229145E+001
    687  4.062942918614416E-006  1.108477970364615E+002
    820  4.023567199813240E-006  1.173160626674297E+002
   1065  4.004850873081811E-006  1.340986810838602E+002
    643  3.972593234301427E-006  1.088529165631816E+002
    767  3.953195332100148E-006  1.139787538815297E+002
    278  3.940982986183191E-006  3.775225448216675E+001
    786  3.916412602516842E-006  1.156679892855772E+002
   1067  3.810283703842969E-006  1.341872351276505E+002
    619  3.799537739792799E-006  1.083262496248409E+002
    145  3.703750006786912E-006  3.035386176419680E+001
    360  3.673884177793456E-006  4.501412031898634E+001
    591  3.672648526068200E-006  1.073970459895217E+002
    598  3.667708684255335E-006  1.077082259858063E+002
    622  3.594167715188518E-006  1.084041586407917E+002
    846  3.558800349828063E-006  1.183733977129572E+002
    770  3.556675637766397E-006  1.141655133118217E+002
    987  3.456015763177055E-006  1.295218650079724E+002
    105  3.410004985084005E-006  2.872870804936272E+001
    163  3.404612590858944E-006  3.148605603035891E+001
    699  3.400880632677747E-006  1.111753891148923E+002
    665  3.389423750235849E-006  1.096195054263975E+002
    761  3.380054525578263E-006  1.134019555363662E+002
    312  3.333003270150236E-006  3.940338989709551E+001
   1035  3.295681414516076E-006  1.315022364948826E+002
    256  3.270707093976318E-006  3.708485200545782E+001
    107  3.211216428550262E-006  2.880093649968087E+001
    703  3.172603289875191E-006  1.113359924967504E+002
    883  3.151312709760755E-006  1.212822283474710E+002
    337  3.113777589905826E-006  4.125439580477820E+001
    985  3.092971673525773E-006  1.294454523269476E+002
    932  3.046783779679884E-006  1.272890793904072E+002
    629  3.041636642457749E-006  1.086436456014825E+002
    612  3.019929151259588E-006  1.080838271474082E+002
    362  3.007811181685912E-006  4.520209191521082E+001
     44  3.003036464169164E-006  2.487547588775838E+001
   1040  2.984682093390962E-006  1.318325334098182E+002
   1014  2.942891380549878E-006  1.306579532637773E+002
    804  2.920481782539895E-006  1.164307012054320E+002
    521  2.865124510992614E-006  6.120499406654021E+001
    877  2.861748101771238E-006  1.207635072396237E+002
    999  2.860234671070427E-006  1.301340763851820E+002
    757  2.827601732085618E-006  1.131455979007981E+002
    693  2.784659654674290E-006  1.110198391814811E+002
    181  2.750732745109667E-006  3.309588236011395E+001
    243  2.746381314504548E-006  3.580427376176280E+001
    369  2.656839774558490E-006  4.556664797594529E+001
   1043  2.631631729000827E-006  1.320181582363304E+002
    753  2.589814340853234E-006  1.130399909728984E+002
    744  2.579698893148111E-006  1.127340165661099E+002
    828  2.571719187045397E-006  1.175132070682912E+002
    587  2.568081071952935E-006  1.072564562863978E+002
    627  2.534890297806549E-006  1.085359599099982E+002
   1049  2.508686961914190E-006  1.325964910892840E+002
     77  2.482275711137418E-006  2.720977418778346E+001
     93  2.418256390763192E-006  2.801831476528660E+001
     25  2.396889471205468E-006  2.268285797328677E+001
   1015  2.395916117418473E-006  1.306693309857935E+002
    367  2.361137106281844E-006  4.546665367422378E+001
    645  2.313609906719021E-006  1.088758352374567E+002
    139  2.310109324256832E-006  3.001327528760398E+001
    263  2.302204637229541E-006  3.756851288337069E+001
    434  2.248773702149611E-006  5.556859477681133E+001
    934  2.233136303548098E-006  1.274026915475210E+002
    848  2.225736633291061E-006  1.185512117490796E+002
   1056  2.198420094179145E-006  1.332822863268028E+002
    499  2.185758845234878E-006  6.010190034988052E+001
    569  2.150325996622228E-006  1.064024371239422E+002
    129  2.145706047932407E-006  2.967722940199728E+001
    935  2.142715913035208E-006  1.274477748704804E+002
    562  2.129657503550262E-006  1.058125905236654E+002
    634  2.129458653533229E-006  1.087110579745548E+002
    453  2.124925754623352E-006  5.734859743017803E+001
    638  2.099882081602313E-006  1.087773663504995E+002
    768  2.085168045689280E-006  1.140511281344195E+002
    837  2.059394765266687E-006  1.177814246314451E+002
    809  2.031087042120022E-006  1.168273457040169E+002
     99  2.024183207812936E-006  2.813215700322161E+001
    901  2.008864967597428E-006  1.246352700151236E+002
    708  2.002153370906189E-006  1.116659378913442E+002
    685  2.000209133184730E-006  1.108208915724099E+002
    406  1.976387749423849E-006  5.347162595814701E+001
    439  1.932056945896443E-006  5.581771077364913E+001
    506  1.895741914168156E-006  6.092479484159845E+001
    204  1.872475508675213E-006  3.416741852472765E+001
    660  1.849717730534781E-006  1.093929129115852E+002
    617  1.807945430866036E-006  1.082069188907082E+002
    235  1.795948568508948E-006  3.553329683850696E+001
    463  1.786232971490128E-006  5.840368106338346E+001
    944  1.770953642133866E-006  1.278264506290159E+002
    603  1.764708715782278E-006  1.078480909052838E+002
    718  1.717342869044023E-006  1.120307816427976E+002
    428  1.705131020651674E-006  5.539697768550786E+001
   1051  1.689925114754540E-006  1.330173846663143E+002
    566  1.680305984216261E-006  1.060197199307676E+002
    928  1.674688096916541E-006  1.271758190169006E+002
    701  1.656652741364853E-006  1.112655741498095E+002
    538  1.637784188883633E-006  8.801939400846273E+001
    663  1.584105666047360E-006  1.095408569103236E+002
    830  1.561449450297339E-006  1.175448785112390E+002
    682  1.555316341686780E-006  1.107795174367904E+002
    922  1.545361937148602E-006  1.267277337836395E+002
    736  1.541512439944959E-006  1.125700463249535E+002
    814  1.516145262237846E-006  1.170571282096026E+002
    728  1.492876419477102E-006  1.123911467240560E+002
    576  1.476992719592308E-006  1.068188420241767E+002
   1028  1.392132268762193E-006  1.312419762585663E+002
    963  1.390105210617671E-006  1.284456810480366E+002
    878  1.329381467779502E-006  1.208553192243232E+002
    647  1.326202390933503E-006  1.089204596390746E+002
    754  1.314526291967414E-006  1.130532912402911E+002
    951  1.314511670171553E-006  1.282127111215003E+002
    130  1.313166248460066E-006  2.969026097336859E+001
    879  1.312432143636087E-006  1.208628531744268E+002
    228  1.300085459619373E-006  3.465329128304563E+001
    856  1.290248464280842E-006  1.192407591408727E+002
    715  1.288740976436780E-006  1.119122168057061E+002
    122  1.225841881720958E-006  2.942821875092930E+001
    811  1.222415184880901E-006  1.169131613251637E+002
    102  1.208354141553318E-006  2.838723287464182E+001
    700  1.179133896829431E-006  1.112187707043413E+002
    745  1.157155912243969E-006  1.127541380335163E+002
    794  1.145066700667792E-006  1.159299755047292E+002
    705  1.142936012736533E-006  1.114879185885843E+002
    792  1.126335924398433E-006  1.158579110744502E+002
    758  1.105730310497952E-006  1.131945788764974E+002
    326  1.095043929366329E-006  3.980074663620405E+001
    711  1.087422946054440E-006  1.117833092223069E+002
    388  1.086654009235976E-006  4.916519389587509E+001
   1068  1.084123478944094E-006  1.342139437973118E+002
    818  1.083685295475204E-006  1.172202887178189E+002
    269  1.046960460752219E-006  3.766609016559832E+001
    313  1.030461676859332E-006  3.941220320488696E+001
    734  1.021820549139462E-006  1.125227414297757E+002
    933  1.016906776287529E-006  1.272967505112425E+002
    857  1.010459131929988E-006  1.192977858717030E+002
    581  9.921620626060258E-007  1.069166383916512E+002
    796  9.908048227822059E-007  1.160406419035091E+002
    720  9.900498395767535E-007  1.121496181246094E+002
    912  9.889585185332149E-007  1.259977317017505E+002
    779  9.877014011052241E-007  1.153237642854880E+002
    876  9.485664301862625E-007  1.207338716680959E+002
    211  9.432020104190712E-007  3.422885497659050E+001
    422  9.124237737228506E-007  5.478392604221921E+001
    943  8.941083386410728E-007  1.278255860865938E+002
   1063  8.820629529156360E-007  1.338610239777397E+002
    952  8.738272279735749E-007  1.282170243378332E+002
    841  8.632568608049964E-007  1.180046875638410E+002
    759  8.572456389080372E-007  1.132523759465808E+002
    825  8.511268185826488E-007  1.174155068731360E+002
   1026  8.475300454905261E-007  1.310988308446859E+002
    146  8.227233278881289E-007  3.038455959742199E+001
   1003  7.912887084100895E-007  1.302792324598297E+002
    978  7.884918326577683E-007  1.291764873003617E+002
    644  7.848464440870392E-007  1.088699046594824E+002
    971  7.808402123807068E-007  1.289111652451389E+002
   1002  7.607599015035593E-007  1.301955720736593E+002
    735  7.329667370213292E-007  1.125422257639707E+002
    353  6.959289055569213E-007  4.354452657935016E+001
    633  6.889516045978804E-007  1.086770367044967E+002
     56  6.859077630565547E-007  2.577494999028338E+001
    743  6.621772010431264E-007  1.126739704882794E+002
    974  6.519300814865535E-007  1.290391941684268E+002
    946  6.295050744769252E-007  1.279201366409634E+002
    989  6.132631585814183E-007  1.296856498562064E+002
     63  6.039566247775817E-007  2.633691355837915E+001
   1076  5.913089297229088E-007  1.858411948136732E+002
    606  5.751232646105655E-007  1.079754075340127E+002
    747  5.692157777157900E-007  1.128221651622354E+002
    900  5.624395647473254E-007  1.240255399934555E+002
    939  5.570617425231596E-007  1.276788938661296E+002
    959  5.357460379858542E-007  1.283643788123119E+002
    572  5.328101925056142E-007  1.066354688575440E+002
   1025  5.255265990833228E-007  1.310823101564250E+002
    443  5.215489038305659E-007  5.615506371008289E+001
    980  5.199758846783544E-007  1.292322903638887E+002
    834  5.195326072356912E-007  1.176651591794238E+002
    614  5.131178103860196E-007  1.081499604581023E+002
    773  5.008002261860356E-007  1.146041296786391E+002
    953  4.978318361331249E-007  1.282835790234384E+002
   1054  4.921350629389457E-007  1.332101619260334E+002
    764  4.899053888946454E-007  1.137269990775531E+002
     87  4.621208843874447E-007  2.773505635732142E+001
   1031  4.554028378443677E-007  1.313824495210718E+002
    669  4.355843308168713E-007  1.098991161820264E+002
    424  4.254639886798224E-007  5.504400290817051E+001
    863  4.127521640034599E-007  1.194780899982511E+002
    140  3.887469946952954E-007  3.002380690834687E+001
    774  3.785309046116220E-007  1.147299018357027E+002
    739  3.738475432738959E-007  1.126267264275300E+002
   1023  3.532279194025811E-007  1.309907545973144E+002
    957  3.300407402141453E-007  1.283224605383935E+002
    372  3.236576687280330E-007  4.569660817760900E+001
    919  3.099613305086183E-007  1.264669767465423E+002
    740  3.002585312734743E-007  1.126281679605138E+002
    769  2.939889505890788E-007  1.141494817506874E+002
    374  2.923496062671551E-007  4.576894168844035E+001
    908  2.913304991962148E-007  1.256350992978881E+002
    805  2.760705367052385E-007  1.165442309434909E+002
   1007  2.711463392723077E-007  1.303971511397991E+002
    437  2.656748414901853E-007  5.567668099873953E+001
    949  2.571869069200400E-007  1.280833568476082E+002
    956  2.500037339476818E-007  1.283075816024711E+002
    906  2.487059422541595E-007  1.253859334012492E+002
    885  2.356521218247538E-007  1.213849358963692E+002
    874  2.285623455626709E-007  1.206463359037059E+002
    891  2.199757930810294E-007  1.222344606190913E+002
    750  2.194624186592434E-007  1.128980084302201E+002
    798  2.194494982481121E-007  1.161233232814441E+002
    961  2.175488578558442E-007  1.283826108536399E+002
    714  2.120373159494616E-007  1.118865310298163E+002
    725  2.016660562441531E-007  1.122622575126908E+002
   1030  1.899913524421190E-007  1.313677884464318E+002
    889  1.863444895601503E-007  1.221096476933091E+002
    886  1.852176446333343E-007  1.214498350996194E+002
    286  1.542885268373211E-007  3.806107114689090E+001
   1017  1.470481114738969E-007  1.307020085696559E+002
     57  1.450132380169326E-007  2.601044601303876E+001
    363  1.369577641417240E-007  4.523665715266514E+001
    819  1.247415321326873E-007  1.172617623112352E+002
    888  1.229897216487378E-007  1.215384892766490E+002
    801  1.199184251025439E-007  1.162412158177078E+002
    823  1.198437385763760E-007  1.173434151863991E+002
    965  1.159386840887139E-007  1.286084743618769E+002
    726  1.079950486778058E-007  1.123280306605216E+002
     82  1.059480339656167E-007  2.744742479332049E+001
    664  9.938260459267384E-008  1.095868237421283E+002
    752  9.853507208213177E-008  1.129825416205730E+002
    925  8.255966651944195E-008  1.268943605090481E+002
    882  8.200092461847411E-008  1.212606419968792E+002
    969  8.190767568809376E-008  1.288232913140608E+002
    776  8.079056481530070E-008  1.150535509847603E+002
    864  7.419492434555556E-008  1.195154318953015E+002
   1019  7.036389441576277E-008  1.307856127904329E+002
    914  6.773159735446757E-008  1.261343003660832E+002
    520  6.439611039236741E-008  6.117519869664547E+001
    826  6.406178793196952E-008  1.174535409692338E+002
    648  6.057829151380341E-008  1.089328290594756E+002
    628  5.874866055778458E-008  1.085999071252231E+002
    741  5.490185913000180E-008  1.126383251241469E+002
    124  5.098640225117116E-008  2.953039329658957E+001
    526  3.888919723218256E-008  6.205614154690332E+001
    502  3.791838529198510E-008  6.033057478557798E+001
    998  3.612129104748189E-008  1.301241144683907E+002
    788  3.566508625071855E-008  1.157595566872355E+002
    806  3.335941298248488E-008  1.165904998677036E+002
    855  3.141416587724842E-008  1.192335282432478E+002
    729  3.060466486670965E-008  1.124070412533170E+002
    746  3.026258609693399E-008  1.128150956859242E+002
   1010  2.983418465813852E-008  1.305150376372933E+002
    849  2.935835247181414E-008  1.186556798515274E+002
    704  2.862607719422389E-008  1.114088220449556E+002
    920  2.596071311793427E-008  1.265729199247587E+002
    835  2.582083058180581E-008  1.176766134664512E+002
    178  2.392693624659713E-008  3.291892583427273E+001
    653  2.365573484532493E-008  1.090926521840726E+002
    904  2.098821521918221E-008  1.250437756508075E+002
    620  2.004135081221609E-008  1.083700393844588E+002
   1012  1.678968896645785E-008  1.305860585800326E+002
   1052  1.675564612044019E-008  1.330891459743712E+002
    807  1.425451854160059E-008  1.166040027024774E+002
    941  1.337837635873426E-008  1.277239710636116E+002
   1037  1.249321411066684E-008  1.316166834102353E+002
    289  9.973454280361442E-009  3.832422991649202E+001
    833  9.111431718540411E-009  1.176450554682990E+002
    250  8.315422989332194E-009  3.645071914574685E+001
    850  7.599007701575259E-009  1.188640670964077E+002
    839  7.102562273109182E-009  1.178451551754228E+002
    872  6.378945080163516E-009  1.204992644439996E+002
    996  4.845601313019477E-009  1.300741546440489E+002
    940  2.911562340219530E-009  1.277053477702196E+002
    881  2.610653769209739E-009  1.212001054655417E+002
    840  2.513476843343789E-009  1.179674198090055E+002
    775  2.433585595581489E-009  1.149447083106751E+002
    942  2.218118515281288E-009  1.277896527703618E+002
    867  1.983213212337948E-009  1.199420338065019E+002
    692  1.930478832111788E-009  1.109991362888409E+002
    931  1.766835963567621E-009  1.272754104030811E+002
    982  1.221878935785473E-009  1.293230544301462E+002
    766  1.068653700603379E-009  1.138313497862233E+002
    412  7.176401230218788E-010  5.399327798218789E+001
    316  5.771056644633345E-010  3.947722492082590E+001
    696  4.299866148109513E-010  1.111110130672436E+002
    723  2.740330021688991E-010  1.122249597820348E+002
    652  2.268012449927408E-010  1.090805000764319E+002
    252  2.109765823202082E-010  3.681481496629917E+001
    529  1.404318766035144E-010  6.213305424318654E+001
    662  1.385276866858022E-010  1.094304874643061E+002
    639  5.364709853342582E-011  1.087924757147032E+002
    986  5.256871209106379E-011  1.294778988001748E+002
    501  2.571228951606368E-011  6.025540211442135E+001
    473  2.312688792828137E-011  5.864875851961727E+001
