# Number of modes
   1077
# Tabulated for different initial and final frequencies?
    F
# Mode index, Sj, (highest to lowest), omega_j
    497  2.116297771385732E-002  5.984833423050026E+001
    547  1.347432334339370E-002  1.040413527560943E+002
    498  1.120816579535188E-002  6.006055704270973E+001
    384  9.111103485459265E-003  4.693482184770667E+001
    539  7.040038824673471E-003  1.004038214764926E+002
     27  6.967799038688972E-003  2.288948685305089E+001
    390  6.820918126177102E-003  4.930034545373515E+001
    436  6.080094011255337E-003  5.562240782737462E+001
    291  4.966686562284424E-003  3.834865717601958E+001
     29  4.827629736973233E-003  2.304600720746813E+001
    566  4.267907702587019E-003  1.060197199307676E+002
    392  4.109719086329456E-003  4.975569880244111E+001
     71  3.652282359548383E-003  2.691074291878593E+001
      7  3.389204730778226E-003  1.598850297870253E+001
    438  3.006585075956734E-003  5.568774314714533E+001
    503  2.908310861307591E-003  6.062899617907863E+001
    456  2.780960655325353E-003  5.758475825352298E+001
   1058  2.692032752408773E-003  1.334381531708862E+002
    355  2.624916022869260E-003  4.365668409738398E+001
    475  2.583140416560703E-003  5.870955367754343E+001
    358  2.495087494785607E-003  4.418411045040358E+001
    335  2.369061562591447E-003  4.064698242871874E+001
    308  2.277007452512743E-003  3.924824416979163E+001
    491  2.249903482410911E-003  5.916484178919298E+001
   1066  2.178168815201878E-003  1.341339055776214E+002
    378  2.146930196666982E-003  4.609481655347708E+001
    464  2.024964346006890E-003  5.841767339850505E+001
    427  1.910003714640345E-003  5.530625255614972E+001
    474  1.898618238116099E-003  5.866520048333617E+001
   1008  1.807895429748640E-003  1.304054287055121E+002
    460  1.783961687705040E-003  5.821511818989060E+001
    108  1.748140438816220E-003  2.884206820739177E+001
     23  1.745713733676344E-003  2.160694502786773E+001
   1069  1.672448222343511E-003  1.347402109836953E+002
    433  1.629692996508997E-003  5.552394895078822E+001
    294  1.629456850123938E-003  3.844005427068350E+001
      8  1.611561714538772E-003  1.603898235084092E+001
    494  1.540718794567667E-003  5.959072402434833E+001
    290  1.514306317985279E-003  3.834059039797889E+001
    407  1.487416211540148E-003  5.355040632372296E+001
   1072  1.464147104196653E-003  1.354275255218108E+002
    165  1.461099385806461E-003  3.194792507678593E+001
    293  1.432015574723813E-003  3.840315559517953E+001
     24  1.343472884542534E-003  2.165827626673025E+001
    698  1.343367365846076E-003  1.111543499618823E+002
    570  1.249512009677350E-003  1.064458450110351E+002
     38  1.237936077423953E-003  2.415274881711009E+001
    459  1.186196134440793E-003  5.797524108925945E+001
    426  1.166852334023541E-003  5.521112029631625E+001
      2  1.071761381436565E-003  1.507477314615795E+001
    563  1.050612686670657E-003  1.058622417292547E+002
    546  1.042714670298619E-003  1.038908634804570E+002
   1000  9.730771774694409E-004  1.301375093272533E+002
     32  9.398077037356038E-004  2.386019687247388E+001
    341  9.329792717594463E-004  4.207899368185591E+001
    533  8.998530518256961E-004  6.344214913117692E+001
    423  8.900487005232450E-004  5.491452382822700E+001
    344  8.757763514737649E-004  4.229281490750487E+001
    871  8.553926337911585E-004  1.204638135739833E+002
     64  8.428722132221174E-004  2.637954322898939E+001
     55  8.365641468280893E-004  2.564739582447731E+001
    425  8.293721945522437E-004  5.512885982268182E+001
    380  8.166070980018202E-004  4.621788456267294E+001
    462  7.882243570883190E-004  5.834568949164402E+001
      4  7.776546755607846E-004  1.555889535187236E+001
   1020  7.689290672554114E-004  1.308300137670077E+002
     65  7.432509516194156E-004  2.645533186342116E+001
    926  7.294485005020776E-004  1.269935099435139E+002
    400  7.279275987257526E-004  5.304406357850599E+001
    544  7.156457381084015E-004  1.037287728441322E+002
    452  7.118774980499118E-004  5.732416656661538E+001
    311  6.952850036159990E-004  3.939193935233331E+001
    283  6.946813410477597E-004  3.781664732037148E+001
    575  6.887326186748774E-004  1.067636975144964E+002
    387  6.715145486712895E-004  4.845493173747810E+001
    485  6.638550215086816E-004  5.896971858223063E+001
    381  6.576540823679251E-004  4.623753374880091E+001
    551  6.570259353285573E-004  1.044758850995860E+002
     17  6.375235065440257E-004  2.091913438766164E+001
   1055  6.330390052754271E-004  1.332315483337306E+002
   1047  6.243327969554081E-004  1.324683504365100E+002
    659  6.203118465796876E-004  1.093169473413985E+002
    114  6.049462240448212E-004  2.903390568794284E+001
   1005  6.004231546798339E-004  1.302961950162389E+002
   1031  5.985958322207092E-004  1.313824495210718E+002
     18  5.983339731174559E-004  2.124694793769305E+001
    621  5.958207520072460E-004  1.083828600305560E+002
    504  5.948887112869440E-004  6.073767201700102E+001
    316  5.870123934730235E-004  3.947722492082590E+001
    440  5.825609160575360E-004  5.589934491235444E+001
     86  5.778766267563865E-004  2.760340701365068E+001
     39  5.636361837408059E-004  2.419216907562118E+001
    148  5.586555434311506E-004  3.055713011308698E+001
    877  5.524718840723566E-004  1.207635072396237E+002
    632  5.507590066600961E-004  1.086732063917954E+002
    549  5.494910895868120E-004  1.043755820157491E+002
    319  5.264780269147889E-004  3.955367029075058E+001
   1053  5.241305266577219E-004  1.331993000158318E+002
     58  5.169492054143623E-004  2.603619761911758E+001
    554  5.141065340886769E-004  1.048978551747549E+002
    301  5.115331604108813E-004  3.874125966254066E+001
    694  5.103882078546017E-004  1.110208923005156E+002
     33  5.101120316556770E-004  2.387502434282544E+001
    873  5.069860775788422E-004  1.205400953636918E+002
    479  4.963785139103972E-004  5.886156225440574E+001
    477  4.953820126227566E-004  5.875439662154096E+001
    762  4.921203919859075E-004  1.134504722361933E+002
    721  4.903521599002505E-004  1.121902054803930E+002
    593  4.874302135298487E-004  1.074633420950339E+002
    154  4.842045090242112E-004  3.128025029310897E+001
    455  4.839775478073386E-004  5.757818593173593E+001
    868  4.781073587234509E-004  1.199994649602093E+002
     54  4.706705209504178E-004  2.537118147105558E+001
    716  4.660066654961777E-004  1.119313653155845E+002
     45  4.569327084049812E-004  2.505629895200580E+001
    209  4.533507925932355E-004  3.420776675567321E+001
     57  4.510982622157463E-004  2.601044601303876E+001
    500  4.506997620612876E-004  6.016266526055261E+001
     51  4.407740721194925E-004  2.527497960196780E+001
    557  4.392447090717182E-004  1.053298087456868E+002
    419  4.347541049585475E-004  5.447434435004674E+001
    163  4.336571472552451E-004  3.148605603035891E+001
    197  4.212768718991942E-004  3.407091137263039E+001
    343  4.212266369339773E-004  4.223776350771931E+001
    553  4.205357550075256E-004  1.045844149005738E+002
    103  4.091240798739534E-004  2.854698030319213E+001
    432  3.951393522714822E-004  5.551253331854516E+001
    690  3.896986835717399E-004  1.109553167085971E+002
    635  3.885395233352132E-004  1.087402789130293E+002
    559  3.863946820269005E-004  1.054467335457494E+002
    326  3.825174393598545E-004  3.980074663620405E+001
    298  3.776792286391665E-004  3.860785506393049E+001
    258  3.739329792368686E-004  3.725675246841864E+001
    289  3.701283932637413E-004  3.832422991649202E+001
    217  3.622651982446870E-004  3.432077633458158E+001
     90  3.620469443966478E-004  2.792299487571685E+001
      5  3.595836267409297E-004  1.580375607842547E+001
    160  3.548355832502126E-004  3.140287364756382E+001
    992  3.532751291004254E-004  1.299169051159237E+002
    468  3.510135750345095E-004  5.850419738659161E+001
    278  3.489208685635625E-004  3.775225448216675E+001
    353  3.439736217604028E-004  4.354452657935016E+001
    136  3.438769737587390E-004  2.995197020395121E+001
    128  3.422415138145871E-004  2.964876822252022E+001
    725  3.369630640807070E-004  1.122622575126908E+002
    365  3.320046875789263E-004  4.540196146988517E+001
    288  3.305684904020667E-004  3.825168870868715E+001
    796  3.305110373991609E-004  1.160406419035091E+002
     42  3.261275471618449E-004  2.442065503900721E+001
    883  3.217845978992434E-004  1.212822283474710E+002
     37  3.138164304306256E-004  2.413005277682491E+001
    411  3.120739579017191E-004  5.390414096058870E+001
    248  3.115978690317732E-004  3.617742791171408E+001
    297  3.110543516222083E-004  3.850412000814609E+001
     31  3.077647714478198E-004  2.349957735236975E+001
    379  3.069466664140700E-004  4.610002508350383E+001
    928  3.056744532133467E-004  1.271758190169006E+002
    166  3.036077486672988E-004  3.197534022905977E+001
    458  3.009617516634097E-004  5.780961640938520E+001
   1001  3.001685100327962E-004  1.301907504163165E+002
    940  2.991972740195842E-004  1.277053477702196E+002
   1011  2.960816293888366E-004  1.305590563134582E+002
     12  2.942074375717516E-004  1.791855268392995E+001
    430  2.926069605865101E-004  5.544226538226409E+001
    875  2.921542539377888E-004  1.206504418490652E+002
   1045  2.889233780087005E-004  1.322246800166877E+002
    310  2.854910167522540E-004  3.933560718805473E+001
    448  2.852296845192254E-004  5.707216855561523E+001
    537  2.753211680076390E-004  7.348438751630307E+001
    259  2.724704203560095E-004  3.731129763636223E+001
     28  2.711076800385250E-004  2.303576073275412E+001
    467  2.691774602444602E-004  5.850070475174659E+001
    967  2.664156995467219E-004  1.287730879251822E+002
    492  2.613723407268003E-004  5.919740097208313E+001
    296  2.590534648368821E-004  3.847026909032138E+001
    446  2.589829869583175E-004  5.657515742254393E+001
     77  2.564276221830785E-004  2.720977418778346E+001
    697  2.546752291148358E-004  1.111168086390436E+002
   1067  2.518239475552610E-004  1.341872351276505E+002
    838  2.461267467725513E-004  1.178077045912047E+002
    330  2.414495828098426E-004  4.000719691328421E+001
    512  2.399137516953332E-004  6.110465593383906E+001
   1016  2.323782848552463E-004  1.306784011483153E+002
    376  2.272741905766882E-004  4.578482274843697E+001
    115  2.264071721611120E-004  2.908676806680809E+001
    525  2.227153445028051E-004  6.201689187624501E+001
    825  2.215878371038521E-004  1.174155068731360E+002
    210  2.204103107164015E-004  3.421873300884823E+001
    199  2.192439114590960E-004  3.411214171315592E+001
    777  2.186777108203863E-004  1.150636811545726E+002
    229  2.170651476889729E-004  3.477639317683153E+001
    360  2.168230547815381E-004  4.501412031898634E+001
    393  2.160725044959975E-004  5.117422678475859E+001
      1  2.140338247634661E-004  1.480943860687432E+001
    783  2.115160761252410E-004  1.155776779712016E+002
    700  2.095857317448257E-004  1.112187707043413E+002
    130  2.003440120252753E-004  2.969026097336859E+001
    587  1.965748407797130E-004  1.072564562863978E+002
    211  1.945718563574127E-004  3.422885497659050E+001
    142  1.936989060820480E-004  3.011700635419402E+001
    742  1.933150806051624E-004  1.126546326383816E+002
    421  1.925700457084050E-004  5.469982084171487E+001
    422  1.912067912554732E-004  5.478392604221921E+001
    785  1.905149298834371E-004  1.156515149006221E+002
    966  1.870281189834913E-004  1.287120665380274E+002
    205  1.866826958403007E-004  3.418138862993963E+001
    403  1.861360997094344E-004  5.332276567118551E+001
    450  1.850415520095536E-004  5.723022636777802E+001
   1042  1.846116180593281E-004  1.319938555239870E+002
    186  1.823518880132153E-004  3.335079910483972E+001
    405  1.760790517112189E-004  5.340951413863353E+001
     14  1.755363940381428E-004  2.047451167645159E+001
   1036  1.744402511773461E-004  1.315563975924429E+002
     11  1.733458181439834E-004  1.771447447329438E+001
    207  1.719361056429017E-004  3.419271829752626E+001
    182  1.709566320336881E-004  3.313118961536368E+001
    415  1.704263349251588E-004  5.409773008136273E+001
    738  1.697738471455334E-004  1.126248828969786E+002
    536  1.657992538872509E-004  7.244369170766353E+001
    255  1.651278330871229E-004  3.705801266502003E+001
    282  1.642815187677907E-004  3.781601762519486E+001
     92  1.629412264807460E-004  2.796966533379813E+001
     20  1.605699615628880E-004  2.146722812704134E+001
   1038  1.584787660362982E-004  1.317153469634680E+002
    820  1.565136438784609E-004  1.173160626674297E+002
   1048  1.558280889096139E-004  1.325281096806480E+002
    646  1.548033656295536E-004  1.089039652974663E+002
     10  1.527018877293340E-004  1.630017574824609E+001
    578  1.510397319064466E-004  1.068696587706935E+002
    507  1.507531594244956E-004  6.098134465730102E+001
    347  1.492852740878019E-004  4.251894246220620E+001
    844  1.487360421336190E-004  1.182236522024691E+002
   1074  1.449258374080490E-004  1.357832717908243E+002
   1026  1.428731371810690E-004  1.310988308446859E+002
    870  1.406179052851562E-004  1.203621491035894E+002
    778  1.375981917764546E-004  1.153062331743218E+002
    661  1.327037517080108E-004  1.094040232551639E+002
   1075  1.313380531482997E-004  1.852007864492208E+002
   1018  1.312588972048643E-004  1.307425624046459E+002
   1006  1.312003004006125E-004  1.303473844140781E+002
    847  1.310081064851835E-004  1.183795327778256E+002
     69  1.308695010086985E-004  2.667931486079132E+001
    395  1.281581625915507E-004  5.279005865968511E+001
    975  1.278805551438706E-004  1.290479361570385E+002
   1034  1.268422250309739E-004  1.314975717016592E+002
    617  1.261105412480175E-004  1.082069188907082E+002
    188  1.259287557016297E-004  3.343297855491465E+001
    989  1.247527817691165E-004  1.296856498562064E+002
    487  1.241819555303909E-004  5.901096182276392E+001
    552  1.234900737584697E-004  1.045004516183760E+002
     22  1.232157644863842E-004  2.149928230079738E+001
    253  1.231173995266667E-004  3.690338042035397E+001
    919  1.213091050031275E-004  1.264669767465423E+002
    356  1.206985571405991E-004  4.399929676237998E+001
    144  1.161256286854966E-004  3.023024488043693E+001
   1050  1.157805343774383E-004  1.326682006609648E+002
    540  1.153585055170524E-004  1.019596674086986E+002
    769  1.153356240741795E-004  1.141494817506874E+002
    676  1.138395881530562E-004  1.102968009656115E+002
   1062  1.134145219796865E-004  1.338537297016246E+002
    645  1.132639980040088E-004  1.088758352374567E+002
    340  1.125677835950472E-004  4.203744443197692E+001
     66  1.112886009383965E-004  2.653041695388611E+001
    772  1.110947169543099E-004  1.144444014986270E+002
    687  1.090991634553880E-004  1.108477970364615E+002
    480  1.087578065519375E-004  5.887142017505539E+001
    954  1.070351685972998E-004  1.282848493157465E+002
    918  1.063499943522306E-004  1.263810693695273E+002
     74  1.044592366511199E-004  2.706787664592100E+001
    865  1.022596537611984E-004  1.195233182598442E+002
     73  1.021873174265541E-004  2.704395448663374E+001
    984  1.017867476579283E-004  1.293776492189174E+002
    157  1.011250753647536E-004  3.136040875348826E+001
     89  1.008461185879426E-004  2.787565477396676E+001
    143  1.001250982870864E-004  3.021552765862468E+001
    576  1.000977760198655E-004  1.068188420241767E+002
   1009  9.992355047007066E-005  1.304609142394732E+002
    516  9.963995762107987E-005  6.114879167768425E+001
    222  9.941404587937089E-005  3.444665555523785E+001
    266  9.892898961539663E-005  3.763404507858488E+001
    202  9.878592848726891E-005  3.414693728338715E+001
    183  9.775936605972150E-005  3.317747871488443E+001
    135  9.761187539976736E-005  2.990996926970350E+001
     46  9.730853909101395E-005  2.508968851186969E+001
    374  9.679889208631839E-005  4.576894168844035E+001
     95  9.650490276460511E-005  2.806113631432304E+001
    763  9.635918658520416E-005  1.136578287383470E+002
    637  9.608703486725075E-005  1.087708716348475E+002
     44  9.517383475110864E-005  2.487547588775838E+001
    138  9.471923755613154E-005  2.998810658959070E+001
    929  9.441644335735414E-005  1.272324166790593E+002
   1044  9.393255137306448E-005  1.320835593454495E+002
   1041  9.383399802741021E-005  1.318604688563310E+002
    417  9.298747345429814E-005  5.432386496665636E+001
    398  9.295551769609684E-005  5.298968704937109E+001
     76  9.268187787107016E-005  2.719040433196805E+001
    173  9.212218896913535E-005  3.267731285541730E+001
    285  9.204831929662458E-005  3.794670187788559E+001
    156  9.124031004415376E-005  3.133959801814033E+001
    117  8.902674890211882E-005  2.915145470361619E+001
     16  8.817925584000101E-005  2.083990463296455E+001
    264  8.802511096768944E-005  3.760740200223662E+001
    719  8.780238258847496E-005  1.120361196403708E+002
    240  8.755039320827968E-005  3.568815433410965E+001
    102  8.717216887218837E-005  2.838723287464182E+001
      3  8.714693290126852E-005  1.530095081680193E+001
    329  8.679658789559691E-005  3.994917835777716E+001
    348  8.632851736562703E-005  4.278252907839931E+001
    385  8.624155338624676E-005  4.744969147605799E+001
    524  8.524875788018322E-005  6.196836567938324E+001
    206  8.493363837730464E-005  3.418711639611698E+001
    337  8.491902357135899E-005  4.125439580477820E+001
     85  8.395718376064970E-005  2.757726243328665E+001
    602  8.156714397495936E-005  1.078335831208874E+002
   1024  8.112626966761592E-005  1.310472886139475E+002
    588  8.007085467238855E-005  1.072780161282308E+002
    315  8.005965518477299E-005  3.946262277995078E+001
     48  7.935970267029850E-005  2.521050943974308E+001
    396  7.896081576008136E-005  5.292259014309509E+001
    137  7.885340641945286E-005  2.996307755422044E+001
     36  7.806753752543178E-005  2.408548968715760E+001
    495  7.772937980138120E-005  5.971063876484735E+001
    531  7.748072977931572E-005  6.280622541285696E+001
   1064  7.739270833902256E-005  1.339182935247794E+002
    636  7.660043440358005E-005  1.087412284437008E+002
    582  7.622217548277186E-005  1.069886979669129E+002
    995  7.617297218722100E-005  1.300556822463785E+002
    483  7.598798424320577E-005  5.892865432514233E+001
    921  7.470573476946416E-005  1.266347372507485E+002
    832  7.325946492133887E-005  1.176150872586579E+002
    226  7.314118213186516E-005  3.460914941435140E+001
    879  7.304757669654467E-005  1.208628531744268E+002
    331  7.286798087797120E-005  4.033978069592825E+001
    977  7.235590950334551E-005  1.291448023039548E+002
      9  7.232838708473798E-005  1.615282072713023E+001
    708  7.195076589723653E-005  1.116659378913442E+002
    196  7.159940211187028E-005  3.402217963204272E+001
    808  7.067349455152478E-005  1.166438640424820E+002
    505  7.055614136260274E-005  6.089365906344585E+001
    109  7.022727983833134E-005  2.888359254004277E+001
    101  7.014838166640569E-005  2.816121926613436E+001
    997  6.962584618308305E-005  1.300952728722026E+002
     79  6.934516703620619E-005  2.728143790603452E+001
    418  6.872319502231379E-005  5.440760214654593E+001
    110  6.869578936198392E-005  2.890337161783228E+001
    454  6.860074681831400E-005  5.753531790534946E+001
    746  6.817745016162086E-005  1.128150956859242E+002
    905  6.811455987214537E-005  1.252963463377060E+002
     43  6.784499397256621E-005  2.485090944939308E+001
    313  6.633648823740092E-005  3.941220320488696E+001
    710  6.582273952415207E-005  1.117114283703663E+002
    851  6.543511811950131E-005  1.189105890777936E+002
    151  6.470569174056256E-005  3.097448214004631E+001
    466  6.443682900652818E-005  5.848631456847294E+001
    145  6.439890712974631E-005  3.035386176419680E+001
    890  6.399628526811289E-005  1.222269695705770E+002
    158  6.383442302644382E-005  3.138637587596471E+001
    903  6.373441019736880E-005  1.249295857950171E+002
    733  6.325264814443356E-005  1.125211996768446E+002
    930  6.226900565972294E-005  1.272550109882912E+002
    472  6.178272438364602E-005  5.860732378330380E+001
    724  6.157351429005103E-005  1.122474317356576E+002
    938  6.141211223474534E-005  1.276246332177813E+002
    592  6.140570311809593E-005  1.074010896433819E+002
    911  6.130565432820407E-005  1.258968376271585E+002
    532  6.066568228351243E-005  6.299204701993657E+001
     63  6.008662612739846E-005  2.633691355837915E+001
    972  5.997068874374227E-005  1.289491342298440E+002
    152  5.995497284269113E-005  3.107793476288124E+001
    473  5.901767036372959E-005  5.864875851961727E+001
     67  5.751156395826815E-005  2.663955326886673E+001
    281  5.746160570723534E-005  3.778222215271058E+001
    658  5.732107230668371E-005  1.092752908733605E+002
    221  5.712119019174195E-005  3.444064242877499E+001
    320  5.711413771907507E-005  3.958466091098631E+001
    191  5.709742491517202E-005  3.372798248811258E+001
    106  5.695584187152270E-005  2.873147041157064E+001
    681  5.575900890481687E-005  1.107150530846271E+002
    131  5.557336279128453E-005  2.976719894627799E+001
    789  5.557214480801144E-005  1.157939903252585E+002
    169  5.553209273794469E-005  3.225245008090104E+001
    116  5.451026340499495E-005  2.910094471225916E+001
    322  5.414280678654351E-005  3.962934885257222E+001
    945  5.407570754926458E-005  1.278945431870569E+002
    306  5.312927103624060E-005  3.922583615449084E+001
    909  5.296949909720059E-005  1.256671150468244E+002
    239  5.208276105928084E-005  3.564788119351169E+001
    100  5.174673256865253E-005  2.814590236831992E+001
    164  5.165692653958669E-005  3.156123118588701E+001
    153  5.104734250833008E-005  3.119128674334460E+001
    934  5.103765222311851E-005  1.274026915475210E+002
    272  5.055361813024403E-005  3.770876893490352E+001
    689  5.048955085628684E-005  1.108992280227757E+002
    952  5.034089300539204E-005  1.282170243378332E+002
    913  5.002589737413139E-005  1.260963173315474E+002
    907  4.968784070433984E-005  1.254774984052440E+002
    292  4.923758804324895E-005  3.837765227419467E+001
     62  4.908853082273135E-005  2.630569023157911E+001
   1032  4.871552404083968E-005  1.314270448258869E+002
    631  4.784782241878712E-005  1.086593678715634E+002
     50  4.774564858950274E-005  2.524792740229145E+001
    898  4.727894555929578E-005  1.236287338505038E+002
    112  4.677774417604139E-005  2.893182478938967E+001
    321  4.672862058774178E-005  3.959878738143280E+001
    671  4.660793832510967E-005  1.100461630260976E+002
    942  4.654589108161944E-005  1.277896527703618E+002
    172  4.645494962010071E-005  3.254695536480502E+001
    924  4.641739200074872E-005  1.267645350898773E+002
    887  4.586824294627150E-005  1.215278324822884E+002
    184  4.580338855947308E-005  3.328145954751520E+001
    863  4.574048031114979E-005  1.194780899982511E+002
    453  4.506632175612282E-005  5.734859743017803E+001
    795  4.495725485381085E-005  1.159446042090269E+002
    327  4.482862636936446E-005  3.980649710729982E+001
    827  4.425955516853764E-005  1.174913134466901E+002
    126  4.315792890253820E-005  2.957864372821811E+001
    564  4.296842567965632E-005  1.059223740174141E+002
    813  4.238233638102810E-005  1.170211975618395E+002
    174  4.231819761942892E-005  3.277024257542895E+001
    204  4.170226028321962E-005  3.416741852472765E+001
    630  4.161617122340011E-005  1.086464564510315E+002
    675  4.154993263321129E-005  1.101932688761904E+002
    246  4.151119632015206E-005  3.612200287477440E+001
    958  4.135660881062573E-005  1.283326337970340E+002
    543  4.093846812252222E-005  1.026098663261161E+002
    826  4.060868607902766E-005  1.174535409692338E+002
    955  4.057614246489172E-005  1.283043098504922E+002
     96  3.995887667864381E-005  2.807603105873968E+001
      6  3.993180743849123E-005  1.593905863128156E+001
    848  3.987404912957039E-005  1.185512117490796E+002
    799  3.967221736855016E-005  1.161655148393659E+002
    212  3.961953914692983E-005  3.425448747044050E+001
     34  3.960011232261566E-005  2.394870774261297E+001
    431  3.958096467486147E-005  5.545822575490884E+001
    232  3.953735886392654E-005  3.530982942235851E+001
    988  3.927471230106568E-005  1.295230022337254E+002
    251  3.924888912420867E-005  3.670193646720268E+001
    892  3.924762961006160E-005  1.223146913863671E+002
    842  3.897710385915048E-005  1.180365480395604E+002
     70  3.869083890725543E-005  2.683332853591699E+001
    401  3.855940873245961E-005  5.310952948046032E+001
    180  3.846619501241045E-005  3.306959511625761E+001
    793  3.835655918060745E-005  1.158943894419280E+002
    125  3.798867263443141E-005  2.955205187993630E+001
    666  3.795600612190604E-005  1.096961217429448E+002
    309  3.782464925099361E-005  3.929268620446922E+001
     98  3.763770133664670E-005  2.810036398063808E+001
    279  3.684112271544186E-005  3.776291602598710E+001
    121  3.681820214306577E-005  2.937009161569695E+001
    256  3.674645593919635E-005  3.708485200545782E+001
     75  3.644886626532014E-005  2.717284531466260E+001
    683  3.635541182181488E-005  1.107854094171573E+002
    386  3.619895831889812E-005  4.778448827008048E+001
     35  3.618232253850734E-005  2.406163852032448E+001
    727  3.603575017495254E-005  1.123838421661365E+002
    351  3.602671506334143E-005  4.290814690346715E+001
    607  3.581169759313649E-005  1.079782277499060E+002
    836  3.578404823363027E-005  1.177792466123822E+002
     94  3.547341667275026E-005  2.803048707399637E+001
    442  3.514637453540785E-005  5.605259237502305E+001
    884  3.496946771455210E-005  1.212913619330936E+002
    133  3.472445936231729E-005  2.980777525245198E+001
    751  3.427982056211506E-005  1.129352725370382E+002
    119  3.406199087766751E-005  2.929038281335912E+001
    218  3.393560288672757E-005  3.434087154455664E+001
    706  3.374973564939926E-005  1.115644797142602E+002
    104  3.374595618239649E-005  2.863475114667724E+001
    357  3.355041464020997E-005  4.413715889769129E+001
    352  3.335438457106208E-005  4.345183818831803E+001
    519  3.329155085691285E-005  6.116666091909611E+001
     26  3.304116760563607E-005  2.275577786050195E+001
    394  3.257757142121513E-005  5.275338077531283E+001
    478  3.246455709235008E-005  5.880478287498814E+001
     53  3.245532559141764E-005  2.532427500710937E+001
    894  3.243354130227119E-005  1.226855190700912E+002
    409  3.236419902891435E-005  5.377950655266745E+001
    338  3.210085671384478E-005  4.143596746217444E+001
    190  3.173228740484257E-005  3.352213579831744E+001
    445  3.160286266971228E-005  5.650985963977887E+001
    404  3.150171067697163E-005  5.332919471058649E+001
    261  3.087614998491509E-005  3.751537038816641E+001
    336  3.060075481359142E-005  4.106442919982931E+001
    560  3.045397696970718E-005  1.057397922085461E+002
     49  3.033567102474944E-005  2.521926711432687E+001
    118  3.031914865738433E-005  2.927665934202001E+001
    150  2.996563544972927E-005  3.095380367517388E+001
    449  2.915185921384589E-005  5.713782918039372E+001
    238  2.883148459453986E-005  3.562010162214489E+001
    950  2.826341813152074E-005  1.281356928004739E+002
     97  2.818324493031967E-005  2.809615145046481E+001
    523  2.812907901886617E-005  6.195141091349550E+001
    155  2.798616097402665E-005  3.129077640287002E+001
    193  2.773078685793188E-005  3.387383688791338E+001
    821  2.764368368780601E-005  1.173213489801490E+002
    270  2.692771329176269E-005  3.767493462479421E+001
    208  2.593941975956411E-005  3.420400517096608E+001
    817  2.556901860331354E-005  1.171745914510001E+002
    402  2.525956421952985E-005  5.323403324336612E+001
    437  2.525445724270386E-005  5.567668099873953E+001
    194  2.507534484024661E-005  3.388123191050668E+001
    745  2.469421173291523E-005  1.127541380335163E+002
    161  2.457852807839900E-005  3.141544799468193E+001
    527  2.452054008155963E-005  6.211137902133680E+001
    515  2.425893951228181E-005  6.113166482037749E+001
    317  2.420414518694924E-005  3.952108816795088E+001
    810  2.409832596555826E-005  1.168542717379606E+002
    185  2.385436184293393E-005  3.329017879350934E+001
    741  2.366834859289759E-005  1.126383251241469E+002
    274  2.353528731271830E-005  3.771469066363962E+001
    262  2.340218008301110E-005  3.754826259370084E+001
    312  2.310989287341282E-005  3.940338989709551E+001
    382  2.310760731406893E-005  4.661435463500721E+001
    346  2.304705329306577E-005  4.251353138364797E+001
    451  2.294871020771900E-005  5.726939793781466E+001
    496  2.286507165783002E-005  5.977778544840232E+001
    134  2.286069468111575E-005  2.989081555609098E+001
    831  2.285948730702213E-005  1.175849164822640E+002
    854  2.252133180279645E-005  1.190938927222375E+002
    600  2.249580504606444E-005  1.078192567961393E+002
    111  2.245317485801399E-005  2.891758955889047E+001
     84  2.236061826526133E-005  2.748397341497807E+001
    113  2.180897444080216E-005  2.894608485543543E+001
    604  2.169565081150848E-005  1.078901483894559E+002
    717  2.138052050512960E-005  1.119901298340990E+002
    280  2.124110396480912E-005  3.777070006257392E+001
    555  2.063546653819119E-005  1.049505825405343E+002
    843  2.043680994354457E-005  1.181049125326048E+002
    565  2.041012474096410E-005  1.059848591127986E+002
    325  1.997228084804807E-005  3.979678053884171E+001
   1071  1.992409563316930E-005  1.353191143310252E+002
    414  1.990052433397387E-005  5.408443269732371E+001
    389  1.964110007569932E-005  4.924612888004685E+001
    791  1.939069916028502E-005  1.158399885308925E+002
   1039  1.898292078830003E-005  1.317789778316224E+002
    413  1.892081238263776E-005  5.407796767412047E+001
    304  1.867438337966684E-005  3.902642388250331E+001
    639  1.863894994972879E-005  1.087924757147032E+002
    187  1.825406738368316E-005  3.338593491458187E+001
    737  1.813694119840012E-005  1.125716601108342E+002
    981  1.811888642599356E-005  1.292686845988868E+002
     30  1.796326060133361E-005  2.339033246897357E+001
    176  1.795813422416002E-005  3.283702642513862E+001
     78  1.789397653742372E-005  2.724001953302053E+001
    860  1.788705371802110E-005  1.193608179742887E+002
    968  1.781376469421705E-005  1.287893908307005E+002
    623  1.774311997742810E-005  1.084311616311891E+002
    499  1.748839741419679E-005  6.010190034988052E+001
    231  1.732019366384368E-005  3.529195130720404E+001
    976  1.714313251998055E-005  1.291265023483052E+002
    275  1.712597927226531E-005  3.771871208633355E+001
    201  1.699743845557769E-005  3.413905621996786E+001
    970  1.694391146601209E-005  1.288440499253601E+002
    244  1.690915026788279E-005  3.582009297825139E+001
    324  1.688116272464326E-005  3.965813849875591E+001
    944  1.679285420237338E-005  1.278264506290159E+002
    812  1.671905809040500E-005  1.169499526914024E+002
    177  1.664056691016814E-005  3.286305119332699E+001
    802  1.640891938907671E-005  1.163074247182627E+002
    824  1.624224821187851E-005  1.173851057796732E+002
    510  1.613992043927619E-005  6.106496915014706E+001
    535  1.613252447072684E-005  7.234684016852472E+001
    573  1.612272150719614E-005  1.066520968004064E+002
    855  1.604448888484761E-005  1.192335282432478E+002
    159  1.599883397012724E-005  3.140014259635325E+001
    444  1.596562097430101E-005  5.640873014994138E+001
    399  1.587130783228557E-005  5.300117686152819E+001
    323  1.586477881050401E-005  3.963162035223775E+001
    223  1.572550945948128E-005  3.452101188794168E+001
    105  1.557797886971296E-005  2.872870804936272E+001
     91  1.552906863107956E-005  2.795709450840539E+001
     60  1.537810673506248E-005  2.612817271153773E+001
    171  1.528585367753538E-005  3.251692712246987E+001
   1060  1.526475484521322E-005  1.336329109810919E+002
    372  1.521596005931305E-005  4.569660817760900E+001
    663  1.499651407179323E-005  1.095408569103236E+002
    149  1.494955967562949E-005  3.064428879965062E+001
    349  1.491722438207210E-005  4.279212686889406E+001
    271  1.478342578819832E-005  3.769377629908810E+001
    548  1.452241523809100E-005  1.041098140943872E+002
    866  1.450969830238750E-005  1.198737679274225E+002
    521  1.449014133564212E-005  6.120499406654021E+001
    960  1.448429632586619E-005  1.283710541965592E+002
    771  1.415136974039985E-005  1.142541813627527E+002
    580  1.403785792031748E-005  1.069063882425304E+002
     61  1.396483096587112E-005  2.623624111749398E+001
    213  1.379986645662367E-005  3.426923698719692E+001
     81  1.364722749154157E-005  2.737831616504717E+001
     13  1.289892720921429E-005  2.038781372204352E+001
    542  1.288101632859584E-005  1.021380905135569E+002
    237  1.270415733771431E-005  3.561350513334219E+001
    991  1.269209806145457E-005  1.298309517843196E+002
     68  1.266649468564751E-005  2.665958995788216E+001
    299  1.262858422942282E-005  3.861147003050849E+001
    162  1.262714469046532E-005  3.142013005221356E+001
    287  1.258988018289080E-005  3.806334999222836E+001
    242  1.249228420273995E-005  3.575330164903793E+001
    168  1.247750445609185E-005  3.223239881301075E+001
    502  1.244077623725886E-005  6.033057478557798E+001
    307  1.232990532936526E-005  3.924418415703018E+001
    369  1.230758938112637E-005  4.556664797594529E+001
    245  1.229829014063128E-005  3.584895809931362E+001
    765  1.225483581820165E-005  1.138034732037320E+002
     25  1.198853824700995E-005  2.268285797328677E+001
    691  1.188061645877793E-005  1.109942746792360E+002
    528  1.187911728417360E-005  6.211763689923020E+001
    463  1.182236923137172E-005  5.840368106338346E+001
    853  1.159758268962111E-005  1.189950762444425E+002
    334  1.123097585069035E-005  4.055961280242965E+001
    300  1.066287735020139E-005  3.871033423098082E+001
    123  1.062505192061399E-005  2.945706723223188E+001
    756  1.056003223386482E-005  1.131019348749128E+002
    132  1.053094831543475E-005  2.978147182311027E+001
    649  1.036913750730247E-005  1.089557122086210E+002
    731  1.027238736331623E-005  1.124795031346507E+002
    314  1.024387066919302E-005  3.944402428691944E+001
    234  1.014788369806173E-005  3.541632958107625E+001
    916  9.996341225397731E-006  1.261858055404796E+002
    333  9.907504826170990E-006  4.050570323460023E+001
    561  9.889594426418989E-006  1.057823475786052E+002
    571  9.648705399485895E-006  1.065760725477823E+002
    305  9.508826622175186E-006  3.919092577852600E+001
    558  9.286907715696016E-006  1.054235904423783E+002
    230  9.253636338124242E-006  3.507000892128892E+001
    375  9.159498172647094E-006  4.577921754207221E+001
    484  9.095440200590584E-006  5.894622531819898E+001
    748  8.993138139411477E-006  1.128453459062848E+002
   1021  8.864728432934448E-006  1.308784400027895E+002
    420  8.778294027354188E-006  5.464265012038360E+001
    835  8.698612776690523E-006  1.176766134664512E+002
    514  8.552019525539304E-006  6.112143562944963E+001
    768  8.415219019335444E-006  1.140511281344195E+002
    257  8.369576378053078E-006  3.716053985696894E+001
    605  8.339058596418664E-006  1.079476682950407E+002
    749  8.329804347208790E-006  1.128862829609149E+002
    328  8.323196791843607E-006  3.982877398686839E+001
    947  8.286574336911417E-006  1.280025795512814E+002
    973  8.270569052265208E-006  1.290303348922233E+002
     59  8.261675279670275E-006  2.608228483109795E+001
    318  8.260138364980630E-006  3.952690512520030E+001
    214  8.255157155760713E-006  3.429158842681225E+001
    518  8.197385898468812E-006  6.116565427175681E+001
    367  8.182612449066700E-006  4.546665367422378E+001
    513  8.177314566967436E-006  6.111701004965728E+001
    784  8.172879792141624E-006  1.156115101864969E+002
    937  8.157533522102250E-006  1.275975168353670E+002
    361  8.156188711934569E-006  4.509188248244521E+001
    470  8.127192204306590E-006  5.858950887133865E+001
    678  8.098252212489250E-006  1.105298402911861E+002
     52  7.879925169991221E-006  2.532370304309600E+001
    332  7.693714831590900E-006  4.036182328117159E+001
     88  7.560953945981849E-006  2.776495450944637E+001
    584  7.525362922982468E-006  1.071415131646536E+002
    284  7.413055408232761E-006  3.794002386601017E+001
    594  7.373451354035778E-006  1.075267994995216E+002
    147  7.073471008913805E-006  3.045498909450352E+001
    428  6.938311758719393E-006  5.539697768550786E+001
     19  6.924547858773680E-006  2.137958735177528E+001
    215  6.816503661778098E-006  3.430912489816387E+001
    429  6.775491924564022E-006  5.542704693693687E+001
    416  6.754361734822747E-006  5.412105627361211E+001
    611  6.728625232273579E-006  1.080609110523806E+002
    577  6.678344096143956E-006  1.068269012623950E+002
    490  6.347189506564511E-006  5.909746584665749E+001
    493  6.019127037568104E-006  5.956939432616837E+001
    517  5.996408138148602E-006  6.116283191518230E+001
   1057  5.990948275030900E-006  1.332882698940204E+002
    674  5.988209126998216E-006  1.101627157855635E+002
    774  5.913394311366292E-006  1.147299018357027E+002
    899  5.811313986209585E-006  1.237750393258326E+002
    140  5.709832926455865E-006  3.002380690834687E+001
    964  5.706789673504566E-006  1.284811881676410E+002
    189  5.688082380256834E-006  3.348575581421191E+001
    469  5.607209103571391E-006  5.857260373695996E+001
    481  5.591601825241017E-006  5.889564718758225E+001
    243  5.536405775253826E-006  3.580427376176280E+001
    265  5.534678630220932E-006  3.762418150997995E+001
    529  5.491094329928198E-006  6.213305424318654E+001
    482  5.478278697121892E-006  5.890508639424976E+001
     15  5.459389102538972E-006  2.077312965636918E+001
    583  5.451355073721311E-006  1.070323413352247E+002
    579  5.444671546389534E-006  1.068810185812333E+002
    410  5.414810320418344E-006  5.380004782230375E+001
   1027  5.305514469470858E-006  1.311414239553258E+002
    943  5.225815029654094E-006  1.278255860865938E+002
    476  5.102108794688114E-006  5.874284760292872E+001
    755  5.068975843391515E-006  1.130537195644052E+002
     56  5.066097756334210E-006  2.577494999028338E+001
    624  5.045593988369844E-006  1.084534043855216E+002
    880  5.027911912652428E-006  1.209811659012211E+002
     80  5.014372928572743E-006  2.737665388114407E+001
    179  4.966489342086116E-006  3.301071504933698E+001
   1014  4.880315058431048E-006  1.306579532637773E+002
    797  4.868938991249499E-006  1.161224071144865E+002
    616  4.799103828359191E-006  1.081902144651443E+002
    589  4.795940936221870E-006  1.073243551551986E+002
    488  4.625344321993066E-006  5.904214899548738E+001
    807  4.587049624729449E-006  1.166040027024774E+002
    780  4.584309139086018E-006  1.153482258688003E+002
    181  4.527847697734336E-006  3.309588236011395E+001
    370  4.499903648751899E-006  4.562254251008403E+001
    672  4.489484243821624E-006  1.100523893058521E+002
     83  4.480949947224002E-006  2.745200449399356E+001
    227  4.421257224487686E-006  3.461221107986133E+001
    567  4.391067013675216E-006  1.061175767374582E+002
    757  4.363949818880390E-006  1.131455979007981E+002
    585  4.353702707317644E-006  1.071721890576240E+002
   1007  4.267262157624061E-006  1.303971511397991E+002
    615  4.246416502931400E-006  1.081646255451844E+002
    198  4.173021466089212E-006  3.410095577154824E+001
    295  4.162450591191337E-006  3.844649820311862E+001
    457  4.119211856201776E-006  5.770039153165104E+001
   1029  4.110150449404462E-006  1.312589073638632E+002
    441  4.048853807262450E-006  5.602297434426368E+001
    391  3.973643844521954E-006  4.935295074539214E+001
    656  3.968468511335250E-006  1.092383325553483E+002
    366  3.953891151178694E-006  4.541480133184800E+001
    339  3.942432705618803E-006  4.199721405536648E+001
    609  3.939461108617474E-006  1.080529774194348E+002
    530  3.933915778327338E-006  6.265828803408258E+001
    816  3.891038053104526E-006  1.170854692244173E+002
    350  3.862884014735840E-006  4.287084402122760E+001
    953  3.799661288049129E-006  1.282835790234384E+002
    574  3.767773989957746E-006  1.067089856517616E+002
    983  3.762910933181634E-006  1.293699640118089E+002
    626  3.713497258933606E-006  1.085197354965440E+002
    595  3.703223391346161E-006  1.075727311228692E+002
    667  3.681000883951396E-006  1.098231148083649E+002
    354  3.677269073110825E-006  4.358717802496741E+001
    641  3.658363551370175E-006  1.088136450829588E+002
     99  3.634450280439077E-006  2.813215700322161E+001
    219  3.627412572434683E-006  3.435584966495736E+001
    713  3.599396213207036E-006  1.118750446375970E+002
    610  3.546874066630184E-006  1.080548791140610E+002
    486  3.524074924738085E-006  5.898078655703418E+001
    424  3.488750579342775E-006  5.504400290817051E+001
    596  3.449030781307563E-006  1.076305596761092E+002
    302  3.365248181998392E-006  3.874867387838012E+001
    655  3.349922391842076E-006  1.092114390318620E+002
    803  3.298784011222588E-006  1.163959410830473E+002
    693  3.210518667328137E-006  1.110198391814811E+002
    471  3.209212121283121E-006  5.859921299406331E+001
    170  3.198602628623921E-006  3.240864442722207E+001
    526  3.191005416100167E-006  6.205614154690332E+001
    522  3.188776197758711E-006  6.189501394570030E+001
    286  3.162262612509845E-006  3.806107114689090E+001
    682  3.153888806809963E-006  1.107795174367904E+002
    233  3.135414261982876E-006  3.536858076063520E+001
     93  3.115368704450491E-006  2.801831476528660E+001
     87  3.105792550595004E-006  2.773505635732142E+001
    260  3.102006654548061E-006  3.745846822965304E+001
   1070  3.015973084192471E-006  1.350535885837313E+002
    613  3.013012780115970E-006  1.081325074305931E+002
    622  2.908944151017855E-006  1.084041586407917E+002
    397  2.844406821163387E-006  5.292984574180642E+001
    670  2.821745385518799E-006  1.099218253642219E+002
    254  2.791121233002375E-006  3.696870162494890E+001
    568  2.776708687981587E-006  1.063884322375297E+002
   1002  2.762280797799032E-006  1.301955720736593E+002
    220  2.761348962709047E-006  3.440936379612124E+001
    569  2.707462872712574E-006  1.064024371239422E+002
    572  2.701600660554820E-006  1.066354688575440E+002
    200  2.694808940456078E-006  3.413076352937113E+001
    175  2.681291861504431E-006  3.282740528695558E+001
    359  2.667640028188182E-006  4.440820660542785E+001
    896  2.559960174303636E-006  1.231967026860033E+002
     21  2.551344503318469E-006  2.149552581175353E+001
   1040  2.524641271620072E-006  1.318325334098182E+002
    269  2.455582344953104E-006  3.766609016559832E+001
   1046  2.453598653089942E-006  1.322741703884410E+002
    800  2.386721597163044E-006  1.161811067685375E+002
   1068  2.367833072513009E-006  1.342139437973118E+002
    829  2.360049559140261E-006  1.175434491795728E+002
    608  2.344808080963774E-006  1.080310773431174E+002
    534  2.339007034276760E-006  6.352992396574133E+001
    250  2.332238317945304E-006  3.645071914574685E+001
    910  2.310693564381706E-006  1.258349422363612E+002
    216  2.239958939036815E-006  3.431915233475488E+001
    225  2.205542099099180E-006  3.458265676939745E+001
    267  2.190644779046139E-006  3.763942844703926E+001
    787  2.109957494447855E-006  1.157066821730262E+002
    684  2.108960079818810E-006  1.108055531440044E+002
    744  2.108355215230147E-006  1.127340165661099E+002
    509  2.098774735930134E-006  6.104665142125116E+001
   1004  2.039515393305519E-006  1.302828791464404E+002
    739  1.991405485689958E-006  1.126267264275300E+002
    236  1.951855324258882E-006  3.558504171265294E+001
    368  1.922385806932956E-006  4.552075151204606E+001
    979  1.887836343186130E-006  1.292073280791942E+002
    447  1.854252862342114E-006  5.692641404400948E+001
    669  1.846060865850697E-006  1.098991161820264E+002
    192  1.843975076269563E-006  3.373139183933635E+001
    709  1.837973323989347E-006  1.116986555393093E+002
    695  1.834415980243055E-006  1.110404578737834E+002
    634  1.724075325850507E-006  1.087110579745548E+002
    591  1.707851952147776E-006  1.073970459895217E+002
    986  1.686055731480045E-006  1.294778988001748E+002
    702  1.645611207060891E-006  1.112791472783473E+002
     72  1.581888674082769E-006  2.695844835194747E+001
    303  1.571259698029139E-006  3.891633174738261E+001
   1017  1.551762141530259E-006  1.307020085696559E+002
    927  1.548966804506970E-006  1.271118445081471E+002
    782  1.531289560499206E-006  1.155663554633046E+002
    963  1.517159140852042E-006  1.284456810480366E+002
    122  1.516169121017425E-006  2.942821875092930E+001
    650  1.482176517596744E-006  1.090061273622073E+002
    665  1.477019726961839E-006  1.096195054263975E+002
    633  1.410537176059087E-006  1.086770367044967E+002
    371  1.383094905203053E-006  4.567834615857563E+001
   1028  1.355273129566475E-006  1.312419762585663E+002
    640  1.326599493981159E-006  1.088027953187827E+002
    781  1.297458215571502E-006  1.155015502370288E+002
    651  1.278403505716783E-006  1.090123807306586E+002
    994  1.278178011712849E-006  1.299886393654431E+002
    962  1.268568686546086E-006  1.284190833846668E+002
   1063  1.265199696914152E-006  1.338610239777397E+002
    625  1.262643081214471E-006  1.084878781680722E+002
    923  1.260658377802072E-006  1.267345977181097E+002
    922  1.235868904020901E-006  1.267277337836395E+002
    815  1.229448480626007E-006  1.170844697210597E+002
    439  1.224804681286650E-006  5.581771077364913E+001
    714  1.223365763983041E-006  1.118865310298163E+002
    654  1.201371830074241E-006  1.091774321289355E+002
    235  1.172292449120345E-006  3.553329683850696E+001
    679  1.145034793886055E-006  1.106299731616480E+002
    804  1.144685634975502E-006  1.164307012054320E+002
    846  1.142495387777651E-006  1.183733977129572E+002
    715  1.135278421667031E-006  1.119122168057061E+002
    998  1.134627362908417E-006  1.301241144683907E+002
   1033  1.132697273959744E-006  1.314921549657209E+002
    657  1.126171180764599E-006  1.092680437977900E+002
    699  1.100526852938904E-006  1.111753891148923E+002
    508  1.096938381427762E-006  6.101348113010317E+001
    862  1.092274873196098E-006  1.194326389788892E+002
    643  1.075527946950298E-006  1.088529165631816E+002
    696  1.071543239025975E-006  1.111110130672436E+002
    167  1.056818181199670E-006  3.206734480721192E+001
    276  1.055032764462562E-006  3.774173651101562E+001
    932  1.040732077978948E-006  1.272890793904072E+002
    982  1.008312643257682E-006  1.293230544301462E+002
    707  1.001926693363969E-006  1.116484954290111E+002
    601  9.995974224137878E-007  1.078222216339937E+002
    562  9.978256007703632E-007  1.058125905236654E+002
    790  9.862255487099228E-007  1.158127479939932E+002
   1054  9.816276955327821E-007  1.332101619260334E+002
    915  9.705633434998960E-007  1.261627872997085E+002
    268  9.704785321123139E-007  3.765614789507087E+001
    990  9.627431622632375E-007  1.297249883032466E+002
    948  9.586034625741383E-007  1.280530341997139E+002
    677  9.574964061244010E-007  1.104103779431708E+002
    794  9.546049366557679E-007  1.159299755047292E+002
    740  9.496997765205923E-007  1.126281679605138E+002
    837  9.355292937091029E-007  1.177814246314451E+002
    590  9.230224907807375E-007  1.073381491314167E+002
    893  9.099474893515402E-007  1.225899968537864E+002
    732  8.813035289929506E-007  1.124809932511083E+002
    897  8.676150030753306E-007  1.233154024205701E+002
    586  8.666238235578516E-007  1.072414988471015E+002
    203  8.492921044227130E-007  3.415596231316062E+001
    809  8.489164888958954E-007  1.168273457040169E+002
    511  8.451880960100290E-007  6.108291035790679E+001
    786  8.419297092578904E-007  1.156679892855772E+002
   1025  8.373740042455869E-007  1.310823101564250E+002
    619  8.349423994034048E-007  1.083262496248409E+002
    845  8.192705874850298E-007  1.182722434309271E+002
    685  7.944418386977030E-007  1.108208915724099E+002
    668  7.926215452256863E-007  1.098358517134249E+002
    849  7.859495188776932E-007  1.186556798515274E+002
    770  7.824623418309048E-007  1.141655133118217E+002
    931  7.807816121248453E-007  1.272754104030811E+002
    599  7.644785575080762E-007  1.077354408464688E+002
    642  7.641879444223019E-007  1.088349318990273E+002
    901  7.581857774809092E-007  1.246352700151236E+002
    627  7.575849815337125E-007  1.085359599099982E+002
    939  7.364771876963574E-007  1.276788938661296E+002
    852  7.353325341252167E-007  1.189308904937423E+002
    362  7.146533402410080E-007  4.520209191521082E+001
    638  7.081989221073444E-007  1.087773663504995E+002
    761  6.998634320063448E-007  1.134019555363662E+002
    758  6.987730360383864E-007  1.131945788764974E+002
   1076  6.966747983324290E-007  1.858411948136732E+002
    767  6.953556172919812E-007  1.139787538815297E+002
    917  6.795237219315983E-007  1.262583151256411E+002
    249  6.763887869659611E-007  3.643158917315001E+001
   1051  6.602287976032428E-007  1.330173846663143E+002
    949  6.527529608238478E-007  1.280833568476082E+002
    263  6.431766348086757E-007  3.756851288337069E+001
    461  6.281519637469452E-007  5.832169084274378E+001
   1022  6.193284876753786E-007  1.309570316227355E+002
    662  6.092039194457491E-007  1.094304874643061E+002
   1003  6.077634255250760E-007  1.302792324598297E+002
    377  6.007569968471511E-007  4.580996274485975E+001
    614  5.977380270612304E-007  1.081499604581023E+002
    664  5.623501761342141E-007  1.095868237421283E+002
   1012  5.544797513297091E-007  1.305860585800326E+002
    545  5.489410141049301E-007  1.038885725205099E+002
    933  5.470592884086577E-007  1.272967505112425E+002
    792  5.455508156320791E-007  1.158579110744502E+002
    345  5.401089876871581E-007  4.248475366295001E+001
    978  5.385439059893429E-007  1.291764873003617E+002
    434  5.316625670031778E-007  5.556859477681133E+001
    124  5.255485179175061E-007  2.953039329658957E+001
    660  5.235697614067362E-007  1.093929129115852E+002
   1061  5.203258028090039E-007  1.338239896777959E+002
    859  5.177275395515296E-007  1.193117826572047E+002
    728  5.172975111413897E-007  1.123911467240560E+002
    489  5.118148582668387E-007  5.906665573291085E+001
    506  5.111581787848579E-007  6.092479484159845E+001
    277  5.078046527561370E-007  3.774405278528796E+001
    908  5.024300201794577E-007  1.256350992978881E+002
    961  4.896869568141261E-007  1.283826108536399E+002
    648  4.839610349984739E-007  1.089328290594756E+002
    920  4.819457095526516E-007  1.265729199247587E+002
    688  4.791051546718125E-007  1.108652117541332E+002
    985  4.771997531442403E-007  1.294454523269476E+002
    760  4.756861493019552E-007  1.133648679091437E+002
    957  4.602415824894910E-007  1.283224605383935E+002
    120  4.564158956533257E-007  2.935022978395871E+001
    764  4.561735880654100E-007  1.137269990775531E+002
    828  4.448208770878201E-007  1.175132070682912E+002
    703  4.301934199788183E-007  1.113359924967504E+002
    925  4.287854038431583E-007  1.268943605090481E+002
    501  4.255301488430718E-007  6.025540211442135E+001
    247  4.239230663669413E-007  3.613855018049320E+001
    705  4.196529864855466E-007  1.114879185885843E+002
    711  4.176629402882428E-007  1.117833092223069E+002
   1043  4.172656932302617E-007  1.320181582363304E+002
   1035  4.134809386145127E-007  1.315022364948826E+002
    597  4.049360147090080E-007  1.076362394255561E+002
    729  3.959881790914280E-007  1.124070412533170E+002
    830  3.868140360071282E-007  1.175448785112390E+002
    556  3.856028352159070E-007  1.053074591696642E+002
     82  3.756643869414621E-007  2.744742479332049E+001
    241  3.725545041774137E-007  3.573178726353736E+001
    999  3.587674063317709E-007  1.301340763851820E+002
     47  3.563881374740033E-007  2.514695584094496E+001
    736  3.502133596061081E-007  1.125700463249535E+002
    541  3.500948030331596E-007  1.020561485810812E+002
    673  3.407179976121381E-007  1.101090602242966E+002
    839  3.305770969422873E-007  1.178451551754228E+002
    228  3.281744314371509E-007  3.465329128304563E+001
    734  3.220466798158186E-007  1.125227414297757E+002
    935  3.187281079351645E-007  1.274477748704804E+002
    735  2.955468207281150E-007  1.125422257639707E+002
   1010  2.915834505804231E-007  1.305150376372933E+002
    747  2.889155170687853E-007  1.128221651622354E+002
    406  2.884861909576592E-007  5.347162595814701E+001
    606  2.851164623805476E-007  1.079754075340127E+002
    805  2.842051536383789E-007  1.165442309434909E+002
    127  2.833092115588334E-007  2.958197907168710E+001
    720  2.791490615695339E-007  1.121496181246094E+002
    653  2.763677021033627E-007  1.090926521840726E+002
    956  2.749420627118034E-007  1.283075816024711E+002
    788  2.749231680358024E-007  1.157595566872355E+002
    603  2.732229121903734E-007  1.078480909052838E+002
    888  2.695281362628822E-007  1.215384892766490E+002
    902  2.643182839010754E-007  1.246861225619736E+002
    886  2.607549786417231E-007  1.214498350996194E+002
    383  2.581766337215445E-007  4.665506804468283E+001
    818  2.479655264408050E-007  1.172202887178189E+002
   1052  2.442441738137592E-007  1.330891459743712E+002
   1013  2.318012974816045E-007  1.306191025791559E+002
    776  2.261125213574144E-007  1.150535509847603E+002
    753  2.254958830808931E-007  1.130399909728984E+002
    718  2.110617881729975E-007  1.120307816427976E+002
    730  2.085152674331037E-007  1.124678820560711E+002
    900  2.069296030599507E-007  1.240255399934555E+002
    819  2.040372192807761E-007  1.172617623112352E+002
   1073  2.037947789940316E-007  1.355646294676644E+002
    834  1.984441314056387E-007  1.176651591794238E+002
   1023  1.956805841089446E-007  1.309907545973144E+002
    726  1.754208989714376E-007  1.123280306605216E+002
     40  1.740412152580487E-007  2.429142631572386E+001
    912  1.675249243485114E-007  1.259977317017505E+002
   1065  1.674792713812223E-007  1.340986810838602E+002
    936  1.673044688456937E-007  1.275963114471066E+002
    273  1.630229529827998E-007  3.771236202405859E+001
    766  1.615112643715446E-007  1.138313497862233E+002
    195  1.613488480606112E-007  3.399004655216064E+001
    224  1.558666925642073E-007  3.456258153743839E+001
    139  1.552564536407215E-007  3.001327528760398E+001
    951  1.547494964309630E-007  1.282127111215003E+002
    701  1.524267682050344E-007  1.112655741498095E+002
    906  1.490518144602791E-007  1.253859334012492E+002
    750  1.481954340641079E-007  1.128980084302201E+002
    993  1.445439147536907E-007  1.299638892136509E+002
    363  1.435447650128147E-007  4.523665715266514E+001
    722  1.398077041706228E-007  1.121989232781130E+002
    822  1.323442768513879E-007  1.173379890193997E+002
    811  1.320629908612945E-007  1.169131613251637E+002
    980  1.308305658335769E-007  1.292322903638887E+002
    841  1.224405691086427E-007  1.180046875638410E+002
    872  1.181340858128900E-007  1.204992644439996E+002
    412  1.178688271681454E-007  5.399327798218789E+001
    178  1.140230528055447E-007  3.291892583427273E+001
    628  1.120297858161226E-007  1.085999071252231E+002
    856  1.075217180064477E-007  1.192407591408727E+002
    814  1.007985705477916E-007  1.170571282096026E+002
    779  9.797476035427085E-008  1.153237642854880E+002
    129  9.134777238663819E-008  2.967722940199728E+001
    798  9.125989747292828E-008  1.161233232814441E+002
    146  8.953001848710814E-008  3.038455959742199E+001
    882  8.908843972580739E-008  1.212606419968792E+002
    864  8.664930566168062E-008  1.195154318953015E+002
    874  8.245524914753160E-008  1.206463359037059E+002
    969  7.782010275779681E-008  1.288232913140608E+002
    878  7.742999488954289E-008  1.208553192243232E+002
   1030  7.502317969135562E-008  1.313677884464318E+002
    833  7.495477745694627E-008  1.176450554682990E+002
    373  7.342907864409421E-008  4.573517441489172E+001
    861  7.315933247592543E-008  1.193618968506130E+002
    465  7.286379590586492E-008  5.845233409136720E+001
   1019  7.024126303292481E-008  1.307856127904329E+002
   1037  6.987738149685221E-008  1.316166834102353E+002
    692  6.926893016305043E-008  1.109991362888409E+002
    904  6.877887074458347E-008  1.250437756508075E+002
    612  6.726276464803039E-008  1.080838271474082E+002
    581  6.665203513698131E-008  1.069166383916512E+002
    364  5.641813020883792E-008  4.528995878587361E+001
    867  5.572768411750669E-008  1.199420338065019E+002
    857  5.119446302486662E-008  1.192977858717030E+002
    443  5.100259014241492E-008  5.615506371008289E+001
    520  4.819628988183447E-008  6.117519869664547E+001
    644  4.736893509984204E-008  1.088699046594824E+002
   1015  4.562955337585989E-008  1.306693309857935E+002
    773  4.463792798839105E-008  1.146041296786391E+002
    538  4.437485387271527E-008  8.801939400846273E+001
    876  4.275972980906367E-008  1.207338716680959E+002
   1056  4.170952976249809E-008  1.332822863268028E+002
    858  4.079592350247000E-008  1.193043137223610E+002
    996  4.067318116319897E-008  1.300741546440489E+002
   1049  3.845703645711674E-008  1.325964910892840E+002
    723  3.625287358639213E-008  1.122249597820348E+002
    704  3.431964970749213E-008  1.114088220449556E+002
    941  3.418273358643271E-008  1.277239710636116E+002
     41  3.260069599742845E-008  2.434332602389209E+001
    987  3.257910066104619E-008  1.295218650079724E+002
   1059  2.929058161095756E-008  1.335352794510990E+002
    252  2.605100149949071E-008  3.681481496629917E+001
    686  2.416010183379113E-008  1.108321598991433E+002
    408  2.095451203744146E-008  5.368647704938994E+001
    647  2.071383427742428E-008  1.089204596390746E+002
    754  2.012633905133293E-008  1.130532912402911E+002
    618  1.952140307162025E-008  1.083041655146542E+002
    891  1.822344891869405E-008  1.222344606190913E+002
    946  1.800457862966538E-008  1.279201366409634E+002
    801  1.696622171776579E-008  1.162412158177078E+002
    775  1.639269381743598E-008  1.149447083106751E+002
    823  1.494077839276516E-008  1.173434151863991E+002
    840  1.467514536715236E-008  1.179674198090055E+002
    652  1.299419122684315E-008  1.090805000764319E+002
    850  1.297129324405434E-008  1.188640670964077E+002
    914  1.187528660290177E-008  1.261343003660832E+002
    752  1.165478511104366E-008  1.129825416205730E+002
    388  1.072098552225224E-008  4.916519389587509E+001
    743  8.913458314526933E-009  1.126739704882794E+002
    959  7.065740894355489E-009  1.283643788123119E+002
   1077  6.098366293776623E-009  6.189178021453241E+002
    869  5.361967959695978E-009  1.201465244096069E+002
    974  4.623002618665088E-009  1.290391941684268E+002
    342  3.865679569887892E-009  4.219280462450153E+001
    620  3.633021351660345E-009  1.083700393844588E+002
    881  3.490544060029997E-009  1.212001054655417E+002
    550  3.301122931199103E-009  1.044255141670578E+002
    759  3.240352805399574E-009  1.132523759465808E+002
    895  2.937619186558761E-009  1.231922658586809E+002
    965  2.582591351029033E-009  1.286084743618769E+002
    806  2.400288309009029E-009  1.165904998677036E+002
    680  2.274159923871302E-009  1.106808485277705E+002
    598  1.457258587838091E-009  1.077082259858063E+002
    141  1.318388347947544E-009  3.005205957969120E+001
    885  9.231803319767467E-010  1.213849358963692E+002
    889  8.340117342439292E-010  1.221096476933091E+002
    107  2.611666628089577E-010  2.880093649968087E+001
    971  1.998963744268058E-011  1.289111652451389E+002
    712  1.401706213295620E-011  1.118479116964762E+002
    629  1.314483707176978E-011  1.086436456014825E+002
    435  1.123513195300844E-011  5.559833163642786E+001
