# Number of modes
   1077
# Tabulated for different initial and final frequencies?
    F
# Mode index, Sj, (highest to lowest), omega_j
    547  4.666022313981170E-002  1.040413527560943E+002
    566  1.903633251270505E-002  1.060197199307676E+002
    419  1.213848655624539E-002  5.447434435004674E+001
   1058  1.199909769643805E-002  1.334381531708862E+002
      7  1.145021160084723E-002  1.598850297870253E+001
    384  9.401700922271185E-003  4.693482184770667E+001
     16  9.225884922599818E-003  2.083990463296455E+001
     27  8.890284408541053E-003  2.288948685305089E+001
    485  8.657869039000409E-003  5.896971858223063E+001
    300  8.275830261840155E-003  3.871033423098082E+001
    358  8.089839848893304E-003  4.418411045040358E+001
    505  8.078926700764788E-003  6.089365906344585E+001
    552  6.774037035574711E-003  1.045004516183760E+002
    344  6.597195932377026E-003  4.229281490750487E+001
    452  6.499642119506645E-003  5.732416656661538E+001
    297  6.207466058729206E-003  3.850412000814609E+001
   1060  6.124024096953060E-003  1.336329109810919E+002
     23  5.993817260536200E-003  2.160694502786773E+001
    507  5.814474614308646E-003  6.098134465730102E+001
    294  5.541754045855040E-003  3.844005427068350E+001
     60  5.222225784705764E-003  2.612817271153773E+001
      8  5.193876827605489E-003  1.603898235084092E+001
    430  4.684632586965476E-003  5.544226538226409E+001
   1050  4.531929094540371E-003  1.326682006609648E+002
   1072  4.401755114487019E-003  1.354275255218108E+002
    423  4.246393571315154E-003  5.491452382822700E+001
    530  3.892287774310469E-003  6.265828803408258E+001
   1064  3.861694711665409E-003  1.339182935247794E+002
    392  3.840410575835400E-003  4.975569880244111E+001
    546  3.692213522617085E-003  1.038908634804570E+002
     24  3.616045585650219E-003  2.165827626673025E+001
      1  3.452440588489778E-003  1.480943860687432E+001
      9  3.441735361656376E-003  1.615282072713023E+001
    533  3.413709696447326E-003  6.344214913117692E+001
    291  3.396437219928301E-003  3.834865717601958E+001
    503  3.227587731303376E-003  6.062899617907863E+001
     38  3.101060959647971E-003  2.415274881711009E+001
    456  3.072807093013054E-003  5.758475825352298E+001
    563  2.980905405703056E-003  1.058622417292547E+002
    492  2.759080918615412E-003  5.919740097208313E+001
     64  2.680340821124318E-003  2.637954322898939E+001
    538  2.677279965358096E-003  8.801939400846273E+001
     65  2.655969384477846E-003  2.645533186342116E+001
    531  2.601974845051520E-003  6.280622541285696E+001
    393  2.579202736396333E-003  5.117422678475859E+001
     18  2.553364713709930E-003  2.124694793769305E+001
    152  2.505712524057617E-003  3.107793476288124E+001
    510  2.482006992311055E-003  6.106496915014706E+001
    298  2.473332977281963E-003  3.860785506393049E+001
    544  2.467774891174638E-003  1.037287728441322E+002
   1045  2.382698954295632E-003  1.322246800166877E+002
    504  2.325386170063795E-003  6.073767201700102E+001
    518  2.223494858712997E-003  6.116565427175681E+001
    551  2.213687298004190E-003  1.044758850995860E+002
    248  2.173584625306778E-003  3.617742791171408E+001
    402  2.074156572019215E-003  5.323403324336612E+001
    966  2.044321219834003E-003  1.287120665380274E+002
    686  2.033593136271122E-003  1.108321598991433E+002
    427  1.999966803416076E-003  5.530625255614972E+001
    383  1.982965990132972E-003  4.665506804468283E+001
    114  1.964101618499954E-003  2.903390568794284E+001
    415  1.941295851369679E-003  5.409773008136273E+001
     29  1.933314550752454E-003  2.304600720746813E+001
    673  1.929746305154028E-003  1.101090602242966E+002
    390  1.921477574719568E-003  4.930034545373515E+001
    554  1.886010862248567E-003  1.048978551747549E+002
    491  1.870208093076497E-003  5.916484178919298E+001
    549  1.855309101758108E-003  1.043755820157491E+002
    356  1.842899356018425E-003  4.399929676237998E+001
     20  1.803433410488856E-003  2.146722812704134E+001
    459  1.694904720625189E-003  5.797524108925945E+001
    249  1.692353252610357E-003  3.643158917315001E+001
    379  1.660459792419288E-003  4.610002508350383E+001
    266  1.592408246026725E-003  3.763404507858488E+001
    197  1.579766228820230E-003  3.407091137263039E+001
     11  1.553947689777301E-003  1.771447447329438E+001
    180  1.535308066355063E-003  3.306959511625761E+001
    236  1.460193531767443E-003  3.558504171265294E+001
    100  1.445464962049183E-003  2.814590236831992E+001
   1061  1.432506180103457E-003  1.338239896777959E+002
    539  1.432280241813887E-003  1.004038214764926E+002
    306  1.426559586257002E-003  3.922583615449084E+001
    144  1.419035345961547E-003  3.023024488043693E+001
    154  1.415027878596697E-003  3.128025029310897E+001
    232  1.409461645466628E-003  3.530982942235851E+001
   1057  1.348268061087292E-003  1.332882698940204E+002
    835  1.342329666600364E-003  1.176766134664512E+002
     58  1.316155112605927E-003  2.603619761911758E+001
    299  1.291663481142139E-003  3.861147003050849E+001
    141  1.290381224069308E-003  3.005205957969120E+001
    474  1.247678427239320E-003  5.866520048333617E+001
     26  1.243220800984082E-003  2.275577786050195E+001
     44  1.239784627117627E-003  2.487547588775838E+001
    188  1.195342694397560E-003  3.343297855491465E+001
     91  1.193776928809164E-003  2.795709450840539E+001
    838  1.183415624839572E-003  1.178077045912047E+002
    407  1.182980362658859E-003  5.355040632372296E+001
     55  1.159660514593642E-003  2.564739582447731E+001
    454  1.143634644426330E-003  5.753531790534946E+001
   1069  1.116235478853684E-003  1.347402109836953E+002
    572  1.109008004365094E-003  1.066354688575440E+002
    308  1.105143232977318E-003  3.924824416979163E+001
    303  1.094501962249747E-003  3.891633174738261E+001
    160  1.052057306978464E-003  3.140287364756382E+001
    378  1.051141757363970E-003  4.609481655347708E+001
    514  1.042540919358286E-003  6.112143562944963E+001
    108  1.041991435761433E-003  2.884206820739177E+001
    301  1.038934778340462E-003  3.874125966254066E+001
     67  1.035035149417291E-003  2.663955326886673E+001
    433  1.021084787015896E-003  5.552394895078822E+001
    519  1.019331129210327E-003  6.116666091909611E+001
    448  1.012481814490214E-003  5.707216855561523E+001
    169  1.002431030987250E-003  3.225245008090104E+001
    219  9.899432289540648E-004  3.435584966495736E+001
      5  9.798245086013221E-004  1.580375607842547E+001
    111  9.729534480237056E-004  2.891758955889047E+001
    721  9.705696150175174E-004  1.121902054803930E+002
   1022  9.637163348343321E-004  1.309570316227355E+002
     31  9.535845674351535E-004  2.349957735236975E+001
    245  9.407959290409610E-004  3.584895809931362E+001
    244  9.332466749767876E-004  3.582009297825139E+001
    666  9.307053690035279E-004  1.096961217429448E+002
    330  9.227602113019066E-004  4.000719691328421E+001
    312  9.001915663262855E-004  3.940338989709551E+001
    262  8.959131235182201E-004  3.754826259370084E+001
    516  8.935640575630951E-004  6.114879167768425E+001
    536  8.929161567345300E-004  7.244369170766353E+001
     53  8.889514189397429E-004  2.532427500710937E+001
    199  8.800890486576086E-004  3.411214171315592E+001
    970  8.595064102857278E-004  1.288440499253601E+002
   1038  8.198804737521587E-004  1.317153469634680E+002
    251  8.178087205445434E-004  3.670193646720268E+001
   1039  8.142036748642050E-004  1.317789778316224E+002
    292  7.979441609245703E-004  3.837765227419467E+001
    570  7.978368309526316E-004  1.064458450110351E+002
    195  7.725599188183364E-004  3.399004655216064E+001
      4  7.710554314229837E-004  1.555889535187236E+001
    436  7.660859649459366E-004  5.562240782737462E+001
    163  7.630380897395710E-004  3.148605603035891E+001
    411  7.597679039959022E-004  5.390414096058870E+001
   1074  7.505152982411930E-004  1.357832717908243E+002
    954  7.496269860951749E-004  1.282848493157465E+002
    155  7.475971937828790E-004  3.129077640287002E+001
    537  7.473693907133022E-004  7.348438751630307E+001
    458  7.396352011713917E-004  5.780961640938520E+001
     10  7.276013733175418E-004  1.630017574824609E+001
    611  7.270821381219533E-004  1.080609110523806E+002
    135  7.258425661111546E-004  2.990996926970350E+001
    535  7.171900478586797E-004  7.234684016852472E+001
    288  7.088643114680142E-004  3.825168870868715E+001
    690  7.019115333931977E-004  1.109553167085971E+002
    103  6.946760928227262E-004  2.854698030319213E+001
    142  6.906400601108489E-004  3.011700635419402E+001
    431  6.866647088612580E-004  5.545822575490884E+001
     66  6.730583357544625E-004  2.653041695388611E+001
   1067  6.607906575020694E-004  1.341872351276505E+002
    687  6.587064709737894E-004  1.108477970364615E+002
    264  6.554804836080224E-004  3.760740200223662E+001
     85  6.523447113182155E-004  2.757726243328665E+001
    117  6.511463052365817E-004  2.915145470361619E+001
    482  6.452235818023187E-004  5.890508639424976E+001
    229  6.352372888074581E-004  3.477639317683153E+001
    255  6.286619301357770E-004  3.705801266502003E+001
    618  6.263940501568253E-004  1.083041655146542E+002
    193  6.139726278894931E-004  3.387383688791338E+001
    258  6.137945597028210E-004  3.725675246841864E+001
    177  6.115297313670429E-004  3.286305119332699E+001
    186  6.054124835829616E-004  3.335079910483972E+001
    716  6.022779108115340E-004  1.119313653155845E+002
    575  5.895717443463304E-004  1.067636975144964E+002
    148  5.890468174783780E-004  3.055713011308698E+001
    391  5.792961063280786E-004  4.935295074539214E+001
    210  5.778676507839528E-004  3.421873300884823E+001
   1062  5.625923151493782E-004  1.338537297016246E+002
    367  5.612594542940613E-004  4.546665367422378E+001
    139  5.533981885476747E-004  3.001327528760398E+001
     69  5.471761430589536E-004  2.667931486079132E+001
     71  5.356513348056641E-004  2.691074291878593E+001
   1047  5.354249139230041E-004  1.324683504365100E+002
    926  5.316576362667080E-004  1.269935099435139E+002
     73  5.205365500429881E-004  2.704395448663374E+001
    568  5.185559199192753E-004  1.063884322375297E+002
    998  5.126960080646156E-004  1.301241144683907E+002
    422  5.099947914627257E-004  5.478392604221921E+001
    134  5.089409937186247E-004  2.989081555609098E+001
    164  5.030691342017751E-004  3.156123118588701E+001
    231  5.030444399952182E-004  3.529195130720404E+001
    125  5.016524029978777E-004  2.955205187993630E+001
    233  4.979220930580987E-004  3.536858076063520E+001
    222  4.961152210555139E-004  3.444665555523785E+001
    207  4.950236273022860E-004  3.419271829752626E+001
    557  4.944488678124249E-004  1.053298087456868E+002
    295  4.937078503101152E-004  3.844649820311862E+001
    464  4.900208893985419E-004  5.841767339850505E+001
    290  4.863397652355986E-004  3.834059039797889E+001
    517  4.827888346501966E-004  6.116283191518230E+001
    475  4.796516121485687E-004  5.870955367754343E+001
    582  4.789799181314417E-004  1.069886979669129E+002
    302  4.665451864509455E-004  3.874867387838012E+001
    500  4.598830554464055E-004  6.016266526055261E+001
    967  4.549797949849609E-004  1.287730879251822E+002
     70  4.520533589314832E-004  2.683332853591699E+001
     57  4.509996381551192E-004  2.601044601303876E+001
     33  4.363549649890046E-004  2.387502434282544E+001
     77  4.346659980056846E-004  2.720977418778346E+001
    357  4.338248621667029E-004  4.413715889769129E+001
    126  4.318609207211940E-004  2.957864372821811E+001
   1075  4.293348140117829E-004  1.852007864492208E+002
    346  4.187422385359336E-004  4.251353138364797E+001
    385  4.154430822253772E-004  4.744969147605799E+001
     43  4.150266592557123E-004  2.485090944939308E+001
    404  4.143837465445802E-004  5.332919471058649E+001
    145  4.072053737375168E-004  3.035386176419680E+001
     54  3.986857382252666E-004  2.537118147105558E+001
    282  3.939493597494634E-004  3.781601762519486E+001
    446  3.816902293526067E-004  5.657515742254393E+001
     51  3.790227696990275E-004  2.527497960196780E+001
    132  3.786214660365402E-004  2.978147182311027E+001
    215  3.767651713972521E-004  3.430912489816387E+001
    698  3.710929982904716E-004  1.111543499618823E+002
    372  3.710133231394836E-004  4.569660817760900E+001
    799  3.707261744369498E-004  1.161655148393659E+002
   1024  3.707201455889104E-004  1.310472886139475E+002
    173  3.698439438644501E-004  3.267731285541730E+001
    658  3.678585215661126E-004  1.092752908733605E+002
   1052  3.675862768885476E-004  1.330891459743712E+002
     95  3.627781906359604E-004  2.806113631432304E+001
     21  3.609924540383547E-004  2.149552581175353E+001
    669  3.600895018617440E-004  1.098991161820264E+002
    161  3.584105350382211E-004  3.141544799468193E+001
    151  3.567769414257932E-004  3.097448214004631E+001
    438  3.560579745842394E-004  5.568774314714533E+001
    477  3.540797437233534E-004  5.875439662154096E+001
     35  3.538758628364504E-004  2.406163852032448E+001
    749  3.493066539255496E-004  1.128862829609149E+002
    343  3.484974769552592E-004  4.223776350771931E+001
    843  3.445324456310516E-004  1.181049125326048E+002
    149  3.423973437357421E-004  3.064428879965062E+001
    359  3.354684682694483E-004  4.440820660542785E+001
     81  3.312631592238799E-004  2.737831616504717E+001
     36  3.311703245036508E-004  2.408548968715760E+001
    331  3.267696393683386E-004  4.033978069592825E+001
     97  3.251841611968717E-004  2.809615145046481E+001
    319  3.180059770285178E-004  3.955367029075058E+001
    183  3.155966878830838E-004  3.317747871488443E+001
    417  3.149414357881775E-004  5.432386496665636E+001
    702  3.135350336051264E-004  1.112791472783473E+002
    592  3.135168823248554E-004  1.074010896433819E+002
    918  3.108675570790652E-004  1.263810693695273E+002
    137  3.098365108224537E-004  2.996307755422044E+001
    202  3.089594827227170E-004  3.414693728338715E+001
    442  3.063368039886827E-004  5.605259237502305E+001
    432  3.044534581150077E-004  5.551253331854516E+001
    185  3.018373077216714E-004  3.329017879350934E+001
    140  2.981493320784058E-004  3.002380690834687E+001
    604  2.958113177669563E-004  1.078901483894559E+002
    376  2.957339846439421E-004  4.578482274843697E+001
    979  2.929152784223374E-004  1.292073280791942E+002
    745  2.924375741570867E-004  1.127541380335163E+002
    364  2.922871915146244E-004  4.528995878587361E+001
    238  2.911005969443577E-004  3.562010162214489E+001
    451  2.880299672282839E-004  5.726939793781466E+001
    276  2.875622059702803E-004  3.774173651101562E+001
    347  2.805799511778111E-004  4.251894246220620E+001
    285  2.801274270066878E-004  3.794670187788559E+001
    416  2.771489366644913E-004  5.412105627361211E+001
    821  2.743676433746365E-004  1.173213489801490E+002
    986  2.721443196295492E-004  1.294778988001748E+002
    768  2.718691502241579E-004  1.140511281344195E+002
    230  2.715392624931554E-004  3.507000892128892E+001
    409  2.713835974576510E-004  5.377950655266745E+001
     96  2.707436273492839E-004  2.807603105873968E+001
    150  2.690059665088155E-004  3.095380367517388E+001
   1055  2.680940223701337E-004  1.332315483337306E+002
    445  2.669189327669485E-004  5.650985963977887E+001
     90  2.658108516293304E-004  2.792299487571685E+001
    209  2.623231432444078E-004  3.420776675567321E+001
    212  2.620794669890907E-004  3.425448747044050E+001
    455  2.615191620224737E-004  5.757818593173593E+001
    377  2.611311061093269E-004  4.580996274485975E+001
    131  2.597429737346520E-004  2.976719894627799E+001
   1070  2.581059417889896E-004  1.350535885837313E+002
    102  2.577751614356670E-004  2.838723287464182E+001
    958  2.554153374173112E-004  1.283326337970340E+002
    588  2.533137210983993E-004  1.072780161282308E+002
    174  2.530791316148004E-004  3.277024257542895E+001
    281  2.509852386142819E-004  3.778222215271058E+001
    683  2.489615680231705E-004  1.107854094171573E+002
    191  2.483773907831227E-004  3.372798248811258E+001
    273  2.454918823000111E-004  3.771236202405859E+001
    829  2.427398144924664E-004  1.175434491795728E+002
    842  2.423936441317451E-004  1.180365480395604E+002
     79  2.405434834257523E-004  2.728143790603452E+001
   1032  2.403652525639472E-004  1.314270448258869E+002
    691  2.385023948621536E-004  1.109942746792360E+002
    106  2.375332051154486E-004  2.873147041157064E+001
    223  2.372176055420338E-004  3.452101188794168E+001
    655  2.365437210311489E-004  1.092114390318620E+002
    991  2.339767523242306E-004  1.298309517843196E+002
    332  2.300571413719262E-004  4.036182328117159E+001
    133  2.269830727663279E-004  2.980777525245198E+001
    667  2.255567940307663E-004  1.098231148083649E+002
     78  2.254215234491855E-004  2.724001953302053E+001
     45  2.253276217691988E-004  2.505629895200580E+001
    333  2.250726089609857E-004  4.050570323460023E+001
    746  2.223656442629656E-004  1.128150956859242E+002
    348  2.215621865651691E-004  4.278252907839931E+001
   1036  2.203291688001938E-004  1.315563975924429E+002
    777  2.198153338734474E-004  1.150636811545726E+002
   1029  2.186652401352227E-004  1.312589073638632E+002
    112  2.176265075893348E-004  2.893182478938967E+001
    120  2.175123882018365E-004  2.935022978395871E+001
    712  2.149899044051498E-004  1.118479116964762E+002
    341  2.144313799651038E-004  4.207899368185591E+001
    254  2.113880398800697E-004  3.696870162494890E+001
    671  2.107027397539949E-004  1.100461630260976E+002
   1053  2.072222505350482E-004  1.331993000158318E+002
    738  2.066204120287290E-004  1.126248828969786E+002
    911  2.065162335740703E-004  1.258968376271585E+002
    497  2.058782651476117E-004  5.984833423050026E+001
    410  2.052325107261419E-004  5.380004782230375E+001
    279  2.042010553742483E-004  3.776291602598710E+001
    309  2.039198332423265E-004  3.929268620446922E+001
    493  2.036938030247611E-004  5.956939432616837E+001
    820  2.036150617109498E-004  1.173160626674297E+002
    165  2.020810095035096E-004  3.194792507678593E+001
     15  2.018530934151834E-004  2.077312965636918E+001
    208  2.015035730989940E-004  3.420400517096608E+001
     46  2.008514476367722E-004  2.508968851186969E+001
    400  1.989952612571998E-004  5.304406357850599E+001
    101  1.983414287920673E-004  2.816121926613436E+001
    947  1.970458865628347E-004  1.280025795512814E+002
    917  1.934904564437134E-004  1.262583151256411E+002
   1033  1.933257567322601E-004  1.314921549657209E+002
    525  1.930903416248391E-004  6.201689187624501E+001
   1001  1.929247731833785E-004  1.301907504163165E+002
    468  1.928210308083646E-004  5.850419738659161E+001
    757  1.926654784223694E-004  1.131455979007981E+002
    466  1.911041620120279E-004  5.848631456847294E+001
     34  1.906229628588352E-004  2.394870774261297E+001
    360  1.890421051730242E-004  4.501412031898634E+001
    472  1.887652640066899E-004  5.860732378330380E+001
    907  1.856875167379346E-004  1.254774984052440E+002
      6  1.847618820124349E-004  1.593905863128156E+001
    218  1.833565417994640E-004  3.434087154455664E+001
    311  1.833544621942883E-004  3.939193935233331E+001
    335  1.829978314993594E-004  4.064698242871874E+001
    930  1.808892720747600E-004  1.272550109882912E+002
    268  1.806723104581816E-004  3.765614789507087E+001
    848  1.793661715550457E-004  1.185512117490796E+002
    270  1.783744255850466E-004  3.767493462479421E+001
     14  1.779471885176512E-004  2.047451167645159E+001
    650  1.760123702182404E-004  1.090061273622073E+002
    952  1.756956813160635E-004  1.282170243378332E+002
    851  1.752918647673769E-004  1.189105890777936E+002
    272  1.748063929065704E-004  3.770876893490352E+001
    827  1.740512519384334E-004  1.174913134466901E+002
    320  1.701506027422409E-004  3.958466091098631E+001
    414  1.698675136397214E-004  5.408443269732371E+001
     92  1.690973681217288E-004  2.796966533379813E+001
    278  1.689296748788698E-004  3.775225448216675E+001
     17  1.682294655192105E-004  2.091913438766164E+001
     48  1.677668503787756E-004  2.521050943974308E+001
     74  1.676390297685686E-004  2.706787664592100E+001
    386  1.643458724966713E-004  4.778448827008048E+001
    349  1.642308857231057E-004  4.279212686889406E+001
    389  1.635649402559154E-004  4.924612888004685E+001
    158  1.633013590124457E-004  3.138637587596471E+001
    937  1.608250976123275E-004  1.275975168353670E+002
    870  1.600857109290015E-004  1.203621491035894E+002
    265  1.593481133929988E-004  3.762418150997995E+001
    822  1.591773606976500E-004  1.173379890193997E+002
    166  1.585517673758523E-004  3.197534022905977E+001
      2  1.566221170962167E-004  1.507477314615795E+001
    325  1.529365828899891E-004  3.979678053884171E+001
    902  1.499792410285349E-004  1.246861225619736E+002
    296  1.489827091908847E-004  3.847026909032138E+001
    553  1.474280539531923E-004  1.045844149005738E+002
    336  1.461215283353301E-004  4.106442919982931E+001
    267  1.450836091150854E-004  3.763942844703926E+001
    196  1.435091760480190E-004  3.402217963204272E+001
    156  1.417387595006029E-004  3.133959801814033E+001
     94  1.411782556247015E-004  2.803048707399637E+001
    480  1.410178054424359E-004  5.887142017505539E+001
    487  1.390951501296327E-004  5.901096182276392E+001
   1066  1.389963680018444E-004  1.341339055776214E+002
    756  1.380871238805701E-004  1.131019348749128E+002
    772  1.373342315267225E-004  1.144444014986270E+002
    875  1.369499811688653E-004  1.206504418490652E+002
    449  1.368864543191223E-004  5.713782918039372E+001
    444  1.368815664358480E-004  5.640873014994138E+001
    138  1.350890698349885E-004  2.998810658959070E+001
   1000  1.331193792758838E-004  1.301375093272533E+002
    631  1.320807920924479E-004  1.086593678715634E+002
    977  1.305972772635683E-004  1.291448023039548E+002
    382  1.303660524189333E-004  4.661435463500721E+001
     76  1.288667146149150E-004  2.719040433196805E+001
   1005  1.286283969428240E-004  1.302961950162389E+002
    942  1.272969856923785E-004  1.277896527703618E+002
    873  1.246919910048014E-004  1.205400953636918E+002
    879  1.233501012131118E-004  1.208628531744268E+002
    221  1.226325747903986E-004  3.444064242877499E+001
    976  1.221425310401949E-004  1.291265023483052E+002
     49  1.221397760217106E-004  2.521926711432687E+001
    495  1.206664800894914E-004  5.971063876484735E+001
    793  1.200801889485439E-004  1.158943894419280E+002
    564  1.197895723889683E-004  1.059223740174141E+002
    130  1.195417382364776E-004  2.969026097336859E+001
    681  1.192829341215326E-004  1.107150530846271E+002
    785  1.186314990288451E-004  1.156515149006221E+002
    599  1.181776071058199E-004  1.077354408464688E+002
    580  1.178500677621143E-004  1.069063882425304E+002
    512  1.174521139431909E-004  6.110465593383906E+001
    700  1.170957494963977E-004  1.112187707043413E+002
    184  1.166092624245757E-004  3.328145954751520E+001
     59  1.164610209138568E-004  2.608228483109795E+001
   1034  1.128256937419816E-004  1.314975717016592E+002
    122  1.119856168486121E-004  2.942821875092930E+001
    401  1.119697248298352E-004  5.310952948046032E+001
     32  1.099147509190553E-004  2.386019687247388E+001
    418  1.097548046260320E-004  5.440760214654593E+001
    118  1.093967786759728E-004  2.927665934202001E+001
    602  1.091330915664190E-004  1.078335831208874E+002
    676  1.090454483273394E-004  1.102968009656115E+002
   1026  1.078458133708030E-004  1.310988308446859E+002
     37  1.077342641160032E-004  2.413005277682491E+001
    115  1.075276628150023E-004  2.908676806680809E+001
    239  1.063757558735841E-004  3.564788119351169E+001
    527  1.061287709056755E-004  6.211137902133680E+001
    543  1.048361065802159E-004  1.026098663261161E+002
    623  1.040142290633516E-004  1.084311616311891E+002
    380  1.036448241850199E-004  4.621788456267294E+001
     39  1.034913417515939E-004  2.419216907562118E+001
    663  1.032243927032848E-004  1.095408569103236E+002
    172  1.030000474278822E-004  3.254695536480502E+001
    513  1.026741728351080E-004  6.111701004965728E+001
    213  1.009978893383335E-004  3.426923698719692E+001
    919  1.009502834459254E-004  1.264669767465423E+002
    689  1.007219358517738E-004  1.108992280227757E+002
    375  1.005494010431977E-004  4.577921754207221E+001
     40  1.005108407345133E-004  2.429142631572386E+001
    440  1.002000895930037E-004  5.589934491235444E+001
    453  9.979823056962034E-005  5.734859743017803E+001
     83  9.945050788714370E-005  2.745200449399356E+001
    128  9.672430068972230E-005  2.964876822252022E+001
   1006  9.313932140707671E-005  1.303473844140781E+002
    216  9.196034519432577E-005  3.431915233475488E+001
    593  9.189570603332364E-005  1.074633420950339E+002
    246  9.185694571654656E-005  3.612200287477440E+001
    398  9.171797504723742E-005  5.298968704937109E+001
    307  9.141142017144276E-005  3.924418415703018E+001
    479  9.103383694488053E-005  5.886156225440574E+001
    394  9.095465960410966E-005  5.275338077531283E+001
    217  9.091843492053502E-005  3.432077633458158E+001
    397  8.966504721866728E-005  5.292984574180642E+001
    473  8.743670026029065E-005  5.864875851961727E+001
     25  8.685482219697003E-005  2.268285797328677E+001
    560  8.661432975274117E-005  1.057397922085461E+002
    797  8.614601267466305E-005  1.161224071144865E+002
     12  8.597231007604166E-005  1.791855268392995E+001
    483  8.407977495671840E-005  5.892865432514233E+001
    984  8.302486283421678E-005  1.293776492189174E+002
    585  8.278206714238655E-005  1.071721890576240E+002
    621  8.240231886755041E-005  1.083828600305560E+002
    127  8.178248423873038E-005  2.958197907168710E+001
    198  8.105752888196836E-005  3.410095577154824E+001
    844  8.091844667142222E-005  1.182236522024691E+002
    206  8.088949191958394E-005  3.418711639611698E+001
    403  7.973567291566070E-005  5.332276567118551E+001
    526  7.964273626810101E-005  6.205614154690332E+001
    866  7.941529651744636E-005  1.198737679274225E+002
    369  7.892684510226635E-005  4.556664797594529E+001
    609  7.863970609575980E-005  1.080529774194348E+002
    542  7.816201198890496E-005  1.021380905135569E+002
    321  7.728113247075658E-005  3.959878738143280E+001
    340  7.716375426338890E-005  4.203744443197692E+001
    189  7.704670429463102E-005  3.348575581421191E+001
    420  7.658984950364413E-005  5.464265012038360E+001
    327  7.656221757211744E-005  3.980649710729982E+001
    913  7.622238924093206E-005  1.260963173315474E+002
    661  7.613158502621430E-005  1.094040232551639E+002
    387  7.606062401231598E-005  4.845493173747810E+001
   1008  7.575331040675506E-005  1.304054287055121E+002
    176  7.558043818547960E-005  3.283702642513862E+001
    338  7.508985072147761E-005  4.143596746217444E+001
    317  7.508193485805400E-005  3.952108816795088E+001
    727  7.496690505185331E-005  1.123838421661365E+002
    283  7.468381232095513E-005  3.781664732037148E+001
    717  7.419791345018125E-005  1.119901298340990E+002
    521  7.407850489400579E-005  6.120499406654021E+001
    462  7.384521153366238E-005  5.834568949164402E+001
    755  7.316136207344303E-005  1.130537195644052E+002
    287  7.224989543383917E-005  3.806334999222836E+001
   1009  7.196073262842506E-005  1.304609142394732E+002
     68  7.170038314981233E-005  2.665958995788216E+001
    450  7.163114418283071E-005  5.723022636777802E+001
    502  7.119005258518413E-005  6.033057478557798E+001
    617  7.049551107026672E-005  1.082069188907082E+002
    548  7.001402354100377E-005  1.041098140943872E+002
    168  6.978677600626769E-005  3.223239881301075E+001
    352  6.906376351709957E-005  4.345183818831803E+001
    354  6.829966075289695E-005  4.358717802496741E+001
    316  6.813537843306226E-005  3.947722492082590E+001
    932  6.792627290378103E-005  1.272890793904072E+002
    271  6.755625330694797E-005  3.769377629908810E+001
    540  6.700648245646507E-005  1.019596674086986E+002
    561  6.670516227514958E-005  1.057823475786052E+002
    413  6.649072148321010E-005  5.407796767412047E+001
    573  6.546730910764505E-005  1.066520968004064E+002
    280  6.500218327172132E-005  3.777070006257392E+001
   1018  6.480864016480137E-005  1.307425624046459E+002
    847  6.352530481521299E-005  1.183795327778256E+002
    836  6.337259240354113E-005  1.177792466123822E+002
    408  6.286655350511455E-005  5.368647704938994E+001
    803  6.245183508695784E-005  1.163959410830473E+002
    434  6.217307819094706E-005  5.556859477681133E+001
    374  6.197649890342089E-005  4.576894168844035E+001
    940  6.071907630946831E-005  1.277053477702196E+002
    645  6.065691069600655E-005  1.088758352374567E+002
    774  6.035883028670364E-005  1.147299018357027E+002
     86  5.941879703754291E-005  2.760340701365068E+001
   1014  5.898862071476879E-005  1.306579532637773E+002
    550  5.881283332210374E-005  1.044255141670578E+002
     72  5.780295128455106E-005  2.695844835194747E+001
    733  5.701633357443761E-005  1.125211996768446E+002
    314  5.650859009188072E-005  3.944402428691944E+001
    361  5.526337389265840E-005  4.509188248244521E+001
   1027  5.504660324257604E-005  1.311414239553258E+002
    337  5.503515985365477E-005  4.125439580477820E+001
    555  5.411642098274270E-005  1.049505825405343E+002
    324  5.341410211313403E-005  3.965813849875591E+001
    460  5.274968183438358E-005  5.821511818989060E+001
    796  5.190115759298250E-005  1.160406419035091E+002
    237  5.154154068697609E-005  3.561350513334219E+001
    304  5.127855219003516E-005  3.902642388250331E+001
     80  5.076114207303940E-005  2.737665388114407E+001
    322  5.044410737674231E-005  3.962934885257222E+001
    315  5.002443417442729E-005  3.946262277995078E+001
    636  4.992615148916877E-005  1.087412284437008E+002
    613  4.972889850573303E-005  1.081325074305931E+002
    909  4.958674313746833E-005  1.256671150468244E+002
    832  4.916114069931690E-005  1.176150872586579E+002
    253  4.907742173558376E-005  3.690338042035397E+001
    545  4.874688127967600E-005  1.038885725205099E+002
    107  4.841504442795081E-005  2.880093649968087E+001
    810  4.806812328987146E-005  1.168542717379606E+002
    318  4.785567198203119E-005  3.952690512520030E+001
    200  4.652530629814571E-005  3.413076352937113E+001
    252  4.645329697416656E-005  3.681481496629917E+001
    992  4.600930322731670E-005  1.299169051159237E+002
     52  4.572900936914985E-005  2.532370304309600E+001
    435  4.560531999529682E-005  5.559833163642786E+001
    778  4.549720693985056E-005  1.153062331743218E+002
    147  4.503649607223699E-005  3.045498909450352E+001
    171  4.459045075824135E-005  3.251692712246987E+001
    104  4.433845059542277E-005  2.863475114667724E+001
    486  4.386570166247225E-005  5.898078655703418E+001
    119  4.373128291335448E-005  2.929038281335912E+001
    399  4.349137405863551E-005  5.300117686152819E+001
    250  4.346208922809317E-005  3.645071914574685E+001
    220  4.292561761431708E-005  3.440936379612124E+001
    116  4.277005422310373E-005  2.910094471225916E+001
    615  4.272554217693752E-005  1.081646255451844E+002
     84  4.272077636652682E-005  2.748397341497807E+001
    760  4.271965363845246E-005  1.133648679091437E+002
    865  4.248743149447885E-005  1.195233182598442E+002
    997  4.244675543954984E-005  1.300952728722026E+002
   1016  4.222719508110602E-005  1.306784011483153E+002
    289  4.204443164508866E-005  3.832422991649202E+001
    242  4.168250659185925E-005  3.575330164903793E+001
    353  4.162647097003847E-005  4.354452657935016E+001
    226  4.108252484989205E-005  3.460914941435140E+001
    211  4.095202491239188E-005  3.422885497659050E+001
    898  4.058697722974558E-005  1.236287338505038E+002
    577  4.045796376499018E-005  1.068269012623950E+002
    769  4.021690999887184E-005  1.141494817506874E+002
    983  3.958710623627347E-005  1.293699640118089E+002
    594  3.877457724584354E-005  1.075267994995216E+002
    897  3.817825932613428E-005  1.233154024205701E+002
    565  3.789001961091500E-005  1.059848591127986E+002
    109  3.768136602850197E-005  2.888359254004277E+001
     89  3.728175366380786E-005  2.787565477396676E+001
    725  3.717656623359848E-005  1.122622575126908E+002
    508  3.709402287601964E-005  6.101348113010317E+001
    659  3.691668480908395E-005  1.093169473413985E+002
    710  3.690147204805813E-005  1.117114283703663E+002
    571  3.566023653105309E-005  1.065760725477823E+002
    490  3.562402406762616E-005  5.909746584665749E+001
    465  3.502741523441962E-005  5.845233409136720E+001
    136  3.437660612879805E-005  2.995197020395121E+001
    630  3.392353049170436E-005  1.086464564510315E+002
    371  3.372833267907466E-005  4.567834615857563E+001
   1011  3.349457656260014E-005  1.305590563134582E+002
    607  3.291097249925718E-005  1.079782277499060E+002
      3  3.288736211125583E-005  1.530095081680193E+001
    780  3.276384596673306E-005  1.153482258688003E+002
    323  3.225754116494716E-005  3.963162035223775E+001
    366  3.220029294285201E-005  4.541480133184800E+001
    905  3.206666796128897E-005  1.252963463377060E+002
    447  3.171455564563612E-005  5.692641404400948E+001
    694  3.083040771987042E-005  1.110208923005156E+002
    955  3.036431350940474E-005  1.283043098504922E+002
     19  3.030550439585086E-005  2.137958735177528E+001
    260  3.001251688506681E-005  3.745846822965304E+001
     47  2.994898554931635E-005  2.514695584094496E+001
    170  2.975557924949073E-005  3.240864442722207E+001
    478  2.967440871081156E-005  5.880478287498814E+001
    877  2.960991626181576E-005  1.207635072396237E+002
    938  2.935277031121028E-005  1.276246332177813E+002
    121  2.917738785011173E-005  2.937009161569695E+001
    950  2.911813668403826E-005  1.281356928004739E+002
    342  2.911560445867463E-005  4.219280462450153E+001
     50  2.911482667607886E-005  2.524792740229145E+001
   1013  2.877588374417787E-005  1.306191025791559E+002
    381  2.807621671664820E-005  4.623753374880091E+001
    368  2.798645360337414E-005  4.552075151204606E+001
    616  2.783643353194489E-005  1.081902144651443E+002
    988  2.779786124102472E-005  1.295230022337254E+002
    605  2.755159415892260E-005  1.079476682950407E+002
    498  2.743953284993818E-005  6.006055704270973E+001
    426  2.741786671924095E-005  5.521112029631625E+001
    228  2.727004243063422E-005  3.465329128304563E+001
    496  2.718011551751175E-005  5.977778544840232E+001
    305  2.704093224566570E-005  3.919092577852600E+001
    334  2.682031539265583E-005  4.055961280242965E+001
    964  2.677535182601487E-005  1.284811881676410E+002
    731  2.645165216136198E-005  1.124795031346507E+002
    494  2.642369784551505E-005  5.959072402434833E+001
    558  2.632219369574736E-005  1.054235904423783E+002
    748  2.570891983251991E-005  1.128453459062848E+002
    680  2.416406214493983E-005  1.106808485277705E+002
    883  2.406708935811240E-005  1.212822283474710E+002
    719  2.383436325176754E-005  1.120361196403708E+002
    461  2.383304162610789E-005  5.832169084274378E+001
    656  2.348201290394571E-005  1.092383325553483E+002
    890  2.342879830828691E-005  1.222269695705770E+002
    520  2.321445502635517E-005  6.117519869664547E+001
    708  2.311378608834498E-005  1.116659378913442E+002
    457  2.310013218370115E-005  5.770039153165104E+001
    247  2.304584513342798E-005  3.613855018049320E+001
    509  2.297820798704089E-005  6.104665142125116E+001
    789  2.287282779325204E-005  1.157939903252585E+002
    567  2.271718625957265E-005  1.061175767374582E+002
    771  2.244196677470520E-005  1.142541813627527E+002
   1020  2.240851108858645E-005  1.308300137670077E+002
     62  2.230898492712674E-005  2.630569023157911E+001
    944  2.227012026129168E-005  1.278264506290159E+002
    227  2.183965708610987E-005  3.461221107986133E+001
    257  2.142362961979054E-005  3.716053985696894E+001
    240  2.138085203082790E-005  3.568815433410965E+001
    635  2.133446029911062E-005  1.087402789130293E+002
    437  2.102944953615648E-005  5.567668099873953E+001
    641  2.102562215618937E-005  1.088136450829588E+002
    737  2.033901776485357E-005  1.125716601108342E+002
    584  1.982007834442439E-005  1.071415131646536E+002
    574  1.978850018391603E-005  1.067089856517616E+002
    724  1.952595022230302E-005  1.122474317356576E+002
     22  1.935698107628734E-005  2.149928230079738E+001
    481  1.935114122054110E-005  5.889564718758225E+001
    730  1.930962756730384E-005  1.124678820560711E+002
   1048  1.918616303057575E-005  1.325281096806480E+002
   1021  1.912637320265062E-005  1.308784400027895E+002
    892  1.899642539489975E-005  1.223146913863671E+002
    855  1.895948468113583E-005  1.192335282432478E+002
     93  1.885832042222405E-005  2.801831476528660E+001
    428  1.860233865457620E-005  5.539697768550786E+001
     41  1.854473577687454E-005  2.434332602389209E+001
    639  1.854040815014535E-005  1.087924757147032E+002
    624  1.847751033453820E-005  1.084534043855216E+002
    370  1.830001519957145E-005  4.562254251008403E+001
    429  1.805991351933211E-005  5.542704693693687E+001
    808  1.797516340149923E-005  1.166438640424820E+002
    583  1.795863833033600E-005  1.070323413352247E+002
    373  1.772572607955182E-005  4.573517441489172E+001
    695  1.763899340738699E-005  1.110404578737834E+002
    284  1.760380877462974E-005  3.794002386601017E+001
    105  1.727442357008099E-005  2.872870804936272E+001
    234  1.704676807740152E-005  3.541632958107625E+001
     82  1.679474395831555E-005  2.744742479332049E+001
    831  1.674260168820209E-005  1.175849164822640E+002
    470  1.665013329441213E-005  5.858950887133865E+001
    600  1.615657992249865E-005  1.078192567961393E+002
    579  1.605345857938877E-005  1.068810185812333E+002
    259  1.599566518027036E-005  3.731129763636223E+001
    995  1.547850055644616E-005  1.300556822463785E+002
    187  1.540644620238414E-005  3.338593491458187E+001
    484  1.531577903332328E-005  5.894622531819898E+001
    589  1.527818942232431E-005  1.073243551551986E+002
    697  1.525024667844834E-005  1.111168086390436E+002
    463  1.494247741147072E-005  5.840368106338346E+001
    868  1.476421735446369E-005  1.199994649602093E+002
    672  1.475348305200132E-005  1.100523893058521E+002
   1076  1.444189887942410E-005  1.858411948136732E+002
    924  1.418126729096836E-005  1.267645350898773E+002
    595  1.407305440869008E-005  1.075727311228692E+002
    674  1.403567568631381E-005  1.101627157855635E+002
    825  1.397685050475187E-005  1.174155068731360E+002
    880  1.392275207102706E-005  1.209811659012211E+002
    921  1.377993659507051E-005  1.266347372507485E+002
    293  1.360386183391174E-005  3.840315559517953E+001
    787  1.347485224077418E-005  1.157066821730262E+002
    179  1.343226723901732E-005  3.301071504933698E+001
    476  1.334750517088742E-005  5.874284760292872E+001
     28  1.320488411429742E-005  2.303576073275412E+001
    313  1.319149916304420E-005  3.941220320488696E+001
    167  1.285398299032565E-005  3.206734480721192E+001
   1063  1.280569334114225E-005  1.338610239777397E+002
   1065  1.262641330030447E-005  1.340986810838602E+002
    162  1.232175340182577E-005  3.142013005221356E+001
    363  1.204096871725825E-005  4.523665715266514E+001
   1071  1.201635587203314E-005  1.353191143310252E+002
    286  1.191415910257457E-005  3.806107114689090E+001
    597  1.191006247089799E-005  1.076362394255561E+002
    201  1.150961853447389E-005  3.413905621996786E+001
    634  1.131084427027960E-005  1.087110579745548E+002
    903  1.122099833217247E-005  1.249295857950171E+002
    812  1.117247884415662E-005  1.169499526914024E+002
    682  1.111274078595182E-005  1.107795174367904E+002
   1056  1.099788161671438E-005  1.332822863268028E+002
    339  1.064202200291251E-005  4.199721405536648E+001
    614  1.060609751501093E-005  1.081499604581023E+002
    610  1.052032679463430E-005  1.080548791140610E+002
    355  1.043733505045333E-005  4.365668409738398E+001
    928  1.019300190610781E-005  1.271758190169006E+002
    968  1.012770848399018E-005  1.287893908307005E+002
    182  1.011954923608249E-005  3.313118961536368E+001
    706  9.990528827072237E-006  1.115644797142602E+002
    751  9.986928591414437E-006  1.129352725370382E+002
    310  9.737515844505127E-006  3.933560718805473E+001
    670  9.684061436306430E-006  1.099218253642219E+002
    899  9.433203370384424E-006  1.237750393258326E+002
    945  9.378862920983513E-006  1.278945431870569E+002
    123  9.332135374609985E-006  2.945706723223188E+001
   1046  9.285981926763068E-006  1.322741703884410E+002
    439  9.235024587217952E-006  5.581771077364913E+001
    569  9.226409331229468E-006  1.064024371239422E+002
     75  9.226282577433918E-006  2.717284531466260E+001
    277  9.189379564564371E-006  3.774405278528796E+001
    159  8.919974046934326E-006  3.140014259635325E+001
    633  8.810767610615425E-006  1.086770367044967E+002
    703  8.706987328014523E-006  1.113359924967504E+002
    800  8.696745693637207E-006  1.161811067685375E+002
    637  8.616909555850871E-006  1.087708716348475E+002
     30  8.562867711357997E-006  2.339033246897357E+001
    830  8.536247729270267E-006  1.175448785112390E+002
    608  8.501814289283373E-006  1.080310773431174E+002
    886  8.277161237004583E-006  1.214498350996194E+002
    425  8.274612215463362E-006  5.512885982268182E+001
    110  8.238376359084097E-006  2.890337161783228E+001
    709  8.206606576260109E-006  1.116986555393093E+002
    802  8.122840473089740E-006  1.163074247182627E+002
    603  8.111069219027648E-006  1.078480909052838E+002
    578  7.994975357842686E-006  1.068696587706935E+002
   1054  7.985332865064612E-006  1.332101619260334E+002
    596  7.811292152939870E-006  1.076305596761092E+002
    214  7.563615713772335E-006  3.429158842681225E+001
   1031  7.515214338163874E-006  1.313824495210718E+002
   1077  7.251251508517757E-006  6.189178021453241E+002
    972  7.239224779899133E-006  1.289491342298440E+002
    758  7.195312061846967E-006  1.131945788764974E+002
    235  7.176061616314901E-006  3.553329683850696E+001
    328  7.050163885979821E-006  3.982877398686839E+001
    640  7.006715084776265E-006  1.088027953187827E+002
    362  6.976106851463777E-006  4.520209191521082E+001
    269  6.899904634706979E-006  3.766609016559832E+001
   1068  6.829379442777863E-006  1.342139437973118E+002
    826  6.621972036523219E-006  1.174535409692338E+002
    654  6.456320143147515E-006  1.091774321289355E+002
    625  6.455568943593089E-006  1.084878781680722E+002
     98  6.452487988263719E-006  2.810036398063808E+001
    529  6.412875869847815E-006  6.213305424318654E+001
    794  6.373581575546830E-006  1.159299755047292E+002
    351  6.357238257845926E-006  4.290814690346715E+001
    895  6.316348894382043E-006  1.231922658586809E+002
    488  6.264452257516854E-006  5.904214899548738E+001
    643  6.173850796963754E-006  1.088529165631816E+002
    601  6.118722481083977E-006  1.078222216339937E+002
    896  6.087587980502475E-006  1.231967026860033E+002
    388  6.069384777632319E-006  4.916519389587509E+001
    329  6.020482748899207E-006  3.994917835777716E+001
    153  5.938433938113661E-006  3.119128674334460E+001
    528  5.919982078467337E-006  6.211763689923020E+001
    989  5.892052343530691E-006  1.296856498562064E+002
    815  5.833107180114226E-006  1.170844697210597E+002
    345  5.746387508895338E-006  4.248475366295001E+001
    146  5.677426892428490E-006  3.038455959742199E+001
    113  5.644170067664222E-006  2.894608485543543E+001
    619  5.631835239989338E-006  1.083262496248409E+002
    754  5.612384320862614E-006  1.130532912402911E+002
     56  5.556671891254566E-006  2.577494999028338E+001
    143  5.544612225874895E-006  3.021552765862468E+001
    859  5.495740818728248E-006  1.193117826572047E+002
    807  5.489453416012428E-006  1.166040027024774E+002
    515  5.417315469576787E-006  6.113166482037749E+001
    934  5.337988678314374E-006  1.274026915475210E+002
    791  5.281879482580429E-006  1.158399885308925E+002
    981  5.228098353186171E-006  1.292686845988868E+002
    587  5.221624168341941E-006  1.072564562863978E+002
    665  5.216605429345325E-006  1.096195054263975E+002
     99  5.187922564813035E-006  2.813215700322161E+001
    275  5.151230051519675E-006  3.771871208633355E+001
    888  5.107875071267527E-006  1.215384892766490E+002
    816  5.074527298795453E-006  1.170854692244173E+002
    685  5.048457276146465E-006  1.108208915724099E+002
    696  5.028741939992725E-006  1.111110130672436E+002
   1028  4.970238286246114E-006  1.312419762585663E+002
    956  4.965876007492256E-006  1.283075816024711E+002
     13  4.941658488065793E-006  2.038781372204352E+001
    662  4.633635817507647E-006  1.094304874643061E+002
    626  4.615459131560107E-006  1.085197354965440E+002
    181  4.563715668821887E-006  3.309588236011395E+001
    590  4.551343587043553E-006  1.073381491314167E+002
   1051  4.485187956646444E-006  1.330173846663143E+002
    524  4.480493800149861E-006  6.196836567938324E+001
   1025  4.454998005835323E-006  1.310823101564250E+002
    828  4.409338475066372E-006  1.175132070682912E+002
    657  4.351521718770985E-006  1.092680437977900E+002
    684  4.346789712859303E-006  1.108055531440044E+002
    441  4.281089092214874E-006  5.602297434426368E+001
    933  4.190395379987657E-006  1.272967505112425E+002
    124  4.186470087351722E-006  2.953039329658957E+001
    741  4.163897585089938E-006  1.126383251241469E+002
    522  4.132466304885701E-006  6.189501394570030E+001
   1004  4.074890156402791E-006  1.302828791464404E+002
    915  4.067713805156582E-006  1.261627872997085E+002
    646  4.064450369118637E-006  1.089039652974663E+002
    660  4.000198625589066E-006  1.093929129115852E+002
    809  3.981391452336212E-006  1.168273457040169E+002
    541  3.975030533562051E-006  1.020561485810812E+002
    744  3.913296111732827E-006  1.127340165661099E+002
    642  3.906703593913461E-006  1.088349318990273E+002
    784  3.861671663180831E-006  1.156115101864969E+002
    622  3.828363871772753E-006  1.084041586407917E+002
     42  3.804472621935696E-006  2.442065503900721E+001
    781  3.610781190399909E-006  1.155015502370288E+002
    982  3.598900380373788E-006  1.293230544301462E+002
    714  3.590754621689979E-006  1.118865310298163E+002
    679  3.563489393308608E-006  1.106299731616480E+002
   1044  3.513733845436404E-006  1.320835593454495E+002
    763  3.499063214767616E-006  1.136578287383470E+002
    523  3.432286732659522E-006  6.195141091349550E+001
   1042  3.412062784233942E-006  1.319938555239870E+002
    805  3.358102038377402E-006  1.165442309434909E+002
    929  3.352750802856671E-006  1.272324166790593E+002
    668  3.327663554176865E-006  1.098358517134249E+002
    664  3.320812660256594E-006  1.095868237421283E+002
    852  3.165349588893097E-006  1.189308904937423E+002
    726  3.163500676595773E-006  1.123280306605216E+002
    256  3.161601211035709E-006  3.708485200545782E+001
    960  3.160716681487915E-006  1.283710541965592E+002
    648  3.148241413928592E-006  1.089328290594756E+002
    194  3.136116317694404E-006  3.388123191050668E+001
    845  3.108915098850584E-006  1.182722434309271E+002
    421  3.090842035686942E-006  5.469982084171487E+001
    953  3.017236847569321E-006  1.282835790234384E+002
    910  2.923447301697278E-006  1.258349422363612E+002
    556  2.879747414957160E-006  1.053074591696642E+002
    889  2.828382344730207E-006  1.221096476933091E+002
    653  2.806639009260180E-006  1.090926521840726E+002
    688  2.799891775242416E-006  1.108652117541332E+002
    862  2.774386379356596E-006  1.194326389788892E+002
    729  2.756046949001084E-006  1.124070412533170E+002
    922  2.693959920004354E-006  1.267277337836395E+002
    586  2.677927283865767E-006  1.072414988471015E+002
    736  2.607432411795063E-006  1.125700463249535E+002
    129  2.595246371112163E-006  2.967722940199728E+001
    735  2.555258317678626E-006  1.125422257639707E+002
    846  2.527600313901255E-006  1.183733977129572E+002
    243  2.464586399712976E-006  3.580427376176280E+001
   1040  2.426021721409184E-006  1.318325334098182E+002
    894  2.416855752300086E-006  1.226855190700912E+002
    365  2.416256431109359E-006  4.540196146988517E+001
    532  2.400332941928003E-006  6.299204701993657E+001
    978  2.393496291566812E-006  1.291764873003617E+002
    732  2.387102375202074E-006  1.124809932511083E+002
    973  2.368500862059346E-006  1.290303348922233E+002
    782  2.364598253614482E-006  1.155663554633046E+002
    205  2.332770529004798E-006  3.418138862993963E+001
    644  2.332210403109497E-006  1.088699046594824E+002
    693  2.238449312169047E-006  1.110198391814811E+002
    923  2.210542779097548E-006  1.267345977181097E+002
    840  2.202598812881416E-006  1.179674198090055E+002
    713  2.181317661405092E-006  1.118750446375970E+002
    715  2.157560135329306E-006  1.119122168057061E+002
    192  2.139407750201072E-006  3.373139183933635E+001
    971  2.094306651809940E-006  1.289111652451389E+002
   1003  2.028591943594814E-006  1.302792324598297E+002
   1073  2.018607074881864E-006  1.355646294676644E+002
    350  1.995194963995611E-006  4.287084402122760E+001
    961  1.988982124369546E-006  1.283826108536399E+002
     63  1.966556706373449E-006  2.633691355837915E+001
    742  1.934212410539657E-006  1.126546326383816E+002
    753  1.905772996432744E-006  1.130399909728984E+002
    764  1.905481294557603E-006  1.137269990775531E+002
    606  1.893730935707571E-006  1.079754075340127E+002
    175  1.890433891607772E-006  3.282740528695558E+001
    190  1.849151983294466E-006  3.352213579831744E+001
    795  1.836257746810559E-006  1.159446042090269E+002
    779  1.810420413208508E-006  1.153237642854880E+002
    767  1.748642918494395E-006  1.139787538815297E+002
    740  1.747831258089480E-006  1.126281679605138E+002
    990  1.740169976585576E-006  1.297249883032466E+002
    959  1.685788122989221E-006  1.283643788123119E+002
    849  1.685581397240105E-006  1.186556798515274E+002
    499  1.666731471528454E-006  6.010190034988052E+001
   1002  1.646917996011167E-006  1.301955720736593E+002
    920  1.624181078284644E-006  1.265729199247587E+002
    801  1.601884919038503E-006  1.162412158177078E+002
    867  1.528489859008633E-006  1.199420338065019E+002
    620  1.507779810622864E-006  1.083700393844588E+002
    985  1.500661403047108E-006  1.294454523269476E+002
    887  1.486236172392296E-006  1.215278324822884E+002
    943  1.469667538240727E-006  1.278255860865938E+002
    204  1.461427247364047E-006  3.416741852472765E+001
    857  1.455604316584920E-006  1.192977858717030E+002
    949  1.437140921573252E-006  1.280833568476082E+002
    612  1.407215208975339E-006  1.080838271474082E+002
    916  1.398357629266563E-006  1.261858055404796E+002
    424  1.390268004574088E-006  5.504400290817051E+001
    804  1.387043439040627E-006  1.164307012054320E+002
    994  1.367588796722404E-006  1.299886393654431E+002
    677  1.314567794216509E-006  1.104103779431708E+002
    396  1.287827266542109E-006  5.292259014309509E+001
    884  1.275266972872377E-006  1.212913619330936E+002
    576  1.255257543381911E-006  1.068188420241767E+002
   1043  1.203702305345567E-006  1.320181582363304E+002
    885  1.128444350087717E-006  1.213849358963692E+002
    747  1.089100189737594E-006  1.128221651622354E+002
    841  1.085419930930605E-006  1.180046875638410E+002
    788  1.063001678504860E-006  1.157595566872355E+002
    951  1.059212788433434E-006  1.282127111215003E+002
    562  1.027873497918813E-006  1.058125905236654E+002
    752  1.022767656517692E-006  1.129825416205730E+002
    720  9.994873267170669E-007  1.121496181246094E+002
    766  9.922459891782452E-007  1.138313497862233E+002
    467  9.880844030423772E-007  5.850070475174659E+001
    326  9.733680445944856E-007  3.980074663620405E+001
    864  9.708158387906406E-007  1.195154318953015E+002
    412  9.679635228829699E-007  5.399327798218789E+001
    770  9.511481490688482E-007  1.141655133118217E+002
    224  9.486410437712465E-007  3.456258153743839E+001
    853  9.406239819478461E-007  1.189950762444425E+002
    939  9.380391959432235E-007  1.276788938661296E+002
   1059  9.319025668369603E-007  1.335352794510990E+002
    872  9.116061567160125E-007  1.204992644439996E+002
    759  9.094701924355116E-007  1.132523759465808E+002
    241  8.634725886808740E-007  3.573178726353736E+001
    891  8.558571876788113E-007  1.222344606190913E+002
     88  8.370888440735278E-007  2.776495450944637E+001
    707  8.328457695798843E-007  1.116484954290111E+002
    999  8.222592782774932E-007  1.301340763851820E+002
    811  8.155782851827082E-007  1.169131613251637E+002
    854  8.138057069481007E-007  1.190938927222375E+002
   1041  8.048109819071289E-007  1.318604688563310E+002
    783  7.754980602368554E-007  1.155776779712016E+002
    638  7.745819862219641E-007  1.087773663504995E+002
    927  7.541058296179860E-007  1.271118445081471E+002
    790  7.502860782752466E-007  1.158127479939932E+002
    718  7.300835965483603E-007  1.120307816427976E+002
    860  7.068929021204361E-007  1.193608179742887E+002
    931  6.881343807981148E-007  1.272754104030811E+002
   1012  6.838936823502172E-007  1.305860585800326E+002
    904  6.490657934344905E-007  1.250437756508075E+002
   1017  6.385430397776902E-007  1.307020085696559E+002
    948  6.197646035041949E-007  1.280530341997139E+002
    263  6.187382416738030E-007  3.756851288337069E+001
    818  6.176675221405841E-007  1.172202887178189E+002
    863  6.088823216465321E-007  1.194780899982511E+002
    506  6.084019740620626E-007  6.092479484159845E+001
    701  6.010755845244692E-007  1.112655741498095E+002
    511  5.549479701129531E-007  6.108291035790679E+001
    893  5.441267135301296E-007  1.225899968537864E+002
   1049  5.436035333232052E-007  1.325964910892840E+002
    798  5.384187378261972E-007  1.161233232814441E+002
    559  5.288572978216856E-007  1.054467335457494E+002
    941  5.113935210507372E-007  1.277239710636116E+002
    993  4.968754829534163E-007  1.299638892136509E+002
    765  4.903722652813126E-007  1.138034732037320E+002
    786  4.882041829367661E-007  1.156679892855772E+002
   1035  4.808267180455907E-007  1.315022364948826E+002
    901  4.611267284963385E-007  1.246352700151236E+002
    501  4.492786773873444E-007  6.025540211442135E+001
    534  4.290065076322120E-007  6.352992396574133E+001
    987  4.256661787977078E-007  1.295218650079724E+002
    406  4.086109118058019E-007  5.347162595814701E+001
   1019  4.058889404270861E-007  1.307856127904329E+002
    395  3.772385498105727E-007  5.279005865968511E+001
    980  3.740973687560081E-007  1.292322903638887E+002
    946  3.733051381416228E-007  1.279201366409634E+002
    723  3.691710411368429E-007  1.122249597820348E+002
    598  3.607612939294140E-007  1.077082259858063E+002
    761  3.466787154403359E-007  1.134019555363662E+002
    628  3.347432116702996E-007  1.085999071252231E+002
    705  3.191193712667996E-007  1.114879185885843E+002
    908  3.153164344539375E-007  1.256350992978881E+002
   1007  3.128740200547668E-007  1.303971511397991E+002
    157  3.126064364321693E-007  3.136040875348826E+001
    750  3.078415381088852E-007  1.128980084302201E+002
    652  3.003498998175173E-007  1.090805000764319E+002
    675  3.001265268797143E-007  1.101932688761904E+002
    925  2.977874943623312E-007  1.268943605090481E+002
    957  2.858968167184649E-007  1.283224605383935E+002
    963  2.783605521344748E-007  1.284456810480366E+002
    178  2.713425255192032E-007  3.291892583427273E+001
    969  2.697759878675087E-007  1.288232913140608E+002
    776  2.555094627102401E-007  1.150535509847603E+002
    773  2.470159632553992E-007  1.146041296786391E+002
    817  2.433497350664860E-007  1.171745914510001E+002
    762  2.369093643681700E-007  1.134504722361933E+002
    775  2.256480425960242E-007  1.149447083106751E+002
    792  2.160805202572086E-007  1.158579110744502E+002
    274  2.017586617968314E-007  3.771469066363962E+001
    850  1.870969666552730E-007  1.188640670964077E+002
    975  1.770731002586766E-007  1.290479361570385E+002
    814  1.655590568654877E-007  1.170571282096026E+002
    824  1.651451949072431E-007  1.173851057796732E+002
   1023  1.557477077800731E-007  1.309907545973144E+002
    734  1.526629308942273E-007  1.125227414297757E+002
    711  1.392827361565737E-007  1.117833092223069E+002
    203  1.378240204042926E-007  3.415596231316062E+001
   1010  1.353341795906633E-007  1.305150376372933E+002
    647  1.277599529510240E-007  1.089204596390746E+002
    936  1.244227120573678E-007  1.275963114471066E+002
    692  1.125144602289779E-007  1.109991362888409E+002
    225  1.067190436976712E-007  3.458265676939745E+001
    405  1.042080676882304E-007  5.340951413863353E+001
    728  1.008112755161355E-007  1.123911467240560E+002
    935  9.491157812418485E-008  1.274477748704804E+002
    881  9.346684691349890E-008  1.212001054655417E+002
    632  8.982445664029834E-008  1.086732063917954E+002
    806  8.976329074172196E-008  1.165904998677036E+002
    443  8.772680681087081E-008  5.615506371008289E+001
    882  8.566706348663906E-008  1.212606419968792E+002
    839  8.033791877066186E-008  1.178451551754228E+002
    471  7.854798796803477E-008  5.859921299406331E+001
    469  7.379727067327488E-008  5.857260373695996E+001
    704  7.016723160097569E-008  1.114088220449556E+002
    823  7.008241430762820E-008  1.173434151863991E+002
    591  6.877150060431709E-008  1.073970459895217E+002
    627  6.249366483402914E-008  1.085359599099982E+002
    581  6.063635551738341E-008  1.069166383916512E+002
     61  5.457089096721983E-008  2.623624111749398E+001
    962  5.148056139737686E-008  1.284190833846668E+002
    629  5.029282390402272E-008  1.086436456014825E+002
    699  4.911287416475918E-008  1.111753891148923E+002
    261  4.222665421428064E-008  3.751537038816641E+001
    871  4.089105627297281E-008  1.204638135739833E+002
    856  3.907350430236453E-008  1.192407591408727E+002
   1037  3.854921825451908E-008  1.316166834102353E+002
    651  3.164889699549309E-008  1.090123807306586E+002
    965  2.887383638322809E-008  1.286084743618769E+002
    878  2.655684341378606E-008  1.208553192243232E+002
    874  2.615841939648557E-008  1.206463359037059E+002
    861  2.443820576601467E-008  1.193618968506130E+002
   1030  2.297381838040936E-008  1.313677884464318E+002
    869  1.346644130686381E-008  1.201465244096069E+002
    678  1.137195288014944E-008  1.105298402911861E+002
    819  7.669683912158045E-009  1.172617623112352E+002
     87  7.369159307558819E-009  2.773505635732142E+001
    739  5.687636845062641E-009  1.126267264275300E+002
    900  4.197973705032348E-009  1.240255399934555E+002
    649  3.673529078677952E-009  1.089557122086210E+002
    743  3.495980802670523E-009  1.126739704882794E+002
    833  3.465309712397646E-009  1.176450554682990E+002
   1015  2.555242247306135E-009  1.306693309857935E+002
    834  2.521982911430458E-009  1.176651591794238E+002
    858  2.477315464126088E-009  1.193043137223610E+002
    489  1.801279224378650E-009  5.906665573291085E+001
    837  1.380584613305238E-009  1.177814246314451E+002
    813  5.454906877355883E-010  1.170211975618395E+002
    876  4.821126407817638E-010  1.207338716680959E+002
    906  4.579599399374540E-010  1.253859334012492E+002
    996  2.487168523019016E-010  1.300741546440489E+002
    914  1.870294279496657E-010  1.261343003660832E+002
    722  8.666435081988892E-011  1.121989232781130E+002
    912  5.327003257202510E-011  1.259977317017505E+002
    974  1.667591680850560E-011  1.290391941684268E+002
