# Number of modes
   1077
# Tabulated for different initial and final frequencies?
    F
# Mode index, Sj, (highest to lowest), omega_j
    547  1.529970823099760E-001  1.040413527560943E+002
      7  3.715927938494869E-002  1.598850297870253E+001
    475  2.566461279647577E-002  5.870955367754343E+001
     23  1.987499192196929E-002  2.160694502786773E+001
      8  1.920336285674011E-002  1.603898235084092E+001
     38  1.641148622490024E-002  2.415274881711009E+001
     24  1.554105960610604E-002  2.165827626673025E+001
    546  1.174556450556899E-002  1.038908634804570E+002
    436  1.048645453380333E-002  5.562240782737462E+001
    466  9.704635369828773E-003  5.848631456847294E+001
     64  8.895115071127857E-003  2.637954322898939E+001
    460  8.266916807763772E-003  5.821511818989060E+001
    114  8.189701602338258E-003  2.903390568794284E+001
    544  8.130233267738610E-003  1.037287728441322E+002
    474  7.890141238594682E-003  5.866520048333617E+001
    551  7.597076506435194E-003  1.044758850995860E+002
    477  7.217084279245321E-003  5.875439662154096E+001
    462  6.614762235609200E-003  5.834568949164402E+001
     18  6.547475952493459E-003  2.124694793769305E+001
    549  6.382414245064254E-003  1.043755820157491E+002
   1060  6.225592436087059E-003  1.336329109810919E+002
    554  5.847047574649779E-003  1.048978551747549E+002
     58  5.528052608209376E-003  2.603619761911758E+001
     32  5.496381331883521E-003  2.386019687247388E+001
    431  5.490353518084410E-003  5.545822575490884E+001
    301  5.350385768721859E-003  3.874125966254066E+001
    418  4.953409765860234E-003  5.440760214654593E+001
    288  4.817468886539036E-003  3.825168870868715E+001
    421  4.552992535795292E-003  5.469982084171487E+001
      5  3.553167074711719E-003  1.580375607842547E+001
     31  3.368195402551502E-003  2.349957735236975E+001
    566  3.138934820606395E-003  1.060197199307676E+002
    330  2.990732254453612E-003  4.000719691328421E+001
    531  2.812350620330316E-003  6.280622541285696E+001
    430  2.803257936933477E-003  5.544226538226409E+001
    666  2.797096307740698E-003  1.096961217429448E+002
   1031  2.737389773414427E-003  1.313824495210718E+002
    199  2.599685881111771E-003  3.411214171315592E+001
    229  2.577893871638671E-003  3.477639317683153E+001
    536  2.546254090467542E-003  7.244369170766353E+001
    450  2.504588417716270E-003  5.723022636777802E+001
   1074  2.392196552480560E-003  1.357832717908243E+002
    142  2.363330445590064E-003  3.011700635419402E+001
   1053  2.168474867275839E-003  1.331993000158318E+002
     20  2.147909398825181E-003  2.146722812704134E+001
    255  2.074930714622531E-003  3.705801266502003E+001
    393  2.029002133272513E-003  5.117422678475859E+001
    390  2.011876461492809E-003  4.930034545373515E+001
      9  1.997202432580422E-003  1.615282072713023E+001
   1064  1.880741084777384E-003  1.339182935247794E+002
   1066  1.877019351412979E-003  1.341339055776214E+002
    381  1.846442339363924E-003  4.623753374880091E+001
    384  1.838978051163519E-003  4.693482184770667E+001
    433  1.827032900083160E-003  5.552394895078822E+001
     85  1.806662908920772E-003  2.757726243328665E+001
    485  1.787468393908355E-003  5.896971858223063E+001
    347  1.775411803608627E-003  4.251894246220620E+001
    298  1.764308476132019E-003  3.860785506393049E+001
    290  1.747465525279743E-003  3.834059039797889E+001
     11  1.688439880873450E-003  1.771447447329438E+001
    425  1.664514885894938E-003  5.512885982268182E+001
    207  1.656784217991028E-003  3.419271829752626E+001
    563  1.656457092240432E-003  1.058622417292547E+002
    998  1.638839661897805E-003  1.301241144683907E+002
    970  1.629428754601324E-003  1.288440499253601E+002
    535  1.608521993020042E-003  7.234684016852472E+001
    161  1.607504359470102E-003  3.141544799468193E+001
   1075  1.574089311292786E-003  1.852007864492208E+002
     27  1.563130814179221E-003  2.288948685305089E+001
    434  1.558351083161398E-003  5.556859477681133E+001
     60  1.514553650169930E-003  2.612817271153773E+001
     36  1.508991938371617E-003  2.408548968715760E+001
    926  1.493762161564367E-003  1.269935099435139E+002
    582  1.465274683695173E-003  1.069886979669129E+002
    487  1.460554807524714E-003  5.901096182276392E+001
     95  1.447230212764147E-003  2.806113631432304E+001
    300  1.445574706607255E-003  3.871033423098082E+001
    550  1.422565106912185E-003  1.044255141670578E+002
    537  1.416669803936357E-003  7.348438751630307E+001
    426  1.388406704674896E-003  5.521112029631625E+001
     51  1.295515880802950E-003  2.527497960196780E+001
     66  1.272824885848237E-003  2.653041695388611E+001
    492  1.228236162385488E-003  5.919740097208313E+001
    378  1.221085715309195E-003  4.609481655347708E+001
    832  1.155137670160799E-003  1.176150872586579E+002
    299  1.135800033737209E-003  3.861147003050849E+001
    404  1.075049446310842E-003  5.332919471058649E+001
     65  1.044601501268241E-003  2.645533186342116E+001
    975  1.029579660571645E-003  1.290479361570385E+002
    348  1.022139678471310E-003  4.278252907839931E+001
    417  1.008472944600688E-003  5.432386496665636E+001
    183  9.915935603150947E-004  3.317747871488443E+001
    391  9.855181167495711E-004  4.935295074539214E+001
    282  9.746397944314041E-004  3.781601762519486E+001
    826  9.656381215137963E-004  1.174535409692338E+002
    308  9.551608525643129E-004  3.924824416979163E+001
    295  9.287819872218367E-004  3.844649820311862E+001
    153  9.184921853801336E-004  3.119128674334460E+001
     74  9.096666402162702E-004  2.706787664592100E+001
     70  8.897620579324735E-004  2.683332853591699E+001
    981  8.744720191555539E-004  1.292686845988868E+002
   1020  8.742692009615969E-004  1.308300137670077E+002
    212  8.690872291275066E-004  3.425448747044050E+001
     43  8.363929340157649E-004  2.485090944939308E+001
     55  8.245902837379436E-004  2.564739582447731E+001
    972  8.216912489108311E-004  1.289491342298440E+002
    131  8.197341604457532E-004  2.976719894627799E+001
    825  8.149242555806785E-004  1.174155068731360E+002
     29  8.024518781596998E-004  2.304600720746813E+001
   1016  7.846592731571891E-004  1.306784011483153E+002
    303  7.812123298747472E-004  3.891633174738261E+001
    331  7.634127914914192E-004  4.033978069592825E+001
   1071  7.540059669520838E-004  1.353191143310252E+002
    503  7.491633107394720E-004  6.062899617907863E+001
    202  7.486028502234346E-004  3.414693728338715E+001
    143  7.485417887964665E-004  3.021552765862468E+001
     46  7.450580084085839E-004  2.508968851186969E+001
    497  7.389635033930740E-004  5.984833423050026E+001
    106  7.236261696723793E-004  2.873147041157064E+001
    221  7.207843794554980E-004  3.444064242877499E+001
   1072  7.143342457899150E-004  1.354275255218108E+002
    772  7.062908596178956E-004  1.144444014986270E+002
    698  7.043379295419942E-004  1.111543499618823E+002
    395  6.994806254159493E-004  5.279005865968511E+001
    196  6.947719826451433E-004  3.402217963204272E+001
     92  6.694746225821878E-004  2.796966533379813E+001
    423  6.689630240252877E-004  5.491452382822700E+001
    289  6.488623276126934E-004  3.832422991649202E+001
    325  6.422761361727788E-004  3.979678053884171E+001
    101  6.416722169382412E-004  2.816121926613436E+001
     89  6.282296364492095E-004  2.787565477396676E+001
    875  6.236013408818710E-004  1.206504418490652E+002
    134  6.226070182993972E-004  2.989081555609098E+001
    133  6.193818430480348E-004  2.980777525245198E+001
     22  6.093501527560208E-004  2.149928230079738E+001
    156  5.948342094374853E-004  3.133959801814033E+001
    158  5.941331667802916E-004  3.138637587596471E+001
    218  5.847473214304329E-004  3.434087154455664E+001
    184  5.837729065868349E-004  3.328145954751520E+001
    467  5.659050554205037E-004  5.850070475174659E+001
     34  5.589568731721396E-004  2.394870774261297E+001
     45  5.549585638388876E-004  2.505629895200580E+001
    138  5.536435111725426E-004  2.998810658959070E+001
    379  5.318962507259361E-004  4.610002508350383E+001
    385  5.307151898990591E-004  4.744969147605799E+001
    174  5.268154647450638E-004  3.277024257542895E+001
    205  5.227390296349759E-004  3.418138862993963E+001
    163  5.022035816819190E-004  3.148605603035891E+001
    564  5.012484359679936E-004  1.059223740174141E+002
    480  5.002669900720818E-004  5.887142017505539E+001
   1001  4.985519635039332E-004  1.301907504163165E+002
    254  4.976939383511459E-004  3.696870162494890E+001
    251  4.975313643263497E-004  3.670193646720268E+001
    320  4.928060201098564E-004  3.958466091098631E+001
    538  4.924300400408413E-004  8.801939400846273E+001
    275  4.915573331963175E-004  3.771871208633355E+001
   1044  4.891242540940911E-004  1.320835593454495E+002
    208  4.886691425090771E-004  3.420400517096608E+001
    686  4.871214262013660E-004  1.108321598991433E+002
    593  4.829348069842030E-004  1.074633420950339E+002
    304  4.788375234181793E-004  3.902642388250331E+001
      6  4.747159238997983E-004  1.593905863128156E+001
    473  4.740868081179556E-004  5.864875851961727E+001
    246  4.648273434456313E-004  3.612200287477440E+001
    346  4.627047480275932E-004  4.251353138364797E+001
    401  4.509161875579156E-004  5.310952948046032E+001
   1042  4.466294008543793E-004  1.319938555239870E+002
    700  4.464776035484851E-004  1.112187707043413E+002
      3  4.464484647044885E-004  1.530095081680193E+001
    539  4.458815344088325E-004  1.004038214764926E+002
    116  4.396701223885861E-004  2.910094471225916E+001
    964  4.378270059280557E-004  1.284811881676410E+002
    352  4.305820922114066E-004  4.345183818831803E+001
    822  4.222745142972915E-004  1.173379890193997E+002
    150  4.219656533041925E-004  3.095380367517388E+001
    357  4.185074532955805E-004  4.413715889769129E+001
    136  4.163729837581959E-004  2.995197020395121E+001
     37  4.155111329837199E-004  2.413005277682491E+001
    121  4.097460213236212E-004  2.937009161569695E+001
    403  3.945304123126082E-004  5.332276567118551E+001
    281  3.925395888512147E-004  3.778222215271058E+001
    239  3.828055399835476E-004  3.564788119351169E+001
    110  3.802236041057957E-004  2.890337161783228E+001
    691  3.768618222524017E-004  1.109942746792360E+002
   1062  3.728652910061217E-004  1.338537297016246E+002
     97  3.714974558472685E-004  2.809615145046481E+001
    560  3.682290838213120E-004  1.057397922085461E+002
    336  3.629455663796831E-004  4.106442919982931E+001
    192  3.621998446040537E-004  3.373139183933635E+001
   1027  3.601279052577365E-004  1.311414239553258E+002
     62  3.584173326916311E-004  2.630569023157911E+001
    493  3.571877843820518E-004  5.956939432616837E+001
     40  3.536206639137822E-004  2.429142631572386E+001
   1022  3.394432066869401E-004  1.309570316227355E+002
    327  3.363696016782048E-004  3.980649710729982E+001
    432  3.301627355078549E-004  5.551253331854516E+001
    532  3.281713809874422E-004  6.299204701993657E+001
    545  3.253951327311016E-004  1.038885725205099E+002
    777  3.231527247274897E-004  1.150636811545726E+002
    483  3.196567591004725E-004  5.892865432514233E+001
    338  3.186761260809936E-004  4.143596746217444E+001
   1024  3.170836622666079E-004  1.310472886139475E+002
    231  3.160122041090956E-004  3.529195130720404E+001
    237  3.137145839935737E-004  3.561350513334219E+001
    168  3.109272543976700E-004  3.223239881301075E+001
    309  3.076851193110153E-004  3.929268620446922E+001
    831  3.068299332983605E-004  1.175849164822640E+002
   1069  3.065834283165182E-004  1.347402109836953E+002
    382  3.065726523292974E-004  4.661435463500721E+001
     48  3.064942110551072E-004  2.521050943974308E+001
     78  2.995571626355217E-004  2.724001953302053E+001
     96  2.936733944259118E-004  2.807603105873968E+001
    109  2.921541419642960E-004  2.888359254004277E+001
   1052  2.898008354904797E-004  1.330891459743712E+002
    402  2.881567922342313E-004  5.323403324336612E+001
    444  2.869724815709386E-004  5.640873014994138E+001
    966  2.827500351258608E-004  1.287120665380274E+002
    166  2.826564773713138E-004  3.197534022905977E+001
    592  2.790850993426744E-004  1.074010896433819E+002
    459  2.762626975407631E-004  5.797524108925945E+001
    947  2.758191636731423E-004  1.280025795512814E+002
   1032  2.727118265305105E-004  1.314270448258869E+002
    835  2.702045157378526E-004  1.176766134664512E+002
    928  2.668096375434497E-004  1.271758190169006E+002
    297  2.621642083913765E-004  3.850412000814609E+001
     50  2.618874156399408E-004  2.524792740229145E+001
   1039  2.618258611403780E-004  1.317789778316224E+002
     68  2.607510812950242E-004  2.665958995788216E+001
    291  2.552134586713881E-004  3.834865717601958E+001
    568  2.525124125203414E-004  1.063884322375297E+002
     30  2.517937150618181E-004  2.339033246897357E+001
    383  2.501106992809066E-004  4.665506804468283E+001
    119  2.491347358352106E-004  2.929038281335912E+001
     82  2.479342238781783E-004  2.744742479332049E+001
    335  2.475850235112029E-004  4.064698242871874E+001
    413  2.382509775470628E-004  5.407796767412047E+001
    523  2.380325763801610E-004  6.195141091349550E+001
    167  2.379021081908055E-004  3.206734480721192E+001
    132  2.368156995665376E-004  2.978147182311027E+001
    380  2.350428865657995E-004  4.621788456267294E+001
    565  2.323359731623942E-004  1.059848591127986E+002
    977  2.294562110136821E-004  1.291448023039548E+002
    948  2.264915718356896E-004  1.280530341997139E+002
    104  2.255066726030431E-004  2.863475114667724E+001
    319  2.249950976654841E-004  3.955367029075058E+001
    324  2.243387036008801E-004  3.965813849875591E+001
    671  2.228402833545268E-004  1.100461630260976E+002
    807  2.212390383671701E-004  1.166040027024774E+002
    803  2.197011117581443E-004  1.163959410830473E+002
    442  2.187778992585132E-004  5.605259237502305E+001
    585  2.173255012168297E-004  1.071721890576240E+002
    389  2.169618515860969E-004  4.924612888004685E+001
    214  2.165718272915893E-004  3.429158842681225E+001
     73  2.155811045333819E-004  2.704395448663374E+001
    937  2.143347205871785E-004  1.275975168353670E+002
    314  2.059034151358333E-004  3.944402428691944E+001
    897  2.044694179265793E-004  1.233154024205701E+002
    502  2.024022888780554E-004  6.033057478557798E+001
    318  2.007826001349514E-004  3.952690512520030E+001
    555  2.001584649715997E-004  1.049505825405343E+002
    201  1.994857989651675E-004  3.413905621996786E+001
    578  1.962694706648548E-004  1.068696587706935E+002
    481  1.948584402102225E-004  5.889564718758225E+001
    242  1.933323264677618E-004  3.575330164903793E+001
    991  1.926546742242719E-004  1.298309517843196E+002
    164  1.900029958708145E-004  3.156123118588701E+001
    258  1.890375996355127E-004  3.725675246841864E+001
     61  1.876572828837602E-004  2.623624111749398E+001
    394  1.857601623933864E-004  5.275338077531283E+001
    765  1.837184036612414E-004  1.138034732037320E+002
    191  1.835165268997714E-004  3.372798248811258E+001
    708  1.825894577856204E-004  1.116659378913442E+002
    669  1.814806376625943E-004  1.098991161820264E+002
    261  1.814058005088035E-004  3.751537038816641E+001
    193  1.784570819598679E-004  3.387383688791338E+001
     19  1.780112088309642E-004  2.137958735177528E+001
    976  1.776253433187531E-004  1.291265023483052E+002
    854  1.770403906958751E-004  1.190938927222375E+002
    438  1.769612218405795E-004  5.568774314714533E+001
    588  1.768742893105742E-004  1.072780161282308E+002
    468  1.767683429644414E-004  5.850419738659161E+001
     53  1.764251298025705E-004  2.532427500710937E+001
    742  1.739668013724967E-004  1.126546326383816E+002
    160  1.707496335155929E-004  3.140287364756382E+001
    449  1.703298845011745E-004  5.713782918039372E+001
    334  1.696595371283362E-004  4.055961280242965E+001
    543  1.695451212596426E-004  1.026098663261161E+002
    967  1.687744447969575E-004  1.287730879251822E+002
    451  1.686287103698280E-004  5.726939793781466E+001
     72  1.676777799749455E-004  2.695844835194747E+001
    716  1.675579144253726E-004  1.119313653155845E+002
     21  1.674977934119959E-004  2.149552581175353E+001
    658  1.665269221327315E-004  1.092752908733605E+002
   1000  1.663404348047340E-004  1.301375093272533E+002
     81  1.661755755891394E-004  2.737831616504717E+001
    690  1.643580835965523E-004  1.109553167085971E+002
    453  1.637300298407867E-004  5.734859743017803E+001
    387  1.636997036864984E-004  4.845493173747810E+001
    995  1.603563190117284E-004  1.300556822463785E+002
    307  1.600116519606897E-004  3.924418415703018E+001
    673  1.598616155650940E-004  1.101090602242966E+002
    448  1.591309814238971E-004  5.707216855561523E+001
     39  1.571870249272507E-004  2.419216907562118E+001
    312  1.564601262009401E-004  3.940338989709551E+001
    445  1.556360400382828E-004  5.650985963977887E+001
    310  1.546438249036918E-004  3.933560718805473E+001
    762  1.541983511275647E-004  1.134504722361933E+002
    189  1.520563268950114E-004  3.348575581421191E+001
     98  1.507710918842122E-004  2.810036398063808E+001
    176  1.504241483356012E-004  3.283702642513862E+001
   1005  1.499166077897566E-004  1.302961950162389E+002
    573  1.495156839650316E-004  1.066520968004064E+002
     42  1.487026816805083E-004  2.442065503900721E+001
    533  1.484263742248454E-004  6.344214913117692E+001
    321  1.473072255991757E-004  3.959878738143280E+001
    817  1.463630286663941E-004  1.171745914510001E+002
    571  1.461766609531985E-004  1.065760725477823E+002
    486  1.458120512317867E-004  5.898078655703418E+001
     84  1.447410667867955E-004  2.748397341497807E+001
    478  1.427727900114321E-004  5.880478287498814E+001
     75  1.423506869455845E-004  2.717284531466260E+001
    306  1.420296908535048E-004  3.922583615449084E+001
    724  1.409599212281541E-004  1.122474317356576E+002
   1006  1.402009997714048E-004  1.303473844140781E+002
    377  1.382398883587935E-004  4.580996274485975E+001
    317  1.373827601382343E-004  3.952108816795088E+001
     71  1.369889258785177E-004  2.691074291878593E+001
    894  1.363483210768627E-004  1.226855190700912E+002
    165  1.362151406382109E-004  3.194792507678593E+001
    992  1.352157301362197E-004  1.299169051159237E+002
    725  1.340288617885532E-004  1.122622575126908E+002
   1047  1.333545235246711E-004  1.324683504365100E+002
    687  1.321865453077117E-004  1.108477970364615E+002
    144  1.316546771380337E-004  3.023024488043693E+001
    945  1.310508968855673E-004  1.278945431870569E+002
    521  1.307438200712733E-004  6.120499406654021E+001
    542  1.294572180451279E-004  1.021380905135569E+002
    615  1.275948461593564E-004  1.081646255451844E+002
    115  1.271461994216677E-004  2.908676806680809E+001
    557  1.269396801238278E-004  1.053298087456868E+002
    123  1.262593734770924E-004  2.945706723223188E+001
    343  1.244210719721953E-004  4.223776350771931E+001
    541  1.232613079844509E-004  1.020561485810812E+002
    452  1.229034947285158E-004  5.732416656661538E+001
    283  1.228485682395603E-004  3.781664732037148E+001
    979  1.195088545086622E-004  1.292073280791942E+002
    962  1.190022860855693E-004  1.284190833846668E+002
    440  1.179020265073204E-004  5.589934491235444E+001
    305  1.167568180160720E-004  3.919092577852600E+001
     57  1.162287310981570E-004  2.601044601303876E+001
     83  1.152756749958283E-004  2.745200449399356E+001
    482  1.148297264210426E-004  5.890508639424976E+001
    528  1.146130709924465E-004  6.211763689923020E+001
    829  1.144280360750541E-004  1.175434491795728E+002
    294  1.143027435692448E-004  3.844005427068350E+001
    694  1.143016259959051E-004  1.110208923005156E+002
   1021  1.141742097443667E-004  1.308784400027895E+002
    561  1.138566273324835E-004  1.057823475786052E+002
    680  1.134585076198715E-004  1.106808485277705E+002
     14  1.134537111229542E-004  2.047451167645159E+001
    226  1.134337094606411E-004  3.460914941435140E+001
    190  1.129140766907276E-004  3.352213579831744E+001
    663  1.128053334277158E-004  1.095408569103236E+002
    454  1.127560879103055E-004  5.753531790534946E+001
    929  1.105738017493297E-004  1.272324166790593E+002
    162  1.100131667983639E-004  3.142013005221356E+001
    260  1.095490290707584E-004  3.745846822965304E+001
    821  1.091507234713349E-004  1.173213489801490E+002
    785  1.090288002458776E-004  1.156515149006221E+002
    435  1.082863186574775E-004  5.559833163642786E+001
    498  1.073951716266120E-004  6.006055704270973E+001
    778  1.067047672326062E-004  1.153062331743218E+002
    147  1.065560389442188E-004  3.045498909450352E+001
    361  1.044782784233947E-004  4.509188248244521E+001
    617  1.036683326099319E-004  1.082069188907082E+002
    179  1.034716182819231E-004  3.301071504933698E+001
     69  1.032726450237418E-004  2.667931486079132E+001
    667  1.027016923317181E-004  1.098231148083649E+002
    558  1.019216187350611E-004  1.054235904423783E+002
    217  1.018992807729431E-004  3.432077633458158E+001
    262  1.016272137557222E-004  3.754826259370084E+001
    730  1.004127433336250E-004  1.124678820560711E+002
    886  9.953186250365222E-005  1.214498350996194E+002
    329  9.952255637659630E-005  3.994917835777716E+001
    238  9.915025875555172E-005  3.562010162214489E+001
    337  9.738220634642982E-005  4.125439580477820E+001
    278  9.730495378390643E-005  3.775225448216675E+001
    323  9.718510262368104E-005  3.963162035223775E+001
    572  9.706642126226663E-005  1.066354688575440E+002
    234  9.646806443692304E-005  3.541632958107625E+001
   1070  9.610518856195501E-005  1.350535885837313E+002
    187  9.593338917939862E-005  3.338593491458187E+001
     15  9.563963790706229E-005  2.077312965636918E+001
     28  9.517661486927179E-005  2.303576073275412E+001
    103  9.479801933854939E-005  2.854698030319213E+001
   1014  9.312135223342196E-005  1.306579532637773E+002
    159  9.285555603680819E-005  3.140014259635325E+001
    313  9.253387709300775E-005  3.941220320488696E+001
    102  9.246497440811697E-005  2.838723287464182E+001
    171  9.157895580640491E-005  3.251692712246987E+001
    594  9.079493629335356E-005  1.075267994995216E+002
    311  9.041780423225880E-005  3.939193935233331E+001
    797  8.991775344998604E-005  1.161224071144865E+002
    241  8.860067951029173E-005  3.573178726353736E+001
    763  8.802539931467674E-005  1.136578287383470E+002
    495  8.785879036684554E-005  5.971063876484735E+001
    463  8.785635143172683E-005  5.840368106338346E+001
    293  8.757915564805493E-005  3.840315559517953E+001
    751  8.711387119443971E-005  1.129352725370382E+002
   1057  8.667140800938267E-005  1.332882698940204E+002
    675  8.647615990574783E-005  1.101932688761904E+002
   1038  8.594252683548302E-005  1.317153469634680E+002
    921  8.504054337144903E-005  1.266347372507485E+002
    374  8.486083671787661E-005  4.576894168844035E+001
   1033  8.475372378066814E-005  1.314921549657209E+002
    676  8.411644394397246E-005  1.102968009656115E+002
    605  8.299404265950974E-005  1.079476682950407E+002
    517  8.293049744035123E-005  6.116283191518230E+001
    137  8.279334038013981E-005  2.996307755422044E+001
    968  8.193882425743470E-005  1.287893908307005E+002
    988  7.954716797622417E-005  1.295230022337254E+002
    827  7.953701655838168E-005  1.174913134466901E+002
    613  7.952963676726257E-005  1.081325074305931E+002
    441  7.906210231039165E-005  5.602297434426368E+001
    674  7.818792257735836E-005  1.101627157855635E+002
   1036  7.756935583652706E-005  1.315563975924429E+002
    457  7.708821709845148E-005  5.770039153165104E+001
    339  7.665890673222452E-005  4.199721405536648E+001
    745  7.649565971310701E-005  1.127541380335163E+002
    940  7.607445651968970E-005  1.277053477702196E+002
    610  7.555405774121111E-005  1.080548791140610E+002
     88  7.545210748985513E-005  2.776495450944637E+001
     77  7.334658583691351E-005  2.720977418778346E+001
    955  7.301746657372370E-005  1.283043098504922E+002
    411  7.296596297935379E-005  5.390414096058870E+001
    600  7.256049575014067E-005  1.078192567961393E+002
   1034  7.212892623855490E-005  1.314975717016592E+002
    824  7.117716016443820E-005  1.173851057796732E+002
    584  7.107475247111727E-005  1.071415131646536E+002
   1063  7.106691121028526E-005  1.338610239777397E+002
    105  7.101913086697732E-005  2.872870804936272E+001
    515  7.058295216923732E-005  6.113166482037749E+001
    209  7.041588970839980E-005  3.420776675567321E+001
    616  6.990442147011258E-005  1.081902144651443E+002
    868  6.977740608460887E-005  1.199994649602093E+002
    107  6.892694447996784E-005  2.880093649968087E+001
      4  6.880912852968779E-005  1.555889535187236E+001
    415  6.864522905279960E-005  5.409773008136273E+001
    681  6.769560088359094E-005  1.107150530846271E+002
    540  6.751231660151242E-005  1.019596674086986E+002
   1041  6.732776594663714E-005  1.318604688563310E+002
    407  6.709194200982598E-005  5.355040632372296E+001
    630  6.542440672709783E-005  1.086464564510315E+002
    604  6.494487938535974E-005  1.078901483894559E+002
     91  6.483419362847024E-005  2.795709450840539E+001
    220  6.413497462168059E-005  3.440936379612124E+001
    635  6.191890886383460E-005  1.087402789130293E+002
    683  6.152078002765946E-005  1.107854094171573E+002
    577  6.090259838993199E-005  1.068269012623950E+002
    755  6.010925642716659E-005  1.130537195644052E+002
    877  5.939459963322413E-005  1.207635072396237E+002
    257  5.929115251221429E-005  3.716053985696894E+001
    569  5.922862624944003E-005  1.064024371239422E+002
     79  5.862300031000847E-005  2.728143790603452E+001
    622  5.839509633602818E-005  1.084041586407917E+002
    511  5.815164912208220E-005  6.108291035790679E+001
    392  5.808560073498496E-005  4.975569880244111E+001
    494  5.789833019544178E-005  5.959072402434833E+001
     13  5.747892370836130E-005  2.038781372204352E+001
    902  5.736556590523906E-005  1.246861225619736E+002
    626  5.714904558684972E-005  1.085197354965440E+002
    194  5.709899453399614E-005  3.388123191050668E+001
    919  5.598046519256198E-005  1.264669767465423E+002
    470  5.564598685497660E-005  5.858950887133865E+001
     49  5.554518496361938E-005  2.521926711432687E+001
    596  5.543736435778436E-005  1.076305596761092E+002
    414  5.533228648562410E-005  5.408443269732371E+001
    905  5.391174598975011E-005  1.252963463377060E+002
   1055  5.389796721659084E-005  1.332315483337306E+002
     25  5.374442381673514E-005  2.268285797328677E+001
    713  5.298442376290197E-005  1.118750446375970E+002
    656  5.294165292491514E-005  1.092383325553483E+002
    152  5.293828714019028E-005  3.107793476288124E+001
    583  5.291640924085019E-005  1.070323413352247E+002
    909  5.272124986698722E-005  1.256671150468244E+002
    986  5.253633257055477E-005  1.294778988001748E+002
    774  5.214781388283374E-005  1.147299018357027E+002
    186  5.146084677121854E-005  3.335079910483972E+001
    930  5.144922082123103E-005  1.272550109882912E+002
    836  5.123806631369029E-005  1.177792466123822E+002
     86  5.098724786762836E-005  2.760340701365068E+001
    113  5.088175490095586E-005  2.894608485543543E+001
    983  5.080422835241336E-005  1.293699640118089E+002
    789  5.044537115113123E-005  1.157939903252585E+002
    645  5.026416710301279E-005  1.088758352374567E+002
    287  4.997346939567703E-005  3.806334999222836E+001
    344  4.939649551035679E-005  4.229281490750487E+001
    244  4.895496562561086E-005  3.582009297825139E+001
    595  4.880867649491716E-005  1.075727311228692E+002
    529  4.867002123814473E-005  6.213305424318654E+001
    567  4.851103708021958E-005  1.061175767374582E+002
    269  4.846681673694230E-005  3.766609016559832E+001
    340  4.843899485133963E-005  4.203744443197692E+001
    370  4.810016193521946E-005  4.562254251008403E+001
    820  4.795638355034594E-005  1.173160626674297E+002
    865  4.773158616391802E-005  1.195233182598442E+002
    911  4.770510136364673E-005  1.258968376271585E+002
    784  4.745494164273703E-005  1.156115101864969E+002
    938  4.703295733840000E-005  1.276246332177813E+002
    248  4.693471498665825E-005  3.617742791171408E+001
   1008  4.691980180218187E-005  1.304054287055121E+002
    398  4.677755873789896E-005  5.298968704937109E+001
    641  4.645291590207580E-005  1.088136450829588E+002
    624  4.627638953293191E-005  1.084534043855216E+002
    552  4.481748621937501E-005  1.045004516183760E+002
    899  4.475823855953646E-005  1.237750393258326E+002
    223  4.473533662554066E-005  3.452101188794168E+001
    170  4.469857876271207E-005  3.240864442722207E+001
    117  4.464988057767341E-005  2.915145470361619E+001
    358  4.462470406709629E-005  4.418411045040358E+001
    631  4.452817583231495E-005  1.086593678715634E+002
    270  4.450636516105962E-005  3.767493462479421E+001
    268  4.438041229603016E-005  3.765614789507087E+001
    816  4.390273284657343E-005  1.170854692244173E+002
    100  4.351760663278171E-005  2.814590236831992E+001
    589  4.342199362688166E-005  1.073243551551986E+002
    372  4.320976838829148E-005  4.569660817760900E+001
    333  4.305911807316916E-005  4.050570323460023E+001
    216  4.295714133615171E-005  3.431915233475488E+001
    738  4.189112515510058E-005  1.126248828969786E+002
    689  4.171962309012648E-005  1.108992280227757E+002
    365  4.115318620337156E-005  4.540196146988517E+001
     52  4.078832754919223E-005  2.532370304309600E+001
    910  4.071378431656935E-005  1.258349422363612E+002
    284  4.070569646338182E-005  3.794002386601017E+001
    682  4.068030865785586E-005  1.107795174367904E+002
    177  4.019525451577652E-005  3.286305119332699E+001
    243  3.979844556882445E-005  3.580427376176280E+001
     80  3.963238245292919E-005  2.737665388114407E+001
      1  3.953430593940197E-005  1.480943860687432E+001
     35  3.923917733497834E-005  2.406163852032448E+001
    210  3.922485471325677E-005  3.421873300884823E+001
    812  3.897346822280946E-005  1.169499526914024E+002
    731  3.873331950321940E-005  1.124795031346507E+002
    989  3.810292246362790E-005  1.296856498562064E+002
    917  3.793720829178497E-005  1.262583151256411E+002
    741  3.781555520363363E-005  1.126383251241469E+002
    843  3.754620477745866E-005  1.181049125326048E+002
    204  3.739615933945923E-005  3.416741852472765E+001
     54  3.735233411422940E-005  2.537118147105558E+001
    579  3.650975205606622E-005  1.068810185812333E+002
    623  3.650873712878678E-005  1.084311616311891E+002
    172  3.640044800490697E-005  3.254695536480502E+001
      2  3.622275531454558E-005  1.507477314615795E+001
    151  3.610199661724297E-005  3.097448214004631E+001
    530  3.602739737911592E-005  6.265828803408258E+001
    479  3.597261250172311E-005  5.886156225440574E+001
    787  3.592713797090842E-005  1.157066821730262E+002
    332  3.590308037992064E-005  4.036182328117159E+001
   1040  3.573113029577873E-005  1.318325334098182E+002
    637  3.559750072415235E-005  1.087708716348475E+002
     99  3.554304579809189E-005  2.813215700322161E+001
    465  3.506897159211343E-005  5.845233409136720E+001
    916  3.495156153847133E-005  1.261858055404796E+002
    636  3.462354791969938E-005  1.087412284437008E+002
    240  3.462298884875184E-005  3.568815433410965E+001
    203  3.433171827866701E-005  3.415596231316062E+001
    848  3.422387300680879E-005  1.185512117490796E+002
    570  3.383776394320251E-005  1.064458450110351E+002
    366  3.350441147414381E-005  4.541480133184800E+001
   1068  3.341076470418498E-005  1.342139437973118E+002
    355  3.333420709353431E-005  4.365668409738398E+001
    654  3.332763403303757E-005  1.091774321289355E+002
    518  3.321535008584216E-005  6.116565427175681E+001
    276  3.310859855536435E-005  3.774173651101562E+001
    608  3.294135084703165E-005  1.080310773431174E+002
    157  3.276326486955262E-005  3.136040875348826E+001
    672  3.246897635977129E-005  1.100523893058521E+002
     41  3.235023051877417E-005  2.434332602389209E+001
     10  3.227929027579200E-005  1.630017574824609E+001
    719  3.208318184647027E-005  1.120361196403708E+002
     67  3.204323445521183E-005  2.663955326886673E+001
    185  3.199637599133099E-005  3.329017879350934E+001
   1050  3.194154275913347E-005  1.326682006609648E+002
    274  3.185308322470084E-005  3.771469066363962E+001
    315  3.132470535712117E-005  3.946262277995078E+001
    376  3.120573003832340E-005  4.578482274843697E+001
    513  3.019067364121491E-005  6.111701004965728E+001
    127  3.015653359839287E-005  2.958197907168710E+001
    206  3.003384683013686E-005  3.418711639611698E+001
    364  3.003041129864547E-005  4.528995878587361E+001
    471  3.000220140290747E-005  5.859921299406331E+001
    954  2.983127000533942E-005  1.282848493157465E+002
    125  2.979376107191894E-005  2.955205187993630E+001
    111  2.975127104511595E-005  2.891758955889047E+001
    526  2.967664561456185E-005  6.205614154690332E+001
    768  2.950491093958321E-005  1.140511281344195E+002
     76  2.948766826336929E-005  2.719040433196805E+001
    249  2.910110468370866E-005  3.643158917315001E+001
    140  2.902593023587402E-005  3.002380690834687E+001
    419  2.866533380412951E-005  5.447434435004674E+001
    188  2.857852611510747E-005  3.343297855491465E+001
    863  2.813553470606705E-005  1.194780899982511E+002
    405  2.813524446832739E-005  5.340951413863353E+001
    695  2.794577445507555E-005  1.110404578737834E+002
    709  2.743355072430202E-005  1.116986555393093E+002
    633  2.738756369283460E-005  1.086770367044967E+002
    292  2.734328741033048E-005  3.837765227419467E+001
    574  2.705778718310571E-005  1.067089856517616E+002
    447  2.699190378343731E-005  5.692641404400948E+001
    277  2.643296483948017E-005  3.774405278528796E+001
    368  2.636345679400754E-005  4.552075151204606E+001
    247  2.613325508777242E-005  3.613855018049320E+001
    733  2.589877206991885E-005  1.125211996768446E+002
    422  2.587576262251163E-005  5.478392604221921E+001
    883  2.574027787989429E-005  1.212822283474710E+002
    215  2.525415948789285E-005  3.430912489816387E+001
   1011  2.512978600540927E-005  1.305590563134582E+002
    439  2.492603836215629E-005  5.581771077364913E+001
    525  2.489622188098460E-005  6.201689187624501E+001
    892  2.477171794016975E-005  1.223146913863671E+002
    944  2.473797458859024E-005  1.278264506290159E+002
    522  2.464741141094951E-005  6.189501394570030E+001
    871  2.448975370796451E-005  1.204638135739833E+002
    359  2.420997781487244E-005  4.440820660542785E+001
    302  2.402752847550763E-005  3.874867387838012E+001
    224  2.387378240460322E-005  3.456258153743839E+001
    599  2.384893847900985E-005  1.077354408464688E+002
    508  2.373368053148265E-005  6.101348113010317E+001
    684  2.357050955670196E-005  1.108055531440044E+002
    795  2.340659382708097E-005  1.159446042090269E+002
    844  2.327144379983871E-005  1.182236522024691E+002
    369  2.326847332052544E-005  4.556664797594529E+001
    429  2.321601217845937E-005  5.542704693693687E+001
    769  2.282369419378429E-005  1.141494817506874E+002
    890  2.277463110005522E-005  1.222269695705770E+002
    665  2.254259450106047E-005  1.096195054263975E+002
    225  2.248862224916736E-005  3.458265676939745E+001
    580  2.227489814745483E-005  1.069063882425304E+002
    266  2.217783370588293E-005  3.763404507858488E+001
    873  2.183295590682396E-005  1.205400953636918E+002
    575  2.181834752093412E-005  1.067636975144964E+002
    884  2.170970062358457E-005  1.212913619330936E+002
    128  2.163484165165890E-005  2.964876822252022E+001
    625  2.161351799157796E-005  1.084878781680722E+002
   1045  2.112537358153691E-005  1.322246800166877E+002
    576  2.099636768473466E-005  1.068188420241767E+002
    619  2.095659625519127E-005  1.083262496248409E+002
    790  2.074874589491661E-005  1.158127479939932E+002
   1067  2.054186185073636E-005  1.341872351276505E+002
    455  2.041982250012410E-005  5.757818593173593E+001
    491  2.034216565642424E-005  5.916484178919298E+001
    942  2.025294666555907E-005  1.277896527703618E+002
    342  2.024615856959150E-005  4.219280462450153E+001
    670  2.007000268293205E-005  1.099218253642219E+002
    744  2.003544500340004E-005  1.127340165661099E+002
    181  1.951901951340994E-005  3.309588236011395E+001
    350  1.938892165255565E-005  4.287084402122760E+001
    915  1.885770449896682E-005  1.261627872997085E+002
   1017  1.869530904224874E-005  1.307020085696559E+002
   1028  1.860646457106431E-005  1.312419762585663E+002
   1046  1.845139633143759E-005  1.322741703884410E+002
    420  1.840380254192309E-005  5.464265012038360E+001
    484  1.839368734361144E-005  5.894622531819898E+001
    783  1.833658074117458E-005  1.155776779712016E+002
    279  1.822886017443098E-005  3.776291602598710E+001
    678  1.815465752302259E-005  1.105298402911861E+002
    328  1.811746221972085E-005  3.982877398686839E+001
    896  1.805957446495612E-005  1.231967026860033E+002
    367  1.798633573012012E-005  4.546665367422378E+001
    913  1.792566163938714E-005  1.260963173315474E+002
    461  1.772213896293175E-005  5.832169084274378E+001
    794  1.760527550145249E-005  1.159299755047292E+002
    514  1.727804177939830E-005  6.112143562944963E+001
    562  1.727661746216960E-005  1.058125905236654E+002
    509  1.717522145404105E-005  6.104665142125116E+001
     16  1.708312583702890E-005  2.083990463296455E+001
    887  1.698674888208264E-005  1.215278324822884E+002
    371  1.687915645773686E-005  4.567834615857563E+001
    727  1.682457576176630E-005  1.123838421661365E+002
    112  1.671814871364624E-005  2.893182478938967E+001
    754  1.669367440433193E-005  1.130532912402911E+002
    858  1.668104740552911E-005  1.193043137223610E+002
    922  1.642062691485315E-005  1.267277337836395E+002
    853  1.622911142197303E-005  1.189950762444425E+002
    648  1.618023714734033E-005  1.089328290594756E+002
   1009  1.613297879156578E-005  1.304609142394732E+002
    800  1.605770584276876E-005  1.161811067685375E+002
    696  1.597185095486595E-005  1.111110130672436E+002
   1048  1.592704494606943E-005  1.325281096806480E+002
    601  1.580477350090149E-005  1.078222216339937E+002
    907  1.562993918737522E-005  1.254774984052440E+002
    222  1.555114336540852E-005  3.444665555523785E+001
    810  1.547884647777619E-005  1.168542717379606E+002
    354  1.546964336425396E-005  4.358717802496741E+001
    804  1.530741273202510E-005  1.164307012054320E+002
    250  1.524386286093496E-005  3.645071914574685E+001
    559  1.506077251757733E-005  1.054467335457494E+002
    524  1.487463249475618E-005  6.196836567938324E+001
    386  1.481625766585060E-005  4.778448827008048E+001
    963  1.456411059733037E-005  1.284456810480366E+002
    660  1.451225746876531E-005  1.093929129115852E+002
    296  1.445624222059352E-005  3.847026909032138E+001
    590  1.433940083882974E-005  1.073381491314167E+002
    602  1.426687619446000E-005  1.078335831208874E+002
    895  1.407495386360920E-005  1.231922658586809E+002
    412  1.394347215541304E-005  5.399327798218789E+001
    591  1.390712845695773E-005  1.073970459895217E+002
    362  1.389454042623763E-005  4.520209191521082E+001
    688  1.384285281752895E-005  1.108652117541332E+002
   1026  1.377183762195657E-005  1.310988308446859E+002
    780  1.377177916682899E-005  1.153482258688003E+002
    267  1.375891357576183E-005  3.763942844703926E+001
    705  1.353877053651406E-005  1.114879185885843E+002
    408  1.335446922338513E-005  5.368647704938994E+001
    286  1.319737437168795E-005  3.806107114689090E+001
    505  1.307294874656222E-005  6.089365906344585E+001
    664  1.304145737988539E-005  1.095868237421283E+002
    782  1.303025790435220E-005  1.155663554633046E+002
    908  1.300601758613097E-005  1.256350992978881E+002
    870  1.281442982915468E-005  1.203621491035894E+002
    732  1.265384631348427E-005  1.124809932511083E+002
    767  1.254430883192014E-005  1.139787538815297E+002
    507  1.237972910532222E-005  6.098134465730102E+001
    697  1.236641179294896E-005  1.111168086390436E+002
    846  1.234298392727290E-005  1.183733977129572E+002
    758  1.226370590545994E-005  1.131945788764974E+002
    737  1.224536235723190E-005  1.125716601108342E+002
    122  1.220930526678528E-005  2.942821875092930E+001
    264  1.218063262538905E-005  3.760740200223662E+001
    651  1.204403475198298E-005  1.090123807306586E+002
    634  1.197257681977200E-005  1.087110579745548E+002
    707  1.196226474015428E-005  1.116484954290111E+002
    456  1.171373141085554E-005  5.758475825352298E+001
    699  1.162187168113922E-005  1.111753891148923E+002
    500  1.158250509461948E-005  6.016266526055261E+001
    973  1.147665742840581E-005  1.290303348922233E+002
    657  1.142048628019103E-005  1.092680437977900E+002
    644  1.134033908043945E-005  1.088699046594824E+002
    227  1.130300175688665E-005  3.461221107986133E+001
    198  1.128476036124410E-005  3.410095577154824E+001
    776  1.123751024761894E-005  1.150535509847603E+002
    219  1.118626231334541E-005  3.435584966495736E+001
    640  1.098079573919172E-005  1.088027953187827E+002
    927  1.092187523371343E-005  1.271118445081471E+002
    180  1.081125132876162E-005  3.306959511625761E+001
   1077  1.080581246166240E-005  6.189178021453241E+002
    341  1.069618850663697E-005  4.207899368185591E+001
    169  1.053352382082868E-005  3.225245008090104E+001
    126  1.047649986080575E-005  2.957864372821811E+001
    464  1.035746654083899E-005  5.841767339850505E+001
    994  1.029554056130571E-005  1.299886393654431E+002
    534  1.019519486108464E-005  6.352992396574133E+001
    715  1.017550570727614E-005  1.119122168057061E+002
    923  1.009996816764235E-005  1.267345977181097E+002
   1010  1.009906485876501E-005  1.305150376372933E+002
    618  1.006844735100687E-005  1.083041655146542E+002
    397  1.005326665885122E-005  5.292984574180642E+001
    862  1.002110253958266E-005  1.194326389788892E+002
    232  9.869240600168130E-006  3.530982942235851E+001
    642  9.828372742535620E-006  1.088349318990273E+002
    668  9.764114837831908E-006  1.098358517134249E+002
    649  9.746501930533155E-006  1.089557122086210E+002
    990  9.689266335000557E-006  1.297249883032466E+002
    702  9.617228175539171E-006  1.112791472783473E+002
    351  9.558132195810734E-006  4.290814690346715E+001
    488  9.498459011989726E-006  5.904214899548738E+001
    815  9.392417025180690E-006  1.170844697210597E+002
   1004  9.377166337663450E-006  1.302828791464404E+002
    866  9.336621622219243E-006  1.198737679274225E+002
    173  9.283490898268548E-006  3.267731285541730E+001
    679  9.247924040276712E-006  1.106299731616480E+002
    728  9.187947296796031E-006  1.123911467240560E+002
    677  9.143822427754471E-006  1.104103779431708E+002
    603  8.924240362458999E-006  1.078480909052838E+002
    808  8.888818327954963E-006  1.166438640424820E+002
    375  8.864540259308787E-006  4.577921754207221E+001
    437  8.776621479692885E-006  5.567668099873953E+001
     44  8.656946013747657E-006  2.487547588775838E+001
    710  8.380078919146950E-006  1.117114283703663E+002
    316  8.348468934390695E-006  3.947722492082590E+001
    627  8.251346186004616E-006  1.085359599099982E+002
    920  8.247286005470381E-006  1.265729199247587E+002
    373  7.929465363988996E-006  4.573517441489172E+001
    809  7.873208862651245E-006  1.168273457040169E+002
    607  7.593582715570135E-006  1.079782277499060E+002
   1029  7.560421354992082E-006  1.312589073638632E+002
    236  7.520101930824780E-006  3.558504171265294E+001
    692  7.435558110973196E-006  1.109991362888409E+002
    953  7.429754974938911E-006  1.282835790234384E+002
   1018  7.263938261200577E-006  1.307425624046459E+002
    845  7.159324067160291E-006  1.182722434309271E+002
    982  7.156817053912764E-006  1.293230544301462E+002
   1051  7.148628348793311E-006  1.330173846663143E+002
    139  7.119186341371163E-006  3.001327528760398E+001
    997  7.082100353783841E-006  1.300952728722026E+002
    685  6.957597216088324E-006  1.108208915724099E+002
    228  6.820157353453865E-006  3.465329128304563E+001
    175  6.692501332953253E-006  3.282740528695558E+001
    586  6.618331130977263E-006  1.072414988471015E+002
    950  6.583249432811977E-006  1.281356928004739E+002
    548  6.574171164279438E-006  1.041098140943872E+002
    722  6.507265507798217E-006  1.121989232781130E+002
    271  6.494874226393998E-006  3.769377629908810E+001
    770  6.456806272648965E-006  1.141655133118217E+002
   1002  6.349370511903544E-006  1.301955720736593E+002
   1035  6.168322908604913E-006  1.315022364948826E+002
   1065  6.110235150076684E-006  1.340986810838602E+002
    830  6.071264136999702E-006  1.175448785112390E+002
    939  6.039148099287395E-006  1.276788938661296E+002
    859  6.000646836561495E-006  1.193117826572047E+002
    957  5.986968888990248E-006  1.283224605383935E+002
    746  5.967859786916869E-006  1.128150956859242E+002
    802  5.930712387205394E-006  1.163074247182627E+002
    934  5.874533856873847E-006  1.274026915475210E+002
    880  5.847427687487970E-006  1.209811659012211E+002
    893  5.787181871096186E-006  1.225899968537864E+002
   1054  5.685455315719310E-006  1.332101619260334E+002
    195  5.664335519780422E-006  3.399004655216064E+001
    345  5.620520624889801E-006  4.248475366295001E+001
    230  5.586794789635337E-006  3.507000892128892E+001
    211  5.560448927919349E-006  3.422885497659050E+001
    951  5.496731793750138E-006  1.282127111215003E+002
    472  5.438772944208127E-006  5.860732378330380E+001
    356  5.427139421551785E-006  4.399929676237998E+001
    632  5.420501400614123E-006  1.086732063917954E+002
    200  5.415684861306580E-006  3.413076352937113E+001
    639  5.371299965186934E-006  1.087924757147032E+002
     63  5.356142089713330E-006  2.633691355837915E+001
    828  5.347912901755863E-006  1.175132070682912E+002
    726  5.300930137624968E-006  1.123280306605216E+002
    424  5.299772210090601E-006  5.504400290817051E+001
    717  5.283697328570621E-006  1.119901298340990E+002
    849  5.250150370189935E-006  1.186556798515274E+002
    936  5.241225304878914E-006  1.275963114471066E+002
    285  5.204646442298291E-006  3.794670187788559E+001
    747  5.186578585534369E-006  1.128221651622354E+002
    272  5.159685994847981E-006  3.770876893490352E+001
    614  5.143633401041929E-006  1.081499604581023E+002
    410  5.113709897057701E-006  5.380004782230375E+001
    556  5.074104853009960E-006  1.053074591696642E+002
    749  5.061336563320100E-006  1.128862829609149E+002
    796  5.051017444684993E-006  1.160406419035091E+002
    879  4.976155737469315E-006  1.208628531744268E+002
    263  4.965706441476147E-006  3.756851288337069E+001
    960  4.884675852149272E-006  1.283710541965592E+002
    852  4.859648574791922E-006  1.189308904937423E+002
    178  4.851539246737040E-006  3.291892583427273E+001
    978  4.822767285303777E-006  1.291764873003617E+002
    931  4.752023676764540E-006  1.272754104030811E+002
    792  4.715539373130735E-006  1.158579110744502E+002
    961  4.531732984228631E-006  1.283826108536399E+002
     12  4.507859702561883E-006  1.791855268392995E+001
    256  4.459017815211086E-006  3.708485200545782E+001
   1043  4.409939069475568E-006  1.320181582363304E+002
    739  4.359578303068244E-006  1.126267264275300E+002
    416  4.329098551873516E-006  5.412105627361211E+001
    851  4.323780742302485E-006  1.189105890777936E+002
    130  4.285001129701468E-006  2.969026097336859E+001
    265  4.181055318297993E-006  3.762418150997995E+001
    781  4.119375161836942E-006  1.155015502370288E+002
    149  3.969066592189539E-006  3.064428879965062E+001
    155  3.875720681502272E-006  3.129077640287002E+001
    280  3.804503891800593E-006  3.777070006257392E+001
    958  3.759222642427508E-006  1.283326337970340E+002
    993  3.725251227754235E-006  1.299638892136509E+002
    506  3.719101759019761E-006  6.092479484159845E+001
    761  3.591345836717293E-006  1.134019555363662E+002
    661  3.504785477599356E-006  1.094040232551639E+002
    793  3.409973663123274E-006  1.158943894419280E+002
    235  3.400589172141718E-006  3.553329683850696E+001
    933  3.383386980579698E-006  1.272967505112425E+002
    703  3.372094105513774E-006  1.113359924967504E+002
    646  3.370510132585376E-006  1.089039652974663E+002
    952  3.363004070846686E-006  1.282170243378332E+002
    701  3.332795583931661E-006  1.112655741498095E+002
     56  3.330622673011639E-006  2.577494999028338E+001
   1025  3.291546466433989E-006  1.310823101564250E+002
    469  3.280464816275804E-006  5.857260373695996E+001
    704  3.240005527154863E-006  1.114088220449556E+002
    519  3.142937015472387E-006  6.116666091909611E+001
    764  3.110608173680806E-006  1.137269990775531E+002
    839  3.088113797739677E-006  1.178451551754228E+002
    943  3.012787187229155E-006  1.278255860865938E+002
    458  2.952658324042882E-006  5.780961640938520E+001
    638  2.942822382899529E-006  1.087773663504995E+002
    496  2.926781180472245E-006  5.977778544840232E+001
    721  2.892102428652287E-006  1.121902054803930E+002
    814  2.849086763572664E-006  1.170571282096026E+002
    259  2.812606126701628E-006  3.731129763636223E+001
    818  2.807634826186157E-006  1.172202887178189E+002
    720  2.807358365152127E-006  1.121496181246094E+002
    984  2.802581312812469E-006  1.293776492189174E+002
   1049  2.772408216664540E-006  1.325964910892840E+002
    597  2.726963761765949E-006  1.076362394255561E+002
    949  2.704295383160378E-006  1.280833568476082E+002
   1012  2.672873264000973E-006  1.305860585800326E+002
    935  2.645563554526079E-006  1.274477748704804E+002
    901  2.619515051083237E-006  1.246352700151236E+002
    443  2.615695601029302E-006  5.615506371008289E+001
    396  2.601414587868297E-006  5.292259014309509E+001
    996  2.571666061610155E-006  1.300741546440489E+002
    353  2.548568209313140E-006  4.354452657935016E+001
    841  2.548299310569091E-006  1.180046875638410E+002
    980  2.535792368671027E-006  1.292322903638887E+002
   1076  2.478019238868253E-006  1.858411948136732E+002
    834  2.457478365676358E-006  1.176651591794238E+002
    213  2.404425366608626E-006  3.426923698719692E+001
    987  2.395326487013629E-006  1.295218650079724E+002
   1073  2.373402757895732E-006  1.355646294676644E+002
    748  2.344677052042770E-006  1.128453459062848E+002
    779  2.304251858533770E-006  1.153237642854880E+002
     59  2.201335372089578E-006  2.608228483109795E+001
    581  2.195594814839067E-006  1.069166383916512E+002
    611  2.167750696633778E-006  1.080609110523806E+002
    409  2.155984915309853E-006  5.377950655266745E+001
     17  2.129178825456249E-006  2.091913438766164E+001
    985  2.126351936913347E-006  1.294454523269476E+002
    888  2.102283408312811E-006  1.215384892766490E+002
    197  2.084827061286264E-006  3.407091137263039E+001
    621  2.084691889502769E-006  1.083828600305560E+002
    154  2.061432568057415E-006  3.128025029310897E+001
    924  1.999268414760762E-006  1.267645350898773E+002
    912  1.995833525864394E-006  1.259977317017505E+002
   1013  1.995210540540788E-006  1.306191025791559E+002
    650  1.983630777680482E-006  1.090061273622073E+002
    874  1.950466777077545E-006  1.206463359037059E+002
    813  1.944083942479420E-006  1.170211975618395E+002
    786  1.941857986710822E-006  1.156679892855772E+002
    805  1.912296719276503E-006  1.165442309434909E+002
    706  1.855671901435027E-006  1.115644797142602E+002
   1023  1.847560613354123E-006  1.309907545973144E+002
   1058  1.838671456872307E-006  1.334381531708862E+002
    840  1.828838109853089E-006  1.179674198090055E+002
     33  1.821857125591526E-006  2.387502434282544E+001
    427  1.800978017152860E-006  5.530625255614972E+001
    766  1.759871605448541E-006  1.138313497862233E+002
    273  1.717115018018299E-006  3.771236202405859E+001
    489  1.682641628543816E-006  5.906665573291085E+001
    757  1.634841792556644E-006  1.131455979007981E+002
    799  1.620748384995757E-006  1.161655148393659E+002
    406  1.611609435569410E-006  5.347162595814701E+001
     26  1.525502800245050E-006  2.275577786050195E+001
    869  1.505221567198351E-006  1.201465244096069E+002
    145  1.458395834167025E-006  3.035386176419680E+001
    752  1.442571008690623E-006  1.129825416205730E+002
    712  1.431019006483318E-006  1.118479116964762E+002
    729  1.417471950887146E-006  1.124070412533170E+002
    842  1.403126391153395E-006  1.180365480395604E+002
    612  1.391954954208106E-006  1.080838271474082E+002
    490  1.376381991025095E-006  5.909746584665749E+001
    148  1.371734959794485E-006  3.055713011308698E+001
    388  1.359280599151396E-006  4.916519389587509E+001
    965  1.350398787249867E-006  1.286084743618769E+002
    959  1.347205642694623E-006  1.283643788123119E+002
    714  1.339874763023305E-006  1.118865310298163E+002
    882  1.321220648382073E-006  1.212606419968792E+002
    643  1.249872105292486E-006  1.088529165631816E+002
    760  1.221386495323623E-006  1.133648679091437E+002
    129  1.213774319823432E-006  2.967722940199728E+001
    811  1.213213382439663E-006  1.169131613251637E+002
    135  1.196501078302123E-006  2.990996926970350E+001
    775  1.180933834425673E-006  1.149447083106751E+002
    609  1.169961977750165E-006  1.080529774194348E+002
    750  1.158351243392655E-006  1.128980084302201E+002
    867  1.156087693920640E-006  1.199420338065019E+002
    878  1.126798579428515E-006  1.208553192243232E+002
    735  1.117679906256342E-006  1.125422257639707E+002
    925  1.108061730141090E-006  1.268943605090481E+002
    146  1.071580972369051E-006  3.038455959742199E+001
    906  1.057245253043728E-006  1.253859334012492E+002
    823  1.054575445039746E-006  1.173434151863991E+002
    857  1.054441137052749E-006  1.192977858717030E+002
    693  1.050176929780866E-006  1.110198391814811E+002
    718  9.882850257875847E-007  1.120307816427976E+002
    516  9.435830632278210E-007  6.114879167768425E+001
    946  9.260523611138109E-007  1.279201366409634E+002
    876  9.122832439270029E-007  1.207338716680959E+002
   1059  9.065425845982459E-007  1.335352794510990E+002
    819  8.898772789342794E-007  1.172617623112352E+002
    734  8.521768224208600E-007  1.125227414297757E+002
    723  8.395144903048607E-007  1.122249597820348E+002
    233  8.262935807782027E-007  3.536858076063520E+001
    108  8.072117346509883E-007  2.884206820739177E+001
    838  8.050814998664720E-007  1.178077045912047E+002
    653  7.949530723254688E-007  1.090926521840726E+002
    428  7.402053030464681E-007  5.539697768550786E+001
    629  7.298529776229461E-007  1.086436456014825E+002
    941  7.001709664841902E-007  1.277239710636116E+002
    662  7.000435451935862E-007  1.094304874643061E+002
    253  6.403234176613099E-007  3.690338042035397E+001
    606  6.186122028271191E-007  1.079754075340127E+002
     87  5.997479355456307E-007  2.773505635732142E+001
    740  5.920590105777662E-007  1.126281679605138E+002
    510  5.767314249030410E-007  6.106496915014706E+001
    974  5.754743523760843E-007  1.290391941684268E+002
    446  5.630330498358299E-007  5.657515742254393E+001
     94  5.603512469994040E-007  2.803048707399637E+001
   1061  5.529599595170201E-007  1.338239896777959E+002
    847  5.498099812645791E-007  1.183795327778256E+002
    628  5.437420975151210E-007  1.085999071252231E+002
    837  5.395634482064415E-007  1.177814246314451E+002
    512  5.188299062902133E-007  6.110465593383906E+001
     93  5.093302832898789E-007  2.801831476528660E+001
    620  5.000600229586339E-007  1.083700393844588E+002
    659  4.973493387332737E-007  1.093169473413985E+002
   1037  4.943121113787206E-007  1.316166834102353E+002
    904  4.825674127103921E-007  1.250437756508075E+002
    743  4.751929748904459E-007  1.126739704882794E+002
   1003  4.709235218411140E-007  1.302792324598297E+002
    182  4.703528249291496E-007  3.313118961536368E+001
    791  4.528746233171645E-007  1.158399885308925E+002
    833  4.364407460518979E-007  1.176450554682990E+002
   1056  3.999082673374729E-007  1.332822863268028E+002
    918  3.716056748195254E-007  1.263810693695273E+002
    956  3.659989283543854E-007  1.283075816024711E+002
     47  3.522080355332806E-007  2.514695584094496E+001
    864  3.294995356512573E-007  1.195154318953015E+002
    914  3.233731944680417E-007  1.261343003660832E+002
    587  3.015277221335107E-007  1.072564562863978E+002
    771  2.773979235207359E-007  1.142541813627527E+002
    326  2.743232592714549E-007  3.980074663620405E+001
   1030  2.660650152064689E-007  1.313677884464318E+002
    872  2.642067315261788E-007  1.204992644439996E+002
    245  2.546834668146567E-007  3.584895809931362E+001
    520  2.491219833647539E-007  6.117519869664547E+001
    788  2.490072254806094E-007  1.157595566872355E+002
    399  2.369149607253423E-007  5.300117686152819E+001
    860  2.366375548874298E-007  1.193608179742887E+002
    850  2.339458710120140E-007  1.188640670964077E+002
    501  2.325125829372011E-007  6.025540211442135E+001
    999  2.315641133746085E-007  1.301340763851820E+002
    349  2.272331666248164E-007  4.279212686889406E+001
    527  2.235957146707419E-007  6.211137902133680E+001
    360  2.146736843378681E-007  4.501412031898634E+001
    252  2.115104768234129E-007  3.681481496629917E+001
    118  2.008116513041020E-007  2.927665934202001E+001
    889  1.946939837242152E-007  1.221096476933091E+002
    932  1.788020231270888E-007  1.272890793904072E+002
    363  1.707094732213057E-007  4.523665715266514E+001
    476  1.680794075778234E-007  5.874284760292872E+001
    759  1.567642417719727E-007  1.132523759465808E+002
    971  1.564223301417314E-007  1.289111652451389E+002
    801  1.417966392321400E-007  1.162412158177078E+002
    756  1.322675105657120E-007  1.131019348749128E+002
    400  1.219161513753249E-007  5.304406357850599E+001
    903  1.210034998495392E-007  1.249295857950171E+002
    806  1.065519587409783E-007  1.165904998677036E+002
    598  1.001857149322894E-007  1.077082259858063E+002
    322  9.876143534049720E-008  3.962934885257222E+001
     90  9.511710230329790E-008  2.792299487571685E+001
    711  9.242116224208844E-008  1.117833092223069E+002
    655  9.029516444887704E-008  1.092114390318620E+002
    647  8.946169856207193E-008  1.089204596390746E+002
    124  8.407386409625124E-008  2.953039329658957E+001
    861  7.612091878183049E-008  1.193618968506130E+002
   1007  7.256856648450517E-008  1.303971511397991E+002
    736  5.286878054440003E-008  1.125700463249535E+002
    773  4.838979330688486E-008  1.146041296786391E+002
    898  3.299123431305928E-008  1.236287338505038E+002
    969  3.271937857436678E-008  1.288232913140608E+002
    504  2.896820115475821E-008  6.073767201700102E+001
    141  2.687401921380189E-008  3.005205957969120E+001
   1019  2.034624996867353E-008  1.307856127904329E+002
    553  1.825621303191776E-008  1.045844149005738E+002
    753  1.506891088522322E-008  1.130399909728984E+002
    120  1.393702124645673E-008  2.935022978395871E+001
    855  1.111524519604362E-008  1.192335282432478E+002
   1015  1.094377229384959E-008  1.306693309857935E+002
    885  1.022140213952166E-008  1.213849358963692E+002
    856  7.452196265736459E-009  1.192407591408727E+002
    900  7.009475398309544E-009  1.240255399934555E+002
    891  5.475267736110089E-009  1.222344606190913E+002
    798  4.677969778885805E-009  1.161233232814441E+002
    881  4.540700281610851E-009  1.212001054655417E+002
    499  1.171477378686110E-009  6.010190034988052E+001
    652  7.707723740753588E-010  1.090805000764319E+002
