# Number of modes
   1077
# Tabulated for different initial and final frequencies?
    F
# Mode index, Sj, (highest to lowest), omega_j
    418  4.527888739300645E-002  5.440760214654593E+001
    419  2.537449046354418E-002  5.447434435004674E+001
    552  1.018969804842468E-002  1.045004516183760E+002
    165  4.377173457801839E-003  3.194792507678593E+001
    386  2.922468735256482E-003  4.778448827008048E+001
    300  2.891231916294357E-003  3.871033423098082E+001
   1070  2.592889592010966E-003  1.350535885837313E+002
    485  2.429356093125661E-003  5.896971858223063E+001
   1041  2.243895224588291E-003  1.318604688563310E+002
    398  2.145224976655655E-003  5.298968704937109E+001
    415  1.846118524703675E-003  5.409773008136273E+001
    396  1.760528857218186E-003  5.292259014309509E+001
    492  1.722378461787675E-003  5.919740097208313E+001
    154  1.688826820353856E-003  3.128025029310897E+001
    423  1.642034403824799E-003  5.491452382822700E+001
    198  1.589369321512118E-003  3.410095577154824E+001
    479  1.549235275544020E-003  5.886156225440574E+001
    151  1.516452710043364E-003  3.097448214004631E+001
    538  1.409524834017290E-003  8.801939400846273E+001
   1024  1.391332353549516E-003  1.310472886139475E+002
    755  1.372925271493755E-003  1.130537195644052E+002
    164  1.231422764193522E-003  3.156123118588701E+001
     10  1.184230206841389E-003  1.630017574824609E+001
    402  1.136616453477701E-003  5.323403324336612E+001
    148  1.072105181924050E-003  3.055713011308698E+001
   1047  1.052811607334662E-003  1.324683504365100E+002
    459  1.046614330573471E-003  5.797524108925945E+001
    399  9.660509332690680E-004  5.300117686152819E+001
     39  9.254126241771691E-004  2.419216907562118E+001
    397  9.208987052020838E-004  5.292984574180642E+001
    115  8.688173042743234E-004  2.908676806680809E+001
    110  8.677580450572351E-004  2.890337161783228E+001
     40  8.429561713265576E-004  2.429142631572386E+001
    547  8.041003345986287E-004  1.040413527560943E+002
    507  7.911465952031006E-004  6.098134465730102E+001
   1045  7.584606549092629E-004  1.322246800166877E+002
    563  6.973161770876764E-004  1.058622417292547E+002
   1072  6.887391569076809E-004  1.354275255218108E+002
    395  6.242043092922853E-004  5.279005865968511E+001
   1071  5.880522971346934E-004  1.353191143310252E+002
    157  5.876398752741947E-004  3.136040875348826E+001
    762  5.627524733846866E-004  1.134504722361933E+002
   1039  5.485987062960067E-004  1.317789778316224E+002
    251  5.339007554084285E-004  3.670193646720268E+001
    409  5.290281356717795E-004  5.377950655266745E+001
    430  5.187542075777783E-004  5.544226538226409E+001
     41  5.159416161662851E-004  2.434332602389209E+001
    468  5.114608717625782E-004  5.850419738659161E+001
    163  4.980567136634181E-004  3.148605603035891E+001
    426  4.813600947486199E-004  5.521112029631625E+001
    489  4.731304736409341E-004  5.906665573291085E+001
    335  4.723010324198342E-004  4.064698242871874E+001
    464  4.695628249528218E-004  5.841767339850505E+001
    404  4.501375908571187E-004  5.332919471058649E+001
    213  4.303166004686341E-004  3.426923698719692E+001
    495  4.278698423863486E-004  5.971063876484735E+001
    774  4.222314018572170E-004  1.147299018357027E+002
    279  4.089301720226058E-004  3.776291602598710E+001
   1058  4.011251317332891E-004  1.334381531708862E+002
    211  3.978113001067208E-004  3.422885497659050E+001
      9  3.973407297328370E-004  1.615282072713023E+001
    491  3.947792070497574E-004  5.916484178919298E+001
    120  3.877002775801444E-004  2.935022978395871E+001
    223  3.822461438000092E-004  3.452101188794168E+001
   1062  3.654555083209036E-004  1.338537297016246E+002
    222  3.545871456714758E-004  3.444665555523785E+001
    254  3.533948308080113E-004  3.696870162494890E+001
    566  3.528940374719130E-004  1.060197199307676E+002
    272  3.506110228466512E-004  3.770876893490352E+001
    205  3.496253729573755E-004  3.418138862993963E+001
    210  3.433610314288360E-004  3.421873300884823E+001
   1066  3.342052791280367E-004  1.341339055776214E+002
    466  3.299311229284739E-004  5.848631456847294E+001
    103  3.283117245877731E-004  2.854698030319213E+001
    384  3.258460673389166E-004  4.693482184770667E+001
     42  3.190978051275009E-004  2.442065503900721E+001
    557  3.155676777956657E-004  1.053298087456868E+002
    576  3.096675076271407E-004  1.068188420241767E+002
    559  3.073540795065846E-004  1.054467335457494E+002
    475  3.060152211945455E-004  5.870955367754343E+001
    763  2.944918326197510E-004  1.136578287383470E+002
    742  2.859395719838779E-004  1.126546326383816E+002
     35  2.789899308215352E-004  2.406163852032448E+001
    226  2.779143594063200E-004  3.460914941435140E+001
    149  2.777193001968458E-004  3.064428879965062E+001
    553  2.641159525832443E-004  1.045844149005738E+002
    248  2.621257781180086E-004  3.617742791171408E+001
    341  2.618478604633721E-004  4.207899368185591E+001
    188  2.592737375983505E-004  3.343297855491465E+001
   1064  2.582761512738099E-004  1.339182935247794E+002
   1001  2.474886871806843E-004  1.301907504163165E+002
    694  2.470658680496283E-004  1.110208923005156E+002
   1074  2.423490616618913E-004  1.357832717908243E+002
    413  2.310341263825832E-004  5.407796767412047E+001
    367  2.306520913256047E-004  4.546665367422378E+001
      7  2.302985845004806E-004  1.598850297870253E+001
    185  2.279871448868492E-004  3.329017879350934E+001
    539  2.248460518200987E-004  1.004038214764926E+002
    359  2.228399793412440E-004  4.440820660542785E+001
     37  2.224798398008395E-004  2.413005277682491E+001
    467  2.187204544076948E-004  5.850070475174659E+001
    105  2.186907701858390E-004  2.872870804936272E+001
    772  2.142282775873424E-004  1.144444014986270E+002
    474  2.111467254103469E-004  5.866520048333617E+001
    421  2.088456957391106E-004  5.469982084171487E+001
    480  1.978749780169045E-004  5.887142017505539E+001
    302  1.971947084947542E-004  3.874867387838012E+001
    717  1.901124928340177E-004  1.119901298340990E+002
    195  1.865222781518548E-004  3.399004655216064E+001
    297  1.802278537303699E-004  3.850412000814609E+001
    273  1.761123977540955E-004  3.771236202405859E+001
    512  1.759647246065931E-004  6.110465593383906E+001
    460  1.747256555983249E-004  5.821511818989060E+001
    514  1.741831889545289E-004  6.112143562944963E+001
    445  1.700328087846474E-004  5.650985963977887E+001
   1038  1.681176156562428E-004  1.317153469634680E+002
    258  1.669214730079180E-004  3.725675246841864E+001
    768  1.658818768886275E-004  1.140511281344195E+002
    609  1.657582020663508E-004  1.080529774194348E+002
    477  1.631056505884681E-004  5.875439662154096E+001
    340  1.612135503443211E-004  4.203744443197692E+001
    518  1.591134342796698E-004  6.116565427175681E+001
    206  1.568082839440218E-004  3.418711639611698E+001
    545  1.539223675939680E-004  1.038885725205099E+002
     51  1.529082362346441E-004  2.527497960196780E+001
    215  1.466063260241620E-004  3.430912489816387E+001
    417  1.450835239841036E-004  5.432386496665636E+001
    405  1.414938421114642E-004  5.340951413863353E+001
    166  1.414507947418886E-004  3.197534022905977E+001
      8  1.414143516113560E-004  1.603898235084092E+001
    280  1.412418786525586E-004  3.777070006257392E+001
    343  1.407348188543750E-004  4.223776350771931E+001
    152  1.381208325103385E-004  3.107793476288124E+001
    618  1.357479831497676E-004  1.083041655146542E+002
    393  1.339523042013475E-004  5.117422678475859E+001
   1060  1.316164592454605E-004  1.336329109810919E+002
    597  1.304634427815316E-004  1.076362394255561E+002
   1016  1.298105356278839E-004  1.306784011483153E+002
   1055  1.295803272430427E-004  1.332315483337306E+002
    530  1.291000072739279E-004  6.265828803408258E+001
     55  1.253869380036850E-004  2.564739582447731E+001
    568  1.246384184926797E-004  1.063884322375297E+002
     91  1.231318297593949E-004  2.795709450840539E+001
    219  1.203707989076256E-004  3.435584966495736E+001
     48  1.202457621040416E-004  2.521050943974308E+001
    199  1.193205443355642E-004  3.411214171315592E+001
    414  1.156721365476136E-004  5.408443269732371E+001
    177  1.135518930400618E-004  3.286305119332699E+001
    141  1.131915134380299E-004  3.005205957969120E+001
    663  1.116849336501268E-004  1.095408569103236E+002
     23  1.116214692448454E-004  2.160694502786773E+001
    298  1.107988022582747E-004  3.860785506393049E+001
    160  1.090343004107623E-004  3.140287364756382E+001
    247  1.080897874275154E-004  3.613855018049320E+001
    337  1.079592050759998E-004  4.125439580477820E+001
    275  1.058914917428248E-004  3.771871208633355E+001
    425  1.053490879686612E-004  5.512885982268182E+001
    760  1.029089196337684E-004  1.133648679091437E+002
    283  1.024463520354374E-004  3.781664732037148E+001
    898  1.016898306984750E-004  1.236287338505038E+002
    311  1.008014171712357E-004  3.939193935233331E+001
    494  9.947284003112551E-005  5.959072402434833E+001
    161  9.909945030903738E-005  3.141544799468193E+001
    440  9.830433075936736E-005  5.589934491235444E+001
    296  9.585997898494195E-005  3.847026909032138E+001
    482  9.399041527962640E-005  5.890508639424976E+001
   1053  9.242565977738627E-005  1.331993000158318E+002
   1027  9.022677616704559E-005  1.311414239553258E+002
    998  9.019036865782337E-005  1.301241144683907E+002
    431  8.919858008297368E-005  5.545822575490884E+001
    505  8.663200008961692E-005  6.089365906344585E+001
    497  8.625779365242804E-005  5.984833423050026E+001
    617  8.616017596874483E-005  1.082069188907082E+002
     24  8.566759787540612E-005  2.165827626673025E+001
    288  8.539737713013131E-005  3.825168870868715E+001
    448  8.512872580154749E-005  5.707216855561523E+001
    551  8.486932450574170E-005  1.044758850995860E+002
    108  8.445035317086851E-005  2.884206820739177E+001
    319  8.436119946119127E-005  3.955367029075058E+001
    826  8.395502387529282E-005  1.174535409692338E+002
    500  8.349697378524373E-005  6.016266526055261E+001
    358  8.348671186469957E-005  4.418411045040358E+001
     90  8.298708092351811E-005  2.792299487571685E+001
    793  8.135429732888602E-005  1.158943894419280E+002
    416  8.047277259742275E-005  5.412105627361211E+001
    602  7.966197193152822E-005  1.078335831208874E+002
    691  7.935986935919586E-005  1.109942746792360E+002
    434  7.742161791329370E-005  5.556859477681133E+001
    523  7.661483661681212E-005  6.195141091349550E+001
    346  7.617686535998748E-005  4.251353138364797E+001
    997  7.516144964052573E-005  1.300952728722026E+002
    989  7.391879811580670E-005  1.296856498562064E+002
    797  7.361640479143980E-005  1.161224071144865E+002
    690  7.325675616344091E-005  1.109553167085971E+002
    749  7.317560786498232E-005  1.128862829609149E+002
    902  7.229687456471743E-005  1.246861225619736E+002
    848  7.201975752625677E-005  1.185512117490796E+002
    400  7.096022291683591E-005  5.304406357850599E+001
    259  7.089276355489826E-005  3.731129763636223E+001
    407  7.071876237897727E-005  5.355040632372296E+001
    907  7.048875864437634E-005  1.254774984052440E+002
    802  6.971562108501181E-005  1.163074247182627E+002
    510  6.789733492333457E-005  6.106496915014706E+001
    534  6.702190570400300E-005  6.352992396574133E+001
    513  6.680453542535667E-005  6.111701004965728E+001
    344  6.624199883111891E-005  4.229281490750487E+001
     32  6.593274627700812E-005  2.386019687247388E+001
    917  6.517794554381156E-005  1.262583151256411E+002
     38  6.508298958303659E-005  2.415274881711009E+001
    531  6.459793368531960E-005  6.280622541285696E+001
    333  6.446434164087917E-005  4.050570323460023E+001
    921  6.419556591625207E-005  1.266347372507485E+002
    795  6.411068464726031E-005  1.159446042090269E+002
    892  6.319220627286305E-005  1.223146913863671E+002
    975  6.236113012851485E-005  1.290479361570385E+002
   1067  6.140579738764574E-005  1.341872351276505E+002
    287  6.132192956308431E-005  3.806334999222836E+001
    738  6.120884420081138E-005  1.126248828969786E+002
    730  6.024201340286419E-005  1.124678820560711E+002
    810  5.948023516961895E-005  1.168542717379606E+002
    486  5.848544482312122E-005  5.898078655703418E+001
    472  5.799047214199497E-005  5.860732378330380E+001
    442  5.777090403503385E-005  5.605259237502305E+001
    172  5.699837637435562E-005  3.254695536480502E+001
    632  5.571421720279605E-005  1.086732063917954E+002
    549  5.504451069667078E-005  1.043755820157491E+002
    524  5.476586898426257E-005  6.196836567938324E+001
     53  5.436468770389873E-005  2.532427500710937E+001
    725  5.345381172572353E-005  1.122622575126908E+002
    918  5.263710430689741E-005  1.263810693695273E+002
    659  5.203797955378602E-005  1.093169473413985E+002
      4  5.201677802141375E-005  1.555889535187236E+001
    607  5.180596370932781E-005  1.079782277499060E+002
    111  5.091017902326878E-005  2.891758955889047E+001
    548  5.079831890438212E-005  1.041098140943872E+002
    374  5.077970791653505E-005  4.576894168844035E+001
    383  5.044812371583750E-005  4.665506804468283E+001
     27  5.018817677420752E-005  2.288948685305089E+001
    281  5.004285700467132E-005  3.778222215271058E+001
    972  4.986149291336450E-005  1.289491342298440E+002
    868  4.977029717605887E-005  1.199994649602093E+002
   1044  4.847268723672126E-005  1.320835593454495E+002
    365  4.832778345066404E-005  4.540196146988517E+001
    403  4.821155262280464E-005  5.332276567118551E+001
    970  4.817105324860804E-005  1.288440499253601E+002
    285  4.795574449471963E-005  3.794670187788559E+001
     12  4.761314571896662E-005  1.791855268392995E+001
    504  4.706660288882172E-005  6.073767201700102E+001
    580  4.684803001870341E-005  1.069063882425304E+002
    169  4.629492479228155E-005  3.225245008090104E+001
    700  4.623099016747469E-005  1.112187707043413E+002
    812  4.533204596005265E-005  1.169499526914024E+002
    550  4.527332901023617E-005  1.044255141670578E+002
    769  4.515458375028250E-005  1.141494817506874E+002
    754  4.487915597862797E-005  1.130532912402911E+002
    233  4.442164367867376E-005  3.536858076063520E+001
    635  4.422972875418506E-005  1.087402789130293E+002
    822  4.407683919559092E-005  1.173379890193997E+002
    537  4.343447036302151E-005  7.348438751630307E+001
     92  4.342014513653737E-005  2.796966533379813E+001
    535  4.300509045314730E-005  7.234684016852472E+001
    890  4.277123804020655E-005  1.222269695705770E+002
    587  4.247751657033207E-005  1.072564562863978E+002
    803  4.244794791883583E-005  1.163959410830473E+002
    973  4.235937240555152E-005  1.290303348922233E+002
    112  4.232791864875630E-005  2.893182478938967E+001
     64  4.188244825961301E-005  2.637954322898939E+001
    706  4.176434725477019E-005  1.115644797142602E+002
    456  4.134498400888515E-005  5.758475825352298E+001
    630  4.074045128990331E-005  1.086464564510315E+002
    266  3.979220513189992E-005  3.763404507858488E+001
   1057  3.921206465904494E-005  1.332882698940204E+002
   1076  3.876054805504074E-005  1.858411948136732E+002
    756  3.833414744239765E-005  1.131019348749128E+002
    886  3.832244985917056E-005  1.214498350996194E+002
     49  3.805692955486056E-005  2.521926711432687E+001
    546  3.781010283834918E-005  1.038908634804570E+002
    544  3.704858391091485E-005  1.037287728441322E+002
    678  3.688470961999088E-005  1.105298402911861E+002
   1005  3.657458411695256E-005  1.302961950162389E+002
     18  3.596237437656803E-005  2.124694793769305E+001
     29  3.594126404014311E-005  2.304600720746813E+001
    689  3.523795904281436E-005  1.108992280227757E+002
    180  3.503445437058263E-005  3.306959511625761E+001
    381  3.484885832739373E-005  4.623753374880091E+001
    204  3.464007039377343E-005  3.416741852472765E+001
    593  3.400183495764629E-005  1.074633420950339E+002
    863  3.374719218440671E-005  1.194780899982511E+002
    136  3.372936190065554E-005  2.995197020395121E+001
    290  3.355580819880629E-005  3.834059039797889E+001
    669  3.348457017640229E-005  1.098991161820264E+002
    540  3.341383919505475E-005  1.019596674086986E+002
    126  3.330427982426451E-005  2.957864372821811E+001
    757  3.310937607958429E-005  1.131455979007981E+002
   1069  3.304639754252605E-005  1.347402109836953E+002
    312  3.261337371592022E-005  3.940338989709551E+001
    745  3.251160324642042E-005  1.127541380335163E+002
    698  3.249809378661649E-005  1.111543499618823E+002
     65  3.231665402977306E-005  2.645533186342116E+001
    270  3.196352370093095E-005  3.767493462479421E+001
    137  3.166750131671735E-005  2.996307755422044E+001
    954  3.140591926351233E-005  1.282848493157465E+002
    875  3.125267805132988E-005  1.206504418490652E+002
     70  3.123763496364822E-005  2.683332853591699E+001
    193  3.093525840628154E-005  3.387383688791338E+001
    816  3.046281219867488E-005  1.170854692244173E+002
    412  3.030766903752129E-005  5.399327798218789E+001
   1050  3.008055116699139E-005  1.326682006609648E+002
    351  2.943438989616856E-005  4.290814690346715E+001
    353  2.929589066525600E-005  4.354452657935016E+001
    667  2.900513418553843E-005  1.098231148083649E+002
    599  2.896051111339481E-005  1.077354408464688E+002
    310  2.858719574900665E-005  3.933560718805473E+001
   1029  2.824416143256138E-005  1.312589073638632E+002
   1018  2.815171662743388E-005  1.307425624046459E+002
    232  2.769518639299786E-005  3.530982942235851E+001
    454  2.753810083654282E-005  5.753531790534946E+001
    390  2.737245021357441E-005  4.930034545373515E+001
   1000  2.690079737898160E-005  1.301375093272533E+002
    600  2.679034297936911E-005  1.078192567961393E+002
    355  2.644107995117356E-005  4.365668409738398E+001
    582  2.638468914908559E-005  1.069886979669129E+002
   1008  2.594030698601766E-005  1.304054287055121E+002
    427  2.588544239576589E-005  5.530625255614972E+001
    478  2.582300345567014E-005  5.880478287498814E+001
    687  2.567681207615843E-005  1.108477970364615E+002
    182  2.519681065911950E-005  3.313118961536368E+001
    897  2.460048130271211E-005  1.233154024205701E+002
     36  2.450917232600312E-005  2.408548968715760E+001
    741  2.378177591255920E-005  1.126383251241469E+002
    356  2.365445584599237E-005  4.399929676237998E+001
    646  2.352152389346995E-005  1.089039652974663E+002
    144  2.350059844798827E-005  3.023024488043693E+001
    721  2.349025564598255E-005  1.121902054803930E+002
    658  2.325676038652400E-005  1.092752908733605E+002
    783  2.310187260557948E-005  1.155776779712016E+002
    777  2.306935966502977E-005  1.150636811545726E+002
   1006  2.277511524639205E-005  1.303473844140781E+002
     45  2.276487748651583E-005  2.505629895200580E+001
     22  2.272392867346430E-005  2.149928230079738E+001
    748  2.265605504417281E-005  1.128453459062848E+002
    380  2.262604394034468E-005  4.621788456267294E+001
    887  2.260907305851568E-005  1.215278324822884E+002
    984  2.235462555639542E-005  1.293776492189174E+002
    519  2.209398071680646E-005  6.116666091909611E+001
    611  2.208645126773051E-005  1.080609110523806E+002
    554  2.170969099355532E-005  1.048978551747549E+002
   1026  2.156176145553406E-005  1.310988308446859E+002
    114  2.147105093555059E-005  2.903390568794284E+001
    462  2.139508664021642E-005  5.834568949164402E+001
    944  2.135099931624723E-005  1.278264506290159E+002
     31  2.127257767237315E-005  2.349957735236975E+001
    585  2.124099910487203E-005  1.071721890576240E+002
    621  2.122741295131129E-005  1.083828600305560E+002
    934  2.107290006357338E-005  1.274026915475210E+002
    190  2.098366736725792E-005  3.352213579831744E+001
    919  2.085625303982999E-005  1.264669767465423E+002
    332  2.054671081874150E-005  4.036182328117159E+001
    567  2.034997344384485E-005  1.061175767374582E+002
    102  2.034615908026260E-005  2.838723287464182E+001
     89  2.031636051271643E-005  2.787565477396676E+001
    532  2.007542733664163E-005  6.299204701993657E+001
     52  1.997998634401085E-005  2.532370304309600E+001
    274  1.966206117674919E-005  3.771469066363962E+001
    308  1.942089067573462E-005  3.924824416979163E+001
    264  1.918042728726925E-005  3.760740200223662E+001
    938  1.917323088743562E-005  1.276246332177813E+002
      5  1.896652053640189E-005  1.580375607842547E+001
    116  1.887704873771805E-005  2.910094471225916E+001
    306  1.861149220069163E-005  3.922583615449084E+001
    785  1.857041580717059E-005  1.156515149006221E+002
    230  1.848024694963683E-005  3.507000892128892E+001
    364  1.841179116698263E-005  4.528995878587361E+001
    303  1.793483371279921E-005  3.891633174738261E+001
    525  1.783693652353373E-005  6.201689187624501E+001
    575  1.777496125194594E-005  1.067636975144964E+002
    379  1.766643183483897E-005  4.610002508350383E+001
     85  1.763439002589053E-005  2.757726243328665E+001
    267  1.755223424319445E-005  3.763942844703926E+001
    650  1.737406138667116E-005  1.090061273622073E+002
     69  1.684663058419949E-005  2.667931486079132E+001
   1013  1.684300617740530E-005  1.306191025791559E+002
    484  1.640511708261161E-005  5.894622531819898E+001
    209  1.639559017686358E-005  3.420776675567321E+001
    291  1.635927677358656E-005  3.834865717601958E+001
    962  1.633983278742009E-005  1.284190833846668E+002
    349  1.576357938812489E-005  4.279212686889406E+001
    952  1.573704246338934E-005  1.282170243378332E+002
    686  1.554411164111870E-005  1.108321598991433E+002
    253  1.553132127841281E-005  3.690338042035397E+001
    807  1.537386564451451E-005  1.166040027024774E+002
    156  1.535750132741218E-005  3.133959801814033E+001
    543  1.533455070927679E-005  1.026098663261161E+002
    911  1.526344569650959E-005  1.258968376271585E+002
    330  1.523153644293498E-005  4.000719691328421E+001
     58  1.512276421193806E-005  2.603619761911758E+001
    229  1.510711844138262E-005  3.477639317683153E+001
    533  1.504612544283458E-005  6.344214913117692E+001
    929  1.493565237276899E-005  1.272324166790593E+002
    945  1.474541632346283E-005  1.278945431870569E+002
     26  1.474207182194188E-005  2.275577786050195E+001
    159  1.474166098765213E-005  3.140014259635325E+001
    186  1.471297033590127E-005  3.335079910483972E+001
    515  1.471124700144240E-005  6.113166482037749E+001
    391  1.443214643182430E-005  4.935295074539214E+001
     16  1.438415083323218E-005  2.083990463296455E+001
    212  1.438323716058670E-005  3.425448747044050E+001
    241  1.418700547503602E-005  3.573178726353736E+001
    249  1.409253750742083E-005  3.643158917315001E+001
    401  1.406019643125590E-005  5.310952948046032E+001
    683  1.396596918807353E-005  1.107854094171573E+002
    392  1.376843930405312E-005  4.975569880244111E+001
    702  1.375489777535927E-005  1.112791472783473E+002
    142  1.365747597159723E-005  3.011700635419402E+001
    765  1.352000877655927E-005  1.138034732037320E+002
    173  1.350776849726103E-005  3.267731285541730E+001
    666  1.350046905317841E-005  1.096961217429448E+002
   1048  1.348625174474774E-005  1.325281096806480E+002
    527  1.343150627079619E-005  6.211137902133680E+001
    517  1.337184160934808E-005  6.116283191518230E+001
    995  1.298098566612345E-005  1.300556822463785E+002
     60  1.291740617966392E-005  2.612817271153773E+001
    125  1.285296216944934E-005  2.955205187993630E+001
    201  1.279773665314594E-005  3.413905621996786E+001
    835  1.274644957345250E-005  1.176766134664512E+002
    708  1.263303372995812E-005  1.116659378913442E+002
    483  1.260599200483902E-005  5.892865432514233E+001
    244  1.258367055673056E-005  3.582009297825139E+001
    135  1.255347424187240E-005  2.990996926970350E+001
    246  1.255279536599565E-005  3.612200287477440E+001
    981  1.232814995422586E-005  1.292686845988868E+002
    256  1.227309763672098E-005  3.708485200545782E+001
     86  1.210786114947940E-005  2.760340701365068E+001
    909  1.210363442214239E-005  1.256671150468244E+002
    348  1.171681560802077E-005  4.278252907839931E+001
     71  1.168266630508204E-005  2.691074291878593E+001
    842  1.161637474684761E-005  1.180365480395604E+002
    299  1.151779385491944E-005  3.861147003050849E+001
    295  1.139674892688925E-005  3.844649820311862E+001
    937  1.132949504680306E-005  1.275975168353670E+002
    733  1.116893103881802E-005  1.125211996768446E+002
    217  1.116202167563216E-005  3.432077633458158E+001
    564  1.106859455666651E-005  1.059223740174141E+002
    655  1.082779177828615E-005  1.092114390318620E+002
    637  1.078696224183925E-005  1.087708716348475E+002
    877  1.074805750339759E-005  1.207635072396237E+002
    286  1.068784839105369E-005  3.806107114689090E+001
    347  1.062696470971805E-005  4.251894246220620E+001
    964  1.060286516294138E-005  1.284811881676410E+002
    536  1.052299572518423E-005  7.244369170766353E+001
    255  1.040231600607691E-005  3.705801266502003E+001
    789  1.033583983835355E-005  1.157939903252585E+002
    372  1.025946014362064E-005  4.569660817760900E+001
    913  1.023286286795973E-005  1.260963173315474E+002
    671  1.016948309279731E-005  1.100461630260976E+002
    592  1.003467932648929E-005  1.074010896433819E+002
    991  9.994086874769246E-006  1.298309517843196E+002
    916  9.985413793375361E-006  1.261858055404796E+002
    481  9.919067509768247E-006  5.889564718758225E+001
    604  9.750426728713493E-006  1.078901483894559E+002
     73  9.556816359891840E-006  2.704395448663374E+001
    238  9.533444540816547E-006  3.562010162214489E+001
    955  9.403298617864717E-006  1.283043098504922E+002
    710  9.398907453923122E-006  1.117114283703663E+002
    829  9.239546485300664E-006  1.175434491795728E+002
    450  9.228039473220545E-006  5.723022636777802E+001
    321  9.141218357084661E-006  3.959878738143280E+001
    278  8.738614781137175E-006  3.775225448216675E+001
   1033  8.663034738606521E-006  1.314921549657209E+002
    821  8.579032537585951E-006  1.173213489801490E+002
    799  8.550240604494673E-006  1.161655148393659E+002
    986  8.542889200842543E-006  1.294778988001748E+002
    855  8.535237739167113E-006  1.192335282432478E+002
     94  8.531514587831773E-006  2.803048707399637E+001
    119  8.485691614953524E-006  2.929038281335912E+001
    561  8.468350832607817E-006  1.057823475786052E+002
    979  8.464414456475735E-006  1.292073280791942E+002
    189  8.439749978086953E-006  3.348575581421191E+001
   1075  8.416958498202588E-006  1.852007864492208E+002
     11  8.345492568569712E-006  1.771447447329438E+001
    455  8.338853431596318E-006  5.757818593173593E+001
    325  8.130922759593193E-006  3.979678053884171E+001
    155  8.032573460731868E-006  3.129077640287002E+001
    498  8.023460097997932E-006  6.006055704270973E+001
    410  8.015069148869789E-006  5.380004782230375E+001
    673  7.991301716008812E-006  1.101090602242966E+002
    675  7.973792595437400E-006  1.101932688761904E+002
    751  7.834347827475071E-006  1.129352725370382E+002
    318  7.804107176166850E-006  3.952690512520030E+001
   1032  7.737488783459803E-006  1.314270448258869E+002
    516  7.428314846254195E-006  6.114879167768425E+001
    127  7.363641866810639E-006  2.958197907168710E+001
    385  7.269559622115432E-006  4.744969147605799E+001
    858  7.241283324170641E-006  1.193043137223610E+002
    712  7.207373827287274E-006  1.118479116964762E+002
    613  7.096010182105840E-006  1.081325074305931E+002
    943  7.059540920002254E-006  1.278255860865938E+002
    636  6.973200121629556E-006  1.087412284437008E+002
    289  6.951151287618447E-006  3.832422991649202E+001
    109  6.854581720775297E-006  2.888359254004277E+001
      2  6.852692156869068E-006  1.507477314615795E+001
   1009  6.838125658642175E-006  1.304609142394732E+002
    831  6.828048744458343E-006  1.175849164822640E+002
    780  6.771022924101839E-006  1.153482258688003E+002
    277  6.755188407799207E-006  3.774405278528796E+001
    639  6.718869608870013E-006  1.087924757147032E+002
    680  6.688221049811092E-006  1.106808485277705E+002
    578  6.620890062579222E-006  1.068696587706935E+002
    847  6.508121128510014E-006  1.183795327778256E+002
    118  6.454564965214547E-006  2.927665934202001E+001
    183  6.357990886453950E-006  3.317747871488443E+001
    293  6.342450906043907E-006  3.840315559517953E+001
     67  6.265758985047199E-006  2.663955326886673E+001
     97  6.245490260339499E-006  2.809615145046481E+001
    207  6.214502509218506E-006  3.419271829752626E+001
    928  6.030319814057914E-006  1.271758190169006E+002
    282  5.969331165019476E-006  3.781601762519486E+001
    503  5.901922654479181E-006  6.062899617907863E+001
    100  5.896982631841124E-006  2.814590236831992E+001
    184  5.857428343529796E-006  3.328145954751520E+001
     44  5.844243989500336E-006  2.487547588775838E+001
    588  5.829295099218425E-006  1.072780161282308E+002
    778  5.797260735803138E-006  1.153062331743218E+002
    218  5.741293058500313E-006  3.434087154455664E+001
    265  5.662493152958122E-006  3.762418150997995E+001
     20  5.658194349470151E-006  2.146722812704134E+001
    825  5.562581390873643E-006  1.174155068731360E+002
     54  5.466141246208373E-006  2.537118147105558E+001
    960  5.415428930747934E-006  1.283710541965592E+002
    194  5.406499926661638E-006  3.388123191050668E+001
    331  5.384704749120565E-006  4.033978069592825E+001
    326  5.316244584954100E-006  3.980074663620405E+001
    836  5.284240194660097E-006  1.177792466123822E+002
    294  5.270989534798616E-006  3.844005427068350E+001
    623  5.201130634724563E-006  1.084311616311891E+002
    301  5.178898735141985E-006  3.874125966254066E+001
    376  5.139514136611225E-006  4.578482274843697E+001
    216  5.117763535609832E-006  3.431915233475488E+001
    369  5.064912100315297E-006  4.556664797594529E+001
    681  4.970668633027226E-006  1.107150530846271E+002
    905  4.960747127698990E-006  1.252963463377060E+002
    854  4.909924242368795E-006  1.190938927222375E+002
     34  4.905769818236563E-006  2.394870774261297E+001
    236  4.894124096299381E-006  3.558504171265294E+001
    134  4.842119341429416E-006  2.989081555609098E+001
    926  4.780289204647317E-006  1.269935099435139E+002
   1021  4.769878999069151E-006  1.308784400027895E+002
    420  4.748187053364019E-006  5.464265012038360E+001
    438  4.616637095809033E-006  5.568774314714533E+001
    268  4.598905083410802E-006  3.765614789507087E+001
    117  4.529220631869563E-006  2.915145470361619E+001
    101  4.524357347470457E-006  2.816121926613436E+001
    562  4.408171718647010E-006  1.058125905236654E+002
    490  4.396766749500749E-006  5.909746584665749E+001
    737  4.309946163373621E-006  1.125716601108342E+002
    113  4.257919991646751E-006  2.894608485543543E+001
    313  4.234211008146954E-006  3.941220320488696E+001
   1077  4.222996867418082E-006  6.189178021453241E+002
    191  4.209946248309836E-006  3.372798248811258E+001
     80  4.202456164396288E-006  2.737665388114407E+001
     59  4.139667287096861E-006  2.608228483109795E+001
    866  4.092184457170397E-006  1.198737679274225E+002
    446  4.048444677602051E-006  5.657515742254393E+001
    844  4.009586486943887E-006  1.182236522024691E+002
   1011  3.949312703200093E-006  1.305590563134582E+002
     93  3.898938218986717E-006  2.801831476528660E+001
    879  3.894853934661145E-006  1.208628531744268E+002
    320  3.887474794353841E-006  3.958466091098631E+001
    976  3.866042550121638E-006  1.291265023483052E+002
     95  3.860370162244378E-006  2.806113631432304E+001
    436  3.835372296325218E-006  5.562240782737462E+001
     74  3.784590834727700E-006  2.706787664592100E+001
    724  3.781693292176014E-006  1.122474317356576E+002
    269  3.743588279486597E-006  3.766609016559832E+001
    449  3.718075021815079E-006  5.713782918039372E+001
    697  3.689405690239506E-006  1.111168086390436E+002
     77  3.666406660473643E-006  2.720977418778346E+001
    808  3.654462006634153E-006  1.166438640424820E+002
    458  3.606295108630020E-006  5.780961640938520E+001
    488  3.563771563570200E-006  5.904214899548738E+001
    221  3.531899557375949E-006  3.444064242877499E+001
    132  3.417708220476459E-006  2.978147182311027E+001
    107  3.344117235149521E-006  2.880093649968087E+001
     43  3.306822095973808E-006  2.485090944939308E+001
     76  3.200934767914390E-006  2.719040433196805E+001
    473  3.166769282664336E-006  5.864875851961727E+001
    950  2.969873984409493E-006  1.281356928004739E+002
    131  2.935273021926667E-006  2.976719894627799E+001
    884  2.910279453449973E-006  1.212913619330936E+002
    196  2.886013532467910E-006  3.402217963204272E+001
   1031  2.866519915208167E-006  1.313824495210718E+002
    352  2.839289844025921E-006  4.345183818831803E+001
      6  2.791522782859371E-006  1.593905863128156E+001
    520  2.774922979111991E-006  6.117519869664547E+001
    615  2.767454557935332E-006  1.081646255451844E+002
    784  2.711733267579678E-006  1.156115101864969E+002
    817  2.698254666412434E-006  1.171745914510001E+002
    200  2.697368105790109E-006  3.413076352937113E+001
    654  2.693047366156015E-006  1.091774321289355E+002
     62  2.681596098926278E-006  2.630569023157911E+001
     14  2.615646362148876E-006  2.047451167645159E+001
    237  2.583104554440324E-006  3.561350513334219E+001
    560  2.576513516814377E-006  1.057397922085461E+002
    322  2.573656997196182E-006  3.962934885257222E+001
    329  2.569493176137061E-006  3.994917835777716E+001
    104  2.534414085632559E-006  2.863475114667724E+001
    176  2.492393713784633E-006  3.283702642513862E+001
    133  2.486878035111017E-006  2.980777525245198E+001
    168  2.479229993050357E-006  3.223239881301075E+001
     82  2.476790125034589E-006  2.744742479332049E+001
    357  2.438161429606567E-006  4.413715889769129E+001
    992  2.414487617985421E-006  1.299169051159237E+002
    411  2.384454764469149E-006  5.390414096058870E+001
    716  2.355053423598856E-006  1.119313653155845E+002
    245  2.344915984144693E-006  3.584895809931362E+001
    147  2.338194469807060E-006  3.045498909450352E+001
    838  2.216248782434480E-006  1.178077045912047E+002
    261  2.197002579980418E-006  3.751537038816641E+001
   1061  2.160441564652480E-006  1.338239896777959E+002
    167  2.146876828600118E-006  3.206734480721192E+001
    227  2.142346667704243E-006  3.461221107986133E+001
     78  2.094108604827926E-006  2.724001953302053E+001
    145  2.086970811967356E-006  3.035386176419680E+001
    610  2.079628326406378E-006  1.080548791140610E+002
    719  2.076960476252859E-006  1.120361196403708E+002
    843  2.054821188783677E-006  1.181049125326048E+002
     81  2.047938223071817E-006  2.737831616504717E+001
    476  2.024413643576388E-006  5.874284760292872E+001
    203  1.998144061948778E-006  3.415596231316062E+001
    422  1.981401588241775E-006  5.478392604221921E+001
    626  1.977720856525697E-006  1.085197354965440E+002
    556  1.936175821076697E-006  1.053074591696642E+002
   1014  1.935340420355832E-006  1.306579532637773E+002
    731  1.915897584978510E-006  1.124795031346507E+002
    360  1.915462367024675E-006  4.501412031898634E+001
    121  1.910199853958404E-006  2.937009161569695E+001
    470  1.905477005492409E-006  5.858950887133865E+001
    574  1.875546075919144E-006  1.067089856517616E+002
     96  1.855223919112349E-006  2.807603105873968E+001
    465  1.833261314068692E-006  5.845233409136720E+001
   1022  1.832515813245021E-006  1.309570316227355E+002
    649  1.825793825494147E-006  1.089557122086210E+002
     79  1.771311802710116E-006  2.728143790603452E+001
    336  1.761626462256403E-006  4.106442919982931E+001
    174  1.757717142473881E-006  3.277024257542895E+001
     30  1.728821867576149E-006  2.339033246897357E+001
   1063  1.724484528818713E-006  1.338610239777397E+002
    753  1.711879104060718E-006  1.130399909728984E+002
    746  1.701887951449822E-006  1.128150956859242E+002
     46  1.698562920581886E-006  2.508968851186969E+001
    851  1.690081368402644E-006  1.189105890777936E+002
    873  1.672014683765875E-006  1.205400953636918E+002
    234  1.636551317783804E-006  3.541632958107625E+001
    338  1.616789795594477E-006  4.143596746217444E+001
     21  1.609543481370750E-006  2.149552581175353E+001
    345  1.604311917378143E-006  4.248475366295001E+001
      1  1.590035919839236E-006  1.480943860687432E+001
    727  1.574853904198727E-006  1.123838421661365E+002
     63  1.561280646650494E-006  2.633691355837915E+001
     84  1.533016180058330E-006  2.748397341497807E+001
    389  1.527553693796347E-006  4.924612888004685E+001
    339  1.521515556273346E-006  4.199721405536648E+001
    895  1.505341544291069E-006  1.231922658586809E+002
   1040  1.504824099524703E-006  1.318325334098182E+002
    309  1.504193027981311E-006  3.929268620446922E+001
    452  1.494290470218478E-006  5.732416656661538E+001
   1036  1.421974974507372E-006  1.315563975924429E+002
    292  1.406246260489228E-006  3.837765227419467E+001
    208  1.386965623410467E-006  3.420400517096608E+001
    375  1.371715852874025E-006  4.577921754207221E+001
    432  1.345772644299851E-006  5.551253331854516E+001
    433  1.343491419245389E-006  5.552394895078822E+001
    796  1.340788605865065E-006  1.160406419035091E+002
    175  1.331774897484203E-006  3.282740528695558E+001
      3  1.319216459454584E-006  1.530095081680193E+001
    202  1.298591198207224E-006  3.414693728338715E+001
    143  1.295973625346469E-006  3.021552765862468E+001
    573  1.275821380144288E-006  1.066520968004064E+002
     33  1.271336659613993E-006  2.387502434282544E+001
    317  1.270917352893057E-006  3.952108816795088E+001
    394  1.258604630758166E-006  5.275338077531283E+001
    903  1.241117566100492E-006  1.249295857950171E+002
    832  1.240895315638661E-006  1.176150872586579E+002
    577  1.226619299894851E-006  1.068269012623950E+002
    242  1.214999416672573E-006  3.575330164903793E+001
    307  1.212907619482518E-006  3.924418415703018E+001
     88  1.209057673975841E-006  2.776495450944637E+001
   1042  1.203812515340452E-006  1.319938555239870E+002
    239  1.202837788758998E-006  3.564788119351169E+001
    342  1.202645089016091E-006  4.219280462450153E+001
    315  1.183140402831086E-006  3.946262277995078E+001
    304  1.172328291542836E-006  3.902642388250331E+001
    123  1.157534030517667E-006  2.945706723223188E+001
    314  1.156897011036953E-006  3.944402428691944E+001
    428  1.151208286980246E-006  5.539697768550786E+001
    924  1.139788179562413E-006  1.267645350898773E+002
    263  1.086897956849575E-006  3.756851288337069E+001
    596  1.071522958630988E-006  1.076305596761092E+002
     75  1.024856913618569E-006  2.717284531466260E+001
    382  1.008994901517043E-006  4.661435463500721E+001
     57  1.008318956203269E-006  2.601044601303876E+001
    967  1.007594786711948E-006  1.287730879251822E+002
     99  9.716138012782735E-007  2.813215700322161E+001
     61  9.704875135815603E-007  2.623624111749398E+001
    378  9.096384528063741E-007  4.609481655347708E+001
    146  9.058438000176096E-007  3.038455959742199E+001
    324  8.548864510026653E-007  3.965813849875591E+001
    441  8.532490066026779E-007  5.602297434426368E+001
    645  8.512734740028582E-007  1.088758352374567E+002
    940  8.266911318610086E-007  1.277053477702196E+002
    586  8.250918983893679E-007  1.072414988471015E+002
    661  8.236494161371075E-007  1.094040232551639E+002
    589  8.216457026576754E-007  1.073243551551986E+002
    631  8.072349383033630E-007  1.086593678715634E+002
    361  7.908939911754229E-007  4.509188248244521E+001
    947  7.885080982320621E-007  1.280025795512814E+002
   1052  7.732339661352573E-007  1.330891459743712E+002
    813  7.479972006137839E-007  1.170211975618395E+002
    316  7.167912065062174E-007  3.947722492082590E+001
    693  7.096626474378678E-007  1.110198391814811E+002
    327  7.084403972749956E-007  3.980649710729982E+001
    170  7.081192521820748E-007  3.240864442722207E+001
    555  6.951472956352422E-007  1.049505825405343E+002
    798  6.899081059233943E-007  1.161233232814441E+002
    958  6.890507476874457E-007  1.283326337970340E+002
    942  6.784480902854431E-007  1.277896527703618E+002
   1002  6.776574731335540E-007  1.301955720736593E+002
    684  6.762287572705338E-007  1.108055531440044E+002
    139  6.715032727297843E-007  3.001327528760398E+001
    231  6.502683482894630E-007  3.529195130720404E+001
   1034  6.495493318466930E-007  1.314975717016592E+002
    240  6.283481531215818E-007  3.568815433410965E+001
    334  6.260156436693460E-007  4.055961280242965E+001
    584  6.221292846316155E-007  1.071415131646536E+002
    865  6.165524388667171E-007  1.195233182598442E+002
    457  6.070900613368431E-007  5.770039153165104E+001
     98  5.896528990548936E-007  2.810036398063808E+001
     15  5.873032237302545E-007  2.077312965636918E+001
    983  5.844263598013442E-007  1.293699640118089E+002
    138  5.790027445481124E-007  2.998810658959070E+001
    948  5.761164433359558E-007  1.280530341997139E+002
    953  5.482329331257625E-007  1.282835790234384E+002
    260  5.311061766307230E-007  3.745846822965304E+001
    642  5.225923426104711E-007  1.088349318990273E+002
    880  5.155212513256682E-007  1.209811659012211E+002
    595  5.118417356403353E-007  1.075727311228692E+002
    406  4.927850089906978E-007  5.347162595814701E+001
     19  4.646045565376376E-007  2.137958735177528E+001
    122  4.546385705483855E-007  2.942821875092930E+001
    616  4.526581487319585E-007  1.081902144651443E+002
    732  4.506346459224859E-007  1.124809932511083E+002
    451  4.368691695375925E-007  5.726939793781466E+001
    214  4.341867940784430E-007  3.429158842681225E+001
    968  4.289503638047224E-007  1.287893908307005E+002
   1065  4.261432101535866E-007  1.340986810838602E+002
    672  4.259770170621411E-007  1.100523893058521E+002
    824  4.115389754829683E-007  1.173851057796732E+002
    487  4.004819546218169E-007  5.901096182276392E+001
    565  3.935247189307897E-007  1.059848591127986E+002
    571  3.811939629215352E-007  1.065760725477823E+002
    435  3.788330149725834E-007  5.559833163642786E+001
    713  3.712975801034199E-007  1.118750446375970E+002
    974  3.684817924148589E-007  1.290391941684268E+002
     87  3.664662988314901E-007  2.773505635732142E+001
    966  3.561887605294813E-007  1.287120665380274E+002
   1073  3.527232556474493E-007  1.355646294676644E+002
    526  3.469186132211435E-007  6.205614154690332E+001
    605  3.443998386699371E-007  1.079476682950407E+002
    932  3.381553357140153E-007  1.272890793904072E+002
    522  3.378769534350250E-007  6.189501394570030E+001
    633  3.370550505996297E-007  1.086770367044967E+002
    629  3.356279994480227E-007  1.086436456014825E+002
    572  3.287210981821143E-007  1.066354688575440E+002
    651  3.287089240113615E-007  1.090123807306586E+002
    830  3.248682010206634E-007  1.175448785112390E+002
    140  3.231872301409607E-007  3.002380690834687E+001
    674  3.169683103781218E-007  1.101627157855635E+002
    502  3.065036484379687E-007  6.033057478557798E+001
    656  3.012498366071415E-007  1.092383325553483E+002
    542  3.010758577761747E-007  1.021380905135569E+002
    187  2.969894660838031E-007  3.338593491458187E+001
   1046  2.933714481408063E-007  1.322741703884410E+002
    366  2.929153095586266E-007  4.541480133184800E+001
     13  2.865753360628262E-007  2.038781372204352E+001
    670  2.839107567525157E-007  1.099218253642219E+002
    323  2.811131636659420E-007  3.963162035223775E+001
    608  2.805126960328594E-007  1.080310773431174E+002
    354  2.738765426345629E-007  4.358717802496741E+001
    594  2.629140709467334E-007  1.075267994995216E+002
    853  2.593262642958402E-007  1.189950762444425E+002
    130  2.569504214903407E-007  2.969026097336859E+001
    305  2.550831981899065E-007  3.919092577852600E+001
    377  2.480985953519654E-007  4.580996274485975E+001
    682  2.467761207666163E-007  1.107795174367904E+002
    370  2.436130781427371E-007  4.562254251008403E+001
    192  2.420570414054900E-007  3.373139183933635E+001
    977  2.376229519495665E-007  1.291448023039548E+002
    622  2.333721289925812E-007  1.084041586407917E+002
     68  2.259397294277660E-007  2.665958995788216E+001
    896  2.247460798678914E-007  1.231967026860033E+002
    408  2.171118462398981E-007  5.368647704938994E+001
    250  2.155419103167189E-007  3.645071914574685E+001
    529  2.154244331977727E-007  6.213305424318654E+001
    528  2.149661156626859E-007  6.211763689923020E+001
    129  2.106721148908050E-007  2.967722940199728E+001
    627  2.089774799113872E-007  1.085359599099982E+002
    443  2.063082124432766E-007  5.615506371008289E+001
   1023  2.058801872300738E-007  1.309907545973144E+002
    179  2.031065782902638E-007  3.301071504933698E+001
    506  2.007784964473803E-007  6.092479484159845E+001
    581  2.003520050090575E-007  1.069166383916512E+002
    894  1.990713829996214E-007  1.226855190700912E+002
    591  1.974944452015069E-007  1.073970459895217E+002
    570  1.947712140509745E-007  1.064458450110351E+002
    643  1.904739435643751E-007  1.088529165631816E+002
    845  1.897882298334948E-007  1.182722434309271E+002
    628  1.896946031281612E-007  1.085999071252231E+002
    782  1.852504502710987E-007  1.155663554633046E+002
    707  1.830599332172367E-007  1.116484954290111E+002
    429  1.809619869481261E-007  5.542704693693687E+001
    158  1.796019928354576E-007  3.138637587596471E+001
    624  1.767012915455463E-007  1.084534043855216E+002
    641  1.755463382002689E-007  1.088136450829588E+002
   1017  1.750594823647009E-007  1.307020085696559E+002
   1035  1.675466448704952E-007  1.315022364948826E+002
    837  1.636535151208312E-007  1.177814246314451E+002
    619  1.622674408789324E-007  1.083262496248409E+002
     28  1.622174260628764E-007  2.303576073275412E+001
    558  1.619090544017181E-007  1.054235904423783E+002
    598  1.616807875890555E-007  1.077082259858063E+002
     50  1.616036967809198E-007  2.524792740229145E+001
     17  1.579478094535544E-007  2.091913438766164E+001
    709  1.578033600931276E-007  1.116986555393093E+002
    511  1.547093749528785E-007  6.108291035790679E+001
    800  1.505285751797622E-007  1.161811067685375E+002
    927  1.450143666377007E-007  1.271118445081471E+002
    899  1.449303252364997E-007  1.237750393258326E+002
    791  1.445538710596525E-007  1.158399885308925E+002
    988  1.426884417112741E-007  1.295230022337254E+002
    252  1.423341035878151E-007  3.681481496629917E+001
    860  1.367915196635254E-007  1.193608179742887E+002
    790  1.350389943278313E-007  1.158127479939932E+002
    178  1.347075566858105E-007  3.291892583427273E+001
    910  1.344317388659837E-007  1.258349422363612E+002
    794  1.343175910217292E-007  1.159299755047292E+002
    583  1.338823491389891E-007  1.070323413352247E+002
    871  1.299052916485206E-007  1.204638135739833E+002
    368  1.279374611767207E-007  4.552075151204606E+001
   1028  1.272255722591713E-007  1.312419762585663E+002
    692  1.252297337260144E-007  1.109991362888409E+002
   1068  1.229017624086465E-007  1.342139437973118E+002
    828  1.214249910353036E-007  1.175132070682912E+002
    705  1.190518810534893E-007  1.114879185885843E+002
     83  1.184415051484971E-007  2.745200449399356E+001
    579  1.183464806564581E-007  1.068810185812333E+002
    695  1.137655722848583E-007  1.110404578737834E+002
    870  1.134778630205995E-007  1.203621491035894E+002
    930  1.127386609153631E-007  1.272550109882912E+002
    373  1.104181738370578E-007  4.573517441489172E+001
    739  1.102175013543628E-007  1.126267264275300E+002
    350  1.075970525933621E-007  4.287084402122760E+001
    243  1.046553008601139E-007  3.580427376176280E+001
    891  1.046511999392848E-007  1.222344606190913E+002
    284  1.015355731652224E-007  3.794002386601017E+001
    699  1.014497735261661E-007  1.111753891148923E+002
    644  9.976307629835770E-008  1.088699046594824E+002
     56  9.664512030465262E-008  2.577494999028338E+001
    963  9.654352539747800E-008  1.284456810480366E+002
    679  9.490467308394211E-008  1.106299731616480E+002
    922  9.478849529795658E-008  1.267277337836395E+002
    128  9.406586317491432E-008  2.964876822252022E+001
   1007  9.245340350155487E-008  1.303971511397991E+002
    657  9.228473019933352E-008  1.092680437977900E+002
    969  9.200349429257037E-008  1.288232913140608E+002
    362  8.932500128372555E-008  4.520209191521082E+001
    985  8.899840805140017E-008  1.294454523269476E+002
    740  8.888064464708347E-008  1.126281679605138E+002
    106  8.806745992850228E-008  2.873147041157064E+001
   1059  8.799438396558200E-008  1.335352794510990E+002
    496  8.799009862056288E-008  5.977778544840232E+001
    767  8.714923953905668E-008  1.139787538815297E+002
    461  8.578801283958004E-008  5.832169084274378E+001
    982  8.439658398511281E-008  1.293230544301462E+002
    228  8.353099544445751E-008  3.465329128304563E+001
    424  8.211489517756783E-008  5.504400290817051E+001
    387  8.127947361512446E-008  4.845493173747810E+001
    744  8.005495135969448E-008  1.127340165661099E+002
    715  7.725786734721609E-008  1.119122168057061E+002
    181  7.704279616647657E-008  3.309588236011395E+001
    541  7.411523498265284E-008  1.020561485810812E+002
    162  7.356531359118893E-008  3.142013005221356E+001
    439  7.347928709075597E-008  5.581771077364913E+001
    696  7.248455692809066E-008  1.111110130672436E+002
    677  7.231971679335532E-008  1.104103779431708E+002
     25  7.107744317529847E-008  2.268285797328677E+001
    150  6.975462886222976E-008  3.095380367517388E+001
    660  6.888705670475401E-008  1.093929129115852E+002
    569  6.857009152856212E-008  1.064024371239422E+002
    994  6.621638774250828E-008  1.299886393654431E+002
    590  6.557680662649306E-008  1.073381491314167E+002
    961  6.551717789331550E-008  1.283826108536399E+002
    786  6.449993490707588E-008  1.156679892855772E+002
    734  6.354262230551931E-008  1.125227414297757E+002
    750  6.337643312597824E-008  1.128980084302201E+002
    862  6.300633889285389E-008  1.194326389788892E+002
     47  6.262687087727013E-008  2.514695584094496E+001
    521  6.178401665870549E-008  6.120499406654021E+001
    688  6.004740646793333E-008  1.108652117541332E+002
   1010  5.985590013218465E-008  1.305150376372933E+002
    453  5.980476030337193E-008  5.734859743017803E+001
    867  5.918874371024052E-008  1.199420338065019E+002
    980  5.870003256161493E-008  1.292322903638887E+002
    834  5.741738456611118E-008  1.176651591794238E+002
   1056  5.709746865642722E-008  1.332822863268028E+002
    915  5.649297814869550E-008  1.261627872997085E+002
    652  5.634246153353189E-008  1.090805000764319E+002
    225  5.623568344823669E-008  3.458265676939745E+001
    685  5.588187105184415E-008  1.108208915724099E+002
    444  5.482088468793526E-008  5.640873014994138E+001
    729  5.454584204400007E-008  1.124070412533170E+002
   1004  5.444322834252580E-008  1.302828791464404E+002
    820  5.428509214040902E-008  1.173160626674297E+002
    923  5.404553683105014E-008  1.267345977181097E+002
    747  5.241895926588541E-008  1.128221651622354E+002
   1019  5.225299675530420E-008  1.307856127904329E+002
    606  5.041828060217646E-008  1.079754075340127E+002
    328  5.015152447392391E-008  3.982877398686839E+001
    818  4.893444231240230E-008  1.172202887178189E+002
     72  4.893067350096861E-008  2.695844835194747E+001
    827  4.664146774698885E-008  1.174913134466901E+002
    471  4.617036180165513E-008  5.859921299406331E+001
    849  4.564238792409456E-008  1.186556798515274E+002
    224  4.541044307823255E-008  3.456258153743839E+001
    703  4.538331471174110E-008  1.113359924967504E+002
    931  4.438729828517919E-008  1.272754104030811E+002
    766  4.388281497715374E-008  1.138313497862233E+002
    805  4.164485180830128E-008  1.165442309434909E+002
    625  4.049630681086803E-008  1.084878781680722E+002
    823  3.910033196169970E-008  1.173434151863991E+002
    815  3.858728777292097E-008  1.170844697210597E+002
    153  3.848748736246965E-008  3.119128674334460E+001
    764  3.783935930238603E-008  1.137269990775531E+002
    978  3.764527531303970E-008  1.291764873003617E+002
    908  3.713750094743007E-008  1.256350992978881E+002
   1025  3.578737916425828E-008  1.310823101564250E+002
    999  3.567867758539613E-008  1.301340763851820E+002
    804  3.549555309588094E-008  1.164307012054320E+002
    920  3.529137774185244E-008  1.265729199247587E+002
    463  3.430441382428724E-008  5.840368106338346E+001
    614  3.424123900691771E-008  1.081499604581023E+002
   1003  3.358880496962857E-008  1.302792324598297E+002
    956  3.283007291707399E-008  1.283075816024711E+002
    437  3.257419213701297E-008  5.567668099873953E+001
    371  3.142817970714001E-008  4.567834615857563E+001
    787  2.933056590424364E-008  1.157066821730262E+002
    939  2.863323622735996E-008  1.276788938661296E+002
    933  2.862626082055865E-008  1.272967505112425E+002
    276  2.806826880599092E-008  3.774173651101562E+001
    501  2.787684033341287E-008  6.025540211442135E+001
    758  2.751528672422112E-008  1.131945788764974E+002
    761  2.564861719865974E-008  1.134019555363662E+002
    653  2.559064339285973E-008  1.090926521840726E+002
    852  2.496764557354243E-008  1.189308904937423E+002
    235  2.468868162366583E-008  3.553329683850696E+001
    711  2.431187784448058E-008  1.117833092223069E+002
   1020  2.421193727192587E-008  1.308300137670077E+002
     66  2.417392904287896E-008  2.653041695388611E+001
    735  2.318771745106923E-008  1.125422257639707E+002
    722  2.304671587585151E-008  1.121989232781130E+002
    262  2.240831652952937E-008  3.754826259370084E+001
    883  2.153913482293996E-008  1.212822283474710E+002
    171  2.049662311030427E-008  3.251692712246987E+001
    662  1.965139693920231E-008  1.094304874643061E+002
    809  1.959818967644096E-008  1.168273457040169E+002
    665  1.954015756484204E-008  1.096195054263975E+002
    949  1.917482465958607E-008  1.280833568476082E+002
    935  1.913872369541263E-008  1.274477748704804E+002
    648  1.873075130982978E-008  1.089328290594756E+002
    888  1.787498862030604E-008  1.215384892766490E+002
    882  1.749108292154184E-008  1.212606419968792E+002
    806  1.731149293589626E-008  1.165904998677036E+002
    771  1.706750647983413E-008  1.142541813627527E+002
    638  1.679113254176307E-008  1.087773663504995E+002
    792  1.666483092892412E-008  1.158579110744502E+002
    987  1.613235537307920E-008  1.295218650079724E+002
    743  1.580452103208628E-008  1.126739704882794E+002
   1012  1.575899009670056E-008  1.305860585800326E+002
    723  1.557831736826412E-008  1.122249597820348E+002
   1015  1.554565734797587E-008  1.306693309857935E+002
    714  1.510196023678832E-008  1.118865310298163E+002
    773  1.470501573139223E-008  1.146041296786391E+002
    859  1.465836806068673E-008  1.193117826572047E+002
    728  1.433323542384603E-008  1.123911467240560E+002
    957  1.355988756779064E-008  1.283224605383935E+002
    781  1.310550796707398E-008  1.155015502370288E+002
    874  1.308345842979323E-008  1.206463359037059E+002
    779  1.245449816003635E-008  1.153237642854880E+002
    508  1.221848482560520E-008  6.101348113010317E+001
    257  1.195867575837222E-008  3.716053985696894E+001
    857  1.146050428756277E-008  1.192977858717030E+002
    197  1.102916465264119E-008  3.407091137263039E+001
    509  1.054896046706281E-008  6.104665142125116E+001
    752  1.051781834810790E-008  1.129825416205730E+002
    881  1.047712059270608E-008  1.212001054655417E+002
    220  1.037057628088729E-008  3.440936379612124E+001
    770  1.028028216743496E-008  1.141655133118217E+002
    925  1.019266038807907E-008  1.268943605090481E+002
    676  9.488550598158243E-009  1.102968009656115E+002
    965  9.263375455362893E-009  1.286084743618769E+002
    499  9.184178829383722E-009  6.010190034988052E+001
   1037  8.459496569482840E-009  1.316166834102353E+002
    946  8.220107633550604E-009  1.279201366409634E+002
    936  8.045390032319012E-009  1.275963114471066E+002
    889  7.098978757306616E-009  1.221096476933091E+002
    993  6.996044191747316E-009  1.299638892136509E+002
    872  6.828252877627686E-009  1.204992644439996E+002
    634  6.670251748903737E-009  1.087110579745548E+002
    850  6.634065725461946E-009  1.188640670964077E+002
    647  6.519644624645857E-009  1.089204596390746E+002
    388  5.825942010773691E-009  4.916519389587509E+001
    912  5.699016219072760E-009  1.259977317017505E+002
    603  5.631546077795228E-009  1.078480909052838E+002
    612  5.465730354328582E-009  1.080838271474082E+002
    640  5.346191257074438E-009  1.088027953187827E+002
    971  4.829219385332553E-009  1.289111652451389E+002
    801  4.574833837174463E-009  1.162412158177078E+002
    736  4.399703010224029E-009  1.125700463249535E+002
   1043  3.821739438365492E-009  1.320181582363304E+002
    811  3.759603428935167E-009  1.169131613251637E+002
    840  3.653322171168164E-009  1.179674198090055E+002
    363  3.128520905098097E-009  4.523665715266514E+001
    878  2.900008650579966E-009  1.208553192243232E+002
    893  2.834603366145075E-009  1.225899968537864E+002
    704  2.825715816045365E-009  1.114088220449556E+002
    869  2.437497349447964E-009  1.201465244096069E+002
    701  2.322564402896858E-009  1.112655741498095E+002
    759  2.197759755788370E-009  1.132523759465808E+002
    906  2.185419164630248E-009  1.253859334012492E+002
    620  2.154009647916287E-009  1.083700393844588E+002
    447  2.089673514207810E-009  5.692641404400948E+001
    469  2.014857849549053E-009  5.857260373695996E+001
   1051  2.005761297032542E-009  1.330173846663143E+002
    788  1.698436757362600E-009  1.157595566872355E+002
    901  1.489221737775110E-009  1.246352700151236E+002
    861  1.384570658876754E-009  1.193618968506130E+002
    856  1.192287718964755E-009  1.192407591408727E+002
    914  1.163850281766899E-009  1.261343003660832E+002
    904  1.082139258454693E-009  1.250437756508075E+002
   1049  1.046483604369379E-009  1.325964910892840E+002
    271  8.717788141973740E-010  3.769377629908810E+001
    814  8.134529633626997E-010  1.170571282096026E+002
    900  7.952031360792670E-010  1.240255399934555E+002
    833  7.600012614716394E-010  1.176450554682990E+002
    776  7.192032500471890E-010  1.150535509847603E+002
    841  6.884963224967953E-010  1.180046875638410E+002
    668  6.517127872262226E-010  1.098358517134249E+002
    885  5.417071779149229E-010  1.213849358963692E+002
    996  5.231478902944731E-010  1.300741546440489E+002
    775  5.120104957954293E-010  1.149447083106751E+002
    839  4.869191332246570E-010  1.178451551754228E+002
    951  4.162701308738909E-010  1.282127111215003E+002
    941  4.087125724687412E-010  1.277239710636116E+002
    718  3.766632239505344E-010  1.120307816427976E+002
    819  3.696962483308975E-010  1.172617623112352E+002
    864  3.118222970803499E-010  1.195154318953015E+002
    124  2.489758579418923E-010  2.953039329658957E+001
    959  2.209205449451779E-010  1.283643788123119E+002
    876  1.556172097600968E-010  1.207338716680959E+002
    990  9.237787309221677E-011  1.297249883032466E+002
   1030  7.115083091132593E-011  1.313677884464318E+002
    846  4.875430405508836E-011  1.183733977129572E+002
    493  2.327450632985928E-011  5.956939432616837E+001
    726  1.286349444788619E-011  1.123280306605216E+002
   1054  7.803019678227037E-012  1.332101619260334E+002
    601  1.027981015077911E-012  1.078222216339937E+002
    664  3.680271630266408E-013  1.095868237421283E+002
    720  2.579273617028161E-014  1.121496181246094E+002
