# Number of modes
   1077
# Tabulated for different initial and final frequencies?
    F
# Mode index, Sj, (highest to lowest), omega_j
    539  4.486410082614870E-002  1.004038214764926E+002
    547  3.010928342875278E-002  1.040413527560943E+002
    384  2.800898123222035E-002  4.693482184770667E+001
    475  2.271362723791111E-002  5.870955367754343E+001
    430  1.629418918158388E-002  5.544226538226409E+001
   1048  1.043300544729578E-002  1.325281096806480E+002
    462  8.779948397761488E-003  5.834568949164402E+001
    418  8.661749437319687E-003  5.440760214654593E+001
    288  7.910705337413055E-003  3.825168870868715E+001
    425  7.876845581377986E-003  5.512885982268182E+001
      7  7.479260209650793E-003  1.598850297870253E+001
   1044  6.133358963707577E-003  1.320835593454495E+002
    592  6.047228925850006E-003  1.074010896433819E+002
    582  5.971700644983665E-003  1.069886979669129E+002
    531  4.489024810334257E-003  6.280622541285696E+001
    566  4.416374056005765E-003  1.060197199307676E+002
     23  3.957446730627210E-003  2.160694502786773E+001
     27  3.871385923085760E-003  2.288948685305089E+001
      8  3.711411093769176E-003  1.603898235084092E+001
    392  3.630226573632668E-003  4.975569880244111E+001
    477  3.517588496923716E-003  5.875439662154096E+001
    474  3.303582820589329E-003  5.866520048333617E+001
    460  3.264711994825325E-003  5.821511818989060E+001
    308  3.216112866044844E-003  3.924824416979163E+001
    358  3.051704953145393E-003  4.418411045040358E+001
     24  3.010377322764767E-003  2.165827626673025E+001
    593  2.956000757994519E-003  1.074633420950339E+002
   1061  2.807470708718987E-003  1.338239896777959E+002
     38  2.678753261234060E-003  2.415274881711009E+001
    391  2.635829637334719E-003  4.935295074539214E+001
    431  2.611144420829587E-003  5.545822575490884E+001
    230  2.605386135635165E-003  3.507000892128892E+001
    426  2.426862452547782E-003  5.521112029631625E+001
   1071  2.378449341797065E-003  1.353191143310252E+002
    546  2.306894542238304E-003  1.038908634804570E+002
    485  2.261816516532500E-003  5.896971858223063E+001
   1070  2.114217198336972E-003  1.350535885837313E+002
    585  2.037793322924606E-003  1.071721890576240E+002
    450  2.037365684403320E-003  5.723022636777802E+001
    537  2.023681203740431E-003  7.348438751630307E+001
   1031  1.952831906635136E-003  1.313824495210718E+002
     42  1.815173889835446E-003  2.442065503900721E+001
    100  1.770432678743119E-003  2.814590236831992E+001
    114  1.753514453793439E-003  2.903390568794284E+001
    482  1.749947211715773E-003  5.890508639424976E+001
   1060  1.745348724665023E-003  1.336329109810919E+002
   1039  1.732875094417655E-003  1.317789778316224E+002
    306  1.663109074773332E-003  3.922583615449084E+001
     64  1.647018250037288E-003  2.637954322898939E+001
    550  1.644602338901468E-003  1.044255141670578E+002
    464  1.632616737654800E-003  5.841767339850505E+001
    544  1.579147947561532E-003  1.037287728441322E+002
     65  1.569357870932769E-003  2.645533186342116E+001
    563  1.492884526316813E-003  1.058622417292547E+002
    421  1.470338573279796E-003  5.469982084171487E+001
    480  1.463580228023596E-003  5.887142017505539E+001
    532  1.439288027151126E-003  6.299204701993657E+001
    551  1.386690229593637E-003  1.044758850995860E+002
    666  1.363841026814401E-003  1.096961217429448E+002
    504  1.356631839832280E-003  6.073767201700102E+001
     18  1.337356857780650E-003  2.124694793769305E+001
    535  1.330338429337139E-003  7.234684016852472E+001
    538  1.312971849009821E-003  8.801939400846273E+001
   1022  1.306186871270356E-003  1.309570316227355E+002
    154  1.241953031300449E-003  3.128025029310897E+001
    386  1.229534426736384E-003  4.778448827008048E+001
    549  1.210536811492125E-003  1.043755820157491E+002
    434  1.187992379473253E-003  5.556859477681133E+001
    409  1.162102116261086E-003  5.377950655266745E+001
    554  1.147307873752923E-003  1.048978551747549E+002
    374  1.109202335984186E-003  4.576894168844035E+001
    436  1.108196325109678E-003  5.562240782737462E+001
    492  1.088657614154740E-003  5.919740097208313E+001
     58  1.078987619393527E-003  2.603619761911758E+001
    768  1.050494188692511E-003  1.140511281344195E+002
    825  1.041276065864518E-003  1.174155068731360E+002
    487  1.040889479306178E-003  5.901096182276392E+001
    580  1.038245873338363E-003  1.069063882425304E+002
     80  9.919413971350461E-004  2.737665388114407E+001
    769  9.900812689118629E-004  1.141494817506874E+002
    911  9.841123296980732E-004  1.258968376271585E+002
   1045  9.705854152526797E-004  1.322246800166877E+002
    497  9.342622654686919E-004  5.984833423050026E+001
    383  9.319429339342478E-004  4.665506804468283E+001
    507  9.238471485781510E-004  6.098134465730102E+001
    576  9.230707221135481E-004  1.068188420241767E+002
      4  8.270162429550214E-004  1.555889535187236E+001
    312  8.182927976821366E-004  3.940338989709551E+001
      5  7.928360039936633E-004  1.580375607842547E+001
   1050  7.654252774835958E-004  1.326682006609648E+002
   1042  7.595378316573674E-004  1.319938555239870E+002
    902  7.393625445340617E-004  1.246861225619736E+002
   1052  7.347696003195559E-004  1.330891459743712E+002
    453  7.223838260064352E-004  5.734859743017803E+001
     31  7.150114464043677E-004  2.349957735236975E+001
    667  7.017190495540290E-004  1.098231148083649E+002
    327  6.648669371259380E-004  3.980649710729982E+001
    778  6.638100921218992E-004  1.153062331743218E+002
    503  6.619137668259420E-004  6.062899617907863E+001
      9  6.608309389945384E-004  1.615282072713023E+001
    694  6.608005676810370E-004  1.110208923005156E+002
    195  6.426932529172128E-004  3.399004655216064E+001
    673  6.413213018206028E-004  1.101090602242966E+002
    587  6.363414988374377E-004  1.072564562863978E+002
    403  6.157700882577270E-004  5.332276567118551E+001
    483  6.096553576014605E-004  5.892865432514233E+001
     67  6.079027486577869E-004  2.663955326886673E+001
    785  6.021780069997773E-004  1.156515149006221E+002
    291  5.987521034453272E-004  3.834865717601958E+001
     90  5.978733853803786E-004  2.792299487571685E+001
    407  5.976407422543198E-004  5.355040632372296E+001
    466  5.961798271738150E-004  5.848631456847294E+001
   1005  5.892372626118087E-004  1.302961950162389E+002
    543  5.811058853264854E-004  1.026098663261161E+002
    376  5.785579179161788E-004  4.578482274843697E+001
    301  5.780506123472970E-004  3.874125966254066E+001
    438  5.771325291392838E-004  5.568774314714533E+001
    831  5.748817875488759E-004  1.175849164822640E+002
   1062  5.748554158863566E-004  1.338537297016246E+002
    290  5.694071677608735E-004  3.834059039797889E+001
    330  5.625279147481400E-004  4.000719691328421E+001
    478  5.612831975629360E-004  5.880478287498814E+001
     91  5.600142661403413E-004  2.795709450840539E+001
    452  5.448339641928401E-004  5.732416656661538E+001
    751  5.300019648316665E-004  1.129352725370382E+002
    395  5.294388253906760E-004  5.279005865968511E+001
    835  5.250967938360604E-004  1.176766134664512E+002
    822  5.207046211171742E-004  1.173379890193997E+002
    552  5.181071719289784E-004  1.045004516183760E+002
    523  4.966048260110099E-004  6.195141091349550E+001
     97  4.926885723651945E-004  2.809615145046481E+001
    468  4.925618650746681E-004  5.850419738659161E+001
     92  4.925362476437351E-004  2.796966533379813E+001
    777  4.909999184548005E-004  1.150636811545726E+002
    570  4.885058787119734E-004  1.064458450110351E+002
    142  4.877451466442785E-004  3.011700635419402E+001
    771  4.856068672891834E-004  1.142541813627527E+002
    918  4.833941422201957E-004  1.263810693695273E+002
   1000  4.808314082285525E-004  1.301375093272533E+002
    966  4.784216087025990E-004  1.287120665380274E+002
   1033  4.772427100361152E-004  1.314921549657209E+002
    717  4.763034196211618E-004  1.119901298340990E+002
    654  4.754916240257916E-004  1.091774321289355E+002
   1020  4.708510242845663E-004  1.308300137670077E+002
    445  4.665429204189705E-004  5.650985963977887E+001
    706  4.662888221837198E-004  1.115644797142602E+002
    975  4.629772403663641E-004  1.290479361570385E+002
    780  4.586055475935028E-004  1.153482258688003E+002
    495  4.574662955958376E-004  5.971063876484735E+001
    459  4.526232424812909E-004  5.797524108925945E+001
    832  4.519242745545348E-004  1.176150872586579E+002
    229  4.504470464625354E-004  3.477639317683153E+001
    199  4.467917785774616E-004  3.411214171315592E+001
    297  4.424829556903094E-004  3.850412000814609E+001
   1029  4.420408799911223E-004  1.312589073638632E+002
    981  4.391875299287149E-004  1.292686845988868E+002
    553  4.291738619878388E-004  1.045844149005738E+002
    296  4.268270866516060E-004  3.847026909032138E+001
    898  4.255611910374948E-004  1.236287338505038E+002
    402  4.244937245535819E-004  5.323403324336612E+001
    248  4.215244052558156E-004  3.617742791171408E+001
     20  4.202013331841314E-004  2.146722812704134E+001
    160  4.193382387883864E-004  3.140287364756382E+001
    826  4.180184934826617E-004  1.174535409692338E+002
    151  4.175497303599013E-004  3.097448214004631E+001
    300  4.091329012546411E-004  3.871033423098082E+001
    310  4.079024156777408E-004  3.933560718805473E+001
    326  4.073893565329018E-004  3.980074663620405E+001
     11  3.976529868895167E-004  1.771447447329438E+001
   1001  3.861635417061440E-004  1.301907504163165E+002
    472  3.860797183506578E-004  5.860732378330380E+001
    763  3.808690463805333E-004  1.136578287383470E+002
    448  3.769963608031530E-004  5.707216855561523E+001
     85  3.695287464870528E-004  2.757726243328665E+001
    810  3.690480501490518E-004  1.168542717379606E+002
    972  3.679860114761567E-004  1.289491342298440E+002
    433  3.658471726366125E-004  5.552394895078822E+001
    255  3.613008414701017E-004  3.705801266502003E+001
    491  3.600395668482928E-004  5.916484178919298E+001
    802  3.598632438586187E-004  1.163074247182627E+002
    886  3.567446064288640E-004  1.214498350996194E+002
    102  3.556530187353213E-004  2.838723287464182E+001
     16  3.510483303572186E-004  2.083990463296455E+001
    661  3.435190067773782E-004  1.094040232551639E+002
      2  3.433900228806271E-004  1.507477314615795E+001
    329  3.420620163179960E-004  3.994917835777716E+001
    909  3.357422598636079E-004  1.256671150468244E+002
    347  3.333845909794579E-004  4.251894246220620E+001
    498  3.256967852218662E-004  6.006055704270973E+001
    970  3.180970854230738E-004  1.288440499253601E+002
    892  3.148866926328610E-004  1.223146913863671E+002
     66  3.142885743633443E-004  2.653041695388611E+001
   1041  3.085194012591817E-004  1.318604688563310E+002
    479  3.079024443055889E-004  5.886156225440574E+001
    557  3.049283067752626E-004  1.053298087456868E+002
    926  3.028485000719315E-004  1.269935099435139E+002
    536  3.003327648490183E-004  7.244369170766353E+001
    148  2.993444015375116E-004  3.055713011308698E+001
    905  2.985584746423200E-004  1.252963463377060E+002
    141  2.976023249247836E-004  3.005205957969120E+001
   1075  2.934829292827858E-004  1.852007864492208E+002
    207  2.891713882960663E-004  3.419271829752626E+001
    404  2.821324493856903E-004  5.332919471058649E+001
    205  2.804442639277484E-004  3.418138862993963E+001
     82  2.771532466028014E-004  2.744742479332049E+001
    379  2.755596363462692E-004  4.610002508350383E+001
   1034  2.739456799386406E-004  1.314975717016592E+002
   1064  2.723925643100006E-004  1.339182935247794E+002
    952  2.629282434477702E-004  1.282170243378332E+002
    964  2.572222520775720E-004  1.284811881676410E+002
    359  2.552999003269962E-004  4.440820660542785E+001
    385  2.548562191769382E-004  4.744969147605799E+001
    954  2.547573097334926E-004  1.282848493157465E+002
     89  2.546658145455618E-004  2.787565477396676E+001
     33  2.538294748977820E-004  2.387502434282544E+001
    500  2.520554201370825E-004  6.016266526055261E+001
    871  2.502888845881298E-004  1.204638135739833E+002
    119  2.471542420152771E-004  2.929038281335912E+001
    332  2.438887775423346E-004  4.036182328117159E+001
   1072  2.427032189347095E-004  1.354275255218108E+002
    727  2.363902349545284E-004  1.123838421661365E+002
     36  2.346795673702506E-004  2.408548968715760E+001
     74  2.331581792838162E-004  2.706787664592100E+001
    245  2.324799645928091E-004  3.584895809931362E+001
    137  2.316082024591458E-004  2.996307755422044E+001
    298  2.305698931593088E-004  3.860785506393049E+001
    311  2.295184093477503E-004  3.939193935233331E+001
    998  2.258080897876677E-004  1.301241144683907E+002
     54  2.250892641419201E-004  2.537118147105558E+001
    110  2.220727608852060E-004  2.890337161783228E+001
    344  2.199830300444679E-004  4.229281490750487E+001
    719  2.194041206053192E-004  1.120361196403708E+002
    907  2.184517918104039E-004  1.254774984052440E+002
    105  2.183442631024583E-004  2.872870804936272E+001
     37  2.176841846028653E-004  2.413005277682491E+001
     95  2.160416450577192E-004  2.806113631432304E+001
    687  2.160165848953958E-004  1.108477970364615E+002
    844  2.147054681272918E-004  1.182236522024691E+002
    152  2.128969467991574E-004  3.107793476288124E+001
    294  2.103475977371767E-004  3.844005427068350E+001
    663  2.101353280361861E-004  1.095408569103236E+002
    733  2.078036895019239E-004  1.125211996768446E+002
    415  2.033335953049547E-004  5.409773008136273E+001
    992  2.018846082761290E-004  1.299169051159237E+002
    289  2.012690536310237E-004  3.832422991649202E+001
    183  1.989597916686368E-004  3.317747871488443E+001
    829  1.971185014347974E-004  1.175434491795728E+002
    962  1.970623194904829E-004  1.284190833846668E+002
    295  1.918767231548859E-004  3.844649820311862E+001
    716  1.904983859038031E-004  1.119313653155845E+002
    989  1.886005093244564E-004  1.296856498562064E+002
    254  1.818249975436196E-004  3.696870162494890E+001
    505  1.803770879112475E-004  6.089365906344585E+001
    631  1.795327205222454E-004  1.086593678715634E+002
    422  1.793608112104744E-004  5.478392604221921E+001
    772  1.792485117918014E-004  1.144444014986270E+002
    783  1.789374651730441E-004  1.155776779712016E+002
     79  1.788755298478332E-004  2.728143790603452E+001
    947  1.788116519483593E-004  1.280025795512814E+002
   1036  1.788097960001514E-004  1.315563975924429E+002
    548  1.769698619473800E-004  1.041098140943872E+002
    319  1.764966486245888E-004  3.955367029075058E+001
    101  1.753783814567946E-004  2.816121926613436E+001
    131  1.753257186146090E-004  2.976719894627799E+001
    164  1.745607601240826E-004  3.156123118588701E+001
   1014  1.734015824864999E-004  1.306579532637773E+002
    934  1.725410917180522E-004  1.274026915475210E+002
     73  1.713332460635960E-004  2.704395448663374E+001
    442  1.687849185275113E-004  5.605259237502305E+001
    755  1.670604568232656E-004  1.130537195644052E+002
   1009  1.667375025258009E-004  1.304609142394732E+002
    541  1.654241933191032E-004  1.020561485810812E+002
     53  1.652679887135622E-004  2.532427500710937E+001
    282  1.628507028856360E-004  3.781601762519486E+001
    724  1.627646979512920E-004  1.122474317356576E+002
    349  1.627156612241703E-004  4.279212686889406E+001
    676  1.626886261915033E-004  1.102968009656115E+002
   1067  1.625860424651263E-004  1.341872351276505E+002
    251  1.625315742117602E-004  3.670193646720268E+001
    671  1.623916094020526E-004  1.100461630260976E+002
    133  1.621205081614230E-004  2.980777525245198E+001
    456  1.610310131739898E-004  5.758475825352298E+001
    637  1.590390666356086E-004  1.087708716348475E+002
    103  1.582731714269295E-004  2.854698030319213E+001
    649  1.579333677235147E-004  1.089557122086210E+002
    367  1.535289600508233E-004  4.546665367422378E+001
    143  1.533793636051045E-004  3.021552765862468E+001
    158  1.533267321873433E-004  3.138637587596471E+001
    302  1.529951134694424E-004  3.874867387838012E+001
    533  1.523732148708033E-004  6.344214913117692E+001
    917  1.517297002492875E-004  1.262583151256411E+002
     21  1.510106637878300E-004  2.149552581175353E+001
    309  1.504820338786088E-004  3.929268620446922E+001
    320  1.503308269240468E-004  3.958466091098631E+001
    387  1.496820017260556E-004  4.845493173747810E+001
    348  1.482256491416065E-004  4.278252907839931E+001
    202  1.481405385723933E-004  3.414693728338715E+001
    106  1.468675330475123E-004  2.873147041157064E+001
    134  1.459219277798819E-004  2.989081555609098E+001
     43  1.448447183197732E-004  2.485090944939308E+001
    897  1.422500436473850E-004  1.233154024205701E+002
    184  1.420687201479322E-004  3.328145954751520E+001
    690  1.419796416651929E-004  1.109553167085971E+002
   1021  1.390369632688563E-004  1.308784400027895E+002
    432  1.341388322564938E-004  5.551253331854516E+001
     46  1.340543496475332E-004  2.508968851186969E+001
    197  1.339742490309197E-004  3.407091137263039E+001
    293  1.328477771020216E-004  3.840315559517953E+001
    427  1.325580514048758E-004  5.530625255614972E+001
     55  1.304567586051935E-004  2.564739582447731E+001
    156  1.300461121940696E-004  3.133959801814033E+001
    870  1.293089731718942E-004  1.203621491035894E+002
    514  1.288480085768831E-004  6.112143562944963E+001
    221  1.283884371767191E-004  3.444064242877499E+001
    356  1.280596532678339E-004  4.399929676237998E+001
    578  1.268261822260577E-004  1.068696587706935E+002
    945  1.268230614144769E-004  1.278945431870569E+002
    449  1.257092035124794E-004  5.713782918039372E+001
    742  1.248728945179379E-004  1.126546326383816E+002
    212  1.247568018204348E-004  3.425448747044050E+001
    400  1.204263164009381E-004  5.304406357850599E+001
    820  1.189189774887877E-004  1.173160626674297E+002
    784  1.182612159393591E-004  1.156115101864969E+002
    618  1.167438905014206E-004  1.083041655146542E+002
    185  1.164737079326208E-004  3.329017879350934E+001
    331  1.155927030480338E-004  4.033978069592825E+001
    848  1.151761454750681E-004  1.185512117490796E+002
     48  1.150780196286237E-004  2.521050943974308E+001
    486  1.148048199454304E-004  5.898078655703418E+001
    765  1.145562798130946E-004  1.138034732037320E+002
    812  1.124034321102481E-004  1.169499526914024E+002
    977  1.103650358276446E-004  1.291448023039548E+002
    894  1.103627352506177E-004  1.226855190700912E+002
   1066  1.102521216390103E-004  1.341339055776214E+002
    967  1.096920078898749E-004  1.287730879251822E+002
    762  1.080452679250291E-004  1.134504722361933E+002
    973  1.062966666894937E-004  1.290303348922233E+002
    153  1.062275402425866E-004  3.119128674334460E+001
    238  1.056493962948530E-004  3.562010162214489E+001
    609  1.042411909379302E-004  1.080529774194348E+002
    646  1.035147720419466E-004  1.089039652974663E+002
    467  1.028157864858937E-004  5.850070475174659E+001
    161  1.021782177950049E-004  3.141544799468193E+001
    246  9.934608823823133E-005  3.612200287477440E+001
    380  9.737258450218785E-005  4.621788456267294E+001
     34  9.718593678149368E-005  2.394870774261297E+001
    109  9.625720763780090E-005  2.888359254004277E+001
    239  9.607754922918789E-005  3.564788119351169E+001
     78  9.597730459438798E-005  2.724001953302053E+001
    188  9.592048963114326E-005  3.343297855491465E+001
   1018  9.554072041120219E-005  1.307425624046459E+002
    997  9.414570283088313E-005  1.300952728722026E+002
     83  9.387404855993865E-005  2.745200449399356E+001
    413  9.383130164295300E-005  5.407796767412047E+001
    138  9.383055929005799E-005  2.998810658959070E+001
     51  9.345430062270275E-005  2.527497960196780E+001
    530  9.334175663671670E-005  6.265828803408258E+001
    824  9.300919969873012E-005  1.173851057796732E+002
    166  9.192614081876235E-005  3.197534022905977E+001
     70  9.182404356418432E-005  2.683332853591699E+001
     98  9.170229033322708E-005  2.810036398063808E+001
     57  9.056886384651402E-005  2.601044601303876E+001
    266  8.986715882219128E-005  3.763404507858488E+001
    476  8.898335398355812E-005  5.874284760292872E+001
    903  8.894754316724993E-005  1.249295857950171E+002
    352  8.860546101885449E-005  4.345183818831803E+001
    451  8.845351454482740E-005  5.726939793781466E+001
     94  8.843432685237671E-005  2.803048707399637E+001
    746  8.820674854568986E-005  1.128150956859242E+002
    607  8.794747028918217E-005  1.079782277499060E+002
    919  8.651019461209007E-005  1.264669767465423E+002
    180  8.625608926832687E-005  3.306959511625761E+001
    204  8.540642340236224E-005  3.416741852472765E+001
    112  8.399626566134560E-005  2.893182478938967E+001
    689  8.364640393400936E-005  1.108992280227757E+002
    741  8.253190507717041E-005  1.126383251241469E+002
    600  8.237121588336597E-005  1.078192567961393E+002
    177  8.213393237467276E-005  3.286305119332699E+001
    113  8.151064528312867E-005  2.894608485543543E+001
    976  8.124727473595738E-005  1.291265023483052E+002
     41  8.008661237930523E-005  2.434332602389209E+001
    136  7.990141238101957E-005  2.995197020395121E+001
    353  7.963837640565712E-005  4.354452657935016E+001
      6  7.959643910856868E-005  1.593905863128156E+001
    940  7.949722139449421E-005  1.277053477702196E+002
    401  7.898464711936890E-005  5.310952948046032E+001
    493  7.892894143535133E-005  5.956939432616837E+001
    868  7.840164751665103E-005  1.199994649602093E+002
   1024  7.796390946636604E-005  1.310472886139475E+002
    836  7.762705729026806E-005  1.177792466123822E+002
    564  7.750425568262141E-005  1.059223740174141E+002
    241  7.745549291766009E-005  3.573178726353736E+001
    174  7.697258538251896E-005  3.277024257542895E+001
    473  7.556413011658618E-005  5.864875851961727E+001
   1008  7.516492768734009E-005  1.304054287055121E+002
    813  7.373114008419209E-005  1.170211975618395E+002
    145  7.332477678849249E-005  3.035386176419680E+001
    512  7.268014148865376E-005  6.110465593383906E+001
     69  7.211564330390146E-005  2.667931486079132E+001
    338  7.195404664671428E-005  4.143596746217444E+001
    621  7.138462790674642E-005  1.083828600305560E+002
     32  7.091120680414348E-005  2.386019687247388E+001
    681  7.089916996271137E-005  1.107150530846271E+002
    196  6.933812486375252E-005  3.402217963204272E+001
     81  6.792594929265747E-005  2.737831616504717E+001
    516  6.761258666054315E-005  6.114879167768425E+001
    675  6.759775079442623E-005  1.101932688761904E+002
    599  6.750843994534184E-005  1.077354408464688E+002
    231  6.732420199891652E-005  3.529195130720404E+001
    560  6.714767953917977E-005  1.057397922085461E+002
    937  6.709970183885860E-005  1.275975168353670E+002
    191  6.667730300985885E-005  3.372798248811258E+001
    375  6.620860627322876E-005  4.577921754207221E+001
    336  6.609998594713058E-005  4.106442919982931E+001
    218  6.598329314530746E-005  3.434087154455664E+001
     62  6.546028750633256E-005  2.630569023157911E+001
    454  6.538916316712774E-005  5.753531790534946E+001
    357  6.512808417051942E-005  4.413715889769129E+001
    382  6.452722683203921E-005  4.661435463500721E+001
    168  6.407822640685586E-005  3.223239881301075E+001
    417  6.299654000265193E-005  5.432386496665636E+001
    264  6.261336174951375E-005  3.760740200223662E+001
    116  6.221874272916058E-005  2.910094471225916E+001
    630  6.181025988742806E-005  1.086464564510315E+002
    398  6.106443036682341E-005  5.298968704937109E+001
    948  6.082945986163959E-005  1.280530341997139E+002
    991  6.035811773920769E-005  1.298309517843196E+002
     30  5.886993875145994E-005  2.339033246897357E+001
    626  5.810643224545426E-005  1.085197354965440E+002
    389  5.785909379617707E-005  4.924612888004685E+001
    394  5.677763142722025E-005  5.275338077531283E+001
    283  5.672446747850511E-005  3.781664732037148E+001
    789  5.565132356376389E-005  1.157939903252585E+002
   1069  5.523406324757769E-005  1.347402109836953E+002
    895  5.522848486050488E-005  1.231922658586809E+002
    360  5.522339405737391E-005  4.501412031898634E+001
    333  5.512083017059361E-005  4.050570323460023E+001
    281  5.475186397031528E-005  3.778222215271058E+001
    725  5.376606426885507E-005  1.122622575126908E+002
    262  5.360866397640410E-005  3.754826259370084E+001
    172  5.339346524767023E-005  3.254695536480502E+001
    712  5.317601811683349E-005  1.118479116964762E+002
    817  5.314205351658846E-005  1.171745914510001E+002
    669  5.287631328269949E-005  1.098991161820264E+002
   1027  5.205959970596467E-005  1.311414239553258E+002
    369  5.195776273677488E-005  4.556664797594529E+001
    316  5.181450351649534E-005  3.947722492082590E+001
    816  5.173097395132926E-005  1.170854692244173E+002
    559  5.160967959722573E-005  1.054467335457494E+002
    423  5.118214759674282E-005  5.491452382822700E+001
    150  5.089348415726632E-005  3.095380367517388E+001
    803  5.040402876944061E-005  1.163959410830473E+002
     84  5.033172784375708E-005  2.748397341497807E+001
    494  4.995679038895762E-005  5.959072402434833E+001
    930  4.946060276626919E-005  1.272550109882912E+002
    324  4.937041582211895E-005  3.965813849875591E+001
    708  4.923782250857465E-005  1.116659378913442E+002
    697  4.857715327385150E-005  1.111168086390436E+002
    405  4.847473067139771E-005  5.340951413863353E+001
    219  4.842750509472169E-005  3.435584966495736E+001
    774  4.710566192929196E-005  1.147299018357027E+002
     75  4.678224403870315E-005  2.717284531466260E+001
    214  4.648546217847615E-005  3.429158842681225E+001
    444  4.642911526364569E-005  5.640873014994138E+001
      3  4.614424096336072E-005  1.530095081680193E+001
    121  4.599943947276981E-005  2.937009161569695E+001
    208  4.592934950906811E-005  3.420400517096608E+001
    555  4.575971997699087E-005  1.049505825405343E+002
    791  4.449459008183493E-005  1.158399885308925E+002
     29  4.416448319907655E-005  2.304600720746813E+001
    317  4.390570582777616E-005  3.952108816795088E+001
    189  4.334623697229760E-005  3.348575581421191E+001
    428  4.246885747091677E-005  5.539697768550786E+001
    190  4.222759940366841E-005  3.352213579831744E+001
    924  4.198938690780283E-005  1.267645350898773E+002
    377  4.157534522227807E-005  4.580996274485975E+001
   1038  4.091565190105852E-005  1.317153469634680E+002
    519  4.070466337334997E-005  6.116666091909611E+001
    995  4.043477497688715E-005  1.300556822463785E+002
    573  4.039564195257119E-005  1.066520968004064E+002
    104  4.039314461243441E-005  2.863475114667724E+001
    209  4.033914139458758E-005  3.420776675567321E+001
     22  4.005604932788685E-005  2.149928230079738E+001
    397  3.925537479398995E-005  5.292984574180642E+001
    572  3.922785456803246E-005  1.066354688575440E+002
     61  3.911213410796999E-005  2.623624111749398E+001
    710  3.891133625493231E-005  1.117114283703663E+002
    372  3.882993137558467E-005  4.569660817760900E+001
    226  3.877527185487055E-005  3.460914941435140E+001
    678  3.875642803398730E-005  1.105298402911861E+002
    680  3.815667363236208E-005  1.106808485277705E+002
    334  3.793519776220050E-005  4.055961280242965E+001
    807  3.766363820325512E-005  1.166040027024774E+002
    577  3.744982230096326E-005  1.068269012623950E+002
    390  3.677970719707397E-005  4.930034545373515E+001
    192  3.654116872435189E-005  3.373139183933635E+001
    176  3.526199247577429E-005  3.283702642513862E+001
    314  3.509669199846853E-005  3.944402428691944E+001
   1055  3.462520091669892E-005  1.332315483337306E+002
    346  3.437949975133256E-005  4.251353138364797E+001
    588  3.436903277072509E-005  1.072780161282308E+002
     68  3.380516399740791E-005  2.665958995788216E+001
    318  3.372706132888525E-005  3.952690512520030E+001
    944  3.370576565181945E-005  1.278264506290159E+002
    307  3.289616760585779E-005  3.924418415703018E+001
    211  3.197393935304165E-005  3.422885497659050E+001
    650  3.182565548274211E-005  1.090061273622073E+002
    565  3.178470891388040E-005  1.059848591127986E+002
    883  3.149111417042297E-005  1.212822283474710E+002
    968  3.131012831033478E-005  1.287893908307005E+002
    913  3.112214092692071E-005  1.260963173315474E+002
    272  3.090529521444786E-005  3.770876893490352E+001
    365  3.071338177161451E-005  4.540196146988517E+001
    481  3.045136838775633E-005  5.889564718758225E+001
    411  3.042356013118963E-005  5.390414096058870E+001
    236  3.027757128730162E-005  3.558504171265294E+001
    866  3.004223866476447E-005  1.198737679274225E+002
    757  2.983729908313722E-005  1.131455979007981E+002
    323  2.953342966373507E-005  3.963162035223775E+001
   1074  2.951382222152980E-005  1.357832717908243E+002
    517  2.950246896432750E-005  6.116283191518230E+001
    222  2.940388415507428E-005  3.444665555523785E+001
    797  2.929395156705745E-005  1.161224071144865E+002
    502  2.890937357516873E-005  6.033057478557798E+001
     49  2.848026952176660E-005  2.521926711432687E+001
    280  2.803791583497635E-005  3.777070006257392E+001
    561  2.798611527374167E-005  1.057823475786052E+002
     60  2.773996983325946E-005  2.612817271153773E+001
    167  2.760767358157530E-005  3.206734480721192E+001
    139  2.760296941690166E-005  3.001327528760398E+001
    237  2.738179250968865E-005  3.561350513334219E+001
    542  2.736014197133697E-005  1.021380905135569E+002
     39  2.713473865886274E-005  2.419216907562118E+001
    921  2.668450059888797E-005  1.266347372507485E+002
    419  2.664224199556186E-005  5.447434435004674E+001
    420  2.654063192441945E-005  5.464265012038360E+001
    604  2.646776189280262E-005  1.078901483894559E+002
    321  2.629717079309001E-005  3.959878738143280E+001
    107  2.627745600602078E-005  2.880093649968087E+001
     88  2.575582813364896E-005  2.776495450944637E+001
     44  2.566328070877994E-005  2.487547588775838E+001
    147  2.548310362518516E-005  3.045498909450352E+001
    364  2.543584779359743E-005  4.528995878587361E+001
    524  2.536114242830630E-005  6.196836567938324E+001
    847  2.495301403903954E-005  1.183795327778256E+002
    242  2.486578325714165E-005  3.575330164903793E+001
    960  2.481313273099054E-005  1.283710541965592E+002
    602  2.478651780833646E-005  1.078335831208874E+002
    115  2.470870775262923E-005  2.908676806680809E+001
    698  2.465636027845376E-005  1.111543499618823E+002
    206  2.463549228497110E-005  3.418711639611698E+001
    521  2.450276661366491E-005  6.120499406654021E+001
    130  2.444981269190964E-005  2.969026097336859E+001
    632  2.416159860001352E-005  1.086732063917954E+002
     72  2.399313194496996E-005  2.695844835194747E+001
    378  2.335078952534564E-005  4.609481655347708E+001
    838  2.325859469411499E-005  1.178077045912047E+002
    795  2.290783955248607E-005  1.159446042090269E+002
    187  2.287315932856803E-005  3.338593491458187E+001
    304  2.282033988147616E-005  3.902642388250331E+001
    123  2.273181322638603E-005  2.945706723223188E+001
    571  2.227191092603193E-005  1.065760725477823E+002
   1026  2.219982745513308E-005  1.310988308446859E+002
    525  2.204464276164386E-005  6.201689187624501E+001
    879  2.204317735154543E-005  1.208628531744268E+002
    827  2.199160370802079E-005  1.174913134466901E+002
    278  2.165960580533422E-005  3.775225448216675E+001
    194  2.154440696996510E-005  3.388123191050668E+001
    527  2.152042431794377E-005  6.211137902133680E+001
    305  2.147536648177962E-005  3.919092577852600E+001
    738  2.141315671090636E-005  1.126248828969786E+002
   1032  2.139006225030435E-005  1.314270448258869E+002
    855  2.114391997584394E-005  1.192335282432478E+002
    605  2.105403724749863E-005  1.079476682950407E+002
    217  2.101247263904359E-005  3.432077633458158E+001
    165  2.097017979273209E-005  3.194792507678593E+001
   1016  2.089700271233190E-005  1.306784011483153E+002
    267  2.082526509747906E-005  3.763942844703926E+001
    808  2.079854639831376E-005  1.166438640424820E+002
     28  2.033215966276786E-005  2.303576073275412E+001
    842  2.013063764197684E-005  1.180365480395604E+002
    216  2.012414891813475E-005  3.431915233475488E+001
     93  1.972726639525943E-005  2.801831476528660E+001
    275  1.970245358029383E-005  3.771871208633355E+001
    465  1.965335453545816E-005  5.845233409136720E+001
    261  1.964878760330553E-005  3.751537038816641E+001
    361  1.950185273826061E-005  4.509188248244521E+001
    528  1.940487497048463E-005  6.211763689923020E+001
    955  1.919487201088007E-005  1.283043098504922E+002
    140  1.915155649424192E-005  3.002380690834687E+001
    234  1.902242213988989E-005  3.541632958107625E+001
    163  1.890926656947694E-005  3.148605603035891E+001
    484  1.887461368075520E-005  5.894622531819898E+001
      1  1.862934494019272E-005  1.480943860687432E+001
    155  1.847806731089543E-005  3.129077640287002E+001
    575  1.843393765800754E-005  1.067636975144964E+002
    950  1.838518488057895E-005  1.281356928004739E+002
    339  1.822077909587262E-005  4.199721405536648E+001
    276  1.760216286877418E-005  3.774173651101562E+001
    658  1.740956759083854E-005  1.092752908733605E+002
    558  1.696235878516032E-005  1.054235904423783E+002
    884  1.649736223393390E-005  1.212913619330936E+002
    610  1.624088386449239E-005  1.080548791140610E+002
     86  1.603183268095166E-005  2.760340701365068E+001
    458  1.570330362956492E-005  5.780961640938520E+001
    414  1.562946675946613E-005  5.408443269732371E+001
    584  1.536279377964922E-005  1.071415131646536E+002
    594  1.514214373550865E-005  1.075267994995216E+002
    182  1.504346860032610E-005  3.313118961536368E+001
    597  1.486475731637364E-005  1.076362394255561E+002
    257  1.486148712757674E-005  3.716053985696894E+001
     50  1.481454463602430E-005  2.524792740229145E+001
   1077  1.480330589405240E-005  6.189178021453241E+002
    220  1.452170292875847E-005  3.440936379612124E+001
     10  1.449708862787448E-005  1.630017574824609E+001
    943  1.437846902127265E-005  1.278255860865938E+002
    268  1.428841322409503E-005  3.765614789507087E+001
    198  1.395551045110096E-005  3.410095577154824E+001
    315  1.379320330580218E-005  3.946262277995078E+001
    210  1.378416860186189E-005  3.421873300884823E+001
     71  1.376448575874693E-005  2.691074291878593E+001
    171  1.368633425710298E-005  3.251692712246987E+001
    149  1.343921480067482E-005  3.064428879965062E+001
    938  1.310323731926178E-005  1.276246332177813E+002
    899  1.305918650197025E-005  1.237750393258326E+002
     99  1.287313888275570E-005  2.813215700322161E+001
    162  1.285214027389511E-005  3.142013005221356E+001
    721  1.280551174024260E-005  1.121902054803930E+002
    942  1.258014491668560E-005  1.277896527703618E+002
    616  1.249505695468863E-005  1.081902144651443E+002
    343  1.247004439963158E-005  4.223776350771931E+001
    526  1.242335792933920E-005  6.205614154690332E+001
    260  1.235144919164061E-005  3.745846822965304E+001
    659  1.214807257297474E-005  1.093169473413985E+002
    691  1.206695367614837E-005  1.109942746792360E+002
    639  1.201889087902950E-005  1.087924757147032E+002
     15  1.199868773757228E-005  2.077312965636918E+001
    108  1.188290095956052E-005  2.884206820739177E+001
    674  1.181112860983744E-005  1.101627157855635E+002
   1057  1.166539970455628E-005  1.332882698940204E+002
    567  1.162266420598938E-005  1.061175767374582E+002
    393  1.161688879024321E-005  5.117422678475859E+001
    583  1.160853189043465E-005  1.070323413352247E+002
    223  1.150991970919471E-005  3.452101188794168E+001
     96  1.141453363151542E-005  2.807603105873968E+001
    513  1.137453587053892E-005  6.111701004965728E+001
    213  1.122547858498647E-005  3.426923698719692E+001
    169  1.121077070597981E-005  3.225245008090104E+001
    424  1.112521580522220E-005  5.504400290817051E+001
     19  1.105171153085564E-005  2.137958735177528E+001
    821  1.094869683973077E-005  1.173213489801490E+002
    683  1.090377606356626E-005  1.107854094171573E+002
    540  1.075309769811820E-005  1.019596674086986E+002
    244  1.070575064744540E-005  3.582009297825139E+001
    589  1.059165354746011E-005  1.073243551551986E+002
    624  1.057317633775330E-005  1.084534043855216E+002
    233  1.054909915401696E-005  3.536858076063520E+001
    235  1.054565067269978E-005  3.553329683850696E+001
    702  1.052262666649686E-005  1.112791472783473E+002
    672  1.045162595052923E-005  1.100523893058521E+002
    529  1.029134489985343E-005  6.213305424318654E+001
    511  1.008864069498210E-005  6.108291035790679E+001
    243  1.006512156769409E-005  3.580427376176280E+001
    461  9.905303309933963E-006  5.832169084274378E+001
    873  9.894936535787182E-006  1.205400953636918E+002
    636  9.887428022332708E-006  1.087412284437008E+002
    596  9.874142637819791E-006  1.076305596761092E+002
    896  9.872714248046029E-006  1.231967026860033E+002
   1076  9.864335777182328E-006  1.858411948136732E+002
    695  9.843226686656731E-006  1.110404578737834E+002
    622  9.831208348192358E-006  1.084041586407917E+002
    470  9.698625896322346E-006  5.858950887133865E+001
    686  9.692913485466055E-006  1.108321598991433E+002
    273  9.624511203322142E-006  3.771236202405859E+001
    731  9.611282561040451E-006  1.124795031346507E+002
    287  9.550546809072897E-006  3.806334999222836E+001
    613  9.456322637413050E-006  1.081325074305931E+002
    370  9.438045579504889E-006  4.562254251008403E+001
    574  9.418567252583097E-006  1.067089856517616E+002
    322  9.163286154723591E-006  3.962934885257222E+001
    135  9.095228108786617E-006  2.990996926970350E+001
     40  9.063494074360239E-006  2.429142631572386E+001
    441  8.948743692353002E-006  5.602297434426368E+001
     63  8.887933752099807E-006  2.633691355837915E+001
    396  8.874819059390266E-006  5.292259014309509E+001
    518  8.765481003649486E-006  6.116565427175681E+001
    200  8.642407024548051E-006  3.413076352937113E+001
    545  8.377788449265557E-006  1.038885725205099E+002
     76  8.313383388957730E-006  2.719040433196805E+001
    429  8.224404900021890E-006  5.542704693693687E+001
    682  8.123494286532108E-006  1.107795174367904E+002
    737  8.111504857936229E-006  1.125716601108342E+002
    299  8.054241520316675E-006  3.861147003050849E+001
   1053  7.945567226271906E-006  1.331993000158318E+002
    440  7.864290637499567E-006  5.589934491235444E+001
    641  7.835198940160769E-006  1.088136450829588E+002
     25  7.799932462080792E-006  2.268285797328677E+001
    595  7.791271234056583E-006  1.075727311228692E+002
    745  7.769478241461594E-006  1.127541380335163E+002
    170  7.723186290127456E-006  3.240864442722207E+001
    179  7.555013292773729E-006  3.301071504933698E+001
    496  7.547765073003562E-006  5.977778544840232E+001
    471  7.458919204998430E-006  5.859921299406331E+001
     13  7.455158215692003E-006  2.038781372204352E+001
    416  7.446905850042542E-006  5.412105627361211E+001
    354  7.340544153197934E-006  4.358717802496741E+001
    368  7.324607935566133E-006  4.552075151204606E+001
    799  7.303123446684731E-006  1.161655148393659E+002
    929  7.147383063728161E-006  1.272324166790593E+002
     14  7.026608119541939E-006  2.047451167645159E+001
    522  6.978416726948584E-006  6.189501394570030E+001
    579  6.943275553413827E-006  1.068810185812333E+002
    656  6.942400070955005E-006  1.092383325553483E+002
     12  6.923169408093398E-006  1.791855268392995E+001
    730  6.839906136053621E-006  1.124678820560711E+002
    713  6.819459751086004E-006  1.118750446375970E+002
    608  6.811871286526208E-006  1.080310773431174E+002
    292  6.716845847732095E-006  3.837765227419467E+001
    684  6.563787597478833E-006  1.108055531440044E+002
    366  6.470647389796305E-006  4.541480133184800E+001
    269  6.371622646445308E-006  3.766609016559832E+001
    277  6.314334363031865E-006  3.774405278528796E+001
     35  6.308594147109432E-006  2.406163852032448E+001
    303  6.014667034230988E-006  3.891633174738261E+001
   1013  6.005509179167327E-006  1.306191025791559E+002
    700  5.964463119462387E-006  1.112187707043413E+002
    635  5.909652555845254E-006  1.087402789130293E+002
    508  5.854863585109255E-006  6.101348113010317E+001
    435  5.852301986663605E-006  5.559833163642786E+001
    381  5.813916752168851E-006  4.623753374880091E+001
    670  5.729874782062662E-006  1.099218253642219E+002
    793  5.646538538552314E-006  1.158943894419280E+002
    399  5.504286899721481E-006  5.300117686152819E+001
    569  5.485886639302843E-006  1.064024371239422E+002
    748  5.483306539748171E-006  1.128453459062848E+002
    457  5.469289830877624E-006  5.770039153165104E+001
     26  5.419216220041877E-006  2.275577786050195E+001
    259  5.319713325612519E-006  3.731129763636223E+001
    645  5.306748926087998E-006  1.088758352374567E+002
    865  5.238871189285268E-006  1.195233182598442E+002
    157  5.221124581431685E-006  3.136040875348826E+001
    286  5.195894461122033E-006  3.806107114689090E+001
    126  5.081486668844404E-006  2.957864372821811E+001
    515  5.058286270984028E-006  6.113166482037749E+001
    181  4.929781838180206E-006  3.309588236011395E+001
   1063  4.815207803651816E-006  1.338610239777397E+002
    159  4.650944333071676E-006  3.140014259635325E+001
    224  4.566815594817974E-006  3.456258153743839E+001
   1028  4.510822714238937E-006  1.312419762585663E+002
    253  4.481579959809858E-006  3.690338042035397E+001
    770  4.430459790121513E-006  1.141655133118217E+002
     59  4.429108239655810E-006  2.608228483109795E+001
    232  4.275174472223058E-006  3.530982942235851E+001
    227  4.238837246765756E-006  3.461221107986133E+001
    520  4.179021248298406E-006  6.117519869664547E+001
   1004  4.155613384079864E-006  1.302828791464404E+002
    851  4.138872484714529E-006  1.189105890777936E+002
    601  4.113460170880261E-006  1.078222216339937E+002
    787  4.076843697946333E-006  1.157066821730262E+002
    284  4.074762803859663E-006  3.794002386601017E+001
   1006  3.978912594835312E-006  1.303473844140781E+002
    342  3.866342042558217E-006  4.219280462450153E+001
    932  3.843525191584713E-006  1.272890793904072E+002
    634  3.827121457882610E-006  1.087110579745548E+002
    489  3.813278314873868E-006  5.906665573291085E+001
    274  3.780235005108972E-006  3.771469066363962E+001
    983  3.753472753410564E-006  1.293699640118089E+002
   1049  3.723086923299104E-006  1.325964910892840E+002
    506  3.695617569452179E-006  6.092479484159845E+001
    782  3.681491571271372E-006  1.155663554633046E+002
    120  3.640081939474240E-006  2.935022978395871E+001
    858  3.639710533589599E-006  1.193043137223610E+002
    633  3.626643966789455E-006  1.086770367044967E+002
    617  3.592107773743102E-006  1.082069188907082E+002
    830  3.517558759323131E-006  1.175448785112390E+002
    800  3.501487154695631E-006  1.161811067685375E+002
    843  3.479100306574139E-006  1.181049125326048E+002
    665  3.470288505109843E-006  1.096195054263975E+002
    265  3.441824733306869E-006  3.762418150997995E+001
    875  3.367360029862769E-006  1.206504418490652E+002
    910  3.359038413214322E-006  1.258349422363612E+002
    927  3.292920302740503E-006  1.271118445081471E+002
    345  3.273327785710206E-006  4.248475366295001E+001
   1068  3.241870410564875E-006  1.342139437973118E+002
    984  3.223581560278863E-006  1.293776492189174E+002
    744  3.191546281854330E-006  1.127340165661099E+002
    627  3.181773966861844E-006  1.085359599099982E+002
    815  3.134842443257185E-006  1.170844697210597E+002
    958  3.125529163844736E-006  1.283326337970340E+002
    250  3.107926043601731E-006  3.645071914574685E+001
    890  3.097789088161009E-006  1.222269695705770E+002
   1035  3.083774723758382E-006  1.315022364948826E+002
    510  3.044264860831685E-006  6.106496915014706E+001
   1043  3.009292860617554E-006  1.320181582363304E+002
    923  3.001237461318966E-006  1.267345977181097E+002
    625  2.901807968870842E-006  1.084878781680722E+002
    714  2.899077480355104E-006  1.118865310298163E+002
    922  2.881829043824591E-006  1.267277337836395E+002
    225  2.839371898729832E-006  3.458265676939745E+001
    845  2.820107278986232E-006  1.182722434309271E+002
    722  2.814439322247977E-006  1.121989232781130E+002
    447  2.752618831776791E-006  5.692641404400948E+001
    707  2.731289489604535E-006  1.116484954290111E+002
    362  2.696302576775383E-006  4.520209191521082E+001
    556  2.681223475844696E-006  1.053074591696642E+002
    203  2.663868763755344E-006  3.415596231316062E+001
    247  2.653740180373352E-006  3.613855018049320E+001
    590  2.612131416835303E-006  1.073381491314167E+002
    562  2.604765993663486E-006  1.058125905236654E+002
    709  2.557668042837449E-006  1.116986555393093E+002
    794  2.516869343915124E-006  1.159299755047292E+002
    679  2.508971250463842E-006  1.106299731616480E+002
    350  2.502918660665060E-006  4.287084402122760E+001
    271  2.492084272663657E-006  3.769377629908810E+001
    657  2.437661058818164E-006  1.092680437977900E+002
    388  2.378447008420827E-006  4.916519389587509E+001
    804  2.373385462657370E-006  1.164307012054320E+002
   1046  2.355531849500670E-006  1.322741703884410E+002
    341  2.307927975820035E-006  4.207899368185591E+001
    371  2.264363702246687E-006  4.567834615857563E+001
    715  2.263842936564122E-006  1.119122168057061E+002
    619  2.260173674827998E-006  1.083262496248409E+002
    790  2.259286504480177E-006  1.158127479939932E+002
     87  2.243832545856180E-006  2.773505635732142E+001
    754  2.239103017059217E-006  1.130532912402911E+002
    862  2.223650754268148E-006  1.194326389788892E+002
   1047  2.179362269687354E-006  1.324683504365100E+002
    854  2.178767918100008E-006  1.190938927222375E+002
    699  2.158311037506364E-006  1.111753891148923E+002
    979  2.071613727861169E-006  1.292073280791942E+002
    228  2.069540154238040E-006  3.465329128304563E+001
    285  2.032436302703706E-006  3.794670187788559E+001
    849  1.993992206240812E-006  1.186556798515274E+002
    893  1.981475653347060E-006  1.225899968537864E+002
    586  1.970852456079239E-006  1.072414988471015E+002
    640  1.966331811696027E-006  1.088027953187827E+002
    760  1.952757262480749E-006  1.133648679091437E+002
    643  1.948806619864919E-006  1.088529165631816E+002
    340  1.940945775205561E-006  4.203744443197692E+001
    994  1.940220367644896E-006  1.299886393654431E+002
    685  1.917264385102060E-006  1.108208915724099E+002
    732  1.916037861249792E-006  1.124809932511083E+002
    258  1.902940824080320E-006  3.725675246841864E+001
    877  1.893583067115691E-006  1.207635072396237E+002
    880  1.874505433721123E-006  1.209811659012211E+002
    629  1.837551445990207E-006  1.086436456014825E+002
    642  1.766498720693107E-006  1.088349318990273E+002
    990  1.739012094491714E-006  1.297249883032466E+002
    953  1.677460051987633E-006  1.282835790234384E+002
    963  1.674687608082063E-006  1.284456810480366E+002
    270  1.665093555215161E-006  3.767493462479421E+001
    767  1.663921791607563E-006  1.139787538815297E+002
    809  1.646962797693447E-006  1.168273457040169E+002
    111  1.633701395637905E-006  2.891758955889047E+001
    781  1.628544059844113E-006  1.155015502370288E+002
    703  1.612814599262614E-006  1.113359924967504E+002
   1003  1.603250631985168E-006  1.302792324598297E+002
   1065  1.596103296495030E-006  1.340986810838602E+002
    509  1.595198815854395E-006  6.104665142125116E+001
    852  1.551550477613819E-006  1.189308904937423E+002
     56  1.496844470316735E-006  2.577494999028338E+001
   1010  1.486361799576827E-006  1.305150376372933E+002
    668  1.471399533956112E-006  1.098358517134249E+002
    758  1.442982480779592E-006  1.131945788764974E+002
   1040  1.441245665766317E-006  1.318325334098182E+002
    853  1.430902572861379E-006  1.189950762444425E+002
    711  1.409996311760637E-006  1.117833092223069E+002
    648  1.409069484730937E-006  1.089328290594756E+002
    201  1.405466688817810E-006  3.413905621996786E+001
    249  1.397134124749686E-006  3.643158917315001E+001
    469  1.390423516422489E-006  5.857260373695996E+001
    728  1.386008146790981E-006  1.123911467240560E+002
    568  1.350650685629918E-006  1.063884322375297E+002
   1017  1.327867262167703E-006  1.307020085696559E+002
    949  1.306948427358636E-006  1.280833568476082E+002
    863  1.282879467328601E-006  1.194780899982511E+002
    122  1.278175697257997E-006  2.942821875092930E+001
    655  1.277289272536551E-006  1.092114390318620E+002
    638  1.267126043753124E-006  1.087773663504995E+002
    792  1.261771795710378E-006  1.158579110744502E+002
    846  1.248562184530304E-006  1.183733977129572E+002
    982  1.243768045596610E-006  1.293230544301462E+002
    355  1.239424538659845E-006  4.365668409738398E+001
    677  1.230251352830393E-006  1.104103779431708E+002
    915  1.223871934172123E-006  1.261627872997085E+002
    328  1.181547841518609E-006  3.982877398686839E+001
    796  1.169587426167573E-006  1.160406419035091E+002
    651  1.157752071854558E-006  1.090123807306586E+002
    805  1.147765061389504E-006  1.165442309434909E+002
    828  1.145609800185913E-006  1.175132070682912E+002
   1054  1.137998338115334E-006  1.332101619260334E+002
    837  1.121747834129837E-006  1.177814246314451E+002
    764  1.106553029287459E-006  1.137269990775531E+002
    660  1.102312366872290E-006  1.093929129115852E+002
    957  1.091201510734256E-006  1.283224605383935E+002
    999  1.083841724790137E-006  1.301340763851820E+002
    985  1.075048514814010E-006  1.294454523269476E+002
    662  1.001993743381497E-006  1.094304874643061E+002
    978  9.852789268384365E-007  1.291764873003617E+002
    761  9.661151603617075E-007  1.134019555363662E+002
    688  9.628568772477716E-007  1.108652117541332E+002
    814  9.598712354132890E-007  1.170571282096026E+002
    606  9.466346710994947E-007  1.079754075340127E+002
    256  9.439253279875072E-007  3.708485200545782E+001
    860  9.319706998846930E-007  1.193608179742887E+002
    878  9.208631522143424E-007  1.208553192243232E+002
    933  9.177081254546845E-007  1.272967505112425E+002
   1056  9.082471082099236E-007  1.332822863268028E+002
    488  8.613178697754177E-007  5.904214899548738E+001
    859  8.471425633367366E-007  1.193117826572047E+002
    614  8.440864342303195E-007  1.081499604581023E+002
    118  8.411418104925376E-007  2.927665934202001E+001
    644  8.376680224474695E-007  1.088699046594824E+002
    936  8.309231124287546E-007  1.275963114471066E+002
    900  8.208811394051161E-007  1.240255399934555E+002
    534  8.172874810053885E-007  6.352992396574133E+001
    939  8.169417804567083E-007  1.276788938661296E+002
    408  8.020113328406010E-007  5.368647704938994E+001
   1023  7.985073786314486E-007  1.309907545973144E+002
    664  7.803858208805455E-007  1.095868237421283E+002
    753  7.665694828519717E-007  1.130399909728984E+002
    882  7.643242062626023E-007  1.212606419968792E+002
   1011  7.587173278871395E-007  1.305590563134582E+002
    696  7.551761450965173E-007  1.111110130672436E+002
    925  7.466422041762278E-007  1.268943605090481E+002
    653  7.439272698809365E-007  1.090926521840726E+002
    615  7.366198015427488E-007  1.081646255451844E+002
    455  7.193158373746537E-007  5.757818593173593E+001
    888  7.151932110288705E-007  1.215384892766490E+002
    729  7.096314933091078E-007  1.124070412533170E+002
    144  7.033020272332765E-007  3.023024488043693E+001
    920  6.834179759143376E-007  1.265729199247587E+002
   1051  6.714601082540037E-007  1.330173846663143E+002
    876  6.531709611248395E-007  1.207338716680959E+002
    959  6.300440137867615E-007  1.283643788123119E+002
    128  6.281622712498450E-007  2.964876822252022E+001
    931  6.175122432587518E-007  1.272754104030811E+002
    971  6.139721424337290E-007  1.289111652451389E+002
    747  5.891487783320824E-007  1.128221651622354E+002
    798  5.887879912227824E-007  1.161233232814441E+002
    786  5.838461701620397E-007  1.156679892855772E+002
    974  5.788356969694220E-007  1.290391941684268E+002
    961  5.657607480071501E-007  1.283826108536399E+002
    987  5.332823237940616E-007  1.295218650079724E+002
    705  5.244052237705438E-007  1.114879185885843E+002
    776  5.193833313320072E-007  1.150535509847603E+002
    313  5.153344686080735E-007  3.941220320488696E+001
    935  5.146922653156792E-007  1.274477748704804E+002
    173  5.129317114632218E-007  3.267731285541730E+001
    980  4.960140580185815E-007  1.292322903638887E+002
    766  4.730231447151536E-007  1.138313497862233E+002
    946  4.607841939900982E-007  1.279201366409634E+002
    193  4.475419504624789E-007  3.387383688791338E+001
    819  4.474355313499494E-007  1.172617623112352E+002
    906  4.339989422525077E-007  1.253859334012492E+002
    887  4.304420475932523E-007  1.215278324822884E+002
    750  4.290775605986609E-007  1.128980084302201E+002
    823  4.287312709497219E-007  1.173434151863991E+002
    603  4.265631727003625E-007  1.078480909052838E+002
    412  4.234531840012632E-007  5.399327798218789E+001
    693  4.193579445703916E-007  1.110198391814811E+002
    867  4.078490349683354E-007  1.199420338065019E+002
    463  3.996547909841934E-007  5.840368106338346E+001
    811  3.988718164393038E-007  1.169131613251637E+002
    901  3.883850129008589E-007  1.246352700151236E+002
    263  3.746207971303434E-007  3.756851288337069E+001
    726  3.560625489311885E-007  1.123280306605216E+002
    739  3.542200406234648E-007  1.126267264275300E+002
    718  3.487734987952402E-007  1.120307816427976E+002
    941  3.434272026094724E-007  1.277239710636116E+002
    908  3.344094340240424E-007  1.256350992978881E+002
    437  3.314674170431135E-007  5.567668099873953E+001
    993  3.241454671488508E-007  1.299638892136509E+002
   1015  3.208228227875591E-007  1.306693309857935E+002
    856  3.208218011019011E-007  1.192407591408727E+002
   1037  3.056715079515279E-007  1.316166834102353E+002
    127  2.995513357313105E-007  2.958197907168710E+001
    581  2.940862116095236E-007  1.069166383916512E+002
    490  2.926897668727618E-007  5.909746584665749E+001
    736  2.780436193968928E-007  1.125700463249535E+002
    628  2.547100834551223E-007  1.085999071252231E+002
    912  2.383855107090266E-007  1.259977317017505E+002
   1007  2.337864006122247E-007  1.303971511397991E+002
    756  2.287063002477629E-007  1.131019348749128E+002
     77  2.271643893377466E-007  2.720977418778346E+001
    720  2.253283851827761E-007  1.121496181246094E+002
    869  2.253012576720339E-007  1.201465244096069E+002
    996  2.250945418638523E-007  1.300741546440489E+002
    611  2.211122244760607E-007  1.080609110523806E+002
    861  2.196987907823452E-007  1.193618968506130E+002
    834  2.184604638334850E-007  1.176651591794238E+002
    956  2.173256695393568E-007  1.283075816024711E+002
    647  2.146127683005426E-007  1.089204596390746E+002
   1025  2.091587969436919E-007  1.310823101564250E+002
    186  2.034259140009563E-007  3.335079910483972E+001
    857  1.975115424699086E-007  1.192977858717030E+002
    818  1.708265591864121E-007  1.172202887178189E+002
    969  1.707957887084148E-007  1.288232913140608E+002
    914  1.616392902686340E-007  1.261343003660832E+002
   1012  1.567374605162534E-007  1.305860585800326E+002
    279  1.561501108198546E-007  3.776291602598710E+001
    788  1.486381884865623E-007  1.157595566872355E+002
    734  1.443620560366129E-007  1.125227414297757E+002
    363  1.372872899161729E-007  4.523665715266514E+001
    125  1.366679400047626E-007  2.955205187993630E+001
    499  1.361308972299106E-007  6.010190034988052E+001
    864  1.265847579938179E-007  1.195154318953015E+002
   1059  1.189932837141673E-007  1.335352794510990E+002
    335  1.123210427325634E-007  4.064698242871874E+001
     47  1.020625566594166E-007  2.514695584094496E+001
    704  1.017177222215081E-007  1.114088220449556E+002
    620  9.953703398171733E-008  1.083700393844588E+002
    872  9.676312440754050E-008  1.204992644439996E+002
   1058  9.665653470365472E-008  1.334381531708862E+002
    178  9.632281273544501E-008  3.291892583427273E+001
    446  9.342606380358862E-008  5.657515742254393E+001
    801  8.942863131797205E-008  1.162412158177078E+002
    839  8.940161453405534E-008  1.178451551754228E+002
    881  8.119858745142366E-008  1.212001054655417E+002
    598  7.877902058810407E-008  1.077082259858063E+002
    743  7.723400147175834E-008  1.126739704882794E+002
    692  7.659615986023463E-008  1.109991362888409E+002
    337  7.652300240201466E-008  4.125439580477820E+001
    779  7.388998429245294E-008  1.153237642854880E+002
    325  7.208646922639245E-008  3.979678053884171E+001
    928  6.837299018326007E-008  1.271758190169006E+002
    215  6.685938373431257E-008  3.430912489816387E+001
   1030  6.659332802019249E-008  1.313677884464318E+002
    850  6.260675802476560E-008  1.188640670964077E+002
    749  5.645241744084825E-008  1.128862829609149E+002
     45  5.612809567473786E-008  2.505629895200580E+001
    252  4.720407822438737E-008  3.681481496629917E+001
    129  4.576620055630166E-008  2.967722940199728E+001
    439  4.514616339687619E-008  5.581771077364913E+001
    612  4.496546774981487E-008  1.080838271474082E+002
    501  4.451626834530827E-008  6.025540211442135E+001
    443  4.175888853630136E-008  5.615506371008289E+001
    916  3.975470387224615E-008  1.261858055404796E+002
    904  3.654095039640899E-008  1.250437756508075E+002
     17  3.652481073415086E-008  2.091913438766164E+001
    874  3.558401452809367E-008  1.206463359037059E+002
    889  3.196511231707419E-008  1.221096476933091E+002
    841  3.188105395581329E-008  1.180046875638410E+002
    752  3.141245972452597E-008  1.129825416205730E+002
    885  3.078939887568560E-008  1.213849358963692E+002
     52  2.606548455273854E-008  2.532370304309600E+001
    735  2.381783466612502E-008  1.125422257639707E+002
    623  2.025294545961876E-008  1.084311616311891E+002
    240  2.020931234142483E-008  3.568815433410965E+001
    773  1.992204505749019E-008  1.146041296786391E+002
    988  1.971300566413177E-008  1.295230022337254E+002
    740  1.919629807427143E-008  1.126281679605138E+002
    806  1.726632509409777E-008  1.165904998677036E+002
    652  1.722099899600132E-008  1.090805000764319E+002
    965  1.386919531796352E-008  1.286084743618769E+002
    132  1.375975679276335E-008  2.978147182311027E+001
    591  1.130590817523806E-008  1.073970459895217E+002
   1073  1.090530307708843E-008  1.355646294676644E+002
   1019  9.450472278608003E-009  1.307856127904329E+002
    410  8.225428101846861E-009  5.380004782230375E+001
    117  7.805748363774816E-009  2.915145470361619E+001
    775  6.574414211700496E-009  1.149447083106751E+002
    406  6.482660872387529E-009  5.347162595814701E+001
    833  4.614427268014971E-009  1.176450554682990E+002
    986  3.910250933659112E-009  1.294778988001748E+002
    351  3.693957578331739E-009  4.290814690346715E+001
    124  2.763118425205075E-009  2.953039329658957E+001
    373  2.663754942920326E-009  4.573517441489172E+001
    891  2.082314089532921E-009  1.222344606190913E+002
    146  1.847546611341195E-009  3.038455959742199E+001
    840  1.652201215679098E-009  1.179674198090055E+002
    951  1.293528670877495E-009  1.282127111215003E+002
    175  1.271502016175891E-009  3.282740528695558E+001
    701  1.074038357900453E-009  1.112655741498095E+002
    759  1.551836856279593E-010  1.132523759465808E+002
   1002  1.468064985560940E-010  1.301955720736593E+002
    723  1.204703233865888E-010  1.122249597820348E+002
