# Number of modes
   1077
# Tabulated for different initial and final frequencies?
    F
# Mode index, Sj, (highest to lowest), omega_j
    418  2.832751451968481E-002  5.440760214654593E+001
    298  9.669928391457194E-003  3.860785506393049E+001
    539  9.669325276534749E-003  1.004038214764926E+002
    384  8.584705223194907E-003  4.693482184770667E+001
    450  7.808897495327746E-003  5.723022636777802E+001
   1039  7.524923155867599E-003  1.317789778316224E+002
    391  7.513772154473921E-003  4.935295074539214E+001
   1041  7.269091204279106E-003  1.318604688563310E+002
    422  7.044185464291359E-003  5.478392604221921E+001
    392  6.515567413500047E-003  4.975569880244111E+001
    537  6.347756089940923E-003  7.348438751630307E+001
   1045  3.541515034784591E-003  1.322246800166877E+002
    456  3.268354274527607E-003  5.758475825352298E+001
   1050  3.252882506218570E-003  1.326682006609648E+002
    460  3.077875391001452E-003  5.821511818989060E+001
   1047  3.068074195708149E-003  1.324683504365100E+002
   1038  3.004401852872153E-003  1.317153469634680E+002
    552  2.978901824792649E-003  1.045004516183760E+002
    452  2.766639762113352E-003  5.732416656661538E+001
    535  2.635843040909008E-003  7.234684016852472E+001
    419  2.311625476249656E-003  5.447434435004674E+001
   1066  2.198783382835490E-003  1.341339055776214E+002
    426  2.177251260461424E-003  5.521112029631625E+001
    427  2.072743919513381E-003  5.530625255614972E+001
    592  2.064981601545991E-003  1.074010896433819E+002
     65  1.955631180711967E-003  2.645533186342116E+001
    453  1.935802756183523E-003  5.734859743017803E+001
    547  1.917303954137054E-003  1.040413527560943E+002
    393  1.878363306747400E-003  5.117422678475859E+001
    954  1.867489472568614E-003  1.282848493157465E+002
    478  1.857671201802313E-003  5.880478287498814E+001
    459  1.824173288436036E-003  5.797524108925945E+001
    474  1.735615093102139E-003  5.866520048333617E+001
    390  1.668336483713886E-003  4.930034545373515E+001
    491  1.667594749407420E-003  5.916484178919298E+001
    566  1.653429517172571E-003  1.060197199307676E+002
    232  1.652976869584723E-003  3.530982942235851E+001
    448  1.646673896001295E-003  5.707216855561523E+001
    402  1.613564181650166E-003  5.323403324336612E+001
    446  1.612427896879361E-003  5.657515742254393E+001
    538  1.574279029123840E-003  8.801939400846273E+001
    524  1.552555909986209E-003  6.196836567938324E+001
    182  1.542290944369220E-003  3.313118961536368E+001
    299  1.521665884361854E-003  3.861147003050849E+001
    440  1.495751059252732E-003  5.589934491235444E+001
   1062  1.487366361314754E-003  1.338537297016246E+002
    413  1.464581948822814E-003  5.407796767412047E+001
    230  1.414921014406774E-003  3.507000892128892E+001
    291  1.401909058782892E-003  3.834865717601958E+001
   1064  1.376458075158863E-003  1.339182935247794E+002
     14  1.373054149997744E-003  2.047451167645159E+001
      1  1.344028395674821E-003  1.480943860687432E+001
    358  1.338281314076800E-003  4.418411045040358E+001
    405  1.337772663510140E-003  5.340951413863353E+001
    563  1.238194819926623E-003  1.058622417292547E+002
     71  1.220661634020135E-003  2.691074291878593E+001
    519  1.217463898028526E-003  6.116666091909611E+001
    494  1.211541872352927E-003  5.959072402434833E+001
   1033  1.205424647719812E-003  1.314921549657209E+002
    810  1.194990285858516E-003  1.168542717379606E+002
    966  1.166264346602507E-003  1.287120665380274E+002
    445  1.149307970083199E-003  5.650985963977887E+001
   1072  1.146463035270488E-003  1.354275255218108E+002
    108  1.095549712004785E-003  2.884206820739177E+001
    415  1.070809242310325E-003  5.409773008136273E+001
    100  1.062938811921208E-003  2.814590236831992E+001
    477  1.026731716338266E-003  5.875439662154096E+001
    826  1.005176501392053E-003  1.174535409692338E+002
    454  9.989212243613915E-004  5.753531790534946E+001
    593  9.294601046690358E-004  1.074633420950339E+002
    407  9.127325160262602E-004  5.355040632372296E+001
    105  9.095046381237291E-004  2.872870804936272E+001
    768  8.551492368184024E-004  1.140511281344195E+002
    294  8.486977051632133E-004  3.844005427068350E+001
    518  8.233450554524255E-004  6.116565427175681E+001
    383  8.036689850197986E-004  4.665506804468283E+001
    875  7.994313594246235E-004  1.206504418490652E+002
    241  7.945543726229047E-004  3.573178726353736E+001
    991  7.743180372663857E-004  1.298309517843196E+002
    505  7.547815058661225E-004  6.089365906344585E+001
    816  7.236190904192336E-004  1.170854692244173E+002
    967  7.231535666763711E-004  1.287730879251822E+002
    380  7.044936713959604E-004  4.621788456267294E+001
     10  7.013549462430886E-004  1.630017574824609E+001
    102  6.979057340796477E-004  2.838723287464182E+001
    316  6.953362948624552E-004  3.947722492082590E+001
    825  6.751246839993918E-004  1.174155068731360E+002
    290  6.658773383809253E-004  3.834059039797889E+001
    288  6.126733589502417E-004  3.825168870868715E+001
    466  6.097116054924452E-004  5.848631456847294E+001
     80  5.870883945090785E-004  2.737665388114407E+001
    297  5.855771368323565E-004  3.850412000814609E+001
    868  5.847491512955480E-004  1.199994649602093E+002
     57  5.775819708003474E-004  2.601044601303876E+001
      7  5.620142786569029E-004  1.598850297870253E+001
    458  5.613883373421290E-004  5.780961640938520E+001
    822  5.425491959744391E-004  1.173379890193997E+002
   1031  5.423791949047149E-004  1.313824495210718E+002
     91  5.187489173915515E-004  2.795709450840539E+001
    482  5.033733012429298E-004  5.890508639424976E+001
    550  4.941777516309708E-004  1.044255141670578E+002
    302  4.887434274262185E-004  3.874867387838012E+001
    778  4.863086599712062E-004  1.153062331743218E+002
    909  4.852604240787225E-004  1.256671150468244E+002
     17  4.796609340682125E-004  2.091913438766164E+001
    582  4.738390336076568E-004  1.069886979669129E+002
   1053  4.721309161177554E-004  1.331993000158318E+002
    359  4.600813823251893E-004  4.440820660542785E+001
    926  4.516393922078221E-004  1.269935099435139E+002
    386  4.507482820566312E-004  4.778448827008048E+001
   1034  4.359684800961203E-004  1.314975717016592E+002
    844  4.344559327884079E-004  1.182236522024691E+002
    580  4.339420846619163E-004  1.069063882425304E+002
    248  4.336309998448351E-004  3.617742791171408E+001
    180  4.317333233502987E-004  3.306959511625761E+001
    292  4.273902267101976E-004  3.837765227419467E+001
    938  4.250851610526538E-004  1.276246332177813E+002
    873  4.188587738368547E-004  1.205400953636918E+002
    976  4.157097860899862E-004  1.291265023483052E+002
    319  4.089141082031874E-004  3.955367029075058E+001
    442  4.051280456381793E-004  5.605259237502305E+001
    975  3.983431328428322E-004  1.290479361570385E+002
    802  3.965225251643318E-004  1.163074247182627E+002
   1042  3.938011756604654E-004  1.319938555239870E+002
     16  3.936668368391465E-004  2.083990463296455E+001
    928  3.865311615986083E-004  1.271758190169006E+002
    395  3.849508747321222E-004  5.279005865968511E+001
   1036  3.834548790902814E-004  1.315563975924429E+002
    675  3.738509499323376E-004  1.101932688761904E+002
    741  3.711992113923908E-004  1.126383251241469E+002
    245  3.570922624869640E-004  3.584895809931362E+001
     26  3.533388835259930E-004  2.275577786050195E+001
    517  3.496281792829744E-004  6.116283191518230E+001
    831  3.394236582540804E-004  1.175849164822640E+002
    475  3.349577291209652E-004  5.870955367754343E+001
   1067  3.334067161198971E-004  1.341872351276505E+002
   1048  3.251847930346344E-004  1.325281096806480E+002
    485  3.153548401402186E-004  5.896971858223063E+001
    530  3.113718486684160E-004  6.265828803408258E+001
    219  3.101131337822276E-004  3.435584966495736E+001
    727  3.098389783119934E-004  1.123838421661365E+002
    251  3.071729715041923E-004  3.670193646720268E+001
    877  3.068469130010208E-004  1.207635072396237E+002
    548  3.068358747830651E-004  1.041098140943872E+002
    578  3.059463614769438E-004  1.068696587706935E+002
    409  3.044734320548884E-004  5.377950655266745E+001
    911  3.023820764023526E-004  1.258968376271585E+002
    981  2.997245856679933E-004  1.292686845988868E+002
   1013  2.992590217779011E-004  1.306191025791559E+002
    717  2.957844227560401E-004  1.119901298340990E+002
    274  2.927537703441227E-004  3.771469066363962E+001
   1026  2.890077860915478E-004  1.310988308446859E+002
    553  2.879644409909538E-004  1.045844149005738E+002
    968  2.864958134049823E-004  1.287893908307005E+002
    455  2.852963284905855E-004  5.757818593173593E+001
   1069  2.848352768018135E-004  1.347402109836953E+002
      8  2.816581569161113E-004  1.603898235084092E+001
    236  2.781571877122727E-004  3.558504171265294E+001
    570  2.778436026280696E-004  1.064458450110351E+002
      4  2.698294990877351E-004  1.555889535187236E+001
    972  2.675852864043429E-004  1.289491342298440E+002
    795  2.647139457654628E-004  1.159446042090269E+002
     39  2.636803552218754E-004  2.419216907562118E+001
     54  2.632333511011528E-004  2.537118147105558E+001
    771  2.614648070473154E-004  1.142541813627527E+002
    296  2.611111182031680E-004  3.847026909032138E+001
    300  2.607159259254754E-004  3.871033423098082E+001
    527  2.603965986003202E-004  6.211137902133680E+001
    523  2.602867121508782E-004  6.195141091349550E+001
     27  2.602340700050411E-004  2.288948685305089E+001
    724  2.566644937087739E-004  1.122474317356576E+002
    973  2.560196372578134E-004  1.290303348922233E+002
     24  2.541381032797124E-004  2.165827626673025E+001
    507  2.523721903080347E-004  6.098134465730102E+001
    483  2.471304476135789E-004  5.892865432514233E+001
    206  2.409708678016051E-004  3.418711639611698E+001
    842  2.376564887679420E-004  1.180365480395604E+002
     45  2.354804112412470E-004  2.505629895200580E+001
    541  2.352230489748378E-004  1.020561485810812E+002
    863  2.352066146232801E-004  1.194780899982511E+002
    273  2.338414438510925E-004  3.771236202405859E+001
    588  2.320852324305051E-004  1.072780161282308E+002
   1008  2.319136284511785E-004  1.304054287055121E+002
    531  2.317587643668485E-004  6.280622541285696E+001
    760  2.299260248253300E-004  1.133648679091437E+002
     23  2.262666219175182E-004  2.160694502786773E+001
    890  2.256634065117364E-004  1.222269695705770E+002
    836  2.156976700842623E-004  1.177792466123822E+002
    360  2.155922402190521E-004  4.501412031898634E+001
    777  2.109390071995286E-004  1.150636811545726E+002
    341  2.065043644227843E-004  4.207899368185591E+001
    211  1.972964523252618E-004  3.422885497659050E+001
     97  1.954335021247049E-004  2.809615145046481E+001
    667  1.940478686192131E-004  1.098231148083649E+002
    725  1.901957457530695E-004  1.122622575126908E+002
    955  1.897473604369416E-004  1.283043098504922E+002
   1058  1.890007260797620E-004  1.334381531708862E+002
    154  1.886864738985709E-004  3.128025029310897E+001
    854  1.885507067483643E-004  1.190938927222375E+002
    233  1.882013847018523E-004  3.536858076063520E+001
    769  1.879727197624027E-004  1.141494817506874E+002
    186  1.866540483135497E-004  3.335079910483972E+001
    958  1.832291235280057E-004  1.283326337970340E+002
    472  1.811941183243078E-004  5.860732378330380E+001
    964  1.806905255514975E-004  1.284811881676410E+002
    960  1.792839134144874E-004  1.283710541965592E+002
    197  1.779182750947454E-004  3.407091137263039E+001
    279  1.760010582631381E-004  3.776291602598710E+001
    797  1.756694350088910E-004  1.161224071144865E+002
    293  1.755314440010231E-004  3.840315559517953E+001
     21  1.747473764519119E-004  2.149552581175353E+001
    148  1.709237464702477E-004  3.055713011308698E+001
    479  1.701883759080872E-004  5.886156225440574E+001
     37  1.649046739613827E-004  2.413005277682491E+001
    731  1.627681163749764E-004  1.124795031346507E+002
    543  1.559227467220083E-004  1.026098663261161E+002
    504  1.542269923588009E-004  6.073767201700102E+001
    661  1.535813071164936E-004  1.094040232551639E+002
    829  1.535048043991576E-004  1.175434491795728E+002
    546  1.531023057656141E-004  1.038908634804570E+002
    998  1.474184430946863E-004  1.301241144683907E+002
   1006  1.429764143735148E-004  1.303473844140781E+002
     69  1.420178261944662E-004  2.667931486079132E+001
    676  1.411171537122742E-004  1.102968009656115E+002
    117  1.388064338308402E-004  2.915145470361619E+001
    480  1.379515444305391E-004  5.887142017505539E+001
    587  1.378691243327666E-004  1.072564562863978E+002
    497  1.350598280186590E-004  5.984833423050026E+001
    301  1.347722411659306E-004  3.874125966254066E+001
    287  1.346702785360727E-004  3.806334999222836E+001
    135  1.329535110256886E-004  2.990996926970350E+001
    210  1.322991152361719E-004  3.421873300884823E+001
    205  1.311474595659431E-004  3.418138862993963E+001
    532  1.307400574695671E-004  6.299204701993657E+001
    765  1.293021710240095E-004  1.138034732037320E+002
    871  1.290813801230537E-004  1.204638135739833E+002
     98  1.275558742625641E-004  2.810036398063808E+001
    551  1.270337977367958E-004  1.044758850995860E+002
    540  1.265808864506804E-004  1.019596674086986E+002
    398  1.248638850481716E-004  5.298968704937109E+001
    763  1.245492655286428E-004  1.136578287383470E+002
    430  1.242867646021908E-004  5.544226538226409E+001
    414  1.241886548738380E-004  5.408443269732371E+001
   1057  1.231543728518629E-004  1.332882698940204E+002
    489  1.229448986099683E-004  5.906665573291085E+001
    568  1.228077681657078E-004  1.063884322375297E+002
    918  1.216663294191601E-004  1.263810693695273E+002
     70  1.215213608493949E-004  2.683332853591699E+001
     73  1.215159664471045E-004  2.704395448663374E+001
    719  1.200494541180334E-004  1.120361196403708E+002
   1005  1.190266411320472E-004  1.302961950162389E+002
    673  1.187605269816183E-004  1.101090602242966E+002
    937  1.181002832495531E-004  1.275975168353670E+002
    310  1.177050042918638E-004  3.933560718805473E+001
    785  1.174393401527012E-004  1.156515149006221E+002
    343  1.172917849141482E-004  4.223776350771931E+001
   1074  1.165526816170901E-004  1.357832717908243E+002
    421  1.156803036253318E-004  5.469982084171487E+001
    417  1.156610326614603E-004  5.432386496665636E+001
   1001  1.142612200819582E-004  1.301907504163165E+002
   1016  1.139942882429564E-004  1.306784011483153E+002
    119  1.103135716557747E-004  2.929038281335912E+001
    188  1.091338049376962E-004  3.343297855491465E+001
    962  1.085644802988732E-004  1.284190833846668E+002
    970  1.084628479652364E-004  1.288440499253601E+002
     64  1.080837720987859E-004  2.637954322898939E+001
   1071  1.056930153198849E-004  1.353191143310252E+002
    464  1.053968655671691E-004  5.841767339850505E+001
    327  1.052519843672516E-004  3.980649710729982E+001
    992  1.052471690582289E-004  1.299169051159237E+002
   1027  1.036941962004569E-004  1.311414239553258E+002
     38  1.023098821204641E-004  2.415274881711009E+001
    266  1.013570107278926E-004  3.763404507858488E+001
   1021  9.992785285372465E-005  1.308784400027895E+002
    549  9.912322610152523E-005  1.043755820157491E+002
    544  9.881711015165804E-005  1.037287728441322E+002
    988  9.796895842121314E-005  1.295230022337254E+002
    512  9.788129103022034E-005  6.110465593383906E+001
    892  9.725228908627007E-005  1.223146913863671E+002
    895  9.697476855091567E-005  1.231922658586809E+002
    308  9.672099943125833E-005  3.924824416979163E+001
     22  9.501465228718440E-005  2.149928230079738E+001
    983  9.448475888929411E-005  1.293699640118089E+002
    355  9.290444915769944E-005  4.365668409738398E+001
    525  9.170032721883142E-005  6.201689187624501E+001
    213  9.126506750805041E-005  3.426923698719692E+001
     40  9.087130450754547E-005  2.429142631572386E+001
    832  9.078237582088235E-005  1.176150872586579E+002
    258  9.029232958450741E-005  3.725675246841864E+001
    207  9.027238431297678E-005  3.419271829752626E+001
    950  8.956549242396986E-005  1.281356928004739E+002
    617  8.950553661935628E-005  1.082069188907082E+002
    979  8.845336130992695E-005  1.292073280791942E+002
    887  8.574365428516187E-005  1.215278324822884E+002
    919  8.477826956926091E-005  1.264669767465423E+002
     48  8.470641300772870E-005  2.521050943974308E+001
    613  8.402022012722966E-005  1.081325074305931E+002
    311  8.371309465206437E-005  3.939193935233331E+001
     35  8.362700289941953E-005  2.406163852032448E+001
    114  8.266496452672765E-005  2.903390568794284E+001
    654  8.109757305551739E-005  1.091774321289355E+002
    655  8.107336686924524E-005  1.092114390318620E+002
    500  8.024918510543984E-005  6.016266526055261E+001
    285  8.024484944941540E-005  3.794670187788559E+001
    924  7.996487107309759E-005  1.267645350898773E+002
    192  7.992413106403417E-005  3.373139183933635E+001
    267  7.949311744655136E-005  3.763942844703926E+001
    866  7.897678090747842E-005  1.198737679274225E+002
     41  7.809197063424768E-005  2.434332602389209E+001
    157  7.645004214968678E-005  3.136040875348826E+001
    169  7.450138085439464E-005  3.225245008090104E+001
     52  7.437024093710418E-005  2.532370304309600E+001
    934  7.414146278380311E-005  1.274026915475210E+002
     36  7.382360966381656E-005  2.408548968715760E+001
    272  7.319344855413556E-005  3.770876893490352E+001
     18  7.306914116058259E-005  2.124694793769305E+001
    984  7.285589147676553E-005  1.293776492189174E+002
    700  7.179080979210616E-005  1.112187707043413E+002
    120  7.125291967105943E-005  2.935022978395871E+001
    514  7.111590069629340E-005  6.112143562944963E+001
    860  7.072042671664261E-005  1.193608179742887E+002
    585  7.053387580511675E-005  1.071721890576240E+002
    329  7.034549229549631E-005  3.994917835777716E+001
    929  6.980124673173090E-005  1.272324166790593E+002
    554  6.966269064457439E-005  1.048978551747549E+002
    751  6.920578221697140E-005  1.129352725370382E+002
      2  6.909103907582938E-005  1.507477314615795E+001
    249  6.892703864334754E-005  3.643158917315001E+001
    495  6.843054217516213E-005  5.971063876484735E+001
    193  6.836477902419736E-005  3.387383688791338E+001
    356  6.799902036159095E-005  4.399929676237998E+001
    369  6.778438944289747E-005  4.556664797594529E+001
    784  6.683757995569364E-005  1.156115101864969E+002
     31  6.625182079029588E-005  2.349957735236975E+001
     44  6.377462668582851E-005  2.487547588775838E+001
    516  6.258433989651487E-005  6.114879167768425E+001
    942  6.143146288048232E-005  1.277896527703618E+002
    195  6.131439852949414E-005  3.399004655216064E+001
    989  6.060942171740517E-005  1.296856498562064E+002
    315  5.958130744756155E-005  3.946262277995078E+001
    952  5.949926088040024E-005  1.282170243378332E+002
     92  5.943504679610920E-005  2.796966533379813E+001
    289  5.911678138159887E-005  3.832422991649202E+001
    671  5.876185444797880E-005  1.100461630260976E+002
    886  5.850535818823437E-005  1.214498350996194E+002
    783  5.793418858889148E-005  1.155776779712016E+002
     58  5.745827414370911E-005  2.603619761911758E+001
     20  5.730601937742024E-005  2.146722812704134E+001
      5  5.644402758369723E-005  1.580375607842547E+001
    824  5.637052464837262E-005  1.173851057796732E+002
    139  5.635051739157915E-005  3.001327528760398E+001
    884  5.622826836531930E-005  1.212913619330936E+002
    208  5.576613934745874E-005  3.420400517096608E+001
   1020  5.571099692443560E-005  1.308300137670077E+002
    689  5.560733230466593E-005  1.108992280227757E+002
    649  5.476947152348681E-005  1.089557122086210E+002
     51  5.451479404332751E-005  2.527497960196780E+001
    199  5.356710856450424E-005  3.411214171315592E+001
    733  5.271965198112890E-005  1.125211996768446E+002
    151  5.251426344254665E-005  3.097448214004631E+001
    451  5.249316324638656E-005  5.726939793781466E+001
    438  5.215266022908535E-005  5.568774314714533E+001
    716  5.193357175175630E-005  1.119313653155845E+002
     82  5.179846835367231E-005  2.744742479332049E+001
    737  5.173177274614609E-005  1.125716601108342E+002
    853  5.087067649836298E-005  1.189950762444425E+002
    164  5.062560249295301E-005  3.156123118588701E+001
    132  5.034657301050651E-005  2.978147182311027E+001
    321  5.027696949054634E-005  3.959878738143280E+001
    332  4.880574306131934E-005  4.036182328117159E+001
    335  4.809666275134732E-005  4.064698242871874E+001
    694  4.757364759104666E-005  1.110208923005156E+002
    202  4.714960259829429E-005  3.414693728338715E+001
    400  4.712974738296903E-005  5.304406357850599E+001
    155  4.666708977940995E-005  3.129077640287002E+001
    789  4.559874869011763E-005  1.157939903252585E+002
    172  4.529356678851962E-005  3.254695536480502E+001
    865  4.523390088452203E-005  1.195233182598442E+002
     12  4.464762226958695E-005  1.791855268392995E+001
    253  4.456302464955753E-005  3.690338042035397E+001
    780  4.418326548769487E-005  1.153482258688003E+002
     42  4.410409263474839E-005  2.442065503900721E+001
    746  4.406030546056191E-005  1.128150956859242E+002
    399  4.396656994176227E-005  5.300117686152819E+001
    631  4.334151775923869E-005  1.086593678715634E+002
    600  4.308201877430899E-005  1.078192567961393E+002
    262  4.170808594849228E-005  3.754826259370084E+001
    796  4.151835423125929E-005  1.160406419035091E+002
    755  4.028657733277880E-005  1.130537195644052E+002
    385  4.026427530263967E-005  4.744969147605799E+001
    995  4.022735328960739E-005  1.300556822463785E+002
    847  4.015031709628572E-005  1.183795327778256E+002
    161  4.007593492834633E-005  3.141544799468193E+001
    163  3.975620947766574E-005  3.148605603035891E+001
    223  3.890440030601470E-005  3.452101188794168E+001
    510  3.852089006774615E-005  6.106496915014706E+001
    203  3.840296686922935E-005  3.415596231316062E+001
    774  3.833623512687714E-005  1.147299018357027E+002
    326  3.784985387218032E-005  3.980074663620405E+001
    997  3.750576730049341E-005  1.300952728722026E+002
    449  3.699819753923000E-005  5.713782918039372E+001
    576  3.695977235336668E-005  1.068188420241767E+002
    473  3.682471267463195E-005  5.864875851961727E+001
    434  3.670470370215518E-005  5.556859477681133E+001
   1022  3.579367022506845E-005  1.309570316227355E+002
    145  3.556022300267685E-005  3.035386176419680E+001
    515  3.533096556439085E-005  6.113166482037749E+001
     90  3.530835176659669E-005  2.792299487571685E+001
    618  3.518330568344068E-005  1.083041655146542E+002
    376  3.500900267794982E-005  4.578482274843697E+001
    870  3.435951778626054E-005  1.203621491035894E+002
    237  3.433167441041064E-005  3.561350513334219E+001
    222  3.393265294951782E-005  3.444665555523785E+001
    231  3.374278116272196E-005  3.529195130720404E+001
    748  3.327906691603270E-005  1.128453459062848E+002
    268  3.290340249130565E-005  3.765614789507087E+001
    396  3.284069232929658E-005  5.292259014309509E+001
    757  3.226020798087243E-005  1.131455979007981E+002
    344  3.224839525230709E-005  4.229281490750487E+001
    115  3.220597203606091E-005  2.908676806680809E+001
    436  3.212650265230411E-005  5.562240782737462E+001
    493  3.206574766524523E-005  5.956939432616837E+001
    658  3.169654799244090E-005  1.092752908733605E+002
    813  3.160524015377534E-005  1.170211975618395E+002
    377  3.148904003355673E-005  4.580996274485975E+001
     95  3.139132877780230E-005  2.806113631432304E+001
    879  3.135981222776153E-005  1.208628531744268E+002
   1000  3.113779490257693E-005  1.301375093272533E+002
    712  3.095113995771452E-005  1.118479116964762E+002
    666  3.025792575045584E-005  1.096961217429448E+002
    140  3.022331135574309E-005  3.002380690834687E+001
    468  3.021395759177765E-005  5.850419738659161E+001
    365  3.019565605028401E-005  4.540196146988517E+001
    416  3.011103086073644E-005  5.412105627361211E+001
    897  2.960970978388513E-005  1.233154024205701E+002
    374  2.948344380187738E-005  4.576894168844035E+001
    346  2.934087244963692E-005  4.251353138364797E+001
    772  2.918966372981615E-005  1.144444014986270E+002
     81  2.889988803270346E-005  2.737831616504717E+001
    738  2.851565234103483E-005  1.126248828969786E+002
     11  2.831197576570943E-005  1.771447447329438E+001
    708  2.788754794581043E-005  1.116659378913442E+002
    330  2.770233179137795E-005  4.000719691328421E+001
    817  2.768151571502434E-005  1.171745914510001E+002
    706  2.752444828244298E-005  1.115644797142602E+002
    280  2.702998214165978E-005  3.777070006257392E+001
    381  2.673246757270638E-005  4.623753374880091E+001
    698  2.661487517805836E-005  1.111543499618823E+002
    183  2.645864730412241E-005  3.317747871488443E+001
    131  2.618665090401225E-005  2.976719894627799E+001
    254  2.617142431149111E-005  3.696870162494890E+001
    286  2.535005846961201E-005  3.806107114689090E+001
     67  2.527973453257575E-005  2.663955326886673E+001
    953  2.495549318654309E-005  1.282835790234384E+002
    106  2.442402608457383E-005  2.873147041157064E+001
    669  2.420393312352090E-005  1.098991161820264E+002
    204  2.399108971540236E-005  3.416741852472765E+001
    905  2.347459015821822E-005  1.252963463377060E+002
    898  2.336518614759766E-005  1.236287338505038E+002
    201  2.312952330887310E-005  3.413905621996786E+001
    503  2.266064924412642E-005  6.062899617907863E+001
    536  2.265587063117323E-005  7.244369170766353E+001
     53  2.256072496451111E-005  2.532427500710937E+001
    663  2.241213427947071E-005  1.095408569103236E+002
    851  2.236847834904253E-005  1.189105890777936E+002
    116  2.223499029052037E-005  2.910094471225916E+001
     85  2.209365064730921E-005  2.757726243328665E+001
    420  2.205156047527635E-005  5.464265012038360E+001
    843  2.195014900503717E-005  1.181049125326048E+002
    158  2.181381190525297E-005  3.138637587596471E+001
    404  2.176594672378202E-005  5.332919471058649E+001
    226  2.167862617703440E-005  3.460914941435140E+001
    907  2.140994522657628E-005  1.254774984052440E+002
    940  2.136008725123940E-005  1.277053477702196E+002
    803  2.133830611309962E-005  1.163959410830473E+002
    142  2.124317191864640E-005  3.011700635419402E+001
    498  2.101359541138305E-005  6.006055704270973E+001
    533  2.096310891426789E-005  6.344214913117692E+001
    144  2.083772633606337E-005  3.023024488043693E+001
    858  2.063043269195907E-005  1.193043137223610E+002
    820  2.053217566509198E-005  1.173160626674297E+002
    894  1.974926737308873E-005  1.226855190700912E+002
    282  1.947380309238297E-005  3.781601762519486E+001
    367  1.928631149391824E-005  4.546665367422378E+001
    646  1.913254142076259E-005  1.089039652974663E+002
    650  1.912892484727854E-005  1.090061273622073E+002
    793  1.892437983505677E-005  1.158943894419280E+002
    687  1.860291029643878E-005  1.108477970364615E+002
   1060  1.852737761615930E-005  1.336329109810919E+002
    986  1.819805918002947E-005  1.294778988001748E+002
    348  1.786212993938095E-005  4.278252907839931E+001
     74  1.781493412133498E-005  2.706787664592100E+001
    212  1.754278600833258E-005  3.425448747044050E+001
    255  1.737735106237953E-005  3.705801266502003E+001
    138  1.724550410123562E-005  2.998810658959070E+001
    190  1.717512230640636E-005  3.352213579831744E+001
    425  1.715780215243985E-005  5.512885982268182E+001
     89  1.686987739892801E-005  2.787565477396676E+001
    215  1.684535926982437E-005  3.430912489816387E+001
    932  1.671921520752549E-005  1.272890793904072E+002
    721  1.605959263433403E-005  1.121902054803930E+002
    111  1.572894692167430E-005  2.891758955889047E+001
     99  1.551405300108370E-005  2.813215700322161E+001
     43  1.545813152451570E-005  2.485090944939308E+001
    526  1.544274053041660E-005  6.205614154690332E+001
    177  1.540798260252732E-005  3.286305119332699E+001
    364  1.533040339430022E-005  4.528995878587361E+001
   1055  1.518214219745194E-005  1.332315483337306E+002
    921  1.515780546236840E-005  1.266347372507485E+002
    229  1.513633277474324E-005  3.477639317683153E+001
    903  1.490544770026887E-005  1.249295857950171E+002
    101  1.483806039083611E-005  2.816121926613436E+001
    133  1.477959783479680E-005  2.980777525245198E+001
    295  1.472704291622340E-005  3.844649820311862E+001
    742  1.466760337280276E-005  1.126546326383816E+002
     33  1.434134133786540E-005  2.387502434282544E+001
    265  1.405751837667706E-005  3.762418150997995E+001
    189  1.404075413765909E-005  3.348575581421191E+001
    855  1.391520301870944E-005  1.192335282432478E+002
    221  1.378350275240574E-005  3.444064242877499E+001
   1075  1.353575568074850E-005  1.852007864492208E+002
   1044  1.343361771598002E-005  1.320835593454495E+002
    609  1.329225515008723E-005  1.080529774194348E+002
    597  1.282977728221828E-005  1.076362394255561E+002
    194  1.244523886292166E-005  3.388123191050668E+001
    353  1.203970603646008E-005  4.354452657935016E+001
     34  1.202211219911639E-005  2.394870774261297E+001
    821  1.134517396627079E-005  1.173213489801490E+002
    599  1.130310172235959E-005  1.077354408464688E+002
    198  1.122747702400653E-005  3.410095577154824E+001
    522  1.105135895974288E-005  6.189501394570030E+001
     93  1.099554547637152E-005  2.801831476528660E+001
     86  1.097136258931399E-005  2.760340701365068E+001
    511  1.090312129519943E-005  6.108291035790679E+001
    112  1.090163956237964E-005  2.893182478938967E+001
    490  1.083901343098661E-005  5.909746584665749E+001
    246  1.083519470501027E-005  3.612200287477440E+001
    680  1.080261982792263E-005  1.106808485277705E+002
    690  1.078799372906134E-005  1.109553167085971E+002
    397  1.069476709859025E-005  5.292984574180642E+001
   1076  1.053499781021366E-005  1.858411948136732E+002
    508  1.049346852507677E-005  6.101348113010317E+001
    487  1.048599863844315E-005  5.901096182276392E+001
    372  1.048585550986685E-005  4.569660817760900E+001
    109  1.045651434266219E-005  2.888359254004277E+001
    835  1.043368679080736E-005  1.176766134664512E+002
    347  1.008688028332708E-005  4.251894246220620E+001
    338  9.879215925414533E-006  4.143596746217444E+001
   1077  9.542261552965931E-006  6.189178021453241E+002
    317  9.522686383907178E-006  3.952108816795088E+001
    168  9.426250020588386E-006  3.223239881301075E+001
   1018  9.361840772119775E-006  1.307425624046459E+002
    486  9.255117907470451E-006  5.898078655703418E+001
     76  9.237152122391276E-006  2.719040433196805E+001
    410  9.191896556796008E-006  5.380004782230375E+001
    128  9.177908486735444E-006  2.964876822252022E+001
     49  8.967262874190403E-006  2.521926711432687E+001
    830  8.844959003718524E-006  1.175448785112390E+002
    239  8.767740115644705E-006  3.564788119351169E+001
    331  8.599051697122332E-006  4.033978069592825E+001
    322  8.571408275646087E-006  3.962934885257222E+001
    136  8.537389778426586E-006  2.995197020395121E+001
     30  8.484797604076631E-006  2.339033246897357E+001
     63  8.394382253631812E-006  2.633691355837915E+001
    799  8.274078481024870E-006  1.161655148393659E+002
     32  8.140460860619315E-006  2.386019687247388E+001
    749  8.106986890207671E-006  1.128862829609149E+002
    351  8.017268623410656E-006  4.290814690346715E+001
    352  7.994686099902474E-006  4.345183818831803E+001
    103  7.884150048791279E-006  2.854698030319213E+001
    303  7.877118723121685E-006  3.891633174738261E+001
    318  7.283942300889686E-006  3.952690512520030E+001
    559  6.954373514466713E-006  1.054467335457494E+002
    257  6.922529441825427E-006  3.716053985696894E+001
    276  6.907663373827846E-006  3.774173651101562E+001
    240  6.883753444907720E-006  3.568815433410965E+001
    896  6.858425528260653E-006  1.231967026860033E+002
    604  6.806985385631679E-006  1.078901483894559E+002
    336  6.735647665547366E-006  4.106442919982931E+001
    337  6.682399741175076E-006  4.125439580477820E+001
    745  6.664045267924764E-006  1.127541380335163E+002
    278  6.611738883204134E-006  3.775225448216675E+001
    756  6.561132481811844E-006  1.131019348749128E+002
    312  6.411100502651342E-006  3.940338989709551E+001
    382  6.403705183284639E-006  4.661435463500721E+001
    572  6.401540560504922E-006  1.066354688575440E+002
    269  6.372337174108259E-006  3.766609016559832E+001
     55  6.344334891622271E-006  2.564739582447731E+001
    791  6.290424432119637E-006  1.158399885308925E+002
    150  6.281116527383917E-006  3.095380367517388E+001
    621  6.267626089589809E-006  1.083828600305560E+002
    320  6.224720482157373E-006  3.958466091098631E+001
    433  6.186774423465998E-006  5.552394895078822E+001
    710  6.167656569300187E-006  1.117114283703663E+002
     29  6.032159679653020E-006  2.304600720746813E+001
    176  6.017619681556941E-006  3.283702642513862E+001
    678  5.953489976919796E-006  1.105298402911861E+002
     96  5.906913442339927E-006  2.807603105873968E+001
    730  5.824221041920927E-006  1.124678820560711E+002
    187  5.805054207957607E-006  3.338593491458187E+001
     15  5.765216418172580E-006  2.077312965636918E+001
    632  5.738365765090164E-006  1.086732063917954E+002
    848  5.677028247443908E-006  1.185512117490796E+002
    762  5.648372732374166E-006  1.134504722361933E+002
    244  5.634328570175273E-006  3.582009297825139E+001
    305  5.598545609572391E-006  3.919092577852600E+001
   1032  5.581858870902353E-006  1.314270448258869E+002
    143  5.565446589142105E-006  3.021552765862468E+001
    216  5.506946471596904E-006  3.431915233475488E+001
    394  5.466192228550588E-006  5.275338077531283E+001
    837  5.394734760366967E-006  1.177814246314451E+002
    340  5.349741113839850E-006  4.203744443197692E+001
    209  5.316906515747315E-006  3.420776675567321E+001
     62  5.307438557007411E-006  2.630569023157911E+001
    560  5.288801986838867E-006  1.057397922085461E+002
   1029  5.276410444993650E-006  1.312589073638632E+002
    408  5.060929186374437E-006  5.368647704938994E+001
    481  4.964188426357070E-006  5.889564718758225E+001
    623  4.946857991562194E-006  1.084311616311891E+002
     60  4.943824757909776E-006  2.612817271153773E+001
   1052  4.834462149351438E-006  1.330891459743712E+002
     84  4.786525455357248E-006  2.748397341497807E+001
    902  4.763731045646352E-006  1.246861225619736E+002
    977  4.743167061830897E-006  1.291448023039548E+002
    807  4.740954756972724E-006  1.166040027024774E+002
    564  4.736438563727035E-006  1.059223740174141E+002
    457  4.545858061166722E-006  5.770039153165104E+001
    702  4.531996498519721E-006  1.112791472783473E+002
    126  4.527167816573434E-006  2.957864372821811E+001
    944  4.516102696024668E-006  1.278264506290159E+002
    379  4.499904050709056E-006  4.610002508350383E+001
    184  4.435300597321212E-006  3.328145954751520E+001
    467  4.391347326002670E-006  5.850070475174659E+001
    309  4.324516810802424E-006  3.929268620446922E+001
    220  4.240358339461761E-006  3.440936379612124E+001
    218  4.219647390232153E-006  3.434087154455664E+001
    571  4.194500754623527E-006  1.065760725477823E+002
    683  4.162909915873561E-006  1.107854094171573E+002
    118  4.130058892017951E-006  2.927665934202001E+001
     79  4.060665603303933E-006  2.728143790603452E+001
     66  4.041213902774674E-006  2.653041695388611E+001
   1051  3.919693444460927E-006  1.330173846663143E+002
    349  3.909020877498460E-006  4.279212686889406E+001
    243  3.880360127989847E-006  3.580427376176280E+001
    252  3.852452463366127E-006  3.681481496629917E+001
    555  3.792375008040442E-006  1.049505825405343E+002
    476  3.754245048650968E-006  5.874284760292872E+001
     46  3.719516734651316E-006  2.508968851186969E+001
    130  3.701579920929815E-006  2.969026097336859E+001
   1046  3.398179707191495E-006  1.322741703884410E+002
    917  3.385767185630608E-006  1.262583151256411E+002
    378  3.351389586591807E-006  4.609481655347708E+001
    502  3.328263282676238E-006  6.033057478557798E+001
    575  3.282387048480620E-006  1.067636975144964E+002
    134  3.268946782082950E-006  2.989081555609098E+001
    171  3.264407659894742E-006  3.251692712246987E+001
    974  3.187527829924873E-006  1.290391941684268E+002
    281  3.165855876441683E-006  3.778222215271058E+001
    412  3.143969679894300E-006  5.399327798218789E+001
    196  3.075328244091878E-006  3.402217963204272E+001
      3  3.072378537174742E-006  1.530095081680193E+001
    916  3.051879260601080E-006  1.261858055404796E+002
   1011  3.047342927878189E-006  1.305590563134582E+002
    528  3.043745827427127E-006  6.211763689923020E+001
    557  3.031564625686891E-006  1.053298087456868E+002
    513  3.020870364782544E-006  6.111701004965728E+001
    259  2.974959014603000E-006  3.731129763636223E+001
    387  2.962869780798693E-006  4.845493173747810E+001
     50  2.960128413155384E-006  2.524792740229145E+001
    948  2.888274268814931E-006  1.280530341997139E+002
    165  2.852500041618977E-006  3.194792507678593E+001
    639  2.847398769213669E-006  1.087924757147032E+002
    659  2.843039575691125E-006  1.093169473413985E+002
      9  2.786532184469302E-006  1.615282072713023E+001
    943  2.755894706250619E-006  1.278255860865938E+002
    283  2.749910690116108E-006  3.781664732037148E+001
     59  2.689636383223286E-006  2.608228483109795E+001
    573  2.688240273684801E-006  1.066520968004064E+002
     78  2.654786575378112E-006  2.724001953302053E+001
    306  2.653585795020856E-006  3.922583615449084E+001
    697  2.608762710227215E-006  1.111168086390436E+002
    123  2.592129898128395E-006  2.945706723223188E+001
    561  2.579781725902040E-006  1.057823475786052E+002
    185  2.577396970341989E-006  3.329017879350934E+001
    956  2.551419460390789E-006  1.283075816024711E+002
    978  2.547802955745379E-006  1.291764873003617E+002
   1065  2.544048188715094E-006  1.340986810838602E+002
    357  2.520467186948471E-006  4.413715889769129E+001
    584  2.488911934927875E-006  1.071415131646536E+002
    104  2.424918700502627E-006  2.863475114667724E+001
    264  2.216414677087320E-006  3.760740200223662E+001
    401  2.212298209136012E-006  5.310952948046032E+001
    361  2.203070850936723E-006  4.509188248244521E+001
    137  2.151220493658826E-006  2.996307755422044E+001
    238  2.144515536506479E-006  3.562010162214489E+001
    250  2.111850186022116E-006  3.645071914574685E+001
    235  2.082415064702348E-006  3.553329683850696E+001
    534  2.082372847185111E-006  6.352992396574133E+001
    754  2.079693762717750E-006  1.130532912402911E+002
    596  2.059018340362606E-006  1.076305596761092E+002
    611  2.035283793406488E-006  1.080609110523806E+002
    443  1.937343330227751E-006  5.615506371008289E+001
    113  1.931738788612541E-006  2.894608485543543E+001
    492  1.929800548454642E-006  5.919740097208313E+001
    686  1.912214888003816E-006  1.108321598991433E+002
    149  1.906358567855945E-006  3.064428879965062E+001
    366  1.897410321907465E-006  4.541480133184800E+001
    256  1.890495673559085E-006  3.708485200545782E+001
    616  1.870375440477028E-006  1.081902144651443E+002
    339  1.866000278629140E-006  4.199721405536648E+001
    234  1.824191217961728E-006  3.541632958107625E+001
    899  1.806346797784144E-006  1.237750393258326E+002
    838  1.755854420109880E-006  1.178077045912047E+002
     61  1.719412828436555E-006  2.623624111749398E+001
    147  1.685207779687516E-006  3.045498909450352E+001
    739  1.671196617843636E-006  1.126267264275300E+002
   1014  1.647125063967875E-006  1.306579532637773E+002
    363  1.628572819062799E-006  4.523665715266514E+001
    153  1.626949737597390E-006  3.119128674334460E+001
    488  1.614538996279948E-006  5.904214899548738E+001
    936  1.611347779185723E-006  1.275963114471066E+002
    591  1.581990498321864E-006  1.073970459895217E+002
    558  1.561624014427626E-006  1.054235904423783E+002
    411  1.555736175980942E-006  5.390414096058870E+001
    325  1.518890110124369E-006  3.979678053884171E+001
     25  1.507475177810979E-006  2.268285797328677E+001
    922  1.482365018460146E-006  1.267277337836395E+002
    159  1.462202633053557E-006  3.140014259635325E+001
    162  1.461371949813598E-006  3.142013005221356E+001
    874  1.445194669870702E-006  1.206463359037059E+002
    930  1.410114516627379E-006  1.272550109882912E+002
    641  1.408210818663709E-006  1.088136450829588E+002
    324  1.393317602222939E-006  3.965813849875591E+001
    880  1.379822734706735E-006  1.209811659012211E+002
    323  1.374337686365370E-006  3.963162035223775E+001
    845  1.337549686567222E-006  1.182722434309271E+002
    225  1.314063438352375E-006  3.458265676939745E+001
   1068  1.313990757998588E-006  1.342139437973118E+002
     47  1.298668667530892E-006  2.514695584094496E+001
    542  1.277223250932320E-006  1.021380905135569E+002
    636  1.260801115831079E-006  1.087412284437008E+002
    469  1.259471278881303E-006  5.857260373695996E+001
     88  1.223608129244465E-006  2.776495450944637E+001
   1015  1.209360906260785E-006  1.306693309857935E+002
    173  1.207673217539398E-006  3.267731285541730E+001
    607  1.200481413981876E-006  1.079782277499060E+002
    927  1.199031624077010E-006  1.271118445081471E+002
    529  1.169760715517025E-006  6.213305424318654E+001
    982  1.157084723929936E-006  1.293230544301462E+002
    643  1.155760655619141E-006  1.088529165631816E+002
    174  1.141052134926745E-006  3.277024257542895E+001
    565  1.125822924497729E-006  1.059848591127986E+002
    152  1.117380548592759E-006  3.107793476288124E+001
    713  1.101218988098151E-006  1.118750446375970E+002
    403  1.096297717236078E-006  5.332276567118551E+001
    462  1.096025655152324E-006  5.834568949164402E+001
    856  1.084960854654278E-006  1.192407591408727E+002
    333  1.083410861539261E-006  4.050570323460023E+001
   1004  1.059588807022599E-006  1.302828791464404E+002
    122  1.050088391308030E-006  2.942821875092930E+001
    624  1.015997833260145E-006  1.084534043855216E+002
    985  1.015037088311273E-006  1.294454523269476E+002
    812  1.011714194873066E-006  1.169499526914024E+002
    181  9.773379437936805E-007  3.309588236011395E+001
   1070  9.643818077487909E-007  1.350535885837313E+002
    792  9.524258323946177E-007  1.158579110744502E+002
    798  9.436318631002250E-007  1.161233232814441E+002
    790  9.411476459664335E-007  1.158127479939932E+002
    429  9.197008790101341E-007  5.542704693693687E+001
    432  9.045270332044310E-007  5.551253331854516E+001
   1049  8.921200572177540E-007  1.325964910892840E+002
    509  8.858612634574126E-007  6.104665142125116E+001
     83  8.774387982725321E-007  2.745200449399356E+001
    307  8.739036433278095E-007  3.924418415703018E+001
    594  8.632138582296311E-007  1.075267994995216E+002
    545  8.232543867871196E-007  1.038885725205099E+002
    314  8.074534681896639E-007  3.944402428691944E+001
    800  8.060025090231123E-007  1.161811067685375E+002
    424  7.809132958238585E-007  5.504400290817051E+001
    684  7.661477661037615E-007  1.108055531440044E+002
   1040  7.569865737998045E-007  1.318325334098182E+002
    406  7.498547232818541E-007  5.347162595814701E+001
    963  7.367194588849097E-007  1.284456810480366E+002
    350  7.365608286200386E-007  4.287084402122760E+001
    167  7.338933469656442E-007  3.206734480721192E+001
    695  7.286543787677049E-007  1.110404578737834E+002
    200  7.273679856217366E-007  3.413076352937113E+001
    915  7.140857109097500E-007  1.261627872997085E+002
    923  7.077106441145154E-007  1.267345977181097E+002
    567  6.942818214074278E-007  1.061175767374582E+002
    859  6.862126344263477E-007  1.193117826572047E+002
    431  6.860135295017156E-007  5.545822575490884E+001
    951  6.836852511557413E-007  1.282127111215003E+002
    867  6.830997954936458E-007  1.199420338065019E+002
    626  6.807494012998412E-007  1.085197354965440E+002
   1043  6.747463877406811E-007  1.320181582363304E+002
    373  6.710972139208817E-007  4.573517441489172E+001
    437  6.646362996480642E-007  5.567668099873953E+001
    670  6.506561672361078E-007  1.099218253642219E+002
    665  6.454897312034427E-007  1.096195054263975E+002
    501  6.398904195068614E-007  6.025540211442135E+001
    775  6.142603765862416E-007  1.149447083106751E+002
    740  6.124934326617420E-007  1.126281679605138E+002
    961  5.987321651871447E-007  1.283826108536399E+002
    622  5.916424441647577E-007  1.084041586407917E+002
    857  5.864252210687292E-007  1.192977858717030E+002
    577  5.861118847284995E-007  1.068269012623950E+002
    941  5.850191294421458E-007  1.277239710636116E+002
    304  5.818693857576545E-007  3.902642388250331E+001
    999  5.733589939376971E-007  1.301340763851820E+002
    770  5.615888324604299E-007  1.141655133118217E+002
    682  5.612834846549773E-007  1.107795174367904E+002
    906  5.510842133392447E-007  1.253859334012492E+002
    640  5.449758021202507E-007  1.088027953187827E+002
    965  5.388639849944634E-007  1.286084743618769E+002
    959  5.223662951574309E-007  1.283643788123119E+002
    794  5.193209300794749E-007  1.159299755047292E+002
    815  5.186984067286463E-007  1.170844697210597E+002
    980  5.173433085959627E-007  1.292322903638887E+002
   1009  5.164629954675684E-007  1.304609142394732E+002
    388  5.052079344470053E-007  4.916519389587509E+001
    342  5.018536788094405E-007  4.219280462450153E+001
    605  4.986171663641978E-007  1.079476682950407E+002
    270  4.907902456028432E-007  3.767493462479421E+001
    129  4.881738630977877E-007  2.967722940199728E+001
    971  4.831668779123462E-007  1.289111652451389E+002
    668  4.815859587685665E-007  1.098358517134249E+002
   1063  4.727069651567334E-007  1.338610239777397E+002
    808  4.702175828757873E-007  1.166438640424820E+002
     94  4.685371214932566E-007  2.803048707399637E+001
    864  4.678886273907696E-007  1.195154318953015E+002
    750  4.664807507172262E-007  1.128980084302201E+002
   1025  4.643123774712731E-007  1.310823101564250E+002
    945  4.618246318073514E-007  1.278945431870569E+002
     56  4.593044971734947E-007  2.577494999028338E+001
    876  4.560752067515127E-007  1.207338716680959E+002
    949  4.457855612577905E-007  1.280833568476082E+002
     68  4.330666191418718E-007  2.665958995788216E+001
    637  4.233934230530180E-007  1.087708716348475E+002
   1056  4.192776241277731E-007  1.332822863268028E+002
    735  4.169987530676269E-007  1.125422257639707E+002
    635  4.166718283954414E-007  1.087402789130293E+002
    664  4.134247946569964E-007  1.095868237421283E+002
    608  4.022157517749505E-007  1.080310773431174E+002
    766  3.917118395048751E-007  1.138313497862233E+002
   1002  3.896274741349059E-007  1.301955720736593E+002
    428  3.875578055690653E-007  5.539697768550786E+001
   1035  3.863814642021027E-007  1.315022364948826E+002
    674  3.844229246389660E-007  1.101627157855635E+002
    461  3.837723675274617E-007  5.832169084274378E+001
    662  3.802292260135710E-007  1.094304874643061E+002
    883  3.797675128151149E-007  1.212822283474710E+002
    691  3.784702048986103E-007  1.109942746792360E+002
    463  3.769470150910153E-007  5.840368106338346E+001
    224  3.757188278306899E-007  3.456258153743839E+001
    839  3.741645685208647E-007  1.178451551754228E+002
    900  3.660554355755923E-007  1.240255399934555E+002
    634  3.638370691573074E-007  1.087110579745548E+002
    556  3.544218277710014E-007  1.053074591696642E+002
    781  3.507448264722118E-007  1.155015502370288E+002
   1007  3.489904917453964E-007  1.303971511397991E+002
    852  3.432724707515346E-007  1.189308904937423E+002
    562  3.311816749656502E-007  1.058125905236654E+002
    589  3.255008821262191E-007  1.073243551551986E+002
    354  3.082246613462289E-007  4.358717802496741E+001
    679  3.066868476740202E-007  1.106299731616480E+002
    681  3.016377665798324E-007  1.107150530846271E+002
    603  2.997996812640180E-007  1.078480909052838E+002
    496  2.925456561869682E-007  5.977778544840232E+001
    444  2.914602195500156E-007  5.640873014994138E+001
     72  2.887707675887100E-007  2.695844835194747E+001
    586  2.882575505365204E-007  1.072414988471015E+002
    699  2.876991659020656E-007  1.111753891148923E+002
    761  2.767255338523528E-007  1.134019555363662E+002
    660  2.750024244405269E-007  1.093929129115852E+002
    107  2.745473092488937E-007  2.880093649968087E+001
    601  2.728749659512571E-007  1.078222216339937E+002
    569  2.717107709773589E-007  1.064024371239422E+002
    809  2.691470963086894E-007  1.168273457040169E+002
      6  2.679730400066370E-007  1.593905863128156E+001
    933  2.661076383422617E-007  1.272967505112425E+002
    723  2.635972594324310E-007  1.122249597820348E+002
   1037  2.633759607771405E-007  1.316166834102353E+002
     77  2.610719102809199E-007  2.720977418778346E+001
    375  2.584554420941660E-007  4.577921754207221E+001
    595  2.579711503296461E-007  1.075727311228692E+002
    743  2.527944814405052E-007  1.126739704882794E+002
    656  2.509688797347156E-007  1.092383325553483E+002
    728  2.502416872837189E-007  1.123911467240560E+002
    247  2.414987655307368E-007  3.613855018049320E+001
     87  2.354094386869349E-007  2.773505635732142E+001
    882  2.335556500795326E-007  1.212606419968792E+002
    904  2.323806670187036E-007  1.250437756508075E+002
    124  2.311766990329500E-007  2.953039329658957E+001
    764  2.309045716552598E-007  1.137269990775531E+002
    993  2.256977440547331E-007  1.299638892136509E+002
    612  2.239896313950607E-007  1.080838271474082E+002
     28  2.174770107255932E-007  2.303576073275412E+001
    747  2.149052380234246E-007  1.128221651622354E+002
     19  2.148197780043403E-007  2.137958735177528E+001
    722  2.121009892151592E-007  1.121989232781130E+002
    170  2.046927568599393E-007  3.240864442722207E+001
    672  1.994948055881665E-007  1.100523893058521E+002
    141  1.992558635752407E-007  3.005205957969120E+001
    614  1.948900782365437E-007  1.081499604581023E+002
    127  1.944587498859989E-007  2.958197907168710E+001
    759  1.871149968241952E-007  1.132523759465808E+002
    819  1.856689778358819E-007  1.172617623112352E+002
   1003  1.841002725554620E-007  1.302792324598297E+002
    125  1.835946986593556E-007  2.955205187993630E+001
    121  1.802778934474348E-007  2.937009161569695E+001
    648  1.734481194481690E-007  1.089328290594756E+002
    625  1.687352685209845E-007  1.084878781680722E+002
    732  1.667252039229889E-007  1.124809932511083E+002
    633  1.622485686633324E-007  1.086770367044967E+002
    786  1.621264098678068E-007  1.156679892855772E+002
    827  1.588661428363352E-007  1.174913134466901E+002
    642  1.571549218108396E-007  1.088349318990273E+002
    878  1.555537258276949E-007  1.208553192243232E+002
    893  1.545928879808135E-007  1.225899968537864E+002
    693  1.535489158244229E-007  1.110198391814811E+002
    996  1.498023934446722E-007  1.300741546440489E+002
    506  1.482686071172054E-007  6.092479484159845E+001
    696  1.394566426477525E-007  1.111110130672436E+002
    260  1.372510403763888E-007  3.745846822965304E+001
    849  1.338821215434207E-007  1.186556798515274E+002
    334  1.334783218502878E-007  4.055961280242965E+001
    652  1.331963915318935E-007  1.090805000764319E+002
   1073  1.328086387047491E-007  1.355646294676644E+002
    841  1.307328579131764E-007  1.180046875638410E+002
    630  1.284621845788527E-007  1.086464564510315E+002
    146  1.240487944630964E-007  3.038455959742199E+001
    441  1.230692460507820E-007  5.602297434426368E+001
    910  1.221913716920666E-007  1.258349422363612E+002
    389  1.219436326009296E-007  4.924612888004685E+001
    261  1.207490410208630E-007  3.751537038816641E+001
    861  1.204436407836883E-007  1.193618968506130E+002
    521  1.192934044372081E-007  6.120499406654021E+001
    191  1.181266387552210E-007  3.372798248811258E+001
    901  1.177677746360395E-007  1.246352700151236E+002
    736  1.172625918698937E-007  1.125700463249535E+002
    371  1.164147922196632E-007  4.567834615857563E+001
    214  1.163258590114295E-007  3.429158842681225E+001
    806  1.116078543186919E-007  1.165904998677036E+002
    228  1.078798723715493E-007  3.465329128304563E+001
    811  1.024495237925031E-007  1.169131613251637E+002
    913  9.881681438491143E-008  1.260963173315474E+002
     13  9.753485277634880E-008  2.038781372204352E+001
    227  9.636551206946020E-008  3.461221107986133E+001
    833  9.619776114076722E-008  1.176450554682990E+002
    579  9.580602342909061E-008  1.068810185812333E+002
    619  9.294482906662977E-008  1.083262496248409E+002
    709  9.049142995270057E-008  1.116986555393093E+002
    801  8.920489038036160E-008  1.162412158177078E+002
    726  8.905908673853131E-008  1.123280306605216E+002
    242  8.771534055479540E-008  3.575330164903793E+001
    818  8.711368408957536E-008  1.172202887178189E+002
    435  8.460338910161665E-008  5.559833163642786E+001
    718  8.422005603890583E-008  1.120307816427976E+002
    804  8.295957703968692E-008  1.164307012054320E+002
   1017  8.287591516713944E-008  1.307020085696559E+002
    881  8.263779926505237E-008  1.212001054655417E+002
    657  8.113566341233152E-008  1.092680437977900E+002
    610  7.958711653401304E-008  1.080548791140610E+002
    714  7.810196306083787E-008  1.118865310298163E+002
    703  7.733476971047349E-008  1.113359924967504E+002
    935  7.710445656081215E-008  1.274477748704804E+002
    931  7.580685441845552E-008  1.272754104030811E+002
    707  7.526314463557989E-008  1.116484954290111E+002
    590  7.144618182065915E-008  1.073381491314167E+002
    872  6.862177134764197E-008  1.204992644439996E+002
   1030  6.645735620340434E-008  1.313677884464318E+002
    947  6.581185933994949E-008  1.280025795512814E+002
    834  6.381208987762111E-008  1.176651591794238E+002
    946  6.275418525928294E-008  1.279201366409634E+002
    651  6.220590831738385E-008  1.090123807306586E+002
    628  6.209937539543956E-008  1.085999071252231E+002
    647  6.141084158494522E-008  1.089204596390746E+002
    581  5.823279457819580E-008  1.069166383916512E+002
    685  5.819467880568617E-008  1.108208915724099E+002
    447  5.527654140760507E-008  5.692641404400948E+001
    891  5.097539697529997E-008  1.222344606190913E+002
    752  5.061081413903988E-008  1.129825416205730E+002
    313  4.989919604939576E-008  3.941220320488696E+001
    598  4.901001323515169E-008  1.077082259858063E+002
    692  4.776336007916261E-008  1.109991362888409E+002
    110  4.534752073407281E-008  2.890337161783228E+001
    734  4.295581313021090E-008  1.125227414297757E+002
    423  4.183450337147780E-008  5.491452382822700E+001
   1023  3.949876577414039E-008  1.309907545973144E+002
    767  3.873743524058634E-008  1.139787538815297E+002
    805  3.827926974755433E-008  1.165442309434909E+002
    994  3.711305756944142E-008  1.299886393654431E+002
   1059  3.695378628309467E-008  1.335352794510990E+002
    602  3.561648426407154E-008  1.078335831208874E+002
    277  3.368720048384236E-008  3.774405278528796E+001
    275  3.322510377412879E-008  3.771871208633355E+001
    869  3.305102875662203E-008  1.201465244096069E+002
    645  3.198582947232616E-008  1.088758352374567E+002
   1010  3.189894719470969E-008  1.305150376372933E+002
    914  3.024315423274072E-008  1.261343003660832E+002
    814  2.922965619143474E-008  1.170571282096026E+002
    711  2.909417681448576E-008  1.117833092223069E+002
    828  2.881116204191418E-008  1.175132070682912E+002
    166  2.849803759452482E-008  3.197534022905977E+001
    217  2.725020237678617E-008  3.432077633458158E+001
    520  2.601366790235990E-008  6.117519869664547E+001
    368  2.593573257482574E-008  4.552075151204606E+001
    939  2.575945326924636E-008  1.276788938661296E+002
    627  2.574016710147340E-008  1.085359599099982E+002
    370  2.529928212373135E-008  4.562254251008403E+001
    850  2.372672078205576E-008  1.188640670964077E+002
    470  2.264485275256049E-008  5.858950887133865E+001
    615  2.259641158599737E-008  1.081646255451844E+002
    653  2.240831080568724E-008  1.090926521840726E+002
    773  2.215608611475907E-008  1.146041296786391E+002
   1024  2.205424458305301E-008  1.310472886139475E+002
    758  2.203838129605670E-008  1.131945788764974E+002
    156  2.159764045304079E-008  3.133959801814033E+001
    987  2.008855281072759E-008  1.295218650079724E+002
    969  1.956841022425658E-008  1.288232913140608E+002
    439  1.575625372282209E-008  5.581771077364913E+001
    787  1.526865414005539E-008  1.157066821730262E+002
    862  1.513592935527997E-008  1.194326389788892E+002
    484  1.504505095351350E-008  5.894622531819898E+001
    990  1.479340445418749E-008  1.297249883032466E+002
    284  1.425424470237847E-008  3.794002386601017E+001
    744  1.360302303039428E-008  1.127340165661099E+002
    178  1.076728326812070E-008  3.291892583427273E+001
    701  1.073765694298431E-008  1.112655741498095E+002
    629  1.047113748431893E-008  1.086436456014825E+002
    957  9.617827507184530E-009  1.283224605383935E+002
    912  9.315435813030571E-009  1.259977317017505E+002
    729  8.369871819128992E-009  1.124070412533170E+002
    465  7.885009775679307E-009  5.845233409136720E+001
    688  7.134015425897507E-009  1.108652117541332E+002
    583  7.048188159072204E-009  1.070323413352247E+002
    175  7.047120739658533E-009  3.282740528695558E+001
    620  6.447498966241009E-009  1.083700393844588E+002
    644  6.023127663050365E-009  1.088699046594824E+002
    720  5.968504793639242E-009  1.121496181246094E+002
    499  5.912679925062582E-009  6.010190034988052E+001
    345  5.329220193323787E-009  4.248475366295001E+001
    823  5.301284297563783E-009  1.173434151863991E+002
    779  4.739156826223556E-009  1.153237642854880E+002
    782  4.225256846038049E-009  1.155663554633046E+002
   1054  4.055694846932643E-009  1.332101619260334E+002
    846  3.285501529369219E-009  1.183733977129572E+002
    271  3.077196507672994E-009  3.769377629908810E+001
   1028  3.066868875941735E-009  1.312419762585663E+002
   1012  2.580356336707110E-009  1.305860585800326E+002
    920  2.549871511873859E-009  1.265729199247587E+002
     75  2.298946441273958E-009  2.717284531466260E+001
    677  2.221797602197596E-009  1.104103779431708E+002
    705  2.114962062732079E-009  1.114879185885843E+002
    889  2.096440625347258E-009  1.221096476933091E+002
    776  2.039207580796351E-009  1.150535509847603E+002
    362  1.668179484645376E-009  4.520209191521082E+001
    753  1.360107451304005E-009  1.130399909728984E+002
    471  1.154570072768190E-009  5.859921299406331E+001
    160  1.074804196186255E-009  3.140287364756382E+001
    179  1.066263713135813E-009  3.301071504933698E+001
    704  3.959646866163195E-010  1.114088220449556E+002
    263  2.813238773852441E-010  3.756851288337069E+001
   1019  2.028367980332244E-010  1.307856127904329E+002
    638  1.413176020794077E-010  1.087773663504995E+002
    788  9.117716556032265E-011  1.157595566872355E+002
   1061  8.176342374034842E-011  1.338239896777959E+002
    908  7.922749701683268E-011  1.256350992978881E+002
    606  6.975862077338710E-011  1.079754075340127E+002
    840  5.718058374636489E-011  1.179674198090055E+002
    328  4.993298520932859E-011  3.982877398686839E+001
    925  3.435216779874766E-011  1.268943605090481E+002
    885  1.212247777242062E-011  1.213849358963692E+002
    888  3.457772887257505E-012  1.215384892766490E+002
    715  2.698147002489691E-012  1.119122168057061E+002
    574  2.419951223958851E-012  1.067089856517616E+002
