# Number of modes
   1077
# Tabulated for different initial and final frequencies?
    F
# Mode index, Sj, (highest to lowest), omega_j
    547  1.339579858994339E-002  1.040413527560943E+002
    386  7.640114636336906E-003  4.778448827008048E+001
    151  6.875650601145531E-003  3.097448214004631E+001
   1072  5.074853619265429E-003  1.354275255218108E+002
   1074  5.068522351411023E-003  1.357832717908243E+002
    566  4.045741953762796E-003  1.060197199307676E+002
    248  3.849353347854331E-003  3.617742791171408E+001
    393  3.640948511696086E-003  5.117422678475859E+001
      7  3.299359437083620E-003  1.598850297870253E+001
    539  3.091061157607960E-003  1.004038214764926E+002
     35  2.812610269795878E-003  2.406163852032448E+001
    358  2.243552717031713E-003  4.418411045040358E+001
    413  2.217390002111107E-003  5.407796767412047E+001
    163  1.909998211890161E-003  3.148605603035891E+001
     37  1.840205553603903E-003  2.413005277682491E+001
     23  1.753477583692987E-003  2.160694502786773E+001
    425  1.742243042518071E-003  5.512885982268182E+001
      8  1.650911581558019E-003  1.603898235084092E+001
    563  1.649899288158938E-003  1.058622417292547E+002
    402  1.637333731882143E-003  5.323403324336612E+001
    398  1.585871120497331E-003  5.298968704937109E+001
    103  1.570243150248631E-003  2.854698030319213E+001
    535  1.565697327770564E-003  7.234684016852472E+001
      2  1.558625216991544E-003  1.507477314615795E+001
    110  1.554589789065859E-003  2.890337161783228E+001
    464  1.516248888444598E-003  5.841767339850505E+001
    232  1.469240491253619E-003  3.530982942235851E+001
     27  1.468863852865539E-003  2.288948685305089E+001
    230  1.457523903327677E-003  3.507000892128892E+001
    198  1.410596920584110E-003  3.410095577154824E+001
   1071  1.369939416637862E-003  1.353191143310252E+002
    396  1.356687190270758E-003  5.292259014309509E+001
    418  1.330397243808984E-003  5.440760214654593E+001
     24  1.328951272242535E-003  2.165827626673025E+001
    346  1.274257495925266E-003  4.251353138364797E+001
   1053  1.273685148719155E-003  1.331993000158318E+002
    223  1.257749984635814E-003  3.452101188794168E+001
    755  1.230595449487402E-003  1.130537195644052E+002
    344  1.228216137643946E-003  4.229281490750487E+001
    298  1.225204572656078E-003  3.860785506393049E+001
   1069  1.195551145535815E-003  1.347402109836953E+002
    538  1.143818957140831E-003  8.801939400846273E+001
     38  1.070790042146946E-003  2.415274881711009E+001
    546  1.067977398550993E-003  1.038908634804570E+002
    213  1.026016552089465E-003  3.426923698719692E+001
    148  1.016167458533456E-003  3.055713011308698E+001
   1024  9.038446948738357E-004  1.310472886139475E+002
    108  8.808206883108694E-004  2.884206820739177E+001
    114  8.743970274882148E-004  2.903390568794284E+001
    245  8.521491643014490E-004  3.584895809931362E+001
   1045  8.297778538150703E-004  1.322246800166877E+002
   1047  8.084150916798881E-004  1.324683504365100E+002
    115  8.020185720041441E-004  2.908676806680809E+001
    419  8.011988429920164E-004  5.447434435004674E+001
    152  7.883801720684798E-004  3.107793476288124E+001
    160  7.437791743164256E-004  3.140287364756382E+001
    559  7.323066964444130E-004  1.054467335457494E+002
    154  7.228295173836264E-004  3.128025029310897E+001
     64  7.217095001287753E-004  2.637954322898939E+001
    544  7.149610103388844E-004  1.037287728441322E+002
    157  7.049027923133574E-004  3.136040875348826E+001
    210  7.040465613133455E-004  3.421873300884823E+001
    409  6.825813059512792E-004  5.377950655266745E+001
    551  6.441926283131210E-004  1.044758850995860E+002
    422  6.212244511454696E-004  5.478392604221921E+001
    397  6.170480965609508E-004  5.292984574180642E+001
    241  6.044387014233402E-004  3.573178726353736E+001
    254  6.029829505098947E-004  3.696870162494890E+001
    120  5.879486442286028E-004  2.935022978395871E+001
    400  5.804646931003022E-004  5.304406357850599E+001
     65  5.792102535440120E-004  2.645533186342116E+001
    762  5.716523548477683E-004  1.134504722361933E+002
     18  5.698622380271336E-004  2.124694793769305E+001
    343  5.673792958923437E-004  4.223776350771931E+001
   1070  5.627799871435736E-004  1.350535885837313E+002
    404  5.614454351276361E-004  5.332919471058649E+001
    359  5.597438846620770E-004  4.440820660542785E+001
    549  5.475452950451983E-004  1.043755820157491E+002
    462  5.302358653784320E-004  5.834568949164402E+001
    211  5.253989097905397E-004  3.422885497659050E+001
    399  5.117212875064691E-004  5.300117686152819E+001
    554  5.116966689051335E-004  1.048978551747549E+002
    340  5.088053031760741E-004  4.203744443197692E+001
    333  5.040144128330308E-004  4.050570323460023E+001
    251  5.021868654504553E-004  3.670193646720268E+001
    403  4.755071758303075E-004  5.332276567118551E+001
     58  4.616405590847684E-004  2.603619761911758E+001
    299  4.575390368078583E-004  3.861147003050849E+001
    193  4.525369956066669E-004  3.387383688791338E+001
    253  4.435759146740197E-004  3.690338042035397E+001
    119  4.431621157245051E-004  2.929038281335912E+001
    411  4.428709827707834E-004  5.390414096058870E+001
    197  4.345198571669764E-004  3.407091137263039E+001
    395  4.319066326470407E-004  5.279005865968511E+001
    576  4.312652228366861E-004  1.068188420241767E+002
    421  4.280971964102587E-004  5.469982084171487E+001
    258  4.151405735920172E-004  3.725675246841864E+001
   1055  4.042576716109343E-004  1.332315483337306E+002
    378  4.029549538538354E-004  4.609481655347708E+001
    384  3.999345236983479E-004  4.693482184770667E+001
    279  3.998490133820452E-004  3.776291602598710E+001
    479  3.989256774728815E-004  5.886156225440574E+001
    492  3.985219673548051E-004  5.919740097208313E+001
    356  3.931818520353909E-004  4.399929676237998E+001
    335  3.868229032515501E-004  4.064698242871874E+001
    415  3.735776794519131E-004  5.409773008136273E+001
    302  3.708516809202452E-004  3.874867387838012E+001
    206  3.653733227953775E-004  3.418711639611698E+001
    568  3.525299229037040E-004  1.063884322375297E+002
    272  3.523448765490455E-004  3.770876893490352E+001
    166  3.511680413056826E-004  3.197534022905977E+001
    483  3.471437764046917E-004  5.892865432514233E+001
      5  3.434179684545083E-004  1.580375607842547E+001
    300  3.378791477286922E-004  3.871033423098082E+001
    426  3.238720550063819E-004  5.521112029631625E+001
     31  3.208162576110519E-004  2.349957735236975E+001
    472  3.186332419258449E-004  5.860732378330380E+001
    503  3.115015968109288E-004  6.062899617907863E+001
    329  3.080552652316818E-004  3.994917835777716E+001
    180  3.000749325385308E-004  3.306959511625761E+001
    495  2.997004855705155E-004  5.971063876484735E+001
    207  2.986631481585040E-004  3.419271829752626E+001
    165  2.980088576152189E-004  3.194792507678593E+001
     21  2.954471519408794E-004  2.149552581175353E+001
    897  2.939816040098564E-004  1.233154024205701E+002
    742  2.911311271612841E-004  1.126546326383816E+002
    247  2.905407835011435E-004  3.613855018049320E+001
    192  2.852300730475044E-004  3.373139183933635E+001
     20  2.826903641532465E-004  2.146722812704134E+001
    212  2.825938016450054E-004  3.425448747044050E+001
    280  2.808441130238897E-004  3.777070006257392E+001
    507  2.766984432565453E-004  6.098134465730102E+001
    570  2.766314814909293E-004  1.064458450110351E+002
    303  2.727494131100466E-004  3.891633174738261E+001
   1027  2.702763402626794E-004  1.311414239553258E+002
    453  2.693254117002699E-004  5.734859743017803E+001
   1041  2.656693136490130E-004  1.318604688563310E+002
    374  2.640495690609039E-004  4.576894168844035E+001
    536  2.589742362138293E-004  7.244369170766353E+001
    330  2.551827415343838E-004  4.000719691328421E+001
      4  2.548843077964916E-004  1.555889535187236E+001
    609  2.486853447906444E-004  1.080529774194348E+002
    341  2.452015091167927E-004  4.207899368185591E+001
    222  2.440752672914299E-004  3.444665555523785E+001
    530  2.423465229503725E-004  6.265828803408258E+001
    297  2.415569161534490E-004  3.850412000814609E+001
    658  2.390313508254394E-004  1.092752908733605E+002
    760  2.377432706552224E-004  1.133648679091437E+002
    407  2.328863810806711E-004  5.355040632372296E+001
    763  2.289548158923166E-004  1.136578287383470E+002
   1033  2.214215967460604E-004  1.314921549657209E+002
    100  2.147198146499736E-004  2.814590236831992E+001
    229  2.133942694287079E-004  3.477639317683153E+001
    126  2.129955057652136E-004  2.957864372821811E+001
    293  2.097813103146486E-004  3.840315559517953E+001
     85  2.039310092153654E-004  2.757726243328665E+001
    500  2.037569542636957E-004  6.016266526055261E+001
    318  2.028101634737767E-004  3.952690512520030E+001
    504  2.023098403303400E-004  6.073767201700102E+001
    164  1.939490957799512E-004  3.156123118588701E+001
    975  1.938165751337611E-004  1.290479361570385E+002
    587  1.916869298583388E-004  1.072564562863978E+002
    273  1.916274797541818E-004  3.771236202405859E+001
    186  1.906184361962566E-004  3.335079910483972E+001
    756  1.887606240238247E-004  1.131019348749128E+002
    466  1.867532327585975E-004  5.848631456847294E+001
    226  1.867153880217496E-004  3.460914941435140E+001
    244  1.863996387941108E-004  3.582009297825139E+001
    367  1.857742093601333E-004  4.546665367422378E+001
    730  1.852727030126197E-004  1.124678820560711E+002
    142  1.847523134293811E-004  3.011700635419402E+001
    182  1.794607205667040E-004  3.313118961536368E+001
   1060  1.784058263720577E-004  1.336329109810919E+002
     11  1.759229452216027E-004  1.771447447329438E+001
    301  1.752407036791956E-004  3.874125966254066E+001
    215  1.739845584217863E-004  3.430912489816387E+001
    255  1.724428405928916E-004  3.705801266502003E+001
    468  1.717666073439136E-004  5.850419738659161E+001
    256  1.703376164069940E-004  3.708485200545782E+001
     42  1.687713975491958E-004  2.442065503900721E+001
   1042  1.684901987824307E-004  1.319938555239870E+002
    249  1.676430300039154E-004  3.643158917315001E+001
     29  1.608326094057342E-004  2.304600720746813E+001
     36  1.607925741123576E-004  2.408548968715760E+001
    172  1.572820888915884E-004  3.254695536480502E+001
    604  1.567575293804233E-004  1.078901483894559E+002
    125  1.548471316227613E-004  2.955205187993630E+001
    430  1.530125088577831E-004  5.544226538226409E+001
    296  1.522903626063738E-004  3.847026909032138E+001
    659  1.521798082069386E-004  1.093169473413985E+002
    467  1.516231752156171E-004  5.850070475174659E+001
    205  1.461943734172196E-004  3.418138862993963E+001
    602  1.461737752225268E-004  1.078335831208874E+002
    231  1.457883189287549E-004  3.529195130720404E+001
     79  1.457403497244567E-004  2.728143790603452E+001
    902  1.437711845466484E-004  1.246861225619736E+002
     10  1.437272303613039E-004  1.630017574824609E+001
    487  1.415384177523752E-004  5.901096182276392E+001
    797  1.410736412860007E-004  1.161224071144865E+002
    141  1.388219739819845E-004  3.005205957969120E+001
    202  1.372389715123615E-004  3.414693728338715E+001
    717  1.364111273975230E-004  1.119901298340990E+002
   1052  1.359973047138668E-004  1.330891459743712E+002
    973  1.356129533777319E-004  1.290303348922233E+002
    347  1.331671271846134E-004  4.251894246220620E+001
   1075  1.320388560446915E-004  1.852007864492208E+002
    218  1.306346720809041E-004  3.434087154455664E+001
    380  1.286132166684003E-004  4.621788456267294E+001
   1013  1.267811542541065E-004  1.306191025791559E+002
   1076  1.264802007194949E-004  1.858411948136732E+002
     95  1.262434857592521E-004  2.806113631432304E+001
    270  1.261419720976580E-004  3.767493462479421E+001
    111  1.260641744241473E-004  2.891758955889047E+001
    540  1.243649685632932E-004  1.019596674086986E+002
    494  1.223721417022175E-004  5.959072402434833E+001
    772  1.220494512227687E-004  1.144444014986270E+002
     66  1.211401361212442E-004  2.653041695388611E+001
     44  1.200241302623403E-004  2.487547588775838E+001
    266  1.199002151592716E-004  3.763404507858488E+001
     92  1.192175754970276E-004  2.796966533379813E+001
    848  1.185441280569830E-004  1.185512117490796E+002
    392  1.153926137481149E-004  4.975569880244111E+001
     97  1.153356348585993E-004  2.809615145046481E+001
    738  1.140884518162499E-004  1.126248828969786E+002
    236  1.136471075057725E-004  3.558504171265294E+001
   1001  1.112084156242365E-004  1.301907504163165E+002
    102  1.098762644082003E-004  2.838723287464182E+001
    349  1.080646559603338E-004  4.279212686889406E+001
    158  1.078450348611926E-004  3.138637587596471E+001
   1062  1.073586372633933E-004  1.338537297016246E+002
     55  1.039389578121905E-004  2.564739582447731E+001
    319  1.024542268290210E-004  3.955367029075058E+001
    446  1.011581790263193E-004  5.657515742254393E+001
     91  9.876125616002510E-005  2.795709450840539E+001
     71  9.775132690325548E-005  2.691074291878593E+001
    725  9.746681917103918E-005  1.122622575126908E+002
     16  9.602322561570670E-005  2.083990463296455E+001
   1009  9.522035233702670E-005  1.304609142394732E+002
    588  9.518338801994098E-005  1.072780161282308E+002
   1057  9.474990637760437E-005  1.332882698940204E+002
    337  9.447011834379620E-005  4.125439580477820E+001
    131  9.406391679809957E-005  2.976719894627799E+001
    385  9.242912122154213E-005  4.744969147605799E+001
     57  9.202642503362940E-005  2.601044601303876E+001
     33  9.107004004059892E-005  2.387502434282544E+001
    485  9.029475195313160E-005  5.896971858223063E+001
    976  8.946505596710119E-005  1.291265023483052E+002
    613  8.888509351663870E-005  1.081325074305931E+002
    145  8.816419351586696E-005  3.035386176419680E+001
    580  8.752409341081108E-005  1.069063882425304E+002
    360  8.736312504774458E-005  4.501412031898634E+001
    294  8.605447351407548E-005  3.844005427068350E+001
    312  8.481309177668470E-005  3.940338989709551E+001
    106  8.479313420102158E-005  2.873147041157064E+001
    706  8.430631758053543E-005  1.115644797142602E+002
    572  8.355826219160383E-005  1.066354688575440E+002
    405  8.282975949196628E-005  5.340951413863353E+001
    364  8.213128326745820E-005  4.528995878587361E+001
    868  8.111813627517600E-005  1.199994649602093E+002
    133  8.055149076155831E-005  2.980777525245198E+001
    150  8.050767248374558E-005  3.095380367517388E+001
    199  8.041530970267333E-005  3.411214171315592E+001
     53  8.009496602923223E-005  2.532427500710937E+001
    512  7.909801691284869E-005  6.110465593383906E+001
    618  7.883603050069193E-005  1.083041655146542E+002
    945  7.868933259565853E-005  1.278945431870569E+002
    183  7.640227366133744E-005  3.317747871488443E+001
    532  7.621097616694459E-005  6.299204701993657E+001
   1058  7.511398069755662E-005  1.334381531708862E+002
    489  7.419853453229642E-005  5.906665573291085E+001
     74  7.333676912658537E-005  2.706787664592100E+001
    101  7.200392963183799E-005  2.816121926613436E+001
    295  7.078979859928203E-005  3.844649820311862E+001
    153  7.000733366723522E-005  3.119128674334460E+001
    387  6.974984075667206E-005  4.845493173747810E+001
    498  6.926047318577463E-005  6.006055704270973E+001
    690  6.877327033226834E-005  1.109553167085971E+002
     40  6.790248681593446E-005  2.429142631572386E+001
    383  6.728505109835789E-005  4.665506804468283E+001
    689  6.684093694877867E-005  1.108992280227757E+002
    575  6.673305154225941E-005  1.067636975144964E+002
     69  6.638782173394971E-005  2.667931486079132E+001
    537  6.633513692236445E-005  7.348438751630307E+001
    355  6.628451681257625E-005  4.365668409738398E+001
    143  6.592249986904233E-005  3.021552765862468E+001
    264  6.581573829361708E-005  3.760740200223662E+001
    219  6.525175047144302E-005  3.435584966495736E+001
   1061  6.412535263750770E-005  1.338239896777959E+002
    768  6.382981735398810E-005  1.140511281344195E+002
     67  6.319948251613621E-005  2.663955326886673E+001
    557  6.312375448366472E-005  1.053298087456868E+002
    204  6.278187765791303E-005  3.416741852472765E+001
    597  6.211301686841815E-005  1.076362394255561E+002
     70  6.209689763340375E-005  2.683332853591699E+001
    365  6.160835987533465E-005  4.540196146988517E+001
    190  6.126675365050292E-005  3.352213579831744E+001
    372  6.098084412638777E-005  4.569660817760900E+001
     89  6.090012825714789E-005  2.787565477396676E+001
    331  5.997922650661265E-005  4.033978069592825E+001
    136  5.987309728767991E-005  2.995197020395121E+001
    525  5.956474429270359E-005  6.201689187624501E+001
    972  5.933964351382442E-005  1.289491342298440E+002
   1011  5.913259024011280E-005  1.305590563134582E+002
    491  5.780800570046577E-005  5.916484178919298E+001
     46  5.726031770913485E-005  2.508968851186969E+001
    138  5.720400725293234E-005  2.998810658959070E+001
      1  5.695861066473685E-005  1.480943860687432E+001
    221  5.669258637464686E-005  3.444064242877499E+001
    414  5.662111768808114E-005  5.408443269732371E+001
    741  5.641995981890661E-005  1.126383251241469E+002
    292  5.605584702043771E-005  3.837765227419467E+001
    332  5.594137938203880E-005  4.036182328117159E+001
    184  5.590398025771375E-005  3.328145954751520E+001
    327  5.578994656269109E-005  3.980649710729982E+001
    984  5.564633436000261E-005  1.293776492189174E+002
    417  5.512936739170321E-005  5.432386496665636E+001
   1064  5.499600222291219E-005  1.339182935247794E+002
    592  5.489673017566042E-005  1.074010896433819E+002
    134  5.489143677515008E-005  2.989081555609098E+001
    282  5.486735521189436E-005  3.781601762519486E+001
    524  5.450546244656082E-005  6.196836567938324E+001
    458  5.400797825273817E-005  5.780961640938520E+001
    875  5.287282804731755E-005  1.206504418490652E+002
    348  5.241441922703999E-005  4.278252907839931E+001
    450  5.240944868858832E-005  5.723022636777802E+001
    617  5.073078188684043E-005  1.082069188907082E+002
    777  5.051302434671918E-005  1.150636811545726E+002
    394  5.040347217649834E-005  5.275338077531283E+001
    325  5.029729748791897E-005  3.979678053884171E+001
    694  5.023006085439628E-005  1.110208923005156E+002
    541  4.961044906530262E-005  1.020561485810812E+002
    493  4.935623771128966E-005  5.956939432616837E+001
    754  4.929539696128877E-005  1.130532912402911E+002
    784  4.762339941100820E-005  1.156115101864969E+002
   1034  4.663534191565040E-005  1.314975717016592E+002
    607  4.618462893320248E-005  1.079782277499060E+002
    269  4.598486670500343E-005  3.766609016559832E+001
    135  4.572450957466762E-005  2.990996926970350E+001
    749  4.561126218998877E-005  1.128862829609149E+002
    320  4.504536146321996E-005  3.958466091098631E+001
    825  4.468312836509489E-005  1.174155068731360E+002
    289  4.405661742975905E-005  3.832422991649202E+001
    816  4.401759332243857E-005  1.170854692244173E+002
    785  4.372868716613863E-005  1.156515149006221E+002
    237  4.350532122245541E-005  3.561350513334219E+001
    564  4.341514319865204E-005  1.059223740174141E+002
     81  4.300375174692942E-005  2.737831616504717E+001
     34  4.295897556125021E-005  2.394870774261297E+001
    391  4.279140212946321E-005  4.935295074539214E+001
    765  4.257163039537791E-005  1.138034732037320E+002
    377  4.251724514293311E-005  4.580996274485975E+001
    932  4.223680346805822E-005  1.272890793904072E+002
     43  4.192612015860037E-005  2.485090944939308E+001
    967  4.177527020149007E-005  1.287730879251822E+002
    287  4.175594947891762E-005  3.806334999222836E+001
    283  4.124900734368927E-005  3.781664732037148E+001
    611  4.074332265438373E-005  1.080609110523806E+002
    440  4.047806220792447E-005  5.589934491235444E+001
    208  3.990645911051261E-005  3.420400517096608E+001
    214  3.987973760964005E-005  3.429158842681225E+001
    691  3.888465745059290E-005  1.109942746792360E+002
    745  3.862540518707744E-005  1.127541380335163E+002
    615  3.839588078451164E-005  1.081646255451844E+002
      6  3.815584452290012E-005  1.593905863128156E+001
     73  3.753421930477994E-005  2.704395448663374E+001
    460  3.721937579598574E-005  5.821511818989060E+001
    352  3.709713871001223E-005  4.345183818831803E+001
   1032  3.687112032434731E-005  1.314270448258869E+002
    510  3.570938175950259E-005  6.106496915014706E+001
    410  3.561210183735812E-005  5.380004782230375E+001
     22  3.550518570790271E-005  2.149928230079738E+001
    578  3.466914624862692E-005  1.068696587706935E+002
    533  3.434449519782187E-005  6.344214913117692E+001
    645  3.380063771866150E-005  1.088758352374567E+002
   1014  3.359827440552655E-005  1.306579532637773E+002
    196  3.356765731729855E-005  3.402217963204272E+001
    632  3.355166874259068E-005  1.086732063917954E+002
    322  3.312533551708169E-005  3.962934885257222E+001
    217  3.312278633257025E-005  3.432077633458158E+001
   1005  3.311364672834139E-005  1.302961950162389E+002
     83  3.294359672459379E-005  2.745200449399356E+001
    716  3.253235928337854E-005  1.119313653155845E+002
    118  3.240701423961509E-005  2.927665934202001E+001
    635  3.233466794841787E-005  1.087402789130293E+002
    486  3.196859827666608E-005  5.898078655703418E+001
    338  3.172771814135987E-005  4.143596746217444E+001
   1050  3.172438157773867E-005  1.326682006609648E+002
     45  3.159412307432552E-005  2.505629895200580E+001
   1029  3.116034648113039E-005  1.312589073638632E+002
    174  3.103305296779324E-005  3.277024257542895E+001
    599  3.100188747087652E-005  1.077354408464688E+002
    336  3.076226815563613E-005  4.106442919982931E+001
    423  3.074863932287028E-005  5.491452382822700E+001
    560  3.047394570655237E-005  1.057397922085461E+002
    351  3.033982465982157E-005  4.290814690346715E+001
    168  3.033866760682375E-005  3.223239881301075E+001
     86  3.030877521282548E-005  2.760340701365068E+001
    112  3.021749640800853E-005  2.893182478938967E+001
    676  3.003028189258470E-005  1.102968009656115E+002
    698  3.003028022373539E-005  1.111543499618823E+002
     75  2.964125345746001E-005  2.717284531466260E+001
    940  2.958431336073705E-005  1.277053477702196E+002
     30  2.941798003441888E-005  2.339033246897357E+001
    948  2.924077873681395E-005  1.280530341997139E+002
    626  2.922982724265522E-005  1.085197354965440E+002
    389  2.916118834105714E-005  4.924612888004685E+001
    515  2.904270354354624E-005  6.113166482037749E+001
    950  2.892453597525877E-005  1.281356928004739E+002
    240  2.888381115201454E-005  3.568815433410965E+001
    109  2.847900460414738E-005  2.888359254004277E+001
    895  2.843142057739038E-005  1.231922658586809E+002
     68  2.802319527799490E-005  2.665958995788216E+001
     17  2.793635789207406E-005  2.091913438766164E+001
    863  2.789608435372035E-005  1.194780899982511E+002
     48  2.771011181699120E-005  2.521050943974308E+001
    751  2.770837133719539E-005  1.129352725370382E+002
    886  2.768234570104047E-005  1.214498350996194E+002
   1008  2.746672601248768E-005  1.304054287055121E+002
    970  2.708879810517797E-005  1.288440499253601E+002
     62  2.706905943597970E-005  2.630569023157911E+001
    847  2.693831160096641E-005  1.183795327778256E+002
    667  2.692636690841389E-005  1.098231148083649E+002
    481  2.670874614511320E-005  5.889564718758225E+001
    431  2.621539513328965E-005  5.545822575490884E+001
    382  2.615194630921454E-005  4.661435463500721E+001
    708  2.599554892528280E-005  1.116659378913442E+002
    201  2.555459455709500E-005  3.413905621996786E+001
    954  2.474077910848924E-005  1.282848493157465E+002
    334  2.458957653378004E-005  4.055961280242965E+001
    681  2.440790053573253E-005  1.107150530846271E+002
    345  2.440209500675904E-005  4.248475366295001E+001
    239  2.421976792587556E-005  3.564788119351169E+001
    960  2.421286137953135E-005  1.283710541965592E+002
    892  2.377255300832300E-005  1.223146913863671E+002
    757  2.376404929219815E-005  1.131455979007981E+002
    683  2.374113093070267E-005  1.107854094171573E+002
    324  2.360245446811020E-005  3.965813849875591E+001
    630  2.356830110203204E-005  1.086464564510315E+002
    475  2.336713630850336E-005  5.870955367754343E+001
    968  2.333333362353065E-005  1.287893908307005E+002
   1077  2.323955933828110E-005  6.189178021453241E+002
    375  2.295611653143561E-005  4.577921754207221E+001
    185  2.292966482107193E-005  3.329017879350934E+001
    737  2.280283812670177E-005  1.125716601108342E+002
    357  2.272742928323205E-005  4.413715889769129E+001
    516  2.244834335894306E-005  6.114879167768425E+001
    924  2.240586318564214E-005  1.267645350898773E+002
    477  2.198766601713286E-005  5.875439662154096E+001
    167  2.182368476639437E-005  3.206734480721192E+001
    317  2.111942874086610E-005  3.952108816795088E+001
    643  2.111562574884834E-005  1.088529165631816E+002
    826  2.108666046943680E-005  1.174535409692338E+002
    979  2.103474787653132E-005  1.292073280791942E+002
   1048  2.098002603334088E-005  1.325281096806480E+002
    877  2.080194920672601E-005  1.207635072396237E+002
    555  2.058640755620476E-005  1.049505825405343E+002
    309  2.056499035806450E-005  3.929268620446922E+001
    291  2.052476290492948E-005  3.834865717601958E+001
    565  2.040782696442555E-005  1.059848591127986E+002
    162  2.038576587937681E-005  3.142013005221356E+001
    898  2.033365405726183E-005  1.236287338505038E+002
    666  2.027740598246038E-005  1.096961217429448E+002
    177  2.009226382408520E-005  3.286305119332699E+001
    304  1.967119325507579E-005  3.902642388250331E+001
    822  1.934996019101648E-005  1.173379890193997E+002
    449  1.933653410312023E-005  5.713782918039372E+001
    104  1.919921455296164E-005  2.863475114667724E+001
    646  1.914126114576710E-005  1.089039652974663E+002
    829  1.894485271923439E-005  1.175434491795728E+002
    986  1.869052233890090E-005  1.294778988001748E+002
    444  1.869018993018423E-005  5.640873014994138E+001
    916  1.859103391399442E-005  1.261858055404796E+002
    675  1.846202376839733E-005  1.101932688761904E+002
    812  1.840705763100169E-005  1.169499526914024E+002
    930  1.840328001363726E-005  1.272550109882912E+002
    238  1.839464493572186E-005  3.562010162214489E+001
    573  1.833408734081655E-005  1.066520968004064E+002
    649  1.823531394825838E-005  1.089557122086210E+002
    187  1.813624761737774E-005  3.338593491458187E+001
      3  1.806041509154810E-005  1.530095081680193E+001
    117  1.794007746723591E-005  2.915145470361619E+001
    710  1.784065756032158E-005  1.117114283703663E+002
    274  1.753835701920766E-005  3.771469066363962E+001
    156  1.746070566648370E-005  3.133959801814033E+001
    149  1.735928153331336E-005  3.064428879965062E+001
    290  1.729928401762477E-005  3.834059039797889E+001
    381  1.719729016801852E-005  4.623753374880091E+001
    514  1.716383448256768E-005  6.112143562944963E+001
    671  1.714376810102169E-005  1.100461630260976E+002
     39  1.711408223046637E-005  2.419216907562118E+001
     96  1.699429220722411E-005  2.807603105873968E+001
     32  1.693484514384904E-005  2.386019687247388E+001
    995  1.681226124681358E-005  1.300556822463785E+002
   1036  1.647979339996010E-005  1.315563975924429E+002
     78  1.640255175227284E-005  2.724001953302053E+001
    905  1.634267669180923E-005  1.252963463377060E+002
    176  1.623252712849840E-005  3.283702642513862E+001
    952  1.621134645308757E-005  1.282170243378332E+002
    209  1.603645109783780E-005  3.420776675567321E+001
    879  1.596494677809225E-005  1.208628531744268E+002
    416  1.595283876038672E-005  5.412105627361211E+001
   1018  1.593802334478768E-005  1.307425624046459E+002
   1067  1.578966522592721E-005  1.341872351276505E+002
    553  1.571838841604378E-005  1.045844149005738E+002
    314  1.564669278832925E-005  3.944402428691944E+001
    778  1.551975378251890E-005  1.153062331743218E+002
    420  1.544924145164313E-005  5.464265012038360E+001
     84  1.538203290373648E-005  2.748397341497807E+001
    866  1.533480323347709E-005  1.198737679274225E+002
    127  1.522510678917761E-005  2.958197907168710E+001
    926  1.489686389201592E-005  1.269935099435139E+002
    669  1.483141048338705E-005  1.098991161820264E+002
    189  1.480725280906706E-005  3.348575581421191E+001
     72  1.477618091949410E-005  2.695844835194747E+001
    401  1.474395401632355E-005  5.310952948046032E+001
    997  1.472982095738901E-005  1.300952728722026E+002
    276  1.463543392541152E-005  3.774173651101562E+001
    305  1.460327501694823E-005  3.919092577852600E+001
    121  1.454821906787783E-005  2.937009161569695E+001
     63  1.432013496663438E-005  2.633691355837915E+001
    542  1.430496603712807E-005  1.021380905135569E+002
    454  1.425357601167355E-005  5.753531790534946E+001
     60  1.423022301559524E-005  2.612817271153773E+001
    278  1.411324699355140E-005  3.775225448216675E+001
    265  1.397527077899169E-005  3.762418150997995E+001
    780  1.392011832038043E-005  1.153482258688003E+002
    250  1.391263162855321E-005  3.645071914574685E+001
    700  1.378867989950306E-005  1.112187707043413E+002
    502  1.348003678637730E-005  6.033057478557798E+001
    445  1.336919204528705E-005  5.650985963977887E+001
    992  1.336309529243470E-005  1.299169051159237E+002
    307  1.334359046260538E-005  3.924418415703018E+001
    803  1.297249200807825E-005  1.163959410830473E+002
    917  1.295172856913496E-005  1.262583151256411E+002
    517  1.292741874925129E-005  6.116283191518230E+001
     94  1.283687144259315E-005  2.803048707399637E+001
    934  1.272347833891710E-005  1.274026915475210E+002
    621  1.267438685649909E-005  1.083828600305560E+002
    865  1.262399866057516E-005  1.195233182598442E+002
    521  1.254743163315795E-005  6.120499406654021E+001
    593  1.244842585683394E-005  1.074633420950339E+002
    534  1.243092983991226E-005  6.352992396574133E+001
     80  1.220286265679099E-005  2.737665388114407E+001
    853  1.219214280955919E-005  1.189950762444425E+002
    981  1.202886332690994E-005  1.292686845988868E+002
    463  1.202636568101462E-005  5.840368106338346E+001
    808  1.199167024300087E-005  1.166438640424820E+002
    159  1.182694167747204E-005  3.140014259635325E+001
    353  1.182084662153573E-005  4.354452657935016E+001
    260  1.146414139258942E-005  3.745846822965304E+001
    793  1.136559658841328E-005  1.158943894419280E+002
    528  1.131134735237360E-005  6.211763689923020E+001
    962  1.128731083174411E-005  1.284190833846668E+002
    807  1.115547102977853E-005  1.166040027024774E+002
    140  1.108138060308907E-005  3.002380690834687E+001
    323  1.107396398098002E-005  3.963162035223775E+001
    257  1.102371133901607E-005  3.716053985696894E+001
    116  1.084177798495097E-005  2.910094471225916E+001
     26  1.053920710901997E-005  2.275577786050195E+001
    655  1.050036100643325E-005  1.092114390318620E+002
     90  1.036732365214921E-005  2.792299487571685E+001
     61  1.019573009517172E-005  2.623624111749398E+001
    561  9.855201079411847E-006  1.057823475786052E+002
    306  9.832709196928185E-006  3.922583615449084E+001
   1022  9.724388596394125E-006  1.309570316227355E+002
    451  9.647651001621150E-006  5.726939793781466E+001
    558  9.487322578324221E-006  1.054235904423783E+002
    261  9.389929838977283E-006  3.751537038816641E+001
    883  9.381931286067777E-006  1.212822283474710E+002
   1031  9.371482797235027E-006  1.313824495210718E+002
    605  9.366761072762481E-006  1.079476682950407E+002
    854  9.328052934102664E-006  1.190938927222375E+002
    361  9.310768542276649E-006  4.509188248244521E+001
    919  9.238392142492798E-006  1.264669767465423E+002
    731  9.171442314785829E-006  1.124795031346507E+002
    724  9.162416529658820E-006  1.122474317356576E+002
    571  9.131827648576828E-006  1.065760725477823E+002
    918  9.072834222575458E-006  1.263810693695273E+002
    887  9.062734473182605E-006  1.215278324822884E+002
    242  9.058122628778135E-006  3.575330164903793E+001
    921  9.037018572186024E-006  1.266347372507485E+002
     82  8.974185339885790E-006  2.744742479332049E+001
    600  8.945383208691611E-006  1.078192567961393E+002
    147  8.924147184452065E-006  3.045498909450352E+001
    519  8.886729355917642E-006  6.116666091909611E+001
    838  8.769398717328771E-006  1.178077045912047E+002
    795  8.525167683236488E-006  1.159446042090269E+002
    938  8.497659251664464E-006  1.276246332177813E+002
    988  8.494644651382262E-006  1.295230022337254E+002
    870  8.028162363434912E-006  1.203621491035894E+002
    650  8.014585715856799E-006  1.090061273622073E+002
    702  7.973079533064142E-006  1.112791472783473E+002
    259  7.911058715225604E-006  3.731129763636223E+001
   1021  7.879442775313950E-006  1.308784400027895E+002
    194  7.828923164696161E-006  3.388123191050668E+001
    769  7.828098079855156E-006  1.141494817506874E+002
    246  7.819269253366911E-006  3.612200287477440E+001
    128  7.783513603473995E-006  2.964876822252022E+001
     50  7.683617927139820E-006  2.524792740229145E+001
     54  7.668290859408991E-006  2.537118147105558E+001
   1006  7.621282549133277E-006  1.303473844140781E+002
    890  7.616613016648999E-006  1.222269695705770E+002
    584  7.577141670723789E-006  1.071415131646536E+002
    313  7.374063202652539E-006  3.941220320488696E+001
    220  7.352452534684264E-006  3.440936379612124E+001
    821  7.341880058303375E-006  1.173213489801490E+002
    719  7.233005026626922E-006  1.120361196403708E+002
    894  7.129606222736367E-006  1.226855190700912E+002
    545  7.076504406783101E-006  1.038885725205099E+002
    455  6.987414085490701E-006  5.757818593173593E+001
    373  6.952489551110519E-006  4.573517441489172E+001
    267  6.943375151832273E-006  3.763942844703926E+001
    531  6.939750185724737E-006  6.280622541285696E+001
    179  6.903615641486984E-006  3.301071504933698E+001
    637  6.878554858158031E-006  1.087708716348475E+002
    594  6.871571974980066E-006  1.075267994995216E+002
     49  6.856998555434946E-006  2.521926711432687E+001
    913  6.672030193020550E-006  1.260963173315474E+002
    851  6.641606440304386E-006  1.189105890777936E+002
     88  6.621164538930631E-006  2.776495450944637E+001
    376  6.591889505823967E-006  4.578482274843697E+001
    686  6.546740808083693E-006  1.108321598991433E+002
    529  6.486187507160144E-006  6.213305424318654E+001
    456  6.443749139230536E-006  5.758475825352298E+001
    433  6.396763581096612E-006  5.552394895078822E+001
    810  6.374422875955838E-006  1.168542717379606E+002
    139  6.322214735461646E-006  3.001327528760398E+001
    105  6.191229287611790E-006  2.872870804936272E+001
    911  6.167568585743345E-006  1.258968376271585E+002
     51  6.125378835339923E-006  2.527497960196780E+001
    680  5.937664450368693E-006  1.106808485277705E+002
   1026  5.825285825740668E-006  1.310988308446859E+002
    672  5.795073878072998E-006  1.100523893058521E+002
    674  5.776052423053560E-006  1.101627157855635E+002
    471  5.712349888877021E-006  5.859921299406331E+001
     15  5.659818206477159E-006  2.077312965636918E+001
    505  5.580044196051387E-006  6.089365906344585E+001
    583  5.513424642343082E-006  1.070323413352247E+002
    427  5.472220007419487E-006  5.530625255614972E+001
     13  5.371034585924745E-006  2.038781372204352E+001
    137  5.235488233685156E-006  2.996307755422044E+001
     52  5.208312855590907E-006  2.532370304309600E+001
    832  5.202193036409136E-006  1.176150872586579E+002
    616  5.165585190697657E-006  1.081902144651443E+002
    998  5.032593884714820E-006  1.301241144683907E+002
    624  5.019022808612823E-006  1.084534043855216E+002
    429  4.996768993989412E-006  5.542704693693687E+001
    899  4.924103027821866E-006  1.237750393258326E+002
    569  4.850303240480461E-006  1.064024371239422E+002
    661  4.834515544395023E-006  1.094040232551639E+002
   1000  4.796051175601454E-006  1.301375093272533E+002
    813  4.790655773891203E-006  1.170211975618395E+002
    858  4.756859041151128E-006  1.193043137223610E+002
    170  4.707595486454891E-006  3.240864442722207E+001
    441  4.700462926749141E-006  5.602297434426368E+001
    589  4.686408702385301E-006  1.073243551551986E+002
    123  4.656803256773570E-006  2.945706723223188E+001
    171  4.625150943777631E-006  3.251692712246987E+001
    567  4.623100962483753E-006  1.061175767374582E+002
      9  4.603916118384131E-006  1.615282072713023E+001
    526  4.572928193536485E-006  6.205614154690332E+001
    771  4.536642013182231E-006  1.142541813627527E+002
    161  4.522397216052893E-006  3.141544799468193E+001
    469  4.513991065599192E-006  5.857260373695996E+001
    339  4.472900350371976E-006  4.199721405536648E+001
    824  4.452322652841576E-006  1.173851057796732E+002
    579  4.445287721552593E-006  1.068810185812333E+002
    243  4.409438688486355E-006  3.580427376176280E+001
    234  4.396665678494105E-006  3.541632958107625E+001
    275  4.337824118340312E-006  3.771871208633355E+001
    577  4.296720746694835E-006  1.068269012623950E+002
    678  4.205453624115000E-006  1.105298402911861E+002
    860  4.181973812854647E-006  1.193608179742887E+002
    370  4.158386517586479E-006  4.562254251008403E+001
    438  4.137879174518975E-006  5.568774314714533E+001
    622  3.976501105866005E-006  1.084041586407917E+002
    308  3.929232677396139E-006  3.924824416979163E+001
    656  3.915747124269259E-006  1.092383325553483E+002
    903  3.860827847226493E-006  1.249295857950171E+002
    574  3.812350477147869E-006  1.067089856517616E+002
    390  3.775236297072227E-006  4.930034545373515E+001
   1063  3.757687006231784E-006  1.338610239777397E+002
    457  3.744966722984085E-006  5.770039153165104E+001
    262  3.719916408423876E-006  3.754826259370084E+001
    663  3.568153961644188E-006  1.095408569103236E+002
    132  3.566457408862336E-006  2.978147182311027E+001
    286  3.562318039933533E-006  3.806107114689090E+001
    595  3.510564167821011E-006  1.075727311228692E+002
    713  3.500872617489627E-006  1.118750446375970E+002
    435  3.394787838710915E-006  5.559833163642786E+001
   1039  3.393677923580275E-006  1.317789778316224E+002
    527  3.377481547105147E-006  6.211137902133680E+001
     19  3.374772069792180E-006  2.137958735177528E+001
    408  3.356641550634460E-006  5.368647704938994E+001
   1016  3.319267527051363E-006  1.306784011483153E+002
    774  3.303552841660266E-006  1.147299018357027E+002
    641  3.257217017640907E-006  1.088136450829588E+002
    880  3.230784515643315E-006  1.209811659012211E+002
    955  3.214592688128541E-006  1.283043098504922E+002
    354  3.178509914500484E-006  4.358717802496741E+001
     25  3.110275172123903E-006  2.268285797328677E+001
    548  3.089973186572028E-006  1.041098140943872E+002
    601  3.060487190652530E-006  1.078222216339937E+002
    368  3.052823755147134E-006  4.552075151204606E+001
    695  3.035531479689645E-006  1.110404578737834E+002
    727  2.994364587689651E-006  1.123838421661365E+002
    991  2.984888930217772E-006  1.298309517843196E+002
    682  2.981022767886371E-006  1.107795174367904E+002
    928  2.965484529421353E-006  1.271758190169006E+002
    596  2.951034311104522E-006  1.076305596761092E+002
    670  2.943289809225194E-006  1.099218253642219E+002
    623  2.942036367479195E-006  1.084311616311891E+002
    977  2.912016525230910E-006  1.291448023039548E+002
     28  2.886939823786255E-006  2.303576073275412E+001
    482  2.843929774447007E-006  5.890508639424976E+001
    476  2.774304448009340E-006  5.874284760292872E+001
    820  2.770386595290401E-006  1.173160626674297E+002
    350  2.741576657224563E-006  4.287084402122760E+001
    511  2.688340349027780E-006  6.108291035790679E+001
    122  2.625236510957303E-006  2.942821875092930E+001
    522  2.623567150075285E-006  6.189501394570030E+001
    909  2.597447789279453E-006  1.256671150468244E+002
   1046  2.571362209700823E-006  1.322741703884410E+002
    144  2.568795415634969E-006  3.023024488043693E+001
    181  2.516050439887057E-006  3.309588236011395E+001
    224  2.500655988512812E-006  3.456258153743839E+001
    518  2.432858446795836E-006  6.116565427175681E+001
    633  2.421089605663479E-006  1.086770367044967E+002
    113  2.357304978560465E-006  2.894608485543543E+001
    910  2.283378558895464E-006  1.258349422363612E+002
    817  2.280739535273248E-006  1.171745914510001E+002
    827  2.273144287392093E-006  1.174913134466901E+002
    684  2.250526648438827E-006  1.108055531440044E+002
    800  2.239545742467335E-006  1.161811067685375E+002
    366  2.211725923635611E-006  4.541480133184800E+001
     12  2.150896688251775E-006  1.791855268392995E+001
    284  2.101111984744204E-006  3.794002386601017E+001
    508  2.056974565556913E-006  6.101348113010317E+001
    634  2.018591729875745E-006  1.087110579745548E+002
    173  1.973958642047268E-006  3.267731285541730E+001
    842  1.973831376813362E-006  1.180365480395604E+002
    550  1.973593980230416E-006  1.044255141670578E+002
    523  1.954815016270397E-006  6.195141091349550E+001
   1068  1.944438498292276E-006  1.342139437973118E+002
    744  1.929284787902520E-006  1.127340165661099E+002
    582  1.915816959773486E-006  1.069886979669129E+002
    315  1.903883080706815E-006  3.946262277995078E+001
    447  1.899877113252849E-006  5.692641404400948E+001
    787  1.894491841750214E-006  1.157066821730262E+002
    798  1.870641479424298E-006  1.161233232814441E+002
    225  1.823426501777282E-006  3.458265676939745E+001
     59  1.814559050854817E-006  2.608228483109795E+001
    631  1.811273159531579E-006  1.086593678715634E+002
    983  1.788459020595547E-006  1.293699640118089E+002
    552  1.718334653142630E-006  1.045004516183760E+002
    799  1.715094641190237E-006  1.161655148393659E+002
     76  1.699560105969881E-006  2.719040433196805E+001
    709  1.678785602068919E-006  1.116986555393093E+002
    608  1.671073733438436E-006  1.080310773431174E+002
     93  1.664543848450528E-006  2.801831476528660E+001
    448  1.646033678294094E-006  5.707216855561523E+001
     77  1.638697547448120E-006  2.720977418778346E+001
    321  1.636075616464071E-006  3.959878738143280E+001
    328  1.633439309950031E-006  3.982877398686839E+001
    432  1.624880644814441E-006  5.551253331854516E+001
   1040  1.609809271174325E-006  1.318325334098182E+002
   1004  1.605245484730643E-006  1.302828791464404E+002
     14  1.545655232337566E-006  2.047451167645159E+001
    490  1.527080261095732E-006  5.909746584665749E+001
    665  1.516871376069719E-006  1.096195054263975E+002
    591  1.492091709700059E-006  1.073970459895217E+002
    739  1.476577694790353E-006  1.126267264275300E+002
    966  1.473483829206511E-006  1.287120665380274E+002
    790  1.457755257788091E-006  1.158127479939932E+002
    871  1.450896894070364E-006  1.204638135739833E+002
    200  1.422876354093500E-006  3.413076352937113E+001
    782  1.415723506436477E-006  1.155663554633046E+002
    520  1.411131816795942E-006  6.117519869664547E+001
    657  1.394730445240815E-006  1.092680437977900E+002
    927  1.385235998009892E-006  1.271118445081471E+002
   1002  1.379293363746961E-006  1.301955720736593E+002
    964  1.310607027505711E-006  1.284811881676410E+002
   1035  1.304942304386231E-006  1.315022364948826E+002
    896  1.296636385531193E-006  1.231967026860033E+002
    268  1.292245882187532E-006  3.765614789507087E+001
    922  1.282977397280313E-006  1.267277337836395E+002
    963  1.277093744738788E-006  1.284456810480366E+002
    465  1.262480862717075E-006  5.845233409136720E+001
    679  1.254281729797150E-006  1.106299731616480E+002
    437  1.249657349425074E-006  5.567668099873953E+001
    804  1.241897188230020E-006  1.164307012054320E+002
   1028  1.239025124510827E-006  1.312419762585663E+002
   1051  1.212312912926111E-006  1.330173846663143E+002
    781  1.205361248522577E-006  1.155015502370288E+002
    603  1.196441389772413E-006  1.078480909052838E+002
    994  1.166319363270748E-006  1.299886393654431E+002
    639  1.163861909788780E-006  1.087924757147032E+002
    480  1.163350072613913E-006  5.887142017505539E+001
    923  1.162127856594882E-006  1.267345977181097E+002
    625  1.143149307719411E-006  1.084878781680722E+002
    830  1.106327234597848E-006  1.175448785112390E+002
    654  1.103689410676499E-006  1.091774321289355E+002
    362  1.099903726638745E-006  4.520209191521082E+001
    228  1.085748782710490E-006  3.465329128304563E+001
    590  1.070154244345407E-006  1.073381491314167E+002
    862  1.069025287410177E-006  1.194326389788892E+002
    748  1.067024662608064E-006  1.128453459062848E+002
    815  1.065113590238400E-006  1.170844697210597E+002
   1065  1.063527144299036E-006  1.340986810838602E+002
    707  1.062365713153542E-006  1.116484954290111E+002
   1017  1.041615252746189E-006  1.307020085696559E+002
    746  1.033464020125994E-006  1.128150956859242E+002
    845  1.031933253410817E-006  1.182722434309271E+002
    506  1.028225950785509E-006  6.092479484159845E+001
    929  1.021079527208384E-006  1.272324166790593E+002
    640  1.016867821912505E-006  1.088027953187827E+002
    758  9.953366960023824E-007  1.131945788764974E+002
    721  9.927686004685020E-007  1.121902054803930E+002
    310  9.810143441453677E-007  3.933560718805473E+001
    714  9.737347095194894E-007  1.118865310298163E+002
   1044  9.736993293020277E-007  1.320835593454495E+002
    685  9.478050753330369E-007  1.108208915724099E+002
    770  9.350766273254784E-007  1.141655133118217E+002
    660  9.325547313605706E-007  1.093929129115852E+002
    461  9.248634804129908E-007  5.832169084274378E+001
    697  9.213992585929205E-007  1.111168086390436E+002
    371  9.182751742993954E-007  4.567834615857563E+001
    233  9.157003352458366E-007  3.536858076063520E+001
    619  9.123615564988762E-007  1.083262496248409E+002
    562  8.947843662969582E-007  1.058125905236654E+002
    474  8.867961771690602E-007  5.866520048333617E+001
    586  8.811397577251478E-007  1.072414988471015E+002
    791  8.643971169464621E-007  1.158399885308925E+002
    648  8.623063401355550E-007  1.089328290594756E+002
    846  8.607478456258169E-007  1.183733977129572E+002
    852  8.594847692715623E-007  1.189308904937423E+002
    794  8.491332197279255E-007  1.159299755047292E+002
    849  8.461353001972381E-007  1.186556798515274E+002
    809  8.268711734601774E-007  1.168273457040169E+002
    989  8.233221231461999E-007  1.296856498562064E+002
    434  8.207393865296083E-007  5.556859477681133E+001
    668  8.143572044753208E-007  1.098358517134249E+002
    733  8.101619944805078E-007  1.125211996768446E+002
    915  7.993721469720853E-007  1.261627872997085E+002
    677  7.993371050855210E-007  1.104103779431708E+002
    901  7.941223957061530E-007  1.246352700151236E+002
    893  7.938418344272871E-007  1.225899968537864E+002
    188  7.834188020238279E-007  3.343297855491465E+001
    642  7.772945770176764E-007  1.088349318990273E+002
    855  7.731989128716294E-007  1.192335282432478E+002
    146  7.678232374501579E-007  3.038455959742199E+001
    428  7.670755969700449E-007  5.539697768550786E+001
     87  7.658265130998220E-007  2.773505635732142E+001
    761  7.515884508363893E-007  1.134019555363662E+002
    696  7.481079970016722E-007  1.111110130672436E+002
    585  7.477476886509112E-007  1.071721890576240E+002
    949  7.454567597514612E-007  1.280833568476082E+002
    796  7.442083221016443E-007  1.160406419035091E+002
    636  7.399561831358611E-007  1.087412284437008E+002
    699  7.313302227113658E-007  1.111753891148923E+002
    715  7.235341718342650E-007  1.119122168057061E+002
    473  7.202210669685380E-007  5.864875851961727E+001
    884  6.976857505632243E-007  1.212913619330936E+002
    651  6.963447128293964E-007  1.090123807306586E+002
    191  6.665649908669631E-007  3.372798248811258E+001
    990  6.659588622286339E-007  1.297249883032466E+002
    442  6.569235327341134E-007  5.605259237502305E+001
    488  6.440345745506113E-007  5.904214899548738E+001
    753  6.403936823325781E-007  1.130399909728984E+002
    610  6.388376961066975E-007  1.080548791140610E+002
    497  6.359612210173982E-007  5.984833423050026E+001
    107  6.239067531271349E-007  2.880093649968087E+001
    978  6.122104667622711E-007  1.291764873003617E+002
    673  6.120595081435535E-007  1.101090602242966E+002
    933  6.105623733178219E-007  1.272967505112425E+002
    786  6.052075237503356E-007  1.156679892855772E+002
    311  5.996957603043743E-007  3.939193935233331E+001
    263  5.848343848165298E-007  3.756851288337069E+001
    740  5.777187463351752E-007  1.126281679605138E+002
    664  5.774312381304687E-007  1.095868237421283E+002
    792  5.552376213771106E-007  1.158579110744502E+002
    288  5.499082647927137E-007  3.825168870868715E+001
    767  5.473178972429779E-007  1.139787538815297E+002
    703  5.433041626157161E-007  1.113359924967504E+002
    908  5.341336209876362E-007  1.256350992978881E+002
    859  5.254477063240266E-007  1.193117826572047E+002
    712  5.246490347472375E-007  1.118479116964762E+002
    942  5.198622292846388E-007  1.277896527703618E+002
    459  5.028815304435064E-007  5.797524108925945E+001
   1010  5.026365328204672E-007  1.305150376372933E+002
   1066  5.023038421139617E-007  1.341339055776214E+002
    982  5.009959510996850E-007  1.293230544301462E+002
   1043  4.968863520199033E-007  1.320181582363304E+002
   1038  4.966461715312493E-007  1.317153469634680E+002
   1020  4.919677878027149E-007  1.308300137670077E+002
    556  4.662557740395602E-007  1.053074591696642E+002
    606  4.521567472373971E-007  1.079754075340127E+002
    939  4.505859635195056E-007  1.276788938661296E+002
    985  4.462453097375218E-007  1.294454523269476E+002
    513  4.435352678389967E-007  6.111701004965728E+001
    169  4.406013228286948E-007  3.225245008090104E+001
    764  4.373682963725893E-007  1.137269990775531E+002
    627  4.354923613986003E-007  1.085359599099982E+002
     99  4.330866708148163E-007  2.813215700322161E+001
    470  4.285950734112613E-007  5.858950887133865E+001
    614  4.080864939755732E-007  1.081499604581023E+002
    736  4.028778572167207E-007  1.125700463249535E+002
    277  4.027188166056307E-007  3.774405278528796E+001
     56  3.997095156569062E-007  2.577494999028338E+001
    711  3.977513150452581E-007  1.117833092223069E+002
    957  3.864813605949239E-007  1.283224605383935E+002
    728  3.770406659494513E-007  1.123911467240560E+002
    662  3.706265719624671E-007  1.094304874643061E+002
    216  3.673678133085576E-007  3.431915233475488E+001
    920  3.656459569712168E-007  1.265729199247587E+002
    931  3.647085161446417E-007  1.272754104030811E+002
    129  3.556688787095951E-007  2.967722940199728E+001
    878  3.541103432621337E-007  1.208553192243232E+002
    828  3.536304152966345E-007  1.175132070682912E+002
    831  3.529223704571436E-007  1.175849164822640E+002
    688  3.422059517945500E-007  1.108652117541332E+002
    844  3.373952218793684E-007  1.182236522024691E+002
    907  3.346335128484777E-007  1.254774984052440E+002
    705  3.333839343646565E-007  1.114879185885843E+002
    629  3.224436246351832E-007  1.086436456014825E+002
    805  3.173994306355692E-007  1.165442309434909E+002
    388  3.172579278600660E-007  4.916519389587509E+001
   1003  3.032409507115992E-007  1.302792324598297E+002
    195  2.895959741127162E-007  3.399004655216064E+001
    729  2.795085259395537E-007  1.124070412533170E+002
    369  2.768488453266244E-007  4.556664797594529E+001
    732  2.766751697893977E-007  1.124809932511083E+002
    843  2.759866575683900E-007  1.181049125326048E+002
    974  2.690579168069391E-007  1.290391941684268E+002
    612  2.622128090369983E-007  1.080838271474082E+002
    925  2.584331636433564E-007  1.268943605090481E+002
    818  2.555891154937208E-007  1.172202887178189E+002
    285  2.536654431301046E-007  3.794670187788559E+001
    496  2.498747804374556E-007  5.977778544840232E+001
    379  2.476256184943068E-007  4.610002508350383E+001
    766  2.363555813471046E-007  1.138313497862233E+002
    436  2.363496024102167E-007  5.562240782737462E+001
    936  2.356853529197383E-007  1.275963114471066E+002
    178  2.316219213825275E-007  3.291892583427273E+001
    888  2.297023604403762E-007  1.215384892766490E+002
    653  2.293552746521834E-007  1.090926521840726E+002
    836  2.219498797343648E-007  1.177792466123822E+002
    638  2.218224931629704E-007  1.087773663504995E+002
    961  2.189053508729183E-007  1.283826108536399E+002
    959  2.183957471930228E-007  1.283643788123119E+002
    687  2.173308940512979E-007  1.108477970364615E+002
    726  2.166454988645811E-007  1.123280306605216E+002
   1025  2.034009440830357E-007  1.310823101564250E+002
    363  1.987703922358465E-007  4.523665715266514E+001
    788  1.970646763805780E-007  1.157595566872355E+002
    935  1.935279633713787E-007  1.274477748704804E+002
    203  1.914302379006733E-007  3.415596231316062E+001
    750  1.912647180024571E-007  1.128980084302201E+002
    876  1.877148405080129E-007  1.207338716680959E+002
    861  1.862723657846740E-007  1.193618968506130E+002
    235  1.849879604893801E-007  3.553329683850696E+001
    839  1.828385596446753E-007  1.178451551754228E+002
    900  1.819896110321397E-007  1.240255399934555E+002
    943  1.816974207268042E-007  1.278255860865938E+002
    499  1.772761187238546E-007  6.010190034988052E+001
    980  1.763371920989853E-007  1.292322903638887E+002
   1012  1.743030802278166E-007  1.305860585800326E+002
    747  1.742009016020092E-007  1.128221651622354E+002
    155  1.734074698053517E-007  3.129077640287002E+001
    779  1.725132594346547E-007  1.153237642854880E+002
    735  1.552359422459220E-007  1.125422257639707E+002
    271  1.498895326944920E-007  3.769377629908810E+001
    874  1.446111643420226E-007  1.206463359037059E+002
    175  1.396804562230911E-007  3.282740528695558E+001
    811  1.370874613522310E-007  1.169131613251637E+002
    834  1.367060295373320E-007  1.176651591794238E+002
    722  1.331621373098033E-007  1.121989232781130E+002
    987  1.307195988678382E-007  1.295218650079724E+002
    951  1.293024881446116E-007  1.282127111215003E+002
    912  1.290580433268107E-007  1.259977317017505E+002
    734  1.290332006216132E-007  1.125227414297757E+002
   1054  1.267506094276577E-007  1.332101619260334E+002
    947  1.251316313198859E-007  1.280025795512814E+002
    882  1.224357697119833E-007  1.212606419968792E+002
    944  1.213553361575388E-007  1.278264506290159E+002
    941  1.163427131891544E-007  1.277239710636116E+002
    509  1.154585489691202E-007  6.104665142125116E+001
    342  1.126401786009727E-007  4.219280462450153E+001
    776  1.122478833212958E-007  1.150535509847603E+002
    835  1.121712990977490E-007  1.176766134664512E+002
    720  1.080259766272041E-007  1.121496181246094E+002
    783  1.031442070688624E-007  1.155776779712016E+002
    971  1.014528493364788E-007  1.289111652451389E+002
     47  9.973215854627773E-008  2.514695584094496E+001
    837  9.699405907826016E-008  1.177814246314451E+002
    281  9.599335252542159E-008  3.778222215271058E+001
    906  9.575085402479765E-008  1.253859334012492E+002
    856  9.072602481032729E-008  1.192407591408727E+002
    692  9.041886151759345E-008  1.109991362888409E+002
   1007  8.978322947328290E-008  1.303971511397991E+002
    814  8.884084351354542E-008  1.170571282096026E+002
   1023  8.836332270065600E-008  1.309907545973144E+002
    802  8.728708826674189E-008  1.163074247182627E+002
   1037  8.107766407763796E-008  1.316166834102353E+002
    484  8.006055508270825E-008  5.894622531819898E+001
    841  7.616770704764752E-008  1.180046875638410E+002
    252  6.905099563679978E-008  3.681481496629917E+001
    819  6.631139787978630E-008  1.172617623112352E+002
    867  6.631112007413675E-008  1.199420338065019E+002
    956  6.385642008701203E-008  1.283075816024711E+002
    773  6.262597321730810E-008  1.146041296786391E+002
    581  6.213017210623415E-008  1.069166383916512E+002
    857  6.159219815805586E-008  1.192977858717030E+002
    993  6.095796195208005E-008  1.299638892136509E+002
    693  5.887653983519636E-008  1.110198391814811E+002
    412  5.873874782189590E-008  5.399327798218789E+001
    478  5.869106797034673E-008  5.880478287498814E+001
    958  5.811519576544656E-008  1.283326337970340E+002
    227  5.059826198209959E-008  3.461221107986133E+001
    891  5.049559943581822E-008  1.222344606190913E+002
    130  5.013722174456427E-008  2.969026097336859E+001
    628  4.731630008819371E-008  1.085999071252231E+002
    864  4.394536415697204E-008  1.195154318953015E+002
    704  4.291436471357043E-008  1.114088220449556E+002
    869  4.208129724276936E-008  1.201465244096069E+002
    969  3.935295730267536E-008  1.288232913140608E+002
    904  3.813433748142923E-008  1.250437756508075E+002
    914  3.595967022702402E-008  1.261343003660832E+002
    424  3.195153868208117E-008  5.504400290817051E+001
    723  3.025206040691113E-008  1.122249597820348E+002
    850  3.006666103658868E-008  1.188640670964077E+002
    647  2.800129170302139E-008  1.089204596390746E+002
   1015  2.768609119873833E-008  1.306693309857935E+002
    443  2.456147409705995E-008  5.615506371008289E+001
    620  2.321812470362617E-008  1.083700393844588E+002
    775  2.320597216632280E-008  1.149447083106751E+002
    718  2.305273463250988E-008  1.120307816427976E+002
    833  2.151089140020374E-008  1.176450554682990E+002
    801  2.065143550367967E-008  1.162412158177078E+002
    652  2.032585968492433E-008  1.090805000764319E+002
    873  1.936863472939275E-008  1.205400953636918E+002
   1073  1.886674821015094E-008  1.355646294676644E+002
    701  1.691792955159649E-008  1.112655741498095E+002
    543  1.296020377512469E-008  1.026098663261161E+002
   1056  1.276225965658241E-008  1.332822863268028E+002
    124  1.214770047110482E-008  2.953039329658957E+001
    452  1.209819056950144E-008  5.732416656661538E+001
    439  9.906350647097373E-009  5.581771077364913E+001
    840  9.549153274767791E-009  1.179674198090055E+002
    316  9.201512122023573E-009  3.947722492082590E+001
   1049  8.743317458332742E-009  1.325964910892840E+002
    326  8.673329700076660E-009  3.980074663620405E+001
    644  8.269006488654070E-009  1.088699046594824E+002
    598  8.059098452365517E-009  1.077082259858063E+002
    999  6.404433610816238E-009  1.301340763851820E+002
    752  4.185561130414487E-009  1.129825416205730E+002
    953  3.781720975271640E-009  1.282835790234384E+002
    946  3.017115549385338E-009  1.279201366409634E+002
    789  2.803902227601748E-009  1.157939903252585E+002
    743  2.801989777751376E-009  1.126739704882794E+002
   1019  2.222357544037476E-009  1.307856127904329E+002
     98  1.899293616551443E-009  2.810036398063808E+001
    996  1.667029812476524E-009  1.300741546440489E+002
    965  1.263617259787596E-009  1.286084743618769E+002
    806  1.018094576822903E-009  1.165904998677036E+002
    501  4.834485990085158E-010  6.025540211442135E+001
    872  3.836504446953890E-010  1.204992644439996E+002
   1059  3.018284676422667E-010  1.335352794510990E+002
    759  2.638975443903120E-010  1.132523759465808E+002
    885  2.116262138165433E-010  1.213849358963692E+002
   1030  1.607186488063789E-010  1.313677884464318E+002
    881  1.454467373397848E-010  1.212001054655417E+002
    889  1.118495872400402E-010  1.221096476933091E+002
    823  8.496662065451552E-011  1.173434151863991E+002
    406  2.720720102152487E-011  5.347162595814701E+001
     41  1.591496281914156E-011  2.434332602389209E+001
    937  6.481926352973436E-012  1.275975168353670E+002
