# Number of modes
   1077
# Tabulated for different initial and final frequencies?
    F
# Mode index, Sj, (highest to lowest), omega_j
    300  3.504661496357374E-002  3.871033423098082E+001
    547  3.033582623581981E-002  1.040413527560943E+002
    297  1.251638535710609E-002  3.850412000814609E+001
   1072  1.018149857680166E-002  1.354275255218108E+002
     16  7.927561862662256E-003  2.083990463296455E+001
      7  7.824561360500590E-003  1.598850297870253E+001
    294  7.368461512004269E-003  3.844005427068350E+001
     27  6.850970143886187E-003  2.288948685305089E+001
    539  6.561602930788559E-003  1.004038214764926E+002
    390  6.228101674712917E-003  4.930034545373515E+001
    531  4.359330093251435E-003  6.280622541285696E+001
     38  4.258828245521503E-003  2.415274881711009E+001
      8  4.129724861751137E-003  1.603898235084092E+001
    418  4.067260776130178E-003  5.440760214654593E+001
     23  4.061717598288338E-003  2.160694502786773E+001
     91  4.041438094754167E-003  2.795709450840539E+001
     24  4.021703364373048E-003  2.165827626673025E+001
    301  3.882817236808419E-003  3.874125966254066E+001
    291  3.777904809267270E-003  3.834865717601958E+001
     32  3.708792293944784E-003  2.386019687247388E+001
    219  3.527365105283958E-003  3.435584966495736E+001
    215  3.496821324065993E-003  3.430912489816387E+001
    302  3.193055007795847E-003  3.874867387838012E+001
    433  2.947238885238946E-003  5.552394895078822E+001
    102  2.889528868348586E-003  2.838723287464182E+001
      1  2.768155163199822E-003  1.480943860687432E+001
    392  2.724507197092564E-003  4.975569880244111E+001
      9  2.695053093737875E-003  1.615282072713023E+001
   1060  2.553326075918714E-003  1.336329109810919E+002
   1058  2.457732989606046E-003  1.334381531708862E+002
    108  2.385278033839927E-003  2.884206820739177E+001
     69  2.355060880575725E-003  2.667931486079132E+001
    114  2.303440233135171E-003  2.903390568794284E+001
    546  2.206726298318953E-003  1.038908634804570E+002
   1064  2.107424604196406E-003  1.339182935247794E+002
    233  2.027922530982954E-003  3.536858076063520E+001
    132  1.944239226273392E-003  2.978147182311027E+001
   1048  1.928832604657275E-003  1.325281096806480E+002
    344  1.925944924037541E-003  4.229281490750487E+001
    491  1.863615360115897E-003  5.916484178919298E+001
    387  1.831224459562795E-003  4.845493173747810E+001
    430  1.749412923910955E-003  5.544226538226409E+001
    582  1.734057367119142E-003  1.069886979669129E+002
    530  1.665127955286183E-003  6.265828803408258E+001
    544  1.634165931279686E-003  1.037287728441322E+002
    422  1.523264372538423E-003  5.478392604221921E+001
    154  1.490375032535579E-003  3.128025029310897E+001
     64  1.486887838237630E-003  2.637954322898939E+001
    306  1.465459592757502E-003  3.922583615449084E+001
     70  1.413109546642941E-003  2.683332853591699E+001
    533  1.388038169317587E-003  6.344214913117692E+001
    126  1.329830271677489E-003  2.957864372821811E+001
    551  1.325912100511661E-003  1.044758850995860E+002
    423  1.325366062817574E-003  5.491452382822700E+001
    111  1.321331159141410E-003  2.891758955889047E+001
     58  1.317296140089222E-003  2.603619761911758E+001
     26  1.307560166090840E-003  2.275577786050195E+001
    549  1.269551971190149E-003  1.043755820157491E+002
   1050  1.261330639697855E-003  1.326682006609648E+002
    290  1.226324883075941E-003  3.834059039797889E+001
   1071  1.165349986090008E-003  1.353191143310252E+002
    554  1.128751009724549E-003  1.048978551747549E+002
    141  1.117776302388800E-003  3.005205957969120E+001
    335  1.072315735914444E-003  4.064698242871874E+001
    266  1.068118816304306E-003  3.763404507858488E+001
    419  1.066728436183324E-003  5.447434435004674E+001
      5  1.050953169880501E-003  1.580375607842547E+001
     86  1.026330151328627E-003  2.760340701365068E+001
    244  1.010940037737421E-003  3.582009297825139E+001
     17  9.804273117973666E-004  2.091913438766164E+001
    296  9.649236555661174E-004  3.847026909032138E+001
     18  9.459666205565506E-004  2.124694793769305E+001
    427  9.333091279597453E-004  5.530625255614972E+001
     81  9.237681603412697E-004  2.737831616504717E+001
    155  9.113962257676549E-004  3.129077640287002E+001
    270  8.996275131530527E-004  3.767493462479421E+001
   1044  8.807130819270039E-004  1.320835593454495E+002
    358  8.773820641752468E-004  4.418411045040358E+001
     97  8.413928241690648E-004  2.809615145046481E+001
     60  8.391385080196444E-004  2.612817271153773E+001
    217  8.387294098272884E-004  3.432077633458158E+001
     31  8.351556333756763E-004  2.349957735236975E+001
     51  8.237681589780162E-004  2.527497960196780E+001
    458  8.128336696435734E-004  5.780961640938520E+001
    611  7.899592047142270E-004  1.080609110523806E+002
      4  7.870196053638741E-004  1.555889535187236E+001
    326  7.846950004879070E-004  3.980074663620405E+001
    152  7.762426869318452E-004  3.107793476288124E+001
     85  7.717438597137507E-004  2.757726243328665E+001
    432  7.588182508260435E-004  5.551253331854516E+001
    425  7.553760150602250E-004  5.512885982268182E+001
   1066  7.522497783673503E-004  1.341339055776214E+002
    245  7.345731719300450E-004  3.584895809931362E+001
    226  7.267438717087091E-004  3.460914941435140E+001
    319  7.099217845174077E-004  3.955367029075058E+001
    258  7.070711305279635E-004  3.725675246841864E+001
    926  7.031470688331144E-004  1.269935099435139E+002
    721  6.961387819498570E-004  1.121902054803930E+002
    403  6.953575645169630E-004  5.332276567118551E+001
    716  6.880999049780041E-004  1.119313653155845E+002
     83  6.866902251764537E-004  2.745200449399356E+001
    475  6.839051009406395E-004  5.870955367754343E+001
    576  6.822810544386191E-004  1.068188420241767E+002
    288  6.751431965618692E-004  3.825168870868715E+001
    822  6.656716906077552E-004  1.173379890193997E+002
     37  6.656580349821093E-004  2.413005277682491E+001
    459  6.556302347341535E-004  5.797524108925945E+001
    115  6.552786473936615E-004  2.908676806680809E+001
     92  6.464958210362549E-004  2.796966533379813E+001
    585  6.427213352154201E-004  1.071721890576240E+002
    379  6.387390773733279E-004  4.610002508350383E+001
     79  6.207387555202534E-004  2.728143790603452E+001
   1041  6.160722342501017E-004  1.318604688563310E+002
    838  6.156949856675700E-004  1.178077045912047E+002
    505  6.046769221118288E-004  6.089365906344585E+001
    163  5.868790722237781E-004  3.148605603035891E+001
    347  5.866160019616174E-004  4.251894246220620E+001
    143  5.678722247344214E-004  3.021552765862468E+001
     45  5.469282298443304E-004  2.505629895200580E+001
    650  5.391444599336561E-004  1.090061273622073E+002
    103  5.389594358802818E-004  2.854698030319213E+001
    820  5.364632673171017E-004  1.173160626674297E+002
    578  5.345657648187550E-004  1.068696587706935E+002
    229  5.307961530939003E-004  3.477639317683153E+001
    330  5.260451391279511E-004  4.000719691328421E+001
    623  5.229192765569798E-004  1.084311616311891E+002
    572  5.219492327660039E-004  1.066354688575440E+002
    279  5.193892217115223E-004  3.776291602598710E+001
     89  5.051048578534863E-004  2.787565477396676E+001
    205  4.957754481370185E-004  3.418138862993963E+001
    166  4.942103661917231E-004  3.197534022905977E+001
    454  4.854910440064922E-004  5.753531790534946E+001
    303  4.802374774080308E-004  3.891633174738261E+001
    778  4.792298472812271E-004  1.153062331743218E+002
    248  4.776462114479995E-004  3.617742791171408E+001
    142  4.627285662541310E-004  3.011700635419402E+001
    329  4.469149926727214E-004  3.994917835777716E+001
   1036  4.444290054323025E-004  1.315563975924429E+002
    112  4.431715265282008E-004  2.893182478938967E+001
     71  4.423697517225359E-004  2.691074291878593E+001
    831  4.379037970416715E-004  1.175849164822640E+002
   1026  4.372568591178534E-004  1.310988308446859E+002
    477  4.348604982886704E-004  5.875439662154096E+001
    210  4.309042562687959E-004  3.421873300884823E+001
    482  4.303557046064528E-004  5.890508639424976E+001
    311  4.185686640866149E-004  3.939193935233331E+001
    507  4.159242831337538E-004  6.098134465730102E+001
    992  4.157744723801699E-004  1.299169051159237E+002
    659  4.148452319051001E-004  1.093169473413985E+002
    292  4.127991103138262E-004  3.837765227419467E+001
    835  4.085816757828946E-004  1.176766134664512E+002
    618  4.022651835990222E-004  1.083041655146542E+002
    241  4.022119800092246E-004  3.573178726353736E+001
    384  3.979213193007925E-004  4.693482184770667E+001
    607  3.944913943266271E-004  1.079782277499060E+002
   1074  3.941568965025226E-004  1.357832717908243E+002
    153  3.918345376943372E-004  3.119128674334460E+001
     21  3.913373713022982E-004  2.149552581175353E+001
    760  3.897611892615584E-004  1.133648679091437E+002
    689  3.853500128379741E-004  1.108992280227757E+002
    690  3.848352314729377E-004  1.109553167085971E+002
    621  3.836619348871782E-004  1.083828600305560E+002
   1005  3.793805006738297E-004  1.302961950162389E+002
    255  3.785400426168668E-004  3.705801266502003E+001
     67  3.751120077307318E-004  2.663955326886673E+001
   1038  3.734718612894799E-004  1.317153469634680E+002
    875  3.727667139554343E-004  1.206504418490652E+002
    285  3.726251809224925E-004  3.794670187788559E+001
    173  3.701058890469450E-004  3.267731285541730E+001
   1052  3.687773552559877E-004  1.330891459743712E+002
    563  3.686216612445062E-004  1.058622417292547E+002
    733  3.613135996146569E-004  1.125211996768446E+002
    356  3.593870357425981E-004  4.399929676237998E+001
    273  3.483298928701899E-004  3.771236202405859E+001
    421  3.410055075496887E-004  5.469982084171487E+001
   1047  3.401310620687208E-004  1.324683504365100E+002
    197  3.400380315508670E-004  3.407091137263039E+001
    135  3.382205550423302E-004  2.990996926970350E+001
    478  3.375033892611813E-004  5.880478287498814E+001
    970  3.373268241263989E-004  1.288440499253601E+002
   1075  3.339800943448525E-004  1.852007864492208E+002
     98  3.314540020596597E-004  2.810036398063808E+001
    658  3.271768141720069E-004  1.092752908733605E+002
     55  3.271529419849603E-004  2.564739582447731E+001
    671  3.267996130682140E-004  1.100461630260976E+002
   1045  3.244280150115626E-004  1.322246800166877E+002
    543  3.218707265698272E-004  1.026098663261161E+002
   1055  3.192400634672547E-004  1.332315483337306E+002
    676  3.164951555033075E-004  1.102968009656115E+002
    182  3.115677786238717E-004  3.313118961536368E+001
    105  3.115101340268169E-004  2.872870804936272E+001
    727  3.097969769445293E-004  1.123838421661365E+002
    813  3.027455508421715E-004  1.170211975618395E+002
    144  2.934597888115384E-004  3.023024488043693E+001
     95  2.927309397530828E-004  2.806113631432304E+001
    221  2.926369437951618E-004  3.444064242877499E+001
    686  2.914797606377889E-004  1.108321598991433E+002
    500  2.891842228098677E-004  6.016266526055261E+001
    645  2.889735608383021E-004  1.088758352374567E+002
    919  2.877977187329043E-004  1.264669767465423E+002
    702  2.871307711120896E-004  1.112791472783473E+002
    207  2.867770932558145E-004  3.419271829752626E+001
    139  2.853922215625830E-004  3.001327528760398E+001
    274  2.831655890257595E-004  3.771469066363962E+001
    847  2.818294988169157E-004  1.183795327778256E+002
    738  2.812062493195003E-004  1.126248828969786E+002
    609  2.811638733892045E-004  1.080529774194348E+002
    796  2.802774185356922E-004  1.160406419035091E+002
    691  2.785027277975944E-004  1.109942746792360E+002
    909  2.783116702858581E-004  1.256671150468244E+002
    312  2.775445163959272E-004  3.940338989709551E+001
    843  2.768786948071914E-004  1.181049125326048E+002
    310  2.766755747536370E-004  3.933560718805473E+001
    626  2.747992842565531E-004  1.085197354965440E+002
    322  2.739883753590082E-004  3.962934885257222E+001
     73  2.725896215329219E-004  2.704395448663374E+001
    199  2.721922669730976E-004  3.411214171315592E+001
    593  2.721458554832918E-004  1.074633420950339E+002
    119  2.677987677578254E-004  2.929038281335912E+001
    771  2.642560777667361E-004  1.142541813627527E+002
    725  2.639870907700048E-004  1.122622575126908E+002
     82  2.617311660411692E-004  2.744742479332049E+001
   1018  2.614217895060773E-004  1.307425624046459E+002
    417  2.602541244536757E-004  5.432386496665636E+001
    213  2.562136930807965E-004  3.426923698719692E+001
    343  2.552201390628653E-004  4.223776350771931E+001
    404  2.516485300979700E-004  5.332919471058649E+001
    742  2.473462200795311E-004  1.126546326383816E+002
    151  2.470994643400639E-004  3.097448214004631E+001
     74  2.470141063105777E-004  2.706787664592100E+001
    954  2.439445001943345E-004  1.282848493157465E+002
    167  2.437242434537007E-004  3.206734480721192E+001
    436  2.431752983279464E-004  5.562240782737462E+001
    180  2.417788889749694E-004  3.306959511625761E+001
    169  2.415298586991717E-004  3.225245008090104E+001
    148  2.404935266537299E-004  3.055713011308698E+001
    280  2.393993492606947E-004  3.777070006257392E+001
    712  2.374045418773611E-004  1.118479116964762E+002
    947  2.373066600580248E-004  1.280025795512814E+002
    613  2.368246716263708E-004  1.081325074305931E+002
    655  2.346460733440697E-004  1.092114390318620E+002
    184  2.327487769145121E-004  3.328145954751520E+001
    348  2.291898493393696E-004  4.278252907839931E+001
    269  2.240878186183384E-004  3.766609016559832E+001
      3  2.202489139885435E-004  1.530095081680193E+001
    897  2.188107985335606E-004  1.233154024205701E+002
    673  2.186028294343036E-004  1.101090602242966E+002
     46  2.173469716194129E-004  2.508968851186969E+001
     36  2.162134726769749E-004  2.408548968715760E+001
   1039  2.152711550612980E-004  1.317789778316224E+002
    821  2.123720894901655E-004  1.173213489801490E+002
    462  2.085246744775201E-004  5.834568949164402E+001
   1069  2.018668004600404E-004  1.347402109836953E+002
    238  2.004452076844347E-004  3.562010162214489E+001
    785  1.999180249719824E-004  1.156515149006221E+002
    631  1.977315553307376E-004  1.086593678715634E+002
    503  1.954202762591918E-004  6.062899617907863E+001
    438  1.900450943189132E-004  5.568774314714533E+001
    678  1.899700305388641E-004  1.105298402911861E+002
    201  1.883393841305342E-004  3.413905621996786E+001
    911  1.866425634510888E-004  1.258968376271585E+002
    848  1.860934606988776E-004  1.185512117490796E+002
    456  1.848393855104011E-004  5.758475825352298E+001
   1042  1.828638269867508E-004  1.319938555239870E+002
    353  1.818844889515180E-004  4.354452657935016E+001
    156  1.788199131511383E-004  3.133959801814033E+001
    536  1.787857906837086E-004  7.244369170766353E+001
    532  1.772650767676578E-004  6.299204701993657E+001
    400  1.770972123606326E-004  5.304406357850599E+001
    597  1.769980982846248E-004  1.076362394255561E+002
     63  1.768029582208573E-004  2.633691355837915E+001
    510  1.753689606890100E-004  6.106496915014706E+001
     42  1.749689194466127E-004  2.442065503900721E+001
    232  1.742354763976996E-004  3.530982942235851E+001
     33  1.736013624910661E-004  2.387502434282544E+001
    385  1.734022675602576E-004  4.744969147605799E+001
    646  1.730626697122116E-004  1.089039652974663E+002
    122  1.723468472212790E-004  2.942821875092930E+001
    198  1.719664267330026E-004  3.410095577154824E+001
    158  1.707223380492859E-004  3.138637587596471E+001
     30  1.699849467532945E-004  2.339033246897357E+001
    101  1.689958683353772E-004  2.816121926613436E+001
    675  1.668668619537904E-004  1.101932688761904E+002
    552  1.635780865654420E-004  1.045004516183760E+002
    121  1.633243717241433E-004  2.937009161569695E+001
   1031  1.615101663450294E-004  1.313824495210718E+002
    289  1.610937818860006E-004  3.832422991649202E+001
     62  1.588586323854210E-004  2.630569023157911E+001
    170  1.575345109020144E-004  3.240864442722207E+001
    749  1.570776074970349E-004  1.128862829609149E+002
     66  1.568654265909688E-004  2.653041695388611E+001
    765  1.559971760490358E-004  1.138034732037320E+002
    320  1.556167616874734E-004  3.958466091098631E+001
    615  1.551480065470864E-004  1.081646255451844E+002
    109  1.542958589204158E-004  2.888359254004277E+001
    376  1.541364841429676E-004  4.578482274843697E+001
    106  1.541021460707140E-004  2.873147041157064E+001
    453  1.539207343641026E-004  5.734859743017803E+001
    164  1.523960870167266E-004  3.156123118588701E+001
    566  1.480440764996278E-004  1.060197199307676E+002
    570  1.477043522839119E-004  1.064458450110351E+002
    602  1.471566357922121E-004  1.078335831208874E+002
    426  1.464464460577378E-004  5.521112029631625E+001
    437  1.444616950909988E-004  5.567668099873953E+001
    944  1.444111610599009E-004  1.278264506290159E+002
    136  1.440213112574048E-004  2.995197020395121E+001
     61  1.434544693261753E-004  2.623624111749398E+001
    649  1.418202093643541E-004  1.089557122086210E+002
   1024  1.418111487644467E-004  1.310472886139475E+002
    177  1.410521202381283E-004  3.286305119332699E+001
    748  1.409444418467180E-004  1.128453459062848E+002
    452  1.406135085417544E-004  5.732416656661538E+001
    295  1.403063106557625E-004  3.844649820311862E+001
     13  1.394582207665595E-004  2.038781372204352E+001
    844  1.385671830153225E-004  1.182236522024691E+002
    352  1.378068085854067E-004  4.345183818831803E+001
    161  1.364186645512812E-004  3.141544799468193E+001
    868  1.354720359740023E-004  1.199994649602093E+002
     40  1.352312644025955E-004  2.429142631572386E+001
    587  1.349193522366426E-004  1.072564562863978E+002
    188  1.336087052102638E-004  3.343297855491465E+001
    710  1.334015253093812E-004  1.117114283703663E+002
    826  1.321371169579187E-004  1.174535409692338E+002
    183  1.318625328354662E-004  3.317747871488443E+001
    168  1.316302880131930E-004  3.223239881301075E+001
    239  1.306810031345600E-004  3.564788119351169E+001
    117  1.298376357771918E-004  2.915145470361619E+001
    479  1.297437123968631E-004  5.886156225440574E+001
    268  1.279112380410072E-004  3.765614789507087E+001
     76  1.272261144361934E-004  2.719040433196805E+001
    409  1.261891812975476E-004  5.377950655266745E+001
    116  1.258014598581104E-004  2.910094471225916E+001
     75  1.257919713093039E-004  2.717284531466260E+001
    275  1.252516597905499E-004  3.771871208633355E+001
    724  1.249461316179025E-004  1.122474317356576E+002
    407  1.248903802915317E-004  5.355040632372296E+001
    557  1.242889803636518E-004  1.053298087456868E+002
    246  1.228955295109353E-004  3.612200287477440E+001
    902  1.226879202906159E-004  1.246861225619736E+002
    267  1.225035358676888E-004  3.763942844703926E+001
    364  1.211048550157435E-004  4.528995878587361E+001
    237  1.206337214234388E-004  3.561350513334219E+001
    588  1.198969477573082E-004  1.072780161282308E+002
    968  1.191608209582144E-004  1.287893908307005E+002
    247  1.179618252246250E-004  3.613855018049320E+001
    592  1.177243813726336E-004  1.074010896433819E+002
    411  1.175752313464637E-004  5.390414096058870E+001
    697  1.170842854557529E-004  1.111168086390436E+002
    442  1.161821752341545E-004  5.605259237502305E+001
    483  1.149825093030901E-004  5.892865432514233E+001
    661  1.118942887095442E-004  1.094040232551639E+002
    196  1.108331547128068E-004  3.402217963204272E+001
    405  1.108048402650173E-004  5.340951413863353E+001
    666  1.095622814972927E-004  1.096961217429448E+002
    186  1.090044863154214E-004  3.335079910483972E+001
    401  1.084472343694968E-004  5.310952948046032E+001
    812  1.084332501550585E-004  1.169499526914024E+002
    381  1.078263811449774E-004  4.623753374880091E+001
    308  1.077443827648724E-004  3.924824416979163E+001
    120  1.073964070733275E-004  2.935022978395871E+001
   1011  1.052331152491205E-004  1.305590563134582E+002
    375  1.051312268474778E-004  4.577921754207221E+001
     14  1.051182440519807E-004  2.047451167645159E+001
    145  1.035529587120205E-004  3.035386176419680E+001
    324  1.034063333304074E-004  3.965813849875591E+001
    157  1.032046048282047E-004  3.136040875348826E+001
    367  1.031928119150384E-004  4.546665367422378E+001
    907  1.025971600270522E-004  1.254774984052440E+002
    559  1.015146804548858E-004  1.054467335457494E+002
    338  1.003950728907112E-004  4.143596746217444E+001
    214  1.003333248371884E-004  3.429158842681225E+001
    731  1.002918260977359E-004  1.124795031346507E+002
    769  9.711903835177632E-005  1.141494817506874E+002
    138  9.705798554582690E-005  2.998810658959070E+001
    240  9.676740227717410E-005  3.568815433410965E+001
    287  9.624658698259758E-005  3.806334999222836E+001
    599  9.578416841505934E-005  1.077354408464688E+002
    293  9.576857244468383E-005  3.840315559517953E+001
    836  9.333039853616533E-005  1.177792466123822E+002
    917  9.300604280281797E-005  1.262583151256411E+002
    694  9.265233203076507E-005  1.110208923005156E+002
    498  9.257042203257875E-005  6.006055704270973E+001
    808  9.151439586712295E-005  1.166438640424820E+002
    282  9.126238673945847E-005  3.781601762519486E+001
    100  9.125182799287676E-005  2.814590236831992E+001
    942  8.998258678874790E-005  1.277896527703618E+002
    564  8.987803628801526E-005  1.059223740174141E+002
    481  8.917295874798274E-005  5.889564718758225E+001
    402  8.910127013918987E-005  5.323403324336612E+001
    918  8.830534328682302E-005  1.263810693695273E+002
    265  8.720544576231857E-005  3.762418150997995E+001
    202  8.699430629841915E-005  3.414693728338715E+001
    637  8.698314109413840E-005  1.087708716348475E+002
    318  8.665076780325928E-005  3.952690512520030E+001
    331  8.624523267723124E-005  4.033978069592825E+001
    218  8.501166956451239E-005  3.434087154455664E+001
    489  8.460760166605182E-005  5.906665573291085E+001
      2  8.429534975165509E-005  1.507477314615795E+001
    497  8.411498958482687E-005  5.984833423050026E+001
    495  8.230749790293391E-005  5.971063876484735E+001
    341  8.154210510211001E-005  4.207899368185591E+001
    130  8.145490392909315E-005  2.969026097336859E+001
    654  8.142766316370630E-005  1.091774321289355E+002
    762  8.042602299886187E-005  1.134504722361933E+002
    486  8.011219973965808E-005  5.898078655703418E+001
    133  7.932983585664368E-005  2.980777525245198E+001
   1022  7.896154072563754E-005  1.309570316227355E+002
    832  7.880701560124383E-005  1.176150872586579E+002
    768  7.865551831433031E-005  1.140511281344195E+002
     54  7.856971647981626E-005  2.537118147105558E+001
     88  7.803520307638566E-005  2.776495450944637E+001
    560  7.791792138092946E-005  1.057397922085461E+002
    125  7.677156822006008E-005  2.955205187993630E+001
    512  7.669649855652965E-005  6.110465593383906E+001
    360  7.665090115688537E-005  4.501412031898634E+001
    131  7.638654888689450E-005  2.976719894627799E+001
    272  7.592809182442630E-005  3.770876893490352E+001
    191  7.589462282035511E-005  3.372798248811258E+001
    464  7.588164849733571E-005  5.841767339850505E+001
    455  7.520104390700657E-005  5.757818593173593E+001
    212  7.466380239812747E-005  3.425448747044050E+001
    372  7.352973970938465E-005  4.569660817760900E+001
    254  7.307292815076696E-005  3.696870162494890E+001
    127  7.258883588440068E-005  2.958197907168710E+001
    194  7.142662413617189E-005  3.388123191050668E+001
    905  7.105548501392245E-005  1.252963463377060E+002
    468  7.049726684965956E-005  5.850419738659161E+001
     12  6.894624449095847E-005  1.791855268392995E+001
    555  6.854881070186166E-005  1.049505825405343E+002
    528  6.836447163765296E-005  6.211763689923020E+001
    540  6.799151069204316E-005  1.019596674086986E+002
    304  6.796725326209769E-005  3.902642388250331E+001
    719  6.688443052634335E-005  1.120361196403708E+002
    386  6.679075537121464E-005  4.778448827008048E+001
    730  6.666646361945122E-005  1.124678820560711E+002
    524  6.652924770512972E-005  6.196836567938324E+001
    261  6.609160239663727E-005  3.751537038816641E+001
    973  6.560936420702229E-005  1.290303348922233E+002
    193  6.533729398625953E-005  3.387383688791338E+001
    807  6.530081225871316E-005  1.166040027024774E+002
    698  6.470406361916152E-005  1.111543499618823E+002
    140  6.446933687425294E-005  3.002380690834687E+001
    104  6.426257405987517E-005  2.863475114667724E+001
    851  6.228499187231197E-005  1.189105890777936E+002
    396  6.205101851211604E-005  5.292259014309509E+001
    553  6.176002947556673E-005  1.045844149005738E+002
   1061  6.168551326893486E-005  1.338239896777959E+002
     20  6.164656966353806E-005  2.146722812704134E+001
    683  6.027637384524225E-005  1.107854094171573E+002
    340  6.001527802391693E-005  4.203744443197692E+001
    259  5.943914085021089E-005  3.731129763636223E+001
    187  5.913322081370995E-005  3.338593491458187E+001
    929  5.890607938573332E-005  1.272324166790593E+002
    476  5.861940373601938E-005  5.874284760292872E+001
    998  5.705849542226534E-005  1.301241144683907E+002
    276  5.645675075079850E-005  3.774173651101562E+001
    755  5.632389602558601E-005  1.130537195644052E+002
    325  5.585059188532901E-005  3.979678053884171E+001
    195  5.572312433902957E-005  3.399004655216064E+001
     43  5.550955130909097E-005  2.485090944939308E+001
     44  5.545136282868877E-005  2.487547588775838E+001
    799  5.483404230358433E-005  1.161655148393659E+002
    600  5.438054885195656E-005  1.078192567961393E+002
    440  5.374407904547057E-005  5.589934491235444E+001
   1027  5.362423062020633E-005  1.311414239553258E+002
    474  5.358518105248030E-005  5.866520048333617E+001
    492  5.332398184897147E-005  5.919740097208313E+001
    511  5.281123880992142E-005  6.108291035790679E+001
    932  5.247365492300208E-005  1.272890793904072E+002
    416  5.239332051750309E-005  5.412105627361211E+001
   1014  5.090715084741318E-005  1.306579532637773E+002
    334  5.078438784024010E-005  4.055961280242965E+001
    687  5.047067545792688E-005  1.108477970364615E+002
    249  5.019958112276827E-005  3.643158917315001E+001
     34  4.957352840379348E-005  2.394870774261297E+001
    635  4.953856735461897E-005  1.087402789130293E+002
     57  4.952494924431979E-005  2.601044601303876E+001
    797  4.943855542355516E-005  1.161224071144865E+002
    669  4.901563127728938E-005  1.098991161820264E+002
    763  4.836292472656792E-005  1.136578287383470E+002
      6  4.808853611592770E-005  1.593905863128156E+001
    928  4.798364182201347E-005  1.271758190169006E+002
    894  4.790183500318634E-005  1.226855190700912E+002
    977  4.774852031858472E-005  1.291448023039548E+002
    230  4.749907189117477E-005  3.507000892128892E+001
    580  4.652542069148431E-005  1.069063882425304E+002
     50  4.541177667332947E-005  2.524792740229145E+001
    391  4.490708194515054E-005  4.935295074539214E+001
    234  4.322983161299444E-005  3.541632958107625E+001
    667  4.320630865182847E-005  1.098231148083649E+002
    972  4.282224321743047E-005  1.289491342298440E+002
    162  4.268117178912263E-005  3.142013005221356E+001
     77  4.233298110766799E-005  2.720977418778346E+001
    525  4.195690001672249E-005  6.201689187624501E+001
    565  4.163029519475424E-005  1.059848591127986E+002
    471  4.146178445615432E-005  5.859921299406331E+001
    817  4.130773219384238E-005  1.171745914510001E+002
    305  4.117783688533884E-005  3.919092577852600E+001
    484  4.090496380428865E-005  5.894622531819898E+001
    382  4.016946757289180E-005  4.661435463500721E+001
    355  3.995785033895737E-005  4.365668409738398E+001
    490  3.979705970470290E-005  5.909746584665749E+001
    706  3.971704603638296E-005  1.115644797142602E+002
    960  3.945860333768052E-005  1.283710541965592E+002
    339  3.917628346131882E-005  4.199721405536648E+001
     59  3.896501502803516E-005  2.608228483109795E+001
    394  3.866276238496546E-005  5.275338077531283E+001
    389  3.849778446430303E-005  4.924612888004685E+001
    313  3.775667772054598E-005  3.941220320488696E+001
   1053  3.768825551286223E-005  1.331993000158318E+002
    632  3.759910943664543E-005  1.086732063917954E+002
    493  3.757269775255936E-005  5.956939432616837E+001
    123  3.737935419167876E-005  2.945706723223188E+001
    160  3.707601556315739E-005  3.140287364756382E+001
    541  3.677491770356196E-005  1.020561485810812E+002
     52  3.676336852355870E-005  2.532370304309600E+001
    981  3.646897319545567E-005  1.292686845988868E+002
    271  3.599745142683448E-005  3.769377629908810E+001
    431  3.594341913307965E-005  5.545822575490884E+001
    449  3.574172057797152E-005  5.713782918039372E+001
   1033  3.571208270365493E-005  1.314921549657209E+002
     94  3.565387732421725E-005  2.803048707399637E+001
    517  3.533459087735256E-005  6.116283191518230E+001
     90  3.523029686524684E-005  2.792299487571685E+001
    410  3.520018078466214E-005  5.380004782230375E+001
    446  3.498925994162195E-005  5.657515742254393E+001
    208  3.498677638431041E-005  3.420400517096608E+001
    680  3.486641836840778E-005  1.106808485277705E+002
    480  3.458985950296259E-005  5.887142017505539E+001
    256  3.455414096802953E-005  3.708485200545782E+001
    185  3.423301223849989E-005  3.329017879350934E+001
    336  3.420095150541290E-005  4.106442919982931E+001
     72  3.418989472714808E-005  2.695844835194747E+001
    216  3.360487057197013E-005  3.431915233475488E+001
    327  3.338194282646881E-005  3.980649710729982E+001
    252  3.307483499711219E-005  3.681481496629917E+001
    190  3.294901080453280E-005  3.352213579831744E+001
     15  3.267822587611618E-005  2.077312965636918E+001
    757  3.200819180781712E-005  1.131455979007981E+002
    222  3.192330198181365E-005  3.444665555523785E+001
    314  3.139539892793416E-005  3.944402428691944E+001
    408  3.137230880140754E-005  5.368647704938994E+001
    128  3.128481986517415E-005  2.964876822252022E+001
     39  3.100787451394509E-005  2.419216907562118E+001
     11  3.097676398082893E-005  1.771447447329438E+001
    521  3.096842742873548E-005  6.120499406654021E+001
    441  3.069211823932737E-005  5.602297434426368E+001
     80  3.065131272416063E-005  2.737665388114407E+001
    257  3.042474422381674E-005  3.716053985696894E+001
    802  2.992363520763956E-005  1.163074247182627E+002
    622  2.983136698020191E-005  1.084041586407917E+002
    913  2.951726782344187E-005  1.260963173315474E+002
    189  2.929544142284619E-005  3.348575581421191E+001
    950  2.927554936546804E-005  1.281356928004739E+002
    529  2.870600775910854E-005  6.213305424318654E+001
    571  2.800304784511572E-005  1.065760725477823E+002
    278  2.787883266405794E-005  3.775225448216675E+001
     84  2.776555412273901E-005  2.748397341497807E+001
    937  2.754803173394290E-005  1.275975168353670E+002
    469  2.748130878964699E-005  5.857260373695996E+001
    260  2.722686303976144E-005  3.745846822965304E+001
    879  2.705985160360442E-005  1.208628531744268E+002
    545  2.695959534854396E-005  1.038885725205099E+002
    515  2.693689991080719E-005  6.113166482037749E+001
    934  2.659393687115899E-005  1.274026915475210E+002
    211  2.633940449940223E-005  3.422885497659050E+001
    345  2.623956961018283E-005  4.248475366295001E+001
    242  2.577667707519138E-005  3.575330164903793E+001
    537  2.554545585335631E-005  7.348438751630307E+001
    450  2.539307786005868E-005  5.723022636777802E+001
    991  2.536042840199395E-005  1.298309517843196E+002
    317  2.533542972820928E-005  3.952108816795088E+001
   1016  2.512970290933259E-005  1.306784011483153E+002
    793  2.505198335532383E-005  1.158943894419280E+002
    518  2.496110094203498E-005  6.116565427175681E+001
    286  2.486179780399242E-005  3.806107114689090E+001
    262  2.470435974479653E-005  3.754826259370084E+001
    129  2.450265065996488E-005  2.967722940199728E+001
    966  2.418818685825369E-005  1.287120665380274E+002
   1070  2.391965931268551E-005  1.350535885837313E+002
    204  2.344272292181608E-005  3.416741852472765E+001
    938  2.340170793851239E-005  1.276246332177813E+002
    561  2.336173507605351E-005  1.057823475786052E+002
    940  2.319535575878881E-005  1.277053477702196E+002
    470  2.311642637957044E-005  5.858950887133865E+001
    412  2.281403040548021E-005  5.399327798218789E+001
     49  2.276284027248384E-005  2.521926711432687E+001
    243  2.262970633896219E-005  3.580427376176280E+001
    577  2.252848216080562E-005  1.068269012623950E+002
    674  2.236109146673322E-005  1.101627157855635E+002
    488  2.223207080639867E-005  5.904214899548738E+001
   1021  2.181660084622251E-005  1.308784400027895E+002
    737  2.148030017206172E-005  1.125716601108342E+002
    573  2.143013153074234E-005  1.066520968004064E+002
    663  2.122845205412387E-005  1.095408569103236E+002
   1057  2.111052199853437E-005  1.332882698940204E+002
    791  2.105827478828530E-005  1.158399885308925E+002
    717  2.090154256201534E-005  1.119901298340990E+002
    558  2.087049691845358E-005  1.054235904423783E+002
    948  2.082815588261663E-005  1.280530341997139E+002
   1000  2.081786092095427E-005  1.301375093272533E+002
    605  2.061086647729803E-005  1.079476682950407E+002
    147  2.043867739290418E-005  3.045498909450352E+001
   1067  2.027095625866396E-005  1.341872351276505E+002
    351  2.004816793460574E-005  4.290814690346715E+001
    713  2.001536082847727E-005  1.118750446375970E+002
    174  1.994524628568884E-005  3.277024257542895E+001
    568  1.994473492897777E-005  1.063884322375297E+002
    250  1.992737927854768E-005  3.645071914574685E+001
    584  1.988166128397872E-005  1.071415131646536E+002
   1032  1.952438964235314E-005  1.314270448258869E+002
    137  1.950538558760902E-005  2.996307755422044E+001
    610  1.938704806983411E-005  1.080548791140610E+002
    413  1.917894841170577E-005  5.407796767412047E+001
    899  1.906020772592309E-005  1.237750393258326E+002
    780  1.901740477927734E-005  1.153482258688003E+002
    159  1.891871313268020E-005  3.140014259635325E+001
    333  1.887874608649462E-005  4.050570323460023E+001
   1034  1.869486680755740E-005  1.314975717016592E+002
    374  1.827789001280951E-005  4.576894168844035E+001
    428  1.819714562205597E-005  5.539697768550786E+001
    466  1.809781346954579E-005  5.848631456847294E+001
    910  1.776868061700497E-005  1.258349422363612E+002
    756  1.719034649874314E-005  1.131019348749128E+002
     78  1.717933602391055E-005  2.724001953302053E+001
    225  1.715122618238160E-005  3.458265676939745E+001
    772  1.675698441444111E-005  1.144444014986270E+002
    369  1.660410139785061E-005  4.556664797594529E+001
    538  1.654244890117276E-005  8.801939400846273E+001
    854  1.639143798431870E-005  1.190938927222375E+002
    380  1.638729666369456E-005  4.621788456267294E+001
    943  1.621903959523253E-005  1.278255860865938E+002
    236  1.615771958783380E-005  3.558504171265294E+001
    803  1.605694749568715E-005  1.163959410830473E+002
    604  1.593856662941985E-005  1.078901483894559E+002
    880  1.572795146095612E-005  1.209811659012211E+002
    651  1.549323299900239E-005  1.090123807306586E+002
     68  1.540118174342453E-005  2.665958995788216E+001
    485  1.536651533872015E-005  5.896971858223063E+001
    596  1.530890038836386E-005  1.076305596761092E+002
    328  1.526204324916308E-005  3.982877398686839E+001
    110  1.520506778032124E-005  2.890337161783228E+001
    967  1.517043885808391E-005  1.287730879251822E+002
    989  1.511715416717862E-005  1.296856498562064E+002
    361  1.509527931964792E-005  4.509188248244521E+001
    192  1.476196664347091E-005  3.373139183933635E+001
    203  1.443473540169882E-005  3.415596231316062E+001
    206  1.437305544397059E-005  3.418711639611698E+001
    146  1.428728806693899E-005  3.038455959742199E+001
    567  1.421346866202663E-005  1.061175767374582E+002
     29  1.420227067253646E-005  2.304600720746813E+001
    930  1.416374172928038E-005  1.272550109882912E+002
    795  1.413492629216201E-005  1.159446042090269E+002
    903  1.371368097308928E-005  1.249295857950171E+002
    672  1.352789249191475E-005  1.100523893058521E+002
    550  1.340698821870790E-005  1.044255141670578E+002
     53  1.337520403092311E-005  2.532427500710937E+001
    378  1.330828490112968E-005  4.609481655347708E+001
    984  1.314327706333374E-005  1.293776492189174E+002
    591  1.312416877290981E-005  1.073970459895217E+002
    522  1.295077250396929E-005  6.189501394570030E+001
    583  1.285017309226664E-005  1.070323413352247E+002
    107  1.283214847884123E-005  2.880093649968087E+001
    134  1.253980155898876E-005  2.989081555609098E+001
    494  1.246196065662355E-005  5.959072402434833E+001
    323  1.241293573220473E-005  3.963162035223775E+001
   1020  1.239337661010028E-005  1.308300137670077E+002
    359  1.227534174412083E-005  4.440820660542785E+001
     47  1.204988116639592E-005  2.514695584094496E+001
    299  1.176640928619486E-005  3.861147003050849E+001
    542  1.173368831630966E-005  1.021380905135569E+002
    283  1.168462418005149E-005  3.781664732037148E+001
    684  1.146563963474122E-005  1.108055531440044E+002
   1009  1.132569717890669E-005  1.304609142394732E+002
    176  1.130322363113198E-005  3.283702642513862E+001
    746  1.127015119406160E-005  1.128150956859242E+002
    118  1.106367662170770E-005  2.927665934202001E+001
    877  1.098603057022970E-005  1.207635072396237E+002
    434  1.097144040885041E-005  5.556859477681133E+001
    783  1.092719817945425E-005  1.155776779712016E+002
     99  1.079437313523235E-005  2.813215700322161E+001
    774  1.067192867890166E-005  1.147299018357027E+002
    589  1.042149112227573E-005  1.073243551551986E+002
    420  1.041280308850865E-005  5.464265012038360E+001
    354  1.040187425407585E-005  4.358717802496741E+001
    979  1.028753842364586E-005  1.292073280791942E+002
    175  1.017009020422494E-005  3.282740528695558E+001
    855  1.009723738973345E-005  1.192335282432478E+002
    722  9.979223370196858E-006  1.121989232781130E+002
    579  9.904387667430843E-006  1.068810185812333E+002
    298  9.874555975739843E-006  3.860785506393049E+001
     56  9.726830618078825E-006  2.577494999028338E+001
    963  9.538597233625763E-006  1.284456810480366E+002
    337  9.503645860794149E-006  4.125439580477820E+001
   1029  9.474257801092370E-006  1.312589073638632E+002
    958  9.449787898754395E-006  1.283326337970340E+002
    616  9.446766300107767E-006  1.081902144651443E+002
    527  9.274467523271092E-006  6.211137902133680E+001
    448  9.167977920087272E-006  5.707216855561523E+001
    502  9.149495528683260E-006  6.033057478557798E+001
    995  9.122893701267262E-006  1.300556822463785E+002
    927  9.081669868399924E-006  1.271118445081471E+002
    890  9.065557658783052E-006  1.222269695705770E+002
    224  8.992019935429035E-006  3.456258153743839E+001
    999  8.955467614406706E-006  1.301340763851820E+002
    945  8.776955340326038E-006  1.278945431870569E+002
     22  8.748504728937398E-006  2.149928230079738E+001
    790  8.682900407283424E-006  1.158127479939932E+002
    624  8.654237383710579E-006  1.084534043855216E+002
    770  8.493041013853787E-006  1.141655133118217E+002
    594  8.327178334459396E-006  1.075267994995216E+002
    865  8.240751225601547E-006  1.195233182598442E+002
    827  8.096286587245200E-006  1.174913134466901E+002
    842  7.991669722399603E-006  1.180365480395604E+002
    424  7.976519761611707E-006  5.504400290817051E+001
    514  7.929376191726614E-006  6.112143562944963E+001
   1076  7.855829620127994E-006  1.858411948136732E+002
    608  7.828073706228102E-006  1.080310773431174E+002
    964  7.760094808309612E-006  1.284811881676410E+002
    496  7.700675081845284E-006  5.977778544840232E+001
    463  7.676174718538590E-006  5.840368106338346E+001
    720  7.618602463164280E-006  1.121496181246094E+002
    895  7.608487959771419E-006  1.231922658586809E+002
    682  7.549253098769133E-006  1.107795174367904E+002
    959  7.476763373836147E-006  1.283643788123119E+002
    741  7.349953940288547E-006  1.126383251241469E+002
    263  7.306716322222344E-006  3.756851288337069E+001
    113  7.246039450446813E-006  2.894608485543543E+001
    715  7.241299031692392E-006  1.119122168057061E+002
   1004  7.169440021015145E-006  1.302828791464404E+002
    873  7.157947617551946E-006  1.205400953636918E+002
    332  7.089984747927983E-006  4.036182328117159E+001
    472  6.985756032270678E-006  5.860732378330380E+001
     48  6.742793538003920E-006  2.521050943974308E+001
   1006  6.704965784193997E-006  1.303473844140781E+002
    810  6.697094067395140E-006  1.168542717379606E+002
    595  6.636870394255425E-006  1.075727311228692E+002
    892  6.604213575468323E-006  1.223146913863671E+002
    508  6.585200611111519E-006  6.101348113010317E+001
    707  6.542932186068367E-006  1.116484954290111E+002
    315  6.431938599986094E-006  3.946262277995078E+001
    181  6.415786231051441E-006  3.309588236011395E+001
   1068  6.393394316063765E-006  1.342139437973118E+002
    761  6.371041982377078E-006  1.134019555363662E+002
    627  6.294257324610675E-006  1.085359599099982E+002
   1001  6.175964381163553E-006  1.301907504163165E+002
    346  6.175345089657397E-006  4.251353138364797E+001
     35  6.161256488285505E-006  2.406163852032448E+001
     41  6.134408673164038E-006  2.434332602389209E+001
    171  6.003047461323318E-006  3.251692712246987E+001
    922  5.955437798771020E-006  1.267277337836395E+002
    886  5.884118938905239E-006  1.214498350996194E+002
    179  5.859152673254993E-006  3.301071504933698E+001
    150  5.760074513553729E-006  3.095380367517388E+001
    804  5.745992577467198E-006  1.164307012054320E+002
    782  5.743565861395079E-006  1.155663554633046E+002
    962  5.736280123969133E-006  1.284190833846668E+002
    444  5.638883493055419E-006  5.640873014994138E+001
    251  5.602544749475969E-006  3.670193646720268E+001
    399  5.580938929408316E-006  5.300117686152819E+001
   1035  5.343915573915011E-006  1.315022364948826E+002
    357  5.237193407132766E-006  4.413715889769129E+001
    309  5.222172310003411E-006  3.929268620446922E+001
    316  5.137324444562830E-006  3.947722492082590E+001
    953  5.119077907472328E-006  1.282835790234384E+002
    732  5.109394307997730E-006  1.124809932511083E+002
    569  5.074238480188707E-006  1.064024371239422E+002
    371  5.046410089966156E-006  4.567834615857563E+001
    994  5.044817946935204E-006  1.299886393654431E+002
    415  5.025255636764285E-006  5.409773008136273E+001
    393  5.001394836934000E-006  5.117422678475859E+001
    633  4.937918702189769E-006  1.086770367044967E+002
    350  4.908064392522400E-006  4.287084402122760E+001
    792  4.897367179319815E-006  1.158579110744502E+002
    562  4.878948236119569E-006  1.058125905236654E+002
    435  4.876521396132677E-006  5.559833163642786E+001
    370  4.855418931992916E-006  4.562254251008403E+001
    923  4.847066165615769E-006  1.267345977181097E+002
    363  4.842158755467491E-006  4.523665715266514E+001
    307  4.838703502739120E-006  3.924418415703018E+001
    575  4.824752692855255E-006  1.067636975144964E+002
   1010  4.819791745426342E-006  1.305150376372933E+002
    784  4.811999379243617E-006  1.156115101864969E+002
   1040  4.804785532911111E-006  1.318325334098182E+002
    997  4.791875839226368E-006  1.300952728722026E+002
    896  4.657563309087362E-006  1.231967026860033E+002
    901  4.656620134566537E-006  1.246352700151236E+002
    935  4.626811462609614E-006  1.274477748704804E+002
     28  4.591370538392323E-006  2.303576073275412E+001
    574  4.524676863706147E-006  1.067089856517616E+002
    957  4.509747853754137E-006  1.283224605383935E+002
    704  4.419878371980232E-006  1.114088220449556E+002
    786  4.397622162804545E-006  1.156679892855772E+002
    516  4.361264152717975E-006  6.114879167768425E+001
    321  4.317359443148673E-006  3.959878738143280E+001
    893  4.316162973392040E-006  1.225899968537864E+002
    406  4.279024811116281E-006  5.347162595814701E+001
    397  4.267250079292613E-006  5.292984574180642E+001
    377  4.202178279977203E-006  4.580996274485975E+001
   1063  4.147784742414005E-006  1.338610239777397E+002
    915  4.119637005055308E-006  1.261627872997085E+002
    728  4.109787132216897E-006  1.123911467240560E+002
   1017  3.783977910887704E-006  1.307020085696559E+002
   1043  3.783287377247019E-006  1.320181582363304E+002
    277  3.761156654892126E-006  3.774405278528796E+001
    451  3.753033955239446E-006  5.726939793781466E+001
    679  3.714647532344575E-006  1.106299731616480E+002
    535  3.675432389196838E-006  7.234684016852472E+001
    677  3.674349436875954E-006  1.104103779431708E+002
    519  3.656866786941437E-006  6.116666091909611E+001
    849  3.638257478710881E-006  1.186556798515274E+002
    520  3.638030155032489E-006  6.117519869664547E+001
    800  3.621673005828522E-006  1.161811067685375E+002
    178  3.560447469869264E-006  3.291892583427273E+001
    534  3.556595517502006E-006  6.352992396574133E+001
    924  3.478187451176121E-006  1.267645350898773E+002
    670  3.415857873497339E-006  1.099218253642219E+002
    200  3.412516910709834E-006  3.413076352937113E+001
    695  3.356451194920408E-006  1.110404578737834E+002
    825  3.344092206267648E-006  1.174155068731360E+002
    723  3.327636665748509E-006  1.122249597820348E+002
     10  3.181919948180780E-006  1.630017574824609E+001
    870  3.164446027256686E-006  1.203621491035894E+002
    815  3.131485397637959E-006  1.170844697210597E+002
    548  3.110073372378886E-006  1.041098140943872E+002
   1037  3.074996996872662E-006  1.316166834102353E+002
    223  3.067415261545325E-006  3.452101188794168E+001
    983  3.047386419925205E-006  1.293699640118089E+002
    971  3.044341026809547E-006  1.289111652451389E+002
    149  3.001677621092900E-006  3.064428879965062E+001
    630  2.917051218611304E-006  1.086464564510315E+002
    829  2.884260485845850E-006  1.175434491795728E+002
    447  2.877036022656316E-006  5.692641404400948E+001
    253  2.870213759026960E-006  3.690338042035397E+001
    465  2.802267525876021E-006  5.845233409136720E+001
    889  2.772088119419620E-006  1.221096476933091E+002
    845  2.720318559382162E-006  1.182722434309271E+002
    839  2.707675315673741E-006  1.178451551754228E+002
    506  2.675981785000692E-006  6.092479484159845E+001
    739  2.651149668914785E-006  1.126267264275300E+002
   1012  2.644889901378126E-006  1.305860585800326E+002
    931  2.595296496368502E-006  1.272754104030811E+002
     25  2.564902387364060E-006  2.268285797328677E+001
    429  2.484278396665037E-006  5.542704693693687E+001
    900  2.473492594837302E-006  1.240255399934555E+002
    644  2.454964486159464E-006  1.088699046594824E+002
    986  2.448013412404276E-006  1.294778988001748E+002
    700  2.416138382359194E-006  1.112187707043413E+002
    660  2.415461606567862E-006  1.093929129115852E+002
    668  2.341294898481915E-006  1.098358517134249E+002
    955  2.320576043424586E-006  1.283043098504922E+002
    231  2.276873441420842E-006  3.529195130720404E+001
    949  2.265781462682263E-006  1.280833568476082E+002
    699  2.260586363813087E-006  1.111753891148923E+002
    946  2.256836021828384E-006  1.279201366409634E+002
    904  2.214320169921120E-006  1.250437756508075E+002
    634  2.205481864841123E-006  1.087110579745548E+002
    657  2.197217653858195E-006  1.092680437977900E+002
    619  2.189970878292220E-006  1.083262496248409E+002
    744  2.188734358421547E-006  1.127340165661099E+002
    862  2.188422190268912E-006  1.194326389788892E+002
     65  2.163775521533045E-006  2.645533186342116E+001
    990  2.084358911993702E-006  1.297249883032466E+002
   1046  2.020290431165886E-006  1.322741703884410E+002
    665  2.011711277116255E-006  1.096195054263975E+002
    365  2.001839128968389E-006  4.540196146988517E+001
   1002  1.990303989963694E-006  1.301955720736593E+002
   1077  1.978511243365189E-006  6.189178021453241E+002
    745  1.942661479525607E-006  1.127541380335163E+002
    920  1.934452054649203E-006  1.265729199247587E+002
    781  1.886960026696284E-006  1.155015502370288E+002
    711  1.884917668889266E-006  1.117833092223069E+002
   1049  1.857709210892962E-006  1.325964910892840E+002
    383  1.834219658710893E-006  4.665506804468283E+001
    956  1.822598818338238E-006  1.283075816024711E+002
    395  1.784935874616054E-006  5.279005865968511E+001
    586  1.762523559343796E-006  1.072414988471015E+002
    882  1.755441132343723E-006  1.212606419968792E+002
    656  1.739331618994614E-006  1.092383325553483E+002
    987  1.731926544886498E-006  1.295218650079724E+002
    709  1.718812349073829E-006  1.116986555393093E+002
    856  1.706866689302020E-006  1.192407591408727E+002
    759  1.667589728030763E-006  1.132523759465808E+002
    601  1.653161501932531E-006  1.078222216339937E+002
    641  1.653038051530038E-006  1.088136450829588E+002
    853  1.620550569885543E-006  1.189950762444425E+002
    643  1.611587061200954E-006  1.088529165631816E+002
    648  1.565796757324840E-006  1.089328290594756E+002
    872  1.565164721281609E-006  1.204992644439996E+002
    840  1.563291634884755E-006  1.179674198090055E+002
    921  1.562309151546085E-006  1.266347372507485E+002
    362  1.552117508728919E-006  4.520209191521082E+001
    708  1.543083808449612E-006  1.116659378913442E+002
    439  1.502902857758166E-006  5.581771077364913E+001
    349  1.485308499390279E-006  4.279212686889406E+001
    776  1.455658664964773E-006  1.150535509847603E+002
    642  1.401759218830882E-006  1.088349318990273E+002
    878  1.355604796339054E-006  1.208553192243232E+002
    714  1.306210479444278E-006  1.118865310298163E+002
    581  1.276756812796698E-006  1.069166383916512E+002
    264  1.275078183339216E-006  3.760740200223662E+001
    764  1.243785683544513E-006  1.137269990775531E+002
    705  1.241468778701366E-006  1.114879185885843E+002
    912  1.235908936880005E-006  1.259977317017505E+002
    860  1.219715865307115E-006  1.193608179742887E+002
    809  1.175378885322499E-006  1.168273457040169E+002
   1003  1.171007402289165E-006  1.302792324598297E+002
    830  1.168154308913820E-006  1.175448785112390E+002
    639  1.156286781479687E-006  1.087924757147032E+002
    603  1.152166382959392E-006  1.078480909052838E+002
   1019  1.148323850355902E-006  1.307856127904329E+002
    787  1.146745928245655E-006  1.157066821730262E+002
    636  1.111468897846119E-006  1.087412284437008E+002
   1062  1.075985601457110E-006  1.338537297016246E+002
   1073  1.070181983951277E-006  1.355646294676644E+002
    885  1.048040601319264E-006  1.213849358963692E+002
    124  1.040247228954837E-006  2.953039329658957E+001
    501  1.033413978650362E-006  6.025540211442135E+001
    775  1.021995557268984E-006  1.149447083106751E+002
    814  1.014275949709579E-006  1.170571282096026E+002
    625  1.009596891680287E-006  1.084878781680722E+002
    985  1.001497894622568E-006  1.294454523269476E+002
    766  9.726808609801080E-007  1.138313497862233E+002
    952  9.637297373158048E-007  1.282170243378332E+002
    504  9.615337790236073E-007  6.073767201700102E+001
    883  9.417190128434560E-007  1.212822283474710E+002
    818  9.348723770978991E-007  1.172202887178189E+002
    556  9.297224771723363E-007  1.053074591696642E+002
     96  9.270227432185878E-007  2.807603105873968E+001
    685  9.153032064769386E-007  1.108208915724099E+002
    227  9.148897495452973E-007  3.461221107986133E+001
   1056  9.109615028039842E-007  1.332822863268028E+002
    996  8.924832001317527E-007  1.300741546440489E+002
    590  8.866629193123709E-007  1.073381491314167E+002
    767  8.602679272711777E-007  1.139787538815297E+002
    978  8.405520792857074E-007  1.291764873003617E+002
    837  8.260248048198198E-007  1.177814246314451E+002
    747  8.146905165807850E-007  1.128221651622354E+002
   1008  8.135443188402512E-007  1.304054287055121E+002
    914  7.999363804251817E-007  1.261343003660832E+002
    734  7.995143885256658E-007  1.125227414297757E+002
    373  7.951733425516996E-007  4.573517441489172E+001
    523  7.939128887168218E-007  6.195141091349550E+001
     93  7.934639455092906E-007  2.801831476528660E+001
    281  7.754920905827451E-007  3.778222215271058E+001
    467  7.710032474750833E-007  5.850070475174659E+001
    884  7.647409170215761E-007  1.212913619330936E+002
    740  7.508099335949875E-007  1.126281679605138E+002
   1028  7.328795718458011E-007  1.312419762585663E+002
    789  7.314667664950950E-007  1.157939903252585E+002
    640  7.296930728385434E-007  1.088027953187827E+002
    939  7.058462094446778E-007  1.276788938661296E+002
    750  6.926922915044491E-007  1.128980084302201E+002
    846  6.508276149372071E-007  1.183733977129572E+002
    982  6.447115307129342E-007  1.293230544301462E+002
    850  6.397021978451816E-007  1.188640670964077E+002
    834  6.229738073126827E-007  1.176651591794238E+002
    891  6.213221945580083E-007  1.222344606190913E+002
    819  6.185816925503211E-007  1.172617623112352E+002
    509  6.172692595236413E-007  6.104665142125116E+001
    965  6.141435706071089E-007  1.286084743618769E+002
    473  6.086616849189101E-007  5.864875851961727E+001
    445  6.070283415295524E-007  5.650985963977887E+001
    414  5.938916766041322E-007  5.408443269732371E+001
    696  5.671376088136256E-007  1.111110130672436E+002
    876  5.514889887106740E-007  1.207338716680959E+002
   1023  5.494650648450518E-007  1.309907545973144E+002
    828  5.477693734172566E-007  1.175132070682912E+002
   1013  5.393334621220617E-007  1.306191025791559E+002
    908  5.342211737022096E-007  1.256350992978881E+002
    701  5.328338300264341E-007  1.112655741498095E+002
    735  5.166149170140431E-007  1.125422257639707E+002
    499  5.093285865595594E-007  6.010190034988052E+001
     19  5.077404481620426E-007  2.137958735177528E+001
    863  4.940452062335489E-007  1.194780899982511E+002
    620  4.836454642229295E-007  1.083700393844588E+002
    866  4.661393532645795E-007  1.198737679274225E+002
    703  4.586443943190718E-007  1.113359924967504E+002
    598  4.540732074684274E-007  1.077082259858063E+002
   1051  4.432888702312182E-007  1.330173846663143E+002
    209  4.411073381863228E-007  3.420776675567321E+001
   1030  4.339720969166082E-007  1.313677884464318E+002
    801  4.252014558378908E-007  1.162412158177078E+002
    841  4.214059387024158E-007  1.180046875638410E+002
    824  4.197197191126110E-007  1.173851057796732E+002
    777  3.957928454192014E-007  1.150636811545726E+002
    974  3.925409452345288E-007  1.290391941684268E+002
    614  3.866355425700483E-007  1.081499604581023E+002
    936  3.651377276661460E-007  1.275963114471066E+002
    852  3.584489201912781E-007  1.189308904937423E+002
    858  3.452534476791858E-007  1.193043137223610E+002
    751  3.423533522859037E-007  1.129352725370382E+002
    220  3.267299415412521E-007  3.440936379612124E+001
    811  3.225099004810868E-007  1.169131613251637E+002
    647  3.184277586705783E-007  1.089204596390746E+002
    664  3.166739810741470E-007  1.095868237421283E+002
    864  3.155447212605294E-007  1.195154318953015E+002
    228  3.125265946300691E-007  3.465329128304563E+001
    693  3.058262896777996E-007  1.110198391814811E+002
    941  3.053365957375672E-007  1.277239710636116E+002
    342  3.003585601521610E-007  4.219280462450153E+001
    975  2.928797096695193E-007  1.290479361570385E+002
    980  2.906323546758724E-007  1.292322903638887E+002
    688  2.780093945760126E-007  1.108652117541332E+002
    888  2.759976653225634E-007  1.215384892766490E+002
    898  2.678163415890061E-007  1.236287338505038E+002
    993  2.594069973594727E-007  1.299638892136509E+002
   1007  2.566963948080566E-007  1.303971511397991E+002
    988  2.483854876832282E-007  1.295230022337254E+002
    736  2.404895657785667E-007  1.125700463249535E+002
    612  2.373659092493619E-007  1.080838271474082E+002
    172  2.267204062618035E-007  3.254695536480502E+001
    460  2.261313830694905E-007  5.821511818989060E+001
   1025  2.228181007713587E-007  1.310823101564250E+002
    718  2.195910161260589E-007  1.120307816427976E+002
    165  2.105397827824406E-007  3.194792507678593E+001
    925  2.052496458844188E-007  1.268943605090481E+002
    823  2.026553696879254E-007  1.173434151863991E+002
    743  2.015810539857089E-007  1.126739704882794E+002
    906  2.010259881908582E-007  1.253859334012492E+002
    976  1.995194609693154E-007  1.291265023483052E+002
    726  1.969327784685907E-007  1.123280306605216E+002
    806  1.956769935521579E-007  1.165904998677036E+002
    869  1.864864397751230E-007  1.201465244096069E+002
    951  1.792025331639396E-007  1.282127111215003E+002
    794  1.716736614880692E-007  1.159299755047292E+002
    526  1.664033632107792E-007  6.205614154690332E+001
    398  1.584018121838971E-007  5.298968704937109E+001
    816  1.522164157264058E-007  1.170854692244173E+002
    461  1.494762654457212E-007  5.832169084274378E+001
    881  1.385247192809992E-007  1.212001054655417E+002
    513  1.231257700237520E-007  6.111701004965728E+001
    961  1.204886748923127E-007  1.283826108536399E+002
    366  1.122366541083127E-007  4.541480133184800E+001
    805  1.110074117273863E-007  1.165442309434909E+002
    681  1.098733090501050E-007  1.107150530846271E+002
    861  9.482902324020208E-008  1.193618968506130E+002
   1065  9.312793257422716E-008  1.340986810838602E+002
    629  9.240097407002986E-008  1.086436456014825E+002
    833  8.088432111470524E-008  1.176450554682990E+002
   1054  7.971422412976898E-008  1.332101619260334E+002
    388  6.989460584948753E-008  4.916519389587509E+001
    933  6.915386779934076E-008  1.272967505112425E+002
    788  6.881818089284337E-008  1.157595566872355E+002
    867  6.750363664408331E-008  1.199420338065019E+002
    368  6.403064891881901E-008  4.552075151204606E+001
    652  5.628654152450870E-008  1.090805000764319E+002
    887  5.482044784471052E-008  1.215278324822884E+002
    798  4.812189803550674E-008  1.161233232814441E+002
    606  4.663414411040577E-008  1.079754075340127E+002
    753  4.652261670166422E-008  1.130399909728984E+002
    284  4.235151757069382E-008  3.794002386601017E+001
    617  3.663929701032328E-008  1.082069188907082E+002
    969  3.534144980461916E-008  1.288232913140608E+002
    628  3.483760609437282E-008  1.085999071252231E+002
    779  3.289813352564919E-008  1.153237642854880E+002
    857  3.108406578437736E-008  1.192977858717030E+002
    662  2.457323329191454E-008  1.094304874643061E+002
    874  1.888559710407832E-008  1.206463359037059E+002
    487  1.638154811429884E-008  5.901096182276392E+001
    653  1.421432631133161E-008  1.090926521840726E+002
    859  1.268197804147624E-008  1.193117826572047E+002
    871  1.080971126569442E-008  1.204638135739833E+002
    457  1.015127338952286E-008  5.770039153165104E+001
    916  1.006302711683356E-008  1.261858055404796E+002
    758  8.145671973547947E-009  1.131945788764974E+002
    692  5.462261881700203E-009  1.109991362888409E+002
    754  4.827052410510130E-009  1.130532912402911E+002
    752  4.119474976016191E-009  1.129825416205730E+002
   1015  3.454019329978620E-009  1.306693309857935E+002
    235  3.141839129967858E-009  3.553329683850696E+001
    773  2.211675932937283E-009  1.146041296786391E+002
   1059  9.538037492224061E-010  1.335352794510990E+002
    729  5.118739787128544E-010  1.124070412533170E+002
    443  4.247374331112579E-011  5.615506371008289E+001
     87  3.256989031723736E-011  2.773505635732142E+001
    638  3.662561941093511E-013  1.087773663504995E+002
