# Number of modes
   1077
# Tabulated for different initial and final frequencies?
    F
# Mode index, Sj, (highest to lowest), omega_j
    547  5.379766022485245E-002  1.040413527560943E+002
    390  2.615437015971425E-002  4.930034545373515E+001
      7  1.331365885423545E-002  1.598850297870253E+001
    418  8.753226609572217E-003  5.440760214654593E+001
    387  7.796980033617908E-003  4.845493173747810E+001
     23  7.086126485649396E-003  2.160694502786773E+001
      8  6.425361225904294E-003  1.603898235084092E+001
    454  6.277236285778164E-003  5.753531790534946E+001
    419  6.067851662722006E-003  5.447434435004674E+001
     24  5.339054721415653E-003  2.165827626673025E+001
   1048  5.192710923236191E-003  1.325281096806480E+002
    485  4.953328071400294E-003  5.896971858223063E+001
     38  4.946843314456674E-003  2.415274881711009E+001
    475  4.898432466631450E-003  5.870955367754343E+001
    456  4.881648893520569E-003  5.758475825352298E+001
    546  4.016488982346127E-003  1.038908634804570E+002
   1047  3.606780729831825E-003  1.324683504365100E+002
   1074  3.336265787722399E-003  1.357832717908243E+002
     29  3.301305158430594E-003  2.304600720746813E+001
    114  3.114737849213538E-003  2.903390568794284E+001
    460  2.998533086610578E-003  5.821511818989060E+001
     64  2.997060609524327E-003  2.637954322898939E+001
    544  2.887943050664095E-003  1.037287728441322E+002
    423  2.863255516345778E-003  5.491452382822700E+001
    552  2.779745860691929E-003  1.045004516183760E+002
    391  2.550010459698636E-003  4.935295074539214E+001
    505  2.384939226245439E-003  6.089365906344585E+001
    551  2.378052476289373E-003  1.044758850995860E+002
     18  2.311041125733753E-003  2.124694793769305E+001
    392  2.300352342037954E-003  4.975569880244111E+001
    446  2.298623839483621E-003  5.657515742254393E+001
    379  2.271338872049966E-003  4.610002508350383E+001
     71  2.267975115060839E-003  2.691074291878593E+001
    549  2.147220522814211E-003  1.043755820157491E+002
    151  2.122984440910605E-003  3.097448214004631E+001
    554  2.074738984061167E-003  1.048978551747549E+002
    563  2.059026322530431E-003  1.058622417292547E+002
    294  2.009455098874919E-003  3.844005427068350E+001
     65  1.962383346127603E-003  2.645533186342116E+001
     58  1.784980213631582E-003  2.603619761911758E+001
    248  1.758082910768763E-003  3.617742791171408E+001
    297  1.743226586648231E-003  3.850412000814609E+001
    422  1.732919154085240E-003  5.478392604221921E+001
   1045  1.724615524705735E-003  1.322246800166877E+002
    578  1.709893236769210E-003  1.068696587706935E+002
    533  1.652627325265652E-003  6.344214913117692E+001
    572  1.644151436851406E-003  1.066354688575440E+002
    301  1.569351610678186E-003  3.874125966254066E+001
    479  1.511084583762938E-003  5.886156225440574E+001
    452  1.496709314954546E-003  5.732416656661538E+001
     60  1.446817697704982E-003  2.612817271153773E+001
      5  1.446427892397526E-003  1.580375607842547E+001
    535  1.394816868297754E-003  7.234684016852472E+001
    539  1.394485101876990E-003  1.004038214764926E+002
    425  1.357196434802979E-003  5.512885982268182E+001
    386  1.332753456907231E-003  4.778448827008048E+001
   1055  1.304810760434735E-003  1.332315483337306E+002
    474  1.264263344515736E-003  5.866520048333617E+001
     31  1.254759971627002E-003  2.349957735236975E+001
    445  1.200053225724755E-003  5.650985963977887E+001
   1070  1.197078493123223E-003  1.350535885837313E+002
     32  1.175255685314916E-003  2.386019687247388E+001
     17  1.101441850139232E-003  2.091913438766164E+001
    344  1.080113025882503E-003  4.229281490750487E+001
    434  1.045269318321826E-003  5.556859477681133E+001
    330  9.952751119433898E-004  4.000719691328421E+001
    149  9.659597517352370E-004  3.064428879965062E+001
   1062  9.576097765516437E-004  1.338537297016246E+002
    453  9.513274073219625E-004  5.734859743017803E+001
    534  9.386913000226397E-004  6.352992396574133E+001
    378  9.339341830808128E-004  4.609481655347708E+001
    413  8.960885168260757E-004  5.407796767412047E+001
    536  8.755097390569486E-004  7.244369170766353E+001
     85  8.731644173091901E-004  2.757726243328665E+001
    384  8.706745638759503E-004  4.693482184770667E+001
    163  8.544526270408609E-004  3.148605603035891E+001
    210  8.457786756464650E-004  3.421873300884823E+001
    142  8.218252071106360E-004  3.011700635419402E+001
    229  8.190439609257294E-004  3.477639317683153E+001
    199  8.089295140835627E-004  3.411214171315592E+001
     70  7.727288338728011E-004  2.683332853591699E+001
    477  7.545973044709989E-004  5.875439662154096E+001
    241  7.532494505911865E-004  3.573178726353736E+001
    455  7.346127529454223E-004  5.757818593173593E+001
     11  7.256294788250258E-004  1.771447447329438E+001
    411  7.106518257752106E-004  5.390414096058870E+001
    232  7.051734740925188E-004  3.530982942235851E+001
     67  6.961339462740576E-004  2.663955326886673E+001
     16  6.886714425370605E-004  2.083990463296455E+001
     20  6.812973288617077E-004  2.146722812704134E+001
   1060  6.788500570574126E-004  1.336329109810919E+002
    255  6.776082935291338E-004  3.705801266502003E+001
    494  6.722776886242039E-004  5.959072402434833E+001
   1053  6.622196904486142E-004  1.331993000158318E+002
    576  6.497804399535200E-004  1.068188420241767E+002
    164  6.458038851467815E-004  3.156123118588701E+001
    290  6.442553094513231E-004  3.834059039797889E+001
    208  6.419895145420112E-004  3.420400517096608E+001
    926  6.413736513555721E-004  1.269935099435139E+002
      4  6.350545252992539E-004  1.555889535187236E+001
     95  6.036795791987832E-004  2.806113631432304E+001
     12  5.977817298398494E-004  1.791855268392995E+001
    897  5.933483411240660E-004  1.233154024205701E+002
    347  5.923018159193179E-004  4.251894246220620E+001
    236  5.841799524925330E-004  3.558504171265294E+001
    970  5.717503731553567E-004  1.288440499253601E+002
    160  5.613725424265965E-004  3.140287364756382E+001
    543  5.593251379027537E-004  1.026098663261161E+002
    207  5.388300386866908E-004  3.419271829752626E+001
    582  5.342852552371902E-004  1.069886979669129E+002
    848  5.325559127850966E-004  1.185512117490796E+002
    395  5.309404519586142E-004  5.279005865968511E+001
   1075  5.282324675980470E-004  1.852007864492208E+002
    403  5.244365254942837E-004  5.332276567118551E+001
    185  5.220548773253788E-004  3.329017879350934E+001
    519  5.103809165342169E-004  6.116666091909611E+001
    165  5.035131682937767E-004  3.194792507678593E+001
    504  4.715187133345642E-004  6.073767201700102E+001
    836  4.574601410034150E-004  1.177792466123822E+002
     36  4.568717348233394E-004  2.408548968715760E+001
    393  4.525604605812986E-004  5.117422678475859E+001
    293  4.506115002149504E-004  3.840315559517953E+001
    497  4.418987557679813E-004  5.984833423050026E+001
    954  4.367341081083189E-004  1.282848493157465E+002
     26  4.298159581157786E-004  2.275577786050195E+001
    282  4.255638831341312E-004  3.781601762519486E+001
    291  4.255450756103511E-004  3.834865717601958E+001
    928  4.246173290681307E-004  1.271758190169006E+002
    279  4.214778142368262E-004  3.776291602598710E+001
    300  4.184555637459196E-004  3.871033423098082E+001
    592  4.131218808896660E-004  1.074010896433819E+002
    275  4.126289520330405E-004  3.771871208633355E+001
     40  4.123030340931792E-004  2.429142631572386E+001
    870  4.108115905563098E-004  1.203621491035894E+002
    580  4.034159387097163E-004  1.069063882425304E+002
   1057  4.031973815848123E-004  1.332882698940204E+002
    604  4.029559937494082E-004  1.078901483894559E+002
    245  4.000501533706625E-004  3.584895809931362E+001
   1061  3.964750580739686E-004  1.338239896777959E+002
    385  3.964730430984020E-004  4.744969147605799E+001
    669  3.910584301475116E-004  1.098991161820264E+002
     66  3.905277099380119E-004  2.653041695388611E+001
    822  3.867456977674897E-004  1.173379890193997E+002
     55  3.778866631096283E-004  2.564739582447731E+001
    430  3.688265583802706E-004  5.544226538226409E+001
    525  3.675991360706126E-004  6.201689187624501E+001
    335  3.619854499614667E-004  4.064698242871874E+001
    650  3.589523702848239E-004  1.090061273622073E+002
     27  3.583395851109276E-004  2.288948685305089E+001
   1072  3.481307936100311E-004  1.354275255218108E+002
    458  3.470114621509359E-004  5.780961640938520E+001
    673  3.462947012030573E-004  1.101090602242966E+002
    924  3.408473017920718E-004  1.267645350898773E+002
    183  3.407203603596299E-004  3.317747871488443E+001
    517  3.400200829089907E-004  6.116283191518230E+001
    212  3.390161800670221E-004  3.425448747044050E+001
     80  3.353435880231065E-004  2.737665388114407E+001
   1033  3.345903062801388E-004  1.314921549657209E+002
    947  3.299217133234398E-004  1.280025795512814E+002
    570  3.288887691681570E-004  1.064458450110351E+002
    202  3.280006994047110E-004  3.414693728338715E+001
    155  3.231358647820276E-004  3.129077640287002E+001
    507  3.218870042662131E-004  6.098134465730102E+001
    166  3.185857068410250E-004  3.197534022905977E+001
    821  3.136043586492723E-004  1.173213489801490E+002
    272  3.119545256359425E-004  3.770876893490352E+001
    514  3.094930201592988E-004  6.112143562944963E+001
    500  3.088506133674661E-004  6.016266526055261E+001
    217  3.060987885140676E-004  3.432077633458158E+001
    381  3.048005458949271E-004  4.623753374880091E+001
    158  3.027522001102936E-004  3.138637587596471E+001
     92  3.019698573206805E-004  2.796966533379813E+001
     41  2.974927399491811E-004  2.434332602389209E+001
    348  2.961679645557370E-004  4.278252907839931E+001
   1016  2.930146020302089E-004  1.306784011483153E+002
    433  2.928485590607164E-004  5.552394895078822E+001
   1032  2.905289114640340E-004  1.314270448258869E+002
    407  2.903635699673192E-004  5.355040632372296E+001
   1069  2.861192685277402E-004  1.347402109836953E+002
    415  2.838557400325096E-004  5.409773008136273E+001
    298  2.834116993959265E-004  3.860785506393049E+001
    663  2.792688085337512E-004  1.095408569103236E+002
    161  2.790467163704041E-004  3.141544799468193E+001
     37  2.783696008410951E-004  2.413005277682491E+001
    635  2.753204714775432E-004  1.087402789130293E+002
    131  2.743008029093352E-004  2.976719894627799E+001
    639  2.724507985688354E-004  1.087924757147032E+002
    358  2.717814736219789E-004  4.418411045040358E+001
    154  2.706098072541294E-004  3.128025029310897E+001
    824  2.673714187917267E-004  1.173851057796732E+002
    472  2.662012769463074E-004  5.860732378330380E+001
    666  2.657251030731567E-004  1.096961217429448E+002
     74  2.652519735704101E-004  2.706787664592100E+001
    331  2.645196399327913E-004  4.033978069592825E+001
     46  2.634386548482526E-004  2.508968851186969E+001
    206  2.634094714233409E-004  3.418711639611698E+001
    226  2.624293793205197E-004  3.460914941435140E+001
    196  2.559873543762694E-004  3.402217963204272E+001
    875  2.548785440781859E-004  1.206504418490652E+002
    106  2.531655666542375E-004  2.873147041157064E+001
    289  2.466337984760015E-004  3.832422991649202E+001
    157  2.453573579572825E-004  3.136040875348826E+001
    296  2.418609491359685E-004  3.847026909032138E+001
    746  2.402593770764014E-004  1.128150956859242E+002
    548  2.378820680827796E-004  1.041098140943872E+002
     22  2.366618233286717E-004  2.149928230079738E+001
    143  2.334039585961819E-004  3.021552765862468E+001
    191  2.310133606900712E-004  3.372798248811258E+001
     82  2.308677595449335E-004  2.744742479332049E+001
    503  2.301002152525249E-004  6.062899617907863E+001
    218  2.284853280189849E-004  3.434087154455664E+001
    952  2.261033046450838E-004  1.282170243378332E+002
    380  2.231687769148241E-004  4.621788456267294E+001
    134  2.221064836765520E-004  2.989081555609098E+001
    133  2.199285100979572E-004  2.980777525245198E+001
    487  2.190952728484738E-004  5.901096182276392E+001
    125  2.184771196798007E-004  2.955205187993630E+001
    483  2.164293274226823E-004  5.892865432514233E+001
     89  2.153393143310442E-004  2.787565477396676E+001
    153  2.140827644273912E-004  3.119128674334460E+001
    182  2.136088864635955E-004  3.313118961536368E+001
    492  2.126930043344616E-004  5.919740097208313E+001
      2  2.122568802343749E-004  1.507477314615795E+001
    190  2.117841933841304E-004  3.352213579831744E+001
    426  2.103250588754976E-004  5.521112029631625E+001
    325  2.073353090979599E-004  3.979678053884171E+001
    101  2.064068291177336E-004  2.816121926613436E+001
    365  2.058386107782591E-004  4.540196146988517E+001
    258  2.052236214456910E-004  3.725675246841864E+001
    148  2.049816974759409E-004  3.055713011308698E+001
    188  2.046874222789725E-004  3.343297855491465E+001
    221  2.041879906425303E-004  3.444064242877499E+001
    902  2.004986049998736E-004  1.246861225619736E+002
    417  2.002957217522196E-004  5.432386496665636E+001
    545  1.986651902382060E-004  1.038885725205099E+002
    320  1.983328376366250E-004  3.958466091098631E+001
     98  1.963287506329157E-004  2.810036398063808E+001
   1041  1.961884949939755E-004  1.318604688563310E+002
      3  1.956999896423620E-004  1.530095081680193E+001
    498  1.941039943054707E-004  6.006055704270973E+001
    204  1.933088812565880E-004  3.416741852472765E+001
     43  1.926997459883697E-004  2.485090944939308E+001
    681  1.921920196050978E-004  1.107150530846271E+002
     86  1.908336041705387E-004  2.760340701365068E+001
    246  1.908021520540457E-004  3.612200287477440E+001
   1036  1.882855429777377E-004  1.315563975924429E+002
    117  1.877046720176044E-004  2.915145470361619E+001
     81  1.864388235271519E-004  2.737831616504717E+001
    491  1.846274817668152E-004  5.916484178919298E+001
    119  1.842606802197032E-004  2.929038281335912E+001
     39  1.842158788486717E-004  2.419216907562118E+001
    184  1.810260122425578E-004  3.328145954751520E+001
    215  1.806834354798172E-004  3.430912489816387E+001
    285  1.786724500973328E-004  3.794670187788559E+001
    253  1.781305023350027E-004  3.690338042035397E+001
    964  1.777583968917860E-004  1.284811881676410E+002
    259  1.774865917266658E-004  3.731129763636223E+001
    295  1.765501920520142E-004  3.844649820311862E+001
    564  1.764951347895802E-004  1.059223740174141E+002
   1034  1.748542584906546E-004  1.314975717016592E+002
    832  1.748278467585244E-004  1.176150872586579E+002
    223  1.746695311445673E-004  3.452101188794168E+001
    777  1.740553464555114E-004  1.150636811545726E+002
    942  1.737561428901996E-004  1.277896527703618E+002
    530  1.729018696142523E-004  6.265828803408258E+001
    515  1.725797164183925E-004  6.113166482037749E+001
    156  1.709654914985430E-004  3.133959801814033E+001
    308  1.684455923630594E-004  3.924824416979163E+001
     34  1.682751721094205E-004  2.394870774261297E+001
    389  1.668115433970793E-004  4.924612888004685E+001
    138  1.666680151981369E-004  2.998810658959070E+001
    975  1.662529426785887E-004  1.290479361570385E+002
    233  1.648876290973124E-004  3.536858076063520E+001
    288  1.622959829723427E-004  3.825168870868715E+001
   1006  1.602543732543302E-004  1.303473844140781E+002
    516  1.597200983751151E-004  6.114879167768425E+001
    357  1.587427265973092E-004  4.413715889769129E+001
    254  1.586077081331150E-004  3.696870162494890E+001
    930  1.567856078492119E-004  1.272550109882912E+002
    174  1.542005424530203E-004  3.277024257542895E+001
    401  1.537715741425425E-004  5.310952948046032E+001
    998  1.524712122588902E-004  1.301241144683907E+002
    150  1.498076087122732E-004  3.095380367517388E+001
   1013  1.489858503567289E-004  1.306191025791559E+002
    352  1.487581942436321E-004  4.345183818831803E+001
    281  1.475786683596101E-004  3.778222215271058E+001
    239  1.472545111334430E-004  3.564788119351169E+001
      6  1.470981424530359E-004  1.593905863128156E+001
     63  1.470081879626759E-004  2.633691355837915E+001
    478  1.437325340530211E-004  5.880478287498814E+001
    784  1.436288175929964E-004  1.156115101864969E+002
     68  1.427212449515005E-004  2.665958995788216E+001
   1039  1.419148382834254E-004  1.317789778316224E+002
    566  1.414895233424294E-004  1.060197199307676E+002
     96  1.409991628658529E-004  2.807603105873968E+001
    780  1.406342362515223E-004  1.153482258688003E+002
    442  1.390003852302389E-004  5.605259237502305E+001
   1026  1.382084459994368E-004  1.310988308446859E+002
    303  1.353349244298172E-004  3.891633174738261E+001
   1042  1.349715060341705E-004  1.319938555239870E+002
    152  1.348175934269855E-004  3.107793476288124E+001
    587  1.340044415918057E-004  1.072564562863978E+002
    383  1.336821576864184E-004  4.665506804468283E+001
    866  1.335543504427673E-004  1.198737679274225E+002
     62  1.300098081198116E-004  2.630569023157911E+001
    302  1.290861256027162E-004  3.874867387838012E+001
    449  1.283859144340072E-004  5.713782918039372E+001
     45  1.282416571385160E-004  2.505629895200580E+001
    209  1.265556262693157E-004  3.420776675567321E+001
    113  1.251088489029090E-004  2.894608485543543E+001
    797  1.246131323234829E-004  1.161224071144865E+002
    466  1.246122054552676E-004  5.848631456847294E+001
    172  1.245953608932607E-004  3.254695536480502E+001
     54  1.245166099358560E-004  2.537118147105558E+001
    854  1.237712059209177E-004  1.190938927222375E+002
    421  1.228289811097952E-004  5.469982084171487E+001
    687  1.227133185507105E-004  1.108477970364615E+002
    319  1.208829666360520E-004  3.955367029075058E+001
     78  1.207199884607467E-004  2.724001953302053E+001
    765  1.205248851627532E-004  1.138034732037320E+002
    338  1.201356542324746E-004  4.143596746217444E+001
    560  1.195712195724645E-004  1.057397922085461E+002
    336  1.188946065677423E-004  4.106442919982931E+001
    103  1.181601754798823E-004  2.854698030319213E+001
    137  1.179306243466151E-004  2.996307755422044E+001
    116  1.170353766769157E-004  2.910094471225916E+001
    588  1.149201006370216E-004  1.072780161282308E+002
     73  1.145483894463561E-004  2.704395448663374E+001
    109  1.144443501280072E-004  2.888359254004277E+001
    690  1.120529792275047E-004  1.109553167085971E+002
    121  1.109421321307001E-004  2.937009161569695E+001
    394  1.091366716023855E-004  5.275338077531283E+001
   1022  1.090414137723496E-004  1.309570316227355E+002
    270  1.080019236503808E-004  3.767493462479421E+001
    337  1.074802072816379E-004  4.125439580477820E+001
    932  1.073670073383330E-004  1.272890793904072E+002
    222  1.068445988817422E-004  3.444665555523785E+001
    398  1.061810638399030E-004  5.298968704937109E+001
    783  1.060763029028060E-004  1.155776779712016E+002
    432  1.059199123571282E-004  5.551253331854516E+001
    349  1.042586937139194E-004  4.279212686889406E+001
     90  1.040258330428794E-004  2.792299487571685E+001
    838  1.036053858299792E-004  1.178077045912047E+002
   1064  1.017861378782707E-004  1.339182935247794E+002
    537  1.016859197599336E-004  7.348438751630307E+001
   1031  1.009117135080101E-004  1.313824495210718E+002
    382  1.006603883208916E-004  4.661435463500721E+001
    309  9.966454254298103E-005  3.929268620446922E+001
    631  9.954034622882327E-005  1.086593678715634E+002
    451  9.951881330885412E-005  5.726939793781466E+001
    785  9.903625123138619E-005  1.156515149006221E+002
    376  9.839445803713068E-005  4.578482274843697E+001
    937  9.807286722474614E-005  1.275975168353670E+002
    772  9.792713954227576E-005  1.144444014986270E+002
    484  9.701977133285315E-005  5.894622531819898E+001
    835  9.666462549247426E-005  1.176766134664512E+002
     14  9.662506268038249E-005  2.047451167645159E+001
     21  9.629418718236300E-005  2.149552581175353E+001
    205  9.581974266880301E-005  3.418138862993963E+001
     30  9.550797679050862E-005  2.339033246897357E+001
   1008  9.454564780863614E-005  1.304054287055121E+002
    168  9.180318090891219E-005  3.223239881301075E+001
    198  9.167569349913013E-005  3.410095577154824E+001
    632  9.164616839811030E-005  1.086732063917954E+002
     97  9.098967958931397E-005  2.809615145046481E+001
    324  9.060544623058996E-005  3.965813849875591E+001
    774  9.060434375353249E-005  1.147299018357027E+002
    104  8.994610407750427E-005  2.863475114667724E+001
    597  8.969876731196227E-005  1.076362394255561E+002
    144  8.966788704238972E-005  3.023024488043693E+001
    518  8.905951625353202E-005  6.116565427175681E+001
    195  8.730100662075891E-005  3.399004655216064E+001
    213  8.658833327032853E-005  3.426923698719692E+001
   1024  8.551880328128879E-005  1.310472886139475E+002
    730  8.522025530230618E-005  1.124678820560711E+002
    655  8.506976855973793E-005  1.092114390318620E+002
    493  8.464600754405023E-005  5.956939432616837E+001
    898  8.457829221471544E-005  1.236287338505038E+002
    637  8.447887189908482E-005  1.087708716348475E+002
    201  8.432724115888272E-005  3.413905621996786E+001
    745  8.426341778065643E-005  1.127541380335163E+002
    459  8.392798001076488E-005  5.797524108925945E+001
    760  8.334730702111186E-005  1.133648679091437E+002
    261  8.325176638388954E-005  3.751537038816641E+001
    247  8.306758334912993E-005  3.613855018049320E+001
    304  8.243847894553641E-005  3.902642388250331E+001
    278  8.193614585352146E-005  3.775225448216675E+001
     50  8.169893418108110E-005  2.524792740229145E+001
    555  8.157687332144464E-005  1.049505825405343E+002
     52  8.117243184190134E-005  2.532370304309600E+001
    524  8.106537387647447E-005  6.196836567938324E+001
    464  8.018327828000416E-005  5.841767339850505E+001
    573  8.012891711219430E-005  1.066520968004064E+002
    749  7.993260172211661E-005  1.128862829609149E+002
    473  7.876748817389944E-005  5.864875851961727E+001
    712  7.834104135278930E-005  1.118479116964762E+002
    332  7.651082337618735E-005  4.036182328117159E+001
    810  7.636142326660359E-005  1.168542717379606E+002
    768  7.587455206668819E-005  1.140511281344195E+002
    251  7.539683924180606E-005  3.670193646720268E+001
    444  7.511463800144452E-005  5.640873014994138E+001
    585  7.117319032758403E-005  1.071721890576240E+002
    317  7.097944199838560E-005  3.952108816795088E+001
    306  7.008173732973867E-005  3.922583615449084E+001
    618  6.996520636260428E-005  1.083041655146542E+002
    962  6.838990779969123E-005  1.284190833846668E+002
    126  6.771736677342152E-005  2.957864372821811E+001
      9  6.649430404088401E-005  1.615282072713023E+001
    697  6.626074032228990E-005  1.111168086390436E+002
   1038  6.541755785131073E-005  1.317153469634680E+002
   1071  6.498180987757477E-005  1.353191143310252E+002
    565  6.456629573621303E-005  1.059848591127986E+002
    312  6.423770530484276E-005  3.940338989709551E+001
    710  6.384116047906619E-005  1.117114283703663E+002
     44  6.303002193515855E-005  2.487547588775838E+001
    623  6.275578733557355E-005  1.084311616311891E+002
    860  6.263450822310833E-005  1.193608179742887E+002
    826  6.259954407356734E-005  1.174535409692338E+002
   1027  6.238975366784812E-005  1.311414239553258E+002
    237  6.207198991637571E-005  3.561350513334219E+001
    771  6.188612273176778E-005  1.142541813627527E+002
    865  6.147947024354953E-005  1.195233182598442E+002
    646  6.135645769343045E-005  1.089039652974663E+002
    983  6.079436124167446E-005  1.293699640118089E+002
    480  6.078178698916201E-005  5.887142017505539E+001
    825  6.075073091874308E-005  1.174155068731360E+002
    176  5.987656876418041E-005  3.283702642513862E+001
    314  5.948568665709233E-005  3.944402428691944E+001
    307  5.882801400350758E-005  3.924418415703018E+001
    748  5.876189008475199E-005  1.128453459062848E+002
    802  5.854488148258427E-005  1.163074247182627E+002
    450  5.850604758492927E-005  5.723022636777802E+001
    659  5.829178687109962E-005  1.093169473413985E+002
    721  5.800990361106444E-005  1.121902054803930E+002
    873  5.791778168054783E-005  1.205400953636918E+002
    334  5.765208388834557E-005  4.055961280242965E+001
    214  5.751996133650090E-005  3.429158842681225E+001
    755  5.688867103828456E-005  1.130537195644052E+002
    242  5.619786152078339E-005  3.575330164903793E+001
   1029  5.564143346674776E-005  1.312589073638632E+002
    542  5.545358709471651E-005  1.021380905135569E+002
     84  5.395638925799267E-005  2.748397341497807E+001
    140  5.379721846239543E-005  3.002380690834687E+001
    273  5.368059910852086E-005  3.771236202405859E+001
     10  5.362025547277502E-005  1.630017574824609E+001
    132  5.307016836805641E-005  2.978147182311027E+001
    880  5.197289602730094E-005  1.209811659012211E+002
   1011  5.154841880687588E-005  1.305590563134582E+002
    110  5.152352636785415E-005  2.890337161783228E+001
    976  5.144802131174733E-005  1.291265023483052E+002
    234  5.134968576026746E-005  3.541632958107625E+001
    593  5.133279682562958E-005  1.074633420950339E+002
    863  5.126780642585315E-005  1.194780899982511E+002
    911  5.101231739625086E-005  1.258968376271585E+002
   1076  5.006406740362965E-005  1.858411948136732E+002
    305  4.943489390031495E-005  3.919092577852600E+001
    756  4.917868753995666E-005  1.131019348749128E+002
    167  4.890552620908650E-005  3.206734480721192E+001
    171  4.874526858222708E-005  3.251692712246987E+001
    194  4.873359928140850E-005  3.388123191050668E+001
    107  4.858123486353667E-005  2.880093649968087E+001
    531  4.843613370995563E-005  6.280622541285696E+001
    683  4.777493337176977E-005  1.107854094171573E+002
    559  4.775372090707549E-005  1.054467335457494E+002
    654  4.727038156756849E-005  1.091774321289355E+002
    950  4.717117239988301E-005  1.281356928004739E+002
    842  4.692678189731516E-005  1.180365480395604E+002
    355  4.669741816815728E-005  4.365668409738398E+001
    905  4.668265483987820E-005  1.252963463377060E+002
    550  4.645431064647143E-005  1.044255141670578E+002
    521  4.606420899035681E-005  6.120499406654021E+001
    244  4.585731758510199E-005  3.582009297825139E+001
    327  4.561793243998258E-005  3.980649710729982E+001
    326  4.559862178973470E-005  3.980074663620405E+001
    136  4.551109451133396E-005  2.995197020395121E+001
    405  4.475671257351009E-005  5.340951413863353E+001
     51  4.448339194616954E-005  2.527497960196780E+001
    724  4.443454439419982E-005  1.122474317356576E+002
    989  4.425808317908270E-005  1.296856498562064E+002
    192  4.348805616713891E-005  3.373139183933635E+001
    742  4.303775927373295E-005  1.126546326383816E+002
    169  4.302684518807738E-005  3.225245008090104E+001
    323  4.208781542424084E-005  3.963162035223775E+001
    287  4.194594822967547E-005  3.806334999222836E+001
    280  4.180749738435752E-005  3.777070006257392E+001
    528  4.179157025446072E-005  6.211763689923020E+001
    921  4.169655318985550E-005  1.266347372507485E+002
    561  4.086228707349166E-005  1.057823475786052E+002
    187  4.047850837720068E-005  3.338593491458187E+001
    571  4.030853713090718E-005  1.065760725477823E+002
    649  4.000820226675421E-005  1.089557122086210E+002
     53  4.000622902256732E-005  2.532427500710937E+001
    470  3.995298472868307E-005  5.858950887133865E+001
    162  3.964941779162184E-005  3.142013005221356E+001
    127  3.887757429781362E-005  2.958197907168710E+001
    147  3.837383196156292E-005  3.045498909450352E+001
    361  3.835738739800362E-005  4.509188248244521E+001
    310  3.800255217158639E-005  3.933560718805473E+001
    467  3.782902806701159E-005  5.850070475174659E+001
    829  3.760533574010526E-005  1.175434491795728E+002
    108  3.757843905815711E-005  2.884206820739177E+001
    883  3.752312253282798E-005  1.212822283474710E+002
    738  3.727636550050387E-005  1.126248828969786E+002
    843  3.696865594618627E-005  1.181049125326048E+002
    502  3.696659478617444E-005  6.033057478557798E+001
    139  3.676281169425383E-005  3.001327528760398E+001
    895  3.624467203654583E-005  1.231922658586809E+002
    605  3.535104837356044E-005  1.079476682950407E+002
    727  3.533241151023764E-005  1.123838421661365E+002
    871  3.465835693530172E-005  1.204638135739833E+002
    689  3.457796771741987E-005  1.108992280227757E+002
    115  3.452543781976288E-005  2.908676806680809E+001
    180  3.440946659905864E-005  3.306959511625761E+001
    938  3.435096107594842E-005  1.276246332177813E+002
    540  3.368552954602262E-005  1.019596674086986E+002
    123  3.368245084608050E-005  2.945706723223188E+001
     75  3.341153823137508E-005  2.717284531466260E+001
    526  3.294534937114726E-005  6.205614154690332E+001
    340  3.284295298265547E-005  4.203744443197692E+001
    558  3.249115029351843E-005  1.054235904423783E+002
    831  3.234867399409335E-005  1.175849164822640E+002
    339  3.214794701220468E-005  4.199721405536648E+001
   1001  3.213128424976824E-005  1.301907504163165E+002
    399  3.102822998610603E-005  5.300117686152819E+001
     15  3.096183185463214E-005  2.077312965636918E+001
    584  3.094402512045937E-005  1.071415131646536E+002
    847  3.057276764399552E-005  1.183795327778256E+002
    313  3.056591736151962E-005  3.941220320488696E+001
    917  3.002212446143651E-005  1.262583151256411E+002
    260  3.001090766485022E-005  3.745846822965304E+001
     76  2.999937657646726E-005  2.719040433196805E+001
    231  2.993630075321231E-005  3.529195130720404E+001
    717  2.986115327911645E-005  1.119901298340990E+002
    481  2.956687260407628E-005  5.889564718758225E+001
    377  2.938378813736564E-005  4.580996274485975E+001
    532  2.911387320841330E-005  6.299204701993657E+001
     13  2.851140289367463E-005  2.038781372204352E+001
     88  2.817810098958014E-005  2.776495450944637E+001
    269  2.801275005692752E-005  3.766609016559832E+001
    737  2.793544596502550E-005  1.125716601108342E+002
    694  2.766104430058708E-005  1.110208923005156E+002
    594  2.741017976807812E-005  1.075267994995216E+002
    189  2.700205920817456E-005  3.348575581421191E+001
    945  2.669129445579524E-005  1.278945431870569E+002
    448  2.643261678365920E-005  5.707216855561523E+001
    820  2.640219940998839E-005  1.173160626674297E+002
    967  2.638707690027509E-005  1.287730879251822E+002
     91  2.614057935089223E-005  2.795709450840539E+001
    674  2.613919483626456E-005  1.101627157855635E+002
    170  2.564769404532303E-005  3.240864442722207E+001
    575  2.539761688042321E-005  1.067636975144964E+002
    577  2.514808631015378E-005  1.068269012623950E+002
    827  2.497378254216423E-005  1.174913134466901E+002
    257  2.494968057456344E-005  3.716053985696894E+001
    929  2.461954003553181E-005  1.272324166790593E+002
     77  2.459685565223889E-005  2.720977418778346E+001
    102  2.435611624752422E-005  2.838723287464182E+001
    808  2.426027272170957E-005  1.166438640424820E+002
    899  2.397757170054444E-005  1.237750393258326E+002
    997  2.361126517063427E-005  1.300952728722026E+002
    763  2.358668672509523E-005  1.136578287383470E+002
    489  2.355616800439808E-005  5.906665573291085E+001
    583  2.349118951049919E-005  1.070323413352247E+002
    672  2.344924558138195E-005  1.100523893058521E+002
   1005  2.328808165064727E-005  1.302961950162389E+002
    520  2.311472086812273E-005  6.117519869664547E+001
    934  2.303539353642351E-005  1.274026915475210E+002
    541  2.295970497569773E-005  1.020561485810812E+002
   1058  2.277077388051033E-005  1.334381531708862E+002
    616  2.231919124772777E-005  1.081902144651443E+002
    702  2.229846348464271E-005  1.112791472783473E+002
    173  2.198982067680129E-005  3.267731285541730E+001
    948  2.185147661574296E-005  1.280530341997139E+002
     61  2.169028319366840E-005  2.623624111749398E+001
    203  2.128010075441825E-005  3.415596231316062E+001
    686  2.094913930279779E-005  1.108321598991433E+002
    435  2.072740706755147E-005  5.559833163642786E+001
    197  2.070680620865521E-005  3.407091137263039E+001
   1020  2.061513400575751E-005  1.308300137670077E+002
    903  2.029539516616487E-005  1.249295857950171E+002
    529  2.023992267228928E-005  6.213305424318654E+001
    410  2.004610838946933E-005  5.380004782230375E+001
    762  1.992727171980538E-005  1.134504722361933E+002
    589  1.961783970097540E-005  1.073243551551986E+002
    918  1.934020236611499E-005  1.263810693695273E+002
    979  1.933191470065976E-005  1.292073280791942E+002
    420  1.928497946129645E-005  5.464265012038360E+001
    892  1.892199086957191E-005  1.223146913863671E+002
    887  1.891798413160480E-005  1.215278324822884E+002
    844  1.872739723980866E-005  1.182236522024691E+002
    513  1.846062477875760E-005  6.111701004965728E+001
    321  1.832997759624994E-005  3.959878738143280E+001
    181  1.832347349615116E-005  3.309588236011395E+001
   1052  1.821543607822677E-005  1.330891459743712E+002
    557  1.821341308462575E-005  1.053298087456868E+002
    958  1.811771942077548E-005  1.283326337970340E+002
    397  1.777283992319589E-005  5.292984574180642E+001
    671  1.760269563762899E-005  1.100461630260976E+002
    706  1.758371643055815E-005  1.115644797142602E+002
    284  1.724709250532526E-005  3.794002386601017E+001
    522  1.688662564464002E-005  6.189501394570030E+001
   1000  1.688013435470814E-005  1.301375093272533E+002
    630  1.684247056505268E-005  1.086464564510315E+002
    495  1.677143417432274E-005  5.971063876484735E+001
    624  1.661627339556331E-005  1.084534043855216E+002
    220  1.648113705472913E-005  3.440936379612124E+001
    414  1.645509040385298E-005  5.408443269732371E+001
    751  1.621313442158272E-005  1.129352725370382E+002
    991  1.618037686638921E-005  1.298309517843196E+002
    610  1.617557937251402E-005  1.080548791140610E+002
    369  1.604695875824900E-005  4.556664797594529E+001
     48  1.596003026750888E-005  2.521050943974308E+001
    716  1.592676098840120E-005  1.119313653155845E+002
   1046  1.580234227930896E-005  1.322741703884410E+002
    622  1.574090659166576E-005  1.084041586407917E+002
    791  1.551810442392614E-005  1.158399885308925E+002
     83  1.551111341543718E-005  2.745200449399356E+001
    713  1.550353579720890E-005  1.118750446375970E+002
    374  1.546016083845142E-005  4.576894168844035E+001
     19  1.531320546507624E-005  2.137958735177528E+001
    441  1.526167591360274E-005  5.602297434426368E+001
     79  1.520623377872848E-005  2.728143790603452E+001
    329  1.511659606063761E-005  3.994917835777716E+001
    886  1.493231358954499E-005  1.214498350996194E+002
    264  1.482000040577192E-005  3.760740200223662E+001
    465  1.479068997849641E-005  5.845233409136720E+001
    988  1.478056034968563E-005  1.295230022337254E+002
    370  1.469507817031334E-005  4.562254251008403E+001
    641  1.462067394220790E-005  1.088136450829588E+002
    656  1.458825238460540E-005  1.092383325553483E+002
    595  1.448752104612462E-005  1.075727311228692E+002
    574  1.448165435844028E-005  1.067089856517616E+002
     42  1.436475943808179E-005  2.442065503900721E+001
    602  1.433386038890163E-005  1.078335831208874E+002
    538  1.423974792218399E-005  8.801939400846273E+001
    569  1.410501500495002E-005  1.064024371239422E+002
    966  1.409197468908704E-005  1.287120665380274E+002
    511  1.394236741861611E-005  6.108291035790679E+001
    179  1.339259999394815E-005  3.301071504933698E+001
    440  1.337291676879574E-005  5.589934491235444E+001
    953  1.335094055880151E-005  1.282835790234384E+002
    955  1.319890322756524E-005  1.283043098504922E+002
    596  1.317781158903521E-005  1.076305596761092E+002
    803  1.317125984951898E-005  1.163959410830473E+002
    731  1.314388519139435E-005  1.124795031346507E+002
    111  1.300046121855263E-005  2.891758955889047E+001
    354  1.293057419839029E-005  4.358717802496741E+001
    579  1.292558182348710E-005  1.068810185812333E+002
    400  1.241253729499063E-005  5.304406357850599E+001
    105  1.224317557625610E-005  2.872870804936272E+001
    682  1.222888345578994E-005  1.107795174367904E+002
    368  1.211963449655374E-005  4.552075151204606E+001
    695  1.211746630360761E-005  1.110404578737834E+002
    973  1.174561639832183E-005  1.290303348922233E+002
    851  1.170718315573245E-005  1.189105890777936E+002
     99  1.127952458683381E-005  2.813215700322161E+001
    523  1.125243587023283E-005  6.195141091349550E+001
    409  1.098226709362235E-005  5.377950655266745E+001
    708  1.078304091672757E-005  1.116659378913442E+002
    567  1.062965561302283E-005  1.061175767374582E+002
    675  1.061106024802404E-005  1.101932688761904E+002
    318  1.056996924465230E-005  3.952690512520030E+001
    471  1.049043969747786E-005  5.859921299406331E+001
    315  1.028472802387059E-005  3.946262277995078E+001
    725  1.024585805837618E-005  1.122622575126908E+002
    670  1.021433880445111E-005  1.099218253642219E+002
    910  1.013693066448964E-005  1.258349422363612E+002
    940  1.012607153859564E-005  1.277053477702196E+002
    469  1.005961423470632E-005  5.857260373695996E+001
    238  1.001613706068655E-005  3.562010162214489E+001
    457  9.930464717978613E-006  5.770039153165104E+001
    611  9.912010999174745E-006  1.080609110523806E+002
    684  9.504402246417253E-006  1.108055531440044E+002
    608  9.488336724102284E-006  1.080310773431174E+002
    909  9.473938654036390E-006  1.256671150468244E+002
     72  9.411660902919389E-006  2.695844835194747E+001
    463  9.390071188801934E-006  5.840368106338346E+001
    193  9.385308559997771E-006  3.387383688791338E+001
    424  9.146255199238966E-006  5.504400290817051E+001
    651  9.058958322993349E-006  1.090123807306586E+002
    800  8.982728434818400E-006  1.161811067685375E+002
    328  8.981121381711278E-006  3.982877398686839E+001
    607  8.818749320416001E-006  1.079782277499060E+002
    482  8.727189253851754E-006  5.890508639424976E+001
    371  8.722436716260952E-006  4.567834615857563E+001
   1021  8.699497178340700E-006  1.308784400027895E+002
    613  8.686136059187073E-006  1.081325074305931E+002
    633  8.502077657813169E-006  1.086770367044967E+002
    266  8.348776582063333E-006  3.763404507858488E+001
    709  8.253702183819720E-006  1.116986555393093E+002
    366  7.896622009143602E-006  4.541480133184800E+001
    509  7.887544270866772E-006  6.104665142125116E+001
    744  7.838212358009619E-006  1.127340165661099E+002
    225  7.823770477022497E-006  3.458265676939745E+001
    277  7.746053613047424E-006  3.774405278528796E+001
    553  7.722809785704417E-006  1.045844149005738E+002
    351  7.647045198441445E-006  4.290814690346715E+001
    916  7.606189365646907E-006  1.261858055404796E+002
    787  7.604719399874561E-006  1.157066821730262E+002
    562  7.547683970767320E-006  1.058125905236654E+002
    427  7.474803705273777E-006  5.530625255614972E+001
    634  7.411423142226914E-006  1.087110579745548E+002
    416  7.410446006651251E-006  5.412105627361211E+001
    322  7.405886664188926E-006  3.962934885257222E+001
    601  7.401188804939456E-006  1.078222216339937E+002
    243  7.400959526558307E-006  3.580427376176280E+001
   1065  7.319474061319236E-006  1.340986810838602E+002
     25  7.281155348583468E-006  2.268285797328677E+001
    782  7.054354786298155E-006  1.155663554633046E+002
     33  7.052346160067644E-006  2.387502434282544E+001
    817  6.982901456512223E-006  1.171745914510001E+002
    506  6.965657512051532E-006  6.092479484159845E+001
    224  6.879830046646238E-006  3.456258153743839E+001
    346  6.867316583977554E-006  4.251353138364797E+001
    468  6.816743696343140E-006  5.850419738659161E+001
    461  6.758312133190610E-006  5.832169084274378E+001
    527  6.666579655715414E-006  6.211137902133680E+001
    972  6.646270414228986E-006  1.289491342298440E+002
    790  6.579160169422897E-006  1.158127479939932E+002
    429  6.544756716789948E-006  5.542704693693687E+001
    896  6.537556857730637E-006  1.231967026860033E+002
    796  6.288575187228617E-006  1.160406419035091E+002
    359  6.230197949663174E-006  4.440820660542785E+001
     59  6.123536559760538E-006  2.608228483109795E+001
    995  6.100453450248116E-006  1.300556822463785E+002
    700  6.032899738641513E-006  1.112187707043413E+002
    986  6.026044711720222E-006  1.294778988001748E+002
    754  5.891529313425074E-006  1.130532912402911E+002
    927  5.847691560508979E-006  1.271118445081471E+002
   1004  5.806797613337262E-006  1.302828791464404E+002
    268  5.806029908235886E-006  3.765614789507087E+001
    890  5.754040982702710E-006  1.222269695705770E+002
    250  5.741079565376959E-006  3.645071914574685E+001
    781  5.730759577266539E-006  1.155015502370288E+002
    657  5.696554005944604E-006  1.092680437977900E+002
    512  5.680600802877424E-006  6.110465593383906E+001
    402  5.678569284507120E-006  5.323403324336612E+001
    960  5.592460601278493E-006  1.283710541965592E+002
    350  5.521522718515700E-006  4.287084402122760E+001
    665  5.505767024110992E-006  1.096195054263975E+002
   1040  5.484342950771980E-006  1.318325334098182E+002
   1063  5.457092156041030E-006  1.338610239777397E+002
    853  5.397386479300869E-006  1.189950762444425E+002
    679  5.386192122949385E-006  1.106299731616480E+002
    252  5.292691064047413E-006  3.681481496629917E+001
    286  5.291622671544507E-006  3.806107114689090E+001
   1028  5.283014528189491E-006  1.312419762585663E+002
    591  5.197843099751772E-006  1.073970459895217E+002
    235  5.160086407648307E-006  3.553329683850696E+001
    922  5.125809188214902E-006  1.267277337836395E+002
    963  5.114853110893259E-006  1.284456810480366E+002
    362  5.091646973688314E-006  4.520209191521082E+001
    342  5.082143449522169E-006  4.219280462450153E+001
    977  5.057874757625384E-006  1.291448023039548E+002
     57  4.927713005604694E-006  2.601044601303876E+001
    175  4.906541809398732E-006  3.282740528695558E+001
    815  4.863564855920490E-006  1.170844697210597E+002
    981  4.812071502269485E-006  1.292686845988868E+002
    804  4.764794566525761E-006  1.164307012054320E+002
    994  4.702247920751017E-006  1.299886393654431E+002
   1073  4.695453571660440E-006  1.355646294676644E+002
    586  4.607368234873989E-006  1.072414988471015E+002
    625  4.584395540792828E-006  1.084878781680722E+002
    619  4.525360020145820E-006  1.083262496248409E+002
    122  4.520565046935499E-006  2.942821875092930E+001
    793  4.519459483283215E-006  1.158943894419280E+002
    809  4.432955858216150E-006  1.168273457040169E+002
    992  4.403820295801908E-006  1.299169051159237E+002
    311  4.378636305963385E-006  3.939193935233331E+001
    714  4.371437164918212E-006  1.118865310298163E+002
    685  4.354346586644840E-006  1.108208915724099E+002
    923  4.345127537118108E-006  1.267345977181097E+002
    590  4.343329065715202E-006  1.073381491314167E+002
   1068  4.275623712774415E-006  1.342139437973118E+002
    812  4.241372837625980E-006  1.169499526914024E+002
    846  4.216432785114304E-006  1.183733977129572E+002
    668  4.194173755005668E-006  1.098358517134249E+002
    951  4.150690100383989E-006  1.282127111215003E+002
    508  4.141080185705640E-006  6.101348113010317E+001
    648  4.119341314562118E-006  1.089328290594756E+002
    488  4.112849815334123E-006  5.904214899548738E+001
    707  4.110289930983527E-006  1.116484954290111E+002
    436  4.085694168036985E-006  5.562240782737462E+001
    128  4.075649469891170E-006  2.964876822252022E+001
    341  4.039270299610620E-006  4.207899368185591E+001
    617  3.995667043763753E-006  1.082069188907082E+002
    219  3.897203641697710E-006  3.435584966495736E+001
    893  3.896713299883035E-006  1.225899968537864E+002
    915  3.891839648229751E-006  1.261627872997085E+002
    794  3.881325547707403E-006  1.159299755047292E+002
    884  3.852481752149909E-006  1.212913619330936E+002
    770  3.826010282302318E-006  1.141655133118217E+002
    447  3.822166042977268E-006  5.692641404400948E+001
    949  3.813895329635300E-006  1.280833568476082E+002
   1044  3.807745997091916E-006  1.320835593454495E+002
    852  3.691438580943649E-006  1.189308904937423E+002
    862  3.683804691678450E-006  1.194326389788892E+002
    642  3.671487440864392E-006  1.088349318990273E+002
    640  3.556453472197313E-006  1.088027953187827E+002
    510  3.535587753596930E-006  6.106496915014706E+001
    845  3.451392549533616E-006  1.182722434309271E+002
    741  3.436852138444640E-006  1.126383251241469E+002
    627  3.433134553760178E-006  1.085359599099982E+002
    807  3.369597876013520E-006  1.166040027024774E+002
    849  3.354823375686379E-006  1.186556798515274E+002
    660  3.336285654811957E-006  1.093929129115852E+002
    396  3.331886188184270E-006  5.292259014309509E+001
    879  3.297124855775817E-006  1.208628531744268E+002
    664  3.203266627803851E-006  1.095868237421283E+002
    699  3.192386420963618E-006  1.111753891148923E+002
   1051  3.181720733089754E-006  1.330173846663143E+002
    437  3.171813865052364E-006  5.567668099873953E+001
     49  3.157703701007690E-006  2.521926711432687E+001
    228  3.145187407820308E-006  3.465329128304563E+001
    715  3.142923006101019E-006  1.119122168057061E+002
    758  3.103353671457669E-006  1.131945788764974E+002
    353  3.079108474389793E-006  4.354452657935016E+001
    263  3.069836298256379E-006  3.756851288337069E+001
      1  3.036241549504202E-006  1.480943860687432E+001
    907  3.034451684223989E-006  1.254774984052440E+002
    957  3.027921961305364E-006  1.283224605383935E+002
    767  3.021960601153408E-006  1.139787538815297E+002
    732  3.016801811180954E-006  1.124809932511083E+002
    677  2.917648967432954E-006  1.104103779431708E+002
    828  2.902802874131728E-006  1.175132070682912E+002
    830  2.902115654522840E-006  1.175448785112390E+002
    982  2.891119633222954E-006  1.293230544301462E+002
    462  2.862699118422674E-006  5.834568949164402E+001
   1043  2.860296775010901E-006  1.320181582363304E+002
    901  2.800726415358690E-006  1.246352700151236E+002
     94  2.790346765272849E-006  2.803048707399637E+001
    556  2.767235832967902E-006  1.053074591696642E+002
     93  2.686056755698185E-006  2.801831476528660E+001
   1067  2.683510967937512E-006  1.341872351276505E+002
    908  2.671060997276813E-006  1.256350992978881E+002
   1054  2.648797017584729E-006  1.332101619260334E+002
   1077  2.617100368078558E-006  6.189178021453241E+002
    984  2.608942835653121E-006  1.293776492189174E+002
   1017  2.592609826844672E-006  1.307020085696559E+002
     69  2.584552742729859E-006  2.667931486079132E+001
    698  2.580847971005354E-006  1.111543499618823E+002
    615  2.566726204683032E-006  1.081646255451844E+002
    786  2.549526242402246E-006  1.156679892855772E+002
    990  2.524762040128332E-006  1.297249883032466E+002
    837  2.511381876066028E-006  1.177814246314451E+002
    372  2.488724645616902E-006  4.569660817760900E+001
   1066  2.447354400164242E-006  1.341339055776214E+002
    227  2.442918266350842E-006  3.461221107986133E+001
    644  2.428308133999195E-006  1.088699046594824E+002
   1012  2.368889098548727E-006  1.305860585800326E+002
    739  2.344214316068117E-006  1.126267264275300E+002
    614  2.338175811203280E-006  1.081499604581023E+002
    722  2.323997415927437E-006  1.121989232781130E+002
    931  2.294921879841477E-006  1.272754104030811E+002
    603  2.293638691826655E-006  1.078480909052838E+002
    267  2.286445474138983E-006  3.763942844703926E+001
    408  2.280849027530691E-006  5.368647704938994E+001
    703  2.247880159696017E-006  1.113359924967504E+002
    792  2.244138935884726E-006  1.158579110744502E+002
    778  2.167693812628864E-006  1.153062331743218E+002
    798  2.148691960955507E-006  1.161233232814441E+002
    643  2.125629241831507E-006  1.088529165631816E+002
    859  2.118506324747189E-006  1.193117826572047E+002
    764  2.109051966464129E-006  1.137269990775531E+002
   1025  2.097796919330065E-006  1.310823101564250E+002
    599  2.094435457194520E-006  1.077354408464688E+002
    987  2.015755438355458E-006  1.295218650079724E+002
   1023  2.015192171708697E-006  1.309907545973144E+002
    667  2.007129270388340E-006  1.098231148083649E+002
   1014  1.972417511370723E-006  1.306579532637773E+002
    216  1.945106566005530E-006  3.431915233475488E+001
    661  1.910761314048053E-006  1.094040232551639E+002
    696  1.893668290011769E-006  1.111110130672436E+002
    373  1.872072302293334E-006  4.573517441489172E+001
    861  1.856338410399187E-006  1.193618968506130E+002
    711  1.836301530118182E-006  1.117833092223069E+002
    761  1.818509636197490E-006  1.134019555363662E+002
    120  1.809916829576389E-006  2.935022978395871E+001
    662  1.763753247135555E-006  1.094304874643061E+002
    200  1.730194080663952E-006  3.413076352937113E+001
    600  1.706469419227250E-006  1.078192567961393E+002
    920  1.679041400672598E-006  1.265729199247587E+002
    978  1.653504488048599E-006  1.291764873003617E+002
     28  1.598892661310228E-006  2.303576073275412E+001
    299  1.593772580509502E-006  3.861147003050849E+001
    776  1.560533774591655E-006  1.150535509847603E+002
   1010  1.515202991464646E-006  1.305150376372933E+002
   1056  1.468872335796303E-006  1.332822863268028E+002
    688  1.463342446549213E-006  1.108652117541332E+002
    936  1.447814637265281E-006  1.275963114471066E+002
    356  1.432838249631633E-006  4.399929676237998E+001
    124  1.423280605471444E-006  2.953039329658957E+001
    705  1.387448484861732E-006  1.114879185885843E+002
   1003  1.386144027197285E-006  1.302792324598297E+002
    729  1.376963441022207E-006  1.124070412533170E+002
    364  1.351292327368509E-006  4.528995878587361E+001
    805  1.321024637822080E-006  1.165442309434909E+002
    925  1.303717680580528E-006  1.268943605090481E+002
    676  1.286574592156438E-006  1.102968009656115E+002
    779  1.268721315709500E-006  1.153237642854880E+002
   1018  1.256535959126606E-006  1.307425624046459E+002
    609  1.250931559251504E-006  1.080529774194348E+002
    443  1.247830459254295E-006  5.615506371008289E+001
    262  1.227599058041052E-006  3.754826259370084E+001
    985  1.211975196880158E-006  1.294454523269476E+002
    788  1.199120940028927E-006  1.157595566872355E+002
    939  1.182051679376360E-006  1.276788938661296E+002
    129  1.164759909872464E-006  2.967722940199728E+001
    292  1.152357809385221E-006  3.837765227419467E+001
    316  1.147874576007010E-006  3.947722492082590E+001
    621  1.145052566859803E-006  1.083828600305560E+002
    186  1.117855395139230E-006  3.335079910483972E+001
    606  1.071363225128826E-006  1.079754075340127E+002
    933  1.056556686782291E-006  1.272967505112425E+002
    360  1.055214915186739E-006  4.501412031898634E+001
    653  1.053744891672680E-006  1.090926521840726E+002
    728  1.045884906504390E-006  1.123911467240560E+002
    944  1.043833532691492E-006  1.278264506290159E+002
    733  1.039658473966891E-006  1.125211996768446E+002
    388  1.019715881599565E-006  4.916519389587509E+001
    766  1.015215408135436E-006  1.138313497862233E+002
    900  1.000167684284400E-006  1.240255399934555E+002
    935  9.906124155221576E-007  1.274477748704804E+002
   1059  9.902660378818977E-007  1.335352794510990E+002
    839  9.843395844709608E-007  1.178451551754228E+002
    888  9.779775091301295E-007  1.215384892766490E+002
    816  9.630909720995156E-007  1.170854692244173E+002
   1007  9.474502854288444E-007  1.303971511397991E+002
    726  8.809711582153646E-007  1.123280306605216E+002
    968  8.784401094080185E-007  1.287893908307005E+002
    736  8.626445347316770E-007  1.125700463249535E+002
   1035  8.555459905478878E-007  1.315022364948826E+002
    404  8.542888755192253E-007  5.332919471058649E+001
    874  8.444729147809031E-007  1.206463359037059E+002
    375  8.112389115103943E-007  4.577921754207221E+001
    568  7.889000150515515E-007  1.063884322375297E+002
    178  7.479789888702301E-007  3.291892583427273E+001
    814  7.460235482797478E-007  1.170571282096026E+002
    240  7.382019759530407E-007  3.568815433410965E+001
    818  7.331450632701773E-007  1.172202887178189E+002
    757  7.273531403350791E-007  1.131455979007981E+002
    750  7.115363627826986E-007  1.128980084302201E+002
    912  6.966351831609587E-007  1.259977317017505E+002
    961  6.955721333918911E-007  1.283826108536399E+002
    882  6.953460825804494E-007  1.212606419968792E+002
    941  6.942584863005431E-007  1.277239710636116E+002
    363  6.810433546871108E-007  4.523665715266514E+001
    819  6.760694005164876E-007  1.172617623112352E+002
    680  6.550895051899368E-007  1.106808485277705E+002
    735  6.543860868494620E-007  1.125422257639707E+002
    876  6.359399688008943E-007  1.207338716680959E+002
    177  6.241708963039332E-007  3.286305119332699E+001
    256  6.239393709994006E-007  3.708485200545782E+001
    913  6.012513242081603E-007  1.260963173315474E+002
    747  5.985153355112681E-007  1.128221651622354E+002
    878  5.964988981329274E-007  1.208553192243232E+002
    412  5.755794777121687E-007  5.399327798218789E+001
    112  5.595193733828372E-007  2.893182478938967E+001
    693  5.539387317408185E-007  1.110198391814811E+002
    813  5.491456193214918E-007  1.170211975618395E+002
   1050  5.258400041199839E-007  1.326682006609648E+002
    146  5.241369112698867E-007  3.038455959742199E+001
    855  5.133815562857413E-007  1.192335282432478E+002
    274  4.978934862566927E-007  3.771469066363962E+001
    249  4.955612746441412E-007  3.643158917315001E+001
    841  4.906084287554536E-007  1.180046875638410E+002
    834  4.691335344339752E-007  1.176651591794238E+002
    919  4.680591701830550E-007  1.264669767465423E+002
    868  4.651135045670429E-007  1.199994649602093E+002
    628  4.629261050551906E-007  1.085999071252231E+002
    645  4.448641355529237E-007  1.088758352374567E+002
    118  4.430466638503132E-007  2.927665934202001E+001
    811  4.404559355427353E-007  1.169131613251637E+002
    145  4.212952436889327E-007  3.035386176419680E+001
    130  4.166726867940113E-007  2.969026097336859E+001
    740  4.161831769542917E-007  1.126281679605138E+002
    980  3.876611991074115E-007  1.292322903638887E+002
    438  3.846106899225026E-007  5.568774314714533E+001
    141  3.816302589844097E-007  3.005205957969120E+001
   1002  3.787624667576929E-007  1.301955720736593E+002
    581  3.772915862451864E-007  1.069166383916512E+002
    720  3.692671304878591E-007  1.121496181246094E+002
    230  3.631542347203100E-007  3.507000892128892E+001
    476  3.574752201132656E-007  5.874284760292872E+001
    856  3.501902187597260E-007  1.192407591408727E+002
    894  3.469338017691922E-007  1.226855190700912E+002
    367  3.374390491080634E-007  4.546665367422378E+001
    753  3.201883542579439E-007  1.130399909728984E+002
    906  3.165367551673230E-007  1.253859334012492E+002
     87  3.140809944611640E-007  2.773505635732142E+001
    823  3.084781498537577E-007  1.173434151863991E+002
    858  2.946944858683052E-007  1.193043137223610E+002
    734  2.768826573227524E-007  1.125227414297757E+002
    867  2.705754584595837E-007  1.199420338065019E+002
   1049  2.674816368671451E-007  1.325964910892840E+002
    857  2.431796068424163E-007  1.192977858717030E+002
     47  2.337324219949848E-007  2.514695584094496E+001
    869  2.320121603332799E-007  1.201465244096069E+002
    773  2.299159714174560E-007  1.146041296786391E+002
    276  2.277191296344798E-007  3.774173651101562E+001
    704  2.217067971372129E-007  1.114088220449556E+002
    612  2.195397370212592E-007  1.080838271474082E+002
    719  2.076710904909097E-007  1.120361196403708E+002
    769  2.074578149907870E-007  1.141494817506874E+002
    904  2.052846283411257E-007  1.250437756508075E+002
    658  2.036400783434356E-007  1.092752908733605E+002
    343  1.974283316960153E-007  4.223776350771931E+001
    850  1.930819856084669E-007  1.188640670964077E+002
    833  1.828400505810863E-007  1.176450554682990E+002
    877  1.802964460824753E-007  1.207635072396237E+002
    271  1.724747884587533E-007  3.769377629908810E+001
    691  1.636271486430476E-007  1.109942746792360E+002
    996  1.620730895210918E-007  1.300741546440489E+002
    993  1.603408938889821E-007  1.299638892136509E+002
    692  1.453859259968960E-007  1.109991362888409E+002
    135  1.415531225061434E-007  2.990996926970350E+001
    718  1.341117016081690E-007  1.120307816427976E+002
    943  1.242295535133212E-007  1.278255860865938E+002
    701  1.225850223593048E-007  1.112655741498095E+002
    629  1.201994648519826E-007  1.086436456014825E+002
    801  1.168801508745715E-007  1.162412158177078E+002
    496  1.122963330143527E-007  5.977778544840232E+001
     56  1.083813151400420E-007  2.577494999028338E+001
    283  1.058718140522059E-007  3.781664732037148E+001
   1037  1.050010183695874E-007  1.316166834102353E+002
    652  9.673936796995568E-008  1.090805000764319E+002
    638  9.431556758033599E-008  1.087773663504995E+002
   1015  9.149916826841887E-008  1.306693309857935E+002
    956  8.788495878246352E-008  1.283075816024711E+002
    211  8.730319089188170E-008  3.422885497659050E+001
    946  8.503702565168745E-008  1.279201366409634E+002
    723  8.443458623829805E-008  1.122249597820348E+002
    598  8.140237720477973E-008  1.077082259858063E+002
     35  7.916573011621030E-008  2.406163852032448E+001
    891  7.855663958387562E-008  1.222344606190913E+002
    647  6.371016121493786E-008  1.089204596390746E+002
    490  5.837688898506966E-008  5.909746584665749E+001
    795  5.768746826763579E-008  1.159446042090269E+002
    799  5.472193383486429E-008  1.161655148393659E+002
    620  5.345684548333692E-008  1.083700393844588E+002
    775  4.939607668196547E-008  1.149447083106751E+002
    914  4.930719601594710E-008  1.261343003660832E+002
    864  4.072164591258793E-008  1.195154318953015E+002
    959  4.046679446346332E-008  1.283643788123119E+002
   1009  3.997920136215771E-008  1.304609142394732E+002
    345  3.940599033281368E-008  4.248475366295001E+001
    678  3.933277236829722E-008  1.105298402911861E+002
    626  3.884827295543169E-008  1.085197354965440E+002
    806  3.627320341210814E-008  1.165904998677036E+002
    501  3.388652495583438E-008  6.025540211442135E+001
    428  2.859424090070711E-008  5.539697768550786E+001
    965  2.724794505366374E-008  1.286084743618769E+002
    969  2.593230551562637E-008  1.288232913140608E+002
    159  2.170629727305238E-008  3.140014259635325E+001
    789  1.943943991026781E-008  1.157939903252585E+002
    759  1.877679579335472E-008  1.132523759465808E+002
    752  1.473467458915737E-008  1.129825416205730E+002
    999  1.118131245034952E-008  1.301340763851820E+002
    636  1.035122636077464E-008  1.087412284437008E+002
    100  1.010643459548574E-008  2.814590236831992E+001
   1019  8.661164866821649E-009  1.307856127904329E+002
    885  8.652527188548855E-009  1.213849358963692E+002
    486  7.828405913704771E-009  5.898078655703418E+001
    406  6.511398453288109E-009  5.347162595814701E+001
    872  4.217340686371508E-009  1.204992644439996E+002
    840  3.554049263251262E-009  1.179674198090055E+002
    974  3.213724342890925E-009  1.290391941684268E+002
    881  1.687309974663128E-009  1.212001054655417E+002
    431  1.627793845949305E-009  5.545822575490884E+001
   1030  1.526648619409152E-009  1.313677884464318E+002
    333  1.280478063736579E-009  4.050570323460023E+001
    439  8.722143958277738E-010  5.581771077364913E+001
    889  2.408517620774418E-010  1.221096476933091E+002
    743  1.329887106939528E-010  1.126739704882794E+002
    499  2.542475288804056E-011  6.010190034988052E+001
    265  1.517346663864728E-012  3.762418150997995E+001
    971  4.647678238571786E-013  1.289111652451389E+002
