# Number of modes
   1077
# Tabulated for different initial and final frequencies?
    F
# Mode index, Sj, (highest to lowest), omega_j
    497  2.142428145974752E-002  5.984833423050026E+001
     27  1.083968106557138E-002  2.288948685305089E+001
    491  1.079470650430036E-002  5.916484178919298E+001
    300  9.202300830787657E-003  3.871033423098082E+001
    498  8.692494805370295E-003  6.006055704270973E+001
    430  8.215546508523210E-003  5.544226538226409E+001
    418  7.757677283867384E-003  5.440760214654593E+001
    531  6.884081034113869E-003  6.280622541285696E+001
    475  6.514760508721550E-003  5.870955367754343E+001
    533  5.954273555340233E-003  6.344214913117692E+001
     16  5.383373638747569E-003  2.083990463296455E+001
   1053  4.587144337565719E-003  1.331993000158318E+002
    384  4.131976319986101E-003  4.693482184770667E+001
    433  4.072070782405820E-003  5.552394895078822E+001
    405  4.004176743372082E-003  5.340951413863353E+001
   1045  3.305169591030189E-003  1.322246800166877E+002
    474  2.940519749594420E-003  5.866520048333617E+001
   1055  2.790299870597845E-003  1.332315483337306E+002
    436  2.749225077436734E-003  5.562240782737462E+001
    293  2.723109903376134E-003  3.840315559517953E+001
    297  2.428931486193290E-003  3.850412000814609E+001
    566  2.408138659056884E-003  1.060197199307676E+002
    477  2.304477204225467E-003  5.875439662154096E+001
     32  2.302927058606418E-003  2.386019687247388E+001
    355  2.191063696075375E-003  4.365668409738398E+001
    294  2.141774759267221E-003  3.844005427068350E+001
   1060  2.099253119357481E-003  1.336329109810919E+002
    419  2.085946291262289E-003  5.447434435004674E+001
    530  2.032862732870335E-003  6.265828803408258E+001
    427  1.966280259732158E-003  5.530625255614972E+001
    390  1.939711471661854E-003  4.930034545373515E+001
    466  1.910264109699763E-003  5.848631456847294E+001
     91  1.883465394804917E-003  2.795709450840539E+001
    503  1.841866904650342E-003  6.062899617907863E+001
    452  1.840490010629216E-003  5.732416656661538E+001
    494  1.822729981398525E-003  5.959072402434833E+001
    570  1.607743393702932E-003  1.064458450110351E+002
    871  1.489773394518585E-003  1.204638135739833E+002
    356  1.488087148844711E-003  4.399929676237998E+001
    686  1.480144121821958E-003  1.108321598991433E+002
    462  1.442110667233017E-003  5.834568949164402E+001
    393  1.426355995702484E-003  5.117422678475859E+001
    344  1.420844070809027E-003  4.229281490750487E+001
   1008  1.407731288939883E-003  1.304054287055121E+002
   1038  1.379814229902631E-003  1.317153469634680E+002
   1041  1.363315521156218E-003  1.318604688563310E+002
    302  1.350828145747461E-003  3.874867387838012E+001
      1  1.308042421737754E-003  1.480943860687432E+001
    460  1.290239635597595E-003  5.821511818989060E+001
   1039  1.285645645891455E-003  1.317789778316224E+002
    400  1.259582383536812E-003  5.304406357850599E+001
    422  1.254262211960911E-003  5.478392604221921E+001
   1072  1.248901585656221E-003  1.354275255218108E+002
    432  1.246751169240723E-003  5.551253331854516E+001
    507  1.104380054979494E-003  6.098134465730102E+001
    182  1.079081129821917E-003  3.313118961536368E+001
    425  1.070826047188404E-003  5.512885982268182E+001
    102  1.057866842221197E-003  2.838723287464182E+001
      4  1.044253580511231E-003  1.555889535187236E+001
    838  1.038790777488629E-003  1.178077045912047E+002
    288  1.018834376290331E-003  3.825168870868715E+001
     71  1.012474211330903E-003  2.691074291878593E+001
    248  9.820389347821978E-004  3.617742791171408E+001
   1020  9.599713933563479E-004  1.308300137670077E+002
    165  9.569969428836320E-004  3.194792507678593E+001
    468  9.449867661463028E-004  5.850419738659161E+001
    298  9.373510362235189E-004  3.860785506393049E+001
    621  9.173552733335826E-004  1.083828600305560E+002
   1050  9.071950099666805E-004  1.326682006609648E+002
   1031  9.053010801808000E-004  1.313824495210718E+002
    186  8.873065939368693E-004  3.335079910483972E+001
    308  8.794499351637271E-004  3.924824416979163E+001
   1074  8.586701175159676E-004  1.357832717908243E+002
    458  8.564454075719929E-004  5.780961640938520E+001
   1064  8.443082419504377E-004  1.339182935247794E+002
    423  8.363001266318374E-004  5.491452382822700E+001
     44  8.296638941960985E-004  2.487547588775838E+001
    103  8.021763181666567E-004  2.854698030319213E+001
    635  7.830194553590454E-004  1.087402789130293E+002
    504  7.449174056534152E-004  6.073767201700102E+001
    279  7.432109779968791E-004  3.776291602598710E+001
   1022  7.418188517196582E-004  1.309570316227355E+002
    459  7.414698820573345E-004  5.797524108925945E+001
    611  7.346337079736358E-004  1.080609110523806E+002
    119  7.340682913569034E-004  2.929038281335912E+001
     70  7.330117019862085E-004  2.683332853591699E+001
    402  7.214104550909002E-004  5.323403324336612E+001
    426  7.159188707544663E-004  5.521112029631625E+001
   1069  7.017831813462428E-004  1.347402109836953E+002
      2  6.988076713764300E-004  1.507477314615795E+001
    847  6.902062567313130E-004  1.183795327778256E+002
    659  6.840611156524645E-004  1.093169473413985E+002
     83  6.628545864718477E-004  2.745200449399356E+001
   1061  6.549315251015350E-004  1.338239896777959E+002
      9  6.474988801024018E-004  1.615282072713023E+001
    292  6.426602117959020E-004  3.837765227419467E+001
    575  6.242849839000840E-004  1.067636975144964E+002
    537  6.071046836768165E-004  7.348438751630307E+001
    835  6.055468588366831E-004  1.176766134664512E+002
    233  6.053514024652555E-004  3.536858076063520E+001
    450  5.987263473632928E-004  5.723022636777802E+001
    421  5.816110728280983E-004  5.469982084171487E+001
    966  5.790714638407752E-004  1.287120665380274E+002
   1047  5.778371526253316E-004  1.324683504365100E+002
   1071  5.767160904106886E-004  1.353191143310252E+002
    318  5.599818465492003E-004  3.952690512520030E+001
    970  5.571303274708811E-004  1.288440499253601E+002
    843  5.553236848997289E-004  1.181049125326048E+002
    378  5.525344957858072E-004  4.609481655347708E+001
    285  5.491533777358712E-004  3.794670187788559E+001
   1058  5.378706579837805E-004  1.334381531708862E+002
    749  5.326841873230359E-004  1.128862829609149E+002
     14  5.275414977155239E-004  2.047451167645159E+001
    623  5.200415986281652E-004  1.084311616311891E+002
   1000  5.190034331776162E-004  1.301375093272533E+002
    157  5.138683768113667E-004  3.136040875348826E+001
    760  5.105242651507970E-004  1.133648679091437E+002
    505  5.046078536550435E-004  6.089365906344585E+001
    130  4.847787386342994E-004  2.969026097336859E+001
    303  4.791316415985641E-004  3.891633174738261E+001
    967  4.766279653123670E-004  1.287730879251822E+002
    245  4.731206830025695E-004  3.584895809931362E+001
    358  4.716514005518463E-004  4.418411045040358E+001
    883  4.648426542103756E-004  1.212822283474710E+002
    360  4.617811664353096E-004  4.501412031898634E+001
   1034  4.604997610568542E-004  1.314975717016592E+002
    407  4.588242458849408E-004  5.355040632372296E+001
   1062  4.562665993988812E-004  1.338537297016246E+002
    632  4.551856930723758E-004  1.086732063917954E+002
    392  4.485442111736679E-004  4.975569880244111E+001
    467  4.480166374952249E-004  5.850070475174659E+001
    947  4.474265252973346E-004  1.280025795512814E+002
    434  4.413056738069694E-004  5.556859477681133E+001
   1057  4.405813578131709E-004  1.332882698940204E+002
    822  4.361207931081090E-004  1.173379890193997E+002
     86  4.344640711424972E-004  2.760340701365068E+001
    926  4.310898209352699E-004  1.269935099435139E+002
    593  4.285647192584121E-004  1.074633420950339E+002
    136  4.254092352666615E-004  2.995197020395121E+001
    512  4.224262150706974E-004  6.110465593383906E+001
     33  4.215249123512383E-004  2.387502434282544E+001
    311  4.192972043645339E-004  3.939193935233331E+001
    100  4.170334419571341E-004  2.814590236831992E+001
    258  4.048461379392616E-004  3.725675246841864E+001
    365  4.041726561947109E-004  4.540196146988517E+001
    177  4.030164736768843E-004  3.286305119332699E+001
    518  4.022110148235541E-004  6.116565427175681E+001
   1032  3.982472324535201E-004  1.314270448258869E+002
    454  3.975110313944279E-004  5.753531790534946E+001
    274  3.972780638479172E-004  3.771469066363962E+001
    875  3.930469722324211E-004  1.206504418490652E+002
     67  3.928661362023379E-004  2.663955326886673E+001
    492  3.832389035994751E-004  5.919740097208313E+001
    681  3.796853813818858E-004  1.107150530846271E+002
    482  3.735828582490874E-004  5.890508639424976E+001
    310  3.701512684497693E-004  3.933560718805473E+001
    126  3.700300910500514E-004  2.957864372821811E+001
    453  3.682547072841384E-004  5.734859743017803E+001
    907  3.628557933655032E-004  1.254774984052440E+002
   1024  3.606190325594614E-004  1.310472886139475E+002
    661  3.585896713546774E-004  1.094040232551639E+002
    563  3.583650901134476E-004  1.058622417292547E+002
    588  3.575145031201531E-004  1.072780161282308E+002
    215  3.539673907810504E-004  3.430912489816387E+001
    415  3.535541433346377E-004  5.409773008136273E+001
    464  3.515151294480937E-004  5.841767339850505E+001
    166  3.489150553309901E-004  3.197534022905977E+001
    270  3.483449798420438E-004  3.767493462479421E+001
     40  3.475405583857526E-004  2.429142631572386E+001
   1066  3.439157847442354E-004  1.341339055776214E+002
    998  3.374598880621152E-004  1.301241144683907E+002
    658  3.374109128917293E-004  1.092752908733605E+002
    618  3.336772364536971E-004  1.083041655146542E+002
    609  3.300275161585807E-004  1.080529774194348E+002
    442  3.285680446752247E-004  5.605259237502305E+001
    283  3.267988819687082E-004  3.781664732037148E+001
    306  3.247639769345512E-004  3.922583615449084E+001
    379  3.222153508053278E-004  4.610002508350383E+001
    645  3.190667819767093E-004  1.088758352374567E+002
    673  3.180973822076917E-004  1.101090602242966E+002
    259  3.136762089202711E-004  3.731129763636223E+001
    445  3.076576610826604E-004  5.650985963977887E+001
    278  3.034605170053120E-004  3.775225448216675E+001
    386  2.996982341580360E-004  4.778448827008048E+001
    137  2.948461158401889E-004  2.996307755422044E+001
    676  2.907983911130083E-004  1.102968009656115E+002
    977  2.806879629183594E-004  1.291448023039548E+002
    172  2.804276756791247E-004  3.254695536480502E+001
    997  2.785792439503265E-004  1.300952728722026E+002
    631  2.746972082029286E-004  1.086593678715634E+002
    626  2.683498286906345E-004  1.085197354965440E+002
    272  2.679832105663718E-004  3.770876893490352E+001
    755  2.652162835873993E-004  1.130537195644052E+002
     79  2.620130636755754E-004  2.728143790603452E+001
    797  2.602920266494232E-004  1.161224071144865E+002
    576  2.555204006131480E-004  1.068188420241767E+002
   1013  2.552106114509717E-004  1.306191025791559E+002
    538  2.546456326581049E-004  8.801939400846273E+001
     73  2.507632430714106E-004  2.704395448663374E+001
    299  2.506256801956396E-004  3.861147003050849E+001
    678  2.499815919646435E-004  1.105298402911861E+002
    655  2.498950712261806E-004  1.092114390318620E+002
    485  2.468934016615762E-004  5.896971858223063E+001
    391  2.451795290175570E-004  4.935295074539214E+001
    381  2.432948259515739E-004  4.623753374880091E+001
    712  2.426459584897044E-004  1.118479116964762E+002
    500  2.403529364762813E-004  6.016266526055261E+001
    650  2.385139759495054E-004  1.090061273622073E+002
    115  2.382273009355851E-004  2.908676806680809E+001
     26  2.358165497739520E-004  2.275577786050195E+001
    793  2.355711513832211E-004  1.158943894419280E+002
    151  2.346792597920551E-004  3.097448214004631E+001
     10  2.325551704733147E-004  1.630017574824609E+001
    446  2.309137496358174E-004  5.657515742254393E+001
    592  2.295288346767076E-004  1.074010896433819E+002
    877  2.288211391439449E-004  1.207635072396237E+002
   1067  2.282082132604389E-004  1.341872351276505E+002
    975  2.224631372088121E-004  1.290479361570385E+002
    757  2.212951152457297E-004  1.131455979007981E+002
    264  2.189012660747751E-004  3.760740200223662E+001
    646  2.181657757301245E-004  1.089039652974663E+002
    141  2.172318990053360E-004  3.005205957969120E+001
    851  2.159397749641010E-004  1.189105890777936E+002
    547  2.120404174073348E-004  1.040413527560943E+002
    201  2.091204395467040E-004  3.413905621996786E+001
    209  2.076363391100265E-004  3.420776675567321E+001
    587  2.057033609392918E-004  1.072564562863978E+002
    607  2.052439305447613E-004  1.079782277499060E+002
    185  2.034218061584977E-004  3.329017879350934E+001
    335  1.940906377828387E-004  4.064698242871874E+001
    163  1.920200517371698E-004  3.148605603035891E+001
    784  1.896652616005167E-004  1.156115101864969E+002
   1001  1.865156968724500E-004  1.301907504163165E+002
    702  1.859556221234873E-004  1.112791472783473E+002
    108  1.833375425824580E-004  2.884206820739177E+001
    296  1.829966393307783E-004  3.847026909032138E+001
    825  1.808452645742418E-004  1.174155068731360E+002
     12  1.783847018651083E-004  1.791855268392995E+001
    580  1.755582516337185E-004  1.069063882425304E+002
    778  1.746436027980388E-004  1.153062331743218E+002
    353  1.704384964313008E-004  4.354452657935016E+001
    240  1.684993682044942E-004  3.568815433410965E+001
    374  1.677910405897891E-004  4.576894168844035E+001
    940  1.675501429364167E-004  1.277053477702196E+002
    879  1.674788146018670E-004  1.208628531744268E+002
     92  1.641945012279996E-004  2.796966533379813E+001
    301  1.639429199919561E-004  3.874125966254066E+001
    149  1.634430335191280E-004  3.064428879965062E+001
    341  1.634397356741109E-004  4.207899368185591E+001
    813  1.621042733337454E-004  1.170211975618395E+002
    532  1.619604914596849E-004  6.299204701993657E+001
    559  1.616148252707514E-004  1.054467335457494E+002
    689  1.601167684747248E-004  1.108992280227757E+002
    206  1.578337087519850E-004  3.418711639611698E+001
    742  1.561725464704112E-004  1.126546326383816E+002
    273  1.560516916617570E-004  3.771236202405859E+001
   1006  1.538520007237798E-004  1.303473844140781E+002
     69  1.518912438112960E-004  2.667931486079132E+001
    630  1.482691319748428E-004  1.086464564510315E+002
    617  1.470027373610490E-004  1.082069188907082E+002
    383  1.468193702109291E-004  4.665506804468283E+001
    110  1.467662894910840E-004  2.890337161783228E+001
    666  1.454874648972831E-004  1.096961217429448E+002
    398  1.453072580540916E-004  5.298968704937109E+001
    213  1.446692962641092E-004  3.426923698719692E+001
    489  1.432348200299854E-004  5.906665573291085E+001
    690  1.430338921260343E-004  1.109553167085971E+002
    945  1.427576037647435E-004  1.278945431870569E+002
    771  1.426510288739985E-004  1.142541813627527E+002
    973  1.413388336064610E-004  1.290303348922233E+002
    359  1.394499934541242E-004  4.440820660542785E+001
    139  1.392547561388095E-004  3.001327528760398E+001
    140  1.371082261543793E-004  3.002380690834687E+001
    226  1.333126542256641E-004  3.460914941435140E+001
     39  1.327921801465269E-004  2.419216907562118E+001
    697  1.326911662561898E-004  1.111168086390436E+002
    516  1.325518798122656E-004  6.114879167768425E+001
    238  1.291907691325043E-004  3.562010162214489E+001
    991  1.287014104016508E-004  1.298309517843196E+002
    205  1.285295332645979E-004  3.418138862993963E+001
    613  1.268026954103016E-004  1.081325074305931E+002
    548  1.216396584033842E-004  1.041098140943872E+002
    539  1.211598606624076E-004  1.004038214764926E+002
     22  1.199827967229407E-004  2.149928230079738E+001
    687  1.188153326271421E-004  1.108477970364615E+002
    557  1.167516689517891E-004  1.053298087456868E+002
   1029  1.158717473589302E-004  1.312589073638632E+002
   1044  1.158100240810251E-004  1.320835593454495E+002
    769  1.148306071440088E-004  1.141494817506874E+002
    230  1.112713013198083E-004  3.507000892128892E+001
    637  1.111861100803695E-004  1.087708716348475E+002
    730  1.108110770627169E-004  1.124678820560711E+002
    327  1.103905911765456E-004  3.980649710729982E+001
     54  1.101575885502181E-004  2.537118147105558E+001
    903  1.100801519722436E-004  1.249295857950171E+002
   1036  1.078182288032258E-004  1.315563975924429E+002
   1021  1.058222152044040E-004  1.308784400027895E+002
    942  1.052928266252570E-004  1.277896527703618E+002
    675  1.049514375446880E-004  1.101932688761904E+002
    960  1.021735624289986E-004  1.283710541965592E+002
    836  1.018835416371710E-004  1.177792466123822E+002
    343  1.002920472970995E-004  4.223776350771931E+001
    118  9.974610603289445E-005  2.927665934202001E+001
    756  9.964312393518695E-005  1.131019348749128E+002
    411  9.855323224449684E-005  5.390414096058870E+001
    125  9.787911912083721E-005  2.955205187993630E+001
    316  9.772938065695545E-005  3.947722492082590E+001
    478  9.752952555279082E-005  5.880478287498814E+001
    128  9.725240066001401E-005  2.964876822252022E+001
    312  9.497921197716882E-005  3.940338989709551E+001
    552  9.436977831914365E-005  1.045004516183760E+002
   1033  9.399237329037005E-005  1.314921549657209E+002
    669  9.296523473596293E-005  1.098991161820264E+002
    894  9.189784616206119E-005  1.226855190700912E+002
    719  9.020453422521332E-005  1.120361196403708E+002
     65  8.841430574788659E-005  2.645533186342116E+001
     41  8.557291672388453E-005  2.434332602389209E+001
    680  8.414759898529896E-005  1.106808485277705E+002
    380  8.399910391002257E-005  4.621788456267294E+001
    190  8.350281522919550E-005  3.352213579831744E+001
    890  8.348202391130318E-005  1.222269695705770E+002
    909  8.187491846027906E-005  1.256671150468244E+002
    219  8.147226101018017E-005  3.435584966495736E+001
    269  8.011584850588856E-005  3.766609016559832E+001
     37  8.010877571308211E-005  2.413005277682491E+001
    721  7.951155103523462E-005  1.121902054803930E+002
    829  7.912009251779510E-005  1.175434491795728E+002
     60  7.912002175180384E-005  2.612817271153773E+001
    524  7.850190374905140E-005  6.196836567938324E+001
    535  7.695752356448560E-005  7.234684016852472E+001
    897  7.616362758432646E-005  1.233154024205701E+002
    955  7.581827867398262E-005  1.283043098504922E+002
    329  7.527529265704297E-005  3.994917835777716E+001
    223  7.468687274354503E-005  3.452101188794168E+001
   1027  7.349974486563510E-005  1.311414239553258E+002
    254  7.287183020144096E-005  3.696870162494890E+001
    267  7.150968221070353E-005  3.763942844703926E+001
    848  7.149865200718991E-005  1.185512117490796E+002
    727  7.133550340526420E-005  1.123838421661365E+002
    772  6.977780519467463E-005  1.144444014986270E+002
    473  6.907646905129436E-005  5.864875851961727E+001
    636  6.879302644292065E-005  1.087412284437008E+002
    280  6.839541673943047E-005  3.777070006257392E+001
    404  6.542004721538299E-005  5.332919471058649E+001
    197  6.537701949257792E-005  3.407091137263039E+001
    195  6.535645691023838E-005  3.399004655216064E+001
    944  6.532180568914490E-005  1.278264506290159E+002
    731  6.529829072599838E-005  1.124795031346507E+002
    440  6.424710533428095E-005  5.589934491235444E+001
    127  6.405325557433222E-005  2.958197907168710E+001
    737  6.349682170071865E-005  1.125716601108342E+002
    968  6.340768261421981E-005  1.287893908307005E+002
    615  6.329916860638785E-005  1.081646255451844E+002
    534  6.214423035486513E-005  6.352992396574133E+001
    519  6.185675532011174E-005  6.116666091909611E+001
    917  6.116804455028385E-005  1.262583151256411E+002
    810  5.962601949366137E-005  1.168542717379606E+002
    287  5.892000971155381E-005  3.806334999222836E+001
     21  5.877579089627565E-005  2.149552581175353E+001
    795  5.736954224480049E-005  1.159446042090269E+002
   1052  5.730695662212466E-005  1.330891459743712E+002
     55  5.707548525925397E-005  2.564739582447731E+001
   1070  5.668032482838503E-005  1.350535885837313E+002
    337  5.623512130550239E-005  4.125439580477820E+001
    698  5.564994801363267E-005  1.111543499618823E+002
    866  5.507508584745608E-005  1.198737679274225E+002
    789  5.457627870832627E-005  1.157939903252585E+002
    553  5.376697701666880E-005  1.045844149005738E+002
    568  5.355915159277351E-005  1.063884322375297E+002
    986  5.350277419595503E-005  1.294778988001748E+002
      7  5.337789330812564E-005  1.598850297870253E+001
    456  5.318507257204114E-005  5.758475825352298E+001
    981  5.224783779662705E-005  1.292686845988868E+002
    928  5.192354145146491E-005  1.271758190169006E+002
    932  5.060796952531761E-005  1.272890793904072E+002
    326  4.998472087917441E-005  3.980074663620405E+001
    992  4.959393994600928E-005  1.299169051159237E+002
   1048  4.848152318244051E-005  1.325281096806480E+002
    724  4.834587843208667E-005  1.122474317356576E+002
    746  4.828484118515964E-005  1.128150956859242E+002
    244  4.814507937599896E-005  3.582009297825139E+001
    842  4.758217394944931E-005  1.180365480395604E+002
    964  4.641214355578230E-005  1.284811881676410E+002
    950  4.620480539002878E-005  1.281356928004739E+002
    249  4.612406267812961E-005  3.643158917315001E+001
    745  4.540102348708394E-005  1.127541380335163E+002
    780  4.453635214717821E-005  1.153482258688003E+002
     35  4.429495908227542E-005  2.406163852032448E+001
    487  4.327916403144745E-005  5.901096182276392E+001
    164  4.324650354350199E-005  3.156123118588701E+001
    517  4.284380031743839E-005  6.116283191518230E+001
    111  4.226472844391620E-005  2.891758955889047E+001
    266  4.050536967904935E-005  3.763404507858488E+001
    639  4.042995103888006E-005  1.087924757147032E+002
    236  4.013670638588531E-005  3.558504171265294E+001
    480  4.012275074299757E-005  5.887142017505539E+001
    438  3.964457684387545E-005  5.568774314714533E+001
    319  3.947579201130846E-005  3.955367029075058E+001
    271  3.895070397368173E-005  3.769377629908810E+001
    706  3.825387730564991E-005  1.115644797142602E+002
    984  3.809387203516195E-005  1.293776492189174E+002
    777  3.730939589268986E-005  1.150636811545726E+002
    763  3.696613377537602E-005  1.136578287383470E+002
    774  3.643448064686942E-005  1.147299018357027E+002
    114  3.626598417004298E-005  2.903390568794284E+001
     57  3.593237586081930E-005  2.601044601303876E+001
     76  3.576991130017371E-005  2.719040433196805E+001
    748  3.555106788454942E-005  1.128453459062848E+002
    193  3.494458181342686E-005  3.387383688791338E+001
    540  3.487153338694114E-005  1.019596674086986E+002
    751  3.480909953857045E-005  1.129352725370382E+002
    496  3.459528002710189E-005  5.977778544840232E+001
     63  3.396578808370841E-005  2.633691355837915E+001
    523  3.380122661657853E-005  6.195141091349550E+001
    545  3.376089755113104E-005  1.038885725205099E+002
     85  3.299722342602341E-005  2.757726243328665E+001
    204  3.235210982697628E-005  3.416741852472765E+001
    884  3.229497507380924E-005  1.212913619330936E+002
    905  3.197621506008945E-005  1.252963463377060E+002
    934  3.116927393333366E-005  1.274026915475210E+002
   1014  3.082498103499011E-005  1.306579532637773E+002
    860  3.005663748648945E-005  1.193608179742887E+002
    262  2.954488584194321E-005  3.754826259370084E+001
      8  2.937852305879442E-005  1.603898235084092E+001
    144  2.898767714585950E-005  3.023024488043693E+001
    880  2.869632520665615E-005  1.209811659012211E+002
    417  2.857293265684247E-005  5.432386496665636E+001
     17  2.810943776063108E-005  2.091913438766164E+001
    387  2.721876213228707E-005  4.845493173747810E+001
    396  2.653251513142599E-005  5.292259014309509E+001
    403  2.624280734414658E-005  5.332276567118551E+001
    929  2.602291480458325E-005  1.272324166790593E+002
    898  2.596594543235706E-005  1.236287338505038E+002
    145  2.547445356797211E-005  3.035386176419680E+001
    543  2.532857509177543E-005  1.026098663261161E+002
    490  2.519266990790161E-005  5.909746584665749E+001
    796  2.486490622281850E-005  1.160406419035091E+002
    513  2.481846917534546E-005  6.111701004965728E+001
    105  2.436430665271221E-005  2.872870804936272E+001
    476  2.431268993712118E-005  5.874284760292872E+001
    911  2.427000057587001E-005  1.258968376271585E+002
    376  2.424004029827954E-005  4.578482274843697E+001
     23  2.379395684909126E-005  2.160694502786773E+001
    281  2.341873423586861E-005  3.778222215271058E+001
    913  2.341813239083315E-005  1.260963173315474E+002
    340  2.320349252599618E-005  4.203744443197692E+001
    251  2.315858477415099E-005  3.670193646720268E+001
     77  2.307464500145054E-005  2.720977418778346E+001
     90  2.277845955243988E-005  2.792299487571685E+001
    198  2.270215074898898E-005  3.410095577154824E+001
    349  2.234413224131913E-005  4.279212686889406E+001
   1026  2.232411962454714E-005  1.310988308446859E+002
    413  2.228022893269974E-005  5.407796767412047E+001
    275  2.221988132767572E-005  3.771871208633355E+001
    943  2.212336418531662E-005  1.278255860865938E+002
    873  2.197243012330706E-005  1.205400953636918E+002
    895  2.158371397419744E-005  1.231922658586809E+002
    222  2.115803125629265E-005  3.444665555523785E+001
    824  2.114938876142152E-005  1.173851057796732E+002
     98  2.100129454420277E-005  2.810036398063808E+001
    514  2.095162008022692E-005  6.112143562944963E+001
    202  2.075441339633545E-005  3.414693728338715E+001
    599  2.074536579368110E-005  1.077354408464688E+002
    924  2.060799077497552E-005  1.267645350898773E+002
    854  2.055422588207669E-005  1.190938927222375E+002
    858  2.055337165745892E-005  1.193043137223610E+002
     89  2.048067325310882E-005  2.787565477396676E+001
    286  1.993279743847197E-005  3.806107114689090E+001
    863  1.965122737032937E-005  1.194780899982511E+002
     29  1.946151835276256E-005  2.304600720746813E+001
    455  1.916549893570282E-005  5.757818593173593E+001
    853  1.910958204415913E-005  1.189950762444425E+002
    493  1.885836212710201E-005  5.956939432616837E+001
     48  1.772150133191243E-005  2.521050943974308E+001
    265  1.753547655644573E-005  3.762418150997995E+001
    395  1.750099306811946E-005  5.279005865968511E+001
    416  1.744366528581188E-005  5.412105627361211E+001
     82  1.741178957824630E-005  2.744742479332049E+001
     99  1.729611078586621E-005  2.813215700322161E+001
    375  1.685874960856264E-005  4.577921754207221E+001
    976  1.684763328046073E-005  1.291265023483052E+002
    169  1.676577577465520E-005  3.225245008090104E+001
   1011  1.662704273275450E-005  1.305590563134582E+002
    483  1.649822111521860E-005  5.892865432514233E+001
    211  1.617742356585024E-005  3.422885497659050E+001
    207  1.613214883502867E-005  3.419271829752626E+001
     38  1.572804416725351E-005  2.415274881711009E+001
    154  1.526056221924952E-005  3.128025029310897E+001
     81  1.522066659287570E-005  2.737831616504717E+001
    844  1.507757345181064E-005  1.182236522024691E+002
    887  1.496397116881604E-005  1.215278324822884E+002
    290  1.493128194924212E-005  3.834059039797889E+001
    671  1.489460838806187E-005  1.100461630260976E+002
    820  1.480464549268339E-005  1.173160626674297E+002
    585  1.468961982143448E-005  1.071721890576240E+002
     24  1.438219736138794E-005  2.165827626673025E+001
    785  1.433851635136779E-005  1.156515149006221E+002
    148  1.431614380897849E-005  3.055713011308698E+001
    120  1.414644822659786E-005  2.935022978395871E+001
    499  1.372749130971127E-005  6.010190034988052E+001
     94  1.369536592288638E-005  2.803048707399637E+001
    291  1.368645660823126E-005  3.834865717601958E+001
    683  1.342368937944853E-005  1.107854094171573E+002
    807  1.329689220266315E-005  1.166040027024774E+002
   1005  1.328892706551170E-005  1.302961950162389E+002
    268  1.317096977157928E-005  3.765614789507087E+001
    256  1.316209857081842E-005  3.708485200545782E+001
    983  1.274711070931846E-005  1.293699640118089E+002
    495  1.264141083000422E-005  5.971063876484735E+001
    409  1.246445074494267E-005  5.377950655266745E+001
    716  1.240178301052074E-005  1.119313653155845E+002
    546  1.215244443754089E-005  1.038908634804570E+002
    156  1.208613597614399E-005  3.133959801814033E+001
    962  1.157436334762304E-005  1.284190833846668E+002
    132  1.137013776540111E-005  2.978147182311027E+001
    192  1.132645381020348E-005  3.373139183933635E+001
    544  1.120541672701302E-005  1.037287728441322E+002
     93  1.116018979215400E-005  2.801831476528660E+001
    237  1.095574443988273E-005  3.561350513334219E+001
    313  1.072183722125334E-005  3.941220320488696E+001
    817  1.051310802681781E-005  1.171745914510001E+002
    428  1.042506182270567E-005  5.539697768550786E+001
    367  9.989314750128759E-006  4.546665367422378E+001
    783  9.937355072927944E-006  1.155776779712016E+002
    377  9.877586140009771E-006  4.580996274485975E+001
    791  9.854727065483441E-006  1.158399885308925E+002
    710  9.617888171508131E-006  1.117114283703663E+002
    868  9.597037816193470E-006  1.199994649602093E+002
    315  9.560890628774196E-006  3.946262277995078E+001
    333  9.502702177887111E-006  4.050570323460023E+001
    525  9.372829789030440E-006  6.201689187624501E+001
    448  9.358906945918258E-006  5.707216855561523E+001
    161  9.301794725339517E-006  3.141544799468193E+001
    886  9.125864764156936E-006  1.214498350996194E+002
    134  9.067414269233705E-006  2.989081555609098E+001
    372  8.985261406737391E-006  4.569660817760900E+001
   1009  8.826464574925057E-006  1.304609142394732E+002
    551  8.818999623934515E-006  1.044758850995860E+002
    212  8.775560487148247E-006  3.425448747044050E+001
    762  8.595274792609892E-006  1.134504722361933E+002
    142  8.475362063335487E-006  3.011700635419402E+001
    549  8.394811916693795E-006  1.043755820157491E+002
    654  8.179549344681014E-006  1.091774321289355E+002
     80  8.154507527209470E-006  2.737665388114407E+001
    554  8.110395435508662E-006  1.048978551747549E+002
     18  8.003804492974827E-006  2.124694793769305E+001
    479  7.975556984716149E-006  5.886156225440574E+001
    754  7.937889563564571E-006  1.130532912402911E+002
    364  7.655065820011661E-006  4.528995878587361E+001
    399  7.488618219692232E-006  5.300117686152819E+001
   1076  7.418484723214783E-006  1.858411948136732E+002
    133  7.106525607443318E-006  2.980777525245198E+001
     96  7.103701443382375E-006  2.807603105873968E+001
    510  7.008697478357631E-006  6.106496915014706E+001
    972  6.961360775468624E-006  1.289491342298440E+002
    429  6.928432856719720E-006  5.542704693693687E+001
     52  6.926332618236779E-006  2.532370304309600E+001
    117  6.894214415291893E-006  2.915145470361619E+001
    602  6.781412505118145E-006  1.078335831208874E+002
    175  6.746291016932147E-006  3.282740528695558E+001
    369  6.726205914299372E-006  4.556664797594529E+001
    989  6.646674576512258E-006  1.296856498562064E+002
     58  6.551106605113117E-006  2.603619761911758E+001
    765  6.538090109199188E-006  1.138034732037320E+002
    184  6.492126006506507E-006  3.328145954751520E+001
    988  6.427575154305241E-006  1.295230022337254E+002
    253  6.414591639969547E-006  3.690338042035397E+001
    167  6.147520857860860E-006  3.206734480721192E+001
    832  6.099292927204648E-006  1.176150872586579E+002
    663  6.092073284166674E-006  1.095408569103236E+002
     53  5.972769736886020E-006  2.532427500710937E+001
     75  5.699114392266790E-006  2.717284531466260E+001
    527  5.678290449254290E-006  6.211137902133680E+001
    488  5.552303365867764E-006  5.904214899548738E+001
    643  5.533064436520638E-006  1.088529165631816E+002
    597  5.526695886639202E-006  1.076362394255561E+002
    827  5.512516123216509E-006  1.174913134466901E+002
   1056  5.446274338654463E-006  1.332822863268028E+002
     72  5.390878561388160E-006  2.695844835194747E+001
    194  5.355551642929655E-006  3.388123191050668E+001
    101  5.293188975067438E-006  2.816121926613436E+001
    803  5.284776901095304E-006  1.163959410830473E+002
    217  5.218715418368659E-006  3.432077633458158E+001
    135  4.995486685804720E-006  2.990996926970350E+001
      5  4.899765365944341E-006  1.580375607842547E+001
    330  4.888260005085611E-006  4.000719691328421E+001
     64  4.804978018748734E-006  2.637954322898939E+001
    420  4.767346233244349E-006  5.464265012038360E+001
    208  4.757101730963044E-006  3.420400517096608E+001
    826  4.706923605373082E-006  1.174535409692338E+002
    995  4.686297937308792E-006  1.300556822463785E+002
    691  4.617362971546848E-006  1.109942746792360E+002
    921  4.521190836142121E-006  1.266347372507485E+002
    158  4.519841702858372E-006  3.138637587596471E+001
    231  4.459387785753715E-006  3.529195130720404E+001
      3  4.389632287071406E-006  1.530095081680193E+001
    649  4.377502923107514E-006  1.089557122086210E+002
    229  4.277766171389426E-006  3.477639317683153E+001
    241  4.270144558990628E-006  3.573178726353736E+001
     74  4.217205034680257E-006  2.706787664592100E+001
    321  4.178554377369142E-006  3.959878738143280E+001
    937  4.158020174750134E-006  1.275975168353670E+002
    948  4.078430892829878E-006  1.280530341997139E+002
    124  4.063742677944271E-006  2.953039329658957E+001
     95  4.003242719384305E-006  2.806113631432304E+001
    113  3.945492950378062E-006  2.894608485543543E+001
     43  3.899682674512874E-006  2.485090944939308E+001
    351  3.879838116488475E-006  4.290814690346715E+001
    902  3.878888707287882E-006  1.246861225619736E+002
    129  3.848459833168725E-006  2.967722940199728E+001
    667  3.817699207200135E-006  1.098231148083649E+002
    159  3.739091156256894E-006  3.140014259635325E+001
    855  3.654885148821911E-006  1.192335282432478E+002
    412  3.642313273006786E-006  5.399327798218789E+001
    541  3.470442941951557E-006  1.020561485810812E+002
    738  3.459030396412852E-006  1.126248828969786E+002
    799  3.403977174231002E-006  1.161655148393659E+002
   1007  3.308282904785631E-006  1.303971511397991E+002
    610  3.264002856854574E-006  1.080548791140610E+002
    515  3.240048477007333E-006  6.113166482037749E+001
     31  3.236063565880291E-006  2.349957735236975E+001
     11  3.216503550395184E-006  1.771447447329438E+001
    892  3.198406541817657E-006  1.223146913863671E+002
    865  3.130569169769810E-006  1.195233182598442E+002
    246  3.009062518798775E-006  3.612200287477440E+001
    414  2.970246056071187E-006  5.408443269732371E+001
    644  2.945037822568807E-006  1.088699046594824E+002
    798  2.890329502918080E-006  1.161233232814441E+002
     68  2.868482510882683E-006  2.665958995788216E+001
    255  2.809241311384636E-006  3.705801266502003E+001
    121  2.671347521410083E-006  2.937009161569695E+001
    916  2.664483410825560E-006  1.261858055404796E+002
    816  2.645609084937272E-006  1.170854692244173E+002
     20  2.586612920551371E-006  2.146722812704134E+001
    831  2.585263827955171E-006  1.175849164822640E+002
    347  2.566613685403096E-006  4.251894246220620E+001
    385  2.500329344426311E-006  4.744969147605799E+001
     78  2.411627082291466E-006  2.724001953302053E+001
    830  2.404921245427568E-006  1.175448785112390E+002
    717  2.383858642086903E-006  1.119901298340990E+002
    733  2.334750703151378E-006  1.125211996768446E+002
    199  2.283182381772625E-006  3.411214171315592E+001
    106  2.274833609897773E-006  2.873147041157064E+001
     36  2.263516343226901E-006  2.408548968715760E+001
    295  2.202158733756889E-006  3.844649820311862E+001
    463  2.180248982211100E-006  5.840368106338346E+001
    324  2.172844711442456E-006  3.965813849875591E+001
    511  2.169540908382453E-006  6.108291035790679E+001
    600  2.139395398387126E-006  1.078192567961393E+002
   1075  2.131023569814784E-006  1.852007864492208E+002
    200  2.104806228965780E-006  3.413076352937113E+001
    107  2.099758272275898E-006  2.880093649968087E+001
    234  2.089910217558201E-006  3.541632958107625E+001
    451  2.085072039089330E-006  5.726939793781466E+001
     84  2.060372359507730E-006  2.748397341497807E+001
    802  2.042884155655244E-006  1.163074247182627E+002
    437  1.944151751638529E-006  5.567668099873953E+001
    203  1.943816023442032E-006  3.415596231316062E+001
    954  1.881805216832671E-006  1.282848493157465E+002
     49  1.811595649236137E-006  2.521926711432687E+001
    352  1.787855050832561E-006  4.345183818831803E+001
    919  1.767657819546710E-006  1.264669767465423E+002
     97  1.729231783852338E-006  2.809615145046481E+001
    700  1.704978365305308E-006  1.112187707043413E+002
    224  1.642864813317062E-006  3.456258153743839E+001
    837  1.597014121489120E-006  1.177814246314451E+002
    152  1.543301439115000E-006  3.107793476288124E+001
    162  1.541130767859950E-006  3.142013005221356E+001
    187  1.520983815676649E-006  3.338593491458187E+001
   1016  1.516534795151275E-006  1.306784011483153E+002
    930  1.511118182399104E-006  1.272550109882912E+002
    361  1.502063708640817E-006  4.509188248244521E+001
    346  1.494876073207277E-006  4.251353138364797E+001
     15  1.473979462962620E-006  2.077312965636918E+001
     42  1.423536832991563E-006  2.442065503900721E+001
    465  1.342655851233524E-006  5.845233409136720E+001
     66  1.327461848742463E-006  2.653041695388611E+001
    218  1.327163778186993E-006  3.434087154455664E+001
    397  1.314468384719955E-006  5.292984574180642E+001
    131  1.280773227794639E-006  2.976719894627799E+001
    572  1.270198177071817E-006  1.066354688575440E+002
    260  1.236241955176160E-006  3.745846822965304E+001
    153  1.145007314760728E-006  3.119128674334460E+001
    373  1.115466965884350E-006  4.573517441489172E+001
    357  1.084220023632792E-006  4.413715889769129E+001
    314  1.068179947941630E-006  3.944402428691944E+001
    651  1.064376975422714E-006  1.090123807306586E+002
    282  1.047178800266016E-006  3.781601762519486E+001
    216  1.010473941664944E-006  3.431915233475488E+001
    170  1.003341080320664E-006  3.240864442722207E+001
   1002  9.972993267169173E-007  1.301955720736593E+002
    289  9.877086135371816E-007  3.832422991649202E+001
    520  9.868904442931139E-007  6.117519869664547E+001
    143  9.478050684605885E-007  3.021552765862468E+001
    325  9.442596727347437E-007  3.979678053884171E+001
    317  9.215036927758416E-007  3.952108816795088E+001
    550  9.211569135668166E-007  1.044255141670578E+002
    577  8.792330264537463E-007  1.068269012623950E+002
    284  8.786954405565535E-007  3.794002386601017E+001
    112  8.646097526156945E-007  2.893182478938967E+001
    332  8.217482233570030E-007  4.036182328117159E+001
    239  8.157269995097928E-007  3.564788119351169E+001
   1035  8.102513903963459E-007  1.315022364948826E+002
    232  7.215747397045133E-007  3.530982942235851E+001
    138  7.170362702476711E-007  2.998810658959070E+001
    171  7.061921227358593E-007  3.251692712246987E+001
    322  6.851479297232804E-007  3.962934885257222E+001
    180  6.817277172497525E-007  3.306959511625761E+001
    741  6.811546229152506E-007  1.126383251241469E+002
     88  6.797928520187777E-007  2.776495450944637E+001
    506  6.794476995082827E-007  6.092479484159845E+001
   1063  6.673844057472997E-007  1.338610239777397E+002
     30  6.644600191000175E-007  2.339033246897357E+001
    708  6.572895772071425E-007  1.116659378913442E+002
    307  6.401350171153115E-007  3.924418415703018E+001
    116  6.278356770625341E-007  2.910094471225916E+001
    331  6.144122054850467E-007  4.033978069592825E+001
    633  6.091261921797143E-007  1.086770367044967E+002
    394  6.027198999911239E-007  5.275338077531283E+001
    536  5.943520134789254E-007  7.244369170766353E+001
    401  5.935758797785185E-007  5.310952948046032E+001
    214  5.931320701315554E-007  3.429158842681225E+001
    622  5.825111758587005E-007  1.084041586407917E+002
    261  5.599937685829865E-007  3.751537038816641E+001
    874  5.343117739385715E-007  1.206463359037059E+002
     51  5.339912078110326E-007  2.527497960196780E+001
    181  5.294335396620925E-007  3.309588236011395E+001
   1040  5.218079205673887E-007  1.318325334098182E+002
    959  5.161422657535536E-007  1.283643788123119E+002
     45  5.124551670011260E-007  2.505629895200580E+001
    174  5.098266761841156E-007  3.277024257542895E+001
    808  4.932854448341524E-007  1.166438640424820E+002
    956  4.827036195573700E-007  1.283075816024711E+002
      6  4.790152419471310E-007  1.593905863128156E+001
   1054  4.781003312672145E-007  1.332101619260334E+002
   1042  4.744134068950384E-007  1.319938555239870E+002
    472  4.695516596234265E-007  5.860732378330380E+001
    304  4.654939075583780E-007  3.902642388250331E+001
    447  4.601795089193167E-007  5.692641404400948E+001
    457  4.582654756222640E-007  5.770039153165104E+001
    564  4.462723457856614E-007  1.059223740174141E+002
    861  4.453394251314512E-007  1.193618968506130E+002
    220  4.377853476470020E-007  3.440936379612124E+001
    328  4.325673472843793E-007  3.982877398686839E+001
    227  4.290513763693124E-007  3.461221107986133E+001
     13  4.245812491105679E-007  2.038781372204352E+001
    958  4.242440404691758E-007  1.283326337970340E+002
    228  4.169616438387578E-007  3.465329128304563E+001
    247  4.157106744937896E-007  3.613855018049320E+001
    160  4.117373900706574E-007  3.140287364756382E+001
    221  4.098100781677438E-007  3.444064242877499E+001
    878  4.050700929948721E-007  1.208553192243232E+002
    309  3.963264113036911E-007  3.929268620446922E+001
     34  3.934688411436016E-007  2.394870774261297E+001
    338  3.916696545642840E-007  4.143596746217444E+001
    561  3.891833632856079E-007  1.057823475786052E+002
    501  3.841241670270183E-007  6.025540211442135E+001
   1018  3.800380170865116E-007  1.307425624046459E+002
    918  3.546307755970170E-007  1.263810693695273E+002
     19  3.457214204504989E-007  2.137958735177528E+001
    952  3.404540505396509E-007  1.282170243378332E+002
    555  3.370814490881315E-007  1.049505825405343E+002
    560  3.345642949245384E-007  1.057397922085461E+002
     28  3.340799529741791E-007  2.303576073275412E+001
     46  3.308292802563671E-007  2.508968851186969E+001
    629  3.266186375435010E-007  1.086436456014825E+002
    872  3.241554803132588E-007  1.204992644439996E+002
    334  3.236030904765449E-007  4.055961280242965E+001
    242  3.143442163398637E-007  3.575330164903793E+001
    753  3.113630456406306E-007  1.130399909728984E+002
    339  3.086313735729483E-007  4.199721405536648E+001
    188  3.041202165935286E-007  3.343297855491465E+001
    660  3.033478226767289E-007  1.093929129115852E+002
    573  2.938598426702014E-007  1.066520968004064E+002
    571  2.931165266105220E-007  1.065760725477823E+002
    449  2.917220662989297E-007  5.713782918039372E+001
    736  2.885942107899878E-007  1.125700463249535E+002
    896  2.843965540995642E-007  1.231967026860033E+002
    146  2.675338234665066E-007  3.038455959742199E+001
    250  2.643295530766023E-007  3.645071914574685E+001
    732  2.638567709796298E-007  1.124809932511083E+002
    608  2.583144867774752E-007  1.080310773431174E+002
    252  2.560317228263696E-007  3.681481496629917E+001
    389  2.541606018289377E-007  4.924612888004685E+001
    406  2.452651830608131E-007  5.347162595814701E+001
    147  2.388171747679479E-007  3.045498909450352E+001
    178  2.274390638696900E-007  3.291892583427273E+001
    823  2.191064428551398E-007  1.173434151863991E+002
    542  2.191002516479412E-007  1.021380905135569E+002
    619  2.124947821297572E-007  1.083262496248409E+002
    627  2.062244800373282E-007  1.085359599099982E+002
    725  2.039459134227151E-007  1.122622575126908E+002
    336  2.020639363125996E-007  4.106442919982931E+001
    684  1.968031592408215E-007  1.108055531440044E+002
    612  1.806013447801965E-007  1.080838271474082E+002
    257  1.799936712656484E-007  3.716053985696894E+001
   1046  1.798376872027728E-007  1.322741703884410E+002
    168  1.712105273707964E-007  3.223239881301075E+001
     25  1.708211875865411E-007  2.268285797328677E+001
    350  1.706166617051316E-007  4.287084402122760E+001
    996  1.694213661163764E-007  1.300741546440489E+002
     61  1.693427094664556E-007  2.623624111749398E+001
    569  1.630249527405344E-007  1.064024371239422E+002
    155  1.617391342482672E-007  3.129077640287002E+001
    439  1.610417989384804E-007  5.581771077364913E+001
    670  1.576784845123500E-007  1.099218253642219E+002
    931  1.505405610886178E-007  1.272754104030811E+002
    638  1.474659535595487E-007  1.087773663504995E+002
    821  1.455962946234380E-007  1.173213489801490E+002
    183  1.424723775143053E-007  3.317747871488443E+001
    768  1.400813069046642E-007  1.140511281344195E+002
    812  1.394658091518781E-007  1.169499526914024E+002
    648  1.388038916713173E-007  1.089328290594756E+002
    567  1.340097948240720E-007  1.061175767374582E+002
    722  1.337345529192503E-007  1.121989232781130E+002
     59  1.295960756698045E-007  2.608228483109795E+001
   1015  1.271987551242927E-007  1.306693309857935E+002
    370  1.256337235023882E-007  4.562254251008403E+001
    584  1.241576893361062E-007  1.071415131646536E+002
    470  1.232624068792289E-007  5.858950887133865E+001
    574  1.226459165711934E-007  1.067089856517616E+002
    876  1.207231867184301E-007  1.207338716680959E+002
    323  1.203895407303510E-007  3.963162035223775E+001
    685  1.189544989519921E-007  1.108208915724099E+002
    263  1.179779560685312E-007  3.756851288337069E+001
    431  1.171833964261480E-007  5.545822575490884E+001
   1051  1.170564926235121E-007  1.330173846663143E+002
    938  1.087559682022595E-007  1.276246332177813E+002
    744  1.083022690174867E-007  1.127340165661099E+002
    150  1.080079235892421E-007  3.095380367517388E+001
    583  1.064970623460471E-007  1.070323413352247E+002
    502  1.036766142321591E-007  6.033057478557798E+001
    382  1.033628540420049E-007  4.661435463500721E+001
    790  9.945775491294350E-008  1.158127479939932E+002
    642  9.710061183668580E-008  1.088349318990273E+002
    594  9.607280783947842E-008  1.075267994995216E+002
    191  9.409417454281190E-008  3.372798248811258E+001
    694  9.407269394737158E-008  1.110208923005156E+002
   1004  9.388424131973975E-008  1.302828791464404E+002
    672  9.275097295449033E-008  1.100523893058521E+002
    529  9.038377654801677E-008  6.213305424318654E+001
    679  8.984560024547972E-008  1.106299731616480E+002
    235  8.890155454338230E-008  3.553329683850696E+001
    605  8.882312818890438E-008  1.079476682950407E+002
    408  8.434449259636788E-008  5.368647704938994E+001
    591  8.330641821686313E-008  1.073970459895217E+002
    787  8.323948449986128E-008  1.157066821730262E+002
   1049  8.118266191458152E-008  1.325964910892840E+002
   1028  8.012032894633418E-008  1.312419762585663E+002
    596  7.883796155756490E-008  1.076305596761092E+002
    526  7.865168935118986E-008  6.205614154690332E+001
    770  7.700729482509195E-008  1.141655133118217E+002
    601  7.639555366359213E-008  1.078222216339937E+002
    946  7.584658476083926E-008  1.279201366409634E+002
    348  7.208536012088609E-008  4.278252907839931E+001
    891  7.123521817776872E-008  1.222344606190913E+002
    882  6.823135110819964E-008  1.212606419968792E+002
   1065  6.684406866318408E-008  1.340986810838602E+002
    123  6.661103590212269E-008  2.945706723223188E+001
    556  6.611436802680271E-008  1.053074591696642E+002
    761  6.457749519140755E-008  1.134019555363662E+002
    444  6.399457883803295E-008  5.640873014994138E+001
    320  6.294677455272804E-008  3.958466091098631E+001
    941  6.160101428780948E-008  1.277239710636116E+002
    971  6.155804646685065E-008  1.289111652451389E+002
    908  6.075528877659308E-008  1.256350992978881E+002
    634  5.997197251187442E-008  1.087110579745548E+002
    620  5.991067449871588E-008  1.083700393844588E+002
    713  5.708602665947342E-008  1.118750446375970E+002
    461  5.672295489091155E-008  5.832169084274378E+001
    277  5.483375504159816E-008  3.774405278528796E+001
    999  5.474124373228206E-008  1.301340763851820E+002
    614  5.309265905950937E-008  1.081499604581023E+002
    521  5.309159749743920E-008  6.120499406654021E+001
     87  5.261553357111987E-008  2.773505635732142E+001
   1043  5.110032784755744E-008  1.320181582363304E+002
    987  5.105623874144132E-008  1.295218650079724E+002
    562  5.025862946736483E-008  1.058125905236654E+002
    674  4.834643094552554E-008  1.101627157855635E+002
    974  4.763849238123836E-008  1.290391941684268E+002
    701  4.708343865068026E-008  1.112655741498095E+002
     56  4.690711514301512E-008  2.577494999028338E+001
    173  4.687154119438971E-008  3.267731285541730E+001
    276  4.668967460268501E-008  3.774173651101562E+001
    565  4.574201109406238E-008  1.059848591127986E+002
    558  4.569329131944394E-008  1.054235904423783E+002
    923  4.423175216398050E-008  1.267345977181097E+002
     47  4.337845527407533E-008  2.514695584094496E+001
    589  4.191547812873356E-008  1.073243551551986E+002
    424  4.142609008171860E-008  5.504400290817051E+001
    657  3.994554233017715E-008  1.092680437977900E+002
    368  3.872918789217190E-008  4.552075151204606E+001
    728  3.793744786923975E-008  1.123911467240560E+002
    718  3.749846056840987E-008  1.120307816427976E+002
    758  3.705858203144734E-008  1.131945788764974E+002
    189  3.686265885820169E-008  3.348575581421191E+001
    388  3.541482714943991E-008  4.916519389587509E+001
    779  3.502872788340224E-008  1.153237642854880E+002
    899  3.488099361635146E-008  1.237750393258326E+002
    695  3.410692726519799E-008  1.110404578737834E+002
    786  3.394210409764141E-008  1.156679892855772E+002
    210  3.325197742664600E-008  3.421873300884823E+001
   1017  3.297390513935816E-008  1.307020085696559E+002
    735  3.265541116491102E-008  1.125422257639707E+002
    852  3.246676255143357E-008  1.189308904937423E+002
    815  3.237157459414673E-008  1.170844697210597E+002
    961  3.161974648292963E-008  1.283826108536399E+002
    849  3.108248852401482E-008  1.186556798515274E+002
    910  3.095509084456646E-008  1.258349422363612E+002
    747  3.094596365974006E-008  1.128221651622354E+002
   1019  3.085378505637777E-008  1.307856127904329E+002
    366  3.033924997214918E-008  4.541480133184800E+001
    857  2.959791506257046E-008  1.192977858717030E+002
    606  2.956415794002178E-008  1.079754075340127E+002
    723  2.773650139762939E-008  1.122249597820348E+002
    804  2.724067508317004E-008  1.164307012054320E+002
    243  2.696952505085032E-008  3.580427376176280E+001
    800  2.599693582047087E-008  1.161811067685375E+002
    595  2.591268596163367E-008  1.075727311228692E+002
    859  2.538416080538268E-008  1.193117826572047E+002
    939  2.478240556682301E-008  1.276788938661296E+002
    590  2.473185444834067E-008  1.073381491314167E+002
    715  2.422298944300915E-008  1.119122168057061E+002
    979  2.268134780284565E-008  1.292073280791942E+002
    665  2.247570214885680E-008  1.096195054263975E+002
    603  2.046580738384069E-008  1.078480909052838E+002
    522  1.958489838799917E-008  6.189501394570030E+001
    509  1.939627318546583E-008  6.104665142125116E+001
    176  1.931793715141943E-008  3.283702642513862E+001
    640  1.856786796738746E-008  1.088027953187827E+002
    469  1.834598153799056E-008  5.857260373695996E+001
    839  1.809076554494615E-008  1.178451551754228E+002
    927  1.807940372525344E-008  1.271118445081471E+002
    696  1.807561128796382E-008  1.111110130672436E+002
    707  1.794969637890975E-008  1.116484954290111E+002
    915  1.774032352683744E-008  1.261627872997085E+002
    792  1.764095138885606E-008  1.158579110744502E+002
    484  1.737554996979050E-008  5.894622531819898E+001
    969  1.712160415228255E-008  1.288232913140608E+002
    834  1.705602882322915E-008  1.176651591794238E+002
    980  1.705589904541729E-008  1.292322903638887E+002
   1073  1.690786372233581E-008  1.355646294676644E+002
    862  1.672340431620294E-008  1.194326389788892E+002
    711  1.670862728995061E-008  1.117833092223069E+002
    870  1.620416818725009E-008  1.203621491035894E+002
    846  1.565895517178239E-008  1.183733977129572E+002
    471  1.510580683088971E-008  5.859921299406331E+001
    641  1.482769986497631E-008  1.088136450829588E+002
    841  1.460444225261532E-008  1.180046875638410E+002
    668  1.450584798115987E-008  1.098358517134249E+002
    692  1.426181822791332E-008  1.109991362888409E+002
    624  1.337942959723152E-008  1.084534043855216E+002
    869  1.328044568391306E-008  1.201465244096069E+002
    922  1.301821873412303E-008  1.267277337836395E+002
    528  1.301057655774990E-008  6.211763689923020E+001
    664  1.280699991735777E-008  1.095868237421283E+002
    578  1.239238327163831E-008  1.068696587706935E+002
    709  1.230947961171338E-008  1.116986555393093E+002
    734  1.210473245937610E-008  1.125227414297757E+002
    714  1.192548489179363E-008  1.118865310298163E+002
    363  1.166341183367773E-008  4.523665715266514E+001
    705  1.126396251175031E-008  1.114879185885843E+002
    819  1.059329621832344E-008  1.172617623112352E+002
    833  1.031809637241020E-008  1.176450554682990E+002
   1010  1.016750352283975E-008  1.305150376372933E+002
    371  9.607936188830240E-009  4.567834615857563E+001
    586  9.300300862861005E-009  1.072414988471015E+002
    985  9.185393136080376E-009  1.294454523269476E+002
    953  9.094327090238210E-009  1.282835790234384E+002
    441  7.889479436578816E-009  5.602297434426368E+001
    726  7.884438478648426E-009  1.123280306605216E+002
    362  7.172990577767768E-009  4.520209191521082E+001
    628  7.138301287396823E-009  1.085999071252231E+002
    781  7.072779721027176E-009  1.155015502370288E+002
    508  6.959589864463761E-009  6.101348113010317E+001
    662  6.949254316337446E-009  1.094304874643061E+002
    688  6.743800183388115E-009  1.108652117541332E+002
    850  6.717146787650278E-009  1.188640670964077E+002
    579  6.432276929541385E-009  1.068810185812333E+002
    625  6.405961415041631E-009  1.084878781680722E+002
    782  6.211607033661434E-009  1.155663554633046E+002
    811  6.190396013640061E-009  1.169131613251637E+002
    759  6.054827881571926E-009  1.132523759465808E+002
    809  5.911705338003239E-009  1.168273457040169E+002
    788  5.671777810306429E-009  1.157595566872355E+002
   1059  5.504794666350442E-009  1.335352794510990E+002
    994  5.431698894029717E-009  1.299886393654431E+002
   1003  5.382972047931130E-009  1.302792324598297E+002
    920  5.312365602660065E-009  1.265729199247587E+002
    739  5.142954909244260E-009  1.126267264275300E+002
    949  5.113822660796666E-009  1.280833568476082E+002
   1023  4.789842390995579E-009  1.309907545973144E+002
    656  4.754780964628181E-009  1.092383325553483E+002
    805  4.730901765097201E-009  1.165442309434909E+002
    443  4.648955667951703E-009  5.615506371008289E+001
    481  4.605486068705464E-009  5.889564718758225E+001
    766  4.570496855548728E-009  1.138313497862233E+002
    345  4.342260215788668E-009  4.248475366295001E+001
    682  4.101779902955614E-009  1.107795174367904E+002
   1068  3.967901037041930E-009  1.342139437973118E+002
    978  3.893541374396157E-009  1.291764873003617E+002
     50  3.885481410780742E-009  2.524792740229145E+001
    914  3.520145397614739E-009  1.261343003660832E+002
    818  3.496007984112270E-009  1.172202887178189E+002
    752  3.490951402141931E-009  1.129825416205730E+002
    764  3.463132290453330E-009  1.137269990775531E+002
    767  3.374834439116522E-009  1.139787538815297E+002
    652  3.203908848929041E-009  1.090805000764319E+002
    109  3.117710018455845E-009  2.888359254004277E+001
    435  3.081523829251043E-009  5.559833163642786E+001
    801  3.041177322735277E-009  1.162412158177078E+002
    196  2.984738839131671E-009  3.402217963204272E+001
    410  2.865890251483359E-009  5.380004782230375E+001
    750  2.808492920096956E-009  1.128980084302201E+002
   1025  2.734503483945129E-009  1.310823101564250E+002
    794  2.668008665775795E-009  1.159299755047292E+002
    982  2.576914587946787E-009  1.293230544301462E+002
    901  2.511703514717933E-009  1.246352700151236E+002
   1037  2.247739541896950E-009  1.316166834102353E+002
    893  2.225216595845019E-009  1.225899968537864E+002
    935  2.215708731864192E-009  1.274477748704804E+002
    840  2.137726463759191E-009  1.179674198090055E+002
    864  2.085332142023447E-009  1.195154318953015E+002
     62  1.708989267955856E-009  2.630569023157911E+001
    856  1.683265754595720E-009  1.192407591408727E+002
    888  1.656916340268307E-009  1.215384892766490E+002
   1077  1.620394162360924E-009  6.189178021453241E+002
    814  1.581131606338244E-009  1.170571282096026E+002
    904  1.483851032543598E-009  1.250437756508075E+002
    720  1.429029165872342E-009  1.121496181246094E+002
    104  1.350620507015767E-009  2.863475114667724E+001
    957  1.186381302835673E-009  1.283224605383935E+002
    993  1.163586431220800E-009  1.299638892136509E+002
    729  1.157949808491962E-009  1.124070412533170E+002
    704  1.138213438505914E-009  1.114088220449556E+002
    925  1.107904112412826E-009  1.268943605090481E+002
    703  1.084565203569401E-009  1.113359924967504E+002
    776  1.071009490383921E-009  1.150535509847603E+002
    305  1.021235940654979E-009  3.919092577852600E+001
    900  9.970713295917517E-010  1.240255399934555E+002
    867  9.565478904523258E-010  1.199420338065019E+002
    647  9.471302051599219E-010  1.089204596390746E+002
    581  9.231316909963775E-010  1.069166383916512E+002
    486  8.949085326297296E-010  5.898078655703418E+001
    806  6.828757022810795E-010  1.165904998677036E+002
    122  6.629702094085330E-010  2.942821875092930E+001
    965  5.183892416124038E-010  1.286084743618769E+002
    936  5.173047744754528E-010  1.275963114471066E+002
    582  5.010233896393364E-010  1.069886979669129E+002
    699  5.004884229708375E-010  1.111753891148923E+002
    342  4.480600079584068E-010  4.219280462450153E+001
    963  4.122976596288725E-010  1.284456810480366E+002
    933  3.701226522892323E-010  1.272967505112425E+002
    881  3.332017549196494E-010  1.212001054655417E+002
    179  3.199546308321948E-010  3.301071504933698E+001
    225  3.195254441055093E-010  3.458265676939745E+001
    616  2.923825220017970E-010  1.081902144651443E+002
   1030  2.784940240776747E-010  1.313677884464318E+002
    354  2.614533629546217E-010  4.358717802496741E+001
    845  2.367886927670976E-010  1.182722434309271E+002
    773  2.286105438969463E-010  1.146041296786391E+002
    693  2.005353527857242E-010  1.110198391814811E+002
    598  1.643324357616855E-010  1.077082259858063E+002
   1012  1.583898806704355E-010  1.305860585800326E+002
    990  1.550546597343290E-010  1.297249883032466E+002
    740  1.501076887349482E-010  1.126281679605138E+002
    912  1.434230785992460E-010  1.259977317017505E+002
    743  1.213504047463051E-010  1.126739704882794E+002
    775  1.136967222867941E-010  1.149447083106751E+002
    828  7.005383198217812E-011  1.175132070682912E+002
    677  6.397320187274916E-011  1.104103779431708E+002
    906  2.382264052120203E-011  1.253859334012492E+002
    885  2.283467797277121E-011  1.213849358963692E+002
    653  1.958204001388285E-011  1.090926521840726E+002
    604  1.854775890792217E-011  1.078901483894559E+002
    889  1.447456632952898E-012  1.221096476933091E+002
    951  1.247733201356304E-012  1.282127111215003E+002
