# Number of modes
   1077
# Tabulated for different initial and final frequencies?
    F
# Mode index, Sj, (highest to lowest), omega_j
    485  2.907216592747719E-002  5.896971858223063E+001
    566  2.122183166672141E-002  1.060197199307676E+002
    547  2.071065657972321E-002  1.040413527560943E+002
    552  1.608517249069900E-002  1.045004516183760E+002
    563  1.170884885723942E-002  1.058622417292547E+002
    298  7.130993327499416E-003  3.860785506393049E+001
     29  6.570210019794906E-003  2.304600720746813E+001
    492  5.263376810516923E-003  5.919740097208313E+001
      7  4.975809451749968E-003  1.598850297870253E+001
   1053  4.838478814128995E-003  1.331993000158318E+002
     16  4.553639061515801E-003  2.083990463296455E+001
     60  4.126005883051960E-003  2.612817271153773E+001
    303  4.065022955761750E-003  3.891633174738261E+001
    378  4.044289286023800E-003  4.609481655347708E+001
    475  3.953201355328981E-003  5.870955367754343E+001
    163  3.726678059599320E-003  3.148605603035891E+001
     65  2.975676545176254E-003  2.645533186342116E+001
    510  2.959333453815979E-003  6.106496915014706E+001
    379  2.898372110319248E-003  4.610002508350383E+001
     23  2.621223966409129E-003  2.160694502786773E+001
    474  2.371344843398410E-003  5.866520048333617E+001
    419  2.350330646013370E-003  5.447434435004674E+001
    299  2.323223967621298E-003  3.861147003050849E+001
     26  2.304193747967565E-003  2.275577786050195E+001
     70  2.230111150744999E-003  2.683332853591699E+001
   1055  2.191742063981807E-003  1.332315483337306E+002
    151  2.140970370722034E-003  3.097448214004631E+001
    673  2.138898555584350E-003  1.101090602242966E+002
    290  2.128640835069857E-003  3.834059039797889E+001
    482  2.126004950213528E-003  5.890508639424976E+001
      8  2.120517721553789E-003  1.603898235084092E+001
    180  2.067204668035563E-003  3.306959511625761E+001
     32  2.049134919675066E-003  2.386019687247388E+001
   1060  1.951060658702635E-003  1.336329109810919E+002
   1074  1.929473107977511E-003  1.357832717908243E+002
     14  1.870273018736336E-003  2.047451167645159E+001
    568  1.828975335056033E-003  1.063884322375297E+002
    970  1.826777621546273E-003  1.288440499253601E+002
    210  1.821950734950833E-003  3.421873300884823E+001
    100  1.777474750999727E-003  2.814590236831992E+001
     67  1.763580633419090E-003  2.663955326886673E+001
      4  1.761912659034737E-003  1.555889535187236E+001
      9  1.757940462055871E-003  1.615282072713023E+001
    293  1.750460400992342E-003  3.840315559517953E+001
    430  1.672329855979093E-003  5.544226538226409E+001
    152  1.631317467178816E-003  3.107793476288124E+001
    546  1.581033601746375E-003  1.038908634804570E+002
    384  1.519044365175195E-003  4.693482184770667E+001
    155  1.420872195921365E-003  3.129077640287002E+001
     86  1.400577423689161E-003  2.760340701365068E+001
    604  1.382640139399007E-003  1.078901483894559E+002
      1  1.379022780601742E-003  1.480943860687432E+001
     53  1.374843872063817E-003  2.532427500710937E+001
     24  1.367713637503812E-003  2.165827626673025E+001
    160  1.359375003082439E-003  3.140287364756382E+001
    534  1.353234201843068E-003  6.352992396574133E+001
    431  1.344793240580410E-003  5.545822575490884E+001
    448  1.317826526783317E-003  5.707216855561523E+001
     18  1.244980072982372E-003  2.124694793769305E+001
   1052  1.219794785197602E-003  1.330891459743712E+002
     10  1.210622790477208E-003  1.630017574824609E+001
    144  1.167143026067240E-003  3.023024488043693E+001
   1064  1.165482631000970E-003  1.339182935247794E+002
     38  1.155416968764982E-003  2.415274881711009E+001
    166  1.149714518184022E-003  3.197534022905977E+001
   1045  1.149519833929266E-003  1.322246800166877E+002
    575  1.139036957838700E-003  1.067636975144964E+002
    241  1.134942456730282E-003  3.573178726353736E+001
    544  1.107550198321286E-003  1.037287728441322E+002
     64  1.079549918902673E-003  2.637954322898939E+001
     27  1.074283700554984E-003  2.288948685305089E+001
    538  1.047055406028098E-003  8.801939400846273E+001
     11  9.834478604979480E-004  1.771447447329438E+001
     20  9.718303488889804E-004  2.146722812704134E+001
    690  9.582033436990858E-004  1.109553167085971E+002
    588  9.486267490174716E-004  1.072780161282308E+002
   1022  9.307470633414010E-004  1.309570316227355E+002
    548  9.160719736959750E-004  1.041098140943872E+002
    535  9.025819589396607E-004  7.234684016852472E+001
    149  9.017561215854184E-004  3.064428879965062E+001
     57  8.949799361808780E-004  2.601044601303876E+001
    114  8.886546938583460E-004  2.903390568794284E+001
     45  8.872822740558369E-004  2.505629895200580E+001
    554  8.722194634033269E-004  1.048978551747549E+002
    383  8.697959477820421E-004  4.665506804468283E+001
    551  8.447299557141847E-004  1.044758850995860E+002
    415  8.444390620216502E-004  5.409773008136273E+001
    438  8.372451406697727E-004  5.568774314714533E+001
     37  8.365790009590155E-004  2.413005277682491E+001
     54  8.359786010617641E-004  2.537118147105558E+001
    312  8.266104549143667E-004  3.940338989709551E+001
    249  8.201763999231471E-004  3.643158917315001E+001
    254  8.111005004375282E-004  3.696870162494890E+001
    358  8.087890367132252E-004  4.418411045040358E+001
    687  7.805993465014553E-004  1.108477970364615E+002
    125  7.760989226465881E-004  2.955205187993630E+001
    966  7.735624157205282E-004  1.287120665380274E+002
    549  7.734599965602638E-004  1.043755820157491E+002
    258  7.677166602834025E-004  3.725675246841864E+001
    381  7.607065248467551E-004  4.623753374880091E+001
    297  7.561009282187764E-004  3.850412000814609E+001
    349  7.557447424146024E-004  4.279212686889406E+001
     81  7.481092187621226E-004  2.737831616504717E+001
    279  7.478886937586173E-004  3.776291602598710E+001
    165  7.351401354399110E-004  3.194792507678593E+001
    477  7.287043938017028E-004  5.875439662154096E+001
    669  7.258311221210547E-004  1.098991161820264E+002
    507  7.254713096013398E-004  6.098134465730102E+001
    119  7.177667564367214E-004  2.929038281335912E+001
    774  7.090640286765150E-004  1.147299018357027E+002
    296  7.083563505279402E-004  3.847026909032138E+001
    504  6.999063010137310E-004  6.073767201700102E+001
    650  6.948418022706011E-004  1.090061273622073E+002
    346  6.945591433213652E-004  4.251353138364797E+001
    578  6.875948408159333E-004  1.068696587706935E+002
    460  6.731286848824918E-004  5.821511818989060E+001
    418  6.547930656343353E-004  5.440760214654593E+001
     40  6.492397290545366E-004  2.429142631572386E+001
    402  6.488952295298053E-004  5.323403324336612E+001
    533  6.397324441999368E-004  6.344214913117692E+001
    503  6.315104180478764E-004  6.062899617907863E+001
    464  6.293807177556840E-004  5.841767339850505E+001
    301  6.176428360385429E-004  3.874125966254066E+001
    763  5.996008714910236E-004  1.136578287383470E+002
    294  5.973354570240426E-004  3.844005427068350E+001
    746  5.952926431144610E-004  1.128150956859242E+002
    530  5.940602994080397E-004  6.265828803408258E+001
    365  5.877348494445487E-004  4.540196146988517E+001
    924  5.796150641950731E-004  1.267645350898773E+002
    367  5.760776712232536E-004  4.546665367422378E+001
    208  5.554166588627658E-004  3.420400517096608E+001
    209  5.487925897184549E-004  3.420776675567321E+001
    434  5.487543188517884E-004  5.556859477681133E+001
    848  5.469877468159164E-004  1.185512117490796E+002
    372  5.407482384921615E-004  4.569660817760900E+001
    248  5.340450187128366E-004  3.617742791171408E+001
    356  5.319652552021965E-004  4.399929676237998E+001
    266  5.239511745656518E-004  3.763404507858488E+001
     85  5.233504519316951E-004  2.757726243328665E+001
    483  5.213796044783270E-004  5.892865432514233E+001
    422  5.211794588588810E-004  5.478392604221921E+001
    112  5.169485405689433E-004  2.893182478938967E+001
    139  5.168119824206337E-004  3.001327528760398E+001
     92  5.126439912163848E-004  2.796966533379813E+001
     77  5.115599174988189E-004  2.720977418778346E+001
    110  4.871086613941883E-004  2.890337161783228E+001
    405  4.865912346868021E-004  5.340951413863353E+001
    721  4.849951392953923E-004  1.121902054803930E+002
    135  4.847586280354786E-004  2.990996926970350E+001
    536  4.843119175419829E-004  7.244369170766353E+001
    427  4.828793706133626E-004  5.530625255614972E+001
    472  4.826166101098766E-004  5.860732378330380E+001
    215  4.822514586323263E-004  3.430912489816387E+001
     58  4.807249310588732E-004  2.603619761911758E+001
    585  4.780585353883654E-004  1.071721890576240E+002
    288  4.671258627254843E-004  3.825168870868715E+001
    497  4.653130185155819E-004  5.984833423050026E+001
    137  4.643512760230632E-004  2.996307755422044E+001
    291  4.631032495918327E-004  3.834865717601958E+001
    111  4.603330043411502E-004  2.891758955889047E+001
    491  4.558766371855607E-004  5.916484178919298E+001
    274  4.527194600271446E-004  3.771469066363962E+001
    264  4.517498876616893E-004  3.760740200223662E+001
    273  4.450025405034693E-004  3.771236202405859E+001
    332  4.392226394744326E-004  4.036182328117159E+001
     90  4.180290827527131E-004  2.792299487571685E+001
    330  4.137020395678453E-004  4.000719691328421E+001
   1032  4.130716621262498E-004  1.314270448258869E+002
    486  4.122446467002844E-004  5.898078655703418E+001
    784  4.076509942056421E-004  1.156115101864969E+002
    148  4.026654951273567E-004  3.055713011308698E+001
    531  4.014374245159134E-004  6.280622541285696E+001
   1041  3.980256591232899E-004  1.318604688563310E+002
    413  3.951788821082864E-004  5.407796767412047E+001
    359  3.939369862860936E-004  4.440820660542785E+001
      5  3.939188601337133E-004  1.580375607842547E+001
    132  3.930078389013674E-004  2.978147182311027E+001
    199  3.908632047722123E-004  3.411214171315592E+001
     31  3.869419986772128E-004  2.349957735236975E+001
    400  3.849872602046727E-004  5.304406357850599E+001
    300  3.808554262822691E-004  3.871033423098082E+001
    108  3.772806009393018E-004  2.884206820739177E+001
    197  3.753835858072975E-004  3.407091137263039E+001
     91  3.750253691079715E-004  2.795709450840539E+001
    169  3.696565776408785E-004  3.225245008090104E+001
     12  3.649068828481069E-004  1.791855268392995E+001
    134  3.646145705953102E-004  2.989081555609098E+001
    518  3.625067057609238E-004  6.116565427175681E+001
    219  3.605044709594307E-004  3.435584966495736E+001
    697  3.571707890063012E-004  1.111168086390436E+002
     71  3.569915347351746E-004  2.691074291878593E+001
    145  3.511530194069141E-004  3.035386176419680E+001
    192  3.467292283541933E-004  3.373139183933635E+001
    771  3.423794206594876E-004  1.142541813627527E+002
    141  3.407884759847795E-004  3.005205957969120E+001
   1058  3.385963362572091E-004  1.334381531708862E+002
    335  3.366331718186576E-004  4.064698242871874E+001
    626  3.326828666513158E-004  1.085197354965440E+002
    426  3.325479341497035E-004  5.521112029631625E+001
    659  3.263159525019850E-004  1.093169473413985E+002
     94  3.222780190050052E-004  2.803048707399637E+001
    142  3.191404383096685E-004  3.011700635419402E+001
    282  3.185434753956087E-004  3.781601762519486E+001
    712  3.181591821028115E-004  1.118479116964762E+002
    343  3.143603718584764E-004  4.223776350771931E+001
    523  3.139075749475019E-004  6.195141091349550E+001
    689  3.100280150390318E-004  1.108992280227757E+002
    223  3.071685767727142E-004  3.452101188794168E+001
     80  3.040093325895190E-004  2.737665388114407E+001
    191  3.029320628561121E-004  3.372798248811258E+001
    637  3.010186403085734E-004  1.087708716348475E+002
     66  3.005008491121838E-004  2.653041695388611E+001
    621  2.995796819191223E-004  1.083828600305560E+002
   1057  2.956630502584600E-004  1.332882698940204E+002
    973  2.952285807233566E-004  1.290303348922233E+002
    979  2.951050238490075E-004  1.292073280791942E+002
    479  2.946973121562016E-004  5.886156225440574E+001
    289  2.941206232153709E-004  3.832422991649202E+001
    380  2.920051163111872E-004  4.621788456267294E+001
     52  2.900262975912384E-004  2.532370304309600E+001
    421  2.879868562515359E-004  5.469982084171487E+001
    117  2.877760900322009E-004  2.915145470361619E+001
    822  2.867656036418034E-004  1.173379890193997E+002
    454  2.852472170145203E-004  5.753531790534946E+001
    407  2.828189141989232E-004  5.355040632372296E+001
    459  2.819361902396472E-004  5.797524108925945E+001
   1024  2.758240035875643E-004  1.310472886139475E+002
    255  2.741974495582503E-004  3.705801266502003E+001
    557  2.720271073800777E-004  1.053298087456868E+002
     55  2.715865676552048E-004  2.564739582447731E+001
    308  2.711267612935908E-004  3.924824416979163E+001
    468  2.710402592830227E-004  5.850419738659161E+001
    466  2.691184960990662E-004  5.848631456847294E+001
    190  2.653305957701718E-004  3.352213579831744E+001
    525  2.604105422247135E-004  6.201689187624501E+001
   1016  2.594732124662583E-004  1.306784011483153E+002
    206  2.586075581801120E-004  3.418711639611698E+001
    229  2.529553102275983E-004  3.477639317683153E+001
    539  2.515041581504674E-004  1.004038214764926E+002
    292  2.513722397479699E-004  3.837765227419467E+001
    236  2.400239759418356E-004  3.558504171265294E+001
    357  2.379771362046424E-004  4.413715889769129E+001
    545  2.355988477153154E-004  1.038885725205099E+002
    671  2.351527924889827E-004  1.100461630260976E+002
    553  2.346108109118497E-004  1.045844149005738E+002
    204  2.344446916808407E-004  3.416741852472765E+001
    602  2.332189624765130E-004  1.078335831208874E+002
    576  2.330241605306235E-004  1.068188420241767E+002
    667  2.319287294180859E-004  1.098231148083649E+002
   1067  2.317128308283598E-004  1.341872351276505E+002
    820  2.293926491962444E-004  1.173160626674297E+002
    259  2.286320806654630E-004  3.731129763636223E+001
    272  2.281854724115562E-004  3.770876893490352E+001
     41  2.281224743522326E-004  2.434332602389209E+001
    847  2.262810639944760E-004  1.183795327778256E+002
    433  2.216092614217984E-004  5.552394895078822E+001
    976  2.205479586874997E-004  1.291265023483052E+002
   1020  2.177170481840713E-004  1.308300137670077E+002
    136  2.162446175090623E-004  2.995197020395121E+001
    140  2.159006526760538E-004  3.002380690834687E+001
    230  2.138178767640587E-004  3.507000892128892E+001
    635  2.117850866406078E-004  1.087402789130293E+002
    748  2.107797492558712E-004  1.128453459062848E+002
    918  2.086948698839251E-004  1.263810693695273E+002
    623  2.084093082548024E-004  1.084311616311891E+002
    385  2.068364160036789E-004  4.744969147605799E+001
    646  2.056243573074831E-004  1.089039652974663E+002
    393  2.030450641585780E-004  5.117422678475859E+001
    337  2.021415136456686E-004  4.125439580477820E+001
    456  2.009523755240130E-004  5.758475825352298E+001
    262  2.000588049556641E-004  3.754826259370084E+001
    207  1.998900266277133E-004  3.419271829752626E+001
     63  1.991775038288950E-004  2.633691355837915E+001
    700  1.991596774883504E-004  1.112187707043413E+002
    397  1.915177001839674E-004  5.292984574180642E+001
    238  1.906564841761117E-004  3.562010162214489E+001
    917  1.901424131910718E-004  1.262583151256411E+002
    245  1.894348916648055E-004  3.584895809931362E+001
    416  1.868083995908911E-004  5.412105627361211E+001
    280  1.856882513523582E-004  3.777070006257392E+001
   1027  1.850513253863732E-004  1.311414239553258E+002
   1075  1.843556945124779E-004  1.852007864492208E+002
    150  1.839574683561115E-004  3.095380367517388E+001
    593  1.823378952887382E-004  1.074633420950339E+002
    417  1.812767488365698E-004  5.432386496665636E+001
    452  1.808349893848419E-004  5.732416656661538E+001
    769  1.775406809783099E-004  1.141494817506874E+002
    512  1.757441596978965E-004  6.110465593383906E+001
    398  1.754326353732739E-004  5.298968704937109E+001
   1011  1.737763984296451E-004  1.305590563134582E+002
    399  1.711107837671098E-004  5.300117686152819E+001
    231  1.704550025354389E-004  3.529195130720404E+001
    870  1.704339405743983E-004  1.203621491035894E+002
    783  1.701746940334572E-004  1.155776779712016E+002
    310  1.698873459279712E-004  3.933560718805473E+001
     82  1.698856115702618E-004  2.744742479332049E+001
    451  1.685227059389245E-004  5.726939793781466E+001
    540  1.680741302980063E-004  1.019596674086986E+002
    639  1.661774020409200E-004  1.087924757147032E+002
     48  1.652106108025090E-004  2.521050943974308E+001
    409  1.638201907594365E-004  5.377950655266745E+001
    174  1.595362056638637E-004  3.277024257542895E+001
    948  1.593521270955196E-004  1.280530341997139E+002
     95  1.585513285701313E-004  2.806113631432304E+001
    678  1.577349224180659E-004  1.105298402911861E+002
     43  1.571530926482554E-004  2.485090944939308E+001
    244  1.555637640712788E-004  3.582009297825139E+001
    233  1.552448047463477E-004  3.536858076063520E+001
    947  1.547134043884242E-004  1.280025795512814E+002
     97  1.533893089497940E-004  2.809615145046481E+001
    842  1.533248782876005E-004  1.180365480395604E+002
    505  1.532918265263558E-004  6.089365906344585E+001
    537  1.531760117232163E-004  7.348438751630307E+001
    480  1.530465853343355E-004  5.887142017505539E+001
    331  1.519793686816651E-004  4.033978069592825E+001
    950  1.511826232668544E-004  1.281356928004739E+002
     49  1.499044982620877E-004  2.521926711432687E+001
    410  1.495676285608402E-004  5.380004782230375E+001
    592  1.494185480055601E-004  1.074010896433819E+002
    202  1.491483064645069E-004  3.414693728338715E+001
    436  1.485188195535608E-004  5.562240782737462E+001
    666  1.464508195571543E-004  1.096961217429448E+002
     36  1.447209609488979E-004  2.408548968715760E+001
     17  1.415380269671847E-004  2.091913438766164E+001
    333  1.410100147388047E-004  4.050570323460023E+001
    484  1.409619856632378E-004  5.894622531819898E+001
    403  1.402540735934954E-004  5.332276567118551E+001
     78  1.401178520949414E-004  2.724001953302053E+001
    375  1.400997842237440E-004  4.577921754207221E+001
    106  1.388635898710763E-004  2.873147041157064E+001
    364  1.373850529243410E-004  4.528995878587361E+001
    797  1.358094705860673E-004  1.161224071144865E+002
    285  1.344216970370945E-004  3.794670187788559E+001
    930  1.341202416542588E-004  1.272550109882912E+002
    217  1.337659428575448E-004  3.432077633458158E+001
    572  1.336744859909915E-004  1.066354688575440E+002
    120  1.334141415520143E-004  2.935022978395871E+001
    473  1.331081948814589E-004  5.864875851961727E+001
    983  1.330616539400413E-004  1.293699640118089E+002
    926  1.327991782903968E-004  1.269935099435139E+002
    369  1.325216091948659E-004  4.556664797594529E+001
    395  1.322347609039081E-004  5.279005865968511E+001
    913  1.317272463189572E-004  1.260963173315474E+002
    283  1.314388396267626E-004  3.781664732037148E+001
    154  1.312971584038899E-004  3.128025029310897E+001
     15  1.301833065830476E-004  2.077312965636918E+001
     96  1.300910888441500E-004  2.807603105873968E+001
    898  1.295809636973294E-004  1.236287338505038E+002
    450  1.260513806109420E-004  5.723022636777802E+001
    377  1.254233857298671E-004  4.580996274485975E+001
    694  1.250959809181575E-004  1.110208923005156E+002
     76  1.234512364886795E-004  2.719040433196805E+001
    101  1.227954867738082E-004  2.816121926613436E+001
    183  1.221382290414852E-004  3.317747871488443E+001
    686  1.220211185329675E-004  1.108321598991433E+002
    122  1.198626346550928E-004  2.942821875092930E+001
   1070  1.187235037628320E-004  1.350535885837313E+002
   1038  1.185066353559965E-004  1.317153469634680E+002
    940  1.174703565002886E-004  1.277053477702196E+002
    997  1.164480929320179E-004  1.300952728722026E+002
    157  1.162026825807441E-004  3.136040875348826E+001
    749  1.152345873484708E-004  1.128862829609149E+002
    218  1.144458059766949E-004  3.434087154455664E+001
    765  1.136294713582400E-004  1.138034732037320E+002
    960  1.133905616162682E-004  1.283710541965592E+002
    487  1.114975760981261E-004  5.901096182276392E+001
    131  1.113949631068002E-004  2.976719894627799E+001
    570  1.109881118856663E-004  1.064458450110351E+002
    493  1.107439349287345E-004  5.956939432616837E+001
    344  1.105343070692423E-004  4.229281490750487E+001
    860  1.105143943507704E-004  1.193608179742887E+002
    824  1.105128535263294E-004  1.173851057796732E+002
    868  1.098505178676733E-004  1.199994649602093E+002
   1044  1.082461504703440E-004  1.320835593454495E+002
      2  1.078504970878419E-004  1.507477314615795E+001
    802  1.069467727312120E-004  1.163074247182627E+002
    967  1.066943271222956E-004  1.287730879251822E+002
    196  1.057734744339100E-004  3.402217963204272E+001
    133  1.053249812586565E-004  2.980777525245198E+001
    306  1.040185879067227E-004  3.922583615449084E+001
    929  1.028045342239133E-004  1.272324166790593E+002
    742  1.019835183427934E-004  1.126546326383816E+002
    756  1.006548516030159E-004  1.131019348749128E+002
    691  1.002354792907568E-004  1.109942746792360E+002
     34  9.960519908822992E-005  2.394870774261297E+001
    182  9.942659083638319E-005  3.313118961536368E+001
    757  9.927126948746945E-005  1.131455979007981E+002
    386  9.906694580200658E-005  4.778448827008048E+001
     93  9.806654125932560E-005  2.801831476528660E+001
   1048  9.667285699795750E-005  1.325281096806480E+002
    516  9.629191653843197E-005  6.114879167768425E+001
    962  9.436590739797540E-005  1.284190833846668E+002
    126  9.427424241179001E-005  2.957864372821811E+001
      6  9.408697264866564E-005  1.593905863128156E+001
    892  9.355931495356628E-005  1.223146913863671E+002
    462  9.330977892050839E-005  5.834568949164402E+001
    193  9.286565587640711E-005  3.387383688791338E+001
    615  9.174535292665259E-005  1.081646255451844E+002
     22  9.067385213043505E-005  2.149928230079738E+001
     46  8.965368516738536E-005  2.508968851186969E+001
   1042  8.831080060193642E-005  1.319938555239870E+002
   1069  8.805214303183014E-005  1.347402109836953E+002
    281  8.781916109607990E-005  3.778222215271058E+001
    716  8.659385764790425E-005  1.119313653155845E+002
    389  8.480130616433983E-005  4.924612888004685E+001
    981  8.390882134997115E-005  1.292686845988868E+002
    527  8.359501033970243E-005  6.211137902133680E+001
    340  8.354036039313747E-005  4.203744443197692E+001
    944  8.322604581456357E-005  1.278264506290159E+002
   1061  8.242252214190372E-005  1.338239896777959E+002
    396  8.233528699650900E-005  5.292259014309509E+001
    975  8.143262063917199E-005  1.290479361570385E+002
     33  8.093522108894256E-005  2.387502434282544E+001
    309  8.013987983118744E-005  3.929268620446922E+001
    836  7.992031512885568E-005  1.177792466123822E+002
    444  7.990288472016098E-005  5.640873014994138E+001
   1050  7.989184380631043E-005  1.326682006609648E+002
    778  7.951873431630277E-005  1.153062331743218E+002
    158  7.876627880803849E-005  3.138637587596471E+001
    655  7.602389587509552E-005  1.092114390318620E+002
    347  7.579901247211719E-005  4.251894246220620E+001
    336  7.558727109602418E-005  4.106442919982931E+001
    799  7.524505102905428E-005  1.161655148393659E+002
     79  7.506555163491060E-005  2.728143790603452E+001
    449  7.444156515102276E-005  5.713782918039372E+001
    905  7.419432584513080E-005  1.252963463377060E+002
    654  7.404814481785621E-005  1.091774321289355E+002
    663  7.372025562645106E-005  1.095408569103236E+002
    911  7.244544670918975E-005  1.258968376271585E+002
    276  7.198445659672093E-005  3.774173651101562E+001
    268  7.139253125943348E-005  3.765614789507087E+001
    425  7.115617571485093E-005  5.512885982268182E+001
     69  6.918140041751266E-005  2.667931486079132E+001
     59  6.896575202682351E-005  2.608228483109795E+001
    877  6.780945393164665E-005  1.207635072396237E+002
    252  6.699042073640117E-005  3.681481496629917E+001
    532  6.607370010468080E-005  6.299204701993657E+001
    998  6.594486805943728E-005  1.301241144683907E+002
    808  6.540574277909301E-005  1.166438640424820E+002
    932  6.456390828177856E-005  1.272890793904072E+002
    977  6.435138078727378E-005  1.291448023039548E+002
     74  6.428987858970044E-005  2.706787664592100E+001
    318  6.376964496683881E-005  3.952690512520030E+001
    382  6.229706835212167E-005  4.661435463500721E+001
    295  6.208841945051836E-005  3.844649820311862E+001
    832  6.174246236184157E-005  1.176150872586579E+002
   1072  6.130403695461798E-005  1.354275255218108E+002
    156  6.109580818857051E-005  3.133959801814033E+001
   1066  6.075042082315512E-005  1.341339055776214E+002
    432  6.040705390270608E-005  5.551253331854516E+001
    113  6.033936763799311E-005  2.894608485543543E+001
    105  5.990670778306966E-005  2.872870804936272E+001
    354  5.952989981251989E-005  4.358717802496741E+001
    991  5.904900140188408E-005  1.298309517843196E+002
    414  5.903112870708498E-005  5.408443269732371E+001
   1034  5.902186790275507E-005  1.314975717016592E+002
    894  5.876749018447641E-005  1.226855190700912E+002
    195  5.876132260498379E-005  3.399004655216064E+001
   1071  5.870768241344347E-005  1.353191143310252E+002
    391  5.834379679984988E-005  4.935295074539214E+001
    564  5.779247437619154E-005  1.059223740174141E+002
    986  5.732860652070896E-005  1.294778988001748E+002
    408  5.635899620171767E-005  5.368647704938994E+001
    355  5.581489037942220E-005  4.365668409738398E+001
    702  5.547770135400380E-005  1.112791472783473E+002
    325  5.484071513640260E-005  3.979678053884171E+001
   1047  5.466348821576082E-005  1.324683504365100E+002
    222  5.447794645932035E-005  3.444665555523785E+001
    613  5.437386566040630E-005  1.081325074305931E+002
     21  5.382222084373528E-005  2.149552581175353E+001
    267  5.287479799969408E-005  3.763942844703926E+001
    161  5.215858162965687E-005  3.141544799468193E+001
     89  5.165028888840987E-005  2.787565477396676E+001
    246  5.162152255579181E-005  3.612200287477440E+001
    320  5.155484794058478E-005  3.958466091098631E+001
    526  5.145937922560446E-005  6.205614154690332E+001
   1000  5.141443015052941E-005  1.301375093272533E+002
    719  5.124945206791514E-005  1.120361196403708E+002
    952  5.124886770420851E-005  1.282170243378332E+002
    253  5.083138337048984E-005  3.690338042035397E+001
    524  5.052379207269079E-005  6.196836567938324E+001
    817  4.950835289156113E-005  1.171745914510001E+002
    321  4.937888468700498E-005  3.959878738143280E+001
    681  4.917384313880601E-005  1.107150530846271E+002
    327  4.909816793675381E-005  3.980649710729982E+001
    102  4.885567481020307E-005  2.838723287464182E+001
    353  4.866680281803099E-005  4.354452657935016E+001
    394  4.850932583444851E-005  5.275338077531283E+001
    907  4.841284455725078E-005  1.254774984052440E+002
    921  4.814660430096614E-005  1.266347372507485E+002
    319  4.772290700224869E-005  3.955367029075058E+001
    631  4.740859680148621E-005  1.086593678715634E+002
    580  4.676514333838209E-005  1.069063882425304E+002
    863  4.632629195148874E-005  1.194780899982511E+002
    435  4.628716602044854E-005  5.559833163642786E+001
    315  4.573426532031784E-005  3.946262277995078E+001
    943  4.503801189957887E-005  1.278255860865938E+002
    632  4.467592297577700E-005  1.086732063917954E+002
    198  4.451116787903958E-005  3.410095577154824E+001
    188  4.442374708318645E-005  3.343297855491465E+001
    879  4.420297612519012E-005  1.208628531744268E+002
     25  4.400021699958599E-005  2.268285797328677E+001
    371  4.396986957496466E-005  4.567834615857563E+001
     44  4.355959780928716E-005  2.487547588775838E+001
    420  4.345423529348321E-005  5.464265012038360E+001
    185  4.298415843950320E-005  3.329017879350934E+001
    542  4.286020737409202E-005  1.021380905135569E+002
    706  4.266408064039300E-005  1.115644797142602E+002
    724  4.183878211261506E-005  1.122474317356576E+002
    737  4.150701282151334E-005  1.125716601108342E+002
    287  4.142152218129474E-005  3.806334999222836E+001
   1009  4.129653283163077E-005  1.304609142394732E+002
    821  4.105218702911253E-005  1.173213489801490E+002
    658  4.082768749944888E-005  1.092752908733605E+002
    239  4.077989271047130E-005  3.564788119351169E+001
   1013  4.040445489827488E-005  1.306191025791559E+002
    226  4.013008663222503E-005  3.460914941435140E+001
    853  4.012641824860290E-005  1.189950762444425E+002
    909  3.990856449016782E-005  1.256671150468244E+002
    317  3.964262438083020E-005  3.952108816795088E+001
    919  3.945376509052792E-005  1.264669767465423E+002
    401  3.942576133139105E-005  5.310952948046032E+001
    167  3.876262727538055E-005  3.206734480721192E+001
    708  3.835752569548633E-005  1.116659378913442E+002
    138  3.819964867367896E-005  2.998810658959070E+001
    247  3.795365213002790E-005  3.613855018049320E+001
    159  3.792326491720304E-005  3.140014259635325E+001
    883  3.787102642288971E-005  1.212822283474710E+002
    730  3.785311574800545E-005  1.124678820560711E+002
     73  3.744715092749077E-005  2.704395448663374E+001
    520  3.735034185123834E-005  6.117519869664547E+001
    476  3.706043311792235E-005  5.874284760292872E+001
    543  3.686360780013861E-005  1.026098663261161E+002
    958  3.675397758329443E-005  1.283326337970340E+002
    573  3.665456711666907E-005  1.066520968004064E+002
    170  3.656424640723866E-005  3.240864442722207E+001
    560  3.653249137424829E-005  1.057397922085461E+002
    171  3.635307980178988E-005  3.251692712246987E+001
    984  3.624866750406270E-005  1.293776492189174E+002
    176  3.604135333153552E-005  3.283702642513862E+001
    509  3.600095348411590E-005  6.104665142125116E+001
    173  3.595516821486516E-005  3.267731285541730E+001
    184  3.538853541054443E-005  3.328145954751520E+001
    440  3.508049825600901E-005  5.589934491235444E+001
    307  3.462368448199275E-005  3.924418415703018E+001
    278  3.457349532744668E-005  3.775225448216675E+001
   1076  3.451643031032206E-005  1.858411948136732E+002
    630  3.438191660538623E-005  1.086464564510315E+002
    813  3.425463478962536E-005  1.170211975618395E+002
    825  3.382454702985068E-005  1.174155068731360E+002
     75  3.380090272124730E-005  2.717284531466260E+001
    972  3.295834571068492E-005  1.289491342298440E+002
    212  3.259330348855561E-005  3.425448747044050E+001
    221  3.213324888762184E-005  3.444064242877499E+001
    515  3.210144431969051E-005  6.113166482037749E+001
   1036  3.190022942590796E-005  1.315563975924429E+002
    803  3.184668223032264E-005  1.163959410830473E+002
    561  3.167255876145445E-005  1.057823475786052E+002
    607  3.119398740765207E-005  1.079782277499060E+002
    348  3.109211286709996E-005  4.278252907839931E+001
    680  3.106183130606932E-005  1.106808485277705E+002
    521  3.080128823394015E-005  6.120499406654021E+001
    768  3.054961992796981E-005  1.140511281344195E+002
    411  3.050762485750188E-005  5.390414096058870E+001
   1062  3.046500976425451E-005  1.338537297016246E+002
    502  3.011734081955758E-005  6.033057478557798E+001
     51  2.988656771893824E-005  2.527497960196780E+001
    361  2.986309105109588E-005  4.509188248244521E+001
     28  2.983222189319553E-005  2.303576073275412E+001
    423  2.948912222760092E-005  5.491452382822700E+001
    897  2.918100663597663E-005  1.233154024205701E+002
    265  2.898221882997168E-005  3.762418150997995E+001
    698  2.888381272205625E-005  1.111543499618823E+002
    755  2.878474186580592E-005  1.130537195644052E+002
    275  2.799457802226271E-005  3.771871208633355E+001
     98  2.756347463919352E-005  2.810036398063808E+001
    541  2.753948836795648E-005  1.020561485810812E+002
    129  2.744051927206048E-005  2.967722940199728E+001
    313  2.735110516423901E-005  3.941220320488696E+001
    458  2.709281317451327E-005  5.780961640938520E+001
    338  2.659842748671147E-005  4.143596746217444E+001
    360  2.641461494854075E-005  4.501412031898634E+001
    201  2.613659386932988E-005  3.413905621996786E+001
    945  2.593083312826058E-005  1.278945431870569E+002
    831  2.589012121136834E-005  1.175849164822640E+002
    835  2.559630557240754E-005  1.176766134664512E+002
    843  2.540036769848500E-005  1.181049125326048E+002
    467  2.534720047717481E-005  5.850070475174659E+001
    851  2.529150652802986E-005  1.189105890777936E+002
    793  2.473858441784023E-005  1.158943894419280E+002
    447  2.468673446036657E-005  5.692641404400948E+001
     47  2.462497905222788E-005  2.514695584094496E+001
    955  2.431068726939446E-005  1.283043098504922E+002
    368  2.419643877533408E-005  4.552075151204606E+001
    727  2.412152917908724E-005  1.123838421661365E+002
     50  2.378870654298208E-005  2.524792740229145E+001
    465  2.366306409935289E-005  5.845233409136720E+001
    676  2.353874684857604E-005  1.102968009656115E+002
    314  2.324337065841035E-005  3.944402428691944E+001
    725  2.311351916686948E-005  1.122622575126908E+002
    242  2.268508430697178E-005  3.575330164903793E+001
    886  2.258269198569666E-005  1.214498350996194E+002
    992  2.255600249470639E-005  1.299169051159237E+002
    500  2.247003308110535E-005  6.016266526055261E+001
    858  2.239105805040493E-005  1.193043137223610E+002
    508  2.231479838210822E-005  6.101348113010317E+001
    228  2.223979330824273E-005  3.465329128304563E+001
    895  2.222127232432058E-005  1.231922658586809E+002
    324  2.205247987505587E-005  3.965813849875591E+001
     72  2.193727337058472E-005  2.695844835194747E+001
    594  2.165627307719905E-005  1.075267994995216E+002
    488  2.142436852336798E-005  5.904214899548738E+001
    304  2.078581159890374E-005  3.902642388250331E+001
    429  2.055447292099862E-005  5.542704693693687E+001
    442  2.018124489174197E-005  5.605259237502305E+001
    555  1.996394623675212E-005  1.049505825405343E+002
   1006  1.977752324120419E-005  1.303473844140781E+002
    710  1.972555503129023E-005  1.117114283703663E+002
    351  1.967355314704584E-005  4.290814690346715E+001
   1031  1.966134964621062E-005  1.313824495210718E+002
    496  1.959704187637264E-005  5.977778544840232E+001
    284  1.953213950674131E-005  3.794002386601017E+001
    323  1.952915738060874E-005  3.963162035223775E+001
    240  1.944668672229687E-005  3.568815433410965E+001
    810  1.915004435395551E-005  1.168542717379606E+002
     35  1.906566315980985E-005  2.406163852032448E+001
    995  1.899125382972152E-005  1.300556822463785E+002
    571  1.862470670137788E-005  1.065760725477823E+002
    457  1.854807025633923E-005  5.770039153165104E+001
    352  1.852589353247378E-005  4.345183818831803E+001
    600  1.818407255816830E-005  1.078192567961393E+002
    745  1.808219592979965E-005  1.127541380335163E+002
    617  1.807229972076931E-005  1.082069188907082E+002
    186  1.793897887321387E-005  3.335079910483972E+001
     19  1.793431938756761E-005  2.137958735177528E+001
    597  1.769786034697578E-005  1.076362394255561E+002
    250  1.758923383834967E-005  3.645071914574685E+001
    366  1.758123030165419E-005  4.541480133184800E+001
    213  1.695767890477932E-005  3.426923698719692E+001
    490  1.690485182965222E-005  5.909746584665749E+001
    683  1.683321539805811E-005  1.107854094171573E+002
    390  1.666596999500922E-005  4.930034545373515E+001
    220  1.650816519136281E-005  3.440936379612124E+001
    577  1.649285196421206E-005  1.068269012623950E+002
    104  1.633704587253661E-005  2.863475114667724E+001
    550  1.628547636734330E-005  1.044255141670578E+002
    147  1.608617429501774E-005  3.045498909450352E+001
    234  1.594367315430057E-005  3.541632958107625E+001
    172  1.579602956772144E-005  3.254695536480502E+001
    934  1.575026245173877E-005  1.274026915475210E+002
    316  1.470900026968743E-005  3.947722492082590E+001
    428  1.466794933964819E-005  5.539697768550786E+001
    582  1.448832704591527E-005  1.069886979669129E+002
    107  1.431747404072970E-005  2.880093649968087E+001
    118  1.415394901178762E-005  2.927665934202001E+001
    461  1.410899523473546E-005  5.832169084274378E+001
   1065  1.389887353467981E-005  1.340986810838602E+002
    227  1.377515506827588E-005  3.461221107986133E+001
    489  1.373895848974914E-005  5.906665573291085E+001
     39  1.330812717880478E-005  2.419216907562118E+001
    455  1.314863962641186E-005  5.757818593173593E+001
   1014  1.303876352072587E-005  1.306579532637773E+002
    641  1.302453552726576E-005  1.088136450829588E+002
    616  1.293686896309958E-005  1.081902144651443E+002
    341  1.290590774882276E-005  4.207899368185591E+001
     68  1.270149372210385E-005  2.665958995788216E+001
    791  1.230647942835871E-005  1.158399885308925E+002
    937  1.227941269065560E-005  1.275975168353670E+002
    558  1.200449908060595E-005  1.054235904423783E+002
    942  1.190563584566949E-005  1.277896527703618E+002
    656  1.182274804515642E-005  1.092383325553483E+002
    373  1.172783445509078E-005  4.573517441489172E+001
     42  1.172514401079837E-005  2.442065503900721E+001
    812  1.159650530218763E-005  1.169499526914024E+002
    363  1.148336810671222E-005  4.523665715266514E+001
    989  1.121132533658775E-005  1.296856498562064E+002
    816  1.113678834031392E-005  1.170854692244173E+002
    517  1.111137472707711E-005  6.116283191518230E+001
   1039  1.110661399257872E-005  1.317789778316224E+002
    376  1.108104649279491E-005  4.578482274843697E+001
   1018  1.107615255042025E-005  1.307425624046459E+002
    865  1.106604344000037E-005  1.195233182598442E+002
    260  1.101473719898347E-005  3.745846822965304E+001
    437  1.095252322163909E-005  5.567668099873953E+001
    370  1.089030438683684E-005  4.562254251008403E+001
    605  1.081375181417422E-005  1.079476682950407E+002
    162  1.065871020697134E-005  3.142013005221356E+001
    695  1.059074860696313E-005  1.110404578737834E+002
    214  1.049155443777715E-005  3.429158842681225E+001
    565  1.013854577894290E-005  1.059848591127986E+002
    463  9.833863038707994E-006  5.840368106338346E+001
    614  9.744643130674228E-006  1.081499604581023E+002
    495  9.668975192620249E-006  5.971063876484735E+001
    200  9.643226282551921E-006  3.413076352937113E+001
    342  9.623833421100527E-006  4.219280462450153E+001
     61  9.538042286299441E-006  2.623624111749398E+001
    470  9.516381223081869E-006  5.858950887133865E+001
    587  9.420746125634412E-006  1.072564562863978E+002
    988  9.245636339214983E-006  1.295230022337254E+002
    270  9.157732290596304E-006  3.767493462479421E+001
    574  9.104773515870667E-006  1.067089856517616E+002
    168  9.093111284951273E-006  3.223239881301075E+001
    780  9.059707523324070E-006  1.153482258688003E+002
    251  8.916504447367345E-006  3.670193646720268E+001
    772  8.912412652849493E-006  1.144444014986270E+002
    127  8.912224307263410E-006  2.958197907168710E+001
    661  8.756725481970474E-006  1.094040232551639E+002
    189  8.659333935290726E-006  3.348575581421191E+001
   1005  8.546344447018301E-006  1.302961950162389E+002
   1073  8.377214872403996E-006  1.355646294676644E+002
    583  8.360819945727242E-006  1.070323413352247E+002
    584  8.031177904573434E-006  1.071415131646536E+002
    787  7.976364708664734E-006  1.157066821730262E+002
     13  7.972523849421641E-006  2.038781372204352E+001
    854  7.959499382117655E-006  1.190938927222375E+002
   1008  7.728219980053009E-006  1.304054287055121E+002
   1056  7.641826503738210E-006  1.332822863268028E+002
    610  7.631679548474209E-006  1.080548791140610E+002
    589  7.445780365196499E-006  1.073243551551986E+002
    672  7.398384594854987E-006  1.100523893058521E+002
    211  7.172959892544400E-006  3.422885497659050E+001
    855  7.160530139882151E-006  1.192335282432478E+002
    269  7.094087275366674E-006  3.766609016559832E+001
    439  6.865963440850885E-006  5.581771077364913E+001
    387  6.694304272643553E-006  4.845493173747810E+001
   1077  6.554119743245778E-006  6.189178021453241E+002
    903  6.536652820293737E-006  1.249295857950171E+002
    478  6.508939112330306E-006  5.880478287498814E+001
   1033  6.503952271528071E-006  1.314921549657209E+002
    595  6.497530322749931E-006  1.075727311228692E+002
    760  6.428298076621622E-006  1.133648679091437E+002
    453  6.369487328668015E-006  5.734859743017803E+001
    237  6.348816376989662E-006  3.561350513334219E+001
   1029  6.329989673644411E-006  1.312589073638632E+002
    703  6.322063151444643E-006  1.113359924967504E+002
   1059  6.300325631739217E-006  1.335352794510990E+002
      3  6.298029643425130E-006  1.530095081680193E+001
   1026  6.263271985374247E-006  1.310988308446859E+002
    880  6.217287253324186E-006  1.209811659012211E+002
    143  6.215596550353629E-006  3.021552765862468E+001
    334  6.162167396876609E-006  4.055961280242965E+001
    777  6.145171679718560E-006  1.150636811545726E+002
     99  6.102943387066010E-006  2.813215700322161E+001
    674  5.986383439914407E-006  1.101627157855635E+002
    634  5.979752948530597E-006  1.087110579745548E+002
    890  5.971957219247974E-006  1.222269695705770E+002
    235  5.953756278708638E-006  3.553329683850696E+001
   1046  5.861384979964856E-006  1.322741703884410E+002
    796  5.738356815530233E-006  1.160406419035091E+002
    624  5.710280290491186E-006  1.084534043855216E+002
    146  5.708239142928584E-006  3.038455959742199E+001
    263  5.664343636910784E-006  3.756851288337069E+001
    964  5.581536562124561E-006  1.284811881676410E+002
    579  5.539178848853861E-006  1.068810185812333E+002
    884  5.389348186831201E-006  1.212913619330936E+002
    179  5.367198032848682E-006  3.301071504933698E+001
    177  5.311945206195315E-006  3.286305119332699E+001
    887  5.282082863632230E-006  1.215278324822884E+002
    322  5.228506657013976E-006  3.962934885257222E+001
    608  5.207875313369415E-006  1.080310773431174E+002
   1063  5.155555334593868E-006  1.338610239777397E+002
    709  5.127734617466676E-006  1.116986555393093E+002
    785  5.102455613110937E-006  1.156515149006221E+002
    928  4.954099646848856E-006  1.271758190169006E+002
    670  4.944022283681450E-006  1.099218253642219E+002
    603  4.862272655911981E-006  1.078480909052838E+002
    675  4.769925118036038E-006  1.101932688761904E+002
    116  4.747247292891229E-006  2.910094471225916E+001
   1051  4.688943811542421E-006  1.330173846663143E+002
    758  4.605863225134636E-006  1.131945788764974E+002
    567  4.590282496645817E-006  1.061175767374582E+002
    789  4.566969564773313E-006  1.157939903252585E+002
    633  4.545788791380109E-006  1.086770367044967E+002
    481  4.467112121703032E-006  5.889564718758225E+001
    794  4.314629672040348E-006  1.159299755047292E+002
    644  4.310459336081452E-006  1.088699046594824E+002
    899  4.278478868645954E-006  1.237750393258326E+002
    875  4.184907382621401E-006  1.206504418490652E+002
    828  4.105988009309342E-006  1.175132070682912E+002
    800  4.048074004450084E-006  1.161811067685375E+002
    305  3.938110673102414E-006  3.919092577852600E+001
    682  3.866537680469423E-006  1.107795174367904E+002
    522  3.865029340781802E-006  6.189501394570030E+001
    717  3.853265273804171E-006  1.119901298340990E+002
    513  3.843965767958670E-006  6.111701004965728E+001
     56  3.823972047739167E-006  2.577494999028338E+001
    968  3.720805341241940E-006  1.287893908307005E+002
    956  3.698070292770301E-006  1.283075816024711E+002
    815  3.693586884509950E-006  1.170844697210597E+002
    619  3.626620305143139E-006  1.083262496248409E+002
    807  3.577201360878651E-006  1.166040027024774E+002
    888  3.557469940964090E-006  1.215384892766490E+002
    971  3.504493603767951E-006  1.289111652451389E+002
    328  3.494400956170641E-006  3.982877398686839E+001
    388  3.472196007207077E-006  4.916519389587509E+001
    599  3.390825988748046E-006  1.077354408464688E+002
    164  3.370244673299592E-006  3.156123118588701E+001
   1054  3.213213159391662E-006  1.332101619260334E+002
    859  3.211108773098207E-006  1.193117826572047E+002
    640  3.174470407265104E-006  1.088027953187827E+002
    311  3.097935377501302E-006  3.939193935233331E+001
   1025  3.077753199208949E-006  1.310823101564250E+002
    795  3.077610599434155E-006  1.159446042090269E+002
    643  3.041593743472800E-006  1.088529165631816E+002
    446  3.029122313270001E-006  5.657515742254393E+001
    685  2.978492508105109E-006  1.108208915724099E+002
    471  2.973794023615679E-006  5.859921299406331E+001
    809  2.966676283813220E-006  1.168273457040169E+002
    596  2.955698288547382E-006  1.076305596761092E+002
    736  2.889787424680767E-006  1.125700463249535E+002
    345  2.878011024568069E-006  4.248475366295001E+001
    625  2.875906142874056E-006  1.084878781680722E+002
    889  2.860896435806683E-006  1.221096476933091E+002
    257  2.850296799214604E-006  3.716053985696894E+001
    645  2.760456782384062E-006  1.088758352374567E+002
   1028  2.756440407845843E-006  1.312419762585663E+002
    731  2.755107291131798E-006  1.124795031346507E+002
    286  2.707755163812943E-006  3.806107114689090E+001
    514  2.694816831889742E-006  6.112143562944963E+001
    362  2.645588966795680E-006  4.520209191521082E+001
    915  2.643619171391800E-006  1.261627872997085E+002
     84  2.627297688141884E-006  2.748397341497807E+001
    618  2.624245189007068E-006  1.083041655146542E+002
    744  2.619352082240625E-006  1.127340165661099E+002
    714  2.610617924281496E-006  1.118865310298163E+002
    664  2.573911666120043E-006  1.095868237421283E+002
    569  2.531405409405455E-006  1.064024371239422E+002
    657  2.501561705529489E-006  1.092680437977900E+002
    660  2.492340825535045E-006  1.093929129115852E+002
    726  2.483526616790423E-006  1.123280306605216E+002
    648  2.447366050155757E-006  1.089328290594756E+002
    662  2.371963725826242E-006  1.094304874643061E+002
    271  2.370919495330933E-006  3.769377629908810E+001
    590  2.364168202616653E-006  1.073381491314167E+002
    729  2.362666217365805E-006  1.124070412533170E+002
    873  2.337111356672889E-006  1.205400953636918E+002
    735  2.274290457800269E-006  1.125422257639707E+002
    651  2.266889897495259E-006  1.090123807306586E+002
    982  2.266561697377951E-006  1.293230544301462E+002
    665  2.222191182321699E-006  1.096195054263975E+002
    762  2.221463121982809E-006  1.134504722361933E+002
    115  2.171691369106576E-006  2.908676806680809E+001
    642  2.136006368438956E-006  1.088349318990273E+002
   1004  2.124738438692480E-006  1.302828791464404E+002
    781  2.103221421933192E-006  1.155015502370288E+002
    959  2.035504097865226E-006  1.283643788123119E+002
    852  2.021274690076007E-006  1.189308904937423E+002
    954  2.004321087088786E-006  1.282848493157465E+002
    109  1.992553236281481E-006  2.888359254004277E+001
    653  1.988189256718327E-006  1.090926521840726E+002
    953  1.981854704679927E-006  1.282835790234384E+002
    350  1.965107157125000E-006  4.287084402122760E+001
    586  1.964058679164587E-006  1.072414988471015E+002
    601  1.959683064304870E-006  1.078222216339937E+002
    627  1.944783986687988E-006  1.085359599099982E+002
    827  1.939306173636312E-006  1.174913134466901E+002
    609  1.926558710683486E-006  1.080529774194348E+002
    805  1.905238071077289E-006  1.165442309434909E+002
    838  1.895060420788734E-006  1.178077045912047E+002
    754  1.810832396433658E-006  1.130532912402911E+002
    896  1.766984693368010E-006  1.231967026860033E+002
    261  1.757950016202586E-006  3.751537038816641E+001
   1003  1.742688187352354E-006  1.302792324598297E+002
    668  1.715579543611434E-006  1.098358517134249E+002
    840  1.710654306470514E-006  1.179674198090055E+002
    205  1.709293076416997E-006  3.418138862993963E+001
    933  1.669234241628508E-006  1.272967505112425E+002
    779  1.661694435617398E-006  1.153237642854880E+002
    861  1.624336885327500E-006  1.193618968506130E+002
    224  1.611885893074211E-006  3.456258153743839E+001
    753  1.608355485860100E-006  1.130399909728984E+002
    494  1.606750774422874E-006  5.959072402434833E+001
    715  1.597839690632909E-006  1.119122168057061E+002
    782  1.592642153170782E-006  1.155663554633046E+002
    696  1.542402369973224E-006  1.111110130672436E+002
    620  1.534493917049894E-006  1.083700393844588E+002
    216  1.483283739213106E-006  3.431915233475488E+001
   1010  1.467935150304676E-006  1.305150376372933E+002
    688  1.465884016749393E-006  1.108652117541332E+002
    121  1.455135144568063E-006  2.937009161569695E+001
    798  1.445362584131231E-006  1.161233232814441E+002
    801  1.425691539034157E-006  1.162412158177078E+002
    499  1.399475460201818E-006  6.010190034988052E+001
    232  1.370362824322716E-006  3.530982942235851E+001
   1040  1.333716484132375E-006  1.318325334098182E+002
    679  1.324766894652608E-006  1.106299731616480E+002
    720  1.313615818952144E-006  1.121496181246094E+002
    916  1.312358872559147E-006  1.261858055404796E+002
    684  1.252357389069690E-006  1.108055531440044E+002
    128  1.250529159972577E-006  2.964876822252022E+001
    175  1.221447172733351E-006  3.282740528695558E+001
    951  1.217117968475886E-006  1.282127111215003E+002
    506  1.180918115812377E-006  6.092479484159845E+001
    733  1.168198089952144E-006  1.125211996768446E+002
    862  1.162588248911919E-006  1.194326389788892E+002
    123  1.151173753450729E-006  2.945706723223188E+001
    978  1.148764487877263E-006  1.291764873003617E+002
   1012  1.138519773566095E-006  1.305860585800326E+002
    326  1.125715101671555E-006  3.980074663620405E+001
    885  1.118539389174243E-006  1.213849358963692E+002
    556  1.118427124778343E-006  1.053074591696642E+002
    181  1.086858814232669E-006  3.309588236011395E+001
    891  1.073436197227693E-006  1.222344606190913E+002
    922  1.069990402542007E-006  1.267277337836395E+002
    920  1.066460530540383E-006  1.265729199247587E+002
    759  1.035266489271293E-006  1.132523759465808E+002
    339  1.032640154932335E-006  4.199721405536648E+001
    857  1.020614737403586E-006  1.192977858717030E+002
   1007  1.012185087161040E-006  1.303971511397991E+002
    529  1.010650157891168E-006  6.213305424318654E+001
    999  9.830054168251108E-007  1.301340763851820E+002
    103  9.535297456131523E-007  2.854698030319213E+001
    993  9.409090592929506E-007  1.299638892136509E+002
    841  9.269911475446017E-007  1.180046875638410E+002
    872  9.117245775096753E-007  1.204992644439996E+002
    562  9.075095826600206E-007  1.058125905236654E+002
   1068  8.919766585302873E-007  1.342139437973118E+002
    178  8.806802429320358E-007  3.291892583427273E+001
    722  8.790358246980981E-007  1.121989232781130E+002
    732  8.760337473952853E-007  1.124809932511083E+002
    946  8.663907177365615E-007  1.279201366409634E+002
    846  8.593728035995593E-007  1.183733977129572E+002
    764  8.517413515897764E-007  1.137269990775531E+002
    864  8.450547580585421E-007  1.195154318953015E+002
    649  7.906494424821055E-007  1.089557122086210E+002
    767  7.874179424869781E-007  1.139787538815297E+002
    788  7.803783595169778E-007  1.157595566872355E+002
    938  7.517322650371693E-007  1.276246332177813E+002
    374  7.470967298025177E-007  4.576894168844035E+001
    910  7.409350916975130E-007  1.258349422363612E+002
    931  7.345529420037134E-007  1.272754104030811E+002
   1019  7.334616035012545E-007  1.307856127904329E+002
    904  7.096723367439480E-007  1.250437756508075E+002
    949  7.064497994911397E-007  1.280833568476082E+002
    622  6.840991155563859E-007  1.084041586407917E+002
    867  6.780058153766796E-007  1.199420338065019E+002
    445  6.764782578126865E-007  5.650985963977887E+001
    501  6.500987106082281E-007  6.025540211442135E+001
    752  6.365094839415125E-007  1.129825416205730E+002
    974  6.206167442162965E-007  1.290391941684268E+002
    849  6.190904772633439E-007  1.186556798515274E+002
    591  6.045705576291384E-007  1.073970459895217E+002
    776  5.851909414730511E-007  1.150535509847603E+002
    990  5.760952197096458E-007  1.297249883032466E+002
    606  5.741133463013970E-007  1.079754075340127E+002
    256  5.650185743849124E-007  3.708485200545782E+001
    718  5.606911590816031E-007  1.120307816427976E+002
   1037  5.089389587366654E-007  1.316166834102353E+002
    871  5.081602192130280E-007  1.204638135739833E+002
    469  4.969107546271112E-007  5.857260373695996E+001
    406  4.701360741885578E-007  5.347162595814701E+001
    194  4.527610985195502E-007  3.388123191050668E+001
    994  4.472453575338732E-007  1.299886393654431E+002
    598  4.424524479197160E-007  1.077082259858063E+002
    770  4.341920789894769E-007  1.141655133118217E+002
    845  4.102191815888619E-007  1.182722434309271E+002
    519  4.054536957114630E-007  6.116666091909611E+001
   1043  4.032669279211495E-007  1.320181582363304E+002
    839  3.974029245401279E-007  1.178451551754228E+002
    923  3.779962378437652E-007  1.267345977181097E+002
    811  3.779910530510702E-007  1.169131613251637E+002
    766  3.778955833382336E-007  1.138313497862233E+002
    528  3.769919661117743E-007  6.211763689923020E+001
    647  3.757878211463080E-007  1.089204596390746E+002
    612  3.724585736283840E-007  1.080838271474082E+002
    775  3.709895643632136E-007  1.149447083106751E+002
     83  3.673818577223961E-007  2.745200449399356E+001
    804  3.614722554830898E-007  1.164307012054320E+002
    741  3.541791616338326E-007  1.126383251241469E+002
    443  3.487375575757989E-007  5.615506371008289E+001
    961  3.424030388824367E-007  1.283826108536399E+002
    829  3.411332108625395E-007  1.175434491795728E+002
    747  3.405938058820642E-007  1.128221651622354E+002
    628  3.338126680358171E-007  1.085999071252231E+002
    723  3.148627144529368E-007  1.122249597820348E+002
    713  3.144623995507167E-007  1.118750446375970E+002
     87  3.098722322323682E-007  2.773505635732142E+001
    693  3.015279676161735E-007  1.110198391814811E+002
    935  2.967697467964105E-007  1.274477748704804E+002
    124  2.945225700445714E-007  2.953039329658957E+001
    412  2.897119774383630E-007  5.399327798218789E+001
    987  2.838141626761794E-007  1.295218650079724E+002
    559  2.809565414233656E-007  1.054467335457494E+002
   1017  2.794482568683453E-007  1.307020085696559E+002
    941  2.781671445804236E-007  1.277239710636116E+002
    957  2.767861793396807E-007  1.283224605383935E+002
    701  2.732156074258453E-007  1.112655741498095E+002
    699  2.574506730845052E-007  1.111753891148923E+002
    985  2.568805436408444E-007  1.294454523269476E+002
    652  2.553879067332119E-007  1.090805000764319E+002
    636  2.490290424551939E-007  1.087412284437008E+002
    739  2.447612680006042E-007  1.126267264275300E+002
    901  2.357826218833699E-007  1.246352700151236E+002
    939  2.350115967235773E-007  1.276788938661296E+002
    130  2.327858466528510E-007  2.969026097336859E+001
    153  2.304915688082866E-007  3.119128674334460E+001
    329  2.276105555271435E-007  3.994917835777716E+001
    187  2.223154987156244E-007  3.338593491458187E+001
   1023  2.213816001822178E-007  1.309907545973144E+002
    740  2.186372341085880E-007  1.126281679605138E+002
    498  2.131787872701698E-007  6.006055704270973E+001
     88  2.100628570019383E-007  2.776495450944637E+001
    908  2.097058558342975E-007  1.256350992978881E+002
    751  2.069030055832851E-007  1.129352725370382E+002
    856  2.038703027034964E-007  1.192407591408727E+002
   1049  2.035885653870564E-007  1.325964910892840E+002
    277  1.962945014119162E-007  3.774405278528796E+001
    882  1.958713376624469E-007  1.212606419968792E+002
    814  1.838294371188407E-007  1.170571282096026E+002
    834  1.664096544858259E-007  1.176651591794238E+002
    893  1.638731370571587E-007  1.225899968537864E+002
    902  1.611208666149863E-007  1.246861225619736E+002
    965  1.579305497553084E-007  1.286084743618769E+002
    818  1.570624201016066E-007  1.172202887178189E+002
    424  1.387170266048020E-007  5.504400290817051E+001
   1030  1.358686582778460E-007  1.313677884464318E+002
    750  1.314029551849573E-007  1.128980084302201E+002
    830  1.306016006103120E-007  1.175448785112390E+002
    925  1.304348711006679E-007  1.268943605090481E+002
    677  1.288421806772647E-007  1.104103779431708E+002
    850  1.245611199925584E-007  1.188640670964077E+002
    692  1.219932570339449E-007  1.109991362888409E+002
    761  1.208640859521153E-007  1.134019555363662E+002
    773  1.175550521506384E-007  1.146041296786391E+002
    441  1.019306484842263E-007  5.602297434426368E+001
    906  9.780536041259367E-008  1.253859334012492E+002
    203  9.696593850620942E-008  3.415596231316062E+001
    707  9.603730333282389E-008  1.116484954290111E+002
    914  9.148397065064693E-008  1.261343003660832E+002
    826  8.647367235898798E-008  1.174535409692338E+002
    243  8.342575402717776E-008  3.580427376176280E+001
    969  7.893440699310931E-008  1.288232913140608E+002
    996  7.886165241583188E-008  1.300741546440489E+002
    874  7.274375929738818E-008  1.206463359037059E+002
    866  6.998466827005372E-008  1.198737679274225E+002
    738  6.132584876102072E-008  1.126248828969786E+002
    806  6.088433889645488E-008  1.165904998677036E+002
    837  5.981762645375744E-008  1.177814246314451E+002
    936  5.968339007180516E-008  1.275963114471066E+002
    927  5.831735265018788E-008  1.271118445081471E+002
     30  5.792528376981051E-008  2.339033246897357E+001
    705  5.575703697074416E-008  1.114879185885843E+002
    790  5.546479635686668E-008  1.158127479939932E+002
    844  5.181015721709164E-008  1.182236522024691E+002
    881  5.095477068554631E-008  1.212001054655417E+002
   1001  4.959850250568440E-008  1.301907504163165E+002
    823  3.807421158021747E-008  1.173434151863991E+002
    786  3.354058527877724E-008  1.156679892855772E+002
    876  2.994316212486959E-008  1.207338716680959E+002
    511  2.987830205662095E-008  6.108291035790679E+001
    912  2.904843193170231E-008  1.259977317017505E+002
    900  2.699963940017103E-008  1.240255399934555E+002
    878  2.625469759223430E-008  1.208553192243232E+002
   1021  2.439946017003546E-008  1.308784400027895E+002
   1015  2.374169621441864E-008  1.306693309857935E+002
    980  2.278895538208472E-008  1.292322903638887E+002
    581  2.240739474729706E-008  1.069166383916512E+002
    743  2.148835538001713E-008  1.126739704882794E+002
    704  1.901593726078735E-008  1.114088220449556E+002
    728  1.765168026820761E-008  1.123911467240560E+002
    711  1.693879347856547E-008  1.117833092223069E+002
    833  1.562676906003830E-008  1.176450554682990E+002
   1002  9.551794739306856E-009  1.301955720736593E+002
    629  9.547485846339854E-009  1.086436456014825E+002
    792  8.275714280744493E-009  1.158579110744502E+002
    392  7.754136444440277E-009  4.975569880244111E+001
    963  7.400355958053817E-009  1.284456810480366E+002
    404  5.087942828667157E-009  5.332919471058649E+001
     62  4.500508298522349E-009  2.630569023157911E+001
    638  4.011736188619312E-009  1.087773663504995E+002
    819  3.332123059219166E-009  1.172617623112352E+002
   1035  2.047714472138162E-009  1.315022364948826E+002
    611  4.651358832041330E-010  1.080609110523806E+002
    225  3.533094005598160E-010  3.458265676939745E+001
    302  2.969053665962571E-010  3.874867387838012E+001
    869  2.741108069942565E-010  1.201465244096069E+002
    734  1.611045554245694E-010  1.125227414297757E+002
