# Number of modes
   1077
# Tabulated for different initial and final frequencies?
    F
# Mode index, Sj, (highest to lowest), omega_j
    547  1.205263696109361E-001  1.040413527560943E+002
    390  3.948798857155190E-002  4.930034545373515E+001
      7  3.010354884444626E-002  1.598850297870253E+001
    539  1.921905658527716E-002  1.004038214764926E+002
     23  1.569726546503444E-002  2.160694502786773E+001
      8  1.481077242515104E-002  1.603898235084092E+001
     91  1.240672354730294E-002  2.795709450840539E+001
     24  1.168827887492970E-002  2.165827626673025E+001
     27  1.144450222108893E-002  2.288948685305089E+001
     38  1.141461900856093E-002  2.415274881711009E+001
    100  1.097933991571269E-002  2.814590236831992E+001
    546  9.170832496765037E-003  1.038908634804570E+002
    387  7.652465881723756E-003  4.845493173747810E+001
    537  6.795372196572220E-003  7.348438751630307E+001
     64  6.673689925278778E-003  2.637954322898939E+001
    544  6.432906011055201E-003  1.037287728441322E+002
     79  6.142052177859615E-003  2.728143790603452E+001
    114  6.026229410269823E-003  2.903390568794284E+001
    551  5.875745019824311E-003  1.044758850995860E+002
     90  5.763940127033690E-003  2.792299487571685E+001
     14  5.677553960712362E-003  2.047451167645159E+001
     18  5.255087487411425E-003  2.124694793769305E+001
    458  5.226856919817583E-003  5.780961640938520E+001
    301  5.172608838227606E-003  3.874125966254066E+001
    384  5.164834572915849E-003  4.693482184770667E+001
    549  4.960827220980295E-003  1.043755820157491E+002
     80  4.778031954037147E-003  2.737665388114407E+001
    554  4.616020077508743E-003  1.048978551747549E+002
     58  4.614440387132360E-003  2.603619761911758E+001
     39  4.161858420556608E-003  2.419216907562118E+001
    421  4.118367262613051E-003  5.469982084171487E+001
   1060  3.959711423730557E-003  1.336329109810919E+002
    391  3.652107244577777E-003  4.935295074539214E+001
     17  3.615506436395087E-003  2.091913438766164E+001
    165  3.596805319889624E-003  3.194792507678593E+001
    572  3.462915316807898E-003  1.066354688575440E+002
    566  3.217013814719691E-003  1.060197199307676E+002
      5  3.194126639024892E-003  1.580375607842547E+001
    543  3.082263348250046E-003  1.026098663261161E+002
    232  2.983905340835402E-003  3.530982942235851E+001
     31  2.923979114043813E-003  2.349957735236975E+001
    585  2.848484395572933E-003  1.071721890576240E+002
     71  2.830079307098316E-003  2.691074291878593E+001
     86  2.800005559345802E-003  2.760340701365068E+001
     69  2.695299753094071E-003  2.667931486079132E+001
    110  2.628855996191060E-003  2.890337161783228E+001
    456  2.571700139556223E-003  5.758475825352298E+001
     57  2.545054669116840E-003  2.601044601303876E+001
    403  2.478381571462876E-003  5.332276567118551E+001
    535  2.436410539910909E-003  7.234684016852472E+001
   1053  2.357960454922748E-003  1.331993000158318E+002
    330  2.264159579077876E-003  4.000719691328421E+001
    108  2.150216193278785E-003  2.884206820739177E+001
    177  2.134470244337791E-003  3.286305119332699E+001
    518  2.069807213435331E-003  6.116565427175681E+001
    142  2.049744414382051E-003  3.011700635419402E+001
    393  1.994382079504922E-003  5.117422678475859E+001
    253  1.968790597427824E-003  3.690338042035397E+001
      4  1.955440781036230E-003  1.555889535187236E+001
    199  1.922003996676360E-003  3.411214171315592E+001
    249  1.912162703461038E-003  3.643158917315001E+001
    298  1.902407648891658E-003  3.860785506393049E+001
    296  1.869099984961611E-003  3.847026909032138E+001
    229  1.844852794583816E-003  3.477639317683153E+001
     51  1.810738256304462E-003  2.527497960196780E+001
      9  1.756603312475058E-003  1.615282072713023E+001
   1052  1.725941757228564E-003  1.330891459743712E+002
    582  1.699234995702683E-003  1.069886979669129E+002
    575  1.687511438203362E-003  1.067636975144964E+002
    294  1.640480057803758E-003  3.844005427068350E+001
     11  1.629292157519207E-003  1.771447447329438E+001
   1069  1.610881688971645E-003  1.347402109836953E+002
    553  1.583193415127376E-003  1.045844149005738E+002
     81  1.572013807341511E-003  2.737831616504717E+001
     95  1.533849022861228E-003  2.806113631432304E+001
    530  1.533142868802960E-003  6.265828803408258E+001
    890  1.531645414247668E-003  1.222269695705770E+002
    392  1.518669268865530E-003  4.975569880244111E+001
    102  1.505982405571710E-003  2.838723287464182E+001
    152  1.496061157014174E-003  3.107793476288124E+001
     82  1.491585133171540E-003  2.744742479332049E+001
    255  1.474162039550167E-003  3.705801266502003E+001
   1074  1.430772053021991E-003  1.357832717908243E+002
     52  1.428313749601375E-003  2.532370304309600E+001
     42  1.414342923500059E-003  2.442065503900721E+001
     22  1.401368765972019E-003  2.149928230079738E+001
    438  1.399874566371617E-003  5.568774314714533E+001
    347  1.372478241542365E-003  4.251894246220620E+001
   1041  1.372387014338912E-003  1.318604688563310E+002
    207  1.358299109512662E-003  3.419271829752626E+001
     94  1.324789135332897E-003  2.803048707399637E+001
    485  1.314160602993428E-003  5.896971858223063E+001
    163  1.297844067416817E-003  3.148605603035891E+001
    251  1.286493760950519E-003  3.670193646720268E+001
   1048  1.280860870903989E-003  1.325281096806480E+002
    105  1.274900082682086E-003  2.872870804936272E+001
   1072  1.245894913778448E-003  1.354275255218108E+002
    578  1.245837882914924E-003  1.068696587706935E+002
    411  1.236918010508788E-003  5.390414096058870E+001
    512  1.217956504628152E-003  6.110465593383906E+001
    536  1.196742484616550E-003  7.244369170766353E+001
      2  1.184702474282545E-003  1.507477314615795E+001
    404  1.175745363406249E-003  5.332919471058649E+001
    563  1.175132471482158E-003  1.058622417292547E+002
   1075  1.173690787356787E-003  1.852007864492208E+002
     36  1.169259086140266E-003  2.408548968715760E+001
     20  1.166076508345196E-003  2.146722812704134E+001
    426  1.165105915349979E-003  5.521112029631625E+001
    262  1.148163969048800E-003  3.754826259370084E+001
    510  1.145544011058456E-003  6.106496915014706E+001
     65  1.131831851643650E-003  2.645533186342116E+001
     33  1.128194347071377E-003  2.387502434282544E+001
    139  1.112929678248592E-003  3.001327528760398E+001
    489  1.102332603099875E-003  5.906665573291085E+001
     66  1.094715915510771E-003  2.653041695388611E+001
    308  1.084506391706885E-003  3.924824416979163E+001
    247  1.071617391863077E-003  3.613855018049320E+001
   1058  1.064360424098673E-003  1.334381531708862E+002
    895  1.055140102884338E-003  1.231922658586809E+002
     96  1.041261136832290E-003  2.807603105873968E+001
    248  1.019175338337081E-003  3.617742791171408E+001
    160  1.007954506307095E-003  3.140287364756382E+001
    907  1.005945107928186E-003  1.254774984052440E+002
    270  9.707533213109401E-004  3.767493462479421E+001
   1071  9.633588349396656E-004  1.353191143310252E+002
     44  9.453718620024834E-004  2.487547588775838E+001
    386  9.424184472077180E-004  4.778448827008048E+001
    771  9.290395358595505E-004  1.142541813627527E+002
    385  9.274317687345091E-004  4.744969147605799E+001
    113  9.189699070815062E-004  2.894608485543543E+001
    482  9.117495359554670E-004  5.890508639424976E+001
    143  9.006520695992764E-004  3.021552765862468E+001
     85  8.983721635097880E-004  2.757726243328665E+001
    460  8.916439301169649E-004  5.821511818989060E+001
    206  8.910340722814653E-004  3.418711639611698E+001
    348  8.756525017687614E-004  4.278252907839931E+001
    112  8.630577480013966E-004  2.893182478938967E+001
    186  8.619984802355379E-004  3.335079910483972E+001
     73  8.483145424790061E-004  2.704395448663374E+001
   1057  8.160626911736446E-004  1.332882698940204E+002
    405  8.109522710692864E-004  5.340951413863353E+001
    433  8.027401628264998E-004  5.552394895078822E+001
    423  8.011602039973781E-004  5.491452382822700E+001
    222  7.952966810666405E-004  3.444665555523785E+001
    918  7.872181914843821E-004  1.263810693695273E+002
    440  7.863929701039772E-004  5.589934491235444E+001
    192  7.726359362636424E-004  3.373139183933635E+001
    282  7.655476248209556E-004  3.781601762519486E+001
    161  7.619437651730576E-004  3.141544799468193E+001
    417  7.496246114806300E-004  5.432386496665636E+001
    847  7.348385512177642E-004  1.183795327778256E+002
    991  7.344363071461417E-004  1.298309517843196E+002
    288  7.071276226964548E-004  3.825168870868715E+001
     67  7.017906075230324E-004  2.663955326886673E+001
    474  7.011615128157799E-004  5.866520048333617E+001
   1067  6.982330728417076E-004  1.341872351276505E+002
    132  6.981079368567168E-004  2.978147182311027E+001
    109  6.833325641795459E-004  2.888359254004277E+001
    495  6.828603383059242E-004  5.971063876484735E+001
    689  6.780616359420126E-004  1.108992280227757E+002
    183  6.737582517459577E-004  3.317747871488443E+001
    550  6.716195285497221E-004  1.044255141670578E+002
    303  6.681029164711058E-004  3.891633174738261E+001
    115  6.571044994129370E-004  2.908676806680809E+001
    407  6.492646155900037E-004  5.355040632372296E+001
    246  6.483456531109555E-004  3.612200287477440E+001
    197  6.391260183058877E-004  3.407091137263039E+001
    331  6.336214623296271E-004  4.033978069592825E+001
    478  6.170328195947431E-004  5.880478287498814E+001
    221  6.145451565314852E-004  3.444064242877499E+001
     78  6.100535410123084E-004  2.724001953302053E+001
    140  6.044909950780570E-004  3.002380690834687E+001
    379  6.034114117350588E-004  4.610002508350383E+001
     74  6.029591005847789E-004  2.706787664592100E+001
    204  5.993138217554500E-004  3.416741852472765E+001
    686  5.989132301991070E-004  1.108321598991433E+002
    383  5.866616695682482E-004  4.665506804468283E+001
      1  5.840450277747960E-004  1.480943860687432E+001
    212  5.821498327042457E-004  3.425448747044050E+001
    534  5.816867128367538E-004  6.352992396574133E+001
     46  5.776141469085309E-004  2.508968851186969E+001
    466  5.753630562699846E-004  5.848631456847294E+001
    184  5.693830047659874E-004  3.328145954751520E+001
    454  5.613083742056970E-004  5.753531790534946E+001
    156  5.588399154296973E-004  3.133959801814033E+001
    325  5.558818328760030E-004  3.979678053884171E+001
     40  5.514587790691627E-004  2.429142631572386E+001
    505  5.504507332426447E-004  6.089365906344585E+001
    138  5.494141306227675E-004  2.998810658959070E+001
    158  5.478028921524413E-004  3.138637587596471E+001
    196  5.430656424752427E-004  3.402217963204272E+001
   1034  5.342964645408709E-004  1.314975717016592E+002
    106  5.340142909758922E-004  2.873147041157064E+001
    259  5.338210075427816E-004  3.731129763636223E+001
    378  5.289593521471934E-004  4.609481655347708E+001
    119  5.251430035771124E-004  2.929038281335912E+001
    928  5.228472386004894E-004  1.271758190169006E+002
    320  5.220891239010415E-004  3.958466091098631E+001
    944  5.204031730463575E-004  1.278264506290159E+002
     93  5.195596113808039E-004  2.801831476528660E+001
     53  5.174093983946069E-004  2.532427500710937E+001
     60  5.113007868669737E-004  2.612817271153773E+001
    507  5.065135857567922E-004  6.098134465730102E+001
    202  5.030735618619848E-004  3.414693728338715E+001
    399  5.016048718444354E-004  5.300117686152819E+001
   1039  4.987499746475120E-004  1.317789778316224E+002
     41  4.947233908367941E-004  2.434332602389209E+001
    580  4.887095438547812E-004  1.069063882425304E+002
    290  4.800382307979603E-004  3.834059039797889E+001
    144  4.700997093373595E-004  3.023024488043693E+001
    201  4.675723470504415E-004  3.413905621996786E+001
    504  4.666858714087352E-004  6.073767201700102E+001
    131  4.536191600963957E-004  2.976719894627799E+001
    492  4.534708549904577E-004  5.919740097208313E+001
    230  4.502396784219224E-004  3.507000892128892E+001
     32  4.443689804297787E-004  2.386019687247388E+001
    239  4.435612245635052E-004  3.564788119351169E+001
    125  4.398923754727938E-004  2.955205187993630E+001
    453  4.285897147121551E-004  5.734859743017803E+001
    133  4.259503615789563E-004  2.980777525245198E+001
    223  4.252096153362948E-004  3.452101188794168E+001
    281  4.249357188007855E-004  3.778222215271058E+001
     34  4.212517009515695E-004  2.394870774261297E+001
    905  4.190721816356128E-004  1.252963463377060E+002
    973  4.181267598056485E-004  1.290303348922233E+002
    909  4.174016221534945E-004  1.256671150468244E+002
    497  4.145295456167947E-004  5.984833423050026E+001
   1031  4.077027261660701E-004  1.313824495210718E+002
    116  4.013698757346389E-004  2.910094471225916E+001
    134  4.007478767761628E-004  2.989081555609098E+001
   1044  3.979643433919912E-004  1.320835593454495E+002
    557  3.978260666766782E-004  1.053298087456868E+002
    431  3.940736543632769E-004  5.545822575490884E+001
    450  3.886259718453249E-004  5.723022636777802E+001
   1045  3.859696057064463E-004  1.322246800166877E+002
    279  3.848307305760634E-004  3.776291602598710E+001
    153  3.747220965367771E-004  3.119128674334460E+001
    762  3.738255914190792E-004  1.134504722361933E+002
    564  3.711040511548499E-004  1.059223740174141E+002
     43  3.708013670070941E-004  2.485090944939308E+001
   1024  3.706943148333679E-004  1.310472886139475E+002
    897  3.689598017401107E-004  1.233154024205701E+002
    983  3.689234381945129E-004  1.293699640118089E+002
    357  3.686060783521960E-004  4.413715889769129E+001
    401  3.684346968546746E-004  5.310952948046032E+001
    389  3.684228674696325E-004  4.924612888004685E+001
    472  3.633290286547209E-004  5.860732378330380E+001
    570  3.604935976276977E-004  1.064458450110351E+002
    297  3.597595516287596E-004  3.850412000814609E+001
    970  3.594735705001644E-004  1.288440499253601E+002
   1013  3.585157516771397E-004  1.306191025791559E+002
    174  3.508810313367316E-004  3.277024257542895E+001
    855  3.472427027410260E-004  1.192335282432478E+002
    295  3.468093155904958E-004  3.844649820311862E+001
    352  3.405195843964232E-004  4.345183818831803E+001
    402  3.377797782879587E-004  5.323403324336612E+001
    480  3.350118820687322E-004  5.887142017505539E+001
    976  3.340536756438808E-004  1.291265023483052E+002
      3  3.336092024060060E-004  1.530095081680193E+001
     63  3.327888982797198E-004  2.633691355837915E+001
    468  3.309773748290447E-004  5.850419738659161E+001
    236  3.267179137323569E-004  3.558504171265294E+001
    760  3.246751157713323E-004  1.133648679091437E+002
    631  3.246539194517427E-004  1.086593678715634E+002
     62  3.195439188713129E-004  2.630569023157911E+001
    533  3.166691929369013E-004  6.344214913117692E+001
     50  3.154462027169478E-004  2.524792740229145E+001
    854  3.148286549866643E-004  1.190938927222375E+002
    493  3.133289620046325E-004  5.956939432616837E+001
    157  3.125826162662706E-004  3.136040875348826E+001
    120  3.121255663188677E-004  2.935022978395871E+001
    203  3.104772195489164E-004  3.415596231316062E+001
    358  3.089979379244060E-004  4.418411045040358E+001
    150  3.049938541052389E-004  3.095380367517388E+001
      6  3.035558683749975E-004  1.593905863128156E+001
    917  3.028829760310423E-004  1.262583151256411E+002
    698  3.010312658961626E-004  1.111543499618823E+002
    137  3.003476281683840E-004  2.996307755422044E+001
    832  2.991676439006001E-004  1.176150872586579E+002
   1047  2.979216216559474E-004  1.324683504365100E+002
    218  2.963043211966413E-004  3.434087154455664E+001
    938  2.954195676932792E-004  1.276246332177813E+002
    808  2.828793060637455E-004  1.166438640424820E+002
    149  2.789942277199889E-004  3.064428879965062E+001
    997  2.784943216386703E-004  1.300952728722026E+002
    121  2.783699355999378E-004  2.937009161569695E+001
    338  2.761196112224712E-004  4.143596746217444E+001
    898  2.744225590827153E-004  1.236287338505038E+002
    211  2.738256890313692E-004  3.422885497659050E+001
    261  2.733400815830127E-004  3.751537038816641E+001
   1038  2.708876887545835E-004  1.317153469634680E+002
    145  2.688319084256279E-004  3.035386176419680E+001
    101  2.644170065808921E-004  2.816121926613436E+001
    336  2.636410782136670E-004  4.106442919982931E+001
     37  2.634700128774142E-004  2.413005277682491E+001
    560  2.632790368071022E-004  1.057397922085461E+002
    442  2.583701555153610E-004  5.605259237502305E+001
    449  2.564734268713180E-004  5.713782918039372E+001
    166  2.561335543541148E-004  3.197534022905977E+001
    291  2.552953976772300E-004  3.834865717601958E+001
    802  2.513232974661546E-004  1.163074247182627E+002
    972  2.491304625723334E-004  1.289491342298440E+002
    351  2.473144725528450E-004  4.290814690346715E+001
    455  2.435232099671790E-004  5.757818593173593E+001
    757  2.403706078203006E-004  1.131455979007981E+002
     68  2.400216780126373E-004  2.665958995788216E+001
    168  2.394349071529781E-004  3.223239881301075E+001
    432  2.389942102164948E-004  5.551253331854516E+001
    717  2.377634621491170E-004  1.119901298340990E+002
    245  2.374430274414815E-004  3.584895809931362E+001
    398  2.335867662508476E-004  5.298968704937109E+001
    180  2.327128995834124E-004  3.306959511625761E+001
    344  2.307605612879066E-004  4.229281490750487E+001
    947  2.187851461349908E-004  1.280025795512814E+002
    873  2.181869568268361E-004  1.205400953636918E+002
    306  2.154194304392641E-004  3.922583615449084E+001
    877  2.135602425590115E-004  1.207635072396237E+002
    611  2.121274681350792E-004  1.080609110523806E+002
    381  2.108585416170704E-004  4.623753374880091E+001
    746  2.102755934929986E-004  1.128150956859242E+002
     84  2.098735005077959E-004  2.748397341497807E+001
     99  2.095906156881921E-004  2.813215700322161E+001
    167  2.089147452706588E-004  3.206734480721192E+001
    516  2.056925602102298E-004  6.114879167768425E+001
    943  2.048967005387197E-004  1.278255860865938E+002
    271  2.045328864950796E-004  3.769377629908810E+001
     35  2.025943202870588E-004  2.406163852032448E+001
    989  2.020805052124516E-004  1.296856498562064E+002
     30  2.016525470348054E-004  2.339033246897357E+001
    256  2.015964713533160E-004  3.708485200545782E+001
    377  2.015139520197181E-004  4.580996274485975E+001
    309  1.985521065269509E-004  3.929268620446922E+001
    515  1.975034103940447E-004  6.113166482037749E+001
    324  1.956045463036386E-004  3.965813849875591E+001
    394  1.945261411567326E-004  5.275338077531283E+001
    275  1.926345798068238E-004  3.771871208633355E+001
    673  1.909135029954220E-004  1.101090602242966E+002
    382  1.877259248868410E-004  4.661435463500721E+001
    302  1.865277887079973E-004  3.874867387838012E+001
   1066  1.864669886968782E-004  1.341339055776214E+002
    797  1.864640164714222E-004  1.161224071144865E+002
    316  1.856018321649304E-004  3.947722492082590E+001
    151  1.844114251757257E-004  3.097448214004631E+001
    555  1.835132902112166E-004  1.049505825405343E+002
    795  1.814366928186689E-004  1.159446042090269E+002
    304  1.808345710873744E-004  3.902642388250331E+001
    193  1.802660435361828E-004  3.387383688791338E+001
     29  1.788066071105314E-004  2.304600720746813E+001
    343  1.756375670454062E-004  4.223776350771931E+001
    451  1.751918650150624E-004  5.726939793781466E+001
    602  1.739660295456132E-004  1.078335831208874E+002
    573  1.733719213087375E-004  1.066520968004064E+002
    244  1.731949667546513E-004  3.582009297825139E+001
    930  1.672710066567043E-004  1.272550109882912E+002
    851  1.669464098252884E-004  1.189105890777936E+002
    445  1.664019386255923E-004  5.650985963977887E+001
    346  1.653249935446290E-004  4.251353138364797E+001
    305  1.632754234407145E-004  3.919092577852600E+001
    681  1.624372617874068E-004  1.107150530846271E+002
    623  1.615830432064088E-004  1.084311616311891E+002
    565  1.614724952894281E-004  1.059848591127986E+002
    194  1.613262192943682E-004  3.388123191050668E+001
    317  1.612741081876013E-004  3.952108816795088E+001
    205  1.606846935376052E-004  3.418138862993963E+001
    519  1.594259186531865E-004  6.116666091909611E+001
   1064  1.577343237658368E-004  1.339182935247794E+002
     92  1.575272476615951E-004  2.796966533379813E+001
    321  1.574076337467854E-004  3.959878738143280E+001
    289  1.565464895892539E-004  3.832422991649202E+001
    793  1.533304940257217E-004  1.158943894419280E+002
    545  1.525899142295155E-004  1.038885725205099E+002
    986  1.514002427708941E-004  1.294778988001748E+002
    517  1.499230563754549E-004  6.116283191518230E+001
    214  1.495923667494024E-004  3.429158842681225E+001
     13  1.495437546302583E-004  2.038781372204352E+001
    645  1.494464634043233E-004  1.088758352374567E+002
    780  1.477481606195932E-004  1.153482258688003E+002
     70  1.476193489001998E-004  2.683332853591699E+001
    708  1.474560417044464E-004  1.116659378913442E+002
    768  1.474393349923349E-004  1.140511281344195E+002
    937  1.450378054525063E-004  1.275975168353670E+002
    444  1.446858416902548E-004  5.640873014994138E+001
    541  1.423473815563369E-004  1.020561485810812E+002
    934  1.402992806885783E-004  1.274026915475210E+002
    104  1.398093143916323E-004  2.863475114667724E+001
    210  1.396251981380230E-004  3.421873300884823E+001
    425  1.389618872432346E-004  5.512885982268182E+001
    334  1.363765425055982E-004  4.055961280242965E+001
    326  1.358584541054845E-004  3.980074663620405E+001
    680  1.353063746866070E-004  1.106808485277705E+002
    721  1.330523642660723E-004  1.121902054803930E+002
   1022  1.307232354181578E-004  1.309570316227355E+002
    215  1.303979930868642E-004  3.430912489816387E+001
    148  1.300312046745940E-004  3.055713011308698E+001
    678  1.298518316258355E-004  1.105298402911861E+002
    314  1.270637636049627E-004  3.944402428691944E+001
    300  1.269007613774560E-004  3.871033423098082E+001
    434  1.268658557430674E-004  5.556859477681133E+001
    117  1.266187070950151E-004  2.915145470361619E+001
    626  1.264514642445588E-004  1.085197354965440E+002
    237  1.254035535488863E-004  3.561350513334219E+001
    542  1.252408267926736E-004  1.021380905135569E+002
    188  1.249407328572481E-004  3.343297855491465E+001
   1001  1.246241192147283E-004  1.301907504163165E+002
    267  1.245925078338310E-004  3.763942844703926E+001
    527  1.243986354340514E-004  6.211137902133680E+001
    123  1.229245714818860E-004  2.945706723223188E+001
    266  1.228312285395252E-004  3.763404507858488E+001
    274  1.226294421631350E-004  3.771469066363962E+001
    258  1.214496088947366E-004  3.725675246841864E+001
    952  1.213317826135895E-004  1.282170243378332E+002
    694  1.210233146540313E-004  1.110208923005156E+002
    234  1.208529789377416E-004  3.541632958107625E+001
    242  1.189595089305989E-004  3.575330164903793E+001
    397  1.177787851968679E-004  5.292984574180642E+001
    191  1.168998113041632E-004  3.372798248811258E+001
    130  1.168423495907387E-004  2.969026097336859E+001
   1016  1.130165787138394E-004  1.306784011483153E+002
    238  1.119481631047134E-004  3.562010162214489E+001
    838  1.112977820474339E-004  1.178077045912047E+002
    477  1.099441981901868E-004  5.875439662154096E+001
    675  1.098973985028112E-004  1.101932688761904E+002
    169  1.096406205736799E-004  3.225245008090104E+001
    500  1.092397413371592E-004  6.016266526055261E+001
    264  1.088458310250767E-004  3.760740200223662E+001
    103  1.080728536628500E-004  2.854698030319213E+001
    791  1.078350955393625E-004  1.158399885308925E+002
    502  1.073563389976956E-004  6.033057478557798E+001
    655  1.070357232827101E-004  1.092114390318620E+002
    154  1.068193366042152E-004  3.128025029310897E+001
    176  1.061918109345307E-004  3.283702642513862E+001
    812  1.058207208416570E-004  1.169499526914024E+002
    960  1.057350515859479E-004  1.283710541965592E+002
   1020  1.055174425923854E-004  1.308300137670077E+002
    189  1.050517081633300E-004  3.348575581421191E+001
    307  1.049146558744802E-004  3.924418415703018E+001
    588  1.045154356715770E-004  1.072780161282308E+002
    491  1.038423633937724E-004  5.916484178919298E+001
    319  1.012959892459398E-004  3.955367029075058E+001
    561  1.009810504508104E-004  1.057823475786052E+002
     59  1.001466990209518E-004  2.608228483109795E+001
    448  9.953279610641450E-005  5.707216855561523E+001
    361  9.951577414238579E-005  4.509188248244521E+001
    521  9.928968033257283E-005  6.120499406654021E+001
    430  9.898364981079981E-005  5.544226538226409E+001
    396  9.882242680868888E-005  5.292259014309509E+001
    733  9.865421755927784E-005  1.125211996768446E+002
    929  9.738026288715532E-005  1.272324166790593E+002
    173  9.679023098810989E-005  3.267731285541730E+001
    365  9.616878933216706E-005  4.540196146988517E+001
    712  9.586566877430163E-005  1.118479116964762E+002
    483  9.567143985410464E-005  5.892865432514233E+001
    948  9.566612330837613E-005  1.280530341997139E+002
    187  9.503134730936868E-005  3.338593491458187E+001
    323  9.473997266518433E-005  3.963162035223775E+001
    459  9.323488699998270E-005  5.797524108925945E+001
    911  9.207708087155127E-005  1.258968376271585E+002
     77  9.044975900418475E-005  2.720977418778346E+001
   1042  8.962739354996719E-005  1.319938555239870E+002
     16  8.942644944731519E-005  2.083990463296455E+001
    254  8.858258988457520E-005  3.696870162494890E+001
    826  8.750037931965342E-005  1.174535409692338E+002
    341  8.638619409313242E-005  4.207899368185591E+001
    287  8.617028244230253E-005  3.806334999222836E+001
    825  8.596698327141099E-005  1.174155068731360E+002
    902  8.570916140343310E-005  1.246861225619736E+002
    528  8.478000702591193E-005  6.211763689923020E+001
     61  8.453142207153856E-005  2.623624111749398E+001
    322  8.376394268574441E-005  3.962934885257222E+001
     45  8.276629234633629E-005  2.505629895200580E+001
    926  8.255277377803608E-005  1.269935099435139E+002
    868  8.251260736680011E-005  1.199994649602093E+002
    605  8.192463546071749E-005  1.079476682950407E+002
    777  8.105119026090087E-005  1.150636811545726E+002
    276  8.071320895171407E-005  3.774173651101562E+001
    778  8.015492043858533E-005  1.153062331743218E+002
    702  7.965729906504648E-005  1.112791472783473E+002
    571  7.933966542092177E-005  1.065760725477823E+002
    576  7.916272333696605E-005  1.068188420241767E+002
    604  7.883986392707397E-005  1.078901483894559E+002
    745  7.835639851626845E-005  1.127541380335163E+002
    486  7.804772527832463E-005  5.898078655703418E+001
    977  7.781892535852861E-005  1.291448023039548E+002
    630  7.760590617910037E-005  1.086464564510315E+002
    643  7.673206327865988E-005  1.088529165631816E+002
    208  7.613836233950426E-005  3.420400517096608E+001
    636  7.603602816679250E-005  1.087412284437008E+002
    577  7.590174632048992E-005  1.068269012623950E+002
    663  7.500824079934997E-005  1.095408569103236E+002
    992  7.493420414322142E-005  1.299169051159237E+002
    836  7.486567981529086E-005  1.177792466123822E+002
    147  7.406351513968866E-005  3.045498909450352E+001
     28  7.358373610162120E-005  2.303576073275412E+001
    894  7.324409702957088E-005  1.226855190700912E+002
    162  7.292451381191014E-005  3.142013005221356E+001
   1018  7.252895863802849E-005  1.307425624046459E+002
    700  7.233715859506859E-005  1.112187707043413E+002
    540  7.220222021659599E-005  1.019596674086986E+002
    558  7.174079375594849E-005  1.054235904423783E+002
    924  7.077177876979071E-005  1.267645350898773E+002
   1021  7.038128053748218E-005  1.308784400027895E+002
    170  6.960808773114252E-005  3.240864442722207E+001
    337  6.923340465361521E-005  4.125439580477820E+001
    748  6.880329596724467E-005  1.128453459062848E+002
   1076  6.808370729718711E-005  1.858411948136732E+002
    609  6.800283987238333E-005  1.080529774194348E+002
    107  6.780253982873405E-005  2.880093649968087E+001
    339  6.776500875811946E-005  4.199721405536648E+001
    866  6.775209454009037E-005  1.198737679274225E+002
    171  6.732347153090532E-005  3.251692712246987E+001
    584  6.723456883686822E-005  1.071415131646536E+002
    763  6.691488883499907E-005  1.136578287383470E+002
   1000  6.681673924189061E-005  1.301375093272533E+002
    226  6.661662936368827E-005  3.460914941435140E+001
    175  6.658212559396195E-005  3.282740528695558E+001
    209  6.650507367498144E-005  3.420776675567321E+001
     54  6.576498218827242E-005  2.537118147105558E+001
    269  6.575979229351021E-005  3.766609016559832E+001
    369  6.563804282804330E-005  4.556664797594529E+001
    511  6.484276226902730E-005  6.108291035790679E+001
    870  6.466502837220089E-005  1.203621491035894E+002
    772  6.385355486244103E-005  1.144444014986270E+002
    594  6.326423274772013E-005  1.075267994995216E+002
    568  6.265133200729205E-005  1.063884322375297E+002
    420  6.250253019064190E-005  5.464265012038360E+001
    313  6.155646025533455E-005  3.941220320488696E+001
    858  6.099113536126952E-005  1.193043137223610E+002
    219  6.038797624306802E-005  3.435584966495736E+001
    526  6.012686811903395E-005  6.205614154690332E+001
    293  5.972089091093709E-005  3.840315559517953E+001
    950  5.907317806135334E-005  1.281356928004739E+002
    525  5.838500542889809E-005  6.201689187624501E+001
    172  5.831932594036018E-005  3.254695536480502E+001
    376  5.813756781388338E-005  4.578482274843697E+001
    865  5.811957459841307E-005  1.195233182598442E+002
    216  5.791357080068122E-005  3.431915233475488E+001
    979  5.762152448516160E-005  1.292073280791942E+002
    587  5.691308453250384E-005  1.072564562863978E+002
    367  5.663625476571266E-005  4.546665367422378E+001
    446  5.625360270290210E-005  5.657515742254393E+001
    607  5.617441430838741E-005  1.079782277499060E+002
    487  5.484034778311108E-005  5.901096182276392E+001
    674  5.481902704333815E-005  1.101627157855635E+002
    896  5.465822404567659E-005  1.231967026860033E+002
    292  5.464478867490195E-005  3.837765227419467E+001
    481  5.402531477245350E-005  5.889564718758225E+001
    213  5.386907458994838E-005  3.426923698719692E+001
    126  5.385123688819363E-005  2.957864372821811E+001
    848  5.357776118337866E-005  1.185512117490796E+002
    975  5.324595627630889E-005  1.290479361570385E+002
    981  5.286766231778109E-005  1.292686845988868E+002
    659  5.209590041916124E-005  1.093169473413985E+002
    257  5.198534486133605E-005  3.716053985696894E+001
    217  5.171383462521672E-005  3.432077633458158E+001
    471  5.137494978750161E-005  5.859921299406331E+001
    883  5.113840503344271E-005  1.212822283474710E+002
    672  5.064803091269566E-005  1.100523893058521E+002
    843  5.051942639315831E-005  1.181049125326048E+002
    583  4.975322758934323E-005  1.070323413352247E+002
    111  4.965519575953366E-005  2.891758955889047E+001
   1005  4.936908987163008E-005  1.302961950162389E+002
    616  4.900726065221619E-005  1.081902144651443E+002
    817  4.899195891710602E-005  1.171745914510001E+002
    624  4.823258741077752E-005  1.084534043855216E+002
    610  4.760584270422443E-005  1.080548791140610E+002
    312  4.729500476763339E-005  3.940338989709551E+001
    277  4.721505796618814E-005  3.774405278528796E+001
    731  4.708100584316489E-005  1.124795031346507E+002
    899  4.627613917145429E-005  1.237750393258326E+002
    529  4.595896186295414E-005  6.213305424318654E+001
    441  4.563806355103900E-005  5.602297434426368E+001
    661  4.554168707148421E-005  1.094040232551639E+002
    871  4.527438686242486E-005  1.204638135739833E+002
    650  4.448749901541429E-005  1.090061273622073E+002
    567  4.391179001252908E-005  1.061175767374582E+002
    470  4.368309633791981E-005  5.858950887133865E+001
    667  4.336635024032270E-005  1.098231148083649E+002
    725  4.259291461265916E-005  1.122622575126908E+002
     48  4.210307499996865E-005  2.521050943974308E+001
    769  4.207766526730787E-005  1.141494817506874E+002
    473  4.207089509003388E-005  5.864875851961727E+001
    719  4.175795397946854E-005  1.120361196403708E+002
     19  4.170816396584886E-005  2.137958735177528E+001
    260  4.152506022450184E-005  3.745846822965304E+001
    589  4.149860633453904E-005  1.073243551551986E+002
    827  4.115200430461405E-005  1.174913134466901E+002
    548  4.093985740035089E-005  1.041098140943872E+002
    639  4.078463737336470E-005  1.087924757147032E+002
    637  3.923963978321255E-005  1.087708716348475E+002
    785  3.918545333539919E-005  1.156515149006221E+002
    942  3.843385550590729E-005  1.277896527703618E+002
     10  3.842308189776133E-005  1.630017574824609E+001
    860  3.789734050273257E-005  1.193608179742887E+002
    332  3.786102914625748E-005  4.036182328117159E+001
     15  3.767978991868973E-005  2.077312965636918E+001
     87  3.754073331883727E-005  2.773505635732142E+001
    574  3.750091803688900E-005  1.067089856517616E+002
     97  3.691946683441269E-005  2.809615145046481E+001
    410  3.640699039977112E-005  5.380004782230375E+001
    727  3.593990578456597E-005  1.123838421661365E+002
    765  3.557652577604165E-005  1.138034732037320E+002
    579  3.553545346780631E-005  1.068810185812333E+002
    350  3.530816537281081E-005  4.287084402122760E+001
    435  3.490990190396520E-005  5.559833163642786E+001
     25  3.464468183701956E-005  2.268285797328677E+001
    622  3.447999297381787E-005  1.084041586407917E+002
    656  3.431355378539086E-005  1.092383325553483E+002
    751  3.382621163246210E-005  1.129352725370382E+002
    671  3.376242110800396E-005  1.100461630260976E+002
    370  3.346205596618949E-005  4.562254251008403E+001
    195  3.327013366924167E-005  3.399004655216064E+001
    569  3.325383972851371E-005  1.064024371239422E+002
    595  3.320262549584806E-005  1.075727311228692E+002
    887  3.318994350022161E-005  1.215278324822884E+002
   1009  3.303126183444480E-005  1.304609142394732E+002
    182  3.241729293452393E-005  3.313118961536368E+001
    484  3.227826139048074E-005  5.894622531819898E+001
    875  3.216751882921752E-005  1.206504418490652E+002
    954  3.205677652179549E-005  1.282848493157465E+002
    713  3.171337379433260E-005  1.118750446375970E+002
    514  3.154694571149951E-005  6.112143562944963E+001
    231  3.120918752934023E-005  3.529195130720404E+001
    824  3.057684228821430E-005  1.173851057796732E+002
    945  3.054703871218178E-005  1.278945431870569E+002
    241  2.998226384908219E-005  3.573178726353736E+001
    596  2.983417998261319E-005  1.076305596761092E+002
    716  2.967519159364364E-005  1.119313653155845E+002
    682  2.934602542315730E-005  1.107795174367904E+002
    465  2.928600136394822E-005  5.845233409136720E+001
    513  2.921091014431509E-005  6.111701004965728E+001
    122  2.906859269149223E-005  2.942821875092930E+001
    476  2.860072792501980E-005  5.874284760292872E+001
    469  2.857489306588431E-005  5.857260373695996E+001
    243  2.854553010978975E-005  3.580427376176280E+001
    796  2.840999270977264E-005  1.160406419035091E+002
    683  2.834206757052114E-005  1.107854094171573E+002
    695  2.823618698378913E-005  1.110404578737834E+002
    641  2.805905633620464E-005  1.088136450829588E+002
    498  2.803232820061201E-005  6.006055704270973E+001
    475  2.800409428317067E-005  5.870955367754343E+001
   1046  2.787815091771175E-005  1.322741703884410E+002
   1006  2.783349640254077E-005  1.303473844140781E+002
   1061  2.772410454518734E-005  1.338239896777959E+002
    863  2.758010205999985E-005  1.194780899982511E+002
    494  2.736603440734897E-005  5.959072402434833E+001
    284  2.730081637852286E-005  3.794002386601017E+001
     72  2.692989255825916E-005  2.695844835194747E+001
    892  2.676439362673654E-005  1.223146913863671E+002
    919  2.644982037671763E-005  1.264669767465423E+002
    988  2.572122381369639E-005  1.295230022337254E+002
    220  2.539416792305663E-005  3.440936379612124E+001
    366  2.512490220576669E-005  4.541480133184800E+001
    670  2.424769260607339E-005  1.099218253642219E+002
    360  2.408854302796170E-005  4.501412031898634E+001
    354  2.380940526409685E-005  4.358717802496741E+001
    463  2.377990589417208E-005  5.840368106338346E+001
    821  2.359338245347442E-005  1.173213489801490E+002
    749  2.324710442679006E-005  1.128862829609149E+002
    835  2.218500434321007E-005  1.176766134664512E+002
    328  2.208701953547764E-005  3.982877398686839E+001
    224  2.206681213920493E-005  3.456258153743839E+001
    538  2.183972163706604E-005  8.801939400846273E+001
    436  2.174100734901283E-005  5.562240782737462E+001
   1036  2.165284597702975E-005  1.315563975924429E+002
    593  2.160977839343364E-005  1.074633420950339E+002
    813  2.136431906872951E-005  1.170211975618395E+002
    179  2.131067568635967E-005  3.301071504933698E+001
   1063  2.098971691356722E-005  1.338610239777397E+002
    910  2.089368969157367E-005  1.258349422363612E+002
    524  2.085639641340190E-005  6.196836567938324E+001
    552  2.071682604468560E-005  1.045004516183760E+002
    800  2.067950754605824E-005  1.161811067685375E+002
    522  2.050364177601791E-005  6.189501394570030E+001
   1033  2.033678865227671E-005  1.314921549657209E+002
    457  2.028543952998742E-005  5.770039153165104E+001
    649  2.020766738248897E-005  1.089557122086210E+002
    181  2.016920628888704E-005  3.309588236011395E+001
    684  1.985211836757909E-005  1.108055531440044E+002
    964  1.974306403521134E-005  1.284811881676410E+002
    844  1.970600333391007E-005  1.182236522024691E+002
    608  1.957485730869188E-005  1.080310773431174E+002
    342  1.930054309522499E-005  4.219280462450153E+001
   1029  1.918419534188104E-005  1.312589073638632E+002
    127  1.892117733263314E-005  2.958197907168710E+001
    141  1.848526081195065E-005  3.005205957969120E+001
    520  1.848348036697472E-005  6.117519869664547E+001
    508  1.842407692131924E-005  6.101348113010317E+001
   1068  1.841026175325750E-005  1.342139437973118E+002
    601  1.835051000968171E-005  1.078222216339937E+002
    634  1.832408982452325E-005  1.087110579745548E+002
    633  1.825088595596783E-005  1.086770367044967E+002
    335  1.816159863907675E-005  4.064698242871874E+001
     21  1.808527811219978E-005  2.149552581175353E+001
    283  1.797316642930787E-005  3.781664732037148E+001
    190  1.794403032908662E-005  3.352213579831744E+001
     88  1.788320336507540E-005  2.776495450944637E+001
    509  1.770859232313229E-005  6.104665142125116E+001
    531  1.734049716827184E-005  6.280622541285696E+001
    709  1.731188339211712E-005  1.116986555393093E+002
    691  1.713549458336475E-005  1.109942746792360E+002
    414  1.704752699907269E-005  5.408443269732371E+001
    592  1.701073085324642E-005  1.074010896433819E+002
    787  1.684462015628325E-005  1.157066821730262E+002
     75  1.630255806180310E-005  2.717284531466260E+001
    998  1.619524499537691E-005  1.301241144683907E+002
     55  1.611241560645736E-005  2.564739582447731E+001
    135  1.609031322536303E-005  2.990996926970350E+001
    373  1.568904630634871E-005  4.573517441489172E+001
    621  1.552346483390033E-005  1.083828600305560E+002
    618  1.497950553639509E-005  1.083041655146542E+002
    225  1.455326580996215E-005  3.458265676939745E+001
    829  1.421878691162839E-005  1.175434491795728E+002
    227  1.389830650054247E-005  3.461221107986133E+001
    744  1.366138474358395E-005  1.127340165661099E+002
    790  1.363533135984226E-005  1.158127479939932E+002
   1004  1.350254124013860E-005  1.302828791464404E+002
    265  1.330099987668406E-005  3.762418150997995E+001
    355  1.316853972284878E-005  4.365668409738398E+001
   1028  1.312206220563613E-005  1.312419762585663E+002
    676  1.309692429797739E-005  1.102968009656115E+002
    412  1.298463049337255E-005  5.399327798218789E+001
   1056  1.290747337471448E-005  1.332822863268028E+002
    429  1.290608262089350E-005  5.542704693693687E+001
    842  1.281488002866339E-005  1.180365480395604E+002
    665  1.281311922298617E-005  1.096195054263975E+002
    591  1.249364899315876E-005  1.073970459895217E+002
    963  1.238557704612867E-005  1.284456810480366E+002
   1040  1.221870772384467E-005  1.318325334098182E+002
    240  1.219863924986145E-005  3.568815433410965E+001
    923  1.215018005236339E-005  1.267345977181097E+002
    816  1.206374436369175E-005  1.170854692244173E+002
    461  1.193548266027750E-005  5.832169084274378E+001
    927  1.187846706564917E-005  1.271118445081471E+002
    368  1.182599809913719E-005  4.552075151204606E+001
    940  1.181468278280146E-005  1.277053477702196E+002
    374  1.174988004167405E-005  4.576894168844035E+001
    679  1.150316987831017E-005  1.106299731616480E+002
    782  1.136108871311278E-005  1.155663554633046E+002
   1070  1.134738257401726E-005  1.350535885837313E+002
    846  1.125267259548740E-005  1.183733977129572E+002
    820  1.118411646995200E-005  1.173160626674297E+002
    503  1.116770650116973E-005  6.062899617907863E+001
    506  1.112377986353876E-005  6.092479484159845E+001
    447  1.102318420851000E-005  5.692641404400948E+001
    362  1.088884927633221E-005  4.520209191521082E+001
    625  1.081632570707944E-005  1.084878781680722E+002
    922  1.080456387370980E-005  1.267277337836395E+002
    315  1.073341422209785E-005  3.946262277995078E+001
    657  1.071097155082927E-005  1.092680437977900E+002
    263  1.057728324406364E-005  3.756851288337069E+001
    804  1.050124959071606E-005  1.164307012054320E+002
    781  1.028875030095731E-005  1.155015502370288E+002
    845  9.889580781795874E-006  1.182722434309271E+002
    755  9.853120519749075E-006  1.130537195644052E+002
    299  9.764973161626660E-006  3.861147003050849E+001
    424  9.763698081996102E-006  5.504400290817051E+001
    562  9.718562630238291E-006  1.058125905236654E+002
    640  9.683285023609508E-006  1.088027953187827E+002
    955  9.636310748600492E-006  1.283043098504922E+002
    958  9.616066042561571E-006  1.283326337970340E+002
    268  9.577731138142115E-006  3.765614789507087E+001
    356  9.570277746948863E-006  4.399929676237998E+001
    815  9.550708382141703E-006  1.170844697210597E+002
     76  9.531044007702390E-006  2.719040433196805E+001
    994  9.507657327119618E-006  1.299886393654431E+002
    632  9.473438157456881E-006  1.086732063917954E+002
    364  9.449695179746695E-006  4.528995878587361E+001
    627  9.395450073979851E-006  1.085359599099982E+002
   1065  9.366820383672040E-006  1.340986810838602E+002
    619  9.099202999116423E-006  1.083262496248409E+002
    590  9.018331248453347E-006  1.073381491314167E+002
    862  8.963090633421683E-006  1.194326389788892E+002
    372  8.895379971924801E-006  4.569660817760900E+001
    235  8.856991688084051E-006  3.553329683850696E+001
   1054  8.853438816575175E-006  1.332101619260334E+002
     56  8.736075627308180E-006  2.577494999028338E+001
    685  8.719512274129230E-006  1.108208915724099E+002
    329  8.520467008090275E-006  3.994917835777716E+001
    668  8.519932457055545E-006  1.098358517134249E+002
    311  8.475764441533123E-006  3.939193935233331E+001
    129  8.472267656609056E-006  2.967722940199728E+001
    707  8.466888698537781E-006  1.116484954290111E+002
    479  8.395873138654364E-006  5.886156225440574E+001
    714  8.263801568288145E-006  1.118865310298163E+002
    496  8.117433201195873E-006  5.977778544840232E+001
    464  8.103994918357849E-006  5.841767339850505E+001
    738  7.991784579603502E-006  1.126248828969786E+002
    915  7.971000975815713E-006  1.261627872997085E+002
    699  7.966342386035069E-006  1.111753891148923E+002
    677  7.915008269810360E-006  1.104103779431708E+002
    642  7.647783824814130E-006  1.088349318990273E+002
    732  7.614000552759647E-006  1.124809932511083E+002
    395  7.517417521081175E-006  5.279005865968511E+001
    648  7.434152612470564E-006  1.089328290594756E+002
    600  7.431534369379929E-006  1.078192567961393E+002
   1032  7.424590016040052E-006  1.314270448258869E+002
   1014  7.418858928795239E-006  1.306579532637773E+002
    660  7.341338852683984E-006  1.093929129115852E+002
   1050  7.272521840545347E-006  1.326682006609648E+002
    794  7.176594855686627E-006  1.159299755047292E+002
    809  6.980814819593844E-006  1.168273457040169E+002
   1011  6.891030016092544E-006  1.305590563134582E+002
    371  6.884556257575747E-006  4.567834615857563E+001
    651  6.874040996886837E-006  1.090123807306586E+002
    853  6.871836427506734E-006  1.189950762444425E+002
    603  6.869195184586213E-006  1.078480909052838E+002
    849  6.776763835769753E-006  1.186556798515274E+002
    696  6.761993002471621E-006  1.111110130672436E+002
    128  6.761621165344741E-006  2.964876822252022E+001
    599  6.746260512909669E-006  1.077354408464688E+002
    758  6.734520987021992E-006  1.131945788764974E+002
    949  6.712477514714308E-006  1.280833568476082E+002
    586  6.700333683584897E-006  1.072414988471015E+002
    852  6.639963587078106E-006  1.189308904937423E+002
    893  6.593774338875447E-006  1.225899968537864E+002
    286  6.559014199401215E-006  3.806107114689090E+001
    984  6.524050459991332E-006  1.293776492189174E+002
    690  6.296668225615169E-006  1.109553167085971E+002
    784  6.161180330977712E-006  1.156115101864969E+002
    916  6.150766972109637E-006  1.261858055404796E+002
   1043  6.135510301179426E-006  1.320181582363304E+002
    770  6.057256883967070E-006  1.141655133118217E+002
    990  6.044428587636525E-006  1.297249883032466E+002
    880  6.033576048209988E-006  1.209811659012211E+002
    715  5.997328556706155E-006  1.119122168057061E+002
    767  5.953837019789116E-006  1.139787538815297E+002
    722  5.936709819660938E-006  1.121989232781130E+002
    310  5.861572354425505E-006  3.933560718805473E+001
   1055  5.810861515379155E-006  1.332315483337306E+002
    228  5.682459887071094E-006  3.465329128304563E+001
    664  5.681821516424875E-006  1.095868237421283E+002
    345  5.661531926968656E-006  4.248475366295001E+001
    786  5.638129743971491E-006  1.156679892855772E+002
    635  5.593577713385130E-006  1.087402789130293E+002
    901  5.583860245089599E-006  1.246352700151236E+002
     89  5.552820804853251E-006  2.787565477396676E+001
    408  5.545840072751768E-006  5.368647704938994E+001
    353  5.477959136660750E-006  4.354452657935016E+001
    452  5.474794482990510E-006  5.732416656661538E+001
    982  5.473259785485271E-006  1.293230544301462E+002
    556  5.469244152030299E-006  1.053074591696642E+002
    968  5.359305374682745E-006  1.287893908307005E+002
    951  5.355879621294107E-006  1.282127111215003E+002
    703  5.158435922052434E-006  1.113359924967504E+002
    155  5.011412120699833E-006  3.129077640287002E+001
    807  4.989590543825077E-006  1.166040027024774E+002
    706  4.867380795532788E-006  1.115644797142602E+002
    931  4.841809463017515E-006  1.272754104030811E+002
    710  4.804577115664207E-006  1.117114283703663E+002
    859  4.761762220468451E-006  1.193117826572047E+002
    418  4.721448619513727E-006  5.440760214654593E+001
    764  4.706207796499982E-006  1.137269990775531E+002
   1010  4.639725209447671E-006  1.305150376372933E+002
     49  4.635845646428924E-006  2.521926711432687E+001
    532  4.574223641393320E-006  6.299204701993657E+001
    280  4.511194574487330E-006  3.777070006257392E+001
    985  4.500809487633143E-006  1.294454523269476E+002
    774  4.428544815308808E-006  1.147299018357027E+002
    789  4.418235527748445E-006  1.157939903252585E+002
    933  4.393776605727985E-006  1.272967505112425E+002
    792  4.344137274840718E-006  1.158579110744502E+002
    662  4.322037562556654E-006  1.094304874643061E+002
    730  4.298955985523303E-006  1.124678820560711E+002
    198  4.193245170892823E-006  3.410095577154824E+001
    666  4.179345332838750E-006  1.096961217429448E+002
    488  4.138538632943528E-006  5.904214899548738E+001
    957  4.119535187937715E-006  1.283224605383935E+002
    908  4.077659399154136E-006  1.256350992978881E+002
    936  4.065937335498747E-006  1.275963114471066E+002
    559  4.049023593379851E-006  1.054467335457494E+002
    318  4.037832337436760E-006  3.952690512520030E+001
    278  4.028151714597602E-006  3.775225448216675E+001
   1035  4.018004115921742E-006  1.315022364948826E+002
   1017  4.007527740304539E-006  1.307020085696559E+002
    688  4.003253595157262E-006  1.108652117541332E+002
   1025  3.945079144937782E-006  1.310823101564250E+002
    327  3.908283534210639E-006  3.980649710729982E+001
    614  3.883344254098756E-006  1.081499604581023E+002
    737  3.857444473454212E-006  1.125716601108342E+002
    233  3.845707732899945E-006  3.536858076063520E+001
    961  3.725670451365287E-006  1.283826108536399E+002
    987  3.697860087574226E-006  1.295218650079724E+002
    739  3.647241207240240E-006  1.126267264275300E+002
    146  3.624405611459559E-006  3.038455959742199E+001
    939  3.619510626964126E-006  1.276788938661296E+002
    711  3.605356312765637E-006  1.117833092223069E+002
    920  3.540697996205538E-006  1.265729199247587E+002
    978  3.491898687500708E-006  1.291764873003617E+002
    761  3.347399175286768E-006  1.134019555363662E+002
    828  3.317166312630232E-006  1.175132070682912E+002
    913  3.290290554068898E-006  1.260963173315474E+002
    615  3.187588792104805E-006  1.081646255451844E+002
    921  3.112748553080447E-006  1.266347372507485E+002
    724  3.060756006970256E-006  1.122474317356576E+002
    705  3.050202416492593E-006  1.114879185885843E+002
    606  2.961638676303399E-006  1.079754075340127E+002
    799  2.948343037760046E-006  1.161655148393659E+002
    375  2.869211086654440E-006  4.577921754207221E+001
   1002  2.863975501638921E-006  1.301955720736593E+002
    837  2.863136007100828E-006  1.177814246314451E+002
    250  2.820743817335206E-006  3.645071914574685E+001
    747  2.765049824716891E-006  1.128221651622354E+002
    805  2.754256979811664E-006  1.165442309434909E+002
    252  2.683942741423411E-006  3.681481496629917E+001
    462  2.672015147161177E-006  5.834568949164402E+001
    653  2.581682191316964E-006  1.090926521840726E+002
   1051  2.568924381834797E-006  1.330173846663143E+002
    629  2.567689730846611E-006  1.086436456014825E+002
    830  2.507905188435848E-006  1.175448785112390E+002
    935  2.467124870646770E-006  1.274477748704804E+002
    888  2.431409813697744E-006  1.215384892766490E+002
    427  2.395906353962705E-006  5.530625255614972E+001
    766  2.385949105433361E-006  1.138313497862233E+002
    925  2.343535701250910E-006  1.268943605090481E+002
     83  2.329587778693919E-006  2.745200449399356E+001
     26  2.329341516968959E-006  2.275577786050195E+001
    891  2.275868705633942E-006  1.222344606190913E+002
    729  2.248486563928854E-006  1.124070412533170E+002
    818  2.232270822924251E-006  1.172202887178189E+002
   1003  2.212544501482751E-006  1.302792324598297E+002
    285  2.207120125401331E-006  3.794670187788559E+001
    728  2.197670729288711E-006  1.123911467240560E+002
   1026  2.178450645175624E-006  1.310988308446859E+002
    783  2.096592672842719E-006  1.155776779712016E+002
    779  2.063620375023268E-006  1.153237642854880E+002
    467  2.044888128608164E-006  5.850070475174659E+001
    788  2.033853294410245E-006  1.157595566872355E+002
    974  2.002603354854659E-006  1.290391941684268E+002
    646  1.978747409973440E-006  1.089039652974663E+002
    388  1.941351681728812E-006  4.916519389587509E+001
    839  1.934821590044850E-006  1.178451551754228E+002
    638  1.892361570954755E-006  1.087773663504995E+002
    726  1.882269305771752E-006  1.123280306605216E+002
    654  1.871561743378559E-006  1.091774321289355E+002
    878  1.861898141680865E-006  1.208553192243232E+002
    876  1.858701359900864E-006  1.207338716680959E+002
    340  1.857062942063143E-006  4.203744443197692E+001
   1023  1.830681262281407E-006  1.309907545973144E+002
    735  1.780585417454020E-006  1.125422257639707E+002
    349  1.767208603082502E-006  4.279212686889406E+001
    753  1.753159595196517E-006  1.130399909728984E+002
    903  1.703582698162957E-006  1.249295857950171E+002
    734  1.691388293873946E-006  1.125227414297757E+002
    980  1.652080396892763E-006  1.292322903638887E+002
    697  1.636453685721348E-006  1.111168086390436E+002
    185  1.635869762705385E-006  3.329017879350934E+001
    693  1.600442584503778E-006  1.110198391814811E+002
    882  1.590550465808976E-006  1.212606419968792E+002
   1012  1.589603445143318E-006  1.305860585800326E+002
    754  1.538991947367159E-006  1.130532912402911E+002
    272  1.507380760433634E-006  3.770876893490352E+001
    810  1.484667353192469E-006  1.168542717379606E+002
    419  1.449121040340939E-006  5.447434435004674E+001
    178  1.436407041331995E-006  3.291892583427273E+001
    200  1.387313733235300E-006  3.413076352937113E+001
    776  1.365668516130740E-006  1.150535509847603E+002
    359  1.347587909374549E-006  4.440820660542785E+001
    941  1.341287169430778E-006  1.277239710636116E+002
    900  1.314720539432719E-006  1.240255399934555E+002
    750  1.308960795755552E-006  1.128980084302201E+002
    912  1.265553576109787E-006  1.259977317017505E+002
    879  1.227180480929393E-006  1.208628531744268E+002
    741  1.212015328142648E-006  1.126383251241469E+002
    906  1.190806977377564E-006  1.253859334012492E+002
    811  1.176343927022917E-006  1.169131613251637E+002
    886  1.149029090805588E-006  1.214498350996194E+002
    628  1.013317634937726E-006  1.085999071252231E+002
    136  9.679144936088867E-007  2.995197020395121E+001
    422  8.782390581873670E-007  5.478392604221921E+001
    831  8.736128663663164E-007  1.175849164822640E+002
    490  8.704323503086965E-007  5.909746584665749E+001
    118  8.613358798643817E-007  2.927665934202001E+001
    969  8.577120998582173E-007  1.288232913140608E+002
    856  8.481549265189830E-007  1.192407591408727E+002
    867  8.443593215668616E-007  1.199420338065019E+002
    159  8.409330345429466E-007  3.140014259635325E+001
    687  8.338922469097809E-007  1.108477970364615E+002
    428  8.337628505394424E-007  5.539697768550786E+001
    971  8.214017819773230E-007  1.289111652451389E+002
    720  8.182583097767566E-007  1.121496181246094E+002
    953  8.117749276940431E-007  1.282835790234384E+002
    834  7.947573996235388E-007  1.176651591794238E+002
    333  7.554538163986578E-007  4.050570323460023E+001
    841  7.459423290469236E-007  1.180046875638410E+002
    612  7.062079604018300E-007  1.080838271474082E+002
    644  7.058510414401650E-007  1.088699046594824E+002
    704  6.943738973350148E-007  1.114088220449556E+002
    798  6.627501302082332E-007  1.161233232814441E+002
    736  6.551889433765438E-007  1.125700463249535E+002
    814  6.514877997627182E-007  1.170571282096026E+002
    363  6.276542129668463E-007  4.523665715266514E+001
   1077  6.267942349748359E-007  6.189178021453241E+002
    857  6.159705475160312E-007  1.192977858717030E+002
    742  5.988517142689909E-007  1.126546326383816E+002
    822  5.963889176405793E-007  1.173379890193997E+002
    773  5.841528796434749E-007  1.146041296786391E+002
    993  5.829422542861010E-007  1.299638892136509E+002
   1037  5.748454791315663E-007  1.316166834102353E+002
     12  5.725368471682790E-007  1.791855268392995E+001
    124  5.339493261923763E-007  2.953039329658957E+001
    692  5.301113421925135E-007  1.109991362888409E+002
   1073  5.201973612161900E-007  1.355646294676644E+002
    874  5.196081292500016E-007  1.206463359037059E+002
    803  5.191236303592489E-007  1.163959410830473E+002
    669  5.036273142689898E-007  1.098991161820264E+002
    967  4.781313760598630E-007  1.287730879251822E+002
    740  4.759907630663469E-007  1.126281679605138E+002
    581  4.732753191369471E-007  1.069166383916512E+002
    864  4.237726694972406E-007  1.195154318953015E+002
    869  4.042972931494822E-007  1.201465244096069E+002
    995  3.902909028088859E-007  1.300556822463785E+002
   1062  3.794681566399035E-007  1.338537297016246E+002
    946  3.748877641371747E-007  1.279201366409634E+002
    718  3.650624270371023E-007  1.120307816427976E+002
    701  3.645774155817507E-007  1.112655741498095E+002
    409  3.602388509355344E-007  5.377950655266745E+001
    801  3.399483216462069E-007  1.162412158177078E+002
    956  3.104330396226882E-007  1.283075816024711E+002
    819  3.067525632981157E-007  1.172617623112352E+002
    904  3.039779038190673E-007  1.250437756508075E+002
    415  3.030498718636830E-007  5.409773008136273E+001
    962  2.920385873874028E-007  1.284190833846668E+002
    413  2.918224056794334E-007  5.407796767412047E+001
    914  2.914697978268643E-007  1.261343003660832E+002
    437  2.860480457685644E-007  5.567668099873953E+001
   1030  2.567161371843653E-007  1.313677884464318E+002
    499  2.542761636584791E-007  6.010190034988052E+001
    400  2.470083285992011E-007  5.304406357850599E+001
    932  2.425710690422708E-007  1.272890793904072E+002
    273  2.385751478028727E-007  3.771236202405859E+001
    966  2.313891680609031E-007  1.287120665380274E+002
    620  2.282549124897865E-007  1.083700393844588E+002
     47  2.252317596888116E-007  2.514695584094496E+001
    756  2.122454423987586E-007  1.131019348749128E+002
   1027  2.026678220804514E-007  1.311414239553258E+002
    823  1.995302981016495E-007  1.173434151863991E+002
    996  1.954681056281954E-007  1.300741546440489E+002
    752  1.857446131085084E-007  1.129825416205730E+002
    658  1.703419941816540E-007  1.092752908733605E+002
    652  1.505939579517035E-007  1.090805000764319E+002
   1007  1.447559189939302E-007  1.303971511397991E+002
    850  9.658517116092938E-008  1.188640670964077E+002
    759  8.839972144642222E-008  1.132523759465808E+002
    416  8.795856548782279E-008  5.412105627361211E+001
    840  8.570942443398714E-008  1.179674198090055E+002
    380  8.441762840234757E-008  4.621788456267294E+001
    598  8.246896521151184E-008  1.077082259858063E+002
    775  7.996823649085088E-008  1.149447083106751E+002
     98  7.773266805721186E-008  2.810036398063808E+001
    164  7.692630743649963E-008  3.156123118588701E+001
   1008  6.594613701098756E-008  1.304054287055121E+002
    406  6.495513969296462E-008  5.347162595814701E+001
    501  5.561689471175330E-008  6.025540211442135E+001
    884  3.995464748662242E-008  1.212913619330936E+002
    523  3.270423869660474E-008  6.195141091349550E+001
    861  3.238904384997863E-008  1.193618968506130E+002
   1015  2.733767757231485E-008  1.306693309857935E+002
   1059  2.518200067984931E-008  1.335352794510990E+002
    959  2.431902644193095E-008  1.283643788123119E+002
    597  1.934585249350688E-008  1.076362394255561E+002
   1049  1.438062269390616E-008  1.325964910892840E+002
    723  1.434317924237027E-008  1.122249597820348E+002
    833  1.407240757003288E-008  1.176450554682990E+002
    885  1.102859389401229E-008  1.213849358963692E+002
    965  1.009204638886093E-008  1.286084743618769E+002
    881  9.298802527938867E-009  1.212001054655417E+002
    743  8.721987796080164E-009  1.126739704882794E+002
    806  7.503900456797462E-009  1.165904998677036E+002
    617  6.227505557879636E-009  1.082069188907082E+002
   1019  4.550626285133940E-009  1.307856127904329E+002
    889  4.419421244960750E-009  1.221096476933091E+002
    439  3.564781002755224E-009  5.581771077364913E+001
    443  3.448145708530779E-009  5.615506371008289E+001
    872  3.269648359685474E-009  1.204992644439996E+002
    999  2.799879256783926E-009  1.301340763851820E+002
    613  7.830159133841234E-010  1.081325074305931E+002
    647  7.176931055128645E-013  1.089204596390746E+002
