# Number of modes
   1077
# Tabulated for different initial and final frequencies?
    F
# Mode index, Sj, (highest to lowest), omega_j
    390  1.398346570953369E-002  4.930034545373515E+001
    539  1.191444279924919E-002  1.004038214764926E+002
   1045  1.013380127970575E-002  1.322246800166877E+002
    391  8.500536822279350E-003  4.935295074539214E+001
    387  6.783519237862930E-003  4.845493173747810E+001
   1074  4.489356838303652E-003  1.357832717908243E+002
     90  4.156068904060366E-003  2.792299487571685E+001
   1047  3.731473587773822E-003  1.324683504365100E+002
    436  3.316369506128995E-003  5.562240782737462E+001
    547  3.231171446393885E-003  1.040413527560943E+002
   1053  3.116892310702278E-003  1.331993000158318E+002
    474  3.056189553407479E-003  5.866520048333617E+001
    418  2.951803934139483E-003  5.440760214654593E+001
    419  2.764412301648683E-003  5.447434435004674E+001
    298  2.525614262988285E-003  3.860785506393049E+001
   1048  2.463896035343871E-003  1.325281096806480E+002
    296  2.220317760827626E-003  3.847026909032138E+001
    580  2.188156738052250E-003  1.069063882425304E+002
      2  1.892121456132089E-003  1.507477314615795E+001
     91  1.852206336817355E-003  2.795709450840539E+001
     16  1.834608928917424E-003  2.083990463296455E+001
    998  1.795232692373901E-003  1.301241144683907E+002
    103  1.719758940035225E-003  2.854698030319213E+001
    785  1.714266918290348E-003  1.156515149006221E+002
    450  1.606446541395151E-003  5.723022636777802E+001
    454  1.549233885375462E-003  5.753531790534946E+001
    585  1.531561487820294E-003  1.071721890576240E+002
   1058  1.450155306568087E-003  1.334381531708862E+002
    291  1.438636158601822E-003  3.834865717601958E+001
   1062  1.430861817559496E-003  1.338537297016246E+002
     44  1.327827008718238E-003  2.487547588775838E+001
    453  1.326565737312282E-003  5.734859743017803E+001
    100  1.297389310748416E-003  2.814590236831992E+001
    297  1.273110974432503E-003  3.850412000814609E+001
    290  1.272827457646437E-003  3.834059039797889E+001
    582  1.240002285151693E-003  1.069886979669129E+002
      9  1.238618538869245E-003  1.615282072713023E+001
    182  1.192168990021834E-003  3.313118961536368E+001
    411  1.126303926896268E-003  5.390414096058870E+001
    783  1.121711587808412E-003  1.155776779712016E+002
   1061  1.076963993640202E-003  1.338239896777959E+002
     65  1.054474124515981E-003  2.645533186342116E+001
    164  1.025594966626599E-003  3.156123118588701E+001
   1042  9.362020404675433E-004  1.319938555239870E+002
     60  9.119669511947214E-004  2.612817271153773E+001
    777  8.724121015005614E-004  1.150636811545726E+002
   1052  8.709414068492137E-004  1.330891459743712E+002
      7  8.508480291947148E-004  1.598850297870253E+001
    185  8.399225676072696E-004  3.329017879350934E+001
    395  8.227593866554796E-004  5.279005865968511E+001
    132  8.157948754391394E-004  2.978147182311027E+001
    452  8.045080099942812E-004  5.732416656661538E+001
    966  7.917825640523068E-004  1.287120665380274E+002
     45  7.827328992512279E-004  2.505629895200580E+001
     94  7.820926476005083E-004  2.803048707399637E+001
     51  7.600907668788863E-004  2.527497960196780E+001
    727  7.592521469999269E-004  1.123838421661365E+002
    550  7.470054910426729E-004  1.044255141670578E+002
    784  7.463427345041811E-004  1.156115101864969E+002
     35  7.320331546521339E-004  2.406163852032448E+001
    816  7.208143509025454E-004  1.170854692244173E+002
    445  6.913536787089488E-004  5.650985963977887E+001
    572  6.816923084994535E-004  1.066354688575440E+002
    294  6.635603162113443E-004  3.844005427068350E+001
     57  6.612564685561569E-004  2.601044601303876E+001
    438  6.593821892121692E-004  5.568774314714533E+001
    386  6.571907107828040E-004  4.778448827008048E+001
    991  6.451707495370551E-004  1.298309517843196E+002
    570  6.420697319888920E-004  1.064458450110351E+002
      4  6.366900671928183E-004  1.555889535187236E+001
    308  6.364084492265493E-004  3.924824416979163E+001
    527  6.344274500252158E-004  6.211137902133680E+001
     42  6.308484864723938E-004  2.442065503900721E+001
    778  6.239745682136208E-004  1.153062331743218E+002
    721  6.080244805607696E-004  1.121902054803930E+002
    407  5.937889437305282E-004  5.355040632372296E+001
    568  5.849596237826699E-004  1.063884322375297E+002
    427  5.701878442076109E-004  5.530625255614972E+001
   1024  5.665000639024931E-004  1.310472886139475E+002
    716  5.558006441461100E-004  1.119313653155845E+002
    346  5.492607326142629E-004  4.251353138364797E+001
    813  5.461112446940679E-004  1.170211975618395E+002
    223  5.385377107721976E-004  3.452101188794168E+001
    117  5.379576523278607E-004  2.915145470361619E+001
   1071  5.333078315139959E-004  1.353191143310252E+002
    911  5.276574328570432E-004  1.258968376271585E+002
     71  5.267304413326961E-004  2.691074291878593E+001
    283  5.198276634006814E-004  3.781664732037148E+001
     79  5.021159367447093E-004  2.728143790603452E+001
    997  4.995888262848327E-004  1.300952728722026E+002
    128  4.793511783270916E-004  2.964876822252022E+001
     26  4.641563373719652E-004  2.275577786050195E+001
    926  4.601248804583976E-004  1.269935099435139E+002
    376  4.576679133068238E-004  4.578482274843697E+001
    537  4.553659212917819E-004  7.348438751630307E+001
    632  4.510732688354583E-004  1.086732063917954E+002
   1064  4.435557529066223E-004  1.339182935247794E+002
    415  4.347610732949936E-004  5.409773008136273E+001
    299  4.267147748192683E-004  3.861147003050849E+001
    232  4.266971234550223E-004  3.530982942235851E+001
    259  4.249635031365208E-004  3.731129763636223E+001
    280  4.245373042595503E-004  3.777070006257392E+001
    459  4.242298861829981E-004  5.797524108925945E+001
    405  4.223537664044709E-004  5.340951413863353E+001
     23  4.119800936694374E-004  2.160694502786773E+001
      8  4.087202139299543E-004  1.603898235084092E+001
    374  4.064331898069206E-004  4.576894168844035E+001
    472  4.033512212064620E-004  5.860732378330380E+001
    905  3.996763048480847E-004  1.252963463377060E+002
    222  3.956115297622512E-004  3.444665555523785E+001
    512  3.882196206562485E-004  6.110465593383906E+001
    909  3.868179772727843E-004  1.256671150468244E+002
    306  3.832546217155435E-004  3.922583615449084E+001
    440  3.812442107618472E-004  5.589934491235444E+001
     27  3.663236178344455E-004  2.288948685305089E+001
    930  3.624159009490520E-004  1.272550109882912E+002
    217  3.575253530966763E-004  3.432077633458158E+001
    898  3.556217034193417E-004  1.236287338505038E+002
    575  3.533804290167683E-004  1.067636975144964E+002
    293  3.513817724718464E-004  3.840315559517953E+001
    566  3.467269967483283E-004  1.060197199307676E+002
    393  3.464530185681859E-004  5.117422678475859E+001
   1050  3.417841302772953E-004  1.326682006609648E+002
    430  3.391426601934504E-004  5.544226538226409E+001
    712  3.366668745237094E-004  1.118479116964762E+002
   1044  3.357120922537782E-004  1.320835593454495E+002
   1020  3.309339512150736E-004  1.308300137670077E+002
    195  3.293766123980176E-004  3.399004655216064E+001
    791  3.280437250877042E-004  1.158399885308925E+002
    329  3.168493610898883E-004  3.994917835777716E+001
    425  3.110381426282975E-004  5.512885982268182E+001
    462  3.108561032338039E-004  5.834568949164402E+001
     24  3.082897613514423E-004  2.165827626673025E+001
   1057  3.055489874497699E-004  1.332882698940204E+002
    765  3.008496562139988E-004  1.138034732037320E+002
    795  2.993371704819884E-004  1.159446042090269E+002
   1013  2.975871246468352E-004  1.306191025791559E+002
    492  2.975436974815806E-004  5.919740097208313E+001
    895  2.936819673000607E-004  1.231922658586809E+002
    902  2.923680424798603E-004  1.246861225619736E+002
    917  2.909181246515927E-004  1.262583151256411E+002
   1022  2.834522055775277E-004  1.309570316227355E+002
    186  2.780413171094566E-004  3.335079910483972E+001
    563  2.778776411281944E-004  1.058622417292547E+002
     38  2.749697183887478E-004  2.415274881711009E+001
    842  2.725255007742042E-004  1.180365480395604E+002
    105  2.722125276449432E-004  2.872870804936272E+001
   1055  2.710989906848563E-004  1.332315483337306E+002
    251  2.647066983981991E-004  3.670193646720268E+001
    733  2.611777925166041E-004  1.125211996768446E+002
    789  2.593012099376579E-004  1.157939903252585E+002
    326  2.585729284858202E-004  3.980074663620405E+001
    301  2.569233995281229E-004  3.874125966254066E+001
    209  2.548045324690447E-004  3.420776675567321E+001
    903  2.526144130952839E-004  1.249295857950171E+002
    649  2.499486305819775E-004  1.089557122086210E+002
    548  2.480441188978169E-004  1.041098140943872E+002
     92  2.473857149101488E-004  2.796966533379813E+001
    546  2.447945734458908E-004  1.038908634804570E+002
    193  2.403075560777029E-004  3.387383688791338E+001
    111  2.348044037904822E-004  2.891758955889047E+001
    130  2.347465687951263E-004  2.969026097336859E+001
    188  2.338033725507720E-004  3.343297855491465E+001
    288  2.320752915983896E-004  3.825168870868715E+001
    503  2.303233375979394E-004  6.062899617907863E+001
    113  2.293970498168354E-004  2.894608485543543E+001
     63  2.290258114892116E-004  2.633691355837915E+001
    710  2.284639637152925E-004  1.117114283703663E+002
    691  2.272556755134374E-004  1.109942746792360E+002
    964  2.229467201445082E-004  1.284811881676410E+002
   1038  2.191312249677160E-004  1.317153469634680E+002
    160  2.165409133625287E-004  3.140287364756382E+001
   1016  2.164317088014814E-004  1.306784011483153E+002
    120  2.138202555941352E-004  2.935022978395871E+001
   1066  2.080267805321875E-004  1.341339055776214E+002
     64  2.067217210376445E-004  2.637954322898939E+001
    399  2.064702977216900E-004  5.300117686152819E+001
    663  2.019609549716827E-004  1.095408569103236E+002
    434  1.963324130744478E-004  5.556859477681133E+001
    258  1.957280171073007E-004  3.725675246841864E+001
    954  1.955209972215090E-004  1.282848493157465E+002
    295  1.950853858043818E-004  3.844649820311862E+001
    613  1.924565727582256E-004  1.081325074305931E+002
    918  1.905513596151159E-004  1.263810693695273E+002
     41  1.889471058892618E-004  2.434332602389209E+001
    810  1.867216771011776E-004  1.168542717379606E+002
     69  1.861550947730038E-004  2.667931486079132E+001
     40  1.851729060954566E-004  2.429142631572386E+001
    519  1.851140773077593E-004  6.116666091909611E+001
     81  1.841950413562724E-004  2.737831616504717E+001
   1067  1.828561685053502E-004  1.341872351276505E+002
     22  1.827603244542337E-004  2.149928230079738E+001
     93  1.826807009585981E-004  2.801831476528660E+001
    523  1.791391265522752E-004  6.195141091349550E+001
    278  1.771853460455249E-004  3.775225448216675E+001
    482  1.767488062400980E-004  5.890508639424976E+001
     48  1.740910347848608E-004  2.521050943974308E+001
    544  1.736517378205587E-004  1.037287728441322E+002
    137  1.718597332889634E-004  2.996307755422044E+001
    615  1.715202920906752E-004  1.081646255451844E+002
    807  1.676593923731376E-004  1.166040027024774E+002
    960  1.655037502614316E-004  1.283710541965592E+002
     86  1.641221371764809E-004  2.760340701365068E+001
    423  1.614843628431705E-004  5.491452382822700E+001
     80  1.606708238057633E-004  2.737665388114407E+001
     58  1.597674452849469E-004  2.603619761911758E+001
     95  1.576568335644048E-004  2.806113631432304E+001
    102  1.557966091395196E-004  2.838723287464182E+001
    385  1.553727752033738E-004  4.744969147605799E+001
    206  1.543643153869492E-004  3.418711639611698E+001
    749  1.542787222105311E-004  1.128862829609149E+002
    559  1.541401888350789E-004  1.054467335457494E+002
    812  1.519004161612533E-004  1.169499526914024E+002
    384  1.514662458525777E-004  4.693482184770667E+001
    551  1.506160234964871E-004  1.044758850995860E+002
    285  1.489666625662857E-004  3.794670187788559E+001
    892  1.488851077122284E-004  1.223146913863671E+002
    325  1.482651723848635E-004  3.979678053884171E+001
    623  1.473471700243597E-004  1.084311616311891E+002
     18  1.462673764513143E-004  2.124694793769305E+001
   1026  1.442427392621269E-004  1.310988308446859E+002
    468  1.429687405570472E-004  5.850419738659161E+001
    310  1.428485287496992E-004  3.933560718805473E+001
    824  1.416216123284467E-004  1.173851057796732E+002
    518  1.413612917300226E-004  6.116565427175681E+001
    151  1.412607123507128E-004  3.097448214004631E+001
    300  1.404834396428839E-004  3.871033423098082E+001
    524  1.380666285626064E-004  6.196836567938324E+001
    479  1.379514601727426E-004  5.886156225440574E+001
    669  1.356939155257007E-004  1.098991161820264E+002
    108  1.351438454585426E-004  2.884206820739177E+001
    549  1.345539308212707E-004  1.043755820157491E+002
    554  1.339078468860501E-004  1.048978551747549E+002
    114  1.315561313872560E-004  2.903390568794284E+001
   1014  1.290995521401957E-004  1.306579532637773E+002
    780  1.280172114228413E-004  1.153482258688003E+002
    938  1.268115278955864E-004  1.276246332177813E+002
     55  1.266704873423965E-004  2.564739582447731E+001
    741  1.261870961970203E-004  1.126383251241469E+002
   1001  1.247446713227053E-004  1.301907504163165E+002
    975  1.246256461167398E-004  1.290479361570385E+002
    210  1.245177932140059E-004  3.421873300884823E+001
    422  1.239806832798247E-004  5.478392604221921E+001
    431  1.235787537101119E-004  5.545822575490884E+001
    211  1.231547832357031E-004  3.422885497659050E+001
    446  1.202569278827494E-004  5.657515742254393E+001
    817  1.192014487255396E-004  1.171745914510001E+002
    489  1.185261916249069E-004  5.906665573291085E+001
    928  1.183079257994276E-004  1.271758190169006E+002
    332  1.169805560056772E-004  4.036182328117159E+001
    413  1.124975384344849E-004  5.407796767412047E+001
    724  1.117104033308579E-004  1.122474317356576E+002
    161  1.106029587151103E-004  3.141544799468193E+001
    507  1.104000016246319E-004  6.098134465730102E+001
    678  1.102585898478291E-004  1.105298402911861E+002
    802  1.100132135640231E-004  1.163074247182627E+002
    797  1.091998866983490E-004  1.161224071144865E+002
    403  1.082105750600931E-004  5.332276567118551E+001
    858  1.081971090123103E-004  1.193043137223610E+002
    230  1.080783602213470E-004  3.507000892128892E+001
    698  1.071931725790285E-004  1.111543499618823E+002
    392  1.071809532228949E-004  4.975569880244111E+001
    860  1.043196318671686E-004  1.193608179742887E+002
    487  1.034339653060669E-004  5.901096182276392E+001
     77  1.017009698821383E-004  2.720977418778346E+001
    981  1.011718043168573E-004  1.292686845988868E+002
    478  1.008983610068803E-004  5.880478287498814E+001
    871  9.948432229305333E-005  1.204638135739833E+002
    886  9.927764071346384E-005  1.214498350996194E+002
    578  9.788215530722450E-005  1.068696587706935E+002
   1018  9.766256148760018E-005  1.307425624046459E+002
    694  9.618905739623709E-005  1.110208923005156E+002
    136  9.580172928875562E-005  2.995197020395121E+001
    404  9.525029023668845E-005  5.332919471058649E+001
    475  9.503573878765603E-005  5.870955367754343E+001
    256  9.483389620802652E-005  3.708485200545782E+001
    592  9.306622643380569E-005  1.074010896433819E+002
    402  9.258781827928016E-005  5.323403324336612E+001
    675  9.235000842816566E-005  1.101932688761904E+002
    254  8.855387666477446E-005  3.696870162494890E+001
   1005  8.819825665562653E-005  1.302961950162389E+002
    525  8.597586527632864E-005  6.201689187624501E+001
    367  8.587084914435814E-005  4.546665367422378E+001
    458  8.553624016587651E-005  5.780961640938520E+001
    774  8.497331065613846E-005  1.147299018357027E+002
    762  8.336303091540447E-005  1.134504722361933E+002
    125  8.259961496022657E-005  2.955205187993630E+001
      5  8.216278419075636E-005  1.580375607842547E+001
    738  8.145163392057394E-005  1.126248828969786E+002
     31  8.085655980557420E-005  2.349957735236975E+001
    516  8.069791554858113E-005  6.114879167768425E+001
    588  7.978755959229342E-005  1.072780161282308E+002
     54  7.865181129216697E-005  2.537118147105558E+001
    552  7.834585202057003E-005  1.045004516183760E+002
    890  7.817202440217319E-005  1.222269695705770E+002
    340  7.781331517390775E-005  4.203744443197692E+001
    417  7.713652415184922E-005  5.432386496665636E+001
    473  7.683100105668067E-005  5.864875851961727E+001
    599  7.484126925428227E-005  1.077354408464688E+002
    198  7.440134596824862E-005  3.410095577154824E+001
    400  7.406116487590906E-005  5.304406357850599E+001
    820  7.405206227796188E-005  1.173160626674297E+002
    799  7.300543197688990E-005  1.161655148393659E+002
    821  7.208798504037943E-005  1.173213489801490E+002
    177  7.159447330702222E-005  3.286305119332699E+001
    661  6.965237118146220E-005  1.094040232551639E+002
     89  6.814906220617744E-005  2.787565477396676E+001
    650  6.727928150014125E-005  1.090061273622073E+002
    877  6.679820512957571E-005  1.207635072396237E+002
    485  6.658354655225416E-005  5.896971858223063E+001
    719  6.551594125872295E-005  1.120361196403708E+002
    163  6.539987389947414E-005  3.148605603035891E+001
    421  6.466955842736236E-005  5.469982084171487E+001
    808  6.408364550854405E-005  1.166438640424820E+002
    543  6.325585703675873E-005  1.026098663261161E+002
    597  6.266518826262979E-005  1.076362394255561E+002
     49  6.249784915495004E-005  2.521926711432687E+001
    142  6.226716564871975E-005  3.011700635419402E+001
    378  6.038317425681163E-005  4.609481655347708E+001
    426  6.010471242090520E-005  5.521112029631625E+001
    272  5.999625080380845E-005  3.770876893490352E+001
   1036  5.990486344827246E-005  1.315563975924429E+002
    274  5.933925580007665E-005  3.771469066363962E+001
    883  5.906007809132830E-005  1.212822283474710E+002
    365  5.900692285219591E-005  4.540196146988517E+001
    973  5.803873232473314E-005  1.290303348922233E+002
    540  5.797935436245768E-005  1.019596674086986E+002
   1039  5.781207293045038E-005  1.317789778316224E+002
    617  5.741613794814518E-005  1.082069188907082E+002
    190  5.621587421798736E-005  3.352213579831744E+001
    873  5.621460458720657E-005  1.205400953636918E+002
    924  5.551960420691477E-005  1.267645350898773E+002
   1032  5.529115929789043E-005  1.314270448258869E+002
    199  5.510249784403993E-005  3.411214171315592E+001
    989  5.505972171906105E-005  1.296856498562064E+002
    843  5.505321613776214E-005  1.181049125326048E+002
    312  5.493718542781233E-005  3.940338989709551E+001
     76  5.486215122613113E-005  2.719040433196805E+001
    255  5.441650307959395E-005  3.705801266502003E+001
    157  5.408546137710081E-005  3.136040875348826E+001
    532  5.370917513650431E-005  6.299204701993657E+001
    793  5.330148527170206E-005  1.158943894419280E+002
    630  5.310945405030323E-005  1.086464564510315E+002
    349  5.237507986304116E-005  4.279212686889406E+001
    977  5.236927636174376E-005  1.291448023039548E+002
    934  5.193679206712448E-005  1.274026915475210E+002
    655  5.183292648984069E-005  1.092114390318620E+002
    327  5.058747997930392E-005  3.980649710729982E+001
   1033  5.050769413168737E-005  1.314921549657209E+002
    229  5.046421761642234E-005  3.477639317683153E+001
    330  5.026519561350277E-005  4.000719691328421E+001
    231  5.010695411258401E-005  3.529195130720404E+001
    844  4.948293653014906E-005  1.182236522024691E+002
    216  4.934869030073457E-005  3.431915233475488E+001
     29  4.863578645490914E-005  2.304600720746813E+001
    372  4.835195091024839E-005  4.569660817760900E+001
    226  4.799862358111444E-005  3.460914941435140E+001
    409  4.793473587411116E-005  5.377950655266745E+001
    639  4.777548406534629E-005  1.087924757147032E+002
     11  4.752545499583849E-005  1.771447447329438E+001
    483  4.687897139592821E-005  5.892865432514233E+001
    119  4.561962228958656E-005  2.929038281335912E+001
     96  4.561106860615770E-005  2.807603105873968E+001
     78  4.552093479320470E-005  2.724001953302053E+001
    240  4.536951413591723E-005  3.568815433410965E+001
    348  4.516241583177633E-005  4.278252907839931E+001
    201  4.390367362319907E-005  3.413905621996786E+001
    517  4.346438637051588E-005  6.116283191518230E+001
    534  4.243471704305926E-005  6.352992396574133E+001
    760  4.216610771433787E-005  1.133648679091437E+002
    504  4.126372713171935E-005  6.073767201700102E+001
     66  4.119688174169496E-005  2.653041695388611E+001
    700  4.104758676208347E-005  1.112187707043413E+002
    541  4.083958941671083E-005  1.020561485810812E+002
    360  4.078275352967002E-005  4.501412031898634E+001
    587  4.029814688296151E-005  1.072564562863978E+002
    725  3.971809154454854E-005  1.122622575126908E+002
    247  3.965618857632696E-005  3.613855018049320E+001
    609  3.963899289768303E-005  1.080529774194348E+002
    868  3.904394564509973E-005  1.199994649602093E+002
    437  3.852645969863655E-005  5.567668099873953E+001
   1031  3.851192853046669E-005  1.313824495210718E+002
    389  3.824969643720231E-005  4.924612888004685E+001
    303  3.817347619020292E-005  3.891633174738261E+001
    497  3.759039824095705E-005  5.984833423050026E+001
    600  3.756158283660870E-005  1.078192567961393E+002
    264  3.735048978187254E-005  3.760740200223662E+001
    159  3.698634045575646E-005  3.140014259635325E+001
    319  3.655527707814074E-005  3.955367029075058E+001
    829  3.588786117467109E-005  1.175434491795728E+002
    626  3.588442646634853E-005  1.085197354965440E+002
    958  3.559280799446739E-005  1.283326337970340E+002
    184  3.550066112505369E-005  3.328145954751520E+001
   1046  3.539758667610971E-005  1.322741703884410E+002
    197  3.519796303921266E-005  3.407091137263039E+001
    396  3.504031662649000E-005  5.292259014309509E+001
    495  3.494677788299217E-005  5.971063876484735E+001
     73  3.482131727834787E-005  2.704395448663374E+001
    919  3.480186186545437E-005  1.264669767465423E+002
     37  3.468637835431355E-005  2.413005277682491E+001
    351  3.455693596764754E-005  4.290814690346715E+001
    907  3.443586110132184E-005  1.254774984052440E+002
    825  3.428721872039736E-005  1.174155068731360E+002
    347  3.416603399189431E-005  4.251894246220620E+001
     21  3.364740672812447E-005  2.149552581175353E+001
   1075  3.351565977726818E-005  1.852007864492208E+002
   1009  3.339796544998614E-005  1.304609142394732E+002
    631  3.339021291787056E-005  1.086593678715634E+002
    835  3.235201680295674E-005  1.176766134664512E+002
    937  3.175434276814384E-005  1.275975168353670E+002
    621  3.090280832932446E-005  1.083828600305560E+002
     10  3.043265328937981E-005  1.630017574824609E+001
    270  2.985755819253313E-005  3.767493462479421E+001
     70  2.981116714347189E-005  2.683332853591699E+001
    358  2.977886729670008E-005  4.418411045040358E+001
    545  2.944725078851433E-005  1.038885725205099E+002
    129  2.902085702073078E-005  2.967722940199728E+001
    945  2.888829150542598E-005  1.278945431870569E+002
    448  2.868591441946199E-005  5.707216855561523E+001
    143  2.841616162939535E-005  3.021552765862468E+001
    204  2.818499934943496E-005  3.416741852472765E+001
    467  2.811323500156944E-005  5.850070475174659E+001
    992  2.781180861180390E-005  1.299169051159237E+002
    831  2.749322567198306E-005  1.175849164822640E+002
   1034  2.734737409853656E-005  1.314975717016592E+002
    166  2.722663624158061E-005  3.197534022905977E+001
    536  2.719533515554219E-005  7.244369170766353E+001
    109  2.664089787070873E-005  2.888359254004277E+001
    689  2.648598867721042E-005  1.108992280227757E+002
    266  2.613327719803058E-005  3.763404507858488E+001
     52  2.602618243087819E-005  2.532370304309600E+001
   1070  2.586224882886340E-005  1.350535885837313E+002
    375  2.577782948466507E-005  4.577921754207221E+001
   1060  2.575616490516112E-005  1.336329109810919E+002
    414  2.572526326835814E-005  5.408443269732371E+001
    381  2.565892716996744E-005  4.623753374880091E+001
    335  2.554586901717756E-005  4.064698242871874E+001
    212  2.518834753340569E-005  3.425448747044050E+001
    751  2.514905474948433E-005  1.129352725370382E+002
     33  2.490171556211524E-005  2.387502434282544E+001
    377  2.485424244425936E-005  4.580996274485975E+001
    880  2.481937327654560E-005  1.209811659012211E+002
    221  2.465310624886468E-005  3.444064242877499E+001
    276  2.461839231870792E-005  3.774173651101562E+001
    950  2.449996571402268E-005  1.281356928004739E+002
    115  2.435514262327166E-005  2.908676806680809E+001
    897  2.429657628452729E-005  1.233154024205701E+002
    984  2.411017992722965E-005  1.293776492189174E+002
    249  2.391944033454775E-005  3.643158917315001E+001
    836  2.368817531294583E-005  1.177792466123822E+002
    768  2.363483546746521E-005  1.140511281344195E+002
    988  2.357195480771172E-005  1.295230022337254E+002
    236  2.354389598014573E-005  3.558504171265294E+001
    853  2.349614333906519E-005  1.189950762444425E+002
    435  2.347068457592804E-005  5.559833163642786E+001
    745  2.335484729943352E-005  1.127541380335163E+002
    281  2.329634022536872E-005  3.778222215271058E+001
    913  2.328514129056338E-005  1.260963173315474E+002
     68  2.311713235280524E-005  2.665958995788216E+001
    955  2.250821005130060E-005  1.283043098504922E+002
    275  2.236536551425004E-005  3.771871208633355E+001
   1011  2.198437287687602E-005  1.305590563134582E+002
    383  2.163903620202268E-005  4.665506804468283E+001
    359  2.145524390305593E-005  4.440820660542785E+001
    398  2.135461632442843E-005  5.298968704937109E+001
    748  2.115652662142132E-005  1.128453459062848E+002
    683  2.112158072191572E-005  1.107854094171573E+002
     87  2.102147636319148E-005  2.773505635732142E+001
    771  2.098871513654465E-005  1.142541813627527E+002
    879  2.097325240540945E-005  1.208628531744268E+002
    916  2.051815236398617E-005  1.261858055404796E+002
    553  2.031989938907890E-005  1.045844149005738E+002
    155  1.979709184863449E-005  3.129077640287002E+001
    341  1.976017585872513E-005  4.207899368185591E+001
    196  1.970781205966160E-005  3.402217963204272E+001
    214  1.960321293693785E-005  3.429158842681225E+001
    244  1.919406328064329E-005  3.582009297825139E+001
    153  1.906775524007791E-005  3.119128674334460E+001
    144  1.905751948073388E-005  3.023024488043693E+001
     20  1.847310988622628E-005  2.146722812704134E+001
    827  1.815002091293274E-005  1.174913134466901E+002
     39  1.795808805407073E-005  2.419216907562118E+001
    557  1.795304606223535E-005  1.053298087456868E+002
    865  1.787080646439862E-005  1.195233182598442E+002
    921  1.760223555132652E-005  1.266347372507485E+002
    292  1.756506376887273E-005  3.837765227419467E+001
    706  1.705760752496143E-005  1.115644797142602E+002
    513  1.702672139197062E-005  6.111701004965728E+001
    442  1.673373893474672E-005  5.605259237502305E+001
    134  1.661089195205715E-005  2.989081555609098E+001
    832  1.656429070080486E-005  1.176150872586579E+002
    498  1.642475132210443E-005  6.006055704270973E+001
     72  1.635153710710517E-005  2.695844835194747E+001
    686  1.632033410673697E-005  1.108321598991433E+002
     85  1.624812873758721E-005  2.757726243328665E+001
    884  1.603492156430461E-005  1.212913619330936E+002
     36  1.597881213804184E-005  2.408548968715760E+001
    952  1.595949116545294E-005  1.282170243378332E+002
    156  1.591338010654272E-005  3.133959801814033E+001
    262  1.473000804004844E-005  3.754826259370084E+001
    416  1.465562917835248E-005  5.412105627361211E+001
    282  1.451286841803808E-005  3.781601762519486E+001
    866  1.426636083135713E-005  1.198737679274225E+002
    962  1.423377113436155E-005  1.284190833846668E+002
    116  1.387397892078926E-005  2.910094471225916E+001
    470  1.381777241058253E-005  5.858950887133865E+001
    486  1.380823628541202E-005  5.898078655703418E+001
    202  1.368711937814993E-005  3.414693728338715E+001
    269  1.364269746676136E-005  3.766609016559832E+001
    401  1.352103964007742E-005  5.310952948046032E+001
     32  1.316638139174831E-005  2.386019687247388E+001
     74  1.310479889692459E-005  2.706787664592100E+001
    863  1.305180795790350E-005  1.194780899982511E+002
    742  1.299689672080526E-005  1.126546326383816E+002
    207  1.299554082714014E-005  3.419271829752626E+001
    870  1.295392224099883E-005  1.203621491035894E+002
    331  1.288928368815729E-005  4.033978069592825E+001
    194  1.275894390617792E-005  3.388123191050668E+001
     82  1.259866367451457E-005  2.744742479332049E+001
    671  1.229099690914998E-005  1.100461630260976E+002
    673  1.210650721910639E-005  1.101090602242966E+002
      6  1.196695311647411E-005  1.593905863128156E+001
    576  1.185854033619118E-005  1.068188420241767E+002
    287  1.177502027191835E-005  3.806334999222836E+001
    500  1.166327355866450E-005  6.016266526055261E+001
    357  1.157136925485712E-005  4.413715889769129E+001
    593  1.152933150150955E-005  1.074633420950339E+002
     61  1.149440241399042E-005  2.623624111749398E+001
    150  1.145054188679424E-005  3.095380367517388E+001
    121  1.129082563528893E-005  2.937009161569695E+001
    855  1.121327655329920E-005  1.192335282432478E+002
    320  1.110700525405158E-005  3.958466091098631E+001
    309  1.102483666340744E-005  3.929268620446922E+001
    654  1.098927300596455E-005  1.091774321289355E+002
    321  1.075879270827671E-005  3.959878738143280E+001
    118  1.074761673798293E-005  2.927665934202001E+001
    646  1.060430675849199E-005  1.089039652974663E+002
    803  1.055613817491829E-005  1.163959410830473E+002
    477  1.051794302304850E-005  5.875439662154096E+001
    755  1.051779847798781E-005  1.130537195644052E+002
    972  1.028985987683159E-005  1.289491342298440E+002
    345  1.013096728141139E-005  4.248475366295001E+001
    564  1.001408485402345E-005  1.059223740174141E+002
    267  9.987588734391012E-006  3.763942844703926E+001
    510  9.986451248903487E-006  6.106496915014706E+001
    397  9.984370079761242E-006  5.292984574180642E+001
     62  9.843840591800594E-006  2.630569023157911E+001
    838  9.829663766975119E-006  1.178077045912047E+002
    239  9.797594659531030E-006  3.564788119351169E+001
     84  9.752985435817578E-006  2.748397341497807E+001
     34  9.708672605219058E-006  2.394870774261297E+001
    602  9.688521920439119E-006  1.078335831208874E+002
    168  9.452808765332011E-006  3.223239881301075E+001
    355  9.447185245933925E-006  4.365668409738398E+001
    200  9.409620096669773E-006  3.413076352937113E+001
     28  9.313984147291944E-006  2.303576073275412E+001
    429  9.313842056609433E-006  5.542704693693687E+001
    158  9.275862852055312E-006  3.138637587596471E+001
    233  9.117931226530933E-006  3.536858076063520E+001
    681  9.096510105575119E-006  1.107150530846271E+002
    307  9.048129076253457E-006  3.924418415703018E+001
   1006  8.885984072393894E-006  1.303473844140781E+002
    854  8.869447482863605E-006  1.190938927222375E+002
    491  8.859959456477225E-006  5.916484178919298E+001
    676  8.851564609243675E-006  1.102968009656115E+002
    702  8.711089186557021E-006  1.112791472783473E+002
    635  8.706272581587126E-006  1.087402789130293E+002
    717  8.661306269338574E-006  1.119901298340990E+002
    135  8.571297138792177E-006  2.990996926970350E+001
    666  8.509755333848175E-006  1.096961217429448E+002
    174  8.499957320302216E-006  3.277024257542895E+001
   1069  8.447198009749309E-006  1.347402109836953E+002
    493  8.345725525895713E-006  5.956939432616837E+001
    215  8.245271754510122E-006  3.430912489816387E+001
    968  8.240199670186408E-006  1.287893908307005E+002
   1021  8.052649295767023E-006  1.308784400027895E+002
    338  8.046334167799234E-006  4.143596746217444E+001
    531  7.944446771693689E-006  6.280622541285696E+001
    343  7.864574100521491E-006  4.223776350771931E+001
    535  7.841064025628823E-006  7.234684016852472E+001
    165  7.816111497047410E-006  3.194792507678593E+001
    246  7.741340895864830E-006  3.612200287477440E+001
    305  7.681640682592911E-006  3.919092577852600E+001
   1002  7.654527294636470E-006  1.301955720736593E+002
    261  7.641816821647975E-006  3.751537038816641E+001
    289  7.603173342510860E-006  3.832422991649202E+001
    353  7.477249025366717E-006  4.354452657935016E+001
     75  7.249832168917284E-006  2.717284531466260E+001
    324  7.235335769506530E-006  3.965813849875591E+001
    604  7.199145504953559E-006  1.078901483894559E+002
    515  7.138560883164696E-006  6.113166482037749E+001
    352  7.033739670577957E-006  4.345183818831803E+001
    948  6.960892931828648E-006  1.280530341997139E+002
     59  6.870320770345428E-006  2.608228483109795E+001
    607  6.870211296144950E-006  1.079782277499060E+002
    356  6.471127123019072E-006  4.399929676237998E+001
    967  6.438692049790345E-006  1.287730879251822E+002
    369  6.433356949659800E-006  4.556664797594529E+001
    560  6.430485709554750E-006  1.057397922085461E+002
    213  6.386608106133966E-006  3.426923698719692E+001
     99  6.353643586337977E-006  2.813215700322161E+001
    322  6.263500522866998E-006  3.962934885257222E+001
    947  6.192068696943493E-006  1.280025795512814E+002
    521  6.130964689845738E-006  6.120499406654021E+001
    910  6.130700082892529E-006  1.258349422363612E+002
    268  6.089914701911079E-006  3.765614789507087E+001
    769  6.064500738669562E-006  1.141494817506874E+002
    757  5.927892930381147E-006  1.131455979007981E+002
    555  5.918281391552948E-006  1.049505825405343E+002
    314  5.866392256268779E-006  3.944402428691944E+001
     46  5.726144554227333E-006  2.508968851186969E+001
    253  5.615169348511950E-006  3.690338042035397E+001
    317  5.608936912148907E-006  3.952108816795088E+001
      1  5.590709604551656E-006  1.480943860687432E+001
    932  5.547732865518274E-006  1.272890793904072E+002
    192  5.378814172522337E-006  3.373139183933635E+001
    183  5.264893150293454E-006  3.317747871488443E+001
    336  5.179603730499363E-006  4.106442919982931E+001
   1041  5.141927968716585E-006  1.318604688563310E+002
    273  5.128848724434053E-006  3.771236202405859E+001
    887  5.120307259620899E-006  1.215278324822884E+002
    187  5.056409508259029E-006  3.338593491458187E+001
    180  4.978535511773572E-006  3.306959511625761E+001
    420  4.931412330336882E-006  5.464265012038360E+001
     14  4.863255941575305E-006  2.047451167645159E+001
    851  4.775519317993455E-006  1.189105890777936E+002
    148  4.712601558188108E-006  3.055713011308698E+001
    382  4.652470759845176E-006  4.661435463500721E+001
    796  4.620147545916726E-006  1.160406419035091E+002
    154  4.548092521309106E-006  3.128025029310897E+001
    979  4.412078072397604E-006  1.292073280791942E+002
    428  4.397679535901756E-006  5.539697768550786E+001
    145  4.341530728992912E-006  3.035386176419680E+001
    169  4.279693220068343E-006  3.225245008090104E+001
    455  4.171706665509432E-006  5.757818593173593E+001
    439  4.114996410050935E-006  5.581771077364913E+001
    571  4.010804332278691E-006  1.065760725477823E+002
    970  3.982647265117473E-006  1.288440499253601E+002
    456  3.956591599031915E-006  5.758475825352298E+001
     30  3.854373267098991E-006  2.339033246897357E+001
   1054  3.812187391185683E-006  1.332101619260334E+002
    986  3.808420509905184E-006  1.294778988001748E+002
    191  3.768601901350358E-006  3.372798248811258E+001
    205  3.552336119628342E-006  3.418138862993963E+001
   1049  3.545929935888670E-006  1.325964910892840E+002
    176  3.520967421261839E-006  3.283702642513862E+001
    526  3.445105317317769E-006  6.205614154690332E+001
    141  3.397145938926861E-006  3.005205957969120E+001
    659  3.362074441831602E-006  1.093169473413985E+002
    573  3.325393450062808E-006  1.066520968004064E+002
    237  3.322334616648927E-006  3.561350513334219E+001
    756  3.318724563987686E-006  1.131019348749128E+002
   1043  3.175412688403161E-006  1.320181582363304E+002
    311  3.155137191440449E-006  3.939193935233331E+001
    953  3.146267877568181E-006  1.282835790234384E+002
    594  3.136447088228708E-006  1.075267994995216E+002
   1072  3.091663703173788E-006  1.354275255218108E+002
     56  3.059408640786073E-006  2.577494999028338E+001
    127  3.032345892749458E-006  2.958197907168710E+001
    561  2.994749154091716E-006  1.057823475786052E+002
    432  2.970542231906388E-006  5.551253331854516E+001
    708  2.969395501527027E-006  1.116659378913442E+002
    131  2.921617951955765E-006  2.976719894627799E+001
     12  2.892872667144992E-006  1.791855268392995E+001
    313  2.890031601663961E-006  3.941220320488696E+001
    908  2.840036283261935E-006  1.256350992978881E+002
    354  2.839154721190321E-006  4.358717802496741E+001
    162  2.792101431200149E-006  3.142013005221356E+001
     19  2.757657972135975E-006  2.137958735177528E+001
    104  2.655548467309748E-006  2.863475114667724E+001
    380  2.646849093475153E-006  4.621788456267294E+001
    533  2.617733671382507E-006  6.344214913117692E+001
    242  2.616382467717625E-006  3.575330164903793E+001
    822  2.599477245706200E-006  1.173379890193997E+002
    279  2.590049224522017E-006  3.776291602598710E+001
    241  2.546880066197686E-006  3.573178726353736E+001
    167  2.466211951354910E-006  3.206734480721192E+001
   1000  2.404240977549785E-006  1.301375093272533E+002
    605  2.386886832046545E-006  1.079476682950407E+002
    316  2.382107157162879E-006  3.947722492082590E+001
    218  2.381371503509002E-006  3.434087154455664E+001
    260  2.353234783098042E-006  3.745846822965304E+001
    944  2.317865775906317E-006  1.278264506290159E+002
   1027  2.309871552482827E-006  1.311414239553258E+002
    942  2.291972385204903E-006  1.277896527703618E+002
    179  2.214564011401138E-006  3.301071504933698E+001
    361  2.181125631842627E-006  4.509188248244521E+001
    480  2.161456748015487E-006  5.887142017505539E+001
    334  2.140574765241606E-006  4.055961280242965E+001
     97  2.120204539172248E-006  2.809615145046481E+001
    364  2.118908106119430E-006  4.528995878587361E+001
    624  2.050026799922881E-006  1.084534043855216E+002
    208  2.016749171459883E-006  3.420400517096608E+001
    323  2.003536101169329E-006  3.963162035223775E+001
    133  1.993976372698728E-006  2.980777525245198E+001
    558  1.987442838946044E-006  1.054235904423783E+002
    394  1.982354571935839E-006  5.275338077531283E+001
    502  1.936645357875637E-006  6.033057478557798E+001
    465  1.930403442973775E-006  5.845233409136720E+001
    106  1.898328940472159E-006  2.873147041157064E+001
    565  1.896013283931869E-006  1.059848591127986E+002
    481  1.888421873722828E-006  5.889564718758225E+001
    583  1.876518080875746E-006  1.070323413352247E+002
    542  1.863426197314256E-006  1.021380905135569E+002
    596  1.820036356027306E-006  1.076305596761092E+002
    915  1.814470928108622E-006  1.261627872997085E+002
    999  1.782822743850719E-006  1.301340763851820E+002
    337  1.747629356355099E-006  4.125439580477820E+001
    464  1.719828888545120E-006  5.841767339850505E+001
    339  1.713241747284950E-006  4.199721405536648E+001
    234  1.699022024447559E-006  3.541632958107625E+001
    170  1.698357851394905E-006  3.240864442722207E+001
    667  1.686918340197012E-006  1.098231148083649E+002
   1003  1.654984230795491E-006  1.302792324598297E+002
    674  1.635241674161237E-006  1.101627157855635E+002
    589  1.590629540866988E-006  1.073243551551986E+002
    622  1.588830345136678E-006  1.084041586407917E+002
    687  1.588672068865970E-006  1.108477970364615E+002
    794  1.569062351600713E-006  1.159299755047292E+002
    514  1.563965386287113E-006  6.112143562944963E+001
    826  1.504276696287276E-006  1.174535409692338E+002
    995  1.503433784870574E-006  1.300556822463785E+002
    637  1.486991102917447E-006  1.087708716348475E+002
    645  1.482070014388270E-006  1.088758352374567E+002
    861  1.465410899789859E-006  1.193618968506130E+002
    140  1.456574366992029E-006  3.002380690834687E+001
    616  1.449612651426391E-006  1.081902144651443E+002
    697  1.362035910277775E-006  1.111168086390436E+002
    224  1.333123501203330E-006  3.456258153743839E+001
    123  1.315682474324426E-006  2.945706723223188E+001
    641  1.315341289665011E-006  1.088136450829588E+002
    595  1.303857019264208E-006  1.075727311228692E+002
    529  1.283593904597469E-006  6.213305424318654E+001
    740  1.275440424889430E-006  1.126281679605138E+002
    994  1.260873292602375E-006  1.299886393654431E+002
    737  1.248764780237342E-006  1.125716601108342E+002
   1059  1.224685733197266E-006  1.335352794510990E+002
    680  1.217032623160211E-006  1.106808485277705E+002
    577  1.215070163218363E-006  1.068269012623950E+002
   1012  1.206047087996992E-006  1.305860585800326E+002
     67  1.184302551353851E-006  2.663955326886673E+001
    772  1.166094620195060E-006  1.144444014986270E+002
    257  1.164179888734013E-006  3.716053985696894E+001
    219  1.153129873867200E-006  3.435584966495736E+001
    894  1.151349325390555E-006  1.226855190700912E+002
    469  1.134500133995797E-006  5.857260373695996E+001
    406  1.129478066549963E-006  5.347162595814701E+001
    830  1.111228668712058E-006  1.175448785112390E+002
    656  1.095349378454946E-006  1.092383325553483E+002
    976  1.081106598136628E-006  1.291265023483052E+002
    443  1.079465324523591E-006  5.615506371008289E+001
    896  1.039655302947545E-006  1.231967026860033E+002
    734  1.031185318106721E-006  1.125227414297757E+002
    147  9.933780027559451E-007  3.045498909450352E+001
    124  9.909923257517878E-007  2.953039329658957E+001
   1073  9.853646073072027E-007  1.355646294676644E+002
    248  9.815865966799927E-007  3.617742791171408E+001
    171  9.723640168461704E-007  3.251692712246987E+001
    776  9.716190950912933E-007  1.150535509847603E+002
    729  9.694870072324351E-007  1.124070412533170E+002
    651  9.652600555793667E-007  1.090123807306586E+002
    792  9.567228478706102E-007  1.158579110744502E+002
    460  9.463810119236008E-007  5.821511818989060E+001
    684  9.403071726961135E-007  1.108055531440044E+002
    138  9.387635464920396E-007  2.998810658959070E+001
    252  9.381605790811630E-007  3.681481496629917E+001
   1077  9.353251979209071E-007  6.189178021453241E+002
    848  9.334954750128320E-007  1.185512117490796E+002
    590  9.223474502544954E-007  1.073381491314167E+002
     15  9.187882768389046E-007  2.077312965636918E+001
    682  9.149094525331239E-007  1.107795174367904E+002
    996  8.833038033153859E-007  1.300741546440489E+002
    424  8.788210708947728E-007  5.504400290817051E+001
    101  8.778002289400567E-007  2.816121926613436E+001
    366  8.715445528871694E-007  4.541480133184800E+001
     53  8.707110216382993E-007  2.532427500710937E+001
    983  8.645714161611251E-007  1.293699640118089E+002
    672  8.429115177570925E-007  1.100523893058521E+002
    412  8.234701229708038E-007  5.399327798218789E+001
    633  8.146522807657857E-007  1.086770367044967E+002
    943  8.038626264477998E-007  1.278255860865938E+002
    779  7.845730544371687E-007  1.153237642854880E+002
    951  7.844051734348476E-007  1.282127111215003E+002
    149  7.763091385294251E-007  3.064428879965062E+001
    530  7.761660342329681E-007  6.265828803408258E+001
    245  7.681561403188061E-007  3.584895809931362E+001
    371  7.498103075395221E-007  4.567834615857563E+001
    770  7.307113358996373E-007  1.141655133118217E+002
    625  7.230670437141428E-007  1.084878781680722E+002
    754  7.218277035088083E-007  1.130532912402911E+002
    601  7.164331008314620E-007  1.078222216339937E+002
    713  7.160538212564846E-007  1.118750446375970E+002
    643  6.933435843097473E-007  1.088529165631816E+002
    787  6.846604261001748E-007  1.157066821730262E+002
    579  6.818735047876628E-007  1.068810185812333E+002
   1065  6.697808208244473E-007  1.340986810838602E+002
    845  6.669798589203147E-007  1.182722434309271E+002
    318  6.604218857479950E-007  3.952690512520030E+001
    818  6.513650375058777E-007  1.172202887178189E+002
    490  6.362092216433139E-007  5.909746584665749E+001
    333  6.283830996392706E-007  4.050570323460023E+001
    660  6.160835438755984E-007  1.093929129115852E+002
    693  6.062761244344434E-007  1.110198391814811E+002
    923  5.879376297781681E-007  1.267345977181097E+002
    634  5.848528374057977E-007  1.087110579745548E+002
    658  5.841846271144919E-007  1.092752908733605E+002
    528  5.627997075453332E-007  6.211763689923020E+001
    728  5.499172833175181E-007  1.123911467240560E+002
    451  5.378976236594563E-007  5.726939793781466E+001
    642  5.292175709439373E-007  1.088349318990273E+002
    665  5.235348855727503E-007  1.096195054263975E+002
    505  5.184558909351546E-007  6.089365906344585E+001
    773  5.023568822848386E-007  1.146041296786391E+002
    181  5.018315728257252E-007  3.309588236011395E+001
    782  5.009321707825575E-007  1.155663554633046E+002
    562  4.976875361155735E-007  1.058125905236654E+002
    957  4.941183190774730E-007  1.283224605383935E+002
    906  4.896152655984693E-007  1.253859334012492E+002
   1017  4.879461904236968E-007  1.307020085696559E+002
    608  4.853116807547671E-007  1.080310773431174E+002
    574  4.803180331207462E-007  1.067089856517616E+002
    847  4.795473536233392E-007  1.183795327778256E+002
    112  4.790457288248767E-007  2.893182478938967E+001
     88  4.747591632564253E-007  2.776495450944637E+001
    538  4.711579171865315E-007  8.801939400846273E+001
    809  4.672648392092911E-007  1.168273457040169E+002
    872  4.641228765250057E-007  1.204992644439996E+002
    610  4.628023884349772E-007  1.080548791140610E+002
     13  4.517313046735377E-007  2.038781372204352E+001
    709  4.503386108125225E-007  1.116986555393093E+002
    584  4.333028078476822E-007  1.071415131646536E+002
    328  4.257104890401963E-007  3.982877398686839E+001
    920  4.192684595205998E-007  1.265729199247587E+002
    722  4.147844477791719E-007  1.121989232781130E+002
    761  4.124837623177554E-007  1.134019555363662E+002
    814  4.025951553964025E-007  1.170571282096026E+002
    476  4.022984554148395E-007  5.874284760292872E+001
    368  4.003800593443162E-007  4.552075151204606E+001
    302  3.967712893712067E-007  3.874867387838012E+001
    410  3.948361956729552E-007  5.380004782230375E+001
     17  3.911812327354202E-007  2.091913438766164E+001
    508  3.881124095810463E-007  6.101348113010317E+001
    867  3.862886820036858E-007  1.199420338065019E+002
    849  3.853960444844710E-007  1.186556798515274E+002
    203  3.822344908934441E-007  3.415596231316062E+001
    798  3.819485564987315E-007  1.161233232814441E+002
    238  3.744312028421348E-007  3.562010162214489E+001
    859  3.672656166204693E-007  1.193117826572047E+002
    556  3.636830195298578E-007  1.053074591696642E+002
   1068  3.595294764159099E-007  1.342139437973118E+002
    461  3.566121799706598E-007  5.832169084274378E+001
   1023  3.554240080567244E-007  1.309907545973144E+002
    591  3.509748660220264E-007  1.073970459895217E+002
    362  3.474327600761381E-007  4.520209191521082E+001
    935  3.464922308096727E-007  1.274477748704804E+002
   1019  3.405891760302805E-007  1.307856127904329E+002
    788  3.397823549393836E-007  1.157595566872355E+002
    735  3.392332125211230E-007  1.125422257639707E+002
    304  3.310936426626864E-007  3.902642388250331E+001
    228  3.303655237199755E-007  3.465329128304563E+001
    763  3.279334863363696E-007  1.136578287383470E+002
    494  3.244626811037144E-007  5.959072402434833E+001
   1029  3.233059372520078E-007  1.312589073638632E+002
   1008  3.215655403357253E-007  1.304054287055121E+002
    841  3.162930109621521E-007  1.180046875638410E+002
    846  3.152727071802727E-007  1.183733977129572E+002
     47  3.070225050834986E-007  2.514695584094496E+001
    786  3.067373802860260E-007  1.156679892855772E+002
    636  3.048999703911737E-007  1.087412284437008E+002
    704  3.048673281587759E-007  1.114088220449556E+002
    963  2.959167060086027E-007  1.284456810480366E+002
    806  2.919929378645560E-007  1.165904998677036E+002
    243  2.891816277616031E-007  3.580427376176280E+001
    379  2.875926897412986E-007  4.610002508350383E+001
    139  2.818464486904101E-007  3.001327528760398E+001
    662  2.803899765390400E-007  1.094304874643061E+002
    688  2.765310130647113E-007  1.108652117541332E+002
     50  2.754045052737386E-007  2.524792740229145E+001
    685  2.711131995893432E-007  1.108208915724099E+002
    912  2.709819306791225E-007  1.259977317017505E+002
    723  2.618870847199032E-007  1.122249597820348E+002
    801  2.613911597459323E-007  1.162412158177078E+002
    235  2.609026639951417E-007  3.553329683850696E+001
    284  2.578700142019907E-007  3.794002386601017E+001
    850  2.569224945876232E-007  1.188640670964077E+002
    107  2.568325899294169E-007  2.880093649968087E+001
    876  2.485068212653398E-007  1.207338716680959E+002
   1051  2.475796433627850E-007  1.330173846663143E+002
     98  2.441576845306025E-007  2.810036398063808E+001
    987  2.427770796569910E-007  1.295218650079724E+002
    614  2.413073121102608E-007  1.081499604581023E+002
    679  2.374328620975391E-007  1.106299731616480E+002
    961  2.368302998933135E-007  1.283826108536399E+002
    956  2.319235897200350E-007  1.283075816024711E+002
    914  2.298904605355217E-007  1.261343003660832E+002
    781  2.267873946660201E-007  1.155015502370288E+002
    758  2.247170931712536E-007  1.131945788764974E+002
    567  2.241945033688438E-007  1.061175767374582E+002
    707  2.239609098099996E-007  1.116484954290111E+002
    466  2.201842856465028E-007  5.848631456847294E+001
    965  2.178739902369200E-007  1.286084743618769E+002
    739  2.060126545245017E-007  1.126267264275300E+002
    178  2.057650877505519E-007  3.291892583427273E+001
    499  2.055690209078872E-007  6.010190034988052E+001
    629  2.027114912056909E-007  1.086436456014825E+002
    370  1.956018642393018E-007  4.562254251008403E+001
    146  1.925330934811886E-007  3.038455959742199E+001
    929  1.888651281845991E-007  1.272324166790593E+002
    172  1.874399181758838E-007  3.254695536480502E+001
    978  1.843996862569521E-007  1.291764873003617E+002
    175  1.813067995396956E-007  3.282740528695558E+001
    804  1.806467603627034E-007  1.164307012054320E+002
    933  1.754700248849497E-007  1.272967505112425E+002
    790  1.742573576589240E-007  1.158127479939932E+002
    463  1.727528406989989E-007  5.840368106338346E+001
    449  1.716458149876231E-007  5.713782918039372E+001
    471  1.709511763182448E-007  5.859921299406331E+001
    603  1.709116722668474E-007  1.078480909052838E+002
    922  1.592566780011239E-007  1.267277337836395E+002
    619  1.590717726608821E-007  1.083262496248409E+002
    940  1.583276724952466E-007  1.277053477702196E+002
   1028  1.555523692806981E-007  1.312419762585663E+002
    509  1.514423323559164E-007  6.104665142125116E+001
    501  1.498181720651444E-007  6.025540211442135E+001
    726  1.478294803925494E-007  1.123280306605216E+002
    126  1.474640756609833E-007  2.957864372821811E+001
    484  1.400245210872191E-007  5.894622531819898E+001
    874  1.372353311228039E-007  1.206463359037059E+002
    800  1.353141429890333E-007  1.161811067685375E+002
    189  1.347939372609606E-007  3.348575581421191E+001
    993  1.335181558901029E-007  1.299638892136509E+002
    828  1.305342220692943E-007  1.175132070682912E+002
    581  1.293198025342720E-007  1.069166383916512E+002
    670  1.264253832425663E-007  1.099218253642219E+002
    152  1.250444104674947E-007  3.107793476288124E+001
    982  1.246576596395391E-007  1.293230544301462E+002
    122  1.244491549945302E-007  2.942821875092930E+001
    731  1.233248989779678E-007  1.124795031346507E+002
    703  1.215168145532640E-007  1.113359924967504E+002
    598  1.208025353893335E-007  1.077082259858063E+002
    488  1.190555194878603E-007  5.904214899548738E+001
   1076  1.189003084025935E-007  1.858411948136732E+002
    690  1.163517444985681E-007  1.109553167085971E+002
    767  1.143205142510974E-007  1.139787538815297E+002
    342  1.133037972043480E-007  4.219280462450153E+001
    837  1.130997876345497E-007  1.177814246314451E+002
    250  1.123496789558963E-007  3.645071914574685E+001
    586  1.050710076594316E-007  1.072414988471015E+002
    220  1.043380825135040E-007  3.440936379612124E+001
    652  1.038281502912042E-007  1.090805000764319E+002
    344  1.036980968628838E-007  4.229281490750487E+001
    823  1.032158892795518E-007  1.173434151863991E+002
    959  1.030634957940389E-007  1.283643788123119E+002
    839  1.015428760008048E-007  1.178451551754228E+002
    711  9.429732787763757E-008  1.117833092223069E+002
    744  8.957362368323139E-008  1.127340165661099E+002
   1025  8.935587577805058E-008  1.310823101564250E+002
    271  8.901378374720667E-008  3.769377629908810E+001
    695  8.833850153690340E-008  1.110404578737834E+002
    819  8.758752079063445E-008  1.172617623112352E+002
    888  8.653597103600897E-008  1.215384892766490E+002
    714  8.559677632871091E-008  1.118865310298163E+002
    766  8.339077126703157E-008  1.138313497862233E+002
    496  8.325361379374866E-008  5.977778544840232E+001
    653  8.281816898136306E-008  1.090926521840726E+002
    856  8.160724463815315E-008  1.192407591408727E+002
    569  8.150148415768216E-008  1.064024371239422E+002
    408  8.043839862659057E-008  5.368647704938994E+001
    696  8.042058627352312E-008  1.111110130672436E+002
    899  7.831972622717113E-008  1.237750393258326E+002
    715  7.783952336999809E-008  1.119122168057061E+002
    173  7.776089562744261E-008  3.267731285541730E+001
    862  7.695394685251558E-008  1.194326389788892E+002
   1037  7.626101818605196E-008  1.316166834102353E+002
    864  7.613296483090961E-008  1.195154318953015E+002
    263  7.543332294704746E-008  3.756851288337069E+001
    612  7.433029551795648E-008  1.080838271474082E+002
    606  7.288909178427287E-008  1.079754075340127E+002
    949  7.169610576626211E-008  1.280833568476082E+002
    980  7.139081455360508E-008  1.292322903638887E+002
   1030  6.916839945254373E-008  1.313677884464318E+002
    644  6.854513190641916E-008  1.088699046594824E+002
   1004  6.711568859363518E-008  1.302828791464404E+002
    520  6.567765068385695E-008  6.117519869664547E+001
    941  6.540111432064351E-008  1.277239710636116E+002
    227  6.524064683111461E-008  3.461221107986133E+001
   1007  6.513712036840714E-008  1.303971511397991E+002
    110  6.454944700819521E-008  2.890337161783228E+001
    433  6.423216944844171E-008  5.552394895078822E+001
    889  6.374807602425771E-008  1.221096476933091E+002
    705  6.335898298407079E-008  1.114879185885843E+002
    743  6.265685047567698E-008  1.126739704882794E+002
    664  6.154395137803543E-008  1.095868237421283E+002
    893  5.999178746743683E-008  1.225899968537864E+002
    833  5.890560892392423E-008  1.176450554682990E+002
    753  5.444858747470945E-008  1.130399909728984E+002
    640  5.318659329449905E-008  1.088027953187827E+002
    668  5.233760354108748E-008  1.098358517134249E+002
    627  5.230062909961786E-008  1.085359599099982E+002
    747  5.091973524367200E-008  1.128221651622354E+002
    904  5.049245506278007E-008  1.250437756508075E+002
    677  4.987735856563452E-008  1.104103779431708E+002
    775  4.879409161149644E-008  1.149447083106751E+002
    881  4.599390960175615E-008  1.212001054655417E+002
    277  4.484320974204981E-008  3.774405278528796E+001
    506  4.425843837043382E-008  6.092479484159845E+001
    373  4.392352166735961E-008  4.573517441489172E+001
    927  4.335260099592227E-008  1.271118445081471E+002
    657  4.230884661810657E-008  1.092680437977900E+002
      3  3.959390289532887E-008  1.530095081680193E+001
    611  3.869733190736631E-008  1.080609110523806E+002
    764  3.718511107160480E-008  1.137269990775531E+002
    511  3.692951509448508E-008  6.108291035790679E+001
    618  3.374177668951724E-008  1.083041655146542E+002
    720  3.347640314579657E-008  1.121496181246094E+002
    939  3.282791645090661E-008  1.276788938661296E+002
    925  3.013021800034388E-008  1.268943605090481E+002
    811  2.859606431909171E-008  1.169131613251637E+002
    457  2.797849882623765E-008  5.770039153165104E+001
    946  2.788547717822337E-008  1.279201366409634E+002
    885  2.695646713811938E-008  1.213849358963692E+002
    901  2.401138534512459E-008  1.246352700151236E+002
    692  2.391727555096277E-008  1.109991362888409E+002
    648  2.279755920537537E-008  1.089328290594756E+002
    875  2.154909850144679E-008  1.206504418490652E+002
   1040  2.138721102920307E-008  1.318325334098182E+002
    701  2.042927781225268E-008  1.112655741498095E+002
    891  2.021091232260320E-008  1.222344606190913E+002
    990  2.000838846353303E-008  1.297249883032466E+002
    315  1.882100491777594E-008  3.946262277995078E+001
    759  1.725492306336332E-008  1.132523759465808E+002
    699  1.612044530797593E-008  1.111753891148923E+002
     25  1.584045416251644E-008  2.268285797328677E+001
    936  1.527873273187421E-008  1.275963114471066E+002
    869  1.465421333954877E-008  1.201465244096069E+002
    732  1.437632700509752E-008  1.124809932511083E+002
    931  1.432396749897040E-008  1.272754104030811E+002
    388  1.378515246099879E-008  4.916519389587509E+001
    752  1.274506019311001E-008  1.129825416205730E+002
    882  1.226684831267712E-008  1.212606419968792E+002
    834  1.149192207974049E-008  1.176651591794238E+002
    974  1.060311701833244E-008  1.290391941684268E+002
    840  1.034508004067359E-008  1.179674198090055E+002
    647  9.426123720034959E-009  1.089204596390746E+002
    900  8.783093209806163E-009  1.240255399934555E+002
     83  8.637851966179060E-009  2.745200449399356E+001
    638  7.966707477851613E-009  1.087773663504995E+002
    522  7.947674465729148E-009  6.189501394570030E+001
     43  6.985357653498455E-009  2.485090944939308E+001
    750  6.889478163626570E-009  1.128980084302201E+002
    857  6.635451494760273E-009  1.192977858717030E+002
    628  6.222227198670365E-009  1.085999071252231E+002
    718  4.307057035529352E-009  1.120307816427976E+002
    447  3.856491356712330E-009  5.692641404400948E+001
    969  3.674790521533866E-009  1.288232913140608E+002
    736  3.480675177479201E-009  1.125700463249535E+002
   1056  2.661401074764977E-009  1.332822863268028E+002
    746  2.564402705024444E-009  1.128150956859242E+002
    815  2.378681096202178E-009  1.170844697210597E+002
    852  2.153826180324211E-009  1.189308904937423E+002
    985  2.151337316565893E-009  1.294454523269476E+002
   1063  1.626010324514765E-009  1.338610239777397E+002
    265  1.589253815974059E-009  3.762418150997995E+001
    350  1.200189348280887E-009  4.287084402122760E+001
   1010  1.158216192582126E-009  1.305150376372933E+002
    286  1.095006087133757E-009  3.806107114689090E+001
   1015  4.485785322265918E-010  1.306693309857935E+002
    441  2.624909394943377E-010  5.602297434426368E+001
    620  2.497414141058914E-010  1.083700393844588E+002
    971  1.919173268529513E-010  1.289111652451389E+002
    225  1.789668644208782E-010  3.458265676939745E+001
   1035  6.100834353038327E-011  1.315022364948826E+002
    805  5.598114533425398E-011  1.165442309434909E+002
    363  4.857075318278160E-011  4.523665715266514E+001
    878  4.756806615321347E-011  1.208553192243232E+002
    444  1.292884169261208E-011  5.640873014994138E+001
    730  3.128980221509859E-012  1.124678820560711E+002
