# Number of modes
   1077
# Tabulated for different initial and final frequencies?
    F
# Mode index, Sj, (highest to lowest), omega_j
    547  3.024331937006622E-002  1.040413527560943E+002
    154  2.296995811835907E-002  3.128025029310897E+001
   1070  1.662822327578324E-002  1.350535885837313E+002
    248  1.323398783197676E-002  3.617742791171408E+001
    386  1.205338439404545E-002  4.778448827008048E+001
    537  1.198186165027132E-002  7.348438751630307E+001
    384  1.086030617301160E-002  4.693482184770667E+001
    566  9.547567218536061E-003  1.060197199307676E+002
     90  9.098632561969418E-003  2.792299487571685E+001
    164  8.915736744439899E-003  3.156123118588701E+001
    165  8.900391330529734E-003  3.194792507678593E+001
    563  7.635669812746764E-003  1.058622417292547E+002
    358  7.580945537539974E-003  4.418411045040358E+001
      7  7.547058659814355E-003  1.598850297870253E+001
     86  6.310434024461128E-003  2.760340701365068E+001
    539  6.230087146045392E-003  1.004038214764926E+002
    402  5.895871903345665E-003  5.323403324336612E+001
     27  5.086890916872579E-003  2.288948685305089E+001
   1060  4.523416556308744E-003  1.336329109810919E+002
    462  4.182782090913886E-003  5.834568949164402E+001
    258  4.180705464591761E-003  3.725675246841864E+001
    230  4.051675969703828E-003  3.507000892128892E+001
    413  4.033875956402405E-003  5.407796767412047E+001
     23  3.951250290021782E-003  2.160694502786773E+001
      8  3.701604407439420E-003  1.603898235084092E+001
     80  3.665568942147141E-003  2.737665388114407E+001
    438  3.197748678188293E-003  5.568774314714533E+001
     38  3.107526508157480E-003  2.415274881711009E+001
    300  3.048817420456760E-003  3.871033423098082E+001
     24  3.046661591112358E-003  2.165827626673025E+001
    507  2.684692503263615E-003  6.098134465730102E+001
    151  2.411440254640677E-003  3.097448214004631E+001
    245  2.355694654232502E-003  3.584895809931362E+001
     73  2.321106032058535E-003  2.704395448663374E+001
    160  2.309902385135268E-003  3.140287364756382E+001
    344  2.296245783809971E-003  4.229281490750487E+001
    546  2.282938626985727E-003  1.038908634804570E+002
     29  2.258533899028358E-003  2.304600720746813E+001
     91  2.250480757446664E-003  2.795709450840539E+001
    427  2.116042150823214E-003  5.530625255614972E+001
     40  2.054746336492557E-003  2.429142631572386E+001
    356  2.039599225175708E-003  4.399929676237998E+001
     94  1.963572539670454E-003  2.803048707399637E+001
    103  1.902785858950664E-003  2.854698030319213E+001
   1072  1.837706407030157E-003  1.354275255218108E+002
    378  1.812731932163778E-003  4.609481655347708E+001
    391  1.810379331052672E-003  4.935295074539214E+001
    392  1.712745961452679E-003  4.975569880244111E+001
    272  1.694878046120414E-003  3.770876893490352E+001
    341  1.652316473763278E-003  4.207899368185591E+001
     64  1.640208956755023E-003  2.637954322898939E+001
     92  1.631775911359564E-003  2.796966533379813E+001
    544  1.612196123617228E-003  1.037287728441322E+002
    114  1.611921120243487E-003  2.903390568794284E+001
   1024  1.599346385764931E-003  1.310472886139475E+002
    308  1.538933196329968E-003  3.924824416979163E+001
    157  1.534053044133586E-003  3.136040875348826E+001
    436  1.522487182938632E-003  5.562240782737462E+001
    298  1.468012570335175E-003  3.860785506393049E+001
    399  1.447039754604351E-003  5.300117686152819E+001
    551  1.445121497541162E-003  1.044758850995860E+002
    755  1.353534070922145E-003  1.130537195644052E+002
    186  1.340528471195204E-003  3.335079910483972E+001
     18  1.309459793621262E-003  2.124694793769305E+001
    335  1.298340486081918E-003  4.064698242871874E+001
    343  1.295759027245484E-003  4.223776350771931E+001
    241  1.262170214319905E-003  3.573178726353736E+001
    395  1.259212951896362E-003  5.279005865968511E+001
    425  1.249312617005609E-003  5.512885982268182E+001
    549  1.236075443502157E-003  1.043755820157491E+002
    359  1.224984566929535E-003  4.440820660542785E+001
    291  1.212657850836289E-003  3.834865717601958E+001
    236  1.157091039131758E-003  3.558504171265294E+001
    554  1.153809327060694E-003  1.048978551747549E+002
    340  1.142643809766782E-003  4.203744443197692E+001
    100  1.104642250778473E-003  2.814590236831992E+001
    398  1.065786075058448E-003  5.298968704937109E+001
     58  1.044511141339492E-003  2.603619761911758E+001
     65  1.037834523307345E-003  2.645533186342116E+001
    223  1.023124969016091E-003  3.452101188794168E+001
    213  9.861552710363512E-004  3.426923698719692E+001
     98  9.512235971425452E-004  2.810036398063808E+001
    422  9.358028311968406E-004  5.478392604221921E+001
    290  9.336607221681143E-004  3.834059039797889E+001
    403  9.051102335397447E-004  5.332276567118551E+001
    404  8.958506106739784E-004  5.332919471058649E+001
    148  8.948788315765623E-004  3.055713011308698E+001
    192  8.810216467197936E-004  3.373139183933635E+001
    419  8.349443634590148E-004  5.447434435004674E+001
    232  8.332595375611625E-004  3.530982942235851E+001
    468  8.291107332546120E-004  5.850419738659161E+001
    297  8.274494398535015E-004  3.850412000814609E+001
      5  8.002336071664199E-004  1.580375607842547E+001
     70  7.833423453339078E-004  2.683332853591699E+001
   1053  7.715274298399208E-004  1.331993000158318E+002
    393  7.669625937255470E-004  5.117422678475859E+001
     55  7.658828152442839E-004  2.564739582447731E+001
    588  7.475952574977090E-004  1.072780161282308E+002
    698  7.458905031169791E-004  1.111543499618823E+002
    423  7.420303335736162E-004  5.491452382822700E+001
    293  7.376073976460153E-004  3.840315559517953E+001
    210  7.256877636842245E-004  3.421873300884823E+001
     67  7.232225344501554E-004  2.663955326886673E+001
    306  7.215465015931113E-004  3.922583615449084E+001
     60  7.195394263459617E-004  2.612817271153773E+001
    190  7.187511016917038E-004  3.352213579831744E+001
   1044  7.119996701672996E-004  1.320835593454495E+002
    163  7.061437466666114E-004  3.148605603035891E+001
     79  6.891055264448062E-004  2.728143790603452E+001
     31  6.887922861779980E-004  2.349957735236975E+001
    247  6.713643855536205E-004  3.613855018049320E+001
    280  6.651867074993236E-004  3.777070006257392E+001
     89  6.455083068720798E-004  2.787565477396676E+001
    155  6.441251757506007E-004  3.129077640287002E+001
    149  6.396067304995916E-004  3.064428879965062E+001
    570  6.312850831014296E-004  1.064458450110351E+002
    742  6.269769095824234E-004  1.126546326383816E+002
    396  6.236370769100087E-004  5.292259014309509E+001
    467  6.159916321357335E-004  5.850070475174659E+001
    383  6.118525647121046E-004  4.665506804468283E+001
    211  6.043379192563082E-004  3.422885497659050E+001
    535  6.032923418200410E-004  7.234684016852472E+001
    188  5.806417032434929E-004  3.343297855491465E+001
     44  5.776594439365658E-004  2.487547588775838E+001
   1067  5.735049333358756E-004  1.341872351276505E+002
    762  5.723548178349481E-004  1.134504722361933E+002
    421  5.715630533720958E-004  5.469982084171487E+001
    310  5.686188729836869E-004  3.933560718805473E+001
     12  5.656464228130496E-004  1.791855268392995E+001
     39  5.628752488574636E-004  2.419216907562118E+001
    330  5.572632491900115E-004  4.000719691328421E+001
     41  5.559165251120687E-004  2.434332602389209E+001
    299  5.552069178767084E-004  3.861147003050849E+001
    254  5.522627877077521E-004  3.696870162494890E+001
    431  5.392057016255661E-004  5.545822575490884E+001
     33  5.144602970295132E-004  2.387502434282544E+001
    142  5.115502411601945E-004  3.011700635419402E+001
    212  5.086288761901413E-004  3.425448747044050E+001
    199  5.043013390475213E-004  3.411214171315592E+001
    531  5.022490243813654E-004  6.280622541285696E+001
    144  4.988038915324323E-004  3.023024488043693E+001
    229  4.950617924263621E-004  3.477639317683153E+001
    530  4.950498504326808E-004  6.265828803408258E+001
    301  4.922346571822895E-004  3.874125966254066E+001
    973  4.921373463866521E-004  1.290303348922233E+002
   1074  4.866693380961266E-004  1.357832717908243E+002
     20  4.842178150924731E-004  2.146722812704134E+001
    694  4.771189361005341E-004  1.110208923005156E+002
   1057  4.735363187529877E-004  1.332882698940204E+002
   1055  4.663359015884319E-004  1.332315483337306E+002
    434  4.618391254499659E-004  5.556859477681133E+001
    135  4.494451385279969E-004  2.990996926970350E+001
   1036  4.491201727977032E-004  1.315563975924429E+002
    255  4.465569374722714E-004  3.705801266502003E+001
    568  4.411033193208204E-004  1.063884322375297E+002
    367  4.293657254721913E-004  4.546665367422378E+001
    587  4.175246256924543E-004  1.072564562863978E+002
    215  4.154161067103313E-004  3.430912489816387E+001
    576  4.137025469840100E-004  1.068188420241767E+002
    207  4.130175478107506E-004  3.419271829752626E+001
   1038  4.119830910498961E-004  1.317153469634680E+002
     32  4.087522241728447E-004  2.386019687247388E+001
     11  4.084025596923326E-004  1.771447447329438E+001
    870  4.065499710372047E-004  1.203621491035894E+002
    609  4.001308832150313E-004  1.080529774194348E+002
    182  3.818152360387608E-004  3.313118961536368E+001
    503  3.807724051108406E-004  6.062899617907863E+001
    303  3.766419715097612E-004  3.891633174738261E+001
    108  3.756502637479940E-004  2.884206820739177E+001
    937  3.654456824348502E-004  1.275975168353670E+002
    251  3.652555561843721E-004  3.670193646720268E+001
   1071  3.571387461413789E-004  1.353191143310252E+002
    604  3.561378764170439E-004  1.078901483894559E+002
    497  3.548661840307893E-004  5.984833423050026E+001
    929  3.455735558444062E-004  1.272324166790593E+002
    691  3.423522753358490E-004  1.109942746792360E+002
    397  3.403749906416353E-004  5.292984574180642E+001
    659  3.401340461939650E-004  1.093169473413985E+002
     93  3.393690714725152E-004  2.801831476528660E+001
    602  3.316142048158155E-004  1.078335831208874E+002
    376  3.293583473046276E-004  4.578482274843697E+001
    492  3.269878017508331E-004  5.919740097208313E+001
    426  3.269626201668584E-004  5.521112029631625E+001
    575  3.260856111913702E-004  1.067636975144964E+002
    347  3.259901191146597E-004  4.251894246220620E+001
   1045  3.250972380055456E-004  1.322246800166877E+002
    411  3.196487568682362E-004  5.390414096058870E+001
    266  3.176034380739737E-004  3.763404507858488E+001
   1039  3.146856798976594E-004  1.317789778316224E+002
    474  3.112732154390326E-004  5.866520048333617E+001
    930  3.104335124289663E-004  1.272550109882912E+002
     74  3.097247842600590E-004  2.706787664592100E+001
     45  3.021988810714706E-004  2.505629895200580E+001
    101  3.019408577188209E-004  2.816121926613436E+001
    158  3.004563769541920E-004  3.138637587596471E+001
   1075  2.977499031845732E-004  1.852007864492208E+002
   1008  2.968702661027753E-004  1.304054287055121E+002
    233  2.938529851649930E-004  3.536858076063520E+001
    572  2.921548368643176E-004  1.066354688575440E+002
    745  2.896111121547083E-004  1.127541380335163E+002
    536  2.889068364791802E-004  7.244369170766353E+001
    364  2.887194884654633E-004  4.528995878587361E+001
   1006  2.873439720315375E-004  1.303473844140781E+002
    102  2.838766144580812E-004  2.838723287464182E+001
   1000  2.836149842983502E-004  1.301375093272533E+002
   1047  2.792144300737916E-004  1.324683504365100E+002
    710  2.759718586417474E-004  1.117114283703663E+002
     82  2.750172410551768E-004  2.744742479332049E+001
    143  2.700488807377012E-004  3.021552765862468E+001
    680  2.691736136765967E-004  1.106808485277705E+002
   1052  2.690323769119383E-004  1.330891459743712E+002
     66  2.647966305309934E-004  2.653041695388611E+001
    760  2.531578712862835E-004  1.133648679091437E+002
    725  2.527886723321761E-004  1.122622575126908E+002
    113  2.525747939350060E-004  2.894608485543543E+001
    318  2.517459356674033E-004  3.952690512520030E+001
    173  2.509159419566663E-004  3.267731285541730E+001
    559  2.464720139841760E-004  1.054467335457494E+002
    658  2.428430105101762E-004  1.092752908733605E+002
    928  2.427050764507979E-004  1.271758190169006E+002
    381  2.410824981170409E-004  4.623753374880091E+001
    491  2.403958198987250E-004  5.916484178919298E+001
    117  2.381898442441583E-004  2.915145470361619E+001
    119  2.374791593688281E-004  2.929038281335912E+001
    749  2.310625781488021E-004  1.128862829609149E+002
      4  2.300852830352598E-004  1.555889535187236E+001
    110  2.287626006827706E-004  2.890337161783228E+001
    877  2.271665202052101E-004  1.207635072396237E+002
   1031  2.256171407752108E-004  1.313824495210718E+002
    952  2.188341059390436E-004  1.282170243378332E+002
    911  2.177737304246889E-004  1.258968376271585E+002
    348  2.171177782782305E-004  4.278252907839931E+001
    690  2.165123432460357E-004  1.109553167085971E+002
    128  2.161901796422718E-004  2.964876822252022E+001
   1011  2.140963054951624E-004  1.305590563134582E+002
    326  2.139817495483198E-004  3.980074663620405E+001
    886  2.138614662106559E-004  1.214498350996194E+002
    738  2.137500976966826E-004  1.126248828969786E+002
    898  2.109641650050647E-004  1.236287338505038E+002
     28  2.086909256314102E-004  2.303576073275412E+001
    459  2.078765077333938E-004  5.797524108925945E+001
     17  2.068873593716424E-004  2.091913438766164E+001
    712  2.060994311338750E-004  1.118479116964762E+002
    697  2.056124815211774E-004  1.111168086390436E+002
    418  2.056077324103964E-004  5.440760214654593E+001
   1042  2.041243018252810E-004  1.319938555239870E+002
    534  1.987081326116728E-004  6.352992396574133E+001
    202  1.985435236548457E-004  3.414693728338715E+001
    365  1.973864790376158E-004  4.540196146988517E+001
    218  1.969559784591426E-004  3.434087154455664E+001
    947  1.962688753932724E-004  1.280025795512814E+002
     46  1.955667474721599E-004  2.508968851186969E+001
     54  1.945853414969506E-004  2.537118147105558E+001
    505  1.938068345160550E-004  6.089365906344585E+001
     43  1.935802045731166E-004  2.485090944939308E+001
    201  1.933918559931280E-004  3.413905621996786E+001
    613  1.933795816950377E-004  1.081325074305931E+002
    264  1.916086682297576E-004  3.760740200223662E+001
    385  1.906499021649949E-004  4.744969147605799E+001
    270  1.904432128536000E-004  3.767493462479421E+001
    153  1.892486943793942E-004  3.119128674334460E+001
    180  1.864646284631828E-004  3.306959511625761E+001
    945  1.853696998932968E-004  1.278945431870569E+002
    183  1.842641576902422E-004  3.317747871488443E+001
    617  1.821116664451855E-004  1.082069188907082E+002
    289  1.817196064027114E-004  3.832422991649202E+001
    231  1.807985118230475E-004  3.529195130720404E+001
    415  1.807642515726396E-004  5.409773008136273E+001
    274  1.771305473028014E-004  3.771469066363962E+001
    669  1.766240196405646E-004  1.098991161820264E+002
    495  1.756551504810115E-004  5.971063876484735E+001
    351  1.756515663763152E-004  4.290814690346715E+001
    417  1.727665749391352E-004  5.432386496665636E+001
     21  1.718317829056280E-004  2.149552581175353E+001
    592  1.718192186545636E-004  1.074010896433819E+002
    632  1.705195187254417E-004  1.086732063917954E+002
    159  1.689066070947571E-004  3.140014259635325E+001
      9  1.687359311246585E-004  1.615282072713023E+001
    125  1.674725302493608E-004  2.955205187993630E+001
    975  1.664647583560754E-004  1.290479361570385E+002
    523  1.662858780102689E-004  6.195141091349550E+001
    442  1.642573831827166E-004  5.605259237502305E+001
    285  1.641176063019272E-004  3.794670187788559E+001
    430  1.623231611281911E-004  5.544226538226409E+001
    295  1.621741027358697E-004  3.844649820311862E+001
    887  1.609292893319088E-004  1.215278324822884E+002
    374  1.607920731771821E-004  4.576894168844035E+001
    131  1.587518316057585E-004  2.976719894627799E+001
    197  1.574319687444862E-004  3.407091137263039E+001
    206  1.530024428775030E-004  3.418711639611698E+001
    249  1.518424624075391E-004  3.643158917315001E+001
    797  1.503729146784609E-004  1.161224071144865E+002
     69  1.500643170423751E-004  2.667931486079132E+001
    208  1.492693110088422E-004  3.420400517096608E+001
    138  1.483470028176011E-004  2.998810658959070E+001
    514  1.481419505469294E-004  6.112143562944963E+001
    319  1.470739772115585E-004  3.955367029075058E+001
    106  1.454096877277716E-004  2.873147041157064E+001
    221  1.449086268939803E-004  3.444064242877499E+001
    331  1.448318266971280E-004  4.033978069592825E+001
    320  1.447650218526343E-004  3.958466091098631E+001
    972  1.424844510381188E-004  1.289491342298440E+002
    984  1.416631497915466E-004  1.293776492189174E+002
    538  1.403289068730529E-004  8.801939400846273E+001
    525  1.400683842384840E-004  6.201689187624501E+001
    377  1.363820702480806E-004  4.580996274485975E+001
     53  1.343619663675567E-004  2.532427500710937E+001
    976  1.341134126653933E-004  1.291265023483052E+002
    875  1.336693880748891E-004  1.206504418490652E+002
     36  1.300717898746411E-004  2.408548968715760E+001
    763  1.300193229885318E-004  1.136578287383470E+002
    141  1.299556305020416E-004  3.005205957969120E+001
    105  1.291420685866450E-004  2.872870804936272E+001
    454  1.279023998540933E-004  5.753531790534946E+001
    387  1.278418067066766E-004  4.845493173747810E+001
    133  1.272762285869386E-004  2.980777525245198E+001
    360  1.269543751981967E-004  4.501412031898634E+001
    687  1.264014187010567E-004  1.108477970364615E+002
    453  1.261337498521379E-004  5.734859743017803E+001
    240  1.251410626973842E-004  3.568815433410965E+001
   1050  1.240015818419457E-004  1.326682006609648E+002
    485  1.237206398375711E-004  5.896971858223063E+001
    448  1.218741538937953E-004  5.707216855561523E+001
    196  1.185302721783881E-004  3.402217963204272E+001
   1066  1.185069634702253E-004  1.341339055776214E+002
    458  1.180226596705267E-004  5.780961640938520E+001
    409  1.131520818487587E-004  5.377950655266745E+001
    452  1.122738341150099E-004  5.732416656661538E+001
   1062  1.122002832158928E-004  1.338537297016246E+002
    783  1.111437906490469E-004  1.155776779712016E+002
    892  1.108839357811572E-004  1.223146913863671E+002
    109  1.080988752485636E-004  2.888359254004277E+001
    333  1.078688360193373E-004  4.050570323460023E+001
    727  1.074835186166193E-004  1.123838421661365E+002
    337  1.070466627209526E-004  4.125439580477820E+001
    791  1.066009868887537E-004  1.158399885308925E+002
    145  1.044413254948713E-004  3.035386176419680E+001
    708  1.038483844569441E-004  1.116659378913442E+002
    515  1.036059103360649E-004  6.113166482037749E+001
    666  1.035149068672663E-004  1.096961217429448E+002
    460  1.027187438510469E-004  5.821511818989060E+001
    309  1.023554701010390E-004  3.929268620446922E+001
    134  1.014952327456034E-004  2.989081555609098E+001
    799  1.010295239227441E-004  1.161655148393659E+002
   1058  1.005772177485508E-004  1.334381531708862E+002
    564  9.923240093302536E-005  1.059223740174141E+002
    168  9.805586297888346E-005  3.223239881301075E+001
    150  9.751472774473322E-005  3.095380367517388E+001
    440  9.748957367531117E-005  5.589934491235444E+001
    769  9.653774730471770E-005  1.141494817506874E+002
    902  9.580767281243863E-005  1.246861225619736E+002
      3  9.530008652091981E-005  1.530095081680193E+001
    139  9.482464894644306E-005  3.001327528760398E+001
    282  9.454084478375381E-005  3.781601762519486E+001
    905  9.427075957905470E-005  1.252963463377060E+002
    991  9.370477878684692E-005  1.298309517843196E+002
    346  9.317806418651748E-005  4.251353138364797E+001
    380  9.227361993121414E-005  4.621788456267294E+001
    239  9.023929425380969E-005  3.564788119351169E+001
    276  9.010754362265966E-005  3.774173651101562E+001
    940  8.957682669421933E-005  1.277053477702196E+002
    214  8.929691124274585E-005  3.429158842681225E+001
    967  8.893574717262062E-005  1.287730879251822E+002
    802  8.811460181492955E-005  1.163074247182627E+002
    842  8.713977480786466E-005  1.180365480395604E+002
    482  8.667631457452033E-005  5.890508639424976E+001
    169  8.642418938078654E-005  3.225245008090104E+001
      6  8.592878110770351E-005  1.593905863128156E+001
    352  8.510477409467239E-005  4.345183818831803E+001
     34  8.416113872007305E-005  2.394870774261297E+001
    866  8.369916123729240E-005  1.198737679274225E+002
    279  8.329618642997851E-005  3.776291602598710E+001
    174  8.301672179993774E-005  3.277024257542895E+001
    184  8.243873185632763E-005  3.328145954751520E+001
    897  8.233745227950888E-005  1.233154024205701E+002
    654  8.221001619242900E-005  1.091774321289355E+002
    663  8.024611166208511E-005  1.095408569103236E+002
     62  7.997724017717643E-005  2.630569023157911E+001
     95  7.935022158441086E-005  2.806113631432304E+001
    379  7.822243890262801E-005  4.610002508350383E+001
    793  7.792267199055636E-005  1.158943894419280E+002
    322  7.734630076243338E-005  3.962934885257222E+001
    997  7.703706380081110E-005  1.300952728722026E+002
    706  7.691551511489867E-005  1.115644797142602E+002
    992  7.673401231148422E-005  1.299169051159237E+002
    552  7.638335906692435E-005  1.045004516183760E+002
    510  7.607298610307231E-005  6.106496915014706E+001
    578  7.529371529020287E-005  1.068696587706935E+002
    500  7.528796385208747E-005  6.016266526055261E+001
    954  7.508393833660485E-005  1.282848493157465E+002
    446  7.444999311364073E-005  5.657515742254393E+001
    489  7.427970679154929E-005  5.906665573291085E+001
     35  7.396187418464090E-005  2.406163852032448E+001
    355  7.362129680753300E-005  4.365668409738398E+001
     37  7.343789383424109E-005  2.413005277682491E+001
    156  7.245230949846679E-005  3.133959801814033E+001
     10  7.191409655089186E-005  1.630017574824609E+001
    167  7.160435178214289E-005  3.206734480721192E+001
    338  7.136641913346498E-005  4.143596746217444E+001
    394  7.090751785319868E-005  5.275338077531283E+001
    336  7.022658334943550E-005  4.106442919982931E+001
    116  7.005036566145918E-005  2.910094471225916E+001
    185  6.977829419704312E-005  3.329017879350934E+001
    560  6.955733966329430E-005  1.057397922085461E+002
    998  6.930742527264566E-005  1.301241144683907E+002
    414  6.888174824902784E-005  5.408443269732371E+001
    803  6.836472409063124E-005  1.163959410830473E+002
    104  6.757025512009261E-005  2.863475114667724E+001
    382  6.638339938968238E-005  4.661435463500721E+001
    472  6.589058783604508E-005  5.860732378330380E+001
    545  6.539770907845983E-005  1.038885725205099E+002
    486  6.420696119072649E-005  5.898078655703418E+001
    950  6.356352964954798E-005  1.281356928004739E+002
    756  6.330634784461388E-005  1.131019348749128E+002
    332  6.326716436950550E-005  4.036182328117159E+001
    639  6.323393643835521E-005  1.087924757147032E+002
    140  6.301910749100523E-005  3.002380690834687E+001
     96  6.297222388607042E-005  2.807603105873968E+001
     85  6.264808198685860E-005  2.757726243328665E+001
    970  6.233720152886259E-005  1.288440499253601E+002
    456  6.203407468917613E-005  5.758475825352298E+001
    189  6.131687412917266E-005  3.348575581421191E+001
    493  6.126615977105189E-005  5.956939432616837E+001
    237  6.096931523546364E-005  3.561350513334219E+001
    676  6.084509637537063E-005  1.102968009656115E+002
    615  6.023129119591854E-005  1.081646255451844E+002
    754  5.920633555763373E-005  1.130532912402911E+002
    244  5.872041560093433E-005  3.582009297825139E+001
    294  5.840973298632465E-005  3.844005427068350E+001
    607  5.835899340977166E-005  1.079782277499060E+002
    389  5.814536543915959E-005  4.924612888004685E+001
    785  5.806206516935243E-005  1.156515149006221E+002
    517  5.796749455273868E-005  6.116283191518230E+001
    835  5.757344599157227E-005  1.176766134664512E+002
    449  5.756954869864283E-005  5.713782918039372E+001
    630  5.749556557558133E-005  1.086464564510315E+002
    661  5.737698015942179E-005  1.094040232551639E+002
    731  5.697414602758754E-005  1.124795031346507E+002
    324  5.690149345359774E-005  3.965813849875591E+001
    238  5.636356361428994E-005  3.562010162214489E+001
   1076  5.635397378220027E-005  1.858411948136732E+002
    716  5.452633277086530E-005  1.119313653155845E+002
     75  5.419110438766750E-005  2.717284531466260E+001
     48  5.404656928896326E-005  2.521050943974308E+001
    519  5.337151451346203E-005  6.116666091909611E+001
    325  5.330622120599942E-005  3.979678053884171E+001
    292  5.263901998834860E-005  3.837765227419467E+001
    686  5.045959230161587E-005  1.108321598991433E+002
    464  5.036825955346478E-005  5.841767339850505E+001
     78  5.017179387891096E-005  2.724001953302053E+001
    934  4.978418106986097E-005  1.274026915475210E+002
    924  4.934524466363819E-005  1.267645350898773E+002
    855  4.848667139685295E-005  1.192335282432478E+002
    275  4.843149287071800E-005  3.771871208633355E+001
    265  4.821432184520683E-005  3.762418150997995E+001
    187  4.800148042480609E-005  3.338593491458187E+001
    667  4.798678722423472E-005  1.098231148083649E+002
     30  4.789686041606939E-005  2.339033246897357E+001
    789  4.742092469985541E-005  1.157939903252585E+002
    903  4.639961942502152E-005  1.249295857950171E+002
    555  4.639138115006685E-005  1.049505825405343E+002
    565  4.579045329159409E-005  1.059848591127986E+002
    960  4.435082728037784E-005  1.283710541965592E+002
    161  4.428425482378444E-005  3.141544799468193E+001
    287  4.405830147578707E-005  3.806334999222836E+001
    533  4.394901942610635E-005  6.344214913117692E+001
    737  4.384339264202407E-005  1.125716601108342E+002
    390  4.373804560577814E-005  4.930034545373515E+001
    304  4.357036395270113E-005  3.902642388250331E+001
   1018  4.335772137851568E-005  1.307425624046459E+002
    635  4.288172009230652E-005  1.087402789130293E+002
    444  4.280812784906388E-005  5.640873014994138E+001
    451  4.259755006133162E-005  5.726939793781466E+001
     87  4.212236747671724E-005  2.773505635732142E+001
    466  4.209680488227330E-005  5.848631456847294E+001
    871  4.207779306840230E-005  1.204638135739833E+002
    813  4.193546152131149E-005  1.170211975618395E+002
    573  4.184500886403001E-005  1.066520968004064E+002
    121  4.178018972091462E-005  2.937009161569695E+001
    557  4.096810846794684E-005  1.053298087456868E+002
    288  4.094386448400188E-005  3.825168870868715E+001
    405  4.079357324329235E-005  5.340951413863353E+001
    518  3.929873059230258E-005  6.116565427175681E+001
    357  3.909150947950803E-005  4.413715889769129E+001
    478  3.897422576917356E-005  5.880478287498814E+001
    166  3.878368908430807E-005  3.197534022905977E+001
    327  3.871413540682111E-005  3.980649710729982E+001
    988  3.833575855457393E-005  1.295230022337254E+002
    548  3.815064848532181E-005  1.041098140943872E+002
   1033  3.806469719522949E-005  1.314921549657209E+002
    334  3.805888161924047E-005  4.055961280242965E+001
    407  3.716554683895585E-005  5.355040632372296E+001
    152  3.707729520328683E-005  3.107793476288124E+001
    796  3.703473660924105E-005  1.160406419035091E+002
    137  3.639221463052000E-005  2.996307755422044E+001
    884  3.603701962400237E-005  1.212913619330936E+002
     99  3.538186006274742E-005  2.813215700322161E+001
    765  3.523732323956085E-005  1.138034732037320E+002
    597  3.521515609800336E-005  1.076362394255561E+002
     88  3.513622651263779E-005  2.776495450944637E+001
    267  3.505017851895877E-005  3.763942844703926E+001
     16  3.431380970650168E-005  2.083990463296455E+001
    176  3.401576766458996E-005  3.283702642513862E+001
    257  3.395136716469892E-005  3.716053985696894E+001
   1034  3.380257699060000E-005  1.314975717016592E+002
    981  3.364681729401568E-005  1.292686845988868E+002
    219  3.356967526789743E-005  3.435584966495736E+001
    649  3.348982786561373E-005  1.089557122086210E+002
      1  3.345459914866781E-005  1.480943860687432E+001
    283  3.312803667061323E-005  3.781664732037148E+001
    205  3.286860107229244E-005  3.418138862993963E+001
    401  3.277960398463941E-005  5.310952948046032E+001
    317  3.268690409708262E-005  3.952108816795088E+001
    194  3.257340258835600E-005  3.388123191050668E+001
    410  3.236962953920641E-005  5.380004782230375E+001
    542  3.209744974126756E-005  1.021380905135569E+002
    269  3.200532714861363E-005  3.766609016559832E+001
   1013  3.193046911669463E-005  1.306191025791559E+002
    203  3.178095840483173E-005  3.415596231316062E+001
   1005  3.153642116640916E-005  1.302961950162389E+002
    127  3.147459895902392E-005  2.958197907168710E+001
    420  3.147069896523185E-005  5.464265012038360E+001
    795  3.129666189766648E-005  1.159446042090269E+002
    751  3.118790777422779E-005  1.129352725370382E+002
    261  3.113103500801709E-005  3.751537038816641E+001
     71  3.104909428553493E-005  2.691074291878593E+001
    305  3.036981409859171E-005  3.919092577852600E+001
    942  3.031433650981856E-005  1.277896527703618E+002
    198  3.030285573521064E-005  3.410095577154824E+001
    455  3.027963634287275E-005  5.757818593173593E+001
     76  3.014111294133605E-005  2.719040433196805E+001
    995  3.007223833106729E-005  1.300556822463785E+002
   1069  2.969860808617852E-005  1.347402109836953E+002
    502  2.967096373162616E-005  6.033057478557798E+001
    253  2.952509453439366E-005  3.690338042035397E+001
     14  2.877499837348679E-005  2.047451167645159E+001
     61  2.877032937449283E-005  2.623624111749398E+001
    314  2.863590363647428E-005  3.944402428691944E+001
    611  2.859522400094835E-005  1.080609110523806E+002
    918  2.824158963905284E-005  1.263810693695273E+002
    826  2.814872672435820E-005  1.174535409692338E+002
   1041  2.765616436104144E-005  1.318604688563310E+002
    437  2.740529990743391E-005  5.567668099873953E+001
    719  2.733778934528880E-005  1.120361196403708E+002
    521  2.729056505634265E-005  6.120499406654021E+001
    136  2.705406748703546E-005  2.995197020395121E+001
    913  2.653753196685867E-005  1.260963173315474E+002
   1009  2.618487138307093E-005  1.304609142394732E+002
    262  2.616290168016966E-005  3.754826259370084E+001
    307  2.556001388205943E-005  3.924418415703018E+001
     50  2.516875749023871E-005  2.524792740229145E+001
    498  2.475634389081807E-005  6.006055704270973E+001
    494  2.384840613305386E-005  5.959072402434833E+001
    524  2.373161447071889E-005  6.196836567938324E+001
    733  2.340755740486395E-005  1.125211996768446E+002
    553  2.323453996802375E-005  1.045844149005738E+002
     22  2.306502333222109E-005  2.149928230079738E+001
    450  2.289522787295920E-005  5.723022636777802E+001
    475  2.258428077013322E-005  5.870955367754343E+001
    675  2.233677320380695E-005  1.101932688761904E+002
    171  2.223129409438085E-005  3.251692712246987E+001
    278  2.223128523387114E-005  3.775225448216675E+001
    260  2.186501663899455E-005  3.745846822965304E+001
    361  2.166337047733664E-005  4.509188248244521E+001
     15  2.158454386411033E-005  2.077312965636918E+001
    126  2.156427875913652E-005  2.957864372821811E+001
    561  2.132949194233375E-005  1.057823475786052E+002
    528  2.131629451029509E-005  6.211763689923020E+001
    730  2.120622219335683E-005  1.124678820560711E+002
    571  2.092288304353894E-005  1.065760725477823E+002
    921  2.080005049533498E-005  1.266347372507485E+002
    599  2.075074261778872E-005  1.077354408464688E+002
    123  2.074625750078358E-005  2.945706723223188E+001
    678  2.068877088213500E-005  1.105298402911861E+002
    605  2.065205366777584E-005  1.079476682950407E+002
    243  2.062146439802152E-005  3.580427376176280E+001
    170  2.059127313961266E-005  3.240864442722207E+001
    242  2.030960661875081E-005  3.575330164903793E+001
    558  1.975954723351345E-005  1.054235904423783E+002
    479  1.975197564683945E-005  5.886156225440574E+001
    222  1.952666872683110E-005  3.444665555523785E+001
    111  1.939880555029984E-005  2.891758955889047E+001
    817  1.902546901699903E-005  1.171745914510001E+002
    890  1.878630878163506E-005  1.222269695705770E+002
    778  1.860637958102836E-005  1.153062331743218E+002
    851  1.845088471892718E-005  1.189105890777936E+002
    681  1.843236504235100E-005  1.107150530846271E+002
    375  1.830388900803575E-005  4.577921754207221E+001
    473  1.828330577319275E-005  5.864875851961727E+001
    273  1.817881700500876E-005  3.771236202405859E+001
    312  1.757863134061412E-005  3.940338989709551E+001
    646  1.755014384330457E-005  1.089039652974663E+002
    746  1.742688916974951E-005  1.128150956859242E+002
    321  1.729354028116750E-005  3.959878738143280E+001
    584  1.717273558820335E-005  1.071415131646536E+002
     84  1.704052275425065E-005  2.748397341497807E+001
    543  1.655744103497028E-005  1.026098663261161E+002
    147  1.650601889238815E-005  3.045498909450352E+001
    623  1.650481798641013E-005  1.084311616311891E+002
    948  1.627857206300176E-005  1.280530341997139E+002
     49  1.625974776003562E-005  2.521926711432687E+001
     25  1.618575374291364E-005  2.268285797328677E+001
    527  1.610324380985875E-005  6.211137902133680E+001
    989  1.598164305994888E-005  1.296856498562064E+002
   1021  1.587942924127870E-005  1.308784400027895E+002
    193  1.574974592994242E-005  3.387383688791338E+001
    645  1.570970581646328E-005  1.088758352374567E+002
    162  1.570715267337638E-005  3.142013005221356E+001
     63  1.570688569397123E-005  2.633691355837915E+001
    883  1.568523641315339E-005  1.212822283474710E+002
    594  1.550094009695204E-005  1.075267994995216E+002
    843  1.523363962708359E-005  1.181049125326048E+002
     72  1.516093262021858E-005  2.695844835194747E+001
    323  1.497829938615267E-005  3.963162035223775E+001
    372  1.459334477592552E-005  4.569660817760900E+001
    179  1.448165918330708E-005  3.301071504933698E+001
    470  1.415211325785121E-005  5.858950887133865E+001
    879  1.409597739565083E-005  1.208628531744268E+002
    529  1.393686958065484E-005  6.213305424318654E+001
    313  1.390681208876415E-005  3.941220320488696E+001
   1020  1.367572241643720E-005  1.308300137670077E+002
    481  1.350432392349949E-005  5.889564718758225E+001
    513  1.342734485708691E-005  6.111701004965728E+001
    674  1.335667327551029E-005  1.101627157855635E+002
    511  1.331516893090175E-005  6.108291035790679E+001
   1027  1.328819132566553E-005  1.311414239553258E+002
    463  1.327713386998717E-005  5.840368106338346E+001
    683  1.321278593494166E-005  1.107854094171573E+002
    445  1.320248140116227E-005  5.650985963977887E+001
    204  1.317069195677296E-005  3.416741852472765E+001
    672  1.295951068919376E-005  1.100523893058521E+002
     13  1.291545625273988E-005  2.038781372204352E+001
    234  1.287740734616320E-005  3.541632958107625E+001
    373  1.280511724566507E-005  4.573517441489172E+001
    577  1.275192379714748E-005  1.068269012623950E+002
    836  1.271465087272286E-005  1.177792466123822E+002
    112  1.269063914809570E-005  2.893182478938967E+001
    583  1.259752361110558E-005  1.070323413352247E+002
    526  1.243070639097949E-005  6.205614154690332E+001
    216  1.200634513500913E-005  3.431915233475488E+001
    907  1.160747608432430E-005  1.254774984052440E+002
    894  1.155380358710696E-005  1.226855190700912E+002
    616  1.141931351499224E-005  1.081902144651443E+002
    671  1.117220604250359E-005  1.100461630260976E+002
    916  1.111065734323428E-005  1.261858055404796E+002
    899  1.105942550899007E-005  1.237750393258326E+002
     57  1.074482443243980E-005  2.601044601303876E+001
    589  1.069372901604295E-005  1.073243551551986E+002
    757  1.068670617526133E-005  1.131455979007981E+002
    220  1.068199835530753E-005  3.440936379612124E+001
    810  1.060696577243896E-005  1.168542717379606E+002
    329  1.053806964457502E-005  3.994917835777716E+001
    624  1.040067484896791E-005  1.084534043855216E+002
    567  1.037323137889326E-005  1.061175767374582E+002
    302  1.026590011875396E-005  3.874867387838012E+001
    350  1.010637300731877E-005  4.287084402122760E+001
    541  9.933647607950240E-006  1.020561485810812E+002
    429  9.927522615821812E-006  5.542704693693687E+001
     19  9.889708839364746E-006  2.137958735177528E+001
    569  9.740615389484151E-006  1.064024371239422E+002
    550  9.696876507851251E-006  1.044255141670578E+002
    808  9.675090233690287E-006  1.166438640424820E+002
     83  9.647750914996604E-006  2.745200449399356E+001
   1029  9.518086196241936E-006  1.312589073638632E+002
    983  9.507368301015939E-006  1.293699640118089E+002
    626  9.485432012185255E-006  1.085197354965440E+002
    579  9.443164008325784E-006  1.068810185812333E+002
    962  9.176910534070129E-006  1.284190833846668E+002
    622  9.086806668263842E-006  1.084041586407917E+002
    370  8.996780800588534E-006  4.562254251008403E+001
    580  8.924149271617969E-006  1.069063882425304E+002
    508  8.838133057592052E-006  6.101348113010317E+001
    315  8.786820410047803E-006  3.946262277995078E+001
    656  8.766137258717971E-006  1.092383325553483E+002
    354  8.623175496663861E-006  4.358717802496741E+001
    574  8.612080097097889E-006  1.067089856517616E+002
    328  8.607162868851415E-006  3.982877398686839E+001
    339  8.528297599990971E-006  4.199721405536648E+001
    457  8.515208642808119E-006  5.770039153165104E+001
    827  8.492363378619901E-006  1.174913134466901E+002
   1063  8.411233480470644E-006  1.338610239777397E+002
    246  8.376001614777584E-006  3.612200287477440E+001
    582  8.374384017242581E-006  1.069886979669129E+002
    512  8.018422075459520E-006  6.110465593383906E+001
    772  7.997694638514984E-006  1.144444014986270E+002
    968  7.986132440106868E-006  1.287893908307005E+002
    172  7.963226892508105E-006  3.254695536480502E+001
   1022  7.833930646861230E-006  1.309570316227355E+002
    595  7.829277005178280E-006  1.075727311228692E+002
    713  7.735452956866491E-006  1.118750446375970E+002
    670  7.660169678985493E-006  1.099218253642219E+002
    600  7.634016632452479E-006  1.078192567961393E+002
    641  7.592547618943880E-006  1.088136450829588E+002
    695  7.575446391659602E-006  1.110404578737834E+002
    441  7.422578072634816E-006  5.602297434426368E+001
    469  7.177406224659978E-006  5.857260373695996E+001
    596  7.125510195359037E-006  1.076305596761092E+002
    682  6.897927961554175E-006  1.107795174367904E+002
   1046  6.838422936965240E-006  1.322741703884410E+002
    601  6.834610574375902E-006  1.078222216339937E+002
    689  6.796914531561288E-006  1.108992280227757E+002
    895  6.777464342651622E-006  1.231922658586809E+002
     26  6.756375856534118E-006  2.275577786050195E+001
   1026  6.667824305623192E-006  1.310988308446859E+002
    181  6.636675342529103E-006  3.309588236011395E+001
   1014  6.578661386565457E-006  1.306579532637773E+002
     81  6.441025396569083E-006  2.737831616504717E+001
    259  6.402473691842201E-006  3.731129763636223E+001
    847  6.309140190615015E-006  1.183795327778256E+002
    684  6.256502640084746E-006  1.108055531440044E+002
    130  6.247280943033948E-006  2.969026097336859E+001
    865  6.171912493072356E-006  1.195233182598442E+002
    774  5.696552024898911E-006  1.147299018357027E+002
    368  5.605884215776016E-006  4.552075151204606E+001
    435  5.598355155392507E-006  5.559833163642786E+001
    829  5.595002402497788E-006  1.175434491795728E+002
    807  5.465493749929936E-006  1.166040027024774E+002
    465  5.427326700990784E-006  5.845233409136720E+001
    868  5.423968315839887E-006  1.199994649602093E+002
    408  5.386695807675594E-006  5.368647704938994E+001
     68  5.363554189155208E-006  2.665958995788216E+001
    416  5.299668894756653E-006  5.412105627361211E+001
    709  5.247791231900782E-006  1.116986555393093E+002
    724  5.227096341681721E-006  1.122474317356576E+002
    744  5.187365941025861E-006  1.127340165661099E+002
    633  5.179948164919917E-006  1.086770367044967E+002
    366  5.155440687909365E-006  4.541480133184800E+001
    800  5.099603703949547E-006  1.161811067685375E+002
    532  5.042818036113380E-006  6.299204701993657E+001
    831  4.979412313635722E-006  1.175849164822640E+002
    717  4.954281074576417E-006  1.119901298340990E+002
    964  4.945593868274320E-006  1.284811881676410E+002
    910  4.897270151078298E-006  1.258349422363612E+002
    777  4.893585732688015E-006  1.150636811545726E+002
    853  4.892187553624486E-006  1.189950762444425E+002
    311  4.852759299594436E-006  3.939193935233331E+001
    107  4.850323136270077E-006  2.880093649968087E+001
   1040  4.770038748093841E-006  1.318325334098182E+002
    787  4.720781943576151E-006  1.157066821730262E+002
    896  4.628288847932500E-006  1.231967026860033E+002
    593  4.615556887725066E-006  1.074633420950339E+002
    768  4.558075857298382E-006  1.140511281344195E+002
    484  4.543197542323982E-006  5.894622531819898E+001
    634  4.529154749005684E-006  1.087110579745548E+002
    447  4.445655640039979E-006  5.692641404400948E+001
    820  4.404587424881177E-006  1.173160626674297E+002
   1068  4.349639725675030E-006  1.342139437973118E+002
    480  4.248404951065797E-006  5.887142017505539E+001
    296  4.176100321441590E-006  3.847026909032138E+001
    353  4.029670070201411E-006  4.354452657935016E+001
      2  4.017769519843630E-006  1.507477314615795E+001
    608  3.969986928850591E-006  1.080310773431174E+002
    477  3.962603503417082E-006  5.875439662154096E+001
    631  3.851427307374542E-006  1.086593678715634E+002
   1032  3.822814336282548E-006  1.314270448258869E+002
    177  3.749608175540125E-006  3.286305119332699E+001
    636  3.711395052231192E-006  1.087412284437008E+002
    227  3.654559231139554E-006  3.461221107986133E+001
    844  3.550243918050743E-006  1.182236522024691E+002
   1028  3.531029293456687E-006  1.312419762585663E+002
    643  3.509154394934548E-006  1.088529165631816E+002
    224  3.481192130881394E-006  3.456258153743839E+001
    509  3.476890847573199E-006  6.104665142125116E+001
    175  3.459337087343561E-006  3.282740528695558E+001
    433  3.448923126662920E-006  5.552394895078822E+001
    979  3.445290807222674E-006  1.292073280791942E+002
    665  3.439292693771347E-006  1.096195054263975E+002
    812  3.436394330610209E-006  1.169499526914024E+002
    739  3.419735854187193E-006  1.126267264275300E+002
    591  3.394151317049748E-006  1.073970459895217E+002
    506  3.348198380840920E-006  6.092479484159845E+001
   1004  3.295703015026437E-006  1.302828791464404E+002
    679  3.251014397252424E-006  1.106299731616480E+002
    927  3.201335729361943E-006  1.271118445081471E+002
    621  3.182889745768339E-006  1.083828600305560E+002
    986  3.140315915914286E-006  1.294778988001748E+002
    522  3.124551805085057E-006  6.189501394570030E+001
    471  3.073515166243560E-006  5.859921299406331E+001
    963  3.064335958432612E-006  1.284456810480366E+002
    146  3.059356706367789E-006  3.038455959742199E+001
    281  3.053921357362035E-006  3.778222215271058E+001
    657  3.044109715295562E-006  1.092680437977900E+002
    496  3.015087573627069E-006  5.977778544840232E+001
    923  3.012992335853803E-006  1.267345977181097E+002
    804  2.995222987104656E-006  1.164307012054320E+002
    816  2.964935492089175E-006  1.170854692244173E+002
    854  2.964589580775322E-006  1.190938927222375E+002
     56  2.956972178329486E-006  2.577494999028338E+001
    782  2.951997153123803E-006  1.155663554633046E+002
    225  2.941810295946857E-006  3.458265676939745E+001
    938  2.940341426339904E-006  1.276246332177813E+002
     42  2.882808548498537E-006  2.442065503900721E+001
    771  2.862756868907139E-006  1.142541813627527E+002
    250  2.819698008181007E-006  3.645071914574685E+001
    603  2.786588990534490E-006  1.078480909052838E+002
    848  2.785568452271056E-006  1.185512117490796E+002
    625  2.785063423374216E-006  1.084878781680722E+002
    994  2.738307823402109E-006  1.299886393654431E+002
    122  2.701924617716975E-006  2.942821875092930E+001
    922  2.692243824781932E-006  1.267277337836395E+002
    781  2.652944605956979E-006  1.155015502370288E+002
    619  2.634428987789374E-006  1.083262496248409E+002
   1065  2.617492098565133E-006  1.340986810838602E+002
    936  2.590114508808858E-006  1.275963114471066E+002
    362  2.583291341765137E-006  4.520209191521082E+001
   1035  2.568806335747137E-006  1.315022364948826E+002
    685  2.531978900631746E-006  1.108208915724099E+002
    909  2.527226264939172E-006  1.256671150468244E+002
    696  2.507363270179379E-006  1.111110130672436E+002
    790  2.503869485030628E-006  1.158127479939932E+002
    640  2.489082966024556E-006  1.088027953187827E+002
    660  2.481608658161485E-006  1.093929129115852E+002
    815  2.417096174669589E-006  1.170844697210597E+002
    845  2.398336482243209E-006  1.182722434309271E+002
    770  2.391793004610790E-006  1.141655133118217E+002
    651  2.385871531541243E-006  1.090123807306586E+002
    944  2.356913752856981E-006  1.278264506290159E+002
    286  2.339472649969702E-006  3.806107114689090E+001
    268  2.302025635669778E-006  3.765614789507087E+001
    846  2.275981080276386E-006  1.183733977129572E+002
    610  2.272170162786450E-006  1.080548791140610E+002
    862  2.245698650807736E-006  1.194326389788892E+002
    590  2.238602105116150E-006  1.073381491314167E+002
    863  2.215775242257585E-006  1.194780899982511E+002
    977  2.191302275611336E-006  1.291448023039548E+002
    642  2.179165554372466E-006  1.088349318990273E+002
    798  2.099857682979735E-006  1.161233232814441E+002
    699  2.065894315000139E-006  1.111753891148923E+002
    943  2.065890801413444E-006  1.278255860865938E+002
    758  2.063316653144541E-006  1.131945788764974E+002
    129  2.043200330500478E-006  2.967722940199728E+001
    707  2.011483350193897E-006  1.116484954290111E+002
   1017  1.955679407037676E-006  1.307020085696559E+002
    209  1.952500404849714E-006  3.420776675567321E+001
    476  1.951061194324437E-006  5.874284760292872E+001
    915  1.943512271527941E-006  1.261627872997085E+002
    586  1.890498452034252E-006  1.072414988471015E+002
    809  1.885866077603395E-006  1.168273457040169E+002
    949  1.869594026858752E-006  1.280833568476082E+002
    648  1.862288732175632E-006  1.089328290594756E+002
    673  1.820974557883578E-006  1.101090602242966E+002
    931  1.810303710427977E-006  1.272754104030811E+002
     77  1.791920258581228E-006  2.720977418778346E+001
    677  1.791274426234476E-006  1.104103779431708E+002
    926  1.788911644435242E-006  1.269935099435139E+002
    668  1.781774385911123E-006  1.098358517134249E+002
    432  1.765325450480717E-006  5.551253331854516E+001
    849  1.759102713460387E-006  1.186556798515274E+002
    893  1.749451922436683E-006  1.225899968537864E+002
    794  1.718345517618453E-006  1.159299755047292E+002
    195  1.702451405014910E-006  3.399004655216064E+001
    932  1.684405711811672E-006  1.272890793904072E+002
    562  1.679545008227472E-006  1.058125905236654E+002
    124  1.676571337091680E-006  2.953039329658957E+001
    714  1.663270081880003E-006  1.118865310298163E+002
    786  1.651376896336346E-006  1.156679892855772E+002
    852  1.649750467552469E-006  1.189308904937423E+002
    990  1.638238408696942E-006  1.297249883032466E+002
    226  1.608593220722736E-006  3.460914941435140E+001
   1051  1.606951837901336E-006  1.330173846663143E+002
    490  1.606621420150746E-006  5.909746584665749E+001
    618  1.597370277602859E-006  1.083041655146542E+002
    556  1.585986772668989E-006  1.053074591696642E+002
    349  1.579697563551841E-006  4.279212686889406E+001
     52  1.570599166123876E-006  2.532370304309600E+001
    792  1.543186444514728E-006  1.158579110744502E+002
   1010  1.533607650277376E-006  1.305150376372933E+002
    715  1.526984244060721E-006  1.119122168057061E+002
    488  1.494232499208475E-006  5.904214899548738E+001
    388  1.487919740973122E-006  4.916519389587509E+001
    461  1.485011520372546E-006  5.832169084274378E+001
    284  1.481257793023311E-006  3.794002386601017E+001
    901  1.479454501880950E-006  1.246352700151236E+002
    917  1.457935580618166E-006  1.262583151256411E+002
    767  1.437134921570168E-006  1.139787538815297E+002
     59  1.428150828323513E-006  2.608228483109795E+001
    520  1.417905646348481E-006  6.117519869664547E+001
    627  1.411045151309298E-006  1.085359599099982E+002
    933  1.394998483891065E-006  1.272967505112425E+002
    919  1.394040018058957E-006  1.264669767465423E+002
    761  1.386609119419105E-006  1.134019555363662E+002
    345  1.374954682643277E-006  4.248475366295001E+001
    732  1.338598657410067E-006  1.124809932511083E+002
   1043  1.333712042487112E-006  1.320181582363304E+002
    978  1.304013085186546E-006  1.291764873003617E+002
   1056  1.276043231582742E-006  1.332822863268028E+002
    740  1.258645084904001E-006  1.126281679605138E+002
    664  1.248193835710215E-006  1.095868237421283E+002
    966  1.242957546364205E-006  1.287120665380274E+002
    235  1.240732800070982E-006  3.553329683850696E+001
   1007  1.239766824787511E-006  1.303971511397991E+002
    132  1.225949986904608E-006  2.978147182311027E+001
   1016  1.213052161454939E-006  1.306784011483153E+002
    228  1.182812972758870E-006  3.465329128304563E+001
    316  1.163251852182967E-006  3.947722492082590E+001
    400  1.162324092695108E-006  5.304406357850599E+001
    703  1.149382753133651E-006  1.113359924967504E+002
     47  1.143822799881859E-006  2.514695584094496E+001
    764  1.129824281921294E-006  1.137269990775531E+002
    982  1.125284832996578E-006  1.293230544301462E+002
    908  1.106110642846391E-006  1.256350992978881E+002
    424  1.094554611385115E-006  5.504400290817051E+001
    985  1.080183810103459E-006  1.294454523269476E+002
    516  1.077700527697254E-006  6.114879167768425E+001
    859  1.071877210569004E-006  1.193117826572047E+002
    614  1.032026967963393E-006  1.081499604581023E+002
    822  1.027400888284663E-006  1.173379890193997E+002
    821  1.026205880594595E-006  1.173213489801490E+002
    688  1.020885610028189E-006  1.108652117541332E+002
    736  9.801439922109803E-007  1.125700463249535E+002
    722  9.713428335496305E-007  1.121989232781130E+002
    606  9.499786484209774E-007  1.079754075340127E+002
   1077  9.482299683726614E-007  6.189178021453241E+002
    939  9.285429733438564E-007  1.276788938661296E+002
   1054  8.866540426685511E-007  1.332101619260334E+002
    217  8.768862948309415E-007  3.432077633458158E+001
    702  8.737575603173794E-007  1.112791472783473E+002
    700  8.731348824158563E-007  1.112187707043413E+002
    957  8.599347725935058E-007  1.283224605383935E+002
    955  8.588539306603054E-007  1.283043098504922E+002
    828  8.507894434374998E-007  1.175132070682912E+002
    629  8.408200639553686E-007  1.086436456014825E+002
    824  8.404835885136888E-007  1.173851057796732E+002
    256  8.225884408593064E-007  3.708485200545782E+001
    920  7.985465918805533E-007  1.265729199247587E+002
    705  7.387434145338825E-007  1.114879185885843E+002
    662  7.300938401498733E-007  1.094304874643061E+002
    780  7.168154064458419E-007  1.153482258688003E+002
    655  6.914297137917942E-007  1.092114390318620E+002
    805  6.879441402770382E-007  1.165442309434909E+002
    711  6.875121128153004E-007  1.117833092223069E+002
     97  6.676140592620825E-007  2.809615145046481E+001
    830  6.549870706340492E-007  1.175448785112390E+002
    371  6.392751821063178E-007  4.567834615857563E+001
    876  6.390042966277585E-007  1.207338716680959E+002
    825  6.353014397352447E-007  1.174155068731360E+002
    766  6.284763464389032E-007  1.138313497862233E+002
    644  6.037857659959315E-007  1.088699046594824E+002
   1048  6.013561296634114E-007  1.325281096806480E+002
    277  5.954992391036026E-007  3.774405278528796E+001
    637  5.813363492907346E-007  1.087708716348475E+002
    729  5.786931719528573E-007  1.124070412533170E+002
    980  5.692841041953579E-007  1.292322903638887E+002
    838  5.557391543359979E-007  1.178077045912047E+002
    832  5.526812872128359E-007  1.176150872586579E+002
    726  5.420876732404528E-007  1.123280306605216E+002
   1064  5.389080647427640E-007  1.339182935247794E+002
   1003  5.366576270823021E-007  1.302792324598297E+002
    925  5.354548393555774E-007  1.268943605090481E+002
    653  5.193355739335969E-007  1.090926521840726E+002
    961  5.163563924666300E-007  1.283826108536399E+002
    612  5.141065600315210E-007  1.080838271474082E+002
    878  5.120622320081865E-007  1.208553192243232E+002
    935  5.108028538403768E-007  1.274477748704804E+002
    178  5.098212510740493E-007  3.291892583427273E+001
    788  5.078859858629730E-007  1.157595566872355E+002
    818  5.055593012828172E-007  1.172202887178189E+002
    959  4.946612639414786E-007  1.283643788123119E+002
    888  4.935665178478322E-007  1.215384892766490E+002
    873  4.789658902209258E-007  1.205400953636918E+002
    200  4.735610419089326E-007  3.413076352937113E+001
    439  4.693520183542917E-007  5.581771077364913E+001
    839  4.632947760770602E-007  1.178451551754228E+002
    735  4.588755358619954E-007  1.125422257639707E+002
    120  4.525547828617795E-007  2.935022978395871E+001
   1025  4.420105713774486E-007  1.310823101564250E+002
    753  4.330685234636527E-007  1.130399909728984E+002
    750  4.283363155769565E-007  1.128980084302201E+002
    734  4.205040818961591E-007  1.125227414297757E+002
    692  4.017825469366369E-007  1.109991362888409E+002
    874  4.012395933028815E-007  1.206463359037059E+002
    779  3.929439464499483E-007  1.153237642854880E+002
    900  3.893709039164350E-007  1.240255399934555E+002
    721  3.778940209218446E-007  1.121902054803930E+002
   1001  3.677446202249581E-007  1.301907504163165E+002
    363  3.629589547269119E-007  4.523665715266514E+001
    974  3.539218617825825E-007  1.290391941684268E+002
    776  3.438097056985206E-007  1.150535509847603E+002
    638  3.405451853786712E-007  1.087773663504995E+002
    728  3.331368559690542E-007  1.123911467240560E+002
    912  3.197250983060452E-007  1.259977317017505E+002
    834  3.120489140524487E-007  1.176651591794238E+002
    747  3.034716425496448E-007  1.128221651622354E+002
    971  2.875540263440584E-007  1.289111652451389E+002
    811  2.871505151083103E-007  1.169131613251637E+002
    906  2.871364393156503E-007  1.253859334012492E+002
    720  2.831891752541063E-007  1.121496181246094E+002
    941  2.768494955695573E-007  1.277239710636116E+002
    882  2.685025095414222E-007  1.212606419968792E+002
   1012  2.665815629495104E-007  1.305860585800326E+002
    814  2.665789046812331E-007  1.170571282096026E+002
    856  2.638184046625542E-007  1.192407591408727E+002
    118  2.612949983905735E-007  2.927665934202001E+001
   1023  2.609571463495704E-007  1.309907545973144E+002
    412  2.560353136575117E-007  5.399327798218789E+001
    428  2.414056532840540E-007  5.539697768550786E+001
    369  2.212299690533302E-007  4.556664797594529E+001
    263  2.207745584953195E-007  3.756851288337069E+001
   1002  2.131949880453266E-007  1.301955720736593E+002
    987  2.065055216416505E-007  1.295218650079724E+002
    857  1.985519321216240E-007  1.192977858717030E+002
   1059  1.961011343264841E-007  1.335352794510990E+002
    860  1.950469010692249E-007  1.193608179742887E+002
    867  1.929105744445271E-007  1.199420338065019E+002
     51  1.872933854110362E-007  2.527497960196780E+001
   1073  1.670007491126774E-007  1.355646294676644E+002
    841  1.608613395256309E-007  1.180046875638410E+002
    819  1.324726084485962E-007  1.172617623112352E+002
    993  1.306483432003839E-007  1.299638892136509E+002
    741  1.217058417014785E-007  1.126383251241469E+002
    628  1.213282169958761E-007  1.085999071252231E+002
    581  1.210957269621142E-007  1.069166383916512E+002
    773  1.154169102157128E-007  1.146041296786391E+002
   1037  1.152341030665838E-007  1.316166834102353E+002
    718  1.139365014789890E-007  1.120307816427976E+002
    443  1.130079004118149E-007  5.615506371008289E+001
    891  1.127040546592743E-007  1.222344606190913E+002
    704  1.060479865963418E-007  1.114088220449556E+002
    701  1.060169178243774E-007  1.112655741498095E+002
    858  9.680855669002873E-008  1.193043137223610E+002
    540  9.337147614685372E-008  1.019596674086986E+002
    904  9.207408969289456E-008  1.250437756508075E+002
    483  8.210707077615936E-008  5.892865432514233E+001
    914  8.207267986766272E-008  1.261343003660832E+002
    869  8.153323464935010E-008  1.201465244096069E+002
    620  7.425014015413370E-008  1.083700393844588E+002
   1049  7.277522293692886E-008  1.325964910892840E+002
    969  7.238621282999494E-008  1.288232913140608E+002
    693  7.062732436327168E-008  1.110198391814811E+002
    999  7.020906098612299E-008  1.301340763851820E+002
    864  6.738556512592494E-008  1.195154318953015E+002
    487  6.414858514076650E-008  5.901096182276392E+001
    801  6.174642555334200E-008  1.162412158177078E+002
    585  5.009222101013718E-008  1.071721890576240E+002
    861  4.715766183149640E-008  1.193618968506130E+002
    850  4.530019708058525E-008  1.188640670964077E+002
    833  4.249682336271767E-008  1.176450554682990E+002
    342  3.933784669590554E-008  4.219280462450153E+001
    115  3.775686102261719E-008  2.908676806680809E+001
    958  3.443782859167342E-008  1.283326337970340E+002
    652  3.240682410864429E-008  1.090805000764319E+002
   1019  2.925090808304578E-008  1.307856127904329E+002
    953  2.884305074946976E-008  1.282835790234384E+002
    951  2.832306863300960E-008  1.282127111215003E+002
    775  2.776385874651506E-008  1.149447083106751E+002
    252  2.330664703000064E-008  3.681481496629917E+001
    840  2.221576732947418E-008  1.179674198090055E+002
    191  1.991980625526736E-008  3.372798248811258E+001
    823  1.971330000538923E-008  1.173434151863991E+002
    647  1.927608504382423E-008  1.089204596390746E+002
    598  1.731775394226271E-008  1.077082259858063E+002
    752  1.585838408205069E-008  1.129825416205730E+002
    271  1.549970852233658E-008  3.769377629908810E+001
   1061  1.339420583439099E-008  1.338239896777959E+002
    946  1.220167369477985E-008  1.279201366409634E+002
    806  7.175810519588754E-009  1.165904998677036E+002
    784  7.122240343057603E-009  1.156115101864969E+002
    996  6.928377271949164E-009  1.300741546440489E+002
    837  5.774187312982464E-009  1.177814246314451E+002
    499  5.100927530063038E-009  6.010190034988052E+001
    743  4.534157231175560E-009  1.126739704882794E+002
    956  4.373243825599611E-009  1.283075816024711E+002
    650  4.002287320775673E-009  1.090061273622073E+002
    723  3.733841454316705E-009  1.122249597820348E+002
   1030  2.546201916577360E-009  1.313677884464318E+002
    872  2.185034453072471E-009  1.204992644439996E+002
    880  2.109432012535304E-009  1.209811659012211E+002
    501  1.394957114802773E-009  6.025540211442135E+001
    881  7.889120015449990E-010  1.212001054655417E+002
    965  5.581291436131565E-010  1.286084743618769E+002
    759  5.272189413843740E-010  1.132523759465808E+002
    504  5.120286852666722E-010  6.073767201700102E+001
    748  4.094253147324715E-010  1.128453459062848E+002
    406  2.586836646509102E-010  5.347162595814701E+001
    885  9.943670105418689E-011  1.213849358963692E+002
    889  5.567505542441969E-011  1.221096476933091E+002
   1015  3.472903502464450E-011  1.306693309857935E+002
