# Number of modes
   1077
# Tabulated for different initial and final frequencies?
    F
# Mode index, Sj, (highest to lowest), omega_j
    418  4.441566372202757E-002  5.440760214654593E+001
    392  3.407628368097908E-002  4.975569880244111E+001
    391  1.249636757842210E-002  4.935295074539214E+001
    537  1.030899384321994E-002  7.348438751630307E+001
    358  9.943617003696991E-003  4.418411045040358E+001
    422  9.624363010978063E-003  5.478392604221921E+001
    154  9.506705684825121E-003  3.128025029310897E+001
    384  9.407557827017302E-003  4.693482184770667E+001
     90  9.304575908028204E-003  2.792299487571685E+001
    390  9.154112298097742E-003  4.930034545373515E+001
    386  8.062996680735219E-003  4.778448827008048E+001
   1070  7.671428908569581E-003  1.350535885837313E+002
    452  7.324518926872891E-003  5.732416656661538E+001
    427  7.217401916355977E-003  5.530625255614972E+001
   1041  7.013420802014821E-003  1.318604688563310E+002
    248  6.462400292147145E-003  3.617742791171408E+001
     80  5.645885514811897E-003  2.737665388114407E+001
   1038  5.557899749648041E-003  1.317153469634680E+002
     27  5.399443711254130E-003  2.288948685305089E+001
     67  5.153868997424963E-003  2.663955326886673E+001
    454  5.021269204147447E-003  5.753531790534946E+001
     65  4.467424611070511E-003  2.645533186342116E+001
    453  3.987568543582653E-003  5.734859743017803E+001
     91  3.905923824500945E-003  2.795709450840539E+001
   1050  3.708651597080409E-003  1.326682006609648E+002
    552  3.696179949391492E-003  1.045004516183760E+002
    566  3.658291466149993E-003  1.060197199307676E+002
     86  3.474283047808336E-003  2.760340701365068E+001
    300  3.365013337240482E-003  3.871033423098082E+001
   1039  3.355167313155739E-003  1.317789778316224E+002
    434  3.296785992531772E-003  5.556859477681133E+001
    438  3.126826181372082E-003  5.568774314714533E+001
    413  2.938079520221129E-003  5.407796767412047E+001
    380  2.923211145739255E-003  4.621788456267294E+001
    450  2.909131569012954E-003  5.723022636777802E+001
    164  2.901927035958817E-003  3.156123118588701E+001
     73  2.782085489806098E-003  2.704395448663374E+001
    230  2.741719389414583E-003  3.507000892128892E+001
    297  2.654641622935397E-003  3.850412000814609E+001
     71  2.640412764722902E-003  2.691074291878593E+001
    258  2.478940281911422E-003  3.725675246841864E+001
    448  2.454246105416048E-003  5.707216855561523E+001
    165  2.320369529470082E-003  3.194792507678593E+001
    356  2.290852457949688E-003  4.399929676237998E+001
   1044  2.222105144281879E-003  1.320835593454495E+002
    535  2.200932926199524E-003  7.234684016852472E+001
     10  2.197371029470846E-003  1.630017574824609E+001
    344  2.176007005170206E-003  4.229281490750487E+001
   1062  2.079865218409495E-003  1.338537297016246E+002
    100  2.063645610250010E-003  2.814590236831992E+001
   1048  2.018274373236490E-003  1.325281096806480E+002
    478  1.861973418916941E-003  5.880478287498814E+001
    462  1.854665095536884E-003  5.834568949164402E+001
    402  1.777610995285721E-003  5.323403324336612E+001
    308  1.669145187229525E-003  3.924824416979163E+001
     29  1.646258570061426E-003  2.304600720746813E+001
    405  1.611632056932200E-003  5.340951413863353E+001
     55  1.565257680679425E-003  2.564739582447731E+001
    973  1.560128778778436E-003  1.290303348922233E+002
    383  1.507717001962189E-003  4.665506804468283E+001
    103  1.463146705928491E-003  2.854698030319213E+001
   1060  1.438586716169553E-003  1.336329109810919E+002
    302  1.412126880416598E-003  3.874867387838012E+001
    245  1.389549426288500E-003  3.584895809931362E+001
    928  1.276449847917321E-003  1.271758190169006E+002
     94  1.268009480479766E-003  2.803048707399637E+001
    163  1.267450893227570E-003  3.148605603035891E+001
     60  1.206151380052048E-003  2.612817271153773E+001
    291  1.201364225368829E-003  3.834865717601958E+001
    198  1.180508514170729E-003  3.410095577154824E+001
   1045  1.164588097991590E-003  1.322246800166877E+002
    475  1.154030021642468E-003  5.870955367754343E+001
    341  1.109954353814676E-003  4.207899368185591E+001
    485  1.107984076257095E-003  5.896971858223063E+001
    563  1.100860363350987E-003  1.058622417292547E+002
    186  1.089771567615711E-003  3.335079910483972E+001
    967  1.081002758445933E-003  1.287730879251822E+002
    929  1.072930621754178E-003  1.272324166790593E+002
     35  1.051159768799188E-003  2.406163852032448E+001
    343  1.050009034398862E-003  4.223776350771931E+001
     32  1.014019224362607E-003  2.386019687247388E+001
   1036  9.715672869798932E-004  1.315563975924429E+002
    507  9.650771071938893E-004  6.098134465730102E+001
    976  9.619081673074008E-004  1.291265023483052E+002
    669  9.567634145688537E-004  1.098991161820264E+002
    340  9.457125500665667E-004  4.203744443197692E+001
    497  9.393847351967177E-004  5.984833423050026E+001
    188  9.223750805381490E-004  3.343297855491465E+001
    415  9.073768723265329E-004  5.409773008136273E+001
    491  9.060828780824763E-004  5.916484178919298E+001
   1034  9.009112390227407E-004  1.314975717016592E+002
   1064  8.963572049435239E-004  1.339182935247794E+002
    407  8.936645535929360E-004  5.355040632372296E+001
    580  8.817262237193306E-004  1.069063882425304E+002
    870  8.811200549110201E-004  1.203621491035894E+002
    472  8.464846977890273E-004  5.860732378330380E+001
    547  8.362838412728138E-004  1.040413527560943E+002
    875  8.331781417350506E-004  1.206504418490652E+002
     92  8.299344010108334E-004  2.796966533379813E+001
     79  8.186570494202149E-004  2.728143790603452E+001
    426  7.935227873530226E-004  5.521112029631625E+001
     44  7.844687478818853E-004  2.487547588775838E+001
    487  7.566136769302972E-004  5.901096182276392E+001
   1072  7.427177425327666E-004  1.354275255218108E+002
    503  7.375927751985899E-004  6.062899617907863E+001
    459  7.193610646059334E-004  5.797524108925945E+001
    292  7.110462849525530E-004  3.837765227419467E+001
    458  6.960541335619823E-004  5.780961640938520E+001
    479  6.957786632371271E-004  5.886156225440574E+001
    468  6.908599268135201E-004  5.850419738659161E+001
    288  6.891536325769566E-004  3.825168870868715E+001
     98  6.880217973423566E-004  2.810036398063808E+001
    236  6.502417811945690E-004  3.558504171265294E+001
    421  6.433520082106870E-004  5.469982084171487E+001
    582  6.397692540907394E-004  1.069886979669129E+002
    310  6.283074050230873E-004  3.933560718805473E+001
    680  6.280075154207151E-004  1.106808485277705E+002
    937  6.053011018800397E-004  1.275975168353670E+002
    436  5.925614115960327E-004  5.562240782737462E+001
   1008  5.901193242008190E-004  1.304054287055121E+002
    316  5.783819964415024E-004  3.947722492082590E+001
    930  5.645300796649359E-004  1.272550109882912E+002
    155  5.570514354093986E-004  3.129077640287002E+001
   1033  5.286832723039858E-004  1.314921549657209E+002
    318  5.286611202189088E-004  3.952690512520030E+001
   1001  5.258493251895829E-004  1.301907504163165E+002
    393  5.245572336594738E-004  5.117422678475859E+001
    125  5.084085136175329E-004  2.955205187993630E+001
    464  5.008612277174354E-004  5.841767339850505E+001
    335  4.936616291527045E-004  4.064698242871874E+001
    381  4.860396624198792E-004  4.623753374880091E+001
    290  4.828050783897518E-004  3.834059039797889E+001
    241  4.797683834460063E-004  3.573178726353736E+001
   1006  4.735342863237287E-004  1.303473844140781E+002
    359  4.726088387666039E-004  4.440820660542785E+001
    877  4.615292422785682E-004  1.207635072396237E+002
    419  4.575635978656463E-004  5.447434435004674E+001
    968  4.482601138317354E-004  1.287893908307005E+002
   1031  4.442710493266239E-004  1.313824495210718E+002
    425  4.393910607663542E-004  5.512885982268182E+001
    557  4.234959068192510E-004  1.053298087456868E+002
    306  4.160221224034762E-004  3.922583615449084E+001
    190  4.157921349430088E-004  3.352213579831744E+001
     12  4.128606906613080E-004  1.791855268392995E+001
    725  4.012780149810113E-004  1.122622575126908E+002
   1057  3.924606969676005E-004  1.332882698940204E+002
     82  3.853140589971179E-004  2.744742479332049E+001
    128  3.720528754535344E-004  2.964876822252022E+001
     70  3.630264223809112E-004  2.683332853591699E+001
    120  3.603911930495542E-004  2.935022978395871E+001
    219  3.578840932489088E-004  3.435584966495736E+001
    193  3.556125439398502E-004  3.387383688791338E+001
    144  3.394509962562432E-004  3.023024488043693E+001
    887  3.376669966903720E-004  1.215278324822884E+002
     93  3.265424879662172E-004  2.801831476528660E+001
    431  3.254860319431053E-004  5.545822575490884E+001
    871  3.236749010127340E-004  1.204638135739833E+002
    911  3.232014497016321E-004  1.258968376271585E+002
    868  3.215117217515458E-004  1.199994649602093E+002
    285  3.195237277837152E-004  3.794670187788559E+001
     51  3.184023455268518E-004  2.527497960196780E+001
    272  3.173096492278376E-004  3.770876893490352E+001
    233  3.142098259843791E-004  3.536858076063520E+001
    697  3.054568238179283E-004  1.111168086390436E+002
    126  3.048888813440627E-004  2.957864372821811E+001
    395  3.018669891788714E-004  5.279005865968511E+001
   1009  3.010037360266600E-004  1.304609142394732E+002
    232  2.992504303077974E-004  3.530982942235851E+001
    467  2.957093122158031E-004  5.850070475174659E+001
     57  2.955935280580754E-004  2.601044601303876E+001
    539  2.953040951373295E-004  1.004038214764926E+002
    966  2.950036957371220E-004  1.287120665380274E+002
    817  2.908877149447351E-004  1.171745914510001E+002
    975  2.878533503955526E-004  1.290479361570385E+002
   1032  2.807745193931466E-004  1.314270448258869E+002
    898  2.803428450354971E-004  1.236287338505038E+002
    376  2.787302800768889E-004  4.578482274843697E+001
    251  2.781871579185695E-004  3.670193646720268E+001
    274  2.779436942640091E-004  3.771469066363962E+001
    954  2.685077150062667E-004  1.282848493157465E+002
    182  2.673567455686322E-004  3.313118961536368E+001
    217  2.638139939359189E-004  3.432077633458158E+001
     16  2.623792303341787E-004  2.083990463296455E+001
    505  2.614014540779598E-004  6.089365906344585E+001
   1026  2.531867639431720E-004  1.310988308446859E+002
    578  2.526805262234846E-004  1.068696587706935E+002
    180  2.509142132302698E-004  3.306959511625761E+001
    531  2.501442131896202E-004  6.280622541285696E+001
    226  2.498758173798917E-004  3.460914941435140E+001
    570  2.457646669619161E-004  1.064458450110351E+002
    534  2.438148102646929E-004  6.352992396574133E+001
   1021  2.418251741741492E-004  1.308784400027895E+002
    396  2.374071935393703E-004  5.292259014309509E+001
    223  2.370782446566256E-004  3.452101188794168E+001
    698  2.319073386513564E-004  1.111543499618823E+002
    675  2.299437513486309E-004  1.101932688761904E+002
    333  2.295295285987493E-004  4.050570323460023E+001
    489  2.277702390737281E-004  5.906665573291085E+001
    989  2.256702063234413E-004  1.296856498562064E+002
    135  2.245614141980538E-004  2.990996926970350E+001
    157  2.228256129057914E-004  3.136040875348826E+001
    329  2.220630274310609E-004  3.994917835777716E+001
    113  2.202572906214587E-004  2.894608485543543E+001
    364  2.195106642726346E-004  4.528995878587361E+001
    984  2.177933190806545E-004  1.293776492189174E+002
   1047  2.139151580842545E-004  1.324683504365100E+002
    886  2.085779629349491E-004  1.214498350996194E+002
   1022  2.052293767348032E-004  1.309570316227355E+002
    249  2.038964363761971E-004  3.643158917315001E+001
   1024  2.023604627324679E-004  1.310472886139475E+002
    247  1.991906837151310E-004  3.613855018049320E+001
    267  1.990220905361436E-004  3.763942844703926E+001
    483  1.985576427726444E-004  5.892865432514233E+001
    387  1.980621603399791E-004  4.845493173747810E+001
    667  1.963954223036372E-004  1.098231148083649E+002
   1052  1.951791302588608E-004  1.330891459743712E+002
    768  1.924209790811737E-004  1.140511281344195E+002
    947  1.916366421673822E-004  1.280025795512814E+002
     89  1.915972398516886E-004  2.787565477396676E+001
    445  1.915381356320167E-004  5.650985963977887E+001
    266  1.908133717153629E-004  3.763404507858488E+001
    816  1.878746008978969E-004  1.170854692244173E+002
   1005  1.877056834155574E-004  1.302961950162389E+002
    360  1.873983833768810E-004  4.501412031898634E+001
   1013  1.867747912576290E-004  1.306191025791559E+002
    273  1.860298408570498E-004  3.771236202405859E+001
    480  1.837030611733509E-004  5.887142017505539E+001
    296  1.836749318221832E-004  3.847026909032138E+001
    254  1.834468543665578E-004  3.696870162494890E+001
     54  1.831653892474842E-004  2.537118147105558E+001
    924  1.810820859154762E-004  1.267645350898773E+002
    694  1.801023984464178E-004  1.110208923005156E+002
     52  1.799784810838541E-004  2.532370304309600E+001
    842  1.785330267947238E-004  1.180365480395604E+002
    919  1.740408054359925E-004  1.264669767465423E+002
      7  1.735505575928310E-004  1.598850297870253E+001
    514  1.709550636176156E-004  6.112143562944963E+001
    666  1.700314858972312E-004  1.096961217429448E+002
    829  1.698520664308487E-004  1.175434491795728E+002
    587  1.697807140139500E-004  1.072564562863978E+002
    671  1.697257684831521E-004  1.100461630260976E+002
   1027  1.686017351087172E-004  1.311414239553258E+002
    264  1.661489550120914E-004  3.760740200223662E+001
    293  1.647152859480670E-004  3.840315559517953E+001
    745  1.643928950149693E-004  1.127541380335163E+002
    970  1.643126310191994E-004  1.288440499253601E+002
    482  1.637082470788763E-004  5.890508639424976E+001
    532  1.625670688362713E-004  6.299204701993657E+001
    538  1.620471375836630E-004  8.801939400846273E+001
    466  1.572260574601758E-004  5.848631456847294E+001
    710  1.568294234711944E-004  1.117114283703663E+002
    712  1.563901678757795E-004  1.118479116964762E+002
    161  1.552312564365923E-004  3.141544799468193E+001
    810  1.549156407069328E-004  1.168542717379606E+002
     37  1.518277486060762E-004  2.413005277682491E+001
    897  1.510097665669605E-004  1.233154024205701E+002
    716  1.507848599505161E-004  1.119313653155845E+002
    686  1.477443809278353E-004  1.108321598991433E+002
    177  1.470370747323032E-004  3.286305119332699E+001
    169  1.456377678625261E-004  3.225245008090104E+001
    414  1.448199508118572E-004  5.408443269732371E+001
     76  1.434967365848175E-004  2.719040433196805E+001
    681  1.409768978327174E-004  1.107150530846271E+002
     41  1.385441505838210E-004  2.434332602389209E+001
     53  1.383063698624318E-004  2.532427500710937E+001
    240  1.381910374030892E-004  3.568815433410965E+001
    950  1.359359482025713E-004  1.281356928004739E+002
    456  1.357832114665293E-004  5.758475825352298E+001
    280  1.347902340195701E-004  3.777070006257392E+001
    204  1.338348990837256E-004  3.416741852472765E+001
    938  1.334564053145962E-004  1.276246332177813E+002
    991  1.331080199718505E-004  1.298309517843196E+002
     33  1.328451694971656E-004  2.387502434282544E+001
     85  1.327125342096794E-004  2.757726243328665E+001
    117  1.319696299293602E-004  2.915145470361619E+001
    905  1.311389900647265E-004  1.252963463377060E+002
     39  1.300780327821628E-004  2.419216907562118E+001
    115  1.285794399095012E-004  2.908676806680809E+001
   1067  1.278832153202705E-004  1.341872351276505E+002
    691  1.278588919064120E-004  1.109942746792360E+002
    892  1.277786863564376E-004  1.223146913863671E+002
    986  1.267628539321299E-004  1.294778988001748E+002
    568  1.255907970347008E-004  1.063884322375297E+002
     40  1.250261395924971E-004  2.429142631572386E+001
    102  1.224922956101896E-004  2.838723287464182E+001
   1058  1.223044153439732E-004  1.334381531708862E+002
    812  1.219955740585119E-004  1.169499526914024E+002
   1066  1.219103445174078E-004  1.341339055776214E+002
    926  1.206609408833919E-004  1.269935099435139E+002
     23  1.197212852139987E-004  2.160694502786773E+001
    873  1.187221779441956E-004  1.205400953636918E+002
    855  1.170688352323501E-004  1.192335282432478E+002
    409  1.169614884443165E-004  5.377950655266745E+001
    673  1.164311840753288E-004  1.101090602242966E+002
    262  1.157910521529432E-004  3.754826259370084E+001
    279  1.140377224518210E-004  3.776291602598710E+001
    836  1.135035689767079E-004  1.177792466123822E+002
    145  1.134353203828642E-004  3.035386176419680E+001
    518  1.132454302543848E-004  6.116565427175681E+001
    749  1.125748446257138E-004  1.128862829609149E+002
    160  1.114769181504599E-004  3.140287364756382E+001
    702  1.101934327011520E-004  1.112791472783473E+002
    831  1.101436749101870E-004  1.175849164822640E+002
    676  1.098829606389691E-004  1.102968009656115E+002
    866  1.098568184658363E-004  1.198737679274225E+002
    813  1.090670238822350E-004  1.170211975618395E+002
    717  1.064843049893636E-004  1.119901298340990E+002
    690  1.063053619684361E-004  1.109553167085971E+002
   1074  1.034112291583725E-004  1.357832717908243E+002
    553  1.027999049575424E-004  1.045844149005738E+002
   1000  1.024725011300284E-004  1.301375093272533E+002
    303  1.014296290221481E-004  3.891633174738261E+001
    972  1.005720059303954E-004  1.289491342298440E+002
    351  9.912933657845886E-005  4.290814690346715E+001
   1018  9.690210187617479E-005  1.307425624046459E+002
    796  9.685268521398920E-005  1.160406419035091E+002
    399  9.667660390099449E-005  5.300117686152819E+001
    474  9.643897479909584E-005  5.866520048333617E+001
    319  9.622683552520681E-005  3.955367029075058E+001
    760  9.556409221598875E-005  1.133648679091437E+002
    201  9.546820390153640E-005  3.413905621996786E+001
    287  9.535644367731776E-005  3.806334999222836E+001
    742  9.497565935715979E-005  1.126546326383816E+002
    719  9.381888173082472E-005  1.120361196403708E+002
     14  9.257221519406456E-005  2.047451167645159E+001
     68  9.094337130482929E-005  2.665958995788216E+001
    500  9.088984817685540E-005  6.016266526055261E+001
    270  9.017447946253796E-005  3.767493462479421E+001
     95  8.856627013260001E-005  2.806113631432304E+001
    687  8.824661016308414E-005  1.108477970364615E+002
    848  8.784777877674891E-005  1.185512117490796E+002
    525  8.767166888178386E-005  6.201689187624501E+001
     38  8.745538976056507E-005  2.415274881711009E+001
    322  8.644785749826934E-005  3.962934885257222E+001
    411  8.408321429619920E-005  5.390414096058870E+001
    772  8.078594706435117E-005  1.144444014986270E+002
    298  8.059234903044707E-005  3.860785506393049E+001
    777  8.002382709868490E-005  1.150636811545726E+002
      8  7.994462070858447E-005  1.603898235084092E+001
   1029  7.915219372035964E-005  1.312589073638632E+002
    365  7.885094765274888E-005  4.540196146988517E+001
     64  7.831470728650059E-005  2.637954322898939E+001
     97  7.826924323792799E-005  2.809615145046481E+001
    192  7.786495967442051E-005  3.373139183933635E+001
     77  7.738720037794549E-005  2.720977418778346E+001
    379  7.671070914909242E-005  4.610002508350383E+001
      2  7.541173556252711E-005  1.507477314615795E+001
    746  7.414947780702306E-005  1.128150956859242E+002
    731  7.380115841196259E-005  1.124795031346507E+002
    771  7.364923085266789E-005  1.142541813627527E+002
    349  7.264997672579448E-005  4.279212686889406E+001
    654  7.234092395620391E-005  1.091774321289355E+002
    209  7.192917223057959E-005  3.420776675567321E+001
    455  7.181709265646568E-005  5.757818593173593E+001
    301  7.177557557757484E-005  3.874125966254066E+001
    211  7.150911822844968E-005  3.422885497659050E+001
    706  7.121964666982101E-005  1.115644797142602E+002
    519  7.091219573936282E-005  6.116666091909611E+001
    683  6.931767785348654E-005  1.107854094171573E+002
     45  6.891178056215195E-005  2.505629895200580E+001
    398  6.877621838964109E-005  5.298968704937109E+001
    417  6.848525001272808E-005  5.432386496665636E+001
    838  6.805130176429267E-005  1.178077045912047E+002
    727  6.801204209286157E-005  1.123838421661365E+002
    708  6.779579077854150E-005  1.116659378913442E+002
    799  6.643174172900870E-005  1.161655148393659E+002
    934  6.595165684455922E-005  1.274026915475210E+002
   1020  6.498115746404002E-005  1.308300137670077E+002
    998  6.450134405754742E-005  1.301241144683907E+002
    791  6.447152541394510E-005  1.158399885308925E+002
    981  6.309460417225689E-005  1.292686845988868E+002
    902  6.296992165457800E-005  1.246861225619736E+002
    495  6.230288487849281E-005  5.971063876484735E+001
    785  6.116841774160365E-005  1.156515149006221E+002
    114  6.114030766529991E-005  2.903390568794284E+001
    572  5.987730151340764E-005  1.066354688575440E+002
    632  5.935380497598851E-005  1.086732063917954E+002
    110  5.904203647124221E-005  2.890337161783228E+001
     24  5.868354936571348E-005  2.165827626673025E+001
    378  5.827116205304052E-005  4.609481655347708E+001
    822  5.813826343363052E-005  1.173379890193997E+002
    546  5.732066251838028E-005  1.038908634804570E+002
    315  5.683202530721939E-005  3.946262277995078E+001
    730  5.515238282746676E-005  1.124678820560711E+002
    592  5.466133905508202E-005  1.074010896433819E+002
    890  5.441389651263046E-005  1.222269695705770E+002
    536  5.318538423726375E-005  7.244369170766353E+001
      1  5.311094526480638E-005  1.480943860687432E+001
    884  5.304030559149198E-005  1.212913619330936E+002
    741  5.130876145509762E-005  1.126383251241469E+002
    498  5.076485746012254E-005  6.006055704270973E+001
    494  4.966874943540639E-005  5.959072402434833E+001
    516  4.863480938953690E-005  6.114879167768425E+001
    159  4.708384501541609E-005  3.140014259635325E+001
    700  4.597828850346163E-005  1.112187707043413E+002
    826  4.542386184890926E-005  1.174535409692338E+002
     87  4.473984798435360E-005  2.773505635732142E+001
    127  4.455054918823663E-005  2.958197907168710E+001
    397  4.439304310831344E-005  5.292984574180642E+001
    544  4.434537773604707E-005  1.037287728441322E+002
    268  4.377716742982430E-005  3.765614789507087E+001
     26  4.297432370527095E-005  2.275577786050195E+001
    593  4.249988745142815E-005  1.074633420950339E+002
    783  4.235911650877074E-005  1.155776779712016E+002
    530  4.223140726621340E-005  6.265828803408258E+001
    275  4.213236630767985E-005  3.771871208633355E+001
    136  4.186286181041029E-005  2.995197020395121E+001
    979  4.172791291355244E-005  1.292073280791942E+002
     18  4.120353080171768E-005  2.124694793769305E+001
    278  4.110199388582654E-005  3.775225448216675E+001
    246  4.081426642005467E-005  3.612200287477440E+001
    523  4.071297994050992E-005  6.195141091349550E+001
    213  3.942863153398127E-005  3.426923698719692E+001
    430  3.933925365098878E-005  5.544226538226409E+001
    355  3.868093847805827E-005  4.365668409738398E+001
    757  3.866527200775986E-005  1.131455979007981E+002
    942  3.777328081651697E-005  1.277896527703618E+002
    600  3.757218355474869E-005  1.078192567961393E+002
    576  3.685128473616506E-005  1.068188420241767E+002
    210  3.676942345241477E-005  3.421873300884823E+001
    253  3.631511098745631E-005  3.690338042035397E+001
    585  3.614451258377652E-005  1.071721890576240E+002
    265  3.592431510953428E-005  3.762418150997995E+001
    916  3.570005876752437E-005  1.261858055404796E+002
   1071  3.519006658031997E-005  1.353191143310252E+002
    769  3.480964502140517E-005  1.141494817506874E+002
     58  3.467311660709401E-005  2.603619761911758E+001
    404  3.343404632850502E-005  5.332919471058649E+001
    152  3.317689022295395E-005  3.107793476288124E+001
    955  3.300013625172334E-005  1.283043098504922E+002
    655  3.226103714077988E-005  1.092114390318620E+002
    151  3.224425321321125E-005  3.097448214004631E+001
    543  3.209177470184756E-005  1.026098663261161E+002
    554  3.189200203839249E-005  1.048978551747549E+002
    148  3.183673737274482E-005  3.055713011308698E+001
    549  3.133991482089649E-005  1.043755820157491E+002
    105  3.114625425811114E-005  2.872870804936272E+001
    149  3.092289166527878E-005  3.064428879965062E+001
    689  3.074692679075684E-005  1.108992280227757E+002
    646  3.062524400380985E-005  1.089039652974663E+002
    517  3.049012272996552E-005  6.116283191518230E+001
    992  3.033789759316488E-005  1.299169051159237E+002
    609  3.031342378282506E-005  1.080529774194348E+002
    623  3.007546134756039E-005  1.084311616311891E+002
    283  2.968946059519582E-005  3.781664732037148E+001
    808  2.959690265711121E-005  1.166438640424820E+002
    533  2.950988962150429E-005  6.344214913117692E+001
    238  2.899442661775149E-005  3.562010162214489E+001
    108  2.865325210869032E-005  2.884206820739177E+001
    140  2.828232141631101E-005  3.002380690834687E+001
    460  2.821995566356229E-005  5.821511818989060E+001
    545  2.651109980068395E-005  1.038885725205099E+002
    738  2.647623651511188E-005  1.126248828969786E+002
    512  2.623090628010591E-005  6.110465593383906E+001
    952  2.607350890521284E-005  1.282170243378332E+002
    793  2.557316760954695E-005  1.158943894419280E+002
    191  2.520507420880049E-005  3.372798248811258E+001
    299  2.516186947736184E-005  3.861147003050849E+001
    222  2.462257205323523E-005  3.444665555523785E+001
    551  2.452977806137564E-005  1.044758850995860E+002
    276  2.447055033929158E-005  3.774173651101562E+001
    112  2.430372105391108E-005  2.893182478938967E+001
    795  2.422627673214943E-005  1.159446042090269E+002
    737  2.408773312146736E-005  1.125716601108342E+002
    879  2.373197020688734E-005  1.208628531744268E+002
    863  2.372518478707034E-005  1.194780899982511E+002
    618  2.372136793368398E-005  1.083041655146542E+002
    173  2.365661428138786E-005  3.267731285541730E+001
    751  2.340462199117152E-005  1.129352725370382E+002
    932  2.316863290897566E-005  1.272890793904072E+002
     31  2.289814511349671E-005  2.349957735236975E+001
    367  2.276431086459440E-005  4.546665367422378E+001
    357  2.251673762181399E-005  4.413715889769129E+001
    451  2.246133927675001E-005  5.726939793781466E+001
    588  2.235817128291182E-005  1.072780161282308E+002
    903  2.210307477639375E-005  1.249295857950171E+002
    733  2.177339762029298E-005  1.125211996768446E+002
    416  2.173844434516877E-005  5.412105627361211E+001
    244  2.169357566533632E-005  3.582009297825139E+001
    513  2.148401619193973E-005  6.111701004965728E+001
    442  2.140621797085530E-005  5.605259237502305E+001
    286  2.089198658954745E-005  3.806107114689090E+001
    282  2.082232494728824E-005  3.781601762519486E+001
     96  2.061478439920426E-005  2.807603105873968E+001
    617  2.057677588301825E-005  1.082069188907082E+002
    197  2.008071531649972E-005  3.407091137263039E+001
    101  2.006328922740856E-005  2.816121926613436E+001
    311  1.992712734536238E-005  3.939193935233331E+001
    858  1.954329638322584E-005  1.193043137223610E+002
    945  1.953738000110089E-005  1.278945431870569E+002
      5  1.928584928683914E-005  1.580375607842547E+001
     50  1.927710126964205E-005  2.524792740229145E+001
    477  1.904198077598755E-005  5.875439662154096E+001
     20  1.877789587043920E-005  2.146722812704134E+001
    325  1.858866986917318E-005  3.979678053884171E+001
    492  1.856691019960485E-005  5.919740097208313E+001
   1016  1.824581416568766E-005  1.306784011483153E+002
    527  1.796769351168778E-005  6.211137902133680E+001
    423  1.776000068478420E-005  5.491452382822700E+001
    203  1.772328039601560E-005  3.415596231316062E+001
      9  1.767577292764997E-005  1.615282072713023E+001
     69  1.760606646716617E-005  2.667931486079132E+001
    194  1.731351821356557E-005  3.388123191050668E+001
    921  1.706254108709857E-005  1.266347372507485E+002
    207  1.679563640545811E-005  3.419271829752626E+001
    184  1.661682017936054E-005  3.328145954751520E+001
    880  1.627318184636107E-005  1.209811659012211E+002
   1061  1.578082259929644E-005  1.338239896777959E+002
    330  1.555696801980974E-005  4.000719691328421E+001
    621  1.544412137345201E-005  1.083828600305560E+002
     28  1.537219638172110E-005  2.303576073275412E+001
    130  1.533567020041411E-005  2.969026097336859E+001
    139  1.525317397581318E-005  3.001327528760398E+001
    271  1.515065488271895E-005  3.769377629908810E+001
    541  1.489283895481780E-005  1.020561485810812E+002
    643  1.485283379104982E-005  1.088529165631816E+002
    844  1.483468903941446E-005  1.182236522024691E+002
   1011  1.481100223028688E-005  1.305590563134582E+002
    913  1.473639506842236E-005  1.260963173315474E+002
    559  1.431237746206858E-005  1.054467335457494E+002
    762  1.423441866252668E-005  1.134504722361933E+002
    437  1.418715309320460E-005  5.567668099873953E+001
    332  1.398628203435227E-005  4.036182328117159E+001
    724  1.379592934060867E-005  1.122474317356576E+002
    631  1.350958336900403E-005  1.086593678715634E+002
    515  1.331186695027338E-005  6.113166482037749E+001
    347  1.309624311556848E-005  4.251894246220620E+001
    346  1.299914009263469E-005  4.251353138364797E+001
    216  1.299661718090667E-005  3.431915233475488E+001
    295  1.286331427833244E-005  3.844649820311862E+001
    797  1.280566626709841E-005  1.161224071144865E+002
    510  1.249819717155115E-005  6.106496915014706E+001
    821  1.237012796368193E-005  1.173213489801490E+002
    639  1.199601062569433E-005  1.087924757147032E+002
     84  1.185647816258636E-005  2.748397341497807E+001
    940  1.179735609561502E-005  1.277053477702196E+002
   1069  1.161203776044204E-005  1.347402109836953E+002
    412  1.151163770523359E-005  5.399327798218789E+001
   1075  1.136934596662748E-005  1.852007864492208E+002
    851  1.135160966243228E-005  1.189105890777936E+002
    659  1.129579065652652E-005  1.093169473413985E+002
    312  1.119808312257082E-005  3.940338989709551E+001
    854  1.090481658099138E-005  1.190938927222375E+002
     81  1.066679366000631E-005  2.737831616504717E+001
    141  1.065116536642829E-005  3.005205957969120E+001
    281  1.062980146046638E-005  3.778222215271058E+001
    137  1.044798122412808E-005  2.996307755422044E+001
     62  1.009602720452910E-005  2.630569023157911E+001
    613  1.006786448341376E-005  1.081325074305931E+002
    958  1.004853277711553E-005  1.283326337970340E+002
    611  9.955311572556050E-006  1.080609110523806E+002
    983  9.910185319025486E-006  1.293699640118089E+002
    678  9.742548309978605E-006  1.105298402911861E+002
    205  9.530747091984270E-006  3.418138862993963E+001
      4  9.315744543449849E-006  1.555889535187236E+001
   1055  9.188622625890777E-006  1.332315483337306E+002
    199  9.067972744071321E-006  3.411214171315592E+001
    960  8.877333574435850E-006  1.283710541965592E+002
    895  8.551858962616800E-006  1.231922658586809E+002
     17  8.375980135597169E-006  2.091913438766164E+001
    630  8.212147457058794E-006  1.086464564510315E+002
    944  8.130090395069851E-006  1.278264506290159E+002
    860  7.917182540394366E-006  1.193608179742887E+002
    883  7.870778294776096E-006  1.212822283474710E+002
    377  7.735620809556072E-006  4.580996274485975E+001
     74  7.583286043052044E-006  2.706787664592100E+001
    486  7.569078011395058E-006  5.898078655703418E+001
    202  7.462370779694722E-006  3.414693728338715E+001
    229  7.169314881208128E-006  3.477639317683153E+001
    401  6.854401439718547E-006  5.310952948046032E+001
    294  6.659238928665720E-006  3.844005427068350E+001
    763  6.652759172599349E-006  1.136578287383470E+002
    449  6.620576542409545E-006  5.713782918039372E+001
    189  6.377084367158837E-006  3.348575581421191E+001
    326  6.355315598818465E-006  3.980074663620405E+001
    649  6.303721351595431E-006  1.089557122086210E+002
    471  6.096812748193376E-006  5.859921299406331E+001
    255  6.090515607898162E-006  3.705801266502003E+001
    172  6.070871569001867E-006  3.254695536480502E+001
   1014  6.051380477890933E-006  1.306579532637773E+002
    142  6.003551139349464E-006  3.011700635419402E+001
     11  5.991570186346463E-006  1.771447447329438E+001
      6  5.978508535620739E-006  1.593905863128156E+001
      3  5.758871118627666E-006  1.530095081680193E+001
    853  5.723392576805164E-006  1.189950762444425E+002
    650  5.715448763282379E-006  1.090061273622073E+002
     59  5.613128660056883E-006  2.608228483109795E+001
    133  5.607082887666011E-006  2.980777525245198E+001
    156  5.604665800595421E-006  3.133959801814033E+001
    748  5.391908254190798E-006  1.128453459062848E+002
    107  5.269761297593265E-006  2.880093649968087E+001
    131  5.194746964096346E-006  2.976719894627799E+001
    121  5.150870965976917E-006  2.937009161569695E+001
    206  5.081667086584319E-006  3.418711639611698E+001
    119  5.069977126810698E-006  2.929038281335912E+001
    342  5.043441757174427E-006  4.219280462450153E+001
    784  5.027883415497885E-006  1.156115101864969E+002
    637  4.973667204006553E-006  1.087708716348475E+002
    484  4.933982390680480E-006  5.894622531819898E+001
    231  4.857830668382087E-006  3.529195130720404E+001
    490  4.852755096147735E-006  5.909746584665749E+001
    261  4.719512542026078E-006  3.751537038816641E+001
    327  4.708843493902552E-006  3.980649710729982E+001
    917  4.630077582753515E-006  1.262583151256411E+002
    830  4.540774654718027E-006  1.175448785112390E+002
    321  4.498587144302647E-006  3.959878738143280E+001
     21  4.492460610026659E-006  2.149552581175353E+001
    997  4.486455417864087E-006  1.300952728722026E+002
    183  4.435554815624208E-006  3.317747871488443E+001
     63  4.420485162836994E-006  2.633691355837915E+001
   1056  4.412677863900144E-006  1.332822863268028E+002
    106  4.402761326168476E-006  2.873147041157064E+001
    304  4.393081782743592E-006  3.902642388250331E+001
     83  4.347487824248002E-006  2.745200449399356E+001
    394  4.287232973635686E-006  5.275338077531283E+001
    953  4.286916931167981E-006  1.282835790234384E+002
    755  4.277706368955165E-006  1.130537195644052E+002
     61  4.269853175265085E-006  2.623624111749398E+001
    825  4.262821949343540E-006  1.174155068731360E+002
    218  4.258574636210012E-006  3.434087154455664E+001
    602  4.171284742172856E-006  1.078335831208874E+002
    909  4.164915905675614E-006  1.256671150468244E+002
    162  4.108101949352750E-006  3.142013005221356E+001
    353  4.027237563981827E-006  4.354452657935016E+001
   1002  3.957038200458214E-006  1.301955720736593E+002
    463  3.945772655955437E-006  5.840368106338346E+001
    389  3.932945928975404E-006  4.924612888004685E+001
    645  3.752592221882239E-006  1.088758352374567E+002
    134  3.638337679004118E-006  2.989081555609098E+001
    138  3.607695183332506E-006  2.998810658959070E+001
    339  3.593588532321098E-006  4.199721405536648E+001
    331  3.586589676699390E-006  4.033978069592825E+001
    410  3.560266627657334E-006  5.380004782230375E+001
    721  3.531510358557390E-006  1.121902054803930E+002
    174  3.508703332084401E-006  3.277024257542895E+001
    352  3.497317892773172E-006  4.345183818831803E+001
     75  3.409402378979914E-006  2.717284531466260E+001
    943  3.407876574007379E-006  1.278255860865938E+002
    385  3.391404639599973E-006  4.744969147605799E+001
    765  3.364118911218590E-006  1.138034732037320E+002
    337  3.339238463009689E-006  4.125439580477820E+001
    388  3.311921215443732E-006  4.916519389587509E+001
    200  3.262527998887209E-006  3.413076352937113E+001
    907  3.156262421107059E-006  1.254774984052440E+002
    118  3.144302354269268E-006  2.927665934202001E+001
    239  3.084361538749736E-006  3.564788119351169E+001
    234  3.038865682414448E-006  3.541632958107625E+001
    564  3.015880138456693E-006  1.059223740174141E+002
    995  2.988557569337402E-006  1.300556822463785E+002
    221  2.970695250541228E-006  3.444064242877499E+001
    196  2.886641319720023E-006  3.402217963204272E+001
    284  2.872844133438198E-006  3.794002386601017E+001
    175  2.800314470770898E-006  3.282740528695558E+001
    964  2.798496614837543E-006  1.284811881676410E+002
     19  2.782602635588190E-006  2.137958735177528E+001
    540  2.779707338899837E-006  1.019596674086986E+002
    166  2.735109023879973E-006  3.197534022905977E+001
    324  2.724534734216115E-006  3.965813849875591E+001
    289  2.642195042679740E-006  3.832422991649202E+001
    607  2.605195418284240E-006  1.079782277499060E+002
    116  2.598777984017200E-006  2.910094471225916E+001
    974  2.589013630808961E-006  1.290391941684268E+002
    560  2.568716916498176E-006  1.057397922085461E+002
    242  2.558617008531979E-006  3.575330164903793E+001
    374  2.554421514106698E-006  4.576894168844035E+001
    575  2.530399637142974E-006  1.067636975144964E+002
    827  2.498606317752074E-006  1.174913134466901E+002
    802  2.459072067871984E-006  1.163074247182627E+002
    309  2.454715760046469E-006  3.929268620446922E+001
   1007  2.247811263602546E-006  1.303971511397991E+002
    778  2.226248710698461E-006  1.153062331743218E+002
    780  2.179786868628028E-006  1.153482258688003E+002
    521  2.176872824155993E-006  6.120499406654021E+001
     30  2.057678160487062E-006  2.339033246897357E+001
    361  2.019763124722447E-006  4.509188248244521E+001
    615  2.011423838037891E-006  1.081646255451844E+002
     88  1.979939858569449E-006  2.776495450944637E+001
    565  1.940963460614769E-006  1.059848591127986E+002
    122  1.931229460171240E-006  2.942821875092930E+001
     78  1.918287562956823E-006  2.724001953302053E+001
    259  1.915434319306022E-006  3.731129763636223E+001
    865  1.900694775611403E-006  1.195233182598442E+002
    250  1.891307010918362E-006  3.645071914574685E+001
    214  1.872123446608352E-006  3.429158842681225E+001
     46  1.855314610678773E-006  2.508968851186969E+001
    496  1.816175861368993E-006  5.977778544840232E+001
    215  1.751937939454762E-006  3.430912489816387E+001
    756  1.739039270361753E-006  1.131019348749128E+002
    420  1.714623953428535E-006  5.464265012038360E+001
     99  1.533280620413474E-006  2.813215700322161E+001
    948  1.469810593337366E-006  1.280530341997139E+002
    323  1.417328890901364E-006  3.963162035223775E+001
    476  1.416533042915495E-006  5.874284760292872E+001
    604  1.408384239381936E-006  1.078901483894559E+002
    481  1.392434253220682E-006  5.889564718758225E+001
    314  1.386969426959028E-006  3.944402428691944E+001
    493  1.317448181759734E-006  5.956939432616837E+001
    962  1.296337824311868E-006  1.284190833846668E+002
    837  1.293981435661784E-006  1.177814246314451E+002
     66  1.273458733099203E-006  2.653041695388611E+001
    338  1.265726417248472E-006  4.143596746217444E+001
    336  1.264272743607561E-006  4.106442919982931E+001
    370  1.232416302851786E-006  4.562254251008403E+001
     48  1.223480576563744E-006  2.521050943974308E+001
    243  1.213173581012317E-006  3.580427376176280E+001
    432  1.200999820878661E-006  5.551253331854516E+001
    228  1.190105147719085E-006  3.465329128304563E+001
   1042  1.186360441742272E-006  1.319938555239870E+002
    555  1.165338769742497E-006  1.049505825405343E+002
    345  1.162562357365134E-006  4.248475366295001E+001
     43  1.147237125308029E-006  2.485090944939308E+001
    894  1.120327643644827E-006  1.226855190700912E+002
    874  1.092084763430014E-006  1.206463359037059E+002
    225  1.085364258317072E-006  3.458265676939745E+001
    269  1.067112468843659E-006  3.766609016559832E+001
    832  1.065679228369068E-006  1.176150872586579E+002
    824  1.065055247427900E-006  1.173851057796732E+002
    461  1.063290560742772E-006  5.832169084274378E+001
    936  1.054458981173557E-006  1.275963114471066E+002
    104  1.023328936358449E-006  2.863475114667724E+001
    435  1.012100411248772E-006  5.559833163642786E+001
     13  1.010684663357244E-006  2.038781372204352E+001
    526  9.840424433046156E-007  6.205614154690332E+001
    610  9.664456394196456E-007  1.080548791140610E+002
    577  9.532673458276490E-007  1.068269012623950E+002
    433  9.486514772597589E-007  5.552394895078822E+001
    371  9.294449991964470E-007  4.567834615857563E+001
    447  9.008962532176284E-007  5.692641404400948E+001
    663  8.888763714833535E-007  1.095408569103236E+002
    548  8.880014239742791E-007  1.041098140943872E+002
    571  8.761389241221065E-007  1.065760725477823E+002
    307  8.749652296066717E-007  3.924418415703018E+001
    579  8.444499516769166E-007  1.068810185812333E+002
    626  8.407840023723576E-007  1.085197354965440E+002
    693  8.402158251114710E-007  1.110198391814811E+002
    542  7.675306898540431E-007  1.021380905135569E+002
    573  7.636198892933732E-007  1.066520968004064E+002
    143  7.606684803518238E-007  3.021552765862468E+001
    444  7.569557527824942E-007  5.640873014994138E+001
    124  6.801381454663179E-007  2.953039329658957E+001
    171  6.531072711770367E-007  3.251692712246987E+001
    150  6.476721541296339E-007  3.095380367517388E+001
    658  6.274790098521856E-007  1.092752908733605E+002
    465  6.066902915618671E-007  5.845233409136720E+001
     42  6.027495948241772E-007  2.442065503900721E+001
    132  5.899058169371581E-007  2.978147182311027E+001
    672  5.824324412145172E-007  1.100523893058521E+002
    558  5.750876927418230E-007  1.054235904423783E+002
    597  5.584120970372277E-007  1.076362394255561E+002
    522  5.302094942156037E-007  6.189501394570030E+001
    470  5.131801120077002E-007  5.858950887133865E+001
    263  5.129656458111093E-007  3.756851288337069E+001
    674  5.107961476697622E-007  1.101627157855635E+002
    400  5.023616481065990E-007  5.304406357850599E+001
    313  4.985294239426214E-007  3.941220320488696E+001
    789  4.983749664069834E-007  1.157939903252585E+002
    820  4.940572518935649E-007  1.173160626674297E+002
    111  4.936449856746485E-007  2.891758955889047E+001
    334  4.929025446187266E-007  4.055961280242965E+001
    594  4.893129855511506E-007  1.075267994995216E+002
    350  4.852057705412763E-007  4.287084402122760E+001
    237  4.842555665952566E-007  3.561350513334219E+001
    605  4.807530102299567E-007  1.079476682950407E+002
    224  4.711672406539056E-007  3.456258153743839E+001
    441  4.637389803916210E-007  5.602297434426368E+001
     36  4.626966282792360E-007  2.408548968715760E+001
    277  4.363834685118239E-007  3.774405278528796E+001
     56  4.327319995126162E-007  2.577494999028338E+001
    168  4.297056548897617E-007  3.223239881301075E+001
    918  4.288610170564365E-007  1.263810693695273E+002
    661  4.126709545696114E-007  1.094040232551639E+002
    574  4.088588125844315E-007  1.067089856517616E+002
    624  3.890813618770495E-007  1.084534043855216E+002
    235  3.844245817947010E-007  3.553329683850696E+001
    584  3.745041469803116E-007  1.071415131646536E+002
    147  3.730852972661441E-007  3.045498909450352E+001
    561  3.730430066078445E-007  1.057823475786052E+002
   1051  3.697258541744250E-007  1.330173846663143E+002
    633  3.638367378301811E-007  1.086770367044967E+002
    528  3.614070171858839E-007  6.211763689923020E+001
   1012  3.431506093535120E-007  1.305860585800326E+002
   1068  3.422608075043651E-007  1.342139437973118E+002
    524  3.376252043363541E-007  6.196836567938324E+001
    583  3.336658066097613E-007  1.070323413352247E+002
    109  3.300830926854168E-007  2.888359254004277E+001
    305  3.297928339364421E-007  3.919092577852600E+001
    260  3.280288536360808E-007  3.745846822965304E+001
    899  3.274736019787360E-007  1.237750393258326E+002
     49  3.261080315306063E-007  2.521926711432687E+001
    774  3.221508222830855E-007  1.147299018357027E+002
    567  3.171239063301518E-007  1.061175767374582E+002
    910  3.115127534412826E-007  1.258349422363612E+002
    896  3.014383480410324E-007  1.231967026860033E+002
    635  2.991688504420406E-007  1.087402789130293E+002
   1076  2.892959656093939E-007  1.858411948136732E+002
    502  2.692670154890207E-007  6.033057478557798E+001
    616  2.687185465907417E-007  1.081902144651443E+002
    366  2.681626046188277E-007  4.541480133184800E+001
     72  2.601346179178279E-007  2.695844835194747E+001
    504  2.515639312758158E-007  6.073767201700102E+001
    369  2.514552114450011E-007  4.556664797594529E+001
    951  2.445574800324364E-007  1.282127111215003E+002
    158  2.441625972674144E-007  3.138637587596471E+001
    596  2.431388989714945E-007  1.076305596761092E+002
    252  2.404187157901089E-007  3.681481496629917E+001
    656  2.394096247776021E-007  1.092383325553483E+002
   1035  2.370457617577695E-007  1.315022364948826E+002
   1004  2.198257072288566E-007  1.302828791464404E+002
    641  2.081535770966062E-007  1.088136450829588E+002
    428  2.045724631215613E-007  5.539697768550786E+001
    129  2.035869849494492E-007  2.967722940199728E+001
    375  1.997951859218133E-007  4.577921754207221E+001
    982  1.994408310743541E-007  1.293230544301462E+002
     34  1.967835821386298E-007  2.394870774261297E+001
    852  1.929334346367655E-007  1.189308904937423E+002
    711  1.907631704677383E-007  1.117833092223069E+002
    636  1.846501284640961E-007  1.087412284437008E+002
    256  1.784496766670852E-007  3.708485200545782E+001
   1017  1.757016417567097E-007  1.307020085696559E+002
    736  1.749538015177684E-007  1.125700463249535E+002
    828  1.739313283672409E-007  1.175132070682912E+002
    595  1.715012318725922E-007  1.075727311228692E+002
    446  1.711810430748041E-007  5.657515742254393E+001
    713  1.663124239937040E-007  1.118750446375970E+002
    935  1.630910767438607E-007  1.274477748704804E+002
    257  1.614293812216449E-007  3.716053985696894E+001
    362  1.599712654973397E-007  4.520209191521082E+001
    581  1.561887740390129E-007  1.069166383916512E+002
    622  1.538333572462295E-007  1.084041586407917E+002
    682  1.530566633663307E-007  1.107795174367904E+002
     47  1.527953046243181E-007  2.514695584094496E+001
    800  1.520997460171021E-007  1.161811067685375E+002
     25  1.490996162453737E-007  2.268285797328677E+001
    818  1.429263840875689E-007  1.172202887178189E+002
    501  1.409512166320704E-007  6.025540211442135E+001
   1054  1.409291764054116E-007  1.332101619260334E+002
    212  1.384363757038247E-007  3.425448747044050E+001
    368  1.366093347910384E-007  4.552075151204606E+001
    589  1.334327217057668E-007  1.073243551551986E+002
    861  1.329075775395380E-007  1.193618968506130E+002
    843  1.286091728535499E-007  1.181049125326048E+002
    146  1.283616487870922E-007  3.038455959742199E+001
    372  1.267667084225851E-007  4.569660817760900E+001
    839  1.255983648388581E-007  1.178451551754228E+002
    987  1.238794476237011E-007  1.295218650079724E+002
    648  1.229108219659750E-007  1.089328290594756E+002
    794  1.225610070554079E-007  1.159299755047292E+002
    590  1.223984949927508E-007  1.073381491314167E+002
    922  1.216465451355352E-007  1.267277337836395E+002
    529  1.193716718213700E-007  6.213305424318654E+001
    849  1.178110273927616E-007  1.186556798515274E+002
    569  1.151662188673041E-007  1.064024371239422E+002
    123  1.145884736715465E-007  2.945706723223188E+001
    608  1.137330832139678E-007  1.080310773431174E+002
    714  1.133978962639500E-007  1.118865310298163E+002
    787  1.104301377855645E-007  1.157066821730262E+002
    804  1.101791135233849E-007  1.164307012054320E+002
    956  1.100384223455608E-007  1.283075816024711E+002
    920  1.089496951730749E-007  1.265729199247587E+002
    782  1.087203209588245E-007  1.155663554633046E+002
    872  1.083605929229351E-007  1.204992644439996E+002
    705  1.076575561460402E-007  1.114879185885843E+002
    443  1.073254723113194E-007  5.615506371008289E+001
    363  1.073227597256027E-007  4.523665715266514E+001
    754  1.041050748671511E-007  1.130532912402911E+002
    644  1.031256227209668E-007  1.088699046594824E+002
   1063  9.891390228092440E-008  1.338610239777397E+002
    440  9.828192674793864E-008  5.589934491235444E+001
    170  9.823424435957430E-008  3.240864442722207E+001
    668  9.753889566428217E-008  1.098358517134249E+002
    220  9.613457790461776E-008  3.440936379612124E+001
    876  9.591240973871048E-008  1.207338716680959E+002
    888  9.391020150697153E-008  1.215384892766490E+002
   1040  9.341634432182605E-008  1.318325334098182E+002
    728  9.177108183656760E-008  1.123911467240560E+002
    707  9.137552262026221E-008  1.116484954290111E+002
    927  8.686401300186826E-008  1.271118445081471E+002
    969  8.568916643928561E-008  1.288232913140608E+002
    915  8.557949127996518E-008  1.261627872997085E+002
    965  8.557570643289492E-008  1.286084743618769E+002
   1019  8.471414913556822E-008  1.307856127904329E+002
    891  8.469495331996075E-008  1.222344606190913E+002
    424  8.351081586462311E-008  5.504400290817051E+001
    629  8.269065533476681E-008  1.086436456014825E+002
    601  8.222864590754130E-008  1.078222216339937E+002
    634  8.015600605834473E-008  1.087110579745548E+002
     15  8.001108221634101E-008  2.077312965636918E+001
    181  7.983931323751443E-008  3.309588236011395E+001
   1059  7.935244148584237E-008  1.335352794510990E+002
    696  7.735564549842977E-008  1.111110130672436E+002
    317  7.650714764657011E-008  3.952108816795088E+001
    508  7.595926148626717E-008  6.101348113010317E+001
    798  7.589467400996853E-008  1.161233232814441E+002
    740  7.466950752334844E-008  1.126281679605138E+002
    642  7.438658767281012E-008  1.088349318990273E+002
    195  7.400820745212687E-008  3.399004655216064E+001
    499  6.960621501421393E-008  6.010190034988052E+001
    439  6.953375052254112E-008  5.581771077364913E+001
    625  6.923647940834224E-008  1.084878781680722E+002
    208  6.875751118877627E-008  3.420400517096608E+001
   1028  6.646947985577645E-008  1.312419762585663E+002
    823  6.541212767296053E-008  1.173434151863991E+002
    670  6.503428896461587E-008  1.099218253642219E+002
    185  6.422230360891689E-008  3.329017879350934E+001
    908  6.375292086572701E-008  1.256350992978881E+002
    833  6.347773677600798E-008  1.176450554682990E+002
    684  6.272715843288658E-008  1.108055531440044E+002
    882  6.269772147242305E-008  1.212606419968792E+002
    819  6.041510718713515E-008  1.172617623112352E+002
    591  6.009535999526978E-008  1.073970459895217E+002
    640  5.680231094855678E-008  1.088027953187827E+002
    718  5.599625412642650E-008  1.120307816427976E+002
   1065  5.510842637109092E-008  1.340986810838602E+002
   1037  5.453826208695529E-008  1.316166834102353E+002
   1077  5.388040142959986E-008  6.189178021453241E+002
    408  5.332872358836762E-008  5.368647704938994E+001
    925  5.330419704677808E-008  1.268943605090481E+002
    692  5.316839221725931E-008  1.109991362888409E+002
    994  5.276352631684818E-008  1.299886393654431E+002
    961  5.225220968947507E-008  1.283826108536399E+002
    835  5.219282054265252E-008  1.176766134664512E+002
    701  5.199549589032461E-008  1.112655741498095E+002
    790  4.947604466458408E-008  1.158127479939932E+002
    627  4.940773057362538E-008  1.085359599099982E+002
    638  4.911614658581752E-008  1.087773663504995E+002
    957  4.909394366884719E-008  1.283224605383935E+002
    999  4.754928656980422E-008  1.301340763851820E+002
    677  4.711865986907928E-008  1.104103779431708E+002
    779  4.618176076262153E-008  1.153237642854880E+002
    963  4.535049130139497E-008  1.284456810480366E+002
    657  4.422063926588279E-008  1.092680437977900E+002
    781  4.316075426499688E-008  1.155015502370288E+002
   1043  4.212058678684565E-008  1.320181582363304E+002
    732  4.145802834567419E-008  1.124809932511083E+002
    923  4.137545874604833E-008  1.267345977181097E+002
    867  4.117080372619138E-008  1.199420338065019E+002
    167  4.071535377276765E-008  3.206734480721192E+001
    862  4.010123110943131E-008  1.194326389788892E+002
    403  3.944540404807997E-008  5.332276567118551E+001
    511  3.812216662045784E-008  6.108291035790679E+001
    662  3.803847431298187E-008  1.094304874643061E+002
    806  3.720634479859152E-008  1.165904998677036E+002
    614  3.714666757614375E-008  1.081499604581023E+002
    815  3.611676653083548E-008  1.170844697210597E+002
    739  3.603759391171207E-008  1.126267264275300E+002
    660  3.521394307422160E-008  1.093929129115852E+002
    971  3.496868726317399E-008  1.289111652451389E+002
    946  3.390025904559955E-008  1.279201366409634E+002
    846  3.386484770516462E-008  1.183733977129572E+002
    720  3.314478386988729E-008  1.121496181246094E+002
    723  3.125349950473816E-008  1.122249597820348E+002
    652  3.104546699767062E-008  1.090805000764319E+002
    606  3.021933220774359E-008  1.079754075340127E+002
    586  3.019169474486443E-008  1.072414988471015E+002
   1025  2.952350087107983E-008  1.310823101564250E+002
    801  2.946252614504694E-008  1.162412158177078E+002
    776  2.900980819078866E-008  1.150535509847603E+002
   1010  2.831078911281523E-008  1.305150376372933E+002
    703  2.825759665453659E-008  1.113359924967504E+002
    354  2.824888388350489E-008  4.358717802496741E+001
    766  2.813212267749533E-008  1.138313497862233E+002
    747  2.720899233856681E-008  1.128221651622354E+002
    520  2.628102534913880E-008  6.117519869664547E+001
    752  2.563013710938228E-008  1.129825416205730E+002
    869  2.523444867175842E-008  1.201465244096069E+002
   1003  2.451376563177967E-008  1.302792324598297E+002
    996  2.442177241289425E-008  1.300741546440489E+002
    758  2.442084429458628E-008  1.131945788764974E+002
    906  2.382548803044968E-008  1.253859334012492E+002
    179  2.336400749728531E-008  3.301071504933698E+001
    699  2.247154968925754E-008  1.111753891148923E+002
    695  2.176904773041345E-008  1.110404578737834E+002
    599  2.161278673063605E-008  1.077354408464688E+002
    845  2.137718392898643E-008  1.182722434309271E+002
    715  2.123604195390162E-008  1.119122168057061E+002
    841  2.093275477358239E-008  1.180046875638410E+002
    840  2.085025415835616E-008  1.179674198090055E+002
    227  2.035923323850277E-008  3.461221107986133E+001
    735  2.005879009298081E-008  1.125422257639707E+002
    990  1.997053561689753E-008  1.297249883032466E+002
    619  1.944322909591552E-008  1.083262496248409E+002
   1015  1.936578652599561E-008  1.306693309857935E+002
   1073  1.932711380926300E-008  1.355646294676644E+002
    792  1.875658167813741E-008  1.158579110744502E+002
    429  1.869787256386403E-008  5.542704693693687E+001
    709  1.853833219906265E-008  1.116986555393093E+002
    949  1.852226528839137E-008  1.280833568476082E+002
    722  1.744812021432433E-008  1.121989232781130E+002
    647  1.667738888642430E-008  1.089204596390746E+002
    814  1.636700810013658E-008  1.170571282096026E+002
    893  1.621863006209350E-008  1.225899968537864E+002
    786  1.619302603939909E-008  1.156679892855772E+002
    811  1.603065092771569E-008  1.169131613251637E+002
    688  1.486249760088725E-008  1.108652117541332E+002
    679  1.453291764652915E-008  1.106299731616480E+002
    980  1.448052171583191E-008  1.292322903638887E+002
    382  1.412064007842313E-008  4.661435463500721E+001
    977  1.378203217884834E-008  1.291448023039548E+002
    734  1.362532646991215E-008  1.125227414297757E+002
   1053  1.345302511557485E-008  1.331993000158318E+002
    744  1.341743972204768E-008  1.127340165661099E+002
    978  1.313276976245843E-008  1.291764873003617E+002
    506  1.293851824820385E-008  6.092479484159845E+001
    187  1.206787848279426E-008  3.338593491458187E+001
    809  1.166025329258395E-008  1.168273457040169E+002
    933  1.140536943082333E-008  1.272967505112425E+002
    850  1.116693608864097E-008  1.188640670964077E+002
    939  1.111326303805471E-008  1.276788938661296E+002
    864  1.088133218048601E-008  1.195154318953015E+002
   1046  1.062298300079790E-008  1.322741703884410E+002
    612  9.925056437082589E-009  1.080838271474082E+002
     22  8.977169651791632E-009  2.149928230079738E+001
    603  8.029712442049267E-009  1.078480909052838E+002
    685  7.661627229449697E-009  1.108208915724099E+002
    788  7.602973541653454E-009  1.157595566872355E+002
    550  7.034833016727377E-009  1.044255141670578E+002
    993  6.874535384504996E-009  1.299638892136509E+002
    653  6.820892576416488E-009  1.090926521840726E+002
    176  6.517746762272338E-009  3.283702642513862E+001
    775  6.490595636975347E-009  1.149447083106751E+002
    178  6.071384076143747E-009  3.291892583427273E+001
    885  5.975726359634435E-009  1.213849358963692E+002
    761  5.630235566196229E-009  1.134019555363662E+002
    556  4.793609693866527E-009  1.053074591696642E+002
    805  4.288071304686199E-009  1.165442309434909E+002
    881  4.285860378824279E-009  1.212001054655417E+002
    847  4.246156389325520E-009  1.183795327778256E+002
    807  4.184125686661292E-009  1.166040027024774E+002
    889  4.013517794901852E-009  1.221096476933091E+002
    764  3.878015899254429E-009  1.137269990775531E+002
    473  3.748019478654692E-009  5.864875851961727E+001
   1030  3.501327886211791E-009  1.313677884464318E+002
    509  3.489067668500413E-009  6.104665142125116E+001
    931  3.324596489584251E-009  1.272754104030811E+002
    859  3.279306898363293E-009  1.193117826572047E+002
    750  3.228250365604378E-009  1.128980084302201E+002
    328  3.124194663320227E-009  3.982877398686839E+001
    941  3.055723679586811E-009  1.277239710636116E+002
    959  2.961286581339493E-009  1.283643788123119E+002
    904  2.942112871476909E-009  1.250437756508075E+002
    469  2.473785618780504E-009  5.857260373695996E+001
    726  2.292000840277158E-009  1.123280306605216E+002
    406  2.194541550120066E-009  5.347162595814701E+001
    803  2.189003435874674E-009  1.163959410830473E+002
    320  2.177252910834915E-009  3.958466091098631E+001
    628  2.114869993166946E-009  1.085999071252231E+002
    834  2.071718629939660E-009  1.176651591794238E+002
    901  2.052443848351492E-009  1.246352700151236E+002
    767  1.840550157280882E-009  1.139787538815297E+002
    856  1.577662441634447E-009  1.192407591408727E+002
    488  1.559907552395351E-009  5.904214899548738E+001
    770  1.464953883394901E-009  1.141655133118217E+002
    153  1.411430031613444E-009  3.119128674334460E+001
    457  1.315390718608192E-009  5.770039153165104E+001
    857  1.170047064196156E-009  1.192977858717030E+002
    878  1.091169694086234E-009  1.208553192243232E+002
    598  1.053152074522399E-009  1.077082259858063E+002
    620  9.829373817416863E-010  1.083700393844588E+002
    373  8.427846223170623E-010  4.573517441489172E+001
    665  8.062960734330433E-010  1.096195054263975E+002
    743  6.836967275199284E-010  1.126739704882794E+002
    729  6.326771562691612E-010  1.124070412533170E+002
    985  5.999530490261727E-010  1.294454523269476E+002
    704  5.739698500455786E-010  1.114088220449556E+002
    664  5.126801308739762E-010  1.095868237421283E+002
    900  3.764786200533125E-010  1.240255399934555E+002
    562  3.762315685082164E-010  1.058125905236654E+002
    912  3.667450698682257E-010  1.259977317017505E+002
    773  1.688564056261797E-010  1.146041296786391E+002
   1023  1.458031227058609E-010  1.309907545973144E+002
    914  1.092719069206810E-010  1.261343003660832E+002
    651  1.076703560492126E-010  1.090123807306586E+002
    348  9.477309660281793E-011  4.278252907839931E+001
    988  6.049694926798257E-011  1.295230022337254E+002
    753  5.354844857152229E-011  1.130399909728984E+002
    759  1.405387846262070E-011  1.132523759465808E+002
   1049  4.316430190253768E-012  1.325964910892840E+002
