# Number of modes
   1077
# Tabulated for different initial and final frequencies?
    F
# Mode index, Sj, (highest to lowest), omega_j
    547  7.544781400494015E-002  1.040413527560943E+002
      7  1.856333946486365E-002  1.598850297870253E+001
     23  1.022290111002150E-002  2.160694502786773E+001
      8  9.188427842709544E-003  1.603898235084092E+001
    358  7.776802780020889E-003  4.418411045040358E+001
     24  7.730035679051912E-003  2.165827626673025E+001
     38  6.243308893721470E-003  2.415274881711009E+001
    384  6.099246121325444E-003  4.693482184770667E+001
    539  6.070001596370969E-003  1.004038214764926E+002
    546  5.908396060797443E-003  1.038908634804570E+002
     16  5.828024809635709E-003  2.083990463296455E+001
     65  5.493917357416940E-003  2.645533186342116E+001
    300  5.311428554217095E-003  3.871033423098082E+001
   1070  4.853676204751836E-003  1.350535885837313E+002
    114  4.648403635098088E-003  2.903390568794284E+001
    544  4.235694289258325E-003  1.037287728441322E+002
    103  4.097116583373030E-003  2.854698030319213E+001
    291  4.064942240880861E-003  3.834865717601958E+001
     64  3.919571157303387E-003  2.637954322898939E+001
   1072  3.861288350277246E-003  1.354275255218108E+002
   1045  3.781380119817654E-003  1.322246800166877E+002
    563  3.778460896746621E-003  1.058622417292547E+002
      2  3.770088822719213E-003  1.507477314615795E+001
    551  3.652660493961208E-003  1.044758850995860E+002
    301  3.461521266717976E-003  3.874125966254066E+001
    566  3.274810883057094E-003  1.060197199307676E+002
   1058  3.156664303539237E-003  1.334381531708862E+002
    151  3.148885971382974E-003  3.097448214004631E+001
    549  3.129610993731523E-003  1.043755820157491E+002
     18  3.097787020686201E-003  2.124694793769305E+001
    554  2.888818688499424E-003  1.048978551747549E+002
    290  2.761080508259471E-003  3.834059039797889E+001
    302  2.673033465649829E-003  3.874867387838012E+001
     58  2.645383156503902E-003  2.603619761911758E+001
    308  2.443453092283543E-003  3.924824416979163E+001
    346  2.400064031237503E-003  4.251353138364797E+001
     35  2.015503670470580E-003  2.406163852032448E+001
     71  2.014697238032945E-003  2.691074291878593E+001
      5  1.940139390834475E-003  1.580375607842547E+001
    163  1.919627909295427E-003  3.148605603035891E+001
    335  1.780639823359516E-003  4.064698242871874E+001
     31  1.772505478764053E-003  2.349957735236975E+001
    253  1.729206123779918E-003  3.690338042035397E+001
     37  1.547373959519429E-003  2.413005277682491E+001
   1074  1.528715281969806E-003  1.357832717908243E+002
    393  1.513347223530856E-003  5.117422678475859E+001
    330  1.454526584321620E-003  4.000719691328421E+001
     85  1.402511096962127E-003  2.757726243328665E+001
   1044  1.393228891936063E-003  1.320835593454495E+002
    530  1.335411834508679E-003  6.265828803408258E+001
   1060  1.320150163954524E-003  1.336329109810919E+002
     32  1.255636637159485E-003  2.386019687247388E+001
    296  1.246298886755585E-003  3.847026909032138E+001
     40  1.239510139178069E-003  2.429142631572386E+001
    199  1.166454114870614E-003  3.411214171315592E+001
    115  1.163009448626874E-003  2.908676806680809E+001
     27  1.146573096305110E-003  2.288948685305089E+001
    536  1.115843087316617E-003  7.244369170766353E+001
     86  1.114064119866662E-003  2.760340701365068E+001
    229  1.107294922013633E-003  3.477639317683153E+001
    142  1.090860282592188E-003  3.011700635419402E+001
     29  1.084091764001126E-003  2.304600720746813E+001
     14  1.044178734724971E-003  2.047451167645159E+001
     67  1.041940957343417E-003  2.663955326886673E+001
     41  1.030963080578445E-003  2.434332602389209E+001
     11  1.000634150207242E-003  1.771447447329438E+001
     48  9.992359548792952E-004  2.521050943974308E+001
    165  9.961524390514479E-004  3.194792507678593E+001
    548  9.886173201585290E-004  1.041098140943872E+002
     20  9.849422287527161E-004  2.146722812704134E+001
    255  9.471068770356791E-004  3.705801266502003E+001
     26  9.163781967563746E-004  2.275577786050195E+001
    762  8.809552604817309E-004  1.134504722361933E+002
    479  8.737696762838012E-004  5.886156225440574E+001
     95  8.549175526052951E-004  2.806113631432304E+001
     36  8.456031826762786E-004  2.408548968715760E+001
   1039  8.448917227910617E-004  1.317789778316224E+002
    295  8.236312092247893E-004  3.844649820311862E+001
    205  8.232739077464817E-004  3.418138862993963E+001
    161  8.135161970360604E-004  3.141544799468193E+001
    347  8.132110238016235E-004  4.251894246220620E+001
    209  8.069157762499533E-004  3.420776675567321E+001
     57  7.572079903278626E-004  2.601044601303876E+001
      4  7.564353223630024E-004  1.555889535187236E+001
    343  7.497150385139498E-004  4.223776350771931E+001
    289  7.453285721562134E-004  3.832422991649202E+001
    120  7.420570568827307E-004  2.935022978395871E+001
    418  7.346120129967256E-004  5.440760214654593E+001
   1075  7.309268900568404E-004  1.852007864492208E+002
    427  7.186224405340373E-004  5.530625255614972E+001
    403  7.051560423401014E-004  5.332276567118551E+001
      1  6.895526098827006E-004  1.480943860687432E+001
    254  6.894325143076532E-004  3.696870162494890E+001
    279  6.854426270016419E-004  3.776291602598710E+001
     66  6.849425161247650E-004  2.653041695388611E+001
    207  6.715455194287981E-004  3.419271829752626E+001
    110  6.360496059159718E-004  2.890337161783228E+001
    537  6.350555652726252E-004  7.348438751630307E+001
    144  6.343260305247908E-004  3.023024488043693E+001
     97  6.210087995130496E-004  2.809615145046481E+001
    298  5.994262179936027E-004  3.860785506393049E+001
    710  5.906145607394428E-004  1.117114283703663E+002
    385  5.745006730815523E-004  4.744969147605799E+001
     55  5.715641546935599E-004  2.564739582447731E+001
    232  5.674244144999437E-004  3.530982942235851E+001
    299  5.650487104125005E-004  3.861147003050849E+001
    386  5.598103098074428E-004  4.778448827008048E+001
     12  5.592011289276749E-004  1.791855268392995E+001
    154  5.577108322246179E-004  3.128025029310897E+001
    177  5.515616528074419E-004  3.286305119332699E+001
    396  5.506688323976234E-004  5.292259014309509E+001
   1022  5.470117158207123E-004  1.309570316227355E+002
     21  5.468600401766409E-004  2.149552581175353E+001
    230  5.395381980237044E-004  3.507000892128892E+001
    348  5.294294754089865E-004  4.278252907839931E+001
    356  5.287187720352608E-004  4.399929676237998E+001
    119  5.217115605630578E-004  2.929038281335912E+001
    223  5.153595034124819E-004  3.452101188794168E+001
    897  5.074270960335580E-004  1.233154024205701E+002
    183  5.036418782340561E-004  3.317747871488443E+001
    310  4.930549871652695E-004  3.933560718805473E+001
    100  4.786193832701170E-004  2.814590236831992E+001
    378  4.783020209609352E-004  4.609481655347708E+001
    332  4.738755064269314E-004  4.036182328117159E+001
     17  4.738025218170016E-004  2.091913438766164E+001
     70  4.689182308511983E-004  2.683332853591699E+001
    212  4.610341019236047E-004  3.425448747044050E+001
    785  4.559639966068996E-004  1.156515149006221E+002
    282  4.552063115273618E-004  3.781601762519486E+001
    405  4.526522066448033E-004  5.340951413863353E+001
    340  4.507547172842102E-004  4.203744443197692E+001
    458  4.383786917122010E-004  5.780961640938520E+001
    102  4.311219220808925E-004  2.838723287464182E+001
    487  4.277807439118410E-004  5.901096182276392E+001
     69  4.251668665342145E-004  2.667931486079132E+001
    249  4.212398372719209E-004  3.643158917315001E+001
    117  4.206319684938563E-004  2.915145470361619E+001
     74  4.136647023003005E-004  2.706787664592100E+001
    417  4.083707398419632E-004  5.432386496665636E+001
   1050  4.056682765302976E-004  1.326682006609648E+002
    164  4.053589349642330E-004  3.156123118588701E+001
     92  3.981715692564626E-004  2.796966533379813E+001
    264  3.979276678268460E-004  3.760740200223662E+001
    483  3.972653579559145E-004  5.892865432514233E+001
    553  3.940351864267534E-004  1.045844149005738E+002
    535  3.847534866894450E-004  7.234684016852472E+001
    326  3.766276850126710E-004  3.980074663620405E+001
    319  3.745155073587100E-004  3.955367029075058E+001
    152  3.734475151286331E-004  3.107793476288124E+001
    217  3.724431175484061E-004  3.432077633458158E+001
    158  3.721245071677839E-004  3.138637587596471E+001
      9  3.711270067178193E-004  1.615282072713023E+001
    131  3.640036951266158E-004  2.976719894627799E+001
    166  3.576859044080854E-004  3.197534022905977E+001
    133  3.542159007324996E-004  2.980777525245198E+001
    134  3.481539893564812E-004  2.989081555609098E+001
    106  3.480806375915925E-004  2.873147041157064E+001
    155  3.418761041822945E-004  3.129077640287002E+001
    331  3.418357759876089E-004  4.033978069592825E+001
    383  3.351778802106263E-004  4.665506804468283E+001
    275  3.348070789734599E-004  3.771871208633355E+001
    285  3.298820953830654E-004  3.794670187788559E+001
   1036  3.297096148423943E-004  1.315563975924429E+002
     80  3.248410269944128E-004  2.737665388114407E+001
    430  3.234617949531839E-004  5.544226538226409E+001
    172  3.193780660405377E-004  3.254695536480502E+001
    510  3.190486301269717E-004  6.106496915014706E+001
    379  3.165373223633192E-004  4.610002508350383E+001
    202  3.154396552158793E-004  3.414693728338715E+001
    320  3.104862519862495E-004  3.958466091098631E+001
    221  3.076729173741100E-004  3.444064242877499E+001
     46  3.028841274699284E-004  2.508968851186969E+001
    184  2.987757276044480E-004  3.328145954751520E+001
    218  2.887053228999925E-004  3.434087154455664E+001
     43  2.880343309073990E-004  2.485090944939308E+001
    231  2.812136266591414E-004  3.529195130720404E+001
    101  2.799789692349900E-004  2.816121926613436E+001
     34  2.755403324810400E-004  2.394870774261297E+001
    431  2.745505177497174E-004  5.545822575490884E+001
     28  2.662267549569528E-004  2.303576073275412E+001
     49  2.612183538404827E-004  2.521926711432687E+001
    503  2.599037802889592E-004  6.062899617907863E+001
    148  2.591612994425321E-004  3.055713011308698E+001
     89  2.586043325609242E-004  2.787565477396676E+001
    576  2.560121634592465E-004  1.068188420241767E+002
     53  2.556040450426565E-004  2.532427500710937E+001
    143  2.550437622168126E-004  3.021552765862468E+001
    572  2.548971064652200E-004  1.066354688575440E+002
    485  2.537719976476959E-004  5.896971858223063E+001
    777  2.527704289855869E-004  1.150636811545726E+002
      6  2.523202422837348E-004  1.593905863128156E+001
    153  2.522010131874856E-004  3.119128674334460E+001
    716  2.474077351644335E-004  1.119313653155845E+002
    137  2.463285135307663E-004  2.996307755422044E+001
    341  2.409074739322522E-004  4.207899368185591E+001
    246  2.407803438750789E-004  3.612200287477440E+001
    238  2.392726773145994E-004  3.562010162214489E+001
    196  2.392684801753913E-004  3.402217963204272E+001
    150  2.370551768166884E-004  3.095380367517388E+001
   1062  2.353711452697877E-004  1.338537297016246E+002
    387  2.350050128207593E-004  4.845493173747810E+001
    138  2.325671832398826E-004  2.998810658959070E+001
    192  2.236074346818222E-004  3.373139183933635E+001
    783  2.222196616279479E-004  1.155776779712016E+002
    467  2.221672829193231E-004  5.850070475174659E+001
    374  2.193631386202541E-004  4.576894168844035E+001
    706  2.178898888691527E-004  1.115644797142602E+002
    493  2.174126486799028E-004  5.956939432616837E+001
    360  2.149369325079490E-004  4.501412031898634E+001
    237  2.139241351680447E-004  3.561350513334219E+001
    311  2.125890460869802E-004  3.939193935233331E+001
    564  2.124173310257713E-004  1.059223740174141E+002
    991  2.085285515975254E-004  1.298309517843196E+002
    352  2.079138922959243E-004  4.345183818831803E+001
    568  2.078698507955786E-004  1.063884322375297E+002
    359  2.077512443437165E-004  4.440820660542785E+001
    763  2.073524546775578E-004  1.136578287383470E+002
    303  2.059756249401240E-004  3.891633174738261E+001
    593  2.054020298475920E-004  1.074633420950339E+002
    423  2.043010481053943E-004  5.491452382822700E+001
    749  2.027753797117536E-004  1.128862829609149E+002
    401  1.997412168620520E-004  5.310952948046032E+001
    160  1.969494211972126E-004  3.140287364756382E+001
    157  1.956275042128382E-004  3.136040875348826E+001
    395  1.934424368773110E-004  5.279005865968511E+001
    297  1.886335431995428E-004  3.850412000814609E+001
    156  1.869678116502594E-004  3.133959801814033E+001
    195  1.859408081697282E-004  3.399004655216064E+001
    190  1.854297300605809E-004  3.352213579831744E+001
   1027  1.850146393219770E-004  1.311414239553258E+002
    407  1.842655222008705E-004  5.355040632372296E+001
   1055  1.830467880231057E-004  1.332315483337306E+002
   1069  1.809373057274693E-004  1.347402109836953E+002
    452  1.808059197485395E-004  5.732416656661538E+001
   1048  1.797447507295180E-004  1.325281096806480E+002
    389  1.773428184920921E-004  4.924612888004685E+001
    559  1.753298664575095E-004  1.054467335457494E+002
    438  1.752599774050583E-004  5.568774314714533E+001
    902  1.751024648680168E-004  1.246861225619736E+002
    259  1.749890686375308E-004  3.731129763636223E+001
    399  1.734075141177364E-004  5.300117686152819E+001
    338  1.713166469960981E-004  4.143596746217444E+001
    419  1.687055269972313E-004  5.447434435004674E+001
    174  1.674722804690348E-004  3.277024257542895E+001
    357  1.673545665557231E-004  4.413715889769129E+001
    394  1.673231158312182E-004  5.275338077531283E+001
    309  1.671737540308109E-004  3.929268620446922E+001
    325  1.653238920393613E-004  3.979678053884171E+001
    486  1.650339788159387E-004  5.898078655703418E+001
    560  1.639586191289691E-004  1.057397922085461E+002
    336  1.638662114546699E-004  4.106442919982931E+001
    602  1.617883748468191E-004  1.078335831208874E+002
    976  1.611219286828385E-004  1.291265023483052E+002
    201  1.597053218456832E-004  3.413905621996786E+001
     68  1.586443681751368E-004  2.665958995788216E+001
    215  1.584430105012604E-004  3.430912489816387E+001
      3  1.568336643965682E-004  1.530095081680193E+001
    281  1.560179794871104E-004  3.778222215271058E+001
    128  1.560027410648498E-004  2.964876822252022E+001
    449  1.552916833313220E-004  5.713782918039372E+001
    109  1.542233531571158E-004  2.888359254004277E+001
    552  1.532610595311861E-004  1.045004516183760E+002
     78  1.510064427545486E-004  2.724001953302053E+001
    592  1.504481837976067E-004  1.074010896433819E+002
    121  1.483826382975602E-004  2.937009161569695E+001
    251  1.474896116222456E-004  3.670193646720268E+001
    702  1.460561770010381E-004  1.112791472783473E+002
    168  1.457349805801371E-004  3.223239881301075E+001
    382  1.450467691559868E-004  4.661435463500721E+001
   1009  1.447460966122430E-004  1.304609142394732E+002
    191  1.440295017860246E-004  3.372798248811258E+001
    208  1.439396545618199E-004  3.420400517096608E+001
    411  1.434224502398482E-004  5.390414096058870E+001
     83  1.431279258385361E-004  2.745200449399356E+001
    894  1.429974905326626E-004  1.226855190700912E+002
     54  1.424898280205407E-004  2.537118147105558E+001
    197  1.416263512391712E-004  3.407091137263039E+001
    248  1.397736185733013E-004  3.617742791171408E+001
     60  1.377040968757501E-004  2.612817271153773E+001
    771  1.376532322669963E-004  1.142541813627527E+002
    659  1.372884308534640E-004  1.093169473413985E+002
    135  1.364829940134168E-004  2.990996926970350E+001
     30  1.364377444588624E-004  2.339033246897357E+001
     77  1.356409805480283E-004  2.720977418778346E+001
    239  1.351204592893364E-004  3.564788119351169E+001
    324  1.341978005835103E-004  3.965813849875591E+001
    491  1.338247624259232E-004  5.916484178919298E+001
    575  1.310732467589607E-004  1.067636975144964E+002
    570  1.309340018504375E-004  1.064458450110351E+002
    327  1.287089269963327E-004  3.980649710729982E+001
     90  1.285658293161225E-004  2.792299487571685E+001
     62  1.282785277227712E-004  2.630569023157911E+001
    911  1.237708524184703E-004  1.258968376271585E+002
    905  1.234518725892130E-004  1.252963463377060E+002
    481  1.225584600815903E-004  5.889564718758225E+001
    540  1.201045922967932E-004  1.019596674086986E+002
    193  1.196275248895399E-004  3.387383688791338E+001
    272  1.175938504365290E-004  3.770876893490352E+001
    604  1.173042899286112E-004  1.078901483894559E+002
    312  1.169650864592415E-004  3.940338989709551E+001
    492  1.161387282233692E-004  5.919740097208313E+001
    973  1.155430346985266E-004  1.290303348922233E+002
    474  1.154687729420358E-004  5.866520048333617E+001
     96  1.138064384752191E-004  2.807603105873968E+001
    293  1.137074943799274E-004  3.840315559517953E+001
    555  1.136677215983477E-004  1.049505825405343E+002
    425  1.089127090356798E-004  5.512885982268182E+001
    116  1.088325101060751E-004  2.910094471225916E+001
    355  1.086889602817192E-004  4.365668409738398E+001
    451  1.072763104652127E-004  5.726939793781466E+001
     72  1.066216204872925E-004  2.695844835194747E+001
    464  1.064154228003845E-004  5.841767339850505E+001
   1041  1.051710763439399E-004  1.318604688563310E+002
    512  1.026921631598863E-004  6.110465593383906E+001
    721  1.025842642322622E-004  1.121902054803930E+002
    725  1.020292603569621E-004  1.122622575126908E+002
    132  1.014232319183414E-004  2.978147182311027E+001
    444  1.004146541046195E-004  5.640873014994138E+001
    317  9.826074710240364E-005  3.952108816795088E+001
    578  9.765377060252882E-005  1.068696587706935E+002
    334  9.687365215554523E-005  4.055961280242965E+001
    211  9.673557414721579E-005  3.422885497659050E+001
    176  9.624990161352140E-005  3.283702642513862E+001
    390  9.616887559544487E-005  4.930034545373515E+001
    597  9.536286378898327E-005  1.076362394255561E+002
    304  9.519717025629476E-005  3.902642388250331E+001
    772  9.459605522110929E-005  1.144444014986270E+002
    313  9.388778189628130E-005  3.941220320488696E+001
    104  9.368330750031924E-005  2.863475114667724E+001
    745  9.341791497690498E-005  1.127541380335163E+002
    836  9.247443526980691E-005  1.177792466123822E+002
    573  9.212624725903023E-005  1.066520968004064E+002
    214  9.184495677178514E-005  3.429158842681225E+001
    180  9.146629082672861E-005  3.306959511625761E+001
     73  9.089074277761520E-005  2.704395448663374E+001
   1061  8.920151197957809E-005  1.338239896777959E+002
     75  8.900558242978545E-005  2.717284531466260E+001
   1020  8.861997267663428E-005  1.308300137670077E+002
    898  8.605586257912112E-005  1.236287338505038E+002
    314  8.580420934363750E-005  3.944402428691944E+001
    565  8.505899050828861E-005  1.059848591127986E+002
    607  8.503147869200168E-005  1.079782277499060E+002
    780  8.491409376016689E-005  1.153482258688003E+002
    125  8.462879810998681E-005  2.955205187993630E+001
    879  8.227079070413790E-005  1.208628531744268E+002
    542  8.134672561410846E-005  1.021380905135569E+002
    247  7.988897637620868E-005  3.613855018049320E+001
    397  7.976047025575421E-005  5.292984574180642E+001
    808  7.926865189814323E-005  1.166438640424820E+002
    240  7.833495413181255E-005  3.568815433410965E+001
    344  7.742712287457215E-005  4.229281490750487E+001
    333  7.702702292394346E-005  4.050570323460023E+001
    468  7.635839957347266E-005  5.850419738659161E+001
    149  7.621367659510034E-005  3.064428879965062E+001
    746  7.550066625031611E-005  1.128150956859242E+002
     81  7.540805152887738E-005  2.737831616504717E+001
     15  7.433690648840532E-005  2.077312965636918E+001
   1053  7.365345952804987E-005  1.331993000158318E+002
    107  7.330579483962076E-005  2.880093649968087E+001
    502  7.297064166960551E-005  6.033057478557798E+001
    187  7.242048635327039E-005  3.338593491458187E+001
    307  7.234307330541906E-005  3.924418415703018E+001
    262  7.220118800931806E-005  3.754826259370084E+001
    890  7.009047730454657E-005  1.222269695705770E+002
    816  6.996928558277726E-005  1.170854692244173E+002
    269  6.875228651131825E-005  3.766609016559832E+001
    617  6.866371075354904E-005  1.082069188907082E+002
    475  6.840482250161797E-005  5.870955367754343E+001
    147  6.703907129869157E-005  3.045498909450352E+001
    561  6.618648352070232E-005  1.057823475786052E+002
     61  6.596900880255231E-005  2.623624111749398E+001
    494  6.589819249222881E-005  5.959072402434833E+001
     76  6.552653973381849E-005  2.719040433196805E+001
    381  6.521093524230060E-005  4.623753374880091E+001
     13  6.492145314588648E-005  2.038781372204352E+001
     63  6.473978872300494E-005  2.633691355837915E+001
    521  6.306225193809834E-005  6.120499406654021E+001
    717  6.230189080276488E-005  1.119901298340990E+002
    189  6.179571219621627E-005  3.348575581421191E+001
    274  6.178469248978487E-005  3.771469066363962E+001
    173  6.162159028066949E-005  3.267731285541730E+001
    266  6.138670612214304E-005  3.763404507858488E+001
     50  6.115647363328110E-005  2.524792740229145E+001
    420  6.063810318198876E-005  5.464265012038360E+001
    242  6.033977267717992E-005  3.575330164903793E+001
    639  6.024476027674255E-005  1.087924757147032E+002
    757  6.023216430129802E-005  1.131455979007981E+002
    666  6.020650690838488E-005  1.096961217429448E+002
     44  6.014870211646861E-005  2.487547588775838E+001
    305  5.996404621922258E-005  3.919092577852600E+001
    213  5.966614812293953E-005  3.426923698719692E+001
    892  5.947470562608760E-005  1.223146913863671E+002
    515  5.923140377672588E-005  6.113166482037749E+001
    577  5.895128403425691E-005  1.068269012623950E+002
     84  5.875529427721044E-005  2.748397341497807E+001
    234  5.861845330985447E-005  3.541632958107625E+001
    337  5.851454091945202E-005  4.125439580477820E+001
    838  5.833773730561903E-005  1.178077045912047E+002
     10  5.805621276003554E-005  1.630017574824609E+001
    571  5.724189609050115E-005  1.065760725477823E+002
    803  5.720143847866866E-005  1.163959410830473E+002
    323  5.682721933388188E-005  3.963162035223775E+001
    924  5.644219088702698E-005  1.267645350898773E+002
   1018  5.596560597205531E-005  1.307425624046459E+002
   1071  5.587479881623241E-005  1.353191143310252E+002
    730  5.542143107399274E-005  1.124678820560711E+002
    661  5.533166302196729E-005  1.094040232551639E+002
    768  5.518235564009641E-005  1.140511281344195E+002
    712  5.506461404213559E-005  1.118479116964762E+002
   1057  5.497982781327595E-005  1.332882698940204E+002
     45  5.497224325186023E-005  2.505629895200580E+001
     39  5.492032705368293E-005  2.419216907562118E+001
    306  5.489268112327591E-005  3.922583615449084E+001
    141  5.481661144539925E-005  3.005205957969120E+001
    167  5.468379217173276E-005  3.206734480721192E+001
    528  5.449903997436398E-005  6.211763689923020E+001
     79  5.400547857040070E-005  2.728143790603452E+001
    557  5.337818754855385E-005  1.053298087456868E+002
    445  5.295579667277966E-005  5.650985963977887E+001
    543  5.233645961632769E-005  1.026098663261161E+002
    361  5.138424299088582E-005  4.509188248244521E+001
    204  5.125379607530827E-005  3.416741852472765E+001
    478  5.084055481663608E-005  5.880478287498814E+001
    261  5.070030849629800E-005  3.751537038816641E+001
    257  5.043769201879982E-005  3.716053985696894E+001
     22  5.017197054624142E-005  2.149928230079738E+001
    345  4.969870523596847E-005  4.248475366295001E+001
    681  4.887236327566722E-005  1.107150530846271E+002
    426  4.835842050599475E-005  5.521112029631625E+001
    697  4.766540449288886E-005  1.111168086390436E+002
    377  4.699996803606171E-005  4.580996274485975E+001
    162  4.645796664718069E-005  3.142013005221356E+001
    605  4.639938940426768E-005  1.079476682950407E+002
    159  4.631062553680741E-005  3.140014259635325E+001
    989  4.599901200405158E-005  1.296856498562064E+002
    609  4.483995988686489E-005  1.080529774194348E+002
   1066  4.463634005936531E-005  1.341339055776214E+002
    450  4.445660052442124E-005  5.723022636777802E+001
    558  4.443473240650389E-005  1.054235904423783E+002
    643  4.440004400434455E-005  1.088529165631816E+002
    260  4.436589765917233E-005  3.745846822965304E+001
    691  4.386252323564969E-005  1.109942746792360E+002
    531  4.366924496077618E-005  6.280622541285696E+001
    250  4.312124897583583E-005  3.645071914574685E+001
    584  4.279526721916491E-005  1.071415131646536E+002
    273  4.210289830961395E-005  3.771236202405859E+001
   1021  4.209075292142962E-005  1.308784400027895E+002
    880  4.195563776947332E-005  1.209811659012211E+002
     25  4.133469696486562E-005  2.268285797328677E+001
   1038  4.106431337576921E-005  1.317153469634680E+002
     94  4.079470746169020E-005  2.803048707399637E+001
    594  4.056835311606462E-005  1.075267994995216E+002
    621  4.041056307215524E-005  1.083828600305560E+002
    123  4.029996561354116E-005  2.945706723223188E+001
    421  4.016683000273293E-005  5.469982084171487E+001
     51  3.965738628336566E-005  2.527497960196780E+001
   1034  3.931939933929699E-005  1.314975717016592E+002
    883  3.917108672248676E-005  1.212822283474710E+002
    600  3.888262057365155E-005  1.078192567961393E+002
    698  3.832523373492238E-005  1.111543499618823E+002
     88  3.821161566739194E-005  2.776495450944637E+001
    871  3.794357118693931E-005  1.204638135739833E+002
    742  3.790915080478488E-005  1.126546326383816E+002
    817  3.747853201743938E-005  1.171745914510001E+002
    778  3.740101881038158E-005  1.153062331743218E+002
     82  3.638437523326407E-005  2.744742479332049E+001
    870  3.634938233286726E-005  1.203621491035894E+002
    364  3.623944966387524E-005  4.528995878587361E+001
    339  3.617524711070937E-005  4.199721405536648E+001
    206  3.591093832462929E-005  3.418711639611698E+001
    188  3.559544488941069E-005  3.343297855491465E+001
    673  3.540320799104808E-005  1.101090602242966E+002
    526  3.531710816766507E-005  6.205614154690332E+001
   1052  3.517411708962581E-005  1.330891459743712E+002
    738  3.513407578854973E-005  1.126248828969786E+002
    675  3.497662128383179E-005  1.101932688761904E+002
    903  3.453811385642118E-005  1.249295857950171E+002
   1068  3.451050413992556E-005  1.342139437973118E+002
    756  3.431837846227962E-005  1.131019348749128E+002
    774  3.413966604368747E-005  1.147299018357027E+002
    171  3.399979509685764E-005  3.251692712246987E+001
    940  3.362834221958878E-005  1.277053477702196E+002
   1013  3.298121862733413E-005  1.306191025791559E+002
    182  3.235965792503201E-005  3.313118961536368E+001
    663  3.233599656223821E-005  1.095408569103236E+002
    616  3.211639632838706E-005  1.081902144651443E+002
    186  3.191975161904946E-005  3.335079910483972E+001
    674  3.166347421150527E-005  1.101627157855635E+002
    529  3.149921350035274E-005  6.213305424318654E+001
    233  3.147142151510170E-005  3.536858076063520E+001
    585  3.133322511561669E-005  1.071721890576240E+002
   1033  3.093414683820435E-005  1.314921549657209E+002
   1032  3.088650588711052E-005  1.314270448258869E+002
    567  3.061946516412851E-005  1.061175767374582E+002
    185  2.999427383711493E-005  3.329017879350934E+001
    672  2.989155328045265E-005  1.100523893058521E+002
    136  2.930147471689052E-005  2.995197020395121E+001
    441  2.915535452273410E-005  5.602297434426368E+001
    610  2.898383971295949E-005  1.080548791140610E+002
    934  2.855278045063951E-005  1.274026915475210E+002
    731  2.839078983586864E-005  1.124795031346507E+002
    658  2.831826963418113E-005  1.092752908733605E+002
    181  2.829647053949961E-005  3.309588236011395E+001
    583  2.797305503752263E-005  1.070323413352247E+002
    626  2.793341830899927E-005  1.085197354965440E+002
    236  2.787928509530419E-005  3.558504171265294E+001
    636  2.732764114867248E-005  1.087412284437008E+002
    220  2.728609684719629E-005  3.440936379612124E+001
     19  2.715348910957978E-005  2.137958735177528E+001
    442  2.691393896010681E-005  5.605259237502305E+001
    244  2.668417406212693E-005  3.582009297825139E+001
    624  2.639909047293578E-005  1.084534043855216E+002
    541  2.563963248278113E-005  1.020561485810812E+002
    895  2.562237166006478E-005  1.231922658586809E+002
    453  2.562005836565737E-005  5.734859743017803E+001
     33  2.546289305878741E-005  2.387502434282544E+001
    410  2.539452669591985E-005  5.380004782230375E+001
    899  2.537464510552768E-005  1.237750393258326E+002
    733  2.484241812696866E-005  1.125211996768446E+002
    622  2.443211107585919E-005  1.084041586407917E+002
    105  2.407968217727673E-005  2.872870804936272E+001
    589  2.404050617932272E-005  1.073243551551986E+002
    574  2.380455185108759E-005  1.067089856517616E+002
    513  2.354529934975617E-005  6.111701004965728E+001
    433  2.315755850259126E-005  5.552394895078822E+001
    689  2.309077525950585E-005  1.108992280227757E+002
    470  2.289952200336049E-005  5.858950887133865E+001
    179  2.278082765303161E-005  3.301071504933698E+001
    241  2.272724559011424E-005  3.573178726353736E+001
    533  2.257689028471680E-005  6.344214913117692E+001
    791  2.254253094668317E-005  1.158399885308925E+002
    315  2.249405448894985E-005  3.946262277995078E+001
    596  2.224289412384178E-005  1.076305596761092E+002
    975  2.218274258430559E-005  1.290479361570385E+002
    992  2.192430307785372E-005  1.299169051159237E+002
    391  2.191558930464722E-005  4.935295074539214E+001
    517  2.183658793154278E-005  6.116283191518230E+001
   1047  2.133532802925449E-005  1.324683504365100E+002
    365  2.107302886934234E-005  4.540196146988517E+001
    579  2.102729398230451E-005  1.068810185812333E+002
    370  2.095011666650151E-005  4.562254251008403E+001
    435  2.081066299076831E-005  5.559833163642786E+001
    954  2.077720372037388E-005  1.282848493157465E+002
    656  2.074664884657156E-005  1.092383325553483E+002
    569  2.074236290834590E-005  1.064024371239422E+002
    270  2.056073258084019E-005  3.767493462479421E+001
    713  2.045258182239950E-005  1.118750446375970E+002
     91  2.024205044063137E-005  2.795709450840539E+001
    960  2.011591780286105E-005  1.283710541965592E+002
    112  1.990217722792601E-005  2.893182478938967E+001
    140  1.959716713512916E-005  3.002380690834687E+001
    641  1.926900577849263E-005  1.088136450829588E+002
    402  1.913419995087643E-005  5.323403324336612E+001
    829  1.896976163529137E-005  1.175434491795728E+002
   1042  1.892780273837616E-005  1.319938555239870E+002
    919  1.888948633540799E-005  1.264669767465423E+002
    595  1.888227428514233E-005  1.075727311228692E+002
    473  1.887935043072584E-005  5.864875851961727E+001
    995  1.886497495613765E-005  1.300556822463785E+002
    929  1.856245735936030E-005  1.272324166790593E+002
    354  1.856023089219799E-005  4.358717802496741E+001
    970  1.855465808630855E-005  1.288440499253601E+002
    465  1.839740606865887E-005  5.845233409136720E+001
    448  1.836929293562510E-005  5.707216855561523E+001
   1063  1.835960134647909E-005  1.338610239777397E+002
    916  1.829098302760789E-005  1.261858055404796E+002
    525  1.801838180771253E-005  6.201689187624501E+001
    522  1.784349012188021E-005  6.189501394570030E+001
    194  1.772349346818329E-005  3.388123191050668E+001
    376  1.764252931868696E-005  4.578482274843697E+001
   1046  1.758598420639198E-005  1.322741703884410E+002
    523  1.731721475129946E-005  6.195141091349550E+001
    580  1.727880730854004E-005  1.069063882425304E+002
    463  1.723619223124945E-005  5.840368106338346E+001
    527  1.718163335236129E-005  6.211137902133680E+001
    682  1.700938281184694E-005  1.107795174367904E+002
    170  1.694762827520839E-005  3.240864442722207E+001
    913  1.693621213154655E-005  1.260963173315474E+002
    436  1.691333117982126E-005  5.562240782737462E+001
    113  1.690205144426036E-005  2.894608485543543E+001
    802  1.667972442189425E-005  1.163074247182627E+002
    928  1.665631455962833E-005  1.271758190169006E+002
    813  1.664242607533754E-005  1.170211975618395E+002
    457  1.662805055995182E-005  5.770039153165104E+001
    469  1.659011350916105E-005  5.857260373695996E+001
   1065  1.614921349959749E-005  1.340986810838602E+002
    538  1.604525739626693E-005  8.801939400846273E+001
    683  1.592234043488016E-005  1.107854094171573E+002
    708  1.579763691344373E-005  1.116659378913442E+002
    455  1.579645700515779E-005  5.757818593173593E+001
    372  1.574612417080453E-005  4.569660817760900E+001
    947  1.563762891411789E-005  1.280025795512814E+002
    952  1.547176261416329E-005  1.282170243378332E+002
    868  1.536136009887472E-005  1.199994649602093E+002
    392  1.527171845826473E-005  4.975569880244111E+001
    429  1.526414393440298E-005  5.542704693693687E+001
    972  1.525816963161490E-005  1.289491342298440E+002
    769  1.496297644215365E-005  1.141494817506874E+002
    858  1.490357507017139E-005  1.193043137223610E+002
    854  1.479608017260771E-005  1.190938927222375E+002
    695  1.472851740052546E-005  1.110404578737834E+002
    366  1.469218474106920E-005  4.541480133184800E+001
    944  1.467449248889636E-005  1.278264506290159E+002
   1024  1.457371239014627E-005  1.310472886139475E+002
    375  1.452129879301291E-005  4.577921754207221E+001
    328  1.449440281111392E-005  3.982877398686839E+001
    369  1.427883101774924E-005  4.556664797594529E+001
    471  1.422288307109104E-005  5.859921299406331E+001
    646  1.418962966418828E-005  1.089039652974663E+002
    498  1.411392309687169E-005  6.006055704270973E+001
    844  1.404593461372985E-005  1.182236522024691E+002
    670  1.402648302717226E-005  1.099218253642219E+002
    368  1.388351712184019E-005  4.552075151204606E+001
    353  1.370813729231708E-005  4.354452657935016E+001
    962  1.361094538949360E-005  1.284190833846668E+002
    618  1.356742475125108E-005  1.083041655146542E+002
    633  1.356475862658530E-005  1.086770367044967E+002
    748  1.352230098852540E-005  1.128453459062848E+002
    129  1.340698219904475E-005  2.967722940199728E+001
    958  1.340158616751803E-005  1.283326337970340E+002
    910  1.332681349036117E-005  1.258349422363612E+002
    853  1.331388010857865E-005  1.189950762444425E+002
    532  1.325104438242117E-005  6.299204701993657E+001
   1011  1.320929047097067E-005  1.305590563134582E+002
    460  1.304556257174531E-005  5.821511818989060E+001
    507  1.288643461986388E-005  6.098134465730102E+001
    684  1.287288531488611E-005  1.108055531440044E+002
    608  1.279975863659356E-005  1.080310773431174E+002
   1067  1.279484620478805E-005  1.341872351276505E+002
    462  1.269429666766039E-005  5.834568949164402E+001
    127  1.268655919179608E-005  2.958197907168710E+001
     42  1.262993791952935E-005  2.442065503900721E+001
    632  1.253670907601170E-005  1.086732063917954E+002
    865  1.250454058733389E-005  1.195233182598442E+002
    945  1.225613540658531E-005  1.278945431870569E+002
    243  1.220392051130222E-005  3.580427376176280E+001
    800  1.218213029471308E-005  1.161811067685375E+002
    414  1.210057113860549E-005  5.408443269732371E+001
    118  1.197452383066551E-005  2.927665934202001E+001
    635  1.191450911659897E-005  1.087402789130293E+002
    887  1.170684451152357E-005  1.215278324822884E+002
    847  1.159127061636581E-005  1.183795327778256E+002
    921  1.158389164879712E-005  1.266347372507485E+002
    866  1.150750993203865E-005  1.198737679274225E+002
    545  1.143519582072558E-005  1.038885725205099E+002
    835  1.143405399371470E-005  1.176766134664512E+002
    796  1.139305107319707E-005  1.160406419035091E+002
    599  1.137458824200887E-005  1.077354408464688E+002
    842  1.110356815254608E-005  1.180365480395604E+002
    744  1.099016552808275E-005  1.127340165661099E+002
    415  1.098819816058867E-005  5.409773008136273E+001
    511  1.094676468190373E-005  6.108291035790679E+001
    709  1.093550971698886E-005  1.116986555393093E+002
    459  1.092702104674190E-005  5.797524108925945E+001
    860  1.083909626341974E-005  1.193608179742887E+002
    284  1.070761985128471E-005  3.794002386601017E+001
    634  1.065206351757450E-005  1.087110579745548E+002
    983  1.058854135780467E-005  1.293699640118089E+002
    225  1.051729032591129E-005  3.458265676939745E+001
    623  1.047946379894500E-005  1.084311616311891E+002
    488  1.010058620084318E-005  5.904214899548738E+001
    787  1.000622040293112E-005  1.157066821730262E+002
    476  9.972869346947046E-006  5.874284760292872E+001
    461  9.885879450461212E-006  5.832169084274378E+001
    227  9.835024532536330E-006  3.461221107986133E+001
    737  9.663229941212206E-006  1.125716601108342E+002
    665  9.178510266292003E-006  1.096195054263975E+002
    283  9.151377475400664E-006  3.781664732037148E+001
   1026  8.813735840590039E-006  1.310988308446859E+002
    500  8.760177594968934E-006  6.016266526055261E+001
    588  8.711584011492442E-006  1.072780161282308E+002
    877  8.636095218587037E-006  1.207635072396237E+002
   1028  8.599443386636986E-006  1.312419762585663E+002
    256  8.518369564467020E-006  3.708485200545782E+001
    896  8.510577774495841E-006  1.231967026860033E+002
    216  8.409016729616118E-006  3.431915233475488E+001
   1006  8.326484862218168E-006  1.303473844140781E+002
    350  8.242941851916237E-006  4.287084402122760E+001
    963  8.218401019366370E-006  1.284456810480366E+002
    793  8.167758309838631E-006  1.158943894419280E+002
    601  8.144339933470355E-006  1.078222216339937E+002
   1064  8.108967114293262E-006  1.339182935247794E+002
    277  8.070060622018091E-006  3.774405278528796E+001
   1004  7.977588989148940E-006  1.302828791464404E+002
    873  7.923287514561521E-006  1.205400953636918E+002
    611  7.868902789482397E-006  1.080609110523806E+002
    927  7.861845072906463E-006  1.271118445081471E+002
    631  7.789478178183450E-006  1.086593678715634E+002
    508  7.782917924086582E-006  6.101348113010317E+001
    922  7.765355126799252E-006  1.267277337836395E+002
   1040  7.753989504783931E-006  1.318325334098182E+002
    679  7.636893564460627E-006  1.106299731616480E+002
    790  7.543850658840206E-006  1.158127479939932E+002
     93  7.509802239504748E-006  2.801831476528660E+001
    950  7.478746093229384E-006  1.281356928004739E+002
    447  7.467296187187485E-006  5.692641404400948E+001
    968  7.466871488158190E-006  1.287893908307005E+002
    288  7.372455466022578E-006  3.825168870868715E+001
    930  7.337788791099224E-006  1.272550109882912E+002
    400  7.327931573561924E-006  5.304406357850599E+001
    938  7.295060416224363E-006  1.276246332177813E+002
    562  7.283297704503935E-006  1.058125905236654E+002
    139  7.198021076338211E-006  3.001327528760398E+001
   1076  7.160312887328636E-006  1.858411948136732E+002
    362  7.150721468815220E-006  4.520209191521082E+001
    825  7.022048895947698E-006  1.174155068731360E+002
    994  6.905611297679670E-006  1.299886393654431E+002
    678  6.760520114812666E-006  1.105298402911861E+002
    824  6.748826616337420E-006  1.173851057796732E+002
    765  6.740121194585332E-006  1.138034732037320E+002
    657  6.619205261216981E-006  1.092680437977900E+002
    760  6.546683686604519E-006  1.133648679091437E+002
    685  6.467256138944073E-006  1.108208915724099E+002
    619  6.465109469566428E-006  1.083262496248409E+002
    923  6.462143789212473E-006  1.267345977181097E+002
    200  6.416820646645940E-006  3.413076352937113E+001
    590  6.413950943319142E-006  1.073381491314167E+002
    252  6.410737928582321E-006  3.681481496629917E+001
    782  6.406896085720503E-006  1.155663554633046E+002
    422  6.401357612372652E-006  5.478392604221921E+001
    625  6.236202828578376E-006  1.084878781680722E+002
    694  6.219061641539141E-006  1.110208923005156E+002
    505  6.176202894400688E-006  6.089365906344585E+001
    489  6.093385905329309E-006  5.906665573291085E+001
    669  6.070358158934830E-006  1.098991161820264E+002
     98  5.982246282185832E-006  2.810036398063808E+001
    781  5.974513396376360E-006  1.155015502370288E+002
    122  5.931222043082304E-006  2.942821875092930E+001
    506  5.930306003534075E-006  6.092479484159845E+001
    986  5.669484511535252E-006  1.294778988001748E+002
    981  5.633960678168763E-006  1.292686845988868E+002
    804  5.605851454356878E-006  1.164307012054320E+002
    862  5.565116484220611E-006  1.194326389788892E+002
    224  5.518214442655278E-006  3.456258153743839E+001
    714  5.488751511203744E-006  1.118865310298163E+002
    815  5.479456178305210E-006  1.170844697210597E+002
    640  5.446015821647619E-006  1.088027953187827E+002
    707  5.374064669510922E-006  1.116484954290111E+002
    371  5.354311472701316E-006  4.567834615857563E+001
    642  5.305497190072794E-006  1.088349318990273E+002
    758  5.227910305476012E-006  1.131945788764974E+002
    265  5.223360358347567E-006  3.762418150997995E+001
    846  5.207400951143124E-006  1.183733977129572E+002
    926  5.185424988740992E-006  1.269935099435139E+002
    413  5.151103890613839E-006  5.407796767412047E+001
    591  5.092492822834526E-006  1.073970459895217E+002
    318  5.081779616323213E-006  3.952690512520030E+001
    964  5.068416478117729E-006  1.284811881676410E+002
    845  5.062123465112371E-006  1.182722434309271E+002
    651  4.902441441656430E-006  1.090123807306586E+002
    884  4.871049935508437E-006  1.212913619330936E+002
    668  4.837889718161821E-006  1.098358517134249E+002
   1035  4.743960902204474E-006  1.315022364948826E+002
    677  4.653407793925080E-006  1.104103779431708E+002
    724  4.638569588094591E-006  1.122474317356576E+002
    613  4.615138195045193E-006  1.081325074305931E+002
    917  4.584678772790267E-006  1.262583151256411E+002
    727  4.538728542731230E-006  1.123838421661365E+002
    794  4.531092889727366E-006  1.159299755047292E+002
    918  4.516572089527267E-006  1.263810693695273E+002
    648  4.512565529090691E-006  1.089328290594756E+002
    667  4.498062021179914E-006  1.098231148083649E+002
    770  4.494161574173808E-006  1.141655133118217E+002
   1001  4.481868806119136E-006  1.301907504163165E+002
    699  4.399826791381988E-006  1.111753891148923E+002
    518  4.381562280631655E-006  6.116565427175681E+001
   1017  4.362717108116827E-006  1.307020085696559E+002
    482  4.356550913971737E-006  5.890508639424976E+001
    809  4.356077314434172E-006  1.168273457040169E+002
    456  4.310459725297822E-006  5.758475825352298E+001
    645  4.307317323059030E-006  1.088758352374567E+002
    514  4.305823505300855E-006  6.112143562944963E+001
    424  4.264016461999572E-006  5.504400290817051E+001
    715  4.233459516795133E-006  1.119122168057061E+002
    863  4.206807703357477E-006  1.194780899982511E+002
    949  4.205578396839889E-006  1.280833568476082E+002
    915  4.202804270915094E-006  1.261627872997085E+002
    267  4.200109893762050E-006  3.763942844703926E+001
    849  4.181852511110894E-006  1.186556798515274E+002
    660  4.143242028737175E-006  1.093929129115852E+002
    664  4.068286676553008E-006  1.095868237421283E+002
    732  4.057451034128506E-006  1.124809932511083E+002
    556  4.015917066731059E-006  1.053074591696642E+002
    967  3.947662596851506E-006  1.287730879251822E+002
    520  3.946477349434550E-006  6.117519869664547E+001
    932  3.896533528686233E-006  1.272890793904072E+002
    741  3.860540486262479E-006  1.126383251241469E+002
    931  3.838164547839384E-006  1.272754104030811E+002
    477  3.803563684414301E-006  5.875439662154096E+001
    990  3.653637172851180E-006  1.297249883032466E+002
    852  3.585786752367131E-006  1.189308904937423E+002
    627  3.556862585531364E-006  1.085359599099982E+002
    655  3.530782080500139E-006  1.092114390318620E+002
    316  3.511698794511008E-006  3.947722492082590E+001
    145  3.502366781360342E-006  3.035386176419680E+001
    786  3.493738952617427E-006  1.156679892855772E+002
    893  3.465553220407272E-006  1.225899968537864E+002
    373  3.463344071920292E-006  4.573517441489172E+001
    276  3.443598812023622E-006  3.774173651101562E+001
    662  3.369098669600428E-006  1.094304874643061E+002
    271  3.307867070214713E-006  3.769377629908810E+001
    432  3.305272915853182E-006  5.551253331854516E+001
    696  3.294450208606427E-006  1.111110130672436E+002
    739  3.251589593728767E-006  1.126267264275300E+002
    761  3.236854717107415E-006  1.134019555363662E+002
   1043  3.217274746832789E-006  1.320181582363304E+002
    982  3.171800454430625E-006  1.293230544301462E+002
    908  3.169177076888950E-006  1.256350992978881E+002
    789  3.161933167459682E-006  1.157939903252585E+002
    524  3.157361301840393E-006  6.196836567938324E+001
    792  3.147262400297863E-006  1.158579110744502E+002
     87  3.145266397868320E-006  2.773505635732142E+001
    703  3.099341841395175E-006  1.113359924967504E+002
    978  3.094138124781033E-006  1.291764873003617E+002
    654  3.080374401530513E-006  1.091774321289355E+002
    496  3.007717972983241E-006  5.977778544840232E+001
    412  3.002847296412341E-006  5.399327798218789E+001
    175  2.981890623311830E-006  3.282740528695558E+001
    222  2.979762509968974E-006  3.444665555523785E+001
    767  2.959914473385295E-006  1.139787538815297E+002
   1031  2.898906550066548E-006  1.313824495210718E+002
    322  2.825339130944218E-006  3.962934885257222E+001
    711  2.818316475996181E-006  1.117833092223069E+002
    497  2.808002206177346E-006  5.984833423050026E+001
    901  2.765478258029120E-006  1.246352700151236E+002
    943  2.726003674595467E-006  1.278255860865938E+002
    586  2.698147907542968E-006  1.072414988471015E+002
    933  2.664881450593145E-006  1.272967505112425E+002
    258  2.647293098699963E-006  3.725675246841864E+001
    764  2.644811554151465E-006  1.137269990775531E+002
   1054  2.622714175723307E-006  1.332101619260334E+002
    235  2.599996858700912E-006  3.553329683850696E+001
    828  2.569602060055740E-006  1.175132070682912E+002
    226  2.477429535299205E-006  3.460914941435140E+001
    985  2.464373688963795E-006  1.294454523269476E+002
    637  2.439966658248398E-006  1.087708716348475E+002
    349  2.432426566384312E-006  4.279212686889406E+001
    987  2.426654203612410E-006  1.295218650079724E+002
    278  2.418070781248707E-006  3.775225448216675E+001
    614  2.393081827245731E-006  1.081499604581023E+002
    939  2.363555791054524E-006  1.276788938661296E+002
    693  2.351813767503406E-006  1.110198391814811E+002
    826  2.332853275940474E-006  1.174535409692338E+002
    920  2.248780985627245E-006  1.265729199247587E+002
    644  2.248454321770620E-006  1.088699046594824E+002
    961  2.181319316554122E-006  1.283826108536399E+002
    859  2.171813388476888E-006  1.193117826572047E+002
    428  2.169899680723875E-006  5.539697768550786E+001
    688  2.122651921585557E-006  1.108652117541332E+002
    342  2.122628091582016E-006  4.219280462450153E+001
    957  2.112157233244337E-006  1.283224605383935E+002
    519  2.102415090907712E-006  6.116666091909611E+001
    937  2.069584862066534E-006  1.275975168353670E+002
    434  2.069123441434175E-006  5.556859477681133E+001
   1010  2.055019646272890E-006  1.305150376372933E+002
    484  2.053072818797133E-006  5.894622531819898E+001
   1077  2.038119198731994E-006  6.189178021453241E+002
    907  2.025082715003252E-006  1.254774984052440E+002
   1025  2.014780549603777E-006  1.310823101564250E+002
     56  2.006480510383845E-006  2.577494999028338E+001
    504  2.002661581194929E-006  6.073767201700102E+001
    416  1.990697856731168E-006  5.412105627361211E+001
    124  1.987443096433460E-006  2.953039329658957E+001
    719  1.972363476607271E-006  1.120361196403708E+002
   1051  1.962164903890998E-006  1.330173846663143E+002
    705  1.954713345052002E-006  1.114879185885843E+002
    878  1.920406266121295E-006  1.208553192243232E+002
    587  1.915099225562238E-006  1.072564562863978E+002
    955  1.878190443593469E-006  1.283043098504922E+002
   1029  1.869974789543362E-006  1.312589073638632E+002
    446  1.864969627267052E-006  5.657515742254393E+001
     59  1.857302327794711E-006  2.608228483109795E+001
   1012  1.856888240178358E-006  1.305860585800326E+002
    728  1.846754160698136E-006  1.123911467240560E+002
    977  1.816451252792539E-006  1.291448023039548E+002
   1023  1.755938143805484E-006  1.309907545973144E+002
    805  1.739621641538513E-006  1.165442309434909E+002
   1005  1.738696089106624E-006  1.302961950162389E+002
    582  1.736520083743187E-006  1.069886979669129E+002
    951  1.731112279755721E-006  1.282127111215003E+002
    687  1.718238572285548E-006  1.108477970364615E+002
    855  1.705449628172064E-006  1.192335282432478E+002
    550  1.654058741659451E-006  1.044255141670578E+002
    766  1.640926081977187E-006  1.138313497862233E+002
    980  1.638813560615431E-006  1.292322903638887E+002
    398  1.626347231645901E-006  5.298968704937109E+001
   1003  1.613802755448094E-006  1.302792324598297E+002
    821  1.610226305948601E-006  1.173213489801490E+002
    649  1.606062269136533E-006  1.089557122086210E+002
    948  1.590746467909326E-006  1.280530341997139E+002
    650  1.546574716422358E-006  1.090061273622073E+002
   1002  1.528351671234708E-006  1.301955720736593E+002
    408  1.527530236474694E-006  5.368647704938994E+001
    747  1.498794096646921E-006  1.128221651622354E+002
    671  1.490040759860973E-006  1.100461630260976E+002
    603  1.487005430652361E-006  1.078480909052838E+002
    454  1.482943239716096E-006  5.753531790534946E+001
    169  1.481054174878221E-006  3.225245008090104E+001
    606  1.480879089729235E-006  1.079754075340127E+002
   1008  1.476532000815981E-006  1.304054287055121E+002
    888  1.467089825309528E-006  1.215384892766490E+002
    909  1.457332516817056E-006  1.256671150468244E+002
    754  1.446425072622953E-006  1.130532912402911E+002
    935  1.438654894297973E-006  1.274477748704804E+002
    228  1.435225255964571E-006  3.465329128304563E+001
   1014  1.425578406614183E-006  1.306579532637773E+002
    729  1.412688083838571E-006  1.124070412533170E+002
    534  1.356873200443563E-006  6.352992396574133E+001
    839  1.340284176224102E-006  1.178451551754228E+002
    979  1.309114012307022E-006  1.292073280791942E+002
     99  1.282835268483146E-006  2.813215700322161E+001
    286  1.222832320516080E-006  3.806107114689090E+001
    245  1.220823540139924E-006  3.584895809931362E+001
   1016  1.213265809353011E-006  1.306784011483153E+002
    788  1.209078730238480E-006  1.157595566872355E+002
    779  1.207868399824898E-006  1.153237642854880E+002
    925  1.183129745821478E-006  1.268943605090481E+002
    638  1.159920186231455E-006  1.087773663504995E+002
    750  1.153693034022909E-006  1.128980084302201E+002
    751  1.096838968620017E-006  1.129352725370382E+002
    936  1.079552346715645E-006  1.275963114471066E+002
    726  1.079066091386255E-006  1.123280306605216E+002
    822  1.071849058497900E-006  1.173379890193997E+002
    818  1.068925064328131E-006  1.172202887178189E+002
    388  1.054124366324857E-006  4.916519389587509E+001
   1059  1.046014820344438E-006  1.335352794510990E+002
    700  9.622938766949591E-007  1.112187707043413E+002
    653  9.444760860904497E-007  1.090926521840726E+002
    380  9.246269841335703E-007  4.621788456267294E+001
    799  9.177349547960069E-007  1.161655148393659E+002
    851  9.131748901797190E-007  1.189105890777936E+002
    941  9.073130127708395E-007  1.277239710636116E+002
    437  9.030230338014796E-007  5.567668099873953E+001
    146  8.698380068781987E-007  3.038455959742199E+001
    321  8.541541721835171E-007  3.959878738143280E+001
    735  8.079911769814919E-007  1.125422257639707E+002
    210  7.901746866627373E-007  3.421873300884823E+001
    900  7.883323594720880E-007  1.240255399934555E+002
    111  7.783587495562568E-007  2.891758955889047E+001
    351  7.651114014277764E-007  4.290814690346715E+001
    509  7.451362064321370E-007  6.104665142125116E+001
    178  7.249202270453141E-007  3.291892583427273E+001
    811  7.061489525328356E-007  1.169131613251637E+002
    814  6.733970432623683E-007  1.170571282096026E+002
     52  6.664533198266004E-007  2.532370304309600E+001
    516  6.642488360282235E-007  6.114879167768425E+001
    581  6.490968850954403E-007  1.069166383916512E+002
    367  6.464413854662755E-007  4.546665367422378E+001
    736  6.433715724624049E-007  1.125700463249535E+002
    882  6.267399107837707E-007  1.212606419968792E+002
    740  6.080662572490637E-007  1.126281679605138E+002
    857  5.943685255343185E-007  1.192977858717030E+002
    810  5.864722427776220E-007  1.168542717379606E+002
    867  5.840600294583303E-007  1.199420338065019E+002
    861  5.761916527485126E-007  1.193618968506130E+002
    753  5.732358069030087E-007  1.130399909728984E+002
    876  5.702656031386940E-007  1.207338716680959E+002
    776  5.619891496593873E-007  1.150535509847603E+002
    993  5.502332139871617E-007  1.299638892136509E+002
    440  5.473278677593819E-007  5.589934491235444E+001
    856  5.410853716896773E-007  1.192407591408727E+002
    704  5.274302686670374E-007  1.114088220449556E+002
    912  5.194168900099580E-007  1.259977317017505E+002
    628  5.120150892799110E-007  1.085999071252231E+002
    953  5.062018830835433E-007  1.282835790234384E+002
   1056  4.877315184914123E-007  1.332822863268028E+002
    820  4.839006836112513E-007  1.173160626674297E+002
    363  4.801831279226014E-007  4.523665715266514E+001
    906  4.680006918269456E-007  1.253859334012492E+002
    869  4.634580793417385E-007  1.201465244096069E+002
    495  4.603548448824930E-007  5.971063876484735E+001
    722  4.521326942739814E-007  1.121989232781130E+002
    784  4.273287417176507E-007  1.156115101864969E+002
    837  4.259735152506551E-007  1.177814246314451E+002
    834  4.193727937176785E-007  1.176651591794238E+002
    942  4.000917946593621E-007  1.277896527703618E+002
   1037  3.999833303892230E-007  1.316166834102353E+002
    946  3.694033792643341E-007  1.279201366409634E+002
    676  3.573863432643418E-007  1.102968009656115E+002
    720  3.572831802216021E-007  1.121496181246094E+002
    472  3.504481135482098E-007  5.860732378330380E+001
    108  3.444601543243059E-007  2.884206820739177E+001
    969  3.261715610109326E-007  1.288232913140608E+002
    998  3.111584946945966E-007  1.301241144683907E+002
    773  3.069242297643544E-007  1.146041296786391E+002
    971  2.795013760969372E-007  1.289111652451389E+002
    819  2.591633320629534E-007  1.172617623112352E+002
    126  2.578350952974765E-007  2.957864372821811E+001
    843  2.562318495429982E-007  1.181049125326048E+002
    801  2.467775416137679E-007  1.162412158177078E+002
    848  2.363970114766195E-007  1.185512117490796E+002
    701  2.346484014259619E-007  1.112655741498095E+002
    984  2.325427236061396E-007  1.293776492189174E+002
    959  2.224752965758267E-007  1.283643788123119E+002
    612  2.218686971906708E-007  1.080838271474082E+002
    827  2.166528110836261E-007  1.174913134466901E+002
    795  2.121850363442860E-007  1.159446042090269E+002
    997  1.967709906543486E-007  1.300952728722026E+002
    914  1.899713953321746E-007  1.261343003660832E+002
    886  1.866989442676761E-007  1.214498350996194E+002
    904  1.841443801723972E-007  1.250437756508075E+002
    409  1.830801926453412E-007  5.377950655266745E+001
    812  1.764841339112490E-007  1.169499526914024E+002
    294  1.718969911981356E-007  3.844005427068350E+001
    466  1.647368738864024E-007  5.848631456847294E+001
    718  1.587191665830115E-007  1.120307816427976E+002
    999  1.576437438840643E-007  1.301340763851820E+002
    280  1.533343206322563E-007  3.777070006257392E+001
    629  1.494070737282728E-007  1.086436456014825E+002
    690  1.443455478901435E-007  1.109553167085971E+002
    499  1.442076028916972E-007  6.010190034988052E+001
    798  1.419937908653452E-007  1.161233232814441E+002
    620  1.198791431008369E-007  1.083700393844588E+002
    652  1.147698657745502E-007  1.090805000764319E+002
    864  1.112604664246329E-007  1.195154318953015E+002
    841  1.097907632870293E-007  1.180046875638410E+002
    734  1.097322286266650E-007  1.125227414297757E+002
    974  9.727497093498501E-008  1.290391941684268E+002
    329  9.349829896755714E-008  3.994917835777716E+001
    287  9.192285325255422E-008  3.806334999222836E+001
    797  8.493183241204109E-008  1.161224071144865E+002
    850  7.827008997386225E-008  1.188640670964077E+002
    755  7.464722412291422E-008  1.130537195644052E+002
   1007  6.819630579711153E-008  1.303971511397991E+002
    806  6.711720064307080E-008  1.165904998677036E+002
    833  6.478538415952574E-008  1.176450554682990E+002
    831  6.373745792395957E-008  1.175849164822640E+002
    198  6.301232481536694E-008  3.410095577154824E+001
    443  6.259147792782290E-008  5.615506371008289E+001
    692  5.592358910429670E-008  1.109991362888409E+002
    615  5.197226564648904E-008  1.081646255451844E+002
    775  5.115333554713211E-008  1.149447083106751E+002
    874  4.797522835562451E-008  1.206463359037059E+002
   1015  4.662160414283015E-008  1.306693309857935E+002
    501  4.580954846250960E-008  6.025540211442135E+001
    680  4.498356827057486E-008  1.106808485277705E+002
   1049  4.364952733624282E-008  1.325964910892840E+002
    965  4.332475311662400E-008  1.286084743618769E+002
    832  4.227219403480407E-008  1.176150872586579E+002
    889  4.051247697704742E-008  1.221096476933091E+002
    439  3.950368882621731E-008  5.581771077364913E+001
   1019  3.945669937171162E-008  1.307856127904329E+002
    598  3.392995984732661E-008  1.077082259858063E+002
    130  2.996408265122349E-008  2.969026097336859E+001
    630  2.641534210915397E-008  1.086464564510315E+002
    404  2.553047314759506E-008  5.332919471058649E+001
    647  2.069599584410034E-008  1.089204596390746E+002
    823  1.863673604221332E-008  1.173434151863991E+002
    875  1.736364131950404E-008  1.206504418490652E+002
    759  1.644594183199846E-008  1.132523759465808E+002
    996  1.481927769127246E-008  1.300741546440489E+002
    872  1.380531132022734E-008  1.204992644439996E+002
    885  1.334237550773024E-008  1.213849358963692E+002
    480  1.311222676733941E-008  5.887142017505539E+001
    292  1.246581367096946E-008  3.837765227419467E+001
    490  1.096019657138239E-008  5.909746584665749E+001
    840  1.075250214188958E-008  1.179674198090055E+002
    807  1.006460013916345E-008  1.166040027024774E+002
    723  9.425584011358160E-009  1.122249597820348E+002
     47  9.028222458802110E-009  2.514695584094496E+001
   1000  9.005970559420394E-009  1.301375093272533E+002
    830  8.901947383678602E-009  1.175448785112390E+002
    752  7.884960081394683E-009  1.129825416205730E+002
    263  7.160015150216616E-009  3.756851288337069E+001
    891  6.160774544932109E-009  1.222344606190913E+002
    406  5.059699475054467E-009  5.347162595814701E+001
   1030  4.196451461617882E-009  1.313677884464318E+002
    966  2.405049726410102E-009  1.287120665380274E+002
    203  9.983312659895439E-010  3.415596231316062E+001
    219  8.311520641231449E-010  3.435584966495736E+001
    743  4.750920377459543E-010  1.126739704882794E+002
   1073  2.189712750989886E-010  1.355646294676644E+002
    956  9.429665944538894E-011  1.283075816024711E+002
    881  6.047589878061698E-011  1.212001054655417E+002
    988  2.120149614063132E-011  1.295230022337254E+002
    268  1.483656762913392E-011  3.765614789507087E+001
    686  2.413103252266011E-012  1.108321598991433E+002
