# Number of modes
   1077
# Tabulated for different initial and final frequencies?
    F
# Mode index, Sj, (highest to lowest), omega_j
    497  1.330369674956166E-002  5.984833423050026E+001
    498  1.069275672158918E-002  6.006055704270973E+001
     91  1.024604061534707E-002  2.795709450840539E+001
    566  9.066786624556650E-003  1.060197199307676E+002
    108  7.354612162058446E-003  2.884206820739177E+001
    392  7.034497239177531E-003  4.975569880244111E+001
     14  5.736805827102732E-003  2.047451167645159E+001
    100  5.300591453499636E-003  2.814590236831992E+001
    405  4.934244360247015E-003  5.340951413863353E+001
    294  4.549602362621573E-003  3.844005427068350E+001
     39  4.351546565767500E-003  2.419216907562118E+001
    535  4.278374610387330E-003  7.234684016852472E+001
    460  4.189612068319786E-003  5.821511818989060E+001
     80  4.025221962734172E-003  2.737665388114407E+001
    433  3.984281448376105E-003  5.552394895078822E+001
      2  3.796496279568746E-003  1.507477314615795E+001
    537  3.641800285175874E-003  7.348438751630307E+001
     86  3.433766748909685E-003  2.760340701365068E+001
    491  3.370379338307444E-003  5.916484178919298E+001
    503  3.272429919530610E-003  6.062899617907863E+001
    485  3.260277823314275E-003  5.896971858223063E+001
      9  3.228404654655796E-003  1.615282072713023E+001
    458  3.152784908853104E-003  5.780961640938520E+001
    474  3.067828528153919E-003  5.866520048333617E+001
    232  3.022578384059706E-003  3.530982942235851E+001
     27  3.020477580754581E-003  2.288948685305089E+001
   1058  2.808369865366944E-003  1.334381531708862E+002
     57  2.735948636925834E-003  2.601044601303876E+001
     71  2.725594877903248E-003  2.691074291878593E+001
    110  2.664583845927596E-003  2.890337161783228E+001
     90  2.599938651153648E-003  2.792299487571685E+001
    563  2.599254708919892E-003  1.058622417292547E+002
     79  2.551526678452413E-003  2.728143790603452E+001
    475  2.542076362796566E-003  5.870955367754343E+001
    297  2.482809907495394E-003  3.850412000814609E+001
    105  2.473231678859948E-003  2.872870804936272E+001
    355  2.425578754609089E-003  4.365668409738398E+001
     51  2.423621926124553E-003  2.527497960196780E+001
   1060  2.384941430302409E-003  1.336329109810919E+002
    421  2.373813629592880E-003  5.469982084171487E+001
    575  2.337869444251218E-003  1.067636975144964E+002
   1053  2.327175604550286E-003  1.331993000158318E+002
     17  2.279387466859665E-003  2.091913438766164E+001
    253  2.243870307285306E-003  3.690338042035397E+001
     60  2.221940439494219E-003  2.612817271153773E+001
    531  2.213006780371235E-003  6.280622541285696E+001
     69  2.209221409824063E-003  2.667931486079132E+001
    163  2.186047948967860E-003  3.148605603035891E+001
    518  2.039181843048862E-003  6.116565427175681E+001
    197  2.038785754236111E-003  3.407091137263039E+001
    102  2.010263229883708E-003  2.838723287464182E+001
    390  2.003064104186051E-003  4.930034545373515E+001
   1071  1.966196918107932E-003  1.353191143310252E+002
    303  1.939279331413675E-003  3.891633174738261E+001
    157  1.938147937401873E-003  3.136040875348826E+001
    547  1.864147312972918E-003  1.040413527560943E+002
    249  1.857725545910448E-003  3.643158917315001E+001
   1031  1.817778992685020E-003  1.313824495210718E+002
     35  1.773628552683219E-003  2.406163852032448E+001
     42  1.731722009055039E-003  2.442065503900721E+001
    400  1.718426536287782E-003  5.304406357850599E+001
    871  1.708016904622792E-003  1.204638135739833E+002
   1074  1.605485592678842E-003  1.357832717908243E+002
    144  1.584594235169084E-003  3.023024488043693E+001
    177  1.568576994134470E-003  3.286305119332699E+001
   1066  1.543919228175076E-003  1.341339055776214E+002
    251  1.468048629307158E-003  3.670193646720268E+001
    288  1.461092076298516E-003  3.825168870868715E+001
    298  1.449886479259575E-003  3.860785506393049E+001
    557  1.419128421561239E-003  1.053298087456868E+002
    378  1.408152812085152E-003  4.609481655347708E+001
    543  1.382343669711042E-003  1.026098663261161E+002
    152  1.380870676241332E-003  3.107793476288124E+001
    341  1.364905812705337E-003  4.207899368185591E+001
    262  1.294177114013680E-003  3.754826259370084E+001
   1052  1.276063935738383E-003  1.330891459743712E+002
   1008  1.257229838696470E-003  1.304054287055121E+002
    771  1.252298389023125E-003  1.142541813627527E+002
    510  1.239967353530577E-003  6.106496915014706E+001
    291  1.235581401405268E-003  3.834865717601958E+001
    492  1.233660768386081E-003  5.919740097208313E+001
     81  1.216146337487501E-003  2.737831616504717E+001
    387  1.215229849964428E-003  4.845493173747810E+001
    847  1.172889451077161E-003  1.183795327778256E+002
   1050  1.169244918859233E-003  1.326682006609648E+002
    290  1.161489451531921E-003  3.834059039797889E+001
    593  1.160398329402695E-003  1.074633420950339E+002
    430  1.145620295047958E-003  5.544226538226409E+001
     32  1.137529516447894E-003  2.386019687247388E+001
      1  1.096616665752507E-003  1.480943860687432E+001
    432  1.090011459696969E-003  5.551253331854516E+001
    259  1.074953390074526E-003  3.731129763636223E+001
     82  1.070023901217464E-003  2.744742479332049E+001
    383  1.068722115664541E-003  4.665506804468283E+001
    419  1.068045735905161E-003  5.447434435004674E+001
    223  1.060655782830403E-003  3.452101188794168E+001
    270  1.054834874375906E-003  3.767493462479421E+001
    115  1.044692378061447E-003  2.908676806680809E+001
   1041  1.039463629083313E-003  1.318604688563310E+002
    404  1.038192516951273E-003  5.332919471058649E+001
    148  1.034044800493166E-003  3.055713011308698E+001
    446  1.031471609353342E-003  5.657515742254393E+001
    489  1.019193922647131E-003  5.906665573291085E+001
    480  1.008136726178085E-003  5.887142017505539E+001
   1044  1.007987256894262E-003  1.320835593454495E+002
    997  9.834581313608924E-004  1.300952728722026E+002
    890  9.680273758342559E-004  1.222269695705770E+002
     16  9.444934449475553E-004  2.083990463296455E+001
    311  9.413985142985379E-004  3.939193935233331E+001
     41  9.311799019568279E-004  2.434332602389209E+001
    335  9.164036290775668E-004  4.064698242871874E+001
    588  9.053285469780894E-004  1.072780161282308E+002
    918  9.044023261163427E-004  1.263810693695273E+002
     37  8.777628599788685E-004  2.413005277682491E+001
     92  8.743003795603037E-004  2.796966533379813E+001
    384  8.693587694716507E-004  4.693482184770667E+001
    572  8.539867687828603E-004  1.066354688575440E+002
    247  8.493643027953799E-004  3.613855018049320E+001
    505  8.408468660270947E-004  6.089365906344585E+001
    296  8.176852617565558E-004  3.847026909032138E+001
    308  7.772490318116834E-004  3.924824416979163E+001
    222  7.762825868736689E-004  3.444665555523785E+001
     65  7.681779999526522E-004  2.645533186342116E+001
    533  7.513015947825910E-004  6.344214913117692E+001
    209  7.403693778740505E-004  3.420776675567321E+001
    635  7.378094076468160E-004  1.087402789130293E+002
    112  7.331763296417183E-004  2.893182478938967E+001
    450  7.240704949684348E-004  5.723022636777802E+001
    425  7.211220932077896E-004  5.512885982268182E+001
    477  7.179148697717407E-004  5.875439662154096E+001
   1024  7.168213258405763E-004  1.310472886139475E+002
    582  7.113445221118260E-004  1.069886979669129E+002
    139  7.095527165726485E-004  3.001327528760398E+001
    507  7.052768302171522E-004  6.098134465730102E+001
    293  7.044588400136802E-004  3.840315559517953E+001
     12  7.013361238852926E-004  1.791855268392995E+001
    442  6.996420336627875E-004  5.605259237502305E+001
    113  6.976716021990251E-004  2.894608485543543E+001
    905  6.975695702681928E-004  1.252963463377060E+002
    895  6.882495483397719E-004  1.231922658586809E+002
   1061  6.879366344436258E-004  1.338239896777959E+002
    438  6.855383732168218E-004  5.568774314714533E+001
   1038  6.849642075293403E-004  1.317153469634680E+002
   1000  6.690833694464135E-004  1.301375093272533E+002
     55  6.688272067152997E-004  2.564739582447731E+001
    472  6.658375808906529E-004  5.860732378330380E+001
    329  6.584426780531778E-004  3.994917835777716E+001
    552  6.551580146959363E-004  1.045004516183760E+002
    211  6.515554592587624E-004  3.422885497659050E+001
    193  6.494660433798174E-004  3.387383688791338E+001
    482  6.478848813534849E-004  5.890508639424976E+001
    462  6.391821313885889E-004  5.834568949164402E+001
    283  6.373214023183496E-004  3.781664732037148E+001
    459  6.276364781561455E-004  5.797524108925945E+001
   1022  6.163806347605383E-004  1.309570316227355E+002
    928  6.137092067209000E-004  1.271758190169006E+002
    550  6.028732699354519E-004  1.044255141670578E+002
     53  5.927901752854168E-004  2.532427500710937E+001
    264  5.896258709476103E-004  3.760740200223662E+001
     94  5.874506522543311E-004  2.803048707399637E+001
    230  5.838974303498138E-004  3.507000892128892E+001
    621  5.729681419449269E-004  1.083828600305560E+002
   1047  5.637894445881691E-004  1.324683504365100E+002
    440  5.626296592788197E-004  5.589934491235444E+001
    402  5.578180591684519E-004  5.323403324336612E+001
    681  5.560954527560213E-004  1.107150530846271E+002
    808  5.535282559039450E-004  1.166438640424820E+002
   1045  5.523282830654625E-004  1.322246800166877E+002
    777  5.498184568833408E-004  1.150636811545726E+002
    312  5.497195447185109E-004  3.940338989709551E+001
    210  5.371850600228651E-004  3.421873300884823E+001
    991  5.267070425351855E-004  1.298309517843196E+002
    851  5.174865514342730E-004  1.189105890777936E+002
     52  5.172681158549040E-004  2.532370304309600E+001
    539  5.133384263507724E-004  1.004038214764926E+002
    351  5.102029035489235E-004  4.290814690346715E+001
    659  5.101901793357698E-004  1.093169473413985E+002
    149  5.061872479873507E-004  3.064428879965062E+001
    398  5.051156893402638E-004  5.298968704937109E+001
   1057  4.987444593778679E-004  1.332882698940204E+002
     40  4.983148355058414E-004  2.429142631572386E+001
   1034  4.953098899464102E-004  1.314975717016592E+002
    494  4.939862328372725E-004  5.959072402434833E+001
    797  4.893339862870842E-004  1.161224071144865E+002
    132  4.752895039866866E-004  2.978147182311027E+001
    645  4.746110070037942E-004  1.088758352374567E+002
      7  4.661640794764042E-004  1.598850297870253E+001
    717  4.604674001506429E-004  1.119901298340990E+002
    559  4.554333781318761E-004  1.054467335457494E+002
   1055  4.533428798541955E-004  1.332315483337306E+002
    418  4.519482801806556E-004  5.440760214654593E+001
    855  4.477997809361003E-004  1.192335282432478E+002
    125  4.460538978904913E-004  2.955205187993630E+001
    140  4.456091994398225E-004  3.002380690834687E+001
    266  4.414055403074322E-004  3.763404507858488E+001
    396  4.329064301036896E-004  5.292259014309509E+001
    379  4.325467707676450E-004  4.610002508350383E+001
    165  4.284980133780866E-004  3.194792507678593E+001
    356  4.196726423650644E-004  4.399929676237998E+001
    757  4.179941750551208E-004  1.131455979007981E+002
    454  4.166129258060507E-004  5.753531790534946E+001
    666  4.161622356627049E-004  1.096961217429448E+002
    279  4.076454178266240E-004  3.776291602598710E+001
    453  4.020671207603065E-004  5.734859743017803E+001
    836  4.016411267795165E-004  1.177792466123822E+002
    992  4.011992116410979E-004  1.299169051159237E+002
    403  3.909680992406561E-004  5.332276567118551E+001
    592  3.900093939597706E-004  1.074010896433819E+002
    512  3.873324355555014E-004  6.110465593383906E+001
    795  3.843025251045138E-004  1.159446042090269E+002
    236  3.833392019205771E-004  3.558504171265294E+001
   1062  3.823150534341995E-004  1.338537297016246E+002
    434  3.796056880433222E-004  5.556859477681133E+001
    173  3.763989721037388E-004  3.267731285541730E+001
    238  3.756651701054408E-004  3.562010162214489E+001
     10  3.751012559855669E-004  1.630017574824609E+001
    495  3.740673165351472E-004  5.971063876484735E+001
    130  3.722310431255816E-004  2.969026097336859E+001
    585  3.600815420418059E-004  1.071721890576240E+002
    826  3.558959362781586E-004  1.174535409692338E+002
     67  3.554634158657167E-004  2.663955326886673E+001
    907  3.544358878791635E-004  1.254774984052440E+002
    464  3.522392154563078E-004  5.841767339850505E+001
    909  3.496636276955946E-004  1.256671150468244E+002
    686  3.460567776246821E-004  1.108321598991433E+002
    120  3.414280120924245E-004  2.935022978395871E+001
    570  3.410476363354818E-004  1.064458450110351E+002
    733  3.355034914252722E-004  1.125211996768446E+002
    411  3.351697357029791E-004  5.390414096058870E+001
    944  3.346733515594318E-004  1.278264506290159E+002
    525  3.333900709468079E-004  6.201689187624501E+001
    631  3.280481597137807E-004  1.086593678715634E+002
    930  3.239175849189182E-004  1.272550109882912E+002
   1005  3.233766911547728E-004  1.302961950162389E+002
    762  3.225091706546114E-004  1.134504722361933E+002
    897  3.206396906376173E-004  1.233154024205701E+002
    870  3.165476111957103E-004  1.203621491035894E+002
     44  3.157269166223191E-004  2.487547588775838E+001
    825  3.129528239704678E-004  1.174155068731360E+002
    854  3.089709409267285E-004  1.190938927222375E+002
    380  3.031159778038479E-004  4.621788456267294E+001
    204  3.027299892736837E-004  3.416741852472765E+001
    623  2.962768228552681E-004  1.084311616311891E+002
    399  2.958256142565013E-004  5.300117686152819E+001
   1020  2.955298575621120E-004  1.308300137670077E+002
     33  2.949500795208230E-004  2.387502434282544E+001
    611  2.900779606855613E-004  1.080609110523806E+002
    190  2.854051445946774E-004  3.352213579831744E+001
    327  2.829055824741705E-004  3.980649710729982E+001
    326  2.763998900474073E-004  3.980074663620405E+001
    240  2.762082507092158E-004  3.568815433410965E+001
    632  2.750090972102091E-004  1.086732063917954E+002
    128  2.749297463758274E-004  2.964876822252022E+001
    516  2.733359451875633E-004  6.114879167768425E+001
    135  2.727399175594924E-004  2.990996926970350E+001
    983  2.707562592897479E-004  1.293699640118089E+002
    827  2.701455806537579E-004  1.174913134466901E+002
   1048  2.697852502058066E-004  1.325281096806480E+002
    576  2.693805125202355E-004  1.068188420241767E+002
    938  2.639657963290863E-004  1.276246332177813E+002
    359  2.605448874835261E-004  4.440820660542785E+001
    244  2.585253324109091E-004  3.582009297825139E+001
    415  2.572406009840535E-004  5.409773008136273E+001
    694  2.563446052125463E-004  1.110208923005156E+002
    422  2.532543606872148E-004  5.478392604221921E+001
    448  2.507828333167567E-004  5.707216855561523E+001
    926  2.479446110695142E-004  1.269935099435139E+002
    673  2.471448753101055E-004  1.101090602242966E+002
    796  2.466120060693314E-004  1.160406419035091E+002
     93  2.445561584677346E-004  2.801831476528660E+001
    160  2.415436855371179E-004  3.140287364756382E+001
    866  2.396316277772152E-004  1.198737679274225E+002
    500  2.358990358094394E-004  6.016266526055261E+001
     38  2.340881286208260E-004  2.415274881711009E+001
     23  2.312263562977629E-004  2.160694502786773E+001
    532  2.309177732087183E-004  6.299204701993657E+001
     45  2.300925467834329E-004  2.505629895200580E+001
   1016  2.297835271287206E-004  1.306784011483153E+002
    299  2.295949764887115E-004  3.861147003050849E+001
     83  2.285534176257703E-004  2.745200449399356E+001
    746  2.250743658428867E-004  1.128150956859242E+002
    719  2.247223206742820E-004  1.120361196403708E+002
      8  2.217409968024841E-004  1.603898235084092E+001
    466  2.174647772353833E-004  5.848631456847294E+001
    587  2.147403425166382E-004  1.072564562863978E+002
    423  2.138142249673228E-004  5.491452382822700E+001
    346  2.118932317362021E-004  4.251353138364797E+001
    976  2.104362371587851E-004  1.291265023483052E+002
   1036  2.096117524598043E-004  1.315563975924429E+002
    151  2.087999816962286E-004  3.097448214004631E+001
    519  2.061647831781445E-004  6.116666091909611E+001
    310  2.048978192117160E-004  3.933560718805473E+001
    911  2.047999393084712E-004  1.258968376271585E+002
    534  2.032660779295428E-004  6.352992396574133E+001
   1001  1.989885722207133E-004  1.301907504163165E+002
    397  1.985748655445768E-004  5.292984574180642E+001
    960  1.961579549417869E-004  1.283710541965592E+002
    898  1.960485088977430E-004  1.236287338505038E+002
    937  1.934598480094722E-004  1.275975168353670E+002
     89  1.932742911896437E-004  2.787565477396676E+001
   1021  1.922240634249323E-004  1.308784400027895E+002
    530  1.915798359404895E-004  6.265828803408258E+001
    527  1.914545856726569E-004  6.211137902133680E+001
    353  1.899009809443782E-004  4.354452657935016E+001
    195  1.893231917857509E-004  3.399004655216064E+001
    929  1.871952247024159E-004  1.272324166790593E+002
    945  1.846328066706551E-004  1.278945431870569E+002
    269  1.844312916283675E-004  3.766609016559832E+001
    548  1.797482039656299E-004  1.041098140943872E+002
    445  1.784735022576130E-004  5.650985963977887E+001
    514  1.781737004258477E-004  6.112143562944963E+001
    452  1.773057647294438E-004  5.732416656661538E+001
    119  1.772413114657585E-004  2.929038281335912E+001
    700  1.760644202351007E-004  1.112187707043413E+002
    698  1.760071994829007E-004  1.111543499618823E+002
    972  1.759131682242695E-004  1.289491342298440E+002
    274  1.736089128588957E-004  3.771469066363962E+001
    947  1.728856975147384E-004  1.280025795512814E+002
    658  1.725265323742169E-004  1.092752908733605E+002
    973  1.720719869701515E-004  1.290303348922233E+002
    487  1.716758308820962E-004  5.901096182276392E+001
    580  1.694750736796486E-004  1.069063882425304E+002
    751  1.680487545649268E-004  1.129352725370382E+002
     24  1.674232625026479E-004  2.165827626673025E+001
    553  1.650329439053656E-004  1.045844149005738E+002
    848  1.628942091597393E-004  1.185512117490796E+002
    844  1.628100657734338E-004  1.182236522024691E+002
   1039  1.622535822832685E-004  1.317789778316224E+002
   1032  1.616428968296080E-004  1.314270448258869E+002
    318  1.603366863305055E-004  3.952690512520030E+001
    188  1.599246295939831E-004  3.343297855491465E+001
     22  1.598102241778006E-004  2.149928230079738E+001
     96  1.597240803722461E-004  2.807603105873968E+001
    541  1.580031076463695E-004  1.020561485810812E+002
    258  1.551766292914014E-004  3.725675246841864E+001
    865  1.523501019211277E-004  1.195233182598442E+002
    203  1.495941396535195E-004  3.415596231316062E+001
    337  1.460948706934492E-004  4.125439580477820E+001
    256  1.448328284725542E-004  3.708485200545782E+001
    772  1.438996298113578E-004  1.144444014986270E+002
    109  1.432985882558171E-004  2.888359254004277E+001
    164  1.382653935556629E-004  3.156123118588701E+001
    546  1.382117274660151E-004  1.038908634804570E+002
    285  1.379528008020087E-004  3.794670187788559E+001
    708  1.370273305541174E-004  1.116659378913442E+002
    902  1.368144004588321E-004  1.246861225619736E+002
    207  1.365726746487966E-004  3.419271829752626E+001
    154  1.359001669887004E-004  3.128025029310897E+001
    842  1.358093679856518E-004  1.180365480395604E+002
    742  1.354518917663956E-004  1.126546326383816E+002
    381  1.340148473730172E-004  4.623753374880091E+001
    802  1.310726207788465E-004  1.163074247182627E+002
    395  1.293925146521047E-004  5.279005865968511E+001
    875  1.284509597806123E-004  1.206504418490652E+002
    369  1.283570478669843E-004  4.556664797594529E+001
    883  1.281428687255750E-004  1.212822283474710E+002
    254  1.277581957083720E-004  3.696870162494890E+001
    272  1.257102316801239E-004  3.770876893490352E+001
    785  1.252774829414227E-004  1.156515149006221E+002
    523  1.229185599907102E-004  6.195141091349550E+001
    943  1.185683458603920E-004  1.278255860865938E+002
     58  1.181336273755239E-004  2.603619761911758E+001
    271  1.172344172146201E-004  3.769377629908810E+001
    917  1.161024182933487E-004  1.262583151256411E+002
    784  1.149907372832048E-004  1.156115101864969E+002
    979  1.143064474570291E-004  1.292073280791942E+002
    156  1.140278253123139E-004  3.133959801814033E+001
    643  1.139063026997121E-004  1.088529165631816E+002
    812  1.099261476573890E-004  1.169499526914024E+002
    169  1.097369571785047E-004  3.225245008090104E+001
    769  1.091111977515357E-004  1.141494817506874E+002
    468  1.085224522783971E-004  5.850419738659161E+001
    206  1.077064911277964E-004  3.418711639611698E+001
    680  1.067763046780257E-004  1.106808485277705E+002
    730  1.058264068201914E-004  1.124678820560711E+002
   1006  1.056526461356572E-004  1.303473844140781E+002
    301  1.045360279481640E-004  3.874125966254066E+001
    678  1.043243074740463E-004  1.105298402911861E+002
    607  1.043028959370735E-004  1.079782277499060E+002
   1064  1.041364102724364E-004  1.339182935247794E+002
    143  1.036107307759187E-004  3.021552765862468E+001
     64  1.030352327043248E-004  2.637954322898939E+001
    551  1.027627860008655E-004  1.044758850995860E+002
    180  1.019028373960297E-004  3.306959511625761E+001
    544  9.895450534572623E-005  1.037287728441322E+002
    689  9.812418321861028E-005  1.108992280227757E+002
    860  9.726922076354515E-005  1.193608179742887E+002
    367  9.689182829227520E-005  4.546665367422378E+001
    217  9.669564953946302E-005  3.432077633458158E+001
     63  9.640572370232932E-005  2.633691355837915E+001
    940  9.591706983281742E-005  1.277053477702196E+002
    879  9.510789126123271E-005  1.208628531744268E+002
    738  9.364226594804597E-005  1.126248828969786E+002
    600  9.314947891725344E-005  1.078192567961393E+002
    975  9.183521511716181E-005  1.290479361570385E+002
    675  9.157810977120386E-005  1.101932688761904E+002
    278  8.997616529981139E-005  3.775225448216675E+001
    863  8.942795167421199E-005  1.194780899982511E+002
     78  8.929742626624157E-005  2.724001953302053E+001
   1042  8.922682923314517E-005  1.319938555239870E+002
    986  8.908902474475903E-005  1.294778988001748E+002
     18  8.869309731084601E-005  2.124694793769305E+001
   1013  8.855783571965007E-005  1.306191025791559E+002
    192  8.787307729406593E-005  3.373139183933635E+001
    636  8.781731159157434E-005  1.087412284437008E+002
    248  8.638195969209664E-005  3.617742791171408E+001
    655  8.590135163315767E-005  1.092114390318620E+002
   1009  8.287353215607931E-005  1.304609142394732E+002
    295  8.050175025512157E-005  3.844649820311862E+001
     98  7.998758612502608E-005  2.810036398063808E+001
    467  7.994248480315717E-005  5.850070475174659E+001
    637  7.960873499402428E-005  1.087708716348475E+002
    549  7.950012979749969E-005  1.043755820157491E+002
    205  7.900818526392974E-005  3.418138862993963E+001
   1072  7.892657397361610E-005  1.354275255218108E+002
     50  7.872151251245490E-005  2.524792740229145E+001
    103  7.827131725824635E-005  2.854698030319213E+001
    903  7.749517713350093E-005  1.249295857950171E+002
    690  7.708029422369951E-005  1.109553167085971E+002
    604  7.630742986969184E-005  1.078901483894559E+002
    858  7.611347550431582E-005  1.193043137223610E+002
    691  7.606718188057703E-005  1.109942746792360E+002
    706  7.601459980431668E-005  1.115644797142602E+002
    780  7.575500492971244E-005  1.153482258688003E+002
    155  7.546436515181866E-005  3.129077640287002E+001
    538  7.394152573611353E-005  8.801939400846273E+001
    340  7.269858416282070E-005  4.203744443197692E+001
    952  7.269174219138108E-005  1.282170243378332E+002
    226  7.215017270445799E-005  3.460914941435140E+001
    554  7.187785912535037E-005  1.048978551747549E+002
    321  7.074983836256875E-005  3.959878738143280E+001
    194  7.061817504944294E-005  3.388123191050668E+001
    676  6.979228426170102E-005  1.102968009656115E+002
    289  6.978344141447334E-005  3.832422991649202E+001
    832  6.960991867713197E-005  1.176150872586579E+002
   1070  6.932752087466593E-005  1.350535885837313E+002
    186  6.807902694971925E-005  3.335079910483972E+001
    231  6.448045921990684E-005  3.529195130720404E+001
    597  6.381241154780799E-005  1.076362394255561E+002
    748  6.344254830859091E-005  1.128453459062848E+002
    749  6.311403706590860E-005  1.128862829609149E+002
    166  6.236760981871811E-005  3.197534022905977E+001
     31  6.225771779565193E-005  2.349957735236975E+001
    513  6.197183513316636E-005  6.111701004965728E+001
    245  6.135569579872320E-005  3.584895809931362E+001
    725  6.073858484190067E-005  1.122622575126908E+002
    578  6.047753502577558E-005  1.068696587706935E+002
    661  6.004603819887503E-005  1.094040232551639E+002
    407  5.905897104171800E-005  5.355040632372296E+001
    473  5.830990824600708E-005  5.864875851961727E+001
     99  5.655976201740974E-005  2.813215700322161E+001
      5  5.493952325940848E-005  1.580375607842547E+001
    515  5.323046899522554E-005  6.113166482037749E+001
    829  5.291123128824374E-005  1.175434491795728E+002
    981  5.287570646324931E-005  1.292686845988868E+002
    671  5.281593819337354E-005  1.100461630260976E+002
   1027  5.252891891235478E-005  1.311414239553258E+002
    663  5.029907668130737E-005  1.095408569103236E+002
    215  5.024625057469824E-005  3.430912489816387E+001
    261  5.012651595369635E-005  3.751537038816641E+001
    145  4.996664702576087E-005  3.035386176419680E+001
    344  4.990040055892475E-005  4.229281490750487E+001
    142  4.946663347611455E-005  3.011700635419402E+001
    413  4.845216295059628E-005  5.407796767412047E+001
    517  4.828143409041735E-005  6.116283191518230E+001
    765  4.685279162678203E-005  1.138034732037320E+002
     97  4.632299038636937E-005  2.809615145046481E+001
    731  4.619732872341205E-005  1.124795031346507E+002
    646  4.581961241607768E-005  1.089039652974663E+002
    313  4.558233468270776E-005  3.941220320488696E+001
     21  4.544309583946952E-005  2.149552581175353E+001
     26  4.510957061425564E-005  2.275577786050195E+001
    138  4.465789171058007E-005  2.998810658959070E+001
    159  4.417042776127247E-005  3.140014259635325E+001
     85  4.412700527189693E-005  2.757726243328665E+001
    789  4.380261278127369E-005  1.157939903252585E+002
     75  4.377276007415835E-005  2.717284531466260E+001
    233  4.330099313967944E-005  3.536858076063520E+001
    520  4.327856102926948E-005  6.117519869664547E+001
    393  4.271909142791387E-005  5.117422678475859E+001
    246  4.260448444116541E-005  3.612200287477440E+001
    756  4.237375876455434E-005  1.131019348749128E+002
   1076  4.232876684347345E-005  1.858411948136732E+002
    721  4.222721133771122E-005  1.121902054803930E+002
    391  4.219581391890583E-005  4.935295074539214E+001
    824  4.195011438900256E-005  1.173851057796732E+002
    958  4.189703172870336E-005  1.283326337970340E+002
      4  4.122428907713980E-005  1.555889535187236E+001
     36  4.071562154183515E-005  2.408548968715760E+001
    966  4.007238359371990E-005  1.287120665380274E+002
   1067  4.005764009375169E-005  1.341872351276505E+002
     29  3.939954262900832E-005  2.304600720746813E+001
    702  3.884438603179003E-005  1.112791472783473E+002
    137  3.857374473536464E-005  2.996307755422044E+001
     95  3.778432103786772E-005  2.806113631432304E+001
    265  3.765421937775668E-005  3.762418150997995E+001
    760  3.739826138096551E-005  1.133648679091437E+002
    282  3.721184323708878E-005  3.781601762519486E+001
    280  3.652338957075088E-005  3.777070006257392E+001
   1033  3.638727846913896E-005  1.314921549657209E+002
    626  3.604241799405291E-005  1.085197354965440E+002
    126  3.585629497646887E-005  2.957864372821811E+001
    524  3.550201504245169E-005  6.196836567938324E+001
    884  3.496191028420306E-005  1.212913619330936E+002
    116  3.490135448721544E-005  2.910094471225916E+001
    239  3.490083821075472E-005  3.564788119351169E+001
    456  3.487729463662770E-005  5.758475825352298E+001
     73  3.468887117838821E-005  2.704395448663374E+001
    281  3.443295920591917E-005  3.778222215271058E+001
    287  3.416914537477419E-005  3.806334999222836E+001
    697  3.364426014192949E-005  1.111168086390436E+002
    330  3.326165289559256E-005  4.000719691328421E+001
    136  3.227149394851180E-005  2.995197020395121E+001
    799  3.214913333805904E-005  1.161655148393659E+002
      3  3.203253690521237E-005  1.530095081680193E+001
    791  3.197104947037122E-005  1.158399885308925E+002
    386  3.191602949561314E-005  4.778448827008048E+001
    479  3.178583549952336E-005  5.886156225440574E+001
    913  3.168279515694056E-005  1.260963173315474E+002
    950  3.140308865499287E-005  1.281356928004739E+002
     59  3.079470243425830E-005  2.608228483109795E+001
    843  3.021815008699772E-005  1.181049125326048E+002
    831  2.991405142367742E-005  1.175849164822640E+002
    221  2.980416537652457E-005  3.444064242877499E+001
    322  2.917627035785627E-005  3.962934885257222E+001
     70  2.906884583215631E-005  2.683332853591699E+001
     13  2.876745306658298E-005  2.038781372204352E+001
    172  2.850783229096203E-005  3.254695536480502E+001
    755  2.785780272131339E-005  1.130537195644052E+002
    319  2.774280706653666E-005  3.955367029075058E+001
    208  2.768284442491774E-005  3.420400517096608E+001
    250  2.724122135328505E-005  3.645071914574685E+001
    568  2.612795036943926E-005  1.063884322375297E+002
    202  2.603917999134965E-005  3.414693728338715E+001
    868  2.595401233595652E-005  1.199994649602093E+002
     84  2.595084742777859E-005  2.748397341497807E+001
    807  2.588201898574265E-005  1.166040027024774E+002
    175  2.582777702326133E-005  3.282740528695558E+001
    196  2.574017793569492E-005  3.402217963204272E+001
    199  2.532545045850309E-005  3.411214171315592E+001
    774  2.488639511826634E-005  1.147299018357027E+002
     66  2.479243200260996E-005  2.653041695388611E+001
     11  2.461720911190771E-005  1.771447447329438E+001
    358  2.434227904219354E-005  4.418411045040358E+001
    347  2.403683823117037E-005  4.251894246220620E+001
    921  2.350910384246916E-005  1.266347372507485E+002
    820  2.341420611758703E-005  1.173160626674297E+002
     87  2.314105513192685E-005  2.773505635732142E+001
    114  2.308796215437882E-005  2.903390568794284E+001
    118  2.289986564639925E-005  2.927665934202001E+001
    599  2.265718723544505E-005  1.077354408464688E+002
    306  2.241175006536466E-005  3.922583615449084E+001
    229  2.231983201453638E-005  3.477639317683153E+001
    417  2.147536731816257E-005  5.432386496665636E+001
   1026  2.144216035907849E-005  1.310988308446859E+002
    954  2.130206016682093E-005  1.282848493157465E+002
   1014  2.127878680766792E-005  1.306579532637773E+002
    783  2.067942550713869E-005  1.155776779712016E+002
    886  2.031249625185038E-005  1.214498350996194E+002
    348  2.025484989115022E-005  4.278252907839931E+001
    504  2.023325422655782E-005  6.073767201700102E+001
    916  2.003431024714625E-005  1.261858055404796E+002
    213  1.972461752080195E-005  3.426923698719692E+001
    241  1.943276117769797E-005  3.573178726353736E+001
     54  1.942443000192460E-005  2.537118147105558E+001
    106  1.940590319180594E-005  2.873147041157064E+001
    540  1.936320402921552E-005  1.019596674086986E+002
    343  1.881343388468019E-005  4.223776350771931E+001
    496  1.877158624568380E-005  5.977778544840232E+001
    117  1.867428203353513E-005  2.915145470361619E+001
    822  1.856937755221092E-005  1.173379890193997E+002
   1075  1.820187471827130E-005  1.852007864492208E+002
    255  1.784488612309760E-005  3.705801266502003E+001
    141  1.780365375305625E-005  3.005205957969120E+001
   1018  1.744123251807808E-005  1.307425624046459E+002
    427  1.724694677142713E-005  5.530625255614972E+001
    486  1.724632537917647E-005  5.898078655703418E+001
    768  1.682709340005847E-005  1.140511281344195E+002
    385  1.671654810953630E-005  4.744969147605799E+001
    401  1.637609596118748E-005  5.310952948046032E+001
    320  1.619321230085902E-005  3.958466091098631E+001
    499  1.615733901109852E-005  6.010190034988052E+001
    894  1.553567461074035E-005  1.226855190700912E+002
    853  1.550186512487133E-005  1.189950762444425E+002
    989  1.514335170013236E-005  1.296856498562064E+002
    741  1.508247572747673E-005  1.126383251241469E+002
    161  1.491841469813119E-005  3.141544799468193E+001
    934  1.446266008719796E-005  1.274026915475210E+002
     74  1.439449605025609E-005  2.706787664592100E+001
    892  1.438525374929336E-005  1.223146913863671E+002
    182  1.437676636450976E-005  3.313118961536368E+001
     34  1.426563137105549E-005  2.394870774261297E+001
    483  1.424102282440317E-005  5.892865432514233E+001
    683  1.398572910790836E-005  1.107854094171573E+002
    201  1.378896361553055E-005  3.413905621996786E+001
    727  1.377400443385977E-005  1.123838421661365E+002
    919  1.371565428168080E-005  1.264669767465423E+002
    716  1.362577717112329E-005  1.119313653155845E+002
    162  1.335636733296788E-005  3.142013005221356E+001
    300  1.333650082949805E-005  3.871033423098082E+001
    414  1.324095640501218E-005  5.408443269732371E+001
    275  1.294982518813756E-005  3.771871208633355E+001
    107  1.292961472038353E-005  2.880093649968087E+001
    123  1.280925369017611E-005  2.945706723223188E+001
    184  1.271435897776777E-005  3.328145954751520E+001
    122  1.249692195545110E-005  2.942821875092930E+001
     72  1.248125842964076E-005  2.695844835194747E+001
    962  1.230994602359396E-005  1.284190833846668E+002
     46  1.225299058726034E-005  2.508968851186969E+001
    650  1.200344765172420E-005  1.090061273622073E+002
    305  1.199479278867733E-005  3.919092577852600E+001
    873  1.195534905834052E-005  1.205400953636918E+002
    331  1.195098341241763E-005  4.033978069592825E+001
    273  1.174617797635366E-005  3.771236202405859E+001
    877  1.131546671911246E-005  1.207635072396237E+002
    416  1.117696306154917E-005  5.412105627361211E+001
    613  1.114700723471909E-005  1.081325074305931E+002
    350  1.073716931028588E-005  4.287084402122760E+001
     62  1.044337283632942E-005  2.630569023157911E+001
    174  9.912638564241360E-006  3.277024257542895E+001
    649  9.128937003868584E-006  1.089557122086210E+002
    977  9.119115919933629E-006  1.291448023039548E+002
    237  8.972963226982593E-006  3.561350513334219E+001
    325  8.690607514691934E-006  3.979678053884171E+001
    183  8.672495112062940E-006  3.317747871488443E+001
    476  8.462061245212548E-006  5.874284760292872E+001
    896  8.309100129498107E-006  1.231967026860033E+002
    484  8.307415455053691E-006  5.894622531819898E+001
    618  8.226796833994564E-006  1.083041655146542E+002
    630  8.122755342766463E-006  1.086464564510315E+002
    803  8.058788720204799E-006  1.163959410830473E+002
    357  7.873622220736051E-006  4.413715889769129E+001
    564  7.770675758913730E-006  1.059223740174141E+002
    409  7.751511094639403E-006  5.377950655266745E+001
    167  7.352508107615975E-006  3.206734480721192E+001
    150  7.289399871385778E-006  3.095380367517388E+001
     56  7.219591447647964E-006  2.577494999028338E+001
    509  7.034831255673054E-006  6.104665142125116E+001
    793  6.961751152575595E-006  1.158943894419280E+002
    276  6.819410586157066E-006  3.774173651101562E+001
    511  6.725472453574129E-006  6.108291035790679E+001
    338  6.689374407329696E-006  4.143596746217444E+001
    263  6.542081067184741E-006  3.756851288337069E+001
    372  6.482408017523612E-006  4.569660817760900E+001
    669  6.398653135012624E-006  1.098991161820264E+002
    374  6.317049723428172E-006  4.576894168844035E+001
    710  6.080720678973651E-006  1.117114283703663E+002
    837  6.029133696398450E-006  1.177814246314451E+002
    998  6.019764146116526E-006  1.301241144683907E+002
     49  5.879921613858923E-006  2.521926711432687E+001
    284  5.834887672778412E-006  3.794002386601017E+001
    545  5.689872258889061E-006  1.038885725205099E+002
    955  5.364738218198845E-006  1.283043098504922E+002
    449  5.357434203467404E-006  5.713782918039372E+001
   1011  5.326909581985577E-006  1.305590563134582E+002
    471  5.208748163995587E-006  5.859921299406331E+001
     76  5.186720188428504E-006  2.719040433196805E+001
    798  5.164638266820651E-006  1.161233232814441E+002
    267  5.153896463481033E-006  3.763942844703926E+001
    131  5.151969413839874E-006  2.976719894627799E+001
    121  5.130967708160688E-006  2.937009161569695E+001
    133  5.073415046076598E-006  2.980777525245198E+001
    234  4.948895856455432E-006  3.541632958107625E+001
    463  4.932416057788371E-006  5.840368106338346E+001
    170  4.763645170960226E-006  3.240864442722207E+001
    560  4.630951245507309E-006  1.057397922085461E+002
    745  4.589973535400764E-006  1.127541380335163E+002
    565  4.455743962279344E-006  1.059848591127986E+002
      6  4.306817500259890E-006  1.593905863128156E+001
    304  4.245587164124118E-006  3.902642388250331E+001
    435  4.223540508752316E-006  5.559833163642786E+001
     48  4.215556753974581E-006  2.521050943974308E+001
    336  4.173744707599148E-006  4.106442919982931E+001
    302  4.125992291000087E-006  3.874867387838012E+001
     88  4.057913791611053E-006  2.776495450944637E+001
    838  4.042723016917179E-006  1.178077045912047E+002
    187  3.984587458787760E-006  3.338593491458187E+001
    573  3.955787609915808E-006  1.066520968004064E+002
    345  3.840224933433192E-006  4.248475366295001E+001
    654  3.715118357956325E-006  1.091774321289355E+002
   1056  3.588108675759389E-006  1.332822863268028E+002
    644  3.545957629887200E-006  1.088699046594824E+002
    171  3.418152739298958E-006  3.251692712246987E+001
    602  3.286869382907052E-006  1.078335831208874E+002
    328  3.278742063083770E-006  3.982877398686839E+001
    153  3.242146019114283E-006  3.119128674334460E+001
    667  3.239030516721241E-006  1.098231148083649E+002
    451  3.221831735462592E-006  5.726939793781466E+001
   1007  3.181907756790241E-006  1.303971511397991E+002
    835  3.166776584022872E-006  1.176766134664512E+002
    352  3.096365575956012E-006  4.345183818831803E+001
    880  3.069667636407296E-006  1.209811659012211E+002
     19  3.064759853630946E-006  2.137958735177528E+001
    431  3.063845330876054E-006  5.545822575490884E+001
     77  3.061797749424943E-006  2.720977418778346E+001
    243  2.954340272626585E-006  3.580427376176280E+001
    389  2.949362652579345E-006  4.924612888004685E+001
    724  2.907348924928553E-006  1.122474317356576E+002
    813  2.856547244694164E-006  1.170211975618395E+002
    377  2.856372198693875E-006  4.580996274485975E+001
    555  2.831712337378233E-006  1.049505825405343E+002
    737  2.819412804898574E-006  1.125716601108342E+002
    185  2.809652401852406E-006  3.329017879350934E+001
    490  2.789228141149333E-006  5.909746584665749E+001
    810  2.713111482808728E-006  1.168542717379606E+002
    242  2.485029672860607E-006  3.575330164903793E+001
     30  2.442446588378510E-006  2.339033246897357E+001
    323  2.441719511283194E-006  3.963162035223775E+001
    324  2.414370058150739E-006  3.965813849875591E+001
    224  2.392444277584167E-006  3.456258153743839E+001
     28  2.314903775916495E-006  2.303576073275412E+001
    315  2.253572282730488E-006  3.946262277995078E+001
    219  2.252522614200706E-006  3.435584966495736E+001
    502  2.240246904053560E-006  6.033057478557798E+001
     20  2.197710810631965E-006  2.146722812704134E+001
    830  2.164983199512298E-006  1.175448785112390E+002
    988  2.139735246437877E-006  1.295230022337254E+002
   1029  2.125160914619466E-006  1.312589073638632E+002
    200  2.092383196079370E-006  3.413076352937113E+001
    968  2.077422413594978E-006  1.287893908307005E+002
    111  2.064614654157586E-006  2.891758955889047E+001
    437  2.049679823845784E-006  5.567668099873953E+001
    469  2.024975125539293E-006  5.857260373695996E+001
    412  1.976783889970428E-006  5.399327798218789E+001
    778  1.938423617183571E-006  1.153062331743218E+002
    365  1.934474330690792E-006  4.540196146988517E+001
    134  1.921797279661789E-006  2.989081555609098E+001
    542  1.902179454164681E-006  1.021380905135569E+002
    158  1.871363060617540E-006  3.138637587596471E+001
    360  1.830923061516490E-006  4.501412031898634E+001
   1063  1.820046467760357E-006  1.338610239777397E+002
    687  1.762594365928249E-006  1.108477970364615E+002
    364  1.759112386169399E-006  4.528995878587361E+001
    361  1.740112865355441E-006  4.509188248244521E+001
    424  1.730685726927649E-006  5.504400290817051E+001
    478  1.694632660432868E-006  5.880478287498814E+001
    317  1.677808618819460E-006  3.952108816795088E+001
    558  1.672667903773541E-006  1.054235904423783E+002
     47  1.648196885602392E-006  2.514695584094496E+001
    528  1.636423119830896E-006  6.211763689923020E+001
    426  1.505857865521523E-006  5.521112029631625E+001
    441  1.503161601417597E-006  5.602297434426368E+001
    235  1.492543611061686E-006  3.553329683850696E+001
    268  1.444390458261973E-006  3.765614789507087E+001
    594  1.434225315938208E-006  1.075267994995216E+002
    314  1.419997992592958E-006  3.944402428691944E+001
    332  1.411697734657507E-006  4.036182328117159E+001
    428  1.410373418741764E-006  5.539697768550786E+001
    286  1.380482207807679E-006  3.806107114689090E+001
    334  1.365735921501924E-006  4.055961280242965E+001
    754  1.336064579033450E-006  1.130532912402911E+002
    605  1.240138255414553E-006  1.079476682950407E+002
    444  1.234827056310070E-006  5.640873014994138E+001
    624  1.225771251371610E-006  1.084534043855216E+002
    672  1.187745274825997E-006  1.100523893058521E+002
    861  1.142707495239282E-006  1.193618968506130E+002
    101  1.096646085513662E-006  2.816121926613436E+001
    260  1.082827802881617E-006  3.745846822965304E+001
    816  1.024669427307758E-006  1.170854692244173E+002
    609  1.007809002063713E-006  1.080529774194348E+002
    508  9.833039157592628E-007  6.101348113010317E+001
    584  9.724244749811149E-007  1.071415131646536E+002
    936  9.716526394263142E-007  1.275963114471066E+002
    406  9.713518740818088E-007  5.347162595814701E+001
    615  9.616964403659136E-007  1.081646255451844E+002
    579  9.595497013825714E-007  1.068810185812333E+002
    366  9.530804826133082E-007  4.541480133184800E+001
    734  9.527134018882935E-007  1.125227414297757E+002
    571  9.359378719933899E-007  1.065760725477823E+002
     68  9.321337557315912E-007  2.665958995788216E+001
    168  9.209421274548064E-007  3.223239881301075E+001
    891  9.208345700856046E-007  1.222344606190913E+002
     61  9.162592084404885E-007  2.623624111749398E+001
    212  9.158747800769697E-007  3.425448747044050E+001
    616  9.103705561897718E-007  1.081902144651443E+002
    674  9.020769221684437E-007  1.101627157855635E+002
    561  8.607264175257414E-007  1.057823475786052E+002
   1002  8.600140955029116E-007  1.301955720736593E+002
    695  8.289071937953161E-007  1.110404578737834E+002
    216  7.905669257979399E-007  3.431915233475488E+001
    899  7.845782878187915E-007  1.237750393258326E+002
    610  7.513282582675703E-007  1.080548791140610E+002
    959  7.446465792109592E-007  1.283643788123119E+002
    656  7.422234281820531E-007  1.092383325553483E+002
    589  7.403833968275355E-007  1.073243551551986E+002
    228  7.322606342696907E-007  3.465329128304563E+001
    376  7.250422151140587E-007  4.578482274843697E+001
    382  7.151573666714217E-007  4.661435463500721E+001
    373  6.966925241879813E-007  4.573517441489172E+001
     43  6.825571472722901E-007  2.485090944939308E+001
    583  6.738610796898607E-007  1.070323413352247E+002
    846  6.714830112732969E-007  1.183733977129572E+002
    354  6.692742449414312E-007  4.358717802496741E+001
    682  6.658494734405250E-007  1.107795174367904E+002
    964  6.633735706595099E-007  1.284811881676410E+002
     15  6.605554219329333E-007  2.077312965636918E+001
    595  6.509103397377131E-007  1.075727311228692E+002
    176  6.457917670737715E-007  3.283702642513862E+001
    739  6.429725667088547E-007  1.126267264275300E+002
    481  6.402991142685061E-007  5.889564718758225E+001
    529  6.176743016818715E-007  6.213305424318654E+001
   1054  6.158027998680595E-007  1.332101619260334E+002
    521  6.034052715685828E-007  6.120499406654021E+001
    617  5.773793300279815E-007  1.082069188907082E+002
    307  5.658445532120122E-007  3.924418415703018E+001
    214  5.625491280521539E-007  3.429158842681225E+001
    596  5.625253779622369E-007  1.076305596761092E+002
    641  5.485842012790589E-007  1.088136450829588E+002
    887  5.464600027832763E-007  1.215278324822884E+002
    574  5.220790668204979E-007  1.067089856517616E+002
    146  5.200278038626706E-007  3.038455959742199E+001
    942  5.154290881417986E-007  1.277896527703618E+002
    996  5.060288631535849E-007  1.300741546440489E+002
    493  5.042863585724336E-007  5.956939432616837E+001
    394  4.995043484284137E-007  5.275338077531283E+001
    709  4.911152768625271E-007  1.116986555393093E+002
    370  4.838434058784234E-007  4.562254251008403E+001
    536  4.820191470819115E-007  7.244369170766353E+001
    349  4.766782672969907E-007  4.279212686889406E+001
    639  4.752491290007583E-007  1.087924757147032E+002
    567  4.686199612018864E-007  1.061175767374582E+002
    924  4.629955276670771E-007  1.267645350898773E+002
    951  4.627938938401721E-007  1.282127111215003E+002
    713  4.551282678633941E-007  1.118750446375970E+002
    189  4.524028182225058E-007  3.348575581421191E+001
    963  4.367355018769799E-007  1.284456810480366E+002
    591  4.358595910668226E-007  1.073970459895217E+002
    277  4.324042482365358E-007  3.774405278528796E+001
    198  4.263501359329640E-007  3.410095577154824E+001
    670  4.234393943342503E-007  1.099218253642219E+002
    225  4.227624636923357E-007  3.458265676939745E+001
     25  4.210536658516126E-007  2.268285797328677E+001
    995  4.197759203685200E-007  1.300556822463785E+002
   1025  3.739935479390038E-007  1.310823101564250E+002
    577  3.739040362403804E-007  1.068269012623950E+002
    872  3.649339185772083E-007  1.204992644439996E+002
    901  3.433114246737685E-007  1.246352700151236E+002
    800  3.371275219106719E-007  1.161811067685375E+002
    874  3.342499819383313E-007  1.206463359037059E+002
    740  3.294910593020046E-007  1.126281679605138E+002
    693  3.091294618607944E-007  1.110198391814811E+002
    640  2.886318425358018E-007  1.088027953187827E+002
    722  2.876983921533229E-007  1.121989232781130E+002
   1004  2.843406999812877E-007  1.302828791464404E+002
    638  2.799231686189122E-007  1.087773663504995E+002
    665  2.792225737483702E-007  1.096195054263975E+002
    127  2.787880797392830E-007  2.958197907168710E+001
    608  2.758218663701518E-007  1.080310773431174E+002
    910  2.731272479743725E-007  1.258349422363612E+002
    961  2.710738516993215E-007  1.283826108536399E+002
    782  2.666772414188802E-007  1.155663554633046E+002
    696  2.628854514485916E-007  1.111110130672436E+002
    522  2.582203985229929E-007  6.189501394570030E+001
    634  2.447297610190146E-007  1.087110579745548E+002
    862  2.424060748223979E-007  1.194326389788892E+002
    443  2.347963133174812E-007  5.615506371008289E+001
   1068  2.268918337942687E-007  1.342139437973118E+002
    714  2.249200669008438E-007  1.118865310298163E+002
   1069  2.158053188058218E-007  1.347402109836953E+002
    501  2.133736485073706E-007  6.025540211442135E+001
    859  2.076642040980394E-007  1.193117826572047E+002
    744  2.071064171871813E-007  1.127340165661099E+002
    994  2.061424236262455E-007  1.299886393654431E+002
    457  2.042543167951438E-007  5.770039153165104E+001
    627  1.994108401643419E-007  1.085359599099982E+002
    735  1.918787986998413E-007  1.125422257639707E+002
    227  1.885053190714422E-007  3.461221107986133E+001
    436  1.884733475109444E-007  5.562240782737462E+001
    915  1.882221714611132E-007  1.261627872997085E+002
    316  1.876758044291136E-007  3.947722492082590E+001
   1046  1.865572860372111E-007  1.322741703884410E+002
    763  1.833490642685643E-007  1.136578287383470E+002
    804  1.826444669807710E-007  1.164307012054320E+002
   1003  1.802295301944226E-007  1.302792324598297E+002
    625  1.784488236834193E-007  1.084878781680722E+002
    692  1.778632582435652E-007  1.109991362888409E+002
    712  1.772025365182654E-007  1.118479116964762E+002
    375  1.762119474603527E-007  4.577921754207221E+001
    677  1.753523329109875E-007  1.104103779431708E+002
    923  1.746083704846577E-007  1.267345977181097E+002
   1059  1.734864183837350E-007  1.335352794510990E+002
    461  1.732381374207789E-007  5.832169084274378E+001
    218  1.722372434913599E-007  3.434087154455664E+001
    922  1.718450320539950E-007  1.267277337836395E+002
    147  1.691638966698035E-007  3.045498909450352E+001
    104  1.663369063272721E-007  2.863475114667724E+001
    181  1.656472823318000E-007  3.309588236011395E+001
    781  1.652611158751625E-007  1.155015502370288E+002
   1017  1.648794218593683E-007  1.307020085696559E+002
    939  1.623695488353981E-007  1.276788938661296E+002
    333  1.611517502006370E-007  4.050570323460023E+001
    787  1.608595091802035E-007  1.157066821730262E+002
    447  1.571256350992990E-007  5.692641404400948E+001
    178  1.553855944826730E-007  3.291892583427273E+001
    718  1.534160176663326E-007  1.120307816427976E+002
    257  1.532787670450895E-007  3.716053985696894E+001
    927  1.488951420216305E-007  1.271118445081471E+002
    601  1.481803157184560E-007  1.078222216339937E+002
    815  1.480995226772151E-007  1.170844697210597E+002
    603  1.461590869167778E-007  1.078480909052838E+002
    252  1.446462527906344E-007  3.681481496629917E+001
    715  1.445484589497128E-007  1.119122168057061E+002
    657  1.408880784146272E-007  1.092680437977900E+002
    990  1.383213228053517E-007  1.297249883032466E+002
   1028  1.382784240730484E-007  1.312419762585663E+002
    619  1.357632763063869E-007  1.083262496248409E+002
    455  1.352378173618267E-007  5.757818593173593E+001
    124  1.290712344039103E-007  2.953039329658957E+001
    932  1.289086469573501E-007  1.272890793904072E+002
    439  1.280225234405181E-007  5.581771077364913E+001
    569  1.269164547980312E-007  1.064024371239422E+002
    622  1.260208344939537E-007  1.084041586407917E+002
    606  1.252803106806808E-007  1.079754075340127E+002
    953  1.243210549557179E-007  1.282835790234384E+002
    957  1.241765571401841E-007  1.283224605383935E+002
    747  1.238728169100280E-007  1.128221651622354E+002
    790  1.229829207326904E-007  1.158127479939932E+002
    668  1.221994591809904E-007  1.098358517134249E+002
    506  1.208228948678574E-007  6.092479484159845E+001
    408  1.151671726052412E-007  5.368647704938994E+001
   1040  1.124779552491787E-007  1.318325334098182E+002
    732  1.101846773206138E-007  1.124809932511083E+002
   1030  1.080540628381034E-007  1.313677884464318E+002
    470  1.045816792138863E-007  5.858950887133865E+001
    948  1.035845539844917E-007  1.280530341997139E+002
    794  1.029534324216239E-007  1.159299755047292E+002
    767  1.029348654084667E-007  1.139787538815297E+002
    429  1.015383924015283E-007  5.542704693693687E+001
    933  9.988969583179751E-008  1.272967505112425E+002
    920  9.894728088220034E-008  1.265729199247587E+002
    368  9.719896967152547E-008  4.552075151204606E+001
    982  9.718400777576517E-008  1.293230544301462E+002
    664  9.605754622514079E-008  1.095868237421283E+002
    703  9.484922423997508E-008  1.113359924967504E+002
    612  9.295669799530673E-008  1.080838271474082E+002
    662  9.078600136650789E-008  1.094304874643061E+002
    878  8.951193677523308E-008  1.208553192243232E+002
    707  8.635323928093416E-008  1.116484954290111E+002
    191  8.618952496350830E-008  3.372798248811258E+001
    684  8.610117996181189E-008  1.108055531440044E+002
    410  8.537328484967760E-008  5.380004782230375E+001
    893  8.481983722224063E-008  1.225899968537864E+002
    999  8.306807392164301E-008  1.301340763851820E+002
    629  8.279863120315476E-008  1.086436456014825E+002
    845  8.251235828687191E-008  1.182722434309271E+002
    179  8.114123351468478E-008  3.301071504933698E+001
    978  8.012263283527851E-008  1.291764873003617E+002
    729  7.844732623500079E-008  1.124070412533170E+002
    809  7.791240566839563E-008  1.168273457040169E+002
    679  7.724368672674895E-008  1.106299731616480E+002
    949  7.391960503797185E-008  1.280833568476082E+002
    764  7.252581642209136E-008  1.137269990775531E+002
    653  7.231239751413688E-008  1.090926521840726E+002
    362  7.134154236044752E-008  4.520209191521082E+001
    931  6.891592431491839E-008  1.272754104030811E+002
    935  6.807496515971306E-008  1.274477748704804E+002
    849  6.723831740603723E-008  1.186556798515274E+002
    864  6.712316356466933E-008  1.195154318953015E+002
    758  6.707602524674744E-008  1.131945788764974E+002
    906  6.644492132723134E-008  1.253859334012492E+002
    590  6.578404495145888E-008  1.073381491314167E+002
    614  6.479991893467564E-008  1.081499604581023E+002
    699  6.474680838071409E-008  1.111753891148923E+002
    705  6.460676825046682E-008  1.114879185885843E+002
    309  6.432162374785049E-008  3.929268620446922E+001
   1049  6.180813431476326E-008  1.325964910892840E+002
    586  5.953151033903941E-008  1.072414988471015E+002
    728  5.916614013338225E-008  1.123911467240560E+002
    339  5.747582119659574E-008  4.199721405536648E+001
    688  5.700355005424772E-008  1.108652117541332E+002
   1035  5.676095760528561E-008  1.315022364948826E+002
    823  5.365981285780030E-008  1.173434151863991E+002
    985  5.127795661920895E-008  1.294454523269476E+002
    984  5.098432677559986E-008  1.293776492189174E+002
    792  5.018011096198419E-008  1.158579110744502E+002
    701  4.857481961666300E-008  1.112655741498095E+002
    651  4.817966428593770E-008  1.090123807306586E+002
    220  4.718311920754983E-008  3.440936379612124E+001
    660  4.692747125265587E-008  1.093929129115852E+002
   1015  4.640509499338760E-008  1.306693309857935E+002
    776  4.604131183797972E-008  1.150535509847603E+002
    967  4.327820279105920E-008  1.287730879251822E+002
    562  4.312026930490406E-008  1.058125905236654E+002
    888  4.304825149837930E-008  1.215384892766490E+002
    818  4.283961418576456E-008  1.172202887178189E+002
    736  4.274842336400327E-008  1.125700463249535E+002
    488  4.258914571914150E-008  5.904214899548738E+001
    685  4.247093327188376E-008  1.108208915724099E+002
    987  4.137412199371475E-008  1.295218650079724E+002
   1023  4.010253887591747E-008  1.309907545973144E+002
    465  3.840182092290901E-008  5.845233409136720E+001
    628  3.815808909295975E-008  1.085999071252231E+002
    971  3.748462356044684E-008  1.289111652451389E+002
    420  3.690799386933721E-008  5.464265012038360E+001
    946  3.635203501009646E-008  1.279201366409634E+002
    819  3.634878589294838E-008  1.172617623112352E+002
    711  3.555592499508608E-008  1.117833092223069E+002
    648  3.474973837146762E-008  1.089328290594756E+002
    925  3.178970723678248E-008  1.268943605090481E+002
    841  3.119729545929731E-008  1.180046875638410E+002
    647  2.948613701121327E-008  1.089204596390746E+002
    388  2.782767845978090E-008  4.916519389587509E+001
    970  2.768628303792570E-008  1.288440499253601E+002
    726  2.744752885874820E-008  1.123280306605216E+002
    786  2.500711151936435E-008  1.156679892855772E+002
    779  2.478689869412646E-008  1.153237642854880E+002
    912  2.456051476932182E-008  1.259977317017505E+002
   1043  2.294151048565298E-008  1.320181582363304E+002
    556  2.215149170462359E-008  1.053074591696642E+002
    811  2.209991374277779E-008  1.169131613251637E+002
    770  2.199773722041223E-008  1.141655133118217E+002
    766  2.106264024763785E-008  1.138313497862233E+002
    817  2.105109169190275E-008  1.171745914510001E+002
    900  1.789786720626827E-008  1.240255399934555E+002
   1019  1.789423335981815E-008  1.307856127904329E+002
    852  1.741399320175582E-008  1.189308904937423E+002
    839  1.544157534798038E-008  1.178451551754228E+002
    720  1.478026124319516E-008  1.121496181246094E+002
    526  1.417881798732804E-008  6.205614154690332E+001
    980  1.357493739000473E-008  1.292322903638887E+002
    750  1.330828831708455E-008  1.128980084302201E+002
    743  1.302743819754337E-008  1.126739704882794E+002
    814  1.299635871173947E-008  1.170571282096026E+002
   1010  1.294796879403850E-008  1.305150376372933E+002
    292  1.218771779244046E-008  3.837765227419467E+001
    773  1.177358930486470E-008  1.146041296786391E+002
    788  1.151257983420104E-008  1.157595566872355E+002
    752  1.146271178196715E-008  1.129825416205730E+002
    723  1.114563792582471E-008  1.122249597820348E+002
    805  1.111399590099584E-008  1.165442309434909E+002
   1077  1.058917118425732E-008  6.189178021453241E+002
    908  1.021897203314323E-008  1.256350992978881E+002
    850  9.954275164405754E-009  1.188640670964077E+002
    806  9.586701563958380E-009  1.165904998677036E+002
    652  9.158200019700091E-009  1.090805000764319E+002
    904  9.140455636302802E-009  1.250437756508075E+002
    642  8.535776477519518E-009  1.088349318990273E+002
    857  8.323265809778337E-009  1.192977858717030E+002
    993  8.212694636561966E-009  1.299638892136509E+002
   1065  7.959242558688310E-009  1.340986810838602E+002
    833  7.126636294400492E-009  1.176450554682990E+002
    342  5.161305694260352E-009  4.219280462450153E+001
   1037  5.103391126672801E-009  1.316166834102353E+002
    867  5.067405303607641E-009  1.199420338065019E+002
    775  5.005497920980221E-009  1.149447083106751E+002
    840  4.571147619286814E-009  1.179674198090055E+002
    704  4.265024748891591E-009  1.114088220449556E+002
   1051  3.553490874808053E-009  1.330173846663143E+002
    876  3.400686984650339E-009  1.207338716680959E+002
    856  3.135971869195770E-009  1.192407591408727E+002
    801  2.886003208505561E-009  1.162412158177078E+002
   1073  2.623949447895230E-009  1.355646294676644E+002
    956  2.374632724495100E-009  1.283075816024711E+002
    969  2.071786955121195E-009  1.288232913140608E+002
    363  1.883802676897573E-009  4.523665715266514E+001
    889  1.702046630818983E-009  1.221096476933091E+002
    371  1.534536401430898E-009  4.567834615857563E+001
   1012  1.211582487105644E-009  1.305860585800326E+002
    881  1.154987897600668E-009  1.212001054655417E+002
    761  6.703350906593081E-010  1.134019555363662E+002
    821  5.424790836089587E-010  1.173213489801490E+002
    759  4.890000403776697E-010  1.132523759465808E+002
    941  4.779795767498805E-010  1.277239710636116E+002
    834  4.751286430903601E-010  1.176651591794238E+002
    965  4.232793111096515E-010  1.286084743618769E+002
    974  3.975364954271879E-010  1.290391941684268E+002
    598  3.963733102001547E-010  1.077082259858063E+002
    633  3.448563790191851E-010  1.086770367044967E+002
    620  3.118552318642489E-010  1.083700393844588E+002
    869  1.202396289606843E-010  1.201465244096069E+002
    753  1.149200242970399E-010  1.130399909728984E+002
    581  9.896954510436035E-011  1.069166383916512E+002
    914  9.434846614926171E-011  1.261343003660832E+002
    885  9.041233299348057E-011  1.213849358963692E+002
    828  7.640672915576777E-011  1.175132070682912E+002
    882  6.717719845388024E-011  1.212606419968792E+002
    129  1.236718572816564E-011  2.967722940199728E+001
