# Number of modes
   1077
# Tabulated for different initial and final frequencies?
    F
# Mode index, Sj, (highest to lowest), omega_j
    547  9.260977737868170E-002  1.040413527560943E+002
    539  5.006461345224800E-002  1.004038214764926E+002
      7  2.214947776155337E-002  1.598850297870253E+001
    436  1.417363909433269E-002  5.562240782737462E+001
     23  1.199447875331422E-002  2.160694502786773E+001
      8  1.176891177832858E-002  1.603898235084092E+001
     38  1.017430048955551E-002  2.415274881711009E+001
     24  9.461771853231717E-003  2.165827626673025E+001
     27  7.694706529130461E-003  2.288948685305089E+001
    546  7.152149584907838E-003  1.038908634804570E+002
     64  5.394312066733516E-003  2.637954322898939E+001
    392  5.346228114392957E-003  4.975569880244111E+001
    114  5.033116101368780E-003  2.903390568794284E+001
    544  4.910584534466958E-003  1.037287728441322E+002
    390  4.782577853672104E-003  4.930034545373515E+001
    551  4.552083815827554E-003  1.044758850995860E+002
     18  3.938066599896814E-003  2.124694793769305E+001
    549  3.863569678978101E-003  1.043755820157491E+002
    554  3.538499973992961E-003  1.048978551747549E+002
     32  3.466408455710277E-003  2.386019687247388E+001
     58  3.456138455895518E-003  2.603619761911758E+001
    301  2.843622475105459E-003  3.874125966254066E+001
   1060  2.804371745275359E-003  1.336329109810919E+002
    466  2.561526132264772E-003  5.848631456847294E+001
    387  2.475283961190530E-003  4.845493173747810E+001
    384  2.250694191068068E-003  4.693482184770667E+001
      5  2.078498425134460E-003  1.580375607842547E+001
     31  2.028076347640974E-003  2.349957735236975E+001
    330  1.830476934563452E-003  4.000719691328421E+001
    543  1.764074392403437E-003  1.026098663261161E+002
    298  1.706808450380076E-003  3.860785506393049E+001
    229  1.591663514249769E-003  3.477639317683153E+001
    452  1.510156685510739E-003  5.732416656661538E+001
    199  1.483362799229115E-003  3.411214171315592E+001
    142  1.439197968434270E-003  3.011700635419402E+001
     20  1.394588745811709E-003  2.146722812704134E+001
    536  1.384541156097058E-003  7.244369170766353E+001
    537  1.382956744824261E-003  7.348438751630307E+001
   1053  1.373413578470731E-003  1.331993000158318E+002
    926  1.309345147608784E-003  1.269935099435139E+002
    381  1.294094838292315E-003  4.623753374880091E+001
    255  1.252140451016331E-003  3.705801266502003E+001
   1066  1.237608465522864E-003  1.341339055776214E+002
    438  1.203017797368026E-003  5.568774314714533E+001
     29  1.158788882770822E-003  2.304600720746813E+001
   1064  1.124990562580811E-003  1.339182935247794E+002
     85  1.123565946370719E-003  2.757726243328665E+001
    308  1.114574712288525E-003  3.924824416979163E+001
   1074  1.097215967382793E-003  1.357832717908243E+002
    347  1.090408361364702E-003  4.251894246220620E+001
    207  1.058838267491747E-003  3.419271829752626E+001
     36  1.003414419044686E-003  2.408548968715760E+001
     11  9.674165175147854E-004  1.771447447329438E+001
    998  9.658151521756592E-004  1.301241144683907E+002
   1075  9.637797204719072E-004  1.852007864492208E+002
    553  9.322912773634474E-004  1.045844149005738E+002
    299  9.174058577013940E-004  3.861147003050849E+001
    418  8.998054200401475E-004  5.440760214654593E+001
     55  8.968178626239396E-004  2.564739582447731E+001
    422  8.468299435482579E-004  5.478392604221921E+001
   1072  7.990330604843277E-004  1.354275255218108E+002
     66  7.809785253107619E-004  2.653041695388611E+001
     95  7.639918176164436E-004  2.806113631432304E+001
    161  7.572484396906961E-004  3.141544799468193E+001
    875  7.415610801717457E-004  1.206504418490652E+002
     92  7.343998755301233E-004  2.796966533379813E+001
    698  6.682228320950013E-004  1.111543499618823E+002
    153  6.365136166901149E-004  3.119128674334460E+001
    183  6.133460535729738E-004  3.317747871488443E+001
    282  5.994885055182881E-004  3.781601762519486E+001
    348  5.899722299072041E-004  4.278252907839931E+001
    379  5.780065468948265E-004  4.610002508350383E+001
    380  5.709061168303744E-004  4.621788456267294E+001
     74  5.424521780304440E-004  2.706787664592100E+001
    456  5.405335543373722E-004  5.758475825352298E+001
    666  5.396422809961599E-004  1.096961217429448E+002
     89  5.278398044181444E-004  2.787565477396676E+001
    131  5.210796384326910E-004  2.976719894627799E+001
    212  5.156487860964559E-004  3.425448747044050E+001
    290  5.124171516807079E-004  3.834059039797889E+001
    453  5.116734461301488E-004  5.734859743017803E+001
     43  5.071183133720587E-004  2.485090944939308E+001
   1048  5.016344233461717E-004  1.325281096806480E+002
   1016  4.999634654211979E-004  1.306784011483153E+002
    386  4.735861393128413E-004  4.778448827008048E+001
    327  4.663978169167494E-004  3.980649710729982E+001
    106  4.663264747289979E-004  2.873147041157064E+001
    306  4.659911266325395E-004  3.922583615449084E+001
    202  4.598168111747514E-004  3.414693728338715E+001
    143  4.519976759630436E-004  3.021552765862468E+001
    101  4.514357583210926E-004  2.816121926613436E+001
    331  4.459795654795973E-004  4.033978069592825E+001
    300  4.344917316361900E-004  3.871033423098082E+001
    402  4.343128718184413E-004  5.323403324336612E+001
    221  4.338563377435445E-004  3.444064242877499E+001
     46  4.332817549642987E-004  2.508968851186969E+001
    205  4.330251562758537E-004  3.418138862993963E+001
    289  4.295319148322215E-004  3.832422991649202E+001
    295  4.269680798008402E-004  3.844649820311862E+001
    454  4.232975748436379E-004  5.753531790534946E+001
    325  4.229607490683601E-004  3.979678053884171E+001
    431  4.220687568543899E-004  5.545822575490884E+001
    100  4.121508589993364E-004  2.814590236831992E+001
    403  4.104032097181085E-004  5.332276567118551E+001
    196  4.056124096800550E-004  3.402217963204272E+001
    417  3.975585260293043E-004  5.432386496665636E+001
    383  3.958558054393952E-004  4.665506804468283E+001
    133  3.875670421306077E-004  2.980777525245198E+001
    160  3.870032663929183E-004  3.140287364756382E+001
    134  3.865118778177104E-004  2.989081555609098E+001
    156  3.772352191953159E-004  3.133959801814033E+001
    992  3.722397856258736E-004  1.299169051159237E+002
    303  3.669387659835511E-004  3.891633174738261E+001
     34  3.658918132669708E-004  2.394870774261297E+001
    218  3.565943429777807E-004  3.434087154455664E+001
    184  3.565854611918332E-004  3.328145954751520E+001
    446  3.542852969421913E-004  5.657515742254393E+001
    158  3.521791819535632E-004  3.138637587596471E+001
    460  3.484954306565728E-004  5.821511818989060E+001
    378  3.478070986901267E-004  4.609481655347708E+001
    174  3.419538517165834E-004  3.277024257542895E+001
    304  3.378175762008347E-004  3.902642388250331E+001
    138  3.340627513370721E-004  2.998810658959070E+001
     51  3.330291541054128E-004  2.527497960196780E+001
    166  3.238297101233704E-004  3.197534022905977E+001
    970  3.235622539492061E-004  1.288440499253601E+002
     97  3.202527438526101E-004  2.809615145046481E+001
    937  3.161240660163529E-004  1.275975168353670E+002
     37  3.092492710276347E-004  2.413005277682491E+001
     48  3.086867141701483E-004  2.521050943974308E+001
     60  3.000954066238530E-004  2.612817271153773E+001
    564  2.978309151294406E-004  1.059223740174141E+002
    475  2.950048514214107E-004  5.870955367754343E+001
      6  2.917384145927517E-004  1.593905863128156E+001
    152  2.859813205678448E-004  3.107793476288124E+001
   1044  2.838309963468080E-004  1.320835593454495E+002
    401  2.833704041436227E-004  5.310952948046032E+001
     90  2.824162672752819E-004  2.792299487571685E+001
    121  2.795470677540918E-004  2.937009161569695E+001
    275  2.721693846038287E-004  3.771871208633355E+001
    291  2.685857565685523E-004  3.834865717601958E+001
      2  2.684339261811015E-004  1.507477314615795E+001
    320  2.659769122388986E-004  3.958466091098631E+001
    321  2.647551830429725E-004  3.959878738143280E+001
    352  2.613719153711837E-004  4.345183818831803E+001
    188  2.599715249228877E-004  3.343297855491465E+001
    116  2.597817768254231E-004  2.910094471225916E+001
    246  2.578198361180750E-004  3.612200287477440E+001
    318  2.574025908886238E-004  3.952690512520030E+001
    312  2.562011704556997E-004  3.940338989709551E+001
    700  2.559677535314715E-004  1.112187707043413E+002
    357  2.555026227891902E-004  4.413715889769129E+001
    239  2.535906052143029E-004  3.564788119351169E+001
    294  2.497952764996744E-004  3.844005427068350E+001
    493  2.494688893551550E-004  5.956939432616837E+001
    785  2.492716749011329E-004  1.156515149006221E+002
    694  2.478156508637893E-004  1.110208923005156E+002
    150  2.436988690678055E-004  3.095380367517388E+001
    458  2.434236347856085E-004  5.780961640938520E+001
    385  2.420968374284783E-004  4.744969147605799E+001
   1001  2.383937803913225E-004  1.301907504163165E+002
    208  2.375449020343627E-004  3.420400517096608E+001
     22  2.354772864721190E-004  2.149928230079738E+001
    292  2.302771159148741E-004  3.837765227419467E+001
    928  2.299378327300448E-004  1.271758190169006E+002
    309  2.282780495658417E-004  3.929268620446922E+001
    164  2.271069455126907E-004  3.156123118588701E+001
    560  2.251176425482297E-004  1.057397922085461E+002
    578  2.241606500701072E-004  1.068696587706935E+002
     53  2.208756111020205E-004  2.532427500710937E+001
    336  2.200587756063195E-004  4.106442919982931E+001
    281  2.188792829491925E-004  3.778222215271058E+001
      4  2.132226816013172E-004  1.555889535187236E+001
     62  2.069458753095811E-004  2.630569023157911E+001
     81  2.065085626823299E-004  2.737831616504717E+001
     40  2.008758571575176E-004  2.429142631572386E+001
    168  2.005182977093428E-004  3.223239881301075E+001
    117  2.001483472388307E-004  2.915145470361619E+001
    474  2.000986750921566E-004  5.866520048333617E+001
    772  1.980997292052218E-004  1.144444014986270E+002
      3  1.960744541736718E-004  1.530095081680193E+001
   1047  1.955449529676664E-004  1.324683504365100E+002
    231  1.941587484945464E-004  3.529195130720404E+001
    444  1.922072401994189E-004  5.640873014994138E+001
    382  1.921291826914074E-004  4.661435463500721E+001
    404  1.907680211425671E-004  5.332919471058649E+001
    530  1.903077516284079E-004  6.265828803408258E+001
    338  1.892175305596263E-004  4.143596746217444E+001
    393  1.884297875735302E-004  5.117422678475859E+001
    690  1.875322006474236E-004  1.109553167085971E+002
   1055  1.828759328520480E-004  1.332315483337306E+002
    566  1.807515732053439E-004  1.060197199307676E+002
    868  1.801031117049959E-004  1.199994649602093E+002
     44  1.772814912741863E-004  2.487547588775838E+001
    929  1.757747561522347E-004  1.272324166790593E+002
    593  1.754078644728560E-004  1.074633420950339E+002
     71  1.751557658209251E-004  2.691074291878593E+001
    464  1.747191496433686E-004  5.841767339850505E+001
    658  1.741182264488792E-004  1.092752908733605E+002
    545  1.740821872767111E-004  1.038885725205099E+002
     78  1.718270971642668E-004  2.724001953302053E+001
    459  1.667123797008130E-004  5.797524108925945E+001
    346  1.665209152878035E-004  4.251353138364797E+001
    486  1.660396782673958E-004  5.898078655703418E+001
    237  1.653597568985741E-004  3.561350513334219E+001
    419  1.652167174292300E-004  5.447434435004674E+001
    433  1.648431523124777E-004  5.552394895078822E+001
    109  1.632491422617484E-004  2.888359254004277E+001
    716  1.632146385631435E-004  1.119313653155845E+002
   1067  1.623815208126236E-004  1.341872351276505E+002
     35  1.623547718716010E-004  2.406163852032448E+001
     30  1.599504207703254E-004  2.339033246897357E+001
    708  1.593398230909541E-004  1.116659378913442E+002
     16  1.573055760131914E-004  2.083990463296455E+001
     21  1.566466699566149E-004  2.149552581175353E+001
    482  1.553958067824115E-004  5.890508639424976E+001
     45  1.549989225248222E-004  2.505629895200580E+001
    478  1.534926094301502E-004  5.880478287498814E+001
     91  1.531173442728331E-004  2.795709450840539E+001
    136  1.530027399540577E-004  2.995197020395121E+001
    319  1.528185683428721E-004  3.955367029075058E+001
    450  1.497858328916410E-004  5.723022636777802E+001
    421  1.497068933009665E-004  5.469982084171487E+001
    451  1.477706884616922E-004  5.726939793781466E+001
    389  1.473525333859524E-004  4.924612888004685E+001
    167  1.471994033145016E-004  3.206734480721192E+001
    724  1.466015590537421E-004  1.122474317356576E+002
    531  1.463974713626465E-004  6.280622541285696E+001
     61  1.454866044818186E-004  2.623624111749398E+001
     68  1.425132444727427E-004  2.665958995788216E+001
    359  1.401008131182152E-004  4.440820660542785E+001
    502  1.398893134698772E-004  6.033057478557798E+001
    449  1.385440999276326E-004  5.713782918039372E+001
    565  1.374154732826739E-004  1.059848591127986E+002
    314  1.365868697597619E-004  3.944402428691944E+001
     19  1.354741604214697E-004  2.137958735177528E+001
    981  1.323069631707322E-004  1.292686845988868E+002
    191  1.310987068505500E-004  3.372798248811258E+001
    725  1.309431050284346E-004  1.122622575126908E+002
    783  1.289864883537037E-004  1.155776779712016E+002
     73  1.289804823135507E-004  2.704395448663374E+001
    394  1.288368823722672E-004  5.275338077531283E+001
   1013  1.287027992145372E-004  1.306191025791559E+002
   1042  1.286198726945631E-004  1.319938555239870E+002
    186  1.283325190916844E-004  3.335079910483972E+001
     96  1.267571244498883E-004  2.807603105873968E+001
     50  1.249214602875130E-004  2.524792740229145E+001
    214  1.246256452631947E-004  3.429158842681225E+001
    324  1.239668462414628E-004  3.965813849875591E+001
    242  1.219249162887779E-004  3.575330164903793E+001
     69  1.216674345076632E-004  2.667931486079132E+001
     72  1.212511937052775E-004  2.695844835194747E+001
    396  1.209423635698267E-004  5.292259014309509E+001
    104  1.186466908677888E-004  2.863475114667724E+001
    997  1.171164287946439E-004  1.300952728722026E+002
    919  1.170809201493860E-004  1.264669767465423E+002
    555  1.167633972717462E-004  1.049505825405343E+002
    189  1.157076416420925E-004  3.348575581421191E+001
     75  1.149040914516929E-004  2.717284531466260E+001
   1026  1.148291466429246E-004  1.310988308446859E+002
    848  1.141332858439892E-004  1.185512117490796E+002
    495  1.104059020887122E-004  5.971063876484735E+001
     39  1.088233384336398E-004  2.419216907562118E+001
    110  1.082990549601608E-004  2.890337161783228E+001
    192  1.077138848644680E-004  3.373139183933635E+001
    602  1.075370822900268E-004  1.078335831208874E+002
    163  1.060997634139412E-004  3.148605603035891E+001
    442  1.058482610413323E-004  5.605259237502305E+001
    307  1.056958155041905E-004  3.924418415703018E+001
    374  1.050396754169289E-004  4.576894168844035E+001
     57  1.041261202067304E-004  2.601044601303876E+001
   1005  1.035431750098256E-004  1.302961950162389E+002
    686  1.033276754873728E-004  1.108321598991433E+002
    826  1.013462527903921E-004  1.174535409692338E+002
    334  1.012271024674788E-004  4.055961280242965E+001
    241  9.942254270287926E-005  3.573178726353736E+001
    344  9.940794570956280E-005  4.229281490750487E+001
     84  9.857436045795763E-005  2.748397341497807E+001
    762  9.844227490464385E-005  1.134504722361933E+002
    132  9.836461822393787E-005  2.978147182311027E+001
    844  9.825191400113669E-005  1.182236522024691E+002
    789  9.752022322717108E-005  1.157939903252585E+002
    144  9.629600836322499E-005  3.023024488043693E+001
    248  9.566662948737759E-005  3.617742791171408E+001
    902  9.538541186213318E-005  1.246861225619736E+002
    571  9.451899567595269E-005  1.065760725477823E+002
   1000  9.435400193394568E-005  1.301375093272533E+002
   1057  9.341844854907086E-005  1.332882698940204E+002
    377  9.338557798011031E-005  4.580996274485975E+001
    576  9.279822759812818E-005  1.068188420241767E+002
    680  9.081973494882580E-005  1.106808485277705E+002
    617  9.035173394905773E-005  1.082069188907082E+002
    176  9.018439585741678E-005  3.283702642513862E+001
    673  9.011413968912219E-005  1.101090602242966E+002
     94  8.995283751428601E-005  2.803048707399637E+001
    585  8.927831843197528E-005  1.071721890576240E+002
    504  8.895125813057766E-005  6.073767201700102E+001
   1031  8.844408494781574E-005  1.313824495210718E+002
    434  8.825757185273334E-005  5.556859477681133E+001
    921  8.795128954735408E-005  1.266347372507485E+002
    952  8.754313889558088E-005  1.282170243378332E+002
   1041  8.599320573230263E-005  1.318604688563310E+002
    333  8.592768973127183E-005  4.050570323460023E+001
    217  8.583500664435818E-005  3.432077633458158E+001
    119  8.505157462479407E-005  2.929038281335912E+001
    261  8.382529397139956E-005  3.751537038816641E+001
    123  8.307321852749972E-005  2.945706723223188E+001
    322  8.224245285135756E-005  3.962934885257222E+001
    843  8.168748057244931E-005  1.181049125326048E+002
    573  8.150531934504151E-005  1.066520968004064E+002
    816  8.057805359531601E-005  1.170854692244173E+002
    702  7.945887352606348E-005  1.112791472783473E+002
    179  7.927308107374952E-005  3.301071504933698E+001
    973  7.903280455058830E-005  1.290303348922233E+002
    918  7.836476509470739E-005  1.263810693695273E+002
    326  7.758379470644139E-005  3.980074663620405E+001
    515  7.643138214473116E-005  6.113166482037749E+001
    907  7.596787088410241E-005  1.254774984052440E+002
     70  7.581185903244051E-005  2.683332853591699E+001
    137  7.570769823854372E-005  2.996307755422044E+001
    810  7.529929876658231E-005  1.168542717379606E+002
    521  7.453721114048600E-005  6.120499406654021E+001
    730  7.404556533962577E-005  1.124678820560711E+002
     42  7.383642380951519E-005  2.442065503900721E+001
    561  7.273005794955144E-005  1.057823475786052E+002
    151  7.261811223847761E-005  3.097448214004631E+001
    317  7.221945779515769E-005  3.952108816795088E+001
    162  7.193734713962691E-005  3.142013005221356E+001
    254  7.157102788934941E-005  3.696870162494890E+001
    528  7.122268203159406E-005  6.211763689923020E+001
    572  7.088393324062523E-005  1.066354688575440E+002
    305  7.043809115369678E-005  3.919092577852600E+001
    310  6.998127408366277E-005  3.933560718805473E+001
    260  6.959990492461035E-005  3.745846822965304E+001
    542  6.926837203007027E-005  1.021380905135569E+002
    467  6.925622206866192E-005  5.850070475174659E+001
    125  6.812599239370119E-005  2.955205187993630E+001
    195  6.797383416569390E-005  3.399004655216064E+001
    147  6.740010294444542E-005  3.045498909450352E+001
     98  6.724176926199864E-005  2.810036398063808E+001
    917  6.684854914895879E-005  1.262583151256411E+002
    355  6.613027131036956E-005  4.365668409738398E+001
    948  6.587017723070039E-005  1.280530341997139E+002
    435  6.512945445401791E-005  5.559833163642786E+001
    689  6.475872106897310E-005  1.108992280227757E+002
    552  6.358603243944798E-005  1.045004516183760E+002
    201  6.316226060821631E-005  3.413905621996786E+001
    558  6.288276966738848E-005  1.054235904423783E+002
    323  6.246434943993455E-005  3.963162035223775E+001
    802  6.241034866121266E-005  1.163074247182627E+002
    587  6.213127699263714E-005  1.072564562863978E+002
    473  6.179836193891483E-005  5.864875851961727E+001
     49  6.166381244878026E-005  2.521926711432687E+001
    193  6.039131791022679E-005  3.387383688791338E+001
     79  6.021720079878507E-005  2.728143790603452E+001
    517  6.006739724588912E-005  6.116283191518230E+001
    429  5.958909534033258E-005  5.542704693693687E+001
    283  5.932934875144257E-005  3.781664732037148E+001
    113  5.847674816042342E-005  2.894608485543543E+001
    361  5.841192930803118E-005  4.509188248244521E+001
    171  5.820194409895638E-005  3.251692712246987E+001
    430  5.761119234065489E-005  5.544226538226409E+001
    391  5.760237957612712E-005  4.935295074539214E+001
    832  5.687348084762757E-005  1.176150872586579E+002
    610  5.668429152366250E-005  1.080548791140610E+002
    575  5.638993369011619E-005  1.067636975144964E+002
    594  5.602450714452476E-005  1.075267994995216E+002
    215  5.583549725031791E-005  3.430912489816387E+001
     15  5.574073670068476E-005  2.077312965636918E+001
    128  5.541371790657301E-005  2.964876822252022E+001
    187  5.504440790328728E-005  3.338593491458187E+001
    481  5.498687026254134E-005  5.889564718758225E+001
     88  5.459875684322779E-005  2.776495450944637E+001
    102  5.429328675693337E-005  2.838723287464182E+001
    251  5.427019899271240E-005  3.670193646720268E+001
    329  5.364809448380238E-005  3.994917835777716E+001
    457  5.358823436906815E-005  5.770039153165104E+001
    234  5.306070265853189E-005  3.541632958107625E+001
     67  5.295407824311974E-005  2.663955326886673E+001
    717  5.217645252413610E-005  1.119901298340990E+002
   1011  5.199263923842503E-005  1.305590563134582E+002
    258  5.124853967673178E-005  3.725675246841864E+001
    247  5.101586159828234E-005  3.613855018049320E+001
    719  5.095034862297302E-005  1.120361196403708E+002
    476  5.048604131624349E-005  5.874284760292872E+001
    194  5.023894627536005E-005  3.388123191050668E+001
    507  4.833743784472486E-005  6.098134465730102E+001
    674  4.798898379187609E-005  1.101627157855635E+002
    339  4.784962403323512E-005  4.199721405536648E+001
    613  4.749499812249093E-005  1.081325074305931E+002
    838  4.710565295081092E-005  1.178077045912047E+002
    535  4.700315454745014E-005  7.234684016852472E+001
    605  4.668069240069274E-005  1.079476682950407E+002
    483  4.653068491209233E-005  5.892865432514233E+001
    302  4.637943122243618E-005  3.874867387838012E+001
    511  4.593949983442380E-005  6.108291035790679E+001
     65  4.586446315818525E-005  2.645533186342116E+001
    487  4.574726863225765E-005  5.901096182276392E+001
    784  4.520185622242544E-005  1.156115101864969E+002
    226  4.514835865071536E-005  3.460914941435140E+001
    441  4.442467932649114E-005  5.602297434426368E+001
    157  4.431427436080744E-005  3.136040875348826E+001
    616  4.386357230659698E-005  1.081902144651443E+002
    494  4.381028891830781E-005  5.959072402434833E+001
    654  4.341337732415248E-005  1.091774321289355E+002
    604  4.331177048479417E-005  1.078901483894559E+002
    358  4.295259558957536E-005  4.418411045040358E+001
    220  4.277613265006977E-005  3.440936379612124E+001
    778  4.256908734592686E-005  1.153062331743218E+002
    332  4.238866032111449E-005  4.036182328117159E+001
   1063  4.192828305287084E-005  1.338610239777397E+002
    264  4.162711846075193E-005  3.760740200223662E+001
    865  4.139698486383854E-005  1.195233182598442E+002
    636  4.137686216644176E-005  1.087412284437008E+002
    107  4.060430507314453E-005  2.880093649968087E+001
    765  4.009075646284921E-005  1.138034732037320E+002
    584  3.997059940946329E-005  1.071415131646536E+002
    691  3.993908062663029E-005  1.109942746792360E+002
    938  3.968560288250888E-005  1.276246332177813E+002
    622  3.922739236209675E-005  1.084041586407917E+002
    440  3.850785431344669E-005  5.589934491235444E+001
    745  3.847139316509780E-005  1.127541380335163E+002
    577  3.812458142692920E-005  1.068269012623950E+002
    897  3.793257033304873E-005  1.233154024205701E+002
    663  3.721490749865189E-005  1.095408569103236E+002
   1022  3.710723707902727E-005  1.309570316227355E+002
    405  3.704292580825166E-005  5.340951413863353E+001
    525  3.701766257091528E-005  6.201689187624501E+001
    365  3.694916474296793E-005  4.540196146988517E+001
    223  3.678782732438328E-005  3.452101188794168E+001
    609  3.677611360375509E-005  1.080529774194348E+002
    356  3.666344012401134E-005  4.399929676237998E+001
    115  3.638627152069064E-005  2.908676806680809E+001
    177  3.627697241055527E-005  3.286305119332699E+001
    569  3.614122477494493E-005  1.064024371239422E+002
    596  3.573709012318550E-005  1.076305596761092E+002
    103  3.568753609344601E-005  2.854698030319213E+001
    757  3.556579759227841E-005  1.131455979007981E+002
    630  3.548232471574124E-005  1.086464564510315E+002
    249  3.518290042184853E-005  3.643158917315001E+001
    975  3.500151195599736E-005  1.290479361570385E+002
    713  3.470275754040687E-005  1.118750446375970E+002
    477  3.462338887873881E-005  5.875439662154096E+001
    341  3.457990408585377E-005  4.207899368185591E+001
    523  3.439358998176577E-005  6.195141091349550E+001
   1020  3.406214415240534E-005  1.308300137670077E+002
     13  3.404842431258204E-005  2.038781372204352E+001
    972  3.378252602981973E-005  1.289491342298440E+002
    960  3.361324359086430E-005  1.283710541965592E+002
    656  3.309082161490530E-005  1.092383325553483E+002
    803  3.302162822520011E-005  1.163959410830473E+002
    296  3.293076001474790E-005  3.847026909032138E+001
    611  3.279219752892768E-005  1.080609110523806E+002
    977  3.235510626037410E-005  1.291448023039548E+002
    297  3.214609579888953E-005  3.850412000814609E+001
    681  3.212196232205211E-005  1.107150530846271E+002
    615  3.193320146904087E-005  1.081646255451844E+002
    154  3.165286136399464E-005  3.128025029310897E+001
    697  3.160590281263024E-005  1.111168086390436E+002
    877  3.112960714351944E-005  1.207635072396237E+002
    313  3.104667499749373E-005  3.941220320488696E+001
    595  3.083526015216406E-005  1.075727311228692E+002
    567  3.058985344156170E-005  1.061175767374582E+002
    583  3.047062468087725E-005  1.070323413352247E+002
   1038  3.044890709456308E-005  1.317153469634680E+002
    911  3.044329416033964E-005  1.258968376271585E+002
     41  2.967817351796226E-005  2.434332602389209E+001
   1061  2.960299933532371E-005  1.338239896777959E+002
    995  2.959508512069018E-005  1.300556822463785E+002
     14  2.957982867715115E-005  2.047451167645159E+001
     25  2.956067511237803E-005  2.268285797328677E+001
    641  2.954938365270476E-005  1.088136450829588E+002
    257  2.953242106212799E-005  3.716053985696894E+001
    126  2.949075146566607E-005  2.957864372821811E+001
    370  2.941876793492514E-005  4.562254251008403E+001
    222  2.923571216265433E-005  3.444665555523785E+001
    135  2.920799591757472E-005  2.990996926970350E+001
    240  2.882428494761303E-005  3.568815433410965E+001
     28  2.861764535232533E-005  2.303576073275412E+001
   1069  2.856038491590239E-005  1.347402109836953E+002
    423  2.855253326791427E-005  5.491452382822700E+001
    529  2.793635627141204E-005  6.213305424318654E+001
    206  2.785162565993730E-005  3.418711639611698E+001
    910  2.753185551077337E-005  1.258349422363612E+002
    284  2.714882407811651E-005  3.794002386601017E+001
    538  2.695866364913511E-005  8.801939400846273E+001
    624  2.693274133237115E-005  1.084534043855216E+002
    316  2.686533817430802E-005  3.947722492082590E+001
    991  2.656606595167974E-005  1.298309517843196E+002
    288  2.650150568507001E-005  3.825168870868715E+001
    592  2.640705636419833E-005  1.074010896433819E+002
    879  2.629713352622181E-005  1.208628531744268E+002
    253  2.623330285062111E-005  3.690338042035397E+001
    768  2.619256798686102E-005  1.140511281344195E+002
    966  2.590202615572959E-005  1.287120665380274E+002
    899  2.557557966492310E-005  1.237750393258326E+002
    871  2.547528644582573E-005  1.204638135739833E+002
    678  2.531258167337706E-005  1.105298402911861E+002
   1018  2.521593672859181E-005  1.307425624046459E+002
    589  2.516106514642759E-005  1.073243551551986E+002
   1008  2.507822802372339E-005  1.304054287055121E+002
    439  2.507562871918913E-005  5.581771077364913E+001
    787  2.502786711968222E-005  1.157066821730262E+002
    243  2.486564612918266E-005  3.580427376176280E+001
    649  2.472662668271629E-005  1.089557122086210E+002
    873  2.453067310740330E-005  1.205400953636918E+002
    236  2.448008250566141E-005  3.558504171265294E+001
    682  2.403803225801877E-005  1.107795174367904E+002
    491  2.401792371394268E-005  5.916484178919298E+001
    930  2.389598722818660E-005  1.272550109882912E+002
    276  2.387968565835930E-005  3.774173651101562E+001
    233  2.379893170265049E-005  3.536858076063520E+001
    462  2.365476432344415E-005  5.834568949164402E+001
    108  2.337111992629133E-005  2.884206820739177E+001
    570  2.328241934067916E-005  1.064458450110351E+002
   1032  2.309736751434035E-005  1.314270448258869E+002
    219  2.305622341441431E-005  3.435584966495736E+001
    170  2.304465515353748E-005  3.240864442722207E+001
    468  2.286172111323117E-005  5.850419738659161E+001
    455  2.279625242268498E-005  5.757818593173593E+001
    944  2.231619375736459E-005  1.278264506290159E+002
    216  2.222492597306511E-005  3.431915233475488E+001
   1068  2.213017312234189E-005  1.342139437973118E+002
    524  2.192225682095104E-005  6.196836567938324E+001
    821  2.187494281072410E-005  1.173213489801490E+002
    608  2.169755948727961E-005  1.080310773431174E+002
    463  2.120134289334362E-005  5.840368106338346E+001
   1040  2.061157918352252E-005  1.318325334098182E+002
    465  2.061028048783550E-005  5.845233409136720E+001
    582  2.016861250508470E-005  1.069886979669129E+002
    746  2.011479159711914E-005  1.128150956859242E+002
    351  2.006271863611870E-005  4.290814690346715E+001
    180  2.001624013078246E-005  3.306959511625761E+001
     93  1.994714319781109E-005  2.801831476528660E+001
    979  1.991490173444150E-005  1.292073280791942E+002
    408  1.976241073625306E-005  5.368647704938994E+001
    557  1.948693080683309E-005  1.053298087456868E+002
    687  1.937885391025717E-005  1.108477970364615E+002
     99  1.922629281732114E-005  2.813215700322161E+001
    366  1.917940576501103E-005  4.541480133184800E+001
    197  1.901599769811102E-005  3.407091137263039E+001
    579  1.895308461846158E-005  1.068810185812333E+002
    672  1.892893926790858E-005  1.100523893058521E+002
    947  1.882771260606660E-005  1.280025795512814E+002
    962  1.860776588806566E-005  1.284190833846668E+002
    580  1.856168087768108E-005  1.069063882425304E+002
     17  1.856145955292026E-005  2.091913438766164E+001
    983  1.850530267152112E-005  1.293699640118089E+002
    407  1.849529404916159E-005  5.355040632372296E+001
    709  1.820853118122429E-005  1.116986555393093E+002
    887  1.807757844185990E-005  1.215278324822884E+002
    368  1.806484048603909E-005  4.552075151204606E+001
    437  1.781242262841909E-005  5.567668099873953E+001
    854  1.769238888280268E-005  1.190938927222375E+002
    470  1.762370819444491E-005  5.858950887133865E+001
    395  1.759652747172466E-005  5.279005865968511E+001
   1036  1.735442351694538E-005  1.315563975924429E+002
    159  1.723457697096565E-005  3.140014259635325E+001
    835  1.720186079092697E-005  1.176766134664512E+002
    471  1.715506130741833E-005  5.859921299406331E+001
   1033  1.703484134600238E-005  1.314921549657209E+002
    508  1.692110342323333E-005  6.101348113010317E+001
    695  1.675345164790380E-005  1.110404578737834E+002
    415  1.645843572700457E-005  5.409773008136273E+001
    503  1.636448865073356E-005  6.062899617907863E+001
    224  1.593093600601151E-005  3.456258153743839E+001
    342  1.559890228562385E-005  4.219280462450153E+001
    522  1.551440584378135E-005  6.189501394570030E+001
    245  1.540727432732161E-005  3.584895809931362E+001
    727  1.540138024625645E-005  1.123838421661365E+002
    269  1.521253826368203E-005  3.766609016559832E+001
    625  1.510129099117054E-005  1.084878781680722E+002
    633  1.506063773258031E-005  1.086770367044967E+002
    277  1.477499957512243E-005  3.774405278528796E+001
    516  1.469561589098407E-005  6.114879167768425E+001
    665  1.463971229022825E-005  1.096195054263975E+002
    230  1.460646216327582E-005  3.507000892128892E+001
    533  1.459672791518466E-005  6.344214913117692E+001
    173  1.447802007940591E-005  3.267731285541730E+001
    940  1.444630800110985E-005  1.277053477702196E+002
    371  1.439938462465232E-005  4.567834615857563E+001
    534  1.439009929794138E-005  6.352992396574133E+001
    268  1.437800676580684E-005  3.765614789507087E+001
   1014  1.430926966600389E-005  1.306579532637773E+002
    225  1.418778291434973E-005  3.458265676939745E+001
    574  1.418553439124293E-005  1.067089856517616E+002
    232  1.408948357874145E-005  3.530982942235851E+001
    619  1.402242767686453E-005  1.083262496248409E+002
    461  1.398396773520125E-005  5.832169084274378E+001
    655  1.396022928415686E-005  1.092114390318620E+002
    817  1.387423043745660E-005  1.171745914510001E+002
      9  1.383768832220345E-005  1.615282072713023E+001
    684  1.371196324033917E-005  1.108055531440044E+002
    790  1.370285598300688E-005  1.158127479939932E+002
    623  1.355212258912853E-005  1.084311616311891E+002
    607  1.351711611698368E-005  1.079782277499060E+002
    568  1.348714314611808E-005  1.063884322375297E+002
    447  1.341693095667318E-005  5.692641404400948E+001
    509  1.328003012021413E-005  6.104665142125116E+001
    278  1.327002447522016E-005  3.775225448216675E+001
    915  1.302683368033527E-005  1.261627872997085E+002
    271  1.302007218767547E-005  3.769377629908810E+001
    360  1.284568917046109E-005  4.501412031898634E+001
    794  1.279934301753434E-005  1.159299755047292E+002
    597  1.255816646776050E-005  1.076362394255561E+002
   1071  1.253719090157851E-005  1.353191143310252E+002
    514  1.239612873653958E-005  6.112143562944963E+001
    909  1.234614866684401E-005  1.256671150468244E+002
    670  1.227963185692719E-005  1.099218253642219E+002
    480  1.224459145458183E-005  5.887142017505539E+001
    273  1.215066865919534E-005  3.771236202405859E+001
    562  1.214156056499408E-005  1.058125905236654E+002
   1028  1.211387689133975E-005  1.312419762585663E+002
    744  1.205356482387529E-005  1.127340165661099E+002
    827  1.201315217782280E-005  1.174913134466901E+002
    563  1.178670291742512E-005  1.058622417292547E+002
    599  1.163944708736715E-005  1.077354408464688E+002
    350  1.161107483179018E-005  4.287084402122760E+001
     26  1.155195123965625E-005  2.275577786050195E+001
   1062  1.148908896435943E-005  1.338537297016246E+002
    540  1.130798381675114E-005  1.019596674086986E+002
    896  1.121074736583035E-005  1.231967026860033E+002
    924  1.114815691425791E-005  1.267645350898773E+002
    172  1.103986983387954E-005  3.254695536480502E+001
    774  1.100307225505896E-005  1.147299018357027E+002
    375  1.098350375365411E-005  4.577921754207221E+001
    777  1.096457026949480E-005  1.150636811545726E+002
    696  1.095090361741046E-005  1.111110130672436E+002
     77  1.092720204213488E-005  2.720977418778346E+001
    712  1.088837065117552E-005  1.118479116964762E+002
    705  1.084500006048150E-005  1.114879185885843E+002
    813  1.072956248109373E-005  1.170211975618395E+002
    648  1.064633333037404E-005  1.089328290594756E+002
    671  1.064132570221918E-005  1.100461630260976E+002
    500  1.063895569181332E-005  6.016266526055261E+001
   1039  1.054997721427626E-005  1.317789778316224E+002
    763  1.043730051010922E-005  1.136578287383470E+002
    688  1.035183447073807E-005  1.108652117541332E+002
    945  1.032541487705444E-005  1.278945431870569E+002
   1034  1.029832642035398E-005  1.314975717016592E+002
    808  1.022685343154941E-005  1.166438640424820E+002
    432  1.019243284803954E-005  5.551253331854516E+001
    922  1.009181850549723E-005  1.267277337836395E+002
    836  1.007699232877375E-005  1.177792466123822E+002
   1017  1.007390930479147E-005  1.307020085696559E+002
   1046  9.880408241991690E-006  1.322741703884410E+002
   1052  9.720427406595539E-006  1.330891459743712E+002
   1077  9.719015689338227E-006  6.189178021453241E+002
    898  9.460789086491907E-006  1.236287338505038E+002
    908  9.448073822869528E-006  1.256350992978881E+002
    548  9.362026149734397E-006  1.041098140943872E+002
    590  9.314614545122521E-006  1.073381491314167E+002
    733  9.304643841199889E-006  1.125211996768446E+002
    127  9.185622766863841E-006  2.958197907168710E+001
    804  9.181120972671907E-006  1.164307012054320E+002
    776  9.031642683733525E-006  1.150535509847603E+002
    660  8.904512236111615E-006  1.093929129115852E+002
    732  8.882883153935037E-006  1.124809932511083E+002
    767  8.835767710267918E-006  1.139787538815297E+002
    484  8.835017801232574E-006  5.894622531819898E+001
    631  8.822815529203265E-006  1.086593678715634E+002
    250  8.814014273605183E-006  3.645071914574685E+001
    181  8.812226835645443E-006  3.309588236011395E+001
    315  8.708529648874471E-006  3.946262277995078E+001
    182  8.701827908378205E-006  3.313118961536368E+001
    825  8.648828810000347E-006  1.174155068731360E+002
    916  8.540056439414699E-006  1.261858055404796E+002
    664  8.513105299593421E-006  1.095868237421283E+002
    797  8.487935181278628E-006  1.161224071144865E+002
    238  8.416888301847854E-006  3.562010162214489E+001
    807  8.409844414005268E-006  1.166040027024774E+002
    800  8.216253125466934E-006  1.161811067685375E+002
    795  8.197022632773263E-006  1.159446042090269E+002
    120  8.122390654953732E-006  2.935022978395871E+001
    489  8.104716733889914E-006  5.906665573291085E+001
    863  8.102721911515873E-006  1.194780899982511E+002
    311  8.021619073641808E-006  3.939193935233331E+001
    758  8.007726246778410E-006  1.131945788764974E+002
    846  7.973284148620211E-006  1.183733977129572E+002
    782  7.920282530757753E-006  1.155663554633046E+002
    354  7.843470731790452E-006  4.358717802496741E+001
    651  7.780573509650083E-006  1.090123807306586E+002
    130  7.737398818567833E-006  2.969026097336859E+001
    706  7.728889282740385E-006  1.115644797142602E+002
    280  7.580446523829831E-006  3.777070006257392E+001
    600  7.542770875695160E-006  1.078192567961393E+002
    362  7.526405769091222E-006  4.520209191521082E+001
    707  7.487514457434714E-006  1.116484954290111E+002
    397  7.485059013705903E-006  5.292984574180642E+001
   1002  7.479226037261153E-006  1.301955720736593E+002
    963  7.447307907817465E-006  1.284456810480366E+002
     10  7.370881931385275E-006  1.630017574824609E+001
    632  7.348813846610181E-006  1.086732063917954E+002
    526  7.336695325227862E-006  6.205614154690332E+001
    643  7.194741302515236E-006  1.088529165631816E+002
    692  6.976865840401226E-006  1.109991362888409E+002
    699  6.975548340380922E-006  1.111753891148923E+002
    627  6.964451618862069E-006  1.085359599099982E+002
    185  6.862168248107530E-006  3.329017879350934E+001
    715  6.854874903458449E-006  1.119122168057061E+002
    227  6.791733832023767E-006  3.461221107986133E+001
    640  6.782778839706891E-006  1.088027953187827E+002
    591  6.692361503729902E-006  1.073970459895217E+002
     63  6.674829209729159E-006  2.633691355837915E+001
      1  6.664208093433689E-006  1.480943860687432E+001
   1010  6.654356024894324E-006  1.305150376372933E+002
   1021  6.553194948436076E-006  1.308784400027895E+002
    601  6.494701488671424E-006  1.078222216339937E+002
    411  6.494222608762653E-006  5.390414096058870E+001
    990  6.366161166874675E-006  1.297249883032466E+002
    796  6.302115123763522E-006  1.160406419035091E+002
    420  6.299492653879649E-006  5.464265012038360E+001
    267  6.266878596092991E-006  3.763942844703926E+001
    657  6.250635740006049E-006  1.092680437977900E+002
    328  6.156895779665322E-006  3.982877398686839E+001
    728  6.134648167622085E-006  1.123911467240560E+002
    927  6.029481728916791E-006  1.271118445081471E+002
    862  6.005703694308362E-006  1.194326389788892E+002
     59  6.000625624340344E-006  2.608228483109795E+001
    496  5.976563817783229E-006  5.977778544840232E+001
    954  5.959334783343002E-006  1.282848493157465E+002
     82  5.854899524152931E-006  2.744742479332049E+001
    200  5.852940535889943E-006  3.413076352937113E+001
    751  5.838734564117906E-006  1.129352725370382E+002
    149  5.778468788024746E-006  3.064428879965062E+001
    955  5.763014740310157E-006  1.283043098504922E+002
    659  5.746587925463227E-006  1.093169473413985E+002
    976  5.737492018696471E-006  1.291265023483052E+002
    646  5.671450122674395E-006  1.089039652974663E+002
    920  5.622565026224097E-006  1.265729199247587E+002
    634  5.619283987069981E-006  1.087110579745548E+002
    644  5.518271689057876E-006  1.088699046594824E+002
   1009  5.499466182590851E-006  1.304609142394732E+002
    923  5.462202172197824E-006  1.267345977181097E+002
    399  5.444493859649699E-006  5.300117686152819E+001
    986  5.414713453290891E-006  1.294778988001748E+002
    642  5.375545682861841E-006  1.088349318990273E+002
    203  5.366845834225202E-006  3.415596231316062E+001
    815  5.347596923474778E-006  1.170844697210597E+002
    722  5.339892874285953E-006  1.121989232781130E+002
    122  5.304739068661446E-006  2.942821875092930E+001
    677  5.270316837725829E-006  1.104103779431708E+002
    994  5.253952688880961E-006  1.299886393654431E+002
   1004  5.253614765985947E-006  1.302828791464404E+002
    498  5.247426028385617E-006  6.006055704270973E+001
   1029  5.242024114898802E-006  1.312589073638632E+002
    472  5.230289119301583E-006  5.860732378330380E+001
    645  5.127404808501298E-006  1.088758352374567E+002
    968  5.098531834432593E-006  1.287893908307005E+002
    668  5.044787420569593E-006  1.098358517134249E+002
    637  5.011222945584184E-006  1.087708716348475E+002
    754  5.005532575043835E-006  1.130532912402911E+002
    198  4.933495678669601E-006  3.410095577154824E+001
     87  4.870830388756506E-006  2.773505635732142E+001
   1035  4.848803741769595E-006  1.315022364948826E+002
    400  4.814754596313789E-006  5.304406357850599E+001
    262  4.810652551477034E-006  3.754826259370084E+001
    244  4.652792079774988E-006  3.582009297825139E+001
    364  4.611635030318677E-006  4.528995878587361E+001
    845  4.532686122884895E-006  1.182722434309271E+002
    621  4.530125545196794E-006  1.083828600305560E+002
    934  4.494175929696690E-006  1.274026915475210E+002
    820  4.472679184475677E-006  1.173160626674297E+002
    679  4.459856185291450E-006  1.106299731616480E+002
    683  4.457954111546361E-006  1.107854094171573E+002
    936  4.360744382949012E-006  1.275963114471066E+002
    809  4.310389173437068E-006  1.168273457040169E+002
    367  4.186883706048098E-006  4.546665367422378E+001
    373  3.963322463578669E-006  4.573517441489172E+001
    603  3.958637105129286E-006  1.078480909052838E+002
    747  3.932533935832550E-006  1.128221651622354E+002
    770  3.915055250086545E-006  1.141655133118217E+002
    741  3.883458562228130E-006  1.126383251241469E+002
    505  3.879442582135060E-006  6.089365906344585E+001
    667  3.871942486074189E-006  1.098231148083649E+002
    485  3.844401307531634E-006  5.896971858223063E+001
    957  3.837080920452347E-006  1.283224605383935E+002
    413  3.834602605245551E-006  5.407796767412047E+001
    228  3.834425641331217E-006  3.465329128304563E+001
    880  3.825427649322035E-006  1.209811659012211E+002
    175  3.823855523181468E-006  3.282740528695558E+001
    982  3.804759107307132E-006  1.293230544301462E+002
    111  3.785979666034821E-006  2.891758955889047E+001
    939  3.771238143739998E-006  1.276788938661296E+002
    726  3.756465747397834E-006  1.123280306605216E+002
    828  3.706234538797092E-006  1.175132070682912E+002
    760  3.705684751158432E-006  1.133648679091437E+002
   1050  3.654865326501157E-006  1.326682006609648E+002
    349  3.652195787255501E-006  4.279212686889406E+001
   1051  3.609386248517871E-006  1.330173846663143E+002
    586  3.602425687089383E-006  1.072414988471015E+002
    892  3.593129603982018E-006  1.223146913863671E+002
    270  3.565451340528869E-006  3.767493462479421E+001
   1054  3.548324796789545E-006  1.332101619260334E+002
    771  3.545204962650031E-006  1.142541813627527E+002
    886  3.544227479843824E-006  1.214498350996194E+002
   1070  3.492051305968444E-006  1.350535885837313E+002
    519  3.492029069149277E-006  6.116666091909611E+001
    685  3.430420115566993E-006  1.108208915724099E+002
    140  3.395839532457152E-006  3.002380690834687E+001
    847  3.339962026511479E-006  1.183795327778256E+002
    859  3.318110954574934E-006  1.193117826572047E+002
    178  3.241222950570256E-006  3.291892583427273E+001
    958  3.239229490994941E-006  1.283326337970340E+002
   1058  3.223253350079268E-006  1.334381531708862E+002
    556  3.205093442590114E-006  1.053074591696642E+002
    169  3.198397596865021E-006  3.225245008090104E+001
    799  3.144163712026903E-006  1.161655148393659E+002
    943  3.120881504628854E-006  1.278255860865938E+002
    676  3.097503726161202E-006  1.102968009656115E+002
    614  3.055948567959600E-006  1.081499604581023E+002
    148  3.054741307011419E-006  3.055713011308698E+001
    893  3.050353219127015E-006  1.225899968537864E+002
    285  3.046912970474875E-006  3.794670187788559E+001
    369  3.043810446085745E-006  4.556664797594529E+001
    996  2.904453338140409E-006  1.300741546440489E+002
    829  2.903353069761057E-006  1.175434491795728E+002
    993  2.847022857629909E-006  1.299638892136509E+002
    849  2.780545790457424E-006  1.186556798515274E+002
   1065  2.742708834088660E-006  1.340986810838602E+002
    978  2.728498364400705E-006  1.291764873003617E+002
    931  2.720243267959611E-006  1.272754104030811E+002
    279  2.717626864551805E-006  3.776291602598710E+001
    701  2.712669656753132E-006  1.112655741498095E+002
    831  2.690336202385288E-006  1.175849164822640E+002
    527  2.639437279519491E-006  6.211137902133680E+001
    704  2.631017159524288E-006  1.114088220449556E+002
    256  2.609659955113736E-006  3.708485200545782E+001
    335  2.589119896930419E-006  4.064698242871874E+001
    532  2.562259676694465E-006  6.299204701993657E+001
    426  2.529435463074615E-006  5.521112029631625E+001
    424  2.527911191521731E-006  5.504400290817051E+001
    792  2.462350878046344E-006  1.158579110744502E+002
     56  2.450811151721664E-006  2.577494999028338E+001
    443  2.428904660819047E-006  5.615506371008289E+001
    756  2.425010721145670E-006  1.131019348749128E+002
    883  2.375264798858753E-006  1.212822283474710E+002
    638  2.374425972491970E-006  1.087773663504995E+002
     54  2.360922448078313E-006  2.537118147105558E+001
     12  2.329405740999584E-006  1.791855268392995E+001
    951  2.326006624352262E-006  1.282127111215003E+002
    141  2.313542342488945E-006  3.005205957969120E+001
    852  2.302674844256137E-006  1.189308904937423E+002
   1025  2.301503985793138E-006  1.310823101564250E+002
    961  2.284349545228644E-006  1.283826108536399E+002
   1049  2.268517055588207E-006  1.325964910892840E+002
    155  2.219642635216137E-006  3.129077640287002E+001
    851  2.215517811888889E-006  1.189105890777936E+002
    293  2.198322081100100E-006  3.840315559517953E+001
    448  2.178330391448441E-006  5.707216855561523E+001
    287  2.171631668079697E-006  3.806334999222836E+001
    814  2.168010507037274E-006  1.170571282096026E+002
    793  2.137249667848745E-006  1.158943894419280E+002
    840  2.134031322274062E-006  1.179674198090055E+002
    987  2.131012532070269E-006  1.295218650079724E+002
   1043  2.106195437272779E-006  1.320181582363304E+002
    761  2.075665435435886E-006  1.134019555363662E+002
    650  2.071751849022461E-006  1.090061273622073E+002
    209  2.006902112997920E-006  3.420776675567321E+001
    720  1.989565592503706E-006  1.121496181246094E+002
   1073  1.981306463543816E-006  1.355646294676644E+002
    959  1.949498997569731E-006  1.283643788123119E+002
    263  1.891352224584573E-006  3.756851288337069E+001
    894  1.882128271061841E-006  1.226855190700912E+002
    874  1.873146033297778E-006  1.206463359037059E+002
    581  1.870423923138351E-006  1.069166383916512E+002
    513  1.867082018721428E-006  6.111701004965728E+001
    409  1.843390637405325E-006  5.377950655266745E+001
    791  1.835570385318912E-006  1.158399885308925E+002
    933  1.834985581406736E-006  1.272967505112425E+002
    839  1.823907501867178E-006  1.178451551754228E+002
    412  1.823296422246622E-006  5.399327798218789E+001
    818  1.798575871282586E-006  1.172202887178189E+002
    235  1.757148645136567E-006  3.553329683850696E+001
    841  1.753103030863819E-006  1.180046875638410E+002
   1027  1.701722730329934E-006  1.311414239553258E+002
    967  1.679973529336583E-006  1.287730879251822E+002
    703  1.679092715127694E-006  1.113359924967504E+002
    372  1.638631842946482E-006  4.569660817760900E+001
    935  1.632377780913631E-006  1.274477748704804E+002
    406  1.598220572285706E-006  5.347162595814701E+001
    980  1.586015226222670E-006  1.292322903638887E+002
    520  1.563211814932805E-006  6.117519869664547E+001
    913  1.561754000873768E-006  1.260963173315474E+002
     76  1.535999983851644E-006  2.719040433196805E+001
    739  1.525459801175686E-006  1.126267264275300E+002
    964  1.508331045253141E-006  1.284811881676410E+002
     47  1.500480113433505E-006  2.514695584094496E+001
    781  1.487377244484029E-006  1.155015502370288E+002
    506  1.421368138759123E-006  6.092479484159845E+001
    834  1.404301402124588E-006  1.176651591794238E+002
    345  1.404236658683555E-006  4.248475366295001E+001
    953  1.403641970830670E-006  1.282835790234384E+002
    618  1.403135589453833E-006  1.083041655146542E+002
    274  1.389840933052903E-006  3.771469066363962E+001
    764  1.389282523245324E-006  1.137269990775531E+002
    213  1.372832562241322E-006  3.426923698719692E+001
    912  1.324194591602217E-006  1.259977317017505E+002
   1056  1.323809629989175E-006  1.332822863268028E+002
    414  1.322867485856382E-006  5.408443269732371E+001
    388  1.300761271822965E-006  4.916519389587509E+001
    353  1.293501682503598E-006  4.354452657935016E+001
    888  1.285511640888919E-006  1.215384892766490E+002
    775  1.267357658096579E-006  1.149447083106751E+002
    731  1.238451020279972E-006  1.124795031346507E+002
     83  1.232160185722095E-006  2.745200449399356E+001
    866  1.194940743782548E-006  1.198737679274225E+002
    165  1.161812896778643E-006  3.194792507678593E+001
    752  1.160129912228021E-006  1.129825416205730E+002
    824  1.157845391628952E-006  1.173851057796732E+002
    858  1.153912968151451E-006  1.193043137223610E+002
    629  1.119181698686066E-006  1.086436456014825E+002
    798  1.114274102232712E-006  1.161233232814441E+002
    669  1.102113474626241E-006  1.098991161820264E+002
    950  1.088122342570170E-006  1.281356928004739E+002
    869  1.074199830152395E-006  1.201465244096069E+002
   1023  1.068553776340617E-006  1.309907545973144E+002
   1012  1.063413914432775E-006  1.305860585800326E+002
    965  1.042661594799040E-006  1.286084743618769E+002
    779  1.020440587469914E-006  1.153237642854880E+002
    890  9.981097048060144E-007  1.222269695705770E+002
    497  9.941006628999393E-007  5.984833423050026E+001
    105  9.898817990332191E-007  2.872870804936272E+001
   1045  9.694484925527131E-007  1.322246800166877E+002
    805  9.624777848843488E-007  1.165442309434909E+002
    749  9.570181468045217E-007  1.128862829609149E+002
    985  9.507726864986424E-007  1.294454523269476E+002
    723  9.498344231237461E-007  1.122249597820348E+002
    870  9.438808596028398E-007  1.203621491035894E+002
    946  9.256729688095496E-007  1.279201366409634E+002
   1059  9.244731812353349E-007  1.335352794510990E+002
    882  9.061136985402196E-007  1.212606419968792E+002
    204  9.005112337861210E-007  3.416741852472765E+001
    748  8.953404572973897E-007  1.128453459062848E+002
    822  8.882663361067651E-007  1.173379890193997E+002
    428  8.784105020058146E-007  5.539697768550786E+001
    112  8.659930650433040E-007  2.893182478938967E+001
   1030  8.327200439758948E-007  1.313677884464318E+002
     33  8.306192640599090E-007  2.387502434282544E+001
    867  8.236930019260788E-007  1.199420338065019E+002
    949  8.206535041868314E-007  1.280833568476082E+002
    903  8.130735689554516E-007  1.249295857950171E+002
    612  7.946767766039848E-007  1.080838271474082E+002
    721  7.816505355777871E-007  1.121902054803930E+002
    340  7.744375682344693E-007  4.203744443197692E+001
    766  7.635698161160038E-007  1.138313497862233E+002
    901  7.625499538270547E-007  1.246352700151236E+002
    343  7.586157254929999E-007  4.223776350771931E+001
    512  7.505344133129603E-007  6.110465593383906E+001
    588  7.480541023692042E-007  1.072780161282308E+002
    855  7.441797279616492E-007  1.192335282432478E+002
    718  7.396388195744451E-007  1.120307816427976E+002
    488  7.309260882369876E-007  5.904214899548738E+001
    842  7.270690209515930E-007  1.180365480395604E+002
    410  7.247618828051625E-007  5.380004782230375E+001
    786  7.122211126684149E-007  1.156679892855772E+002
    857  6.812687319584747E-007  1.192977858717030E+002
    445  6.787089633648513E-007  5.650985963977887E+001
    118  6.779941589337497E-007  2.927665934202001E+001
     52  6.668294733211654E-007  2.532370304309600E+001
    559  6.659925332633711E-007  1.054467335457494E+002
    906  6.646696839175677E-007  1.253859334012492E+002
    811  6.617273310165676E-007  1.169131613251637E+002
    750  6.248499098258691E-007  1.128980084302201E+002
    988  5.893167186719710E-007  1.295230022337254E+002
    376  5.730075101347246E-007  4.578482274843697E+001
    729  5.710018396947397E-007  1.124070412533170E+002
    337  5.613467515200812E-007  4.125439580477820E+001
    743  5.384016313521120E-007  1.126739704882794E+002
    541  5.269693129520735E-007  1.020561485810812E+002
   1037  5.085862681393762E-007  1.316166834102353E+002
    819  5.030620272276089E-007  1.172617623112352E+002
   1076  5.028025972525281E-007  1.858411948136732E+002
    272  4.972272617236847E-007  3.770876893490352E+001
    925  4.875473400389931E-007  1.268943605090481E+002
    864  4.762460656727244E-007  1.195154318953015E+002
    876  4.631264303253207E-007  1.207338716680959E+002
    626  4.611378106997102E-007  1.085197354965440E+002
    830  4.358695889344991E-007  1.175448785112390E+002
    734  4.288024454731332E-007  1.125227414297757E+002
    735  4.125539636802928E-007  1.125422257639707E+002
    941  3.909486116293058E-007  1.277239710636116E+002
    146  3.867825749992031E-007  3.038455959742199E+001
    211  3.831599315138622E-007  3.422885497659050E+001
    266  3.775577897008908E-007  3.763404507858488E+001
    252  3.743053756044700E-007  3.681481496629917E+001
    737  3.695245061031615E-007  1.125716601108342E+002
    878  3.482217163431567E-007  1.208553192243232E+002
    620  3.442342872770135E-007  1.083700393844588E+002
    738  3.411330536259002E-007  1.126248828969786E+002
    904  3.376418237344705E-007  1.250437756508075E+002
    510  3.351206662202294E-007  6.106496915014706E+001
    860  3.331705242747107E-007  1.193608179742887E+002
    653  2.848786443725096E-007  1.090926521840726E+002
    398  2.844797409450053E-007  5.298968704937109E+001
    628  2.838705659208060E-007  1.085999071252231E+002
   1024  2.764021994617562E-007  1.310472886139475E+002
    714  2.201287457089662E-007  1.118865310298163E+002
    210  1.971529417793073E-007  3.421873300884823E+001
    914  1.970300788682559E-007  1.261343003660832E+002
    889  1.958920415795369E-007  1.221096476933091E+002
    872  1.849054864993698E-007  1.204992644439996E+002
    518  1.835006062886894E-007  6.116565427175681E+001
    823  1.702309380393785E-007  1.173434151863991E+002
    469  1.660664363692683E-007  5.857260373695996E+001
   1003  1.622424044311331E-007  1.302792324598297E+002
    639  1.596204660139795E-007  1.087924757147032E+002
    145  1.580895027095120E-007  3.035386176419680E+001
    999  1.547244503678617E-007  1.301340763851820E+002
    900  1.514231544718309E-007  1.240255399934555E+002
    942  1.452682577154914E-007  1.277896527703618E+002
    833  1.429596134532005E-007  1.176450554682990E+002
    139  1.427265295079716E-007  3.001327528760398E+001
    490  1.413406333085934E-007  5.909746584665749E+001
    780  1.395982038798625E-007  1.153482258688003E+002
    895  1.371067663792219E-007  1.231922658586809E+002
    850  1.343430595310845E-007  1.188640670964077E+002
    647  1.333329453976371E-007  1.089204596390746E+002
    259  1.316430591602939E-007  3.731129763636223E+001
    932  1.261061947982317E-007  1.272890793904072E+002
    606  1.260160161682414E-007  1.079754075340127E+002
    662  1.257225861636154E-007  1.094304874643061E+002
    759  1.125640883824009E-007  1.132523759465808E+002
    661  1.073602543357863E-007  1.094040232551639E+002
    190  9.396339336222921E-008  3.352213579831744E+001
    693  9.259424638957365E-008  1.110198391814811E+002
    884  8.972658739715125E-008  1.212913619330936E+002
    861  8.467307521249203E-008  1.193618968506130E+002
    710  8.124163634105086E-008  1.117114283703663E+002
     86  7.266815715795936E-008  2.760340701365068E+001
    740  7.256702422180767E-008  1.126281679605138E+002
   1006  6.917363256703228E-008  1.303473844140781E+002
    801  6.785674035438894E-008  1.162412158177078E+002
    129  6.447703759919262E-008  2.967722940199728E+001
    286  6.174487314364364E-008  3.806107114689090E+001
    416  6.128241644274676E-008  5.412105627361211E+001
    984  5.965148963472867E-008  1.293776492189174E+002
    479  5.817065252569446E-008  5.886156225440574E+001
    853  5.728653874262827E-008  1.189950762444425E+002
    265  4.640960544481090E-008  3.762418150997995E+001
    736  4.212054788712019E-008  1.125700463249535E+002
    652  3.464279608394214E-008  1.090805000764319E+002
    598  3.423352677764797E-008  1.077082259858063E+002
    427  3.246374174310234E-008  5.530625255614972E+001
    425  2.854763779412482E-008  5.512885982268182E+001
    635  2.759896071924970E-008  1.087402789130293E+002
    974  2.646256370730614E-008  1.290391941684268E+002
   1015  2.577654057383029E-008  1.306693309857935E+002
    788  2.545116034390584E-008  1.157595566872355E+002
    501  2.521291166736886E-008  6.025540211442135E+001
    499  2.436537444754544E-008  6.010190034988052E+001
    492  2.089300355571763E-008  5.919740097208313E+001
    755  1.905757335101571E-008  1.130537195644052E+002
    711  1.878650754957881E-008  1.117833092223069E+002
    742  1.798969526359152E-008  1.126546326383816E+002
    363  1.106979801580217E-008  4.523665715266514E+001
    675  1.076499096100111E-008  1.101932688761904E+002
    806  1.010486601972030E-008  1.165904998677036E+002
    856  1.006457234159723E-008  1.192407591408727E+002
    885  9.160812096073640E-009  1.213849358963692E+002
    956  8.654728184399440E-009  1.283075816024711E+002
    989  7.155001237217219E-009  1.296856498562064E+002
   1007  6.888891882967380E-009  1.303971511397991E+002
    812  5.768777296480448E-009  1.169499526914024E+002
    769  5.601544842200760E-009  1.141494817506874E+002
   1019  5.272437228256666E-009  1.307856127904329E+002
    881  3.901822500171466E-009  1.212001054655417E+002
    773  3.129174791763724E-009  1.146041296786391E+002
    753  2.728407795068243E-009  1.130399909728984E+002
    891  2.584800519537768E-009  1.222344606190913E+002
     80  2.364193848981126E-009  2.737665388114407E+001
    124  1.685993740726994E-009  2.953039329658957E+001
    971  1.536480275896486E-009  1.289111652451389E+002
    550  1.369720957877027E-009  1.044255141670578E+002
    905  5.477949713842311E-010  1.252963463377060E+002
    969  2.622549554963858E-011  1.288232913140608E+002
    837  3.278812165906729E-012  1.177814246314451E+002
