# Number of modes
   1077
# Tabulated for different initial and final frequencies?
    F
# Mode index, Sj, (highest to lowest), omega_j
    547  1.314954132985133E-001  1.040413527560943E+002
      7  3.295812596043818E-002  1.598850297870253E+001
    390  1.815859777081527E-002  4.930034545373515E+001
     23  1.710411385888016E-002  2.160694502786773E+001
      8  1.614155142698106E-002  1.603898235084092E+001
     24  1.333539789116460E-002  2.165827626673025E+001
     38  1.173690484433311E-002  2.415274881711009E+001
    454  1.087171693648700E-002  5.753531790534946E+001
    546  9.905608158346863E-003  1.038908634804570E+002
    539  8.978354345377745E-003  1.004038214764926E+002
    393  8.211623235570174E-003  5.117422678475859E+001
     64  7.188684088525327E-003  2.637954322898939E+001
    114  6.981453645408722E-003  2.903390568794284E+001
    544  6.977293972430512E-003  1.037287728441322E+002
    551  6.376904762189600E-003  1.044758850995860E+002
    298  6.241079704884040E-003  3.860785506393049E+001
   1072  6.024323273747946E-003  1.354275255218108E+002
    537  5.673330368405051E-003  7.348438751630307E+001
     18  5.670919426840235E-003  2.124694793769305E+001
    549  5.498533036733424E-003  1.043755820157491E+002
    384  5.243420801066528E-003  4.693482184770667E+001
    301  5.210895836118203E-003  3.874125966254066E+001
    554  4.992232508104480E-003  1.048978551747549E+002
     58  4.408607540945407E-003  2.603619761911758E+001
    392  4.201660812007659E-003  4.975569880244111E+001
    108  4.071824550876762E-003  2.884206820739177E+001
      5  3.476164738037368E-003  1.580375607842547E+001
     31  3.248061821730383E-003  2.349957735236975E+001
     27  2.478449011251697E-003  2.288948685305089E+001
   1039  2.414768844121654E-003  1.317789778316224E+002
   1070  2.395193237280451E-003  1.350535885837313E+002
    330  2.363352490893192E-003  4.000719691328421E+001
    524  2.277343915423783E-003  6.196836567938324E+001
    182  2.222537420583133E-003  3.313118961536368E+001
    458  2.187727474329298E-003  5.780961640938520E+001
   1066  2.096000247294413E-003  1.341339055776214E+002
     20  2.067275131398532E-003  2.146722812704134E+001
    199  2.062224001316653E-003  3.411214171315592E+001
    291  1.972082984500469E-003  3.834865717601958E+001
    452  1.969511963378151E-003  5.732416656661538E+001
    142  1.913283824629154E-003  3.011700635419402E+001
    536  1.897653152760737E-003  7.244369170766353E+001
    460  1.886570094809247E-003  5.821511818989060E+001
    386  1.885538557736089E-003  4.778448827008048E+001
    229  1.867733593740643E-003  3.477639317683153E+001
    232  1.775637781453095E-003  3.530982942235851E+001
    255  1.736277190528328E-003  3.705801266502003E+001
     11  1.707017728668056E-003  1.771447447329438E+001
     85  1.690412859223544E-003  2.757726243328665E+001
     35  1.682227109571808E-003  2.406163852032448E+001
   1048  1.621454149735170E-003  1.325281096806480E+002
    207  1.582200366715114E-003  3.419271829752626E+001
    105  1.559273374472154E-003  2.872870804936272E+001
    293  1.514732479213824E-003  3.840315559517953E+001
    456  1.514673345489499E-003  5.758475825352298E+001
    180  1.492558667076410E-003  3.306959511625761E+001
    450  1.451258476007797E-003  5.723022636777802E+001
    347  1.382773124210171E-003  4.251894246220620E+001
    425  1.341305501851122E-003  5.512885982268182E+001
    592  1.336079857850492E-003  1.074010896433819E+002
    487  1.334276266962368E-003  5.901096182276392E+001
    477  1.331791394906447E-003  5.875439662154096E+001
    253  1.328128155183339E-003  3.690338042035397E+001
   1052  1.296463288104628E-003  1.330891459743712E+002
   1075  1.281036071084877E-003  1.852007864492208E+002
     95  1.275770642234862E-003  2.806113631432304E+001
   1047  1.209329193942103E-003  1.324683504365100E+002
   1067  1.190042828507882E-003  1.341872351276505E+002
    100  1.159626081360667E-003  2.814590236831992E+001
    445  1.158510516112916E-003  5.650985963977887E+001
     36  1.154841171660160E-003  2.408548968715760E+001
    434  1.154074622333409E-003  5.556859477681133E+001
      1  1.142238031802539E-003  1.480943860687432E+001
     97  1.137689810058193E-003  2.809615145046481E+001
   1044  1.110115202961010E-003  1.320835593454495E+002
    294  1.098227170790685E-003  3.844005427068350E+001
     66  1.055787154803755E-003  2.653041695388611E+001
    254  1.034800921298861E-003  3.696870162494890E+001
    385  1.030432992578732E-003  4.744969147605799E+001
     48  1.011641399971399E-003  2.521050943974308E+001
   1045  9.898135784646277E-004  1.322246800166877E+002
    290  9.876328673371973E-004  3.834059039797889E+001
    161  9.846583659011406E-004  3.141544799468193E+001
     55  9.788601593956536E-004  2.564739582447731E+001
    504  9.659148780724220E-004  6.073767201700102E+001
     92  9.606210841522035E-004  2.796966533379813E+001
    183  9.555935016751758E-004  3.317747871488443E+001
    563  9.476203187265793E-004  1.058622417292547E+002
    505  9.338496046109237E-004  6.089365906344585E+001
   1074  9.256356119893737E-004  1.357832717908243E+002
    212  8.969943500406182E-004  3.425448747044050E+001
    954  8.913481665676011E-004  1.282848493157465E+002
    503  8.785840982207645E-004  6.062899617907863E+001
    131  8.757648939714678E-004  2.976719894627799E+001
    282  8.742005750891703E-004  3.781601762519486E+001
    348  8.659726575041765E-004  4.278252907839931E+001
    157  8.498069228624167E-004  3.136040875348826E+001
    148  8.423226912305172E-004  3.055713011308698E+001
    202  8.122855355059319E-004  3.414693728338715E+001
    151  8.100468094393943E-004  3.097448214004631E+001
     21  8.092687663752645E-004  2.149552581175353E+001
    378  8.089924426363228E-004  4.609481655347708E+001
    519  8.051077692974593E-004  6.116666091909611E+001
    158  8.003972619261134E-004  3.138637587596471E+001
    419  7.824588109792724E-004  5.447434435004674E+001
    381  7.531887236809025E-004  4.623753374880091E+001
     74  7.496524189000827E-004  2.706787664592100E+001
    106  7.478233111314454E-004  2.873147041157064E+001
    810  7.438724831410634E-004  1.168542717379606E+002
    518  7.355507221949409E-004  6.116565427175681E+001
    289  7.189007499017525E-004  3.832422991649202E+001
    230  7.088367755698178E-004  3.507000892128892E+001
    403  7.084922036272762E-004  5.332276567118551E+001
    133  6.987923526116971E-004  2.980777525245198E+001
    160  6.911606650311343E-004  3.140287364756382E+001
   1001  6.867841922200493E-004  1.301907504163165E+002
    911  6.837343331933710E-004  1.258968376271585E+002
    593  6.781731481899246E-004  1.074633420950339E+002
    417  6.725476322944637E-004  5.432386496665636E+001
    331  6.699838848970559E-004  4.033978069592825E+001
    152  6.610952030347183E-004  3.107793476288124E+001
    479  6.439961559731662E-004  5.886156225440574E+001
    495  6.408958166362504E-004  5.971063876484735E+001
     45  6.261198155081825E-004  2.505629895200580E+001
    991  6.179259689865975E-004  1.298309517843196E+002
    402  6.151336798899606E-004  5.323403324336612E+001
    164  5.999281435172894E-004  3.156123118588701E+001
    221  5.955711236941990E-004  3.444064242877499E+001
    489  5.953877943271065E-004  5.906665573291085E+001
    101  5.922913197651092E-004  2.816121926613436E+001
    535  5.886665748205547E-004  7.234684016852472E+001
    143  5.806305812180761E-004  3.021552765862468E+001
    196  5.722673813293431E-004  3.402217963204272E+001
    138  5.686921390806323E-004  2.998810658959070E+001
    400  5.685985647232690E-004  5.304406357850599E+001
     89  5.665063327864895E-004  2.787565477396676E+001
    909  5.622018933734245E-004  1.256671150468244E+002
    981  5.532003545792664E-004  1.292686845988868E+002
     46  5.489082012245970E-004  2.508968851186969E+001
     14  5.449684062004864E-004  2.047451167645159E+001
     43  5.234589894743075E-004  2.485090944939308E+001
    206  5.196669635396968E-004  3.418711639611698E+001
    246  5.188031014021908E-004  3.612200287477440E+001
    474  5.076749524103493E-004  5.866520048333617E+001
    185  5.028965328868450E-004  3.329017879350934E+001
    218  4.998525698309599E-004  3.434087154455664E+001
    550  4.960273143162374E-004  1.044255141670578E+002
    436  4.857337266163820E-004  5.562240782737462E+001
    320  4.829815882692535E-004  3.958466091098631E+001
    418  4.804729610936811E-004  5.440760214654593E+001
    440  4.785843947469492E-004  5.589934491235444E+001
    295  4.761594062667850E-004  3.844649820311862E+001
    134  4.761397454812268E-004  2.989081555609098E+001
    500  4.710262800017687E-004  6.016266526055261E+001
    379  4.669562637806064E-004  4.610002508350383E+001
    359  4.633014467301033E-004  4.440820660542785E+001
    566  4.632372183364535E-004  1.060197199307676E+002
    184  4.627485692263689E-004  3.328145954751520E+001
    446  4.477079481017793E-004  5.657515742254393E+001
    223  4.461290364381012E-004  3.452101188794168E+001
    512  4.413610600055021E-004  6.110465593383906E+001
    153  4.341480937356254E-004  3.119128674334460E+001
    237  4.315740772395726E-004  3.561350513334219E+001
    553  4.230222742556574E-004  1.045844149005738E+002
   1041  4.184418886035562E-004  1.318604688563310E+002
    192  4.165029115921030E-004  3.373139183933635E+001
    352  4.102967671079737E-004  4.345183818831803E+001
    357  4.075356077466681E-004  4.413715889769129E+001
    327  4.052890839270889E-004  3.980649710729982E+001
    296  4.034836603907926E-004  3.847026909032138E+001
   1006  4.020131799909519E-004  1.303473844140781E+002
    517  4.004232656708345E-004  6.116283191518230E+001
     29  3.991607454524653E-004  2.304600720746813E+001
      3  3.963395311671292E-004  1.530095081680193E+001
    325  3.931342692199662E-004  3.979678053884171E+001
     34  3.910260131741523E-004  2.394870774261297E+001
    109  3.887377697054728E-004  2.888359254004277E+001
    319  3.884002671257806E-004  3.955367029075058E+001
    493  3.845578554057565E-004  5.956939432616837E+001
     33  3.777383956217375E-004  2.387502434282544E+001
    564  3.773485832830813E-004  1.059223740174141E+002
    442  3.764305199871124E-004  5.605259237502305E+001
    102  3.700576861155660E-004  2.838723287464182E+001
    966  3.699388608188889E-004  1.287120665380274E+002
    545  3.668709415579974E-004  1.038885725205099E+002
    669  3.633662000478569E-004  1.098991161820264E+002
    165  3.629841310929166E-004  3.194792507678593E+001
    241  3.603529294578879E-004  3.573178726353736E+001
   1055  3.511363802971857E-004  1.332315483337306E+002
    299  3.412786931169994E-004  3.861147003050849E+001
    274  3.398504988420604E-004  3.771469066363962E+001
    360  3.387482968863699E-004  4.501412031898634E+001
    741  3.386915599576867E-004  1.126383251241469E+002
    482  3.364434257110677E-004  5.890508639424976E+001
    116  3.358230542364098E-004  2.910094471225916E+001
    401  3.326113727536562E-004  5.310952948046032E+001
    778  3.278666238325124E-004  1.153062331743218E+002
    338  3.265720947355077E-004  4.143596746217444E+001
    816  3.260333985618662E-004  1.170854692244173E+002
    892  3.244474502795653E-004  1.223146913863671E+002
    825  3.241117867004486E-004  1.174155068731360E+002
    217  3.240383266963867E-004  3.432077633458158E+001
    239  3.231607145591139E-004  3.564788119351169E+001
    111  3.197350313455158E-004  2.891758955889047E+001
    507  3.197080148663572E-004  6.098134465730102E+001
     32  3.189765827879005E-004  2.386019687247388E+001
    174  3.183966790636867E-004  3.277024257542895E+001
    150  3.182377879366511E-004  3.095380367517388E+001
     37  3.172648097396749E-004  2.413005277682491E+001
    258  3.167437331278657E-004  3.725675246841864E+001
    336  3.060496082847935E-004  4.106442919982931E+001
     62  3.051401980526911E-004  2.630569023157911E+001
      6  3.023639145399919E-004  1.593905863128156E+001
     26  3.016243134130842E-004  2.275577786050195E+001
    724  3.009190897325218E-004  1.122474317356576E+002
    281  3.000296093768660E-004  3.778222215271058E+001
    472  2.993974366187103E-004  5.860732378330380E+001
    144  2.974334366020949E-004  3.023024488043693E+001
    527  2.973146701646384E-004  6.211137902133680E+001
    560  2.962444013133496E-004  1.057397922085461E+002
    494  2.932414488729973E-004  5.959072402434833E+001
    955  2.915265499434900E-004  1.283043098504922E+002
   1071  2.914143116545817E-004  1.353191143310252E+002
    449  2.903431149496545E-004  5.713782918039372E+001
    188  2.851336539430420E-004  3.343297855491465E+001
     65  2.839895384675006E-004  2.645533186342116E+001
    898  2.809890345516956E-004  1.236287338505038E+002
    156  2.802667763351499E-004  3.133959801814033E+001
   1020  2.780957287357485E-004  1.308300137670077E+002
    989  2.779126154230416E-004  1.296856498562064E+002
     28  2.773975288318298E-004  2.303576073275412E+001
   1016  2.755333624942204E-004  1.306784011483153E+002
     91  2.734942930320170E-004  2.795709450840539E+001
    177  2.720543935861749E-004  3.286305119332699E+001
   1062  2.698315203479700E-004  1.338537297016246E+002
    970  2.694958362421275E-004  1.288440499253601E+002
    466  2.692263017412677E-004  5.848631456847294E+001
    405  2.688432494564064E-004  5.340951413863353E+001
     52  2.671493731351129E-004  2.532370304309600E+001
    475  2.666514487846117E-004  5.870955367754343E+001
    588  2.646615843695466E-004  1.072780161282308E+002
    777  2.646000379565245E-004  1.150636811545726E+002
    438  2.642202359495185E-004  5.568774314714533E+001
    468  2.624268075820606E-004  5.850419738659161E+001
    121  2.599823143867061E-004  2.937009161569695E+001
     30  2.578801982348289E-004  2.339033246897357E+001
    213  2.573584683749490E-004  3.426923698719692E+001
     12  2.537170481587286E-004  1.791855268392995E+001
    973  2.523685527899615E-004  1.290303348922233E+002
    211  2.474207425010097E-004  3.422885497659050E+001
    725  2.457597039292141E-004  1.122622575126908E+002
    382  2.435082384841766E-004  4.661435463500721E+001
    190  2.434063806608603E-004  3.352213579831744E+001
    826  2.386692561423192E-004  1.174535409692338E+002
    191  2.386041712746336E-004  3.372798248811258E+001
     78  2.353395211753127E-004  2.724001953302053E+001
    430  2.352593834099591E-004  5.544226538226409E+001
    423  2.350668268712994E-004  5.491452382822700E+001
    485  2.347793278693006E-004  5.896971858223063E+001
    389  2.335610096122401E-004  4.924612888004685E+001
    238  2.335240347659582E-004  3.562010162214489E+001
     40  2.324787905436945E-004  2.429142631572386E+001
    459  2.294496810865942E-004  5.797524108925945E+001
    523  2.286168836765960E-004  6.195141091349550E+001
     68  2.285625700961620E-004  2.665958995788216E+001
    514  2.265708498027173E-004  6.112143562944963E+001
    717  2.264527773421566E-004  1.119901298340990E+002
    168  2.263515452346504E-004  3.223239881301075E+001
    795  2.260657554501984E-004  1.159446042090269E+002
    422  2.241379786632547E-004  5.478392604221921E+001
    125  2.216769451628193E-004  2.955205187993630E+001
    797  2.207892862306406E-004  1.161224071144865E+002
    404  2.204415377150559E-004  5.332919471058649E+001
    104  2.203345150763743E-004  2.863475114667724E+001
     96  2.189789278558350E-004  2.807603105873968E+001
    960  2.176082826060989E-004  1.283710541965592E+002
    516  2.171892620710171E-004  6.114879167768425E+001
    356  2.129472987097936E-004  4.399929676237998E+001
    309  2.125618369321398E-004  3.929268620446922E+001
    548  2.119448239980768E-004  1.041098140943872E+002
    768  2.092913273784198E-004  1.140511281344195E+002
    324  2.089401311980438E-004  3.965813849875591E+001
     41  2.077961866265266E-004  2.434332602389209E+001
    555  2.077496346478361E-004  1.049505825405343E+002
    863  2.066530474622124E-004  1.194780899982511E+002
    297  2.061565593145448E-004  3.850412000814609E+001
     16  2.037214087997743E-004  2.083990463296455E+001
    119  2.037024013788790E-004  2.929038281335912E+001
    275  2.031926814929002E-004  3.771871208633355E+001
    817  2.024839160705021E-004  1.171745914510001E+002
    394  2.007944251480049E-004  5.275338077531283E+001
    491  1.997445230987101E-004  5.916484178919298E+001
    377  1.989144206517708E-004  4.580996274485975E+001
    259  1.984205993068484E-004  3.731129763636223E+001
    117  1.968588304430910E-004  2.915145470361619E+001
    172  1.944376890296061E-004  3.254695536480502E+001
    136  1.930092564673256E-004  2.995197020395121E+001
    249  1.915524198041543E-004  3.643158917315001E+001
    530  1.901101644539301E-004  6.265828803408258E+001
    292  1.883018627718327E-004  3.837765227419467E+001
    214  1.880935436238982E-004  3.429158842681225E+001
    451  1.877259873705051E-004  5.726939793781466E+001
    802  1.866979271023177E-004  1.163074247182627E+002
   1033  1.862086512030077E-004  1.314921549657209E+002
     49  1.845776606354398E-004  2.521926711432687E+001
    391  1.844832401410452E-004  4.935295074539214E+001
    198  1.831673799469674E-004  3.410095577154824E+001
    727  1.812164998131424E-004  1.123838421661365E+002
    998  1.791413436182689E-004  1.301241144683907E+002
    771  1.786822169947878E-004  1.142541813627527E+002
    938  1.777230557672680E-004  1.276246332177813E+002
    492  1.773570523944652E-004  5.919740097208313E+001
    317  1.771649338625064E-004  3.952108816795088E+001
    774  1.719968679330955E-004  1.147299018357027E+002
    918  1.706039840851061E-004  1.263810693695273E+002
    383  1.688366018275214E-004  4.665506804468283E+001
     84  1.682962016295797E-004  2.748397341497807E+001
    176  1.676871830777536E-004  3.283702642513862E+001
    321  1.675524678714696E-004  3.959878738143280E+001
   1009  1.659752790989106E-004  1.304609142394732E+002
    926  1.644335072356519E-004  1.269935099435139E+002
     60  1.639861370689225E-004  2.612817271153773E+001
    186  1.628393380613365E-004  3.335079910483972E+001
    573  1.608674111253445E-004  1.066520968004064E+002
    842  1.595031084624305E-004  1.180365480395604E+002
    565  1.594444105975778E-004  1.059848591127986E+002
    964  1.569652051762210E-004  1.284811881676410E+002
    784  1.568382494361668E-004  1.156115101864969E+002
      4  1.560206796380874E-004  1.555889535187236E+001
    304  1.545453319152315E-004  3.902642388250331E+001
     82  1.545161142053485E-004  2.744742479332049E+001
    557  1.526072699048772E-004  1.053298087456868E+002
    873  1.519766429620148E-004  1.205400953636918E+002
    326  1.512565616401944E-004  3.980074663620405E+001
    187  1.494626295497267E-004  3.338593491458187E+001
    332  1.491084776332409E-004  4.036182328117159E+001
    895  1.488372608307736E-004  1.231922658586809E+002
     50  1.478481679059945E-004  2.524792740229145E+001
   1029  1.463374019869008E-004  1.312589073638632E+002
    444  1.449562928368507E-004  5.640873014994138E+001
    785  1.441396490939640E-004  1.156515149006221E+002
     75  1.434165035696523E-004  2.717284531466260E+001
    654  1.425258660236271E-004  1.091774321289355E+002
    962  1.399843935387538E-004  1.284190833846668E+002
    155  1.398150089308166E-004  3.129077640287002E+001
    251  1.383235621040528E-004  3.670193646720268E+001
   1069  1.381693110053914E-004  1.347402109836953E+002
    420  1.373416704046737E-004  5.464265012038360E+001
   1053  1.372665902126256E-004  1.331993000158318E+002
    305  1.354231600751253E-004  3.919092577852600E+001
    272  1.350563230206782E-004  3.770876893490352E+001
    561  1.328345892723201E-004  1.057823475786052E+002
    733  1.326598902259888E-004  1.125211996768446E+002
    312  1.324372906288383E-004  3.940338989709551E+001
    261  1.310249325894863E-004  3.751537038816641E+001
   1050  1.300636548878593E-004  1.326682006609648E+002
    483  1.297689945949366E-004  5.892865432514233E+001
    486  1.277106463471486E-004  5.898078655703418E+001
    135  1.276712820903922E-004  2.990996926970350E+001
    542  1.271074275983146E-004  1.021380905135569E+002
    340  1.267404224117815E-004  4.203744443197692E+001
    334  1.267235736906237E-004  4.055961280242965E+001
    314  1.249913638588814E-004  3.944402428691944E+001
     72  1.244249601133330E-004  2.695844835194747E+001
    210  1.241193744229327E-004  3.421873300884823E+001
    716  1.239198519267126E-004  1.119313653155845E+002
    868  1.238970259316707E-004  1.199994649602093E+002
    502  1.224653926453778E-004  6.033057478557798E+001
    173  1.209893484642652E-004  3.267731285541730E+001
   1024  1.197768981369373E-004  1.310472886139475E+002
    559  1.196085635157555E-004  1.054467335457494E+002
    571  1.195665983726122E-004  1.065760725477823E+002
    167  1.191449083630508E-004  3.206734480721192E+001
    302  1.185333088742316E-004  3.874867387838012E+001
     61  1.181475889374744E-004  2.623624111749398E+001
    426  1.156179792380826E-004  5.521112029631625E+001
    234  1.151792170282311E-004  3.541632958107625E+001
    171  1.151288738588538E-004  3.251692712246987E+001
     57  1.140398927126717E-004  2.601044601303876E+001
    307  1.128306760812014E-004  3.924418415703018E+001
    600  1.117819940809710E-004  1.078192567961393E+002
    361  1.114578667708229E-004  4.509188248244521E+001
    453  1.113128761808853E-004  5.734859743017803E+001
    112  1.106300620599758E-004  2.893182478938967E+001
    242  1.097533051687272E-004  3.575330164903793E+001
    257  1.093006684281719E-004  3.716053985696894E+001
   1042  1.056707679142658E-004  1.319938555239870E+002
    521  1.055703395852433E-004  6.120499406654021E+001
    972  1.050650619185090E-004  1.289491342298440E+002
    189  1.048679607268988E-004  3.348575581421191E+001
    344  1.045815405964728E-004  4.229281490750487E+001
     54  1.037355966710286E-004  2.537118147105558E+001
    240  1.030446019168492E-004  3.568815433410965E+001
    137  1.025528771462164E-004  2.996307755422044E+001
    193  1.022380337396747E-004  3.387383688791338E+001
    273  1.019699249699372E-004  3.771236202405859E+001
    769  1.015340577499357E-004  1.141494817506874E+002
    205  1.014211236124043E-004  3.418138862993963E+001
    763  1.007948230223328E-004  1.136578287383470E+002
    528  1.005227779489204E-004  6.211763689923020E+001
    323  9.889298832794971E-005  3.963162035223775E+001
    886  9.666691158979635E-005  1.214498350996194E+002
    822  9.613842311637608E-005  1.173379890193997E+002
    877  9.558281893448492E-005  1.207635072396237E+002
     73  9.546677983525519E-005  2.704395448663374E+001
    339  9.494144040455179E-005  4.199721405536648E+001
    123  9.152692721985025E-005  2.945706723223188E+001
    865  9.152021019475940E-005  1.195233182598442E+002
    940  8.904735564857285E-005  1.277053477702196E+002
    577  8.868766046409112E-005  1.068269012623950E+002
    844  8.853922374933814E-005  1.182236522024691E+002
    866  8.775892226328897E-005  1.198737679274225E+002
    854  8.729251456306845E-005  1.190938927222375E+002
    942  8.647754698002127E-005  1.277896527703618E+002
    147  8.540026114515333E-005  3.045498909450352E+001
    126  8.527234810162640E-005  2.957864372821811E+001
     15  8.481000542034374E-005  2.077312965636918E+001
    398  8.464229613016838E-005  5.298968704937109E+001
    139  8.464005475451901E-005  3.001327528760398E+001
    407  8.332329903291949E-005  5.355040632372296E+001
    649  8.320502823194249E-005  1.089557122086210E+002
    663  8.282493717699381E-005  1.095408569103236E+002
    584  8.254260781593667E-005  1.071415131646536E+002
    278  8.209633462099509E-005  3.775225448216675E+001
    349  8.204741635523825E-005  4.279212686889406E+001
    421  8.125474536836105E-005  5.469982084171487E+001
    934  8.065599383235211E-005  1.274026915475210E+002
    410  7.988922598677513E-005  5.380004782230375E+001
    558  7.939282345955821E-005  1.054235904423783E+002
    958  7.864893262883933E-005  1.283326337970340E+002
    605  7.827355806910747E-005  1.079476682950407E+002
   1032  7.713677295609385E-005  1.314270448258869E+002
    510  7.578974876691925E-005  6.106496915014706E+001
   1018  7.556822039218393E-005  1.307425624046459E+002
    209  7.527618085339765E-005  3.420776675567321E+001
    694  7.457698889833660E-005  1.110208923005156E+002
     22  7.444568088745682E-005  2.149928230079738E+001
    731  7.407167768446665E-005  1.124795031346507E+002
    231  7.403783201786279E-005  3.529195130720404E+001
    613  7.360654660892445E-005  1.081325074305931E+002
   1031  7.199816474427767E-005  1.313824495210718E+002
     88  7.098741606343684E-005  2.776495450944637E+001
    511  7.070912784539896E-005  6.108291035790679E+001
    260  7.068988633229048E-005  3.745846822965304E+001
   1057  7.041924768756217E-005  1.332882698940204E+002
    303  7.024661668877745E-005  3.891633174738261E+001
    244  6.996819872710077E-005  3.582009297825139E+001
    358  6.920812069861402E-005  4.418411045040358E+001
    203  6.882588444223065E-005  3.415596231316062E+001
    208  6.878674404470783E-005  3.420400517096608E+001
    687  6.819809624213976E-005  1.108477970364615E+002
    760  6.802463414143850E-005  1.133648679091437E+002
    576  6.756351892394597E-005  1.068188420241767E+002
    661  6.736958189794781E-005  1.094040232551639E+002
    594  6.691659503613063E-005  1.075267994995216E+002
    597  6.683538474415008E-005  1.076362394255561E+002
   1058  6.650297918136538E-005  1.334381531708862E+002
    697  6.578065007167566E-005  1.111168086390436E+002
    541  6.550227518200150E-005  1.020561485810812E+002
    930  6.527298423370500E-005  1.272550109882912E+002
    266  6.430502986353011E-005  3.763404507858488E+001
    169  6.424488956830860E-005  3.225245008090104E+001
    986  6.416652952938072E-005  1.294778988001748E+002
   1011  6.293316491987523E-005  1.305590563134582E+002
     13  6.286404506549779E-005  2.038781372204352E+001
    369  6.248643535149219E-005  4.556664797594529E+001
    812  6.185174147688628E-005  1.169499526914024E+002
     94  6.125558974514174E-005  2.803048707399637E+001
    497  6.104972151157285E-005  5.984833423050026E+001
    772  6.059801007515599E-005  1.144444014986270E+002
    256  5.995308083158316E-005  3.708485200545782E+001
    944  5.953069852946561E-005  1.278264506290159E+002
    975  5.899089605863775E-005  1.290479361570385E+002
    890  5.887960273019321E-005  1.222269695705770E+002
     19  5.866767868041836E-005  2.137958735177528E+001
    899  5.858302068082006E-005  1.237750393258326E+002
    616  5.828915633702111E-005  1.081902144651443E+002
    803  5.801114773055617E-005  1.163959410830473E+002
    567  5.716322352372323E-005  1.061175767374582E+002
    464  5.689038400806927E-005  5.841767339850505E+001
    395  5.609260948655888E-005  5.279005865968511E+001
    409  5.563525951649451E-005  5.377950655266745E+001
     25  5.561695175116575E-005  2.268285797328677E+001
    755  5.550995680385260E-005  1.130537195644052E+002
     71  5.542138844122925E-005  2.691074291878593E+001
     44  5.529797580024154E-005  2.487547588775838E+001
    674  5.524245072233026E-005  1.101627157855635E+002
    992  5.487272586687497E-005  1.299169051159237E+002
    484  5.344934583237842E-005  5.894622531819898E+001
   1061  5.263563853437686E-005  1.338239896777959E+002
    529  5.257539630265408E-005  6.213305424318654E+001
    498  5.189682736437363E-005  6.006055704270973E+001
    765  5.184382798076077E-005  1.138034732037320E+002
    636  5.181745216450034E-005  1.087412284437008E+002
    470  5.081019699307663E-005  5.858950887133865E+001
    220  5.077823179900843E-005  3.440936379612124E+001
    672  4.948609569777629E-005  1.100523893058521E+002
    397  4.889809678749205E-005  5.292984574180642E+001
    896  4.877081190143192E-005  1.231967026860033E+002
    624  4.847199694370761E-005  1.084534043855216E+002
    170  4.846114353290650E-005  3.240864442722207E+001
    107  4.808311730223685E-005  2.880093649968087E+001
    745  4.723679375850434E-005  1.127541380335163E+002
    141  4.687776938561343E-005  3.005205957969120E+001
    132  4.644556024280947E-005  2.978147182311027E+001
    194  4.599887195167929E-005  3.388123191050668E+001
    478  4.585817323380876E-005  5.880478287498814E+001
    721  4.548868307134837E-005  1.121902054803930E+002
    480  4.516511945625488E-005  5.887142017505539E+001
    463  4.441880633059810E-005  5.840368106338346E+001
    276  4.421504688954210E-005  3.774173651101562E+001
    929  4.375449866129407E-005  1.272324166790593E+002
    596  4.372907839037283E-005  1.076305596761092E+002
    621  4.362457526376695E-005  1.083828600305560E+002
    583  4.296702885631541E-005  1.070323413352247E+002
    587  4.264310864707649E-005  1.072564562863978E+002
     42  4.229549337944015E-005  2.442065503900721E+001
    617  4.204591007127644E-005  1.082069188907082E+002
     69  4.197611243300537E-005  2.667931486079132E+001
    215  4.103422504952739E-005  3.430912489816387E+001
    903  4.067225694218694E-005  1.249295857950171E+002
   1046  4.045586697336509E-005  1.322741703884410E+002
    622  4.027160697240275E-005  1.084041586407917E+002
    313  3.984161784342001E-005  3.941220320488696E+001
    853  3.963979844829008E-005  1.189950762444425E+002
    751  3.899287547172002E-005  1.129352725370382E+002
    579  3.872352784378249E-005  1.068810185812333E+002
    589  3.870819180074733E-005  1.073243551551986E+002
    552  3.852000282962715E-005  1.045004516183760E+002
    671  3.850891448156617E-005  1.100461630260976E+002
    737  3.839160861730253E-005  1.125716601108342E+002
     10  3.806646198732344E-005  1.630017574824609E+001
    181  3.797909861507980E-005  3.309588236011395E+001
    271  3.797414986567691E-005  3.769377629908810E+001
    130  3.787119063540240E-005  2.969026097336859E+001
    641  3.781538864461394E-005  1.088136450829588E+002
    713  3.768983823725111E-005  1.118750446375970E+002
    154  3.739864305491742E-005  3.128025029310897E+001
    831  3.736598885597934E-005  1.175849164822640E+002
    570  3.730512749924154E-005  1.064458450110351E+002
    610  3.711183776530529E-005  1.080548791140610E+002
     70  3.685293052656653E-005  2.683332853591699E+001
    250  3.635737088916516E-005  3.645071914574685E+001
    997  3.575096498315107E-005  1.300952728722026E+002
    441  3.551472788324403E-005  5.602297434426368E+001
    995  3.547240732456878E-005  1.300556822463785E+002
   1014  3.529418744107556E-005  1.306579532637773E+002
    341  3.525490022703502E-005  4.207899368185591E+001
    370  3.515068115649892E-005  4.562254251008403E+001
    366  3.487635500882228E-005  4.541480133184800E+001
    367  3.478611483279043E-005  4.546665367422378E+001
    611  3.446739022688390E-005  1.080609110523806E+002
    574  3.410566581128849E-005  1.067089856517616E+002
    162  3.389775355725934E-005  3.142013005221356E+001
    465  3.385878979905060E-005  5.845233409136720E+001
    534  3.368774139994445E-005  6.352992396574133E+001
    533  3.362513256442233E-005  6.344214913117692E+001
    656  3.331012939629757E-005  1.092383325553483E+002
   1021  3.244108097143757E-005  1.308784400027895E+002
    179  3.183911412960738E-005  3.301071504933698E+001
    243  3.179818328210945E-005  3.580427376176280E+001
    847  3.171004822630390E-005  1.183795327778256E+002
    103  3.162439652248787E-005  2.854698030319213E+001
    471  3.160977617324213E-005  5.859921299406331E+001
    595  3.148100917332335E-005  1.075727311228692E+002
    838  3.133657309862665E-005  1.178077045912047E+002
    333  3.132268341747538E-005  4.050570323460023E+001
    860  3.127618336392976E-005  1.193608179742887E+002
    832  3.109971551621680E-005  1.176150872586579E+002
    902  3.081294183796079E-005  1.246861225619736E+002
    569  3.076379822324129E-005  1.064024371239422E+002
    682  3.074554119334000E-005  1.107795174367904E+002
    481  3.048107630113796E-005  5.889564718758225E+001
    427  3.027560493650211E-005  5.530625255614972E+001
    875  3.018236611025805E-005  1.206504418490652E+002
    216  2.996476592744004E-005  3.431915233475488E+001
   1064  2.993215354071890E-005  1.339182935247794E+002
    283  2.941866551970595E-005  3.781664732037148E+001
    315  2.937080339285784E-005  3.946262277995078E+001
    222  2.899653265218787E-005  3.444665555523785E+001
    476  2.871603463032509E-005  5.874284760292872E+001
    128  2.857150097655316E-005  2.964876822252022E+001
   1022  2.846266311943713E-005  1.309570316227355E+002
    399  2.838936293160061E-005  5.300117686152819E+001
    695  2.813156406914310E-005  1.110404578737834E+002
    824  2.808894545239375E-005  1.173851057796732E+002
    684  2.800688309587334E-005  1.108055531440044E+002
    429  2.778343783041751E-005  5.542704693693687E+001
    387  2.762827545164463E-005  4.845493173747810E+001
    354  2.731995621286149E-005  4.358717802496741E+001
     98  2.687324470404954E-005  2.810036398063808E+001
    712  2.687303774353060E-005  1.118479116964762E+002
    145  2.686765472396579E-005  3.035386176419680E+001
    756  2.674526511356405E-005  1.131019348749128E+002
    225  2.660944496031647E-005  3.458265676939745E+001
    870  2.658915659603941E-005  1.203621491035894E+002
     53  2.629925065980839E-005  2.532427500710937E+001
    666  2.593503323746268E-005  1.096961217429448E+002
    800  2.568020673784954E-005  1.161811067685375E+002
   1068  2.555125640436293E-005  1.342139437973118E+002
     17  2.518273073182410E-005  2.091913438766164E+001
    851  2.518092698453245E-005  1.189105890777936E+002
    396  2.513112741244801E-005  5.292259014309509E+001
     59  2.496710813209952E-005  2.608228483109795E+001
    435  2.493967749952457E-005  5.559833163642786E+001
    983  2.399756917806553E-005  1.293699640118089E+002
    122  2.399754110446891E-005  2.942821875092930E+001
    280  2.357916455971995E-005  3.777070006257392E+001
    670  2.351184283467639E-005  1.099218253642219E+002
    681  2.346855704062510E-005  1.107150530846271E+002
    633  2.342132539548883E-005  1.086770367044967E+002
    988  2.340501562942885E-005  1.295230022337254E+002
    469  2.304630120777748E-005  5.857260373695996E+001
    431  2.303813672416572E-005  5.545822575490884E+001
    318  2.257039990156065E-005  3.952690512520030E+001
    200  2.237479581409746E-005  3.413076352937113E+001
    618  2.235736203987914E-005  1.083041655146542E+002
    910  2.234943524552189E-005  1.258349422363612E+002
    175  2.211325576307123E-005  3.282740528695558E+001
    578  2.210436214469536E-005  1.068696587706935E+002
    608  2.204638508367437E-005  1.080310773431174E+002
    762  2.161038221056966E-005  1.134504722361933E+002
    284  2.143397857710167E-005  3.794002386601017E+001
    967  2.118964759341480E-005  1.287730879251822E+002
    799  2.112875049576028E-005  1.161655148393659E+002
    195  2.091948638273263E-005  3.399004655216064E+001
    461  2.054764818426271E-005  5.832169084274378E+001
    300  2.050663762420130E-005  3.871033423098082E+001
    252  2.045321056278607E-005  3.681481496629917E+001
    676  2.042133022344668E-005  1.102968009656115E+002
    277  2.019922145773071E-005  3.774405278528796E+001
    680  2.012571404883621E-005  1.106808485277705E+002
    447  1.998889355851824E-005  5.692641404400948E+001
   1038  1.977603872349544E-005  1.317153469634680E+002
    927  1.951193953378163E-005  1.271118445081471E+002
   1065  1.942825057615374E-005  1.340986810838602E+002
   1040  1.925786739841575E-005  1.318325334098182E+002
    322  1.909238946055139E-005  3.962934885257222E+001
    634  1.904989011587609E-005  1.087110579745548E+002
    310  1.901496931829739E-005  3.933560718805473E+001
    897  1.895651980189935E-005  1.233154024205701E+002
    922  1.858075281602322E-005  1.267277337836395E+002
    943  1.848902917036893E-005  1.278255860865938E+002
    585  1.847251965952452E-005  1.071721890576240E+002
    351  1.845801898066111E-005  4.290814690346715E+001
    568  1.841736861994068E-005  1.063884322375297E+002
    353  1.795504683789470E-005  4.354452657935016E+001
    118  1.794590972013973E-005  2.927665934202001E+001
   1013  1.780590718917841E-005  1.306191025791559E+002
    411  1.762694598064657E-005  5.390414096058870E+001
    110  1.722153149028372E-005  2.890337161783228E+001
    601  1.683303268041086E-005  1.078222216339937E+002
    884  1.679734502544824E-005  1.212913619330936E+002
    639  1.665591193352132E-005  1.087924757147032E+002
     83  1.658187166997505E-005  2.745200449399356E+001
    235  1.645344909612525E-005  3.553329683850696E+001
    709  1.618931869055049E-005  1.116986555393093E+002
   1063  1.618434868423200E-005  1.338610239777397E+002
    226  1.616505768207926E-005  3.460914941435140E+001
    790  1.613335004005487E-005  1.158127479939932E+002
    368  1.596480348390222E-005  4.552075151204606E+001
    963  1.589841636619267E-005  1.284456810480366E+002
    923  1.581460739112801E-005  1.267345977181097E+002
    408  1.562750776069737E-005  5.368647704938994E+001
    719  1.527508195728149E-005  1.120361196403708E+002
    311  1.515946643735091E-005  3.939193935233331E+001
    780  1.515481983291959E-005  1.153482258688003E+002
    328  1.479535220513866E-005  3.982877398686839E+001
    845  1.454747806482873E-005  1.182722434309271E+002
    748  1.451191892684183E-005  1.128453459062848E+002
    665  1.411519760467392E-005  1.096195054263975E+002
    787  1.407537528969225E-005  1.157066821730262E+002
    744  1.365742881742184E-005  1.127340165661099E+002
    659  1.347615464438627E-005  1.093169473413985E+002
    679  1.333391518356088E-005  1.106299731616480E+002
    791  1.324546753163431E-005  1.158399885308925E+002
    879  1.314798796167429E-005  1.208628531744268E+002
    236  1.304352580344894E-005  3.558504171265294E+001
     93  1.294456826930577E-005  2.801831476528660E+001
    945  1.291207083840896E-005  1.278945431870569E+002
    815  1.284599809004585E-005  1.170844697210597E+002
   1034  1.273873759347925E-005  1.314975717016592E+002
     76  1.258571473046806E-005  2.719040433196805E+001
    781  1.254542118690590E-005  1.155015502370288E+002
    700  1.253875982440687E-005  1.112187707043413E+002
    424  1.250284149064371E-005  5.504400290817051E+001
    640  1.249753691407096E-005  1.088027953187827E+002
     56  1.232056880356756E-005  2.577494999028338E+001
    645  1.225470335112412E-005  1.088758352374567E+002
   1004  1.217561883591155E-005  1.302828791464404E+002
    625  1.216692582920211E-005  1.084878781680722E+002
    342  1.210921876064628E-005  4.219280462450153E+001
    783  1.207508070895081E-005  1.155776779712016E+002
    227  1.204279803782376E-005  3.461221107986133E+001
    350  1.201162164359423E-005  4.287084402122760E+001
     86  1.192841517328621E-005  2.760340701365068E+001
    655  1.187876377305996E-005  1.092114390318620E+002
    288  1.180424170971655E-005  3.825168870868715E+001
    140  1.179312794657440E-005  3.002380690834687E+001
    978  1.168489982913228E-005  1.291764873003617E+002
    982  1.167339495061126E-005  1.293230544301462E+002
    915  1.158696846147469E-005  1.261627872997085E+002
    668  1.148722237037869E-005  1.098358517134249E+002
      2  1.142269398988791E-005  1.507477314615795E+001
    793  1.141240401988627E-005  1.158943894419280E+002
   1028  1.137927478156617E-005  1.312419762585663E+002
    526  1.137902471075452E-005  6.205614154690332E+001
    373  1.131554124987637E-005  4.573517441489172E+001
    738  1.129057335213646E-005  1.126248828969786E+002
    804  1.123496627679830E-005  1.164307012054320E+002
    532  1.115321224157667E-005  6.299204701993657E+001
   1043  1.110654568948454E-005  1.320181582363304E+002
    794  1.104846916641473E-005  1.159299755047292E+002
    796  1.098504584041590E-005  1.160406419035091E+002
    848  1.072931437162816E-005  1.185512117490796E+002
    166  1.069467740066503E-005  3.197534022905977E+001
    852  1.066132555193981E-005  1.189308904937423E+002
    287  1.065246612408491E-005  3.806334999222836E+001
    657  1.055067562830631E-005  1.092680437977900E+002
    660  1.053137870783697E-005  1.093929129115852E+002
    562  1.044824175694891E-005  1.058125905236654E+002
    127  1.044405004429858E-005  2.958197907168710E+001
   1002  1.036426712200595E-005  1.301955720736593E+002
    619  1.028280006739150E-005  1.083262496248409E+002
    770  1.026799269828391E-005  1.141655133118217E+002
    433  1.017818593602085E-005  5.552394895078822E+001
    590  9.734839699595486E-006  1.073381491314167E+002
    642  9.617837580542664E-006  1.088349318990273E+002
    602  9.598059488995719E-006  1.078335831208874E+002
    792  9.582524825083331E-006  1.158579110744502E+002
    782  9.523989461656052E-006  1.155663554633046E+002
    807  9.523849329391605E-006  1.166040027024774E+002
    509  9.518248433444102E-006  6.104665142125116E+001
    599  9.512285769649724E-006  1.077354408464688E+002
    949  9.452483361210632E-006  1.280833568476082E+002
    650  9.430094636385757E-006  1.090061273622073E+002
    380  9.240509992038486E-006  4.621788456267294E+001
    362  9.166488127628995E-006  4.520209191521082E+001
    159  9.135574395268894E-006  3.140014259635325E+001
    685  9.101480688162915E-006  1.108208915724099E+002
    699  9.078662380517328E-006  1.111753891148923E+002
    707  9.072116437489017E-006  1.116484954290111E+002
    924  9.063097837608491E-006  1.267645350898773E+002
     90  8.992592559915252E-006  2.792299487571685E+001
    648  8.948613779370041E-006  1.089328290594756E+002
    631  8.840258725786124E-006  1.086593678715634E+002
    651  8.829104172102281E-006  1.090123807306586E+002
    849  8.677870511339001E-006  1.186556798515274E+002
   1027  8.618446290332755E-006  1.311414239553258E+002
    371  8.604738056932926E-006  4.567834615857563E+001
    204  8.572949410236787E-006  3.416741852472765E+001
    556  8.545730932615934E-006  1.053074591696642E+002
    809  8.363861489505176E-006  1.168273457040169E+002
    414  8.251841112856564E-006  5.408443269732371E+001
    907  8.242965391722207E-006  1.254774984052440E+002
    374  8.113597106980842E-006  4.576894168844035E+001
    789  8.110153751862755E-006  1.157939903252585E+002
   1026  8.094688959899314E-006  1.310988308446859E+002
    979  8.088896846615366E-006  1.292073280791942E+002
    714  8.062869127939931E-006  1.118865310298163E+002
    698  8.040612279305054E-006  1.111543499618823E+002
    985  7.982583257048113E-006  1.294454523269476E+002
    893  7.908140497158364E-006  1.225899968537864E+002
    739  7.824618271309187E-006  1.126267264275300E+002
    627  7.543144292109299E-006  1.085359599099982E+002
    994  7.526824673759939E-006  1.299886393654431E+002
    635  7.513120812550010E-006  1.087402789130293E+002
    531  7.502211934957011E-006  6.280622541285696E+001
    163  7.497029920356889E-006  3.148605603035891E+001
    947  7.457869683914429E-006  1.280025795512814E+002
    786  7.103170285784901E-006  1.156679892855772E+002
    664  6.903481868328062E-006  1.095868237421283E+002
    248  6.900545741796567E-006  3.617742791171408E+001
    269  6.698783917479849E-006  3.766609016559832E+001
    658  6.663006534578154E-006  1.092752908733605E+002
    846  6.590764939844027E-006  1.183733977129572E+002
    691  6.585311917709216E-006  1.109942746792360E+002
    609  6.576015370682404E-006  1.080529774194348E+002
    270  6.572548538720043E-006  3.767493462479421E+001
    859  6.528011317209134E-006  1.193117826572047E+002
    279  6.515388670560513E-006  3.776291602598710E+001
    984  6.414683210674253E-006  1.293776492189174E+002
    916  6.316171302157584E-006  1.261858055404796E+002
    614  6.305209624489224E-006  1.081499604581023E+002
    862  6.299733802425025E-006  1.194326389788892E+002
    265  6.279932708273485E-006  3.762418150997995E+001
    646  6.172665332771167E-006  1.089039652974663E+002
    677  6.149259553856636E-006  1.104103779431708E+002
   1000  6.113657302788153E-006  1.301375093272533E+002
    933  6.067626494739378E-006  1.272967505112425E+002
    662  5.972168012718318E-006  1.094304874643061E+002
    343  5.929029139204061E-006  4.223776350771931E+001
    457  5.903652906373509E-006  5.770039153165104E+001
    224  5.847138399537599E-006  3.456258153743839E+001
    308  5.758726637883005E-006  3.924824416979163E+001
    644  5.754134145645122E-006  1.088699046594824E+002
    990  5.735554234639776E-006  1.297249883032466E+002
    115  5.709810894523793E-006  2.908676806680809E+001
   1054  5.696681971339699E-006  1.332101619260334E+002
   1035  5.674037645086070E-006  1.315022364948826E+002
    506  5.601745153230407E-006  6.092479484159845E+001
    827  5.584206021670603E-006  1.174913134466901E+002
    603  5.580076679979190E-006  1.078480909052838E+002
    696  5.504063401572865E-006  1.111110130672436E+002
    976  5.472759950573762E-006  1.291265023483052E+002
   1036  5.407437269501144E-006  1.315563975924429E+002
    233  5.316172874270610E-006  3.536858076063520E+001
   1008  5.226254478658138E-006  1.304054287055121E+002
    901  5.220459574240762E-006  1.246352700151236E+002
    572  5.201521468146530E-006  1.066354688575440E+002
   1005  5.190039940393029E-006  1.302961950162389E+002
    761  5.174239631565455E-006  1.134019555363662E+002
    764  5.161904582144957E-006  1.137269990775531E+002
    525  5.151199959080753E-006  6.201689187624501E+001
    813  4.997316013790809E-006  1.170211975618395E+002
    828  4.901881779868707E-006  1.175132070682912E+002
    415  4.824826865609904E-006  5.409773008136273E+001
    951  4.784035614333107E-006  1.282127111215003E+002
    883  4.757662644921445E-006  1.212822283474710E+002
    732  4.748231839023472E-006  1.124809932511083E+002
    667  4.744855046586177E-006  1.098231148083649E+002
    715  4.735656631278656E-006  1.119122168057061E+002
    722  4.703578327621754E-006  1.121989232781130E+002
     63  4.703547770294098E-006  2.633691355837915E+001
    758  4.641650435774830E-006  1.131945788764974E+002
    228  4.531672585043922E-006  3.465329128304563E+001
    329  4.489585694250462E-006  3.994917835777716E+001
     51  4.427763982016871E-006  2.527497960196780E+001
    908  4.369608776375836E-006  1.256350992978881E+002
    711  4.278234283542952E-006  1.117833092223069E+002
    766  4.222872627514066E-006  1.138313497862233E+002
   1010  4.189125578045221E-006  1.305150376372933E+002
    515  4.164941675775378E-006  6.113166482037749E+001
    936  4.161138312134726E-006  1.275963114471066E+002
    538  4.106411248304554E-006  8.801939400846273E+001
    575  4.019983435846892E-006  1.067636975144964E+002
    591  4.003693186227150E-006  1.073970459895217E+002
   1017  3.924063170317625E-006  1.307020085696559E+002
   1025  3.735484117796172E-006  1.310823101564250E+002
    705  3.627532094256644E-006  1.114879185885843E+002
    767  3.607090078886459E-006  1.139787538815297E+002
    858  3.542048570125957E-006  1.193043137223610E+002
    956  3.533649244159379E-006  1.283075816024711E+002
    728  3.495487724210908E-006  1.123911467240560E+002
    688  3.495226062484824E-006  1.108652117541332E+002
    856  3.469809647773910E-006  1.192407591408727E+002
    197  3.465486892119595E-006  3.407091137263039E+001
    920  3.463787828200374E-006  1.265729199247587E+002
    957  3.437328878419227E-006  1.283224605383935E+002
    818  3.434451964496717E-006  1.172202887178189E+002
    678  3.423127997935709E-006  1.105298402911861E+002
    905  3.396463643375341E-006  1.252963463377060E+002
    286  3.383112678413097E-006  3.806107114689090E+001
    980  3.364620396956496E-006  1.292322903638887E+002
    931  3.362847452793275E-006  1.272754104030811E+002
    262  3.360471581332663E-006  3.754826259370084E+001
    735  3.352864503463038E-006  1.125422257639707E+002
    124  3.343240469420307E-006  2.953039329658957E+001
    432  3.302936182286724E-006  5.551253331854516E+001
    953  3.275673738162031E-006  1.282835790234384E+002
    867  3.256041899029184E-006  1.199420338065019E+002
    710  3.254667448228643E-006  1.117114283703663E+002
    586  3.245913573526277E-006  1.072414988471015E+002
    267  3.172664927415369E-006  3.763942844703926E+001
   1060  3.169519295934074E-006  1.336329109810919E+002
    686  3.143637940433100E-006  1.108321598991433E+002
    900  3.096814970749955E-006  1.240255399934555E+002
    623  3.067623867382411E-006  1.084311616311891E+002
    941  3.060859798504109E-006  1.277239710636116E+002
    750  3.043584470023592E-006  1.128980084302201E+002
    882  2.968571761130485E-006  1.212606419968792E+002
    805  2.942698929780646E-006  1.165442309434909E+002
    921  2.908148069151286E-006  1.266347372507485E+002
    959  2.891137240417138E-006  1.283643788123119E+002
    703  2.890151417398232E-006  1.113359924967504E+002
    365  2.869879363326974E-006  4.540196146988517E+001
    543  2.789294215697680E-006  1.026098663261161E+002
    488  2.786196515934392E-006  5.904214899548738E+001
    247  2.778644128847570E-006  3.613855018049320E+001
    606  2.775766411407280E-006  1.079754075340127E+002
   1012  2.769956313717001E-006  1.305860585800326E+002
    829  2.762600657808945E-006  1.175434491795728E+002
    632  2.745219320046138E-006  1.086732063917954E+002
    913  2.695928639256490E-006  1.260963173315474E+002
    798  2.691074454790412E-006  1.161233232814441E+002
     79  2.679909773661173E-006  2.728143790603452E+001
    146  2.645130048877021E-006  3.038455959742199E+001
    355  2.608710703260246E-006  4.365668409738398E+001
    263  2.508476295383741E-006  3.756851288337069E+001
    428  2.499899935839844E-006  5.539697768550786E+001
    932  2.492462999021847E-006  1.272890793904072E+002
    675  2.418967749505664E-006  1.101932688761904E+002
    876  2.418822101095409E-006  1.207338716680959E+002
   1077  2.345222684667411E-006  6.189178021453241E+002
    746  2.328055374943246E-006  1.128150956859242E+002
    888  2.303030207612337E-006  1.215384892766490E+002
    757  2.298836244044731E-006  1.131455979007981E+002
    939  2.290434565717398E-006  1.276788938661296E+002
    878  2.261649881177411E-006  1.208553192243232E+002
    925  2.224412622431088E-006  1.268943605090481E+002
    839  2.205905751247845E-006  1.178451551754228E+002
    857  2.200111003937311E-006  1.192977858717030E+002
    726  2.184950800059348E-006  1.123280306605216E+002
    653  2.148472773221282E-006  1.090926521840726E+002
    779  2.132424766782190E-006  1.153237642854880E+002
    673  2.096657447200783E-006  1.101090602242966E+002
    928  2.057732071291222E-006  1.271758190169006E+002
    830  2.046118424787725E-006  1.175448785112390E+002
   1023  2.035666662612949E-006  1.309907545973144E+002
    643  2.025688374180475E-006  1.088529165631816E+002
    520  1.973493016208251E-006  6.117519869664547E+001
    689  1.958249531899465E-006  1.108992280227757E+002
    245  1.921974730304552E-006  3.584895809931362E+001
    581  1.885050276492859E-006  1.069166383916512E+002
    501  1.881088710120550E-006  6.025540211442135E+001
    987  1.874144717771279E-006  1.295218650079724E+002
    490  1.872613598043646E-006  5.909746584665749E+001
    607  1.863483512426552E-006  1.079782277499060E+002
    306  1.860530982285313E-006  3.922583615449084E+001
    837  1.831073674812715E-006  1.177814246314451E+002
    887  1.804593404344233E-006  1.215278324822884E+002
    729  1.789681996475307E-006  1.124070412533170E+002
   1073  1.789438645221508E-006  1.355646294676644E+002
    612  1.781507828774884E-006  1.080838271474082E+002
    462  1.781347780199606E-006  5.834568949164402E+001
    935  1.781345953586606E-006  1.274477748704804E+002
    811  1.772450428389310E-006  1.169131613251637E+002
    819  1.713888669302570E-006  1.172617623112352E+002
    788  1.652192545943103E-006  1.157595566872355E+002
    473  1.576143092865603E-006  5.864875851961727E+001
    993  1.557712365618830E-006  1.299638892136509E+002
    776  1.510123207701227E-006  1.150535509847603E+002
    129  1.497028535670267E-006  2.967722940199728E+001
    948  1.471672682674156E-006  1.280530341997139E+002
    693  1.435732724654868E-006  1.110198391814811E+002
    513  1.431921131983886E-006  6.111701004965728E+001
   1015  1.423802974832806E-006  1.306693309857935E+002
    971  1.383454592451317E-006  1.289111652451389E+002
    977  1.353374065548584E-006  1.291448023039548E+002
    730  1.330602686461409E-006  1.124678820560711E+002
    834  1.319631626204800E-006  1.176651591794238E+002
     67  1.310986360985517E-006  2.663955326886673E+001
    412  1.272599549944897E-006  5.399327798218789E+001
    120  1.222259460768626E-006  2.935022978395871E+001
    316  1.220198701517038E-006  3.947722492082590E+001
    740  1.213220041411766E-006  1.126281679605138E+002
    638  1.208824459772251E-006  1.087773663504995E+002
    522  1.146336482428311E-006  6.189501394570030E+001
    775  1.126084075956621E-006  1.149447083106751E+002
    968  1.122699889676664E-006  1.287893908307005E+002
    912  1.083404324250018E-006  1.259977317017505E+002
    201  1.063890861330676E-006  3.413905621996786E+001
    937  1.045501769151981E-006  1.275975168353670E+002
    372  1.044161570900136E-006  4.569660817760900E+001
    919  1.020216489131907E-006  1.264669767465423E+002
   1003  9.144266887139896E-007  1.302792324598297E+002
    443  9.070298510157502E-007  5.615506371008289E+001
    855  8.978564597484244E-007  1.192335282432478E+002
    880  8.856332131399667E-007  1.209811659012211E+002
    864  8.787804538008792E-007  1.195154318953015E+002
    946  8.782754955316756E-007  1.279201366409634E+002
    683  8.700572357488427E-007  1.107854094171573E+002
    894  8.608335982982512E-007  1.226855190700912E+002
    753  8.515789786633186E-007  1.130399909728984E+002
    814  8.265247960403844E-007  1.170571282096026E+002
    540  8.212049245484582E-007  1.019596674086986E+002
    690  8.109723310675542E-007  1.109553167085971E+002
    285  7.854983938068983E-007  3.794670187788559E+001
     99  7.760761321781323E-007  2.813215700322161E+001
    439  7.614985559212366E-007  5.581771077364913E+001
    841  7.552005391753832E-007  1.180046875638410E+002
    736  7.306740016026201E-007  1.125700463249535E+002
   1051  7.067093970723785E-007  1.330173846663143E+002
    821  6.967366122899784E-007  1.173213489801490E+002
    720  6.782916140971982E-007  1.121496181246094E+002
    835  6.762259801842400E-007  1.176766134664512E+002
    874  6.728898623214907E-007  1.206463359037059E+002
    869  6.703267027297106E-007  1.201465244096069E+002
    375  6.689825031099252E-007  4.577921754207221E+001
    637  6.639663282741169E-007  1.087708716348475E+002
    961  6.060676756341660E-007  1.283826108536399E+002
    843  5.933313100051302E-007  1.181049125326048E+002
    628  5.894263166194738E-007  1.085999071252231E+002
    706  5.579646236487404E-007  1.115644797142602E+002
    747  5.566923925742545E-007  1.128221651622354E+002
    723  5.513663364617170E-007  1.122249597820348E+002
    820  5.443058432023166E-007  1.173160626674297E+002
     80  5.254409246839984E-007  2.737665388114407E+001
    455  5.145790218850647E-007  5.757818593173593E+001
    615  4.932886242693435E-007  1.081646255451844E+002
    582  4.824493554386366E-007  1.069886979669129E+002
    917  4.819116981477848E-007  1.262583151256411E+002
    496  4.796927659494821E-007  5.977778544840232E+001
     47  4.731015407820429E-007  2.514695584094496E+001
    773  4.511187246039395E-007  1.146041296786391E+002
    335  4.479753387077300E-007  4.064698242871874E+001
    969  4.433682288126250E-007  1.288232913140608E+002
    914  4.372785277730435E-007  1.261343003660832E+002
    437  4.356877631842672E-007  5.567668099873953E+001
    759  3.985563724679477E-007  1.132523759465808E+002
   1059  3.724648602515689E-007  1.335352794510990E+002
    704  3.664363806111508E-007  1.114088220449556E+002
    872  3.466036348840303E-007  1.204992644439996E+002
    708  3.254614634896017E-007  1.116659378913442E+002
    692  3.218887061584727E-007  1.109991362888409E+002
     77  2.803686750792698E-007  2.720977418778346E+001
   1019  2.795105967077149E-007  1.307856127904329E+002
    996  2.664876942989491E-007  1.300741546440489E+002
    718  2.619032723750074E-007  1.120307816427976E+002
    999  2.588043055565609E-007  1.301340763851820E+002
   1030  2.487020624313756E-007  1.313677884464318E+002
    861  2.478569121646616E-007  1.193618968506130E+002
    701  2.225559303288419E-007  1.112655741498095E+002
    743  2.216801411978061E-007  1.126739704882794E+002
    833  2.159378295870253E-007  1.176450554682990E+002
    406  2.143816232885708E-007  5.347162595814701E+001
    620  2.045942602866599E-007  1.083700393844588E+002
    413  2.039538441355238E-007  5.407796767412047E+001
    448  2.038700445652416E-007  5.707216855561523E+001
    626  2.031292261505764E-007  1.085197354965440E+002
    629  2.003853739063833E-007  1.086436456014825E+002
    952  1.871804944478027E-007  1.282170243378332E+002
    268  1.800302487179236E-007  3.765614789507087E+001
    702  1.798366180874120E-007  1.112791472783473E+002
    219  1.779237266002495E-007  3.435584966495736E+001
    950  1.734585042728100E-007  1.281356928004739E+002
    264  1.679426787623929E-007  3.760740200223662E+001
    178  1.656435319665069E-007  3.291892583427273E+001
    965  1.612749705748659E-007  1.286084743618769E+002
    499  1.553969318074333E-007  6.010190034988052E+001
    742  1.541779015363865E-007  1.126546326383816E+002
    630  1.367487142207666E-007  1.086464564510315E+002
    580  1.313485963888248E-007  1.069063882425304E+002
    376  1.308746725726771E-007  4.578482274843697E+001
    598  1.258075463515158E-007  1.077082259858063E+002
    749  1.093703065699830E-007  1.128862829609149E+002
    836  1.067659228648848E-007  1.177792466123822E+002
    388  1.040657317702642E-007  4.916519389587509E+001
     39  1.003304705714997E-007  2.419216907562118E+001
    850  9.369927005967793E-008  1.188640670964077E+002
   1076  8.209185973276911E-008  1.858411948136732E+002
    734  7.818317056034806E-008  1.125227414297757E+002
    906  6.828814522388155E-008  1.253859334012492E+002
     87  5.924534057918706E-008  2.773505635732142E+001
    508  5.885810849016593E-008  6.101348113010317E+001
   1037  5.875676536880692E-008  1.316166834102353E+002
    467  5.859541587928246E-008  5.850070475174659E+001
    416  5.686298072081299E-008  5.412105627361211E+001
    801  5.070689632991519E-008  1.162412158177078E+002
    891  4.625987522092260E-008  1.222344606190913E+002
    647  4.590502082083332E-008  1.089204596390746E+002
    604  4.432534500450652E-008  1.078901483894559E+002
    113  4.385983217536546E-008  2.894608485543543E+001
     81  3.745709244633416E-008  2.737831616504717E+001
    881  3.722680562384583E-008  1.212001054655417E+002
    364  3.685147204764776E-008  4.528995878587361E+001
    346  3.353057526944358E-008  4.251353138364797E+001
    806  3.215643398577201E-008  1.165904998677036E+002
    974  2.916156495525610E-008  1.290391941684268E+002
    871  2.717398346280103E-008  1.204638135739833E+002
    823  2.649579705897997E-008  1.173434151863991E+002
    363  2.240321831622610E-008  4.523665715266514E+001
    752  1.652432218802129E-008  1.129825416205730E+002
    889  1.512574001554276E-008  1.221096476933091E+002
   1049  1.175430496258325E-008  1.325964910892840E+002
    885  8.556384612582288E-009  1.213849358963692E+002
   1056  7.639547130249787E-009  1.332822863268028E+002
   1007  5.494276282203766E-009  1.303971511397991E+002
    808  5.119907889119839E-009  1.166438640424820E+002
      9  1.993580711951633E-009  1.615282072713023E+001
    754  1.937276603953479E-009  1.130532912402911E+002
    840  1.500832117009081E-009  1.179674198090055E+002
    652  1.203947240475727E-009  1.090805000764319E+002
    149  9.363022582454716E-010  3.064428879965062E+001
    337  3.541493362731618E-010  4.125439580477820E+001
    345  2.732297116463501E-011  4.248475366295001E+001
    904  1.795064618405768E-011  1.250437756508075E+002
