# Number of modes
   1077
# Tabulated for different initial and final frequencies?
    F
# Mode index, Sj, (highest to lowest), omega_j
    547  1.685717406950664E-002  1.040413527560943E+002
     91  1.248593186351827E-002  2.795709450840539E+001
     27  9.518075229619402E-003  2.288948685305089E+001
    100  9.480409641369016E-003  2.814590236831992E+001
    418  8.878203797102113E-003  5.440760214654593E+001
   1074  7.379122444252139E-003  1.357832717908243E+002
    563  7.337998639295167E-003  1.058622417292547E+002
     80  7.250450286021263E-003  2.737665388114407E+001
     17  6.070290689128565E-003  2.091913438766164E+001
    419  5.577966210722734E-003  5.447434435004674E+001
    475  5.079212959615789E-003  5.870955367754343E+001
    535  5.029537387158611E-003  7.234684016852472E+001
    537  4.903528202210551E-003  7.348438751630307E+001
     14  4.733853865280709E-003  2.047451167645159E+001
     86  4.552265623759373E-003  2.760340701365068E+001
    163  4.398533578460633E-003  3.148605603035891E+001
      7  4.272334143197246E-003  1.598850297870253E+001
   1053  4.155960479057869E-003  1.331993000158318E+002
    110  4.153246821783427E-003  2.890337161783228E+001
   1071  4.116646842339008E-003  1.353191143310252E+002
   1060  3.668499264215145E-003  1.336329109810919E+002
    552  3.648696229233547E-003  1.045004516183760E+002
     90  3.588528135726545E-003  2.792299487571685E+001
     79  3.582504896163622E-003  2.728143790603452E+001
    108  3.523922578978011E-003  2.884206820739177E+001
    531  3.477167070482586E-003  6.280622541285696E+001
    539  3.097015199474960E-003  1.004038214764926E+002
   1057  3.053245720111352E-003  1.332882698940204E+002
     57  3.024053803881413E-003  2.601044601303876E+001
     82  2.917741221851301E-003  2.744742479332049E+001
    566  2.900018357369485E-003  1.060197199307676E+002
      4  2.802938536891298E-003  1.555889535187236E+001
    303  2.790211014563920E-003  3.891633174738261E+001
    422  2.660065513350217E-003  5.478392604221921E+001
   1069  2.599188717412103E-003  1.347402109836953E+002
    253  2.477861970067415E-003  3.690338042035397E+001
    458  2.388837575150345E-003  5.780961640938520E+001
    105  2.340553404290828E-003  2.872870804936272E+001
    291  2.337478580966614E-003  3.834865717601958E+001
      9  2.314721931048886E-003  1.615282072713023E+001
    152  2.310713990036469E-003  3.107793476288124E+001
    206  2.305584342712057E-003  3.418711639611698E+001
     81  2.296863719091025E-003  2.737831616504717E+001
     39  2.296102662022464E-003  2.419216907562118E+001
     29  2.282525697889406E-003  2.304600720746813E+001
   1072  2.277167364504046E-003  1.354275255218108E+002
    344  2.206983894381583E-003  4.229281490750487E+001
    149  2.191022767652225E-003  3.064428879965062E+001
      8  2.146528491623808E-003  1.603898235084092E+001
     23  2.144235526799357E-003  2.160694502786773E+001
     60  2.141236403748110E-003  2.612817271153773E+001
    378  2.042381976937017E-003  4.609481655347708E+001
     69  1.958284744202894E-003  2.667931486079132E+001
    534  1.919780313831664E-003  6.352992396574133E+001
    392  1.863457522481180E-003  4.975569880244111E+001
    507  1.818422226078268E-003  6.098134465730102E+001
    438  1.810066114955735E-003  5.568774314714533E+001
    298  1.778627717949143E-003  3.860785506393049E+001
    210  1.764423492714077E-003  3.421873300884823E+001
     32  1.721408012541770E-003  2.386019687247388E+001
     42  1.708449187759571E-003  2.442065503900721E+001
    426  1.679645951230703E-003  5.521112029631625E+001
     38  1.677848107583421E-003  2.415274881711009E+001
    390  1.671231666054981E-003  4.930034545373515E+001
    308  1.661128171315894E-003  3.924824416979163E+001
     41  1.654436200029447E-003  2.434332602389209E+001
    489  1.618350164468471E-003  5.906665573291085E+001
     24  1.590618019012337E-003  2.165827626673025E+001
    421  1.585415840407909E-003  5.469982084171487E+001
    165  1.500602659339379E-003  3.194792507678593E+001
    113  1.485592795202830E-003  2.894608485543543E+001
    497  1.463166667487399E-003  5.984833423050026E+001
    897  1.460339821070079E-003  1.233154024205701E+002
    222  1.455787892787719E-003  3.444665555523785E+001
    290  1.442007833741567E-003  3.834059039797889E+001
    890  1.432881143254715E-003  1.222269695705770E+002
    512  1.429932802890961E-003  6.110465593383906E+001
    139  1.417307018522671E-003  3.001327528760398E+001
    249  1.398259706949871E-003  3.643158917315001E+001
    177  1.388022464094969E-003  3.286305119332699E+001
    771  1.384611625851129E-003  1.142541813627527E+002
    970  1.383354932766328E-003  1.288440499253601E+002
    518  1.376273525220823E-003  6.116565427175681E+001
    125  1.330376724340492E-003  2.955205187993630E+001
    546  1.313609988702410E-003  1.038908634804570E+002
    485  1.301185362957254E-003  5.896971858223063E+001
     51  1.293078129059100E-003  2.527497960196780E+001
    440  1.283241849672010E-003  5.589934491235444E+001
    384  1.280057567521813E-003  4.693482184770667E+001
    492  1.265167872273046E-003  5.919740097208313E+001
    102  1.250057735135547E-003  2.838723287464182E+001
    479  1.236922658549567E-003  5.886156225440574E+001
    358  1.214731208183609E-003  4.418411045040358E+001
    446  1.205279943012070E-003  5.657515742254393E+001
    279  1.194793274671798E-003  3.776291602598710E+001
    112  1.164974162736777E-003  2.893182478938967E+001
    533  1.153677941014593E-003  6.344214913117692E+001
    472  1.112085106383844E-003  5.860732378330380E+001
    510  1.107595250382932E-003  6.106496915014706E+001
    895  1.094355732278518E-003  1.231922658586809E+002
      2  1.092367113454855E-003  1.507477314615795E+001
    553  1.087213713830405E-003  1.045844149005738E+002
    575  1.078094347861319E-003  1.067636975144964E+002
    166  1.030259636623707E-003  3.197534022905977E+001
    954  1.026477251030740E-003  1.282848493157465E+002
   1047  1.026351419703018E-003  1.324683504365100E+002
   1067  1.018848393590341E-003  1.341872351276505E+002
    483  1.005851911416550E-003  5.892865432514233E+001
   1055  1.002240543669906E-003  1.332315483337306E+002
    157  9.970664572303920E-004  3.136040875348826E+001
    466  9.948138555383667E-004  5.848631456847294E+001
    746  9.883414447123960E-004  1.128150956859242E+002
     64  9.770723370899799E-004  2.637954322898939E+001
    907  9.738428369548821E-004  1.254774984052440E+002
    836  9.680716462208120E-004  1.177792466123822E+002
    551  9.667422007791352E-004  1.044758850995860E+002
    847  9.602942404801752E-004  1.183795327778256E+002
    144  9.558195273317606E-004  3.023024488043693E+001
    495  9.468930955662692E-004  5.971063876484735E+001
    241  9.252454172651336E-004  3.573178726353736E+001
    301  9.246705433275025E-004  3.874125966254066E+001
     52  9.229184027532428E-004  2.532370304309600E+001
    140  9.147803938489611E-004  3.002380690834687E+001
    270  9.118034109675632E-004  3.767493462479421E+001
    192  8.938628419785332E-004  3.373139183933635E+001
    247  8.915684651884726E-004  3.613855018049320E+001
    383  8.862539017914739E-004  4.665506804468283E+001
    544  8.816067956352861E-004  1.037287728441322E+002
    215  8.788320766179044E-004  3.430912489816387E+001
    592  8.653095633113907E-004  1.074010896433819E+002
   1061  8.647536830086030E-004  1.338239896777959E+002
    477  8.636872035886935E-004  5.875439662154096E+001
    430  8.551175403960307E-004  5.544226538226409E+001
     53  8.507113482847488E-004  2.532427500710937E+001
    248  8.467775500986205E-004  3.617742791171408E+001
    387  8.276379723155688E-004  4.845493173747810E+001
    405  8.237825541550983E-004  5.340951413863353E+001
    663  8.012515682457484E-004  1.095408569103236E+002
    151  7.981423350441592E-004  3.097448214004631E+001
    300  7.909857121079793E-004  3.871033423098082E+001
    456  7.872866728780986E-004  5.758475825352298E+001
    585  7.789231834608760E-004  1.071721890576240E+002
     58  7.718314273136063E-004  2.603619761911758E+001
   1070  7.705836638170274E-004  1.350535885837313E+002
    650  7.643853055682314E-004  1.090061273622073E+002
   1052  7.584048919897701E-004  1.330891459743712E+002
     18  7.558845720873602E-004  2.124694793769305E+001
    918  7.553499242519924E-004  1.263810693695273E+002
    549  7.330997634858695E-004  1.043755820157491E+002
    423  7.318921294023942E-004  5.491452382822700E+001
    797  7.248234912094875E-004  1.161224071144865E+002
    494  7.222987450842221E-004  5.959072402434833E+001
    482  7.199916887712020E-004  5.890508639424976E+001
    453  7.143798032477832E-004  5.734859743017803E+001
    991  7.119717905237450E-004  1.298309517843196E+002
     94  7.079278770673876E-004  2.803048707399637E+001
     33  7.037639900048484E-004  2.387502434282544E+001
     92  6.965708683066270E-004  2.796966533379813E+001
   1013  6.957969818726304E-004  1.306191025791559E+002
    500  6.932402488137903E-004  6.016266526055261E+001
    259  6.862671893254226E-004  3.731129763636223E+001
    588  6.793621540290201E-004  1.072780161282308E+002
    505  6.781287002877386E-004  6.089365906344585E+001
    480  6.714848509685575E-004  5.887142017505539E+001
    543  6.709209380760357E-004  1.026098663261161E+002
    413  6.652647100402146E-004  5.407796767412047E+001
    115  6.647618652427821E-004  2.908676806680809E+001
    427  6.630229053710881E-004  5.530625255614972E+001
    832  6.595686343380013E-004  1.176150872586579E+002
    262  6.565176631795622E-004  3.754826259370084E+001
    132  6.522571862478960E-004  2.978147182311027E+001
    924  6.517519968292209E-004  1.267645350898773E+002
    114  6.418618316755598E-004  2.903390568794284E+001
    983  6.384914965075119E-004  1.293699640118089E+002
    554  6.360898315785874E-004  1.048978551747549E+002
    516  6.299826073408286E-004  6.114879167768425E+001
    689  6.197950802153751E-004  1.108992280227757E+002
   1066  6.122253276960001E-004  1.341339055776214E+002
    548  5.893837151742064E-004  1.041098140943872E+002
    780  5.813498339391936E-004  1.153482258688003E+002
    898  5.812913268923547E-004  1.236287338505038E+002
    944  5.785873574957740E-004  1.278264506290159E+002
    854  5.774597775193593E-004  1.190938927222375E+002
    905  5.620531326456979E-004  1.252963463377060E+002
    185  5.477301312118122E-004  3.329017879350934E+001
    748  5.464099797261235E-004  1.128453459062848E+002
    821  5.442667095475861E-004  1.173213489801490E+002
    826  5.435427892228295E-004  1.174535409692338E+002
    272  5.368076940830447E-004  3.770876893490352E+001
    909  5.294567357519825E-004  1.256671150468244E+002
     12  5.270279098051577E-004  1.791855268392995E+001
    190  5.146131695253915E-004  3.352213579831744E+001
    319  5.051106001168512E-004  3.955367029075058E+001
    182  4.958431250447677E-004  3.313118961536368E+001
    459  4.928841536210777E-004  5.797524108925945E+001
    681  4.853313880448261E-004  1.107150530846271E+002
    403  4.832205793800741E-004  5.332276567118551E+001
    223  4.752922698893083E-004  3.452101188794168E+001
     26  4.572170991950555E-004  2.275577786050195E+001
    445  4.554345279076504E-004  5.650985963977887E+001
    442  4.551577841942415E-004  5.605259237502305E+001
    233  4.549602965797471E-004  3.536858076063520E+001
     65  4.548324113497926E-004  2.645533186342116E+001
    557  4.461891717762217E-004  1.053298087456868E+002
      5  4.443841394731998E-004  1.580375607842547E+001
     31  4.367508763009341E-004  2.349957735236975E+001
    822  4.364710304215748E-004  1.173379890193997E+002
    659  4.232464960736549E-004  1.093169473413985E+002
    211  4.190244243133349E-004  3.422885497659050E+001
    808  4.154200130269615E-004  1.166438640424820E+002
    802  4.149139916355552E-004  1.163074247182627E+002
     96  4.142046045071389E-004  2.807603105873968E+001
    669  4.054839798734404E-004  1.098991161820264E+002
   1033  4.047028441956145E-004  1.314921549657209E+002
    386  4.037975530641980E-004  4.778448827008048E+001
    209  4.012035932800478E-004  3.420776675567321E+001
    550  3.984128885877918E-004  1.044255141670578E+002
    258  3.962009869590948E-004  3.725675246841864E+001
    404  3.952745731860872E-004  5.332919471058649E+001
    698  3.879438086083857E-004  1.111543499618823E+002
    760  3.856808786258676E-004  1.133648679091437E+002
    155  3.779690303145705E-004  3.129077640287002E+001
    346  3.696082900093662E-004  4.251353138364797E+001
    712  3.675860870962171E-004  1.118479116964762E+002
   1045  3.640697134656302E-004  1.322246800166877E+002
    623  3.626510088987220E-004  1.084311616311891E+002
    120  3.625653915124653E-004  2.935022978395871E+001
    972  3.591790791804810E-004  1.289491342298440E+002
    680  3.552788964659397E-004  1.106808485277705E+002
    491  3.517335840675687E-004  5.916484178919298E+001
      1  3.448675728321471E-004  1.480943860687432E+001
    917  3.413334729659063E-004  1.262583151256411E+002
     22  3.412387175255016E-004  2.149928230079738E+001
    154  3.388255034568440E-004  3.128025029310897E+001
    142  3.370906610061460E-004  3.011700635419402E+001
    635  3.367931289203479E-004  1.087402789130293E+002
    381  3.334559553584946E-004  4.623753374880091E+001
    532  3.328608649750440E-004  6.299204701993657E+001
    395  3.267708487525890E-004  5.279005865968511E+001
    870  3.264174356706592E-004  1.203621491035894E+002
    396  3.246598999117500E-004  5.292259014309509E+001
    330  3.245594797901078E-004  4.000719691328421E+001
     44  3.226329742553868E-004  2.487547588775838E+001
    376  3.218443438395071E-004  4.578482274843697E+001
     93  3.189025505396446E-004  2.801831476528660E+001
    468  3.149179218721888E-004  5.850419738659161E+001
   1042  3.127584406132309E-004  1.319938555239870E+002
    186  3.121937549392653E-004  3.335079910483972E+001
    351  3.097796279670409E-004  4.290814690346715E+001
    172  3.090976883052408E-004  3.254695536480502E+001
    855  3.087461027170655E-004  1.192335282432478E+002
    525  3.041190820171421E-004  6.201689187624501E+001
    503  3.025446971644157E-004  6.062899617907863E+001
    930  3.013177707254422E-004  1.272550109882912E+002
    593  2.985930554972624E-004  1.074633420950339E+002
    448  2.978817913705557E-004  5.707216855561523E+001
    425  2.952120706881635E-004  5.512885982268182E+001
    232  2.928894740739642E-004  3.530982942235851E+001
    434  2.911910018171247E-004  5.556859477681133E+001
    763  2.877903675156286E-004  1.136578287383470E+002
    611  2.860690441853993E-004  1.080609110523806E+002
    929  2.852339246680355E-004  1.272324166790593E+002
    973  2.846726101040286E-004  1.290303348922233E+002
    402  2.832009089632023E-004  5.323403324336612E+001
    208  2.827311427733270E-004  3.420400517096608E+001
    745  2.808143750622373E-004  1.127541380335163E+002
    197  2.787515653871433E-004  3.407091137263039E+001
    109  2.769508075667462E-004  2.888359254004277E+001
    454  2.707665265637564E-004  5.753531790534946E+001
    199  2.702569739500301E-004  3.411214171315592E+001
   1062  2.686975749422022E-004  1.338537297016246E+002
    433  2.681817829661117E-004  5.552394895078822E+001
    717  2.673758560467657E-004  1.119901298340990E+002
    851  2.645228538367800E-004  1.189105890777936E+002
    193  2.641999821868944E-004  3.387383688791338E+001
     71  2.604320507955148E-004  2.691074291878593E+001
    229  2.589527340233098E-004  3.477639317683153E+001
    762  2.569767510668295E-004  1.134504722361933E+002
    143  2.560095454279531E-004  3.021552765862468E+001
    379  2.539303581940838E-004  4.610002508350383E+001
     55  2.509886370369896E-004  2.564739582447731E+001
    487  2.505660964293063E-004  5.901096182276392E+001
    188  2.500811456970568E-004  3.343297855491465E+001
    207  2.490344717327863E-004  3.419271829752626E+001
   1036  2.454257533828283E-004  1.315563975924429E+002
    848  2.421710411816644E-004  1.185512117490796E+002
    335  2.413274395350205E-004  4.064698242871874E+001
    578  2.404496660314385E-004  1.068696587706935E+002
    117  2.402705451020416E-004  2.915145470361619E+001
    164  2.374975919359256E-004  3.156123118588701E+001
    343  2.337814604187349E-004  4.223776350771931E+001
    784  2.303330559231240E-004  1.156115101864969E+002
    964  2.299511846293558E-004  1.284811881676410E+002
    380  2.296034301280164E-004  4.621788456267294E+001
    527  2.268269942380900E-004  6.211137902133680E+001
    278  2.265600941365115E-004  3.775225448216675E+001
     54  2.260350217260322E-004  2.537118147105558E+001
   1058  2.236015380162600E-004  1.334381531708862E+002
   1048  2.224365739859737E-004  1.325281096806480E+002
    245  2.205702169776868E-004  3.584895809931362E+001
    294  2.204229334197213E-004  3.844005427068350E+001
     11  2.194903144432667E-004  1.771447447329438E+001
     66  2.172606069269419E-004  2.653041695388611E+001
    316  2.172150416996735E-004  3.947722492082590E+001
    768  2.157694724378895E-004  1.140511281344195E+002
    256  2.142183443506506E-004  3.708485200545782E+001
     95  2.132396093730455E-004  2.806113631432304E+001
   1001  2.120430899307378E-004  1.301907504163165E+002
    877  2.118811592717094E-004  1.207635072396237E+002
    347  2.116751866277162E-004  4.251894246220620E+001
    195  2.089246576661813E-004  3.399004655216064E+001
    255  2.077813593885347E-004  3.705801266502003E+001
   1041  2.065279079578537E-004  1.318604688563310E+002
    306  2.040260660729403E-004  3.922583615449084E+001
    417  2.034104005154967E-004  5.432386496665636E+001
     78  2.010604465010019E-004  2.724001953302053E+001
    686  2.010446479297871E-004  1.108321598991433E+002
    126  2.002906387488874E-004  2.957864372821811E+001
    943  1.990553110016624E-004  1.278255860865938E+002
    348  1.981889838101432E-004  4.278252907839931E+001
    274  1.980287182747394E-004  3.771469066363962E+001
     16  1.979100787813821E-004  2.083990463296455E+001
     36  1.974997738458893E-004  2.408548968715760E+001
    329  1.974938840917589E-004  3.994917835777716E+001
    860  1.974569045584889E-004  1.193608179742887E+002
    322  1.949587785451806E-004  3.962934885257222E+001
    541  1.949116518207890E-004  1.020561485810812E+002
    975  1.941934481570519E-004  1.290479361570385E+002
    135  1.911490707234982E-004  2.990996926970350E+001
    825  1.903586069474616E-004  1.174155068731360E+002
    576  1.881543369758589E-004  1.068188420241767E+002
    145  1.837701352589443E-004  3.035386176419680E+001
    399  1.809020354850084E-004  5.300117686152819E+001
    911  1.789737891478759E-004  1.258968376271585E+002
    645  1.788329872906422E-004  1.088758352374567E+002
    341  1.718532288267917E-004  4.207899368185591E+001
    302  1.717534001524746E-004  3.874867387838012E+001
    436  1.690546231979674E-004  5.562240782737462E+001
    203  1.675066553017338E-004  3.415596231316062E+001
    283  1.674180254889856E-004  3.781664732037148E+001
   1075  1.656059998716832E-004  1.852007864492208E+002
    292  1.650496057949883E-004  3.837765227419467E+001
    637  1.636434956283418E-004  1.087708716348475E+002
    960  1.630270893191384E-004  1.283710541965592E+002
    514  1.618326534807412E-004  6.112143562944963E+001
    783  1.570164227777299E-004  1.155776779712016E+002
    293  1.564595805918328E-004  3.840315559517953E+001
   1044  1.551933688297392E-004  1.320835593454495E+002
    312  1.549530079998084E-004  3.940338989709551E+001
    778  1.546388237933638E-004  1.153062331743218E+002
    795  1.544699288735724E-004  1.159446042090269E+002
    772  1.531680642243310E-004  1.144444014986270E+002
    868  1.519495966677750E-004  1.199994649602093E+002
     35  1.508232253093729E-004  2.406163852032448E+001
    415  1.497341787350375E-004  5.409773008136273E+001
    474  1.491461823605367E-004  5.866520048333617E+001
     98  1.476499263514641E-004  2.810036398063808E+001
    928  1.475964277790009E-004  1.271758190169006E+002
    524  1.470520015552243E-004  6.196836567938324E+001
   1032  1.455085823673548E-004  1.314270448258869E+002
    538  1.446128705580366E-004  8.801939400846273E+001
    793  1.440604736225696E-004  1.158943894419280E+002
    671  1.427045260933831E-004  1.100461630260976E+002
    687  1.403406943958625E-004  1.108477970364615E+002
    230  1.382861373251886E-004  3.507000892128892E+001
    632  1.377195035703929E-004  1.086732063917954E+002
    385  1.361992379808335E-004  4.744969147605799E+001
    462  1.351802835422647E-004  5.834568949164402E+001
    299  1.341275213788300E-004  3.861147003050849E+001
    407  1.328926123776809E-004  5.355040632372296E+001
    639  1.328894100335522E-004  1.087924757147032E+002
    360  1.328540880115520E-004  4.501412031898634E+001
    221  1.323609495001660E-004  3.444064242877499E+001
    883  1.319812955985142E-004  1.212822283474710E+002
     99  1.319458692572581E-004  2.813215700322161E+001
    287  1.312705625695745E-004  3.806334999222836E+001
    369  1.291338779132117E-004  4.556664797594529E+001
    288  1.280622716173167E-004  3.825168870868715E+001
    276  1.277074443584097E-004  3.774173651101562E+001
    156  1.274843605762441E-004  3.133959801814033E+001
    700  1.273142027242363E-004  1.112187707043413E+002
    138  1.271949085483671E-004  2.998810658959070E+001
    238  1.270061608449407E-004  3.562010162214489E+001
    271  1.269208748098684E-004  3.769377629908810E+001
    604  1.264496659505129E-004  1.078901483894559E+002
    733  1.257312634155787E-004  1.125211996768446E+002
     28  1.253329043927156E-004  2.303576073275412E+001
     20  1.246980892121189E-004  2.146722812704134E+001
    708  1.238977353966636E-004  1.116659378913442E+002
    597  1.230978345416165E-004  1.076362394255561E+002
    934  1.219738367955517E-004  1.274026915475210E+002
    967  1.218569647221342E-004  1.287730879251822E+002
    184  1.201969186852475E-004  3.328145954751520E+001
    452  1.200408230461921E-004  5.732416656661538E+001
    992  1.199892740542954E-004  1.299169051159237E+002
    812  1.192651112663766E-004  1.169499526914024E+002
    865  1.192614206790638E-004  1.195233182598442E+002
    979  1.189381291252748E-004  1.292073280791942E+002
    161  1.187466079159784E-004  3.141544799468193E+001
    397  1.181206632483385E-004  5.292984574180642E+001
    873  1.181051755484417E-004  1.205400953636918E+002
   1031  1.178196258231317E-004  1.313824495210718E+002
    730  1.163431568254585E-004  1.124678820560711E+002
     74  1.161446690260925E-004  2.706787664592100E+001
    246  1.136626145767930E-004  3.612200287477440E+001
    349  1.131885967801650E-004  4.279212686889406E+001
    213  1.110345897787903E-004  3.426923698719692E+001
    160  1.095316706785394E-004  3.140287364756382E+001
     89  1.093632714263416E-004  2.787565477396676E+001
   1024  1.087784640491434E-004  1.310472886139475E+002
    997  1.080237693772955E-004  1.300952728722026E+002
    266  1.073094185673023E-004  3.763404507858488E+001
    977  1.066670058158521E-004  1.291448023039548E+002
    654  1.043160980472201E-004  1.091774321289355E+002
    948  1.027903369759115E-004  1.280530341997139E+002
    676  1.022693704847135E-004  1.102968009656115E+002
    694  1.014438695656796E-004  1.110208923005156E+002
    666  1.013553856043548E-004  1.096961217429448E+002
    331  9.979297503305332E-005  4.033978069592825E+001
    998  9.880029974204809E-005  1.301241144683907E+002
    269  9.840723974237074E-005  3.766609016559832E+001
    962  9.672060098083133E-005  1.284190833846668E+002
    377  9.590748188012626E-005  4.580996274485975E+001
    201  9.349666966878401E-005  3.413905621996786E+001
    320  9.287553750135608E-005  3.958466091098631E+001
    938  9.278308893111702E-005  1.276246332177813E+002
    742  9.151697797066662E-005  1.126546326383816E+002
    486  9.135030664104307E-005  5.898078655703418E+001
    391  9.125678850546723E-005  4.935295074539214E+001
    106  9.104100463717951E-005  2.873147041157064E+001
    725  9.091063365094830E-005  1.122622575126908E+002
    757  8.998072098630874E-005  1.131455979007981E+002
    326  8.988724214319187E-005  3.980074663620405E+001
    116  8.980291435782050E-005  2.910094471225916E+001
    236  8.979600066509728E-005  3.558504171265294E+001
     50  8.936482363437882E-005  2.524792740229145E+001
    630  8.771736706958458E-005  1.086464564510315E+002
    183  8.613472418563602E-005  3.317747871488443E+001
    697  8.602577881735650E-005  1.111168086390436E+002
    602  8.541302537533152E-005  1.078335831208874E+002
   1064  8.374285135620298E-005  1.339182935247794E+002
    615  8.352938226366024E-005  1.081646255451844E+002
    519  8.220807865860866E-005  6.116666091909611E+001
    643  8.210443612687864E-005  1.088529165631816E+002
    431  8.206676647169022E-005  5.545822575490884E+001
    204  8.071831707023822E-005  3.416741852472765E+001
    217  8.069416753031294E-005  3.432077633458158E+001
    239  7.978894483194706E-005  3.564788119351169E+001
    609  7.947094780959076E-005  1.080529774194348E+002
    325  7.887243260784776E-005  3.979678053884171E+001
    858  7.872777773007672E-005  1.193043137223610E+002
    520  7.859571412933964E-005  6.117519869664547E+001
     67  7.842752247469922E-005  2.663955326886673E+001
    559  7.788548909529977E-005  1.054467335457494E+002
    932  7.750936465618302E-005  1.272890793904072E+002
    493  7.746450408318335E-005  5.956939432616837E+001
    919  7.742551085461731E-005  1.264669767465423E+002
     46  7.707520750748216E-005  2.508968851186969E+001
   1039  7.654310769130618E-005  1.317789778316224E+002
    130  7.554377011935675E-005  2.969026097336859E+001
    636  7.468079496312687E-005  1.087412284437008E+002
    582  7.420392452300813E-005  1.069886979669129E+002
     84  7.351376495748616E-005  2.748397341497807E+001
    212  7.181664708674280E-005  3.425448747044050E+001
    374  7.154832739492165E-005  4.576894168844035E+001
    148  7.050252930188532E-005  3.055713011308698E+001
    646  6.979330758495718E-005  1.089039652974663E+002
     77  6.926321092471663E-005  2.720977418778346E+001
   1018  6.859307907526122E-005  1.307425624046459E+002
    194  6.845717284150921E-005  3.388123191050668E+001
    355  6.823184851086510E-005  4.365668409738398E+001
     34  6.774351856882126E-005  2.394870774261297E+001
    824  6.770137359875468E-005  1.173851057796732E+002
    737  6.760280021518294E-005  1.125716601108342E+002
    467  6.699048273862052E-005  5.850070475174659E+001
   1021  6.572459948809271E-005  1.308784400027895E+002
    731  6.519963194006104E-005  1.124795031346507E+002
    716  6.436598411285785E-005  1.119313653155845E+002
   1008  6.377585206032584E-005  1.304054287055121E+002
    536  6.322287139302857E-005  7.244369170766353E+001
    842  6.308010110987657E-005  1.180365480395604E+002
    921  6.286269106941752E-005  1.266347372507485E+002
    251  6.227549625075465E-005  3.670193646720268E+001
     62  6.156652403192023E-005  2.630569023157911E+001
    774  6.137840217204909E-005  1.147299018357027E+002
    167  6.133535435399947E-005  3.206734480721192E+001
    986  6.127798661665315E-005  1.294778988001748E+002
    755  6.113852857764273E-005  1.130537195644052E+002
    455  6.083781669354800E-005  5.757818593173593E+001
    280  6.070043274026132E-005  3.777070006257392E+001
    719  6.037230447057427E-005  1.120361196403708E+002
    393  6.032084175822248E-005  5.117422678475859E+001
     59  5.892790842131213E-005  2.608228483109795E+001
    690  5.839078128553416E-005  1.109553167085971E+002
    791  5.751240742304432E-005  1.158399885308925E+002
    401  5.743944169187808E-005  5.310952948046032E+001
    568  5.722522701255348E-005  1.063884322375297E+002
    658  5.709571683628783E-005  1.092752908733605E+002
   1027  5.639308365422053E-005  1.311414239553258E+002
    281  5.624993324789743E-005  3.778222215271058E+001
    158  5.472855216218031E-005  3.138637587596471E+001
    989  5.462004038360542E-005  1.296856498562064E+002
    432  5.449916631057615E-005  5.551253331854516E+001
   1006  5.370897373355000E-005  1.303473844140781E+002
    892  5.356041729223140E-005  1.223146913863671E+002
    724  5.325347456612588E-005  1.122474317356576E+002
    414  5.278783509962955E-005  5.408443269732371E+001
    121  5.239787680752914E-005  2.937009161569695E+001
    607  5.196259208845497E-005  1.079782277499060E+002
    749  5.155969283292319E-005  1.128862829609149E+002
    297  5.144862766814895E-005  3.850412000814609E+001
    357  5.136150125960836E-005  4.413715889769129E+001
    174  5.098177825726692E-005  3.277024257542895E+001
    352  5.045325812139421E-005  4.345183818831803E+001
    282  5.008682833898837E-005  3.781601762519486E+001
    137  4.919155571024354E-005  2.996307755422044E+001
    119  4.903868549090030E-005  2.929038281335912E+001
    367  4.890876308658202E-005  4.546665367422378E+001
    955  4.859448117775882E-005  1.283043098504922E+002
    981  4.784453063216664E-005  1.292686845988868E+002
    678  4.700114408096888E-005  1.105298402911861E+002
    196  4.655358826124023E-005  3.402217963204272E+001
    810  4.640197699152288E-005  1.168542717379606E+002
    738  4.630654094011793E-005  1.126248828969786E+002
    564  4.621736518098539E-005  1.059223740174141E+002
      3  4.610066869655627E-005  1.530095081680193E+001
   1038  4.587962255454198E-005  1.317153469634680E+002
    937  4.584133017119534E-005  1.275975168353670E+002
    530  4.581675766293776E-005  6.265828803408258E+001
    398  4.559334720351004E-005  5.298968704937109E+001
     73  4.556361385755461E-005  2.704395448663374E+001
    338  4.516231578253376E-005  4.143596746217444E+001
    721  4.506011178481019E-005  1.121902054803930E+002
    769  4.505745509815386E-005  1.141494817506874E+002
    168  4.504829407775427E-005  3.223239881301075E+001
    305  4.503656811687973E-005  3.919092577852600E+001
    261  4.499658889924808E-005  3.751537038816641E+001
    189  4.488405135617839E-005  3.348575581421191E+001
     43  4.472319378755068E-005  2.485090944939308E+001
      6  4.435915583233088E-005  1.593905863128156E+001
     13  4.376762628091235E-005  2.038781372204352E+001
    333  4.371508936378875E-005  4.050570323460023E+001
    976  4.359680582765568E-005  1.291265023483052E+002
    285  4.284645298944252E-005  3.794670187788559E+001
    926  4.247655683659471E-005  1.269935099435139E+002
    613  4.229913855850250E-005  1.081325074305931E+002
    216  4.195583855594136E-005  3.431915233475488E+001
    275  4.154333650609926E-005  3.771871208633355E+001
    947  4.102324890607185E-005  1.280025795512814E+002
    173  4.073552093789643E-005  3.267731285541730E+001
    572  4.039896252143963E-005  1.066354688575440E+002
   1016  3.864274354337473E-005  1.306784011483153E+002
    940  3.839685684305805E-005  1.277053477702196E+002
    411  3.837211055245918E-005  5.390414096058870E+001
    631  3.776543202445435E-005  1.086593678715634E+002
    136  3.724110669673033E-005  2.995197020395121E+001
    560  3.591425639802031E-005  1.057397922085461E+002
    214  3.563077356058550E-005  3.429158842681225E+001
    267  3.543820158715582E-005  3.763942844703926E+001
   1050  3.519480841634004E-005  1.326682006609648E+002
   1005  3.503748069630256E-005  1.302961950162389E+002
    202  3.494906154071365E-005  3.414693728338715E+001
    103  3.486442758916022E-005  2.854698030319213E+001
    254  3.479679209663734E-005  3.696870162494890E+001
    336  3.465052281700647E-005  4.106442919982931E+001
    880  3.446946595113773E-005  1.209811659012211E+002
    150  3.441985467229735E-005  3.095380367517388E+001
    359  3.439301452326088E-005  4.440820660542785E+001
    123  3.386098970265088E-005  2.945706723223188E+001
    389  3.366323634485300E-005  4.924612888004685E+001
    153  3.349668135553755E-005  3.119128674334460E+001
    626  3.264272581997058E-005  1.085197354965440E+002
    950  3.255782152230197E-005  1.281356928004739E+002
     87  3.228968468496450E-005  2.773505635732142E+001
    478  3.223699584176218E-005  5.880478287498814E+001
   1056  3.182308933778922E-005  1.332822863268028E+002
    324  3.181377330600954E-005  3.965813849875591E+001
    843  2.982194910434850E-005  1.181049125326048E+002
     40  2.980847361721461E-005  2.429142631572386E+001
    498  2.911329835804254E-005  6.006055704270973E+001
    304  2.856380746013096E-005  3.902642388250331E+001
    831  2.828652367181070E-005  1.175849164822640E+002
    565  2.804884231178426E-005  1.059848591127986E+002
    875  2.763054121764773E-005  1.206504418490652E+002
    133  2.721233049531091E-005  2.980777525245198E+001
    813  2.717010572422751E-005  1.170211975618395E+002
    706  2.715506941498589E-005  1.115644797142602E+002
    450  2.707552669837888E-005  5.723022636777802E+001
    175  2.703318224353298E-005  3.282740528695558E+001
    835  2.694785796373163E-005  1.176766134664512E+002
    942  2.693356353455827E-005  1.277896527703618E+002
    555  2.653939067130622E-005  1.049505825405343E+002
    517  2.647186385740351E-005  6.116283191518230E+001
    264  2.640887219412152E-005  3.760740200223662E+001
    134  2.590568698959532E-005  2.989081555609098E+001
     30  2.563941840937951E-005  2.339033246897357E+001
    587  2.542934597447228E-005  1.072564562863978E+002
    777  2.492846426867675E-005  1.150636811545726E+002
    310  2.488534504518737E-005  3.933560718805473E+001
    237  2.474081307182662E-005  3.561350513334219E+001
    309  2.452264710511600E-005  3.929268620446922E+001
    484  2.445429368416371E-005  5.894622531819898E+001
    244  2.441172739746496E-005  3.582009297825139E+001
    314  2.421866486047971E-005  3.944402428691944E+001
    449  2.348755517142410E-005  5.713782918039372E+001
    502  2.273598803211945E-005  6.033057478557798E+001
    382  2.201596146939506E-005  4.661435463500721E+001
    511  2.151459339796816E-005  6.108291035790679E+001
    317  2.138134556607540E-005  3.952108816795088E+001
    321  2.118929674706264E-005  3.959878738143280E+001
    327  2.088608161994180E-005  3.980649710729982E+001
    573  2.086562075121242E-005  1.066520968004064E+002
    896  2.073767216669514E-005  1.231967026860033E+002
    361  2.037566466212126E-005  4.509188248244521E+001
    476  1.985711309731487E-005  5.874284760292872E+001
    334  1.966009302351436E-005  4.055961280242965E+001
    673  1.965851570916957E-005  1.101090602242966E+002
    131  1.957248168596412E-005  2.976719894627799E+001
    460  1.936276654331741E-005  5.821511818989060E+001
    751  1.899298354487061E-005  1.129352725370382E+002
    451  1.884240920229744E-005  5.726939793781466E+001
    894  1.855239175883422E-005  1.226855190700912E+002
    968  1.842878200180245E-005  1.287893908307005E+002
     70  1.831729173541382E-005  2.683332853591699E+001
    683  1.825084394864231E-005  1.107854094171573E+002
    101  1.810967290581102E-005  2.816121926613436E+001
    580  1.805360229543159E-005  1.069063882425304E+002
     61  1.783790985570981E-005  2.623624111749398E+001
    903  1.778890344658454E-005  1.249295857950171E+002
    187  1.777855673215157E-005  3.338593491458187E+001
     68  1.743483041857776E-005  2.665958995788216E+001
    420  1.722989482725641E-005  5.464265012038360E+001
    817  1.715649424691859E-005  1.171745914510001E+002
    542  1.715147681901538E-005  1.021380905135569E+002
    444  1.701560401492489E-005  5.640873014994138E+001
    561  1.673696864545281E-005  1.057823475786052E+002
   1009  1.661234206803526E-005  1.304609142394732E+002
    340  1.652501773441324E-005  4.203744443197692E+001
    394  1.644511875176616E-005  5.275338077531283E+001
    364  1.548271476204991E-005  4.528995878587361E+001
    710  1.547534622309231E-005  1.117114283703663E+002
    122  1.541897773286405E-005  2.942821875092930E+001
    570  1.535295325144982E-005  1.064458450110351E+002
    318  1.522440234930817E-005  3.952690512520030E+001
    295  1.508291658239086E-005  3.844649820311862E+001
    240  1.484473888605314E-005  3.568815433410965E+001
    471  1.481771829714725E-005  5.859921299406331E+001
    577  1.481225649629801E-005  1.068269012623950E+002
    286  1.469489333647853E-005  3.806107114689090E+001
    242  1.467177052743653E-005  3.575330164903793E+001
    234  1.448627410461196E-005  3.541632958107625E+001
    170  1.425981504389736E-005  3.240864442722207E+001
   1020  1.422005001538976E-005  1.308300137670077E+002
     25  1.405139618938741E-005  2.268285797328677E+001
   1034  1.395527024932119E-005  1.314975717016592E+002
     10  1.370589045300319E-005  1.630017574824609E+001
    350  1.369377884771716E-005  4.287084402122760E+001
    332  1.365562889830839E-005  4.036182328117159E+001
    567  1.350115804498170E-005  1.061175767374582E+002
    273  1.323426282281819E-005  3.771236202405859E+001
    307  1.316880360950194E-005  3.924418415703018E+001
     19  1.302327010644908E-005  2.137958735177528E+001
    521  1.298428792350714E-005  6.120499406654021E+001
    218  1.281638242071215E-005  3.434087154455664E+001
    667  1.255260734947371E-005  1.098231148083649E+002
    372  1.253728366723387E-005  4.569660817760900E+001
    887  1.244955858751253E-005  1.215278324822884E+002
    277  1.211101384900056E-005  3.774405278528796E+001
     76  1.198732456507047E-005  2.719040433196805E+001
    231  1.193401389825939E-005  3.529195130720404E+001
    837  1.181590459623550E-005  1.177814246314451E+002
    243  1.165082663469089E-005  3.580427376176280E+001
    953  1.157381405980557E-005  1.282835790234384E+002
    605  1.137160696478292E-005  1.079476682950407E+002
    176  1.125521083271814E-005  3.283702642513862E+001
    250  1.112099744882264E-005  3.645071914574685E+001
    289  1.092940081660430E-005  3.832422991649202E+001
    296  1.090326609758893E-005  3.847026909032138E+001
    540  1.071739759217760E-005  1.019596674086986E+002
    871  1.050548508731392E-005  1.204638135739833E+002
    528  1.031948855333868E-005  6.211763689923020E+001
    558  1.006692324300823E-005  1.054235904423783E+002
    323  1.004867078681896E-005  3.963162035223775E+001
    571  1.001611919155131E-005  1.065760725477823E+002
    610  9.950257982520977E-006  1.080548791140610E+002
   1014  9.799095924146439E-006  1.306579532637773E+002
    226  9.776365598968936E-006  3.460914941435140E+001
    198  9.524049592593697E-006  3.410095577154824E+001
    265  9.511296530459446E-006  3.762418150997995E+001
    594  9.491581787014560E-006  1.075267994995216E+002
    799  9.393321897224822E-006  1.161655148393659E+002
    441  9.392209209528630E-006  5.602297434426368E+001
    339  9.249562545164406E-006  4.199721405536648E+001
    481  9.106887592671534E-006  5.889564718758225E+001
    952  9.079593198980289E-006  1.282170243378332E+002
    180  8.913272069594802E-006  3.306959511625761E+001
   1029  8.790073897109950E-006  1.312589073638632E+002
    584  8.740995060782972E-006  1.071415131646536E+002
    853  8.667180930702127E-006  1.189950762444425E+002
     63  8.619936536561864E-006  2.633691355837915E+001
    464  8.595132137585531E-006  5.841767339850505E+001
    902  8.530608183199890E-006  1.246861225619736E+002
    257  8.453766760058026E-006  3.716053985696894E+001
    624  8.412344804554197E-006  1.084534043855216E+002
    803  8.284633735341594E-006  1.163959410830473E+002
    412  8.230378568069930E-006  5.399327798218789E+001
    473  8.188904249266976E-006  5.864875851961727E+001
    984  8.151680922464622E-006  1.293776492189174E+002
    702  8.148494829673927E-006  1.112791472783473E+002
    600  8.010380072956961E-006  1.078192567961393E+002
    916  7.877600679523155E-006  1.261858055404796E+002
    958  7.812478526660507E-006  1.283326337970340E+002
    147  7.714840491504056E-006  3.045498909450352E+001
     21  7.530897232975851E-006  2.149552581175353E+001
    375  7.380859856101538E-006  4.577921754207221E+001
    579  7.359817128549667E-006  1.068810185812333E+002
    373  7.163322009685293E-006  4.573517441489172E+001
    205  7.120216662459693E-006  3.418138862993963E+001
    162  7.068584860331630E-006  3.142013005221356E+001
    616  7.024996983561443E-006  1.081902144651443E+002
    409  6.970435285842629E-006  5.377950655266745E+001
    529  6.830989735463446E-006  6.213305424318654E+001
    345  6.731147859879405E-006  4.248475366295001E+001
    863  6.568898895061238E-006  1.194780899982511E+002
    672  6.327321917439646E-006  1.100523893058521E+002
    224  6.293037202948794E-006  3.456258153743839E+001
    798  6.292520553798084E-006  1.161233232814441E+002
    574  6.268883065964501E-006  1.067089856517616E+002
     56  6.258746802386636E-006  2.577494999028338E+001
    583  6.217464512482601E-006  1.070323413352247E+002
     97  6.117126186688730E-006  2.809615145046481E+001
    674  6.097780996576499E-006  1.101627157855635E+002
    508  5.961767271217116E-006  6.101348113010317E+001
    995  5.707626971488044E-006  1.300556822463785E+002
    342  5.495893187941277E-006  4.219280462450153E+001
    656  5.465686515146175E-006  1.092383325553483E+002
    496  5.455760715916464E-006  5.977778544840232E+001
    827  5.234817784591396E-006  1.174913134466901E+002
    366  5.214870874549721E-006  4.541480133184800E+001
    618  5.165799840285307E-006  1.083041655146542E+002
    469  5.126349725468181E-006  5.857260373695996E+001
    622  5.052317167328503E-006  1.084041586407917E+002
    104  5.043203468393308E-006  2.863475114667724E+001
    191  5.041275692573936E-006  3.372798248811258E+001
    589  5.041034282057132E-006  1.073243551551986E+002
    260  4.976452491891442E-006  3.745846822965304E+001
    337  4.889035236997712E-006  4.125439580477820E+001
   1068  4.876084980436970E-006  1.342139437973118E+002
    569  4.868546283395713E-006  1.064024371239422E+002
    595  4.709533432528375E-006  1.075727311228692E+002
    416  4.608058686599539E-006  5.412105627361211E+001
    169  4.559967572588191E-006  3.225245008090104E+001
    682  4.490912320683575E-006  1.107795174367904E+002
    596  4.437141550787321E-006  1.076305596761092E+002
    899  4.307419655793976E-006  1.237750393258326E+002
    435  4.245004210753167E-006  5.559833163642786E+001
     48  4.233112436459202E-006  2.521050943974308E+001
    675  4.230912530900819E-006  1.101932688761904E+002
    227  4.206578086908227E-006  3.461221107986133E+001
    695  4.164297896424818E-006  1.110404578737834E+002
    429  4.119001527746904E-006  5.542704693693687E+001
    370  4.112145589417319E-006  4.562254251008403E+001
    465  4.067051582871109E-006  5.845233409136720E+001
    128  3.988960860066569E-006  2.964876822252022E+001
    913  3.830580514135656E-006  1.260963173315474E+002
    219  3.800038600597927E-006  3.435584966495736E+001
    328  3.759387364672036E-006  3.982877398686839E+001
    670  3.748934063738192E-006  1.099218253642219E+002
    526  3.656252038743908E-006  6.205614154690332E+001
    621  3.533187755484414E-006  1.083828600305560E+002
    313  3.531502966209096E-006  3.941220320488696E+001
    789  3.520448647541314E-006  1.157939903252585E+002
   1022  3.510766681715512E-006  1.309570316227355E+002
    820  3.487486027540897E-006  1.173160626674297E+002
    410  3.450309378502082E-006  5.380004782230375E+001
   1063  3.385874298082951E-006  1.338610239777397E+002
    641  3.381376889833922E-006  1.088136450829588E+002
    713  3.347867069781302E-006  1.118750446375970E+002
    111  3.235752563995853E-006  2.891758955889047E+001
    356  3.149958721130402E-006  4.399929676237998E+001
    988  3.119977381216501E-006  1.295230022337254E+002
     85  3.117663251145635E-006  2.757726243328665E+001
    756  3.077458593307270E-006  1.131019348749128E+002
    447  3.019772175669212E-006  5.692641404400948E+001
    601  3.010425481333850E-006  1.078222216339937E+002
     72  2.917417774726847E-006  2.695844835194747E+001
   1076  2.915719939952650E-006  1.858411948136732E+002
    684  2.899742090344937E-006  1.108055531440044E+002
    800  2.818720036579981E-006  1.161811067685375E+002
    608  2.779369269786471E-006  1.080310773431174E+002
    129  2.762666797581223E-006  2.967722940199728E+001
    634  2.746974665154493E-006  1.087110579745548E+002
    171  2.744750809015987E-006  3.251692712246987E+001
   1073  2.738428198455738E-006  1.355646294676644E+002
    179  2.725882375633601E-006  3.301071504933698E+001
    633  2.674022444807482E-006  1.086770367044967E+002
    457  2.651721554816821E-006  5.770039153165104E+001
    220  2.591681644561574E-006  3.440936379612124E+001
    509  2.512464940432906E-006  6.104665142125116E+001
    311  2.481502762284516E-006  3.939193935233331E+001
    428  2.427451353195580E-006  5.539697768550786E+001
    910  2.395033692109098E-006  1.258349422363612E+002
    159  2.374238475225625E-006  3.140014259635325E+001
    787  2.359758242659842E-006  1.157066821730262E+002
    861  2.309807016177016E-006  1.193618968506130E+002
    923  2.250451701126953E-006  1.267345977181097E+002
    141  2.240431043626652E-006  3.005205957969120E+001
    490  2.226351533583578E-006  5.909746584665749E+001
   1046  2.197084914367627E-006  1.322741703884410E+002
    463  2.172642725056886E-006  5.840368106338346E+001
   1026  2.170252942510641E-006  1.310988308446859E+002
    665  2.165669820416958E-006  1.096195054263975E+002
    591  2.143657003916785E-006  1.073970459895217E+002
   1040  2.132893179199900E-006  1.318325334098182E+002
    732  2.116061823926637E-006  1.124809932511083E+002
     75  2.109587818133482E-006  2.717284531466260E+001
    845  2.031667144884859E-006  1.182722434309271E+002
    127  2.008716407308192E-006  2.958197907168710E+001
    709  1.993776833304529E-006  1.116986555393093E+002
   1004  1.961761256885475E-006  1.302828791464404E+002
    354  1.912855094224501E-006  4.358717802496741E+001
    696  1.901168649089883E-006  1.111110130672436E+002
    362  1.867314867988071E-006  4.520209191521082E+001
    846  1.841785971537352E-006  1.183733977129572E+002
    625  1.815488837329128E-006  1.084878781680722E+002
    679  1.727661934637949E-006  1.106299731616480E+002
    437  1.725728838524345E-006  5.567668099873953E+001
   1035  1.716254812566008E-006  1.315022364948826E+002
    263  1.710443935603801E-006  3.756851288337069E+001
    461  1.699812103367884E-006  5.832169084274378E+001
    619  1.685355199199428E-006  1.083262496248409E+002
    790  1.681532934206928E-006  1.158127479939932E+002
    617  1.645318050727435E-006  1.082069188907082E+002
   1000  1.644427958773865E-006  1.301375093272533E+002
    315  1.640435140515854E-006  3.946262277995078E+001
    879  1.609711484433182E-006  1.208628531744268E+002
    640  1.603506563247346E-006  1.088027953187827E+002
     83  1.591664990171853E-006  2.745200449399356E+001
    284  1.573356153538120E-006  3.794002386601017E+001
    963  1.572964290867433E-006  1.284456810480366E+002
    353  1.561371680308940E-006  4.354452657935016E+001
    146  1.549584885598946E-006  3.038455959742199E+001
    785  1.505107312672183E-006  1.156515149006221E+002
   1028  1.498331264993537E-006  1.312419762585663E+002
    838  1.480439610456324E-006  1.178077045912047E+002
    862  1.461878307044281E-006  1.194326389788892E+002
    677  1.436049176545134E-006  1.104103779431708E+002
    365  1.425427230705392E-006  4.540196146988517E+001
    660  1.413084790315072E-006  1.093929129115852E+002
    829  1.375729082165316E-006  1.175434491795728E+002
    804  1.366372070269629E-006  1.164307012054320E+002
    603  1.364934407596296E-006  1.078480909052838E+002
    961  1.364197685861871E-006  1.283826108536399E+002
    235  1.350984445128892E-006  3.553329683850696E+001
    927  1.316140839403911E-006  1.271118445081471E+002
    744  1.308613791896331E-006  1.127340165661099E+002
    691  1.302085165961857E-006  1.109942746792360E+002
    627  1.292775242928598E-006  1.085359599099982E+002
    922  1.289507108351646E-006  1.267277337836395E+002
   1054  1.269165373345243E-006  1.332101619260334E+002
    796  1.249208979431614E-006  1.160406419035091E+002
    866  1.248340507150586E-006  1.198737679274225E+002
    936  1.247472208431080E-006  1.275963114471066E+002
    891  1.244470453549428E-006  1.222344606190913E+002
   1002  1.241687765403224E-006  1.301955720736593E+002
    515  1.215745478606034E-006  6.113166482037749E+001
    722  1.207663888065909E-006  1.121989232781130E+002
    638  1.184846098816876E-006  1.087773663504995E+002
    657  1.165561947157522E-006  1.092680437977900E+002
    685  1.149245849900773E-006  1.108208915724099E+002
   1010  1.120060222617040E-006  1.305150376372933E+002
    815  1.119512118613225E-006  1.170844697210597E+002
   1059  1.110879378262587E-006  1.335352794510990E+002
    933  1.106434243240514E-006  1.272967505112425E+002
    408  1.105367030753694E-006  5.368647704938994E+001
    985  1.082573323183530E-006  1.294454523269476E+002
    523  1.073197946339347E-006  6.195141091349550E+001
    707  1.062014081432304E-006  1.116484954290111E+002
    974  1.061057997955498E-006  1.290391941684268E+002
    504  1.057854156023241E-006  6.073767201700102E+001
    994  1.057616084188317E-006  1.299886393654431E+002
    107  1.055807861600839E-006  2.880093649968087E+001
    225  1.027288615334516E-006  3.458265676939745E+001
    590  1.019191778461984E-006  1.073381491314167E+002
   1011  1.018768746669543E-006  1.305590563134582E+002
    699  1.011705574336750E-006  1.111753891148923E+002
    807  9.787892768906701E-007  1.166040027024774E+002
    747  9.758789002602335E-007  1.128221651622354E+002
    758  9.757030918928914E-007  1.131945788764974E+002
    727  9.755995666361367E-007  1.123838421661365E+002
    629  9.718065301585207E-007  1.086436456014825E+002
    668  9.690389206703526E-007  1.098358517134249E+002
     47  9.640995726098103E-007  2.514695584094496E+001
    969  9.539795234781501E-007  1.288232913140608E+002
    470  9.368259347732552E-007  5.858950887133865E+001
    884  9.258804974704423E-007  1.212913619330936E+002
    915  9.177160696595716E-007  1.261627872997085E+002
    956  9.052121360245324E-007  1.283075816024711E+002
    849  8.969646661965286E-007  1.186556798515274E+002
    990  8.921057476806279E-007  1.297249883032466E+002
    781  8.846904448787013E-007  1.155015502370288E+002
    642  8.446143230827945E-007  1.088349318990273E+002
   1025  8.383080042385678E-007  1.310823101564250E+002
    782  7.585495903156069E-007  1.155663554633046E+002
    971  7.509534903023764E-007  1.289111652451389E+002
    506  7.485412009687754E-007  6.092479484159845E+001
    714  7.441637083176379E-007  1.118865310298163E+002
    786  7.360703212178539E-007  1.156679892855772E+002
    859  7.203269303055463E-007  1.193117826572047E+002
    443  7.175683217550864E-007  5.615506371008289E+001
   1043  7.049601188726352E-007  1.320181582363304E+002
    662  6.895891483998919E-007  1.094304874643061E+002
    794  6.723065313393735E-007  1.159299755047292E+002
   1049  6.717850990804172E-007  1.325964910892840E+002
    200  6.695975693978813E-007  3.413076352937113E+001
    767  6.624736766676699E-007  1.139787538815297E+002
    606  6.406938980927551E-007  1.079754075340127E+002
    764  6.172426772345129E-007  1.137269990775531E+002
    688  6.137555897439932E-007  1.108652117541332E+002
    703  6.041920140866520E-007  1.113359924967504E+002
    181  5.977397770959255E-007  3.309588236011395E+001
     15  5.942716959211537E-007  2.077312965636918E+001
    648  5.912060210234067E-007  1.089328290594756E+002
    371  5.844926810544691E-007  4.567834615857563E+001
    513  5.785171164217075E-007  6.111701004965728E+001
    556  5.590823221106259E-007  1.053074591696642E+002
    770  5.507924692178814E-007  1.141655133118217E+002
    715  5.485466759163620E-007  1.119122168057061E+002
     88  5.377750243959755E-007  2.776495450944637E+001
    792  5.339255383168069E-007  1.158579110744502E+002
    901  5.318778070039483E-007  1.246352700151236E+002
    939  5.318362707858673E-007  1.276788938661296E+002
     37  5.267473621005274E-007  2.413005277682491E+001
    228  5.128861472176365E-007  3.465329128304563E+001
    644  5.126087882228957E-007  1.088699046594824E+002
    522  5.111950098673567E-007  6.189501394570030E+001
    735  5.029508239727764E-007  1.125422257639707E+002
    734  5.013539965663746E-007  1.125227414297757E+002
    980  5.009591149906206E-007  1.292322903638887E+002
    949  4.923759326980462E-007  1.280833568476082E+002
    978  4.843459919247404E-007  1.291764873003617E+002
    705  4.748418125958533E-007  1.114879185885843E+002
    753  4.637705807873128E-007  1.130399909728984E+002
    893  4.505733887459700E-007  1.225899968537864E+002
    852  4.483306520855338E-007  1.189308904937423E+002
    818  4.299577413222310E-007  1.172202887178189E+002
    982  4.258169765258940E-007  1.293230544301462E+002
    664  4.109678399390839E-007  1.095868237421283E+002
    754  4.072584585027749E-007  1.130532912402911E+002
    920  3.958708892213559E-007  1.265729199247587E+002
    809  3.955828529939261E-007  1.168273457040169E+002
    805  3.923937064777679E-007  1.165442309434909E+002
    931  3.881190440353230E-007  1.272754104030811E+002
    728  3.877111736690766E-007  1.123911467240560E+002
    888  3.870347571036598E-007  1.215384892766490E+002
    614  3.844446818069844E-007  1.081499604581023E+002
    951  3.661732276591182E-007  1.282127111215003E+002
    766  3.529768066582042E-007  1.138313497862233E+002
    586  3.311052579176888E-007  1.072414988471015E+002
    711  3.145881097965764E-007  1.117833092223069E+002
    765  3.108819036136856E-007  1.138034732037320E+002
    876  3.100838110649007E-007  1.207338716680959E+002
    906  3.069032086970518E-007  1.253859334012492E+002
    118  3.038354396197913E-007  2.927665934202001E+001
    987  3.014574769376850E-007  1.295218650079724E+002
    935  2.966672128646338E-007  1.274477748704804E+002
   1037  2.927759224700677E-007  1.316166834102353E+002
    653  2.806408863584355E-007  1.090926521840726E+002
   1030  2.799046233487755E-007  1.313677884464318E+002
    761  2.715983851233104E-007  1.134019555363662E+002
    811  2.658675187707379E-007  1.169131613251637E+002
    867  2.652495472875287E-007  1.199420338065019E+002
    661  2.470008869562778E-007  1.094040232551639E+002
   1017  2.449522527998091E-007  1.307020085696559E+002
    562  2.430949104066709E-007  1.058125905236654E+002
    252  2.330788416483048E-007  3.681481496629917E+001
   1007  2.321321729272933E-007  1.303971511397991E+002
    816  2.211240316225194E-007  1.170854692244173E+002
    830  2.133254711965540E-007  1.175448785112390E+002
    726  2.090041275769207E-007  1.123280306605216E+002
    612  2.078293261706331E-007  1.080838271474082E+002
   1003  2.073372996207483E-007  1.302792324598297E+002
    908  2.035532236614299E-007  1.256350992978881E+002
    400  2.014112630641801E-007  5.304406357850599E+001
    406  1.970395876133071E-007  5.347162595814701E+001
    729  1.911010783178906E-007  1.124070412533170E+002
    651  1.869141326408030E-007  1.090123807306586E+002
    741  1.785931352588060E-007  1.126383251241469E+002
    499  1.785752109226853E-007  6.010190034988052E+001
    882  1.758054966420031E-007  1.212606419968792E+002
    736  1.727529625394063E-007  1.125700463249535E+002
    941  1.714250443825659E-007  1.277239710636116E+002
    693  1.641838985865576E-007  1.110198391814811E+002
    946  1.636644136747039E-007  1.279201366409634E+002
    779  1.608407454506259E-007  1.153237642854880E+002
    925  1.569136551414631E-007  1.268943605090481E+002
    957  1.563564264017431E-007  1.283224605383935E+002
    945  1.520185329591677E-007  1.278945431870569E+002
    993  1.519799189685770E-007  1.299638892136509E+002
    886  1.513874038237989E-007  1.214498350996194E+002
    439  1.407166592004792E-007  5.581771077364913E+001
    864  1.374763950810232E-007  1.195154318953015E+002
    750  1.301016114664241E-007  1.128980084302201E+002
    856  1.231147894306480E-007  1.192407591408727E+002
    914  1.145178096565643E-007  1.261343003660832E+002
    839  1.133815668003851E-007  1.178451551754228E+002
    878  1.131219208785720E-007  1.208553192243232E+002
    178  1.121072740008790E-007  3.291892583427273E+001
    966  1.105217277884599E-007  1.287120665380274E+002
    912  1.101119832372292E-007  1.259977317017505E+002
    788  1.090567139723449E-007  1.157595566872355E+002
     45  1.046037258509087E-007  2.505629895200580E+001
    739  9.661167977439390E-008  1.126267264275300E+002
    720  9.349148485447141E-008  1.121496181246094E+002
    424  9.325228518640046E-008  5.504400290817051E+001
    718  9.223037064058222E-008  1.120307816427976E+002
    740  8.567786473419863E-008  1.126281679605138E+002
    692  8.321606162253833E-008  1.109991362888409E+002
    599  8.130016853405212E-008  1.077354408464688E+002
    874  7.763099519042867E-008  1.206463359037059E+002
    773  7.715618791295772E-008  1.146041296786391E+002
    857  7.675005508076639E-008  1.192977858717030E+002
    900  7.016313354958728E-008  1.240255399934555E+002
    752  6.837393237463171E-008  1.129825416205730E+002
    368  6.567160201737429E-008  4.552075151204606E+001
    701  6.553605902478753E-008  1.112655741498095E+002
    620  6.330051647673928E-008  1.083700393844588E+002
    834  6.195756228556556E-008  1.176651591794238E+002
    388  6.013511224627432E-008  4.916519389587509E+001
    869  5.611058133608296E-008  1.201465244096069E+002
   1051  5.520307594205361E-008  1.330173846663143E+002
    704  5.109284769474783E-008  1.114088220449556E+002
    965  5.075437991806547E-008  1.286084743618769E+002
    840  3.903405015472812E-008  1.179674198090055E+002
   1012  3.711120062207870E-008  1.305860585800326E+002
    801  3.258063681640567E-008  1.162412158177078E+002
   1019  3.148724785178955E-008  1.307856127904329E+002
   1065  2.993036939819074E-008  1.340986810838602E+002
    545  2.943787701168487E-008  1.038885725205099E+002
    823  2.783475227145601E-008  1.173434151863991E+002
    759  2.681246263490775E-008  1.132523759465808E+002
    268  2.592708403837354E-008  3.765614789507087E+001
    124  2.347656395400695E-008  2.953039329658957E+001
    581  1.873748464463555E-008  1.069166383916512E+002
    841  1.817368556976754E-008  1.180046875638410E+002
    881  1.748497775117076E-008  1.212001054655417E+002
    814  1.739791503985455E-008  1.170571282096026E+002
    655  1.465020168790449E-008  1.092114390318620E+002
    647  1.314240070737841E-008  1.089204596390746E+002
     49  1.276064089549447E-008  2.521926711432687E+001
    628  1.246733540937704E-008  1.085999071252231E+002
    844  1.185267147063253E-008  1.182236522024691E+002
    649  1.011829283035883E-008  1.089557122086210E+002
    850  9.492177450555539E-009  1.188640670964077E+002
    904  8.809562460464129E-009  1.250437756508075E+002
    833  6.938693182319760E-009  1.176450554682990E+002
    652  6.687656863386278E-009  1.090805000764319E+002
    775  5.472773326777895E-009  1.149447083106751E+002
    828  5.350548484059072E-009  1.175132070682912E+002
    806  5.067430812926710E-009  1.165904998677036E+002
   1015  4.019798939805549E-009  1.306693309857935E+002
    819  3.314470757117564E-009  1.172617623112352E+002
   1023  3.045304238872449E-009  1.309907545973144E+002
    872  1.211950642807033E-009  1.204992644439996E+002
    996  1.203838767199820E-009  1.300741546440489E+002
    598  1.011784952600095E-009  1.077082259858063E+002
    999  9.262469005354262E-010  1.301340763851820E+002
    889  9.250000593046944E-010  1.221096476933091E+002
    488  5.858095443921825E-010  5.904214899548738E+001
    501  4.773877003754869E-010  6.025540211442135E+001
    885  3.594623362816921E-010  1.213849358963692E+002
    363  2.790087483289060E-010  4.523665715266514E+001
    959  2.613638423593675E-010  1.283643788123119E+002
    743  2.452242447827947E-010  1.126739704882794E+002
    723  2.102995397691586E-010  1.122249597820348E+002
    776  1.488308841488151E-010  1.150535509847603E+002
   1077  1.090883305046828E-010  6.189178021453241E+002
