# Number of modes
   1077
# Tabulated for different initial and final frequencies?
    F
# Mode index, Sj, (highest to lowest), omega_j
     27  2.395918645951293E-002  2.288948685305089E+001
    547  2.091882610167378E-002  1.040413527560943E+002
     91  1.159033326427272E-002  2.795709450840539E+001
    303  1.096575133216271E-002  3.891633174738261E+001
    291  1.031594378900335E-002  3.834865717601958E+001
    100  8.970585258412104E-003  2.814590236831992E+001
   1060  8.593828563009652E-003  1.336329109810919E+002
   1072  8.067412556001248E-003  1.354275255218108E+002
    535  7.184302031972779E-003  7.234684016852472E+001
     90  6.486366801929828E-003  2.792299487571685E+001
     29  6.264166297570174E-003  2.304600720746813E+001
    384  6.219840176180358E-003  4.693482184770667E+001
     14  6.117131186626268E-003  2.047451167645159E+001
      7  5.167356438168407E-003  1.598850297870253E+001
    537  5.068148272111300E-003  7.348438751630307E+001
   1074  4.950367584480515E-003  1.357832717908243E+002
   1070  4.659517741487468E-003  1.350535885837313E+002
     16  4.137226932641385E-003  2.083990463296455E+001
    300  3.827328821717858E-003  3.871033423098082E+001
     80  3.782449690725725E-003  2.737665388114407E+001
     17  3.636917830559064E-003  2.091913438766164E+001
    421  3.560510057386829E-003  5.469982084171487E+001
    392  3.448015822240161E-003  4.975569880244111E+001
   1058  3.428472384902083E-003  1.334381531708862E+002
   1069  3.034467614670230E-003  1.347402109836953E+002
     79  2.856526635127182E-003  2.728143790603452E+001
     39  2.786716352801592E-003  2.419216907562118E+001
    152  2.751141668119694E-003  3.107793476288124E+001
    344  2.746441404153825E-003  4.229281490750487E+001
     23  2.715100993951491E-003  2.160694502786773E+001
    290  2.675510205703853E-003  3.834059039797889E+001
     60  2.660265567063425E-003  2.612817271153773E+001
      8  2.583383368364504E-003  1.603898235084092E+001
    518  2.529229117478275E-003  6.116565427175681E+001
    402  2.498183088940164E-003  5.323403324336612E+001
    302  2.496137572858098E-003  3.874867387838012E+001
     57  2.469591260819781E-003  2.601044601303876E+001
    539  2.420305374725025E-003  1.004038214764926E+002
    110  2.319434790244653E-003  2.890337161783228E+001
    253  2.294868961696190E-003  3.690338042035397E+001
     69  2.152993737764841E-003  2.667931486079132E+001
     38  2.122932409220211E-003  2.415274881711009E+001
    186  2.080996814074101E-003  3.335079910483972E+001
    427  2.072640189654055E-003  5.530625255614972E+001
    180  2.024758549929312E-003  3.306959511625761E+001
     24  2.022225333388654E-003  2.165827626673025E+001
    458  2.010568150432889E-003  5.780961640938520E+001
    294  1.877558397228058E-003  3.844005427068350E+001
    438  1.860710316852177E-003  5.568774314714533E+001
     42  1.804395893635092E-003  2.442065503900721E+001
    329  1.768389825892220E-003  3.994917835777716E+001
     86  1.735778500135108E-003  2.760340701365068E+001
    163  1.703710710871604E-003  3.148605603035891E+001
   1045  1.653053555497466E-003  1.322246800166877E+002
    157  1.611330429461333E-003  3.136040875348826E+001
      1  1.603287404409265E-003  1.480943860687432E+001
    546  1.584945336606817E-003  1.038908634804570E+002
   1050  1.571493940403006E-003  1.326682006609648E+002
     44  1.568086261521397E-003  2.487547588775838E+001
    396  1.555445646774225E-003  5.292259014309509E+001
    489  1.542553318956275E-003  5.906665573291085E+001
     94  1.472383087519749E-003  2.803048707399637E+001
    398  1.440577097336332E-003  5.298968704937109E+001
    422  1.431948076638052E-003  5.478392604221921E+001
    383  1.372415126646621E-003  4.665506804468283E+001
    566  1.370913598123771E-003  1.060197199307676E+002
   1024  1.363558458661273E-003  1.310472886139475E+002
      9  1.351421130746207E-003  1.615282072713023E+001
    847  1.349652758534231E-003  1.183795327778256E+002
   1067  1.340858507093298E-003  1.341872351276505E+002
    192  1.324171648480608E-003  3.373139183933635E+001
    485  1.297198883024662E-003  5.896971858223063E+001
    387  1.289100892244318E-003  4.845493173747810E+001
    531  1.282671217179962E-003  6.280622541285696E+001
    548  1.263115934955671E-003  1.041098140943872E+002
    890  1.246199725280766E-003  1.222269695705770E+002
    105  1.240556745621488E-003  2.872870804936272E+001
   1057  1.226369455159189E-003  1.332882698940204E+002
     51  1.210832516571044E-003  2.527497960196780E+001
    165  1.203986809698159E-003  3.194792507678593E+001
    390  1.190795200823576E-003  4.930034545373515E+001
    119  1.190307160651789E-003  2.929038281335912E+001
    308  1.189926826258495E-003  3.924824416979163E+001
    139  1.173129019462050E-003  3.001327528760398E+001
     26  1.149232266044230E-003  2.275577786050195E+001
    103  1.123221165254487E-003  2.854698030319213E+001
    544  1.113246572312386E-003  1.037287728441322E+002
     52  1.093503470568363E-003  2.532370304309600E+001
     64  1.079294307559441E-003  2.637954322898939E+001
    495  1.061857104447418E-003  5.971063876484735E+001
    233  1.061270272495741E-003  3.536858076063520E+001
    553  1.057375935682042E-003  1.045844149005738E+002
    478  1.054759432103596E-003  5.880478287498814E+001
    551  1.050201070341225E-003  1.044758850995860E+002
    433  1.045761798507712E-003  5.552394895078822E+001
    114  1.040846392200087E-003  2.903390568794284E+001
     41  1.034108389594797E-003  2.434332602389209E+001
    543  1.017046614080206E-003  1.026098663261161E+002
     53  1.004998675879442E-003  2.532427500710937E+001
     82  1.000464874863382E-003  2.744742479332049E+001
   1031  9.893438300829871E-004  1.313824495210718E+002
    222  9.809582132719716E-004  3.444665555523785E+001
    895  9.767687909681337E-004  1.231922658586809E+002
    310  9.633961041664075E-004  3.933560718805473E+001
    582  9.602399826005254E-004  1.069886979669129E+002
     18  9.407015591417070E-004  2.124694793769305E+001
    453  9.260636292078518E-004  5.734859743017803E+001
    575  9.154598831992443E-004  1.067636975144964E+002
     58  8.973056390404659E-004  2.603619761911758E+001
    492  8.909950505603188E-004  5.919740097208313E+001
    256  8.769083720541261E-004  3.708485200545782E+001
    206  8.702062710587215E-004  3.418711639611698E+001
    258  8.697791975289002E-004  3.725675246841864E+001
    301  8.680982242080430E-004  3.874125966254066E+001
    215  8.672912712148162E-004  3.430912489816387E+001
    549  8.671915469227679E-004  1.043755820157491E+002
    288  8.589112370798228E-004  3.825168870868715E+001
    125  8.566979624489673E-004  2.955205187993630E+001
    195  8.446370747392696E-004  3.399004655216064E+001
    482  8.306602982357184E-004  5.890508639424976E+001
    102  8.288135420374541E-004  2.838723287464182E+001
    746  8.217824447320483E-004  1.128150956859242E+002
    991  8.142773335226502E-004  1.298309517843196E+002
    418  8.111644417226733E-004  5.440760214654593E+001
    140  8.057411662493833E-004  3.002380690834687E+001
    262  8.038955851880717E-004  3.754826259370084E+001
    505  8.037911535933780E-004  6.089365906344585E+001
    554  7.996693973875183E-004  1.048978551747549E+002
    472  7.893680629076531E-004  5.860732378330380E+001
    440  7.892744573006346E-004  5.589934491235444E+001
     92  7.855823764179566E-004  2.796966533379813E+001
     48  7.673387286592541E-004  2.521050943974308E+001
    248  7.613641751280878E-004  3.617742791171408E+001
    358  7.350205472771851E-004  4.418411045040358E+001
     35  7.214292483362433E-004  2.406163852032448E+001
    298  7.130365199155218E-004  3.860785506393049E+001
    397  6.941252063762853E-004  5.292984574180642E+001
    563  6.804555784989704E-004  1.058622417292547E+002
    164  6.725045089176735E-004  3.156123118588701E+001
    436  6.646993497056358E-004  5.562240782737462E+001
    395  6.640924845303178E-004  5.279005865968511E+001
   1044  6.614462750078217E-004  1.320835593454495E+002
    223  6.491153149583462E-004  3.452101188794168E+001
    907  6.431656188422870E-004  1.254774984052440E+002
    480  6.422032145332127E-004  5.887142017505539E+001
   1013  6.313537250121659E-004  1.306191025791559E+002
    241  6.061341815061651E-004  3.573178726353736E+001
    698  5.951032870453131E-004  1.111543499618823E+002
    204  5.945059753969881E-004  3.416741852472765E+001
    238  5.900019618085028E-004  3.562010162214489E+001
    326  5.895958688519040E-004  3.980074663620405E+001
    400  5.857567509941683E-004  5.304406357850599E+001
    341  5.644248367595130E-004  4.207899368185591E+001
    532  5.581827146019383E-004  6.299204701993657E+001
    763  5.511385810861960E-004  1.136578287383470E+002
   1053  5.498194823894227E-004  1.331993000158318E+002
    211  5.495013506306188E-004  3.422885497659050E+001
      5  5.424108313475534E-004  1.580375607842547E+001
    210  5.422131360243666E-004  3.421873300884823E+001
    510  5.378225603784074E-004  6.106496915014706E+001
    755  5.330803700503822E-004  1.130537195644052E+002
     31  5.300738633602680E-004  2.349957735236975E+001
    918  5.086649614869833E-004  1.263810693695273E+002
    552  5.081142491658694E-004  1.045004516183760E+002
    512  5.074319136936374E-004  6.110465593383906E+001
    748  5.062363411062360E-004  1.128453459062848E+002
    319  5.033690769479119E-004  3.955367029075058E+001
    376  4.994662701024033E-004  4.578482274843697E+001
    466  4.961233562215378E-004  5.848631456847294E+001
     93  4.952870890241142E-004  2.801831476528660E+001
      4  4.829175768024003E-004  1.555889535187236E+001
   1047  4.824640611774425E-004  1.324683504365100E+002
    477  4.801957562404611E-004  5.875439662154096E+001
    897  4.717022070738679E-004  1.233154024205701E+002
    207  4.592174693762834E-004  3.419271829752626E+001
    365  4.579283479146671E-004  4.540196146988517E+001
    393  4.553355997626622E-004  5.117422678475859E+001
    343  4.539542749146198E-004  4.223776350771931E+001
    550  4.470520842921012E-004  1.044255141670578E+002
    113  4.386929925509379E-004  2.894608485543543E+001
   1001  4.383315873834678E-004  1.301907504163165E+002
    607  4.368145953781592E-004  1.079782277499060E+002
    578  4.335681928816145E-004  1.068696587706935E+002
    399  4.297108506759853E-004  5.300117686152819E+001
    120  4.267487342548725E-004  2.935022978395871E+001
    293  4.244546079673529E-004  3.840315559517953E+001
    193  4.217907936445564E-004  3.387383688791338E+001
    232  4.209441271259313E-004  3.530982942235851E+001
    144  4.179932127879373E-004  3.023024488043693E+001
    983  4.150078115722961E-004  1.293699640118089E+002
    503  4.131850628414005E-004  6.062899617907863E+001
    909  4.124105405334104E-004  1.256671150468244E+002
     37  4.103040361715855E-004  2.413005277682491E+001
     40  4.053661110670169E-004  2.429142631572386E+001
     95  4.050614477803699E-004  2.806113631432304E+001
    423  4.048998950171478E-004  5.491452382822700E+001
    142  4.045776904266715E-004  3.011700635419402E+001
    360  4.029316746315853E-004  4.501412031898634E+001
    112  4.017283424808231E-004  2.893182478938967E+001
    330  4.014703279605215E-004  4.000719691328421E+001
    247  4.004629985591233E-004  3.613855018049320E+001
     54  3.995238486096638E-004  2.537118147105558E+001
    132  3.965622979830277E-004  2.978147182311027E+001
    793  3.924808021031184E-004  1.158943894419280E+002
     81  3.860276256693301E-004  2.737831616504717E+001
     96  3.721185719415904E-004  2.807603105873968E+001
    245  3.703435308222490E-004  3.584895809931362E+001
    425  3.678201606935930E-004  5.512885982268182E+001
    198  3.556719608415672E-004  3.410095577154824E+001
    279  3.556065025544435E-004  3.776291602598710E+001
    762  3.552980116705062E-004  1.134504722361933E+002
    760  3.458385366325139E-004  1.133648679091437E+002
    407  3.321310886038927E-004  5.355040632372296E+001
    240  3.318275747047571E-004  3.568815433410965E+001
    274  3.317010101170965E-004  3.771469066363962E+001
    474  3.298998599130158E-004  5.866520048333617E+001
    148  3.278469897566753E-004  3.055713011308698E+001
   1064  3.248912900575242E-004  1.339182935247794E+002
    602  3.212162905701281E-004  1.078335831208874E+002
    322  3.201599495463863E-004  3.962934885257222E+001
    519  3.188951714845511E-004  6.116666091909611E+001
    229  3.147750245665677E-004  3.477639317683153E+001
    742  3.146998992136252E-004  1.126546326383816E+002
    249  3.113145045323599E-004  3.643158917315001E+001
    712  3.040279037762044E-004  1.118479116964762E+002
    905  2.988731651964488E-004  1.252963463377060E+002
     12  2.959348973029872E-004  1.791855268392995E+001
    826  2.951989322141433E-004  1.174535409692338E+002
   1016  2.944458435503210E-004  1.306784011483153E+002
     11  2.916248748080369E-004  1.771447447329438E+001
    710  2.907249728000473E-004  1.117114283703663E+002
    541  2.895112037445294E-004  1.020561485810812E+002
    403  2.839584543918256E-004  5.332276567118551E+001
    970  2.803704955703555E-004  1.288440499253601E+002
     28  2.796431629428612E-004  2.303576073275412E+001
    333  2.765265539294570E-004  4.050570323460023E+001
    976  2.755831146751759E-004  1.291265023483052E+002
    203  2.696855734450975E-004  3.415596231316062E+001
    944  2.676356365156190E-004  1.278264506290159E+002
    464  2.671289731523960E-004  5.841767339850505E+001
    854  2.667595746680333E-004  1.190938927222375E+002
    572  2.665426726253545E-004  1.066354688575440E+002
    791  2.627988030189509E-004  1.158399885308925E+002
    432  2.587763624810268E-004  5.551253331854516E+001
    115  2.582856282838139E-004  2.908676806680809E+001
    986  2.565612365036526E-004  1.294778988001748E+002
    111  2.563017080129208E-004  2.891758955889047E+001
    808  2.555396961278751E-004  1.166438640424820E+002
    411  2.536268638922468E-004  5.390414096058870E+001
    851  2.521568047640616E-004  1.189105890777936E+002
    678  2.498092755906244E-004  1.105298402911861E+002
   1000  2.497848692410700E-004  1.301375093272533E+002
    347  2.487121838855637E-004  4.251894246220620E+001
    295  2.467863003352182E-004  3.844649820311862E+001
    812  2.432843058191878E-004  1.169499526914024E+002
    316  2.409163552644077E-004  3.947722492082590E+001
    386  2.390266218355060E-004  4.778448827008048E+001
    346  2.383023623318783E-004  4.251353138364797E+001
    617  2.379007295820837E-004  1.082069188907082E+002
    255  2.374636143574804E-004  3.705801266502003E+001
     36  2.352413704947906E-004  2.408548968715760E+001
    681  2.342335848373490E-004  1.107150530846271E+002
    557  2.339195565017900E-004  1.053298087456868E+002
    283  2.330221797958164E-004  3.781664732037148E+001
    156  2.317804709297269E-004  3.133959801814033E+001
     78  2.314766110464392E-004  2.724001953302053E+001
    497  2.291002053645719E-004  5.984833423050026E+001
    533  2.272317427027440E-004  6.344214913117692E+001
     33  2.269916498177017E-004  2.387502434282544E+001
    143  2.269816290853025E-004  3.021552765862468E+001
    769  2.263238756237251E-004  1.141494817506874E+002
    964  2.235427199065110E-004  1.284811881676410E+002
    236  2.233544244279663E-004  3.558504171265294E+001
    929  2.224292990918710E-004  1.272324166790593E+002
    797  2.213755392388366E-004  1.161224071144865E+002
    199  2.210046022407799E-004  3.411214171315592E+001
    137  2.197325376831450E-004  2.996307755422044E+001
    348  2.195651336817891E-004  4.278252907839931E+001
    917  2.176449967410252E-004  1.262583151256411E+002
    306  2.176016010259558E-004  3.922583615449084E+001
    928  2.174764994748125E-004  1.271758190169006E+002
    197  2.160953367591372E-004  3.407091137263039E+001
    507  2.152138057037549E-004  6.098134465730102E+001
     66  2.151300312372072E-004  2.653041695388611E+001
    960  2.126658010304078E-004  1.283710541965592E+002
    689  2.103630741882827E-004  1.108992280227757E+002
    587  2.102823434679962E-004  1.072564562863978E+002
    954  2.096849262976561E-004  1.282848493157465E+002
   1075  2.061266013671575E-004  1.852007864492208E+002
    938  2.053127355773094E-004  1.276246332177813E+002
    327  2.052402867670083E-004  3.980649710729982E+001
     20  2.046250533364539E-004  2.146722812704134E+001
    716  2.035875774415387E-004  1.119313653155845E+002
    351  2.033925419598751E-004  4.290814690346715E+001
    272  2.033291255746872E-004  3.770876893490352E+001
    997  2.030652232582184E-004  1.300952728722026E+002
     63  2.018928249167500E-004  2.633691355837915E+001
    188  1.967829908095263E-004  3.343297855491465E+001
    725  1.947757814198771E-004  1.122622575126908E+002
    721  1.931634465561082E-004  1.121902054803930E+002
    160  1.911560473608251E-004  3.140287364756382E+001
    780  1.901704287116032E-004  1.153482258688003E+002
   1038  1.900732525963851E-004  1.317153469634680E+002
    292  1.891924284561918E-004  3.837765227419467E+001
    623  1.889642526202643E-004  1.084311616311891E+002
    109  1.879891573271975E-004  2.888359254004277E+001
    855  1.879231843280212E-004  1.192335282432478E+002
    972  1.877655921935639E-004  1.289491342298440E+002
    597  1.868981021742614E-004  1.076362394255561E+002
     49  1.853762814352194E-004  2.521926711432687E+001
    778  1.843373727943472E-004  1.153062331743218E+002
    745  1.842331042369183E-004  1.127541380335163E+002
    706  1.836007447241468E-004  1.115644797142602E+002
    836  1.824846624666885E-004  1.177792466123822E+002
     22  1.806154677790252E-004  2.149928230079738E+001
    680  1.806085533762977E-004  1.106808485277705E+002
    611  1.802871713865369E-004  1.080609110523806E+002
    973  1.791159813236014E-004  1.290303348922233E+002
    947  1.772869486553870E-004  1.280025795512814E+002
   1021  1.756662828306701E-004  1.308784400027895E+002
    136  1.743919910133357E-004  2.995197020395121E+001
    154  1.743412956700719E-004  3.128025029310897E+001
    832  1.738491489479160E-004  1.176150872586579E+002
    694  1.737919575216411E-004  1.110208923005156E+002
    659  1.699907778256602E-004  1.093169473413985E+002
    663  1.699157067156535E-004  1.095408569103236E+002
    930  1.694534395890946E-004  1.272550109882912E+002
    385  1.692331572587699E-004  4.744969147605799E+001
    523  1.668768408567495E-004  6.195141091349550E+001
    417  1.668759227400114E-004  5.432386496665636E+001
    592  1.666331247220759E-004  1.074010896433819E+002
    873  1.627003467553071E-004  1.205400953636918E+002
    771  1.596353107426326E-004  1.142541813627527E+002
    434  1.549619938775619E-004  5.556859477681133E+001
    184  1.548446674125331E-004  3.328145954751520E+001
     32  1.538552899917409E-004  2.386019687247388E+001
    459  1.523940818098597E-004  5.797524108925945E+001
   1048  1.523105187795690E-004  1.325281096806480E+002
    989  1.521084573711522E-004  1.296856498562064E+002
    877  1.517781301542997E-004  1.207635072396237E+002
    621  1.507833303602316E-004  1.083828600305560E+002
    430  1.487411646261426E-004  5.544226538226409E+001
    686  1.481893813321792E-004  1.108321598991433E+002
    209  1.463343135438926E-004  3.420776675567321E+001
     70  1.460331212998960E-004  2.683332853591699E+001
    468  1.459475219372018E-004  5.850419738659161E+001
    588  1.451495262050989E-004  1.072780161282308E+002
    504  1.446130605303958E-004  6.073767201700102E+001
    870  1.441344843019180E-004  1.203621491035894E+002
    517  1.440463079848775E-004  6.116283191518230E+001
    239  1.417809893491972E-004  3.564788119351169E+001
    442  1.409657955706273E-004  5.605259237502305E+001
    221  1.401313759323845E-004  3.444064242877499E+001
    450  1.379881818078796E-004  5.723022636777802E+001
    585  1.376497172467032E-004  1.071721890576240E+002
   1018  1.373599804293027E-004  1.307425624046459E+002
    264  1.366411861356406E-004  3.760740200223662E+001
    599  1.361287746656453E-004  1.077354408464688E+002
    379  1.357203326886216E-004  4.610002508350383E+001
     55  1.354664153201337E-004  2.564739582447731E+001
   1034  1.354440656005663E-004  1.314975717016592E+002
    273  1.338532601499842E-004  3.771236202405859E+001
    671  1.335019705675524E-004  1.100461630260976E+002
    673  1.333259182801508E-004  1.101090602242966E+002
    691  1.308414578288196E-004  1.109942746792360E+002
    500  1.288926408384223E-004  6.016266526055261E+001
    802  1.288086821138159E-004  1.163074247182627E+002
    860  1.284703929662852E-004  1.193608179742887E+002
    580  1.283790161444024E-004  1.069063882425304E+002
    278  1.278563125853972E-004  3.775225448216675E+001
    530  1.274133108626660E-004  6.265828803408258E+001
    731  1.273947471939196E-004  1.124795031346507E+002
    730  1.269592725443629E-004  1.124678820560711E+002
   1052  1.254464953696688E-004  1.330891459743712E+002
    992  1.245111010541959E-004  1.299169051159237E+002
    118  1.242614495434065E-004  2.927665934202001E+001
    829  1.230118018530671E-004  1.175434491795728E+002
    570  1.228278014025370E-004  1.064458450110351E+002
   1066  1.228152062266932E-004  1.341339055776214E+002
    202  1.227181442308631E-004  3.414693728338715E+001
    161  1.224507660796869E-004  3.141544799468193E+001
    919  1.224166674405252E-004  1.264669767465423E+002
    667  1.219895135481176E-004  1.098231148083649E+002
    454  1.216297247021265E-004  5.753531790534946E+001
     89  1.193098700153171E-004  2.787565477396676E+001
    331  1.188261027232012E-004  4.033978069592825E+001
    593  1.169322388845094E-004  1.074633420950339E+002
    213  1.159869746952959E-004  3.426923698719692E+001
    267  1.144551104514388E-004  3.763942844703926E+001
    700  1.131255750019408E-004  1.112187707043413E+002
   1005  1.127196596920840E-004  1.302961950162389E+002
    138  1.127127332447698E-004  2.998810658959070E+001
    738  1.122220969610109E-004  1.126248828969786E+002
    289  1.119374659467176E-004  3.832422991649202E+001
     50  1.116227989041353E-004  2.524792740229145E+001
    246  1.090629795238509E-004  3.612200287477440E+001
    751  1.090417124460418E-004  1.129352725370382E+002
    230  1.083542121788836E-004  3.507000892128892E+001
     83  1.076650817106526E-004  2.745200449399356E+001
     74  1.065277103841952E-004  2.706787664592100E+001
     71  1.064232571760930E-004  2.691074291878593E+001
    516  1.051450011514129E-004  6.114879167768425E+001
    194  1.050825476584027E-004  3.388123191050668E+001
    183  1.049783016969992E-004  3.317747871488443E+001
     73  1.045544993032196E-004  2.704395448663374E+001
    145  1.036560746151261E-004  3.035386176419680E+001
    697  1.034031959604210E-004  1.111168086390436E+002
    749  1.030115210354556E-004  1.128862829609149E+002
    892  1.025623671309359E-004  1.223146913863671E+002
    943  1.008860739584656E-004  1.278255860865938E+002
    527  9.951796973797611E-005  6.211137902133680E+001
     67  9.633590057155249E-005  2.663955326886673E+001
    774  9.596228457285847E-005  1.147299018357027E+002
    643  9.576747520445056E-005  1.088529165631816E+002
    320  9.529434675878805E-005  3.958466091098631E+001
    212  9.404271690506216E-005  3.425448747044050E+001
    708  9.368340069424228E-005  1.116659378913442E+002
    377  9.356836763222083E-005  4.580996274485975E+001
    827  9.262891332391740E-005  1.174913134466901E+002
    498  9.260764450061328E-005  6.006055704270973E+001
    717  9.237039579270655E-005  1.119901298340990E+002
     34  8.940388902193908E-005  2.394870774261297E+001
    401  8.906198163131790E-005  5.310952948046032E+001
    106  8.890891616007421E-005  2.873147041157064E+001
    281  8.860215779732255E-005  3.778222215271058E+001
     99  8.822816171626073E-005  2.813215700322161E+001
    536  8.776682778833198E-005  7.244369170766353E+001
    756  8.750995444403285E-005  1.131019348749128E+002
    824  8.701087939700260E-005  1.173851057796732E+002
   1036  8.565629634912628E-005  1.315563975924429E+002
    177  8.532455705848831E-005  3.286305119332699E+001
    772  8.391762570544968E-005  1.144444014986270E+002
    784  8.162192704439768E-005  1.156115101864969E+002
    116  7.991334785122911E-005  2.910094471225916E+001
    130  7.916061878654370E-005  2.969026097336859E+001
    349  7.911725151581171E-005  4.279212686889406E+001
    702  7.909419125791321E-005  1.112791472783473E+002
    135  7.852443558407713E-005  2.990996926970350E+001
   1020  7.775195745691610E-005  1.308300137670077E+002
    205  7.761996313084453E-005  3.418138862993963E+001
    898  7.715467385993991E-005  1.236287338505038E+002
    448  7.581600932844141E-005  5.707216855561523E+001
    168  7.552286514400731E-005  3.223239881301075E+001
    962  7.471306404188866E-005  1.284190833846668E+002
   1027  7.336878621825134E-005  1.311414239553258E+002
    282  7.335941468798629E-005  3.781601762519486E+001
   1011  7.333797106519859E-005  1.305590563134582E+002
    446  7.302796901785732E-005  5.657515742254393E+001
     10  7.299488521892662E-005  1.630017574824609E+001
    276  7.208479502650960E-005  3.774173651101562E+001
    979  7.172077182560598E-005  1.292073280791942E+002
    426  6.994035973252512E-005  5.521112029631625E+001
     85  6.927055132082911E-005  2.757726243328665E+001
    858  6.899486319788043E-005  1.193043137223610E+002
    244  6.811089478531183E-005  3.582009297825139E+001
    525  6.802967401144297E-005  6.201689187624501E+001
     46  6.800791720679194E-005  2.508968851186969E+001
    357  6.776314761356896E-005  4.413715889769129E+001
    266  6.715822483206156E-005  3.763404507858488E+001
    155  6.704061137749807E-005  3.129077640287002E+001
    261  6.672468732740438E-005  3.751537038816641E+001
    981  6.663638086771557E-005  1.292686845988868E+002
    149  6.643705356996711E-005  3.064428879965062E+001
    733  6.568950093873052E-005  1.125211996768446E+002
    564  6.558138757453783E-005  1.059223740174141E+002
    515  6.492195953829165E-005  6.113166482037749E+001
    534  6.478583568447928E-005  6.352992396574133E+001
    134  6.471897840807801E-005  2.989081555609098E+001
    842  6.449268512606999E-005  1.180365480395604E+002
   1076  6.383225044223875E-005  1.858411948136732E+002
    158  6.348437571576584E-005  3.138637587596471E+001
    419  6.345921617179257E-005  5.447434435004674E+001
   1032  6.276202713317692E-005  1.314270448258869E+002
     13  6.269079692507503E-005  2.038781372204352E+001
     84  6.146243335446351E-005  2.748397341497807E+001
     62  6.087916334537008E-005  2.630569023157911E+001
    133  6.043439488851162E-005  2.980777525245198E+001
    945  6.004235844857014E-005  1.278945431870569E+002
    337  5.923661258305301E-005  4.125439580477820E+001
    666  5.889399899621954E-005  1.096961217429448E+002
    460  5.876437122988406E-005  5.821511818989060E+001
    871  5.812655585599497E-005  1.204638135739833E+002
   1055  5.801749545333558E-005  1.332315483337306E+002
   1041  5.799194395164337E-005  1.318604688563310E+002
    270  5.736997915569627E-005  3.767493462479421E+001
    174  5.724193358075228E-005  3.277024257542895E+001
    940  5.722898317338677E-005  1.277053477702196E+002
    456  5.714779260294199E-005  5.758475825352298E+001
    325  5.697806838794038E-005  3.979678053884171E+001
    117  5.592121345703676E-005  2.915145470361619E+001
    169  5.573635393710755E-005  3.225245008090104E+001
    926  5.535396944603558E-005  1.269935099435139E+002
    305  5.500338569274649E-005  3.919092577852600E+001
    848  5.457477984297417E-005  1.185512117490796E+002
    352  5.447215704238965E-005  4.345183818831803E+001
    942  5.371167985168515E-005  1.277896527703618E+002
    631  5.367266264698880E-005  1.086593678715634E+002
      6  5.356588543961562E-005  1.593905863128156E+001
    359  5.344859353916927E-005  4.440820660542785E+001
    868  5.344834068918146E-005  1.199994649602093E+002
    338  5.324273828932667E-005  4.143596746217444E+001
    493  5.320616837130103E-005  5.956939432616837E+001
    108  5.301323563973531E-005  2.884206820739177E+001
    185  5.258520394289161E-005  3.329017879350934E+001
    514  5.246818023111105E-005  6.112143562944963E+001
    150  5.231717816557725E-005  3.095380367517388E+001
    131  5.092288721631837E-005  2.976719894627799E+001
    324  5.068207342014283E-005  3.965813849875591E+001
    321  5.048669807993913E-005  3.959878738143280E+001
    378  5.044102670423653E-005  4.609481655347708E+001
    182  5.001884056679493E-005  3.313118961536368E+001
     87  4.847863649347124E-005  2.773505635732142E+001
    296  4.841198463808824E-005  3.847026909032138E+001
    380  4.824401356455872E-005  4.621788456267294E+001
    128  4.819067066969815E-005  2.964876822252022E+001
    866  4.813802585920927E-005  1.198737679274225E+002
    167  4.788862137492717E-005  3.206734480721192E+001
    600  4.777420844407117E-005  1.078192567961393E+002
    937  4.702491683789529E-005  1.275975168353670E+002
    297  4.649681122008395E-005  3.850412000814609E+001
    967  4.636361994661871E-005  1.287730879251822E+002
    153  4.591939645030901E-005  3.119128674334460E+001
    560  4.587098188253271E-005  1.057397922085461E+002
    214  4.576009415506023E-005  3.429158842681225E+001
    865  4.537659427742440E-005  1.195233182598442E+002
    254  4.438027020610081E-005  3.696870162494890E+001
      3  4.430486968542557E-005  1.530095081680193E+001
    783  4.375037208933810E-005  1.155776779712016E+002
     59  4.363903734961986E-005  2.608228483109795E+001
    817  4.354657592189251E-005  1.171745914510001E+002
    336  4.340694218854998E-005  4.106442919982931E+001
     45  4.317873080473245E-005  2.505629895200580E+001
    389  4.286761140323166E-005  4.924612888004685E+001
    173  4.189473369232819E-005  3.267731285541730E+001
    789  4.161822703197724E-005  1.157939903252585E+002
    314  4.159781034520903E-005  3.944402428691944E+001
    269  4.146523755061877E-005  3.766609016559832E+001
    449  4.068771157539780E-005  5.713782918039372E+001
    835  4.023989331855218E-005  1.176766134664512E+002
    355  3.993739222376103E-005  4.365668409738398E+001
    632  3.987532345369926E-005  1.086732063917954E+002
    924  3.981283018842771E-005  1.267645350898773E+002
    540  3.927079208458956E-005  1.019596674086986E+002
    218  3.916664700406365E-005  3.434087154455664E+001
    304  3.916599345464268E-005  3.902642388250331E+001
    645  3.891217012968959E-005  1.088758352374567E+002
    639  3.886713569224227E-005  1.087924757147032E+002
    123  3.875317237061329E-005  2.945706723223188E+001
    661  3.812142326120027E-005  1.094040232551639E+002
    369  3.711518658095450E-005  4.556664797594529E+001
    913  3.710259189630157E-005  1.260963173315474E+002
    618  3.708245803244996E-005  1.083041655146542E+002
     30  3.657679939679871E-005  2.339033246897357E+001
     65  3.629617794576390E-005  2.645533186342116E+001
    894  3.627887101289262E-005  1.226855190700912E+002
    977  3.612693798143724E-005  1.291448023039548E+002
     98  3.599446288092161E-005  2.810036398063808E+001
    816  3.596240327805389E-005  1.170854692244173E+002
     76  3.591446017631750E-005  2.719040433196805E+001
    121  3.584043904821702E-005  2.937009161569695E+001
    196  3.482964454717619E-005  3.402217963204272E+001
     68  3.481610520384957E-005  2.665958995788216E+001
    604  3.404866900533332E-005  1.078901483894559E+002
    916  3.318666474636316E-005  1.261858055404796E+002
    251  3.311884301919870E-005  3.670193646720268E+001
    317  3.267981989243089E-005  3.952108816795088E+001
    307  3.244267701829208E-005  3.924418415703018E+001
    555  3.207641295434306E-005  1.049505825405343E+002
    520  3.119825236356581E-005  6.117519869664547E+001
   1062  3.114975616100824E-005  1.338537297016246E+002
    216  3.088592802983455E-005  3.431915233475488E+001
    524  3.084669867300626E-005  6.196836567938324E+001
    950  3.080758210084975E-005  1.281356928004739E+002
    318  3.071266664493535E-005  3.952690512520030E+001
    404  3.023763041719402E-005  5.332919471058649E+001
    107  2.980559803527416E-005  2.880093649968087E+001
    785  2.953259029585683E-005  1.156515149006221E+002
    565  2.909691700331270E-005  1.059848591127986E+002
    879  2.908609662441700E-005  1.208628531744268E+002
    573  2.829917342199826E-005  1.066520968004064E+002
    825  2.772112396014266E-005  1.174155068731360E+002
    948  2.767168241651086E-005  1.280530341997139E+002
    545  2.764762639404465E-005  1.038885725205099E+002
    455  2.749591052041486E-005  5.757818593173593E+001
     43  2.707571502133716E-005  2.485090944939308E+001
    831  2.697956575546669E-005  1.175849164822640E+002
    975  2.676193139278470E-005  1.290479361570385E+002
    635  2.667880059580749E-005  1.087402789130293E+002
    382  2.627122400953286E-005  4.661435463500721E+001
    311  2.607483653846936E-005  3.939193935233331E+001
    361  2.589552925753527E-005  4.509188248244521E+001
     77  2.541653646341965E-005  2.720977418778346E+001
    309  2.502214365553184E-005  3.929268620446922E+001
    513  2.487445537522978E-005  6.111701004965728E+001
   1009  2.482407173553056E-005  1.304609142394732E+002
    299  2.446564025191822E-005  3.861147003050849E+001
    880  2.391236370982653E-005  1.209811659012211E+002
    636  2.374090425440843E-005  1.087412284437008E+002
    451  2.331523566779250E-005  5.726939793781466E+001
    409  2.303519829091745E-005  5.377950655266745E+001
    502  2.215859669873076E-005  6.033057478557798E+001
    886  2.213269994136959E-005  1.214498350996194E+002
    444  2.212712821440635E-005  5.640873014994138E+001
    287  2.192285047396432E-005  3.806334999222836E+001
   1026  2.149513946219538E-005  1.310988308446859E+002
    542  2.130736794929451E-005  1.021380905135569E+002
    676  2.126904936916085E-005  1.102968009656115E+002
    335  2.125396213498626E-005  4.064698242871874E+001
    896  2.088941559721963E-005  1.231967026860033E+002
    675  2.077102072812550E-005  1.101932688761904E+002
    234  2.073628440501706E-005  3.541632958107625E+001
    172  2.013525144671763E-005  3.254695536480502E+001
    162  1.986409697230740E-005  3.142013005221356E+001
    271  1.926979156260326E-005  3.769377629908810E+001
    313  1.926516201209873E-005  3.941220320488696E+001
    559  1.852250230845168E-005  1.054467335457494E+002
    511  1.841610407043422E-005  6.108291035790679E+001
    844  1.819808849905820E-005  1.182236522024691E+002
    242  1.815102523240785E-005  3.575330164903793E+001
    268  1.804420418009680E-005  3.765614789507087E+001
    649  1.803718751544831E-005  1.089557122086210E+002
    471  1.790663828454755E-005  5.859921299406331E+001
   1029  1.787422799909629E-005  1.312589073638632E+002
    190  1.784625941213577E-005  3.352213579831744E+001
    626  1.766693170607098E-005  1.085197354965440E+002
     25  1.734100078178120E-005  2.268285797328677E+001
    528  1.719515246656534E-005  6.211763689923020E+001
    561  1.717679024419974E-005  1.057823475786052E+002
    491  1.703925548299329E-005  5.916484178919298E+001
    903  1.666934052430503E-005  1.249295857950171E+002
     75  1.631863531644403E-005  2.717284531466260E+001
    243  1.620564787052709E-005  3.580427376176280E+001
    484  1.619057617512099E-005  5.894622531819898E+001
    340  1.619053015121037E-005  4.203744443197692E+001
     61  1.612919024164486E-005  2.623624111749398E+001
    683  1.587045096998927E-005  1.107854094171573E+002
    170  1.580125313812358E-005  3.240864442722207E+001
   1056  1.575572939220995E-005  1.332822863268028E+002
    334  1.527034693539407E-005  4.055961280242965E+001
    571  1.524010661046505E-005  1.065760725477823E+002
    932  1.520378240661414E-005  1.272890793904072E+002
    605  1.512088050006493E-005  1.079476682950407E+002
    968  1.509364989392380E-005  1.287893908307005E+002
    669  1.483538039511942E-005  1.098991161820264E+002
   1061  1.481310592353743E-005  1.338239896777959E+002
    998  1.481021588839904E-005  1.301241144683907E+002
    577  1.464028942019577E-005  1.068269012623950E+002
    952  1.440794135283104E-005  1.282170243378332E+002
    208  1.438358299307210E-005  3.420400517096608E+001
    538  1.424824050624145E-005  8.801939400846273E+001
    231  1.386988299661619E-005  3.529195130720404E+001
    467  1.384257933064897E-005  5.850070475174659E+001
     19  1.369703580876611E-005  2.137958735177528E+001
     97  1.362799701457516E-005  2.809615145046481E+001
    122  1.351907476264561E-005  2.942821875092930E+001
    741  1.349231247480630E-005  1.126383251241469E+002
    568  1.331779129684741E-005  1.063884322375297E+002
    795  1.307517896727517E-005  1.159446042090269E+002
    615  1.298521244177501E-005  1.081646255451844E+002
    151  1.284342881907324E-005  3.097448214004631E+001
    558  1.268111396259536E-005  1.054235904423783E+002
    189  1.255433253019578E-005  3.348575581421191E+001
    260  1.235868227981881E-005  3.745846822965304E+001
    187  1.234678538829507E-005  3.338593491458187E+001
    883  1.234076551410221E-005  1.212822283474710E+002
   1039  1.220740899865991E-005  1.317789778316224E+002
    483  1.197890569399861E-005  5.892865432514233E+001
    995  1.195751634541692E-005  1.300556822463785E+002
    372  1.194254843373732E-005  4.569660817760900E+001
    687  1.178956526893566E-005  1.108477970364615E+002
    350  1.178176601537596E-005  4.287084402122760E+001
    521  1.170516884361229E-005  6.120499406654021E+001
    339  1.168909060555282E-005  4.199721405536648E+001
    754  1.168701008246383E-005  1.130532912402911E+002
    594  1.162809417387878E-005  1.075267994995216E+002
    435  1.140564135488982E-005  5.559833163642786E+001
    476  1.137941644588452E-005  5.874284760292872E+001
    584  1.133845410418789E-005  1.071415131646536E+002
    176  1.129820928376686E-005  3.283702642513862E+001
    332  1.121496849828994E-005  4.036182328117159E+001
    323  1.097938921200627E-005  3.963162035223775E+001
    887  1.072825435786598E-005  1.215278324822884E+002
    630  1.066725858196492E-005  1.086464564510315E+002
   1008  1.056809977545434E-005  1.304054287055121E+002
    813  1.052888638857004E-005  1.170211975618395E+002
    312  1.010439507691875E-005  3.940338989709551E+001
   1071  1.009958835346619E-005  1.353191143310252E+002
    191  1.003978855261739E-005  3.372798248811258E+001
    101  9.936029743593803E-006  2.816121926613436E+001
    796  9.927291237716604E-006  1.160406419035091E+002
    672  9.897552305133696E-006  1.100523893058521E+002
   1006  9.817987846378531E-006  1.303473844140781E+002
    462  9.798128526412320E-006  5.834568949164402E+001
    259  9.478729664898618E-006  3.731129763636223E+001
    674  9.470795740475076E-006  1.101627157855635E+002
    353  9.433327654785778E-006  4.354452657935016E+001
    902  9.432729007384484E-006  1.246861225619736E+002
    257  9.383136902233861E-006  3.716053985696894E+001
    147  9.349183244197021E-006  3.045498909450352E+001
    201  9.341845633951781E-006  3.413905621996786E+001
    265  9.312985341813505E-006  3.762418150997995E+001
    171  9.285253979195981E-006  3.251692712246987E+001
    875  9.132221437034452E-006  1.206504418490652E+002
    654  9.113182822561876E-006  1.091774321289355E+002
    410  9.045502653891325E-006  5.380004782230375E+001
    624  9.034630859160003E-006  1.084534043855216E+002
     21  8.774245932328597E-006  2.149552581175353E+001
    420  8.684433018932230E-006  5.464265012038360E+001
    224  8.500557845278276E-006  3.456258153743839E+001
    583  8.443359483625363E-006  1.070323413352247E+002
    737  8.436733958772130E-006  1.125716601108342E+002
    958  8.412975770325863E-006  1.283326337970340E+002
    473  8.367603191739734E-006  5.864875851961727E+001
    529  8.362891772408612E-006  6.213305424318654E+001
    487  8.321410101742638E-006  5.901096182276392E+001
    469  8.280378178982105E-006  5.857260373695996E+001
    441  8.167925634461224E-006  5.602297434426368E+001
    237  8.116787855468990E-006  3.561350513334219E+001
    328  7.964771834702327E-006  3.982877398686839E+001
    104  7.899907452568531E-006  2.863475114667724E+001
    899  7.813719964911852E-006  1.237750393258326E+002
    567  7.674637757649735E-006  1.061175767374582E+002
    637  7.565025100349341E-006  1.087708716348475E+002
    479  7.498872282449129E-006  5.886156225440574E+001
    127  7.496850096526811E-006  2.958197907168710E+001
    853  7.492007435200004E-006  1.189950762444425E+002
    166  7.455713336748315E-006  3.197534022905977E+001
    719  7.375815150055278E-006  1.120361196403708E+002
    374  7.311067590582934E-006  4.576894168844035E+001
    616  7.297831181285282E-006  1.081902144651443E+002
    277  7.241610587071267E-006  3.774405278528796E+001
    405  7.222417728126828E-006  5.340951413863353E+001
    364  7.148687775905865E-006  4.528995878587361E+001
    589  7.145048226867874E-006  1.073243551551986E+002
    803  7.124443672782009E-006  1.163959410830473E+002
    342  7.123340168235178E-006  4.219280462450153E+001
    463  7.022617590855013E-006  5.840368106338346E+001
    129  6.852764333401564E-006  2.967722940199728E+001
    275  6.754744962107575E-006  3.771871208633355E+001
    609  6.736016399018229E-006  1.080529774194348E+002
    356  6.687108993942341E-006  4.399929676237998E+001
    413  6.563461599861683E-006  5.407796767412047E+001
    481  6.522614355892735E-006  5.889564718758225E+001
    622  6.364245494470859E-006  1.084041586407917E+002
    574  6.337858112021103E-006  1.067089856517616E+002
    596  6.305725202630842E-006  1.076305596761092E+002
    690  6.205156863416104E-006  1.109553167085971E+002
    394  6.145771440645308E-006  5.275338077531283E+001
    227  6.131366786306341E-006  3.461221107986133E+001
    579  6.090440905004082E-006  1.068810185812333E+002
    610  6.055459441036679E-006  1.080548791140610E+002
    370  5.951137925132827E-006  4.562254251008403E+001
    656  5.933084768604926E-006  1.092383325553483E+002
    526  5.766759397419280E-006  6.205614154690332E+001
    727  5.760615813348506E-006  1.123838421661365E+002
    509  5.752434616258915E-006  6.104665142125116E+001
    595  5.696790705373190E-006  1.075727311228692E+002
    414  5.637172217236610E-006  5.408443269732371E+001
    695  5.600197630779396E-006  1.110404578737834E+002
    724  5.549765461937371E-006  1.122474317356576E+002
    263  5.523311728502114E-006  3.756851288337069E+001
    345  5.468319113843094E-006  4.248475366295001E+001
    569  5.467304098401236E-006  1.064024371239422E+002
    682  5.449188133541558E-006  1.107795174367904E+002
    988  5.340007142799197E-006  1.295230022337254E+002
    141  5.330477462600156E-006  3.005205957969120E+001
    159  5.320255863172293E-006  3.140014259635325E+001
    830  5.261302727085045E-006  1.175448785112390E+002
   1046  5.037896778405569E-006  1.322741703884410E+002
    713  5.002889805172804E-006  1.118750446375970E+002
    315  5.000844225402076E-006  3.946262277995078E+001
    641  4.913383340958400E-006  1.088136450829588E+002
     72  4.823439477962481E-006  2.695844835194747E+001
    508  4.806723769107739E-006  6.101348113010317E+001
    373  4.631152666441442E-006  4.573517441489172E+001
    391  4.607553609714368E-006  4.935295074539214E+001
    934  4.596698542297738E-006  1.274026915475210E+002
    670  4.426785568495392E-006  1.099218253642219E+002
     47  4.420181743715921E-006  2.514695584094496E+001
    522  4.390833194200861E-006  6.189501394570030E+001
    429  4.343507568129064E-006  5.542704693693687E+001
    412  4.330767230106951E-006  5.399327798218789E+001
    601  4.330493917150080E-006  1.078222216339937E+002
    366  4.185675975304381E-006  4.541480133184800E+001
    284  4.059715190977599E-006  3.794002386601017E+001
    963  4.010195165210895E-006  1.284456810480366E+002
    200  3.885083727738099E-006  3.413076352937113E+001
    457  3.834121605448251E-006  5.770039153165104E+001
    838  3.606803127880081E-006  1.178077045912047E+002
    910  3.558873581990241E-006  1.258349422363612E+002
   1014  3.525790622013016E-006  1.306579532637773E+002
    633  3.485664982177319E-006  1.086770367044967E+002
    810  3.477442891568574E-006  1.168542717379606E+002
    424  3.446912668359991E-006  5.504400290817051E+001
    235  3.441630167662132E-006  3.553329683850696E+001
     15  3.427784642148592E-006  2.077312965636918E+001
    837  3.406292847066256E-006  1.177814246314451E+002
    800  3.402408711384862E-006  1.161811067685375E+002
    354  3.390067726485247E-006  4.358717802496741E+001
   1022  3.339026743996258E-006  1.309570316227355E+002
    787  3.260302217960542E-006  1.157066821730262E+002
    790  3.217323863412648E-006  1.158127479939932E+002
    966  3.163799490211842E-006  1.287120665380274E+002
    658  3.161525052575325E-006  1.092752908733605E+002
    226  3.149453417696113E-006  3.460914941435140E+001
    608  3.143195369178714E-006  1.080310773431174E+002
    576  3.124927588436395E-006  1.068188420241767E+002
    634  3.091369897001369E-006  1.087110579745548E+002
   1040  3.041908373331725E-006  1.318325334098182E+002
    684  3.023075109496638E-006  1.108055531440044E+002
    768  3.002943872908783E-006  1.140511281344195E+002
      2  2.973819698734312E-006  1.507477314615795E+001
    506  2.917419780296544E-006  6.092479484159845E+001
    846  2.878607365512531E-006  1.183733977129572E+002
     56  2.863770332425175E-006  2.577494999028338E+001
   1002  2.790311177704550E-006  1.301955720736593E+002
    126  2.756073010091440E-006  2.957864372821811E+001
    732  2.742616586032279E-006  1.124809932511083E+002
    470  2.730966681558322E-006  5.858950887133865E+001
    175  2.668444982740874E-006  3.282740528695558E+001
    709  2.644654687478128E-006  1.116986555393093E+002
    722  2.633774830647282E-006  1.121989232781130E+002
    646  2.587659843852593E-006  1.089039652974663E+002
   1004  2.560355308377055E-006  1.302828791464404E+002
    465  2.548292741103880E-006  5.845233409136720E+001
    431  2.537995349324193E-006  5.545822575490884E+001
    591  2.517565561883853E-006  1.073970459895217E+002
    665  2.474019065651888E-006  1.096195054263975E+002
    494  2.408128746181872E-006  5.959072402434833E+001
    490  2.319769005099640E-006  5.909746584665749E+001
    181  2.303057072946104E-006  3.309588236011395E+001
   1063  2.294639987918140E-006  1.338610239777397E+002
   1068  2.290168373598366E-006  1.342139437973118E+002
    447  2.227334229615946E-006  5.692641404400948E+001
   1028  2.162659220292275E-006  1.312419762585663E+002
    475  2.137295107501737E-006  5.870955367754343E+001
    923  2.129023216599160E-006  1.267345977181097E+002
    362  2.121507504031840E-006  4.520209191521082E+001
    744  2.079192080630171E-006  1.127340165661099E+002
    225  2.016626154874472E-006  3.458265676939745E+001
    603  2.001860422818425E-006  1.078480909052838E+002
   1065  1.962610805232822E-006  1.340986810838602E+002
    927  1.944594314362549E-006  1.271118445081471E+002
    625  1.938356269861197E-006  1.084878781680722E+002
    228  1.916721280415080E-006  3.465329128304563E+001
    696  1.910456841525317E-006  1.111110130672436E+002
    679  1.864696839168498E-006  1.106299731616480E+002
    660  1.821392525771605E-006  1.093929129115852E+002
    657  1.816192320446854E-006  1.092680437977900E+002
    220  1.813024135366529E-006  3.440936379612124E+001
    845  1.809476424189526E-006  1.182722434309271E+002
    804  1.804625588077164E-006  1.164307012054320E+002
    781  1.793410192578321E-006  1.155015502370288E+002
    922  1.765545729040413E-006  1.267277337836395E+002
    650  1.744557126484323E-006  1.090061273622073E+002
    782  1.714938889456914E-006  1.155663554633046E+002
    217  1.699133785276213E-006  3.432077633458158E+001
    668  1.696895122111449E-006  1.098358517134249E+002
   1077  1.694766597484938E-006  6.189178021453241E+002
    862  1.631737564767982E-006  1.194326389788892E+002
    619  1.618633183813429E-006  1.083262496248409E+002
   1033  1.608394429833694E-006  1.314921549657209E+002
   1043  1.595999950097549E-006  1.320181582363304E+002
    562  1.575288961455490E-006  1.058125905236654E+002
    753  1.557018835385291E-006  1.130399909728984E+002
    798  1.550178602175676E-006  1.161233232814441E+002
    590  1.547806489110465E-006  1.073381491314167E+002
    280  1.536489987743850E-006  3.777070006257392E+001
   1054  1.525124814579443E-006  1.332101619260334E+002
    640  1.506086751707649E-006  1.088027953187827E+002
    178  1.505651940505208E-006  3.291892583427273E+001
    994  1.484119681862941E-006  1.299886393654431E+002
   1042  1.464213650636728E-006  1.319938555239870E+002
    815  1.457515121963898E-006  1.170844697210597E+002
    677  1.457353537573249E-006  1.104103779431708E+002
    765  1.443815485502595E-006  1.138034732037320E+002
    915  1.435261819627477E-006  1.261627872997085E+002
    428  1.433586590942560E-006  5.539697768550786E+001
    651  1.421238933438642E-006  1.090123807306586E+002
    707  1.401942305544111E-006  1.116484954290111E+002
    955  1.348547592489440E-006  1.283043098504922E+002
    891  1.348426076655373E-006  1.222344606190913E+002
    685  1.335717927980517E-006  1.108208915724099E+002
   1051  1.308032679242316E-006  1.330173846663143E+002
    496  1.269869776141208E-006  5.977778544840232E+001
    861  1.269708378169493E-006  1.193618968506130E+002
    286  1.263521546829784E-006  3.806107114689090E+001
    747  1.228436558604449E-006  1.128221651622354E+002
    586  1.220599460058550E-006  1.072414988471015E+002
    486  1.212498017004024E-006  5.898078655703418E+001
    461  1.211834404136272E-006  5.832169084274378E+001
   1025  1.210201909002162E-006  1.310823101564250E+002
    648  1.209375959434736E-006  1.089328290594756E+002
    767  1.208980967368829E-006  1.139787538815297E+002
    699  1.204883516143216E-006  1.111753891148923E+002
    953  1.200780514375602E-006  1.282835790234384E+002
    146  1.196803116700642E-006  3.038455959742199E+001
    863  1.183509931869136E-006  1.194780899982511E+002
    714  1.179162966879513E-006  1.118865310298163E+002
    794  1.172184285804828E-006  1.159299755047292E+002
    368  1.162367369347085E-006  4.552075151204606E+001
    949  1.155318197901539E-006  1.280833568476082E+002
    758  1.151560628613207E-006  1.131945788764974E+002
    642  1.132535450394397E-006  1.088349318990273E+002
    786  1.088831263496219E-006  1.156679892855772E+002
    613  1.075884480150529E-006  1.081325074305931E+002
    849  1.073014495732877E-006  1.186556798515274E+002
    809  1.063239605426503E-006  1.168273457040169E+002
    437  1.062813042830443E-006  5.567668099873953E+001
    990  1.018356334419174E-006  1.297249883032466E+002
    884  1.008068643904039E-006  1.212913619330936E+002
    408  9.815256606142687E-007  5.368647704938994E+001
    936  9.787097476104932E-007  1.275963114471066E+002
    933  9.744343489515636E-007  1.272967505112425E+002
    893  9.740019070125972E-007  1.225899968537864E+002
    821  9.533024299033200E-007  1.173213489801490E+002
    859  9.472892762031760E-007  1.193117826572047E+002
    664  9.339546185621964E-007  1.095868237421283E+002
    614  9.273704314824806E-007  1.081499604581023E+002
    961  9.257267926093962E-007  1.283826108536399E+002
    901  9.118948733486990E-007  1.246352700151236E+002
    951  9.107253290732921E-007  1.282127111215003E+002
    820  8.931197545298156E-007  1.173160626674297E+002
    703  8.909585735724521E-007  1.113359924967504E+002
    764  8.711185623295754E-007  1.137269990775531E+002
    606  8.705098639702300E-007  1.079754075340127E+002
    627  8.598746860466973E-007  1.085359599099982E+002
    931  8.516274011074888E-007  1.272754104030811E+002
    715  8.468096919144718E-007  1.119122168057061E+002
    852  8.458265742852350E-007  1.189308904937423E+002
    556  8.331317101701468E-007  1.053074591696642E+002
    957  8.017339236235814E-007  1.283224605383935E+002
    982  7.798467236832678E-007  1.293230544301462E+002
    770  7.468845172729199E-007  1.141655133118217E+002
   1035  7.312697843599207E-007  1.315022364948826E+002
    371  7.166972059948626E-007  4.567834615857563E+001
    799  6.929910781322138E-007  1.161655148393659E+002
    939  6.905258816576965E-007  1.276788938661296E+002
    822  6.655713095540994E-007  1.173379890193997E+002
    688  6.473566418568628E-007  1.108652117541332E+002
    792  6.414798571387339E-007  1.158579110744502E+002
    985  6.402881360384710E-007  1.294454523269476E+002
    285  6.334987903969314E-007  3.794670187788559E+001
    662  6.272531043990883E-007  1.094304874643061E+002
    920  6.073286874182845E-007  1.265729199247587E+002
    711  6.069370256900680E-007  1.117833092223069E+002
    908  5.924961861542814E-007  1.256350992978881E+002
    705  5.901699962630546E-007  1.114879185885843E+002
    987  5.778141151238623E-007  1.295218650079724E+002
    978  5.734449703597291E-007  1.291764873003617E+002
   1010  5.648859697144696E-007  1.305150376372933E+002
    878  5.527848748716611E-007  1.208553192243232E+002
    367  5.483058141666336E-007  4.546665367422378E+001
    974  5.471472184328885E-007  1.290391941684268E+002
    779  5.131152653122607E-007  1.153237642854880E+002
    876  4.838431847911167E-007  1.207338716680959E+002
    734  4.823223338346375E-007  1.125227414297757E+002
    888  4.738444655542064E-007  1.215384892766490E+002
    805  4.728311358607320E-007  1.165442309434909E+002
    761  4.659410441889718E-007  1.134019555363662E+002
    445  4.549960583168187E-007  5.650985963977887E+001
    735  4.514949965816642E-007  1.125422257639707E+002
    250  4.508299063782429E-007  3.645071914574685E+001
   1023  4.469618887637066E-007  1.309907545973144E+002
   1017  4.462033743161300E-007  1.307020085696559E+002
   1003  4.383911012006929E-007  1.302792324598297E+002
    766  4.268205649449519E-007  1.138313497862233E+002
    729  4.110225064369580E-007  1.124070412533170E+002
    653  4.068671422985456E-007  1.090926521840726E+002
    728  4.045293486188121E-007  1.123911467240560E+002
    638  3.890341944539341E-007  1.087773663504995E+002
    935  3.867615965525721E-007  1.274477748704804E+002
    629  3.712512944996377E-007  1.086436456014825E+002
    818  3.681149237288277E-007  1.172202887178189E+002
    252  3.606823424507185E-007  3.681481496629917E+001
    925  3.307016598881177E-007  1.268943605090481E+002
    612  3.233421831138634E-007  1.080838271474082E+002
    959  3.217289631201769E-007  1.283643788123119E+002
    971  3.198104349355029E-007  1.289111652451389E+002
    839  3.196645348643231E-007  1.178451551754228E+002
    726  3.160873608784185E-007  1.123280306605216E+002
    219  3.132988386329951E-007  3.435584966495736E+001
    788  3.086639264673557E-007  1.157595566872355E+002
    415  2.945866260818476E-007  5.409773008136273E+001
   1012  2.920498340972505E-007  1.305860585800326E+002
    807  2.880150443967155E-007  1.166040027024774E+002
    980  2.805200583960008E-007  1.292322903638887E+002
    921  2.587663576646998E-007  1.266347372507485E+002
   1030  2.585048329637845E-007  1.313677884464318E+002
    882  2.542075271023408E-007  1.212606419968792E+002
    811  2.495979252318607E-007  1.169131613251637E+002
    984  2.394577868200172E-007  1.293776492189174E+002
    900  2.380853546705944E-007  1.240255399934555E+002
    906  2.293613881031491E-007  1.253859334012492E+002
    740  2.210481119670840E-007  1.126281679605138E+002
    750  2.194162200639202E-007  1.128980084302201E+002
    996  2.154887848829624E-007  1.300741546440489E+002
    776  2.152515647303256E-007  1.150535509847603E+002
    912  2.077099001607821E-007  1.259977317017505E+002
    443  2.049052515855516E-007  5.615506371008289E+001
    969  1.990464689744018E-007  1.288232913140608E+002
    381  1.873363889113836E-007  4.623753374880091E+001
    814  1.763971961349934E-007  1.170571282096026E+002
    692  1.677454786840957E-007  1.109991362888409E+002
    999  1.619407540464939E-007  1.301340763851820E+002
    867  1.615754036390677E-007  1.199420338065019E+002
    941  1.430635536680857E-007  1.277239710636116E+002
    856  1.381091514569425E-007  1.192407591408727E+002
    828  1.305238684368478E-007  1.175132070682912E+002
    841  1.304583700041822E-007  1.180046875638410E+002
    720  1.216812538647042E-007  1.121496181246094E+002
     88  1.215374077722242E-007  2.776495450944637E+001
    179  1.110244896050752E-007  3.301071504933698E+001
    864  1.077792016997111E-007  1.195154318953015E+002
    439  1.026755882466593E-007  5.581771077364913E+001
    363  1.019040808718071E-007  4.523665715266514E+001
    834  9.381260017531254E-008  1.176651591794238E+002
    704  8.788263440413716E-008  1.114088220449556E+002
    375  8.758440575466214E-008  4.577921754207221E+001
    581  8.605448681732475E-008  1.069166383916512E+002
    701  8.595647381682800E-008  1.112655741498095E+002
    416  8.574247358443285E-008  5.412105627361211E+001
    819  8.428678678415844E-008  1.172617623112352E+002
    773  8.265161738730304E-008  1.146041296786391E+002
    993  7.766469610775218E-008  1.299638892136509E+002
    869  7.585956136427095E-008  1.201465244096069E+002
    628  6.896492071352464E-008  1.085999071252231E+002
    488  6.705391600488572E-008  5.904214899548738E+001
    388  6.400044305284086E-008  4.916519389587509E+001
    857  6.058152034025524E-008  1.192977858717030E+002
    757  5.442145391960703E-008  1.131455979007981E+002
    801  5.155241702427315E-008  1.162412158177078E+002
    620  5.031795111025997E-008  1.083700393844588E+002
    956  4.896382200957513E-008  1.283075816024711E+002
    759  4.427476357492215E-008  1.132523759465808E+002
    655  4.361050565404998E-008  1.092114390318620E+002
    452  3.893174508618664E-008  5.732416656661538E+001
    739  3.731539373902006E-008  1.126267264275300E+002
    904  3.537868173332104E-008  1.250437756508075E+002
    124  3.124373909166217E-008  2.953039329658957E+001
    644  3.056172503651699E-008  1.088699046594824E+002
    823  2.977870095721135E-008  1.173434151863991E+002
    718  2.955551334132418E-008  1.120307816427976E+002
    652  2.631926091422640E-008  1.090805000764319E+002
   1037  2.457046176173257E-008  1.316166834102353E+002
    914  2.399168205878206E-008  1.261343003660832E+002
    874  2.012732965240701E-008  1.206463359037059E+002
    843  1.483753496955576E-008  1.181049125326048E+002
    833  1.385930332765640E-008  1.176450554682990E+002
    752  1.254066322689862E-008  1.129825416205730E+002
    693  1.229230099738300E-008  1.110198391814811E+002
   1049  1.222724636436025E-008  1.325964910892840E+002
    840  1.051155691666388E-008  1.179674198090055E+002
    946  9.780887500702619E-009  1.279201366409634E+002
    775  8.525632707681232E-009  1.149447083106751E+002
    885  8.493746278914997E-009  1.213849358963692E+002
    406  7.999757003025291E-009  5.347162595814701E+001
    777  6.058006855595819E-009  1.150636811545726E+002
    647  4.979379635594509E-009  1.089204596390746E+002
    736  4.168467980620176E-009  1.125700463249535E+002
    881  4.152898715813366E-009  1.212001054655417E+002
   1015  3.849913577548689E-009  1.306693309857935E+002
    598  3.179098371626718E-009  1.077082259858063E+002
    499  2.923303985844075E-009  6.010190034988052E+001
    965  2.862193236443899E-009  1.286084743618769E+002
    872  2.738939693217124E-009  1.204992644439996E+002
    723  2.228629903175570E-009  1.122249597820348E+002
    889  1.857761554436539E-009  1.221096476933091E+002
    850  1.429143087417651E-009  1.188640670964077E+002
    911  1.342496425497001E-009  1.258968376271585E+002
    806  1.217935422666576E-009  1.165904998677036E+002
    743  8.738305390797831E-010  1.126739704882794E+002
    501  6.070297825283241E-010  6.025540211442135E+001
   1073  4.175999486201740E-010  1.355646294676644E+002
   1059  1.281846302039720E-010  1.335352794510990E+002
   1019  2.463629381348511E-013  1.307856127904329E+002
   1007  4.584004857550428E-015  1.303971511397991E+002
