# Number of modes
   1077
# Tabulated for different initial and final frequencies?
    F
# Mode index, Sj, (highest to lowest), omega_j
    294  1.548356567734912E-002  3.844005427068350E+001
    390  1.108966096131647E-002  4.930034545373515E+001
    296  8.425683998047464E-003  3.847026909032138E+001
   1053  7.685574362922033E-003  1.331993000158318E+002
   1058  7.134583254226771E-003  1.334381531708862E+002
     27  7.038097496264784E-003  2.288948685305089E+001
    531  7.037234201611863E-003  6.280622541285696E+001
     16  6.829968433672057E-003  2.083990463296455E+001
    547  5.249388990857676E-003  1.040413527560943E+002
    566  4.681085933118393E-003  1.060197199307676E+002
    387  4.262590225315043E-003  4.845493173747810E+001
   1045  4.225071858131505E-003  1.322246800166877E+002
    384  3.858642598058120E-003  4.693482184770667E+001
    539  3.678714621278341E-003  1.004038214764926E+002
   1072  3.512366563751352E-003  1.354275255218108E+002
    290  3.380404413477524E-003  3.834059039797889E+001
    298  2.988637898486306E-003  3.860785506393049E+001
    291  2.913575134062497E-003  3.834865717601958E+001
    393  2.748512895395214E-003  5.117422678475859E+001
    563  2.742461766853556E-003  1.058622417292547E+002
    293  2.675308213268189E-003  3.840315559517953E+001
   1071  2.665992327264330E-003  1.353191143310252E+002
   1057  2.471305800937204E-003  1.332882698940204E+002
    430  2.467819628862935E-003  5.544226538226409E+001
    344  2.441812847372614E-003  4.229281490750487E+001
    491  2.397563539381732E-003  5.916484178919298E+001
    198  2.338052185014140E-003  3.410095577154824E+001
    452  2.203372219858425E-003  5.732416656661538E+001
   1048  2.090053126392275E-003  1.325281096806480E+002
     65  2.077591848869538E-003  2.645533186342116E+001
    419  1.873302506140677E-003  5.447434435004674E+001
   1050  1.861975303911915E-003  1.326682006609648E+002
    533  1.794080126700777E-003  6.344214913117692E+001
    306  1.591689001659717E-003  3.922583615449084E+001
     91  1.582847803885703E-003  2.795709450840539E+001
   1074  1.536511689477255E-003  1.357832717908243E+002
    303  1.526786762577772E-003  3.891633174738261E+001
    108  1.518887038192870E-003  2.884206820739177E+001
     14  1.497163619920250E-003  2.047451167645159E+001
    427  1.411414121327685E-003  5.530625255614972E+001
    456  1.360333342046509E-003  5.758475825352298E+001
   1055  1.344788199674869E-003  1.332315483337306E+002
     10  1.318496004691941E-003  1.630017574824609E+001
     55  1.289608669187097E-003  2.564739582447731E+001
      7  1.280548498536730E-003  1.598850297870253E+001
    530  1.272590798712367E-003  6.265828803408258E+001
    392  1.253393962313110E-003  4.975569880244111E+001
    552  1.241735554657574E-003  1.045004516183760E+002
    308  1.232098225299022E-003  3.924824416979163E+001
    436  1.192532107589103E-003  5.562240782737462E+001
    418  1.144871375770449E-003  5.440760214654593E+001
    215  1.038708930582940E-003  3.430912489816387E+001
    475  9.783264117627654E-004  5.870955367754343E+001
    233  9.717094162835421E-004  3.536858076063520E+001
    433  9.430096536432167E-004  5.552394895078822E+001
    686  9.380443681242457E-004  1.108321598991433E+002
   1062  9.245422569440097E-004  1.338537297016246E+002
     51  9.116903436256971E-004  2.527497960196780E+001
    386  8.860426153325314E-004  4.778448827008048E+001
    505  8.683761478716488E-004  6.089365906344585E+001
      9  8.260317282278434E-004  1.615282072713023E+001
     60  8.245912940469559E-004  2.612817271153773E+001
    543  8.173027229033186E-004  1.026098663261161E+002
    197  8.104630905510135E-004  3.407091137263039E+001
    458  7.562223518590399E-004  5.780961640938520E+001
    299  7.518642024751480E-004  3.861147003050849E+001
     40  7.437746506554731E-004  2.429142631572386E+001
    149  7.366261207910419E-004  3.064428879965062E+001
     23  7.107847105072408E-004  2.160694502786773E+001
     73  6.939261134971098E-004  2.704395448663374E+001
    151  6.872849930319233E-004  3.097448214004631E+001
     32  6.826203437150589E-004  2.386019687247388E+001
    302  6.436303604020289E-004  3.874867387838012E+001
      8  6.383769746828822E-004  1.603898235084092E+001
    300  6.322436580509235E-004  3.871033423098082E+001
    391  6.171853957248134E-004  4.935295074539214E+001
    295  5.942800245868690E-004  3.844649820311862E+001
    383  5.811681251013027E-004  4.665506804468283E+001
    421  5.692843866265300E-004  5.469982084171487E+001
    592  5.682106394954989E-004  1.074010896433819E+002
     69  5.656540499658812E-004  2.667931486079132E+001
     24  5.620791195080107E-004  2.165827626673025E+001
    838  5.520140789354359E-004  1.178077045912047E+002
    335  5.437681282815719E-004  4.064698242871874E+001
    358  5.425757093906908E-004  4.418411045040358E+001
      1  5.411296563127756E-004  1.480943860687432E+001
     71  5.170589322008211E-004  2.691074291878593E+001
     38  5.051988435320137E-004  2.415274881711009E+001
    835  4.814664610247803E-004  1.176766134664512E+002
    180  4.806753216449272E-004  3.306959511625761E+001
    618  4.716305662867591E-004  1.083041655146542E+002
    148  4.589158572164525E-004  3.055713011308698E+001
   1034  4.555841025987594E-004  1.314975717016592E+002
    550  4.547122610986989E-004  1.044255141670578E+002
    546  4.451076569214429E-004  1.038908634804570E+002
    507  4.363045480868828E-004  6.098134465730102E+001
    213  4.335530897489042E-004  3.426923698719692E+001
    102  4.307077867207878E-004  2.838723287464182E+001
    301  4.141526707155497E-004  3.874125966254066E+001
    425  4.103574562825545E-004  5.512885982268182E+001
    843  3.825794381163824E-004  1.181049125326048E+002
    749  3.781043034775338E-004  1.128862829609149E+002
    126  3.764643079029759E-004  2.957864372821811E+001
    611  3.759550151293702E-004  1.080609110523806E+002
     79  3.726145670666891E-004  2.728143790603452E+001
    262  3.626976298015106E-004  3.754826259370084E+001
    474  3.606356739214738E-004  5.866520048333617E+001
    689  3.589778408023289E-004  1.108992280227757E+002
    258  3.522255682947088E-004  3.725675246841864E+001
    557  3.502498117355705E-004  1.053298087456868E+002
   1036  3.484101199662714E-004  1.315563975924429E+002
    483  3.460315604934538E-004  5.892865432514233E+001
    716  3.426007210134516E-004  1.119313653155845E+002
    518  3.370439921447257E-004  6.116565427175681E+001
    973  3.343583335664676E-004  1.290303348922233E+002
    266  3.311130462452648E-004  3.763404507858488E+001
    947  3.308630679889223E-004  1.280025795512814E+002
    119  3.301931826367541E-004  2.929038281335912E+001
   1060  3.251396804963459E-004  1.336329109810919E+002
    650  3.249476524816980E-004  1.090061273622073E+002
     83  3.245599926522797E-004  2.745200449399356E+001
    847  3.239340380967337E-004  1.183795327778256E+002
     29  3.223748781499584E-004  2.304600720746813E+001
     42  3.209816553434219E-004  2.442065503900721E+001
    270  3.205122023876361E-004  3.767493462479421E+001
    848  3.199756773325328E-004  1.185512117490796E+002
    572  3.196785477479530E-004  1.066354688575440E+002
    604  3.179783258835454E-004  1.078901483894559E+002
    141  3.169848594890285E-004  3.005205957969120E+001
    478  3.166417890724819E-004  5.880478287498814E+001
    669  3.147775532570308E-004  1.098991161820264E+002
    721  3.146614257545484E-004  1.121902054803930E+002
    114  3.140211918534520E-004  2.903390568794284E+001
    432  3.078327233566400E-004  5.551253331854516E+001
    998  3.070385710855128E-004  1.301241144683907E+002
     33  3.058268087149687E-004  2.387502434282544E+001
    379  2.992988774340849E-004  4.610002508350383E+001
    251  2.990473018436641E-004  3.670193646720268E+001
      4  2.940751627102765E-004  1.555889535187236E+001
    223  2.908329731265998E-004  3.452101188794168E+001
    967  2.907995989143261E-004  1.287730879251822E+002
     57  2.884412335091240E-004  2.601044601303876E+001
    745  2.866031846144412E-004  1.127541380335163E+002
   1011  2.835792101792716E-004  1.305590563134582E+002
     26  2.833066100435190E-004  2.275577786050195E+001
    356  2.824592364213885E-004  4.399929676237998E+001
     21  2.818456266392734E-004  2.149552581175353E+001
    763  2.797297050309140E-004  1.136578287383470E+002
    544  2.793515797676076E-004  1.037287728441322E+002
    211  2.780059952410780E-004  3.422885497659050E+001
    404  2.766504775579093E-004  5.332919471058649E+001
    226  2.726308395946255E-004  3.460914941435140E+001
    673  2.704599736735866E-004  1.101090602242966E+002
    479  2.676252057114832E-004  5.886156225440574E+001
    966  2.649975040016016E-004  1.287120665380274E+002
    125  2.636972457561182E-004  2.955205187993630E+001
    210  2.596763012883605E-004  3.421873300884823E+001
     64  2.548695432640356E-004  2.637954322898939E+001
    409  2.491238566740601E-004  5.377950655266745E+001
    426  2.485912554512536E-004  5.521112029631625E+001
   1070  2.455099181046200E-004  1.350535885837313E+002
     39  2.411640982002162E-004  2.419216907562118E+001
    434  2.392335940039432E-004  5.556859477681133E+001
    205  2.383313422170468E-004  3.418138862993963E+001
    209  2.377812760018381E-004  3.420776675567321E+001
    341  2.356626760399826E-004  4.207899368185591E+001
   1069  2.350798731802474E-004  1.347402109836953E+002
    822  2.346188062896510E-004  1.173379890193997E+002
    310  2.343460552143472E-004  3.933560718805473E+001
    297  2.325472199402756E-004  3.850412000814609E+001
     18  2.317412114285276E-004  2.124694793769305E+001
      2  2.299855221526402E-004  1.507477314615795E+001
   1039  2.297185081621949E-004  1.317789778316224E+002
    551  2.288581327274786E-004  1.044758850995860E+002
    482  2.229477281521313E-004  5.890508639424976E+001
    190  2.228310556505931E-004  3.352213579831744E+001
    117  2.198449918044115E-004  2.915145470361619E+001
     81  2.155055482194171E-004  2.737831616504717E+001
    279  2.124846749719928E-004  3.776291602598710E+001
    580  2.117232804838693E-004  1.069063882425304E+002
     17  2.097331226166117E-004  2.091913438766164E+001
    549  2.095602720588035E-004  1.043755820157491E+002
   1031  2.086226119236172E-004  1.313824495210718E+002
    836  2.080201188967459E-004  1.177792466123822E+002
     45  2.059727600065241E-004  2.505629895200580E+001
     37  2.046888587997144E-004  2.413005277682491E+001
    623  2.036507325352455E-004  1.084311616311891E+002
   1001  2.036113614144942E-004  1.301907504163165E+002
    182  2.034252509636566E-004  3.313118961536368E+001
     86  2.027522571921711E-004  2.760340701365068E+001
    554  2.011592695800300E-004  1.048978551747549E+002
    678  2.004506405044166E-004  1.105298402911861E+002
    177  1.970212272381013E-004  3.286305119332699E+001
    193  1.938174230641173E-004  3.387383688791338E+001
    212  1.918009506729599E-004  3.425448747044050E+001
    241  1.910482868752228E-004  3.573178726353736E+001
    698  1.904279835735231E-004  1.111543499618823E+002
   1044  1.880693499474530E-004  1.320835593454495E+002
    777  1.876829426927740E-004  1.150636811545726E+002
   1041  1.875797418794738E-004  1.318604688563310E+002
    485  1.868244543157176E-004  5.896971858223063E+001
    559  1.863281290299091E-004  1.054467335457494E+002
    402  1.839369328418887E-004  5.323403324336612E+001
    244  1.798226977149541E-004  3.582009297825139E+001
    163  1.787931102755926E-004  3.148605603035891E+001
     20  1.707117384949394E-004  2.146722812704134E+001
    635  1.701914546992776E-004  1.087402789130293E+002
    676  1.675274419287759E-004  1.102968009656115E+002
     58  1.658607387954212E-004  2.603619761911758E+001
    139  1.649293731738298E-004  3.001327528760398E+001
    453  1.612910634140781E-004  5.734859743017803E+001
    702  1.609079959443485E-004  1.112791472783473E+002
    455  1.604645335800027E-004  5.757818593173593E+001
    462  1.584311160588257E-004  5.834568949164402E+001
    477  1.583352876165759E-004  5.875439662154096E+001
    378  1.581299391584790E-004  4.609481655347708E+001
    631  1.576960395612542E-004  1.086593678715634E+002
   1024  1.571162618314968E-004  1.310472886139475E+002
    140  1.568471487917663E-004  3.002380690834687E+001
    617  1.568076799770848E-004  1.082069188907082E+002
    154  1.567322509271363E-004  3.128025029310897E+001
    318  1.556615237234270E-004  3.952690512520030E+001
    525  1.545371077543036E-004  6.201689187624501E+001
    810  1.529022582511563E-004  1.168542717379606E+002
    422  1.515449494607958E-004  5.478392604221921E+001
   1038  1.495702579981703E-004  1.317153469634680E+002
     94  1.481204801980841E-004  2.803048707399637E+001
    687  1.465570727853749E-004  1.108477970364615E+002
    944  1.447442610785060E-004  1.278264506290159E+002
    207  1.406359119131833E-004  3.419271829752626E+001
    311  1.403356995810843E-004  3.939193935233331E+001
    201  1.390880454453182E-004  3.413905621996786E+001
    380  1.385478548802219E-004  4.621788456267294E+001
    217  1.376192631837666E-004  3.432077633458158E+001
      5  1.371586093006003E-004  1.580375607842547E+001
    717  1.343076565453537E-004  1.119901298340990E+002
    727  1.339848080823974E-004  1.123838421661365E+002
    514  1.331048742553984E-004  6.112143562944963E+001
    503  1.325935281117405E-004  6.062899617907863E+001
    626  1.322430830335889E-004  1.085197354965440E+002
    292  1.288515101581939E-004  3.837765227419467E+001
    760  1.270159133477484E-004  1.133648679091437E+002
     90  1.268160806865855E-004  2.792299487571685E+001
    405  1.227187310250259E-004  5.340951413863353E+001
     22  1.215486431672423E-004  2.149928230079738E+001
     31  1.204213128035483E-004  2.349957735236975E+001
    774  1.182178197894345E-004  1.147299018357027E+002
   1047  1.167447789200106E-004  1.324683504365100E+002
    575  1.164454083243974E-004  1.067636975144964E+002
    100  1.158887046257675E-004  2.814590236831992E+001
    738  1.158544934479571E-004  1.126248828969786E+002
    799  1.152431278806468E-004  1.161655148393659E+002
     35  1.150458208351765E-004  2.406163852032448E+001
    733  1.148243603914274E-004  1.125211996768446E+002
     77  1.140738497001814E-004  2.720977418778346E+001
    621  1.135984652716281E-004  1.083828600305560E+002
    132  1.126506561528696E-004  2.978147182311027E+001
    346  1.125460432451341E-004  4.251353138364797E+001
    219  1.112543181749227E-004  3.435584966495736E+001
     85  1.094563796462900E-004  2.757726243328665E+001
    285  1.094057619080404E-004  3.794670187788559E+001
    399  1.085251806061694E-004  5.300117686152819E+001
    897  1.071770257594283E-004  1.233154024205701E+002
    144  1.064079231468848E-004  3.023024488043693E+001
    607  1.058863191969730E-004  1.079782277499060E+002
    932  1.052130765743104E-004  1.272890793904072E+002
    535  1.046523027350370E-004  7.234684016852472E+001
   1052  1.042177074621642E-004  1.330891459743712E+002
    950  1.041270367153670E-004  1.281356928004739E+002
    768  1.027711795603632E-004  1.140511281344195E+002
    202  1.019386733197875E-004  3.414693728338715E+001
    130  1.016284599208565E-004  2.969026097336859E+001
    497  1.009305479382499E-004  5.984833423050026E+001
    330  9.985285764335841E-005  4.000719691328421E+001
    937  9.889398142740853E-005  1.275975168353670E+002
     54  9.816651221755043E-005  2.537118147105558E+001
    288  9.612152423466753E-005  3.825168870868715E+001
    135  9.536122099066327E-005  2.990996926970350E+001
    504  9.455639384679023E-005  6.073767201700102E+001
    340  9.393449732625685E-005  4.203744443197692E+001
    253  9.360361756364849E-005  3.690338042035397E+001
    568  9.335016364557915E-005  1.063884322375297E+002
   1013  9.217143417455065E-005  1.306191025791559E+002
    186  9.195477403893110E-005  3.335079910483972E+001
    756  9.173064755792019E-005  1.131019348749128E+002
    206  9.160744588028868E-005  3.418711639611698E+001
    646  9.050607817181294E-005  1.089039652974663E+002
    128  8.994678732000590E-005  2.964876822252022E+001
    442  8.936945151140197E-005  5.605259237502305E+001
     12  8.793334868944980E-005  1.791855268392995E+001
    164  8.788415560555106E-005  3.156123118588701E+001
    489  8.776131993808455E-005  5.906665573291085E+001
    423  8.681326764000364E-005  5.491452382822700E+001
    161  8.610734146590082E-005  3.141544799468193E+001
    655  8.521323990248984E-005  1.092114390318620E+002
    928  8.351256321993573E-005  1.271758190169006E+002
    995  8.277280164273719E-005  1.300556822463785E+002
    274  8.268733270006515E-005  3.771469066363962E+001
    671  8.159761490975138E-005  1.100461630260976E+002
    817  8.109976084935261E-005  1.171745914510001E+002
    536  8.074159811941879E-005  7.244369170766353E+001
    868  8.038168677639251E-005  1.199994649602093E+002
    519  7.973497799899260E-005  6.116666091909611E+001
     76  7.932446647809925E-005  2.719040433196805E+001
     95  7.889819781686088E-005  2.806113631432304E+001
    460  7.847552592709930E-005  5.821511818989060E+001
    229  7.842598700225869E-005  3.477639317683153E+001
    807  7.789992770779430E-005  1.166040027024774E+002
    663  7.605624866580144E-005  1.095408569103236E+002
    498  7.566895764048798E-005  6.006055704270973E+001
    185  7.389679195151368E-005  3.329017879350934E+001
   1022  7.359971771615342E-005  1.309570316227355E+002
    360  7.278192689824943E-005  4.501412031898634E+001
   1042  7.136728368855118E-005  1.319938555239870E+002
    103  7.102729888002993E-005  2.854698030319213E+001
   1016  7.035722533872646E-005  1.306784011483153E+002
     11  6.898673838344681E-005  1.771447447329438E+001
    127  6.871605039296328E-005  2.958197907168710E+001
    826  6.856520963076272E-005  1.174535409692338E+002
    131  6.854519586514545E-005  2.976719894627799E+001
    523  6.835341100043205E-005  6.195141091349550E+001
    769  6.662820819538597E-005  1.141494817506874E+002
    364  6.617734175292472E-005  4.528995878587361E+001
    706  6.597346147152495E-005  1.115644797142602E+002
    118  6.568848663986141E-005  2.927665934202001E+001
    784  6.463805181806142E-005  1.156115101864969E+002
    532  6.453254996500406E-005  6.299204701993657E+001
    459  6.447235945132423E-005  5.797524108925945E+001
    142  6.392422830566310E-005  3.011700635419402E+001
    545  6.372860713117628E-005  1.038885725205099E+002
    512  6.365901812015901E-005  6.110465593383906E+001
     70  6.274346897865340E-005  2.683332853591699E+001
    645  6.211445447093884E-005  1.088758352374567E+002
    797  6.203569979163050E-005  1.161224071144865E+002
    255  6.174081279012577E-005  3.705801266502003E+001
    165  6.169566656869016E-005  3.194792507678593E+001
    254  6.060757698892773E-005  3.696870162494890E+001
    989  6.044771597401319E-005  1.296856498562064E+002
    347  5.935245050985636E-005  4.251894246220620E+001
    694  5.906852299549687E-005  1.110208923005156E+002
    172  5.866263303474752E-005  3.254695536480502E+001
    348  5.859292248468849E-005  4.278252907839931E+001
    873  5.842760299075585E-005  1.205400953636918E+002
    287  5.825656288348828E-005  3.806334999222836E+001
    762  5.757284183082234E-005  1.134504722361933E+002
    742  5.757058846422441E-005  1.126546326383816E+002
     92  5.756749072338776E-005  2.796966533379813E+001
    712  5.711645532230395E-005  1.118479116964762E+002
    875  5.681579575941794E-005  1.206504418490652E+002
    970  5.677264946120834E-005  1.288440499253601E+002
    113  5.667454556511000E-005  2.894608485543543E+001
    136  5.561701615557755E-005  2.995197020395121E+001
    472  5.556747473525112E-005  5.860732378330380E+001
     66  5.549435129393826E-005  2.653041695388611E+001
    597  5.439892160773100E-005  1.076362394255561E+002
    343  5.429472525768181E-005  4.223776350771931E+001
    997  5.379251508167457E-005  1.300952728722026E+002
     44  5.360374883029229E-005  2.487547588775838E+001
    943  5.340691587729052E-005  1.278255860865938E+002
    500  5.273404886308103E-005  6.016266526055261E+001
    667  5.254717162871109E-005  1.098231148083649E+002
   1014  5.231682682023604E-005  1.306579532637773E+002
    245  5.205784618272019E-005  3.584895809931362E+001
    600  5.176762201027031E-005  1.078192567961393E+002
    195  5.150608276132068E-005  3.399004655216064E+001
   1075  5.142232663793492E-005  1.852007864492208E+002
    115  5.087952005730372E-005  2.908676806680809E+001
    480  5.035057987143886E-005  5.887142017505539E+001
    111  5.030587212292472E-005  2.891758955889047E+001
    924  5.028165549348901E-005  1.267645350898773E+002
    351  4.981309937271197E-005  4.290814690346715E+001
    133  4.962856707310244E-005  2.980777525245198E+001
    265  4.951865452160895E-005  3.762418150997995E+001
    349  4.930873986987720E-005  4.279212686889406E+001
     67  4.923044003611893E-005  2.663955326886673E+001
    803  4.864191339800497E-005  1.163959410830473E+002
    630  4.861161698980615E-005  1.086464564510315E+002
    281  4.756064118388376E-005  3.778222215271058E+001
     93  4.729446442490998E-005  2.801831476528660E+001
    105  4.705675030238610E-005  2.872870804936272E+001
     97  4.688059946560035E-005  2.809615145046481E+001
    675  4.620984587041681E-005  1.101932688761904E+002
    829  4.585144382620971E-005  1.175434491795728E+002
    948  4.502229727808588E-005  1.280530341997139E+002
    746  4.498128034104307E-005  1.128150956859242E+002
    585  4.458367971525254E-005  1.071721890576240E+002
    309  4.419583199854497E-005  3.929268620446922E+001
    273  4.369137825723018E-005  3.771236202405859E+001
    981  4.361528582640783E-005  1.292686845988868E+002
    431  4.201790112179809E-005  5.545822575490884E+001
    576  4.191520755181969E-005  1.068188420241767E+002
    613  4.148635056447742E-005  1.081325074305931E+002
    169  4.109399206811635E-005  3.225245008090104E+001
    795  4.104963279360127E-005  1.159446042090269E+002
    155  4.060182208868062E-005  3.129077640287002E+001
    218  4.046513729250381E-005  3.434087154455664E+001
    827  3.998270618866249E-005  1.174913134466901E+002
    516  3.985709433345813E-005  6.114879167768425E+001
   1033  3.941335326321580E-005  1.314921549657209E+002
   1027  3.936369534379857E-005  1.311414239553258E+002
    796  3.911973992861256E-005  1.160406419035091E+002
    513  3.885290757559232E-005  6.111701004965728E+001
    415  3.863832984091878E-005  5.409773008136273E+001
    710  3.793890370786154E-005  1.117114283703663E+002
    259  3.790703145597427E-005  3.731129763636223E+001
    214  3.787917694655450E-005  3.429158842681225E+001
    793  3.771984774105694E-005  1.158943894419280E+002
    700  3.758252479103928E-005  1.112187707043413E+002
    280  3.754628916399748E-005  3.777070006257392E+001
    824  3.716078973768739E-005  1.173851057796732E+002
    238  3.705409677821457E-005  3.562010162214489E+001
    808  3.702571612206257E-005  1.166438640424820E+002
    690  3.691604089259895E-005  1.109553167085971E+002
    968  3.645623316608168E-005  1.287893908307005E+002
    216  3.636224365652307E-005  3.431915233475488E+001
    909  3.631755239315442E-005  1.256671150468244E+002
    683  3.594995147178023E-005  1.107854094171573E+002
    329  3.591451128432490E-005  3.994917835777716E+001
    813  3.550112311680443E-005  1.170211975618395E+002
     63  3.539625641103432E-005  2.633691355837915E+001
    977  3.512531713419481E-005  1.291448023039548E+002
    680  3.508476535791965E-005  1.106808485277705E+002
    454  3.470390227086335E-005  5.753531790534946E+001
    183  3.446621998524202E-005  3.317747871488443E+001
    269  3.390593524844829E-005  3.766609016559832E+001
    534  3.378782262074866E-005  6.352992396574133E+001
    282  3.363150734441925E-005  3.781601762519486E+001
    636  3.229870011644170E-005  1.087412284437008E+002
     68  3.224893475441930E-005  2.665958995788216E+001
    166  3.212704889757338E-005  3.197534022905977E+001
    385  3.193398894997684E-005  4.744969147605799E+001
    271  3.155700990411005E-005  3.769377629908810E+001
    486  3.137317691984060E-005  5.898078655703418E+001
     43  3.100780751941591E-005  2.485090944939308E+001
    395  3.096887979630852E-005  5.279005865968511E+001
    954  3.087636271679238E-005  1.282848493157465E+002
    748  3.085780143078700E-005  1.128453459062848E+002
    222  3.077282320138989E-005  3.444665555523785E+001
    785  3.075485987473495E-005  1.156515149006221E+002
    731  3.063549184038015E-005  1.124795031346507E+002
    831  3.045789436992323E-005  1.175849164822640E+002
    121  2.990226196126454E-005  2.937009161569695E+001
    691  2.980115334597234E-005  1.109942746792360E+002
    331  2.967436786048934E-005  4.033978069592825E+001
    907  2.954421251805606E-005  1.254774984052440E+002
    236  2.932946679629325E-005  3.558504171265294E+001
   1056  2.905700192480268E-005  1.332822863268028E+002
   1061  2.895299780799488E-005  1.338239896777959E+002
    134  2.837789889118399E-005  2.989081555609098E+001
    854  2.832672767453566E-005  1.190938927222375E+002
    107  2.810505079084079E-005  2.880093649968087E+001
    883  2.757015803413120E-005  1.212822283474710E+002
    649  2.729959790390750E-005  1.089557122086210E+002
    320  2.705923246644908E-005  3.958466091098631E+001
    952  2.662108812311318E-005  1.282170243378332E+002
    821  2.636562682718591E-005  1.173213489801490E+002
   1021  2.586793669817650E-005  1.308784400027895E+002
    321  2.545134082703075E-005  3.959878738143280E+001
    322  2.535740971104922E-005  3.962934885257222E+001
    866  2.517130596353864E-005  1.198737679274225E+002
    357  2.499501033727377E-005  4.413715889769129E+001
    156  2.477737955663363E-005  3.133959801814033E+001
     36  2.469948302205680E-005  2.408548968715760E+001
    778  2.459973155563953E-005  1.153062331743218E+002
   1032  2.451670450410161E-005  1.314270448258869E+002
    741  2.427237740008569E-005  1.126383251241469E+002
    239  2.423880242099935E-005  3.564788119351169E+001
    737  2.410305249682455E-005  1.125716601108342E+002
   1018  2.396467304639680E-005  1.307425624046459E+002
     46  2.394146771471647E-005  2.508968851186969E+001
    150  2.379425687831095E-005  3.095380367517388E+001
    681  2.339056735214572E-005  1.107150530846271E+002
     41  2.336544584121338E-005  2.434332602389209E+001
    208  2.319290142861026E-005  3.420400517096608E+001
    865  2.281596754675209E-005  1.195233182598442E+002
    246  2.279793404841773E-005  3.612200287477440E+001
    615  2.218414281771265E-005  1.081646255451844E+002
    492  2.206322243510693E-005  5.919740097208313E+001
    389  2.205446069748292E-005  4.924612888004685E+001
    191  2.204484399380588E-005  3.372798248811258E+001
    247  2.195965125037562E-005  3.613855018049320E+001
    661  2.195766168958201E-005  1.094040232551639E+002
    548  2.179595075093568E-005  1.041098140943872E+002
   1000  2.169056664395443E-005  1.301375093272533E+002
    312  2.162230301773518E-005  3.940338989709551E+001
    991  2.161339265700332E-005  1.298309517843196E+002
    495  2.160482154389774E-005  5.971063876484735E+001
    372  2.154424561785591E-005  4.569660817760900E+001
    157  2.149969693094536E-005  3.136040875348826E+001
    401  2.148407997256986E-005  5.310952948046032E+001
    517  2.129921254419307E-005  6.116283191518230E+001
    230  2.101753447012655E-005  3.507000892128892E+001
    858  2.081519580971907E-005  1.193043137223610E+002
    319  2.079647072586476E-005  3.955367029075058E+001
    527  2.070086559232415E-005  6.211137902133680E+001
    708  2.051350223902822E-005  1.116659378913442E+002
    158  2.042941755309787E-005  3.138637587596471E+001
    381  2.034907625495953E-005  4.623753374880091E+001
    697  2.017104000686657E-005  1.111168086390436E+002
    926  1.995265154240239E-005  1.269935099435139E+002
     98  1.988503953608675E-005  2.810036398063808E+001
    120  1.962988522488250E-005  2.935022978395871E+001
    168  1.954343771283698E-005  3.223239881301075E+001
    658  1.949515264927441E-005  1.092752908733605E+002
    221  1.945624619181492E-005  3.444064242877499E+001
    911  1.936741903409544E-005  1.258968376271585E+002
   1009  1.902018447965601E-005  1.304609142394732E+002
    639  1.896708639611830E-005  1.087924757147032E+002
    184  1.886022006280362E-005  3.328145954751520E+001
    417  1.862670057362530E-005  5.432386496665636E+001
    986  1.822249902988102E-005  1.294778988001748E+002
    106  1.809441172664243E-005  2.873147041157064E+001
    844  1.760820755611808E-005  1.182236522024691E+002
    112  1.745480649451124E-005  2.893182478938967E+001
    173  1.708099325685853E-005  3.267731285541730E+001
    174  1.705724352302150E-005  3.277024257542895E+001
    884  1.703509038989534E-005  1.212913619330936E+002
    374  1.700671264299869E-005  4.576894168844035E+001
    851  1.699981162984240E-005  1.189105890777936E+002
    510  1.698607427130036E-005  6.106496915014706E+001
    659  1.688608227028835E-005  1.093169473413985E+002
     72  1.686805871014954E-005  2.695844835194747E+001
   1005  1.681211441352697E-005  1.302961950162389E+002
    976  1.670622002160146E-005  1.291265023483052E+002
    802  1.664289507067267E-005  1.163074247182627E+002
    473  1.656073231670438E-005  5.864875851961727E+001
    466  1.630072164209736E-005  5.848631456847294E+001
    730  1.623405279508590E-005  1.124678820560711E+002
    307  1.622631151642897E-005  3.924418415703018E+001
    553  1.610257810221665E-005  1.045844149005738E+002
    765  1.595730170177934E-005  1.138034732037320E+002
    353  1.568804808779402E-005  4.354452657935016E+001
    129  1.551623079245853E-005  2.967722940199728E+001
    588  1.539356541693244E-005  1.072780161282308E+002
    962  1.531996720393829E-005  1.284190833846668E+002
    537  1.512382109714710E-005  7.348438751630307E+001
      6  1.501155618942435E-005  1.593905863128156E+001
    958  1.500382429739936E-005  1.283326337970340E+002
    916  1.496722286896156E-005  1.261858055404796E+002
    333  1.494506688443190E-005  4.050570323460023E+001
    451  1.493714406796645E-005  5.726939793781466E+001
    599  1.472468730331868E-005  1.077354408464688E+002
     15  1.453952584046104E-005  2.077312965636918E+001
    352  1.439210176029039E-005  4.345183818831803E+001
    783  1.428484585874929E-005  1.155776779712016E+002
    325  1.414858831531899E-005  3.979678053884171E+001
    264  1.408700614291210E-005  3.760740200223662E+001
    138  1.406878535023479E-005  2.998810658959070E+001
    960  1.382454350111329E-005  1.283710541965592E+002
    382  1.373581293098116E-005  4.661435463500721E+001
    570  1.368281155601785E-005  1.064458450110351E+002
    200  1.359429772902570E-005  3.413076352937113E+001
    493  1.357371344053133E-005  5.956939432616837E+001
    871  1.353829381985337E-005  1.204638135739833E+002
    268  1.334213768141340E-005  3.765614789507087E+001
    887  1.316766950641777E-005  1.215278324822884E+002
    305  1.314271659502468E-005  3.919092577852600E+001
    326  1.303250128424042E-005  3.980074663620405E+001
     84  1.292544109972143E-005  2.748397341497807E+001
    564  1.284287741603220E-005  1.059223740174141E+002
    153  1.251664365838890E-005  3.119128674334460E+001
     34  1.239564558186911E-005  2.394870774261297E+001
    449  1.233714163801408E-005  5.713782918039372E+001
   1067  1.230788007739411E-005  1.341872351276505E+002
    955  1.223087993918383E-005  1.283043098504922E+002
    316  1.216877032466853E-005  3.947722492082590E+001
   1076  1.209679658328192E-005  1.858411948136732E+002
    942  1.193829655307505E-005  1.277896527703618E+002
    338  1.192889965916476E-005  4.143596746217444E+001
    724  1.173786079862924E-005  1.122474317356576E+002
      3  1.168705256033544E-005  1.530095081680193E+001
    413  1.152112166492620E-005  5.407796767412047E+001
    438  1.147462624319231E-005  5.568774314714533E+001
    440  1.128630248137401E-005  5.589934491235444E+001
    336  1.127527137721556E-005  4.106442919982931E+001
    972  1.116547158147272E-005  1.289491342298440E+002
    964  1.093814450635934E-005  1.284811881676410E+002
    771  1.091652105313813E-005  1.142541813627527E+002
    143  1.089088793215294E-005  3.021552765862468E+001
    560  1.049403735623735E-005  1.057397922085461E+002
    929  1.021712399233778E-005  1.272324166790593E+002
    275  1.019478094991086E-005  3.771871208633355E+001
    979  1.004999171837034E-005  1.292073280791942E+002
    304  9.979376215978986E-006  3.902642388250331E+001
    919  9.959293092539993E-006  1.264669767465423E+002
     52  9.891829979600863E-006  2.532370304309600E+001
    446  9.726511523927573E-006  5.657515742254393E+001
    327  9.608824637333586E-006  3.980649710729982E+001
    394  9.382402168211481E-006  5.275338077531283E+001
    267  9.275429888277699E-006  3.763942844703926E+001
    410  9.247656693623582E-006  5.380004782230375E+001
    400  9.158185974343050E-006  5.304406357850599E+001
    524  9.139164094288186E-006  6.196836567938324E+001
    272  9.120872508731277E-006  3.770876893490352E+001
     30  9.058805058441806E-006  2.339033246897357E+001
    903  9.047359940121835E-006  1.249295857950171E+002
    187  8.944556374260658E-006  3.338593491458187E+001
    984  8.838575290996308E-006  1.293776492189174E+002
    314  8.730915971319026E-006  3.944402428691944E+001
    289  8.544024991934400E-006  3.832422991649202E+001
    220  8.520580603386800E-006  3.440936379612124E+001
    376  8.515947264489988E-006  4.578482274843697E+001
    152  8.403826155775869E-006  3.107793476288124E+001
    481  8.368446546952867E-006  5.889564718758225E+001
     53  8.357757209465763E-006  2.532427500710937E+001
    938  8.303216750673154E-006  1.276246332177813E+002
    555  8.114676050172309E-006  1.049505825405343E+002
    411  7.883473120111104E-006  5.390414096058870E+001
    407  7.807371258912693E-006  5.355040632372296E+001
    521  7.760616514855875E-006  6.120499406654021E+001
     74  7.667366590466248E-006  2.706787664592100E+001
    444  7.636980188797796E-006  5.640873014994138E+001
    286  7.586156988900201E-006  3.806107114689090E+001
    791  7.549603483096118E-006  1.158399885308925E+002
    232  7.548471697334814E-006  3.530982942235851E+001
    886  7.516010301435220E-006  1.214498350996194E+002
    894  7.468674594657193E-006  1.226855190700912E+002
    719  7.460542333722836E-006  1.120361196403708E+002
     99  7.431093701071812E-006  2.813215700322161E+001
    820  7.232405777781517E-006  1.173160626674297E+002
    283  7.224887689645791E-006  3.781664732037148E+001
   1006  7.207066140991241E-006  1.303473844140781E+002
    224  7.196882950753259E-006  3.456258153743839E+001
    917  7.185911151256086E-006  1.262583151256411E+002
    276  7.040965368931600E-006  3.774173651101562E+001
    609  7.015387581091799E-006  1.080529774194348E+002
    892  6.895804236889977E-006  1.223146913863671E+002
     62  6.873015138086696E-006  2.630569023157911E+001
    855  6.861187123293669E-006  1.192335282432478E+002
     82  6.776419821545604E-006  2.744742479332049E+001
    905  6.758799372421358E-006  1.252963463377060E+002
    116  6.728437687569481E-006  2.910094471225916E+001
    853  6.719955264406810E-006  1.189950762444425E+002
    578  6.681869294443862E-006  1.068696587706935E+002
    248  6.476491331127570E-006  3.617742791171408E+001
    377  6.462994201213004E-006  4.580996274485975E+001
    934  6.342090196289146E-006  1.274026915475210E+002
    643  6.339518660569981E-006  1.088529165631816E+002
    940  6.328724720699088E-006  1.277053477702196E+002
    992  6.276463958722875E-006  1.299169051159237E+002
    561  6.104382888963230E-006  1.057823475786052E+002
    192  6.091718218153149E-006  3.373139183933635E+001
    147  6.070401814868960E-006  3.045498909450352E+001
    464  6.061176762568987E-006  5.841767339850505E+001
    339  6.034604482219907E-006  4.199721405536648E+001
    975  6.028733632236742E-006  1.290479361570385E+002
     96  5.999042780357276E-006  2.807603105873968E+001
    204  5.907443984186924E-006  3.416741852472765E+001
    240  5.824902012101732E-006  3.568815433410965E+001
    898  5.781735840366982E-006  1.236287338505038E+002
     78  5.608598485576338E-006  2.724001953302053E+001
    110  5.576162929597316E-006  2.890337161783228E+001
    593  5.570908466989791E-006  1.074633420950339E+002
    666  5.511769120365149E-006  1.096961217429448E+002
    334  5.473751400547354E-006  4.055961280242965E+001
    145  5.354773327982830E-006  3.035386176419680E+001
    167  5.183491331772788E-006  3.206734480721192E+001
    816  5.153560374085672E-006  1.170854692244173E+002
    877  5.120098370951968E-006  1.207635072396237E+002
    526  5.097696987419040E-006  6.205614154690332E+001
    317  5.065411525048548E-006  3.952108816795088E+001
    324  5.057797096835771E-006  3.965813849875591E+001
   1008  5.048778009096192E-006  1.304054287055121E+002
    104  5.005497014405299E-006  2.863475114667724E+001
    189  4.988568751779459E-006  3.348575581421191E+001
    171  4.975015375932396E-006  3.251692712246987E+001
    542  4.914700226128909E-006  1.021380905135569E+002
    565  4.853807276111125E-006  1.059848591127986E+002
    502  4.709353446151048E-006  6.033057478557798E+001
    323  4.631887638102160E-006  3.963162035223775E+001
    194  4.619244660777239E-006  3.388123191050668E+001
    573  4.618965254498676E-006  1.066520968004064E+002
    470  4.596906483362158E-006  5.858950887133865E+001
    359  4.488863133765375E-006  4.440820660542785E+001
    571  4.484739295178414E-006  1.065760725477823E+002
    602  4.462093912730003E-006  1.078335831208874E+002
    528  4.438167113920844E-006  6.211763689923020E+001
    780  4.397548271631799E-006  1.153482258688003E+002
    757  4.369692222458063E-006  1.131455979007981E+002
    488  4.303022270390699E-006  5.904214899548738E+001
    101  4.260391875195905E-006  2.816121926613436E+001
    755  4.254020022994795E-006  1.130537195644052E+002
    921  4.237442538300917E-006  1.266347372507485E+002
     61  4.221610460102750E-006  2.623624111749398E+001
    231  4.087849987663605E-006  3.529195130720404E+001
    176  4.040418710123166E-006  3.283702642513862E+001
    199  3.988465745359348E-006  3.411214171315592E+001
    879  3.978677692313130E-006  1.208628531744268E+002
    242  3.831653045533318E-006  3.575330164903793E+001
    196  3.758489331144210E-006  3.402217963204272E+001
    490  3.737478871823932E-006  5.909746584665749E+001
   1064  3.722356576909254E-006  1.339182935247794E+002
    605  3.674781786190974E-006  1.079476682950407E+002
    342  3.501937370749697E-006  4.219280462450153E+001
    260  3.454762847358973E-006  3.745846822965304E+001
   1066  3.368373954382800E-006  1.341339055776214E+002
    124  3.330146641779166E-006  2.953039329658957E+001
    637  3.205388956453069E-006  1.087708716348475E+002
    398  3.147611465634779E-006  5.298968704937109E+001
    520  3.104440730536877E-006  6.117519869664547E+001
    654  3.059384137189596E-006  1.091774321289355E+002
    159  3.036058267264723E-006  3.140014259635325E+001
     48  3.028545108428003E-006  2.521050943974308E+001
    515  2.938779122616393E-006  6.113166482037749E+001
    863  2.933351123563390E-006  1.194780899982511E+002
    584  2.915357618745100E-006  1.071415131646536E+002
    468  2.856314217843039E-006  5.850419738659161E+001
     50  2.701593326335659E-006  2.524792740229145E+001
    616  2.684901440626959E-006  1.081902144651443E+002
    277  2.678983926677537E-006  3.774405278528796E+001
    558  2.562068209664594E-006  1.054235904423783E+002
    837  2.558386021377127E-006  1.177814246314451E+002
    674  2.531752264709211E-006  1.101627157855635E+002
    624  2.517785036632123E-006  1.084534043855216E+002
    414  2.485390536484643E-006  5.408443269732371E+001
    594  2.460012994798576E-006  1.075267994995216E+002
    428  2.359012220127625E-006  5.539697768550786E+001
    895  2.345930229149244E-006  1.231922658586809E+002
    567  2.292813854192305E-006  1.061175767374582E+002
    162  2.280624433287773E-006  3.142013005221356E+001
    445  2.231640847695812E-006  5.650985963977887E+001
    441  2.186150510543078E-006  5.602297434426368E+001
    257  2.148171135618127E-006  3.716053985696894E+001
    361  2.134844159948916E-006  4.509188248244521E+001
    577  2.130786222751629E-006  1.068269012623950E+002
    170  2.123883185386694E-006  3.240864442722207E+001
    123  2.111828498551369E-006  2.945706723223188E+001
    832  2.108557210451862E-006  1.176150872586579E+002
    484  2.105638657201261E-006  5.894622531819898E+001
   1054  2.084481911602808E-006  1.332101619260334E+002
    583  2.083478407203064E-006  1.070323413352247E+002
    529  2.017034788679087E-006  6.213305424318654E+001
    467  2.016140045974398E-006  5.850070475174659E+001
    722  1.946807971575609E-006  1.121989232781130E+002
    899  1.941842799057759E-006  1.237750393258326E+002
     56  1.908904954792771E-006  2.577494999028338E+001
    345  1.896296089550747E-006  4.248475366295001E+001
     87  1.877258562408143E-006  2.773505635732142E+001
    682  1.820625399340342E-006  1.107795174367904E+002
    589  1.727914930178268E-006  1.073243551551986E+002
    825  1.718480432047633E-006  1.174155068731360E+002
    416  1.696915082832278E-006  5.412105627361211E+001
   1002  1.671654811917564E-006  1.301955720736593E+002
    656  1.655171615284138E-006  1.092383325553483E+002
    890  1.627277740690697E-006  1.222269695705770E+002
    595  1.589775427424294E-006  1.075727311228692E+002
    365  1.575578208241536E-006  4.540196146988517E+001
    181  1.536330070204465E-006  3.309588236011395E+001
    672  1.516836773040141E-006  1.100523893058521E+002
    235  1.513227906532029E-006  3.553329683850696E+001
    463  1.508489901620488E-006  5.840368106338346E+001
    789  1.503664039393508E-006  1.157939903252585E+002
    574  1.490558819788856E-006  1.067089856517616E+002
    370  1.468472076564587E-006  4.562254251008403E+001
    284  1.462877912611533E-006  3.794002386601017E+001
    332  1.416814240368842E-006  4.036182328117159E+001
    469  1.403680417198730E-006  5.857260373695996E+001
    641  1.400226923006290E-006  1.088136450829588E+002
    579  1.365100493110842E-006  1.068810185812333E+002
    713  1.364338707398323E-006  1.118750446375970E+002
     75  1.331905246366822E-006  2.717284531466260E+001
    397  1.305453900576837E-006  5.292984574180642E+001
    369  1.289253294352900E-006  4.556664797594529E+001
    175  1.265100870656133E-006  3.282740528695558E+001
    622  1.225181113731869E-006  1.084041586407917E+002
    487  1.188399845806027E-006  5.901096182276392E+001
    109  1.162408327022396E-006  2.888359254004277E+001
    471  1.148453158511911E-006  5.859921299406331E+001
    587  1.138720161219544E-006  1.072564562863978E+002
    569  1.136138887987685E-006  1.064024371239422E+002
    522  1.128600506549672E-006  6.189501394570030E+001
    902  1.128578918302040E-006  1.246861225619736E+002
    918  1.120440161818411E-006  1.263810693695273E+002
    830  1.106907477383661E-006  1.175448785112390E+002
    627  1.103953524880691E-006  1.085359599099982E+002
   1029  1.082271148527955E-006  1.312589073638632E+002
    610  1.080881619558390E-006  1.080548791140610E+002
    366  1.045484015475651E-006  4.541480133184800E+001
    596  1.029046532940009E-006  1.076305596761092E+002
    695  1.011057524993605E-006  1.110404578737834E+002
    256  9.999946562948501E-007  3.708485200545782E+001
   1026  9.887543879422589E-007  1.310988308446859E+002
    420  9.554547910235183E-007  5.464265012038360E+001
    910  9.438987376328254E-007  1.258349422363612E+002
     19  9.412369357816287E-007  2.137958735177528E+001
     88  9.405531539386695E-007  2.776495450944637E+001
    354  9.144587202192547E-007  4.358717802496741E+001
    228  8.934946159546050E-007  3.465329128304563E+001
    465  8.887704087916362E-007  5.845233409136720E+001
    178  8.883855301746861E-007  3.291892583427273E+001
    188  8.611332954714616E-007  3.343297855491465E+001
    368  8.477408073935408E-007  4.552075151204606E+001
    800  8.364635221936494E-007  1.161811067685375E+002
    234  8.364471040757541E-007  3.541632958107625E+001
    812  8.348545220815893E-007  1.169499526914024E+002
    684  8.295329667575350E-007  1.108055531440044E+002
    709  8.280626222462168E-007  1.116986555393093E+002
    367  8.169358620427505E-007  4.546665367422378E+001
    375  8.043009865810369E-007  4.577921754207221E+001
   1068  7.963171557154353E-007  1.342139437973118E+002
    252  7.913895709246366E-007  3.681481496629917E+001
   1046  7.907482663066170E-007  1.322741703884410E+002
    988  7.777778307093310E-007  1.295230022337254E+002
     25  7.771876027595356E-007  2.268285797328677E+001
    693  7.701464096634436E-007  1.110198391814811E+002
    562  7.682570507624899E-007  1.058125905236654E+002
    461  7.681877408583152E-007  5.832169084274378E+001
    845  7.662486612337311E-007  1.182722434309271E+002
    237  7.613667830169712E-007  3.561350513334219E+001
    371  7.476434544588209E-007  4.567834615857563E+001
    403  7.367077893161109E-007  5.332276567118551E+001
    608  7.335287474012067E-007  1.080310773431174E+002
    787  7.303575796661582E-007  1.157066821730262E+002
    870  7.294852743919047E-007  1.203621491035894E+002
    896  7.137108306706998E-007  1.231967026860033E+002
    556  6.998813519100121E-007  1.053074591696642E+002
    179  6.980117093356492E-007  3.301071504933698E+001
    790  6.812561122664533E-007  1.158127479939932E+002
    435  6.756287551638569E-007  5.559833163642786E+001
    634  6.731673411928281E-007  1.087110579745548E+002
    508  6.566420672129140E-007  6.101348113010317E+001
    362  6.193625968086543E-007  4.520209191521082E+001
    137  6.123884955374907E-007  2.996307755422044E+001
    846  5.891829219798531E-007  1.183733977129572E+002
    640  5.885638688609130E-007  1.088027953187827E+002
    601  5.818530726902951E-007  1.078222216339937E+002
    923  5.755368002073535E-007  1.267345977181097E+002
    625  5.711040171348632E-007  1.084878781680722E+002
     49  5.703165355245112E-007  2.521926711432687E+001
    313  5.546154008781710E-007  3.941220320488696E+001
    541  5.545295641181640E-007  1.020561485810812E+002
    396  5.259491539272318E-007  5.292259014309509E+001
    842  5.255818623106597E-007  1.180365480395604E+002
    668  5.212741619371108E-007  1.098358517134249E+002
    699  5.149777297188188E-007  1.111753891148923E+002
    355  5.075436041075516E-007  4.365668409738398E+001
    927  5.027061884887336E-007  1.271118445081471E+002
    679  4.963287127214122E-007  1.106299731616480E+002
    633  4.875400937166015E-007  1.086770367044967E+002
    781  4.806222299193722E-007  1.155015502370288E+002
    677  4.596967885110540E-007  1.104103779431708E+002
    670  4.592642454809883E-007  1.099218253642219E+002
    590  4.415068757505322E-007  1.073381491314167E+002
    657  4.352001211193367E-007  1.092680437977900E+002
    665  4.302351274364718E-007  1.096195054263975E+002
   1028  4.205464013645290E-007  1.312419762585663E+002
   1010  4.204249998293528E-007  1.305150376372933E+002
    922  4.137250193656022E-007  1.267277337836395E+002
    540  4.125771269004823E-007  1.019596674086986E+002
    782  3.937623872187107E-007  1.155663554633046E+002
    754  3.914921256881775E-007  1.130532912402911E+002
    696  3.875781072860641E-007  1.111110130672436E+002
    632  3.871767392012205E-007  1.086732063917954E+002
    949  3.855584405806171E-007  1.280833568476082E+002
    951  3.787745379662436E-007  1.282127111215003E+002
   1020  3.746053653150204E-007  1.308300137670077E+002
    983  3.733602827264845E-007  1.293699640118089E+002
    798  3.700525825293512E-007  1.161233232814441E+002
    804  3.634195994035265E-007  1.164307012054320E+002
    586  3.628272431569028E-007  1.072414988471015E+002
    225  3.600747977501620E-007  3.458265676939745E+001
    794  3.540886353374492E-007  1.159299755047292E+002
    740  3.495804715845136E-007  1.126281679605138E+002
    707  3.495437102789992E-007  1.116484954290111E+002
   1004  3.472186782141812E-007  1.302828791464404E+002
    933  3.419210615085871E-007  1.272967505112425E+002
    815  3.359290166612539E-007  1.170844697210597E+002
    893  3.299684096945860E-007  1.225899968537864E+002
    994  3.286036906059594E-007  1.299886393654431E+002
    859  3.259354284242709E-007  1.193117826572047E+002
    963  3.257021237473100E-007  1.284456810480366E+002
    751  3.235514969431769E-007  1.129352725370382E+002
    862  3.205568798877537E-007  1.194326389788892E+002
    809  3.187362654059932E-007  1.168273457040169E+002
    642  3.139921200833985E-007  1.088349318990273E+002
    974  3.112182307184057E-007  1.290391941684268E+002
    849  2.988860110308583E-007  1.186556798515274E+002
    511  2.978114421766136E-007  6.108291035790679E+001
    408  2.932097022686127E-007  5.368647704938994E+001
    328  2.927893359068093E-007  3.982877398686839E+001
    915  2.913063678863689E-007  1.261627872997085E+002
    982  2.888817178049002E-007  1.293230544301462E+002
     89  2.860467440799178E-007  2.787565477396676E+001
    685  2.854966032744602E-007  1.108208915724099E+002
    786  2.836426808534276E-007  1.156679892855772E+002
    767  2.712633806793035E-007  1.139787538815297E+002
    852  2.690102392151108E-007  1.189308904937423E+002
    662  2.684592722670275E-007  1.094304874643061E+002
    758  2.645017079346064E-007  1.131945788764974E+002
    732  2.568201579269147E-007  1.124809932511083E+002
    591  2.547454941842404E-007  1.073970459895217E+002
    990  2.529956048288189E-007  1.297249883032466E+002
    664  2.444349353769810E-007  1.095868237421283E+002
    764  2.440788764508685E-007  1.137269990775531E+002
    337  2.408246208470391E-007  4.125439580477820E+001
   1040  2.384643943971431E-007  1.318325334098182E+002
    703  2.363579424611202E-007  1.113359924967504E+002
    660  2.310777734542019E-007  1.093929129115852E+002
    744  2.308851795498206E-007  1.127340165661099E+002
    901  2.264786652361978E-007  1.246352700151236E+002
   1065  2.254938347637053E-007  1.340986810838602E+002
   1025  2.243032430905744E-007  1.310823101564250E+002
     80  2.205412394039086E-007  2.737665388114407E+001
    805  2.119837293696165E-007  1.165442309434909E+002
    614  2.088973184871617E-007  1.081499604581023E+002
    388  2.081404027117814E-007  4.916519389587509E+001
    606  2.070364708890269E-007  1.079754075340127E+002
    651  2.062212613356061E-007  1.090123807306586E+002
    736  2.040256187964604E-007  1.125700463249535E+002
    961  2.036971574058815E-007  1.283826108536399E+002
    839  1.992635979967364E-007  1.178451551754228E+002
    203  1.861337659241171E-007  3.415596231316062E+001
    823  1.790518572457966E-007  1.173434151863991E+002
    828  1.786826712123335E-007  1.175132070682912E+002
    770  1.773234736101895E-007  1.141655133118217E+002
    457  1.766687890795444E-007  5.770039153165104E+001
    538  1.758079539658258E-007  8.801939400846273E+001
    957  1.756042144176708E-007  1.283224605383935E+002
   1043  1.745146500889501E-007  1.320181582363304E+002
    250  1.744314291748354E-007  3.645071914574685E+001
    978  1.664601497479871E-007  1.291764873003617E+002
    987  1.659733958600759E-007  1.295218650079724E+002
    985  1.644130401851432E-007  1.294454523269476E+002
   1059  1.633716810538945E-007  1.335352794510990E+002
    939  1.633445424955989E-007  1.276788938661296E+002
    714  1.628911409454198E-007  1.118865310298163E+002
    688  1.625098048216732E-007  1.108652117541332E+002
    612  1.598666828751268E-007  1.080838271474082E+002
    261  1.549816099536296E-007  3.751537038816641E+001
    648  1.531196340484056E-007  1.089328290594756E+002
    263  1.528973874778883E-007  3.756851288337069E+001
   1023  1.480569713400410E-007  1.309907545973144E+002
   1017  1.477303595268596E-007  1.307020085696559E+002
    734  1.470894612444122E-007  1.125227414297757E+002
   1073  1.420581873703357E-007  1.355646294676644E+002
    792  1.416138456327315E-007  1.158579110744502E+002
   1015  1.374234609759415E-007  1.306693309857935E+002
    766  1.357312626088216E-007  1.138313497862233E+002
    638  1.328741394933629E-007  1.087773663504995E+002
    447  1.314835282759362E-007  5.692641404400948E+001
    619  1.298926909296818E-007  1.083262496248409E+002
    913  1.282212380002778E-007  1.260963173315474E+002
    920  1.278012655008690E-007  1.265729199247587E+002
    146  1.253159212951405E-007  3.038455959742199E+001
    772  1.239658869655550E-007  1.144444014986270E+002
    874  1.236760267767793E-007  1.206463359037059E+002
    908  1.205036173404990E-007  1.256350992978881E+002
    494  1.195596982065705E-007  5.959072402434833E+001
    412  1.171929218414167E-007  5.399327798218789E+001
     28  1.160043417136508E-007  2.303576073275412E+001
    834  1.124183644450195E-007  1.176651591794238E+002
    705  1.102545058325655E-007  1.114879185885843E+002
    711  1.083682143411092E-007  1.117833092223069E+002
    582  1.051085868353872E-007  1.069886979669129E+002
    888  1.042039068393648E-007  1.215384892766490E+002
   1077  1.006986663136110E-007  6.189178021453241E+002
   1063  1.004695129909735E-007  1.338610239777397E+002
    925  9.915363475851166E-008  1.268943605090481E+002
    227  9.535242669209416E-008  3.461221107986133E+001
    448  9.346837953852626E-008  5.707216855561523E+001
    603  9.233007046749562E-008  1.078480909052838E+002
    506  9.222304774185589E-008  6.092479484159845E+001
     13  9.082630982603205E-008  2.038781372204352E+001
    953  8.918789873686883E-008  1.282835790234384E+002
    788  8.884262669851692E-008  1.157595566872355E+002
    653  8.729674557870120E-008  1.090926521840726E+002
    860  8.604974715439767E-008  1.193608179742887E+002
    930  8.479801793184897E-008  1.272550109882912E+002
    715  8.280452472256005E-008  1.119122168057061E+002
     59  8.140407826235659E-008  2.608228483109795E+001
    373  8.078297606088085E-008  4.573517441489172E+001
    900  8.032436159183290E-008  1.240255399934555E+002
    761  7.950243041610567E-008  1.134019555363662E+002
    818  7.902827993800969E-008  1.172202887178189E+002
    935  7.635823430939106E-008  1.274477748704804E+002
   1003  7.569946976716723E-008  1.302792324598297E+002
    876  7.379344207811860E-008  1.207338716680959E+002
    747  7.025622885885595E-008  1.128221651622354E+002
   1035  7.002751637407757E-008  1.315022364948826E+002
    912  6.723475929644560E-008  1.259977317017505E+002
    867  6.722008643085103E-008  1.199420338065019E+002
    701  6.620482256272944E-008  1.112655741498095E+002
    729  6.343049627047428E-008  1.124070412533170E+002
    363  6.053442066039451E-008  4.523665715266514E+001
    779  5.977401084129340E-008  1.153237642854880E+002
    476  5.814497366238948E-008  5.874284760292872E+001
    906  5.644081363730285E-008  1.253859334012492E+002
    841  5.559944425565283E-008  1.180046875638410E+002
    243  5.412052493589333E-008  3.580427376176280E+001
   1007  5.395720036236309E-008  1.303971511397991E+002
    726  5.354135716927193E-008  1.123280306605216E+002
    501  5.323940050908076E-008  6.025540211442135E+001
    739  5.321042418713570E-008  1.126267264275300E+002
    750  5.092872900487903E-008  1.128980084302201E+002
    811  5.080808247893716E-008  1.169131613251637E+002
    856  4.890188428606932E-008  1.192407591408727E+002
    931  4.625197789662113E-008  1.272754104030811E+002
   1037  4.592854303211047E-008  1.316166834102353E+002
    814  4.552818134561452E-008  1.170571282096026E+002
    160  4.494544487445351E-008  3.140287364756382E+001
    941  4.318217200667276E-008  1.277239710636116E+002
    629  4.261588852449951E-008  1.086436456014825E+002
   1049  4.254715184705131E-008  1.325964910892840E+002
    882  4.161258637019918E-008  1.212606419968792E+002
    429  4.128624633648081E-008  5.542704693693687E+001
   1012  4.059440933202418E-008  1.305860585800326E+002
    956  3.872130230117284E-008  1.283075816024711E+002
    581  3.656768821176638E-008  1.069166383916512E+002
    980  3.577601437155092E-008  1.292322903638887E+002
    628  3.573511421064628E-008  1.085999071252231E+002
    880  3.551412220877194E-008  1.209811659012211E+002
    999  3.455451471466007E-008  1.301340763851820E+002
    776  3.426310920347772E-008  1.150535509847603E+002
    993  3.394016957363869E-008  1.299638892136509E+002
    819  3.315006964390593E-008  1.172617623112352E+002
    753  3.217649172293295E-008  1.130399909728984E+002
    996  3.203506824051494E-008  1.300741546440489E+002
    969  3.053681555834666E-008  1.288232913140608E+002
    946  2.708633924400775E-008  1.279201366409634E+002
    704  2.593682314466438E-008  1.114088220449556E+002
    773  2.537258725241909E-008  1.146041296786391E+002
    644  2.533965818737079E-008  1.088699046594824E+002
    720  2.388475193236932E-008  1.121496181246094E+002
    424  2.222759409410604E-008  5.504400290817051E+001
    878  2.084609605645711E-008  1.208553192243232E+002
    914  2.038668560148288E-008  1.261343003660832E+002
    775  1.991598716594507E-008  1.149447083106751E+002
    723  1.980306753992458E-008  1.122249597820348E+002
    904  1.974252244630399E-008  1.250437756508075E+002
    450  1.811171617204010E-008  5.723022636777802E+001
   1030  1.700063746491433E-008  1.313677884464318E+002
    406  1.664842606727599E-008  5.347162595814701E+001
    936  1.621305470415487E-008  1.275963114471066E+002
    869  1.475295415391349E-008  1.201465244096069E+002
    620  1.415220237578624E-008  1.083700393844588E+002
    752  1.396236399453815E-008  1.129825416205730E+002
    833  1.237637257112022E-008  1.176450554682990E+002
    652  1.209016402688600E-008  1.090805000764319E+002
    443  1.068321262561580E-008  5.615506371008289E+001
    891  1.067758421759147E-008  1.222344606190913E+002
    496  1.052077504299683E-008  5.977778544840232E+001
     47  8.177102259043683E-009  2.514695584094496E+001
    278  8.164736799036653E-009  3.775225448216675E+001
    499  7.862874836615397E-009  6.010190034988052E+001
    743  7.741426160525869E-009  1.126739704882794E+002
    728  7.363522739917093E-009  1.123911467240560E+002
    249  7.055848742126996E-009  3.643158917315001E+001
    801  7.042992902003530E-009  1.162412158177078E+002
    857  6.902077933232717E-009  1.192977858717030E+002
    945  6.580961673155661E-009  1.278945431870569E+002
    861  6.574920847984733E-009  1.193618968506130E+002
    850  6.561519328945655E-009  1.188640670964077E+002
    759  5.588384086819018E-009  1.132523759465808E+002
    840  3.430051753626037E-009  1.179674198090055E+002
    315  3.141324024778365E-009  3.946262277995078E+001
    122  1.652774412252825E-009  2.942821875092930E+001
    439  1.474439142053862E-009  5.581771077364913E+001
    718  1.459691165929058E-009  1.120307816427976E+002
    872  1.420972926765705E-009  1.204992644439996E+002
    647  1.315805564023125E-009  1.089204596390746E+002
    965  1.056612030732841E-009  1.286084743618769E+002
    509  1.019000198632887E-009  6.104665142125116E+001
    864  9.846105857806294E-010  1.195154318953015E+002
    971  9.554483188612970E-010  1.289111652451389E+002
    806  8.555587522769598E-010  1.165904998677036E+002
    350  7.250421000338340E-010  4.287084402122760E+001
    735  5.077164306242062E-010  1.125422257639707E+002
    437  3.478022789715774E-010  5.567668099873953E+001
   1051  2.429824703859170E-010  1.330173846663143E+002
    881  1.560617150954757E-010  1.212001054655417E+002
    959  8.532704933957797E-011  1.283643788123119E+002
    598  8.221335181589911E-011  1.077082259858063E+002
   1019  7.992134804983120E-011  1.307856127904329E+002
    725  4.225526175418434E-011  1.122622575126908E+002
    889  2.905919239074545E-011  1.221096476933091E+002
    885  7.375182841161436E-012  1.213849358963692E+002
    692  4.100427714471751E-012  1.109991362888409E+002
