# Number of modes
   1077
# Tabulated for different initial and final frequencies?
    F
# Mode index, Sj, (highest to lowest), omega_j
    539  3.060329582856028E-002  1.004038214764926E+002
    418  2.880431745754703E-002  5.440760214654593E+001
    384  2.728899606533853E-002  4.693482184770667E+001
    547  1.736897642130208E-002  1.040413527560943E+002
    390  1.407592206183019E-002  4.930034545373515E+001
   1048  8.484904874440449E-003  1.325281096806480E+002
   1041  7.723969343814890E-003  1.318604688563310E+002
   1047  6.787779812094628E-003  1.324683504365100E+002
     65  6.271391343702047E-003  2.645533186342116E+001
    430  6.097977416647449E-003  5.544226538226409E+001
    422  5.659557090493588E-003  5.478392604221921E+001
    391  5.598603162168370E-003  4.935295074539214E+001
    552  5.451806998342687E-003  1.045004516183760E+002
    566  4.639158830435146E-003  1.060197199307676E+002
      7  4.004592822217452E-003  1.598850297870253E+001
    434  3.771447967701761E-003  5.556859477681133E+001
   1061  3.693422648148200E-003  1.338239896777959E+002
     10  3.682514762370664E-003  1.630017574824609E+001
    358  3.287208784251568E-003  4.418411045040358E+001
    592  3.147622295710209E-003  1.074010896433819E+002
    308  3.022121170649052E-003  3.924824416979163E+001
    393  3.007007152658858E-003  5.117422678475859E+001
    563  2.415632273231674E-003  1.058622417292547E+002
   1038  2.348976931220864E-003  1.317153469634680E+002
     23  2.239124585451431E-003  2.160694502786773E+001
    423  2.204575285061490E-003  5.491452382822700E+001
    570  2.162817166207963E-003  1.064458450110351E+002
    407  2.120023673236512E-003  5.355040632372296E+001
     27  2.039759333496897E-003  2.288948685305089E+001
     70  1.924111035020661E-003  2.683332853591699E+001
   1029  1.885309494011230E-003  1.312589073638632E+002
    593  1.885225937238186E-003  1.074633420950339E+002
   1069  1.872820619020010E-003  1.347402109836953E+002
    100  1.872292918385219E-003  2.814590236831992E+001
    230  1.839814481937824E-003  3.507000892128892E+001
    537  1.799780437168143E-003  7.348438751630307E+001
     42  1.795630083762784E-003  2.442065503900721E+001
      8  1.777824045034578E-003  1.603898235084092E+001
    387  1.750818299393221E-003  4.845493173747810E+001
     24  1.700257474270274E-003  2.165827626673025E+001
   1050  1.616204986915485E-003  1.326682006609648E+002
   1062  1.527563780054102E-003  1.338537297016246E+002
    538  1.518241127993892E-003  8.801939400846273E+001
    426  1.497019614381209E-003  5.521112029631625E+001
    580  1.475491587540514E-003  1.069063882425304E+002
     38  1.441395552679037E-003  2.415274881711009E+001
    436  1.436078310933522E-003  5.562240782737462E+001
     71  1.427930840930876E-003  2.691074291878593E+001
   1070  1.392810959035461E-003  1.350535885837313E+002
    546  1.328364992950849E-003  1.038908634804570E+002
    582  1.278437384276837E-003  1.069886979669129E+002
     60  1.258676265087319E-003  2.612817271153773E+001
   1045  1.241391826041149E-003  1.322246800166877E+002
     64  1.179278119546864E-003  2.637954322898939E+001
    409  1.147863301668676E-003  5.377950655266745E+001
   1044  1.089644899452976E-003  1.320835593454495E+002
    291  1.057705655676635E-003  3.834865717601958E+001
    297  1.039745272563039E-003  3.850412000814609E+001
   1042  1.037931761381952E-003  1.319938555239870E+002
    114  9.747277447364267E-004  2.903390568794284E+001
    544  9.714087714808040E-004  1.037287728441322E+002
    769  9.410000536974072E-004  1.141494817506874E+002
    588  9.371208553466948E-004  1.072780161282308E+002
   1060  9.351979931472075E-004  1.336329109810919E+002
    383  9.339858567270312E-004  4.665506804468283E+001
    431  9.116851657260081E-004  5.545822575490884E+001
    464  9.043187642534865E-004  5.841767339850505E+001
    446  9.031183407377491E-004  5.657515742254393E+001
   1001  8.986292721851546E-004  1.301907504163165E+002
    405  8.820416092332355E-004  5.340951413863353E+001
    911  8.794196160220399E-004  1.258968376271585E+002
    374  8.733730493164689E-004  4.576894168844035E+001
    479  8.654186365230647E-004  5.886156225440574E+001
    154  8.001820357322388E-004  3.128025029310897E+001
    103  7.791459424007941E-004  2.854698030319213E+001
    402  7.741552807845327E-004  5.323403324336612E+001
    554  7.606870000293682E-004  1.048978551747549E+002
     58  7.452019324539192E-004  2.603619761911758E+001
    785  7.447030824854050E-004  1.156515149006221E+002
     18  7.446051391851708E-004  2.124694793769305E+001
    326  7.377077978618443E-004  3.980074663620405E+001
    310  7.342685804741907E-004  3.933560718805473E+001
    553  7.282345285629103E-004  1.045844149005738E+002
    543  7.091082270666687E-004  1.026098663261161E+002
    413  7.080895152971513E-004  5.407796767412047E+001
    335  6.932230382762853E-004  4.064698242871874E+001
     80  6.763379291742413E-004  2.737665388114407E+001
    768  6.565438945798197E-004  1.140511281344195E+002
     54  6.280462942142455E-004  2.537118147105558E+001
    706  6.229233222687018E-004  1.115644797142602E+002
    251  6.069507068776835E-004  3.670193646720268E+001
     91  5.861978782552928E-004  2.795709450840539E+001
   1005  5.762784472925110E-004  1.302961950162389E+002
     90  5.570389312112535E-004  2.792299487571685E+001
    359  5.553747376747613E-004  4.440820660542785E+001
   1000  5.491686432502637E-004  1.301375093272533E+002
    905  5.434984867275440E-004  1.252963463377060E+002
    771  5.312725653917621E-004  1.142541813627527E+002
    466  5.121815081456102E-004  5.848631456847294E+001
    549  5.017344953665952E-004  1.043755820157491E+002
    288  5.002720402370141E-004  3.825168870868715E+001
    306  4.938969759527222E-004  3.922583615449084E+001
    376  4.933149678823123E-004  4.578482274843697E+001
    504  4.916148579428982E-004  6.073767201700102E+001
    438  4.890130429071402E-004  5.568774314714533E+001
    495  4.834833175243308E-004  5.971063876484735E+001
    727  4.809494775276379E-004  1.123838421661365E+002
    717  4.762000697872461E-004  1.119901298340990E+002
    301  4.723880128602070E-004  3.874125966254066E+001
    585  4.652127588803701E-004  1.071721890576240E+002
    425  4.635387664643410E-004  5.512885982268182E+001
      5  4.582960001360400E-004  1.580375607842547E+001
     29  4.559623590376104E-004  2.304600720746813E+001
    415  4.544132503026752E-004  5.409773008136273E+001
    396  4.280227339941729E-004  5.292259014309509E+001
    661  4.164235692604363E-004  1.094040232551639E+002
    452  4.155130452799807E-004  5.732416656661538E+001
    356  4.053601191896554E-004  4.399929676237998E+001
    480  3.990544949897121E-004  5.887142017505539E+001
    445  3.984773462015954E-004  5.650985963977887E+001
    195  3.972238965857772E-004  3.399004655216064E+001
    898  3.949013928298756E-004  1.236287338505038E+002
   1039  3.946261090561201E-004  1.317789778316224E+002
    532  3.927008623281815E-004  6.299204701993657E+001
     31  3.862361501494191E-004  2.349957735236975E+001
     37  3.861706068697833E-004  2.413005277682491E+001
    165  3.819819481115623E-004  3.194792507678593E+001
     67  3.818961721797885E-004  2.663955326886673E+001
    341  3.771581354286196E-004  4.207899368185591E+001
    992  3.612415745526481E-004  1.299169051159237E+002
    319  3.566106817538672E-004  3.955367029075058E+001
     69  3.537861804187704E-004  2.667931486079132E+001
     92  3.496079648262405E-004  2.796966533379813E+001
    119  3.453455611075634E-004  2.929038281335912E+001
   1052  3.404018606806521E-004  1.330891459743712E+002
   1057  3.399465846655982E-004  1.332882698940204E+002
    482  3.386262920619842E-004  5.890508639424976E+001
     66  3.357582829565850E-004  2.653041695388611E+001
    296  3.320576742621146E-004  3.847026909032138E+001
    780  3.307689640586443E-004  1.153482258688003E+002
    343  3.287836175318547E-004  4.223776350771931E+001
    417  3.278874481078169E-004  5.432386496665636E+001
    667  3.276035386064167E-004  1.098231148083649E+002
    514  3.272531264198026E-004  6.112143562944963E+001
   1066  3.261844428804492E-004  1.341339055776214E+002
   1032  3.244894374703776E-004  1.314270448258869E+002
    312  3.183259035071247E-004  3.940338989709551E+001
    199  3.170965692275931E-004  3.411214171315592E+001
    926  3.165988593640670E-004  1.269935099435139E+002
    477  3.123773572345240E-004  5.875439662154096E+001
    327  3.071816769110071E-004  3.980649710729982E+001
    330  3.069266184097259E-004  4.000719691328421E+001
    783  2.977963146467544E-004  1.155776779712016E+002
    694  2.926358728159852E-004  1.110208923005156E+002
     97  2.903710568565486E-004  2.809615145046481E+001
   1071  2.902200686480623E-004  1.353191143310252E+002
    454  2.900352013498871E-004  5.753531790534946E+001
    918  2.891818957703676E-004  1.263810693695273E+002
    293  2.855184697725007E-004  3.840315559517953E+001
    802  2.837931196749396E-004  1.163074247182627E+002
    472  2.821805281374093E-004  5.860732378330380E+001
    507  2.805867673285161E-004  6.098134465730102E+001
    142  2.758386226930629E-004  3.011700635419402E+001
    474  2.724612445438561E-004  5.866520048333617E+001
    500  2.703031176025784E-004  6.016266526055261E+001
    460  2.701200921583934E-004  5.821511818989060E+001
   1027  2.686626506108715E-004  1.311414239553258E+002
    453  2.679298458500195E-004  5.734859743017803E+001
    491  2.669832480352155E-004  5.916484178919298E+001
    102  2.643666117157266E-004  2.838723287464182E+001
    551  2.635119205542830E-004  1.044758850995860E+002
     86  2.600198014169400E-004  2.760340701365068E+001
    587  2.571459014661829E-004  1.072564562863978E+002
    344  2.552597283022246E-004  4.229281490750487E+001
    536  2.528212799989016E-004  7.244369170766353E+001
    229  2.509367821749495E-004  3.477639317683153E+001
     73  2.498591733130465E-004  2.704395448663374E+001
    719  2.495433612629696E-004  1.120361196403708E+002
    575  2.490194292697217E-004  1.067636975144964E+002
     44  2.486694214040064E-004  2.487547588775838E+001
    300  2.420678215428109E-004  3.871033423098082E+001
    907  2.403553790365317E-004  1.254774984052440E+002
    902  2.403203510126133E-004  1.246861225619736E+002
    248  2.371068158479832E-004  3.617742791171408E+001
    530  2.298860118774972E-004  6.265828803408258E+001
    568  2.292303301796763E-004  1.063884322375297E+002
   1006  2.280542918385983E-004  1.303473844140781E+002
    909  2.273699313383164E-004  1.256671150468244E+002
    255  2.271292759612876E-004  3.705801266502003E+001
     20  2.220433321140055E-004  2.146722812704134E+001
    572  2.212120705990872E-004  1.066354688575440E+002
     11  2.182162279058769E-004  1.771447447329438E+001
    604  2.169966014626482E-004  1.078901483894559E+002
    550  2.157639067716462E-004  1.044255141670578E+002
    442  2.135528569504505E-004  5.605259237502305E+001
   1009  2.130649409937005E-004  1.304609142394732E+002
    483  2.114103394778143E-004  5.892865432514233E+001
    778  2.084949099950919E-004  1.153062331743218E+002
    870  2.075419200557171E-004  1.203621491035894E+002
    871  2.045123756823333E-004  1.204638135739833E+002
    892  2.009470682207429E-004  1.223146913863671E+002
      9  2.002896526226160E-004  1.615282072713023E+001
    763  1.991769287381356E-004  1.136578287383470E+002
    289  1.977523879920255E-004  3.832422991649202E+001
     74  1.927638105166032E-004  2.706787664592100E+001
    952  1.927452851712113E-004  1.282170243378332E+002
     35  1.911533979036620E-004  2.406163852032448E+001
    295  1.883704971119017E-004  3.844649820311862E+001
   1053  1.864423038626246E-004  1.331993000158318E+002
    172  1.860081180946051E-004  3.254695536480502E+001
     89  1.852238976060207E-004  2.787565477396676E+001
    303  1.842155459171713E-004  3.891633174738261E+001
    340  1.829498638927528E-004  4.203744443197692E+001
    347  1.822211034117274E-004  4.251894246220620E+001
   1022  1.819143668841054E-004  1.309570316227355E+002
    329  1.815172084074496E-004  3.994917835777716E+001
    164  1.791364953654933E-004  3.156123118588701E+001
    691  1.773246577204504E-004  1.109942746792360E+002
    141  1.771094398625537E-004  3.005205957969120E+001
   1067  1.756046021384049E-004  1.341872351276505E+002
    205  1.754656517304904E-004  3.418138862993963E+001
    241  1.738919364749692E-004  3.573178726353736E+001
    440  1.725647412905871E-004  5.589934491235444E+001
    602  1.721677391195547E-004  1.078335831208874E+002
     94  1.703568957260600E-004  2.803048707399637E+001
   1018  1.695868962824665E-004  1.307425624046459E+002
    397  1.689888834680005E-004  5.292984574180642E+001
    525  1.656333189153825E-004  6.201689187624501E+001
   1075  1.644475674380594E-004  1.852007864492208E+002
    545  1.637855213795963E-004  1.038885725205099E+002
    716  1.633367035476949E-004  1.119313653155845E+002
    557  1.595778675116388E-004  1.053298087456868E+002
    367  1.594955751255622E-004  4.546665367422378E+001
    654  1.563401643537741E-004  1.091774321289355E+002
    751  1.535625030493273E-004  1.129352725370382E+002
     85  1.511225609363288E-004  2.757726243328665E+001
    192  1.508470578647845E-004  3.373139183933635E+001
     39  1.491597329533512E-004  2.419216907562118E+001
    316  1.474219904036876E-004  3.947722492082590E+001
    385  1.470322337181777E-004  4.744969147605799E+001
    733  1.443967213826015E-004  1.125211996768446E+002
    784  1.439185918327358E-004  1.156115101864969E+002
    712  1.421371954075874E-004  1.118479116964762E+002
    690  1.386972961973965E-004  1.109553167085971E+002
     16  1.371521804106899E-004  2.083990463296455E+001
    421  1.368441625569794E-004  5.469982084171487E+001
    353  1.359538773351804E-004  4.354452657935016E+001
    197  1.351844849120714E-004  3.407091137263039E+001
   1026  1.337148550827040E-004  1.310988308446859E+002
    372  1.327989589125075E-004  4.569660817760900E+001
     81  1.326187206661495E-004  2.737831616504717E+001
    567  1.316939373236933E-004  1.061175767374582E+002
      4  1.309735958974131E-004  1.555889535187236E+001
    245  1.306846367136901E-004  3.584895809931362E+001
    161  1.302913514677653E-004  3.141544799468193E+001
    386  1.300112740695013E-004  4.778448827008048E+001
    505  1.297616887837405E-004  6.089365906344585E+001
    207  1.295354023530651E-004  3.419271829752626E+001
    462  1.295352370176181E-004  5.834568949164402E+001
    917  1.284242675714701E-004  1.262583151256411E+002
    663  1.279973409900351E-004  1.095408569103236E+002
    886  1.277704432284326E-004  1.214498350996194E+002
     36  1.266724793850605E-004  2.408548968715760E+001
    934  1.244841112387374E-004  1.274026915475210E+002
    746  1.221494160537520E-004  1.128150956859242E+002
    700  1.209717894190683E-004  1.112187707043413E+002
    724  1.193690106924337E-004  1.122474317356576E+002
    318  1.158854305508006E-004  3.952690512520030E+001
    942  1.154538361205051E-004  1.277896527703618E+002
    561  1.145967882713650E-004  1.057823475786052E+002
    607  1.136265329147704E-004  1.079782277499060E+002
    433  1.125631390366539E-004  5.552394895078822E+001
    166  1.114947061602853E-004  3.197534022905977E+001
    835  1.112430305893579E-004  1.176766134664512E+002
     43  1.111809256784781E-004  2.485090944939308E+001
    183  1.110445280868181E-004  3.317747871488443E+001
    101  1.109193873207108E-004  2.816121926613436E+001
    989  1.108157646745213E-004  1.296856498562064E+002
    485  1.092700985341299E-004  5.896971858223063E+001
   1013  1.060346740816965E-004  1.306191025791559E+002
    970  1.058168013471379E-004  1.288440499253601E+002
    337  1.056113557867647E-004  4.125439580477820E+001
     95  1.042405098226052E-004  2.806113631432304E+001
    105  1.038577150902408E-004  2.872870804936272E+001
    188  1.034702574021292E-004  3.343297855491465E+001
    177  1.024708561359791E-004  3.286305119332699E+001
    516  1.022861455721681E-004  6.114879167768425E+001
    131  9.927177547256396E-005  2.976719894627799E+001
    789  9.918845192902510E-005  1.157939903252585E+002
    842  9.910100900703424E-005  1.180365480395604E+002
    348  9.795926565626137E-005  4.278252907839931E+001
    988  9.586632538695958E-005  1.295230022337254E+002
    403  9.496045599282276E-005  5.332276567118551E+001
    282  9.493882002166229E-005  3.781601762519486E+001
    378  9.425040377891311E-005  4.609481655347708E+001
    320  9.350149060077264E-005  3.958466091098631E+001
   1055  9.331996843426679E-005  1.332315483337306E+002
    287  9.302508075544406E-005  3.806334999222836E+001
    635  9.274867278228291E-005  1.087402789130293E+002
   1058  9.228477993238612E-005  1.334381531708862E+002
    825  9.135342838805133E-005  1.174155068731360E+002
    106  8.883983019867968E-005  2.873147041157064E+001
    924  8.803717628634834E-005  1.267645350898773E+002
    649  8.762580321088782E-005  1.089557122086210E+002
    686  8.758460611944953E-005  1.108321598991433E+002
    519  8.675022266796296E-005  6.116666091909611E+001
    954  8.617839170866582E-005  1.282848493157465E+002
    897  8.608677253001660E-005  1.233154024205701E+002
    134  8.607080888552903E-005  2.989081555609098E+001
    143  8.547897306934968E-005  3.021552765862468E+001
    813  8.522297323405483E-005  1.170211975618395E+002
    637  8.517022800645273E-005  1.087708716348475E+002
    226  8.493336006073553E-005  3.460914941435140E+001
    332  8.459855700843898E-005  4.036182328117159E+001
    848  8.349294176443719E-005  1.185512117490796E+002
    487  8.323963469010224E-005  5.901096182276392E+001
    133  8.242459703705182E-005  2.980777525245198E+001
    221  8.198285766918702E-005  3.444064242877499E+001
    414  8.177266667203346E-005  5.408443269732371E+001
    184  8.175028544081510E-005  3.328145954751520E+001
    309  8.169365836713263E-005  3.929268620446922E+001
    975  8.145046325370730E-005  1.290479361570385E+002
    930  8.091944678022763E-005  1.272550109882912E+002
     46  8.031495015560021E-005  2.508968851186969E+001
    613  7.971155686633878E-005  1.081325074305931E+002
    459  7.918095274123951E-005  5.797524108925945E+001
    137  7.917386153647508E-005  2.996307755422044E+001
    156  7.902056186555827E-005  3.133959801814033E+001
     41  7.887443785596158E-005  2.434332602389209E+001
   1034  7.868968503333867E-005  1.314975717016592E+002
    816  7.852375654988595E-005  1.170854692244173E+002
    678  7.791058874349851E-005  1.105298402911861E+002
    468  7.684468140702050E-005  5.850419738659161E+001
    158  7.674720437845087E-005  3.138637587596471E+001
    555  7.651274029594430E-005  1.049505825405343E+002
    578  7.404901150479599E-005  1.068696587706935E+002
    854  7.225663390563704E-005  1.190938927222375E+002
    659  7.203512559383078E-005  1.093169473413985E+002
    866  7.152694139404917E-005  1.198737679274225E+002
    331  7.085732853782165E-005  4.033978069592825E+001
    777  7.009896284336872E-005  1.150636811545726E+002
    755  6.979092047781568E-005  1.130537195644052E+002
    212  6.969283163516747E-005  3.425448747044050E+001
    973  6.913130290288290E-005  1.290303348922233E+002
    202  6.868825529695260E-005  3.414693728338715E+001
    681  6.847264567270622E-005  1.107150530846271E+002
    995  6.810113965473475E-005  1.300556822463785E+002
    294  6.626480914774871E-005  3.844005427068350E+001
    962  6.485934457586938E-005  1.284190833846668E+002
    185  6.476215316508530E-005  3.329017879350934E+001
    725  6.413902326514245E-005  1.122622575126908E+002
     62  6.346869277059921E-005  2.630569023157911E+001
    379  6.261429217689916E-005  4.610002508350383E+001
    145  6.245205394521577E-005  3.035386176419680E+001
    810  6.212529899744630E-005  1.168542717379606E+002
    762  6.087826362902549E-005  1.134504722361933E+002
    153  6.005685709446023E-005  3.119128674334460E+001
    208  5.942839268492170E-005  3.420400517096608E+001
    687  5.916421701538663E-005  1.108477970364615E+002
     53  5.879371792148716E-005  2.532427500710937E+001
    498  5.850306143686902E-005  6.006055704270973E+001
    246  5.834867829143096E-005  3.612200287477440E+001
     17  5.810860154721848E-005  2.091913438766164E+001
     21  5.713398142139930E-005  2.149552581175353E+001
    535  5.700037904272345E-005  7.234684016852472E+001
    180  5.697658063467748E-005  3.306959511625761E+001
      2  5.605017459345978E-005  1.507477314615795E+001
    333  5.533602526821580E-005  4.050570323460023E+001
     34  5.522556363048425E-005  2.394870774261297E+001
      6  5.503400508602963E-005  1.593905863128156E+001
     57  5.484217553836598E-005  2.601044601303876E+001
     32  5.479482696935517E-005  2.386019687247388E+001
    148  5.440971906373205E-005  3.055713011308698E+001
    791  5.412604784055749E-005  1.158399885308925E+002
    375  5.370886408058542E-005  4.577921754207221E+001
    138  5.269237034939985E-005  2.998810658959070E+001
    760  5.268577690919487E-005  1.133648679091437E+002
   1024  5.197480440822891E-005  1.310472886139475E+002
    349  5.123614646622962E-005  4.279212686889406E+001
    427  5.116855910393215E-005  5.530625255614972E+001
    209  5.113505289569098E-005  3.420776675567321E+001
     59  5.042081070483721E-005  2.608228483109795E+001
    352  5.017332093939216E-005  4.345183818831803E+001
   1014  4.941063670762245E-005  1.306579532637773E+002
   1016  4.851926689767216E-005  1.306784011483153E+002
    646  4.814522376472396E-005  1.089039652974663E+002
    708  4.748737096450930E-005  1.116659378913442E+002
    404  4.728710217414898E-005  5.332919471058649E+001
    239  4.719593511233228E-005  3.564788119351169E+001
    109  4.706451135652188E-005  2.888359254004277E+001
    117  4.694262293518401E-005  2.915145470361619E+001
    843  4.675471141465801E-005  1.181049125326048E+002
    618  4.644727524158651E-005  1.083041655146542E+002
   1011  4.632179596509935E-005  1.305590563134582E+002
    565  4.579696936702286E-005  1.059848591127986E+002
    937  4.569427436167372E-005  1.275975168353670E+002
    795  4.521333683274959E-005  1.159446042090269E+002
    921  4.481159239797784E-005  1.266347372507485E+002
    231  4.401098657960945E-005  3.529195130720404E+001
    299  4.357166209389094E-005  3.861147003050849E+001
    513  4.284078070198449E-005  6.111701004965728E+001
    655  4.279546668892184E-005  1.092114390318620E+002
    281  4.271886052471703E-005  3.778222215271058E+001
    737  4.265052259426794E-005  1.125716601108342E+002
    449  4.195634608356259E-005  5.713782918039372E+001
    338  4.179113382831594E-005  4.143596746217444E+001
    401  4.175172018437306E-005  5.310952948046032E+001
    198  4.175105037014633E-005  3.410095577154824E+001
    163  4.140362481311769E-005  3.148605603035891E+001
     78  4.123476561678730E-005  2.724001953302053E+001
    979  4.111323474140375E-005  1.292073280791942E+002
     22  4.107318900649447E-005  2.149928230079738E+001
    256  4.101258338435283E-005  3.708485200545782E+001
    113  4.090610417993627E-005  2.894608485543543E+001
    890  4.077076933580445E-005  1.222269695705770E+002
    336  4.072146309573101E-005  4.106442919982931E+001
    493  4.042863749422695E-005  5.956939432616837E+001
    382  4.023636531831138E-005  4.661435463500721E+001
    238  4.004962495479674E-005  3.562010162214489E+001
     68  3.997403224693663E-005  2.665958995788216E+001
    174  3.975143546167433E-005  3.277024257542895E+001
    116  3.919218171701539E-005  2.910094471225916E+001
    104  3.876219497159640E-005  2.863475114667724E+001
    855  3.874529847863424E-005  1.192335282432478E+002
    831  3.805658026993441E-005  1.175849164822640E+002
    597  3.803361817273995E-005  1.076362394255561E+002
    365  3.799252987885769E-005  4.540196146988517E+001
    270  3.781303402064391E-005  3.767493462479421E+001
    512  3.779014492705214E-005  6.110465593383906E+001
    456  3.754222418516035E-005  5.758475825352298E+001
    196  3.740230904580616E-005  3.402217963204272E+001
    944  3.610483443514476E-005  1.278264506290159E+002
    560  3.599234586637902E-005  1.057397922085461E+002
      3  3.587816460997052E-005  1.530095081680193E+001
    615  3.565270525404435E-005  1.081646255451844E+002
    204  3.545293868723009E-005  3.416741852472765E+001
      1  3.532138682945359E-005  1.480943860687432E+001
    517  3.514548035678761E-005  6.116283191518230E+001
    218  3.500323473725714E-005  3.434087154455664E+001
    455  3.496150986476904E-005  5.757818593173593E+001
    290  3.478568644074500E-005  3.834059039797889E+001
    673  3.475787104920300E-005  1.101090602242966E+002
    214  3.374776401437682E-005  3.429158842681225E+001
    797  3.342121039508729E-005  1.161224071144865E+002
    938  3.320370881427533E-005  1.276246332177813E+002
   1033  3.316426575511400E-005  1.314921549657209E+002
     98  3.316236738908319E-005  2.810036398063808E+001
    150  3.293647901750698E-005  3.095380367517388E+001
    168  3.266351247848185E-005  3.223239881301075E+001
    108  3.264904567517107E-005  2.884206820739177E+001
    419  3.258921082505719E-005  5.447434435004674E+001
    671  3.216615878803863E-005  1.100461630260976E+002
    748  3.215214705282987E-005  1.128453459062848E+002
    451  3.208043048112715E-005  5.726939793781466E+001
    574  3.187592106751925E-005  1.067089856517616E+002
    428  3.186395569224004E-005  5.539697768550786E+001
    275  3.163655828579077E-005  3.771871208633355E+001
    986  3.162755910094202E-005  1.294778988001748E+002
    377  3.143209418779542E-005  4.580996274485975E+001
    829  3.128527993073056E-005  1.175434491795728E+002
    832  3.124778135330739E-005  1.176150872586579E+002
    486  3.102554720502138E-005  5.898078655703418E+001
     30  3.049291187666574E-005  2.339033246897357E+001
     33  3.017346886903991E-005  2.387502434282544E+001
    395  2.963050355729253E-005  5.279005865968511E+001
    741  2.948314934123669E-005  1.126383251241469E+002
    324  2.937954590311626E-005  3.965813849875591E+001
     93  2.936309366992811E-005  2.801831476528660E+001
    621  2.931721974664881E-005  1.083828600305560E+002
    189  2.891883941808295E-005  3.348575581421191E+001
    576  2.890255094259761E-005  1.068188420241767E+002
    357  2.829088726893892E-005  4.413715889769129E+001
    630  2.778488977159062E-005  1.086464564510315E+002
    903  2.759868474086527E-005  1.249295857950171E+002
    429  2.733922743636380E-005  5.542704693693687E+001
    399  2.692025537401349E-005  5.300117686152819E+001
    950  2.660509309753642E-005  1.281356928004739E+002
    666  2.650313712636188E-005  1.096961217429448E+002
    698  2.642802332389385E-005  1.111543499618823E+002
    573  2.623088579828547E-005  1.066520968004064E+002
     82  2.610092615738394E-005  2.744742479332049E+001
    772  2.590453700969316E-005  1.144444014986270E+002
     75  2.578870775025760E-005  2.717284531466260E+001
    599  2.554064074481716E-005  1.077354408464688E+002
     76  2.526139510306326E-005  2.719040433196805E+001
    577  2.457610019227980E-005  1.068269012623950E+002
    632  2.446916107229558E-005  1.086732063917954E+002
    808  2.444778826818929E-005  1.166438640424820E+002
    317  2.428930585160019E-005  3.952108816795088E+001
    315  2.407572988715142E-005  3.946262277995078E+001
    611  2.390603490699195E-005  1.080609110523806E+002
     45  2.388181412539174E-005  2.505629895200580E+001
    631  2.385162002454580E-005  1.086593678715634E+002
    868  2.331575333124137E-005  1.199994649602093E+002
    167  2.326821369963210E-005  3.206734480721192E+001
    420  2.325232129416758E-005  5.464265012038360E+001
    444  2.311217510633232E-005  5.640873014994138E+001
    394  2.304178830548214E-005  5.275338077531283E+001
    796  2.300418407934553E-005  1.160406419035091E+002
    541  2.287285406726384E-005  1.020561485810812E+002
    838  2.265808587641569E-005  1.178077045912047E+002
    211  2.261834029644001E-005  3.422885497659050E+001
     79  2.221107595753558E-005  2.728143790603452E+001
    689  2.208993683429099E-005  1.108992280227757E+002
    940  2.181819567166904E-005  1.277053477702196E+002
     26  2.178082208667517E-005  2.275577786050195E+001
   1031  2.159021797021283E-005  1.313824495210718E+002
    669  2.157605708472135E-005  1.098991161820264E+002
    355  2.152867985959708E-005  4.365668409738398E+001
    793  2.151550735593217E-005  1.158943894419280E+002
     48  2.120547182500319E-005  2.521050943974308E+001
    311  2.077596424662166E-005  3.939193935233331E+001
    193  2.070537367542760E-005  3.387383688791338E+001
     51  2.033200440965316E-005  2.527497960196780E+001
    774  2.025149995480254E-005  1.147299018357027E+002
    130  1.998263992995394E-005  2.969026097336859E+001
    972  1.988704704321903E-005  1.289491342298440E+002
    964  1.961866211230865E-005  1.284811881676410E+002
     40  1.959698055562481E-005  2.429142631572386E+001
    518  1.948249892027259E-005  6.116565427175681E+001
     84  1.908614913574183E-005  2.748397341497807E+001
    836  1.893385763165826E-005  1.177792466123822E+002
    542  1.873965117935938E-005  1.021380905135569E+002
    807  1.869340394572609E-005  1.166040027024774E+002
    932  1.846533236396927E-005  1.272890793904072E+002
     50  1.823535015511221E-005  2.524792740229145E+001
    812  1.802864875222671E-005  1.169499526914024E+002
    334  1.794652097254523E-005  4.055961280242965E+001
    558  1.784329267410775E-005  1.054235904423783E+002
    219  1.783767380407519E-005  3.435584966495736E+001
    945  1.773606878229631E-005  1.278945431870569E+002
    176  1.769855608773687E-005  3.283702642513862E+001
     99  1.758189476292544E-005  2.813215700322161E+001
    369  1.752414000130974E-005  4.556664797594529E+001
    639  1.751977065171111E-005  1.087924757147032E+002
    261  1.740861611559208E-005  3.751537038816641E+001
    389  1.739221090912074E-005  4.924612888004685E+001
     14  1.699301606225772E-005  2.047451167645159E+001
    323  1.677494954624187E-005  3.963162035223775E+001
    237  1.668176040320070E-005  3.561350513334219E+001
    470  1.666523584715326E-005  5.858950887133865E+001
    121  1.635300811841509E-005  2.937009161569695E+001
    155  1.634993393761735E-005  3.129077640287002E+001
     88  1.579586069492997E-005  2.776495450944637E+001
     52  1.571101603039784E-005  2.532370304309600E+001
    233  1.552347653368678E-005  3.536858076063520E+001
    448  1.550063319093806E-005  5.707216855561523E+001
    458  1.545188673252689E-005  5.780961640938520E+001
    473  1.530151332657460E-005  5.864875851961727E+001
    650  1.521819541290034E-005  1.090061273622073E+002
    820  1.518619116421360E-005  1.173160626674297E+002
    152  1.508618770341308E-005  3.107793476288124E+001
    617  1.503645682574753E-005  1.082069188907082E+002
    314  1.503213665408089E-005  3.944402428691944E+001
    955  1.501349829334396E-005  1.283043098504922E+002
    821  1.497510096069885E-005  1.173213489801490E+002
    182  1.482096347665890E-005  3.313118961536368E+001
    502  1.475558369859814E-005  6.033057478557798E+001
    521  1.456282502287474E-005  6.120499406654021E+001
    313  1.423828730017527E-005  3.941220320488696E+001
    605  1.413929947080741E-005  1.079476682950407E+002
    943  1.409595915539689E-005  1.278255860865938E+002
    191  1.407295791465895E-005  3.372798248811258E+001
    242  1.406701983772121E-005  3.575330164903793E+001
     55  1.394313525563209E-005  2.564739582447731E+001
    360  1.393786057872019E-005  4.501412031898634E+001
    151  1.388433075415834E-005  3.097448214004631E+001
    571  1.375695997290855E-005  1.065760725477823E+002
    187  1.360692216946502E-005  3.338593491458187E+001
    110  1.356831674031133E-005  2.890337161783228E+001
    307  1.350824374697783E-005  3.924418415703018E+001
    222  1.331726105292433E-005  3.444665555523785E+001
    465  1.328946068490016E-005  5.845233409136720E+001
    258  1.316164956409415E-005  3.725675246841864E+001
    123  1.308260351751738E-005  2.945706723223188E+001
    697  1.294958248641042E-005  1.111168086390436E+002
    895  1.286720664850167E-005  1.231922658586809E+002
    325  1.273057415756779E-005  3.979678053884171E+001
    527  1.267362139529181E-005  6.211137902133680E+001
    216  1.260925947275446E-005  3.431915233475488E+001
    822  1.251041610931775E-005  1.173379890193997E+002
    361  1.221006238271527E-005  4.509188248244521E+001
    269  1.219558217406457E-005  3.766609016559832E+001
    879  1.217324792239976E-005  1.208628531744268E+002
    484  1.216371039824562E-005  5.894622531819898E+001
    253  1.208317545772469E-005  3.690338042035397E+001
    817  1.202729304591610E-005  1.171745914510001E+002
    364  1.181046516909102E-005  4.528995878587361E+001
    579  1.175883778025730E-005  1.068810185812333E+002
    147  1.165779933357510E-005  3.045498909450352E+001
    125  1.155240332414756E-005  2.955205187993630E+001
    283  1.150475534929416E-005  3.781664732037148E+001
    526  1.144455045999506E-005  6.205614154690332E+001
    847  1.127225601731099E-005  1.183795327778256E+002
    564  1.115788273172447E-005  1.059223740174141E+002
    594  1.102604146209684E-005  1.075267994995216E+002
   1008  1.093128771428192E-005  1.304054287055121E+002
    528  1.092582868759127E-005  6.211763689923020E+001
    234  1.091862606846220E-005  3.541632958107625E+001
    400  1.089622055607384E-005  5.304406357850599E+001
    381  1.087213611911755E-005  4.623753374880091E+001
    600  1.080220246166150E-005  1.078192567961393E+002
    257  1.053173510015574E-005  3.716053985696894E+001
     83  1.035470648694381E-005  2.745200449399356E+001
   1072  1.028669803233026E-005  1.354275255218108E+002
    160  1.022124579847344E-005  3.140287364756382E+001
    510  1.008874212297264E-005  6.106496915014706E+001
    111  9.998399713835202E-006  2.891758955889047E+001
    981  9.895554257023852E-006  1.292686845988868E+002
    437  9.791811397646683E-006  5.567668099873953E+001
    738  9.518892717470834E-006  1.126248828969786E+002
    398  9.289188344209329E-006  5.298968704937109E+001
    118  9.203388775385352E-006  2.927665934202001E+001
    351  9.160982346675283E-006  4.290814690346715E+001
    412  8.902507326589298E-006  5.399327798218789E+001
    533  8.792193517533010E-006  6.344214913117692E+001
    220  8.716700279949658E-006  3.440936379612124E+001
    262  8.715749567475208E-006  3.754826259370084E+001
     61  8.710893066594261E-006  2.623624111749398E+001
    416  8.683167408887711E-006  5.412105627361211E+001
    441  8.673174438165545E-006  5.602297434426368E+001
    210  8.661252438258476E-006  3.421873300884823E+001
    292  8.529051153206566E-006  3.837765227419467E+001
    304  8.384475793843218E-006  3.902642388250331E+001
    215  8.341369243688690E-006  3.430912489816387E+001
    392  8.220353356135455E-006  4.975569880244111E+001
    731  8.216568313961825E-006  1.124795031346507E+002
    162  8.210520807106352E-006  3.142013005221356E+001
   1077  8.204036827010826E-006  6.189178021453241E+002
    610  8.182389309884967E-006  1.080548791140610E+002
     15  8.107169389884239E-006  2.077312965636918E+001
    899  8.087702465840502E-006  1.237750393258326E+002
    481  7.989280509725564E-006  5.889564718758225E+001
    616  7.940308890500125E-006  1.081902144651443E+002
    260  7.832559236748748E-006  3.745846822965304E+001
    583  7.692954760257501E-006  1.070323413352247E+002
    339  7.562060969220913E-006  4.199721405536648E+001
    674  7.480601239993232E-006  1.101627157855635E+002
    279  7.460512375641668E-006  3.776291602598710E+001
    305  7.402150109676254E-006  3.919092577852600E+001
    243  7.360187950937457E-006  3.580427376176280E+001
   1064  7.287920062239240E-006  1.339182935247794E+002
    844  7.275116148193914E-006  1.182236522024691E+002
    235  7.166984303502275E-006  3.553329683850696E+001
    622  7.037642521585071E-006  1.084041586407917E+002
    658  6.906284228551035E-006  1.092752908733605E+002
    475  6.886124649864752E-006  5.870955367754343E+001
    584  6.865937569847911E-006  1.071415131646536E+002
    624  6.837289103883414E-006  1.084534043855216E+002
    958  6.804710279153468E-006  1.283326337970340E+002
    249  6.776340866261806E-006  3.643158917315001E+001
    623  6.775030162997671E-006  1.084311616311891E+002
    107  6.729167459393051E-006  2.880093649968087E+001
    799  6.605029801455498E-006  1.161655148393659E+002
    569  6.577832112932777E-006  1.064024371239422E+002
    749  6.569683943030624E-006  1.128862829609149E+002
    236  6.465406074265044E-006  3.558504171265294E+001
   1036  6.448381619179645E-006  1.315563975924429E+002
    223  6.371836360615708E-006  3.452101188794168E+001
    424  6.277964542131432E-006  5.504400290817051E+001
    285  6.177010540076192E-006  3.794670187788559E+001
     87  6.129846669421635E-006  2.773505635732142E+001
     72  5.937519673539908E-006  2.695844835194747E+001
    497  5.925892030530805E-006  5.984833423050026E+001
    680  5.923235768911776E-006  1.106808485277705E+002
    562  5.908334077371646E-006  1.058125905236654E+002
    194  5.908176011466654E-006  3.388123191050668E+001
     19  5.868201384720580E-006  2.137958735177528E+001
    710  5.772740953520368E-006  1.117114283703663E+002
    853  5.747105786890923E-006  1.189950762444425E+002
    534  5.741541979025098E-006  6.352992396574133E+001
    721  5.697866955426959E-006  1.121902054803930E+002
    432  5.675522078131437E-006  5.551253331854516E+001
    463  5.476016420997122E-006  5.840368106338346E+001
    217  5.345825558261866E-006  3.432077633458158E+001
    370  5.343108689904899E-006  4.562254251008403E+001
    695  5.303915094988262E-006  1.110404578737834E+002
   1063  5.258821186971348E-006  1.338610239777397E+002
    682  5.225595481255978E-006  1.107795174367904E+002
    529  5.209384046893747E-006  6.213305424318654E+001
    159  5.205971556077123E-006  3.140014259635325E+001
    765  5.126797761689378E-006  1.138034732037320E+002
    960  5.119404761911070E-006  1.283710541965592E+002
    984  5.073250687564761E-006  1.293776492189174E+002
    503  5.072623036532956E-006  6.062899617907863E+001
    200  4.951851547148232E-006  3.413076352937113E+001
    947  4.857514079586176E-006  1.280025795512814E+002
    966  4.849292347955485E-006  1.287120665380274E+002
    286  4.820417726553238E-006  3.806107114689090E+001
    896  4.762099805388581E-006  1.231967026860033E+002
    272  4.623510973379231E-006  3.770876893490352E+001
    298  4.621277187697015E-006  3.860785506393049E+001
    511  4.617359870713490E-006  6.108291035790679E+001
    492  4.596343390710609E-006  5.919740097208313E+001
   1056  4.595807713779455E-006  1.332822863268028E+002
    277  4.502983034149786E-006  3.774405278528796E+001
    601  4.493585594118572E-006  1.078222216339937E+002
    267  4.444849638834304E-006  3.763942844703926E+001
    609  4.424212738807235E-006  1.080529774194348E+002
    346  4.297935844715238E-006  4.251353138364797E+001
    641  4.288672158446868E-006  1.088136450829588E+002
    354  4.262530888237658E-006  4.358717802496741E+001
   1020  4.243297539357659E-006  1.308300137670077E+002
    457  4.177027912960336E-006  5.770039153165104E+001
    213  4.125688085072117E-006  3.426923698719692E+001
    171  4.120003167039237E-006  3.251692712246987E+001
    596  4.062202422523015E-006  1.076305596761092E+002
    531  4.021507311802788E-006  6.280622541285696E+001
    366  4.016710561436231E-006  4.541480133184800E+001
    656  4.010683413475797E-006  1.092383325553483E+002
    264  4.002205522816528E-006  3.760740200223662E+001
    683  3.973188689121295E-006  1.107854094171573E+002
    548  3.915656866804661E-006  1.041098140943872E+002
    508  3.823669695382216E-006  6.101348113010317E+001
    515  3.821349727970324E-006  6.113166482037749E+001
     25  3.807040593306679E-006  2.268285797328677E+001
    368  3.804629956058961E-006  4.552075151204606E+001
    608  3.804186995230150E-006  1.080310773431174E+002
    136  3.782429198728078E-006  2.995197020395121E+001
    461  3.720899652700056E-006  5.832169084274378E+001
    471  3.702158484159487E-006  5.859921299406331E+001
    179  3.684723227645350E-006  3.301071504933698E+001
    115  3.651195991227024E-006  2.908676806680809E+001
    224  3.643878102863438E-006  3.456258153743839E+001
    467  3.611469820222894E-006  5.850070475174659E+001
    522  3.547854792602251E-006  6.189501394570030E+001
    170  3.542355682215778E-006  3.240864442722207E+001
    135  3.533961457589228E-006  2.990996926970350E+001
    589  3.505176916728219E-006  1.073243551551986E+002
    745  3.444642999448831E-006  1.127541380335163E+002
    266  3.428209654926633E-006  3.763404507858488E+001
    478  3.346966213075488E-006  5.880478287498814E+001
    524  3.226723184193172E-006  6.196836567938324E+001
    447  3.224481926349131E-006  5.692641404400948E+001
    276  3.223969142004012E-006  3.774173651101562E+001
    757  3.156371084340202E-006  1.131455979007981E+002
    883  3.144767347540919E-006  1.212822283474710E+002
    713  3.056691901775653E-006  1.118750446375970E+002
    860  3.032512199271034E-006  1.193608179742887E+002
    877  3.026105622841268E-006  1.207635072396237E+002
    128  3.004201948344020E-006  2.964876822252022E+001
    672  2.996840372632637E-006  1.100523893058521E+002
    824  2.992235049070391E-006  1.173851057796732E+002
   1028  2.921524869250827E-006  1.312419762585663E+002
    284  2.896009831055707E-006  3.794002386601017E+001
    770  2.849669449453258E-006  1.141655133118217E+002
    827  2.839939758954419E-006  1.174913134466901E+002
    595  2.836071549797268E-006  1.075727311228692E+002
   1074  2.761574053053209E-006  1.357832717908243E+002
    435  2.731926105329025E-006  5.559833163642786E+001
    302  2.728688328943689E-006  3.874867387838012E+001
    488  2.643594817285994E-006  5.904214899548738E+001
    181  2.617478185567360E-006  3.309588236011395E+001
   1040  2.612831050245951E-006  1.318325334098182E+002
    634  2.581857738313946E-006  1.087110579745548E+002
    157  2.497298451629055E-006  3.136040875348826E+001
   1021  2.442637555010682E-006  1.308784400027895E+002
    714  2.430283972924532E-006  1.118865310298163E+002
    787  2.425994619786445E-006  1.157066821730262E+002
    173  2.355457689611516E-006  3.267731285541730E+001
     13  2.351416499930758E-006  2.038781372204352E+001
    684  2.329012495992361E-006  1.108055531440044E+002
   1004  2.328568115743239E-006  1.302828791464404E+002
    450  2.283404652796178E-006  5.723022636777802E+001
     49  2.279976064572494E-006  2.521926711432687E+001
    280  2.253532776714098E-006  3.777070006257392E+001
   1049  2.231351633846643E-006  1.325964910892840E+002
    247  2.225205324592415E-006  3.613855018049320E+001
    149  2.212519363680900E-006  3.064428879965062E+001
    744  2.174845594810875E-006  1.127340165661099E+002
    803  2.167763918149489E-006  1.163959410830473E+002
    645  2.084758784789451E-006  1.088758352374567E+002
    506  1.984901381692350E-006  6.092479484159845E+001
    633  1.947025391344565E-006  1.086770367044967E+002
    977  1.935723065539793E-006  1.291448023039548E+002
    670  1.932531531093983E-006  1.099218253642219E+002
    328  1.918851523822920E-006  3.982877398686839E+001
    919  1.900296755957290E-006  1.264669767465423E+002
    250  1.857265362792332E-006  3.645071914574685E+001
    668  1.837757446967888E-006  1.098358517134249E+002
    144  1.821967743313326E-006  3.023024488043693E+001
    665  1.806203310584417E-006  1.096195054263975E+002
    800  1.770946789617931E-006  1.161811067685375E+002
    362  1.768544718115396E-006  4.520209191521082E+001
    244  1.714029665067691E-006  3.582009297825139E+001
    815  1.705244998397681E-006  1.170844697210597E+002
   1076  1.682563145235298E-006  1.858411948136732E+002
    923  1.679080703147135E-006  1.267345977181097E+002
    782  1.678556452014553E-006  1.155663554633046E+002
    922  1.676117934364550E-006  1.267277337836395E+002
   1068  1.670631864252230E-006  1.342139437973118E+002
    350  1.668041959655083E-006  4.287084402122760E+001
    754  1.666339778784640E-006  1.130532912402911E+002
    186  1.647308678654749E-006  3.335079910483972E+001
    884  1.632284786742548E-006  1.212913619330936E+002
    709  1.604107494028037E-006  1.116986555393093E+002
    679  1.588803386317322E-006  1.106299731616480E+002
    112  1.584293940337630E-006  2.893182478938967E+001
    927  1.584062093829027E-006  1.271118445081471E+002
    496  1.583617500108280E-006  5.977778544840232E+001
    910  1.564856148124747E-006  1.258349422363612E+002
    606  1.563550934369197E-006  1.079754075340127E+002
    715  1.546422608223714E-006  1.119122168057061E+002
    625  1.544609796323636E-006  1.084878781680722E+002
    707  1.541614785616574E-006  1.116484954290111E+002
    590  1.536690516536487E-006  1.073381491314167E+002
   1043  1.496298276818153E-006  1.320181582363304E+002
    640  1.492777492093300E-006  1.088027953187827E+002
    603  1.481366008301460E-006  1.078480909052838E+002
    227  1.436576936841719E-006  3.461221107986133E+001
    619  1.432167396255386E-006  1.083262496248409E+002
    556  1.425390278940466E-006  1.053074591696642E+002
    699  1.416637847492854E-006  1.111753891148923E+002
    880  1.414702036995143E-006  1.209811659012211E+002
   1017  1.405884906176274E-006  1.307020085696559E+002
    254  1.401602138352193E-006  3.696870162494890E+001
    225  1.380924529485521E-006  3.458265676939745E+001
    657  1.367183689418265E-006  1.092680437977900E+002
    494  1.355712370197265E-006  5.959072402434833E+001
    804  1.336653882298469E-006  1.164307012054320E+002
    794  1.315607753972097E-006  1.159299755047292E+002
    122  1.307083239325802E-006  2.942821875092930E+001
    928  1.304984273201657E-006  1.271758190169006E+002
    893  1.304329031722060E-006  1.225899968537864E+002
    728  1.296458073038561E-006  1.123911467240560E+002
    994  1.293710360693013E-006  1.299886393654431E+002
    408  1.266867777839302E-006  5.368647704938994E+001
    388  1.245685772303240E-006  4.916519389587509E+001
    228  1.228912723743849E-006  3.465329128304563E+001
    685  1.203854830913427E-006  1.108208915724099E+002
    809  1.203624275778673E-006  1.168273457040169E+002
    983  1.170326483734190E-006  1.293699640118089E+002
     56  1.166289058186886E-006  2.577494999028338E+001
    865  1.123442102219001E-006  1.195233182598442E+002
    274  1.115262927041488E-006  3.771469066363962E+001
    849  1.084115795221785E-006  1.186556798515274E+002
    509  1.083352610659768E-006  6.104665142125116E+001
     47  1.073862752408617E-006  2.514695584094496E+001
    862  1.065880477046894E-006  1.194326389788892E+002
    990  1.063508649516407E-006  1.297249883032466E+002
    758  1.057035026726102E-006  1.131945788764974E+002
    991  1.044650526986491E-006  1.298309517843196E+002
    781  1.039138931321009E-006  1.155015502370288E+002
    132  1.035125216764859E-006  2.978147182311027E+001
   1010  1.027294332957086E-006  1.305150376372933E+002
   1002  1.026364936920490E-006  1.301955720736593E+002
    662  1.021943812193450E-006  1.094304874643061E+002
   1003  1.013166599141249E-006  1.302792324598297E+002
    792  1.008588689598117E-006  1.158579110744502E+002
    703  1.007911583953022E-006  1.113359924967504E+002
    963  1.004522882494728E-006  1.284456810480366E+002
   1065  1.004508585772857E-006  1.340986810838602E+002
    767  9.955250706362691E-007  1.139787538815297E+002
    629  9.870245974134734E-007  1.086436456014825E+002
    790  9.703527247133571E-007  1.158127479939932E+002
    845  9.379015193514602E-007  1.182722434309271E+002
    814  9.310363504958419E-007  1.170571282096026E+002
    638  9.257632601884303E-007  1.087773663504995E+002
    469  9.167045326028657E-007  5.857260373695996E+001
    711  8.943916253820450E-007  1.117833092223069E+002
    852  8.763842366965804E-007  1.189308904937423E+002
    999  8.665540443675360E-007  1.301340763851820E+002
   1035  8.577051719373917E-007  1.315022364948826E+002
    278  8.573790017143018E-007  3.775225448216675E+001
    644  8.398696517283161E-007  1.088699046594824E+002
    664  8.306795019423386E-007  1.095868237421283E+002
    949  8.054646784787278E-007  1.280833568476082E+002
    722  7.988588147279990E-007  1.121989232781130E+002
    410  7.864492401116457E-007  5.380004782230375E+001
    887  7.768329174714131E-007  1.215278324822884E+002
    978  7.672400751919185E-007  1.291764873003617E+002
    982  7.653376818865045E-007  1.293230544301462E+002
    169  7.653311271358630E-007  3.225245008090104E+001
    203  7.623567399515369E-007  3.415596231316062E+001
    826  7.346731490358983E-007  1.174535409692338E+002
    929  7.278089051538566E-007  1.272324166790593E+002
    648  7.262532528342176E-007  1.089328290594756E+002
    127  7.048367751770545E-007  2.958197907168710E+001
    998  7.026516370743396E-007  1.301241144683907E+002
    688  6.972986633055875E-007  1.108652117541332E+002
    805  6.926437917160993E-007  1.165442309434909E+002
    875  6.856302515642640E-007  1.206504418490652E+002
    627  6.818729493629116E-007  1.085359599099982E+002
    651  6.760248566252003E-007  1.090123807306586E+002
    581  6.679733481145613E-007  1.069166383916512E+002
    175  6.604454571052623E-007  3.282740528695558E+001
    540  6.579150140422248E-007  1.019596674086986E+002
    846  6.490047875343431E-007  1.183733977129572E+002
    900  6.458340325378069E-007  1.240255399934555E+002
    342  6.380199112308125E-007  4.219280462450153E+001
    201  6.346162652455132E-007  3.413905621996786E+001
    957  6.285078969048167E-007  1.283224605383935E+002
     63  6.208885189336925E-007  2.633691355837915E+001
   1054  6.202090597927573E-007  1.332101619260334E+002
    322  6.119063568182528E-007  3.962934885257222E+001
    380  5.900760923015558E-007  4.621788456267294E+001
    933  5.862838734797541E-007  1.272967505112425E+002
    642  5.753525592561209E-007  1.088349318990273E+002
    443  5.716688780682417E-007  5.615506371008289E+001
     28  5.678450245076861E-007  2.303576073275412E+001
    859  5.662518717437535E-007  1.193117826572047E+002
    265  5.548145835462189E-007  3.762418150997995E+001
    915  5.530057450871347E-007  1.261627872997085E+002
    828  5.470429326779298E-007  1.175132070682912E+002
    626  5.372991411095868E-007  1.085197354965440E+002
    939  5.272466843891190E-007  1.276788938661296E+002
    739  5.255046913152764E-007  1.126267264275300E+002
    653  5.046698691328465E-007  1.090926521840726E+002
    878  5.044588274782940E-007  1.208553192243232E+002
    764  4.848515513860269E-007  1.137269990775531E+002
    268  4.845456797960841E-007  3.765614789507087E+001
    936  4.655778978961570E-007  1.275963114471066E+002
    851  4.648306227152949E-007  1.189105890777936E+002
   1023  4.629239782496802E-007  1.309907545973144E+002
    614  4.477256978497514E-007  1.081499604581023E+002
    985  4.477073634886820E-007  1.294454523269476E+002
    660  4.345379715031778E-007  1.093929129115852E+002
    961  4.327796127806203E-007  1.283826108536399E+002
    920  4.273826162584057E-007  1.265729199247587E+002
    948  4.113191525496733E-007  1.280530341997139E+002
    894  4.089152430783251E-007  1.226855190700912E+002
    677  4.075743176518863E-007  1.104103779431708E+002
    718  4.009256167336084E-007  1.120307816427976E+002
    736  3.902715896340494E-007  1.125700463249535E+002
    520  3.892267801954197E-007  6.117519869664547E+001
   1046  3.780960091325362E-007  1.322741703884410E+002
    371  3.759792818679871E-007  4.567834615857563E+001
    411  3.655629115791332E-007  5.390414096058870E+001
    811  3.645376559696942E-007  1.169131613251637E+002
    753  3.580769910501313E-007  1.130399909728984E+002
    888  3.570082944222364E-007  1.215384892766490E+002
    876  3.561636339909537E-007  1.207338716680959E+002
    620  3.554992225055130E-007  1.083700393844588E+002
    882  3.528086460931095E-007  1.212606419968792E+002
    819  3.468025451942040E-007  1.172617623112352E+002
    591  3.384305251596629E-007  1.073970459895217E+002
     77  3.329355635721669E-007  2.720977418778346E+001
    732  3.306996012323119E-007  1.124809932511083E+002
    271  3.270013049129364E-007  3.769377629908810E+001
    980  3.232257281888438E-007  1.292322903638887E+002
    925  3.204774766179803E-007  1.268943605090481E+002
    726  3.197780175060174E-007  1.123280306605216E+002
    489  3.030935121273391E-007  5.906665573291085E+001
     96  3.018181030569220E-007  2.807603105873968E+001
    873  2.964812523896519E-007  1.205400953636918E+002
    761  2.951375081390477E-007  1.134019555363662E+002
    750  2.942886881440299E-007  1.128980084302201E+002
    598  2.899813407809670E-007  1.077082259858063E+002
    321  2.827403353184977E-007  3.959878738143280E+001
    729  2.761563580728996E-007  1.124070412533170E+002
    345  2.621036614037535E-007  4.248475366295001E+001
    523  2.604592027372313E-007  6.195141091349550E+001
    776  2.600380393008946E-007  1.150535509847603E+002
    901  2.591854599247062E-007  1.246352700151236E+002
    856  2.538299051119960E-007  1.192407591408727E+002
    953  2.529519472854871E-007  1.282835790234384E+002
    747  2.528461630565566E-007  1.128221651622354E+002
    993  2.511694004807474E-007  1.299638892136509E+002
    906  2.504535324608628E-007  1.253859334012492E+002
    935  2.438778326441966E-007  1.274477748704804E+002
    997  2.438024492522886E-007  1.300952728722026E+002
     12  2.422795914903623E-007  1.791855268392995E+001
    830  2.399924815396414E-007  1.175448785112390E+002
    869  2.220114029123448E-007  1.201465244096069E+002
    240  2.212639073025590E-007  3.568815433410965E+001
   1051  2.197533754915544E-007  1.330173846663143E+002
    931  2.196500631351845E-007  1.272754104030811E+002
    206  2.118203795148213E-007  3.418711639611698E+001
    720  2.080917405283838E-007  1.121496181246094E+002
    696  2.067833875162634E-007  1.111110130672436E+002
    996  2.064705823904737E-007  1.300741546440489E+002
    861  2.052424910293492E-007  1.193618968506130E+002
    941  2.007581786372886E-007  1.277239710636116E+002
    740  1.912614932023875E-007  1.126281679605138E+002
    974  1.886295446299044E-007  1.290391941684268E+002
    798  1.884695934971522E-007  1.161233232814441E+002
    968  1.845041330248194E-007  1.287893908307005E+002
    643  1.821341513529618E-007  1.088529165631816E+002
    586  1.614103561284349E-007  1.072414988471015E+002
    867  1.591360437414422E-007  1.199420338065019E+002
    946  1.579801758747496E-007  1.279201366409634E+002
    766  1.575340452520067E-007  1.138313497862233E+002
    647  1.547476495092427E-007  1.089204596390746E+002
    704  1.463217184532604E-007  1.114088220449556E+002
    908  1.454647318565627E-007  1.256350992978881E+002
    967  1.354651520445059E-007  1.287730879251822E+002
    837  1.342129298484184E-007  1.177814246314451E+002
    863  1.287709264126156E-007  1.194780899982511E+002
    363  1.281456248196116E-007  4.523665715266514E+001
    914  1.201609688290422E-007  1.261343003660832E+002
    786  1.177848176509564E-007  1.156679892855772E+002
    912  1.168076613629931E-007  1.259977317017505E+002
    723  1.158439970441818E-007  1.122249597820348E+002
    178  1.151810770129243E-007  3.291892583427273E+001
   1012  1.118558820074457E-007  1.305860585800326E+002
    834  1.090114954960464E-007  1.176651591794238E+002
    872  1.050462255730996E-007  1.204992644439996E+002
    501  9.964345884947375E-008  6.025540211442135E+001
    788  9.213242399386602E-008  1.157595566872355E+002
    839  9.199201724609334E-008  1.178451551754228E+002
    139  9.178856036408856E-008  3.001327528760398E+001
    857  9.153023737403683E-008  1.192977858717030E+002
   1007  8.839231491196339E-008  1.303971511397991E+002
    959  8.777421535769386E-008  1.283643788123119E+002
    499  8.775104234494056E-008  6.010190034988052E+001
    476  8.622094877309516E-008  5.874284760292872E+001
    612  8.506328266535983E-008  1.080838271474082E+002
    956  8.503234760551587E-008  1.283075816024711E+002
    969  8.433772072743250E-008  1.288232913140608E+002
    129  7.972592033951179E-008  2.967722940199728E+001
    693  7.909604253169415E-008  1.110198391814811E+002
    439  7.853356646749081E-008  5.581771077364913E+001
    263  7.804161908036962E-008  3.756851288337069E+001
    628  7.355473815933656E-008  1.085999071252231E+002
    675  6.799361849006148E-008  1.101932688761904E+002
    120  6.518027441541865E-008  2.935022978395871E+001
    759  6.361618127390036E-008  1.132523759465808E+002
    864  6.282208592223120E-008  1.195154318953015E+002
    858  6.019340917452086E-008  1.193043137223610E+002
    273  5.907760464352458E-008  3.771236202405859E+001
    702  5.899302136101055E-008  1.112791472783473E+002
    705  4.963235221623841E-008  1.114879185885843E+002
    734  4.890453899436334E-008  1.125227414297757E+002
   1059  4.787593536889846E-008  1.335352794510990E+002
    801  4.582329012271555E-008  1.162412158177078E+002
    252  4.399964061009592E-008  3.681481496629917E+001
    124  3.947293930678634E-008  2.953039329658957E+001
    841  3.701047205629990E-008  1.180046875638410E+002
   1025  3.639795597798207E-008  1.310823101564250E+002
    730  3.421415147067326E-008  1.124678820560711E+002
    881  3.303202858547633E-008  1.212001054655417E+002
    885  3.296158509104118E-008  1.213849358963692E+002
    779  2.779815593055053E-008  1.153237642854880E+002
   1030  2.637947974756780E-008  1.313677884464318E+002
    850  2.377615747771736E-008  1.188640670964077E+002
   1015  2.344155006207549E-008  1.306693309857935E+002
   1073  2.274813692826985E-008  1.355646294676644E+002
    987  2.102312953739574E-008  1.295218650079724E+002
    891  2.006532162628729E-008  1.222344606190913E+002
    971  1.853248928582798E-008  1.289111652451389E+002
    232  1.703167577224500E-008  3.530982942235851E+001
    818  1.543425692494414E-008  1.172202887178189E+002
    146  1.542632826470275E-008  3.038455959742199E+001
   1019  1.467876044175438E-008  1.307856127904329E+002
   1037  1.444685937591571E-008  1.316166834102353E+002
    140  1.316367100138888E-008  3.002380690834687E+001
    823  1.247388699549258E-008  1.173434151863991E+002
    951  1.135464170341304E-008  1.282127111215003E+002
    373  1.094070221656150E-008  4.573517441489172E+001
    126  1.003463401023389E-008  2.957864372821811E+001
    190  8.898366903774656E-009  3.352213579831744E+001
    976  8.468795564594275E-009  1.291265023483052E+002
    833  8.435840915102643E-009  1.176450554682990E+002
    406  7.799570979242989E-009  5.347162595814701E+001
    636  6.795959069501428E-009  1.087412284437008E+002
    889  4.906591871678325E-009  1.221096476933091E+002
    559  4.634755123888574E-009  1.054467335457494E+002
    701  4.555452861321452E-009  1.112655741498095E+002
    904  4.193701624487909E-009  1.250437756508075E+002
    775  4.169197103042840E-009  1.149447083106751E+002
    490  4.162338598060018E-009  5.909746584665749E+001
    652  3.633333905267699E-009  1.090805000764319E+002
    773  3.542821013998915E-009  1.146041296786391E+002
    840  3.404880711311371E-009  1.179674198090055E+002
    735  3.373037897222127E-009  1.125422257639707E+002
    259  2.491240442355403E-009  3.731129763636223E+001
    752  2.472836916915953E-009  1.129825416205730E+002
    965  1.903992932092830E-009  1.286084743618769E+002
    874  1.733832601479833E-009  1.206463359037059E+002
    742  1.730849691150453E-009  1.126546326383816E+002
    692  1.660435148995839E-009  1.109991362888409E+002
    913  1.083384280745663E-009  1.260963173315474E+002
    806  9.977273568897114E-010  1.165904998677036E+002
    676  8.708377027847095E-010  1.102968009656115E+002
    743  2.547266176532112E-010  1.126739704882794E+002
    916  1.795985769745814E-010  1.261858055404796E+002
    756  1.276756665964934E-010  1.131019348749128E+002
