# Number of modes
   1077
# Tabulated for different initial and final frequencies?
    F
# Mode index, Sj, (highest to lowest), omega_j
    298  4.057268590995058E-002  3.860785506393049E+001
     65  2.476348217396162E-002  2.645533186342116E+001
    390  1.490698421108950E-002  4.930034545373515E+001
    539  1.225882717462792E-002  1.004038214764926E+002
   1066  1.137708565863674E-002  1.341339055776214E+002
    547  1.048673752722355E-002  1.040413527560943E+002
    454  9.717247809733442E-003  5.753531790534946E+001
   1045  8.871196095714285E-003  1.322246800166877E+002
    402  7.725894987061296E-003  5.323403324336612E+001
    299  6.908224704298962E-003  3.861147003050849E+001
    537  6.568111153697569E-003  7.348438751630307E+001
   1071  6.324544973089576E-003  1.353191143310252E+002
     70  5.780649615992370E-003  2.683332853591699E+001
     67  5.578703595686384E-003  2.663955326886673E+001
     60  5.224034305103128E-003  2.612817271153773E+001
     71  5.197013298023826E-003  2.691074291878593E+001
    293  5.072598666823681E-003  3.840315559517953E+001
   1060  4.749139484880609E-003  1.336329109810919E+002
    232  4.719792959808325E-003  3.530982942235851E+001
    182  4.392991057450427E-003  3.313118961536368E+001
   1067  4.299181236204009E-003  1.341872351276505E+002
    303  4.270695281352009E-003  3.891633174738261E+001
   1072  4.232821912606775E-003  1.354275255218108E+002
   1052  4.157540225926871E-003  1.330891459743712E+002
    392  4.047719032163646E-003  4.975569880244111E+001
    566  3.869362238084147E-003  1.060197199307676E+002
    524  3.428513221553658E-003  6.196836567938324E+001
    592  3.376332073462439E-003  1.074010896433819E+002
    535  2.962288904747028E-003  7.234684016852472E+001
   1044  2.908278069241548E-003  1.320835593454495E+002
    588  2.800520400104546E-003  1.072780161282308E+002
     57  2.726994322587350E-003  2.601044601303876E+001
    563  2.688755370485218E-003  1.058622417292547E+002
      1  2.567022829928612E-003  1.480943860687432E+001
      7  2.388672728428650E-003  1.598850297870253E+001
    387  2.305275969338680E-003  4.845493173747810E+001
    452  2.270672505454625E-003  5.732416656661538E+001
   1047  2.255613190418189E-003  1.324683504365100E+002
   1039  2.199913964730816E-003  1.317789778316224E+002
    458  2.196633842298251E-003  5.780961640938520E+001
    487  2.151862503245220E-003  5.901096182276392E+001
    460  2.088708931593555E-003  5.821511818989060E+001
   1055  1.852127994871542E-003  1.332315483337306E+002
    105  1.834108754361147E-003  2.872870804936272E+001
    378  1.827447061173196E-003  4.609481655347708E+001
    519  1.714842292817237E-003  6.116666091909611E+001
    593  1.614380761224892E-003  1.074633420950339E+002
    450  1.490585590512418E-003  5.723022636777802E+001
      8  1.486095579537099E-003  1.603898235084092E+001
   1064  1.444521941207152E-003  1.339182935247794E+002
     23  1.407369487091668E-003  2.160694502786773E+001
    346  1.377662345209218E-003  4.251353138364797E+001
    119  1.316565883496212E-003  2.929038281335912E+001
    456  1.288024172145135E-003  5.758475825352298E+001
    434  1.274586539194963E-003  5.556859477681133E+001
    466  1.254921751054434E-003  5.848631456847294E+001
    396  1.200646564612231E-003  5.292259014309509E+001
    117  1.199845068637584E-003  2.915145470361619E+001
    308  1.194007217701348E-003  3.924824416979163E+001
     51  1.187075041676471E-003  2.527497960196780E+001
   1074  1.183727088890760E-003  1.357832717908243E+002
     54  1.149321688867473E-003  2.537118147105558E+001
    954  1.131156997575858E-003  1.282848493157465E+002
   1058  1.083989285737048E-003  1.334381531708862E+002
    419  1.070842206164722E-003  5.447434435004674E+001
     90  1.065587059139593E-003  2.792299487571685E+001
   1070  1.033666636767701E-003  1.350535885837313E+002
    197  1.029005926318943E-003  3.407091137263039E+001
    291  1.021772422608239E-003  3.834865717601958E+001
    436  1.005050712099896E-003  5.562240782737462E+001
    423  1.004331805220650E-003  5.491452382822700E+001
    163  1.001795524041815E-003  3.148605603035891E+001
    768  9.970725758547188E-004  1.140511281344195E+002
    358  9.906418608284268E-004  4.418411045040358E+001
    300  9.709651047044157E-004  3.871033423098082E+001
    504  9.524323094656792E-004  6.073767201700102E+001
     38  9.475707799382349E-004  2.415274881711009E+001
    445  9.434496145765205E-004  5.650985963977887E+001
     64  9.317117625314572E-004  2.637954322898939E+001
    102  9.285959200487897E-004  2.838723287464182E+001
     16  9.229201663826777E-004  2.083990463296455E+001
     98  9.160085285593586E-004  2.810036398063808E+001
     29  9.103073301661129E-004  2.304600720746813E+001
     27  8.771244267426710E-004  2.288948685305089E+001
     17  8.741337088347998E-004  2.091913438766164E+001
   1042  8.658662746291342E-004  1.319938555239870E+002
    491  8.645439164147584E-004  5.916484178919298E+001
    477  8.374500353495592E-004  5.875439662154096E+001
    108  8.318752554661707E-004  2.884206820739177E+001
   1041  8.211951413876048E-004  1.318604688563310E+002
    393  8.020206388002324E-004  5.117422678475859E+001
    100  7.952878972134320E-004  2.814590236831992E+001
     24  7.942188875394282E-004  2.165827626673025E+001
    778  7.921982555647620E-004  1.153062331743218E+002
    464  7.773950266363896E-004  5.841767339850505E+001
   1053  7.694665236365709E-004  1.331993000158318E+002
    546  7.562413150526938E-004  1.038908634804570E+002
    505  7.542713414921239E-004  6.089365906344585E+001
    253  7.402743514406259E-004  3.690338042035397E+001
     97  7.252901364819080E-004  2.809615145046481E+001
      2  7.044204460092493E-004  1.507477314615795E+001
    553  6.976777453107725E-004  1.045844149005738E+002
    440  6.862308096484661E-004  5.589934491235444E+001
     63  6.722049953462496E-004  2.633691355837915E+001
    185  6.621659138687597E-004  3.329017879350934E+001
    148  6.585071699607129E-004  3.055713011308698E+001
    292  6.365221044798941E-004  3.837765227419467E+001
    114  6.312019111629051E-004  2.903390568794284E+001
     45  6.261227217709169E-004  2.505629895200580E+001
    991  6.215527202300011E-004  1.298309517843196E+002
    518  6.190970529500059E-004  6.116565427175681E+001
    149  6.172833157542593E-004  3.064428879965062E+001
   1062  6.122303228819922E-004  1.338537297016246E+002
    301  6.096100035069995E-004  3.874125966254066E+001
   1050  6.066942596590564E-004  1.326682006609648E+002
    446  5.980493068707553E-004  5.657515742254393E+001
     55  5.973099652122658E-004  2.564739582447731E+001
    810  5.824255602115175E-004  1.168542717379606E+002
     39  5.806863904532932E-004  2.419216907562118E+001
     31  5.784608926785168E-004  2.349957735236975E+001
    426  5.758710003484912E-004  5.521112029631625E+001
    306  5.616636210932847E-004  3.922583615449084E+001
    550  5.579371851638168E-004  1.044255141670578E+002
    909  5.400307518527196E-004  1.256671150468244E+002
    549  5.365664573448992E-004  1.043755820157491E+002
   1061  5.326800245614266E-004  1.338239896777959E+002
    517  5.304373063991753E-004  6.116283191518230E+001
    418  5.301855415331916E-004  5.440760214654593E+001
    551  5.300473209032286E-004  1.044758850995860E+002
    468  5.298291155310194E-004  5.850419738659161E+001
    544  5.248760432985796E-004  1.037287728441322E+002
    319  5.147654929735462E-004  3.955367029075058E+001
    438  5.120210127632750E-004  5.568774314714533E+001
    192  5.079303176925772E-004  3.373139183933635E+001
   1048  5.048058677546706E-004  1.325281096806480E+002
    241  4.966366830359521E-004  3.573178726353736E+001
    139  4.954136226740674E-004  3.001327528760398E+001
    391  4.952612706335159E-004  4.935295074539214E+001
     79  4.721932547132434E-004  2.728143790603452E+001
    186  4.696462842835406E-004  3.335079910483972E+001
    210  4.686501157933964E-004  3.421873300884823E+001
    274  4.683962324605296E-004  3.771469066363962E+001
    264  4.624444378234072E-004  3.760740200223662E+001
   1001  4.526312454970140E-004  1.301907504163165E+002
    379  4.416907819078838E-004  4.610002508350383E+001
    136  4.414811695436891E-004  2.995197020395121E+001
    669  4.308784785784841E-004  1.098991161820264E+002
    135  4.292554084465853E-004  2.990996926970350E+001
     10  4.253530556450076E-004  1.630017574824609E+001
     58  4.125759742695550E-004  2.603619761911758E+001
     52  4.123644949076396E-004  2.532370304309600E+001
    467  4.076199400904718E-004  5.850070475174659E+001
    397  4.067571663188725E-004  5.292984574180642E+001
    548  4.000514065521338E-004  1.041098140943872E+002
    970  3.960451222231726E-004  1.288440499253601E+002
    383  3.959370405911469E-004  4.665506804468283E+001
    554  3.940313883030699E-004  1.048978551747549E+002
    772  3.869261688752413E-004  1.144444014986270E+002
    384  3.868341936814569E-004  4.693482184770667E+001
    413  3.713880926844212E-004  5.407796767412047E+001
    211  3.704135388693552E-004  3.422885497659050E+001
    380  3.618676100552645E-004  4.621788456267294E+001
     18  3.578287157059809E-004  2.124694793769305E+001
    152  3.484869248563811E-004  3.107793476288124E+001
    981  3.467943912081095E-004  1.292686845988868E+002
    240  3.461615151096128E-004  3.568815433410965E+001
    966  3.460392796093363E-004  1.287120665380274E+002
    207  3.457799656441390E-004  3.419271829752626E+001
    527  3.426722427397225E-004  6.211137902133680E+001
    279  3.418097937004251E-004  3.776291602598710E+001
    222  3.394498237736130E-004  3.444665555523785E+001
    341  3.373950963133191E-004  4.207899368185591E+001
   1006  3.317073967554343E-004  1.303473844140781E+002
    503  3.277759338818973E-004  6.062899617907863E+001
    180  3.163395959653968E-004  3.306959511625761E+001
    955  3.162870081779615E-004  1.283043098504922E+002
    500  3.146508983795793E-004  6.016266526055261E+001
    600  3.099298223834533E-004  1.078192567961393E+002
    785  3.041895196456162E-004  1.156515149006221E+002
    771  3.003290688206132E-004  1.142541813627527E+002
    244  2.994782071361573E-004  3.582009297825139E+001
    151  2.949530653055275E-004  3.097448214004631E+001
    482  2.936387454648433E-004  5.890508639424976E+001
    545  2.907050592201048E-004  1.038885725205099E+002
    310  2.905681557280778E-004  3.933560718805473E+001
    962  2.873185422241736E-004  1.284190833846668E+002
    536  2.850052318678694E-004  7.244369170766353E+001
    918  2.846349540207101E-004  1.263810693695273E+002
    372  2.834306068750148E-004  4.569660817760900E+001
    140  2.828998415674307E-004  3.002380690834687E+001
    797  2.827652306856228E-004  1.161224071144865E+002
    411  2.814167394151660E-004  5.390414096058870E+001
     86  2.808922107718533E-004  2.760340701365068E+001
   1016  2.805865332095475E-004  1.306784011483153E+002
    892  2.777955785083877E-004  1.223146913863671E+002
    580  2.765724912276579E-004  1.069063882425304E+002
    724  2.745251236789992E-004  1.122474317356576E+002
     82  2.724033271417464E-004  2.744742479332049E+001
    296  2.716948192030894E-004  3.847026909032138E+001
    557  2.700214730321689E-004  1.053298087456868E+002
    442  2.698804822300011E-004  5.605259237502305E+001
    453  2.687952212082646E-004  5.734859743017803E+001
    741  2.663954573524329E-004  1.126383251241469E+002
     94  2.636799216048452E-004  2.803048707399637E+001
   1011  2.626849738287746E-004  1.305590563134582E+002
    825  2.594294910001595E-004  1.174155068731360E+002
    911  2.585962518779629E-004  1.258968376271585E+002
    289  2.576159224436375E-004  3.832422991649202E+001
    960  2.552500488246663E-004  1.283710541965592E+002
   1024  2.514274464491195E-004  1.310472886139475E+002
     14  2.503588479575036E-004  2.047451167645159E+001
    272  2.480387301998082E-004  3.770876893490352E+001
    895  2.457390123315470E-004  1.231922658586809E+002
    425  2.452544483777433E-004  5.512885982268182E+001
     95  2.436985428083850E-004  2.806113631432304E+001
    400  2.420455228812039E-004  5.304406357850599E+001
    602  2.417737193359470E-004  1.078335831208874E+002
    205  2.404968852512902E-004  3.418138862993963E+001
      9  2.396885979835680E-004  1.615282072713023E+001
    727  2.395878512013732E-004  1.123838421661365E+002
    958  2.384622903612382E-004  1.283326337970340E+002
    673  2.383562497159669E-004  1.101090602242966E+002
    213  2.365657897784611E-004  3.426923698719692E+001
    199  2.341119052609826E-004  3.411214171315592E+001
    760  2.318645489631792E-004  1.133648679091437E+002
    302  2.309095809616566E-004  3.874867387838012E+001
    777  2.278748634893547E-004  1.150636811545726E+002
    989  2.252026150877976E-004  1.296856498562064E+002
   1020  2.230650840385765E-004  1.308300137670077E+002
    273  2.216294906664860E-004  3.771236202405859E+001
    710  2.187503471420073E-004  1.117114283703663E+002
    816  2.167794105123752E-004  1.170854692244173E+002
      4  2.141555622681792E-004  1.555889535187236E+001
    359  2.125869867763279E-004  4.440820660542785E+001
    169  2.121058233046293E-004  3.225245008090104E+001
    403  2.062464829123445E-004  5.332276567118551E+001
    495  2.033297158109625E-004  5.971063876484735E+001
    492  2.027513422675161E-004  5.919740097208313E+001
    725  2.008860535340192E-004  1.122622575126908E+002
    844  1.995050714414330E-004  1.182236522024691E+002
    474  1.979077693982239E-004  5.866520048333617E+001
    700  1.956709816999143E-004  1.112187707043413E+002
    137  1.939510388275502E-004  2.996307755422044E+001
    330  1.938041771274668E-004  4.000719691328421E+001
    854  1.897822119592739E-004  1.190938927222375E+002
    312  1.875911318589159E-004  3.940338989709551E+001
    826  1.858043609367823E-004  1.174535409692338E+002
    938  1.837333266377412E-004  1.276246332177813E+002
    202  1.837097524750221E-004  3.414693728338715E+001
    803  1.816631837933100E-004  1.163959410830473E+002
    597  1.810950450236178E-004  1.076362394255561E+002
     22  1.810571621019837E-004  2.149928230079738E+001
    404  1.796251409996660E-004  5.332919471058649E+001
    183  1.755523451871384E-004  3.317747871488443E+001
    478  1.741638642397587E-004  5.880478287498814E+001
    489  1.740633374608910E-004  5.906665573291085E+001
    525  1.723691071638917E-004  6.201689187624501E+001
    385  1.719948014419991E-004  4.744969147605799E+001
    717  1.712090265817913E-004  1.119901298340990E+002
    886  1.695678888599845E-004  1.214498350996194E+002
    118  1.679759419294561E-004  2.927665934202001E+001
    795  1.667339714217201E-004  1.159446042090269E+002
     53  1.659737123525010E-004  2.532427500710937E+001
    687  1.615976403619278E-004  1.108477970364615E+002
    212  1.608480478634257E-004  3.425448747044050E+001
     44  1.600054287529904E-004  2.487547588775838E+001
    154  1.583482564269674E-004  3.128025029310897E+001
    926  1.566506670292775E-004  1.269935099435139E+002
    541  1.553843933403179E-004  1.020561485810812E+002
   1029  1.553538618183296E-004  1.312589073638632E+002
    964  1.533867787890422E-004  1.284811881676410E+002
    676  1.525437466790215E-004  1.102968009656115E+002
    863  1.524870377538963E-004  1.194780899982511E+002
    138  1.524838758963426E-004  2.998810658959070E+001
    572  1.522902188727819E-004  1.066354688575440E+002
    329  1.488369231504183E-004  3.994917835777716E+001
    868  1.473085289073771E-004  1.199994649602093E+002
    164  1.451220858985580E-004  3.156123118588701E+001
    940  1.438735367141156E-004  1.277053477702196E+002
    877  1.430109773522091E-004  1.207635072396237E+002
    233  1.429040934536995E-004  3.536858076063520E+001
    716  1.416576544034326E-004  1.119313653155845E+002
    237  1.416169094767438E-004  3.561350513334219E+001
    427  1.415257501439553E-004  5.530625255614972E+001
    817  1.411204210199882E-004  1.171745914510001E+002
    142  1.407095088167127E-004  3.011700635419402E+001
      5  1.387012685997514E-004  1.580375607842547E+001
    721  1.384971235284370E-004  1.121902054803930E+002
    405  1.383038356794008E-004  5.340951413863353E+001
    407  1.374894088029012E-004  5.355040632372296E+001
    733  1.359448537433069E-004  1.125211996768446E+002
    190  1.352194354027760E-004  3.352213579831744E+001
    106  1.324395731167996E-004  2.873147041157064E+001
    297  1.324108443034264E-004  3.850412000814609E+001
     11  1.323228608484784E-004  1.771447447329438E+001
    972  1.319597493834701E-004  1.289491342298440E+002
    890  1.302435046816913E-004  1.222269695705770E+002
    459  1.299469826432865E-004  5.797524108925945E+001
    659  1.297681081792572E-004  1.093169473413985E+002
    523  1.295048240422132E-004  6.195141091349550E+001
    842  1.293327058079846E-004  1.180365480395604E+002
    866  1.284995052346806E-004  1.198737679274225E+002
    898  1.278807317211298E-004  1.236287338505038E+002
   1031  1.277967613918353E-004  1.313824495210718E+002
    161  1.276605154552490E-004  3.141544799468193E+001
    576  1.271366241744723E-004  1.068188420241767E+002
      6  1.253753602611571E-004  1.593905863128156E+001
     20  1.222128169627049E-004  2.146722812704134E+001
     37  1.221631418098158E-004  2.413005277682491E+001
    680  1.219864806642455E-004  1.106808485277705E+002
     66  1.191752599437913E-004  2.653041695388611E+001
     50  1.191502798366859E-004  2.524792740229145E+001
    538  1.177689681592797E-004  8.801939400846273E+001
    110  1.167991190745213E-004  2.890337161783228E+001
    738  1.167628406927127E-004  1.126248828969786E+002
    552  1.160164609217237E-004  1.045004516183760E+002
    318  1.156707020192014E-004  3.952690512520030E+001
   1022  1.146100388993056E-004  1.309570316227355E+002
    172  1.137923813161248E-004  3.254695536480502E+001
    783  1.136360974988230E-004  1.155776779712016E+002
    731  1.135025868343626E-004  1.124795031346507E+002
    348  1.124769851673530E-004  4.278252907839931E+001
    249  1.119512945445153E-004  3.643158917315001E+001
    921  1.116231294551263E-004  1.266347372507485E+002
    873  1.115014165485145E-004  1.205400953636918E+002
    326  1.108381889995292E-004  3.980074663620405E+001
    822  1.103881532458245E-004  1.173379890193997E+002
    177  1.098986349375191E-004  3.286305119332699E+001
    120  1.079013285766482E-004  2.935022978395871E+001
     69  1.077678068930306E-004  2.667931486079132E+001
    831  1.072526045355711E-004  1.175849164822640E+002
    217  1.060519381239945E-004  3.432077633458158E+001
    995  1.046749816945423E-004  1.300556822463785E+002
    719  1.035904827818377E-004  1.120361196403708E+002
    666  1.034014407663400E-004  1.096961217429448E+002
   1057  1.017419204157364E-004  1.332882698940204E+002
    347  1.012514449060107E-004  4.251894246220620E+001
    924  1.010864459707226E-004  1.267645350898773E+002
    812  1.009447996613072E-004  1.169499526914024E+002
    865  1.009010133152634E-004  1.195233182598442E+002
   1008  1.000639509299862E-004  1.304054287055121E+002
    395  9.946697687346668E-005  5.279005865968511E+001
     62  9.921551820784083E-005  2.630569023157911E+001
    255  9.921549397494093E-005  3.705801266502003E+001
   1075  9.893631478890802E-005  1.852007864492208E+002
    942  9.846557280579935E-005  1.277896527703618E+002
     77  9.812339746282172E-005  2.720977418778346E+001
     83  9.793713082596709E-005  2.745200449399356E+001
    617  9.787827877711112E-005  1.082069188907082E+002
     68  9.541410680343706E-005  2.665958995788216E+001
     33  9.467764098095934E-005  2.387502434282544E+001
     74  9.445417422886795E-005  2.706787664592100E+001
    934  9.413025416903179E-005  1.274026915475210E+002
    356  9.401596275117781E-005  4.399929676237998E+001
   1034  9.374986046121915E-005  1.314975717016592E+002
    193  9.351604635226578E-005  3.387383688791338E+001
    188  9.351249356637087E-005  3.343297855491465E+001
    690  9.123207420785206E-005  1.109553167085971E+002
    860  9.060972129597565E-005  1.193608179742887E+002
    802  8.980421131122783E-005  1.163074247182627E+002
    374  8.919210017208946E-005  4.576894168844035E+001
    654  8.899407514332239E-005  1.091774321289355E+002
    763  8.850691335387830E-005  1.136578287383470E+002
    678  8.671309680862846E-005  1.105298402911861E+002
    986  8.606470772972713E-005  1.294778988001748E+002
     35  8.535140642841987E-005  2.406163852032448E+001
    344  8.513308749117685E-005  4.229281490750487E+001
    229  8.399641565622853E-005  3.477639317683153E+001
    165  8.185213225068649E-005  3.194792507678593E+001
    479  8.135397776652761E-005  5.886156225440574E+001
    221  8.082863916528483E-005  3.444064242877499E+001
    706  7.880133833569280E-005  1.115644797142602E+002
    791  7.822367845634292E-005  1.158399885308925E+002
    369  7.552137749406156E-005  4.556664797594529E+001
    203  7.394617644733941E-005  3.415596231316062E+001
    615  7.243676918002533E-005  1.081646255451844E+002
    655  7.235238178504660E-005  1.092114390318620E+002
     28  7.135855004886011E-005  2.303576073275412E+001
    671  7.105501884079228E-005  1.100461630260976E+002
   1021  7.013309039140294E-005  1.308784400027895E+002
    343  6.945406675584872E-005  4.223776350771931E+001
    245  6.934725857255135E-005  3.584895809931362E+001
    607  6.921929815902742E-005  1.079782277499060E+002
    609  6.852272428526034E-005  1.080529774194348E+002
    111  6.824268620360151E-005  2.891758955889047E+001
    355  6.762891839986902E-005  4.365668409738398E+001
    630  6.676885390036859E-005  1.086464564510315E+002
    983  6.660662378706102E-005  1.293699640118089E+002
    510  6.633160615169771E-005  6.106496915014706E+001
    824  6.593022389532714E-005  1.173851057796732E+002
    997  6.585989374007707E-005  1.300952728722026E+002
    259  6.581019387887130E-005  3.731129763636223E+001
   1036  6.488561105089359E-005  1.315563975924429E+002
    204  6.444334462700282E-005  3.416741852472765E+001
     42  6.427355287448190E-005  2.442065503900721E+001
    173  6.415617160455854E-005  3.267731285541730E+001
    196  6.412435287734578E-005  3.402217963204272E+001
     85  6.302616451975344E-005  2.757726243328665E+001
    335  6.295393997424902E-005  4.064698242871874E+001
    667  6.213234823839765E-005  1.098231148083649E+002
    979  6.162937828897480E-005  1.292073280791942E+002
    131  6.128995153392850E-005  2.976719894627799E+001
    246  6.036097798311231E-005  3.612200287477440E+001
     93  5.983763983822239E-005  2.801831476528660E+001
    650  5.909671057813671E-005  1.090061273622073E+002
    832  5.894786858204834E-005  1.176150872586579E+002
    365  5.890456067572346E-005  4.540196146988517E+001
    143  5.871123897115564E-005  3.021552765862468E+001
    155  5.831419463888788E-005  3.129077640287002E+001
    331  5.815371075559437E-005  4.033978069592825E+001
    340  5.767235990814595E-005  4.203744443197692E+001
    626  5.698902886785748E-005  1.085197354965440E+002
    130  5.684706166448289E-005  2.969026097336859E+001
    377  5.609140917330772E-005  4.580996274485975E+001
    133  5.589461335370510E-005  2.980777525245198E+001
    497  5.534917764538377E-005  5.984833423050026E+001
    578  5.489513635529984E-005  1.068696587706935E+002
    231  5.485830739515612E-005  3.529195130720404E+001
    599  5.463634260861901E-005  1.077354408464688E+002
    352  5.458868591427794E-005  4.345183818831803E+001
    531  5.404951397707655E-005  6.280622541285696E+001
    239  5.401971145414760E-005  3.564788119351169E+001
    230  5.390983453069395E-005  3.507000892128892E+001
    288  5.276364503082802E-005  3.825168870868715E+001
    737  5.236120641589707E-005  1.125716601108342E+002
    472  5.224916655789169E-005  5.860732378330380E+001
    113  5.184163341622067E-005  2.894608485543543E+001
    681  5.105734594314779E-005  1.107150530846271E+002
     80  5.033799059471406E-005  2.737665388114407E+001
    944  5.011940669544601E-005  1.278264506290159E+002
    698  4.958104436721248E-005  1.111543499618823E+002
     81  4.879575335883600E-005  2.737831616504717E+001
    194  4.724978189681479E-005  3.388123191050668E+001
    218  4.685566715819628E-005  3.434087154455664E+001
    101  4.679944400042175E-005  2.816121926613436E+001
    115  4.641117542748497E-005  2.908676806680809E+001
    658  4.636942889187469E-005  1.092752908733605E+002
    430  4.611529775618692E-005  5.544226538226409E+001
    316  4.517977754897908E-005  3.947722492082590E+001
    988  4.485879643665202E-005  1.295230022337254E+002
    158  4.465449170330268E-005  3.138637587596471E+001
    294  4.423250085712426E-005  3.844005427068350E+001
    774  4.418509820125388E-005  1.147299018357027E+002
     59  4.400720784460275E-005  2.608228483109795E+001
    564  4.374918794306697E-005  1.059223740174141E+002
    325  4.330447216980986E-005  3.979678053884171E+001
     41  4.278423206417474E-005  2.434332602389209E+001
    448  4.229885119921432E-005  5.707216855561523E+001
    483  4.204504525500285E-005  5.892865432514233E+001
     76  4.177768342324711E-005  2.719040433196805E+001
     46  4.173368779178344E-005  2.508968851186969E+001
      3  4.164318736783152E-005  1.530095081680193E+001
    285  4.156821054134021E-005  3.794670187788559E+001
    694  4.121646830616307E-005  1.110208923005156E+002
    485  4.056810419005754E-005  5.896971858223063E+001
    621  4.056364843573638E-005  1.083828600305560E+002
     36  4.039460957440882E-005  2.408548968715760E+001
     12  3.990787309154046E-005  1.791855268392995E+001
    338  3.988352323039651E-005  4.143596746217444E+001
    109  3.949816668022393E-005  2.888359254004277E+001
    420  3.897911318667938E-005  5.464265012038360E+001
    462  3.877345495680267E-005  5.834568949164402E+001
    181  3.784089490404884E-005  3.309588236011395E+001
    756  3.760790278824110E-005  1.131019348749128E+002
     32  3.727851693129245E-005  2.386019687247388E+001
    116  3.675898832794396E-005  2.910094471225916E+001
    514  3.633899502559425E-005  6.112143562944963E+001
    480  3.600672037561090E-005  5.887142017505539E+001
    930  3.571659173400281E-005  1.272550109882912E+002
    282  3.529691497540724E-005  3.781601762519486E+001
    251  3.526854957665404E-005  3.670193646720268E+001
    745  3.505038358291107E-005  1.127541380335163E+002
    560  3.497042102323721E-005  1.057397922085461E+002
    522  3.493293041125636E-005  6.189501394570030E+001
     43  3.457446710511958E-005  2.485090944939308E+001
    157  3.444695054230239E-005  3.136040875348826E+001
    526  3.444185989157528E-005  6.205614154690332E+001
    507  3.351333797511007E-005  6.098134465730102E+001
   1033  3.347986867386634E-005  1.314921549657209E+002
    381  3.314687558178168E-005  4.623753374880091E+001
   1009  3.275481231149965E-005  1.304609142394732E+002
    433  3.262194886787901E-005  5.552394895078822E+001
    295  3.232360451437889E-005  3.844649820311862E+001
     84  3.222049758578798E-005  2.748397341497807E+001
    345  3.203609900900933E-005  4.248475366295001E+001
    827  3.172311025257789E-005  1.174913134466901E+002
    254  3.144470890101975E-005  3.696870162494890E+001
    808  3.129910760881505E-005  1.166438640424820E+002
    417  3.121174554312504E-005  5.432386496665636E+001
    336  3.092041385839856E-005  4.106442919982931E+001
    283  2.995158280932018E-005  3.781664732037148E+001
    742  2.958479676053729E-005  1.126546326383816E+002
    266  2.922196523548822E-005  3.763404507858488E+001
    276  2.921908395167554E-005  3.774173651101562E+001
    821  2.908175433168503E-005  1.173213489801490E+002
    585  2.878078048410111E-005  1.071721890576240E+002
    475  2.870626552373179E-005  5.870955367754343E+001
    321  2.852611310178651E-005  3.959878738143280E+001
    449  2.814623125425476E-005  5.713782918039372E+001
    613  2.763410702356343E-005  1.081325074305931E+002
    493  2.744033765606025E-005  5.956939432616837E+001
    793  2.716937976008666E-005  1.158943894419280E+002
    494  2.704976840226277E-005  5.959072402434833E+001
    209  2.689811655208909E-005  3.420776675567321E+001
    769  2.667798635589117E-005  1.141494817506874E+002
    896  2.653363403690495E-005  1.231967026860033E+002
     34  2.613860012150595E-005  2.394870774261297E+001
    144  2.591239356033281E-005  3.023024488043693E+001
    337  2.585460298825951E-005  4.125439580477820E+001
    780  2.584768699488681E-005  1.153482258688003E+002
     40  2.583938177994676E-005  2.429142631572386E+001
    389  2.574586936602922E-005  4.924612888004685E+001
    431  2.565575509052521E-005  5.545822575490884E+001
    290  2.557926942472618E-005  3.834059039797889E+001
    150  2.534729882142462E-005  3.095380367517388E+001
    401  2.503495269571358E-005  5.310952948046032E+001
    156  2.474514684884469E-005  3.133959801814033E+001
     49  2.461117010902187E-005  2.521926711432687E+001
    256  2.444457209975991E-005  3.708485200545782E+001
    697  2.441380133744620E-005  1.111168086390436E+002
    799  2.428482327528219E-005  1.161655148393659E+002
    351  2.409628985844883E-005  4.290814690346715E+001
    515  2.393920068998218E-005  6.113166482037749E+001
    187  2.368953298751961E-005  3.338593491458187E+001
     26  2.360153780879656E-005  2.275577786050195E+001
    534  2.354121179826525E-005  6.352992396574133E+001
     48  2.351445149376228E-005  2.521050943974308E+001
    145  2.328995291283444E-005  3.035386176419680E+001
   1027  2.326295559384956E-005  1.311414239553258E+002
    755  2.312464143320658E-005  1.130537195644052E+002
    184  2.306072336653949E-005  3.328145954751520E+001
    511  2.295693642247263E-005  6.108291035790679E+001
    836  2.279059819557058E-005  1.177792466123822E+002
    166  2.266469738997561E-005  3.197534022905977E+001
     78  2.250343372884306E-005  2.724001953302053E+001
     73  2.237618290492785E-005  2.704395448663374E+001
    189  2.221187383470909E-005  3.348575581421191E+001
    123  2.197657342110078E-005  2.945706723223188E+001
    943  2.172472967696212E-005  1.278255860865938E+002
    320  2.170361915399619E-005  3.958466091098631E+001
    451  2.152939626657962E-005  5.726939793781466E+001
    835  2.098700859706185E-005  1.176766134664512E+002
    884  2.096521480557155E-005  1.212913619330936E+002
    575  2.094749744801978E-005  1.067636975144964E+002
    749  2.094372204433361E-005  1.128862829609149E+002
     99  2.080148063568325E-005  2.813215700322161E+001
    568  2.057834039252017E-005  1.063884322375297E+002
    851  2.023167005194107E-005  1.189105890777936E+002
    367  2.018039698411033E-005  4.546665367422378E+001
    992  1.985239684592726E-005  1.299169051159237E+002
    238  1.973605430047986E-005  3.562010162214489E+001
    796  1.949407150432142E-005  1.160406419035091E+002
     13  1.943705491097935E-005  2.038781372204352E+001
    611  1.921827586434341E-005  1.080609110523806E+002
    516  1.902531785072582E-005  6.114879167768425E+001
    631  1.900702791913361E-005  1.086593678715634E+002
    280  1.899501877345817E-005  3.777070006257392E+001
    281  1.898575391952549E-005  3.778222215271058E+001
    357  1.895940586274234E-005  4.413715889769129E+001
    632  1.893564020383949E-005  1.086732063917954E+002
    757  1.881663639834779E-005  1.131455979007981E+002
    618  1.871123292687454E-005  1.083041655146542E+002
    937  1.850857143357086E-005  1.275975168353670E+002
   1032  1.839290240889992E-005  1.314270448258869E+002
    243  1.825681245774954E-005  3.580427376176280E+001
    512  1.802890395143901E-005  6.110465593383906E+001
    498  1.800823432280382E-005  6.006055704270973E+001
    555  1.753343853505311E-005  1.049505825405343E+002
    214  1.738076794550697E-005  3.429158842681225E+001
    902  1.725978836775485E-005  1.246861225619736E+002
    584  1.674490702451260E-005  1.071415131646536E+002
    879  1.672188728116513E-005  1.208628531744268E+002
    903  1.625814034387816E-005  1.249295857950171E+002
    334  1.617268585489030E-005  4.055961280242965E+001
    708  1.604967114939421E-005  1.116659378913442E+002
    269  1.601398441141280E-005  3.766609016559832E+001
    905  1.598854762738015E-005  1.252963463377060E+002
    257  1.570504158591952E-005  3.716053985696894E+001
    765  1.570005833540998E-005  1.138034732037320E+002
    176  1.558201450043258E-005  3.283702642513862E+001
    305  1.556390630852758E-005  3.919092577852600E+001
   1046  1.533129932632648E-005  1.322741703884410E+002
    571  1.528760094020263E-005  1.065760725477823E+002
    945  1.507873006647467E-005  1.278945431870569E+002
    220  1.485389783184361E-005  3.440936379612124E+001
    573  1.479715329389531E-005  1.066520968004064E+002
    201  1.477197007919161E-005  3.413905621996786E+001
    195  1.474217405556751E-005  3.399004655216064E+001
    317  1.457657761248212E-005  3.952108816795088E+001
    107  1.448678796773204E-005  2.880093649968087E+001
    853  1.434158519700031E-005  1.189950762444425E+002
    153  1.405390024127763E-005  3.119128674334460E+001
    167  1.399552467743085E-005  3.206734480721192E+001
    215  1.398689845886916E-005  3.430912489816387E+001
    712  1.373645544204313E-005  1.118479116964762E+002
    170  1.371071409066189E-005  3.240864442722207E+001
    916  1.357018636943209E-005  1.261858055404796E+002
    174  1.319637599995979E-005  3.277024257542895E+001
    324  1.298823755167205E-005  3.965813849875591E+001
   1018  1.274718567716422E-005  1.307425624046459E+002
    751  1.254073368670750E-005  1.129352725370382E+002
    382  1.252664904486955E-005  4.661435463500721E+001
    287  1.230932277994752E-005  3.806334999222836E+001
    870  1.212984718773608E-005  1.203621491035894E+002
     88  1.211733842208932E-005  2.776495450944637E+001
    953  1.209550791428084E-005  1.282835790234384E+002
    261  1.188225991719745E-005  3.751537038816641E+001
    596  1.171466956050061E-005  1.076305596761092E+002
    528  1.145802583613636E-005  6.211763689923020E+001
    502  1.128124597177115E-005  6.033057478557798E+001
    410  1.121167013728576E-005  5.380004782230375E+001
    978  1.114781438544314E-005  1.291764873003617E+002
    270  1.111914186691630E-005  3.767493462479421E+001
    349  1.093800144602917E-005  4.279212686889406E+001
    361  1.070870679399542E-005  4.509188248244521E+001
    565  1.033199525725073E-005  1.059848591127986E+002
    278  1.027522160927957E-005  3.775225448216675E+001
     72  1.026012271968654E-005  2.695844835194747E+001
    762  1.022399900124239E-005  1.134504722361933E+002
    455  1.021780020560400E-005  5.757818593173593E+001
     30  1.005790887306358E-005  2.339033246897357E+001
    558  9.882003680722935E-006  1.054235904423783E+002
     15  9.866592576159759E-006  2.077312965636918E+001
    513  9.564235368908644E-006  6.111701004965728E+001
    121  9.550111463892165E-006  2.937009161569695E+001
    683  9.529857823377630E-006  1.107854094171573E+002
    508  9.484101448079825E-006  6.101348113010317E+001
    248  9.473078308960711E-006  3.617742791171408E+001
    147  9.450539790916369E-006  3.045498909450352E+001
    171  9.319437558891094E-006  3.251692712246987E+001
    125  9.314580834162838E-006  2.955205187993630E+001
    484  9.237910810604199E-006  5.894622531819898E+001
    520  9.167655764014996E-006  6.117519869664547E+001
    141  9.009072283354677E-006  3.005205957969120E+001
    122  8.792641246995471E-006  2.942821875092930E+001
    422  8.790825222699291E-006  5.478392604221921E+001
     91  8.720415310337652E-006  2.795709450840539E+001
    686  8.629209288040150E-006  1.108321598991433E+002
    235  8.608520042656422E-006  3.553329683850696E+001
    529  8.556610623064918E-006  6.213305424318654E+001
    582  8.449412455056583E-006  1.069886979669129E+002
   1026  8.228952169801819E-006  1.310988308446859E+002
    645  8.070981622260577E-006  1.088758352374567E+002
    843  8.066278221386910E-006  1.181049125326048E+002
    490  7.997194065355794E-006  5.909746584665749E+001
    339  7.989980819459033E-006  4.199721405536648E+001
    162  7.972271993616050E-006  3.142013005221356E+001
    616  7.943527158372164E-006  1.081902144651443E+002
    444  7.929284332516604E-006  5.640873014994138E+001
   1000  7.804236083059238E-006  1.301375093272533E+002
    542  7.781893616665954E-006  1.021380905135569E+002
    929  7.658377253048530E-006  1.272324166790593E+002
     56  7.632329349439442E-006  2.577494999028338E+001
    461  7.599261877895470E-006  5.832169084274378E+001
    838  7.593702153822552E-006  1.178077045912047E+002
    258  7.578674919070528E-006  3.725675246841864E+001
    247  7.561698582056527E-006  3.613855018049320E+001
    134  7.512466301856823E-006  2.989081555609098E+001
    225  7.478972301516649E-006  3.458265676939745E+001
    409  7.440597305247016E-006  5.377950655266745E+001
    800  7.428093629358309E-006  1.161811067685375E+002
    587  7.411153302998165E-006  1.072564562863978E+002
    112  7.399553164998365E-006  2.893182478938967E+001
    408  7.389515698391429E-006  5.368647704938994E+001
    932  7.321689154463438E-006  1.272890793904072E+002
    470  7.291604553380974E-006  5.858950887133865E+001
    875  7.254383245253449E-006  1.206504418490652E+002
   1005  7.205772025021970E-006  1.302961950162389E+002
    641  7.156579380432097E-006  1.088136450829588E+002
    561  6.803926694548044E-006  1.057823475786052E+002
    998  6.776039993204451E-006  1.301241144683907E+002
    922  6.637523702076457E-006  1.267277337836395E+002
   1049  6.571336035876126E-006  1.325964910892840E+002
    855  6.510019688183683E-006  1.192335282432478E+002
    713  6.415928174711011E-006  1.118750446375970E+002
    649  6.368606923831330E-006  1.089557122086210E+002
    476  6.356035473668888E-006  5.874284760292872E+001
    848  6.297249879963166E-006  1.185512117490796E+002
     47  6.242369466786926E-006  2.514695584094496E+001
    637  6.165079049842867E-006  1.087708716348475E+002
    486  6.102151777014994E-006  5.898078655703418E+001
    982  6.012049731560648E-006  1.293230544301462E+002
    899  5.919376395435327E-006  1.237750393258326E+002
    999  5.839591359119565E-006  1.301340763851820E+002
    399  5.828560298554048E-006  5.300117686152819E+001
    366  5.769457798843483E-006  4.541480133184800E+001
    579  5.681302944399717E-006  1.068810185812333E+002
    398  5.426269962210031E-006  5.298968704937109E+001
    327  5.420959007081055E-006  3.980649710729982E+001
   1069  5.280858971792642E-006  1.347402109836953E+002
    132  5.206403578629988E-006  2.978147182311027E+001
    661  5.122265126952766E-006  1.094040232551639E+002
    604  5.055867918315515E-006  1.078901483894559E+002
    198  4.983789348851001E-006  3.410095577154824E+001
    894  4.911708146907254E-006  1.226855190700912E+002
     61  4.836977914094917E-006  2.623624111749398E+001
    636  4.806060434559303E-006  1.087412284437008E+002
     19  4.801017992430906E-006  2.137958735177528E+001
    852  4.735494452970841E-006  1.189308904937423E+002
    730  4.678346161807401E-006  1.124678820560711E+002
    559  4.531270216451415E-006  1.054467335457494E+002
    919  4.527794248435239E-006  1.264669767465423E+002
    429  4.481767149230241E-006  5.542704693693687E+001
    746  4.364766152952138E-006  1.128150956859242E+002
    684  4.324470698382219E-006  1.108055531440044E+002
    813  4.311156409286782E-006  1.170211975618395E+002
    674  4.248318258157828E-006  1.101627157855635E+002
    976  4.174624262508796E-006  1.291265023483052E+002
    845  4.165179587262304E-006  1.182722434309271E+002
    640  4.147039959858904E-006  1.088027953187827E+002
    829  4.116466157162273E-006  1.175434491795728E+002
    859  4.107814683157430E-006  1.193117826572047E+002
    792  4.106193404673801E-006  1.158579110744502E+002
    702  4.089047154415196E-006  1.112791472783473E+002
    354  4.030263945471959E-006  4.358717802496741E+001
    496  4.018281581438583E-006  5.977778544840232E+001
    735  3.989793951850672E-006  1.125422257639707E+002
    219  3.979349598500696E-006  3.435584966495736E+001
    594  3.963147940520397E-006  1.075267994995216E+002
    605  3.949192285926666E-006  1.079476682950407E+002
    915  3.926409434453662E-006  1.261627872997085E+002
    104  3.922594712954261E-006  2.863475114667724E+001
    263  3.891571435710817E-006  3.756851288337069E+001
   1068  3.787499269466900E-006  1.342139437973118E+002
    723  3.778202778571169E-006  1.122249597820348E+002
   1038  3.769589324999601E-006  1.317153469634680E+002
    234  3.755061511685636E-006  3.541632958107625E+001
    689  3.712020482421244E-006  1.108992280227757E+002
    936  3.696687724560575E-006  1.275963114471066E+002
    871  3.692115968205700E-006  1.204638135739833E+002
    577  3.678654047299908E-006  1.068269012623950E+002
    923  3.666524307735313E-006  1.267345977181097E+002
    447  3.643447604646142E-006  5.692641404400948E+001
    856  3.640118359203320E-006  1.192407591408727E+002
    820  3.563948440622585E-006  1.173160626674297E+002
    591  3.557139128813606E-006  1.073970459895217E+002
    428  3.556019412812324E-006  5.539697768550786E+001
    275  3.538427024585178E-006  3.771871208633355E+001
    623  3.517521984343590E-006  1.084311616311891E+002
   1015  3.476098020602956E-006  1.306693309857935E+002
    837  3.467611137686494E-006  1.177814246314451E+002
     75  3.427192737165692E-006  2.717284531466260E+001
    533  3.422161136545035E-006  6.344214913117692E+001
    967  3.418022022549880E-006  1.287730879251822E+002
   1056  3.378043657050271E-006  1.332822863268028E+002
    766  3.374388388541783E-006  1.138313497862233E+002
    660  3.362333181806788E-006  1.093929129115852E+002
    663  3.345613335805594E-006  1.095408569103236E+002
    985  3.330017803546239E-006  1.294454523269476E+002
    739  3.324062849678212E-006  1.126267264275300E+002
    406  3.274808512959449E-006  5.347162595814701E+001
    307  3.210775191686094E-006  3.924418415703018E+001
    103  3.147095333549667E-006  2.854698030319213E+001
    624  3.135453984137853E-006  1.084534043855216E+002
    509  3.089984214595144E-006  6.104665142125116E+001
    373  3.040519253846795E-006  4.573517441489172E+001
    313  2.986245155420797E-006  3.941220320488696E+001
    601  2.960310968136493E-006  1.078222216339937E+002
    956  2.850090480787903E-006  1.283075816024711E+002
    747  2.770007273989327E-006  1.128221651622354E+002
    668  2.763932256731137E-006  1.098358517134249E+002
    223  2.694574633170285E-006  3.452101188794168E+001
    973  2.679863791669179E-006  1.290303348922233E+002
    672  2.671408594332301E-006  1.100523893058521E+002
   1014  2.665279189159008E-006  1.306579532637773E+002
    993  2.664046439516966E-006  1.299638892136509E+002
    242  2.647422027055281E-006  3.575330164903793E+001
    159  2.602167276869727E-006  3.140014259635325E+001
    521  2.585413119743240E-006  6.120499406654021E+001
     96  2.574592762739874E-006  2.807603105873968E+001
    711  2.569358886773293E-006  1.117833092223069E+002
    488  2.563942148896778E-006  5.904214899548738E+001
    323  2.559461299372779E-006  3.963162035223775E+001
    867  2.555388417429998E-006  1.199420338065019E+002
    968  2.522620408039200E-006  1.287893908307005E+002
    781  2.518219559203183E-006  1.155015502370288E+002
    370  2.504536156453104E-006  4.562254251008403E+001
    271  2.493798135839546E-006  3.769377629908810E+001
    394  2.451303544163321E-006  5.275338077531283E+001
    818  2.436196182077724E-006  1.172202887178189E+002
    443  2.401062506965845E-006  5.615506371008289E+001
    675  2.374206122393913E-006  1.101932688761904E+002
    350  2.356032761433758E-006  4.287084402122760E+001
    481  2.257095755568778E-006  5.889564718758225E+001
    941  2.245521333020674E-006  1.277239710636116E+002
    887  2.205890339123512E-006  1.215278324822884E+002
    996  2.201511439482464E-006  1.300741546440489E+002
    819  2.185142495228416E-006  1.172617623112352E+002
   1002  2.172873638525687E-006  1.301955720736593E+002
    322  2.128846852904313E-006  3.962934885257222E+001
    790  2.126984425671784E-006  1.158127479939932E+002
    424  2.123971711000857E-006  5.504400290817051E+001
    927  2.122255544475560E-006  1.271118445081471E+002
    333  2.098914110178696E-006  4.050570323460023E+001
    682  2.094008428979495E-006  1.107795174367904E+002
    473  2.008085663558178E-006  5.864875851961727E+001
    457  2.004521034036495E-006  5.770039153165104E+001
    897  1.999679493947692E-006  1.233154024205701E+002
    260  1.980009965229343E-006  3.745846822965304E+001
    622  1.979244278102747E-006  1.084041586407917E+002
    228  1.942466420245231E-006  3.465329128304563E+001
    740  1.913194594271700E-006  1.126281679605138E+002
    670  1.901712099624968E-006  1.099218253642219E+002
    224  1.900152639724921E-006  3.456258153743839E+001
    951  1.889855291782612E-006  1.282127111215003E+002
    603  1.875524867995173E-006  1.078480909052838E+002
    933  1.871573013158876E-006  1.272967505112425E+002
    828  1.836938474757657E-006  1.175132070682912E+002
    262  1.813287897216925E-006  3.754826259370084E+001
    656  1.812354257788743E-006  1.092383325553483E+002
   1003  1.806717706696900E-006  1.302792324598297E+002
    570  1.769673156588581E-006  1.064458450110351E+002
    363  1.768046394919580E-006  4.523665715266514E+001
    984  1.751918544405834E-006  1.293776492189174E+002
    949  1.746885752273724E-006  1.280833568476082E+002
    608  1.740406355536649E-006  1.080310773431174E+002
    961  1.732522752405096E-006  1.283826108536399E+002
   1076  1.718426957220715E-006  1.858411948136732E+002
    695  1.714359222555693E-006  1.110404578737834E+002
    648  1.705405712841881E-006  1.089328290594756E+002
    784  1.668266584111396E-006  1.156115101864969E+002
    501  1.656674704299940E-006  6.025540211442135E+001
    268  1.654061463067517E-006  3.765614789507087E+001
    532  1.640217349105124E-006  6.299204701993657E+001
    129  1.633050000024067E-006  2.967722940199728E+001
    798  1.632205596753556E-006  1.161233232814441E+002
    375  1.615056553006862E-006  4.577921754207221E+001
    807  1.599688779046003E-006  1.166040027024774E+002
    722  1.594729044134572E-006  1.121989232781130E+002
    388  1.592487795729812E-006  4.916519389587509E+001
   1051  1.567721829900457E-006  1.330173846663143E+002
    469  1.549787860696376E-006  5.857260373695996E+001
    614  1.542069958700664E-006  1.081499604581023E+002
    906  1.536852957130935E-006  1.253859334012492E+002
    815  1.501712215626182E-006  1.170844697210597E+002
    882  1.501446864987419E-006  1.212606419968792E+002
    633  1.461835204137766E-006  1.086770367044967E+002
    891  1.412465369697109E-006  1.222344606190913E+002
    581  1.393245033832995E-006  1.069166383916512E+002
    556  1.390857466996512E-006  1.053074591696642E+002
    754  1.382052940451766E-006  1.130532912402911E+002
    963  1.369859081233570E-006  1.284456810480366E+002
    416  1.353350866656903E-006  5.412105627361211E+001
    664  1.342728901785909E-006  1.095868237421283E+002
    589  1.341751070568314E-006  1.073243551551986E+002
    567  1.327644099861206E-006  1.061175767374582E+002
     92  1.299139664626849E-006  2.796966533379813E+001
    857  1.298181081554052E-006  1.192977858717030E+002
    679  1.281905367899762E-006  1.106299731616480E+002
    928  1.279632094924925E-006  1.271758190169006E+002
    634  1.278792373375171E-006  1.087110579745548E+002
    947  1.277394246293475E-006  1.280025795512814E+002
    775  1.273716685252036E-006  1.149447083106751E+002
    284  1.255652367262248E-006  3.794002386601017E+001
    610  1.245220803069650E-006  1.080548791140610E+002
    627  1.212775343364381E-006  1.085359599099982E+002
    880  1.202471825019510E-006  1.209811659012211E+002
    311  1.189844844854588E-006  3.939193935233331E+001
    127  1.178993820882041E-006  2.958197907168710E+001
    974  1.178824216203481E-006  1.290391941684268E+002
    360  1.168692406336131E-006  4.501412031898634E+001
    900  1.167684454657217E-006  1.240255399934555E+002
    965  1.145893202586635E-006  1.286084743618769E+002
    642  1.123429134430537E-006  1.088349318990273E+002
   1043  1.078781294903991E-006  1.320181582363304E+002
    465  1.072926733276514E-006  5.845233409136720E+001
    794  1.062031627368683E-006  1.159299755047292E+002
    830  1.053633286784386E-006  1.175448785112390E+002
     21  1.030846967679872E-006  2.149552581175353E+001
    415  1.026863613661850E-006  5.409773008136273E+001
    804  1.022133665058736E-006  1.164307012054320E+002
    910  1.015233958840839E-006  1.258349422363612E+002
    980  1.010598262919267E-006  1.292322903638887E+002
    789  9.820668896261803E-007  1.157939903252585E+002
    699  9.590581333689306E-007  1.111753891148923E+002
    950  9.494980032345926E-007  1.281356928004739E+002
    414  9.449026382678277E-007  5.408443269732371E+001
    917  8.962941795900914E-007  1.262583151256411E+002
    971  8.747496642622079E-007  1.289111652451389E+002
    904  8.672210212600343E-007  1.250437756508075E+002
    328  8.659766134257137E-007  3.982877398686839E+001
   1004  8.612581512555711E-007  1.302828791464404E+002
    168  8.576717653372045E-007  3.223239881301075E+001
    595  8.480562096595186E-007  1.075727311228692E+002
   1035  8.036095679155993E-007  1.315022364948826E+002
    696  8.011061900202328E-007  1.111110130672436E+002
    612  7.781783043146331E-007  1.080838271474082E+002
    872  7.721083828085856E-007  1.204992644439996E+002
    314  7.477010038863104E-007  3.944402428691944E+001
    801  7.387556380308422E-007  1.162412158177078E+002
    714  7.386847446322481E-007  1.118865310298163E+002
    583  7.354827630594032E-007  1.070323413352247E+002
    371  7.321569804682646E-007  4.567834615857563E+001
    625  7.271057237002374E-007  1.084878781680722E+002
    952  7.236062659491340E-007  1.282170243378332E+002
    304  7.184894243288673E-007  3.902642388250331E+001
    764  7.038368768930255E-007  1.137269990775531E+002
    959  7.005401174362572E-007  1.283643788123119E+002
    743  7.000024081588349E-007  1.126739704882794E+002
    847  6.977364613306263E-007  1.183795327778256E+002
    665  6.875129445984898E-007  1.096195054263975E+002
    569  6.872530252312041E-007  1.064024371239422E+002
    412  6.817226466564890E-007  5.399327798218789E+001
    987  6.791240059582131E-007  1.295218650079724E+002
    883  6.704703990791460E-007  1.212822283474710E+002
    226  6.474918484726768E-007  3.460914941435140E+001
    718  6.324416080722083E-007  1.120307816427976E+002
    252  6.257359712199568E-007  3.681481496629917E+001
    441  6.240554574672812E-007  5.602297434426368E+001
    849  5.855031251171239E-007  1.186556798515274E+002
    435  5.847046977827094E-007  5.559833163642786E+001
    811  5.844868937504915E-007  1.169131613251637E+002
    432  5.832865502460147E-007  5.551253331854516E+001
    619  5.599725422181832E-007  1.083262496248409E+002
    499  5.445409114872973E-007  6.010190034988052E+001
    227  5.420757627584621E-007  3.461221107986133E+001
    693  5.375472628737767E-007  1.110198391814811E+002
    901  5.278515246962638E-007  1.246352700151236E+002
    767  5.248980823650252E-007  1.139787538815297E+002
    715  5.086992298878204E-007  1.119122168057061E+002
    191  5.033022478422538E-007  3.372798248811258E+001
    786  5.032247417294759E-007  1.156679892855772E+002
    759  4.900757174338654E-007  1.132523759465808E+002
    685  4.880221227378458E-007  1.108208915724099E+002
    651  4.853011642755773E-007  1.090123807306586E+002
    957  4.818136833751676E-007  1.283224605383935E+002
    948  4.817178382878279E-007  1.280530341997139E+002
    277  4.805957131212506E-007  3.774405278528796E+001
    437  4.739866327516604E-007  5.567668099873953E+001
    644  4.704809869130167E-007  1.088699046594824E+002
   1010  4.674842222624266E-007  1.305150376372933E+002
    761  4.667274151291712E-007  1.134019555363662E+002
    662  4.627496240968564E-007  1.094304874643061E+002
    750  4.426985160576343E-007  1.128980084302201E+002
    707  4.365885960606876E-007  1.116484954290111E+002
    236  4.289184476765246E-007  3.558504171265294E+001
    876  4.096972815871742E-007  1.207338716680959E+002
    758  4.062781290423990E-007  1.131945788764974E+002
    368  4.014292832142744E-007  4.552075151204606E+001
    839  3.946878013795749E-007  1.178451551754228E+002
    639  3.897401153533047E-007  1.087924757147032E+002
    386  3.855559116007264E-007  4.778448827008048E+001
    946  3.728910649284816E-007  1.279201366409634E+002
    864  3.701259726307326E-007  1.195154318953015E+002
    889  3.655552332009064E-007  1.221096476933091E+002
    881  3.560634745936725E-007  1.212001054655417E+002
   1065  3.535727983814359E-007  1.340986810838602E+002
    732  3.527879220328542E-007  1.124809932511083E+002
    753  3.407169350192311E-007  1.130399909728984E+002
    286  3.353573853043273E-007  3.806107114689090E+001
    179  3.345096874136006E-007  3.301071504933698E+001
   1007  3.333461361817506E-007  1.303971511397991E+002
    728  3.272567629505560E-007  1.123911467240560E+002
    861  3.190789393020238E-007  1.193618968506130E+002
    834  3.136928652966289E-007  1.176651591794238E+002
    562  3.120111927885801E-007  1.058125905236654E+002
    250  3.041130866842282E-007  3.645071914574685E+001
    787  2.998501242187522E-007  1.157066821730262E+002
     87  2.912948135213066E-007  2.773505635732142E+001
    809  2.910368435804855E-007  1.168273457040169E+002
    833  2.881518585692306E-007  1.176450554682990E+002
    574  2.881391758706150E-007  1.067089856517616E+002
    709  2.818428296404396E-007  1.116986555393093E+002
    463  2.575706976157735E-007  5.840368106338346E+001
   1028  2.498064687138852E-007  1.312419762585663E+002
    729  2.422401811991723E-007  1.124070412533170E+002
    598  2.417674027707914E-007  1.077082259858063E+002
   1063  2.212476888716434E-007  1.338610239777397E+002
    657  2.179376505441756E-007  1.092680437977900E+002
    309  2.164198974489213E-007  3.929268620446922E+001
    265  2.157690788426266E-007  3.762418150997995E+001
   1013  2.128473977537258E-007  1.306191025791559E+002
    913  2.111836269576747E-007  1.260963173315474E+002
    175  2.109645946839570E-007  3.282740528695558E+001
   1040  2.100457996666609E-007  1.318325334098182E+002
    705  2.091313391019195E-007  1.114879185885843E+002
    878  2.056863459855570E-007  1.208553192243232E+002
    178  2.056736437527292E-007  3.291892583427273E+001
    990  2.030597062584504E-007  1.297249883032466E+002
    362  1.875682589053999E-007  4.520209191521082E+001
    126  1.788430146760109E-007  2.957864372821811E+001
    506  1.775918749930603E-007  6.092479484159845E+001
    590  1.768439364883506E-007  1.073381491314167E+002
    779  1.763551733023672E-007  1.153237642854880E+002
    653  1.754554816062780E-007  1.090926521840726E+002
    912  1.730621292494198E-007  1.259977317017505E+002
    160  1.682702415726585E-007  3.140287364756382E+001
   1023  1.666686287774018E-007  1.309907545973144E+002
    342  1.556667968106374E-007  4.219280462450153E+001
    925  1.496990605600216E-007  1.268943605090481E+002
    543  1.493449879432590E-007  1.026098663261161E+002
    893  1.437747024741402E-007  1.225899968537864E+002
    920  1.427021517330407E-007  1.265729199247587E+002
    846  1.356648149485756E-007  1.183733977129572E+002
     25  1.289936427544394E-007  2.268285797328677E+001
    734  1.286847843088213E-007  1.125227414297757E+002
    315  1.270338336651752E-007  3.946262277995078E+001
    748  1.260243161801454E-007  1.128453459062848E+002
    586  1.163140495122978E-007  1.072414988471015E+002
   1059  1.160218531371429E-007  1.335352794510990E+002
   1025  1.131520855381248E-007  1.310823101564250E+002
    643  1.128996196081053E-007  1.088529165631816E+002
    776  1.039317684860033E-007  1.150535509847603E+002
    806  1.021947051693536E-007  1.165904998677036E+002
    726  9.654264493400928E-008  1.123280306605216E+002
    364  9.404428863264065E-008  4.528995878587361E+001
    703  9.403187676904921E-008  1.113359924967504E+002
    376  9.126964406474083E-008  4.578482274843697E+001
    788  8.786540834249199E-008  1.157595566872355E+002
    628  8.302654410655837E-008  1.085999071252231E+002
    823  7.964989955215287E-008  1.173434151863991E+002
    752  7.964349296391245E-008  1.129825416205730E+002
    692  7.904673117382050E-008  1.109991362888409E+002
    647  7.504000390732066E-008  1.089204596390746E+002
    124  6.585120427451127E-008  2.953039329658957E+001
    688  6.035378308014134E-008  1.108652117541332E+002
    908  5.855671980183249E-008  1.256350992978881E+002
    635  5.508452923814536E-008  1.087402789130293E+002
    862  5.481201090829853E-008  1.194326389788892E+002
   1012  5.443830145145042E-008  1.305860585800326E+002
    874  5.288512157950297E-008  1.206463359037059E+002
    935  5.110545819314838E-008  1.274477748704804E+002
   1017  4.937656105411722E-008  1.307020085696559E+002
    530  4.845421423206160E-008  6.265828803408258E+001
    128  4.757069089270145E-008  2.964876822252022E+001
    353  4.513651374416902E-008  4.354452657935016E+001
    267  4.358074983014252E-008  3.763942844703926E+001
    421  4.330185325863312E-008  5.469982084171487E+001
    736  4.279519274456483E-008  1.125700463249535E+002
    914  4.244894901231265E-008  1.261343003660832E+002
    704  3.827942554069280E-008  1.114088220449556E+002
   1054  3.644457959653575E-008  1.332101619260334E+002
    805  3.200572373837122E-008  1.165442309434909E+002
     89  3.187064859502287E-008  2.787565477396676E+001
    975  2.574672733734745E-008  1.290479361570385E+002
   1077  2.553431107357763E-008  6.189178021453241E+002
    216  2.293571869222785E-008  3.431915233475488E+001
    646  2.207698353741659E-008  1.089039652974663E+002
    720  2.068055732495163E-008  1.121496181246094E+002
    841  2.056387919435449E-008  1.180046875638410E+002
    869  2.055568276236740E-008  1.201465244096069E+002
    206  2.004105051797452E-008  3.418711639611698E+001
    939  1.770949124644611E-008  1.276788938661296E+002
   1030  1.767236025232072E-008  1.313677884464318E+002
    332  1.596123032433409E-008  4.036182328117159E+001
    620  1.560359166410661E-008  1.083700393844588E+002
    850  1.459770861774713E-008  1.188640670964077E+002
    652  1.351157715871634E-008  1.090805000764319E+002
    969  1.325644425027860E-008  1.288232913140608E+002
   1073  1.111621081038795E-008  1.355646294676644E+002
   1019  1.066294105732821E-008  1.307856127904329E+002
    540  9.045003629727231E-009  1.019596674086986E+002
    931  7.649437959484920E-009  1.272754104030811E+002
   1037  6.192739825520582E-009  1.316166834102353E+002
    977  5.875643004206575E-009  1.291448023039548E+002
    471  5.167221547625442E-009  5.859921299406331E+001
    840  4.795500821348661E-009  1.179674198090055E+002
    606  4.708752789071774E-009  1.079754075340127E+002
    638  4.222912720564174E-009  1.087773663504995E+002
    200  3.603275169541996E-009  3.413076352937113E+001
    773  2.873268031642610E-009  1.146041296786391E+002
    888  2.807217301368502E-009  1.215384892766490E+002
    629  2.180008060990671E-009  1.086436456014825E+002
    208  1.847226440774920E-009  3.420400517096608E+001
    907  1.574881486860693E-009  1.254774984052440E+002
    770  1.288036665515670E-009  1.141655133118217E+002
    858  1.086223439728263E-009  1.193043137223610E+002
    744  1.008240694496145E-009  1.127340165661099E+002
    691  5.954898038380599E-010  1.109942746792360E+002
    885  5.033504383558433E-010  1.213849358963692E+002
    701  4.176511547698147E-010  1.112655741498095E+002
    439  3.118103064054728E-010  5.581771077364913E+001
    677  1.499958183693070E-010  1.104103779431708E+002
    782  1.325791474488103E-010  1.155663554633046E+002
    814  4.010421925155573E-012  1.170571282096026E+002
    146  4.653316539623191E-013  3.038455959742199E+001
    994  3.167512405800264E-016  1.299886393654431E+002
