# Number of modes
   1077
# Tabulated for different initial and final frequencies?
    F
# Mode index, Sj, (highest to lowest), omega_j
    547  2.095671107458585E-002  1.040413527560943E+002
    475  2.012117335229130E-002  5.870955367754343E+001
    460  1.016665846885685E-002  5.821511818989060E+001
    477  9.772924108275117E-003  5.875439662154096E+001
    390  9.297568826733632E-003  4.930034545373515E+001
     29  9.222359829893029E-003  2.304600720746813E+001
    474  6.657665299762576E-003  5.866520048333617E+001
   1058  5.471757218095927E-003  1.334381531708862E+002
      7  5.321224631550114E-003  1.598850297870253E+001
    418  5.190615924984955E-003  5.440760214654593E+001
    462  5.040796581975674E-003  5.834568949164402E+001
    535  5.036840353606154E-003  7.234684016852472E+001
    303  4.983650899570677E-003  3.891633174738261E+001
     27  4.661251599738606E-003  2.288948685305089E+001
   1072  4.446836103550427E-003  1.354275255218108E+002
    452  4.336563638069218E-003  5.732416656661538E+001
    290  4.045177600418803E-003  3.834059039797889E+001
    291  3.939319181128625E-003  3.834865717601958E+001
    288  3.825787486634225E-003  3.825168870868715E+001
     16  3.799299732634503E-003  2.083990463296455E+001
    393  3.739575544314072E-003  5.117422678475859E+001
    300  3.638696641152423E-003  3.871033423098082E+001
    392  3.001751203287535E-003  4.975569880244111E+001
    302  2.851832814583965E-003  3.874867387838012E+001
    566  2.839823741818934E-003  1.060197199307676E+002
     23  2.723402756292336E-003  2.160694502786773E+001
    431  2.661535654150790E-003  5.545822575490884E+001
    531  2.619529289183535E-003  6.280622541285696E+001
    487  2.563406832657956E-003  5.901096182276392E+001
   1045  2.549930553738726E-003  1.322246800166877E+002
      8  2.535109368568230E-003  1.603898235084092E+001
    294  2.515325860940121E-003  3.844005427068350E+001
    430  2.469357553346935E-003  5.544226538226409E+001
    478  2.367366231431261E-003  5.880478287498814E+001
   1070  2.367296188932571E-003  1.350535885837313E+002
    108  2.350753518670381E-003  2.884206820739177E+001
    248  2.324183079742325E-003  3.617742791171408E+001
    466  2.171796200657676E-003  5.848631456847294E+001
     24  2.042520357923946E-003  2.165827626673025E+001
     38  1.911643493280074E-003  2.415274881711009E+001
   1060  1.874766893323569E-003  1.336329109810919E+002
    503  1.839626321609142E-003  6.062899617907863E+001
    492  1.835829711311672E-003  5.919740097208313E+001
    402  1.713952292573256E-003  5.323403324336612E+001
    425  1.675268153678911E-003  5.512885982268182E+001
    344  1.643552884579937E-003  4.229281490750487E+001
    421  1.581723544947361E-003  5.469982084171487E+001
    450  1.530363596884822E-003  5.723022636777802E+001
    546  1.526412153641963E-003  1.038908634804570E+002
    550  1.401565842917056E-003  1.044255141670578E+002
   1044  1.391220678003448E-003  1.320835593454495E+002
    301  1.241090774030644E-003  3.874125966254066E+001
    230  1.231697592478226E-003  3.507000892128892E+001
     64  1.229925018150872E-003  2.637954322898939E+001
      2  1.208821415815999E-003  1.507477314615795E+001
   1022  1.160599774251467E-003  1.309570316227355E+002
    485  1.157840496434424E-003  5.896971858223063E+001
    427  1.136422339711997E-003  5.530625255614972E+001
    434  1.135431232635184E-003  5.556859477681133E+001
   1031  1.129810257666075E-003  1.313824495210718E+002
   1064  1.115348109475159E-003  1.339182935247794E+002
    384  1.113699175809337E-003  4.693482184770667E+001
    544  1.113055098256174E-003  1.037287728441322E+002
   1032  1.100964759948733E-003  1.314270448258869E+002
      9  1.089483522515703E-003  1.615282072713023E+001
    438  1.088964011447896E-003  5.568774314714533E+001
    530  1.060914679677240E-003  6.265828803408258E+001
    539  1.049811517123862E-003  1.004038214764926E+002
    964  1.046613088401122E-003  1.284811881676410E+002
    551  1.030053511857817E-003  1.044758850995860E+002
     65  1.023556599625792E-003  2.645533186342116E+001
    400  1.015327280703984E-003  5.304406357850599E+001
    398  1.014061387573106E-003  5.298968704937109E+001
     26  9.901304740877206E-004  2.275577786050195E+001
    563  9.781585693820511E-004  1.058622417292547E+002
    114  9.710565919777451E-004  2.903390568794284E+001
    245  9.468943963781587E-004  3.584895809931362E+001
    297  9.379302035787542E-004  3.850412000814609E+001
    195  9.352912339246402E-004  3.399004655216064E+001
    236  9.305108731632038E-004  3.558504171265294E+001
   1074  9.035047429558940E-004  1.357832717908243E+002
    151  9.027933795574326E-004  3.097448214004631E+001
    975  8.898514559026464E-004  1.290479361570385E+002
     18  8.871901429887598E-004  2.124694793769305E+001
    180  8.705404128921294E-004  3.306959511625761E+001
    548  8.703293538606361E-004  1.041098140943872E+002
    549  8.595433535634457E-004  1.043755820157491E+002
    405  8.410961574222127E-004  5.340951413863353E+001
    103  8.394773595930598E-004  2.854698030319213E+001
    177  8.261996463024908E-004  3.286305119332699E+001
    433  8.059266638767223E-004  5.552394895078822E+001
    554  8.007809819032421E-004  1.048978551747549E+002
    436  7.926528320138917E-004  5.562240782737462E+001
    458  7.923173476009629E-004  5.780961640938520E+001
    832  7.856535772329432E-004  1.176150872586579E+002
    442  7.794225760149526E-004  5.605259237502305E+001
    329  7.750455619043268E-004  3.994917835777716E+001
     70  7.705628930364405E-004  2.683332853591699E+001
     60  7.699110769350410E-004  2.612817271153773E+001
    671  7.581802520968215E-004  1.100461630260976E+002
    378  7.579207244655037E-004  4.609481655347708E+001
    164  7.452413172552841E-004  3.156123118588701E+001
    423  7.423567175725725E-004  5.491452382822700E+001
    310  7.354801330129936E-004  3.933560718805473E+001
   1052  7.302402035402661E-004  1.330891459743712E+002
    755  7.018283715232192E-004  1.130537195644052E+002
    751  6.781969724795297E-004  1.129352725370382E+002
     58  6.766649492171654E-004  2.603619761911758E+001
    358  6.745779873187744E-004  4.418411045040358E+001
    970  6.603556900668876E-004  1.288440499253601E+002
    666  6.498974257650751E-004  1.096961217429448E+002
    742  6.471960304662059E-004  1.126546326383816E+002
    149  6.309420835899801E-004  3.064428879965062E+001
    825  6.302048240256096E-004  1.174155068731360E+002
    826  6.271257095944114E-004  1.174535409692338E+002
   1020  5.871273247198866E-004  1.308300137670077E+002
    981  5.858643628353080E-004  1.292686845988868E+002
    972  5.830044650457242E-004  1.289491342298440E+002
    533  5.819094252129102E-004  6.344214913117692E+001
    523  5.796664645626565E-004  6.195141091349550E+001
    673  5.745666053541511E-004  1.101090602242966E+002
    419  5.721241831448884E-004  5.447434435004674E+001
      5  5.645699514438611E-004  1.580375607842547E+001
    691  5.634609750058432E-004  1.109942746792360E+002
    777  5.525924565075414E-004  1.150636811545726E+002
    165  5.522024899568920E-004  3.194792507678593E+001
    258  5.465453152470537E-004  3.725675246841864E+001
     12  5.455656566212528E-004  1.791855268392995E+001
    582  5.434645482565369E-004  1.069886979669129E+002
    538  5.318567078374145E-004  8.801939400846273E+001
    497  5.265096911080489E-004  5.984833423050026E+001
     48  5.205523910464030E-004  2.521050943974308E+001
    199  5.140726906463374E-004  3.411214171315592E+001
    232  5.124370557163967E-004  3.530982942235851E+001
    998  5.029136808613682E-004  1.301241144683907E+002
    233  4.984198035679370E-004  3.536858076063520E+001
     31  4.926304083602931E-004  2.349957735236975E+001
    831  4.851310287306717E-004  1.175849164822640E+002
    483  4.761042400570599E-004  5.892865432514233E+001
   1050  4.759283060118652E-004  1.326682006609648E+002
    186  4.730656356351783E-004  3.335079910483972E+001
    215  4.711711287473168E-004  3.430912489816387E+001
    293  4.702935475633220E-004  3.840315559517953E+001
    482  4.683217286139825E-004  5.890508639424976E+001
    710  4.660622679777298E-004  1.117114283703663E+002
    446  4.646436596821099E-004  5.657515742254393E+001
    536  4.625792306417421E-004  7.244369170766353E+001
    585  4.551377934144306E-004  1.071721890576240E+002
    198  4.548660990980705E-004  3.410095577154824E+001
    822  4.523649872725991E-004  1.173379890193997E+002
     22  4.512064680916905E-004  2.149928230079738E+001
    897  4.476947372324932E-004  1.233154024205701E+002
    296  4.431779159732288E-004  3.847026909032138E+001
    157  4.410501966794850E-004  3.136040875348826E+001
    768  4.401465125682301E-004  1.140511281344195E+002
   1013  4.193384302794641E-004  1.306191025791559E+002
    411  4.143811170240350E-004  5.390414096058870E+001
    576  4.030573800567538E-004  1.068188420241767E+002
    241  3.959301843003215E-004  3.573178726353736E+001
    757  3.927541819759068E-004  1.131455979007981E+002
   1026  3.887141974830682E-004  1.310988308446859E+002
    330  3.855661620579363E-004  4.000719691328421E+001
   1067  3.699106143276748E-004  1.341872351276505E+002
    267  3.691137308971933E-004  3.763942844703926E+001
    592  3.633939327877275E-004  1.074010896433819E+002
    407  3.453843579577575E-004  5.355040632372296E+001
      1  3.388999697839513E-004  1.480943860687432E+001
    256  3.372197800770125E-004  3.708485200545782E+001
    169  3.356563199934605E-004  3.225245008090104E+001
    117  3.348657478389411E-004  2.915145470361619E+001
   1048  3.278593308878861E-004  1.325281096806480E+002
   1001  3.255451204163741E-004  1.301907504163165E+002
    201  3.253759676715038E-004  3.413905621996786E+001
    669  3.243761155260119E-004  1.098991161820264E+002
     90  3.243689671322271E-004  2.792299487571685E+001
    229  3.169864718227853E-004  3.477639317683153E+001
    902  3.163626716363982E-004  1.246861225619736E+002
    772  3.139177148140782E-004  1.144444014986270E+002
    254  3.116297178836032E-004  3.696870162494890E+001
    142  3.083954588798885E-004  3.011700635419402E+001
    289  3.069072094199343E-004  3.832422991649202E+001
    689  3.048012690617507E-004  1.108992280227757E+002
    210  2.989713867959610E-004  3.421873300884823E+001
    255  2.951313276581625E-004  3.705801266502003E+001
    532  2.871511788858992E-004  6.299204701993657E+001
    413  2.856744572538605E-004  5.407796767412047E+001
   1062  2.820277668596876E-004  1.338537297016246E+002
    238  2.743920948430721E-004  3.562010162214489E+001
    426  2.743128951829930E-004  5.521112029631625E+001
     17  2.721489628736132E-004  2.091913438766164E+001
    746  2.704562901830286E-004  1.128150956859242E+002
    785  2.660319992930907E-004  1.156515149006221E+002
    966  2.647141067917085E-004  1.287120665380274E+002
    771  2.645017659176795E-004  1.142541813627527E+002
    568  2.642826086669926E-004  1.063884322375297E+002
     11  2.638868218323156E-004  1.771447447329438E+001
    209  2.626807168336934E-004  3.420776675567321E+001
     44  2.626346147834926E-004  2.487547588775838E+001
    738  2.613833700807540E-004  1.126248828969786E+002
    376  2.604004928397366E-004  4.578482274843697E+001
    498  2.596427075397819E-004  6.006055704270973E+001
    473  2.530647230070169E-004  5.864875851961727E+001
    784  2.518602798392284E-004  1.156115101864969E+002
    848  2.506766036587355E-004  1.185512117490796E+002
    654  2.504062937543233E-004  1.091774321289355E+002
     85  2.488532196141438E-004  2.757726243328665E+001
    182  2.453014992802161E-004  3.313118961536368E+001
     92  2.433207359158294E-004  2.796966533379813E+001
    557  2.376755965973922E-004  1.053298087456868E+002
    525  2.341546368750835E-004  6.201689187624501E+001
    161  2.305932841384954E-004  3.141544799468193E+001
    347  2.302368214123564E-004  4.251894246220620E+001
    152  2.285941804333362E-004  3.107793476288124E+001
     14  2.280100820768511E-004  2.047451167645159E+001
    440  2.276715840332631E-004  5.589934491235444E+001
    102  2.218872562789721E-004  2.838723287464182E+001
    432  2.216858211506586E-004  5.551253331854516E+001
    491  2.206568830483673E-004  5.916484178919298E+001
    844  2.178903810514655E-004  1.182236522024691E+002
    417  2.157469038810601E-004  5.432386496665636E+001
    163  2.090151490664094E-004  3.148605603035891E+001
    748  2.079573564376757E-004  1.128453459062848E+002
   1006  2.075162183277821E-004  1.303473844140781E+002
   1075  2.059032956915502E-004  1.852007864492208E+002
    321  2.026215789101730E-004  3.959878738143280E+001
    278  2.016876451965504E-004  3.775225448216675E+001
   1066  2.010855791736554E-004  1.341339055776214E+002
    578  2.004684308205566E-004  1.068696587706935E+002
    115  1.996181488572759E-004  2.908676806680809E+001
   1038  1.948307201131200E-004  1.317153469634680E+002
    282  1.922321264655558E-004  3.781601762519486E+001
    621  1.879344987352934E-004  1.083828600305560E+002
    588  1.858222972713697E-004  1.072780161282308E+002
    954  1.848400977535328E-004  1.282848493157465E+002
    251  1.841453888067151E-004  3.670193646720268E+001
    403  1.839620091475465E-004  5.332276567118551E+001
     35  1.835375913234835E-004  2.406163852032448E+001
    952  1.834466452084096E-004  1.282170243378332E+002
    136  1.827572434874366E-004  2.995197020395121E+001
    448  1.812091217752085E-004  5.707216855561523E+001
    259  1.766889438064370E-004  3.731129763636223E+001
     66  1.758024652512553E-004  2.653041695388611E+001
     83  1.747480316900870E-004  2.745200449399356E+001
     20  1.735323341088838E-004  2.146722812704134E+001
    810  1.731575143765132E-004  1.168542717379606E+002
    706  1.720447601790623E-004  1.115644797142602E+002
    886  1.684296262280252E-004  1.214498350996194E+002
    240  1.668487629004101E-004  3.568815433410965E+001
    343  1.656530633181642E-004  4.223776350771931E+001
    196  1.654047213042924E-004  3.402217963204272E+001
    391  1.646973891114152E-004  4.935295074539214E+001
    467  1.633136145611938E-004  5.850070475174659E+001
    545  1.619602235068165E-004  1.038885725205099E+002
   1011  1.595029909345118E-004  1.305590563134582E+002
    119  1.591615131106244E-004  2.929038281335912E+001
     36  1.580929931053987E-004  2.408548968715760E+001
    803  1.576614081063672E-004  1.163959410830473E+002
     49  1.551607689805953E-004  2.521926711432687E+001
    335  1.517806228281436E-004  4.064698242871874E+001
    193  1.516616258195572E-004  3.387383688791338E+001
   1036  1.507537073056866E-004  1.315563975924429E+002
    319  1.500913545851867E-004  3.955367029075058E+001
     94  1.497427239256612E-004  2.803048707399637E+001
    385  1.473124565765173E-004  4.744969147605799E+001
    208  1.460430365345205E-004  3.420400517096608E+001
     71  1.460060460975119E-004  2.691074291878593E+001
    817  1.456083023468427E-004  1.171745914510001E+002
    967  1.455749945410081E-004  1.287730879251822E+002
    205  1.446876186077637E-004  3.418138862993963E+001
     89  1.425588894990450E-004  2.787565477396676E+001
   1042  1.406561624216815E-004  1.319938555239870E+002
    298  1.405591625985770E-004  3.860785506393049E+001
    253  1.397882984502239E-004  3.690338042035397E+001
     95  1.381477326562687E-004  2.806113631432304E+001
    415  1.365214270882626E-004  5.409773008136273E+001
     46  1.358985889146863E-004  2.508968851186969E+001
    333  1.353396515200499E-004  4.050570323460023E+001
    464  1.340011426512914E-004  5.841767339850505E+001
    364  1.320348108941904E-004  4.528995878587361E+001
    480  1.314120146638102E-004  5.887142017505539E+001
    183  1.310887063017397E-004  3.317747871488443E+001
   1027  1.305936086562608E-004  1.311414239553258E+002
     98  1.295104319149039E-004  2.810036398063808E+001
     74  1.291068179218534E-004  2.706787664592100E+001
    348  1.249853327929108E-004  4.278252907839931E+001
    730  1.243036960663847E-004  1.124678820560711E+002
    468  1.239887367455297E-004  5.850419738659161E+001
    789  1.233185351671969E-004  1.157939903252585E+002
    158  1.218275006746533E-004  3.138637587596471E+001
    918  1.210259825390118E-004  1.263810693695273E+002
    246  1.203848615589494E-004  3.612200287477440E+001
    919  1.201828167945105E-004  1.264669767465423E+002
    249  1.201415698911764E-004  3.643158917315001E+001
    212  1.201277107140312E-004  3.425448747044050E+001
     43  1.191278006446247E-004  2.485090944939308E+001
    687  1.181036784824055E-004  1.108477970364615E+002
    346  1.167117002190371E-004  4.251353138364797E+001
    311  1.166021778434783E-004  3.939193935233331E+001
   1018  1.165640533410526E-004  1.307425624046459E+002
     33  1.162305651798406E-004  2.387502434282544E+001
    270  1.157071755169821E-004  3.767493462479421E+001
    325  1.146022141055734E-004  3.979678053884171E+001
    812  1.144681493110341E-004  1.169499526914024E+002
    913  1.144068226503586E-004  1.260963173315474E+002
    106  1.136364961703743E-004  2.873147041157064E+001
    101  1.132203199033412E-004  2.816121926613436E+001
    409  1.132132642951905E-004  5.377950655266745E+001
    894  1.130474367958253E-004  1.226855190700912E+002
     28  1.123929062146322E-004  2.303576073275412E+001
    997  1.123141336430697E-004  1.300952728722026E+002
      4  1.118139470221095E-004  1.555889535187236E+001
    131  1.108039947386342E-004  2.976719894627799E+001
    111  1.101448655955899E-004  2.891758955889047E+001
   1021  1.100391163326378E-004  1.308784400027895E+002
    331  1.097510580893274E-004  4.033978069592825E+001
     57  1.072449341653649E-004  2.601044601303876E+001
    191  1.068589063261579E-004  3.372798248811258E+001
    655  1.048580069911708E-004  1.092114390318620E+002
    266  1.040590824091029E-004  3.763404507858488E+001
    617  1.037402214484588E-004  1.082069188907082E+002
    820  1.034078216187719E-004  1.173160626674297E+002
    207  1.030333600011558E-004  3.419271829752626E+001
    575  1.008934235788008E-004  1.067636975144964E+002
    143  1.003865098356965E-004  3.021552765862468E+001
    340  1.002044211528160E-004  4.203744443197692E+001
    992  9.902584431981339E-005  1.299169051159237E+002
     51  9.881092673201354E-005  2.527497960196780E+001
    262  9.827314077226820E-005  3.754826259370084E+001
    512  9.821594735181208E-005  6.110465593383906E+001
     82  9.534725094292649E-005  2.744742479332049E+001
    686  9.492098026641040E-005  1.108321598991433E+002
    120  9.484604280235714E-005  2.935022978395871E+001
   1053  9.473247400824066E-005  1.331993000158318E+002
    221  9.402433342682935E-005  3.444064242877499E+001
      3  9.382438851375254E-005  1.530095081680193E+001
    275  9.332038314468370E-005  3.771871208633355E+001
   1034  9.311388172915418E-005  1.314975717016592E+002
    797  9.286742235504461E-005  1.161224071144865E+002
    320  9.241295325807439E-005  3.958466091098631E+001
    188  9.240732122790894E-005  3.343297855491465E+001
    140  9.235473274934763E-005  3.002380690834687E+001
    659  9.230518522704917E-005  1.093169473413985E+002
    570  9.136849325386115E-005  1.064458450110351E+002
    553  9.110705261301828E-005  1.045844149005738E+002
    118  8.976939863581075E-005  2.927665934202001E+001
     53  8.933860158685561E-005  2.532427500710937E+001
    663  8.928973977532096E-005  1.095408569103236E+002
    495  8.795792449063629E-005  5.971063876484735E+001
    327  8.793133393516440E-005  3.980649710729982E+001
     55  8.771495078376602E-005  2.564739582447731E+001
    977  8.751710859446390E-005  1.291448023039548E+002
    807  8.699326843525272E-005  1.166040027024774E+002
    153  8.651982229343438E-005  3.119128674334460E+001
    211  8.568824003495561E-005  3.422885497659050E+001
    268  8.535319303709593E-005  3.765614789507087E+001
    854  8.491657522804113E-005  1.190938927222375E+002
    731  8.414950528901700E-005  1.124795031346507E+002
    607  8.345315758117928E-005  1.079782277499060E+002
    847  8.302177755488996E-005  1.183795327778256E+002
    635  8.269963363817267E-005  1.087402789130293E+002
     10  8.160195384401216E-005  1.630017574824609E+001
    133  8.156089231789974E-005  2.980777525245198E+001
    763  8.030798486251930E-005  1.136578287383470E+002
    372  7.933547741944156E-005  4.569660817760900E+001
    374  7.931334727676329E-005  4.576894168844035E+001
    717  7.898960518668242E-005  1.119901298340990E+002
    383  7.870755243972712E-005  4.665506804468283E+001
    365  7.757758022738759E-005  4.540196146988517E+001
    138  7.721465603215253E-005  2.998810658959070E+001
    312  7.607079629808499E-005  3.940338989709551E+001
    116  7.555824257922443E-005  2.910094471225916E+001
    537  7.419090159683119E-005  7.348438751630307E+001
    824  7.364460501755822E-005  1.173851057796732E+002
    134  7.362857681594713E-005  2.989081555609098E+001
   1000  7.333422040102547E-005  1.301375093272533E+002
    507  7.305178657168371E-005  6.098134465730102E+001
    675  7.304705584220076E-005  1.101932688761904E+002
   1008  7.296811203615516E-005  1.304054287055121E+002
    947  7.289019428249171E-005  1.280025795512814E+002
    842  7.275017082145405E-005  1.180365480395604E+002
    109  7.265887746010715E-005  2.888359254004277E+001
    226  7.194968275085966E-005  3.460914941435140E+001
    110  7.145427500399348E-005  2.890337161783228E+001
    139  7.080981624296432E-005  3.001327528760398E+001
    399  7.033597323556891E-005  5.300117686152819E+001
    381  7.010665221652269E-005  4.623753374880091E+001
   1047  7.007798282530957E-005  1.324683504365100E+002
    281  7.001801431339347E-005  3.778222215271058E+001
    745  6.902274118970896E-005  1.127541380335163E+002
    593  6.873778982083286E-005  1.074633420950339E+002
    948  6.833816996076136E-005  1.280530341997139E+002
    802  6.803515099997211E-005  1.163074247182627E+002
    524  6.789477978370821E-005  6.196836567938324E+001
    564  6.714308916303030E-005  1.059223740174141E+002
    174  6.701288295411431E-005  3.277024257542895E+001
    244  6.670481114085619E-005  3.582009297825139E+001
    125  6.653878370202896E-005  2.955205187993630E+001
    247  6.648276699151609E-005  3.613855018049320E+001
    150  6.617291807269519E-005  3.095380367517388E+001
    476  6.613900176876891E-005  5.874284760292872E+001
    481  6.609029735471942E-005  5.889564718758225E+001
    360  6.545599496044432E-005  4.501412031898634E+001
    778  6.508949804317337E-005  1.153062331743218E+002
    756  6.457628154336216E-005  1.131019348749128E+002
    192  6.409353109572153E-005  3.373139183933635E+001
    155  6.325301517764618E-005  3.129077640287002E+001
    518  6.314181457112776E-005  6.116565427175681E+001
     86  6.287582098565776E-005  2.760340701365068E+001
    352  6.268681375203691E-005  4.345183818831803E+001
    988  6.244265920662854E-005  1.295230022337254E+002
    128  6.233584466054498E-005  2.964876822252022E+001
    760  6.215685850737444E-005  1.133648679091437E+002
    493  6.139681495942670E-005  5.956939432616837E+001
    272  6.087114717532341E-005  3.770876893490352E+001
    283  6.023599403633511E-005  3.781664732037148E+001
    741  6.017105549126685E-005  1.126383251241469E+002
    942  5.983619137672609E-005  1.277896527703618E+002
    202  5.972289814046565E-005  3.414693728338715E+001
     96  5.923615719985163E-005  2.807603105873968E+001
    683  5.903261835533119E-005  1.107854094171573E+002
    618  5.885084490662776E-005  1.083041655146542E+002
    552  5.879542172300740E-005  1.045004516183760E+002
    367  5.840536910084424E-005  4.546665367422378E+001
    218  5.831952824072075E-005  3.434087154455664E+001
     69  5.788922459087207E-005  2.667931486079132E+001
      6  5.787978950995021E-005  1.593905863128156E+001
    318  5.738061889371224E-005  3.952690512520030E+001
    928  5.725053437130137E-005  1.271758190169006E+002
    185  5.699368639119209E-005  3.329017879350934E+001
    456  5.673235378736887E-005  5.758475825352298E+001
     34  5.641218470441375E-005  2.394870774261297E+001
    500  5.610688836884074E-005  6.016266526055261E+001
    261  5.562892245578129E-005  3.751537038816641E+001
    184  5.526893659871604E-005  3.328145954751520E+001
    121  5.505535294947043E-005  2.937009161569695E+001
   1033  5.487761356678495E-005  1.314921549657209E+002
    197  5.409907692282119E-005  3.407091137263039E+001
    237  5.409133436546940E-005  3.561350513334219E+001
    510  5.303084229510057E-005  6.106496915014706E+001
    795  5.295851662621891E-005  1.159446042090269E+002
     79  5.251721846449616E-005  2.728143790603452E+001
    204  5.214914752850588E-005  3.416741852472765E+001
     81  5.201815393814280E-005  2.737831616504717E+001
     41  5.196537710950751E-005  2.434332602389209E+001
     62  5.165162414872293E-005  2.630569023157911E+001
    604  5.099830296248508E-005  1.078901483894559E+002
    678  5.082468816092733E-005  1.105298402911861E+002
    357  5.063167713787336E-005  4.413715889769129E+001
    306  5.061329260294210E-005  3.922583615449084E+001
    934  5.056078179021626E-005  1.274026915475210E+002
    907  4.993006432086912E-005  1.254774984052440E+002
    337  4.991192946809297E-005  4.125439580477820E+001
    700  4.919102932271499E-005  1.112187707043413E+002
    104  4.914706560960795E-005  2.863475114667724E+001
    336  4.896607823438088E-005  4.106442919982931E+001
    359  4.828019055836631E-005  4.440820660542785E+001
    793  4.749182293277437E-005  1.158943894419280E+002
    791  4.693378334596450E-005  1.158399885308925E+002
    560  4.692536165447763E-005  1.057397922085461E+002
    979  4.674089575258870E-005  1.292073280791942E+002
    929  4.645048172875775E-005  1.272324166790593E+002
    676  4.641868387156473E-005  1.102968009656115E+002
    540  4.594405535401731E-005  1.019596674086986E+002
    338  4.574214328873075E-005  4.143596746217444E+001
    394  4.569798694193546E-005  5.275338077531283E+001
   1071  4.564339404769305E-005  1.353191143310252E+002
     54  4.559989433635108E-005  2.537118147105558E+001
    911  4.550304061609142E-005  1.258968376271585E+002
    829  4.537130627800069E-005  1.175434491795728E+002
    976  4.516228185778248E-005  1.291265023483052E+002
   1014  4.494594687083855E-005  1.306579532637773E+002
    898  4.429480675568002E-005  1.236287338505038E+002
    892  4.414298560901972E-005  1.223146913863671E+002
    991  4.389943780225669E-005  1.298309517843196E+002
    100  4.376383661521940E-005  2.814590236831992E+001
    712  4.353824028006871E-005  1.118479116964762E+002
    769  4.312490973889662E-005  1.141494817506874E+002
    401  4.293975936666080E-005  5.310952948046032E+001
    697  4.231515534304214E-005  1.111168086390436E+002
    597  4.141948211962699E-005  1.076362394255561E+002
    382  4.090653233919632E-005  4.661435463500721E+001
    489  4.068048534490629E-005  5.906665573291085E+001
    472  4.062821301401026E-005  5.860732378330380E+001
    646  4.011235374979393E-005  1.089039652974663E+002
    650  4.007185382103567E-005  1.090061273622073E+002
    387  3.946279929042488E-005  4.845493173747810E+001
    698  3.930588804858139E-005  1.111543499618823E+002
    264  3.914158947491288E-005  3.760740200223662E+001
     67  3.908079934935810E-005  2.663955326886673E+001
   1024  3.895882899212474E-005  1.310472886139475E+002
    725  3.820140334958064E-005  1.122622575126908E+002
   1016  3.739184907888224E-005  1.306784011483153E+002
    414  3.722775716215058E-005  5.408443269732371E+001
    658  3.677066473299758E-005  1.092752908733605E+002
     91  3.646584708978585E-005  2.795709450840539E+001
     30  3.595990418898986E-005  2.339033246897357E+001
    514  3.561668380360956E-005  6.112143562944963E+001
     68  3.552045423336255E-005  2.665958995788216E+001
    356  3.546578404533029E-005  4.399929676237998E+001
    615  3.498335526474998E-005  1.081646255451844E+002
    172  3.461687239454254E-005  3.254695536480502E+001
   1069  3.429086933659369E-005  1.347402109836953E+002
    145  3.386196978095650E-005  3.035386176419680E+001
    213  3.344083375086043E-005  3.426923698719692E+001
    386  3.305091705321028E-005  4.778448827008048E+001
     37  3.199588985184486E-005  2.413005277682491E+001
    555  3.196929562494992E-005  1.049505825405343E+002
    737  3.184398090582891E-005  1.125716601108342E+002
    304  3.148023667256438E-005  3.902642388250331E+001
    309  3.130319467417020E-005  3.929268620446922E+001
    189  3.119946345648402E-005  3.348575581421191E+001
    754  3.071166774688823E-005  1.130532912402911E+002
    369  3.061549176992181E-005  4.556664797594529E+001
    334  3.048838264166756E-005  4.055961280242965E+001
     78  3.045896435666314E-005  2.724001953302053E+001
    565  3.012197273327264E-005  1.059848591127986E+002
    389  2.990947262439844E-005  4.924612888004685E+001
    349  2.988143412968775E-005  4.279212686889406E+001
    422  2.965480326433338E-005  5.478392604221921E+001
    239  2.932005301650440E-005  3.564788119351169E+001
    973  2.855063674089938E-005  1.290303348922233E+002
    167  2.820604176356463E-005  3.206734480721192E+001
    444  2.820328253047211E-005  5.640873014994138E+001
    716  2.800226255637784E-005  1.119313653155845E+002
    470  2.774648439138592E-005  5.858950887133865E+001
    573  2.753960506153649E-005  1.066520968004064E+002
    827  2.747463416938629E-005  1.174913134466901E+002
    667  2.734731091278084E-005  1.098231148083649E+002
     97  2.712418003317124E-005  2.809615145046481E+001
    611  2.700605397077714E-005  1.080609110523806E+002
    175  2.696834004007377E-005  3.282740528695558E+001
    279  2.664525011937105E-005  3.776291602598710E+001
    534  2.633752813550784E-005  6.352992396574133E+001
    156  2.627308574874334E-005  3.133959801814033E+001
    271  2.618563244283693E-005  3.769377629908810E+001
    176  2.593414203541490E-005  3.283702642513862E+001
    916  2.561019034185943E-005  1.261858055404796E+002
    838  2.534688138818485E-005  1.178077045912047E+002
    242  2.528526289026597E-005  3.575330164903793E+001
    315  2.517623443450130E-005  3.946262277995078E+001
    463  2.497110955144745E-005  5.840368106338346E+001
    219  2.492267816476301E-005  3.435584966495736E+001
    355  2.465740528504450E-005  4.365668409738398E+001
    774  2.463440157714913E-005  1.147299018357027E+002
    870  2.452990607146316E-005  1.203621491035894E+002
    749  2.439840184746080E-005  1.128862829609149E+002
   1061  2.436568827400664E-005  1.338239896777959E+002
     50  2.427875095270619E-005  2.524792740229145E+001
     75  2.400590575304632E-005  2.717284531466260E+001
    324  2.394563744031368E-005  3.965813849875591E+001
    637  2.392469750889575E-005  1.087708716348475E+002
    395  2.368879717496518E-005  5.279005865968511E+001
    836  2.367000723024545E-005  1.177792466123822E+002
    159  2.366918553063378E-005  3.140014259635325E+001
    875  2.353787121378055E-005  1.206504418490652E+002
    326  2.348012025928083E-005  3.980074663620405E+001
    884  2.320272654404619E-005  1.212913619330936E+002
    694  2.277901426686803E-005  1.110208923005156E+002
    860  2.263881386391292E-005  1.193608179742887E+002
    187  2.237086220139137E-005  3.338593491458187E+001
    445  2.196677970657888E-005  5.650985963977887E+001
    521  2.168915607566323E-005  6.120499406654021E+001
    341  2.165108371872792E-005  4.207899368185591E+001
    542  2.156935970798717E-005  1.021380905135569E+002
    234  2.119027216181267E-005  3.541632958107625E+001
    317  2.116347418274263E-005  3.952108816795088E+001
    316  2.090305681276141E-005  3.947722492082590E+001
   1009  2.024661108013020E-005  1.304609142394732E+002
    727  2.024071962043926E-005  1.123838421661365E+002
    602  2.018939007282277E-005  1.078335831208874E+002
    313  2.010317587208355E-005  3.941220320488696E+001
    353  1.969824527516616E-005  4.354452657935016E+001
   1005  1.932762798558187E-005  1.302961950162389E+002
    351  1.931681712030260E-005  4.290814690346715E+001
    883  1.908994570761803E-005  1.212822283474710E+002
    843  1.902617262428244E-005  1.181049125326048E+002
    323  1.894978059509600E-005  3.963162035223775E+001
   1057  1.872605075523664E-005  1.332882698940204E+002
   1076  1.841092128518476E-005  1.858411948136732E+002
    526  1.840985573141917E-005  6.205614154690332E+001
    989  1.821350008368133E-005  1.296856498562064E+002
    905  1.819008240208416E-005  1.252963463377060E+002
   1077  1.813882182001035E-005  6.189178021453241E+002
    926  1.806048373799215E-005  1.269935099435139E+002
    868  1.756892295748369E-005  1.199994649602093E+002
     93  1.753621323512453E-005  2.801831476528660E+001
    995  1.733895797062031E-005  1.300556822463785E+002
    214  1.726121715260567E-005  3.429158842681225E+001
   1041  1.712774970763920E-005  1.318604688563310E+002
    940  1.706054699907939E-005  1.277053477702196E+002
    105  1.690315367007255E-005  2.872870804936272E+001
    322  1.669331042833028E-005  3.962934885257222E+001
    599  1.629055387980029E-005  1.077354408464688E+002
     84  1.608552633512665E-005  2.748397341497807E+001
    217  1.582234287836218E-005  3.432077633458158E+001
    561  1.555949958176429E-005  1.057823475786052E+002
    479  1.538958190668900E-005  5.886156225440574E+001
    168  1.532536803829622E-005  3.223239881301075E+001
    449  1.525117377886041E-005  5.713782918039372E+001
    571  1.523760180952941E-005  1.065760725477823E+002
     21  1.511010670862517E-005  2.149552581175353E+001
     76  1.458338875657208E-005  2.719040433196805E+001
    502  1.454358662608432E-005  6.033057478557798E+001
    273  1.418421638979866E-005  3.771236202405859E+001
    631  1.415923078385397E-005  1.086593678715634E+002
    945  1.373121687247319E-005  1.278945431870569E+002
    112  1.362284107407397E-005  2.893182478938967E+001
    305  1.345974667592483E-005  3.919092577852600E+001
    605  1.345367071606319E-005  1.079476682950407E+002
    265  1.337275584623281E-005  3.762418150997995E+001
    147  1.334455612218463E-005  3.045498909450352E+001
     61  1.313253867886215E-005  2.623624111749398E+001
     88  1.302060163593393E-005  2.776495450944637E+001
    361  1.297690553486315E-005  4.509188248244521E+001
    681  1.287432801449682E-005  1.107150530846271E+002
    879  1.283283928423710E-005  1.208628531744268E+002
    179  1.278872490560489E-005  3.301071504933698E+001
    558  1.270765228690271E-005  1.054235904423783E+002
    171  1.266557682669793E-005  3.251692712246987E+001
    516  1.263268843163850E-005  6.114879167768425E+001
    762  1.250352491087416E-005  1.134504722361933E+002
    295  1.242351059190574E-005  3.844649820311862E+001
    584  1.228326142444335E-005  1.071415131646536E+002
    851  1.218521615230197E-005  1.189105890777936E+002
    429  1.213247456168832E-005  5.542704693693687E+001
    280  1.212600047419281E-005  3.777070006257392E+001
     99  1.196223735806791E-005  2.813215700322161E+001
    587  1.187851193094347E-005  1.072564562863978E+002
    528  1.179492755018087E-005  6.211763689923020E+001
    903  1.171765862950066E-005  1.249295857950171E+002
    314  1.161894223420377E-005  3.944402428691944E+001
    441  1.149915308641800E-005  5.602297434426368E+001
    950  1.121324560276444E-005  1.281356928004739E+002
    257  1.115730365494838E-005  3.716053985696894E+001
    308  1.111780810882282E-005  3.924824416979163E+001
    580  1.107150675114655E-005  1.069063882425304E+002
    170  1.102773113226283E-005  3.240864442722207E+001
    594  1.091677282038100E-005  1.075267994995216E+002
    420  1.085345365680238E-005  5.464265012038360E+001
    339  1.070763721176651E-005  4.199721405536648E+001
    543  1.068815522996767E-005  1.026098663261161E+002
    222  1.067129336233119E-005  3.444665555523785E+001
    203  1.065386421725519E-005  3.415596231316062E+001
    166  1.057674466315937E-005  3.197534022905977E+001
    451  1.055647326999523E-005  5.726939793781466E+001
    866  1.041071870706461E-005  1.198737679274225E+002
    895  1.014929156371275E-005  1.231922658586809E+002
    397  9.999894047863424E-006  5.292984574180642E+001
     15  9.972836316173690E-006  2.077312965636918E+001
    123  9.882417047579921E-006  2.945706723223188E+001
    613  9.880967403486247E-006  1.081325074305931E+002
     40  9.850227619702662E-006  2.429142631572386E+001
    435  9.783691574783935E-006  5.559833163642786E+001
    141  9.781160604828051E-006  3.005205957969120E+001
    674  9.653971854363099E-006  1.101627157855635E+002
    616  9.625359554229586E-006  1.081902144651443E+002
    465  9.513322224765809E-006  5.845233409136720E+001
    494  9.473871239255923E-006  5.959072402434833E+001
    488  9.407623516103586E-006  5.904214899548738E+001
     72  9.158108667861093E-006  2.695844835194747E+001
     39  9.071751060103887E-006  2.419216907562118E+001
    609  9.048052848348089E-006  1.080529774194348E+002
    632  8.981078746564393E-006  1.086732063917954E+002
    917  8.915527568755246E-006  1.262583151256411E+002
    855  8.697556844004209E-006  1.192335282432478E+002
    173  8.652891555243106E-006  3.267731285541730E+001
   1063  8.645806814213349E-006  1.338610239777397E+002
    816  8.631319981733438E-006  1.170854692244173E+002
    459  8.625369056166928E-006  5.797524108925945E+001
    583  8.550940215725513E-006  1.070323413352247E+002
    649  8.359453453631578E-006  1.089557122086210E+002
   1055  8.318491722902876E-006  1.332315483337306E+002
    380  8.279351891592632E-006  4.621788456267294E+001
    160  8.261518872114948E-006  3.140287364756382E+001
     73  8.193962794327754E-006  2.704395448663374E+001
    412  8.189457047250367E-006  5.399327798218789E+001
    944  8.165745238809796E-006  1.278264506290159E+002
    307  8.152876981421391E-006  3.924418415703018E+001
     77  8.072839009314049E-006  2.720977418778346E+001
    579  7.981418076008341E-006  1.068810185812333E+002
    127  7.981145697516144E-006  2.958197907168710E+001
    610  7.806167817733879E-006  1.080548791140610E+002
    899  7.733964170394978E-006  1.237750393258326E+002
    220  7.684636632138169E-006  3.440936379612124E+001
    286  7.655657141578124E-006  3.806107114689090E+001
    277  7.600389488174011E-006  3.774405278528796E+001
    162  7.553190776425911E-006  3.142013005221356E+001
    529  7.318401867057736E-006  6.213305424318654E+001
    577  7.236247274965043E-006  1.068269012623950E+002
    721  7.227736686588511E-006  1.121902054803930E+002
    569  7.166525926516639E-006  1.064024371239422E+002
    796  7.152138648789819E-006  1.160406419035091E+002
    274  7.111691788664281E-006  3.771469066363962E+001
    486  7.098750470057415E-006  5.898078655703418E+001
     80  7.000262846055484E-006  2.737665388114407E+001
    887  6.948863630744030E-006  1.215278324822884E+002
    589  6.832219863129011E-006  1.073243551551986E+002
    643  6.827957809318995E-006  1.088529165631816E+002
    624  6.803228544502099E-006  1.084534043855216E+002
    863  6.636921077593336E-006  1.194780899982511E+002
    656  6.525545657249553E-006  1.092383325553483E+002
    567  6.504130968207721E-006  1.061175767374582E+002
    370  6.501132054302090E-006  4.562254251008403E+001
    148  6.362176393132413E-006  3.055713011308698E+001
     19  6.265847663218028E-006  2.137958735177528E+001
    132  6.191663801046855E-006  2.978147182311027E+001
    377  6.191565084302320E-006  4.580996274485975E+001
    877  6.108679228868860E-006  1.207635072396237E+002
    574  6.003690238230303E-006  1.067089856517616E+002
    953  5.966108682938046E-006  1.282835790234384E+002
    154  5.785526345412394E-006  3.128025029310897E+001
    595  5.781283177162221E-006  1.075727311228692E+002
    955  5.774286246538379E-006  1.283043098504922E+002
    853  5.706936484477783E-006  1.189950762444425E+002
    713  5.706176959961615E-006  1.118750446375970E+002
    511  5.679705522125429E-006  6.108291035790679E+001
    366  5.665456729035357E-006  4.541480133184800E+001
    622  5.612046587996422E-006  1.084041586407917E+002
    858  5.549561760800524E-006  1.193043137223610E+002
    113  5.530255633831003E-006  2.894608485543543E+001
    821  5.528789161224077E-006  1.173213489801490E+002
    733  5.505404966315496E-006  1.125211996768446E+002
    682  5.469937669192999E-006  1.107795174367904E+002
    260  5.382667101305217E-006  3.745846822965304E+001
    932  5.375549028961865E-006  1.272890793904072E+002
    641  5.285308126915390E-006  1.088136450829588E+002
    437  5.245648284640958E-006  5.567668099873953E+001
    416  5.230721074275826E-006  5.412105627361211E+001
    447  5.222375431434745E-006  5.692641404400948E+001
    672  5.157305548921712E-006  1.100523893058521E+002
    287  5.028631847011468E-006  3.806334999222836E+001
    231  5.000382642369564E-006  3.529195130720404E+001
    596  4.926518421695395E-006  1.076305596761092E+002
    181  4.789331861095834E-006  3.309588236011395E+001
    515  4.616814390873776E-006  6.113166482037749E+001
     42  4.584941285998206E-006  2.442065503900721E+001
    708  4.488125263554680E-006  1.116659378913442E+002
    354  4.449738590916443E-006  4.358717802496741E+001
    144  4.363218175771247E-006  3.023024488043693E+001
    284  4.360996430793195E-006  3.794002386601017E+001
    661  4.260608995579760E-006  1.094040232551639E+002
    375  4.210762673731373E-006  4.577921754207221E+001
    684  4.194870752111849E-006  1.108055531440044E+002
    457  4.164841256269037E-006  5.770039153165104E+001
    695  4.159382294303002E-006  1.110404578737834E+002
    517  4.111740262254158E-006  6.116283191518230E+001
    350  4.065894169932370E-006  4.287084402122760E+001
    600  4.042825111322702E-006  1.078192567961393E+002
    702  4.018333357076224E-006  1.112791472783473E+002
    572  3.937086536325876E-006  1.066354688575440E+002
    937  3.930264916047596E-006  1.275975168353670E+002
    633  3.899358437791626E-006  1.086770367044967E+002
    943  3.873983785013461E-006  1.278255860865938E+002
    608  3.712779877218334E-006  1.080310773431174E+002
    135  3.678883725939156E-006  2.990996926970350E+001
    910  3.665090336245570E-006  1.258349422363612E+002
     45  3.660092537821828E-006  2.505629895200580E+001
    800  3.615339352919580E-006  1.161811067685375E+002
   1068  3.605628060598356E-006  1.342139437973118E+002
    960  3.600074933481989E-006  1.283710541965592E+002
    454  3.563352033255305E-006  5.753531790534946E+001
   1046  3.549946637983043E-006  1.322741703884410E+002
    709  3.457331848497316E-006  1.116986555393093E+002
    871  3.404661551963182E-006  1.204638135739833E+002
    206  3.389569730852102E-006  3.418711639611698E+001
    938  3.373478436625062E-006  1.276246332177813E+002
    469  3.359614423264569E-006  5.857260373695996E+001
    601  3.287199898058445E-006  1.078222216339937E+002
   1040  3.261690869869703E-006  1.318325334098182E+002
    890  3.242536717107796E-006  1.222269695705770E+002
    513  3.149014926813487E-006  6.111701004965728E+001
    835  3.133079727223386E-006  1.176766134664512E+002
    634  3.088875599678654E-006  1.087110579745548E+002
    328  3.044797024106079E-006  3.982877398686839E+001
    396  3.030839836352955E-006  5.292259014309509E+001
    744  3.010262639413897E-006  1.127340165661099E+002
    670  2.991964782335344E-006  1.099218253642219E+002
    958  2.955961414142857E-006  1.283326337970340E+002
    591  2.955039768057768E-006  1.073970459895217E+002
    527  2.929919649870065E-006  6.211137902133680E+001
    896  2.915502759679993E-006  1.231967026860033E+002
    471  2.812987127402675E-006  5.859921299406331E+001
    984  2.729985056674500E-006  1.293776492189174E+002
    252  2.681178305238046E-006  3.681481496629917E+001
     13  2.647867567283525E-006  2.038781372204352E+001
    930  2.630527594162207E-006  1.272550109882912E+002
    739  2.586030513818493E-006  1.126267264275300E+002
    223  2.574492257693848E-006  3.452101188794168E+001
    522  2.547028015344378E-006  6.189501394570030E+001
    216  2.520940010037382E-006  3.431915233475488E+001
    787  2.495804329540841E-006  1.157066821730262E+002
    368  2.494565065956399E-006  4.552075151204606E+001
    830  2.491828457491032E-006  1.175448785112390E+002
    332  2.490101222769735E-006  4.036182328117159E+001
    639  2.462013865090385E-006  1.087924757147032E+002
    679  2.427761672155006E-006  1.106299731616480E+002
    225  2.415329301504281E-006  3.458265676939745E+001
    962  2.389278025851119E-006  1.284190833846668E+002
    994  2.339212812560085E-006  1.299886393654431E+002
    719  2.328927243608704E-006  1.120361196403708E+002
   1017  2.317008298455573E-006  1.307020085696559E+002
     47  2.312206243761758E-006  2.514695584094496E+001
    379  2.255949369817702E-006  4.610002508350383E+001
    362  2.252465265973251E-006  4.520209191521082E+001
    122  2.230276265562825E-006  2.942821875092930E+001
    200  2.220168755153697E-006  3.413076352937113E+001
    657  2.185267093989308E-006  1.092680437977900E+002
    373  2.177950569362695E-006  4.573517441489172E+001
    461  2.163305814653897E-006  5.832169084274378E+001
    665  2.161978908672494E-006  1.096195054263975E+002
    508  2.113888365004072E-006  6.101348113010317E+001
    923  2.082577740152753E-006  1.267345977181097E+002
    782  2.068300800547035E-006  1.155663554633046E+002
    921  2.065173319075475E-006  1.266347372507485E+002
   1028  2.044442083055340E-006  1.312419762585663E+002
    804  2.035065759508056E-006  1.164307012054320E+002
    927  2.032194590699449E-006  1.271118445081471E+002
    922  2.024653200681136E-006  1.267277337836395E+002
    865  2.016388804128603E-006  1.195233182598442E+002
    619  1.997045529293063E-006  1.083262496248409E+002
    504  1.938734268189030E-006  6.073767201700102E+001
    224  1.930193288263749E-006  3.456258153743839E+001
    345  1.901598887420097E-006  4.248475366295001E+001
    815  1.881514348757646E-006  1.170844697210597E+002
    680  1.871305196637690E-006  1.106808485277705E+002
    509  1.856626013525162E-006  6.104665142125116E+001
    625  1.856509243980997E-006  1.084878781680722E+002
    813  1.844694494542220E-006  1.170211975618395E+002
    408  1.820350943242893E-006  5.368647704938994E+001
    685  1.816302652411467E-006  1.108208915724099E+002
    410  1.790309703289264E-006  5.380004782230375E+001
    951  1.769161206848287E-006  1.282127111215003E+002
    562  1.742720292847021E-006  1.058125905236654E+002
    781  1.739213533771824E-006  1.155015502370288E+002
   1004  1.709441637442073E-006  1.302828791464404E+002
    668  1.651455011039777E-006  1.098358517134249E+002
    263  1.650291987030456E-006  3.756851288337069E+001
    642  1.640725889276752E-006  1.088349318990273E+002
     59  1.598093878172717E-006  2.608228483109795E+001
    790  1.563357386521134E-006  1.158127479939932E+002
    699  1.543130846594350E-006  1.111753891148923E+002
    862  1.533124478966354E-006  1.194326389788892E+002
    640  1.516826909085069E-006  1.088027953187827E+002
    770  1.513848673621299E-006  1.141655133118217E+002
    707  1.495721591228582E-006  1.116484954290111E+002
     63  1.489815348363829E-006  2.633691355837915E+001
    880  1.486453527748853E-006  1.209811659012211E+002
    714  1.482074407808971E-006  1.118865310298163E+002
    915  1.461005074030185E-006  1.261627872997085E+002
    648  1.429913290622271E-006  1.089328290594756E+002
    809  1.425016364360294E-006  1.168273457040169E+002
    590  1.413982208512519E-006  1.073381491314167E+002
    660  1.405509133226256E-006  1.093929129115852E+002
    982  1.405280660764814E-006  1.293230544301462E+002
    677  1.389544162704098E-006  1.104103779431708E+002
    963  1.366677766167058E-006  1.284456810480366E+002
    949  1.350413189713190E-006  1.280833568476082E+002
    506  1.337957112299336E-006  6.092479484159845E+001
    852  1.329680453920018E-006  1.189308904937423E+002
    983  1.325872098109672E-006  1.293699640118089E+002
    404  1.311604391490152E-006  5.332919471058649E+001
    901  1.307252596741134E-006  1.246352700151236E+002
    849  1.298721373236217E-006  1.186556798515274E+002
    893  1.291153306903440E-006  1.225899968537864E+002
   1065  1.266028192724100E-006  1.340986810838602E+002
    664  1.257509884775383E-006  1.095868237421283E+002
    740  1.244087045410221E-006  1.126281679605138E+002
    292  1.239945469534822E-006  3.837765227419467E+001
    799  1.233201740801241E-006  1.161655148393659E+002
   1010  1.227862438526136E-006  1.305150376372933E+002
    758  1.178527645444601E-006  1.131945788764974E+002
    603  1.177911913196257E-006  1.078480909052838E+002
    627  1.157693466818040E-006  1.085359599099982E+002
    693  1.137030645412820E-006  1.110198391814811E+002
    586  1.125557002534453E-006  1.072414988471015E+002
    846  1.120434121539081E-006  1.183733977129572E+002
    794  1.099483794593977E-006  1.159299755047292E+002
    490  1.095501805955640E-006  5.909746584665749E+001
    845  1.094847463237550E-006  1.182722434309271E+002
    424  1.089671439810229E-006  5.504400290817051E+001
   1054  1.084691920121266E-006  1.332101619260334E+002
    243  1.071508957541327E-006  3.580427376176280E+001
    715  1.065102447160530E-006  1.119122168057061E+002
    124  1.063139656955225E-006  2.953039329658957E+001
     87  1.060480697475181E-006  2.773505635732142E+001
    792  1.053893724519321E-006  1.158579110744502E+002
    837  1.041449514070976E-006  1.177814246314451E+002
    453  1.035104223152040E-006  5.734859743017803E+001
    626  1.027996478224815E-006  1.085197354965440E+002
    990  9.998276015009052E-007  1.297249883032466E+002
    556  9.412833026232548E-007  1.053074591696642E+002
     25  8.692921102069345E-007  2.268285797328677E+001
    644  8.624158054602220E-007  1.088699046594824E+002
    908  8.544629024133821E-007  1.256350992978881E+002
    859  8.397790743728909E-007  1.193117826572047E+002
    764  8.311051609928804E-007  1.137269990775531E+002
    931  8.270801565321171E-007  1.272754104030811E+002
    630  8.039430182586071E-007  1.086464564510315E+002
    696  7.956028960636997E-007  1.111110130672436E+002
    786  7.918422370918983E-007  1.156679892855772E+002
    978  7.870238245946503E-007  1.291764873003617E+002
    767  7.829491507059172E-007  1.139787538815297E+002
    662  7.711964372224371E-007  1.094304874643061E+002
    228  7.704152401814463E-007  3.465329128304563E+001
   1043  7.683898910246427E-007  1.320181582363304E+002
    985  7.672035573064212E-007  1.294454523269476E+002
    703  7.647906621525394E-007  1.113359924967504E+002
    909  7.284927128742911E-007  1.256671150468244E+002
    505  7.214800171708563E-007  6.089365906344585E+001
    688  7.159081049898168E-007  1.108652117541332E+002
    501  7.125251005811130E-007  6.025540211442135E+001
    920  7.029129248852691E-007  1.265729199247587E+002
    828  6.983124667403470E-007  1.175132070682912E+002
    520  6.898715517266156E-007  6.117519869664547E+001
    235  6.877500038406595E-007  3.553329683850696E+001
    957  6.833132121996336E-007  1.283224605383935E+002
    690  6.757292794910533E-007  1.109553167085971E+002
    614  6.667223290108736E-007  1.081499604581023E+002
    728  6.626208079418431E-007  1.123911467240560E+002
    861  6.524737184029597E-007  1.193618968506130E+002
    651  6.416069699748785E-007  1.090123807306586E+002
    961  6.368078807192643E-007  1.283826108536399E+002
    765  6.286858578086386E-007  1.138034732037320E+002
    798  6.144199367695722E-007  1.161233232814441E+002
    933  5.954849985971604E-007  1.272967505112425E+002
    939  5.879738902712188E-007  1.276788938661296E+002
    761  5.775825414166701E-007  1.134019555363662E+002
    541  5.749926118950476E-007  1.020561485810812E+002
    455  5.724885728517739E-007  5.757818593173593E+001
    732  5.589478135735370E-007  1.124809932511083E+002
    736  5.377197057087571E-007  1.125700463249535E+002
    711  5.216380832317146E-007  1.117833092223069E+002
    623  5.077903464414590E-007  1.084311616311891E+002
   1002  4.905221256244591E-007  1.301955720736593E+002
   1012  4.842661011302524E-007  1.305860585800326E+002
    873  4.835661276802904E-007  1.205400953636918E+002
    805  4.773834380830887E-007  1.165442309434909E+002
    705  4.725422526649979E-007  1.114879185885843E+002
    766  4.715407033049632E-007  1.138313497862233E+002
    823  4.711484496262825E-007  1.173434151863991E+002
    729  4.556986696109021E-007  1.124070412533170E+002
    406  4.359807776722519E-007  5.347162595814701E+001
    130  4.332742149245050E-007  2.969026097336859E+001
    342  4.257312593989916E-007  4.219280462450153E+001
    645  4.217906839001998E-007  1.088758352374567E+002
   1039  4.213599062328389E-007  1.317789778316224E+002
    724  4.098532724342833E-007  1.122474317356576E+002
    935  4.028521301096804E-007  1.274477748704804E+002
    779  3.976236385762585E-007  1.153237642854880E+002
    925  3.967898011415676E-007  1.268943605090481E+002
    808  3.919136229473823E-007  1.166438640424820E+002
    371  3.835509442995579E-007  4.567834615857563E+001
    606  3.625810005513989E-007  1.079754075340127E+002
     52  3.595007646188299E-007  2.532370304309600E+001
    776  3.522540922895202E-007  1.150535509847603E+002
    653  3.452616958333359E-007  1.090926521840726E+002
   1035  3.438954131545900E-007  1.315022364948826E+002
   1007  3.417486550787168E-007  1.303971511397991E+002
    974  3.384409752340752E-007  1.290391941684268E+002
    980  3.371890909912620E-007  1.292322903638887E+002
    839  3.272812233039310E-007  1.178451551754228E+002
    788  3.265535322412090E-007  1.157595566872355E+002
   1051  3.235219389813941E-007  1.330173846663143E+002
    227  3.221442353029252E-007  3.461221107986133E+001
    735  3.160283862155033E-007  1.125422257639707E+002
    818  3.051411975780006E-007  1.172202887178189E+002
    559  3.049488546047257E-007  1.054467335457494E+002
    726  3.020488645440719E-007  1.123280306605216E+002
    888  3.009517127801560E-007  1.215384892766490E+002
    900  2.951030472191845E-007  1.240255399934555E+002
   1023  2.756050077109608E-007  1.309907545973144E+002
    834  2.750883507459945E-007  1.176651591794238E+002
   1003  2.723692318078073E-007  1.302792324598297E+002
     56  2.635524461968334E-007  2.577494999028338E+001
    194  2.552344890444712E-007  3.388123191050668E+001
    269  2.502615736558549E-007  3.766609016559832E+001
    285  2.383624198068659E-007  3.794670187788559E+001
    146  2.339844945577390E-007  3.038455959742199E+001
    722  2.324139763441837E-007  1.121989232781130E+002
    750  2.298056368661890E-007  1.128980084302201E+002
    936  2.288194795772760E-007  1.275963114471066E+002
    941  2.249197091368237E-007  1.277239710636116E+002
    811  2.174001176897446E-007  1.169131613251637E+002
    912  2.161699210532200E-007  1.259977317017505E+002
    636  2.122105097300014E-007  1.087412284437008E+002
    876  2.032921832764124E-007  1.207338716680959E+002
    882  2.005149493518139E-007  1.212606419968792E+002
    993  1.978212065432659E-007  1.299638892136509E+002
    428  1.964984426089620E-007  5.539697768550786E+001
    924  1.924208212485062E-007  1.267645350898773E+002
   1073  1.887786859056585E-007  1.355646294676644E+002
    720  1.850250915428774E-007  1.121496181246094E+002
    906  1.786483475390010E-007  1.253859334012492E+002
    734  1.775817295976127E-007  1.125227414297757E+002
    783  1.707749544395364E-007  1.155776779712016E+002
    987  1.699755004192468E-007  1.295218650079724E+002
   1025  1.635510115870835E-007  1.310823101564250E+002
    363  1.619291945937280E-007  4.523665715266514E+001
     32  1.492152420408885E-007  2.386019687247388E+001
    819  1.451962636738553E-007  1.172617623112352E+002
   1049  1.425561175796439E-007  1.325964910892840E+002
    968  1.413462028875443E-007  1.287893908307005E+002
    814  1.377270981024782E-007  1.170571282096026E+002
    499  1.360162641535752E-007  6.010190034988052E+001
    867  1.350655696221391E-007  1.199420338065019E+002
    753  1.340446938310401E-007  1.130399909728984E+002
    137  1.299956001128837E-007  2.996307755422044E+001
    841  1.286493657549684E-007  1.180046875638410E+002
    878  1.281827344532106E-007  1.208553192243232E+002
    874  1.248123783541807E-007  1.206463359037059E+002
    129  1.246553592750909E-007  2.967722940199728E+001
    971  1.237412454208811E-007  1.289111652451389E+002
    612  1.216900316475158E-007  1.080838271474082E+002
    628  1.162634495834048E-007  1.085999071252231E+002
    638  1.158805025036010E-007  1.087773663504995E+002
    856  1.150791356110215E-007  1.192407591408727E+002
    833  1.115172833870794E-007  1.176450554682990E+002
   1015  1.086699332575549E-007  1.306693309857935E+002
    276  1.075851027004402E-007  3.774173651101562E+001
    857  1.040792383585417E-007  1.192977858717030E+002
    581  9.623907385184516E-008  1.069166383916512E+002
    718  9.359608937749784E-008  1.120307816427976E+002
    959  9.227341453645725E-008  1.283643788123119E+002
    519  8.757247803938744E-008  6.116666091909611E+001
    914  8.572184316525668E-008  1.261343003660832E+002
    773  8.212565776967064E-008  1.146041296786391E+002
    869  8.180592129064673E-008  1.201465244096069E+002
    956  7.939813127897340E-008  1.283075816024711E+002
   1037  7.785516400748923E-008  1.316166834102353E+002
    946  7.701106309444242E-008  1.279201366409634E+002
    388  6.937915902248184E-008  4.916519389587509E+001
    701  6.852061181893945E-008  1.112655741498095E+002
   1019  6.676687057600706E-008  1.307856127904329E+002
    747  6.658081109257187E-008  1.128221651622354E+002
    704  6.525445231449884E-008  1.114088220449556E+002
    904  5.905838981715185E-008  1.250437756508075E+002
    806  5.793512458004460E-008  1.165904998677036E+002
    999  5.363294494412553E-008  1.301340763851820E+002
   1030  5.253860555568756E-008  1.313677884464318E+002
    850  4.867440496852907E-008  1.188640670964077E+002
    107  4.804824281057474E-008  2.880093649968087E+001
    969  4.627942859252313E-008  1.288232913140608E+002
    864  4.459528249792793E-008  1.195154318953015E+002
    752  4.409078704379928E-008  1.129825416205730E+002
    439  4.036825421088206E-008  5.581771077364913E+001
    484  3.815857697376615E-008  5.894622531819898E+001
    652  3.786590941883307E-008  1.090805000764319E+002
    986  3.780665290405267E-008  1.294778988001748E+002
    801  3.259819242591545E-008  1.162412158177078E+002
    965  2.295555585450716E-008  1.286084743618769E+002
    620  2.258528080474813E-008  1.083700393844588E+002
    598  2.197725112145529E-008  1.077082259858063E+002
    496  1.880848012642825E-008  5.977778544840232E+001
    840  1.826645873298520E-008  1.179674198090055E+002
    443  1.677069321216136E-008  5.615506371008289E+001
    692  1.667973105488725E-008  1.109991362888409E+002
   1056  1.586016258654664E-008  1.332822863268028E+002
    723  1.346924276379412E-008  1.122249597820348E+002
    629  1.343128404819448E-008  1.086436456014825E+002
    872  1.241823709518052E-008  1.204992644439996E+002
    647  1.164857491355615E-008  1.089204596390746E+002
   1059  1.132627337494463E-008  1.335352794510990E+002
    775  8.438170732041096E-009  1.149447083106751E+002
    178  6.980617047432436E-009  3.291892583427273E+001
    996  6.293100697552016E-009  1.300741546440489E+002
    126  5.941285377203494E-009  2.957864372821811E+001
    891  5.861483330606188E-009  1.222344606190913E+002
    250  5.335158674296609E-009  3.645071914574685E+001
   1029  3.251560011766642E-009  1.312589073638632E+002
    780  1.492712449914416E-009  1.153482258688003E+002
    743  1.413116736663922E-009  1.126739704882794E+002
    759  1.013420130364313E-009  1.132523759465808E+002
    885  9.276182199660342E-010  1.213849358963692E+002
    881  5.833499377789790E-010  1.212001054655417E+002
    889  2.582531661216922E-010  1.221096476933091E+002
    299  2.424305532352647E-010  3.861147003050849E+001
    190  2.086848795154685E-010  3.352213579831744E+001
