# Number of modes
   1077
# Tabulated for different initial and final frequencies?
    F
# Mode index, Sj, (highest to lowest), omega_j
    436  1.728027197087577E-002  5.562240782737462E+001
     27  1.677946313097088E-002  2.288948685305089E+001
    547  1.320794832331946E-002  1.040413527560943E+002
     29  6.004430100867043E-003  2.304600720746813E+001
    405  5.912448360184256E-003  5.340951413863353E+001
    392  5.715135658942407E-003  4.975569880244111E+001
   1016  4.679340320441768E-003  1.306784011483153E+002
    497  4.474691077458653E-003  5.984833423050026E+001
   1072  3.954931292471551E-003  1.354275255218108E+002
    485  3.752172294644530E-003  5.896971858223063E+001
    395  3.660317162474439E-003  5.279005865968511E+001
      7  3.644538616832969E-003  1.598850297870253E+001
    539  3.135537669756112E-003  1.004038214764926E+002
   1074  3.126709704998533E-003  1.357832717908243E+002
    452  3.096306404731301E-003  5.732416656661538E+001
    494  2.674409141023528E-003  5.959072402434833E+001
    498  2.616943186771471E-003  6.006055704270973E+001
     32  2.556014928383081E-003  2.386019687247388E+001
   1048  2.357500231260153E-003  1.325281096806480E+002
      2  2.277033404123062E-003  1.507477314615795E+001
   1042  2.252377970805736E-003  1.319938555239870E+002
     48  2.201177773131056E-003  2.521050943974308E+001
    387  2.190454263987117E-003  4.845493173747810E+001
     45  2.144745082421355E-003  2.505629895200580E+001
    390  2.059295055595578E-003  4.930034545373515E+001
     17  2.012664456277203E-003  2.091913438766164E+001
    460  1.894366568459400E-003  5.821511818989060E+001
    505  1.870227751239224E-003  6.089365906344585E+001
    384  1.869396701286441E-003  4.693482184770667E+001
    431  1.846813013092001E-003  5.545822575490884E+001
    543  1.771345686022646E-003  1.026098663261161E+002
     23  1.753944088231674E-003  2.160694502786773E+001
      8  1.579749913889238E-003  1.603898235084092E+001
     54  1.556353457126004E-003  2.537118147105558E+001
    500  1.520371364097424E-003  6.016266526055261E+001
    108  1.428532155717162E-003  2.884206820739177E+001
   1011  1.400292761880996E-003  1.305590563134582E+002
    427  1.379626151015360E-003  5.530625255614972E+001
   1058  1.257398984752102E-003  1.334381531708862E+002
    489  1.243089177491474E-003  5.906665573291085E+001
   1052  1.240604791225026E-003  1.330891459743712E+002
     24  1.233954515757167E-003  2.165827626673025E+001
     37  1.223714795080120E-003  2.413005277682491E+001
    478  1.177668729569793E-003  5.880478287498814E+001
    318  1.115058456592965E-003  3.952690512520030E+001
    483  1.111492605792757E-003  5.892865432514233E+001
     51  1.089119538405066E-003  2.527497960196780E+001
   1064  1.085299327730340E-003  1.339182935247794E+002
   1060  1.078462574806250E-003  1.336329109810919E+002
    527  1.040794763064834E-003  6.211137902133680E+001
    381  1.005745612158182E-003  4.623753374880091E+001
    546  1.004458259337956E-003  1.038908634804570E+002
    217  9.621927232859354E-004  3.432077633458158E+001
    998  9.490651275660894E-004  1.301241144683907E+002
    658  9.333031969114686E-004  1.092752908733605E+002
     38  9.299490102990756E-004  2.415274881711009E+001
    813  9.252748163057786E-004  1.170211975618395E+002
    166  9.098217269819164E-004  3.197534022905977E+001
    326  9.017213347974636E-004  3.980074663620405E+001
    523  8.917377067467331E-004  6.195141091349550E+001
    842  8.812490935807158E-004  1.180365480395604E+002
    537  8.724229797698380E-004  7.348438751630307E+001
    468  8.627751737305000E-004  5.850419738659161E+001
   1053  8.298344137648220E-004  1.331993000158318E+002
    524  8.276204824806943E-004  6.196836567938324E+001
    454  8.199989201311286E-004  5.753531790534946E+001
    223  8.096215362057478E-004  3.452101188794168E+001
     33  7.989565771652797E-004  2.387502434282544E+001
    482  7.984774395892393E-004  5.890508639424976E+001
    419  7.945892756297323E-004  5.447434435004674E+001
    186  7.895664392948083E-004  3.335079910483972E+001
    937  7.758301633582963E-004  1.275975168353670E+002
    440  7.624947019980923E-004  5.589934491235444E+001
    114  7.472022134846953E-004  2.903390568794284E+001
    540  7.466386966460349E-004  1.019596674086986E+002
    100  7.297209520959937E-004  2.814590236831992E+001
     64  6.919469794114929E-004  2.637954322898939E+001
    593  6.541800010758148E-004  1.074633420950339E+002
    198  6.443203160195442E-004  3.410095577154824E+001
    551  6.249303222731134E-004  1.044758850995860E+002
    442  6.241468004644174E-004  5.605259237502305E+001
    418  6.229292310155330E-004  5.440760214654593E+001
    572  6.205348085680025E-004  1.066354688575440E+002
     18  6.045456287365920E-004  2.124694793769305E+001
    236  5.957269302581216E-004  3.558504171265294E+001
    549  5.665962319703080E-004  1.043755820157491E+002
   1000  5.602290917557485E-004  1.301375093272533E+002
      5  5.532187557653395E-004  1.580375607842547E+001
    479  5.489793328682431E-004  5.886156225440574E+001
    445  5.483663702694938E-004  5.650985963977887E+001
    544  5.468352503725168E-004  1.037287728441322E+002
   1070  5.456516698612093E-004  1.350535885837313E+002
    117  5.207786397774721E-004  2.915145470361619E+001
      4  5.111306480330440E-004  1.555889535187236E+001
    554  5.067605759019759E-004  1.048978551747549E+002
     69  5.020513548461554E-004  2.667931486079132E+001
    570  5.012820193632391E-004  1.064458450110351E+002
    512  4.955592606004154E-004  6.110465593383906E+001
    423  4.955170403679297E-004  5.491452382822700E+001
     49  4.827755933900870E-004  2.521926711432687E+001
   1020  4.821117999542575E-004  1.308300137670077E+002
    359  4.795640475565771E-004  4.440820660542785E+001
    621  4.737873285723303E-004  1.083828600305560E+002
    303  4.709296107601378E-004  3.891633174738261E+001
    233  4.594681948678051E-004  3.536858076063520E+001
     58  4.563858462823636E-004  2.603619761911758E+001
   1066  4.557443405692904E-004  1.341339055776214E+002
   1045  4.513301064687657E-004  1.322246800166877E+002
    297  4.448346522044623E-004  3.850412000814609E+001
    280  4.322557895429011E-004  3.777070006257392E+001
    667  4.319801595218796E-004  1.098231148083649E+002
    152  4.120069059180524E-004  3.107793476288124E+001
      9  4.119532920091076E-004  1.615282072713023E+001
    251  4.087201783158316E-004  3.670193646720268E+001
    421  4.044098177539889E-004  5.469982084171487E+001
    333  3.965133778618504E-004  4.050570323460023E+001
    600  3.940518993814361E-004  1.078192567961393E+002
    185  3.940419384055139E-004  3.329017879350934E+001
    244  3.913181311631802E-004  3.582009297825139E+001
    650  3.910659344530173E-004  1.090061273622073E+002
     97  3.878018126026025E-004  2.809615145046481E+001
    193  3.827329705170980E-004  3.387383688791338E+001
    430  3.815921308483506E-004  5.544226538226409E+001
     44  3.731009388972767E-004  2.487547588775838E+001
    301  3.690873582979885E-004  3.874125966254066E+001
   1041  3.656288305126684E-004  1.318604688563310E+002
     81  3.539650275161523E-004  2.737831616504717E+001
    609  3.500650477344300E-004  1.080529774194348E+002
    630  3.488806216376129E-004  1.086464564510315E+002
    958  3.464089624955035E-004  1.283326337970340E+002
    266  3.454309318643420E-004  3.763404507858488E+001
    207  3.445750507916801E-004  3.419271829752626E+001
   1069  3.435256048202642E-004  1.347402109836953E+002
   1062  3.408919676852381E-004  1.338537297016246E+002
     31  3.400703563182345E-004  2.349957735236975E+001
    215  3.396218427260543E-004  3.430912489816387E+001
    467  3.355922942328226E-004  5.850070475174659E+001
     39  3.349909202681224E-004  2.419216907562118E+001
    966  3.344892275621374E-004  1.287120665380274E+002
    926  3.257720022712089E-004  1.269935099435139E+002
     28  3.118202156727996E-004  2.303576073275412E+001
    407  3.077941495571194E-004  5.355040632372296E+001
    765  3.063119056446522E-004  1.138034732037320E+002
    708  3.056413583282955E-004  1.116659378913442E+002
   1005  3.030530923075503E-004  1.302961950162389E+002
   1038  3.018075048311694E-004  1.317153469634680E+002
    411  2.999851950464691E-004  5.390414096058870E+001
    300  2.995313311402266E-004  3.871033423098082E+001
    812  2.993270526697021E-004  1.169499526914024E+002
    911  2.990442029451769E-004  1.258968376271585E+002
    997  2.937631504643931E-004  1.300952728722026E+002
      1  2.925937063446616E-004  1.480943860687432E+001
    248  2.918428151199659E-004  3.617742791171408E+001
    617  2.910863948575296E-004  1.082069188907082E+002
    519  2.829992863631423E-004  6.116666091909611E+001
    588  2.809387848913722E-004  1.072780161282308E+002
    298  2.798100807543268E-004  3.860785506393049E+001
    409  2.742406008878230E-004  5.377950655266745E+001
    791  2.732380082386520E-004  1.158399885308925E+002
    952  2.731311700686695E-004  1.282170243378332E+002
    249  2.718689791410649E-004  3.643158917315001E+001
    962  2.706336068932948E-004  1.284190833846668E+002
     86  2.680741569246161E-004  2.760340701365068E+001
     11  2.664392245247482E-004  1.771447447329438E+001
    125  2.625942385978634E-004  2.955205187993630E+001
    308  2.612519282666064E-004  3.924824416979163E+001
    267  2.581940638345120E-004  3.763942844703926E+001
    578  2.564590552901572E-004  1.068696587706935E+002
    585  2.555379339241382E-004  1.071721890576240E+002
    102  2.552878304467546E-004  2.838723287464182E+001
    518  2.541579738156737E-004  6.116565427175681E+001
    211  2.464580880355578E-004  3.422885497659050E+001
    195  2.462015813558645E-004  3.399004655216064E+001
    992  2.459558727482385E-004  1.299169051159237E+002
    302  2.453973517031480E-004  3.874867387838012E+001
     35  2.447390863687949E-004  2.406163852032448E+001
    582  2.446995681245410E-004  1.069886979669129E+002
    259  2.436906113649527E-004  3.731129763636223E+001
    448  2.426412501432621E-004  5.707216855561523E+001
    510  2.424234546060338E-004  6.106496915014706E+001
     90  2.409817246209805E-004  2.792299487571685E+001
    611  2.393451333610895E-004  1.080609110523806E+002
    671  2.384778111241965E-004  1.100461630260976E+002
    258  2.382829709529354E-004  3.725675246841864E+001
    655  2.377887564770491E-004  1.092114390318620E+002
     55  2.368743324919289E-004  2.564739582447731E+001
    379  2.307749671370582E-004  4.610002508350383E+001
     71  2.299589150756184E-004  2.691074291878593E+001
    240  2.293061495408024E-004  3.568815433410965E+001
    604  2.248544024977230E-004  1.078901483894559E+002
    464  2.245005580188201E-004  5.841767339850505E+001
    495  2.234131842982306E-004  5.971063876484735E+001
   1032  2.218497324047917E-004  1.314270448258869E+002
    618  2.187760325194835E-004  1.083041655146542E+002
    453  2.174738997220224E-004  5.734859743017803E+001
     60  2.163011808127107E-004  2.612817271153773E+001
     95  2.144853212551469E-004  2.806113631432304E+001
   1057  2.140159510625728E-004  1.332882698940204E+002
    637  2.127338605305623E-004  1.087708716348475E+002
    875  2.084787149455192E-004  1.206504418490652E+002
    103  2.064187296019428E-004  2.854698030319213E+001
    810  2.054348343329524E-004  1.168542717379606E+002
    402  2.053333105165828E-004  5.323403324336612E+001
    866  2.034414279703206E-004  1.198737679274225E+002
    213  2.022449076384509E-004  3.426923698719692E+001
    142  2.009023019979976E-004  3.011700635419402E+001
    111  1.991695420096038E-004  2.891758955889047E+001
   1024  1.986630234778150E-004  1.310472886139475E+002
    763  1.981090975442243E-004  1.136578287383470E+002
    681  1.965688948118469E-004  1.107150530846271E+002
     80  1.941263154456847E-004  2.737665388114407E+001
    232  1.931812661427061E-004  3.530982942235851E+001
    330  1.919566756911968E-004  4.000719691328421E+001
    970  1.910356425521128E-004  1.288440499253601E+002
    229  1.892516424949703E-004  3.477639317683153E+001
    851  1.842907500922773E-004  1.189105890777936E+002
    919  1.762667164506155E-004  1.264669767465423E+002
    698  1.756397697135375E-004  1.111543499618823E+002
    802  1.745884447715908E-004  1.163074247182627E+002
    983  1.740565085935228E-004  1.293699640118089E+002
    748  1.725683417228973E-004  1.128453459062848E+002
    426  1.725228057039993E-004  5.521112029631625E+001
    783  1.725198615810830E-004  1.155776779712016E+002
    458  1.723799729907523E-004  5.780961640938520E+001
    165  1.720331914348555E-004  3.194792507678593E+001
    312  1.715672790095446E-004  3.940338989709551E+001
    281  1.708890653027123E-004  3.778222215271058E+001
    255  1.706542788398877E-004  3.705801266502003E+001
    516  1.701260802599307E-004  6.114879167768425E+001
    245  1.686093348764956E-004  3.584895809931362E+001
    948  1.679280720961578E-004  1.280530341997139E+002
    376  1.662600364593474E-004  4.578482274843697E+001
    860  1.659766039488091E-004  1.193608179742887E+002
    335  1.656801239987728E-004  4.064698242871874E+001
    683  1.646531214409675E-004  1.107854094171573E+002
     98  1.621848110789175E-004  2.810036398063808E+001
    678  1.617017941794779E-004  1.105298402911861E+002
    659  1.612836415947980E-004  1.093169473413985E+002
     52  1.606818926191942E-004  2.532370304309600E+001
    190  1.596332707814402E-004  3.352213579831744E+001
    202  1.556850464114260E-004  3.414693728338715E+001
    264  1.539159525700097E-004  3.760740200223662E+001
    415  1.523953227021776E-004  5.409773008136273E+001
    446  1.518073442445721E-004  5.657515742254393E+001
    858  1.515993720580339E-004  1.193043137223610E+002
    474  1.497535396382467E-004  5.866520048333617E+001
    615  1.494784518094397E-004  1.081646255451844E+002
    161  1.494078651045481E-004  3.141544799468193E+001
    332  1.492873323901030E-004  4.036182328117159E+001
    385  1.492228569785483E-004  4.744969147605799E+001
   1044  1.457180972885760E-004  1.320835593454495E+002
    380  1.447477877980052E-004  4.621788456267294E+001
    826  1.418306688840356E-004  1.174535409692338E+002
   1067  1.417547030502564E-004  1.341872351276505E+002
     94  1.406447220690248E-004  2.803048707399637E+001
    929  1.392787961367675E-004  1.272324166790593E+002
    928  1.391697363204105E-004  1.271758190169006E+002
    700  1.364040025241802E-004  1.112187707043413E+002
    404  1.323346974708439E-004  5.332919471058649E+001
   1026  1.316176182698821E-004  1.310988308446859E+002
    459  1.311221877979477E-004  5.797524108925945E+001
    984  1.308641739795532E-004  1.293776492189174E+002
     85  1.298542823322077E-004  2.757726243328665E+001
    690  1.290810141355807E-004  1.109553167085971E+002
    716  1.289506668738293E-004  1.119313653155845E+002
    552  1.287748578521512E-004  1.045004516183760E+002
    347  1.265578614612975E-004  4.251894246220620E+001
     66  1.259468563101427E-004  2.653041695388611E+001
   1075  1.249528997463530E-004  1.852007864492208E+002
    294  1.240094198614561E-004  3.844005427068350E+001
    422  1.237798145693329E-004  5.478392604221921E+001
     79  1.226950434606913E-004  2.728143790603452E+001
     20  1.221659802688296E-004  2.146722812704134E+001
    262  1.215192227734866E-004  3.754826259370084E+001
    691  1.204696719931457E-004  1.109942746792360E+002
    536  1.161796585677364E-004  7.244369170766353E+001
    575  1.147291119277088E-004  1.067636975144964E+002
   1047  1.135195563173215E-004  1.324683504365100E+002
    462  1.108592456840554E-004  5.834568949164402E+001
    321  1.095756677753699E-004  3.959878738143280E+001
    282  1.095011288223615E-004  3.781601762519486E+001
    568  1.091416728768338E-004  1.063884322375297E+002
     26  1.053035189601606E-004  2.275577786050195E+001
    472  1.044965639554344E-004  5.860732378330380E+001
    397  1.042666632892550E-004  5.292984574180642E+001
    724  1.040960763053601E-004  1.122474317356576E+002
    853  1.033006828554100E-004  1.189950762444425E+002
    319  1.032831113703359E-004  3.955367029075058E+001
    210  1.023690712450685E-004  3.421873300884823E+001
   1029  1.020410806473537E-004  1.312589073638632E+002
    768  1.016858124304966E-004  1.140511281344195E+002
      3  9.969008496361912E-005  1.530095081680193E+001
   1018  9.960688195421729E-005  1.307425624046459E+002
     46  9.922685582437810E-005  2.508968851186969E+001
    158  9.833051821083685E-005  3.138637587596471E+001
    580  9.817806091528060E-005  1.069063882425304E+002
    566  9.742698374656134E-005  1.060197199307676E+002
    727  9.701102269649374E-005  1.123838421661365E+002
    533  9.649832605727986E-005  6.344214913117692E+001
    517  9.613790882409674E-005  6.116283191518230E+001
    112  9.593206212509300E-005  2.893182478938967E+001
    131  9.476492686316706E-005  2.976719894627799E+001
   1021  9.228683808895204E-005  1.308784400027895E+002
   1034  9.083184868467435E-005  1.314975717016592E+002
    780  8.982654744943162E-005  1.153482258688003E+002
    924  8.966642925505100E-005  1.267645350898773E+002
    918  8.961673262222130E-005  1.263810693695273E+002
    241  8.936946716889097E-005  3.573178726353736E+001
    191  8.928506325373306E-005  3.372798248811258E+001
    182  8.616638605609218E-005  3.313118961536368E+001
    774  8.547970491382715E-005  1.147299018357027E+002
   1001  8.527439394871250E-005  1.301907504163165E+002
    194  8.521415645295929E-005  3.388123191050668E+001
    151  8.408936967599019E-005  3.097448214004631E+001
    320  8.372209743502912E-005  3.958466091098631E+001
    890  8.300145172838221E-005  1.222269695705770E+002
    238  8.293515322629225E-005  3.562010162214489E+001
    348  8.291666327616563E-005  4.278252907839931E+001
     74  8.161992302214596E-005  2.706787664592100E+001
    831  8.025802450550611E-005  1.175849164822640E+002
    898  7.991433645668110E-005  1.236287338505038E+002
     63  7.973658330278301E-005  2.633691355837915E+001
    396  7.918708838963918E-005  5.292259014309509E+001
    133  7.875811996895044E-005  2.980777525245198E+001
    199  7.732819711676047E-005  3.411214171315592E+001
    871  7.714123657311227E-005  1.204638135739833E+002
    327  7.686321380342467E-005  3.980649710729982E+001
    322  7.582387282299511E-005  3.962934885257222E+001
    870  7.554116267784706E-005  1.203621491035894E+002
    756  7.526123230684409E-005  1.131019348749128E+002
    832  7.462134671045882E-005  1.176150872586579E+002
    808  7.421155376011214E-005  1.166438640424820E+002
    865  7.366614203332345E-005  1.195233182598442E+002
    666  7.253682334842622E-005  1.096961217429448E+002
    649  7.250301590953527E-005  1.089557122086210E+002
    702  7.229222840662028E-005  1.112791472783473E+002
    697  7.222067379926604E-005  1.111168086390436E+002
    346  7.171591895491623E-005  4.251353138364797E+001
    183  7.149358345440466E-005  3.317747871488443E+001
    434  7.028566841363345E-005  5.556859477681133E+001
    950  7.014754416498398E-005  1.281356928004739E+002
    219  6.952501925636611E-005  3.435584966495736E+001
    148  6.950598682916353E-005  3.055713011308698E+001
    367  6.890632077203017E-005  4.546665367422378E+001
    299  6.886479155397759E-005  3.861147003050849E+001
    115  6.882896533594865E-005  2.908676806680809E+001
    503  6.880052070129602E-005  6.062899617907863E+001
    532  6.864954247600571E-005  6.299204701993657E+001
    188  6.862934698864241E-005  3.343297855491465E+001
     41  6.765378587465842E-005  2.434332602389209E+001
     36  6.747817372029034E-005  2.408548968715760E+001
    883  6.654361745197101E-005  1.212822283474710E+002
    730  6.572206704162830E-005  1.124678820560711E+002
    675  6.571451096360400E-005  1.101932688761904E+002
    273  6.563205041900516E-005  3.771236202405859E+001
    438  6.410971230908883E-005  5.568774314714533E+001
    177  6.270058070856859E-005  3.286305119332699E+001
    106  6.260183542605777E-005  2.873147041157064E+001
    400  6.260052560462287E-005  5.304406357850599E+001
    143  6.206216243914653E-005  3.021552765862468E+001
    988  6.169376892726264E-005  1.295230022337254E+002
    687  6.107209665755991E-005  1.108477970364615E+002
    295  6.067658934633100E-005  3.844649820311862E+001
    331  6.054453392148083E-005  4.033978069592825E+001
    623  5.989108267662838E-005  1.084311616311891E+002
    180  5.932818757088310E-005  3.306959511625761E+001
    155  5.925078117801509E-005  3.129077640287002E+001
   1055  5.869850256749336E-005  1.332315483337306E+002
    836  5.869353394799822E-005  1.177792466123822E+002
    109  5.844261230856455E-005  2.888359254004277E+001
    118  5.819712094282219E-005  2.927665934202001E+001
    486  5.718999164907434E-005  5.898078655703418E+001
    351  5.644204248288369E-005  4.290814690346715E+001
    635  5.624995341961682E-005  1.087402789130293E+002
     92  5.608917097859202E-005  2.796966533379813E+001
    873  5.599653999447790E-005  1.205400953636918E+002
    311  5.599651779597206E-005  3.939193935233331E+001
     22  5.547398249048097E-005  2.149928230079738E+001
    270  5.466765023254374E-005  3.767493462479421E+001
    138  5.459006367535732E-005  2.998810658959070E+001
     59  5.442125520548034E-005  2.608228483109795E+001
    960  5.398616899474811E-005  1.283710541965592E+002
    113  5.358670291421161E-005  2.894608485543543E+001
    587  5.312319853793997E-005  1.072564562863978E+002
    916  5.308069357658431E-005  1.261858055404796E+002
    694  5.285252571843667E-005  1.110208923005156E+002
     70  5.165745449278686E-005  2.683332853591699E+001
     76  5.140490135821884E-005  2.719040433196805E+001
    843  5.132147241769562E-005  1.181049125326048E+002
    316  5.104917425543475E-005  3.947722492082590E+001
    530  5.047990536952820E-005  6.265828803408258E+001
   1031  5.045153203142050E-005  1.313824495210718E+002
   1059  5.016754940313203E-005  1.335352794510990E+002
    475  5.009497301731127E-005  5.870955367754343E+001
    218  4.975143322992359E-005  3.434087154455664E+001
    349  4.936753018733808E-005  4.279212686889406E+001
    394  4.926417082095485E-005  5.275338077531283E+001
   1039  4.925108460974414E-005  1.317789778316224E+002
    341  4.799340505202389E-005  4.207899368185591E+001
    879  4.749295206532934E-005  1.208628531744268E+002
    101  4.703516672196712E-005  2.816121926613436E+001
    481  4.686683583108813E-005  5.889564718758225E+001
    156  4.636978689442722E-005  3.133959801814033E+001
    737  4.625034555288479E-005  1.125716601108342E+002
    355  4.577971357465632E-005  4.365668409738398E+001
    760  4.575046907187784E-005  1.133648679091437E+002
    599  4.574758810744499E-005  1.077354408464688E+002
     40  4.569190857778620E-005  2.429142631572386E+001
    824  4.566495984330622E-005  1.173851057796732E+002
    246  4.540095697638767E-005  3.612200287477440E+001
    477  4.530981737316088E-005  5.875439662154096E+001
    357  4.524786887733372E-005  4.413715889769129E+001
    429  4.434121416689742E-005  5.542704693693687E+001
    803  4.384778884442900E-005  1.163959410830473E+002
    206  4.382396637600761E-005  3.418711639611698E+001
    789  4.380057388720244E-005  1.157939903252585E+002
    265  4.337652375217830E-005  3.762418150997995E+001
    746  4.333654803103979E-005  1.128150956859242E+002
   1008  4.326113743055538E-005  1.304054287055121E+002
    352  4.310843696099930E-005  4.345183818831803E+001
    745  4.275889454491521E-005  1.127541380335163E+002
    256  4.269297299735869E-005  3.708485200545782E+001
    420  4.222347997933855E-005  5.464265012038360E+001
    555  4.183240372812444E-005  1.049505825405343E+002
    545  4.154728879336821E-005  1.038885725205099E+002
   1006  4.143987792509460E-005  1.303473844140781E+002
    838  4.139421771939064E-005  1.178077045912047E+002
    738  4.114963624449607E-005  1.126248828969786E+002
    444  4.049921311539671E-005  5.640873014994138E+001
    550  4.017158873423143E-005  1.044255141670578E+002
    104  4.008642677920027E-005  2.863475114667724E+001
    602  4.007096887674477E-005  1.078335831208874E+002
    456  3.989591823379706E-005  5.758475825352298E+001
    487  3.975044774232331E-005  5.901096182276392E+001
    535  3.921063305241105E-005  7.234684016852472E+001
     57  3.917631290887519E-005  2.601044601303876E+001
    340  3.907320381659064E-005  4.203744443197692E+001
     62  3.904314874051972E-005  2.630569023157911E+001
    315  3.900513691876202E-005  3.946262277995078E+001
    134  3.895798416132959E-005  2.989081555609098E+001
     73  3.888210369204223E-005  2.704395448663374E+001
    221  3.874962363946641E-005  3.444064242877499E+001
    854  3.836556642268187E-005  1.190938927222375E+002
    369  3.828401436745719E-005  4.556664797594529E+001
    425  3.824128221874384E-005  5.512885982268182E+001
    377  3.821045441491490E-005  4.580996274485975E+001
    954  3.820511876451702E-005  1.282848493157465E+002
    120  3.818798397966003E-005  2.935022978395871E+001
      6  3.817314891938337E-005  1.593905863128156E+001
    145  3.786467073554036E-005  3.035386176419680E+001
    338  3.779448486687171E-005  4.143596746217444E+001
    531  3.778023149766826E-005  6.280622541285696E+001
    480  3.777522188771272E-005  5.887142017505539E+001
    673  3.756149900882694E-005  1.101090602242966E+002
    534  3.745978495237612E-005  6.352992396574133E+001
    261  3.669459281810629E-005  3.751537038816641E+001
    742  3.628550371338099E-005  1.126546326383816E+002
    895  3.605041291602115E-005  1.231922658586809E+002
    522  3.600728546982619E-005  6.189501394570030E+001
    310  3.596479915585415E-005  3.933560718805473E+001
    292  3.584640422298555E-005  3.837765227419467E+001
    981  3.570266559125164E-005  1.292686845988868E+002
    877  3.568472439615082E-005  1.207635072396237E+002
     43  3.545654182553016E-005  2.485090944939308E+001
    991  3.531480632567690E-005  1.298309517843196E+002
    525  3.444436095564473E-005  6.201689187624501E+001
     21  3.433501115479137E-005  2.149552581175353E+001
    917  3.419850728694738E-005  1.262583151256411E+002
    398  3.403824064939405E-005  5.298968704937109E+001
     84  3.401654528920514E-005  2.748397341497807E+001
    110  3.359754308968037E-005  2.890337161783228E+001
    389  3.345157653629800E-005  4.924612888004685E+001
    337  3.278309945768851E-005  4.125439580477820E+001
    725  3.229004694370293E-005  1.122622575126908E+002
    184  3.219178323732794E-005  3.328145954751520E+001
    306  3.152363625226768E-005  3.922583615449084E+001
    913  3.145868298230933E-005  1.260963173315474E+002
    507  3.143402860718831E-005  6.098134465730102E+001
    105  3.128316291500062E-005  2.872870804936272E+001
    471  3.115399539629275E-005  5.859921299406331E+001
    884  3.078474438671353E-005  1.212913619330936E+002
    403  3.064227797513021E-005  5.332276567118551E+001
     99  3.060108611188444E-005  2.813215700322161E+001
    237  3.055170955966538E-005  3.561350513334219E+001
     89  3.033744831899202E-005  2.787565477396676E+001
    417  3.024330201142432E-005  5.432386496665636E+001
    382  3.010764200505324E-005  4.661435463500721E+001
    989  3.010708982567892E-005  1.296856498562064E+002
    706  2.983310837852272E-005  1.115644797142602E+002
    268  2.968675403619536E-005  3.765614789507087E+001
     93  2.957267072780077E-005  2.801831476528660E+001
    835  2.950178087011497E-005  1.176766134664512E+002
    717  2.885766360839432E-005  1.119901298340990E+002
    132  2.871294611633493E-005  2.978147182311027E+001
   1061  2.867618118500495E-005  1.338239896777959E+002
    433  2.821243530555528E-005  5.552394895078822E+001
    372  2.811777202556033E-005  4.569660817760900E+001
    561  2.809901509595980E-005  1.057823475786052E+002
    465  2.783497696330536E-005  5.845233409136720E+001
    449  2.773177731902317E-005  5.713782918039372E+001
    488  2.772718820590853E-005  5.904214899548738E+001
    413  2.746698393019750E-005  5.407796767412047E+001
    632  2.719948441451329E-005  1.086732063917954E+002
    119  2.718506064164228E-005  2.929038281335912E+001
     10  2.716791249410247E-005  1.630017574824609E+001
    892  2.657379930205586E-005  1.223146913863671E+002
    253  2.650980911339776E-005  3.690338042035397E+001
    336  2.644178145495700E-005  4.106442919982931E+001
    163  2.624815144374471E-005  3.148605603035891E+001
    513  2.612384607489460E-005  6.111701004965728E+001
     53  2.595508046164776E-005  2.532427500710937E+001
     77  2.590561047231795E-005  2.720977418778346E+001
    205  2.578293794990596E-005  3.418138862993963E+001
    324  2.578085257684525E-005  3.965813849875591E+001
    825  2.525153258074750E-005  1.174155068731360E+002
    271  2.505360083922384E-005  3.769377629908810E+001
    592  2.471615428422695E-005  1.074010896433819E+002
    174  2.456016502715065E-005  3.277024257542895E+001
    150  2.453007644716528E-005  3.095380367517388E+001
   1009  2.447636846333350E-005  1.304609142394732E+002
    972  2.441928677953725E-005  1.289491342298440E+002
    288  2.417552956546917E-005  3.825168870868715E+001
    848  2.416444833069064E-005  1.185512117490796E+002
    565  2.404929202517364E-005  1.059848591127986E+002
    515  2.403938962712299E-005  6.113166482037749E+001
    795  2.399032502748229E-005  1.159446042090269E+002
    762  2.389956408330657E-005  1.134504722361933E+002
    196  2.384318030423869E-005  3.402217963204272E+001
    278  2.371608356067960E-005  3.775225448216675E+001
    844  2.354487743747506E-005  1.182236522024691E+002
    979  2.342966682127299E-005  1.292073280791942E+002
    239  2.341902602872801E-005  3.564788119351169E+001
    360  2.334129819278231E-005  4.501412031898634E+001
     14  2.291899427430128E-005  2.047451167645159E+001
    197  2.278132233084794E-005  3.407091137263039E+001
     34  2.271338234037137E-005  2.394870774261297E+001
     78  2.226406903195216E-005  2.724001953302053E+001
    343  2.178154503000871E-005  4.223776350771931E+001
    130  2.173167157027014E-005  2.969026097336859E+001
    317  2.162697494597339E-005  3.952108816795088E+001
    214  2.152706276793416E-005  3.429158842681225E+001
     30  2.119135338807020E-005  2.339033246897357E+001
    484  2.100069616081649E-005  5.894622531819898E+001
    126  2.076799790026108E-005  2.957864372821811E+001
    275  2.065012007201892E-005  3.771871208633355E+001
    712  2.042473198000754E-005  1.118479116964762E+002
    344  2.034410549388071E-005  4.229281490750487E+001
    461  2.033904936343986E-005  5.832169084274378E+001
    374  2.008702115182286E-005  4.576894168844035E+001
    365  1.990155994490515E-005  4.540196146988517E+001
    432  1.978676334688316E-005  5.551253331854516E+001
    672  1.972916184084470E-005  1.100523893058521E+002
    408  1.966626853691473E-005  5.368647704938994E+001
    573  1.944699080651144E-005  1.066520968004064E+002
    492  1.919367443577143E-005  5.919740097208313E+001
    277  1.914987908637346E-005  3.774405278528796E+001
    189  1.906015556694695E-005  3.348575581421191E+001
    144  1.904440694233458E-005  3.023024488043693E+001
    290  1.895877427481429E-005  3.834059039797889E+001
    822  1.879348893151630E-005  1.173379890193997E+002
    907  1.866159004641936E-005  1.254774984052440E+002
     67  1.848107958910333E-005  2.663955326886673E+001
   1036  1.842387053584712E-005  1.315563975924429E+002
    386  1.817065253975659E-005  4.778448827008048E+001
    121  1.815952109271059E-005  2.937009161569695E+001
    116  1.801290583008663E-005  2.910094471225916E+001
    977  1.794180260809711E-005  1.291448023039548E+002
    577  1.789426605267272E-005  1.068269012623950E+002
    305  1.764467528549955E-005  3.919092577852600E+001
    777  1.756613635811504E-005  1.150636811545726E+002
    684  1.751470897586263E-005  1.108055531440044E+002
    542  1.731496825748809E-005  1.021380905135569E+002
    473  1.730141788399899E-005  5.864875851961727E+001
    944  1.723517392110010E-005  1.278264506290159E+002
    212  1.712573421261097E-005  3.425448747044050E+001
    201  1.691884786339663E-005  3.413905621996786E+001
   1046  1.691326783407261E-005  1.322741703884410E+002
    247  1.654640302876269E-005  3.613855018049320E+001
    285  1.626412668091538E-005  3.794670187788559E+001
    226  1.622250601120763E-005  3.460914941435140E+001
    437  1.615492102740003E-005  5.567668099873953E+001
    176  1.612529701621720E-005  3.283702642513862E+001
    560  1.606599230276693E-005  1.057397922085461E+002
    502  1.602980512983108E-005  6.033057478557798E+001
     68  1.596763222588760E-005  2.665958995788216E+001
    309  1.596183134096900E-005  3.929268620446922E+001
     65  1.587000515233150E-005  2.645533186342116E+001
    584  1.583261430713346E-005  1.071415131646536E+002
    289  1.576577586857705E-005  3.832422991649202E+001
    164  1.565808754319258E-005  3.156123118588701E+001
    576  1.541656142816720E-005  1.068188420241767E+002
    159  1.535968894548322E-005  3.140014259635325E+001
    451  1.502666661824188E-005  5.726939793781466E+001
    234  1.491483037101372E-005  3.541632958107625E+001
     13  1.486739653168364E-005  2.038781372204352E+001
    861  1.476370785008042E-005  1.193618968506130E+002
    579  1.472156879947233E-005  1.068810185812333E+002
    785  1.464070251115995E-005  1.156515149006221E+002
    631  1.463493657851109E-005  1.086593678715634E+002
   1022  1.458711711530649E-005  1.309570316227355E+002
    187  1.450579828789373E-005  3.338593491458187E+001
    583  1.434866445592831E-005  1.070323413352247E+002
    639  1.425626947886411E-005  1.087924757147032E+002
    370  1.423053013749177E-005  4.562254251008403E+001
    564  1.398160597363320E-005  1.059223740174141E+002
    168  1.393378006332752E-005  3.223239881301075E+001
    230  1.363980807356468E-005  3.507000892128892E+001
    553  1.361854615577004E-005  1.045844149005738E+002
    476  1.353688713484588E-005  5.874284760292872E+001
    680  1.343952360143882E-005  1.106808485277705E+002
    807  1.331842882314961E-005  1.166040027024774E+002
    287  1.300635676455268E-005  3.806334999222836E+001
    257  1.297381642275133E-005  3.716053985696894E+001
    559  1.275707036580970E-005  1.054467335457494E+002
     96  1.275254438880589E-005  2.807603105873968E+001
    313  1.259821622057085E-005  3.941220320488696E+001
    781  1.257594607612197E-005  1.155015502370288E+002
     15  1.251153859966510E-005  2.077312965636918E+001
    894  1.240389753899442E-005  1.226855190700912E+002
    930  1.239823780016472E-005  1.272550109882912E+002
    339  1.236159734759600E-005  4.199721405536648E+001
    416  1.232501412231401E-005  5.412105627361211E+001
    514  1.230905049524408E-005  6.112143562944963E+001
    491  1.221139354250440E-005  5.916484178919298E+001
    973  1.207938761187977E-005  1.290303348922233E+002
    528  1.190941946331906E-005  6.211763689923020E+001
    356  1.180651305093649E-005  4.399929676237998E+001
    254  1.173907314392086E-005  3.696870162494890E+001
    147  1.169818472461425E-005  3.045498909450352E+001
    149  1.167509567645172E-005  3.064428879965062E+001
    334  1.146270689374370E-005  4.055961280242965E+001
    361  1.115277011854574E-005  4.509188248244521E+001
    401  1.102828061976490E-005  5.310952948046032E+001
    574  1.101789075203351E-005  1.067089856517616E+002
     75  1.090256017131095E-005  2.717284531466260E+001
    375  1.086299015960711E-005  4.577921754207221E+001
   1073  1.078620715846110E-005  1.355646294676644E+002
    128  1.049789365581072E-005  2.964876822252022E+001
    137  1.041566534442195E-005  2.996307755422044E+001
    169  1.028370855314863E-005  3.225245008090104E+001
   1063  1.014011779698251E-005  1.338610239777397E+002
    940  1.012902119538150E-005  1.277053477702196E+002
    821  1.005508240753120E-005  1.173213489801490E+002
    676  9.970890376001585E-006  1.102968009656115E+002
    328  9.835697950213342E-006  3.982877398686839E+001
    192  9.780970610678110E-006  3.373139183933635E+001
    605  9.738849219892914E-006  1.079476682950407E+002
    157  9.732690790036786E-006  3.136040875348826E+001
    171  9.522572742044978E-006  3.251692712246987E+001
    393  9.512304546110239E-006  5.117422678475859E+001
    170  9.386823145710850E-006  3.240864442722207E+001
    994  9.264553209616147E-006  1.299886393654431E+002
    135  9.123496912416499E-006  2.990996926970350E+001
    640  9.106304092769714E-006  1.088027953187827E+002
   1065  8.804424772901664E-006  1.340986810838602E+002
    136  8.724234211929710E-006  2.995197020395121E+001
    741  8.694453274322458E-006  1.126383251241469E+002
    590  8.610444175590764E-006  1.073381491314167E+002
    567  8.567600033389028E-006  1.061175767374582E+002
     83  8.549739316314466E-006  2.745200449399356E+001
    899  8.497807552845402E-006  1.237750393258326E+002
    203  8.455473450221322E-006  3.415596231316062E+001
    784  8.326884059013640E-006  1.156115101864969E+002
    782  8.199015766764104E-006  1.155663554633046E+002
    663  8.168734503915796E-006  1.095408569103236E+002
    364  8.161930610069555E-006  4.528995878587361E+001
    967  8.151464851217972E-006  1.287730879251822E+002
    490  7.925573208427038E-006  5.909746584665749E+001
     16  7.784815750831449E-006  2.083990463296455E+001
    921  7.717985733362834E-006  1.266347372507485E+002
    880  7.707252470466362E-006  1.209811659012211E+002
     88  7.605650003653376E-006  2.776495450944637E+001
    450  7.602452613013180E-006  5.723022636777802E+001
    751  7.452989454915832E-006  1.129352725370382E+002
   1014  7.396306611745024E-006  1.306579532637773E+002
    496  7.357234561209344E-006  5.977778544840232E+001
    947  7.328898653352907E-006  1.280025795512814E+002
    173  7.308278126466362E-006  3.267731285541730E+001
     47  7.255480403845981E-006  2.514695584094496E+001
    887  7.185323476868745E-006  1.215278324822884E+002
    597  7.106844945822309E-006  1.076362394255561E+002
    154  7.069468499324320E-006  3.128025029310897E+001
    558  7.028688071863775E-006  1.054235904423783E+002
    231  6.979143850390078E-006  3.529195130720404E+001
   1051  6.840924580898256E-006  1.330173846663143E+002
    181  6.631602913207200E-006  3.309588236011395E+001
   1050  6.554107612524562E-006  1.326682006609648E+002
    797  6.427952901051059E-006  1.161224071144865E+002
   1013  6.311955706740578E-006  1.306191025791559E+002
    661  6.275717313165433E-006  1.094040232551639E+002
    852  6.200226662357671E-006  1.189308904937423E+002
   1071  6.197835871993939E-006  1.353191143310252E+002
    571  6.107631416471887E-006  1.065760725477823E+002
    269  6.066831303584973E-006  3.766609016559832E+001
    209  6.045227635306600E-006  3.420776675567321E+001
    938  5.952778496736386E-006  1.276246332177813E+002
    656  5.923080516149096E-006  1.092383325553483E+002
    800  5.879476103313141E-006  1.161811067685375E+002
    371  5.872740129004170E-006  4.567834615857563E+001
    616  5.828797139175469E-006  1.081902144651443E+002
    651  5.824347866636395E-006  1.090123807306586E+002
   1004  5.822365780130243E-006  1.302828791464404E+002
    693  5.802421942266169E-006  1.110198391814811E+002
    896  5.779770215296945E-006  1.231967026860033E+002
    669  5.601465148933893E-006  1.098991161820264E+002
    283  5.573237034552934E-006  3.781664732037148E+001
    279  5.528478594630678E-006  3.776291602598710E+001
    383  5.364392061293750E-006  4.665506804468283E+001
    220  5.175765580020403E-006  3.440936379612124E+001
    447  5.165004309353928E-006  5.692641404400948E+001
    354  5.120834455463183E-006  4.358717802496741E+001
    172  5.105745503753493E-006  3.254695536480502E+001
    859  5.095467875531954E-006  1.193117826572047E+002
    975  5.087158977509149E-006  1.290479361570385E+002
    406  5.065556057872375E-006  5.347162595814701E+001
    643  4.985372446972155E-006  1.088529165631816E+002
    260  4.968965037003460E-006  3.745846822965304E+001
    999  4.902468979899487E-006  1.301340763851820E+002
    153  4.776282693010128E-006  3.119128674334460E+001
    910  4.757034988752647E-006  1.258349422363612E+002
     87  4.720293594301325E-006  2.773505635732142E+001
    325  4.690530775377618E-006  3.979678053884171E+001
    674  4.665114979907394E-006  1.101627157855635E+002
    242  4.654146570221037E-006  3.575330164903793E+001
    905  4.605834289723689E-006  1.252963463377060E+002
    923  4.543338583976120E-006  1.267345977181097E+002
    909  4.525628173328802E-006  1.256671150468244E+002
    787  4.458489996085923E-006  1.157066821730262E+002
    955  4.430604842190669E-006  1.283043098504922E+002
   1002  4.401403668509925E-006  1.301955720736593E+002
    863  4.382109683564232E-006  1.194780899982511E+002
    642  4.368100198190480E-006  1.088349318990273E+002
    167  4.353677276320426E-006  3.206734480721192E+001
    786  4.333483027191155E-006  1.156679892855772E+002
     91  4.156464494607313E-006  2.795709450840539E+001
    208  4.144596825281171E-006  3.420400517096608E+001
    541  4.102830001800643E-006  1.020561485810812E+002
    995  4.065150404863422E-006  1.300556822463785E+002
    252  4.062779127259033E-006  3.681481496629917E+001
    594  4.018598535697931E-006  1.075267994995216E+002
    598  3.923193612632062E-006  1.077082259858063E+002
    538  3.855952180568151E-006  8.801939400846273E+001
    373  3.848666277969957E-006  4.573517441489172E+001
    845  3.811710292000929E-006  1.182722434309271E+002
    990  3.805824681065672E-006  1.297249883032466E+002
    272  3.787983335048757E-006  3.770876893490352E+001
    314  3.783092079464663E-006  3.944402428691944E+001
    307  3.773714517000778E-006  3.924418415703018E+001
    816  3.729916323117974E-006  1.170854692244173E+002
    366  3.710262264699497E-006  4.541480133184800E+001
    886  3.667518203362184E-006  1.214498350996194E+002
    815  3.667410708374933E-006  1.170844697210597E+002
    414  3.643564795716482E-006  5.408443269732371E+001
    668  3.629039621961666E-006  1.098358517134249E+002
    216  3.624056674593042E-006  3.431915233475488E+001
    323  3.580731516376043E-006  3.963162035223775E+001
    679  3.530036665414755E-006  1.106299731616480E+002
    638  3.524114746990561E-006  1.087773663504995E+002
    204  3.457234788883056E-006  3.416741852472765E+001
    368  3.438129300499237E-006  4.552075151204606E+001
   1068  3.419890741216274E-006  1.342139437973118E+002
    274  3.378615230057384E-006  3.771469066363962E+001
    761  3.377420455665907E-006  1.134019555363662E+002
    162  3.365624220526831E-006  3.142013005221356E+001
    601  3.321889829400832E-006  1.078222216339937E+002
    139  3.274929198016263E-006  3.001327528760398E+001
    291  3.263905650009991E-006  3.834865717601958E+001
    776  3.196986344193173E-006  1.150535509847603E+002
    123  3.179174786768783E-006  2.945706723223188E+001
    711  3.153121885036181E-006  1.117833092223069E+002
    753  3.149772471757086E-006  1.130399909728984E+002
    227  3.121693756996912E-006  3.461221107986133E+001
    608  3.106278575179608E-006  1.080310773431174E+002
    985  3.092300913604506E-006  1.294454523269476E+002
    793  3.088737803170510E-006  1.158943894419280E+002
    677  3.087607700303304E-006  1.104103779431708E+002
    645  3.062483491926429E-006  1.088758352374567E+002
    943  2.985778857725348E-006  1.278255860865938E+002
    200  2.983495688520123E-006  3.413076352937113E+001
    987  2.953168137896079E-006  1.295218650079724E+002
    596  2.924838859792069E-006  1.076305596761092E+002
     25  2.891367801986374E-006  2.268285797328677E+001
    350  2.820984176798384E-006  4.287084402122760E+001
    936  2.819945154108022E-006  1.275963114471066E+002
    986  2.811778487649555E-006  1.294778988001748E+002
   1015  2.752810236693303E-006  1.306693309857935E+002
    511  2.748653697931882E-006  6.108291035790679E+001
    457  2.738532544066011E-006  5.770039153165104E+001
    225  2.723632326236512E-006  3.458265676939745E+001
    732  2.704037177171524E-006  1.124809932511083E+002
    556  2.682874108246236E-006  1.053074591696642E+002
   1010  2.675722613365255E-006  1.305150376372933E+002
    692  2.619896401675981E-006  1.109991362888409E+002
    703  2.589042869138401E-006  1.113359924967504E+002
    595  2.546913286254137E-006  1.075727311228692E+002
    345  2.542892935052121E-006  4.248475366295001E+001
    688  2.540848526746724E-006  1.108652117541332E+002
    441  2.505217691063417E-006  5.602297434426368E+001
    862  2.466224288554170E-006  1.194326389788892E+002
    629  2.454972255737540E-006  1.086436456014825E+002
    869  2.451010578004641E-006  1.201465244096069E+002
    769  2.433454673561474E-006  1.141494817506874E+002
    695  2.380031724824881E-006  1.110404578737834E+002
    893  2.316180113735292E-006  1.225899968537864E+002
    435  2.261819467609361E-006  5.559833163642786E+001
    770  2.239241901783533E-006  1.141655133118217E+002
    796  2.213664555542496E-006  1.160406419035091E+002
    710  2.203359579614338E-006  1.117114283703663E+002
    686  2.187292938716033E-006  1.108321598991433E+002
    696  2.180801183508581E-006  1.111110130672436E+002
    901  2.170114447763805E-006  1.246352700151236E+002
    506  2.136825564077932E-006  6.092479484159845E+001
    968  2.127390281638228E-006  1.287893908307005E+002
    499  2.122295231318857E-006  6.010190034988052E+001
    439  2.107901293237328E-006  5.581771077364913E+001
    470  2.092965627099387E-006  5.858950887133865E+001
    945  2.057494244145667E-006  1.278945431870569E+002
    993  2.053186896118891E-006  1.299638892136509E+002
    713  2.048075015111492E-006  1.118750446375970E+002
    107  2.040973178414895E-006  2.880093649968087E+001
    648  2.029208216953581E-006  1.089328290594756E+002
    296  2.025712210739347E-006  3.847026909032138E+001
    612  2.016684746949906E-006  1.080838271474082E+002
    124  2.007938725630322E-006  2.953039329658957E+001
    878  2.001649690102702E-006  1.208553192243232E+002
    529  1.987990237235779E-006  6.213305424318654E+001
    657  1.967589564767753E-006  1.092680437977900E+002
    391  1.878451831955408E-006  4.935295074539214E+001
    670  1.876358696772736E-006  1.099218253642219E+002
    469  1.865668199416269E-006  5.857260373695996E+001
    996  1.861816654249020E-006  1.300741546440489E+002
    798  1.855348154877333E-006  1.161233232814441E+002
    641  1.786514032890842E-006  1.088136450829588E+002
    847  1.774795843320394E-006  1.183795327778256E+002
    160  1.773297360933066E-006  3.140287364756382E+001
    719  1.765567058947526E-006  1.120361196403708E+002
     42  1.733347686018138E-006  2.442065503900721E+001
    868  1.731603487976477E-006  1.199994649602093E+002
    927  1.712671855971373E-006  1.271118445081471E+002
    589  1.695583545939033E-006  1.073243551551986E+002
    410  1.695313787993620E-006  5.380004782230375E+001
    647  1.681572835939526E-006  1.089204596390746E+002
    466  1.605812086683675E-006  5.848631456847294E+001
    790  1.600742582121227E-006  1.158127479939932E+002
    935  1.589270366542476E-006  1.274477748704804E+002
   1030  1.557934161865734E-006  1.313677884464318E+002
    709  1.514727388007575E-006  1.116986555393093E+002
    743  1.506242448898454E-006  1.126739704882794E+002
    828  1.498532434705468E-006  1.175132070682912E+002
    179  1.457364138064233E-006  3.301071504933698E+001
    664  1.456793559847095E-006  1.095868237421283E+002
   1043  1.452183522331718E-006  1.320181582363304E+002
    493  1.452135879248533E-006  5.956939432616837E+001
    586  1.445840277631216E-006  1.072414988471015E+002
    235  1.445097046235083E-006  3.553329683850696E+001
    685  1.434872492718956E-006  1.108208915724099E+002
     50  1.426901456579318E-006  2.524792740229145E+001
   1035  1.383688013329740E-006  1.315022364948826E+002
    399  1.355993197792578E-006  5.300117686152819E+001
    607  1.329804613423835E-006  1.079782277499060E+002
    707  1.309070620888124E-006  1.116484954290111E+002
    755  1.270859267085965E-006  1.130537195644052E+002
    146  1.266963164404508E-006  3.038455959742199E+001
    378  1.258721425931686E-006  4.609481655347708E+001
    951  1.204738328868947E-006  1.282127111215003E+002
    900  1.202864070944262E-006  1.240255399934555E+002
    964  1.185471951079855E-006  1.284811881676410E+002
    974  1.183033168195432E-006  1.290391941684268E+002
    699  1.173230705425136E-006  1.111753891148923E+002
   1054  1.169245694739149E-006  1.332101619260334E+002
    749  1.166351397565529E-006  1.128862829609149E+002
    508  1.136518055861867E-006  6.101348113010317E+001
    915  1.119962142314234E-006  1.261627872997085E+002
    799  1.079997335502003E-006  1.161655148393659E+002
    362  1.066668275874175E-006  4.520209191521082E+001
    636  1.061838323049960E-006  1.087412284437008E+002
     19  1.038200145002219E-006  2.137958735177528E+001
    276  9.775729807821989E-007  3.774173651101562E+001
    718  9.754860088411849E-007  1.120307816427976E+002
    736  9.748202851634271E-007  1.125700463249535E+002
    141  9.614446637936950E-007  3.005205957969120E+001
    942  9.572147367687557E-007  1.277896527703618E+002
    129  9.538088362240402E-007  2.967722940199728E+001
    634  9.348287821511053E-007  1.087110579745548E+002
    424  9.003006372666927E-007  5.504400290817051E+001
     61  8.982083460994177E-007  2.623624111749398E+001
    846  8.978777026150613E-007  1.183733977129572E+002
    809  8.819220884788857E-007  1.168273457040169E+002
    520  8.769273500017247E-007  6.117519869664547E+001
    122  8.621070149998482E-007  2.942821875092930E+001
    856  8.307798981209913E-007  1.192407591408727E+002
   1076  7.901961546846095E-007  1.858411948136732E+002
    811  7.736766799420796E-007  1.169131613251637E+002
    779  7.681807354013763E-007  1.153237642854880E+002
    224  7.656897686838046E-007  3.456258153743839E+001
    610  7.583262378194564E-007  1.080548791140610E+002
    934  7.491954349830773E-007  1.274026915475210E+002
    714  7.419820837919771E-007  1.118865310298163E+002
   1017  7.374534709895109E-007  1.307020085696559E+002
    817  7.287084868532307E-007  1.171745914510001E+002
    773  7.031639481182825E-007  1.146041296786391E+002
   1049  7.029333075920318E-007  1.325964910892840E+002
    625  6.872934408684112E-007  1.084878781680722E+002
    840  6.700052138991239E-007  1.179674198090055E+002
    933  6.695823105581516E-007  1.272967505112425E+002
    814  6.646653854255060E-007  1.170571282096026E+002
    353  6.512816158234446E-007  4.354452657935016E+001
    665  6.431105224270356E-007  1.096195054263975E+002
    521  6.426616471248832E-007  6.120499406654021E+001
    857  6.391209578353587E-007  1.192977858717030E+002
    646  6.361964512095408E-007  1.089039652974663E+002
    619  6.237426539187778E-007  1.083262496248409E+002
   1033  6.135141996222935E-007  1.314921549657209E+002
    772  6.084280058963969E-007  1.144444014986270E+002
    827  6.078681603617091E-007  1.174913134466901E+002
    624  6.061165091311154E-007  1.084534043855216E+002
    733  6.028518703380579E-007  1.125211996768446E+002
    509  5.778066508388699E-007  6.104665142125116E+001
    759  5.730172357701494E-007  1.132523759465808E+002
    175  5.702750520287810E-007  3.282740528695558E+001
   1003  5.530957910522513E-007  1.302792324598297E+002
    606  5.244580295173847E-007  1.079754075340127E+002
    792  5.227340221978610E-007  1.158579110744502E+002
    876  5.183577393068582E-007  1.207338716680959E+002
    767  5.181352018764618E-007  1.139787538815297E+002
   1040  5.169833843898330E-007  1.318325334098182E+002
    701  5.158670606875116E-007  1.112655741498095E+002
    744  4.906243006308561E-007  1.127340165661099E+002
    735  4.886848402663437E-007  1.125422257639707E+002
    358  4.763634397156668E-007  4.418411045040358E+001
    731  4.739707558452489E-007  1.124795031346507E+002
    739  4.717795436399305E-007  1.126267264275300E+002
    778  4.367943902531202E-007  1.153062331743218E+002
    721  4.258166417609191E-007  1.121902054803930E+002
    874  4.145011292167246E-007  1.206463359037059E+002
    912  4.129301100562084E-007  1.259977317017505E+002
    581  4.100308549696395E-007  1.069166383916512E+002
    920  4.014094322344380E-007  1.265729199247587E+002
    627  3.895710878507274E-007  1.085359599099982E+002
    243  3.750477931491947E-007  3.580427376176280E+001
    734  3.686899112012479E-007  1.125227414297757E+002
    897  3.631722389865138E-007  1.233154024205701E+002
    949  3.607188304294280E-007  1.280833568476082E+002
    891  3.552128993945829E-007  1.222344606190913E+002
     56  3.535247082642912E-007  2.577494999028338E+001
    548  3.394206827122528E-007  1.041098140943872E+002
    754  3.381186417830867E-007  1.130532912402911E+002
    976  3.338360152287580E-007  1.291265023483052E+002
    388  3.241262281955217E-007  4.916519389587509E+001
    293  3.181221741393507E-007  3.840315559517953E+001
    603  3.159749882143132E-007  1.078480909052838E+002
    726  3.145085589326845E-007  1.123280306605216E+002
    563  3.142939174838081E-007  1.058622417292547E+002
    978  3.134690400949223E-007  1.291764873003617E+002
    775  3.055835304025222E-007  1.149447083106751E+002
    771  3.043150283356657E-007  1.142541813627527E+002
   1056  3.030275728669207E-007  1.332822863268028E+002
    428  2.998599458375245E-007  5.539697768550786E+001
    801  2.991526734448144E-007  1.162412158177078E+002
    889  2.965021705296302E-007  1.221096476933091E+002
   1027  2.758067965368467E-007  1.311414239553258E+002
    818  2.692778700934273E-007  1.172202887178189E+002
    833  2.569541240040103E-007  1.176450554682990E+002
    715  2.488403240193297E-007  1.119122168057061E+002
    963  2.422175480071168E-007  1.284456810480366E+002
   1023  2.378841954086770E-007  1.309907545973144E+002
    689  2.375381222008291E-007  1.108992280227757E+002
    569  2.349616089944681E-007  1.064024371239422E+002
    980  2.346985156572153E-007  1.292322903638887E+002
    723  2.334858149122307E-007  1.122249597820348E+002
    764  2.326628368124985E-007  1.137269990775531E+002
    804  2.250061395052877E-007  1.164307012054320E+002
    757  2.240455063196945E-007  1.131455979007981E+002
    819  2.222397859059829E-007  1.172617623112352E+002
    263  2.191147665339992E-007  3.756851288337069E+001
    463  2.156552985510239E-007  5.840368106338346E+001
    946  2.155213325487187E-007  1.279201366409634E+002
    591  2.144931697772195E-007  1.073970459895217E+002
    823  2.122415826231016E-007  1.173434151863991E+002
    363  2.088268657013942E-007  4.523665715266514E+001
    284  2.084078944007986E-007  3.794002386601017E+001
    455  2.035476148686842E-007  5.757818593173593E+001
    722  1.983058120835008E-007  1.121989232781130E+002
    820  1.884322375194347E-007  1.173160626674297E+002
    304  1.830877218942804E-007  3.902642388250331E+001
    613  1.784063159483264E-007  1.081325074305931E+002
     82  1.780188792198883E-007  2.744742479332049E+001
    342  1.645994012282082E-007  4.219280462450153E+001
    805  1.606125246037094E-007  1.165442309434909E+002
    720  1.566821950081939E-007  1.121496181246094E+002
   1037  1.543524391289583E-007  1.316166834102353E+002
    250  1.489088317976735E-007  3.645071914574685E+001
    956  1.485085846681185E-007  1.283075816024711E+002
    662  1.477753989336313E-007  1.094304874643061E+002
    127  1.376364610787685E-007  2.958197907168710E+001
    329  1.374394730352244E-007  3.994917835777716E+001
    750  1.362696302066892E-007  1.128980084302201E+002
    654  1.317459838699224E-007  1.091774321289355E+002
    982  1.258061638585244E-007  1.293230544301462E+002
    902  1.245270194413409E-007  1.246861225619736E+002
    562  1.230187295234462E-007  1.058125905236654E+002
    925  1.213532704398796E-007  1.268943605090481E+002
    849  1.163809093498153E-007  1.186556798515274E+002
    971  1.154088486284638E-007  1.289111652451389E+002
    837  1.152405632770699E-007  1.177814246314451E+002
    885  1.109041242691099E-007  1.213849358963692E+002
    628  1.104937794422671E-007  1.085999071252231E+002
   1025  1.058573970741077E-007  1.310823101564250E+002
    922  9.815564670137622E-008  1.267277337836395E+002
    841  8.977317108676087E-008  1.180046875638410E+002
    557  8.913995335762688E-008  1.053298087456868E+002
    682  8.733683382975158E-008  1.107795174367904E+002
   1019  8.556297254021919E-008  1.307856127904329E+002
   1012  8.242187275933356E-008  1.305860585800326E+002
    705  8.108567932212253E-008  1.114879185885843E+002
    850  7.898801143003608E-008  1.188640670964077E+002
    752  7.476389488840739E-008  1.129825416205730E+002
    855  7.404697854431548E-008  1.192335282432478E+002
    961  7.144463592607670E-008  1.283826108536399E+002
    758  6.626978679129502E-008  1.131945788764974E+002
    633  6.353483388426556E-008  1.086770367044967E+002
    620  6.060646049378463E-008  1.083700393844588E+002
    704  5.874713633103276E-008  1.114088220449556E+002
    178  5.762626541412634E-008  3.291892583427273E+001
    839  5.754766307108557E-008  1.178451551754228E+002
    729  5.511525687672644E-008  1.124070412533170E+002
    794  4.791647521245785E-008  1.159299755047292E+002
    806  4.465421627274617E-008  1.165904998677036E+002
    504  4.168127777361154E-008  6.073767201700102E+001
    864  4.142261036767414E-008  1.195154318953015E+002
    740  3.593283982637788E-008  1.126281679605138E+002
    747  3.472226136924317E-008  1.128221651622354E+002
    728  3.451503535636946E-008  1.123911467240560E+002
    140  3.235299109964601E-008  3.002380690834687E+001
    652  3.155980883085338E-008  1.090805000764319E+002
    829  3.155450759915836E-008  1.175434491795728E+002
    660  2.791667239364282E-008  1.093929129115852E+002
    867  2.730086766657144E-008  1.199420338065019E+002
    941  2.608505406082679E-008  1.277239710636116E+002
    286  1.986411656914324E-008  3.806107114689090E+001
    903  1.907664329876235E-008  1.249295857950171E+002
    931  1.796197836497562E-008  1.272754104030811E+002
    939  1.624651511095347E-008  1.276788938661296E+002
    526  1.549665828127373E-008  6.205614154690332E+001
    228  1.530169742167766E-008  3.465329128304563E+001
    222  1.410362180502964E-008  3.444665555523785E+001
    969  1.361375121102538E-008  1.288232913140608E+002
    932  1.224877673416861E-008  1.272890793904072E+002
    959  1.219832649246608E-008  1.283643788123119E+002
    957  1.162833480168952E-008  1.283224605383935E+002
    834  1.140613879686292E-008  1.176651591794238E+002
    872  8.915891003633785E-009  1.204992644439996E+002
   1028  7.656011109747673E-009  1.312419762585663E+002
     12  7.640643001696001E-009  1.791855268392995E+001
    908  7.241732132608003E-009  1.256350992978881E+002
    622  7.081308624738059E-009  1.084041586407917E+002
    788  5.465727355669173E-009  1.157595566872355E+002
    881  5.232124335530537E-009  1.212001054655417E+002
    906  4.875676335329060E-009  1.253859334012492E+002
    914  4.769759470594714E-009  1.261343003660832E+002
    953  4.749653011307919E-009  1.282835790234384E+002
    626  4.743734083165031E-009  1.085197354965440E+002
    888  4.573098747844507E-009  1.215384892766490E+002
   1077  3.216015249731469E-009  6.189178021453241E+002
    501  2.661055762328355E-009  6.025540211442135E+001
    412  1.282089952343855E-009  5.399327798218789E+001
    830  8.032149653002693E-010  1.175448785112390E+002
   1007  7.395559392896545E-010  1.303971511397991E+002
    882  7.149199554700325E-010  1.212606419968792E+002
    614  5.210082190786823E-010  1.081499604581023E+002
    443  3.453608173899152E-010  5.615506371008289E+001
     72  2.463703024407898E-010  2.695844835194747E+001
    653  1.417851783465051E-010  1.090926521840726E+002
    644  1.274257377806692E-010  1.088699046594824E+002
    965  2.400698591626923E-011  1.286084743618769E+002
    766  1.670449683276942E-013  1.138313497862233E+002
    904  6.346754469373947E-014  1.250437756508075E+002
