# Number of modes
   1077
# Tabulated for different initial and final frequencies?
    F
# Mode index, Sj, (highest to lowest), omega_j
    418  7.240502044710595E-002  5.440760214654593E+001
    419  3.979343583587216E-002  5.447434435004674E+001
    566  3.498342084257902E-002  1.060197199307676E+002
    475  2.727346694736375E-002  5.870955367754343E+001
    390  1.273658180863938E-002  4.930034545373515E+001
    563  9.488620737365634E-003  1.058622417292547E+002
     65  8.575362609348701E-003  2.645533186342116E+001
    462  7.956020133509425E-003  5.834568949164402E+001
    552  7.778013034740705E-003  1.045004516183760E+002
    460  7.579574795126333E-003  5.821511818989060E+001
    547  7.427839781908483E-003  1.040413527560943E+002
    300  6.922197301631737E-003  3.871033423098082E+001
    431  5.838389719337298E-003  5.545822575490884E+001
    477  4.860526643698499E-003  5.875439662154096E+001
    531  4.749559929249886E-003  6.280622541285696E+001
    392  4.547572765580139E-003  4.975569880244111E+001
    415  4.516416302963468E-003  5.409773008136273E+001
    430  4.071283820047727E-003  5.544226538226409E+001
    539  3.885602178642009E-003  1.004038214764926E+002
    425  3.783938714310532E-003  5.512885982268182E+001
    288  2.880151130978782E-003  3.825168870868715E+001
    535  2.737752865674598E-003  7.234684016852472E+001
    452  2.547142857278825E-003  5.732416656661538E+001
    479  2.427229707474283E-003  5.886156225440574E+001
    474  2.386842692281067E-003  5.866520048333617E+001
    582  2.290241508492680E-003  1.069886979669129E+002
    466  2.230542165425212E-003  5.848631456847294E+001
    568  2.170183695092976E-003  1.063884322375297E+002
    487  2.147622216634986E-003  5.901096182276392E+001
    422  2.118292250878237E-003  5.478392604221921E+001
     70  2.090472734852929E-003  2.683332853591699E+001
   1039  2.037862254079550E-003  1.317789778316224E+002
      7  1.980231694795672E-003  1.598850297870253E+001
   1041  1.904839376477642E-003  1.318604688563310E+002
   1062  1.885212184943152E-003  1.338537297016246E+002
    450  1.867108626987301E-003  5.723022636777802E+001
     60  1.864635973806163E-003  2.612817271153773E+001
    413  1.863037185224166E-003  5.407796767412047E+001
    438  1.856514636919115E-003  5.568774314714533E+001
    550  1.782634559477902E-003  1.044255141670578E+002
   1060  1.637732604002442E-003  1.336329109810919E+002
   1044  1.634173596125123E-003  1.320835593454495E+002
    426  1.544471426864712E-003  5.521112029631625E+001
    387  1.542855720968767E-003  4.845493173747810E+001
    445  1.440717420076683E-003  5.650985963977887E+001
   1031  1.427152719594638E-003  1.313824495210718E+002
    557  1.204037995937080E-003  1.053298087456868E+002
     67  1.164144433200025E-003  2.663955326886673E+001
    588  1.147953780449927E-003  1.072780161282308E+002
    497  1.068740064750681E-003  5.984833423050026E+001
     71  1.067130794517687E-003  2.691074291878593E+001
    298  1.039633070862041E-003  3.860785506393049E+001
    446  1.029160414167534E-003  5.657515742254393E+001
      8  1.019139854077392E-003  1.603898235084092E+001
     23  9.900902815638091E-004  2.160694502786773E+001
    251  9.751713523276050E-004  3.670193646720268E+001
   1053  9.114897973419410E-004  1.331993000158318E+002
    433  9.002002271416227E-004  5.552394895078822E+001
   1032  8.993557259781347E-004  1.314270448258869E+002
    478  8.518656874938620E-004  5.880478287498814E+001
    393  8.194328852159668E-004  5.117422678475859E+001
    442  8.186496665987506E-004  5.605259237502305E+001
    772  8.123066622428945E-004  1.144444014986270E+002
    975  8.010004185536711E-004  1.290479361570385E+002
    970  7.938250649499196E-004  1.288440499253601E+002
     24  7.461235729021323E-004  2.165827626673025E+001
    604  7.329168009969962E-004  1.078901483894559E+002
    538  7.247919664037481E-004  8.801939400846273E+001
    570  7.031127730408625E-004  1.064458450110351E+002
     38  6.997831314453654E-004  2.415274881711009E+001
    832  6.866302380574064E-004  1.176150872586579E+002
    826  6.618060461050282E-004  1.174535409692338E+002
    258  6.398815048324088E-004  3.725675246841864E+001
   1071  6.377588764913923E-004  1.353191143310252E+002
    592  6.259174110141283E-004  1.074010896433819E+002
    503  6.158634216316965E-004  6.062899617907863E+001
    391  6.081752263531218E-004  4.935295074539214E+001
   1020  5.990215438340802E-004  1.308300137670077E+002
     10  5.863006585897468E-004  1.630017574824609E+001
    673  5.859221734300432E-004  1.101090602242966E+002
    972  5.623633318711215E-004  1.289491342298440E+002
    459  5.531547023725952E-004  5.797524108925945E+001
    966  5.497992049770598E-004  1.287120665380274E+002
   1066  5.416799860923922E-004  1.341339055776214E+002
    421  5.361130626676951E-004  5.469982084171487E+001
    456  5.221123801604939E-004  5.758475825352298E+001
   1022  5.184801525803294E-004  1.309570316227355E+002
    575  5.158554934459210E-004  1.067636975144964E+002
    822  5.134763405006891E-004  1.173379890193997E+002
    483  5.075842657056683E-004  5.892865432514233E+001
    551  4.996445902322971E-004  1.044758850995860E+002
    434  4.954634719985269E-004  5.556859477681133E+001
    602  4.919385261602698E-004  1.078335831208874E+002
    546  4.830264346017235E-004  1.038908634804570E+002
    290  4.762696555734919E-004  3.834059039797889E+001
    378  4.716232601379997E-004  4.609481655347708E+001
    489  4.713449474772349E-004  5.906665573291085E+001
     64  4.612462286761924E-004  2.637954322898939E+001
   1074  4.526198122227359E-004  1.357832717908243E+002
    294  4.445405806890796E-004  3.844005427068350E+001
    414  4.350057116150942E-004  5.408443269732371E+001
    666  4.141626748104708E-004  1.096961217429448E+002
    897  4.075498192033925E-004  1.233154024205701E+002
   1024  4.015792738432358E-004  1.310472886139475E+002
    831  3.969928887772743E-004  1.175849164822640E+002
    964  3.921237310303612E-004  1.284811881676410E+002
    514  3.918044216192556E-004  6.112143562944963E+001
    671  3.866161998190355E-004  1.100461630260976E+002
    417  3.854989810303129E-004  5.432386496665636E+001
    448  3.820090647351945E-004  5.707216855561523E+001
    507  3.806141542938651E-004  6.098134465730102E+001
      9  3.798437909269200E-004  1.615282072713023E+001
    544  3.789596243933264E-004  1.037287728441322E+002
    386  3.733236092768894E-004  4.778448827008048E+001
    549  3.684588027436370E-004  1.043755820157491E+002
    115  3.567592355149557E-004  2.908676806680809E+001
    302  3.553551430311444E-004  3.874867387838012E+001
    114  3.470072942214343E-004  2.903390568794284E+001
    998  3.463511609591626E-004  1.301241144683907E+002
    576  3.453067449617877E-004  1.068188420241767E+002
    523  3.403517516855267E-004  6.195141091349550E+001
   1027  3.395776266255253E-004  1.311414239553258E+002
    518  3.350123341965911E-004  6.116565427175681E+001
    981  3.245297091384868E-004  1.292686845988868E+002
     18  3.238838508803282E-004  2.124694793769305E+001
    585  3.236438132155453E-004  1.071721890576240E+002
    303  3.175835064211000E-004  3.891633174738261E+001
    825  3.017939266457516E-004  1.174155068731360E+002
   1048  2.984999835750464E-004  1.325281096806480E+002
     32  2.922371965716016E-004  2.386019687247388E+001
   1072  2.753152616786337E-004  1.354275255218108E+002
    593  2.705730245566490E-004  1.074633420950339E+002
    411  2.658020777497194E-004  5.390414096058870E+001
   1069  2.563252139956114E-004  1.347402109836953E+002
    676  2.545301184764648E-004  1.102968009656115E+002
    554  2.534221602996187E-004  1.048978551747549E+002
    384  2.527940734271852E-004  4.693482184770667E+001
   1006  2.475158555818171E-004  1.303473844140781E+002
    464  2.419276920227723E-004  5.841767339850505E+001
    396  2.410020479028570E-004  5.292259014309509E+001
    440  2.403787969051004E-004  5.589934491235444E+001
    545  2.382371160476343E-004  1.038885725205099E+002
    774  2.373537421163998E-004  1.147299018357027E+002
   1070  2.354163791317726E-004  1.350535885837313E+002
    654  2.337715522510098E-004  1.091774321289355E+002
    404  2.317691235291742E-004  5.332919471058649E+001
    299  2.297589490697871E-004  3.861147003050849E+001
    108  2.297565591630865E-004  2.884206820739177E+001
    151  2.290778687975918E-004  3.097448214004631E+001
   1064  2.265376415113271E-004  1.339182935247794E+002
    669  2.245579403582738E-004  1.098991161820264E+002
    532  2.164544362393107E-004  6.299204701993657E+001
     58  2.129442153761756E-004  2.603619761911758E+001
    587  2.129017767998656E-004  1.072564562863978E+002
    694  2.117788973655865E-004  1.110208923005156E+002
   1026  2.090369512179115E-004  1.310988308446859E+002
    689  2.076744155580691E-004  1.108992280227757E+002
   1042  2.057253520718107E-004  1.319938555239870E+002
    432  2.001394385030798E-004  5.551253331854516E+001
    536  1.997680336767395E-004  7.244369170766353E+001
    844  1.995533516471275E-004  1.182236522024691E+002
    491  1.920872483867718E-004  5.916484178919298E+001
     27  1.872320004009696E-004  2.288948685305089E+001
      5  1.863862489794298E-004  1.580375607842547E+001
    192  1.823146128329920E-004  3.373139183933635E+001
    416  1.817600639020846E-004  5.412105627361211E+001
    512  1.808114969776732E-004  6.110465593383906E+001
    894  1.773813319845461E-004  1.226855190700912E+002
    533  1.737635490329790E-004  6.344214913117692E+001
    199  1.734023101649580E-004  3.411214171315592E+001
     31  1.730974325593060E-004  2.349957735236975E+001
    472  1.694266464229909E-004  5.860732378330380E+001
      4  1.658382564552750E-004  1.555889535187236E+001
    485  1.616763257393738E-004  5.896971858223063E+001
     57  1.586586535692364E-004  2.601044601303876E+001
    297  1.569143238666669E-004  3.850412000814609E+001
    613  1.555541041881305E-004  1.081325074305931E+002
    997  1.550091836677814E-004  1.300952728722026E+002
    504  1.549728477632068E-004  6.073767201700102E+001
     54  1.497733663712301E-004  2.537118147105558E+001
    807  1.480859456659131E-004  1.166040027024774E+002
   1013  1.480671596459855E-004  1.306191025791559E+002
    797  1.449804128842513E-004  1.161224071144865E+002
    119  1.444928756436859E-004  2.929038281335912E+001
    395  1.437075035744855E-004  5.279005865968511E+001
    995  1.423855830341909E-004  1.300556822463785E+002
    105  1.409266387810813E-004  2.872870804936272E+001
   1014  1.401471980713479E-004  1.306579532637773E+002
     86  1.399523463485939E-004  2.760340701365068E+001
    330  1.394128590368394E-004  4.000719691328421E+001
   1001  1.345902408588134E-004  1.301907504163165E+002
    492  1.334119242968476E-004  5.919740097208313E+001
    374  1.331835347160181E-004  4.576894168844035E+001
    482  1.310170996640618E-004  5.890508639424976E+001
    548  1.300138759463312E-004  1.041098140943872E+002
    947  1.300067793215289E-004  1.280025795512814E+002
    817  1.275327169260217E-004  1.171745914510001E+002
    513  1.268993168648203E-004  6.111701004965728E+001
    835  1.265014953905783E-004  1.176766134664512E+002
    253  1.261868799364930E-004  3.690338042035397E+001
     39  1.256930270142141E-004  2.419216907562118E+001
    686  1.256168232686450E-004  1.108321598991433E+002
    279  1.232716704261279E-004  3.776291602598710E+001
    103  1.222017149682708E-004  2.854698030319213E+001
    229  1.204879095296192E-004  3.477639317683153E+001
   1057  1.200554364818228E-004  1.332882698940204E+002
    902  1.190060831489111E-004  1.246861225619736E+002
    308  1.184004549206621E-004  3.924824416979163E+001
    988  1.177182097433734E-004  1.295230022337254E+002
    505  1.165240879710947E-004  6.089365906344585E+001
    751  1.161348811918106E-004  1.129352725370382E+002
    209  1.160387970188288E-004  3.420776675567321E+001
    667  1.159703493842697E-004  1.098231148083649E+002
    663  1.150945756969479E-004  1.095408569103236E+002
    494  1.133490923719277E-004  5.959072402434833E+001
    495  1.118789136782272E-004  5.971063876484735E+001
    402  1.106707806768110E-004  5.323403324336612E+001
    142  1.102781031894154E-004  3.011700635419402E+001
    473  1.091916867578527E-004  5.864875851961727E+001
    255  1.086042924570348E-004  3.705801266502003E+001
    838  1.083630124987661E-004  1.178077045912047E+002
    700  1.083252436609375E-004  1.112187707043413E+002
    977  1.081861694226181E-004  1.291448023039548E+002
    436  1.081373213661424E-004  5.562240782737462E+001
    455  1.053136229532025E-004  5.757818593173593E+001
    854  1.027990889672702E-004  1.190938927222375E+002
    658  1.024333992450069E-004  1.092752908733605E+002
    572  1.015187472051199E-004  1.066354688575440E+002
   1047  1.002662385179221E-004  1.324683504365100E+002
    381  1.002477435836646E-004  4.623753374880091E+001
    295  9.711698501449110E-005  3.844649820311862E+001
    498  9.691627097808232E-005  6.006055704270973E+001
    824  9.578801001517472E-005  1.173851057796732E+002
    427  9.546295934318629E-005  5.530625255614972E+001
    615  9.544318742273800E-005  1.081646255451844E+002
    631  9.482931153852936E-005  1.086593678715634E+002
    954  9.459266582978958E-005  1.282848493157465E+002
     82  9.160738479295999E-005  2.744742479332049E+001
     11  9.085872464363850E-005  1.771447447329438E+001
    742  9.011199420777465E-005  1.126546326383816E+002
      2  8.890628890836638E-005  1.507477314615795E+001
    626  8.797044508309306E-005  1.085197354965440E+002
    778  8.785389850529890E-005  1.153062331743218E+002
    400  8.623196868913930E-005  5.304406357850599E+001
     20  8.583651415656552E-005  2.146722812704134E+001
    721  8.565549149259767E-005  1.121902054803930E+002
     83  8.495143821329832E-005  2.745200449399356E+001
    380  8.356348452238684E-005  4.621788456267294E+001
    976  8.339002317342046E-005  1.291265023483052E+002
   1038  8.234319006553123E-005  1.317153469634680E+002
    347  8.161800698976580E-005  4.251894246220620E+001
    453  8.155893378613687E-005  5.734859743017803E+001
    267  8.105657153636978E-005  3.763942844703926E+001
     55  8.091013743905240E-005  2.564739582447731E+001
   1021  8.041230634201227E-005  1.308784400027895E+002
    991  7.931262598392317E-005  1.298309517843196E+002
    541  7.874411143053721E-005  1.020561485810812E+002
    829  7.836446100806524E-005  1.175434491795728E+002
    962  7.709636348543326E-005  1.284190833846668E+002
     29  7.681667383688625E-005  2.304600720746813E+001
    955  7.679562883597724E-005  1.283043098504922E+002
    655  7.635110478802923E-005  1.092114390318620E+002
    763  7.604655677473576E-005  1.136578287383470E+002
    609  7.585908439867545E-005  1.080529774194348E+002
   1075  7.520766398254751E-005  1.852007864492208E+002
    161  7.517756787990148E-005  3.141544799468193E+001
    738  7.430745137092477E-005  1.126248828969786E+002
    210  7.424366906341067E-005  3.421873300884823E+001
    519  7.414599695315838E-005  6.116666091909611E+001
   1008  7.290563142897023E-005  1.304054287055121E+002
     36  7.271138440529900E-005  2.408548968715760E+001
     85  7.148797498369110E-005  2.757726243328665E+001
    399  7.148047038703939E-005  5.300117686152819E+001
    765  7.141497383751782E-005  1.138034732037320E+002
    397  7.094488790368241E-005  5.292984574180642E+001
    678  7.038896815886771E-005  1.105298402911861E+002
     69  6.992440520546523E-005  2.667931486079132E+001
    967  6.986433821493659E-005  1.287730879251822E+002
    979  6.908569415821952E-005  1.292073280791942E+002
    810  6.869929847458621E-005  1.168542717379606E+002
    948  6.863068045888406E-005  1.280530341997139E+002
    348  6.857515642773733E-005  4.278252907839931E+001
    905  6.635452714349655E-005  1.252963463377060E+002
     95  6.634346788103364E-005  2.806113631432304E+001
     12  6.499127369710928E-005  1.791855268392995E+001
    691  6.439569058062408E-005  1.109942746792360E+002
    675  6.423245578534551E-005  1.101932688761904E+002
    883  6.392549635808141E-005  1.212822283474710E+002
    525  6.316078413684400E-005  6.201689187624501E+001
    842  6.313408342645632E-005  1.180365480395604E+002
    275  6.298322024461503E-005  3.771871208633355E+001
    346  6.292526266349192E-005  4.251353138364797E+001
    600  6.265079679501795E-005  1.078192567961393E+002
    166  6.184404883460937E-005  3.197534022905977E+001
    264  6.144595261169609E-005  3.760740200223662E+001
    968  6.107510478867942E-005  1.287893908307005E+002
    198  6.106484407614685E-005  3.410095577154824E+001
    204  6.077441416189250E-005  3.416741852472765E+001
    120  6.068460938461951E-005  2.935022978395871E+001
    757  5.962164045573033E-005  1.131455979007981E+002
     22  5.961536639539444E-005  2.149928230079738E+001
    803  5.895300486940154E-005  1.163959410830473E+002
    136  5.894553385274914E-005  2.995197020395121E+001
    287  5.841272474369684E-005  3.806334999222836E+001
    820  5.807753084602270E-005  1.173160626674297E+002
   1018  5.756080792495387E-005  1.307425624046459E+002
     44  5.741624228860968E-005  2.487547588775838E+001
    383  5.739925777129851E-005  4.665506804468283E+001
    385  5.694469835889379E-005  4.744969147605799E+001
    680  5.646749951829272E-005  1.106808485277705E+002
    172  5.645629329334984E-005  3.254695536480502E+001
    208  5.593287667976472E-005  3.420400517096608E+001
    190  5.582420754441511E-005  3.352213579831744E+001
    945  5.537365450704846E-005  1.278945431870569E+002
    564  5.358282705460013E-005  1.059223740174141E+002
    890  5.275300603332129E-005  1.222269695705770E+002
    326  5.254720025799098E-005  3.980074663620405E+001
    942  5.251088591991571E-005  1.277896527703618E+002
    212  5.177241289267275E-005  3.425448747044050E+001
    940  5.171576766498150E-005  1.277053477702196E+002
    207  5.110524858239527E-005  3.419271829752626E+001
    553  5.099168754739045E-005  1.045844149005738E+002
    236  5.051502331007249E-005  3.558504171265294E+001
    241  4.929739100188834E-005  3.573178726353736E+001
    712  4.841981489664489E-005  1.118479116964762E+002
     35  4.683586823969623E-005  2.406163852032448E+001
    331  4.649908670323293E-005  4.033978069592825E+001
    282  4.621668399613416E-005  3.781601762519486E+001
    281  4.597929340233037E-005  3.778222215271058E+001
    919  4.523872454983501E-005  1.264669767465423E+002
    886  4.489954293746884E-005  1.214498350996194E+002
    516  4.395587158854364E-005  6.114879167768425E+001
    760  4.384921941707537E-005  1.133648679091437E+002
    183  4.378526604188037E-005  3.317747871488443E+001
    259  4.376477362527425E-005  3.731129763636223E+001
    163  4.337140255429818E-005  3.148605603035891E+001
     46  4.221575356313252E-005  2.508968851186969E+001
     74  4.217464588990086E-005  2.706787664592100E+001
     43  4.180544348928545E-005  2.485090944939308E+001
     14  4.158567606813471E-005  2.047451167645159E+001
    266  4.109719664469561E-005  3.763404507858488E+001
    412  4.098817260197591E-005  5.399327798218789E+001
    476  4.075165880075011E-005  5.874284760292872E+001
    131  4.072093644222870E-005  2.976719894627799E+001
    486  4.039161692522021E-005  5.898078655703418E+001
    771  4.018863289688498E-005  1.142541813627527E+002
    376  4.003139448548669E-005  4.578482274843697E+001
    369  3.988457053234622E-005  4.556664797594529E+001
    116  3.971202731563515E-005  2.910094471225916E+001
    821  3.917320679010222E-005  1.173213489801490E+002
    293  3.913797617567400E-005  3.840315559517953E+001
    268  3.719379559331928E-005  3.765614789507087E+001
    986  3.709783422711429E-005  1.294778988001748E+002
    221  3.681447248493353E-005  3.444064242877499E+001
   1050  3.649812225480842E-005  1.326682006609648E+002
    358  3.630941096587287E-005  4.418411045040358E+001
      3  3.610849037405605E-005  1.530095081680193E+001
    500  3.578439518044894E-005  6.016266526055261E+001
     62  3.542059237558418E-005  2.630569023157911E+001
    635  3.519149650271483E-005  1.087402789130293E+002
    405  3.515015322057517E-005  5.340951413863353E+001
    102  3.497310999640781E-005  2.838723287464182E+001
     89  3.482130811121955E-005  2.787565477396676E+001
     98  3.471672591154948E-005  2.810036398063808E+001
    193  3.460519782895120E-005  3.387383688791338E+001
    158  3.449154969172396E-005  3.138637587596471E+001
    143  3.445595038070996E-005  3.021552765862468E+001
    110  3.426137555322828E-005  2.890337161783228E+001
    463  3.373406646639572E-005  5.840368106338346E+001
     52  3.370325244062960E-005  2.532370304309600E+001
    727  3.356783520631219E-005  1.123838421661365E+002
    184  3.353353745582139E-005  3.328145954751520E+001
    517  3.344011138393995E-005  6.116283191518230E+001
    301  3.326449683277562E-005  3.874125966254066E+001
    296  3.291861889197311E-005  3.847026909032138E+001
    958  3.280237207244780E-005  1.283326337970340E+002
    731  3.275271609119192E-005  1.124795031346507E+002
    599  3.195858060271053E-005  1.077354408464688E+002
    377  3.193153537219454E-005  4.580996274485975E+001
    611  3.185435638402309E-005  1.080609110523806E+002
    745  3.183924820966687E-005  1.127541380335163E+002
    202  3.163167249037060E-005  3.414693728338715E+001
    311  3.104120801501997E-005  3.939193935233331E+001
    992  3.076458367151623E-005  1.299169051159237E+002
    196  3.074905288786154E-005  3.402217963204272E+001
    320  3.069172051768704E-005  3.958466091098631E+001
    101  3.066891818954940E-005  2.816121926613436E+001
     92  3.062209490049417E-005  2.796966533379813E+001
    762  3.041502521969129E-005  1.134504722361933E+002
    783  3.006289752025799E-005  1.155776779712016E+002
    285  2.997567026500464E-005  3.794670187788559E+001
    534  2.974181718330892E-005  6.352992396574133E+001
    530  2.969319281062290E-005  6.265828803408258E+001
    246  2.966655100728674E-005  3.612200287477440E+001
    289  2.939362556132238E-005  3.832422991649202E+001
    156  2.934842001792935E-005  3.133959801814033E+001
    332  2.934321630729879E-005  4.036182328117159E+001
    138  2.872448536326431E-005  2.998810658959070E+001
    458  2.859093242716638E-005  5.780961640938520E+001
    133  2.805934195092387E-005  2.980777525245198E+001
     79  2.802588482153694E-005  2.728143790603452E+001
    153  2.780615688055137E-005  3.119128674334460E+001
   1055  2.768865467289904E-005  1.332315483337306E+002
    134  2.684348423018147E-005  2.989081555609098E+001
    106  2.648438908112570E-005  2.873147041157064E+001
    618  2.626710220994111E-005  1.083041655146542E+002
    827  2.585275519026921E-005  1.174913134466901E+002
    341  2.568851162178640E-005  4.207899368185591E+001
    913  2.558998553960268E-005  1.260963173315474E+002
    325  2.554473883575713E-005  3.979678053884171E+001
    580  2.518239583390541E-005  1.069063882425304E+002
    238  2.510379584521364E-005  3.562010162214489E+001
    884  2.510234354437067E-005  1.212913619330936E+002
     73  2.508862021022124E-005  2.704395448663374E+001
    306  2.480085155530609E-005  3.922583615449084E+001
    335  2.447789779079980E-005  4.064698242871874E+001
    292  2.399029636578911E-005  3.837765227419467E+001
     48  2.388571994067498E-005  2.521050943974308E+001
    218  2.370471195825367E-005  3.434087154455664E+001
     34  2.351801211530363E-005  2.394870774261297E+001
    109  2.350770663201521E-005  2.888359254004277E+001
      6  2.335135276604293E-005  1.593905863128156E+001
    379  2.321814728749060E-005  4.610002508350383E+001
    343  2.277852361155927E-005  4.223776350771931E+001
    560  2.215685266904974E-005  1.057397922085461E+002
    683  2.210423880228830E-005  1.107854094171573E+002
     68  2.206405546530117E-005  2.665958995788216E+001
    117  2.200569592213343E-005  2.915145470361619E+001
    649  2.199291863983467E-005  1.089557122086210E+002
    104  2.189596899442855E-005  2.863475114667724E+001
    911  2.183303512618554E-005  1.258968376271585E+002
    352  2.164537781933469E-005  4.345183818831803E+001
    795  2.149656788656928E-005  1.159446042090269E+002
    231  2.142840292629888E-005  3.529195130720404E+001
    319  2.135170076807012E-005  3.955367029075058E+001
     90  2.122291211478007E-005  2.792299487571685E+001
    244  2.095682565626463E-005  3.582009297825139E+001
    796  2.061983965934378E-005  1.160406419035091E+002
    237  2.038762050673440E-005  3.561350513334219E+001
    150  2.032578959877970E-005  3.095380367517388E+001
     96  1.999192842005447E-005  2.807603105873968E+001
    321  1.991467925374879E-005  3.959878738143280E+001
    918  1.977879922110356E-005  1.263810693695273E+002
    174  1.962914828090801E-005  3.277024257542895E+001
    261  1.957229852895542E-005  3.751537038816641E+001
    262  1.957213754628999E-005  3.754826259370084E+001
    401  1.921603795748172E-005  5.310952948046032E+001
     41  1.919500105913772E-005  2.434332602389209E+001
    637  1.916967492825706E-005  1.087708716348475E+002
    322  1.901902092738746E-005  3.962934885257222E+001
    524  1.899575868964842E-005  6.196836567938324E+001
    357  1.897973579926766E-005  4.413715889769129E+001
    278  1.894773116535011E-005  3.775225448216675E+001
    270  1.891328789085723E-005  3.767493462479421E+001
     63  1.888971400669920E-005  2.633691355837915E+001
    515  1.866672210707917E-005  6.113166482037749E+001
    336  1.843587518267796E-005  4.106442919982931E+001
    286  1.835790637541509E-005  3.806107114689090E+001
    484  1.821759608741809E-005  5.894622531819898E+001
    793  1.820215887298372E-005  1.158943894419280E+002
     66  1.811220426128367E-005  2.653041695388611E+001
    777  1.793160739631788E-005  1.150636811545726E+002
    356  1.775666246215869E-005  4.399929676237998E+001
    337  1.747965672665069E-005  4.125439580477820E+001
    866  1.732468128129323E-005  1.198737679274225E+002
    843  1.730873485526200E-005  1.181049125326048E+002
    140  1.726906831539248E-005  3.002380690834687E+001
     50  1.719419881400537E-005  2.524792740229145E+001
    898  1.703199368989499E-005  1.236287338505038E+002
    375  1.679453959383492E-005  4.577921754207221E+001
    338  1.670560997805337E-005  4.143596746217444E+001
     80  1.654145056786939E-005  2.737665388114407E+001
    932  1.648699572473328E-005  1.272890793904072E+002
   1034  1.641280910770595E-005  1.314975717016592E+002
    168  1.627873604825534E-005  3.223239881301075E+001
    111  1.619785797205954E-005  2.891758955889047E+001
    812  1.607398101624391E-005  1.169499526914024E+002
    201  1.591712746271780E-005  3.413905621996786E+001
     16  1.582542488000695E-005  2.083990463296455E+001
    749  1.559125462503455E-005  1.128862829609149E+002
    661  1.555570188539377E-005  1.094040232551639E+002
    836  1.549448019798730E-005  1.177792466123822E+002
    768  1.543406995656356E-005  1.140511281344195E+002
    349  1.535605125515454E-005  4.279212686889406E+001
    853  1.531135829505222E-005  1.189950762444425E+002
    203  1.527516023592469E-005  3.415596231316062E+001
    934  1.524612774610878E-005  1.274026915475210E+002
     78  1.506114234578655E-005  2.724001953302053E+001
    239  1.489991117065417E-005  3.564788119351169E+001
    540  1.482833443596402E-005  1.019596674086986E+002
    329  1.467372868861710E-005  3.994917835777716E+001
    741  1.464535782360643E-005  1.126383251241469E+002
    567  1.459257853541197E-005  1.061175767374582E+002
    205  1.415304371998240E-005  3.418138862993963E+001
    324  1.410108499561757E-005  3.965813849875591E+001
    646  1.389503996871670E-005  1.089039652974663E+002
    409  1.382703886232004E-005  5.377950655266745E+001
    597  1.366794837882587E-005  1.076362394255561E+002
    799  1.355736512918062E-005  1.161655148393659E+002
    429  1.353352351669553E-005  5.542704693693687E+001
     37  1.346752842915997E-005  2.413005277682491E+001
    565  1.345482098073833E-005  1.059848591127986E+002
    154  1.339465843122494E-005  3.128025029310897E+001
    730  1.327831224721501E-005  1.124678820560711E+002
    160  1.310384954419850E-005  3.140287364756382E+001
    316  1.309284897012512E-005  3.947722492082590E+001
     51  1.307328279311578E-005  2.527497960196780E+001
    710  1.305211489845843E-005  1.117114283703663E+002
     94  1.301176980194384E-005  2.803048707399637E+001
     30  1.294401601044889E-005  2.339033246897357E+001
    382  1.287297629372237E-005  4.661435463500721E+001
    214  1.279047091001741E-005  3.429158842681225E+001
    681  1.270761885740280E-005  1.107150530846271E+002
     76  1.268562245479518E-005  2.719040433196805E+001
    272  1.265680526905335E-005  3.770876893490352E+001
    573  1.251222088490617E-005  1.066520968004064E+002
    420  1.239423572036649E-005  5.464265012038360E+001
    724  1.226476988020795E-005  1.122474317356576E+002
    222  1.200410407041115E-005  3.444665555523785E+001
    737  1.195942203176011E-005  1.125716601108342E+002
    139  1.191858989437319E-005  3.001327528760398E+001
   1076  1.184081747017938E-005  1.858411948136732E+002
    315  1.174218431063114E-005  3.946262277995078E+001
    148  1.168757801831077E-005  3.055713011308698E+001
    304  1.165232692963594E-005  3.902642388250331E+001
    360  1.157062653088489E-005  4.501412031898634E+001
    269  1.152029626734663E-005  3.766609016559832E+001
    280  1.147456217592939E-005  3.777070006257392E+001
    697  1.135272379392940E-005  1.111168086390436E+002
    983  1.119359321480307E-005  1.293699640118089E+002
    291  1.094988886872368E-005  3.834865717601958E+001
    924  1.094802871164838E-005  1.267645350898773E+002
    659  1.082355299045997E-005  1.093169473413985E+002
   1000  1.076925486478597E-005  1.301375093272533E+002
    223  1.073485458784418E-005  3.452101188794168E+001
    488  1.064273501187195E-005  5.904214899548738E+001
    340  1.062769649841032E-005  4.203744443197692E+001
    510  1.057763894655835E-005  6.106496915014706E+001
    493  1.031965443707355E-005  5.956939432616837E+001
    317  1.031027355540341E-005  3.952108816795088E+001
   1063  1.020545222243628E-005  1.338610239777397E+002
    868  9.746762460281905E-006  1.199994649602093E+002
    687  9.273134828816996E-006  1.108477970364615E+002
    984  9.190350991698688E-006  1.293776492189174E+002
     40  8.966657491294948E-006  2.429142631572386E+001
    407  8.938244303392432E-006  5.355040632372296E+001
    176  8.620229357292592E-006  3.283702642513862E+001
    435  8.491524049210109E-006  5.559833163642786E+001
    167  8.389479692073049E-006  3.206734480721192E+001
    245  8.323615346568023E-006  3.584895809931362E+001
    938  8.233985100920042E-006  1.276246332177813E+002
    926  8.134750514207358E-006  1.269935099435139E+002
    361  8.104741230021024E-006  4.509188248244521E+001
    630  7.902497287785884E-006  1.086464564510315E+002
    470  7.870567828467700E-006  5.858950887133865E+001
    748  7.852829464032965E-006  1.128453459062848E+002
    960  7.817615183459238E-006  1.283710541965592E+002
   1067  7.758907912863388E-006  1.341872351276505E+002
    242  7.754240967347014E-006  3.575330164903793E+001
    121  7.692405839515216E-006  2.937009161569695E+001
    334  7.681803448703034E-006  4.055961280242965E+001
     77  7.635576958364374E-006  2.720977418778346E+001
    895  7.605435456339615E-006  1.231922658586809E+002
    394  7.567416884742587E-006  5.275338077531283E+001
    855  7.359124324046296E-006  1.192335282432478E+002
    100  7.341507053327582E-006  2.814590236831992E+001
   1029  7.191787193322386E-006  1.312589073638632E+002
    189  7.191187405689431E-006  3.348575581421191E+001
    527  7.046023510658868E-006  6.211137902133680E+001
    520  6.860609005073788E-006  6.117519869664547E+001
    690  6.813552438554602E-006  1.109553167085971E+002
    863  6.788023453570297E-006  1.194780899982511E+002
    441  6.769269749535932E-006  5.602297434426368E+001
    314  6.739968979027545E-006  3.944402428691944E+001
    318  6.698033450026849E-006  3.952690512520030E+001
    164  6.650652819522031E-006  3.156123118588701E+001
     97  6.585079923111839E-006  2.809615145046481E+001
    921  6.570435963450298E-006  1.266347372507485E+002
     84  6.563041614467660E-006  2.748397341497807E+001
   1009  6.499835595782840E-006  1.304609142394732E+002
    232  6.450833297319488E-006  3.530982942235851E+001
   1058  6.436006504203048E-006  1.334381531708862E+002
    234  6.416919313064835E-006  3.541632958107625E+001
    389  6.360629663773354E-006  4.924612888004685E+001
    273  6.294173508263958E-006  3.771236202405859E+001
    526  6.258964292019076E-006  6.205614154690332E+001
    327  6.250072951096316E-006  3.980649710729982E+001
    542  6.243834069536381E-006  1.021380905135569E+002
    226  6.241509248026925E-006  3.460914941435140E+001
    187  6.240021589479047E-006  3.338593491458187E+001
    973  6.214014059878478E-006  1.290303348922233E+002
    265  6.200791480200815E-006  3.762418150997995E+001
    165  6.185115824825205E-006  3.194792507678593E+001
    784  6.165537816835719E-006  1.156115101864969E+002
    521  6.004147757970363E-006  6.120499406654021E+001
    437  5.931365452621107E-006  5.567668099873953E+001
   1036  5.882803467192418E-006  1.315563975924429E+002
    444  5.830343404984967E-006  5.640873014994138E+001
    816  5.821803012730471E-006  1.170854692244173E+002
    903  5.684247501544845E-006  1.249295857950171E+002
    870  5.634969050749309E-006  1.203621491035894E+002
     15  5.619997388221698E-006  2.077312965636918E+001
    307  5.558346482544382E-006  3.924418415703018E+001
    162  5.407088373551830E-006  3.142013005221356E+001
    260  5.326957542705991E-006  3.745846822965304E+001
    309  5.318501388339033E-006  3.929268620446922E+001
    875  5.314686300699530E-006  1.206504418490652E+002
    257  5.302644942064129E-006  3.716053985696894E+001
    132  5.176746905073406E-006  2.978147182311027E+001
    909  5.160953742802809E-006  1.256671150468244E+002
    537  5.142723693466906E-006  7.348438751630307E+001
    950  5.138005148669112E-006  1.281356928004739E+002
    605  5.128505540029173E-006  1.079476682950407E+002
    858  5.057191515702158E-006  1.193043137223610E+002
    562  5.000980929909174E-006  1.058125905236654E+002
    468  4.943529658636772E-006  5.850419738659161E+001
    584  4.888523950810181E-006  1.071415131646536E+002
   1040  4.868638243206888E-006  1.318325334098182E+002
    916  4.704656235797508E-006  1.261858055404796E+002
    481  4.675784943134481E-006  5.889564718758225E+001
    305  4.669824784057817E-006  3.919092577852600E+001
    123  4.637042010595601E-006  2.945706723223188E+001
    502  4.583513225912569E-006  6.033057478557798E+001
    561  4.555385246192391E-006  1.057823475786052E+002
    254  4.551933416858110E-006  3.696870162494890E+001
    188  4.540997585315038E-006  3.343297855491465E+001
    769  4.529426746164082E-006  1.141494817506874E+002
    216  4.511203425466154E-006  3.431915233475488E+001
     75  4.503567477032516E-006  2.717284531466260E+001
    118  4.502829549575370E-006  2.927665934202001E+001
    213  4.436101778231969E-006  3.426923698719692E+001
    147  4.383620893230355E-006  3.045498909450352E+001
    558  4.382622013781857E-006  1.054235904423783E+002
    333  4.352405792296940E-006  4.050570323460023E+001
   1077  4.312972244232048E-006  6.189178021453241E+002
    195  4.213799172530489E-006  3.399004655216064E+001
    607  4.209883842762446E-006  1.079782277499060E+002
    339  4.193910941921233E-006  4.199721405536648E+001
    702  4.187774393707469E-006  1.112791472783473E+002
    907  4.171383422912946E-006  1.254774984052440E+002
    372  4.156444869178501E-006  4.569660817760900E+001
    215  4.143596389750840E-006  3.430912489816387E+001
    571  4.099136802087694E-006  1.065760725477823E+002
    873  4.035687024446820E-006  1.205400953636918E+002
    589  3.990074195400790E-006  1.073243551551986E+002
    785  3.987554685006572E-006  1.156515149006221E+002
    528  3.949629074573262E-006  6.211763689923020E+001
    465  3.948156202075581E-006  5.845233409136720E+001
    173  3.946110568118729E-006  3.267731285541730E+001
      1  3.940848678700064E-006  1.480943860687432E+001
    247  3.907958925334407E-006  3.613855018049320E+001
    937  3.905332392107617E-006  1.275975168353670E+002
    733  3.902446574585270E-006  1.125211996768446E+002
   1061  3.901101061660161E-006  1.338239896777959E+002
    313  3.873146666023479E-006  3.941220320488696E+001
    127  3.760857206207551E-006  2.958197907168710E+001
    423  3.736420557291261E-006  5.491452382822700E+001
    802  3.720349248815980E-006  1.163074247182627E+002
     49  3.695536920003033E-006  2.521926711432687E+001
    928  3.684870959092294E-006  1.271758190169006E+002
     91  3.658504916589656E-006  2.795709450840539E+001
    490  3.636361668852701E-006  5.909746584665749E+001
    373  3.631493831435189E-006  4.573517441489172E+001
     88  3.609184117181775E-006  2.776495450944637E+001
    952  3.574909827309358E-006  1.282170243378332E+002
    851  3.567475676572261E-006  1.189105890777936E+002
    365  3.540865091156463E-006  4.540196146988517E+001
     21  3.515164683659722E-006  2.149552581175353E+001
    621  3.504010951334109E-006  1.083828600305560E+002
    594  3.488259668701471E-006  1.075267994995216E+002
    130  3.449201734450182E-006  2.969026097336859E+001
    674  3.435819438275423E-006  1.101627157855635E+002
   1011  3.360617248320166E-006  1.305590563134582E+002
    596  3.357777729968669E-006  1.076305596761092E+002
    457  3.329010684879918E-006  5.770039153165104E+001
    159  3.291313538752219E-006  3.140014259635325E+001
     28  3.261628395258124E-006  2.303576073275412E+001
    755  3.218972103811830E-006  1.130537195644052E+002
    177  3.201524592515347E-006  3.286305119332699E+001
    616  3.192769373794346E-006  1.081902144651443E+002
    152  3.131225922918661E-006  3.107793476288124E+001
    569  3.078889567955929E-006  1.064024371239422E+002
     81  3.072782495924431E-006  2.737831616504717E+001
    112  2.969803681168554E-006  2.893182478938967E+001
    529  2.960526087873677E-006  6.213305424318654E+001
    277  2.956055147927927E-006  3.774405278528796E+001
     99  2.926819737965014E-006  2.813215700322161E+001
    650  2.895074256695153E-006  1.090061273622073E+002
    601  2.790913523906592E-006  1.078222216339937E+002
    328  2.787733143841310E-006  3.982877398686839E+001
    953  2.779638039629936E-006  1.282835790234384E+002
     19  2.759531296919369E-006  2.137958735177528E+001
    830  2.757390427541885E-006  1.175448785112390E+002
    717  2.748102428558099E-006  1.119901298340990E+002
    656  2.707893966010134E-006  1.092383325553483E+002
    243  2.699995506146269E-006  3.580427376176280E+001
    370  2.688706515867520E-006  4.562254251008403E+001
    756  2.681754686607974E-006  1.131019348749128E+002
    323  2.655306609828975E-006  3.963162035223775E+001
    595  2.621362689988618E-006  1.075727311228692E+002
    230  2.548211550222615E-006  3.507000892128892E+001
    171  2.546293061217923E-006  3.251692712246987E+001
    344  2.497240674665646E-006  4.229281490750487E+001
    624  2.480460576251439E-006  1.084534043855216E+002
    233  2.459155370374416E-006  3.536858076063520E+001
    355  2.447838280637638E-006  4.365668409738398E+001
    219  2.371145792720877E-006  3.435584966495736E+001
    211  2.355680832731061E-006  3.422885497659050E+001
    556  2.352496316496947E-006  1.053074591696642E+002
    713  2.341251652887861E-006  1.118750446375970E+002
    583  2.315617432888045E-006  1.070323413352247E+002
    633  2.315450757673606E-006  1.086770367044967E+002
    170  2.311781966380428E-006  3.240864442722207E+001
     26  2.303212735934988E-006  2.275577786050195E+001
    672  2.238828938208493E-006  1.100523893058521E+002
    682  2.236783021474911E-006  1.107795174367904E+002
    684  2.219269607614066E-006  1.108055531440044E+002
     13  2.175347281550919E-006  2.038781372204352E+001
    366  2.126769682921380E-006  4.541480133184800E+001
    899  2.098532183402415E-006  1.237750393258326E+002
    447  2.090870554503422E-006  5.692641404400948E+001
   1033  2.088512974843652E-006  1.314921549657209E+002
    220  1.999034699438962E-006  3.440936379612124E+001
    645  1.970365628429880E-006  1.088758352374567E+002
    555  1.932964279881609E-006  1.049505825405343E+002
    586  1.925632084632079E-006  1.072414988471015E+002
    789  1.866661557999717E-006  1.157939903252585E+002
    622  1.813842589720334E-006  1.084041586407917E+002
    989  1.806586176668509E-006  1.296856498562064E+002
    706  1.801795286742424E-006  1.115644797142602E+002
    641  1.771453928890319E-006  1.088136450829588E+002
     53  1.768464140387517E-006  2.532427500710937E+001
    312  1.761838544851572E-006  3.940338989709551E+001
    364  1.742587188335437E-006  4.528995878587361E+001
    449  1.705094258369140E-006  5.713782918039372E+001
    469  1.693931841286850E-006  5.857260373695996E+001
    181  1.679586941616597E-006  3.309588236011395E+001
    591  1.657906038392909E-006  1.073970459895217E+002
    877  1.619734827682658E-006  1.207635072396237E+002
    179  1.619613961958383E-006  3.301071504933698E+001
    603  1.606363228148517E-006  1.078480909052838E+002
    808  1.598665159008903E-006  1.166438640424820E+002
    155  1.571478528401375E-006  3.129077640287002E+001
    403  1.565475809280184E-006  5.332276567118551E+001
    880  1.542948319777855E-006  1.209811659012211E+002
    642  1.515344538509158E-006  1.088349318990273E+002
    284  1.479840881799137E-006  3.794002386601017E+001
   1065  1.470957616145210E-006  1.340986810838602E+002
    467  1.449281547290266E-006  5.850070475174659E+001
    354  1.445655580236120E-006  4.358717802496741E+001
     25  1.440759186890671E-006  2.268285797328677E+001
    695  1.437265769130864E-006  1.110404578737834E+002
    670  1.411133861717684E-006  1.099218253642219E+002
    471  1.399334098478713E-006  5.859921299406331E+001
    353  1.397823394756234E-006  4.354452657935016E+001
    944  1.393048617716680E-006  1.278264506290159E+002
    224  1.375739953608382E-006  3.456258153743839E+001
   1046  1.341137121671540E-006  1.322741703884410E+002
    693  1.322722528855850E-006  1.110198391814811E+002
    800  1.290106224273230E-006  1.161811067685375E+002
    107  1.289209328122062E-006  2.880093649968087E+001
    577  1.274917999717297E-006  1.068269012623950E+002
    910  1.239482222526982E-006  1.258349422363612E+002
    408  1.238582326347058E-006  5.368647704938994E+001
    135  1.237770668753432E-006  2.990996926970350E+001
    744  1.226215169288529E-006  1.127340165661099E+002
    578  1.207947590734894E-006  1.068696587706935E+002
    345  1.204608521909800E-006  4.248475366295001E+001
    798  1.176751580666725E-006  1.161233232814441E+002
    709  1.165081452977887E-006  1.116986555393093E+002
   1068  1.136830958623487E-006  1.342139437973118E+002
    509  1.090679216243490E-006  6.104665142125116E+001
    263  1.067444340626804E-006  3.756851288337069E+001
    122  1.055813550339488E-006  2.942821875092930E+001
    930  1.027760470464490E-006  1.272550109882912E+002
    428  1.021368385276408E-006  5.539697768550786E+001
    362  1.005904464950849E-006  4.520209191521082E+001
    617  1.002152779239769E-006  1.082069188907082E+002
    410  9.921680874231753E-007  5.380004782230375E+001
    522  9.890551246787669E-007  6.189501394570030E+001
    896  9.763227846754325E-007  1.231967026860033E+002
    782  9.714382734494151E-007  1.155663554633046E+002
    860  9.546383583538126E-007  1.193608179742887E+002
    963  9.393572194353014E-007  1.284456810480366E+002
    608  9.234244366342336E-007  1.080310773431174E+002
    657  9.123232193452041E-007  1.092680437977900E+002
    157  8.931187002241726E-007  3.136040875348826E+001
    746  8.691597651439047E-007  1.128150956859242E+002
    144  8.613217240171881E-007  3.023024488043693E+001
    927  8.575703519627509E-007  1.271118445081471E+002
    579  8.559455453990603E-007  1.068810185812333E+002
    739  8.539280507947165E-007  1.126267264275300E+002
    623  8.537596316065629E-007  1.084311616311891E+002
    994  8.478440471129216E-007  1.299886393654431E+002
    707  8.472942373206789E-007  1.116484954290111E+002
    790  8.466083724477147E-007  1.158127479939932E+002
    225  8.350847851415635E-007  3.458265676939745E+001
    922  8.272865795546278E-007  1.267277337836395E+002
    871  8.257297351825933E-007  1.204638135739833E+002
    651  8.179842118770655E-007  1.090123807306586E+002
    679  8.049426113669884E-007  1.106299731616480E+002
   1045  8.014290975719440E-007  1.322246800166877E+002
    310  7.986057277568944E-007  3.933560718805473E+001
   1056  7.909675716715538E-007  1.332822863268028E+002
    250  7.823779248342356E-007  3.645071914574685E+001
    619  7.530369635538076E-007  1.083262496248409E+002
    804  7.461127731996407E-007  1.164307012054320E+002
    197  7.452888506950792E-007  3.407091137263039E+001
   1017  7.340296888945344E-007  1.307020085696559E+002
   1028  7.336256728931985E-007  1.312419762585663E+002
    351  7.288404971749512E-007  4.290814690346715E+001
   1004  7.264425451161427E-007  1.302828791464404E+002
    787  7.170915104259109E-007  1.157066821730262E+002
    699  7.088194443858293E-007  1.111753891148923E+002
    837  7.037813527873900E-007  1.177814246314451E+002
    634  6.896731251454148E-007  1.087110579745548E+002
    506  6.869691382940289E-007  6.092479484159845E+001
    367  6.770013440113555E-007  4.546665367422378E+001
     42  6.689787724468036E-007  2.442065503900721E+001
    719  6.630416687778038E-007  1.120361196403708E+002
    342  6.598593898169100E-007  4.219280462450153E+001
    660  6.573112182554311E-007  1.093929129115852E+002
    359  6.503524908004263E-007  4.440820660542785E+001
    665  6.465291616278456E-007  1.096195054263975E+002
    696  6.334324750036954E-007  1.111110130672436E+002
     45  6.281576449683548E-007  2.505629895200580E+001
    248  6.255337063055267E-007  3.617742791171408E+001
    200  6.151982059239301E-007  3.413076352937113E+001
    923  5.931372219037710E-007  1.267345977181097E+002
    276  5.784303914081950E-007  3.774173651101562E+001
    845  5.754144172658394E-007  1.182722434309271E+002
    125  5.752047756743254E-007  2.955205187993630E+001
    915  5.634078073469651E-007  1.261627872997085E+002
    610  5.584867537747480E-007  1.080548791140610E+002
    227  5.568069435763589E-007  3.461221107986133E+001
    862  5.544452971814730E-007  1.194326389788892E+002
    274  5.513037121032111E-007  3.771469066363962E+001
    644  5.487627727111415E-007  1.088699046594824E+002
    511  5.457293170821542E-007  6.108291035790679E+001
    677  5.422103732186648E-007  1.104103779431708E+002
    740  5.349055631431937E-007  1.126281679605138E+002
    732  5.308868261594577E-007  1.124809932511083E+002
    754  5.305664373738140E-007  1.130532912402911E+002
    590  5.296446225222893E-007  1.073381491314167E+002
    240  5.222690256619690E-007  3.568815433410965E+001
    982  5.166214656987334E-007  1.293230544301462E+002
    794  5.102553704853768E-007  1.159299755047292E+002
    815  5.032834621852953E-007  1.170844697210597E+002
    758  4.932110103917774E-007  1.131945788764974E+002
    186  4.883754605171832E-007  3.335079910483972E+001
    929  4.866081821952156E-007  1.272324166790593E+002
    501  4.845861528947464E-007  6.025540211442135E+001
    715  4.789315515000718E-007  1.119122168057061E+002
    685  4.754269804881013E-007  1.108208915724099E+002
    625  4.732365336669425E-007  1.084878781680722E+002
    149  4.677071919288650E-007  3.064428879965062E+001
    961  4.612071643720392E-007  1.283826108536399E+002
    949  4.603172211421702E-007  1.280833568476082E+002
    508  4.587048175598490E-007  6.101348113010317E+001
    974  4.555869971074568E-007  1.290391941684268E+002
    956  4.506573308205145E-007  1.283075816024711E+002
    350  4.504422969148171E-007  4.287084402122760E+001
    879  4.480877687472889E-007  1.208628531744268E+002
    823  4.474670730404995E-007  1.173434151863991E+002
    852  4.242700999784426E-007  1.189308904937423E+002
    978  4.232327971580033E-007  1.291764873003617E+002
    781  4.221013403874320E-007  1.155015502370288E+002
     61  4.196044775548254E-007  2.623624111749398E+001
   1010  4.131212827998701E-007  1.305150376372933E+002
    809  4.116890275917574E-007  1.168273457040169E+002
     93  4.060701618929090E-007  2.801831476528660E+001
    496  4.006486317057902E-007  5.977778544840232E+001
    849  3.907502725116155E-007  1.186556798515274E+002
    725  3.855206852828805E-007  1.122622575126908E+002
    786  3.821433358702505E-007  1.156679892855772E+002
     59  3.818686567987758E-007  2.608228483109795E+001
    917  3.774833808687574E-007  1.262583151256411E+002
    714  3.763004616736533E-007  1.118865310298163E+002
    859  3.745027354453757E-007  1.193117826572047E+002
    813  3.665386112408969E-007  1.170211975618395E+002
    770  3.578471331461599E-007  1.141655133118217E+002
   1035  3.563090794724160E-007  1.315022364948826E+002
    688  3.490633477254145E-007  1.108652117541332E+002
    668  3.486628840463327E-007  1.098358517134249E+002
    901  3.462368484846523E-007  1.246352700151236E+002
    767  3.389219538570903E-007  1.139787538815297E+002
    705  3.375607704649298E-007  1.114879185885843E+002
    908  3.315341415950960E-007  1.256350992978881E+002
    951  3.304580816170324E-007  1.282127111215003E+002
    703  3.288158984478347E-007  1.113359924967504E+002
    933  3.278304997653726E-007  1.272967505112425E+002
   1051  3.242980557521099E-007  1.330173846663143E+002
    764  3.235728072599867E-007  1.137269990775531E+002
    728  3.192955120284713E-007  1.123911467240560E+002
    943  3.170180603494794E-007  1.278255860865938E+002
    480  3.110672919839634E-007  5.887142017505539E+001
   1007  3.043704188433865E-007  1.303971511397991E+002
    792  3.033854601633472E-007  1.158579110744502E+002
    865  3.028606500278369E-007  1.195233182598442E+002
    126  2.987920533229251E-007  2.957864372821811E+001
    939  2.974785645582157E-007  1.276788938661296E+002
   1005  2.940413669533166E-007  1.302961950162389E+002
    828  2.928320401307186E-007  1.175132070682912E+002
    398  2.924179153216188E-007  5.298968704937109E+001
    920  2.914436150250487E-007  1.265729199247587E+002
    834  2.910328367741638E-007  1.176651591794238E+002
    985  2.909165578145103E-007  1.294454523269476E+002
    708  2.894854735695789E-007  1.116659378913442E+002
    228  2.884304524915858E-007  3.465329128304563E+001
    736  2.870356517336396E-007  1.125700463249535E+002
    640  2.864700788187670E-007  1.088027953187827E+002
    574  2.838113048394342E-007  1.067089856517616E+002
    729  2.771201774061811E-007  1.124070412533170E+002
    191  2.765142592784754E-007  3.372798248811258E+001
     87  2.760733948397973E-007  2.773505635732142E+001
    598  2.718183326461476E-007  1.077082259858063E+002
    698  2.711887576965093E-007  1.111543499618823E+002
    766  2.698697843479046E-007  1.138313497862233E+002
    628  2.671947022532144E-007  1.085999071252231E+002
    206  2.666748432497067E-007  3.418711639611698E+001
     47  2.665722956873285E-007  2.514695584094496E+001
    716  2.609767371633099E-007  1.119313653155845E+002
    931  2.594817272805542E-007  1.272754104030811E+002
    893  2.506228013568426E-007  1.225899968537864E+002
    664  2.456912004192226E-007  1.095868237421283E+002
    846  2.387550635011899E-007  1.183733977129572E+002
   1073  2.383503453285347E-007  1.355646294676644E+002
    194  2.367998740547729E-007  3.388123191050668E+001
    129  2.228388315885731E-007  2.967722940199728E+001
   1002  2.191785476637019E-007  1.301955720736593E+002
    543  2.168820034417400E-007  1.026098663261161E+002
   1012  2.167135225119728E-007  1.305860585800326E+002
    235  2.134147929937237E-007  3.553329683850696E+001
    779  2.104688452889187E-007  1.153237642854880E+002
    368  2.085280182028757E-007  4.552075151204606E+001
   1019  2.041858571390284E-007  1.307856127904329E+002
    711  2.018952796282839E-007  1.117833092223069E+002
    750  2.014803334351451E-007  1.128980084302201E+002
    818  1.978181560823532E-007  1.172202887178189E+002
    271  1.966174573905158E-007  3.769377629908810E+001
    957  1.950351162782686E-007  1.283224605383935E+002
    980  1.942075115228627E-007  1.292322903638887E+002
    735  1.917136630644042E-007  1.125422257639707E+002
    805  1.909425723339306E-007  1.165442309434909E+002
   1023  1.861891042859453E-007  1.309907545973144E+002
    612  1.803844752841253E-007  1.080838271474082E+002
    559  1.767804058197000E-007  1.054467335457494E+002
    252  1.750853898467263E-007  3.681481496629917E+001
    969  1.713146863888893E-007  1.288232913140608E+002
    283  1.691480338599400E-007  3.781664732037148E+001
     72  1.685382348022146E-007  2.695844835194747E+001
    629  1.654223518573294E-007  1.086436456014825E+002
    971  1.629551351181387E-007  1.289111652451389E+002
    653  1.586889409994133E-007  1.090926521840726E+002
    581  1.553557250806712E-007  1.069166383916512E+002
    614  1.548313515350151E-007  1.081499604581023E+002
    648  1.515072426120140E-007  1.089328290594756E+002
   1003  1.484290218960568E-007  1.302792324598297E+002
    113  1.473220653094551E-007  2.894608485543543E+001
    990  1.434212567111168E-007  1.297249883032466E+002
    443  1.429845640862695E-007  5.615506371008289E+001
    145  1.415170073769844E-007  3.035386176419680E+001
   1015  1.402758735146355E-007  1.306693309857935E+002
    780  1.398564910614528E-007  1.153482258688003E+002
    662  1.385496018721281E-007  1.094304874643061E+002
    454  1.376657748728285E-007  5.753531790534946E+001
   1052  1.374886829198982E-007  1.330891459743712E+002
    935  1.361531708827000E-007  1.274477748704804E+002
     17  1.300211700733544E-007  2.091913438766164E+001
    747  1.294732328171375E-007  1.128221651622354E+002
    847  1.174671480109788E-007  1.183795327778256E+002
    406  1.159210520699462E-007  5.347162595814701E+001
    867  1.088232128227886E-007  1.199420338065019E+002
    888  1.068431667728754E-007  1.215384892766490E+002
    632  1.061238149363712E-007  1.086732063917954E+002
    627  1.056474294182168E-007  1.085359599099982E+002
    128  1.035017922277912E-007  2.964876822252022E+001
    643  1.025026517169503E-007  1.088529165631816E+002
     33  1.023546596001925E-007  2.387502434282544E+001
    217  9.848114330043166E-008  3.432077633458158E+001
    761  9.462850888437481E-008  1.134019555363662E+002
   1016  9.280631314513771E-008  1.306784011483153E+002
    647  9.030847810542822E-008  1.089204596390746E+002
    146  8.947556144083954E-008  3.038455959742199E+001
    839  8.765054738606534E-008  1.178451551754228E+002
    925  8.740860518200897E-008  1.268943605090481E+002
    878  8.593078255719478E-008  1.208553192243232E+002
   1030  8.258846535063889E-008  1.313677884464318E+002
    806  8.044477994218648E-008  1.165904998677036E+002
   1025  7.995228461978610E-008  1.310823101564250E+002
    861  7.356577968824984E-008  1.193618968506130E+002
    891  7.166740989354955E-008  1.222344606190913E+002
    363  7.048569305673043E-008  4.523665715266514E+001
   1059  6.970148606438635E-008  1.335352794510990E+002
    811  6.954386567066113E-008  1.169131613251637E+002
    776  6.694529894080103E-008  1.150535509847603E+002
    124  6.545979554645968E-008  2.953039329658957E+001
    788  6.401458820859132E-008  1.157595566872355E+002
    180  6.378255922776556E-008  3.306959511625761E+001
    726  6.354415552906592E-008  1.123280306605216E+002
    178  6.219847123072427E-008  3.291892583427273E+001
    175  6.057850590675181E-008  3.282740528695558E+001
    606  5.899051030332352E-008  1.079754075340127E+002
    900  5.764915174206131E-008  1.240255399934555E+002
    876  5.475633843557816E-008  1.207338716680959E+002
    912  5.171500441318824E-008  1.259977317017505E+002
    841  5.085433879410102E-008  1.180046875638410E+002
    993  4.961055239016537E-008  1.299638892136509E+002
    882  4.557668103279551E-008  1.212606419968792E+002
    773  4.542731531048969E-008  1.146041296786391E+002
    753  4.409160865876424E-008  1.130399909728984E+002
    936  4.383424004746178E-008  1.275963114471066E+002
    734  4.318767974467413E-008  1.125227414297757E+002
    499  4.048146816852818E-008  6.010190034988052E+001
    185  3.866157512092271E-008  3.329017879350934E+001
    451  3.814793577664937E-008  5.726939793781466E+001
    720  3.765486139986001E-008  1.121496181246094E+002
    850  3.716227193704318E-008  1.188640670964077E+002
    833  3.687172263042216E-008  1.176450554682990E+002
    137  3.652898635870993E-008  2.996307755422044E+001
    906  3.627916999372955E-008  1.253859334012492E+002
   1043  3.499795045035505E-008  1.320181582363304E+002
    371  3.361128124105996E-008  4.567834615857563E+001
    620  3.220340231579447E-008  1.083700393844588E+002
    857  3.051316785557770E-008  1.192977858717030E+002
    869  2.845869023047424E-008  1.201465244096069E+002
    692  2.497628132738557E-008  1.109991362888409E+002
    840  2.418422270715200E-008  1.179674198090055E+002
    639  2.404409650005804E-008  1.087924757147032E+002
    814  2.364025317148322E-008  1.170571282096026E+002
    819  2.347068497284042E-008  1.172617623112352E+002
    801  2.160844751234798E-008  1.162412158177078E+002
    424  2.099565201580895E-008  5.504400290817051E+001
    723  2.040202385073780E-008  1.122249597820348E+002
    704  1.991665173327797E-008  1.114088220449556E+002
    872  1.973883543174567E-008  1.204992644439996E+002
    914  1.957867332300876E-008  1.261343003660832E+002
    718  1.888894470484388E-008  1.120307816427976E+002
    892  1.724002113782854E-008  1.223146913863671E+002
    856  1.690788576096234E-008  1.192407591408727E+002
    941  1.574432953277989E-008  1.277239710636116E+002
    904  1.476514790909890E-008  1.250437756508075E+002
    701  1.371812132914303E-008  1.112655741498095E+002
    759  1.369648542540520E-008  1.132523759465808E+002
    652  1.349451336101651E-008  1.090805000764319E+002
    461  1.278659750471002E-008  5.832169084274378E+001
    864  1.215744918511148E-008  1.195154318953015E+002
    182  1.106045867264348E-008  3.313118961536368E+001
    439  1.105049699171802E-008  5.581771077364913E+001
    791  9.971381678469618E-009  1.158399885308925E+002
    881  9.895967250877606E-009  1.212001054655417E+002
    959  9.822806062868244E-009  1.283643788123119E+002
    996  6.946715597792578E-009  1.300741546440489E+002
    889  6.473608322594853E-009  1.221096476933091E+002
    987  6.104035872716527E-009  1.295218650079724E+002
    256  3.905334879412576E-009  3.708485200545782E+001
    752  3.762390322795177E-009  1.129825416205730E+002
    636  3.359800057724051E-009  1.087412284437008E+002
    885  2.887268440162755E-009  1.213849358963692E+002
    874  2.595798573832933E-009  1.206463359037059E+002
    946  2.190628465904851E-009  1.279201366409634E+002
    887  1.984456085194652E-009  1.215278324822884E+002
    775  1.976344124505484E-009  1.149447083106751E+002
   1049  1.713061606839992E-009  1.325964910892840E+002
    249  1.549552611338815E-009  3.643158917315001E+001
    965  1.470018074851872E-009  1.286084743618769E+002
     56  1.353504261936405E-009  2.577494999028338E+001
   1037  1.349699964985943E-009  1.316166834102353E+002
    999  9.343720626014390E-010  1.301340763851820E+002
    722  9.119841890194088E-010  1.121989232781130E+002
    743  4.401177770320844E-010  1.126739704882794E+002
    169  4.094338575359708E-010  3.225245008090104E+001
   1054  3.582924884726855E-010  1.332101619260334E+002
    638  1.339651712577453E-010  1.087773663504995E+002
    848  6.686535448644445E-011  1.185512117490796E+002
    388  8.421369711849756E-012  4.916519389587509E+001
    141  2.923076292378824E-012  3.005205957969120E+001
