# Number of modes
   1077
# Tabulated for different initial and final frequencies?
    F
# Mode index, Sj, (highest to lowest), omega_j
    390  1.086675738854147E-001  4.930034545373515E+001
    392  2.324958768205085E-002  4.975569880244111E+001
    475  1.904929443041574E-002  5.870955367754343E+001
    387  1.681284814943504E-002  4.845493173747810E+001
    393  1.616691099119469E-002  5.117422678475859E+001
    418  9.673507065927315E-003  5.440760214654593E+001
    582  9.124422586420620E-003  1.069886979669129E+002
    477  7.644032776432955E-003  5.875439662154096E+001
    460  6.183500021990336E-003  5.821511818989060E+001
    462  5.740091822042925E-003  5.834568949164402E+001
    391  5.687065724711242E-003  4.935295074539214E+001
    474  5.369695869217886E-003  5.866520048333617E+001
    431  4.878778445531355E-003  5.545822575490884E+001
    452  4.677155084641747E-003  5.732416656661538E+001
   1048  4.387395505995025E-003  1.325281096806480E+002
    288  4.169061052782255E-003  3.825168870868715E+001
    585  3.965564912513558E-003  1.071721890576240E+002
    547  3.337526585041743E-003  1.040413527560943E+002
    539  3.253038889729569E-003  1.004038214764926E+002
    487  3.041615104439688E-003  5.901096182276392E+001
    456  2.574492855755785E-003  5.758475825352298E+001
    466  2.334381185156955E-003  5.848631456847294E+001
   1047  2.265448714217924E-003  1.324683504365100E+002
    430  2.251097749480773E-003  5.544226538226409E+001
    450  2.217150110552702E-003  5.723022636777802E+001
   1031  2.013750981667932E-003  1.313824495210718E+002
    422  1.955749464564518E-003  5.478392604221921E+001
   1044  1.854906451723236E-003  1.320835593454495E+002
    426  1.792083442219907E-003  5.521112029631625E+001
    478  1.682531543377093E-003  5.880478287498814E+001
    572  1.643183222630684E-003  1.066354688575440E+002
    386  1.632994588491793E-003  4.778448827008048E+001
    532  1.477071119372093E-003  6.299204701993657E+001
      9  1.455994560938044E-003  1.615282072713023E+001
    535  1.265256777101639E-003  7.234684016852472E+001
    421  1.243718371391614E-003  5.469982084171487E+001
    666  1.239861924631893E-003  1.096961217429448E+002
    434  1.216688293461767E-003  5.556859477681133E+001
    492  1.175934292385138E-003  5.919740097208313E+001
    485  1.141922887704604E-003  5.896971858223063E+001
    294  1.134384003330773E-003  3.844005427068350E+001
    566  1.128766580499022E-003  1.060197199307676E+002
    425  1.124905525027049E-003  5.512885982268182E+001
    454  1.077996029608045E-003  5.753531790534946E+001
    550  1.067033286465188E-003  1.044255141670578E+002
    433  1.049398349442170E-003  5.552394895078822E+001
     79  1.035014322581903E-003  2.728143790603452E+001
    832  1.033030331839188E-003  1.176150872586579E+002
    975  1.021068802447301E-003  1.290479361570385E+002
     71  9.485801687641059E-004  2.691074291878593E+001
    404  8.961354250241425E-004  5.332919471058649E+001
    296  8.490912202953776E-004  3.847026909032138E+001
      7  8.221232450139174E-004  1.598850297870253E+001
    578  8.198381434753819E-004  1.068696587706935E+002
    497  7.935343183599499E-004  5.984833423050026E+001
    251  7.869486581081717E-004  3.670193646720268E+001
    970  7.791304073516910E-004  1.288440499253601E+002
    395  7.781485905920714E-004  5.279005865968511E+001
    592  7.754628026888401E-004  1.074010896433819E+002
    396  7.704655270423023E-004  5.292259014309509E+001
   1071  7.540525811147685E-004  1.353191143310252E+002
    438  7.441111506851929E-004  5.568774314714533E+001
   1039  7.009649966468770E-004  1.317789778316224E+002
    384  6.955325910357552E-004  4.693482184770667E+001
    972  6.878342326745920E-004  1.289491342298440E+002
   1052  6.616103875832610E-004  1.330891459743712E+002
   1020  6.597280438116370E-004  1.308300137670077E+002
    552  6.583141283017282E-004  1.045004516183760E+002
   1041  6.396816952660529E-004  1.318604688563310E+002
   1022  5.983625727145405E-004  1.309570316227355E+002
   1024  5.719114312670905E-004  1.310472886139475E+002
    442  5.625029976501601E-004  5.605259237502305E+001
    981  5.434744928717823E-004  1.292686845988868E+002
    563  5.327263253991087E-004  1.058622417292547E+002
    482  5.296789474088240E-004  5.890508639424976E+001
    291  5.210022077916676E-004  3.834865717601958E+001
    446  5.108049660051979E-004  5.657515742254393E+001
   1032  5.077689905472323E-004  1.314270448258869E+002
    381  5.045017688569750E-004  4.623753374880091E+001
    292  4.955282396528206E-004  3.837765227419467E+001
    964  4.771328914100473E-004  1.284811881676410E+002
    671  4.748612701275333E-004  1.100461630260976E+002
     73  4.736351418445705E-004  2.704395448663374E+001
    673  4.708751596259591E-004  1.101090602242966E+002
    825  4.450888033265423E-004  1.174155068731360E+002
     23  4.408263858935034E-004  2.160694502786773E+001
    575  4.354456815252063E-004  1.067636975144964E+002
      8  4.211792805715717E-004  1.603898235084092E+001
    570  4.206909732272427E-004  1.064458450110351E+002
     27  4.188075063042821E-004  2.288948685305089E+001
   1027  4.179367181083120E-004  1.311414239553258E+002
    543  4.144356485225303E-004  1.026098663261161E+002
   1042  4.046929906220392E-004  1.319938555239870E+002
    455  4.036987019631103E-004  5.757818593173593E+001
    822  3.873333346426482E-004  1.173379890193997E+002
    531  3.814650388229182E-004  6.280622541285696E+001
    403  3.751589331185221E-004  5.332276567118551E+001
    503  3.694891011586897E-004  6.062899617907863E+001
    423  3.634198883447486E-004  5.491452382822700E+001
    897  3.477634970240974E-004  1.233154024205701E+002
    480  3.423205577654271E-004  5.887142017505539E+001
    297  3.414059839399646E-004  3.850412000814609E+001
     24  3.221641808774040E-004  2.165827626673025E+001
    530  3.193881375068272E-004  6.265828803408258E+001
    831  3.156370463604366E-004  1.175849164822640E+002
    966  3.086246123963333E-004  1.287120665380274E+002
     77  3.025256180467051E-004  2.720977418778346E+001
    468  2.974566755024160E-004  5.850419738659161E+001
    826  2.963661286833988E-004  1.174535409692338E+002
   1058  2.960591263326762E-004  1.334381531708862E+002
    419  2.943551908835900E-004  5.447434435004674E+001
    258  2.935783556148627E-004  3.725675246841864E+001
    302  2.923659262950206E-004  3.874867387838012E+001
     38  2.904155934097536E-004  2.415274881711009E+001
    445  2.860166474480101E-004  5.650985963977887E+001
    546  2.850615787039866E-004  1.038908634804570E+002
    553  2.828130719212497E-004  1.045844149005738E+002
     82  2.807471435011812E-004  2.744742479332049E+001
    100  2.783757422582800E-004  2.814590236831992E+001
   1026  2.740848667516803E-004  1.310988308446859E+002
    772  2.738332829811283E-004  1.144444014986270E+002
    358  2.702641968511228E-004  4.418411045040358E+001
    507  2.683936222650620E-004  6.098134465730102E+001
     17  2.663148382529869E-004  2.091913438766164E+001
   1070  2.636468120349218E-004  1.350535885837313E+002
    432  2.407526896807107E-004  5.551253331854516E+001
    483  2.402404135152030E-004  5.892865432514233E+001
    588  2.388937429512704E-004  1.072780161282308E+002
   1053  2.364688678583495E-004  1.331993000158318E+002
   1021  2.357610902438402E-004  1.308784400027895E+002
   1050  2.289026892919391E-004  1.326682006609648E+002
    249  2.287131399880284E-004  3.643158917315001E+001
    160  2.264451348525098E-004  3.140287364756382E+001
    440  2.261252095376766E-004  5.589934491235444E+001
    254  2.221010928130774E-004  3.696870162494890E+001
    413  2.214199780711872E-004  5.407796767412047E+001
     39  2.171215102657048E-004  2.419216907562118E+001
    538  2.135700415669510E-004  8.801939400846273E+001
    844  2.128064691405393E-004  1.182236522024691E+002
    777  2.126427419639538E-004  1.150636811545726E+002
    998  2.117898400923904E-004  1.301241144683907E+002
    675  2.094512159948230E-004  1.101932688761904E+002
    593  2.089676924520238E-004  1.074633420950339E+002
    631  2.089432008281078E-004  1.086593678715634E+002
    626  2.083509598031650E-004  1.085197354965440E+002
    379  2.078357233816773E-004  4.610002508350383E+001
   1013  2.040758969389909E-004  1.306191025791559E+002
    114  2.017780583222953E-004  2.903390568794284E+001
    580  1.989148310919756E-004  1.069063882425304E+002
    829  1.975742423574147E-004  1.175434491795728E+002
     64  1.896061119113593E-004  2.637954322898939E+001
   1060  1.828420921249744E-004  1.336329109810919E+002
    544  1.816448558257103E-004  1.037287728441322E+002
    669  1.808784296913632E-004  1.098991161820264E+002
     90  1.793692305664902E-004  2.792299487571685E+001
    427  1.785768775519599E-004  5.530625255614972E+001
    894  1.733819744267392E-004  1.226855190700912E+002
     69  1.722501298495417E-004  2.667931486079132E+001
    311  1.688254494457081E-004  3.939193935233331E+001
    576  1.676168301598339E-004  1.068188420241767E+002
   1055  1.667113273022674E-004  1.332315483337306E+002
     76  1.663823093600374E-004  2.719040433196805E+001
    151  1.659698966976435E-004  3.097448214004631E+001
    270  1.645034604986900E-004  3.767493462479421E+001
    835  1.644457165173507E-004  1.176766134664512E+002
     81  1.635503972231232E-004  2.737831616504717E+001
    948  1.635126985863797E-004  1.280530341997139E+002
    518  1.623710572102193E-004  6.116565427175681E+001
    778  1.610860576061963E-004  1.153062331743218E+002
    335  1.604905659291595E-004  4.064698242871874E+001
    810  1.565654548713371E-004  1.168542717379606E+002
    817  1.554328010756253E-004  1.171745914510001E+002
    824  1.532637220045581E-004  1.173851057796732E+002
    397  1.520634663195914E-004  5.292984574180642E+001
    473  1.516464433639624E-004  5.864875851961727E+001
    209  1.504454356780145E-004  3.420776675567321E+001
   1006  1.503822488634180E-004  1.303473844140781E+002
     14  1.497553503731453E-004  2.047451167645159E+001
    448  1.486453565680329E-004  5.707216855561523E+001
    977  1.480113768027654E-004  1.291448023039548E+002
   1072  1.479400806184265E-004  1.354275255218108E+002
    551  1.476748889369518E-004  1.044758850995860E+002
     16  1.473644266430506E-004  2.083990463296455E+001
     18  1.448505286820458E-004  2.124694793769305E+001
     58  1.430853218078477E-004  2.603619761911758E+001
   1062  1.399133071332393E-004  1.338537297016246E+002
    498  1.388792109582121E-004  6.006055704270973E+001
    415  1.367023895676237E-004  5.409773008136273E+001
      4  1.362068494539909E-004  1.555889535187236E+001
    549  1.361201509869887E-004  1.043755820157491E+002
    378  1.353366553771844E-004  4.609481655347708E+001
    902  1.345585480307474E-004  1.246861225619736E+002
    110  1.337474451839330E-004  2.890337161783228E+001
    232  1.315870335749539E-004  3.530982942235851E+001
    654  1.308135700198343E-004  1.091774321289355E+002
    554  1.291586468281606E-004  1.048978551747549E+002
    523  1.285734813259939E-004  6.195141091349550E+001
    407  1.283306507708551E-004  5.355040632372296E+001
    248  1.278611843355319E-004  3.617742791171408E+001
    329  1.275454764339458E-004  3.994917835777716E+001
   1038  1.273786967441901E-004  1.317153469634680E+002
     57  1.234202261618733E-004  2.601044601303876E+001
    807  1.215304942886485E-004  1.166040027024774E+002
    534  1.196225008051926E-004  6.352992396574133E+001
    797  1.179458086727580E-004  1.161224071144865E+002
    661  1.179089492512310E-004  1.094040232551639E+002
    557  1.158977638817737E-004  1.053298087456868E+002
    988  1.136959608602904E-004  1.295230022337254E+002
   1033  1.134086673606439E-004  1.314921549657209E+002
    854  1.129045337902265E-004  1.190938927222375E+002
    803  1.125225864257774E-004  1.163959410830473E+002
   1066  1.114508639770095E-004  1.341339055776214E+002
    467  1.100160934850244E-004  5.850070475174659E+001
     67  1.086760727740982E-004  2.663955326886673E+001
     80  1.054212949809559E-004  2.737665388114407E+001
     94  1.053281328641719E-004  2.803048707399637E+001
    241  1.039870534287482E-004  3.573178726353736E+001
    604  1.037417083731385E-004  1.078901483894559E+002
    380  1.022874229088043E-004  4.621788456267294E+001
    476  1.021557879257761E-004  5.874284760292872E+001
    399  1.010773532160151E-004  5.300117686152819E+001
    290  1.006690830279107E-004  3.834059039797889E+001
    166  1.004298021664695E-004  3.197534022905977E+001
    341  9.623878899738072E-005  4.207899368185591E+001
   1045  9.617790464580255E-005  1.322246800166877E+002
    402  9.597857209607678E-005  5.323403324336612E+001
    751  9.572432045451120E-005  1.129352725370382E+002
     91  9.537003905817106E-005  2.795709450840539E+001
    836  9.450515111263986E-005  1.177792466123822E+002
    300  9.450221448507250E-005  3.871033423098082E+001
    667  9.387747147480333E-005  1.098231148083649E+002
      5  8.960911391752608E-005  1.580375607842547E+001
    205  8.944902042664577E-005  3.418138862993963E+001
    108  8.826912672936960E-005  2.884206820739177E+001
    602  8.512184751611054E-005  1.078335831208874E+002
    163  8.476753173226816E-005  3.148605603035891E+001
    398  8.414284768677519E-005  5.298968704937109E+001
   1069  8.270757922773081E-005  1.347402109836953E+002
     32  8.212896697209620E-005  2.386019687247388E+001
   1067  8.171121893719093E-005  1.341872351276505E+002
    683  8.141853742010890E-005  1.107854094171573E+002
    540  8.115761587086938E-005  1.019596674086986E+002
     31  7.841488987386033E-005  2.349957735236975E+001
    533  7.650319344461198E-005  6.344214913117692E+001
    453  7.588996110169984E-005  5.734859743017803E+001
    742  7.181070832922071E-005  1.126546326383816E+002
    827  7.141997447546355E-005  1.174913134466901E+002
    372  7.112830126118940E-005  4.569660817760900E+001
    637  7.064375606699229E-005  1.087708716348475E+002
    233  6.873700395880880E-005  3.536858076063520E+001
    253  6.871540270817507E-005  3.690338042035397E+001
    303  6.847262417970443E-005  3.891633174738261E+001
   1001  6.839317006484059E-005  1.301907504163165E+002
    346  6.763665189408259E-005  4.251353138364797E+001
    177  6.756033223370224E-005  3.286305119332699E+001
    504  6.699442229843471E-005  6.073767201700102E+001
    997  6.658205349522910E-005  1.300952728722026E+002
    691  6.657309444594777E-005  1.109942746792360E+002
    400  6.656581913408398E-005  5.304406357850599E+001
    727  6.551009207553031E-005  1.123838421661365E+002
    991  6.497528438757398E-005  1.298309517843196E+002
    883  6.411803554982092E-005  1.212822283474710E+002
    765  6.334714467770943E-005  1.138034732037320E+002
    330  6.257795132660073E-005  4.000719691328421E+001
    609  6.136793622095689E-005  1.080529774194348E+002
    326  6.053046646908668E-005  3.980074663620405E+001
    820  6.036897731104276E-005  1.173160626674297E+002
     33  5.992825739482653E-005  2.387502434282544E+001
    615  5.979605559513580E-005  1.081646255451844E+002
    979  5.951596002190141E-005  1.292073280791942E+002
   1036  5.892670719551069E-005  1.315563975924429E+002
    464  5.798740352443130E-005  5.841767339850505E+001
    142  5.774167930405331E-005  3.011700635419402E+001
   1018  5.765075575623342E-005  1.307425624046459E+002
    139  5.661789694510863E-005  3.001327528760398E+001
    264  5.644164560620617E-005  3.760740200223662E+001
    992  5.549018210523611E-005  1.299169051159237E+002
    905  5.547698363440408E-005  1.252963463377060E+002
    658  5.519337947413587E-005  1.092752908733605E+002
    838  5.497282747903438E-005  1.178077045912047E+002
    229  5.484491764746817E-005  3.477639317683153E+001
    597  5.438119291776340E-005  1.076362394255561E+002
     44  5.407891284557636E-005  2.487547588775838E+001
    273  5.350719926254553E-005  3.771236202405859E+001
    266  5.348029767778116E-005  3.763404507858488E+001
    760  5.337721218216934E-005  1.133648679091437E+002
     95  5.306568619300980E-005  2.806113631432304E+001
    301  5.224725523237270E-005  3.874125966254066E+001
    886  5.186269554736943E-005  1.214498350996194E+002
    389  5.152444655168976E-005  4.924612888004685E+001
    937  5.138283649589693E-005  1.275975168353670E+002
    204  5.073774180322015E-005  3.416741852472765E+001
    768  5.047120070036979E-005  1.140511281344195E+002
    360  5.005084356576492E-005  4.501412031898634E+001
    947  4.985916691269096E-005  1.280025795512814E+002
     11  4.960201761422176E-005  1.771447447329438E+001
    306  4.956371717696757E-005  3.922583615449084E+001
    436  4.949196048046968E-005  5.562240782737462E+001
    113  4.925046649613152E-005  2.894608485543543E+001
     42  4.916363034271097E-005  2.442065503900721E+001
    995  4.896135316182616E-005  1.300556822463785E+002
    327  4.796915477968336E-005  3.980649710729982E+001
    940  4.722152281381673E-005  1.277053477702196E+002
    287  4.682763047216073E-005  3.806334999222836E+001
    188  4.573310587562534E-005  3.343297855491465E+001
    120  4.553646832290469E-005  2.935022978395871E+001
    259  4.533831061048494E-005  3.731129763636223E+001
     20  4.448855130417324E-005  2.146722812704134E+001
    955  4.446869280344994E-005  1.283043098504922E+002
    293  4.414237665802076E-005  3.840315559517953E+001
    942  4.364009280163848E-005  1.277896527703618E+002
    500  4.341683702858036E-005  6.016266526055261E+001
    968  4.324420235058670E-005  1.287893908307005E+002
    962  4.300129147872980E-005  1.284190833846668E+002
    755  4.280402250315184E-005  1.130537195644052E+002
    687  4.252058468341997E-005  1.108477970364615E+002
     40  4.209363612829669E-005  2.429142631572386E+001
    356  4.176982166569716E-005  4.399929676237998E+001
    337  4.148272898198818E-005  4.125439580477820E+001
    630  4.147325480805226E-005  1.086464564510315E+002
    763  4.012863317261442E-005  1.136578287383470E+002
    952  4.000507332008718E-005  1.282170243378332E+002
    199  3.970602017885435E-005  3.411214171315592E+001
    635  3.961262255094640E-005  1.087402789130293E+002
     36  3.948044554762206E-005  2.408548968715760E+001
    821  3.884115988369530E-005  1.173213489801490E+002
    960  3.841144613583891E-005  1.283710541965592E+002
    600  3.839639688365517E-005  1.078192567961393E+002
    646  3.759517607250008E-005  1.089039652974663E+002
    347  3.724423372343499E-005  4.251894246220620E+001
    884  3.625043796681814E-005  1.212913619330936E+002
    868  3.557332475468387E-005  1.199994649602093E+002
    967  3.537671876440773E-005  1.287730879251822E+002
    945  3.513322367975057E-005  1.278945431870569E+002
    689  3.508004009017275E-005  1.108992280227757E+002
     85  3.451423462236153E-005  2.757726243328665E+001
    333  3.439469338962897E-005  4.050570323460023E+001
   1014  3.431762241341558E-005  1.306579532637773E+002
    103  3.428164849668274E-005  2.854698030319213E+001
    210  3.389136729013858E-005  3.421873300884823E+001
    140  3.376720156171975E-005  3.002380690834687E+001
    255  3.370472093227323E-005  3.705801266502003E+001
    559  3.322109659853965E-005  1.054467335457494E+002
    364  3.298091745935714E-005  4.528995878587361E+001
    449  3.284230518896140E-005  5.713782918039372E+001
     10  3.259222345916707E-005  1.630017574824609E+001
     98  3.203030532284428E-005  2.810036398063808E+001
    112  3.185213088867839E-005  2.893182478938967E+001
    890  3.175764362010354E-005  1.222269695705770E+002
    545  3.171639859735779E-005  1.038885725205099E+002
    126  3.137252283996782E-005  2.957864372821811E+001
    783  3.113298637694480E-005  1.155776779712016E+002
    289  3.105985590466397E-005  3.832422991649202E+001
   1075  3.083281290791795E-005  1.852007864492208E+002
   1008  3.078114562917277E-005  1.304054287055121E+002
    918  3.022112168493869E-005  1.263810693695273E+002
    186  3.016139091924381E-005  3.335079910483972E+001
    950  3.007500612335679E-005  1.281356928004739E+002
    321  2.934495552811985E-005  3.959878738143280E+001
     12  2.913761464413048E-005  1.791855268392995E+001
    812  2.903404701859246E-005  1.169499526914024E+002
    645  2.848798425812195E-005  1.088758352374567E+002
    325  2.833988867974570E-005  3.979678053884171E+001
    385  2.817025304035103E-005  4.744969147605799E+001
     96  2.789635630566611E-005  2.807603105873968E+001
    207  2.782789048224122E-005  3.419271829752626E+001
   1009  2.771527949053737E-005  1.304609142394732E+002
     63  2.760643845461570E-005  2.633691355837915E+001
    409  2.746256132597559E-005  5.377950655266745E+001
    282  2.744439849811996E-005  3.781601762519486E+001
    272  2.734873184222296E-005  3.770876893490352E+001
    193  2.708026908039724E-005  3.387383688791338E+001
     21  2.680873922267837E-005  2.149552581175353E+001
     66  2.662691662506515E-005  2.653041695388611E+001
    617  2.662376301106046E-005  1.082069188907082E+002
    451  2.660855863394471E-005  5.726939793781466E+001
     54  2.627343740413069E-005  2.537118147105558E+001
    663  2.575443471875148E-005  1.095408569103236E+002
    486  2.569455266119763E-005  5.898078655703418E+001
    298  2.558427130121724E-005  3.860785506393049E+001
    976  2.544041988969133E-005  1.291265023483052E+002
    919  2.541697107482696E-005  1.264669767465423E+002
    599  2.534026373224254E-005  1.077354408464688E+002
    312  2.523517171892356E-005  3.940338989709551E+001
    355  2.482859202365210E-005  4.365668409738398E+001
    697  2.443290970478746E-005  1.111168086390436E+002
    519  2.435730511184898E-005  6.116666091909611E+001
    143  2.426202303677725E-005  3.021552765862468E+001
    278  2.402319818252732E-005  3.775225448216675E+001
    700  2.384082164731719E-005  1.112187707043413E+002
    102  2.379501395018507E-005  2.838723287464182E+001
    796  2.355831000065336E-005  1.160406419035091E+002
    343  2.320597090833432E-005  4.223776350771931E+001
    271  2.298792526548203E-005  3.769377629908810E+001
    954  2.281934620117679E-005  1.282848493157465E+002
    349  2.263628538611965E-005  4.279212686889406E+001
    731  2.254289441470703E-005  1.124795031346507E+002
     93  2.233914177936978E-005  2.801831476528660E+001
    394  2.216684204033085E-005  5.275338077531283E+001
    568  2.201633551248252E-005  1.063884322375297E+002
    322  2.166907022034687E-005  3.962934885257222E+001
    340  2.137887066773982E-005  4.203744443197692E+001
    785  2.130994193523863E-005  1.156515149006221E+002
    247  2.088763796346616E-005  3.613855018049320E+001
    115  2.084695199444389E-005  2.908676806680809E+001
     97  2.079052580153155E-005  2.809615145046481E+001
   1076  2.072590603377865E-005  1.858411948136732E+002
    757  2.067903473455815E-005  1.131455979007981E+002
    196  2.062183991779655E-005  3.402217963204272E+001
    866  2.042654324948647E-005  1.198737679274225E+002
    217  2.040338447451091E-005  3.432077633458158E+001
    198  2.039483704505329E-005  3.410095577154824E+001
    274  1.999938593952365E-005  3.771469066363962E+001
     45  1.971078076481319E-005  2.505629895200580E+001
    895  1.949588935889775E-005  1.231922658586809E+002
    279  1.938053089384962E-005  3.776291602598710E+001
    158  1.935939755864593E-005  3.138637587596471E+001
    332  1.920421501399094E-005  4.036182328117159E+001
    262  1.919986636939525E-005  3.754826259370084E+001
     65  1.914056649238261E-005  2.645533186342116E+001
    784  1.895251427103128E-005  1.156115101864969E+002
    414  1.889521985679570E-005  5.408443269732371E+001
    514  1.884554868071240E-005  6.112143562944963E+001
    541  1.871257936176259E-005  1.020561485810812E+002
    958  1.833723937050332E-005  1.283326337970340E+002
    607  1.823188117918152E-005  1.079782277499060E+002
    183  1.816092836348187E-005  3.317747871488443E+001
    195  1.804665828939095E-005  3.399004655216064E+001
    286  1.767259292483277E-005  3.806107114689090E+001
    148  1.748149190301981E-005  3.055713011308698E+001
     46  1.705159940297063E-005  2.508968851186969E+001
     52  1.701802208114187E-005  2.532370304309600E+001
    842  1.663355040324688E-005  1.180365480395604E+002
    611  1.647746497440641E-005  1.080609110523806E+002
    246  1.638069157206705E-005  3.612200287477440E+001
    318  1.634208459356494E-005  3.952690512520030E+001
    505  1.632260598823020E-005  6.089365906344585E+001
    138  1.628745832863637E-005  2.998810658959070E+001
    132  1.615682141041110E-005  2.978147182311027E+001
    184  1.587050249318476E-005  3.328145954751520E+001
     78  1.572869960132170E-005  2.724001953302053E+001
    383  1.562853529894395E-005  4.665506804468283E+001
    109  1.525448496956998E-005  2.888359254004277E+001
    245  1.506875073024994E-005  3.584895809931362E+001
    357  1.483547906186332E-005  4.413715889769129E+001
    515  1.480323215837773E-005  6.113166482037749E+001
    875  1.476106996073309E-005  1.206504418490652E+002
    133  1.469573598526820E-005  2.980777525245198E+001
    331  1.440116069697088E-005  4.033978069592825E+001
    659  1.434331247123041E-005  1.093169473413985E+002
    802  1.402168595169401E-005  1.163074247182627E+002
    239  1.397945957121545E-005  3.564788119351169E+001
    536  1.382289711811955E-005  7.244369170766353E+001
    984  1.381716312672539E-005  1.293776492189174E+002
    215  1.351195674672559E-005  3.430912489816387E+001
    191  1.327382423155481E-005  3.372798248811258E+001
    131  1.322021944996305E-005  2.976719894627799E+001
     68  1.319296240420524E-005  2.665958995788216E+001
    105  1.315614174018837E-005  2.872870804936272E+001
    202  1.312917314263740E-005  3.414693728338715E+001
    944  1.292544069932722E-005  1.278264506290159E+002
    348  1.291692110546587E-005  4.278252907839931E+001
    745  1.286411553252921E-005  1.127541380335163E+002
     34  1.266114079404259E-005  2.394870774261297E+001
    716  1.245526252494577E-005  1.119313653155845E+002
     70  1.242370632568466E-005  2.683332853591699E+001
    369  1.241589339412024E-005  4.556664797594529E+001
   1061  1.238739178684317E-005  1.338239896777959E+002
    986  1.238061008060903E-005  1.294778988001748E+002
     29  1.235363135796135E-005  2.304600720746813E+001
    587  1.232373250270867E-005  1.072564562863978E+002
    309  1.220602494525772E-005  3.929268620446922E+001
    141  1.211559875318225E-005  3.005205957969120E+001
    159  1.207948077585165E-005  3.140014259635325E+001
    320  1.207021642077159E-005  3.958466091098631E+001
    212  1.204048468484063E-005  3.425448747044050E+001
    230  1.202261708758837E-005  3.507000892128892E+001
    134  1.151358881851135E-005  2.989081555609098E+001
    636  1.146998751074648E-005  1.087412284437008E+002
    510  1.137481271798650E-005  6.106496915014706E+001
    481  1.111117815922243E-005  5.889564718758225E+001
    144  1.106049567177320E-005  3.023024488043693E+001
    344  1.105602039592339E-005  4.229281490750487E+001
     86  1.104217000400940E-005  2.760340701365068E+001
    218  1.101206960950702E-005  3.434087154455664E+001
    156  1.082231838755050E-005  3.133959801814033E+001
    153  1.075677021918051E-005  3.119128674334460E+001
    121  1.074399914425103E-005  2.937009161569695E+001
    283  1.065631908092696E-005  3.781664732037148E+001
    244  1.062680430681826E-005  3.582009297825139E+001
    221  1.059956207359827E-005  3.444064242877499E+001
    223  1.057945685035449E-005  3.452101188794168E+001
    197  1.040419092482246E-005  3.407091137263039E+001
    405  1.031623568859724E-005  5.340951413863353E+001
    401  1.026909987609658E-005  5.310952948046032E+001
    916  1.011373325361310E-005  1.261858055404796E+002
     75  1.009773599189043E-005  2.717284531466260E+001
    352  9.954950989696489E-006  4.345183818831803E+001
     43  9.848312164359432E-006  2.485090944939308E+001
    717  9.480124197083635E-006  1.119901298340990E+002
    265  9.373043816095690E-006  3.762418150997995E+001
    762  9.307459631413055E-006  1.134504722361933E+002
    106  9.117710787980634E-006  2.873147041157064E+001
    741  8.897671027140881E-006  1.126383251241469E+002
    174  8.879440997593231E-006  3.277024257542895E+001
    564  8.831231781288763E-006  1.059223740174141E+002
    194  8.735898612011150E-006  3.388123191050668E+001
    256  8.698803238703114E-006  3.708485200545782E+001
    135  8.597131479553938E-006  2.990996926970350E+001
    351  8.587423884378277E-006  4.290814690346715E+001
    495  8.549987723273999E-006  5.971063876484735E+001
    182  8.387310596380454E-006  3.313118961536368E+001
     62  8.331160146734897E-006  2.630569023157911E+001
     74  8.245404306120474E-006  2.706787664592100E+001
    168  8.228477384998409E-006  3.223239881301075E+001
    137  8.223767972375775E-006  2.996307755422044E+001
    843  8.223194057638471E-006  1.181049125326048E+002
    238  8.153221742991151E-006  3.562010162214489E+001
    858  8.136090421763116E-006  1.193043137223610E+002
    281  8.028270840266813E-006  3.778222215271058E+001
    911  7.915478772389113E-006  1.258968376271585E+002
   1064  7.912148588106635E-006  1.339182935247794E+002
    913  7.789720075890902E-006  1.260963173315474E+002
    365  7.755546478178338E-006  4.540196146988517E+001
    374  7.695607178738325E-006  4.576894168844035E+001
    463  7.676600167340543E-006  5.840368106338346E+001
     22  7.584040974832088E-006  2.149928230079738E+001
    738  7.545390796887586E-006  1.126248828969786E+002
    172  7.475485629269749E-006  3.254695536480502E+001
    774  7.443718102608002E-006  1.147299018357027E+002
    678  7.393191840161550E-006  1.105298402911861E+002
    873  7.350266231273348E-006  1.205400953636918E+002
     41  7.325012153806283E-006  2.434332602389209E+001
    921  7.250517939347915E-006  1.266347372507485E+002
     13  7.202940362309090E-006  2.038781372204352E+001
    316  7.150714430561236E-006  3.947722492082590E+001
    472  7.078135807527796E-006  5.860732378330380E+001
    336  7.028102651356969E-006  4.106442919982931E+001
    267  7.012635658342005E-006  3.763942844703926E+001
    649  6.985443954400526E-006  1.089557122086210E+002
     84  6.951326589222603E-006  2.748397341497807E+001
    537  6.915349477719316E-006  7.348438751630307E+001
    926  6.780461421508520E-006  1.269935099435139E+002
    560  6.774852554972840E-006  1.057397922085461E+002
    573  6.757719242976268E-006  1.066520968004064E+002
    694  6.712133213273895E-006  1.110208923005156E+002
    934  6.709125471067705E-006  1.274026915475210E+002
    795  6.638980392299211E-006  1.159446042090269E+002
    493  6.611237951095094E-006  5.956939432616837E+001
    338  6.537181305283981E-006  4.143596746217444E+001
    686  6.536499137537493E-006  1.108321598991433E+002
    107  6.530990820500382E-006  2.880093649968087E+001
    789  6.511218490946643E-006  1.157939903252585E+002
    924  6.459290946613690E-006  1.267645350898773E+002
      1  6.427178613858580E-006  1.480943860687432E+001
    236  6.330811765506954E-006  3.558504171265294E+001
    621  6.302353375924591E-006  1.083828600305560E+002
      6  6.230545636564399E-006  1.593905863128156E+001
   1074  6.125354773416755E-006  1.357832717908243E+002
    155  6.117089527304594E-006  3.129077640287002E+001
    101  6.092276063754682E-006  2.816121926613436E+001
    512  6.064340752503034E-006  6.110465593383906E+001
     28  6.037408126106421E-006  2.303576073275412E+001
    116  5.771365236591431E-006  2.910094471225916E+001
    989  5.690377457860809E-006  1.296856498562064E+002
    317  5.675687252295075E-006  3.952108816795088E+001
    211  5.583903122485041E-006  3.422885497659050E+001
    213  5.534894128888164E-006  3.426923698719692E+001
    710  5.503161312565933E-006  1.117114283703663E+002
    943  5.298114808958063E-006  1.278255860865938E+002
    830  5.238005461780033E-006  1.175448785112390E+002
    618  5.236971137401697E-006  1.083041655146542E+002
    416  5.213536687486516E-006  5.412105627361211E+001
    746  5.196985459400812E-006  1.128150956859242E+002
    853  5.167370686457669E-006  1.189950762444425E+002
     50  5.145134297065342E-006  2.524792740229145E+001
    334  5.056557278426878E-006  4.055961280242965E+001
    555  4.968279620046221E-006  1.049505825405343E+002
    167  4.940781345148006E-006  3.206734480721192E+001
    719  4.928897030844997E-006  1.120361196403708E+002
    219  4.923859932933310E-006  3.435584966495736E+001
    577  4.821846553811916E-006  1.068269012623950E+002
    206  4.804922890102279E-006  3.418711639611698E+001
    730  4.804233511458740E-006  1.124678820560711E+002
    513  4.804112219382857E-006  6.111701004965728E+001
     51  4.772551766294914E-006  2.527497960196780E+001
    382  4.752153113268475E-006  4.661435463500721E+001
    269  4.709559541709780E-006  3.766609016559832E+001
   1077  4.689105192635732E-006  6.189178021453241E+002
     30  4.647941151517317E-006  2.339033246897357E+001
     59  4.567580753481273E-006  2.608228483109795E+001
    613  4.554530143881167E-006  1.081325074305931E+002
   1057  4.517267594556233E-006  1.332882698940204E+002
    520  4.481192815958717E-006  6.117519869664547E+001
    150  4.394632837642430E-006  3.095380367517388E+001
    226  4.389380077135854E-006  3.460914941435140E+001
      2  4.297655073666567E-006  1.507477314615795E+001
    323  4.271643110690524E-006  3.963162035223775E+001
    203  4.267398407090565E-006  3.415596231316062E+001
    377  4.137973963516719E-006  4.580996274485975E+001
    444  4.055867168044129E-006  5.640873014994138E+001
    104  4.011707216346984E-006  2.863475114667724E+001
    769  3.961607101150460E-006  1.141494817506874E+002
    855  3.907657433449976E-006  1.192335282432478E+002
    429  3.899735736027662E-006  5.542704693693687E+001
    324  3.893941389508760E-006  3.965813849875591E+001
    702  3.892633609788411E-006  1.112791472783473E+002
    561  3.841170797228594E-006  1.057823475786052E+002
    542  3.728111706880070E-006  1.021380905135569E+002
      3  3.695939610154655E-006  1.530095081680193E+001
    268  3.594972265583952E-006  3.765614789507087E+001
    147  3.592361732652146E-006  3.045498909450352E+001
    521  3.556909859857363E-006  6.120499406654021E+001
    524  3.538281186985761E-006  6.196836567938324E+001
    176  3.426581130969916E-006  3.283702642513862E+001
    502  3.387046704940348E-006  6.033057478557798E+001
    234  3.372052258805923E-006  3.541632958107625E+001
   1034  3.338866047927975E-006  1.314975717016592E+002
    565  3.329450485036123E-006  1.059848591127986E+002
    240  3.263387506557928E-006  3.568815433410965E+001
    299  3.260947972600951E-006  3.861147003050849E+001
    285  3.216070454901963E-006  3.794670187788559E+001
    517  3.187527810025963E-006  6.116283191518230E+001
    165  3.153712674328814E-006  3.194792507678593E+001
    706  3.143040755148698E-006  1.115644797142602E+002
    308  3.135967706817341E-006  3.924824416979163E+001
    929  3.131268504388233E-006  1.272324166790593E+002
     55  3.029860072837775E-006  2.564739582447731E+001
    973  2.963378421026814E-006  1.290303348922233E+002
    639  2.961890614552761E-006  1.087924757147032E+002
    123  2.952553555717573E-006  2.945706723223188E+001
    479  2.934418460431580E-006  5.886156225440574E+001
    672  2.889099970405857E-006  1.100523893058521E+002
    305  2.865394804437379E-006  3.919092577852600E+001
    307  2.861557526914682E-006  3.924418415703018E+001
    892  2.856581020856038E-006  1.223146913863671E+002
    410  2.850092781029191E-006  5.380004782230375E+001
    780  2.801254898310456E-006  1.153482258688003E+002
    420  2.770426897079097E-006  5.464265012038360E+001
    128  2.712465967333341E-006  2.964876822252022E+001
    610  2.705901359419533E-006  1.080548791140610E+002
     37  2.664362025450983E-006  2.413005277682491E+001
    528  2.645592428957950E-006  6.211763689923020E+001
     99  2.642618584059589E-006  2.813215700322161E+001
    275  2.624559432502333E-006  3.771871208633355E+001
    242  2.617952065604349E-006  3.575330164903793E+001
     48  2.570974717590151E-006  2.521050943974308E+001
    171  2.556940772276077E-006  3.251692712246987E+001
    863  2.520351336054670E-006  1.194780899982511E+002
    643  2.517408414935395E-006  1.088529165631816E+002
    496  2.512484784778156E-006  5.977778544840232E+001
    771  2.502574660378810E-006  1.142541813627527E+002
    304  2.491584519258881E-006  3.902642388250331E+001
     61  2.415215449402670E-006  2.623624111749398E+001
    339  2.373961884333528E-006  4.199721405536648E+001
    930  2.364801539797364E-006  1.272550109882912E+002
    111  2.347670846664355E-006  2.891758955889047E+001
    359  2.320492317464272E-006  4.440820660542785E+001
    187  2.264478510500159E-006  3.338593491458187E+001
    310  2.243456917901174E-006  3.933560718805473E+001
    605  2.234249624764021E-006  1.079476682950407E+002
    484  2.138328214457668E-006  5.894622531819898E+001
    157  2.132123504895964E-006  3.136040875348826E+001
   1011  2.075365932473685E-006  1.305590563134582E+002
    277  2.026115799367898E-006  3.774405278528796E+001
    345  2.016225004275322E-006  4.248475366295001E+001
    676  2.009814896553344E-006  1.102968009656115E+002
    314  1.999291257441169E-006  3.944402428691944E+001
    376  1.996532190972570E-006  4.578482274843697E+001
    511  1.898576027597776E-006  6.108291035790679E+001
    161  1.828669755084118E-006  3.141544799468193E+001
    152  1.814286380335185E-006  3.107793476288124E+001
    558  1.806763784128193E-006  1.054235904423783E+002
     89  1.794381912779157E-006  2.787565477396676E+001
    412  1.793866494090654E-006  5.399327798218789E+001
    162  1.780523496522623E-006  3.142013005221356E+001
    175  1.777274230325837E-006  3.282740528695558E+001
    624  1.771300916271182E-006  1.084534043855216E+002
    584  1.762676576937056E-006  1.071415131646536E+002
     83  1.733836697141507E-006  2.745200449399356E+001
    214  1.720066261795841E-006  3.429158842681225E+001
    567  1.705541270247004E-006  1.061175767374582E+002
    136  1.681804922250564E-006  2.995197020395121E+001
    361  1.650318165584084E-006  4.509188248244521E+001
    471  1.584608359834591E-006  5.859921299406331E+001
    974  1.580543003153587E-006  1.290391941684268E+002
    130  1.572272612359516E-006  2.969026097336859E+001
    725  1.560391457176056E-006  1.122622575126908E+002
    594  1.537174639025973E-006  1.075267994995216E+002
    899  1.503941694570878E-006  1.237750393258326E+002
    583  1.497323650869473E-006  1.070323413352247E+002
    674  1.487027330841335E-006  1.101627157855635E+002
     60  1.484814538595447E-006  2.612817271153773E+001
    798  1.475779012134649E-006  1.161233232814441E+002
    880  1.474988622961043E-006  1.209811659012211E+002
    127  1.472052791259459E-006  2.958197907168710E+001
    616  1.431833397922772E-006  1.081902144651443E+002
    529  1.397556547216761E-006  6.213305424318654E+001
    837  1.378389762791405E-006  1.177814246314451E+002
    371  1.340846314877331E-006  4.567834615857563E+001
    574  1.336442631322412E-006  1.067089856517616E+002
    589  1.334180589913970E-006  1.073243551551986E+002
   1046  1.325538310748819E-006  1.322741703884410E+002
     15  1.274593750604016E-006  2.077312965636918E+001
    898  1.268994587959529E-006  1.236287338505038E+002
    848  1.267002986828965E-006  1.185512117490796E+002
    284  1.258536049435689E-006  3.794002386601017E+001
    189  1.255780694417115E-006  3.348575581421191E+001
    896  1.243540989633186E-006  1.231967026860033E+002
    411  1.236932951908920E-006  5.390414096058870E+001
    571  1.209750515691678E-006  1.065760725477823E+002
    670  1.189129536192971E-006  1.099218253642219E+002
    164  1.186052866753523E-006  3.156123118588701E+001
    932  1.184102456108236E-006  1.272890793904072E+002
    250  1.168799918998477E-006  3.645071914574685E+001
    342  1.148752792716880E-006  4.219280462450153E+001
    526  1.127999261720284E-006  6.205614154690332E+001
    627  1.127724873558284E-006  1.085359599099982E+002
    170  1.096762636463493E-006  3.240864442722207E+001
    712  1.096089878207941E-006  1.118479116964762E+002
    119  1.063153701927044E-006  2.929038281335912E+001
    681  1.057766048466074E-006  1.107150530846271E+002
    313  1.054880457541442E-006  3.941220320488696E+001
    791  1.048823848461115E-006  1.158399885308925E+002
    938  1.045163823569401E-006  1.276246332177813E+002
    713  1.012012326172308E-006  1.118750446375970E+002
    237  9.894161451436278E-007  3.561350513334219E+001
     49  9.883543066585944E-007  2.521926711432687E+001
    870  9.773737907464547E-007  1.203621491035894E+002
    185  9.626760632440255E-007  3.329017879350934E+001
    650  9.626654827000455E-007  1.090061273622073E+002
    622  9.608807026094847E-007  1.084041586407917E+002
    909  9.526414791692427E-007  1.256671150468244E+002
    353  9.479082202415110E-007  4.354452657935016E+001
    595  9.427380105001885E-007  1.075727311228692E+002
     88  9.390942405636474E-007  2.776495450944637E+001
    871  9.019672473298152E-007  1.204638135739833E+002
   1000  8.706887639841772E-007  1.301375093272533E+002
    354  8.627329923031330E-007  4.358717802496741E+001
     35  8.495913538204939E-007  2.406163852032448E+001
    220  8.476131305401304E-007  3.440936379612124E+001
    695  8.241794319049263E-007  1.110404578737834E+002
     26  8.240493073051141E-007  2.275577786050195E+001
    261  8.208392821115822E-007  3.751537038816641E+001
    461  7.799101327183614E-007  5.832169084274378E+001
    754  7.790230088283509E-007  1.130532912402911E+002
   1068  7.718302924703024E-007  1.342139437973118E+002
    629  7.694866464643199E-007  1.086436456014825E+002
    388  7.690266423855062E-007  4.916519389587509E+001
    656  7.525042254964678E-007  1.092383325553483E+002
    756  7.362285664699161E-007  1.131019348749128E+002
    367  7.346393272279049E-007  4.546665367422378E+001
    225  7.067120618706441E-007  3.458265676939745E+001
    522  7.001038828817449E-007  6.189501394570030E+001
    276  6.753194395863711E-007  3.774173651101562E+001
    257  6.506691527499117E-007  3.716053985696894E+001
   1005  6.491241303133297E-007  1.302961950162389E+002
    690  6.459762591210645E-007  1.109553167085971E+002
    800  6.424121111849576E-007  1.161811067685375E+002
    370  6.326810004279757E-007  4.562254251008403E+001
     25  6.230927229057839E-007  2.268285797328677E+001
    181  6.161890323969475E-007  3.309588236011395E+001
    641  6.107186354491567E-007  1.088136450829588E+002
    368  6.104988404753635E-007  4.552075151204606E+001
    698  6.006955201090341E-007  1.111543499618823E+002
    737  5.997010675422898E-007  1.125716601108342E+002
    488  5.989171685160463E-007  5.904214899548738E+001
    910  5.929328083800204E-007  1.258349422363612E+002
   1004  5.883092742804821E-007  1.302828791464404E+002
    634  5.850960655175978E-007  1.087110579745548E+002
    845  5.673900693006451E-007  1.182722434309271E+002
    569  5.645279554414606E-007  1.064024371239422E+002
    987  5.633408816564326E-007  1.295218650079724E+002
     56  5.625658596202978E-007  2.577494999028338E+001
    118  5.542932351939730E-007  2.927665934202001E+001
    682  5.536219925467943E-007  1.107795174367904E+002
    596  5.349033694658629E-007  1.076305596761092E+002
    465  5.342872199533405E-007  5.845233409136720E+001
    608  5.250231483594288E-007  1.080310773431174E+002
    437  5.250092038234114E-007  5.567668099873953E+001
   1002  5.216866920494968E-007  1.301955720736593E+002
   1028  5.212848331660044E-007  1.312419762585663E+002
    787  5.166412600777210E-007  1.157066821730262E+002
    907  5.043745348983692E-007  1.254774984052440E+002
    179  4.998669430330780E-007  3.301071504933698E+001
    879  4.943154624970989E-007  1.208628531744268E+002
   1054  4.886401379428587E-007  1.332101619260334E+002
    200  4.855362724412199E-007  3.413076352937113E+001
    971  4.796436194626231E-007  1.289111652451389E+002
    458  4.767718766354568E-007  5.780961640938520E+001
    227  4.682747750501162E-007  3.461221107986133E+001
    709  4.557944863972511E-007  1.116986555393093E+002
    684  4.472051481234497E-007  1.108055531440044E+002
    579  4.464108729733398E-007  1.068810185812333E+002
    375  4.278289467229569E-007  4.577921754207221E+001
    640  4.263765910404271E-007  1.088027953187827E+002
    790  4.206456846766951E-007  1.158127479939932E+002
    129  4.173200718255108E-007  2.967722940199728E+001
    508  4.172924673957844E-007  6.101348113010317E+001
    903  4.166829857485403E-007  1.249295857950171E+002
    469  4.033001564380366E-007  5.857260373695996E+001
    651  3.952363450381178E-007  1.090123807306586E+002
    927  3.924740125315553E-007  1.271118445081471E+002
    828  3.898468378251135E-007  1.175132070682912E+002
    782  3.880116821616937E-007  1.155663554633046E+002
    956  3.815090866806030E-007  1.283075816024711E+002
    295  3.737078440694689E-007  3.844649820311862E+001
    260  3.702050760910664E-007  3.745846822965304E+001
    494  3.617726907000536E-007  5.959072402434833E+001
    252  3.616967192073865E-007  3.681481496629917E+001
    846  3.592190146739219E-007  1.183733977129572E+002
    435  3.559948398172925E-007  5.559833163642786E+001
    192  3.445646308867800E-007  3.373139183933635E+001
    525  3.444589791739415E-007  6.201689187624501E+001
    366  3.438182877342050E-007  4.541480133184800E+001
    501  3.406376340711309E-007  6.025540211442135E+001
    923  3.404485156519803E-007  1.267345977181097E+002
    714  3.264812467889238E-007  1.118865310298163E+002
    590  3.247120440342297E-007  1.073381491314167E+002
   1035  3.168866645078496E-007  1.315022364948826E+002
    928  3.051019961824526E-007  1.271758190169006E+002
    781  3.020965212855769E-007  1.155015502370288E+002
    936  3.011469327485576E-007  1.275963114471066E+002
    794  2.999527311389419E-007  1.159299755047292E+002
    562  2.940181985757744E-007  1.058125905236654E+002
    793  2.883990898647324E-007  1.158943894419280E+002
    491  2.876749264304187E-007  5.916484178919298E+001
    665  2.875891077325168E-007  1.096195054263975E+002
    922  2.866404780607950E-007  1.267277337836395E+002
   1065  2.855992411050505E-007  1.340986810838602E+002
    527  2.853232265844824E-007  6.211137902133680E+001
    625  2.851900177885314E-007  1.084878781680722E+002
    516  2.848494784171332E-007  6.114879167768425E+001
    865  2.836538836913676E-007  1.195233182598442E+002
    851  2.830891874007583E-007  1.189105890777936E+002
    201  2.796264078798568E-007  3.413905621996786E+001
    744  2.695476816061486E-007  1.127340165661099E+002
    733  2.691357688209309E-007  1.125211996768446E+002
    847  2.684131912322396E-007  1.183795327778256E+002
    815  2.615944973088145E-007  1.170844697210597E+002
    441  2.566400790320884E-007  5.602297434426368E+001
    457  2.550759230469705E-007  5.770039153165104E+001
    852  2.540227201002079E-007  1.189308904937423E+002
    707  2.527660570941889E-007  1.116484954290111E+002
     53  2.468407844921456E-007  2.532427500710937E+001
    715  2.466947352316900E-007  1.119122168057061E+002
    315  2.448797178503117E-007  3.946262277995078E+001
    350  2.432496519910688E-007  4.287084402122760E+001
    699  2.328747041778923E-007  1.111753891148923E+002
   1025  2.320504505561781E-007  1.310823101564250E+002
    862  2.287261659447286E-007  1.194326389788892E+002
    804  2.215041876193719E-007  1.164307012054320E+002
    506  2.213575859075942E-007  6.092479484159845E+001
    679  2.189918834659899E-007  1.106299731616480E+002
    216  2.160751515714022E-007  3.431915233475488E+001
    154  2.145359359016031E-007  3.128025029310897E+001
    447  2.093604576943243E-007  5.692641404400948E+001
    490  2.084407063132006E-007  5.909746584665749E+001
    556  2.076474257436414E-007  1.053074591696642E+002
    767  2.076330748265174E-007  1.139787538815297E+002
    703  2.050187059931301E-007  1.113359924967504E+002
    990  2.020428213677324E-007  1.297249883032466E+002
    685  2.020023002915747E-007  1.108208915724099E+002
    509  1.999465430519551E-007  6.104665142125116E+001
    657  1.996618541520882E-007  1.092680437977900E+002
    953  1.987154102323986E-007  1.282835790234384E+002
    985  1.984074394794103E-007  1.294454523269476E+002
    893  1.976957852849655E-007  1.225899968537864E+002
    753  1.957043732880224E-007  1.130399909728984E+002
    786  1.946121488109971E-007  1.156679892855772E+002
    680  1.927076216589118E-007  1.106808485277705E+002
    758  1.904340528203283E-007  1.131945788764974E+002
    208  1.878985303590604E-007  3.420400517096608E+001
   1015  1.874410721597205E-007  1.306693309857935E+002
    117  1.859413987839530E-007  2.915145470361619E+001
    648  1.858111055806079E-007  1.089328290594756E+002
    633  1.852722847855437E-007  1.086770367044967E+002
    849  1.829641734643675E-007  1.186556798515274E+002
    677  1.826401457953469E-007  1.104103779431708E+002
    173  1.797834002769777E-007  3.267731285541730E+001
    586  1.787345852776486E-007  1.072414988471015E+002
    860  1.767111212987430E-007  1.193608179742887E+002
    642  1.766924086232867E-007  1.088349318990273E+002
    959  1.758894503598469E-007  1.283643788123119E+002
    809  1.740955320818193E-007  1.168273457040169E+002
    915  1.735152014376534E-007  1.261627872997085E+002
    816  1.716733539057431E-007  1.170854692244173E+002
   1016  1.710742742195704E-007  1.306784011483153E+002
    823  1.699743538077709E-007  1.173434151863991E+002
    638  1.693265091602055E-007  1.087773663504995E+002
    662  1.671011241561053E-007  1.094304874643061E+002
    628  1.624499463419845E-007  1.085999071252231E+002
    711  1.579830240765693E-007  1.117833092223069E+002
    145  1.566795728144291E-007  3.035386176419680E+001
    224  1.541716508337411E-007  3.456258153743839E+001
    601  1.518676235674974E-007  1.078222216339937E+002
    749  1.509013211771249E-007  1.128862829609149E+002
    761  1.497710398593558E-007  1.134019555363662E+002
   1049  1.496981085680452E-007  1.325964910892840E+002
    169  1.476908092801696E-007  3.225245008090104E+001
    263  1.463338375652597E-007  3.756851288337069E+001
    653  1.453975314409880E-007  1.090926521840726E+002
    231  1.397745492543001E-007  3.529195130720404E+001
    931  1.355234691518808E-007  1.272754104030811E+002
    770  1.343509251770922E-007  1.141655133118217E+002
    548  1.291890316980799E-007  1.041098140943872E+002
    732  1.264762590211121E-007  1.124809932511083E+002
    949  1.252557221536629E-007  1.280833568476082E+002
    688  1.225804713632947E-007  1.108652117541332E+002
    963  1.209076292639378E-007  1.284456810480366E+002
    708  1.194461052785859E-007  1.116659378913442E+002
    362  1.172819667044107E-007  4.520209191521082E+001
    933  1.137865164476688E-007  1.272967505112425E+002
   1043  1.136288561015763E-007  1.320181582363304E+002
    994  1.127320199180431E-007  1.299886393654431E+002
    917  1.123261055191615E-007  1.262583151256411E+002
    818  1.121968383430891E-007  1.172202887178189E+002
    373  1.109826949062286E-007  4.573517441489172E+001
    833  1.109159076736396E-007  1.176450554682990E+002
    722  1.099268778647112E-007  1.121989232781130E+002
    668  1.096626856099354E-007  1.098358517134249E+002
    619  1.096038696106832E-007  1.083262496248409E+002
    696  1.064225728412749E-007  1.111110130672436E+002
    146  1.063299710441191E-007  3.038455959742199E+001
    925  1.061990170070207E-007  1.268943605090481E+002
    908  1.057629459201377E-007  1.256350992978881E+002
    721  1.055940405964794E-007  1.121902054803930E+002
    764  1.052305400147590E-007  1.137269990775531E+002
   1037  1.039485875627667E-007  1.316166834102353E+002
    888  1.039053863779580E-007  1.215384892766490E+002
    623  1.038778757545022E-007  1.084311616311891E+002
    406  9.984592745686050E-008  5.347162595814701E+001
    935  9.865910324044571E-008  1.274477748704804E+002
    470  9.655807188305746E-008  5.858950887133865E+001
    882  9.559929016541309E-008  1.212606419968792E+002
    957  9.464251630991265E-008  1.283224605383935E+002
   1073  9.436917194963787E-008  1.355646294676644E+002
    941  9.341892201129643E-008  1.277239710636116E+002
    939  9.285898656943450E-008  1.276788938661296E+002
    489  9.251790940488685E-008  5.906665573291085E+001
   1003  9.208875179234783E-008  1.302792324598297E+002
    788  8.946580367106610E-008  1.157595566872355E+002
    747  8.789016000214631E-008  1.128221651622354E+002
    664  8.753101850368662E-008  1.095868237421283E+002
   1010  8.662639919267655E-008  1.305150376372933E+002
    859  8.553505464489669E-008  1.193117826572047E+002
    235  8.503043553152931E-008  3.553329683850696E+001
    705  8.458822992472785E-008  1.114879185885843E+002
    243  7.954691729479262E-008  3.580427376176280E+001
    704  7.918114243672692E-008  1.114088220449556E+002
    805  7.898283348314753E-008  1.165442309434909E+002
    982  7.342216734785805E-008  1.293230544301462E+002
    891  7.334370865306985E-008  1.222344606190913E+002
    969  7.014800807352510E-008  1.288232913140608E+002
    901  7.008513007311659E-008  1.246352700151236E+002
    149  6.998534414957345E-008  3.064428879965062E+001
    443  6.992956487840771E-008  5.615506371008289E+001
    920  6.967608000177916E-008  1.265729199247587E+002
    644  6.934435099551392E-008  1.088699046594824E+002
    878  6.916514974621309E-008  1.208553192243232E+002
    726  6.767906611843463E-008  1.123280306605216E+002
    792  6.591633577138547E-008  1.158579110744502E+002
     19  6.455035649068175E-008  2.137958735177528E+001
   1059  6.441011369976431E-008  1.335352794510990E+002
    839  6.426469909197835E-008  1.178451551754228E+002
   1056  6.285769568753668E-008  1.332822863268028E+002
    459  6.146406821609316E-008  5.797524108925945E+001
    632  5.757657710966088E-008  1.086732063917954E+002
    180  5.638960853380802E-008  3.306959511625761E+001
    946  5.563642451276216E-008  1.279201366409634E+002
   1030  5.334949334888685E-008  1.313677884464318E+002
    591  5.240843554488826E-008  1.073970459895217E+002
    417  5.157369868759785E-008  5.432386496665636E+001
    799  5.102315225072397E-008  1.161655148393659E+002
    874  5.093133431743944E-008  1.206463359037059E+002
    978  5.029126739611362E-008  1.291764873003617E+002
    424  5.028003302192048E-008  5.504400290817051E+001
    999  5.006166315308985E-008  1.301340763851820E+002
    122  4.896896442363941E-008  2.942821875092930E+001
    876  4.703444657164133E-008  1.207338716680959E+002
    857  4.669559507257408E-008  1.192977858717030E+002
    748  4.657196229146999E-008  1.128453459062848E+002
    856  4.413768879125979E-008  1.192407591408727E+002
   1029  4.376746732696239E-008  1.312589073638632E+002
    808  4.300527077943452E-008  1.166438640424820E+002
    766  4.188100970670750E-008  1.138313497862233E+002
    912  4.172846681326303E-008  1.259977317017505E+002
   1007  4.163925692027065E-008  1.303971511397991E+002
    750  3.853326703188067E-008  1.128980084302201E+002
     87  3.770804396494635E-008  2.773505635732142E+001
   1019  3.664578202677891E-008  1.307856127904329E+002
    614  3.651495313050451E-008  1.081499604581023E+002
    773  3.618793155346514E-008  1.146041296786391E+002
    906  3.596940073932515E-008  1.253859334012492E+002
    692  3.586099431943033E-008  1.109991362888409E+002
   1017  3.544775471230522E-008  1.307020085696559E+002
    606  3.451533966481515E-008  1.079754075340127E+002
    734  3.409011132377278E-008  1.125227414297757E+002
    729  3.361007173076381E-008  1.124070412533170E+002
    877  3.157744704174259E-008  1.207635072396237E+002
    647  3.155814243120107E-008  1.089204596390746E+002
    801  3.078256400635514E-008  1.162412158177078E+002
    980  3.062902531329171E-008  1.292322903638887E+002
    660  3.040107788317471E-008  1.093929129115852E+002
    961  2.891706595427460E-008  1.283826108536399E+002
    743  2.577426449085793E-008  1.126739704882794E+002
   1023  2.543822790340009E-008  1.309907545973144E+002
    428  2.530098689999157E-008  5.539697768550786E+001
    887  2.262008512982136E-008  1.215278324822884E+002
    867  2.232429118056294E-008  1.199420338065019E+002
    222  2.174064194104544E-008  3.444665555523785E+001
    841  2.068191192048891E-008  1.180046875638410E+002
    861  1.934473641593752E-008  1.193618968506130E+002
    125  1.922685115712369E-008  2.955205187993630E+001
    328  1.757096249502318E-008  3.982877398686839E+001
    718  1.596483089543587E-008  1.120307816427976E+002
   1063  1.594446188018583E-008  1.338610239777397E+002
    720  1.577598364270656E-008  1.121496181246094E+002
    124  1.527925655369657E-008  2.953039329658957E+001
    228  1.478681004187004E-008  3.465329128304563E+001
     92  1.475858837766292E-008  2.796966533379813E+001
    603  1.457507609529471E-008  1.078480909052838E+002
    904  1.445534331869627E-008  1.250437756508075E+002
    319  1.442871883131794E-008  3.955367029075058E+001
    806  1.420224572107441E-008  1.165904998677036E+002
    811  1.409782945363262E-008  1.169131613251637E+002
    280  1.409707442410569E-008  3.777070006257392E+001
    819  1.380993227932018E-008  1.172617623112352E+002
    900  1.332612791414185E-008  1.240255399934555E+002
    864  1.243333384602771E-008  1.195154318953015E+002
    776  1.235568229287933E-008  1.150535509847603E+002
   1051  1.203321467024003E-008  1.330173846663143E+002
    752  1.188488580139530E-008  1.129825416205730E+002
    739  1.176992436991827E-008  1.126267264275300E+002
     47  1.150103996311667E-008  2.514695584094496E+001
    965  1.093095379583635E-008  1.286084743618769E+002
    620  1.064191890701204E-008  1.083700393844588E+002
    655  1.061809046145682E-008  1.092114390318620E+002
    996  1.028581577006631E-008  1.300741546440489E+002
    735  1.005768056646391E-008  1.125422257639707E+002
    775  9.720517994836740E-009  1.149447083106751E+002
    914  8.501580397802162E-009  1.261343003660832E+002
    779  8.034607870488338E-009  1.153237642854880E+002
    693  7.726226844288021E-009  1.110198391814811E+002
    581  7.119208578922237E-009  1.069166383916512E+002
    598  6.813403865074267E-009  1.077082259858063E+002
    499  6.623781392601598E-009  6.010190034988052E+001
    612  5.946111264638569E-009  1.080838271474082E+002
    869  5.535400967398876E-009  1.201465244096069E+002
    363  4.986881408615226E-009  4.523665715266514E+001
    834  3.686261219333881E-009  1.176651591794238E+002
    439  3.576758112704513E-009  5.581771077364913E+001
    840  3.034067681164966E-009  1.179674198090055E+002
    759  3.032809959304160E-009  1.132523759465808E+002
    178  3.025218789770561E-009  3.291892583427273E+001
   1040  2.980628188905738E-009  1.318325334098182E+002
    850  2.741022345033679E-009  1.188640670964077E+002
    701  2.386781568273587E-009  1.112655741498095E+002
    740  1.997363898395274E-009  1.126281679605138E+002
    723  1.892460622937220E-009  1.122249597820348E+002
    885  1.875965303999139E-009  1.213849358963692E+002
    993  1.604140901869846E-009  1.299638892136509E+002
    889  1.556083703415829E-009  1.221096476933091E+002
    724  1.149580516690558E-009  1.122474317356576E+002
     72  1.093478797743419E-009  2.695844835194747E+001
    728  1.050592028361051E-009  1.123911467240560E+002
    652  9.759754085038770E-010  1.090805000764319E+002
    951  8.916104836497291E-010  1.282127111215003E+002
   1012  5.995695347616206E-010  1.305860585800326E+002
    813  3.661627044465905E-010  1.170211975618395E+002
    814  2.571296464520857E-010  1.170571282096026E+002
    408  2.261158726701735E-010  5.368647704938994E+001
    983  1.662947744325359E-010  1.293699640118089E+002
    736  1.340966891074166E-010  1.125700463249535E+002
    881  6.138209136566426E-011  1.212001054655417E+002
    190  8.350930512614528E-012  3.352213579831744E+001
    872  3.691873169787074E-012  1.204992644439996E+002
