# Number of modes
   1077
# Tabulated for different initial and final frequencies?
    F
# Mode index, Sj, (highest to lowest), omega_j
    547  8.375105721516951E-002  1.040413527560943E+002
      7  2.097603345030752E-002  1.598850297870253E+001
    475  2.053806303310907E-002  5.870955367754343E+001
    390  1.714313685259084E-002  4.930034545373515E+001
    392  1.288407682328032E-002  4.975569880244111E+001
    460  1.177130419702370E-002  5.821511818989060E+001
     23  1.087700116425042E-002  2.160694502786773E+001
     91  1.032656633138111E-002  2.795709450840539E+001
      8  1.023675782570771E-002  1.603898235084092E+001
    418  1.010565320537466E-002  5.440760214654593E+001
    474  9.951591373959215E-003  5.866520048333617E+001
    421  9.888492166631268E-003  5.469982084171487E+001
    288  8.310170755298316E-003  3.825168870868715E+001
    566  8.156952227114709E-003  1.060197199307676E+002
     24  8.129440716406042E-003  2.165827626673025E+001
     38  8.063615453936275E-003  2.415274881711009E+001
    100  7.761213463753573E-003  2.814590236831992E+001
     27  7.484705641108115E-003  2.288948685305089E+001
    393  6.804709506654379E-003  5.117422678475859E+001
    539  6.658134744586311E-003  1.004038214764926E+002
    537  6.368733057799786E-003  7.348438751630307E+001
    546  6.222164346776625E-003  1.038908634804570E+002
    477  5.920491709294205E-003  5.875439662154096E+001
    462  5.495073608925192E-003  5.834568949164402E+001
    458  5.327173931728956E-003  5.780961640938520E+001
    485  4.906120282812041E-003  5.896971858223063E+001
     64  4.613520582764616E-003  2.637954322898939E+001
    544  4.452603332902971E-003  1.037287728441322E+002
    452  4.362589488839684E-003  5.732416656661538E+001
   1031  4.233647698604134E-003  1.313824495210718E+002
    301  4.185135719151141E-003  3.874125966254066E+001
    551  4.160411596139572E-003  1.044758850995860E+002
    114  4.022595153936802E-003  2.903390568794284E+001
     14  3.983135693826109E-003  2.047451167645159E+001
   1044  3.971226553523274E-003  1.320835593454495E+002
     90  3.909717947687894E-003  2.792299487571685E+001
    433  3.687779219925104E-003  5.552394895078822E+001
     18  3.654999964675180E-003  2.124694793769305E+001
     80  3.464007841748082E-003  2.737665388114407E+001
    549  3.453452862891921E-003  1.043755820157491E+002
    550  3.431745125318908E-003  1.044255141670578E+002
    518  3.391620870288361E-003  6.116565427175681E+001
    165  3.386949262605572E-003  3.194792507678593E+001
    563  3.290292370071430E-003  1.058622417292547E+002
    554  3.200900372558776E-003  1.048978551747549E+002
     58  3.132399636592585E-003  2.603619761911758E+001
    108  3.109800890074832E-003  2.884206820739177E+001
    582  2.948497095015510E-003  1.069886979669129E+002
    431  2.499696459935515E-003  5.545822575490884E+001
     39  2.477791896162813E-003  2.419216907562118E+001
     86  2.459376647806566E-003  2.760340701365068E+001
   1060  2.440787467391579E-003  1.336329109810919E+002
   1069  2.423608788259291E-003  1.347402109836953E+002
    487  2.279624428938794E-003  5.901096182276392E+001
    423  2.243760432939489E-003  5.491452382822700E+001
      5  2.213739756943517E-003  1.580375607842547E+001
     79  2.134403722055560E-003  2.728143790603452E+001
    434  2.129317985284454E-003  5.556859477681133E+001
    384  2.069688716616727E-003  4.693482184770667E+001
     31  2.044722869923610E-003  2.349957735236975E+001
     51  2.001433825079671E-003  2.527497960196780E+001
     42  1.990893442829593E-003  2.442065503900721E+001
     17  1.919309606594889E-003  2.091913438766164E+001
    102  1.908379439322608E-003  2.838723287464182E+001
    422  1.873739451914389E-003  5.478392604221921E+001
   1024  1.863484274808645E-003  1.310472886139475E+002
    232  1.862267331141539E-003  3.530982942235851E+001
    387  1.779658048740461E-003  4.845493173747810E+001
    532  1.646040642633086E-003  6.299204701993657E+001
   1074  1.624129738600258E-003  1.357832717908243E+002
    442  1.583327052049083E-003  5.605259237502305E+001
    110  1.576681397989240E-003  2.890337161783228E+001
    330  1.573912270639313E-003  4.000719691328421E+001
     57  1.547562369063130E-003  2.601044601303876E+001
    105  1.547075653750427E-003  2.872870804936272E+001
    291  1.505706861864513E-003  3.834865717601958E+001
     69  1.504808920832416E-003  2.667931486079132E+001
    298  1.486758587749642E-003  3.860785506393049E+001
    262  1.464312280612891E-003  3.754826259370084E+001
     65  1.445345669737367E-003  2.645533186342116E+001
    177  1.442542541509887E-003  3.286305119332699E+001
    396  1.421154869528322E-003  5.292259014309509E+001
    142  1.419428873302557E-003  3.011700635419402E+001
    199  1.409206154512535E-003  3.411214171315592E+001
    430  1.406001166844082E-003  5.544226538226409E+001
    297  1.402090820333436E-003  3.850412000814609E+001
    152  1.393677873723794E-003  3.107793476288124E+001
    407  1.354901253307550E-003  5.355040632372296E+001
    480  1.354625446819439E-003  5.887142017505539E+001
      2  1.331708820043021E-003  1.507477314615795E+001
    411  1.316384979789483E-003  5.390414096058870E+001
    253  1.301880446609515E-003  3.690338042035397E+001
   1022  1.288442193484248E-003  1.309570316227355E+002
    229  1.263519122240506E-003  3.477639317683153E+001
    673  1.261443317227578E-003  1.101090602242966E+002
    991  1.236310700808985E-003  1.298309517843196E+002
    543  1.236256730622654E-003  1.026098663261161E+002
     22  1.202768053466130E-003  2.149928230079738E+001
    378  1.199413151895821E-003  4.609481655347708E+001
    303  1.164345384903234E-003  3.891633174738261E+001
     52  1.133517243929120E-003  2.532370304309600E+001
    918  1.125923457056479E-003  1.263810693695273E+002
    890  1.122306926766856E-003  1.222269695705770E+002
     11  1.110330446793385E-003  1.771447447329438E+001
   1053  1.100998053213886E-003  1.331993000158318E+002
    666  1.100071673895661E-003  1.096961217429448E+002
    489  1.082227546114672E-003  5.906665573291085E+001
    255  1.062058639641157E-003  3.705801266502003E+001
      4  1.059476272471030E-003  1.555889535187236E+001
    512  1.052135962208112E-003  6.110465593383906E+001
    907  1.051499370185256E-003  1.254774984052440E+002
    592  1.022179336892830E-003  1.074010896433819E+002
    689  1.021598670587012E-003  1.108992280227757E+002
     95  1.016319402678215E-003  2.806113631432304E+001
    405  1.004199912050174E-003  5.340951413863353E+001
    204  9.988083839783813E-004  3.416741852472765E+001
    207  9.972897648352155E-004  3.419271829752626E+001
    308  9.710065669272268E-004  3.924824416979163E+001
    432  9.594905769906215E-004  5.551253331854516E+001
    347  9.575415362230901E-004  4.251894246220620E+001
    536  9.533304833111852E-004  7.244369170766353E+001
    557  9.431753483888527E-004  1.053298087456868E+002
   1057  9.420109852807006E-004  1.332882698940204E+002
    395  9.386322507802647E-004  5.279005865968511E+001
    510  9.286177192147872E-004  6.106496915014706E+001
   1048  9.270990376794136E-004  1.325281096806480E+002
    403  9.250312500423914E-004  5.332276567118551E+001
    825  9.222740975694501E-004  1.174155068731360E+002
   1047  9.202925474315667E-004  1.324683504365100E+002
    552  9.125961853101227E-004  1.045004516183760E+002
    115  9.120337100654640E-004  2.908676806680809E+001
    446  9.060843471753623E-004  5.657515742254393E+001
    453  8.651770934818387E-004  5.734859743017803E+001
    771  8.351057936899265E-004  1.142541813627527E+002
   1075  8.240597336055024E-004  1.852007864492208E+002
    249  8.182470428000213E-004  3.643158917315001E+001
    192  8.056131848899938E-004  3.373139183933635E+001
    383  7.937964722465002E-004  4.665506804468283E+001
    247  7.932823293735370E-004  3.613855018049320E+001
    895  7.877848482400729E-004  1.231922658586809E+002
    222  7.870021099348710E-004  3.444665555523785E+001
     66  7.798817982803754E-004  2.653041695388611E+001
     36  7.790286070820857E-004  2.408548968715760E+001
   1038  7.697785428105283E-004  1.317153469634680E+002
    206  7.649749434267220E-004  3.418711639611698E+001
    847  7.631954218656571E-004  1.183795327778256E+002
    417  7.621117653977224E-004  5.432386496665636E+001
    505  7.563496081534870E-004  6.089365906344585E+001
     20  7.550343600645075E-004  2.146722812704134E+001
    450  7.492824880749967E-004  5.723022636777802E+001
     96  7.282915858938801E-004  2.807603105873968E+001
     81  7.214567494476889E-004  2.737831616504717E+001
    163  7.192413008441479E-004  3.148605603035891E+001
    151  7.002769931028234E-004  3.097448214004631E+001
    161  6.891174011140444E-004  3.141544799468193E+001
     94  6.830227197941390E-004  2.803048707399637E+001
    348  6.758655509661575E-004  4.278252907839931E+001
     33  6.680813706291229E-004  2.387502434282544E+001
    139  6.675047968162666E-004  3.001327528760398E+001
    588  6.594350232859541E-004  1.072780161282308E+002
    483  6.391223167255635E-004  5.892865432514233E+001
   1032  6.379938505576389E-004  1.314270448258869E+002
    385  6.323313141447115E-004  4.744969147605799E+001
    143  6.292680795681819E-004  3.021552765862468E+001
     41  6.224453273807596E-004  2.434332602389209E+001
    997  6.174197159481246E-004  1.300952728722026E+002
    230  6.094092866619206E-004  3.507000892128892E+001
    975  6.079767490773399E-004  1.290479361570385E+002
    797  6.010082014789171E-004  1.161224071144865E+002
    466  5.918860117750703E-004  5.848631456847294E+001
    254  5.912138238060597E-004  3.696870162494890E+001
     85  5.807124205041624E-004  2.757726243328665E+001
    279  5.769332793232141E-004  3.776291602598710E+001
    223  5.699305911553774E-004  3.452101188794168E+001
    186  5.696753094518683E-004  3.335079910483972E+001
     60  5.678922921766925E-004  2.612817271153773E+001
   1021  5.637713088475305E-004  1.308784400027895E+002
    112  5.633063303334961E-004  2.893182478938967E+001
    777  5.562578089216135E-004  1.150636811545726E+002
     44  5.472354167192782E-004  2.487547588775838E+001
    976  5.438683429116191E-004  1.291265023483052E+002
    113  5.427338444387272E-004  2.894608485543543E+001
    495  5.385908572536055E-004  5.971063876484735E+001
    397  5.374976294631269E-004  5.292984574180642E+001
   1072  5.351900293816986E-004  1.354275255218108E+002
    553  5.277273036527897E-004  1.045844149005738E+002
    503  5.091300863934032E-004  6.062899617907863E+001
    282  5.030955308609620E-004  3.781601762519486E+001
    602  5.024666751519834E-004  1.078335831208874E+002
    132  5.018575525420695E-004  2.978147182311027E+001
     71  5.017358534731660E-004  2.691074291878593E+001
    762  5.011053630786394E-004  1.134504722361933E+002
    928  4.978919576861413E-004  1.271758190169006E+002
     53  4.950537842855742E-004  2.532427500710937E+001
    109  4.943921782097498E-004  2.888359254004277E+001
    448  4.914482738767623E-004  5.707216855561523E+001
    197  4.864401835457748E-004  3.407091137263039E+001
    686  4.803130710360908E-004  1.108321598991433E+002
    119  4.789490846531396E-004  2.929038281335912E+001
     82  4.781015933295370E-004  2.744742479332049E+001
    947  4.775313171353462E-004  1.280025795512814E+002
    576  4.771618857409272E-004  1.068188420241767E+002
    425  4.731234721023265E-004  5.512885982268182E+001
    472  4.718308738723844E-004  5.860732378330380E+001
    183  4.706855900353047E-004  3.317747871488443E+001
     74  4.701847677704925E-004  2.706787664592100E+001
    778  4.685015345099451E-004  1.153062331743218E+002
      1  4.679363061464024E-004  1.480943860687432E+001
    221  4.637271293072711E-004  3.444064242877499E+001
    246  4.586161782604690E-004  3.612200287477440E+001
    331  4.569741003936052E-004  4.033978069592825E+001
   1034  4.531618004155227E-004  1.314975717016592E+002
    530  4.530058791343589E-004  6.265828803408258E+001
    125  4.457280428947984E-004  2.955205187993630E+001
    201  4.449831671203456E-004  3.413905621996786E+001
    902  4.350503931996874E-004  1.246861225619736E+002
     78  4.298705371621956E-004  2.724001953302053E+001
    212  4.267464026598429E-004  3.425448747044050E+001
    248  4.250587784025087E-004  3.617742791171408E+001
    822  4.183271779413278E-004  1.173379890193997E+002
    156  4.141251836657826E-004  3.133959801814033E+001
    575  4.085247725185161E-004  1.067636975144964E+002
    106  4.035757355231329E-004  2.873147041157064E+001
    757  4.020550629936556E-004  1.131455979007981E+002
   1027  3.997326127827158E-004  1.311414239553258E+002
     46  3.961790208855951E-004  2.508968851186969E+001
    184  3.951336040748055E-004  3.328145954751520E+001
    203  3.875437935595928E-004  3.415596231316062E+001
   1070  3.843870872588752E-004  1.350535885837313E+002
    802  3.840711616501971E-004  1.163074247182627E+002
    909  3.784727341366196E-004  1.256671150468244E+002
    326  3.777567854323463E-004  3.980074663620405E+001
    138  3.765079341141908E-004  2.998810658959070E+001
    320  3.753924833721617E-004  3.958466091098631E+001
    538  3.720012747681243E-004  8.801939400846273E+001
    768  3.704381018093361E-004  1.140511281344195E+002
    295  3.699518935543876E-004  3.844649820311862E+001
    983  3.694189832936109E-004  1.293699640118089E+002
    944  3.692988560436609E-004  1.278264506290159E+002
    157  3.663466966724839E-004  3.136040875348826E+001
    341  3.649839993810533E-004  4.207899368185591E+001
    593  3.649760649642070E-004  1.074633420950339E+002
    844  3.620279540255615E-004  1.182236522024691E+002
    158  3.611998273743125E-004  3.138637587596471E+001
    202  3.536611723547788E-004  3.414693728338715E+001
    473  3.534659110240786E-004  5.864875851961727E+001
    140  3.525172701134006E-004  3.002380690834687E+001
    196  3.520367064059921E-004  3.402217963204272E+001
    973  3.506893479679922E-004  1.290303348922233E+002
    351  3.480711800094215E-004  4.290814690346715E+001
    611  3.468474453680912E-004  1.080609110523806E+002
    998  3.451172898451066E-004  1.301241144683907E+002
    717  3.421967779871741E-004  1.119901298340990E+002
    266  3.384108866902011E-004  3.763404507858488E+001
    836  3.375991565345106E-004  1.177792466123822E+002
    144  3.369445914240768E-004  3.023024488043693E+001
    270  3.360264504376043E-004  3.767493462479421E+001
    572  3.352686954933713E-004  1.066354688575440E+002
    325  3.331947966030742E-004  3.979678053884171E+001
    698  3.285264316908078E-004  1.111543499618823E+002
     93  3.264316714844115E-004  2.801831476528660E+001
    966  3.257571722109051E-004  1.287120665380274E+002
    545  3.234408166947419E-004  1.038885725205099E+002
    264  3.220476478537681E-004  3.760740200223662E+001
    824  3.207539771672917E-004  1.173851057796732E+002
    829  3.177980489861146E-004  1.175434491795728E+002
   1050  3.177766769829509E-004  1.326682006609648E+002
    281  3.161479112914371E-004  3.778222215271058E+001
    917  3.146609208729470E-004  1.262583151256411E+002
    131  3.119594926251053E-004  2.976719894627799E+001
    116  3.108821707943528E-004  2.910094471225916E+001
    519  3.084136493181111E-004  6.116666091909611E+001
   1006  3.076091575053587E-004  1.303473844140781E+002
    964  3.027619144444452E-004  1.284811881676410E+002
   1067  3.022269046799865E-004  1.341872351276505E+002
    952  3.006765395778717E-004  1.282170243378332E+002
    239  3.000510501121385E-004  3.564788119351169E+001
     40  2.888367760458621E-004  2.429142631572386E+001
    149  2.879017482505599E-004  3.064428879965062E+001
     34  2.878508399041738E-004  2.394870774261297E+001
    335  2.866292962910268E-004  4.064698242871874E+001
     29  2.851583428879122E-004  2.304600720746813E+001
    831  2.832995415219033E-004  1.175849164822640E+002
    133  2.824101464457138E-004  2.980777525245198E+001
    160  2.788968539194975E-004  3.140287364756382E+001
    855  2.774779629396994E-004  1.192335282432478E+002
    134  2.764079227907698E-004  2.989081555609098E+001
    808  2.759465529800094E-004  1.166438640424820E+002
    989  2.755916568190851E-004  1.296856498562064E+002
    960  2.716052948079742E-004  1.283710541965592E+002
    244  2.696240791570326E-004  3.582009297825139E+001
    259  2.680159900848705E-004  3.731129763636223E+001
      3  2.670769577740845E-004  1.530095081680193E+001
    564  2.654397652819751E-004  1.059223740174141E+002
    667  2.648545314169631E-004  1.098231148083649E+002
    541  2.642817933822127E-004  1.020561485810812E+002
    478  2.617447612728639E-004  5.880478287498814E+001
    938  2.613214906345494E-004  1.276246332177813E+002
     43  2.597899652340801E-004  2.485090944939308E+001
    153  2.585017115114841E-004  3.119128674334460E+001
     67  2.581340010707615E-004  2.663955326886673E+001
    981  2.573304977648597E-004  1.292686845988868E+002
    145  2.560085312079661E-004  3.035386176419680E+001
    401  2.556835918891399E-004  5.310952948046032E+001
    671  2.553849408838132E-004  1.100461630260976E+002
    419  2.544978329917213E-004  5.447434435004674E+001
    311  2.529563456692896E-004  3.939193935233331E+001
    986  2.503701679396399E-004  1.294778988001748E+002
   1052  2.503567911334191E-004  1.330891459743712E+002
    174  2.481248612609865E-004  3.277024257542895E+001
     70  2.456930275253076E-004  2.683332853591699E+001
    261  2.442030653785297E-004  3.751537038816641E+001
    751  2.433572299930117E-004  1.129352725370382E+002
    148  2.428676010484417E-004  3.055713011308698E+001
    236  2.420896223302935E-004  3.558504171265294E+001
    274  2.416745456551301E-004  3.771469066363962E+001
     50  2.400180641134197E-004  2.524792740229145E+001
    180  2.400143121202451E-004  3.306959511625761E+001
    898  2.383691345480580E-004  1.236287338505038E+002
   1058  2.377199160468610E-004  1.334381531708862E+002
   1020  2.375606714264095E-004  1.308300137670077E+002
   1064  2.363010520237628E-004  1.339182935247794E+002
    150  2.361672876484420E-004  3.095380367517388E+001
    531  2.361427753420112E-004  6.280622541285696E+001
    357  2.355436499578095E-004  4.413715889769129E+001
    979  2.342596488938041E-004  1.292073280791942E+002
    352  2.340295994945057E-004  4.345183818831803E+001
    493  2.289129002092705E-004  5.956939432616837E+001
   1026  2.273928619127167E-004  1.310988308446859E+002
     62  2.246826071601586E-004  2.630569023157911E+001
    391  2.243994814599585E-004  4.935295074539214E+001
      6  2.228078260451013E-004  1.593905863128156E+001
    292  2.210649248828137E-004  3.837765227419467E+001
    827  2.209984533524809E-004  1.174913134466901E+002
    832  2.203540110501964E-004  1.176150872586579E+002
    877  2.187855420816630E-004  1.207635072396237E+002
    337  2.178980455750948E-004  4.125439580477820E+001
     37  2.131445835405602E-004  2.413005277682491E+001
    763  2.106814113695177E-004  1.136578287383470E+002
    137  2.091734242276808E-004  2.996307755422044E+001
    413  2.056350706269296E-004  5.407796767412047E+001
    329  2.019976360939033E-004  3.994917835777716E+001
    211  2.012043207202920E-004  3.422885497659050E+001
    669  2.004708304345142E-004  1.098991161820264E+002
    296  1.986385568012085E-004  3.847026909032138E+001
    338  1.976851746660132E-004  4.143596746217444E+001
    517  1.968316963197240E-004  6.116283191518230E+001
    218  1.930723745844434E-004  3.434087154455664E+001
    780  1.912375100248560E-004  1.153482258688003E+002
    516  1.906684033863366E-004  6.114879167768425E+001
    322  1.906406828892738E-004  3.962934885257222E+001
    101  1.902372102895505E-004  2.816121926613436E+001
    535  1.901520045446221E-004  7.234684016852472E+001
    560  1.855866967916519E-004  1.057397922085461E+002
    336  1.845786108634290E-004  4.106442919982931E+001
    504  1.800400790830366E-004  6.073767201700102E+001
    121  1.797374043573296E-004  2.937009161569695E+001
     35  1.772048275982602E-004  2.406163852032448E+001
     54  1.751737825351777E-004  2.537118147105558E+001
    534  1.737381027016716E-004  6.352992396574133E+001
    623  1.698807976460858E-004  1.084311616311891E+002
    905  1.695976244492719E-004  1.252963463377060E+002
    440  1.691362373550624E-004  5.589934491235444E+001
    492  1.689231324497342E-004  5.919740097208313E+001
     63  1.686964453579031E-004  2.633691355837915E+001
    793  1.669185735516178E-004  1.158943894419280E+002
     99  1.651644311830521E-004  2.813215700322161E+001
    654  1.639789441332925E-004  1.091774321289355E+002
    568  1.589469444623067E-004  1.063884322375297E+002
    168  1.588898587843135E-004  3.223239881301075E+001
    365  1.585445341042186E-004  4.540196146988517E+001
     92  1.544924949405001E-004  2.796966533379813E+001
    851  1.534802119770536E-004  1.189105890777936E+002
    399  1.523450500180025E-004  5.300117686152819E+001
    691  1.512589524413450E-004  1.109942746792360E+002
    275  1.502888866958135E-004  3.771871208633355E+001
    167  1.495997229507580E-004  3.206734480721192E+001
    746  1.493575518601538E-004  1.128150956859242E+002
    377  1.478986754515337E-004  4.580996274485975E+001
    680  1.457117351783256E-004  1.106808485277705E+002
    873  1.454439718850447E-004  1.205400953636918E+002
     30  1.450707839025109E-004  2.339033246897357E+001
     32  1.444216968071132E-004  2.386019687247388E+001
    389  1.443912627840701E-004  4.924612888004685E+001
    324  1.443016530437942E-004  3.965813849875591E+001
    943  1.442989507299833E-004  1.278255860865938E+002
    360  1.435843834997639E-004  4.501412031898634E+001
    312  1.416242447342887E-004  3.940338989709551E+001
    290  1.410483163618050E-004  3.834059039797889E+001
    304  1.408731407375841E-004  3.902642388250331E+001
    344  1.407959209816633E-004  4.229281490750487E+001
     68  1.406695921168013E-004  2.665958995788216E+001
     84  1.404337479200947E-004  2.748397341497807E+001
    427  1.396035453053340E-004  5.530625255614972E+001
    708  1.391819069573159E-004  1.116659378913442E+002
    607  1.384114592474142E-004  1.079782277499060E+002
   1041  1.381521139226260E-004  1.318604688563310E+002
    681  1.372789548633904E-004  1.107150530846271E+002
    926  1.366511344699563E-004  1.269935099435139E+002
    527  1.365992966825183E-004  6.211137902133680E+001
    369  1.351487675942832E-004  4.556664797594529E+001
    245  1.328795117357150E-004  3.584895809931362E+001
    382  1.327419134633265E-004  4.661435463500721E+001
    945  1.312002118372410E-004  1.278945431870569E+002
    930  1.298582902194555E-004  1.272550109882912E+002
    555  1.280913275809047E-004  1.049505825405343E+002
    810  1.275576563035939E-004  1.168542717379606E+002
    256  1.265421125521389E-004  3.708485200545782E+001
   1062  1.257198353329191E-004  1.338537297016246E+002
    721  1.256614159693765E-004  1.121902054803930E+002
    523  1.245050160615445E-004  6.195141091349550E+001
    415  1.241325778086313E-004  5.409773008136273E+001
    820  1.235213022711132E-004  1.173160626674297E+002
    305  1.228812042838172E-004  3.919092577852600E+001
    587  1.222040382077028E-004  1.072564562863978E+002
   1016  1.219817940326914E-004  1.306784011483153E+002
    316  1.198914266589976E-004  3.947722492082590E+001
    214  1.192307383509576E-004  3.429158842681225E+001
    120  1.192246553285750E-004  2.935022978395871E+001
    702  1.187679212378285E-004  1.112791472783473E+002
    795  1.186622841259153E-004  1.159446042090269E+002
    565  1.184289071523838E-004  1.059848591127986E+002
    785  1.182895034576739E-004  1.156515149006221E+002
    169  1.178363948771881E-004  3.225245008090104E+001
    712  1.174632112070549E-004  1.118479116964762E+002
    117  1.171002866890453E-004  2.915145470361619E+001
    154  1.166081268401996E-004  3.128025029310897E+001
    491  1.150612494607505E-004  5.916484178919298E+001
    760  1.147634938203625E-004  1.133648679091437E+002
    481  1.141379173005433E-004  5.889564718758225E+001
    858  1.136796395099836E-004  1.193043137223610E+002
   1042  1.134184128596721E-004  1.319938555239870E+002
    309  1.122993692373569E-004  3.929268620446922E+001
    573  1.116723905683712E-004  1.066520968004064E+002
   1055  1.102731266239084E-004  1.332315483337306E+002
    733  1.092289593152880E-004  1.125211996768446E+002
    655  1.091784905165348E-004  1.092114390318620E+002
    972  1.090505437570054E-004  1.289491342298440E+002
    172  1.075543749282303E-004  3.254695536480502E+001
    317  1.064405763087595E-004  3.952108816795088E+001
    449  1.057599796779039E-004  5.713782918039372E+001
    226  1.052057583133299E-004  3.460914941435140E+001
    233  1.050999334464345E-004  3.536858076063520E+001
    515  1.041643504343861E-004  6.113166482037749E+001
    237  1.041150613057060E-004  3.561350513334219E+001
    319  1.037283272662721E-004  3.955367029075058E+001
    379  1.029803852132565E-004  4.610002508350383E+001
    438  1.027485682692394E-004  5.568774314714533E+001
    444  1.002927024704930E-004  5.640873014994138E+001
    803  9.775601300784669E-005  1.163959410830473E+002
    314  9.718594886370728E-005  3.944402428691944E+001
   1045  9.680741156251800E-005  1.322246800166877E+002
    380  9.649481351415794E-005  4.621788456267294E+001
    104  9.645546300436659E-005  2.863475114667724E+001
     76  9.626921704589913E-005  2.719040433196805E+001
    194  9.498004294260116E-005  3.388123191050668E+001
    386  9.431309866743656E-005  4.778448827008048E+001
    585  9.218951397400814E-005  1.071721890576240E+002
    130  9.130683540850206E-005  2.969026097336859E+001
     13  9.110662350700158E-005  2.038781372204352E+001
    615  9.059561545975695E-005  1.081646255451844E+002
    271  9.038166039835339E-005  3.769377629908810E+001
    334  8.891278757571919E-005  4.055961280242965E+001
    173  8.862704684902331E-005  3.267731285541730E+001
    459  8.850861863839721E-005  5.797524108925945E+001
    123  8.777508411513095E-005  2.945706723223188E+001
    791  8.761422076252579E-005  1.158399885308925E+002
    242  8.628268562489294E-005  3.575330164903793E+001
    542  8.575265487657574E-005  1.021380905135569E+002
    934  8.564765395962171E-005  1.274026915475210E+002
    394  8.536088135236526E-005  5.275338077531283E+001
    234  8.385065513397806E-005  3.541632958107625E+001
    454  8.355609669016806E-005  5.753531790534946E+001
    189  8.333603639804597E-005  3.348575581421191E+001
    467  8.206294144270263E-005  5.850070475174659E+001
    533  8.187699916738095E-005  6.344214913117692E+001
    716  8.058106148840693E-005  1.119313653155845E+002
    970  8.015834501859257E-005  1.288440499253601E+002
    600  7.961219641308883E-005  1.078192567961393E+002
    313  7.872775556961749E-005  3.941220320488696E+001
    364  7.773838043819204E-005  4.528995878587361E+001
    807  7.727021559041393E-005  1.166040027024774E+002
   1061  7.717518988465216E-005  1.338239896777959E+002
    361  7.553543177574179E-005  4.509188248244521E+001
    678  7.527666050533127E-005  1.105298402911861E+002
    182  7.378301492596394E-005  3.313118961536368E+001
    402  7.364936242056495E-005  5.323403324336612E+001
   1014  7.364871093879295E-005  1.306579532637773E+002
    772  7.322339191578466E-005  1.144444014986270E+002
    307  7.312253693255490E-005  3.924418415703018E+001
    502  7.260569126489395E-005  6.033057478557798E+001
    267  7.248757036204184E-005  3.763942844703926E+001
    769  7.186136969016563E-005  1.141494817506874E+002
    414  7.183797053039753E-005  5.408443269732371E+001
    176  7.146738392094510E-005  3.283702642513862E+001
    848  7.132301449563139E-005  1.185512117490796E+002
    343  7.115892225920394E-005  4.223776350771931E+001
    694  7.073283003726279E-005  1.110208923005156E+002
    367  7.027162587025127E-005  4.546665367422378E+001
    208  6.876153050115768E-005  3.420400517096608E+001
    886  6.845086268553692E-005  1.214498350996194E+002
    187  6.795667492514107E-005  3.338593491458187E+001
    193  6.760865892196696E-005  3.387383688791338E+001
    426  6.722948287873041E-005  5.521112029631625E+001
    276  6.662273020263951E-005  3.774173651101562E+001
    865  6.652378093950458E-005  1.195233182598442E+002
    835  6.582957955541845E-005  1.176766134664512E+002
    929  6.558739932632120E-005  1.272324166790593E+002
    561  6.543260525267189E-005  1.057823475786052E+002
    748  6.526975368258707E-005  1.128453459062848E+002
    521  6.526125033993533E-005  6.120499406654021E+001
    451  6.524855786246970E-005  5.726939793781466E+001
    580  6.404895410687304E-005  1.069063882425304E+002
    381  6.304594692096635E-005  4.623753374880091E+001
     77  6.213783840137393E-005  2.720977418778346E+001
     59  6.193914050065483E-005  2.608228483109795E+001
    826  6.179726900438469E-005  1.174535409692338E+002
    658  6.149617622159410E-005  1.092752908733605E+002
    251  6.107611160420329E-005  3.670193646720268E+001
    497  6.099207821777777E-005  5.984833423050026E+001
    571  6.095541673702690E-005  1.065760725477823E+002
    273  6.089153902240317E-005  3.771236202405859E+001
    725  6.045810537531039E-005  1.122622575126908E+002
    215  5.995920135683759E-005  3.430912489816387E+001
    238  5.967827014763064E-005  3.562010162214489E+001
    742  5.929407823219143E-005  1.126546326383816E+002
    323  5.877753313229828E-005  3.963162035223775E+001
    400  5.870300336449860E-005  5.304406357850599E+001
    650  5.853856848235716E-005  1.090061273622073E+002
    463  5.847863251871577E-005  5.840368106338346E+001
     61  5.836961202502862E-005  2.623624111749398E+001
    306  5.832412676579644E-005  3.922583615449084E+001
    599  5.823624857283537E-005  1.077354408464688E+002
    995  5.809445156071591E-005  1.300556822463785E+002
    528  5.747274685519042E-005  6.211763689923020E+001
    605  5.710042348568334E-005  1.079476682950407E+002
    283  5.630819909051435E-005  3.781664732037148E+001
    687  5.526373146646503E-005  1.108477970364615E+002
     73  5.420905050946404E-005  2.704395448663374E+001
    170  5.322989116088838E-005  3.240864442722207E+001
   1000  5.243271278676256E-005  1.301375093272533E+002
    597  5.234914847427967E-005  1.076362394255561E+002
    162  5.191523166515651E-005  3.142013005221356E+001
    482  5.155865563884474E-005  5.890508639424976E+001
    643  5.145264152947886E-005  1.088529165631816E+002
    191  5.139019697266538E-005  3.372798248811258E+001
    216  5.105470889563310E-005  3.431915233475488E+001
    649  5.095522639002045E-005  1.089557122086210E+002
    321  5.082437274743849E-005  3.959878738143280E+001
    558  5.077751862899600E-005  1.054235904423783E+002
    854  5.066246588753437E-005  1.190938927222375E+002
    962  5.038079404676425E-005  1.284190833846668E+002
    525  4.976035311008560E-005  6.201689187624501E+001
    870  4.974247714314713E-005  1.203621491035894E+002
    783  4.938794420488972E-005  1.155776779712016E+002
    135  4.821024541790596E-005  2.990996926970350E+001
    289  4.814579323593224E-005  3.832422991649202E+001
    470  4.788718678641492E-005  5.858950887133865E+001
    645  4.743650136604213E-005  1.088758352374567E+002
    584  4.722452857376305E-005  1.071415131646536E+002
    784  4.672571515994590E-005  1.156115101864969E+002
    175  4.660304939336744E-005  3.282740528695558E+001
    294  4.654271982906394E-005  3.844005427068350E+001
    911  4.599870150941315E-005  1.258968376271585E+002
    594  4.507850961413241E-005  1.075267994995216E+002
    147  4.503300528975850E-005  3.045498909450352E+001
    265  4.500526440657785E-005  3.762418150997995E+001
    526  4.478391563562264E-005  6.205614154690332E+001
    339  4.477194102655916E-005  4.199721405536648E+001
    511  4.455044701145802E-005  6.108291035790679E+001
    578  4.440373696439843E-005  1.068696587706935E+002
    171  4.363982318719114E-005  3.251692712246987E+001
    860  4.324971835767994E-005  1.193608179742887E+002
    577  4.246204173358116E-005  1.068269012623950E+002
    435  4.231649811846812E-005  5.559833163642786E+001
    498  4.212199437524034E-005  6.006055704270973E+001
    272  4.169744465216791E-005  3.770876893490352E+001
    520  4.116665543037199E-005  6.117519869664547E+001
    257  4.100411643948285E-005  3.716053985696894E+001
    896  3.941301225997391E-005  1.231967026860033E+002
    441  3.904998121450949E-005  5.602297434426368E+001
    420  3.895500194103903E-005  5.464265012038360E+001
   1005  3.869625877729441E-005  1.302961950162389E+002
    376  3.858661517291991E-005  4.578482274843697E+001
     19  3.849108250108649E-005  2.137958735177528E+001
    374  3.846363236636462E-005  4.576894168844035E+001
    674  3.824865794352859E-005  1.101627157855635E+002
     12  3.787895997781728E-005  1.791855268392995E+001
   1033  3.769613327822476E-005  1.314921549657209E+002
    507  3.749276279381773E-005  6.098134465730102E+001
     28  3.746642699279554E-005  2.303576073275412E+001
    258  3.737745692678497E-005  3.725675246841864E+001
    398  3.733948790395442E-005  5.298968704937109E+001
    548  3.646948969888175E-005  1.041098140943872E+002
    210  3.593620530283681E-005  3.421873300884823E+001
    340  3.583782369985554E-005  4.203744443197692E+001
    166  3.579277063729221E-005  3.197534022905977E+001
    231  3.552616215499463E-005  3.529195130720404E+001
    269  3.527278056716412E-005  3.766609016559832E+001
     87  3.519887197111121E-005  2.773505635732142E+001
    887  3.494549098998399E-005  1.215278324822884E+002
    471  3.491415153852778E-005  5.859921299406331E+001
    924  3.446961464840326E-005  1.267645350898773E+002
    409  3.411345404940869E-005  5.377950655266745E+001
    260  3.405363585764434E-005  3.745846822965304E+001
    583  3.398825888070604E-005  1.070323413352247E+002
    884  3.388342483706964E-005  1.212913619330936E+002
    616  3.368555919423581E-005  1.081902144651443E+002
    871  3.339574159034477E-005  1.204638135739833E+002
    107  3.224705941543090E-005  2.880093649968087E+001
    624  3.151773932031030E-005  1.084534043855216E+002
    529  3.132776324272618E-005  6.213305424318654E+001
    988  3.126175474096072E-005  1.295230022337254E+002
    899  3.109516370545959E-005  1.237750393258326E+002
    738  3.106793682824207E-005  1.126248828969786E+002
    429  3.099459020068738E-005  5.542704693693687E+001
    127  3.094841309840858E-005  2.958197907168710E+001
    219  3.082462482720402E-005  3.435584966495736E+001
    111  3.040897344447019E-005  2.891758955889047E+001
    817  2.989731338712917E-005  1.171745914510001E+002
    372  2.971609665675149E-005  4.569660817760900E+001
    350  2.969011860182267E-005  4.287084402122760E+001
    277  2.967966309654698E-005  3.774405278528796E+001
    672  2.934397279150627E-005  1.100523893058521E+002
     98  2.895221727898993E-005  2.810036398063808E+001
    636  2.844224358529058E-005  1.087412284437008E+002
    567  2.830914014482862E-005  1.061175767374582E+002
    240  2.808088358662156E-005  3.568815433410965E+001
    579  2.801608432774260E-005  1.068810185812333E+002
   1008  2.799760223502693E-005  1.304054287055121E+002
    589  2.795103500070863E-005  1.073243551551986E+002
    745  2.772293100107214E-005  1.127541380335163E+002
    967  2.762934852093238E-005  1.287730879251822E+002
    610  2.761225380598883E-005  1.080548791140610E+002
    617  2.744436053604667E-005  1.082069188907082E+002
     72  2.727419015440002E-005  2.695844835194747E+001
    749  2.714394689620977E-005  1.128862829609149E+002
    122  2.673138573504549E-005  2.942821875092930E+001
     25  2.597544457438960E-005  2.268285797328677E+001
    243  2.561130270057389E-005  3.580427376176280E+001
    569  2.515286777855087E-005  1.064024371239422E+002
     15  2.509416364875466E-005  2.077312965636918E+001
    333  2.495532452288337E-005  4.050570323460023E+001
    268  2.490840582135107E-005  3.765614789507087E+001
    656  2.490316586045583E-005  1.092383325553483E+002
    370  2.489238790888933E-005  4.562254251008403E+001
    213  2.486937014427083E-005  3.426923698719692E+001
    574  2.467857179654147E-005  1.067089856517616E+002
    327  2.449298595309447E-005  3.980649710729982E+001
    412  2.443099792352035E-005  5.399327798218789E+001
    299  2.431185387083529E-005  3.861147003050849E+001
    812  2.399623125692593E-005  1.169499526914024E+002
    622  2.392893902151928E-005  1.084041586407917E+002
     48  2.386578776633304E-005  2.521050943974308E+001
    937  2.376544980766378E-005  1.275975168353670E+002
    774  2.335526587185159E-005  1.147299018357027E+002
    595  2.295583677758528E-005  1.075727311228692E+002
    464  2.273567801325526E-005  5.841767339850505E+001
    476  2.265045873222723E-005  5.874284760292872E+001
    596  2.237948927032258E-005  1.076305596761092E+002
    646  2.232383858059957E-005  1.089039652974663E+002
    241  2.229537631055967E-005  3.573178726353736E+001
    469  2.218871346501184E-005  5.857260373695996E+001
    465  2.190899633740905E-005  5.845233409136720E+001
    682  2.183823189034829E-005  1.107795174367904E+002
    639  2.176475056623869E-005  1.087924757147032E+002
     45  2.169617826206170E-005  2.505629895200580E+001
    789  2.165663386535325E-005  1.157939903252585E+002
   1013  2.161318845245702E-005  1.306191025791559E+002
    346  2.147141835700378E-005  4.251353138364797E+001
    494  2.143486377992042E-005  5.959072402434833E+001
    713  2.139501539678505E-005  1.118750446375970E+002
    894  2.124456238254379E-005  1.226855190700912E+002
    913  2.120531405939388E-005  1.260963173315474E+002
    813  2.118779185282488E-005  1.170211975618395E+002
    328  2.085865279183536E-005  3.982877398686839E+001
    103  2.061846671722573E-005  2.854698030319213E+001
    710  2.059177711080609E-005  1.117114283703663E+002
    641  2.039059902288530E-005  1.088136450829588E+002
    455  2.013338943402010E-005  5.757818593173593E+001
   1063  1.984864842616835E-005  1.338610239777397E+002
    366  1.959048917586165E-005  4.541480133184800E+001
    188  1.949278484132127E-005  3.343297855491465E+001
    695  1.941221953716331E-005  1.110404578737834E+002
    404  1.895402796740686E-005  5.332919471058649E+001
    410  1.888422864171521E-005  5.380004782230375E+001
    224  1.853203984568189E-005  3.456258153743839E+001
    968  1.815624932118122E-005  1.287893908307005E+002
    719  1.799394907388323E-005  1.120361196403708E+002
    843  1.797836910668322E-005  1.181049125326048E+002
    190  1.796852127387077E-005  3.352213579831744E+001
    484  1.780075173320761E-005  5.894622531819898E+001
   1029  1.739532139002967E-005  1.312589073638632E+002
   1039  1.716471983541123E-005  1.317789778316224E+002
   1046  1.704580173528869E-005  1.322741703884410E+002
    220  1.696289530784621E-005  3.440936379612124E+001
    209  1.689666876173271E-005  3.420776675567321E+001
    661  1.689317360277309E-005  1.094040232551639E+002
    284  1.683603180769030E-005  3.794002386601017E+001
    741  1.667752120995559E-005  1.126383251241469E+002
   1011  1.652983668278090E-005  1.305590563134582E+002
    445  1.609886561832616E-005  5.650985963977887E+001
    457  1.599108594483582E-005  5.770039153165104E+001
    675  1.591398396854695E-005  1.101932688761904E+002
    354  1.560766707526368E-005  4.358717802496741E+001
    635  1.543532304045280E-005  1.087402789130293E+002
    310  1.535766604747392E-005  3.933560718805473E+001
    179  1.528290835368917E-005  3.301071504933698E+001
    601  1.516360639435382E-005  1.078222216339937E+002
    830  1.499475085390737E-005  1.175448785112390E+002
    500  1.491995946312202E-005  6.016266526055261E+001
   1056  1.477181272003250E-005  1.332822863268028E+002
    633  1.475845061757214E-005  1.086770367044967E+002
    670  1.469742784606029E-005  1.099218253642219E+002
    910  1.444714692111829E-005  1.258349422363612E+002
    684  1.434013916374105E-005  1.108055531440044E+002
    447  1.427084609375297E-005  5.692641404400948E+001
    486  1.417886158545097E-005  5.898078655703418E+001
    509  1.414515112782523E-005  6.104665142125116E+001
      9  1.409518078366718E-005  1.615282072713023E+001
    559  1.407417193146150E-005  1.054467335457494E+002
    800  1.403226504237279E-005  1.161811067685375E+002
    866  1.377592038312837E-005  1.198737679274225E+002
    181  1.373470919653543E-005  3.309588236011395E+001
    608  1.368824939689240E-005  1.080310773431174E+002
    683  1.368626525198155E-005  1.107854094171573E+002
   1076  1.368048396364806E-005  1.858411948136732E+002
    522  1.362623176038500E-005  6.189501394570030E+001
    880  1.347495588424395E-005  1.209811659012211E+002
    863  1.342573635790376E-005  1.194780899982511E+002
    697  1.342288955163580E-005  1.111168086390436E+002
    508  1.329583838870243E-005  6.101348113010317E+001
    263  1.321184090446091E-005  3.756851288337069E+001
    373  1.316092867001748E-005  4.573517441489172E+001
    700  1.312191974012303E-005  1.112187707043413E+002
    663  1.285829926673793E-005  1.095408569103236E+002
   1071  1.280211650691638E-005  1.353191143310252E+002
    955  1.270383726710502E-005  1.283043098504922E+002
    631  1.269701818105041E-005  1.086593678715634E+002
   1040  1.260336583197542E-005  1.318325334098182E+002
    634  1.236049049001515E-005  1.087110579745548E+002
    709  1.214961379940510E-005  1.116986555393093E+002
    892  1.213330369130327E-005  1.223146913863671E+002
    302  1.184181328169412E-005  3.874867387838012E+001
    940  1.179608228746427E-005  1.277053477702196E+002
    659  1.176827808286761E-005  1.093169473413985E+002
    349  1.175390296400854E-005  4.279212686889406E+001
   1068  1.164296803467895E-005  1.342139437973118E+002
    755  1.158388201509731E-005  1.130537195644052E+002
    787  1.146121877818462E-005  1.157066821730262E+002
    356  1.135266164618969E-005  4.399929676237998E+001
    977  1.118560706142916E-005  1.291448023039548E+002
    342  1.103196021768095E-005  4.219280462450153E+001
    632  1.100810395675290E-005  1.086732063917954E+002
    690  1.097625239097046E-005  1.109553167085971E+002
    591  1.092769702634678E-005  1.073970459895217E+002
     88  1.062619773242825E-005  2.776495450944637E+001
    205  1.035808188713349E-005  3.418138862993963E+001
    513  1.032261933120052E-005  6.111701004965728E+001
    626  1.017165567313337E-005  1.085197354965440E+002
    744  1.009301914572316E-005  1.127340165661099E+002
    963  1.005902823434538E-005  1.284456810480366E+002
    838  9.830796546627039E-006  1.178077045912047E+002
    868  9.730078044007654E-006  1.199994649602093E+002
   1066  9.599230358518382E-006  1.341339055776214E+002
    816  9.357207540719838E-006  1.170854692244173E+002
    790  9.266136422687985E-006  1.158127479939932E+002
    227  9.264336142279830E-006  3.461221107986133E+001
    665  9.261482614716447E-006  1.096195054263975E+002
   1036  9.139202813995473E-006  1.315563975924429E+002
    948  9.037853755206399E-006  1.280530341997139E+002
    225  8.845940613601154E-006  3.458265676939745E+001
    362  8.745984647542470E-006  4.520209191521082E+001
   1077  8.744662529333820E-006  6.189178021453241E+002
    679  8.547826658171308E-006  1.106299731616480E+002
   1004  8.453947024772442E-006  1.302828791464404E+002
    923  8.422945805683255E-006  1.267345977181097E+002
    424  8.412665784411577E-006  5.504400290817051E+001
   1028  8.412541361789690E-006  1.312419762585663E+002
    278  8.377093931621089E-006  3.775225448216675E+001
   1001  8.372348058476040E-006  1.301907504163165E+002
    837  8.214694460832500E-006  1.177814246314451E+002
    506  8.206772871032656E-006  6.092479484159845E+001
     83  8.082939262427868E-006  2.745200449399356E+001
    657  7.985861660314254E-006  1.092680437977900E+002
    927  7.952612868350749E-006  1.271118445081471E+002
    488  7.886196400367612E-006  5.904214899548738E+001
    315  7.735828553088565E-006  3.946262277995078E+001
    804  7.672461490975675E-006  1.164307012054320E+002
    846  7.590859920572362E-006  1.183733977129572E+002
    625  7.588848293524660E-006  1.084878781680722E+002
    922  7.571530870317762E-006  1.267277337836395E+002
    782  7.549940887581577E-006  1.155663554633046E+002
    994  7.549817044334288E-006  1.299886393654431E+002
    737  7.499061758596209E-006  1.125716601108342E+002
    524  7.213781807902226E-006  6.196836567938324E+001
    619  7.211500824010878E-006  1.083262496248409E+002
    235  7.206379463691939E-006  3.553329683850696E+001
     16  7.197518612173235E-006  2.083990463296455E+001
    217  7.151466567794959E-006  3.432077633458158E+001
    781  7.064831692217938E-006  1.155015502370288E+002
    368  7.062575419167554E-006  4.552075151204606E+001
    668  6.696391920605249E-006  1.098358517134249E+002
    416  6.655858879405072E-006  5.412105627361211E+001
    815  6.651029238559139E-006  1.170844697210597E+002
    562  6.631791407826113E-006  1.058125905236654E+002
    461  6.613391853772620E-006  5.832169084274378E+001
    159  6.546079515877241E-006  3.140014259635325E+001
    660  6.426891552826355E-006  1.093929129115852E+002
   1065  6.381238313297289E-006  1.340986810838602E+002
    862  6.328187385073944E-006  1.194326389788892E+002
    685  6.267188643575524E-006  1.108208915724099E+002
    603  6.250938395080769E-006  1.078480909052838E+002
    198  6.092617696193016E-006  3.410095577154824E+001
    640  6.045808242087592E-006  1.088027953187827E+002
    287  5.952249566359075E-006  3.806334999222836E+001
     26  5.924305664924134E-006  2.275577786050195E+001
    590  5.920552519106722E-006  1.073381491314167E+002
    707  5.793809871018080E-006  1.116484954290111E+002
    915  5.792419376546443E-006  1.261627872997085E+002
    732  5.777835422110356E-006  1.124809932511083E+002
    845  5.719355448752948E-006  1.182722434309271E+002
    677  5.692987720733066E-006  1.104103779431708E+002
    436  5.627935201680293E-006  5.562240782737462E+001
    630  5.614284984478367E-006  1.086464564510315E+002
    375  5.512920496874105E-006  4.577921754207221E+001
    642  5.499563035360430E-006  1.088349318990273E+002
    408  5.475242394121932E-006  5.368647704938994E+001
    699  5.475132196877672E-006  1.111753891148923E+002
    714  5.305179322500297E-006  1.118865310298163E+002
    648  5.269348380749820E-006  1.089328290594756E+002
    951  5.218563295406754E-006  1.282127111215003E+002
   1054  5.182201281027307E-006  1.332101619260334E+002
    696  5.171796946557237E-006  1.111110130672436E+002
     55  5.168247666879263E-006  2.564739582447731E+001
    129  5.128924304530358E-006  2.967722940199728E+001
    228  5.117503806097866E-006  3.465329128304563E+001
    280  5.029651225609147E-006  3.777070006257392E+001
    949  5.003856230587592E-006  1.280833568476082E+002
    809  4.950071427513417E-006  1.168273457040169E+002
     56  4.864853988653692E-006  2.577494999028338E+001
    950  4.848096594685067E-006  1.281356928004739E+002
    676  4.845668382363375E-006  1.102968009656115E+002
   1017  4.796786772043043E-006  1.307020085696559E+002
    849  4.732707583660636E-006  1.186556798515274E+002
    586  4.690387056679836E-006  1.072414988471015E+002
    758  4.660020493004297E-006  1.131945788764974E+002
    637  4.583148158150027E-006  1.087708716348475E+002
   1043  4.579203808692274E-006  1.320181582363304E+002
    794  4.542172541095584E-006  1.159299755047292E+002
    893  4.507997859459645E-006  1.225899968537864E+002
    754  4.507910056341774E-006  1.130532912402911E+002
    731  4.467407299444409E-006  1.124795031346507E+002
    613  4.435876656483087E-006  1.081325074305931E+002
    722  4.430958542365403E-006  1.121989232781130E+002
    727  4.405131182195137E-006  1.123838421661365E+002
    901  4.402792991819770E-006  1.246352700151236E+002
    770  4.387392670750449E-006  1.141655133118217E+002
    664  4.358912001922579E-006  1.095868237421283E+002
    852  4.296524768094785E-006  1.189308904937423E+002
    982  4.278835596359431E-006  1.293230544301462E+002
    318  4.133489922833258E-006  3.952690512520030E+001
    798  4.116480337355480E-006  1.161233232814441E+002
    990  4.036282814873975E-006  1.297249883032466E+002
    627  4.013034320267221E-006  1.085359599099982E+002
    765  3.977973859002446E-006  1.138034732037320E+002
    651  3.972690719824818E-006  1.090123807306586E+002
    767  3.937767338007386E-006  1.139787538815297E+002
    715  3.811321600082959E-006  1.119122168057061E+002
    799  3.775082003181798E-006  1.161655148393659E+002
    786  3.737749248635249E-006  1.156679892855772E+002
    859  3.570899857794159E-006  1.193117826572047E+002
    556  3.545531008614550E-006  1.053074591696642E+002
   1010  3.458404152100827E-006  1.305150376372933E+002
    764  3.403977093216915E-006  1.137269990775531E+002
    931  3.357235632141940E-006  1.272754104030811E+002
    875  3.347538049914800E-006  1.206504418490652E+002
    792  3.339820717747683E-006  1.158579110744502E+002
    703  3.306684482713901E-006  1.113359924967504E+002
    879  3.279204885418884E-006  1.208628531744268E+002
    739  3.244630856175794E-006  1.126267264275300E+002
    614  3.166732037554080E-006  1.081499604581023E+002
    332  3.135981440428180E-006  4.036182328117159E+001
    961  3.098125917017905E-006  1.283826108536399E+002
    933  3.093416688434191E-006  1.272967505112425E+002
    126  3.017940974608205E-006  2.957864372821811E+001
    957  2.965365186351355E-006  1.283224605383935E+002
    724  2.943270255950907E-006  1.122474317356576E+002
   1051  2.932596152745497E-006  1.330173846663143E+002
    908  2.870006538079685E-006  1.256350992978881E+002
    985  2.809249640591881E-006  1.294454523269476E+002
    118  2.797559144310085E-006  2.927665934202001E+001
    662  2.789471265888812E-006  1.094304874643061E+002
    688  2.724804855293926E-006  1.108652117541332E+002
    978  2.704068220026538E-006  1.291764873003617E+002
    286  2.698861090877672E-006  3.806107114689090E+001
    920  2.616992061380861E-006  1.265729199247587E+002
    939  2.552879917683111E-006  1.276788938661296E+002
    618  2.502387575386305E-006  1.083041655146542E+002
    932  2.498548515307056E-006  1.272890793904072E+002
    146  2.489151201613845E-006  3.038455959742199E+001
    300  2.383314918491827E-006  3.871033423098082E+001
    606  2.356710617763599E-006  1.079754075340127E+002
    570  2.322831062349497E-006  1.064458450110351E+002
    195  2.310068600660160E-006  3.399004655216064E+001
     97  2.299700169660932E-006  2.809615145046481E+001
   1025  2.263538841903807E-006  1.310823101564250E+002
    711  2.253922107361709E-006  1.117833092223069E+002
    936  2.153991809870175E-006  1.275963114471066E+002
    371  2.148847006164536E-006  4.567834615857563E+001
    705  2.118894542825668E-006  1.114879185885843E+002
    728  2.102620221444929E-006  1.123911467240560E+002
    761  2.081057994588272E-006  1.134019555363662E+002
   1035  2.078121476959245E-006  1.315022364948826E+002
    621  2.043567478227304E-006  1.083828600305560E+002
    805  1.900418243208066E-006  1.165442309434909E+002
    821  1.890530574731261E-006  1.173213489801490E+002
    353  1.868410831251148E-006  4.354452657935016E+001
    164  1.867093956216663E-006  3.156123118588701E+001
    747  1.866997447843590E-006  1.128221651622354E+002
    355  1.833265784696474E-006  4.365668409738398E+001
    779  1.814125330185858E-006  1.153237642854880E+002
    953  1.813764108868585E-006  1.282835790234384E+002
    766  1.795608768949617E-006  1.138313497862233E+002
    756  1.739071650662022E-006  1.131019348749128E+002
    729  1.732290143524915E-006  1.124070412533170E+002
    604  1.706121542509122E-006  1.078901483894559E+002
    514  1.626953233161784E-006  6.112143562944963E+001
    496  1.597769313710419E-006  5.977778544840232E+001
    437  1.586113006977132E-006  5.567668099873953E+001
    935  1.579063492045489E-006  1.274477748704804E+002
    891  1.532093937494503E-006  1.222344606190913E+002
    888  1.530055878038044E-006  1.215384892766490E+002
   1012  1.528459098435254E-006  1.305860585800326E+002
    735  1.522997366870842E-006  1.125422257639707E+002
    653  1.501730437729510E-006  1.090926521840726E+002
    992  1.457527965905040E-006  1.299169051159237E+002
    925  1.451974851769806E-006  1.268943605090481E+002
    828  1.432645724100959E-006  1.175132070682912E+002
   1023  1.424521125179721E-006  1.309907545973144E+002
    479  1.403156034478590E-006  5.886156225440574E+001
   1003  1.401858726774547E-006  1.302792324598297E+002
    958  1.395285545234899E-006  1.283326337970340E+002
    693  1.385769328804956E-006  1.110198391814811E+002
    987  1.374572650951841E-006  1.295218650079724E+002
    984  1.352388509563326E-006  1.293776492189174E+002
    818  1.343560615324812E-006  1.172202887178189E+002
     49  1.343144938420313E-006  2.521926711432687E+001
    876  1.314388227450136E-006  1.207338716680959E+002
    178  1.307592272698316E-006  3.291892583427273E+001
    358  1.296462709123718E-006  4.418411045040358E+001
    839  1.293846677988291E-006  1.178451551754228E+002
    788  1.270182955290533E-006  1.157595566872355E+002
    734  1.245230072647143E-006  1.125227414297757E+002
    726  1.236113016091956E-006  1.123280306605216E+002
    980  1.232813379560965E-006  1.292322903638887E+002
    644  1.217673786793614E-006  1.088699046594824E+002
    878  1.213348964469063E-006  1.208553192243232E+002
    293  1.174961302993706E-006  3.840315559517953E+001
    776  1.118226074464453E-006  1.150535509847603E+002
    252  1.075082905631034E-006  3.681481496629917E+001
    900  1.063319380655465E-006  1.240255399934555E+002
     89  1.034079491483527E-006  2.787565477396676E+001
   1002  9.409962405914231E-007  1.301955720736593E+002
    811  9.328848030731635E-007  1.169131613251637E+002
    638  9.295626826724123E-007  1.087773663504995E+002
    345  9.205615859490848E-007  4.248475366295001E+001
    128  9.088860737445410E-007  2.964876822252022E+001
    882  9.062638784113831E-007  1.212606419968792E+002
    750  8.983235567317353E-007  1.128980084302201E+002
    468  8.946345712662484E-007  5.850419738659161E+001
    921  8.618899132638767E-007  1.266347372507485E+002
     21  8.556929035557392E-007  2.149552581175353E+001
   1018  8.530074896925598E-007  1.307425624046459E+002
    912  8.476752092031336E-007  1.259977317017505E+002
    612  8.417564035698854E-007  1.080838271474082E+002
    906  8.128555481352826E-007  1.253859334012492E+002
    954  7.830665495728417E-007  1.282848493157465E+002
    753  7.773674898693251E-007  1.130399909728984E+002
     75  7.395125144968124E-007  2.717284531466260E+001
    823  7.378253463435783E-007  1.173434151863991E+002
    883  7.331840473881225E-007  1.212822283474710E+002
    124  7.298757387339867E-007  2.953039329658957E+001
    941  7.267467664050606E-007  1.277239710636116E+002
    834  6.901905614675542E-007  1.176651591794238E+002
    501  6.715377097344140E-007  6.025540211442135E+001
    141  6.702730125422187E-007  3.005205957969120E+001
    736  6.365764491175228E-007  1.125700463249535E+002
    814  6.258592710186484E-007  1.170571282096026E+002
    720  6.068002316170796E-007  1.121496181246094E+002
    867  5.920950233589939E-007  1.199420338065019E+002
    428  5.685813218936479E-007  5.539697768550786E+001
   1030  5.441226821564756E-007  1.313677884464318E+002
    629  5.259112100581926E-007  1.086436456014825E+002
    993  5.233868819949109E-007  1.299638892136509E+002
    363  5.207476249383193E-007  4.523665715266514E+001
    841  5.182091565090522E-007  1.180046875638410E+002
    856  5.053269930992990E-007  1.192407591408727E+002
    916  4.901899129325021E-007  1.261858055404796E+002
    819  4.507351828150573E-007  1.172617623112352E+002
    969  4.372816929728243E-007  1.288232913140608E+002
    903  4.352090971615597E-007  1.249295857950171E+002
    740  4.163204120397868E-007  1.126281679605138E+002
    628  3.643160536542084E-007  1.085999071252231E+002
    581  3.643023968495213E-007  1.069166383916512E+002
    250  3.580783873508814E-007  3.645071914574685E+001
   1007  3.416694996360973E-007  1.303971511397991E+002
     47  3.385247338938899E-007  2.514695584094496E+001
    773  3.295537108923177E-007  1.146041296786391E+002
    406  3.258663479020712E-007  5.347162595814701E+001
    857  3.234723262321107E-007  1.192977858717030E+002
    869  3.152187918063125E-007  1.201465244096069E+002
    897  3.134972833549921E-007  1.233154024205701E+002
    701  3.079670224487319E-007  1.112655741498095E+002
    704  3.045931288714011E-007  1.114088220449556E+002
    996  2.954322113747051E-007  1.300741546440489E+002
    864  2.910315279753702E-007  1.195154318953015E+002
    692  2.902165037109020E-007  1.109991362888409E+002
    388  2.666507079635418E-007  4.916519389587509E+001
    540  2.616969300948539E-007  1.019596674086986E+002
    842  2.486391403065486E-007  1.180365480395604E+002
    874  2.451822116435473E-007  1.206463359037059E+002
     10  2.397821528795593E-007  1.630017574824609E+001
   1009  2.330501460138181E-007  1.304609142394732E+002
    200  2.313980402006279E-007  3.413076352937113E+001
    718  2.283424857541388E-007  1.120307816427976E+002
    490  2.269727481469767E-007  5.909746584665749E+001
    796  2.269685423499340E-007  1.160406419035091E+002
    833  2.040036013299364E-007  1.176450554682990E+002
    914  2.004132761989129E-007  1.261343003660832E+002
   1037  1.898999038213042E-007  1.316166834102353E+002
    706  1.877938051756608E-007  1.115644797142602E+002
    904  1.858571563664705E-007  1.250437756508075E+002
    499  1.788202344881216E-007  6.010190034988052E+001
   1073  1.714385867295097E-007  1.355646294676644E+002
    609  1.702507053626028E-007  1.080529774194348E+002
    801  1.661387942148546E-007  1.162412158177078E+002
    942  1.652913535306355E-007  1.277896527703618E+002
    946  1.416822610146429E-007  1.279201366409634E+002
    620  1.403256333949763E-007  1.083700393844588E+002
    359  1.313770214136308E-007  4.440820660542785E+001
    652  1.273232016524233E-007  1.090805000764319E+002
    853  1.212666681276907E-007  1.189950762444425E+002
    443  1.044342608813987E-007  5.615506371008289E+001
    752  1.036602802275588E-007  1.129825416205730E+002
    861  1.017960421428928E-007  1.193618968506130E+002
    136  9.798011909077572E-008  2.995197020395121E+001
    285  9.468091034125215E-008  3.794670187788559E+001
    185  8.871502436822814E-008  3.329017879350934E+001
   1015  7.161166420466815E-008  1.306693309857935E+002
   1049  7.128321375599481E-008  1.325964910892840E+002
    959  6.940388675869346E-008  1.283643788123119E+002
   1019  6.702362333262620E-008  1.307856127904329E+002
    850  6.678439808067728E-008  1.188640670964077E+002
    759  5.868503955459815E-008  1.132523759465808E+002
    840  5.649147235496373E-008  1.179674198090055E+002
    155  5.506377161957421E-008  3.129077640287002E+001
    971  4.568868123540541E-008  1.289111652451389E+002
    806  4.235291233232721E-008  1.165904998677036E+002
    965  4.202925570874572E-008  1.286084743618769E+002
    598  4.187374680881869E-008  1.077082259858063E+002
    775  3.392738141157031E-008  1.149447083106751E+002
    647  3.185985222516938E-008  1.089204596390746E+002
    999  2.918314616147405E-008  1.301340763851820E+002
    723  2.665560184771190E-008  1.122249597820348E+002
    974  2.494415992657053E-008  1.290391941684268E+002
    439  1.428306818860427E-008  5.581771077364913E+001
    730  1.403367040767953E-008  1.124678820560711E+002
    919  1.028484149993703E-008  1.264669767465423E+002
   1059  9.044599781905903E-009  1.335352794510990E+002
    881  7.849185021158675E-009  1.212001054655417E+002
    743  4.509400478520894E-009  1.126739704882794E+002
    885  3.807469664367950E-009  1.213849358963692E+002
    956  3.660133448966642E-009  1.283075816024711E+002
    872  3.493077594791250E-009  1.204992644439996E+002
    456  7.577702925307293E-010  5.758475825352298E+001
    889  7.307020434365561E-010  1.221096476933091E+002
