# Number of modes
   1077
# Tabulated for different initial and final frequencies?
    F
# Mode index, Sj, (highest to lowest), omega_j
    390  4.640128705323272E-002  4.930034545373515E+001
    384  1.649530185493280E-002  4.693482184770667E+001
     90  1.500531659360362E-002  2.792299487571685E+001
    154  1.291854656959959E-002  3.128025029310897E+001
    248  1.230929247867932E-002  3.617742791171408E+001
    358  1.136776398890363E-002  4.418411045040358E+001
    387  1.039930360001604E-002  4.845493173747810E+001
    537  9.598854590073471E-003  7.348438751630307E+001
    391  8.010431430052070E-003  4.935295074539214E+001
     27  7.257049390916496E-003  2.288948685305089E+001
   1070  5.949981644568964E-003  1.350535885837313E+002
    386  5.900818859328995E-003  4.778448827008048E+001
     67  5.467166398163992E-003  2.663955326886673E+001
     91  4.930032600824614E-003  2.795709450840539E+001
    258  4.818641248284315E-003  3.725675246841864E+001
     73  4.627206677896537E-003  2.704395448663374E+001
     71  4.306007563344617E-003  2.691074291878593E+001
    531  4.065280238422097E-003  6.280622541285696E+001
     86  3.697306808513983E-003  2.760340701365068E+001
    393  3.511221867805577E-003  5.117422678475859E+001
    547  3.399645775044884E-003  1.040413527560943E+002
    164  3.345664551882026E-003  3.156123118588701E+001
    230  3.304278977243574E-003  3.507000892128892E+001
    103  3.196870297327258E-003  2.854698030319213E+001
    539  3.072926454927584E-003  1.004038214764926E+002
    100  3.031454572254032E-003  2.814590236831992E+001
    427  2.990009918931462E-003  5.530625255614972E+001
     79  2.965828041278739E-003  2.728143790603452E+001
     94  2.904009090602219E-003  2.803048707399637E+001
   1048  2.852425192678678E-003  1.325281096806480E+002
     80  2.734618914015479E-003  2.737665388114407E+001
     65  2.532912352654396E-003  2.645533186342116E+001
    582  2.490821021366568E-003  1.069886979669129E+002
     55  2.460941200702278E-003  2.564739582447731E+001
    188  2.410031802439208E-003  3.343297855491465E+001
    245  2.304092956514400E-003  3.584895809931362E+001
    535  2.291817327830659E-003  7.234684016852472E+001
    308  2.253817588947193E-003  3.924824416979163E+001
    392  2.243700033715226E-003  4.975569880244111E+001
     29  2.188244014373033E-003  2.304600720746813E+001
    186  2.175266695697323E-003  3.335079910483972E+001
    462  2.173034444027889E-003  5.834568949164402E+001
    163  2.140849786610089E-003  3.148605603035891E+001
    344  1.996799767164583E-003  4.229281490750487E+001
    438  1.839413648921433E-003  5.568774314714533E+001
    356  1.810283780658724E-003  4.399929676237998E+001
    402  1.793326483031440E-003  5.323403324336612E+001
    456  1.780490587192326E-003  5.758475825352298E+001
     92  1.728264780521931E-003  2.796966533379813E+001
    236  1.716219261398912E-003  3.558504171265294E+001
    585  1.648168809729173E-003  1.071721890576240E+002
    251  1.524342125696351E-003  3.670193646720268E+001
    566  1.364881691641775E-003  1.060197199307676E+002
    300  1.260800725815899E-003  3.871033423098082E+001
    296  1.241579696074650E-003  3.847026909032138E+001
    241  1.220570561266561E-003  3.573178726353736E+001
    572  1.162308936529513E-003  1.066354688575440E+002
    436  1.135473911236412E-003  5.562240782737462E+001
    232  1.058519959511671E-003  3.530982942235851E+001
    378  9.947072334795049E-004  4.609481655347708E+001
     98  9.845314241728373E-004  2.810036398063808E+001
    272  9.754083666812491E-004  3.770876893490352E+001
     35  9.750032122539445E-004  2.406163852032448E+001
    198  9.649569759128182E-004  3.410095577154824E+001
    233  9.320629379914078E-004  3.536858076063520E+001
    422  9.118868627965892E-004  5.478392604221921E+001
    190  8.822795070441906E-004  3.352213579831744E+001
    396  8.537470394251612E-004  5.292259014309509E+001
    341  8.531502351760671E-004  4.207899368185591E+001
    306  8.477191223434076E-004  3.922583615449084E+001
    165  8.347935778978134E-004  3.194792507678593E+001
      7  8.338761975172080E-004  1.598850297870253E+001
   1060  8.315685509809537E-004  1.336329109810919E+002
    418  7.684822959106907E-004  5.440760214654593E+001
    474  7.581725152033097E-004  5.866520048333617E+001
    182  7.480581757857803E-004  3.313118961536368E+001
    452  7.449638331173959E-004  5.732416656661538E+001
    507  7.189531593849032E-004  6.098134465730102E+001
    395  6.974256661152124E-004  5.279005865968511E+001
    155  6.902339097951970E-004  3.129077640287002E+001
    421  6.888841915371710E-004  5.469982084171487E+001
    431  6.814292554749278E-004  5.545822575490884E+001
    472  6.806031445016860E-004  5.860732378330380E+001
   1050  6.609185640952340E-004  1.326682006609648E+002
    468  6.578773372482136E-004  5.850419738659161E+001
     82  6.422049036609055E-004  2.744742479332049E+001
    686  6.155679872213596E-004  1.108321598991433E+002
   1058  6.085462100465130E-004  1.334381531708862E+002
     93  5.995514252863611E-004  2.801831476528660E+001
    343  5.845783321995140E-004  4.223776350771931E+001
    725  5.682880924087139E-004  1.122622575126908E+002
   1041  5.644578748238470E-004  1.318604688563310E+002
    578  5.582727645554730E-004  1.068696587706935E+002
    478  5.362236263870512E-004  5.880478287498814E+001
    580  5.280415173530438E-004  1.069063882425304E+002
    503  5.143143397426962E-004  6.062899617907863E+001
     89  5.140975432364910E-004  2.787565477396676E+001
    464  5.067639094576735E-004  5.841767339850505E+001
   1039  5.060080222845652E-004  1.317789778316224E+002
    340  5.048891830888503E-004  4.203744443197692E+001
   1067  5.002255241108320E-004  1.341872351276505E+002
    381  4.871853986738648E-004  4.623753374880091E+001
    247  4.866979455566237E-004  3.613855018049320E+001
    335  4.849234261156651E-004  4.064698242871874E+001
   1047  4.772511730238005E-004  1.324683504365100E+002
    680  4.740993481244467E-004  1.106808485277705E+002
    135  4.709625206963319E-004  2.990996926970350E+001
    298  4.689607389246669E-004  3.860785506393049E+001
    532  4.616204068189299E-004  6.299204701993657E+001
    274  4.610811977708024E-004  3.771469066363962E+001
    570  4.605449148762131E-004  1.064458450110351E+002
     57  4.593162324388836E-004  2.601044601303876E+001
     44  4.576838000661184E-004  2.487547588775838E+001
    575  4.539418328718726E-004  1.067636975144964E+002
    383  4.518134976257986E-004  4.665506804468283E+001
    870  4.499237621346193E-004  1.203621491035894E+002
     69  4.459220795648018E-004  2.667931486079132E+001
    553  4.455317603066931E-004  1.045844149005738E+002
     23  4.394268943621269E-004  2.160694502786773E+001
    102  4.130453285452294E-004  2.838723287464182E+001
     38  4.128047474586667E-004  2.415274881711009E+001
    698  4.126782077711273E-004  1.111543499618823E+002
      8  4.115204123876101E-004  1.603898235084092E+001
    440  4.102742968575858E-004  5.589934491235444E+001
     32  4.052236084379475E-004  2.386019687247388E+001
    446  4.048164523823680E-004  5.657515742254393E+001
    318  4.045957369920200E-004  3.952690512520030E+001
    413  4.012116239725867E-004  5.407796767412047E+001
    929  3.994867190540201E-004  1.272324166790593E+002
    973  3.956121011336307E-004  1.290303348922233E+002
     40  3.916094882463159E-004  2.429142631572386E+001
    543  3.896217498564586E-004  1.026098663261161E+002
     12  3.820806773936328E-004  1.791855268392995E+001
   1008  3.737526214457857E-004  1.304054287055121E+002
    120  3.732958924283844E-004  2.935022978395871E+001
    467  3.730681702491818E-004  5.850070475174659E+001
     39  3.705906228184321E-004  2.419216907562118E+001
     24  3.681815038001159E-004  2.165827626673025E+001
    533  3.677986965217222E-004  6.344214913117692E+001
    430  3.669488550036994E-004  5.544226538226409E+001
    180  3.642058925359010E-004  3.306959511625761E+001
   1042  3.638831011653887E-004  1.319938555239870E+002
    160  3.591584710306351E-004  3.140287364756382E+001
    283  3.508278933570817E-004  3.781664732037148E+001
   1045  3.393523632050719E-004  1.322246800166877E+002
   1006  3.332070113234469E-004  1.303473844140781E+002
    455  3.319834512298640E-004  5.757818593173593E+001
     53  3.287584310802048E-004  2.532427500710937E+001
   1069  3.281181377481729E-004  1.347402109836953E+002
    694  3.271240111847739E-004  1.110208923005156E+002
    264  3.202612107006952E-004  3.760740200223662E+001
   1055  3.190206601753455E-004  1.332315483337306E+002
     16  3.172566621900348E-004  2.083990463296455E+001
    359  3.147854223435312E-004  4.440820660542785E+001
    434  3.121351747995804E-004  5.556859477681133E+001
    254  3.052359760079073E-004  3.696870162494890E+001
    930  3.038356948748465E-004  1.272550109882912E+002
    125  3.035715258839044E-004  2.955205187993630E+001
    152  3.034223366378371E-004  3.107793476288124E+001
    280  2.949934145165563E-004  3.777070006257392E+001
   1044  2.916368113182016E-004  1.320835593454495E+002
    128  2.882790444525101E-004  2.964876822252022E+001
    293  2.814792272132009E-004  3.840315559517953E+001
    454  2.771163886716301E-004  5.753531790534946E+001
    270  2.763386374400418E-004  3.767493462479421E+001
     76  2.761062915953878E-004  2.719040433196805E+001
    505  2.714116454494580E-004  6.089365906344585E+001
   1066  2.706150728246974E-004  1.341339055776214E+002
    192  2.648632333510748E-004  3.373139183933635E+001
    525  2.606917475600521E-004  6.201689187624501E+001
    310  2.594536945099779E-004  3.933560718805473E+001
    479  2.580498731520423E-004  5.886156225440574E+001
    226  2.498194209397668E-004  3.460914941435140E+001
    397  2.498163971359239E-004  5.292984574180642E+001
    169  2.463631106849802E-004  3.225245008090104E+001
    126  2.392967897027260E-004  2.957864372821811E+001
    661  2.370623043024204E-004  1.094040232551639E+002
     77  2.312275717205943E-004  2.720977418778346E+001
    177  2.295198134502152E-004  3.286305119332699E+001
    144  2.276633823876088E-004  3.023024488043693E+001
    546  2.270286504685341E-004  1.038908634804570E+002
    115  2.237767902397325E-004  2.908676806680809E+001
    197  2.191708965109051E-004  3.407091137263039E+001
    970  2.123995616974745E-004  1.288440499253601E+002
    195  2.116419042240731E-004  3.399004655216064E+001
    928  2.099764784771582E-004  1.271758190169006E+002
    514  2.081214223373294E-004  6.112143562944963E+001
    157  2.076646717342441E-004  3.136040875348826E+001
    475  2.069749574744042E-004  5.870955367754343E+001
    952  2.052292167861226E-004  1.282170243378332E+002
      9  2.032144826513266E-004  1.615282072713023E+001
    379  2.027544460974487E-004  4.610002508350383E+001
     51  2.024776304058992E-004  2.527497960196780E+001
     33  1.997353684785242E-004  2.387502434282544E+001
    497  1.980277635977072E-004  5.984833423050026E+001
    697  1.957759708852844E-004  1.111168086390436E+002
     60  1.954865131502527E-004  2.612817271153773E+001
    708  1.942491524820029E-004  1.116659378913442E+002
    199  1.935033073266920E-004  3.411214171315592E+001
    485  1.933191715011064E-004  5.896971858223063E+001
    409  1.928019903312839E-004  5.377950655266745E+001
    273  1.908021357683914E-004  3.771236202405859E+001
    998  1.894603060361211E-004  1.301241144683907E+002
    976  1.877577711158978E-004  1.291265023483052E+002
    991  1.873203993590037E-004  1.298309517843196E+002
    458  1.855414730097099E-004  5.780961640938520E+001
    380  1.792969748522461E-004  4.621788456267294E+001
    538  1.792830993136139E-004  8.801939400846273E+001
    267  1.790795544648177E-004  3.763942844703926E+001
    563  1.783055940580696E-004  1.058622417292547E+002
    518  1.774766272753960E-004  6.116565427175681E+001
    544  1.767427458298820E-004  1.037287728441322E+002
    285  1.730323330303470E-004  3.794670187788559E+001
     52  1.728542083248350E-004  2.532370304309600E+001
   1001  1.691795932298566E-004  1.301907504163165E+002
   1038  1.664835990621541E-004  1.317153469634680E+002
    326  1.652151560577131E-004  3.980074663620405E+001
    687  1.647235952217983E-004  1.108477970364615E+002
     14  1.630803175645582E-004  2.047451167645159E+001
    592  1.630478226807620E-004  1.074010896433819E+002
    291  1.621385356092170E-004  3.834865717601958E+001
    551  1.618574681637391E-004  1.044758850995860E+002
    911  1.615301165460750E-004  1.258968376271585E+002
    376  1.606621784568043E-004  4.578482274843697E+001
    557  1.580068373051524E-004  1.053298087456868E+002
   1034  1.562118412026918E-004  1.314975717016592E+002
    117  1.547377944602281E-004  2.915145470361619E+001
   1016  1.534095070755425E-004  1.306784011483153E+002
   1074  1.514597638068970E-004  1.357832717908243E+002
    710  1.507922030718793E-004  1.117114283703663E+002
   1011  1.501153449891261E-004  1.305590563134582E+002
   1072  1.487198070335365E-004  1.354275255218108E+002
     18  1.476507513324632E-004  2.124694793769305E+001
    105  1.457878615622932E-004  2.872870804936272E+001
      2  1.434757583784839E-004  1.507477314615795E+001
    114  1.427889211290315E-004  2.903390568794284E+001
    716  1.424956862997341E-004  1.119313653155845E+002
    453  1.391218468065766E-004  5.734859743017803E+001
     64  1.374700207135066E-004  2.637954322898939E+001
    549  1.372348654604048E-004  1.043755820157491E+002
    683  1.367438887917326E-004  1.107854094171573E+002
    445  1.354573792647785E-004  5.650985963977887E+001
    791  1.352392696442530E-004  1.158399885308925E+002
    351  1.348423947463360E-004  4.290814690346715E+001
    866  1.329159956160641E-004  1.198737679274225E+002
    101  1.321877460968756E-004  2.816121926613436E+001
     83  1.288314513220517E-004  2.745200449399356E+001
    554  1.286658636216108E-004  1.048978551747549E+002
    588  1.283984228208135E-004  1.072780161282308E+002
    113  1.281884214397859E-004  2.894608485543543E+001
    712  1.238619213921292E-004  1.118479116964762E+002
    681  1.235664549753929E-004  1.107150530846271E+002
    504  1.232472851124554E-004  6.073767201700102E+001
    213  1.189291761149776E-004  3.426923698719692E+001
    967  1.174501228714319E-004  1.287730879251822E+002
    222  1.166279997781465E-004  3.444665555523785E+001
    877  1.144607633901522E-004  1.207635072396237E+002
    545  1.142810191225789E-004  1.038885725205099E+002
    266  1.125935913538140E-004  3.763404507858488E+001
    466  1.121265591520037E-004  5.848631456847294E+001
     28  1.120589361662130E-004  2.303576073275412E+001
     81  1.117806812410366E-004  2.737831616504717E+001
    937  1.114863840158653E-004  1.275975168353670E+002
    617  1.076099748672096E-004  1.082069188907082E+002
    934  1.067477939935329E-004  1.274026915475210E+002
    193  1.042296024604499E-004  3.387383688791338E+001
     74  1.036063380620572E-004  2.706787664592100E+001
    442  1.022219118692837E-004  5.605259237502305E+001
    940  1.010859989299891E-004  1.277053477702196E+002
    231  9.994616605880120E-005  3.529195130720404E+001
    299  9.986016088280801E-005  3.861147003050849E+001
     42  9.943397210080381E-005  2.442065503900721E+001
   1036  9.797371400785141E-005  1.315563975924429E+002
    173  9.515113142336762E-005  3.267731285541730E+001
    691  9.465129056011953E-005  1.109942746792360E+002
    568  9.460394693002894E-005  1.063884322375297E+002
     58  9.318545741510245E-005  2.603619761911758E+001
   1031  9.247659760997201E-005  1.313824495210718E+002
      5  9.072397687120560E-005  1.580375607842547E+001
    676  8.975560747992366E-005  1.102968009656115E+002
    297  8.817011335238553E-005  3.850412000814609E+001
   1026  8.691974375581666E-005  1.310988308446859E+002
    727  8.690532834477874E-005  1.123838421661365E+002
    240  8.667906917722794E-005  3.568815433410965E+001
    785  8.667245622099883E-005  1.156515149006221E+002
    948  8.642564442623805E-005  1.280530341997139E+002
    745  8.574945020554059E-005  1.127541380335163E+002
    448  8.401870526156464E-005  5.707216855561523E+001
    597  8.400025328045739E-005  1.076362394255561E+002
    855  8.369979154014909E-005  1.192335282432478E+002
    405  8.356623402945816E-005  5.340951413863353E+001
    765  8.320018812815061E-005  1.138034732037320E+002
    302  8.256274498015123E-005  3.874867387838012E+001
    799  8.221970197180248E-005  1.161655148393659E+002
    669  8.171371519799999E-005  1.098991161820264E+002
    848  8.139031946539807E-005  1.185512117490796E+002
    730  8.086234941307905E-005  1.124678820560711E+002
     45  8.038009235204126E-005  2.505629895200580E+001
    491  8.026104195130270E-005  5.916484178919298E+001
    886  7.982268101196715E-005  1.214498350996194E+002
    292  7.959042729193519E-005  3.837765227419467E+001
    842  7.878121325397075E-005  1.180365480395604E+002
    989  7.860178295442668E-005  1.296856498562064E+002
    516  7.834029488980604E-005  6.114879167768425E+001
     31  7.823765257190957E-005  2.349957735236975E+001
    204  7.818051720780786E-005  3.416741852472765E+001
   1052  7.763441100991986E-005  1.330891459743712E+002
    145  7.734602592741644E-005  3.035386176419680E+001
    947  7.710017378439320E-005  1.280025795512814E+002
    975  7.495113408064907E-005  1.290479361570385E+002
    110  7.432563906581294E-005  2.890337161783228E+001
     70  7.429823482000291E-005  2.683332853591699E+001
    137  7.397974097499015E-005  2.996307755422044E+001
    217  7.192018244904258E-005  3.432077633458158E+001
    400  7.179184578970144E-005  5.304406357850599E+001
     20  7.138344015994264E-005  2.146722812704134E+001
    675  6.989467102200950E-005  1.101932688761904E+002
    519  6.939738996050247E-005  6.116666091909611E+001
    364  6.852562775900183E-005  4.528995878587361E+001
    489  6.844778354917937E-005  5.906665573291085E+001
    945  6.824509577386060E-005  1.278945431870569E+002
    142  6.745248108660860E-005  3.011700635419402E+001
    149  6.734157710053861E-005  3.064428879965062E+001
    905  6.690554668863782E-005  1.252963463377060E+002
    255  6.610081826806906E-005  3.705801266502003E+001
    887  6.602924205222650E-005  1.215278324822884E+002
    212  6.552955978678210E-005  3.425448747044050E+001
    276  6.524941299848777E-005  3.774173651101562E+001
    637  6.518092663932866E-005  1.087708716348475E+002
    658  6.511167716365667E-005  1.092752908733605E+002
    954  6.415876382799981E-005  1.282848493157465E+002
    813  6.344421267580153E-005  1.170211975618395E+002
     41  6.322189690742067E-005  2.434332602389209E+001
    487  6.276255731374067E-005  5.901096182276392E+001
    151  6.260562639307408E-005  3.097448214004631E+001
   1027  6.192665282934316E-005  1.311414239553258E+002
     87  6.107659684923886E-005  2.773505635732142E+001
    330  6.070340593237003E-005  4.000719691328421E+001
    777  6.016778770925849E-005  1.150636811545726E+002
    229  6.012975532512134E-005  3.477639317683153E+001
    423  5.951763365539303E-005  5.491452382822700E+001
    127  5.772678814958772E-005  2.958197907168710E+001
    768  5.728767292293888E-005  1.140511281344195E+002
   1071  5.712040535163147E-005  1.353191143310252E+002
    185  5.670749628873110E-005  3.329017879350934E+001
    159  5.618347096723026E-005  3.140014259635325E+001
    322  5.601530097193489E-005  3.962934885257222E+001
    319  5.540183950444113E-005  3.955367029075058E+001
    898  5.536781029641349E-005  1.236287338505038E+002
   1000  5.534635717046127E-005  1.301375093272533E+002
    482  5.529992684931777E-005  5.890508639424976E+001
    919  5.523475180487952E-005  1.264669767465423E+002
    517  5.289673183330530E-005  6.116283191518230E+001
    294  5.255849985690776E-005  3.844005427068350E+001
    639  5.235932915276247E-005  1.087924757147032E+002
    278  5.073248204570300E-005  3.775225448216675E+001
    742  5.056838737535108E-005  1.126546326383816E+002
    290  5.032308767104669E-005  3.834059039797889E+001
     66  4.916928705303825E-005  2.653041695388611E+001
    136  4.881958463515925E-005  2.995197020395121E+001
    851  4.833302329441051E-005  1.189105890777936E+002
    623  4.823165255056410E-005  1.084311616311891E+002
    189  4.807174176954851E-005  3.348575581421191E+001
    796  4.803541297376578E-005  1.160406419035091E+002
    301  4.781553906360668E-005  3.874125966254066E+001
     48  4.758104729708241E-005  2.521050943974308E+001
    426  4.748664198630558E-005  5.521112029631625E+001
     63  4.742709996475960E-005  2.633691355837915E+001
    295  4.715827391897343E-005  3.844649820311862E+001
    355  4.701116874813571E-005  4.365668409738398E+001
    654  4.700214390065544E-005  1.091774321289355E+002
   1061  4.690611501569125E-005  1.338239896777959E+002
    717  4.658862512646235E-005  1.119901298340990E+002
    515  4.646028053038484E-005  6.113166482037749E+001
    871  4.632355143311552E-005  1.204638135739833E+002
    143  4.591422762020955E-005  3.021552765862468E+001
      4  4.555231089737006E-005  1.555889535187236E+001
    810  4.549595454894803E-005  1.168542717379606E+002
    626  4.527458857059263E-005  1.085197354965440E+002
    924  4.521588037410282E-005  1.267645350898773E+002
    161  4.519273153513777E-005  3.141544799468193E+001
    802  4.503382481772479E-005  1.163074247182627E+002
    158  4.404977647779195E-005  3.138637587596471E+001
    215  4.400160345895823E-005  3.430912489816387E+001
    238  4.322962001763151E-005  3.562010162214489E+001
     11  4.254919757120278E-005  1.771447447329438E+001
    249  4.245129732259615E-005  3.643158917315001E+001
    760  4.161061327130630E-005  1.133648679091437E+002
    253  4.135598191733943E-005  3.690338042035397E+001
    988  4.073448699907429E-005  1.295230022337254E+002
    771  4.045058765481412E-005  1.142541813627527E+002
    832  3.978693308907134E-005  1.176150872586579E+002
    348  3.947454054033567E-005  4.278252907839931E+001
    609  3.909521908037911E-005  1.080529774194348E+002
    275  3.875262642213187E-005  3.771871208633355E+001
    360  3.856784098301122E-005  4.501412031898634E+001
    312  3.853157120241017E-005  3.940338989709551E+001
    365  3.837123069324340E-005  4.540196146988517E+001
    347  3.816799462802297E-005  4.251894246220620E+001
    112  3.779699338862124E-005  2.893182478938967E+001
    510  3.773627519618338E-005  6.106496915014706E+001
     43  3.755069671226070E-005  2.485090944939308E+001
    746  3.699030374349318E-005  1.128150956859242E+002
    741  3.683942293767438E-005  1.126383251241469E+002
    524  3.639060600950538E-005  6.196836567938324E+001
    407  3.630704338653322E-005  5.355040632372296E+001
    259  3.608826609290213E-005  3.731129763636223E+001
    404  3.596686734592700E-005  5.332919471058649E+001
    593  3.583345021238827E-005  1.074633420950339E+002
    826  3.549694362563712E-005  1.174535409692338E+002
    550  3.529805622887502E-005  1.044255141670578E+002
   1075  3.518465154260119E-005  1.852007864492208E+002
    917  3.500246672758964E-005  1.262583151256411E+002
    223  3.488310449044493E-005  3.452101188794168E+001
    498  3.443400835333409E-005  6.006055704270973E+001
    419  3.437464236152264E-005  5.447434435004674E+001
    329  3.386887992987703E-005  3.994917835777716E+001
    201  3.376450165521495E-005  3.413905621996786E+001
    417  3.343271098934311E-005  5.432386496665636E+001
    631  3.341853044368313E-005  1.086593678715634E+002
    372  3.338457983261637E-005  4.569660817760900E+001
    140  3.265680703343035E-005  3.002380690834687E+001
    632  3.226162603887624E-005  1.086732063917954E+002
    783  3.180176081154543E-005  1.155776779712016E+002
    450  3.162597996940633E-005  5.723022636777802E+001
    210  3.151409445178461E-005  3.421873300884823E+001
    835  3.129116206707064E-005  1.176766134664512E+002
    960  3.119280704828901E-005  1.283710541965592E+002
    353  3.092545092471438E-005  4.354452657935016E+001
    309  3.073198509596051E-005  3.929268620446922E+001
     68  3.067149188452974E-005  2.665958995788216E+001
    772  3.037633848088079E-005  1.144444014986270E+002
    618  3.026515689706050E-005  1.083041655146542E+002
    944  3.025453118423918E-005  1.278264506290159E+002
    367  3.024557139858074E-005  4.546665367422378E+001
    208  3.006302457712306E-005  3.420400517096608E+001
    211  2.988025595001248E-005  3.422885497659050E+001
    244  2.952360005949344E-005  3.582009297825139E+001
    207  2.922412817274388E-005  3.419271829752626E+001
    153  2.916049046629790E-005  3.119128674334460E+001
    399  2.872429240977242E-005  5.300117686152819E+001
    460  2.853869324799954E-005  5.821511818989060E+001
    459  2.849238079965431E-005  5.797524108925945E+001
    942  2.832944000350067E-005  1.277896527703618E+002
    884  2.817210196077922E-005  1.212913619330936E+002
    262  2.816359222498767E-005  3.754826259370084E+001
    992  2.812544561754179E-005  1.299169051159237E+002
    784  2.781674153119397E-005  1.156115101864969E+002
    183  2.722013014239362E-005  3.317747871488443E+001
    203  2.712785561565384E-005  3.415596231316062E+001
    731  2.692467729913564E-005  1.124795031346507E+002
    689  2.661533142694196E-005  1.108992280227757E+002
    289  2.623610570569363E-005  3.832422991649202E+001
    512  2.614096014335927E-005  6.110465593383906E+001
    398  2.538154467398827E-005  5.298968704937109E+001
   1009  2.517072782021080E-005  1.304609142394732E+002
    320  2.489280647684346E-005  3.958466091098631E+001
    678  2.451238588571678E-005  1.105298402911861E+002
    797  2.365031114190240E-005  1.161224071144865E+002
    789  2.358846607829612E-005  1.157939903252585E+002
    962  2.350970755776913E-005  1.284190833846668E+002
    139  2.348552290404589E-005  3.001327528760398E+001
    817  2.333107545451385E-005  1.171745914510001E+002
    494  2.315546447317431E-005  5.959072402434833E+001
    795  2.304468682441231E-005  1.159446042090269E+002
     21  2.291720277363982E-005  2.149552581175353E+001
   1020  2.258837862071151E-005  1.308300137670077E+002
    288  2.245416250595257E-005  3.825168870868715E+001
    803  2.192737712867774E-005  1.163959410830473E+002
    822  2.184082150043985E-005  1.173379890193997E+002
     46  2.172570451036779E-005  2.508968851186969E+001
    793  2.126267730060651E-005  1.158943894419280E+002
    221  2.110432908668085E-005  3.444064242877499E+001
    194  2.107014941370775E-005  3.388123191050668E+001
    168  2.091826774955897E-005  3.223239881301075E+001
    702  2.088563292934641E-005  1.112791472783473E+002
    513  2.083065457236860E-005  6.111701004965728E+001
     72  2.078000332393307E-005  2.695844835194747E+001
     95  2.076728065738971E-005  2.806113631432304E+001
    829  2.051595035083225E-005  1.175434491795728E+002
    836  2.041286387062059E-005  1.177792466123822E+002
    655  2.036522181848869E-005  1.092114390318620E+002
    271  2.029665165241030E-005  3.769377629908810E+001
    377  2.017238468909261E-005  4.580996274485975E+001
    755  2.012177351255356E-005  1.130537195644052E+002
    332  1.985499513037704E-005  4.036182328117159E+001
    875  1.966465636085218E-005  1.206504418490652E+002
    108  1.962006437624420E-005  2.884206820739177E+001
    997  1.934232874082679E-005  1.300952728722026E+002
    279  1.931516666489189E-005  3.776291602598710E+001
    473  1.902141572062971E-005  5.864875851961727E+001
    690  1.891197952904664E-005  1.109553167085971E+002
    844  1.890646620810758E-005  1.182236522024691E+002
    131  1.845288303455043E-005  2.976719894627799E+001
    109  1.815623007258296E-005  2.888359254004277E+001
    938  1.803112813356614E-005  1.276246332177813E+002
    141  1.800402395199956E-005  3.005205957969120E+001
    486  1.794439872935273E-005  5.898078655703418E+001
    106  1.755192905202941E-005  2.873147041157064E+001
    979  1.737551240955091E-005  1.292073280791942E+002
    966  1.737544859341283E-005  1.287120665380274E+002
    552  1.736293448147301E-005  1.045004516183760E+002
     88  1.729145389307945E-005  2.776495450944637E+001
    659  1.723756330885547E-005  1.093169473413985E+002
    995  1.723433348805118E-005  1.300556822463785E+002
     61  1.719815717315558E-005  2.623624111749398E+001
    892  1.713655827518771E-005  1.223146913863671E+002
    883  1.696824482102652E-005  1.212822283474710E+002
    615  1.648849917852102E-005  1.081646255451844E+002
    663  1.634780104766183E-005  1.095408569103236E+002
    116  1.608224683471422E-005  2.910094471225916E+001
    265  1.594125490973963E-005  3.762418150997995E+001
     10  1.592152027046627E-005  1.630017574824609E+001
    808  1.572232918853768E-005  1.166438640424820E+002
    903  1.567380703495479E-005  1.249295857950171E+002
    821  1.533062432954060E-005  1.173213489801490E+002
    237  1.525316241281789E-005  3.561350513334219E+001
    214  1.523251930302991E-005  3.429158842681225E+001
     97  1.451327723006733E-005  2.809615145046481E+001
    751  1.427579146728325E-005  1.129352725370382E+002
    909  1.423562936007413E-005  1.256671150468244E+002
    843  1.415512968042039E-005  1.181049125326048E+002
    331  1.399654893348542E-005  4.033978069592825E+001
    133  1.389837009274111E-005  2.980777525245198E+001
    156  1.386526850861275E-005  3.133959801814033E+001
    202  1.371491679867425E-005  3.414693728338715E+001
    134  1.369538847020006E-005  2.989081555609098E+001
    894  1.364758210463305E-005  1.226855190700912E+002
    602  1.345873715576426E-005  1.078335831208874E+002
   1013  1.342424059311363E-005  1.306191025791559E+002
    385  1.332307230215096E-005  4.744969147605799E+001
    719  1.321566710202825E-005  1.120361196403708E+002
      6  1.304750535817631E-005  1.593905863128156E+001
     99  1.294244994679985E-005  2.813215700322161E+001
    921  1.282283568659685E-005  1.266347372507485E+002
    268  1.278325204924620E-005  3.765614789507087E+001
    349  1.262066832952753E-005  4.279212686889406E+001
    138  1.256990041947786E-005  2.998810658959070E+001
    559  1.232875245697486E-005  1.054467335457494E+002
    812  1.225047715689730E-005  1.169499526914024E+002
    187  1.204406149705510E-005  3.338593491458187E+001
    721  1.203165272186408E-005  1.121902054803930E+002
    218  1.190808035750702E-005  3.434087154455664E+001
    964  1.182545366522100E-005  1.284811881676410E+002
    968  1.162847815770065E-005  1.287893908307005E+002
    118  1.160691182097902E-005  2.927665934202001E+001
    778  1.157587827205512E-005  1.153062331743218E+002
    382  1.145316044269608E-005  4.661435463500721E+001
    763  1.137315972058128E-005  1.136578287383470E+002
   1053  1.121721474827557E-005  1.331993000158318E+002
    437  1.118005982984908E-005  5.567668099873953E+001
    132  1.114805759988781E-005  2.978147182311027E+001
    863  1.090890542077255E-005  1.194780899982511E+002
    926  1.073003215183794E-005  1.269935099435139E+002
    769  1.052037505124014E-005  1.141494817506874E+002
    374  1.031712469113260E-005  4.576894168844035E+001
    483  1.019464215489242E-005  5.892865432514233E+001
    879  9.943880274719224E-006  1.208628531744268E+002
    216  9.849972400595063E-006  3.431915233475488E+001
    104  9.796021255918274E-006  2.863475114667724E+001
   1077  9.718361541062997E-006  6.189178021453241E+002
    352  9.626362841498282E-006  4.345183818831803E+001
    433  9.542652742140783E-006  5.552394895078822E+001
    749  9.525570847123785E-006  1.128862829609149E+002
    338  9.457804467592118E-006  4.143596746217444E+001
     75  9.449220112524464E-006  2.717284531466260E+001
     49  9.393673003590538E-006  2.521926711432687E+001
    246  9.344533250935773E-006  3.612200287477440E+001
    895  9.205473502317044E-006  1.231922658586809E+002
    174  9.161651179810258E-006  3.277024257542895E+001
    981  9.050411111768173E-006  1.292686845988868E+002
    150  9.036591471517519E-006  3.095380367517388E+001
    239  8.983353412638898E-006  3.564788119351169E+001
    564  8.980377691658951E-006  1.059223740174141E+002
     34  8.886648806345503E-006  2.394870774261297E+001
      3  8.875817802358973E-006  1.530095081680193E+001
    523  8.805474201975170E-006  6.195141091349550E+001
    943  8.752005141771403E-006  1.278255860865938E+002
    477  8.707049022170295E-006  5.875439662154096E+001
    243  8.639978518169031E-006  3.580427376176280E+001
    480  8.594694277786786E-006  5.887142017505539E+001
    576  8.371950325948597E-006  1.068188420241767E+002
    425  8.366384382271539E-006  5.512885982268182E+001
    587  8.038953933076987E-006  1.072564562863978E+002
    257  7.990504159073103E-006  3.716053985696894E+001
    111  7.987055631030791E-006  2.891758955889047E+001
    865  7.739770548661402E-006  1.195233182598442E+002
    336  7.632148516762992E-006  4.106442919982931E+001
    977  7.604211666359781E-006  1.291448023039548E+002
    324  7.504642153592890E-006  3.965813849875591E+001
    706  7.497561778363141E-006  1.115644797142602E+002
   1032  7.391297367519133E-006  1.314270448258869E+002
    643  7.307909044186108E-006  1.088529165631816E+002
    304  7.244174062346785E-006  3.902642388250331E+001
    762  7.105970654464986E-006  1.134504722361933E+002
    607  7.074272141713307E-006  1.079782277499060E+002
    470  7.009808743655456E-006  5.858950887133865E+001
    327  6.957963585429418E-006  3.980649710729982E+001
    560  6.944780620928692E-006  1.057397922085461E+002
    176  6.884904174461704E-006  3.283702642513862E+001
    667  6.872379874071837E-006  1.098231148083649E+002
    420  6.780315503487080E-006  5.464265012038360E+001
    897  6.628906988695603E-006  1.233154024205701E+002
    414  6.475364431984461E-006  5.408443269732371E+001
      1  6.373686834017587E-006  1.480943860687432E+001
    403  6.357389231309695E-006  5.332276567118551E+001
    196  6.248387770726827E-006  3.402217963204272E+001
    269  6.242429249637178E-006  3.766609016559832E+001
    260  6.191684653821258E-006  3.745846822965304E+001
     30  6.159900741942387E-006  2.339033246897357E+001
    820  6.153319430895908E-006  1.173160626674297E+002
    449  6.145826772511985E-006  5.713782918039372E+001
    527  6.092311919659286E-006  6.211137902133680E+001
   1022  6.058140265848472E-006  1.309570316227355E+002
    303  6.019523403332208E-006  3.891633174738261E+001
    630  5.900414062007607E-006  1.086464564510315E+002
    314  5.840612968379018E-006  3.944402428691944E+001
   1057  5.839802273187408E-006  1.332882698940204E+002
    858  5.752997703607643E-006  1.193043137223610E+002
   1076  5.724792579176715E-006  1.858411948136732E+002
    536  5.708891683709664E-006  7.244369170766353E+001
    649  5.708078258712347E-006  1.089557122086210E+002
    972  5.583887465727483E-006  1.289491342298440E+002
     59  5.563934064102759E-006  2.608228483109795E+001
    555  5.560599188321645E-006  1.049505825405343E+002
    444  5.514991428814746E-006  5.640873014994138E+001
    250  5.475832892556070E-006  3.645071914574685E+001
    824  5.371139091990769E-006  1.173851057796732E+002
     25  5.290355286719160E-006  2.268285797328677E+001
    179  5.182442047327375E-006  3.301071504933698E+001
    548  5.112035462521476E-006  1.041098140943872E+002
    191  5.100796981048556E-006  3.372798248811258E+001
    907  5.000563384567242E-006  1.254774984052440E+002
    451  4.948877118060080E-006  5.726939793781466E+001
    337  4.909922951747087E-006  4.125439580477820E+001
     85  4.908668971537110E-006  2.757726243328665E+001
    860  4.879330681667303E-006  1.193608179742887E+002
    700  4.877557756280693E-006  1.112187707043413E+002
    825  4.680542760327965E-006  1.174155068731360E+002
    305  4.675167647297865E-006  3.919092577852600E+001
    748  4.635920534150828E-006  1.128453459062848E+002
    307  4.442751839508050E-006  3.924418415703018E+001
    321  4.366500503587736E-006  3.959878738143280E+001
    571  4.272669973146516E-006  1.065760725477823E+002
    148  4.268828957189734E-006  3.055713011308698E+001
    493  4.156669689902062E-006  5.956939432616837E+001
   1014  4.097379343504374E-006  1.306579532637773E+002
    502  4.078083462488692E-006  6.033057478557798E+001
    287  3.971806992726348E-006  3.806334999222836E+001
    902  3.905876307424933E-006  1.246861225619736E+002
    671  3.901538170516553E-006  1.100461630260976E+002
     17  3.890432988337783E-006  2.091913438766164E+001
    227  3.782499317527564E-006  3.461221107986133E+001
    334  3.764042045278159E-006  4.055961280242965E+001
     15  3.658197786647029E-006  2.077312965636918E+001
     19  3.652526777903037E-006  2.137958735177528E+001
    565  3.615399100717738E-006  1.059848591127986E+002
    955  3.603911508095153E-006  1.283043098504922E+002
    401  3.560340901069230E-006  5.310952948046032E+001
    868  3.547602393273526E-006  1.199994649602093E+002
    561  3.544888906365344E-006  1.057823475786052E+002
   1062  3.538840052871274E-006  1.338537297016246E+002
    167  3.524879766975741E-006  3.206734480721192E+001
    429  3.505037391789727E-006  5.542704693693687E+001
    737  3.465395603607931E-006  1.125716601108342E+002
    206  3.343425262903525E-006  3.418711639611698E+001
    286  3.313959714256305E-006  3.806107114689090E+001
     50  3.240107718727142E-006  2.524792740229145E+001
    816  3.236067874624079E-006  1.170854692244173E+002
    121  3.220362440627558E-006  2.937009161569695E+001
    542  3.184677744788350E-006  1.021380905135569E+002
    831  3.157407421035269E-006  1.175849164822640E+002
    123  3.094132764361771E-006  2.945706723223188E+001
    646  3.039008467549006E-006  1.089039652974663E+002
     62  3.036872194669759E-006  2.630569023157911E+001
    261  2.998740908733833E-006  3.751537038816641E+001
    184  2.976298985514723E-006  3.328145954751520E+001
    481  2.877619999157790E-006  5.889564718758225E+001
    350  2.844885650292964E-006  4.287084402122760E+001
    673  2.789409979735556E-006  1.101090602242966E+002
    171  2.766963456474737E-006  3.251692712246987E+001
    147  2.569009790292475E-006  3.045498909450352E+001
    621  2.430771108752147E-006  1.083828600305560E+002
    650  2.398896337302294E-006  1.090061273622073E+002
     36  2.387433470948344E-006  2.408548968715760E+001
    508  2.368838744641883E-006  6.101348113010317E+001
    432  2.364594343411947E-006  5.551253331854516E+001
    530  2.355580875538258E-006  6.265828803408258E+001
    950  2.254332620583980E-006  1.281356928004739E+002
    528  2.151228159290890E-006  6.211763689923020E+001
    573  2.135898420370048E-006  1.066520968004064E+002
    599  2.089410991361083E-006  1.077354408464688E+002
    986  2.020552958808307E-006  1.294778988001748E+002
    333  2.020473181816555E-006  4.050570323460023E+001
    219  2.012421908635111E-006  3.435584966495736E+001
    361  1.994266445783360E-006  4.509188248244521E+001
    558  1.987874544211998E-006  1.054235904423783E+002
    256  1.955518871557812E-006  3.708485200545782E+001
    584  1.943494464048144E-006  1.071415131646536E+002
    605  1.882241060381804E-006  1.079476682950407E+002
    457  1.870424949206192E-006  5.770039153165104E+001
    328  1.837477609973308E-006  3.982877398686839E+001
    577  1.832013805720197E-006  1.068269012623950E+002
    594  1.801925013044267E-006  1.075267994995216E+002
    354  1.765359052629738E-006  4.358717802496741E+001
     56  1.735039458856498E-006  2.577494999028338E+001
    529  1.675857576290805E-006  6.213305424318654E+001
   1018  1.650619662323650E-006  1.307425624046459E+002
    873  1.645838020707082E-006  1.205400953636918E+002
   1040  1.584704823213730E-006  1.318325334098182E+002
    317  1.565662452025817E-006  3.952108816795088E+001
    567  1.497479083533993E-006  1.061175767374582E+002
    346  1.479990565519060E-006  4.251353138364797E+001
    242  1.455004709548340E-006  3.575330164903793E+001
     26  1.404623009707779E-006  2.275577786050195E+001
   1024  1.401774517966131E-006  1.310472886139475E+002
    124  1.388536926705449E-006  2.953039329658957E+001
    316  1.383513569254576E-006  3.947722492082590E+001
    622  1.370033135652714E-006  1.084041586407917E+002
    583  1.368505363057088E-006  1.070323413352247E+002
    447  1.358996956309828E-006  5.692641404400948E+001
    684  1.357635521563392E-006  1.108055531440044E+002
    209  1.341747711022184E-006  3.420776675567321E+001
    754  1.321574447579184E-006  1.130532912402911E+002
    674  1.310209901776453E-006  1.101627157855635E+002
    596  1.301228825555479E-006  1.076305596761092E+002
    511  1.297415052077441E-006  6.108291035790679E+001
    604  1.295090706307559E-006  1.078901483894559E+002
    521  1.291149802334044E-006  6.120499406654021E+001
    579  1.289689133197999E-006  1.068810185812333E+002
    170  1.273610890339837E-006  3.240864442722207E+001
    541  1.263317302323374E-006  1.020561485810812E+002
    636  1.259959335042389E-006  1.087412284437008E+002
    932  1.194420865190800E-006  1.272890793904072E+002
    411  1.168683986482214E-006  5.390414096058870E+001
    496  1.168384082959565E-006  5.977778544840232E+001
     54  1.159050452714179E-006  2.537118147105558E+001
   1007  1.144619496263651E-006  1.303971511397991E+002
    616  1.141952107331071E-006  1.081902144651443E+002
    500  1.140503504826817E-006  6.016266526055261E+001
    641  1.127834701749335E-006  1.088136450829588E+002
   1064  1.121366037982044E-006  1.339182935247794E+002
    370  1.119142104046283E-006  4.562254251008403E+001
    672  1.116391395787177E-006  1.100523893058521E+002
     37  1.090074609303583E-006  2.413005277682491E+001
    899  1.063547649636229E-006  1.237750393258326E+002
    589  1.048553766043975E-006  1.073243551551986E+002
    670  1.044791038938259E-006  1.099218253642219E+002
    983  1.027918199274884E-006  1.293699640118089E+002
    666  1.024467933563903E-006  1.096961217429448E+002
    373  1.014739954170148E-006  4.573517441489172E+001
    656  9.931929234577082E-007  1.092383325553483E+002
    342  9.718057812173489E-007  4.219280462450153E+001
    695  9.661728624559909E-007  1.110404578737834E+002
    854  9.617773605959130E-007  1.190938927222375E+002
    506  9.575970344615298E-007  6.092479484159845E+001
    465  9.325684759928878E-007  5.845233409136720E+001
    412  8.994471435167854E-007  5.399327798218789E+001
    574  8.870288922063389E-007  1.067089856517616E+002
    611  8.777707639292414E-007  1.080609110523806E+002
    744  8.723428923942022E-007  1.127340165661099E+002
    709  8.714887013300394E-007  1.116986555393093E+002
    540  8.612646041991218E-007  1.019596674086986E+002
    595  8.528641167893311E-007  1.075727311228692E+002
    738  8.524777362150190E-007  1.126248828969786E+002
     22  8.198296370836172E-007  2.149928230079738E+001
    633  8.179776598674535E-007  1.086770367044967E+002
    613  8.176977204812137E-007  1.081325074305931E+002
    476  8.170157313395742E-007  5.874284760292872E+001
    471  8.162676921129245E-007  5.859921299406331E+001
    415  8.082602630298065E-007  5.409773008136273E+001
    645  7.971171984427437E-007  1.088758352374567E+002
   1063  7.966280671934204E-007  1.338610239777397E+002
    918  7.935669625517674E-007  1.263810693695273E+002
    484  7.868753173920103E-007  5.894622531819898E+001
    682  7.805911425463059E-007  1.107795174367904E+002
    569  7.688265930683988E-007  1.064024371239422E+002
    175  7.627711337266561E-007  3.282740528695558E+001
    830  7.525047901342337E-007  1.175448785112390E+002
    713  7.301822188579220E-007  1.118750446375970E+002
    660  7.270449533713854E-007  1.093929129115852E+002
   1035  7.262977727427173E-007  1.315022364948826E+002
    200  7.214366780391836E-007  3.413076352937113E+001
   1046  7.178844112578184E-007  1.322741703884410E+002
    389  7.036336248221155E-007  4.924612888004685E+001
    916  7.020645784931061E-007  1.261858055404796E+002
    608  6.998703272395611E-007  1.080310773431174E+002
    220  6.921662944007080E-007  3.440936379612124E+001
    619  6.840530053598656E-007  1.083262496248409E+002
    847  6.748936927078292E-007  1.183795327778256E+002
    284  6.441927993330592E-007  3.794002386601017E+001
    281  6.281811426113095E-007  3.778222215271058E+001
    880  6.266151261267518E-007  1.209811659012211E+002
    787  6.059183358987253E-007  1.157066821730262E+002
    722  6.015978828385982E-007  1.121989232781130E+002
    181  5.971804549439271E-007  3.309588236011395E+001
    368  5.959816155493362E-007  4.552075151204606E+001
    129  5.934155119049969E-007  2.967722940199728E+001
    591  5.932077998621537E-007  1.073970459895217E+002
    366  5.883979438741731E-007  4.541480133184800E+001
   1051  5.823133543553337E-007  1.330173846663143E+002
    936  5.799619501192636E-007  1.275963114471066E+002
    838  5.794301938700340E-007  1.178077045912047E+002
    679  5.564732597508208E-007  1.106299731616480E+002
    963  5.540075751369089E-007  1.284456810480366E+002
    732  5.535608359671159E-007  1.124809932511083E+002
    624  5.468841520000155E-007  1.084534043855216E+002
    696  5.337554806623239E-007  1.111110130672436E+002
    756  5.337369127009526E-007  1.131019348749128E+002
    313  5.336398203803432E-007  3.941220320488696E+001
    408  5.285576843779506E-007  5.368647704938994E+001
    252  5.082510463034314E-007  3.681481496629917E+001
    800  5.025048355125972E-007  1.161811067685375E+002
    323  4.957220643194087E-007  3.963162035223775E+001
    469  4.866603425647809E-007  5.857260373695996E+001
    910  4.848132795342352E-007  1.258349422363612E+002
   1005  4.835662106305355E-007  1.302961950162389E+002
    724  4.829238318567162E-007  1.122474317356576E+002
    600  4.819461479870814E-007  1.078192567961393E+002
    757  4.748070649655699E-007  1.131455979007981E+002
    685  4.742443135441238E-007  1.108208915724099E+002
     78  4.671686371041054E-007  2.724001953302053E+001
    770  4.667508003800134E-007  1.141655133118217E+002
    424  4.628344070078081E-007  5.504400290817051E+001
    931  4.605381244969238E-007  1.272754104030811E+002
    492  4.586720200525175E-007  5.919740097208313E+001
    827  4.465899148344942E-007  1.174913134466901E+002
    435  4.411743044238344E-007  5.559833163642786E+001
    837  4.404774071750600E-007  1.177814246314451E+002
   1029  4.376794570209087E-007  1.312589073638632E+002
    556  4.373925295892281E-007  1.053074591696642E+002
    693  4.373692101987622E-007  1.110198391814811E+002
   1028  4.320040793944766E-007  1.312419762585663E+002
    994  4.297699271601624E-007  1.299886393654431E+002
    665  4.276838279815114E-007  1.096195054263975E+002
    953  4.236115418392076E-007  1.282835790234384E+002
    625  4.200778440705362E-007  1.084878781680722E+002
    657  4.180013512657279E-007  1.092680437977900E+002
    488  3.865859321580568E-007  5.904214899548738E+001
    490  3.857036502550639E-007  5.909746584665749E+001
    927  3.813146500352906E-007  1.271118445081471E+002
    562  3.807081291347113E-007  1.058125905236654E+002
    614  3.798949056408153E-007  1.081499604581023E+002
   1002  3.789422318994426E-007  1.301955720736593E+002
    644  3.787631662215166E-007  1.088699046594824E+002
    923  3.777830587938090E-007  1.267345977181097E+002
    634  3.775750604164990E-007  1.087110579745548E+002
    651  3.420554196449297E-007  1.090123807306586E+002
    804  3.418195727227381E-007  1.164307012054320E+002
   1049  3.398175085132480E-007  1.325964910892840E+002
    890  3.339919315351372E-007  1.222269695705770E+002
    974  3.250264930528458E-007  1.290391941684268E+002
   1043  3.236223003319465E-007  1.320181582363304E+002
    339  3.193962282166791E-007  4.199721405536648E+001
    792  3.178667718289247E-007  1.158579110744502E+002
    362  3.144097366776851E-007  4.520209191521082E+001
    610  3.104511758264976E-007  1.080548791140610E+002
    601  3.080449776121764E-007  1.078222216339937E+002
    119  3.072203376157114E-007  2.929038281335912E+001
    526  3.034394161307778E-007  6.205614154690332E+001
    642  3.000453027948196E-007  1.088349318990273E+002
   1010  2.980887498606249E-007  1.305150376372933E+002
    781  2.958698341856225E-007  1.155015502370288E+002
    782  2.916253662749599E-007  1.155663554633046E+002
    441  2.913592766398551E-007  5.602297434426368E+001
    815  2.811650107209831E-007  1.170844697210597E+002
    862  2.774256209272228E-007  1.194326389788892E+002
   1065  2.739660957868456E-007  1.340986810838602E+002
    896  2.726798648608455E-007  1.231967026860033E+002
    522  2.679898996232644E-007  6.189501394570030E+001
    235  2.677441624069074E-007  3.553329683850696E+001
    461  2.655375418164401E-007  5.832169084274378E+001
    922  2.537561404509848E-007  1.267277337836395E+002
    234  2.483122242226291E-007  3.541632958107625E+001
   1068  2.414651036011638E-007  1.342139437973118E+002
    798  2.385803345259112E-007  1.161233232814441E+002
    849  2.372753347909785E-007  1.186556798515274E+002
    739  2.349253778287728E-007  1.126267264275300E+002
    786  2.301134097846354E-007  1.156679892855772E+002
    509  2.264243773616948E-007  6.104665142125116E+001
    949  2.241288726019689E-007  1.280833568476082E+002
    586  2.235947645346322E-007  1.072414988471015E+002
    845  2.232463385260248E-007  1.182722434309271E+002
    915  2.158764695556178E-007  1.261627872997085E+002
    758  2.149480880364932E-007  1.131945788764974E+002
    640  2.139952965563954E-007  1.088027953187827E+002
    990  2.128405845250780E-007  1.297249883032466E+002
    978  2.126475501171389E-007  1.291764873003617E+002
    439  2.109908624864401E-007  5.581771077364913E+001
    767  2.080986966453555E-007  1.139787538815297E+002
    780  2.077065544801747E-007  1.153482258688003E+002
     96  2.073559265079372E-007  2.807603105873968E+001
    590  2.067280731935150E-007  1.073381491314167E+002
    809  2.064651673005291E-007  1.168273457040169E+002
    677  1.967762771620852E-007  1.104103779431708E+002
    933  1.939575283884930E-007  1.272967505112425E+002
    668  1.924835656471426E-007  1.098358517134249E+002
    807  1.919690248249745E-007  1.166040027024774E+002
    699  1.860616565801854E-007  1.111753891148923E+002
    893  1.854655574480569E-007  1.225899968537864E+002
    958  1.844445574963762E-007  1.283326337970340E+002
   1004  1.843917825944776E-007  1.302828791464404E+002
    846  1.828788920569473E-007  1.183733977129572E+002
    534  1.815570891837729E-007  6.352992396574133E+001
    984  1.810174667058704E-007  1.293776492189174E+002
    707  1.788261817748463E-007  1.116484954290111E+002
    463  1.773504407588003E-007  5.840368106338346E+001
    951  1.730704726557233E-007  1.282127111215003E+002
    794  1.725151327985984E-007  1.159299755047292E+002
    311  1.724507533343552E-007  3.939193935233331E+001
    648  1.660556229612842E-007  1.089328290594756E+002
    959  1.583270343506027E-007  1.283643788123119E+002
    357  1.556124537687747E-007  4.413715889769129E+001
    790  1.452777951983684E-007  1.158127479939932E+002
    980  1.452286454281682E-007  1.292322903638887E+002
    736  1.416429849106136E-007  1.125700463249535E+002
    814  1.406585716197445E-007  1.170571282096026E+002
   1023  1.395693778527229E-007  1.309907545973144E+002
    764  1.326621581643069E-007  1.137269990775531E+002
    982  1.307373771556683E-007  1.293230544301462E+002
    985  1.245021445383205E-007  1.294454523269476E+002
    371  1.241494474138900E-007  4.567834615857563E+001
    908  1.179419008547970E-007  1.256350992978881E+002
    107  1.156161933880180E-007  2.880093649968087E+001
    375  1.135191893282242E-007  4.577921754207221E+001
    876  1.129146775773428E-007  1.207338716680959E+002
    705  1.106895806009459E-007  1.114879185885843E+002
    664  1.056837778126297E-007  1.095868237421283E+002
    715  1.055811226333719E-007  1.119122168057061E+002
    901  1.053540905715715E-007  1.246352700151236E+002
    761  1.041815810627548E-007  1.134019555363662E+002
    606  1.033401718546360E-007  1.079754075340127E+002
    833  1.021439974991702E-007  1.176450554682990E+002
    805  9.953146395875762E-008  1.165442309434909E+002
    913  9.927095725429278E-008  1.260963173315474E+002
    688  9.891263498256010E-008  1.108652117541332E+002
   1017  9.707922523026657E-008  1.307020085696559E+002
    819  9.551474362559218E-008  1.172617623112352E+002
    499  9.424901855366676E-008  6.010190034988052E+001
    900  8.800361713148278E-008  1.240255399934555E+002
    612  8.730592712344748E-008  1.080838271474082E+002
    957  8.673353050190146E-008  1.283224605383935E+002
    735  8.499527193167635E-008  1.125422257639707E+002
    852  8.240964484772204E-008  1.189308904937423E+002
    729  8.094981730996504E-008  1.124070412533170E+002
    939  7.990755707823175E-008  1.276788938661296E+002
    122  7.802687504390150E-008  2.942821875092930E+001
    766  7.734451877606639E-008  1.138313497862233E+002
    920  7.709334698033409E-008  1.265729199247587E+002
    428  7.287387909315881E-008  5.539697768550786E+001
    388  7.259555128941878E-008  4.916519389587509E+001
    999  7.250044143998997E-008  1.301340763851820E+002
    750  6.815039671706854E-008  1.128980084302201E+002
    635  6.733188634464416E-008  1.087402789130293E+002
    703  6.703525486431598E-008  1.113359924967504E+002
    627  6.658275529035795E-008  1.085359599099982E+002
    205  6.484400366894054E-008  3.418138862993963E+001
    859  6.348219108184597E-008  1.193117826572047E+002
   1056  6.220428978162429E-008  1.332822863268028E+002
    692  6.182877471324206E-008  1.109991362888409E+002
    776  5.918361944028656E-008  1.150535509847603E+002
    874  5.876896706157889E-008  1.206463359037059E+002
    166  5.541231689773537E-008  3.197534022905977E+001
    345  5.214922700039395E-008  4.248475366295001E+001
    277  5.199555297595867E-008  3.774405278528796E+001
    714  5.186988260157835E-008  1.118865310298163E+002
    726  5.181129178880044E-008  1.123280306605216E+002
   1003  5.158146239127799E-008  1.302792324598297E+002
   1054  5.128407152152953E-008  1.332101619260334E+002
    325  5.067644252628932E-008  3.979678053884171E+001
    495  4.916311172764345E-008  5.971063876484735E+001
   1021  4.766246199548402E-008  1.308784400027895E+002
    811  4.611064099615919E-008  1.169131613251637E+002
    662  4.564041250509812E-008  1.094304874643061E+002
    878  4.549891992449895E-008  1.208553192243232E+002
    720  4.508977375198857E-008  1.121496181246094E+002
    925  4.459493726391960E-008  1.268943605090481E+002
    363  4.427585854975235E-008  4.523665715266514E+001
    581  4.416623390558074E-008  1.069166383916512E+002
    912  4.378531987183490E-008  1.259977317017505E+002
    856  4.328148840534259E-008  1.192407591408727E+002
    701  4.318761492548940E-008  1.112655741498095E+002
    603  4.248264089573099E-008  1.078480909052838E+002
    867  4.129285744974691E-008  1.199420338065019E+002
    906  4.099518600347762E-008  1.253859334012492E+002
    788  4.070463751615753E-008  1.157595566872355E+002
    834  3.922120921244981E-008  1.176651591794238E+002
    225  3.913269546145646E-008  3.458265676939745E+001
     47  3.829598707534251E-008  2.514695584094496E+001
    779  3.611798547956467E-008  1.153237642854880E+002
    888  3.497945648417016E-008  1.215384892766490E+002
    993  3.323674158555359E-008  1.299638892136509E+002
    971  3.163488949065960E-008  1.289111652451389E+002
    410  3.029114582287824E-008  5.380004782230375E+001
    146  2.963079975527542E-008  3.038455959742199E+001
    935  2.888560277075291E-008  1.274477748704804E+002
     84  2.815242886521605E-008  2.748397341497807E+001
    857  2.620305813697715E-008  1.192977858717030E+002
    394  2.568863338026777E-008  5.275338077531283E+001
   1059  2.446518830836849E-008  1.335352794510990E+002
    861  2.431962617488894E-008  1.193618968506130E+002
    839  2.345819021749671E-008  1.178451551754228E+002
    818  2.326013762970761E-008  1.172202887178189E+002
   1012  2.305510688256048E-008  1.305860585800326E+002
    228  1.957103574839808E-008  3.465329128304563E+001
   1019  1.937098917057427E-008  1.307856127904329E+002
    711  1.912351509326096E-008  1.117833092223069E+002
    628  1.852270711484779E-008  1.085999071252231E+002
    629  1.765021217293555E-008  1.086436456014825E+002
    315  1.701444113472158E-008  3.946262277995078E+001
    282  1.674632367179652E-008  3.781601762519486E+001
    882  1.631950792073980E-008  1.212606419968792E+002
    961  1.571766873106992E-008  1.283826108536399E+002
    747  1.526406790762252E-008  1.128221651622354E+002
    743  1.516413805333798E-008  1.126739704882794E+002
    941  1.328487521281961E-008  1.277239710636116E+002
    969  1.131858486987260E-008  1.288232913140608E+002
    828  1.109370017143235E-008  1.175132070682912E+002
    130  1.097187385851625E-008  2.969026097336859E+001
    872  1.054413734692840E-008  1.204992644439996E+002
    653  1.019132277240991E-008  1.090926521840726E+002
    728  9.885598439646139E-009  1.123911467240560E+002
    647  9.353807300736863E-009  1.089204596390746E+002
    904  8.947402525039434E-009  1.250437756508075E+002
    718  8.679448617922035E-009  1.120307816427976E+002
    869  8.429802453378860E-009  1.201465244096069E+002
   1033  8.320895448194941E-009  1.314921549657209E+002
    987  8.279189810063761E-009  1.295218650079724E+002
   1025  8.017372026074623E-009  1.310823101564250E+002
    914  7.827068305905557E-009  1.261343003660832E+002
    996  7.750557236230210E-009  1.300741546440489E+002
    224  7.591924631930237E-009  3.456258153743839E+001
    723  7.496973403736033E-009  1.122249597820348E+002
    823  6.640907361748340E-009  1.173434151863991E+002
    263  6.077522915149834E-009  3.756851288337069E+001
    416  5.511247012839198E-009  5.412105627361211E+001
   1037  5.225578070026331E-009  1.316166834102353E+002
   1015  5.207775135677256E-009  1.306693309857935E+002
    369  5.029222070251177E-009  4.556664797594529E+001
    598  4.929852734563491E-009  1.077082259858063E+002
    853  3.943865229909421E-009  1.189950762444425E+002
    956  3.771711472067597E-009  1.283075816024711E+002
    841  3.363223458593491E-009  1.180046875638410E+002
    773  3.320845587276339E-009  1.146041296786391E+002
    864  3.078042035582807E-009  1.195154318953015E+002
    965  2.879481545283301E-009  1.286084743618769E+002
    806  2.686202541621510E-009  1.165904998677036E+002
    172  2.683133132081172E-009  3.254695536480502E+001
    850  2.416533047206386E-009  1.188640670964077E+002
    740  2.275356322398998E-009  1.126281679605138E+002
    775  2.134788716881649E-009  1.149447083106751E+002
    704  1.910585688979314E-009  1.114088220449556E+002
    178  1.814265838008319E-009  3.291892583427273E+001
    733  1.557291468965066E-009  1.125211996768446E+002
    759  1.447194450354469E-009  1.132523759465808E+002
    620  1.316772306771845E-009  1.083700393844588E+002
    889  1.280376978373439E-009  1.221096476933091E+002
    162  1.044485908783323E-009  3.142013005221356E+001
    638  9.557085037194643E-010  1.087773663504995E+002
     13  8.761550415908762E-010  2.038781372204352E+001
    406  8.671233098123806E-010  5.347162595814701E+001
    652  7.605773293195701E-010  1.090805000764319E+002
    520  7.475875738349639E-010  6.117519869664547E+001
    774  7.245849915827250E-010  1.147299018357027E+002
    752  5.907736585757685E-010  1.129825416205730E+002
    881  5.351003123013736E-010  1.212001054655417E+002
    885  5.210037074707175E-010  1.213849358963692E+002
    501  2.935718894087119E-010  6.025540211442135E+001
    946  1.453567501615968E-010  1.279201366409634E+002
    891  8.286692491145144E-011  1.222344606190913E+002
    801  3.996676871812754E-011  1.162412158177078E+002
    443  1.895863103844258E-011  5.615506371008289E+001
   1073  1.791085828745731E-011  1.355646294676644E+002
    734  1.548192685449094E-011  1.125227414297757E+002
   1030  6.190155206453817E-012  1.313677884464318E+002
    753  4.228496815641642E-012  1.130399909728984E+002
    840  1.216345567819520E-012  1.179674198090055E+002
