# Number of modes
   1077
# Tabulated for different initial and final frequencies?
    F
# Mode index, Sj, (highest to lowest), omega_j
    547  4.732217255452029E-002  1.040413527560943E+002
     29  2.026372960744150E-002  2.304600720746813E+001
      7  1.177450045100067E-002  1.598850297870253E+001
    427  7.238079451091532E-003  5.530625255614972E+001
     23  6.190895100595653E-003  2.160694502786773E+001
      8  5.788209836302217E-003  1.603898235084092E+001
    390  5.233241445336545E-003  4.930034545373515E+001
    294  4.958273760223330E-003  3.844005427068350E+001
     24  4.717404132300290E-003  2.165827626673025E+001
    291  4.388207873506527E-003  3.834865717601958E+001
     38  4.350677750121928E-003  2.415274881711009E+001
    430  3.987760824792286E-003  5.544226538226409E+001
    303  3.835787287238548E-003  3.891633174738261E+001
   1070  3.803312368282403E-003  1.350535885837313E+002
    546  3.641653752514479E-003  1.038908634804570E+002
   1058  3.559603275977525E-003  1.334381531708862E+002
    539  3.290779137214211E-003  1.004038214764926E+002
    300  3.019292084174206E-003  3.871033423098082E+001
    248  2.974519195222946E-003  3.617742791171408E+001
    456  2.958133969913701E-003  5.758475825352298E+001
    405  2.947104739079901E-003  5.340951413863353E+001
    302  2.897354105191863E-003  3.874867387838012E+001
    436  2.769635743388661E-003  5.562240782737462E+001
    114  2.709495257345286E-003  2.903390568794284E+001
   1071  2.702278610169647E-003  1.353191143310252E+002
     64  2.676432551994414E-003  2.637954322898939E+001
    544  2.516960445181916E-003  1.037287728441322E+002
    551  2.294613573798099E-003  1.044758850995860E+002
   1052  2.248328051413279E-003  1.330891459743712E+002
   1045  2.224224116525422E-003  1.322246800166877E+002
    290  2.198848124156373E-003  3.834059039797889E+001
     26  2.149698294989780E-003  2.275577786050195E+001
    384  2.122539588601980E-003  4.693482184770667E+001
     18  2.089771930721331E-003  2.124694793769305E+001
    466  2.029301499474541E-003  5.848631456847294E+001
    549  1.933629824524988E-003  1.043755820157491E+002
    195  1.868296842354199E-003  3.399004655216064E+001
     16  1.847198563200349E-003  2.083990463296455E+001
   1072  1.820774818508515E-003  1.354275255218108E+002
    464  1.812685755716509E-003  5.841767339850505E+001
    554  1.804062995727693E-003  1.048978551747549E+002
    301  1.751951466951956E-003  3.874125966254066E+001
     58  1.749133875507385E-003  2.603619761911758E+001
    308  1.689363684716427E-003  3.924824416979163E+001
   1060  1.596803929367545E-003  1.336329109810919E+002
    454  1.577856476838898E-003  5.753531790534946E+001
    392  1.517491152452516E-003  4.975569880244111E+001
    400  1.495847460886280E-003  5.304406357850599E+001
    438  1.434831687535747E-003  5.568774314714533E+001
     17  1.429835118316071E-003  2.091913438766164E+001
    251  1.429227600713469E-003  3.670193646720268E+001
    381  1.417828918765102E-003  4.623753374880091E+001
     39  1.362932679017886E-003  2.419216907562118E+001
    108  1.344487015936582E-003  2.884206820739177E+001
   1062  1.280473220853516E-003  1.338537297016246E+002
    423  1.248450618894935E-003  5.491452382822700E+001
    926  1.247116488844891E-003  1.269935099435139E+002
      5  1.213845494005760E-003  1.580375607842547E+001
    149  1.191351792978814E-003  3.064428879965062E+001
    236  1.097398707873581E-003  3.558504171265294E+001
     31  1.067734230753592E-003  2.349957735236975E+001
     28  1.002760993936310E-003  2.303576073275412E+001
    230  9.942243674905657E-004  3.507000892128892E+001
    875  9.889828513340612E-004  1.206504418490652E+002
    402  9.853035202167795E-004  5.323403324336612E+001
    755  9.374632135322244E-004  1.130537195644052E+002
    245  9.353927465956668E-004  3.584895809931362E+001
    164  9.304968939089818E-004  3.156123118588701E+001
    785  9.259755643391341E-004  1.156515149006221E+002
    344  8.926353895741678E-004  4.229281490750487E+001
    330  8.885216854834146E-004  4.000719691328421E+001
    180  8.237193588479260E-004  3.306959511625761E+001
    440  8.128492846252081E-004  5.589934491235444E+001
    241  8.075645710032554E-004  3.573178726353736E+001
    232  7.937282968620771E-004  3.530982942235851E+001
    407  7.855438257715815E-004  5.355040632372296E+001
    229  7.700982568388229E-004  3.477639317683153E+001
    992  7.654694315466422E-004  1.299169051159237E+002
    928  7.567791151850780E-004  1.271758190169006E+002
    617  7.515153722762167E-004  1.082069188907082E+002
    326  7.406219171170609E-004  3.980074663620405E+001
      2  7.373109877876120E-004  1.507477314615795E+001
    530  7.350820932857287E-004  6.265828803408258E+001
     37  7.336494816714695E-004  2.413005277682491E+001
    426  7.302597710429945E-004  5.521112029631625E+001
    142  7.289157704847417E-004  3.011700635419402E+001
    387  7.267069106205324E-004  4.845493173747810E+001
    455  7.222869681699420E-004  5.757818593173593E+001
    295  7.140609395293718E-004  3.844649820311862E+001
     12  7.040018787601923E-004  1.791855268392995E+001
    771  7.030437449073035E-004  1.142541813627527E+002
    477  6.996090542955159E-004  5.875439662154096E+001
    177  6.911036534899596E-004  3.286305119332699E+001
    249  6.906206462124285E-004  3.643158917315001E+001
    548  6.730989370142750E-004  1.041098140943872E+002
    329  6.609299584778627E-004  3.994917835777716E+001
    192  6.582906223105621E-004  3.373139183933635E+001
    698  6.514749775607075E-004  1.111543499618823E+002
     20  6.499376051724722E-004  2.146722812704134E+001
    478  6.491036069208851E-004  5.880478287498814E+001
    694  6.461520241793304E-004  1.110208923005156E+002
    297  6.437491673207630E-004  3.850412000814609E+001
     11  6.391562825205119E-004  1.771447447329438E+001
    398  6.310897778072777E-004  5.298968704937109E+001
    421  6.162891830113619E-004  5.469982084171487E+001
    199  6.071626684648683E-004  3.411214171315592E+001
    725  6.011944450931660E-004  1.122622575126908E+002
    233  5.869031600959178E-004  3.536858076063520E+001
    165  5.868995724127611E-004  3.194792507678593E+001
   1001  5.834838756606057E-004  1.301907504163165E+002
     85  5.821856967600714E-004  2.757726243328665E+001
    255  5.777168540307906E-004  3.705801266502003E+001
    186  5.694508498429673E-004  3.335079910483972E+001
     95  5.665796707935432E-004  2.806113631432304E+001
   1022  5.658065296648341E-004  1.309570316227355E+002
    691  5.572938622369685E-004  1.109942746792360E+002
   1011  5.505016684420001E-004  1.305590563134582E+002
    535  5.460404371017413E-004  7.234684016852472E+001
   1047  5.385864859375555E-004  1.324683504365100E+002
    347  5.329684231426392E-004  4.251894246220620E+001
    335  5.295083836583417E-004  4.064698242871874E+001
    536  5.261966682424743E-004  7.244369170766353E+001
    207  5.223679213125006E-004  3.419271829752626E+001
    710  5.151932444901882E-004  1.117114283703663E+002
    258  5.112873330785571E-004  3.725675246841864E+001
    757  4.973180395730963E-004  1.131455979007981E+002
    103  4.899486563243949E-004  2.854698030319213E+001
    746  4.805404627172851E-004  1.128150956859242E+002
    459  4.723373690704370E-004  5.797524108925945E+001
   1061  4.690876011008200E-004  1.338239896777959E+002
      1  4.646509369911473E-004  1.480943860687432E+001
   1075  4.644467137160715E-004  1.852007864492208E+002
    762  4.533908519416578E-004  1.134504722361933E+002
     35  4.524217907080686E-004  2.406163852032448E+001
    425  4.462125762186134E-004  5.512885982268182E+001
    404  4.456101930151155E-004  5.332919471058649E+001
    730  4.451332867708662E-004  1.124678820560711E+002
     48  4.345413480868943E-004  2.521050943974308E+001
   1039  4.238957814172353E-004  1.317789778316224E+002
     33  4.193399321586221E-004  2.387502434282544E+001
    697  4.131835210896038E-004  1.111168086390436E+002
     66  4.095545029932054E-004  2.653041695388611E+001
    411  4.019058551371765E-004  5.390414096058870E+001
    531  4.012217443231270E-004  6.280622541285696E+001
    161  3.954473264948988E-004  3.141544799468193E+001
    215  3.900825232186360E-004  3.430912489816387E+001
    270  3.886706696266171E-004  3.767493462479421E+001
    348  3.844934926295103E-004  4.278252907839931E+001
    838  3.840909357619974E-004  1.178077045912047E+002
    296  3.786110667154499E-004  3.847026909032138E+001
   1064  3.776085853638941E-004  1.339182935247794E+002
    333  3.754010640585747E-004  4.050570323460023E+001
     57  3.469934373236421E-004  2.601044601303876E+001
     71  3.438447246561605E-004  2.691074291878593E+001
    105  3.406591188338130E-004  2.872870804936272E+001
   1074  3.331290308126547E-004  1.357832717908243E+002
    385  3.314952131557688E-004  4.744969147605799E+001
    380  3.280410268425164E-004  4.621788456267294E+001
    417  3.213735783182864E-004  5.432386496665636E+001
    358  3.206176342567055E-004  4.418411045040358E+001
     36  3.165653899229484E-004  2.408548968715760E+001
    751  3.080294871086224E-004  1.129352725370382E+002
    748  3.074225539589621E-004  1.128453459062848E+002
    198  3.051807995540696E-004  3.410095577154824E+001
    341  3.012899086796139E-004  4.207899368185591E+001
    306  2.995046713228694E-004  3.922583615449084E+001
   1016  2.973821264999781E-004  1.306784011483153E+002
     42  2.956606160571106E-004  2.442065503900721E+001
    183  2.954381905920769E-004  3.317747871488443E+001
   1005  2.937044462275151E-004  1.302961950162389E+002
    160  2.931397234915231E-004  3.140287364756382E+001
    503  2.907214246289756E-004  6.062899617907863E+001
    712  2.896526775257530E-004  1.118479116964762E+002
    784  2.855773483042241E-004  1.156115101864969E+002
    131  2.842790501030638E-004  2.976719894627799E+001
     74  2.804870780342935E-004  2.706787664592100E+001
    964  2.731006245381084E-004  1.284811881676410E+002
    717  2.713089869947577E-004  1.119901298340990E+002
    182  2.675111393250748E-004  3.313118961536368E+001
     27  2.674970700086064E-004  2.288948685305089E+001
   1050  2.626988017453667E-004  1.326682006609648E+002
   1013  2.623652699307308E-004  1.306191025791559E+002
    331  2.553601956429924E-004  4.033978069592825E+001
    133  2.534185976639641E-004  2.980777525245198E+001
    231  2.533176366817265E-004  3.529195130720404E+001
    202  2.532577273639254E-004  3.414693728338715E+001
    378  2.531853952837491E-004  4.609481655347708E+001
     14  2.470995743668639E-004  2.047451167645159E+001
    184  2.447898003942897E-004  3.328145954751520E+001
     10  2.419261341367858E-004  1.630017574824609E+001
    418  2.406165263584966E-004  5.440760214654593E+001
    742  2.394565510974680E-004  1.126546326383816E+002
    494  2.394562890379642E-004  5.959072402434833E+001
    312  2.390141540082839E-004  3.940338989709551E+001
    659  2.358289032159648E-004  1.093169473413985E+002
    119  2.356643339948798E-004  2.929038281335912E+001
    163  2.354774748943848E-004  3.148605603035891E+001
    769  2.352504510536091E-004  1.141494817506874E+002
    318  2.350171075649732E-004  3.952690512520030E+001
    282  2.335424341154528E-004  3.781601762519486E+001
    226  2.332253597988507E-004  3.460914941435140E+001
    749  2.312757650642496E-004  1.128862829609149E+002
    687  2.312308139651171E-004  1.108477970364615E+002
    940  2.270620376105180E-004  1.277053477702196E+002
    374  2.266805933197809E-004  4.576894168844035E+001
    212  2.260498518966451E-004  3.425448747044050E+001
    497  2.249189604247578E-004  5.984833423050026E+001
    210  2.236352613873551E-004  3.421873300884823E+001
   1041  2.231639996055190E-004  1.318604688563310E+002
    379  2.228383866273114E-004  4.610002508350383E+001
    143  2.218082050977867E-004  3.021552765862468E+001
    460  2.197643127865012E-004  5.821511818989060E+001
    491  2.175531795329389E-004  5.916484178919298E+001
    721  2.173801735971440E-004  1.121902054803930E+002
    100  2.165162909611423E-004  2.814590236831992E+001
     46  2.134746921177003E-004  2.508968851186969E+001
    158  2.128498722479422E-004  3.138637587596471E+001
    572  2.114282348268764E-004  1.066354688575440E+002
    267  2.087641136368308E-004  3.763942844703926E+001
   1067  2.079266687751095E-004  1.341872351276505E+002
    676  2.077029575315117E-004  1.102968009656115E+002
     92  2.046379375741315E-004  2.796966533379813E+001
    134  2.019919034252216E-004  2.989081555609098E+001
    283  2.003210277323193E-004  3.781664732037148E+001
    156  1.987518072859152E-004  3.133959801814033E+001
    221  1.942189796026471E-004  3.444064242877499E+001
    847  1.942127678573290E-004  1.183795327778256E+002
    479  1.933004719761122E-004  5.886156225440574E+001
    587  1.923105757461463E-004  1.072564562863978E+002
    848  1.914317391424449E-004  1.185512117490796E+002
    205  1.888322091227319E-004  3.418138862993963E+001
   1069  1.883996835789600E-004  1.347402109836953E+002
    138  1.867691267984664E-004  2.998810658959070E+001
   1032  1.864995591346096E-004  1.314270448258869E+002
    452  1.839474487352886E-004  5.732416656661538E+001
    690  1.809634108414111E-004  1.109553167085971E+002
    222  1.803397455300507E-004  3.444665555523785E+001
    320  1.767621538366965E-004  3.958466091098631E+001
   1031  1.764815327779203E-004  1.313824495210718E+002
    763  1.750825575417295E-004  1.136578287383470E+002
    239  1.746713215117047E-004  3.564788119351169E+001
    259  1.742677000298194E-004  3.731129763636223E+001
     52  1.724429984679000E-004  2.532370304309600E+001
    582  1.702301504483223E-004  1.069886979669129E+002
     89  1.695626787621378E-004  2.787565477396676E+001
     96  1.683111640639236E-004  2.807603105873968E+001
     45  1.632832926413251E-004  2.505629895200580E+001
    111  1.614887954903695E-004  2.891758955889047E+001
    512  1.598622173295736E-004  6.110465593383906E+001
    756  1.591273298998788E-004  1.131019348749128E+002
     43  1.591147645663563E-004  2.485090944939308E+001
    188  1.588508164120889E-004  3.343297855491465E+001
    892  1.587426413900356E-004  1.223146913863671E+002
    538  1.583636854488051E-004  8.801939400846273E+001
    101  1.581260635789811E-004  2.816121926613436E+001
    106  1.580262371422777E-004  2.873147041157064E+001
    218  1.562192074156815E-004  3.434087154455664E+001
    533  1.559136420666255E-004  6.344214913117692E+001
    970  1.552909091845948E-004  1.288440499253601E+002
    741  1.543015462420808E-004  1.126383251241469E+002
      4  1.520705564532015E-004  1.555889535187236E+001
    137  1.477248334754001E-004  2.996307755422044E+001
    153  1.469072834977538E-004  3.119128674334460E+001
    898  1.462630878456971E-004  1.236287338505038E+002
     44  1.457972943258862E-004  2.487547588775838E+001
     34  1.433105372063696E-004  2.394870774261297E+001
   1026  1.430098412547252E-004  1.310988308446859E+002
     22  1.415618855539295E-004  2.149928230079738E+001
    564  1.407941479772539E-004  1.059223740174141E+002
    211  1.407725858728954E-004  3.422885497659050E+001
    700  1.402850720496993E-004  1.112187707043413E+002
    952  1.398376601472002E-004  1.282170243378332E+002
    621  1.393981540224608E-004  1.083828600305560E+002
    760  1.390423667120818E-004  1.133648679091437E+002
    543  1.365867150503090E-004  1.026098663261161E+002
    253  1.352827294620044E-004  3.690338042035397E+001
    401  1.345634549824824E-004  5.310952948046032E+001
     62  1.340317929584980E-004  2.630569023157911E+001
      6  1.336971058158495E-004  1.593905863128156E+001
      9  1.334663078320197E-004  1.615282072713023E+001
     81  1.329752290270873E-004  2.737831616504717E+001
    256  1.326206065240250E-004  3.708485200545782E+001
   1055  1.319129882986086E-004  1.332315483337306E+002
    352  1.298734142030571E-004  4.345183818831803E+001
     21  1.277030558805848E-004  2.149552581175353E+001
    168  1.268570401557782E-004  3.223239881301075E+001
     79  1.268150669196282E-004  2.728143790603452E+001
     70  1.266924395008679E-004  2.683332853591699E+001
    357  1.258460339160656E-004  4.413715889769129E+001
    281  1.237712966269852E-004  3.778222215271058E+001
    835  1.225975369251911E-004  1.176766134664512E+002
    793  1.205460810973547E-004  1.158943894419280E+002
    240  1.199782326444720E-004  3.568815433410965E+001
    174  1.193042713202101E-004  3.277024257542895E+001
    309  1.187832208162897E-004  3.929268620446922E+001
    492  1.186584692414765E-004  5.919740097208313E+001
     69  1.174585381769920E-004  2.667931486079132E+001
    403  1.149467890134106E-004  5.332276567118551E+001
    706  1.132256093828981E-004  1.115644797142602E+002
    397  1.116838849485010E-004  5.292984574180642E+001
     49  1.109307769944246E-004  2.521926711432687E+001
     90  1.106884702708056E-004  2.792299487571685E+001
    169  1.100240188719137E-004  3.225245008090104E+001
   1000  1.097684655897164E-004  1.301375093272533E+002
    116  1.084679837445956E-004  2.910094471225916E+001
    338  1.076643119868758E-004  4.143596746217444E+001
    246  1.073094916941087E-004  3.612200287477440E+001
    275  1.068314578774813E-004  3.771871208633355E+001
      3  1.067442953050039E-004  1.530095081680193E+001
    238  1.056242928992263E-004  3.562010162214489E+001
   1057  1.048438670573422E-004  1.332882698940204E+002
    272  1.031728062434263E-004  3.770876893490352E+001
    472  1.030644173974229E-004  5.860732378330380E+001
    560  1.028066143247182E-004  1.057397922085461E+002
    109  1.024214192471482E-004  2.888359254004277E+001
    336  1.015502607848508E-004  4.106442919982931E+001
    213  1.008679055025827E-004  3.426923698719692E+001
    150  1.001452574936963E-004  3.095380367517388E+001
     78  9.989505015646196E-005  2.724001953302053E+001
    151  9.979412667806066E-005  3.097448214004631E+001
    197  9.855929358276602E-005  3.407091137263039E+001
    937  9.816157700830585E-005  1.275975168353670E+002
    206  9.811180329578537E-005  3.418711639611698E+001
    274  9.777067143309171E-005  3.771469066363962E+001
    121  9.583088351193967E-005  2.937009161569695E+001
    448  9.525484581432475E-005  5.707216855561523E+001
    396  9.499903950483079E-005  5.292259014309509E+001
    886  9.451963216105386E-005  1.214498350996194E+002
    967  9.450165256609220E-005  1.287730879251822E+002
    324  9.358587355105072E-005  3.965813849875591E+001
    433  9.190159405009571E-005  5.552394895078822E+001
    148  9.188897533052636E-005  3.055713011308698E+001
    968  9.114553128400404E-005  1.287893908307005E+002
    449  8.955451967643469E-005  5.713782918039372E+001
    868  8.949767234950075E-005  1.199994649602093E+002
    797  8.927921470374066E-005  1.161224071144865E+002
    237  8.852509126070507E-005  3.561350513334219E+001
    984  8.786813612470773E-005  1.293776492189174E+002
    317  8.725605477237017E-005  3.952108816795088E+001
     32  8.710196824159740E-005  2.386019687247388E+001
    293  8.652642346084745E-005  3.840315559517953E+001
    196  8.630093502111095E-005  3.402217963204272E+001
    795  8.616771491994198E-005  1.159446042090269E+002
    288  8.583088409790554E-005  3.825168870868715E+001
    389  8.578081746169874E-005  4.924612888004685E+001
     77  8.504669861812441E-005  2.720977418778346E+001
    991  8.368669472324619E-005  1.298309517843196E+002
    316  8.354095004519559E-005  3.947722492082590E+001
    966  8.325202050056374E-005  1.287120665380274E+002
    618  8.276441723737445E-005  1.083041655146542E+002
    588  8.267618230029054E-005  1.072780161282308E+002
    382  8.257200080212878E-005  4.661435463500721E+001
     98  8.242818093704404E-005  2.810036398063808E+001
    325  8.225463287478128E-005  3.979678053884171E+001
    107  8.170473288047651E-005  2.880093649968087E+001
    493  8.167668727549672E-005  5.956939432616837E+001
    483  8.153694686134199E-005  5.892865432514233E+001
    104  8.149843909530723E-005  2.863475114667724E+001
    214  7.899240130019031E-005  3.429158842681225E+001
    524  7.794504469168182E-005  6.196836567938324E+001
    934  7.749374708877979E-005  1.274026915475210E+002
    997  7.683977788525683E-005  1.300952728722026E+002
    413  7.653869202089099E-005  5.407796767412047E+001
    768  7.631567179111191E-005  1.140511281344195E+002
     30  7.609686022801137E-005  2.339033246897357E+001
    321  7.535729497792570E-005  3.959878738143280E+001
    442  7.481225532953277E-005  5.605259237502305E+001
     75  7.419677748134866E-005  2.717284531466260E+001
     50  7.400261591180872E-005  2.524792740229145E+001
    144  7.371801589601943E-005  3.023024488043693E+001
    777  7.366135461489745E-005  1.150636811545726E+002
     55  7.356971855058398E-005  2.564739582447731E+001
    555  7.264941645598476E-005  1.049505825405343E+002
    304  7.257640192927960E-005  3.902642388250331E+001
     68  7.214886072014201E-005  2.665958995788216E+001
    929  7.198978106541271E-005  1.272324166790593E+002
    247  7.193058305857967E-005  3.613855018049320E+001
    314  7.154799007143255E-005  3.944402428691944E+001
    307  7.148731997422103E-005  3.924418415703018E+001
    678  7.118586468434412E-005  1.105298402911861E+002
     97  7.095159866269843E-005  2.809615145046481E+001
   1048  7.054968738722459E-005  1.325281096806480E+002
    355  6.894600437244778E-005  4.365668409738398E+001
    626  6.855335040430631E-005  1.085197354965440E+002
     94  6.688469906909107E-005  2.803048707399637E+001
    575  6.640235201088354E-005  1.067636975144964E+002
    376  6.600945618014868E-005  4.578482274843697E+001
    902  6.579440514976886E-005  1.246861225619736E+002
    422  6.559976099594392E-005  5.478392604221921E+001
    298  6.495295757665165E-005  3.860785506393049E+001
    552  6.493045817835585E-005  1.045004516183760E+002
    510  6.407548587234596E-005  6.106496915014706E+001
   1036  6.375506746157738E-005  1.315563975924429E+002
    217  6.235254388920910E-005  3.432077633458158E+001
    986  6.205205807286549E-005  1.294778988001748E+002
    504  6.188472502210001E-005  6.073767201700102E+001
    451  6.121685860928936E-005  5.726939793781466E+001
    877  6.116877214325063E-005  1.207635072396237E+002
    565  6.085636710223032E-005  1.059848591127986E+002
    505  6.011864594746985E-005  6.089365906344585E+001
    273  5.988385921111776E-005  3.771236202405859E+001
    534  5.986979872261990E-005  6.352992396574133E+001
    772  5.936682596021560E-005  1.144444014986270E+002
    444  5.758412929461621E-005  5.640873014994138E+001
    604  5.712559674866552E-005  1.078901483894559E+002
    152  5.697530359273316E-005  3.107793476288124E+001
    913  5.678136820753716E-005  1.260963173315474E+002
    563  5.648744684330633E-005  1.058622417292547E+002
    399  5.645670006250089E-005  5.300117686152819E+001
    394  5.595020500803806E-005  5.275338077531283E+001
    446  5.591963153311931E-005  5.657515742254393E+001
     84  5.586519273212335E-005  2.748397341497807E+001
    573  5.396505940479947E-005  1.066520968004064E+002
    667  5.367851313812009E-005  1.098231148083649E+002
    727  5.349729841498461E-005  1.123838421661365E+002
    972  5.335633424416638E-005  1.289491342298440E+002
    646  5.302172729135190E-005  1.089039652974663E+002
    738  5.242711651711776E-005  1.126248828969786E+002
    655  5.226115335636823E-005  1.092114390318620E+002
    780  5.223811987480753E-005  1.153482258688003E+002
    139  5.212138781110740E-005  3.001327528760398E+001
    377  5.195394751311821E-005  4.580996274485975E+001
    359  5.180051165149732E-005  4.440820660542785E+001
    498  5.127201696289696E-005  6.006055704270973E+001
    566  5.091393705518587E-005  1.060197199307676E+002
    523  5.090684158122028E-005  6.195141091349550E+001
    486  5.085481746158911E-005  5.898078655703418E+001
     86  5.045813052967107E-005  2.760340701365068E+001
    602  5.009924999804555E-005  1.078335831208874E+002
    916  5.005644606984145E-005  1.261858055404796E+002
    445  4.988909404945766E-005  5.650985963977887E+001
    305  4.951536285789831E-005  3.919092577852600E+001
    190  4.950969914735197E-005  3.352213579831744E+001
     25  4.868987572519821E-005  2.268285797328677E+001
    816  4.840232555544841E-005  1.170854692244173E+002
    356  4.779896079983172E-005  4.399929676237998E+001
    194  4.699163669449107E-005  3.388123191050668E+001
    292  4.689745705891939E-005  3.837765227419467E+001
    542  4.659166199714612E-005  1.021380905135569E+002
    166  4.619257168195757E-005  3.197534022905977E+001
     61  4.618366949655370E-005  2.623624111749398E+001
    176  4.617709534308509E-005  3.283702642513862E+001
    502  4.539653235346137E-005  6.033057478557798E+001
    820  4.524806741587332E-005  1.173160626674297E+002
    102  4.502723315714993E-005  2.838723287464182E+001
    360  4.490824452835329E-005  4.501412031898634E+001
    299  4.425501711491797E-005  3.861147003050849E+001
    391  4.420855887179127E-005  4.935295074539214E+001
    261  4.415789951282464E-005  3.751537038816641E+001
    489  4.402486350291980E-005  5.906665573291085E+001
    361  4.389772478543278E-005  4.509188248244521E+001
    879  4.354274568500524E-005  1.208628531744268E+002
    666  4.309880001560913E-005  1.096961217429448E+002
    208  4.305925491159852E-005  3.420400517096608E+001
     51  4.305123592447508E-005  2.527497960196780E+001
    745  4.175098405919575E-005  1.127541380335163E+002
    708  4.167387992422037E-005  1.116659378913442E+002
    521  4.161645805017862E-005  6.120499406654021E+001
    911  4.153029269864781E-005  1.258968376271585E+002
    561  4.046878749669436E-005  1.057823475786052E+002
    474  4.030091929694066E-005  5.866520048333617E+001
    597  3.993161604643067E-005  1.076362394255561E+002
    260  3.990870031450132E-005  3.745846822965304E+001
    528  3.986767941333537E-005  6.211763689923020E+001
    254  3.983919989011664E-005  3.696870162494890E+001
    434  3.976496862495110E-005  5.556859477681133E+001
    873  3.973153955479588E-005  1.205400953636918E+002
    686  3.936132016166293E-005  1.108321598991433E+002
    683  3.935766167781463E-005  1.107854094171573E+002
    962  3.920545788479113E-005  1.284190833846668E+002
    367  3.896707500112906E-005  4.546665367422378E+001
   1033  3.888930826927406E-005  1.314921549657209E+002
    976  3.887151241955697E-005  1.291265023483052E+002
    242  3.866908152377720E-005  3.575330164903793E+001
    611  3.842175860034874E-005  1.080609110523806E+002
    209  3.818224670394668E-005  3.420776675567321E+001
    157  3.810685899538173E-005  3.136040875348826E+001
    791  3.786295868311114E-005  1.158399885308925E+002
     13  3.776999423466678E-005  2.038781372204352E+001
    147  3.755898519634258E-005  3.045498909450352E+001
    420  3.723280940728929E-005  5.464265012038360E+001
    334  3.709232528699493E-005  4.055961280242965E+001
    250  3.690611613539413E-005  3.645071914574685E+001
    870  3.686990477020788E-005  1.203621491035894E+002
    571  3.651368701440296E-005  1.065760725477823E+002
    654  3.650987490710777E-005  1.091774321289355E+002
    458  3.645676011455336E-005  5.780961640938520E+001
    599  3.639856546893662E-005  1.077354408464688E+002
    944  3.639003029897369E-005  1.278264506290159E+002
    462  3.508759498125852E-005  5.834568949164402E+001
    938  3.502629760956178E-005  1.276246332177813E+002
    995  3.501857985136870E-005  1.300556822463785E+002
    948  3.501829125801661E-005  1.280530341997139E+002
     76  3.494834495854394E-005  2.719040433196805E+001
    123  3.487861536403348E-005  2.945706723223188E+001
    831  3.460263089719299E-005  1.175849164822640E+002
   1009  3.451636287507387E-005  1.304609142394732E+002
    983  3.430316094591380E-005  1.293699640118089E+002
    577  3.362881176385017E-005  1.068269012623950E+002
    570  3.361902573295662E-005  1.064458450110351E+002
    187  3.352565211647632E-005  3.338593491458187E+001
    155  3.351697249608200E-005  3.129077640287002E+001
    313  3.343686845529410E-005  3.941220320488696E+001
    319  3.336639214815575E-005  3.955367029075058E+001
     73  3.333111676802780E-005  2.704395448663374E+001
    537  3.305337878799387E-005  7.348438751630307E+001
    513  3.299801514524074E-005  6.111701004965728E+001
    323  3.287849667534500E-005  3.963162035223775E+001
    860  3.250449115229607E-005  1.193608179742887E+002
    515  3.234005277569105E-005  6.113166482037749E+001
    346  3.227633922307511E-005  4.251353138364797E+001
    909  3.214227857174866E-005  1.256671150468244E+002
    605  3.206600716792474E-005  1.079476682950407E+002
    796  3.166130457181859E-005  1.160406419035091E+002
    410  3.166015559607495E-005  5.380004782230375E+001
    789  3.152710860018295E-005  1.157939903252585E+002
    609  3.118204050786842E-005  1.080529774194348E+002
    269  3.107134653417869E-005  3.766609016559832E+001
     65  3.103866952866163E-005  2.645533186342116E+001
    257  3.096593430882323E-005  3.716053985696894E+001
    234  3.041162906400352E-005  3.541632958107625E+001
    500  3.005675302088008E-005  6.016266526055261E+001
    437  2.944281462585998E-005  5.567668099873953E+001
    988  2.936438868739652E-005  1.295230022337254E+002
    880  2.894742202128565E-005  1.209811659012211E+002
    950  2.883392596488424E-005  1.281356928004739E+002
    829  2.865785480528231E-005  1.175434491795728E+002
   1042  2.863574126662758E-005  1.319938555239870E+002
    558  2.825115291001703E-005  1.054235904423783E+002
    932  2.786154947282144E-005  1.272890793904072E+002
    189  2.762102118818905E-005  3.348575581421191E+001
    998  2.742340612801050E-005  1.301241144683907E+002
    167  2.742225458135513E-005  3.206734480721192E+001
    955  2.719643259670694E-005  1.283043098504922E+002
    315  2.714575766011916E-005  3.946262277995078E+001
    339  2.667460199609861E-005  4.199721405536648E+001
    585  2.659300089452247E-005  1.071721890576240E+002
    322  2.635105737140588E-005  3.962934885257222E+001
    810  2.628246178241736E-005  1.168542717379606E+002
    584  2.625932931065558E-005  1.071415131646536E+002
    171  2.609227202415347E-005  3.251692712246987E+001
    895  2.573522401572566E-005  1.231922658586809E+002
    200  2.559506082342313E-005  3.413076352937113E+001
    541  2.536923489185472E-005  1.020561485810812E+002
    128  2.523238764720692E-005  2.964876822252022E+001
    428  2.519019769505999E-005  5.539697768550786E+001
    429  2.505740035476304E-005  5.542704693693687E+001
     15  2.500706953318460E-005  2.077312965636918E+001
    216  2.450250024169946E-005  3.431915233475488E+001
   1014  2.444638111472693E-005  1.306579532637773E+002
    332  2.434910750483266E-005  4.036182328117159E+001
    594  2.428338689204395E-005  1.075267994995216E+002
    525  2.413450804145091E-005  6.201689187624501E+001
    145  2.413205928602618E-005  3.035386176419680E+001
    645  2.405952306623138E-005  1.088758352374567E+002
    903  2.403510922867577E-005  1.249295857950171E+002
    140  2.387883023610580E-005  3.002380690834687E+001
    383  2.364796040555370E-005  4.665506804468283E+001
    276  2.353926944118431E-005  3.774173651101562E+001
     93  2.353913111805906E-005  2.801831476528660E+001
    487  2.345951216049780E-005  5.901096182276392E+001
    110  2.332113222108769E-005  2.890337161783228E+001
    337  2.327785782911082E-005  4.125439580477820E+001
    201  2.284554224869431E-005  3.413905621996786E+001
    822  2.266954034185037E-005  1.173379890193997E+002
    897  2.250316530545201E-005  1.233154024205701E+002
    279  2.243907251403057E-005  3.776291602598710E+001
    866  2.239866348567695E-005  1.198737679274225E+002
    287  2.219800367387618E-005  3.806334999222836E+001
    607  2.211767711842790E-005  1.079782277499060E+002
    826  2.198338552925306E-005  1.174535409692338E+002
    615  2.193538117523750E-005  1.081646255451844E+002
    485  2.193225828633522E-005  5.896971858223063E+001
    191  2.191458646297545E-005  3.372798248811258E+001
    243  2.171337522943664E-005  3.580427376176280E+001
    576  2.153128359305513E-005  1.068188420241767E+002
     19  2.099251254039160E-005  2.137958735177528E+001
    674  2.092852288045679E-005  1.101627157855635E+002
    765  2.066436925755482E-005  1.138034732037320E+002
    865  2.029996572956912E-005  1.195233182598442E+002
     72  1.999327411120946E-005  2.695844835194747E+001
    268  1.993217350856326E-005  3.765614789507087E+001
    871  1.986473864220694E-005  1.204638135739833E+002
    529  1.979584621967725E-005  6.213305424318654E+001
    754  1.964831685356628E-005  1.130532912402911E+002
    495  1.961517565882437E-005  5.971063876484735E+001
    583  1.953347616238516E-005  1.070323413352247E+002
     88  1.949684465511137E-005  2.776495450944637E+001
    960  1.921287570380509E-005  1.283710541965592E+002
    162  1.897254592129356E-005  3.142013005221356E+001
    349  1.885371692219988E-005  4.279212686889406E+001
    899  1.866417701209544E-005  1.237750393258326E+002
   1006  1.856652884895710E-005  1.303473844140781E+002
    526  1.854870873770612E-005  6.205614154690332E+001
    821  1.813109913968315E-005  1.173213489801490E+002
    636  1.809262086581895E-005  1.087412284437008E+002
    364  1.795677372554693E-005  4.528995878587361E+001
    887  1.794740425988352E-005  1.215278324822884E+002
    327  1.765538171869158E-005  3.980649710729982E+001
    567  1.748279077516728E-005  1.061175767374582E+002
    470  1.747236519385205E-005  5.858950887133865E+001
    672  1.743096395057969E-005  1.100523893058521E+002
    484  1.728362150739179E-005  5.894622531819898E+001
    624  1.717987016363164E-005  1.084534043855216E+002
    227  1.717825853855178E-005  3.461221107986133E+001
    481  1.696130777005650E-005  5.889564718758225E+001
    185  1.635130478519009E-005  3.329017879350934E+001
    476  1.618868493019982E-005  5.874284760292872E+001
    480  1.615445835698036E-005  5.887142017505539E+001
    589  1.602025154830854E-005  1.073243551551986E+002
    802  1.561426175842202E-005  1.163074247182627E+002
    702  1.555339153535475E-005  1.112791472783473E+002
    616  1.550786071165508E-005  1.081902144651443E+002
     59  1.545276494895210E-005  2.608228483109795E+001
   1018  1.531180597715303E-005  1.307425624046459E+002
    328  1.518238605126816E-005  3.982877398686839E+001
    622  1.500256290105715E-005  1.084041586407917E+002
    631  1.496703225310574E-005  1.086593678715634E+002
    463  1.495744089726129E-005  5.840368106338346E+001
    370  1.493980602395250E-005  4.562254251008403E+001
    419  1.493112822723161E-005  5.447434435004674E+001
    469  1.461152951984753E-005  5.857260373695996E+001
    579  1.460537396381288E-005  1.068810185812333E+002
    890  1.452640401507795E-005  1.222269695705770E+002
   1008  1.452414173317578E-005  1.304054287055121E+002
    386  1.439824122475140E-005  4.778448827008048E+001
    724  1.433372225903653E-005  1.122474317356576E+002
    658  1.433227916387994E-005  1.092752908733605E+002
     99  1.427922125370766E-005  2.813215700322161E+001
    468  1.415963431491681E-005  5.850419738659161E+001
    130  1.412427992193204E-005  2.969026097336859E+001
    467  1.402510526067244E-005  5.850070475174659E+001
    471  1.399345588831024E-005  5.859921299406331E+001
    574  1.395796037765919E-005  1.067089856517616E+002
    832  1.381789900703408E-005  1.176150872586579E+002
    244  1.379169215293317E-005  3.582009297825139E+001
   1066  1.372023578862343E-005  1.341339055776214E+002
    516  1.371317642268743E-005  6.114879167768425E+001
    844  1.370447588268954E-005  1.182236522024691E+002
    803  1.362872595331892E-005  1.163959410830473E+002
    453  1.344349147795878E-005  5.734859743017803E+001
   1044  1.340777950788438E-005  1.320835593454495E+002
   1029  1.338268257611732E-005  1.312589073638632E+002
    919  1.334659978733179E-005  1.264669767465423E+002
    441  1.327946315997625E-005  5.602297434426368E+001
    637  1.318042709325073E-005  1.087708716348475E+002
    716  1.315849956066935E-005  1.119313653155845E+002
    569  1.315810568240075E-005  1.064024371239422E+002
   1027  1.311341308145403E-005  1.311414239553258E+002
    596  1.309180563528283E-005  1.076305596761092E+002
    545  1.305854762783012E-005  1.038885725205099E+002
    894  1.305653614892609E-005  1.226855190700912E+002
    673  1.289131128769041E-005  1.101090602242966E+002
    170  1.282331125320399E-005  3.240864442722207E+001
    656  1.271899543297081E-005  1.092383325553483E+002
    343  1.263837627010903E-005  4.223776350771931E+001
    457  1.250138973029490E-005  5.770039153165104E+001
    415  1.243787036554330E-005  5.409773008136273E+001
    595  1.228068639108676E-005  1.075727311228692E+002
    854  1.225610026117349E-005  1.190938927222375E+002
    807  1.212688578119251E-005  1.166040027024774E+002
    610  1.209166416871484E-005  1.080548791140610E+002
    550  1.202235603046041E-005  1.044255141670578E+002
    713  1.196668448095445E-005  1.118750446375970E+002
    975  1.188756087598906E-005  1.290479361570385E+002
    855  1.188329293598171E-005  1.192335282432478E+002
    641  1.148285050755222E-005  1.088136450829588E+002
    783  1.143604524696847E-005  1.155776779712016E+002
   1046  1.141764026093633E-005  1.322741703884410E+002
    522  1.137707551428981E-005  6.189501394570030E+001
    981  1.132380319312608E-005  1.292686845988868E+002
     63  1.129832769660639E-005  2.633691355837915E+001
    650  1.129786096236087E-005  1.090061273622073E+002
    173  1.109129643042569E-005  3.267731285541730E+001
    682  1.085223301837108E-005  1.107795174367904E+002
    896  1.081048762719634E-005  1.231967026860033E+002
    921  1.079739081427024E-005  1.266347372507485E+002
    203  1.069072540138837E-005  3.415596231316062E+001
    181  1.048761498986437E-005  3.309588236011395E+001
    220  1.040342007619589E-005  3.440936379612124E+001
    264  1.030847326092272E-005  3.760740200223662E+001
    414  1.021736203898333E-005  5.408443269732371E+001
    514  1.011428451262281E-005  6.112143562944963E+001
    917  9.943810034384310E-006  1.262583151256411E+002
    375  9.924363164000330E-006  4.577921754207221E+001
    973  9.870029764629604E-006  1.290303348922233E+002
    670  9.816163475561317E-006  1.099218253642219E+002
    943  9.801329313593405E-006  1.278255860865938E+002
    568  9.787773013374998E-006  1.063884322375297E+002
    223  9.762056153898323E-006  3.452101188794168E+001
    883  9.643460843488532E-006  1.212822283474710E+002
    395  9.450783549165046E-006  5.279005865968511E+001
    680  9.352085498421182E-006  1.106808485277705E+002
    366  9.351813105050454E-006  4.541480133184800E+001
    633  9.217803855770804E-006  1.086770367044967E+002
    172  9.064422215045917E-006  3.254695536480502E+001
   1040  8.985853961824710E-006  1.318325334098182E+002
    432  8.698477616344298E-006  5.551253331854516E+001
    431  8.689804336430914E-006  5.545822575490884E+001
    285  8.685256127057826E-006  3.794670187788559E+001
    958  8.657683915250469E-006  1.283326337970340E+002
    354  8.647966477401929E-006  4.358717802496741E+001
    473  8.637041526594118E-006  5.864875851961727E+001
    930  8.472692701120035E-006  1.272550109882912E+002
    719  8.436720962504470E-006  1.120361196403708E+002
    684  8.395478071752557E-006  1.108055531440044E+002
    910  8.317331942741569E-006  1.258349422363612E+002
    266  8.227351326434957E-006  3.763404507858488E+001
    787  8.163174832413210E-006  1.157066821730262E+002
    154  8.161372843911547E-006  3.128025029310897E+001
    695  7.898552761728189E-006  1.110404578737834E+002
    800  7.889564743846036E-006  1.161811067685375E+002
    918  7.800473224306263E-006  1.263810693695273E+002
    262  7.750882973100782E-006  3.754826259370084E+001
    608  7.722813603013425E-006  1.080310773431174E+002
    368  7.708398073689937E-006  4.552075151204606E+001
    277  7.540810886391159E-006  3.774405278528796E+001
    127  7.520218949322673E-006  2.958197907168710E+001
    989  7.439249140146508E-006  1.296856498562064E+002
    947  7.356718457723025E-006  1.280025795512814E+002
     54  7.292516026764085E-006  2.537118147105558E+001
    601  7.267556588348852E-006  1.078222216339937E+002
    669  7.186767581730908E-006  1.098991161820264E+002
    280  7.151364508599267E-006  3.777070006257392E+001
    613  6.970438042169207E-006  1.081325074305931E+002
     83  6.890516020843767E-006  2.745200449399356E+001
    842  6.865294562926729E-006  1.180365480395604E+002
    559  6.863441532820318E-006  1.054467335457494E+002
    511  6.850721938980548E-006  6.108291035790679E+001
    639  6.793578449533102E-006  1.087924757147032E+002
     40  6.793546024966742E-006  2.429142631572386E+001
    517  6.784402678603637E-006  6.116283191518230E+001
    271  6.722742483123722E-006  3.769377629908810E+001
    634  6.638702625917390E-006  1.087110579745548E+002
   1068  6.634617206743256E-006  1.342139437973118E+002
    963  6.622478358638293E-006  1.284456810480366E+002
    671  6.452376644134071E-006  1.100461630260976E+002
    342  6.425929993811142E-006  4.219280462450153E+001
    689  6.287388395586862E-006  1.108992280227757E+002
   1004  6.224980066845363E-006  1.302828791464404E+002
     91  6.224967150865742E-006  2.795709450840539E+001
    825  6.053762042115043E-006  1.174155068731360E+002
    693  6.044993245429466E-006  1.110198391814811E+002
    447  6.040507513848167E-006  5.692641404400948E+001
    744  5.948079866059418E-006  1.127340165661099E+002
    790  5.934533015055729E-006  1.158127479939932E+002
    424  5.802561895458735E-006  5.504400290817051E+001
   1002  5.784333208981880E-006  1.301955720736593E+002
    661  5.776722400140475E-006  1.094040232551639E+002
    774  5.643762221138954E-006  1.147299018357027E+002
   1021  5.601722550441355E-006  1.308784400027895E+002
    117  5.588614557053585E-006  2.915145470361619E+001
    351  5.400371471179101E-006  4.290814690346715E+001
    284  5.391753444284132E-006  3.794002386601017E+001
    129  5.378026631275955E-006  2.967722940199728E+001
    635  5.226202199897959E-006  1.087402789130293E+002
    709  5.203700096398511E-006  1.116986555393093E+002
   1056  5.195424945845941E-006  1.332822863268028E+002
    179  5.184330722199381E-006  3.301071504933698E+001
    518  5.157590672187458E-006  6.116565427175681E+001
    519  5.156016301377647E-006  6.116666091909611E+001
    732  5.120814259049387E-006  1.124809932511083E+002
   1028  5.120726225014825E-006  1.312419762585663E+002
    665  5.106756292089098E-006  1.096195054263975E+002
    733  5.101703399083362E-006  1.125211996768446E+002
    225  5.084955228265089E-006  3.458265676939745E+001
    927  5.076877486028074E-006  1.271118445081471E+002
    508  5.054203687762182E-006  6.101348113010317E+001
    126  5.024767484040996E-006  2.957864372821811E+001
    591  4.987786531703581E-006  1.073970459895217E+002
    135  4.957009995302924E-006  2.990996926970350E+001
    853  4.863942405083702E-006  1.189950762444425E+002
    923  4.683095312158310E-006  1.267345977181097E+002
    679  4.655559377775584E-006  1.106299731616480E+002
    350  4.499140729951014E-006  4.287084402122760E+001
    278  4.466922828302223E-006  3.775225448216675E+001
    651  4.423970447610487E-006  1.090123807306586E+002
    372  4.414589941724733E-006  4.569660817760900E+001
    625  4.382702577274085E-006  1.084878781680722E+002
    506  4.307297588353305E-006  6.092479484159845E+001
    781  4.292022462843822E-006  1.155015502370288E+002
    663  4.286781522892864E-006  1.095408569103236E+002
    465  4.252809325936589E-006  5.845233409136720E+001
    371  4.251033356745427E-006  4.567834615857563E+001
    580  4.239069746203425E-006  1.069063882425304E+002
    562  4.187602191507114E-006  1.058125905236654E+002
    362  4.140463563484924E-006  4.520209191521082E+001
    657  4.135217085888420E-006  1.092680437977900E+002
    782  4.123342803196525E-006  1.155663554633046E+002
    922  4.104241844585333E-006  1.267277337836395E+002
   1051  4.063644653720818E-006  1.330173846663143E+002
    600  4.013873739870928E-006  1.078192567961393E+002
    649  3.978056504739471E-006  1.089557122086210E+002
    125  3.943877857737650E-006  2.955205187993630E+001
    804  3.943775457638442E-006  1.164307012054320E+002
    845  3.853580355976219E-006  1.182722434309271E+002
    590  3.796127351727236E-006  1.073381491314167E+002
    141  3.790670955155743E-006  3.005205957969120E+001
    846  3.787231279605677E-006  1.183733977129572E+002
    340  3.764747295921081E-006  4.203744443197692E+001
    815  3.729702925275112E-006  1.170844697210597E+002
    696  3.627588507480561E-006  1.111110130672436E+002
   1053  3.604991493365202E-006  1.331993000158318E+002
    994  3.590194123720117E-006  1.299886393654431E+002
    409  3.589885211398293E-006  5.377950655266745E+001
    699  3.580715672000451E-006  1.111753891148923E+002
    707  3.576410924622821E-006  1.116484954290111E+002
    475  3.487726447521638E-006  5.870955367754343E+001
    660  3.446753669439545E-006  1.093929129115852E+002
    642  3.407699985111166E-006  1.088349318990273E+002
    668  3.398019714617532E-006  1.098358517134249E+002
    640  3.392093138376629E-006  1.088027953187827E+002
    685  3.389143050030671E-006  1.108208915724099E+002
    644  3.386506790189755E-006  1.088699046594824E+002
    862  3.349510774025698E-006  1.194326389788892E+002
    286  3.345788521483663E-006  3.806107114689090E+001
    619  3.303474544562577E-006  1.083262496248409E+002
    175  3.280086699454533E-006  3.282740528695558E+001
    786  3.250454486765274E-006  1.156679892855772E+002
    586  3.210342824084556E-006  1.072414988471015E+002
    365  3.194837543001393E-006  4.540196146988517E+001
    677  3.122202488145357E-006  1.104103779431708E+002
    224  3.110349713692592E-006  3.456258153743839E+001
   1043  3.089950227675542E-006  1.320181582363304E+002
    915  3.060225675205134E-006  1.261627872997085E+002
    794  3.023598928725015E-006  1.159299755047292E+002
   1035  3.015132032119899E-006  1.315022364948826E+002
    369  2.989565788874330E-006  4.556664797594529E+001
   1065  2.961702794188971E-006  1.340986810838602E+002
   1020  2.961432655372093E-006  1.308300137670077E+002
    714  2.950472617453548E-006  1.118865310298163E+002
    235  2.945310308961032E-006  3.553329683850696E+001
    753  2.930771433824641E-006  1.130399909728984E+002
    353  2.871998283879167E-006  4.354452657935016E+001
    817  2.847626476333684E-006  1.171745914510001E+002
    488  2.840378605287137E-006  5.904214899548738E+001
    556  2.831020038367817E-006  1.053074591696642E+002
    809  2.800179906170518E-006  1.168273457040169E+002
    849  2.765896774195375E-006  1.186556798515274E+002
     53  2.747219406118003E-006  2.532427500710937E+001
    758  2.722645160010371E-006  1.131945788764974E+002
    893  2.721142460824956E-006  1.225899968537864E+002
    852  2.706819720509179E-006  1.189308904937423E+002
    990  2.619268555105276E-006  1.297249883032466E+002
    767  2.600420464471931E-006  1.139787538815297E+002
    406  2.598938365815826E-006  5.347162595814701E+001
    949  2.595021283568746E-006  1.280833568476082E+002
    648  2.588805609508565E-006  1.089328290594756E+002
    863  2.577861516674192E-006  1.194780899982511E+002
    715  2.577700219938761E-006  1.119122168057061E+002
    770  2.561528164468641E-006  1.141655133118217E+002
    373  2.522723001416409E-006  4.573517441489172E+001
    982  2.482179862487947E-006  1.293230544301462E+002
    813  2.481301958169357E-006  1.170211975618395E+002
    450  2.429617457538120E-006  5.723022636777802E+001
    603  2.418867503444711E-006  1.078480909052838E+002
    931  2.383740397123501E-006  1.272754104030811E+002
    945  2.293266818562782E-006  1.278945431870569E+002
   1017  2.272943819465107E-006  1.307020085696559E+002
    120  2.263644445673059E-006  2.935022978395871E+001
    761  2.229904035009198E-006  1.134019555363662E+002
    614  2.195072346335319E-006  1.081499604581023E+002
    461  2.182046073972368E-006  5.832169084274378E+001
     41  2.136738206518968E-006  2.434332602389209E+001
     67  2.117066272684203E-006  2.663955326886673E+001
    830  2.086027179090110E-006  1.175448785112390E+002
   1054  2.076480033858719E-006  1.332101619260334E+002
    675  2.055788248068312E-006  1.101932688761904E+002
    557  2.012784360476069E-006  1.053298087456868E+002
    933  1.990118688080221E-006  1.272967505112425E+002
    664  1.977909956970196E-006  1.095868237421283E+002
   1025  1.970157732583533E-006  1.310823101564250E+002
    908  1.897428530884169E-006  1.256350992978881E+002
    122  1.885291183063058E-006  2.942821875092930E+001
    132  1.843835052943781E-006  2.978147182311027E+001
    627  1.825561604816922E-006  1.085359599099982E+002
    764  1.794092517315239E-006  1.137269990775531E+002
    798  1.767875771049931E-006  1.161233232814441E+002
    878  1.744890283972345E-006  1.208553192243232E+002
    435  1.739092604315911E-006  5.559833163642786E+001
    792  1.730617388673090E-006  1.158579110744502E+002
    747  1.674181066107882E-006  1.128221651622354E+002
    703  1.668802333703211E-006  1.113359924967504E+002
   1063  1.665459670882860E-006  1.338610239777397E+002
    939  1.654336962310429E-006  1.276788938661296E+002
    731  1.651250554662990E-006  1.124795031346507E+002
   1077  1.630780986011407E-006  6.189178021453241E+002
    662  1.615952312313441E-006  1.094304874643061E+002
    985  1.599036530040947E-006  1.294454523269476E+002
    688  1.582576137250641E-006  1.108652117541332E+002
     56  1.577881226052204E-006  2.577494999028338E+001
   1012  1.563106384925526E-006  1.305860585800326E+002
    901  1.536961900570913E-006  1.246352700151236E+002
    859  1.530463050124233E-006  1.193117826572047E+002
    711  1.529593397428052E-006  1.117833092223069E+002
    942  1.498920914228689E-006  1.277896527703618E+002
    957  1.491867033045770E-006  1.283224605383935E+002
    851  1.489163485242382E-006  1.189105890777936E+002
    978  1.459403130795939E-006  1.291764873003617E+002
    953  1.454586965308490E-006  1.282835790234384E+002
    115  1.448656702683709E-006  2.908676806680809E+001
    509  1.427577114831970E-006  6.104665142125116E+001
    924  1.401211726032711E-006  1.267645350898773E+002
    824  1.390266983778372E-006  1.173851057796732E+002
   1010  1.387176323045080E-006  1.305150376372933E+002
    593  1.376579003051286E-006  1.074633420950339E+002
    178  1.370148203686649E-006  3.291892583427273E+001
    705  1.349902156303951E-006  1.114879185885843E+002
    920  1.343228125297246E-006  1.265729199247587E+002
   1024  1.312997602912452E-006  1.310472886139475E+002
    439  1.308921281292864E-006  5.581771077364913E+001
    961  1.302510454456915E-006  1.283826108536399E+002
    805  1.243923513442788E-006  1.165442309434909E+002
    345  1.240362498021583E-006  4.248475366295001E+001
    606  1.238823697340336E-006  1.079754075340127E+002
    728  1.236586884671248E-006  1.123911467240560E+002
    228  1.213522238336019E-006  3.465329128304563E+001
    843  1.206052470529938E-006  1.181049125326048E+002
    527  1.190236811129294E-006  6.211137902133680E+001
    925  1.105835324454473E-006  1.268943605090481E+002
    828  1.075308642513960E-006  1.175132070682912E+002
    482  1.054775763923014E-006  5.890508639424976E+001
    812  1.048805623776458E-006  1.169499526914024E+002
    412  1.037114892062237E-006  5.399327798218789E+001
   1003  1.034631636325608E-006  1.302792324598297E+002
    839  1.032424750998807E-006  1.178451551754228E+002
    884  1.006785841012488E-006  1.212913619330936E+002
    888  1.000087764650089E-006  1.215384892766490E+002
    592  9.923526073701656E-007  1.074010896433819E+002
    729  9.806976314269207E-007  1.124070412533170E+002
    788  9.459697902123737E-007  1.157595566872355E+002
    638  8.764591202431374E-007  1.087773663504995E+002
    935  8.566426223466802E-007  1.274477748704804E+002
   1023  8.292904937977771E-007  1.309907545973144E+002
    766  8.282273369364538E-007  1.138313497862233E+002
    818  8.058810786997560E-007  1.172202887178189E+002
    653  8.004140026372255E-007  1.090926521840726E+002
    779  7.601944226511130E-007  1.153237642854880E+002
    905  7.576645294074813E-007  1.252963463377060E+002
    808  7.485376976526304E-007  1.166438640424820E+002
    118  7.320495020561774E-007  2.927665934202001E+001
    979  7.201593944733357E-007  1.292073280791942E+002
    553  6.991732965118040E-007  1.045844149005738E+002
    252  6.715622242485272E-007  3.681481496629917E+001
    726  6.648385034985327E-007  1.123280306605216E+002
    681  6.557583764888372E-007  1.107150530846271E+002
    900  6.545653882965277E-007  1.240255399934555E+002
    739  6.439868252122279E-007  1.126267264275300E+002
    113  6.375490399359634E-007  2.894608485543543E+001
    408  6.337968812292463E-007  5.368647704938994E+001
    882  6.311836420135542E-007  1.212606419968792E+002
    311  6.278848555995970E-007  3.939193935233331E+001
    735  6.045625920696811E-007  1.125422257639707E+002
    980  6.003692636499598E-007  1.292322903638887E+002
    520  5.984077668866755E-007  6.117519869664547E+001
    578  5.711546302030837E-007  1.068696587706935E+002
    720  5.709311985217017E-007  1.121496181246094E+002
    623  5.565033895529896E-007  1.084311616311891E+002
    750  5.446718924816371E-007  1.128980084302201E+002
    987  5.435100937221086E-007  1.295218650079724E+002
    265  5.358169750160917E-007  3.762418150997995E+001
    834  5.328440336774760E-007  1.176651591794238E+002
    776  5.254693180052010E-007  1.150535509847603E+002
    874  5.233407868503464E-007  1.206463359037059E+002
    811  5.102846166245378E-007  1.169131613251637E+002
    722  5.078086910155658E-007  1.121989232781130E+002
    912  5.017344445471902E-007  1.259977317017505E+002
    969  4.618451538588835E-007  1.288232913140608E+002
    496  4.593589911852758E-007  5.977778544840232E+001
    490  4.540254651525585E-007  5.909746584665749E+001
    146  4.516795766506002E-007  3.038455959742199E+001
    951  4.454385914832766E-007  1.282127111215003E+002
    363  4.286247702610547E-007  4.523665715266514E+001
    974  4.247950343150862E-007  1.290391941684268E+002
   1076  4.209182573776924E-007  1.858411948136732E+002
   1034  4.159097106142570E-007  1.314975717016592E+002
    856  4.141381864468784E-007  1.192407591408727E+002
    532  4.110017047880269E-007  6.299204701993657E+001
    814  3.887310449446941E-007  1.170571282096026E+002
    906  3.687161991753008E-007  1.253859334012492E+002
    263  3.533189946255870E-007  3.756851288337069E+001
    941  3.422085096093759E-007  1.277239710636116E+002
    632  3.250892382889666E-007  1.086732063917954E+002
    993  3.229072212391680E-007  1.299638892136509E+002
    867  3.213142048171997E-007  1.199420338065019E+002
    857  3.176753997484239E-007  1.192977858717030E+002
    819  3.040122779086743E-007  1.172617623112352E+002
    836  3.028530004663298E-007  1.177792466123822E+002
    581  2.933009471806185E-007  1.069166383916512E+002
    841  2.856664546001717E-007  1.180046875638410E+002
    204  2.762836265594608E-007  3.416741852472765E+001
    977  2.747107514318699E-007  1.291448023039548E+002
    388  2.738864114551127E-007  4.916519389587509E+001
    612  2.736278587442031E-007  1.080838271474082E+002
     60  2.691598544897447E-007  2.612817271153773E+001
    907  2.649344801130261E-007  1.254774984052440E+002
   1015  2.411564649903183E-007  1.306693309857935E+002
   1073  2.325415187542749E-007  1.355646294676644E+002
    954  2.310668502512634E-007  1.282848493157465E+002
     82  2.191916475842788E-007  2.744742479332049E+001
    701  2.145589597587001E-007  1.112655741498095E+002
    778  2.066535312200099E-007  1.153062331743218E+002
   1030  2.057724861214623E-007  1.313677884464318E+002
    416  2.038187352307638E-007  5.412105627361211E+001
    736  2.021356891359568E-007  1.125700463249535E+002
    876  1.853205247114827E-007  1.207338716680959E+002
    946  1.795569495741472E-007  1.279201366409634E+002
    704  1.733877360067296E-007  1.114088220449556E+002
    936  1.702403022987758E-007  1.275963114471066E+002
    628  1.615873437084537E-007  1.085999071252231E+002
    507  1.530972385371905E-007  6.098134465730102E+001
    773  1.523049518142002E-007  1.146041296786391E+002
     87  1.519590149929724E-007  2.773505635732142E+001
    971  1.350102488131849E-007  1.289111652451389E+002
    864  1.321893880927773E-007  1.195154318953015E+002
    869  1.293243780696653E-007  1.201465244096069E+002
    837  1.277438317041160E-007  1.177814246314451E+002
    904  1.258431256852922E-007  1.250437756508075E+002
   1037  1.222585896818656E-007  1.316166834102353E+002
    136  1.173996466851015E-007  2.995197020395121E+001
    159  1.153698758910540E-007  3.140014259635325E+001
    630  1.121834373692947E-007  1.086464564510315E+002
   1049  1.116496698343723E-007  1.325964910892840E+002
    861  1.077928523708272E-007  1.193618968506130E+002
    629  1.057433400280568E-007  1.086436456014825E+002
    737  1.056039288805942E-007  1.125716601108342E+002
    193  1.017132922372968E-007  3.387383688791338E+001
    833  9.430109704785796E-008  1.176450554682990E+002
    289  9.303868358827566E-008  3.832422991649202E+001
    801  9.216354223517243E-008  1.162412158177078E+002
     80  8.777357034953710E-008  2.737665388114407E+001
    775  8.474960383290304E-008  1.149447083106751E+002
    734  8.174766231994138E-008  1.125227414297757E+002
   1007  7.945479806377796E-008  1.303971511397991E+002
    692  7.582360351055053E-008  1.109991362888409E+002
    914  7.484579094093689E-008  1.261343003660832E+002
    620  7.125256334420593E-008  1.083700393844588E+002
   1059  6.589178888931112E-008  1.335352794510990E+002
    956  6.468948333259143E-008  1.283075816024711E+002
    850  6.323550535278033E-008  1.188640670964077E+002
    759  6.013600878645857E-008  1.132523759465808E+002
    647  6.006105693663757E-008  1.089204596390746E+002
    718  5.743126761610406E-008  1.120307816427976E+002
     47  4.911502345704579E-008  2.514695584094496E+001
    499  4.681227865966650E-008  6.010190034988052E+001
    858  4.665991415518650E-008  1.193043137223610E+002
    959  4.479976082850392E-008  1.283643788123119E+002
    872  4.328743719216891E-008  1.204992644439996E+002
    799  4.157231931972970E-008  1.161655148393659E+002
   1038  4.150173843303241E-008  1.317153469634680E+002
    112  3.788522774645311E-008  2.893182478938967E+001
    443  3.761438749883068E-008  5.615506371008289E+001
    124  3.569205605676656E-008  2.953039329658957E+001
    652  3.258952909827204E-008  1.090805000764319E+002
    310  2.962149000627323E-008  3.933560718805473E+001
    501  2.747799850923408E-008  6.025540211442135E+001
    827  2.525839680821742E-008  1.174913134466901E+002
    840  2.435367359052443E-008  1.179674198090055E+002
    219  2.433441928674229E-008  3.435584966495736E+001
    643  2.264208128324762E-008  1.088529165631816E+002
    723  1.743385847190288E-008  1.122249597820348E+002
   1019  1.736009253215484E-008  1.307856127904329E+002
    885  1.277733296977636E-008  1.213849358963692E+002
    752  1.274152825904902E-008  1.129825416205730E+002
    806  1.254523397115799E-008  1.165904998677036E+002
    393  1.065124814802734E-008  5.117422678475859E+001
    999  8.401921891578145E-009  1.301340763851820E+002
    881  8.017179106543717E-009  1.212001054655417E+002
    965  7.013211477063783E-009  1.286084743618769E+002
    598  5.572387199973543E-009  1.077082259858063E+002
    540  5.402603114318476E-009  1.019596674086986E+002
    740  4.850460333859108E-009  1.126281679605138E+002
    891  4.438489106405533E-009  1.222344606190913E+002
    823  3.988132370832687E-009  1.173434151863991E+002
    996  2.067832884897103E-009  1.300741546440489E+002
    889  7.308031484873060E-010  1.221096476933091E+002
    743  9.670626906922507E-011  1.126739704882794E+002
