# Number of modes
   1077
# Tabulated for different initial and final frequencies?
    F
# Mode index, Sj, (highest to lowest), omega_j
    475  4.604443398625464E-002  5.870955367754343E+001
    547  2.546021334723991E-002  1.040413527560943E+002
    460  1.274549682291821E-002  5.821511818989060E+001
    474  1.253732686257404E-002  5.866520048333617E+001
    477  1.130676796265082E-002  5.875439662154096E+001
    485  1.126053111111448E-002  5.896971858223063E+001
    390  8.109200950865371E-003  4.930034545373515E+001
    462  7.354000519486941E-003  5.834568949164402E+001
    288  6.375012879232626E-003  3.825168870868715E+001
      7  6.315156149209673E-003  1.598850297870253E+001
    452  5.929957272669821E-003  5.732416656661538E+001
    393  5.583678241672842E-003  5.117422678475859E+001
    423  5.538612258578427E-003  5.491452382822700E+001
    531  5.525609911874988E-003  6.280622541285696E+001
    392  4.947752740732225E-003  4.975569880244111E+001
    430  4.454104124050519E-003  5.544226538226409E+001
     29  4.181228270861146E-003  2.304600720746813E+001
    487  4.041741509601621E-003  5.901096182276392E+001
    434  3.995359122602854E-003  5.556859477681133E+001
   1071  3.670311539358091E-003  1.353191143310252E+002
    421  3.554975725796366E-003  5.469982084171487E+001
    431  3.487615323887906E-003  5.545822575490884E+001
    419  3.449541205576376E-003  5.447434435004674E+001
     23  3.362488879573742E-003  2.160694502786773E+001
    535  3.263799194273586E-003  7.234684016852472E+001
    466  3.121387334406652E-003  5.848631456847294E+001
      8  3.008107954285017E-003  1.603898235084092E+001
    151  2.993639331294083E-003  3.097448214004631E+001
   1031  2.938942226998342E-003  1.313824495210718E+002
    505  2.866822368700392E-003  6.089365906344585E+001
   1044  2.556314158746704E-003  1.320835593454495E+002
     24  2.528164718399510E-003  2.165827626673025E+001
    290  2.485037917390917E-003  3.834059039797889E+001
    248  2.471720041239270E-003  3.617742791171408E+001
    426  2.418952003320543E-003  5.521112029631625E+001
     38  2.384963869501101E-003  2.415274881711009E+001
    492  2.358679821568768E-003  5.919740097208313E+001
    970  2.129508599041297E-003  1.288440499253601E+002
    497  2.121625316582833E-003  5.984833423050026E+001
    582  2.087201033659533E-003  1.069886979669129E+002
   1074  2.079480896484319E-003  1.357832717908243E+002
    297  1.990701057099920E-003  3.850412000814609E+001
      9  1.967561390316324E-003  1.615282072713023E+001
    433  1.966996240623930E-003  5.552394895078822E+001
    666  1.869253949345311E-003  1.096961217429448E+002
    546  1.817908566759442E-003  1.038908634804570E+002
    822  1.709403835326401E-003  1.173379890193997E+002
    832  1.642388629256972E-003  1.176150872586579E+002
    673  1.596050103406339E-003  1.101090602242966E+002
    163  1.560468587865321E-003  3.148605603035891E+001
    550  1.491567422738262E-003  1.044255141670578E+002
    975  1.489382249813838E-003  1.290479361570385E+002
    114  1.450767334388985E-003  2.903390568794284E+001
   1022  1.426465709364050E-003  1.309570316227355E+002
    897  1.417860208315419E-003  1.233154024205701E+002
    585  1.407055043984821E-003  1.071721890576240E+002
   1032  1.392874505648310E-003  1.314270448258869E+002
    544  1.371662787972910E-003  1.037287728441322E+002
     64  1.344303557121671E-003  2.637954322898939E+001
    507  1.333697895389462E-003  6.098134465730102E+001
    566  1.329625376500972E-003  1.060197199307676E+002
    210  1.296746017204731E-003  3.421873300884823E+001
    576  1.264582701811786E-003  1.068188420241767E+002
    344  1.232908827309207E-003  4.229281490750487E+001
    669  1.176174803549503E-003  1.098991161820264E+002
    301  1.175408357168813E-003  3.874125966254066E+001
     17  1.162956249204584E-003  2.091913438766164E+001
    479  1.155004857015425E-003  5.886156225440574E+001
    358  1.136658817731951E-003  4.418411045040358E+001
    551  1.116146211486535E-003  1.044758850995860E+002
     18  1.086575234499628E-003  2.124694793769305E+001
   1024  1.071802951430421E-003  1.310472886139475E+002
    450  1.061224425643551E-003  5.723022636777802E+001
    964  1.060426888498079E-003  1.284811881676410E+002
    335  1.053966295319502E-003  4.064698242871874E+001
    438  1.050302766126330E-003  5.568774314714533E+001
     82  1.033660157475996E-003  2.744742479332049E+001
    549  1.004273269064549E-003  1.043755820157491E+002
    554  9.831785923586033E-004  1.048978551747549E+002
   1053  9.787792949435923E-004  1.331993000158318E+002
    826  9.718886086867507E-004  1.174535409692338E+002
    954  9.705575839890822E-004  1.282848493157465E+002
    534  9.384617264455394E-004  6.352992396574133E+001
   1058  9.224268166222496E-004  1.334381531708862E+002
    552  9.117520269584321E-004  1.045004516183760E+002
    411  9.052575020258065E-004  5.390414096058870E+001
    149  8.904670436815424E-004  3.064428879965062E+001
     32  8.686162596427857E-004  2.386019687247388E+001
    972  8.640511680346375E-004  1.289491342298440E+002
   1045  8.363482775230055E-004  1.322246800166877E+002
    998  8.132287953898480E-004  1.301241144683907E+002
   1042  8.028600941026986E-004  1.319938555239870E+002
    563  8.009493679118814E-004  1.058622417292547E+002
    947  7.984823144570682E-004  1.280025795512814E+002
     58  7.944500539777441E-004  2.603619761911758E+001
    456  7.888322056513587E-004  5.758475825352298E+001
    671  7.798987751938145E-004  1.100461630260976E+002
   1027  7.564065960758904E-004  1.311414239553258E+002
    519  7.090811039886148E-004  6.116666091909611E+001
    300  7.065319831344152E-004  3.871033423098082E+001
    245  6.958486932880370E-004  3.584895809931362E+001
     80  6.913614711502292E-004  2.737665388114407E+001
   1033  6.894271730537990E-004  1.314921549657209E+002
    824  6.831788472266492E-004  1.173851057796732E+002
    166  6.819907097667832E-004  3.197534022905977E+001
    379  6.803290243017407E-004  4.610002508350383E+001
    232  6.780806403503245E-004  3.530982942235851E+001
      5  6.744396101382861E-004  1.580375607842547E+001
    539  6.732240460733054E-004  1.004038214764926E+002
    241  6.602869354114721E-004  3.573178726353736E+001
    407  6.391328802127098E-004  5.355040632372296E+001
    208  6.303548334715008E-004  3.420400517096608E+001
    236  6.267664795310942E-004  3.558504171265294E+001
    533  6.208690437572304E-004  6.344214913117692E+001
   1006  6.183891110142529E-004  1.303473844140781E+002
    110  6.119805822273870E-004  2.890337161783228E+001
    663  6.111051143420815E-004  1.095408569103236E+002
    821  6.103118301438886E-004  1.173213489801490E+002
   1072  6.044468262078301E-004  1.354275255218108E+002
   1057  6.033893677115629E-004  1.332882698940204E+002
    525  5.999125459775144E-004  6.201689187624501E+001
     31  5.914636878051042E-004  2.349957735236975E+001
    209  5.827696790161000E-004  3.420776675567321E+001
    458  5.813767558986013E-004  5.780961640938520E+001
    848  5.763428234555353E-004  1.185512117490796E+002
    148  5.750782132167735E-004  3.055713011308698E+001
    902  5.654209692806852E-004  1.246861225619736E+002
    185  5.617604231825061E-004  3.329017879350934E+001
    432  5.566433252380300E-004  5.551253331854516E+001
    981  5.270926426857992E-004  1.292686845988868E+002
    536  5.255450429968606E-004  7.244369170766353E+001
    440  5.206212559382818E-004  5.589934491235444E+001
    204  5.116459676885926E-004  3.416741852472765E+001
    500  5.047579820303423E-004  6.016266526055261E+001
     60  5.036884682906864E-004  2.612817271153773E+001
     85  4.987309469115053E-004  2.757726243328665E+001
    532  4.984927639282869E-004  6.299204701993657E+001
    635  4.964298492174791E-004  1.087402789130293E+002
    494  4.948772228959851E-004  5.959072402434833E+001
    578  4.915112237879440E-004  1.068696587706935E+002
    831  4.906230355374887E-004  1.175849164822640E+002
    215  4.796875012932884E-004  3.430912489816387E+001
   1013  4.721479327599657E-004  1.306191025791559E+002
    473  4.692559026425284E-004  5.864875851961727E+001
    330  4.690268962374193E-004  4.000719691328421E+001
   1066  4.685027794075503E-004  1.341339055776214E+002
   1055  4.476221050600565E-004  1.332315483337306E+002
    518  4.468769174771345E-004  6.116565427175681E+001
    199  4.452057955042933E-004  3.411214171315592E+001
     81  4.437619955575603E-004  2.737831616504717E+001
   1038  4.398010169975043E-004  1.317153469634680E+002
    772  4.381978318296322E-004  1.144444014986270E+002
   1061  4.252567149840459E-004  1.338239896777959E+002
      4  4.158821325806384E-004  1.555889535187236E+001
    206  4.144612065252332E-004  3.418711639611698E+001
    188  4.092131509020510E-004  3.343297855491465E+001
    650  3.998587653170776E-004  1.090061273622073E+002
    396  3.872979345055501E-004  5.292259014309509E+001
    924  3.864507644826000E-004  1.267645350898773E+002
    482  3.862099569904505E-004  5.890508639424976E+001
    165  3.786872885750529E-004  3.194792507678593E+001
    229  3.784583402686482E-004  3.477639317683153E+001
    142  3.730800276402592E-004  3.011700635419402E+001
    687  3.717379030767042E-004  1.108477970364615E+002
    746  3.692817698416506E-004  1.128150956859242E+002
    155  3.688999721307365E-004  3.129077640287002E+001
   1020  3.680239944406977E-004  1.308300137670077E+002
    517  3.676711724423366E-004  6.116283191518230E+001
     26  3.590511776364483E-004  2.275577786050195E+001
    844  3.578968616565464E-004  1.182236522024691E+002
    275  3.498638882963549E-004  3.771871208633355E+001
    303  3.496878483471544E-004  3.891633174738261E+001
   1036  3.492855080522707E-004  1.315563975924429E+002
    777  3.456727668780608E-004  1.150636811545726E+002
     11  3.424874256247915E-004  1.771447447329438E+001
    442  3.406466429334985E-004  5.605259237502305E+001
    190  3.402607331848344E-004  3.352213579831744E+001
    254  3.391493636454782E-004  3.696870162494890E+001
    966  3.378682348451772E-004  1.287120665380274E+002
    548  3.326329918642789E-004  1.041098140943872E+002
    255  3.303167414252577E-004  3.705801266502003E+001
    545  3.296416113050536E-004  1.038885725205099E+002
     55  3.281894172924621E-004  2.564739582447731E+001
    810  3.278287651298678E-004  1.168542717379606E+002
    278  3.220673249838921E-004  3.775225448216675E+001
     86  3.196363631147594E-004  2.760340701365068E+001
   1034  3.080699658000459E-004  1.314975717016592E+002
     98  3.073659421215447E-004  2.810036398063808E+001
    311  3.055462058388716E-004  3.939193935233331E+001
    445  3.002794386783963E-004  5.650985963977887E+001
     95  2.984960658969260E-004  2.806113631432304E+001
    742  2.981394628508995E-004  1.126546326383816E+002
   1016  2.979374821044927E-004  1.306784011483153E+002
    467  2.973428177629759E-004  5.850070475174659E+001
    659  2.938640396434868E-004  1.093169473413985E+002
    337  2.880652922731540E-004  4.125439580477820E+001
    962  2.867131520983671E-004  1.284190833846668E+002
    854  2.860372464836162E-004  1.190938927222375E+002
     12  2.823240033334887E-004  1.791855268392995E+001
    468  2.822425424417706E-004  5.850419738659161E+001
    164  2.814802563391319E-004  3.156123118588701E+001
     16  2.805916745374303E-004  2.083990463296455E+001
    976  2.794981210125371E-004  1.291265023483052E+002
    272  2.792827524545169E-004  3.770876893490352E+001
     65  2.785862012349541E-004  2.645533186342116E+001
    829  2.773549297701905E-004  1.175434491795728E+002
    825  2.746283789027381E-004  1.174155068731360E+002
   1026  2.739928358838815E-004  1.310988308446859E+002
    302  2.737921467545923E-004  3.874867387838012E+001
    347  2.687995231399193E-004  4.251894246220620E+001
     20  2.660506359904948E-004  2.146722812704134E+001
    967  2.655350710650522E-004  1.287730879251822E+002
     22  2.627089476180948E-004  2.149928230079738E+001
     77  2.626087656784649E-004  2.720977418778346E+001
    639  2.622144667034170E-004  1.087924757147032E+002
    587  2.591245276341858E-004  1.072564562863978E+002
    195  2.551724226825504E-004  3.399004655216064E+001
   1075  2.508308774024832E-004  1.852007864492208E+002
    207  2.496105770845205E-004  3.419271829752626E+001
     41  2.473041505576714E-004  2.434332602389209E+001
     57  2.449953811906695E-004  2.601044601303876E+001
   1021  2.445094489535715E-004  1.308784400027895E+002
   1048  2.413049500224239E-004  1.325281096806480E+002
    404  2.411153975556913E-004  5.332919471058649E+001
    436  2.363730265418309E-004  5.562240782737462E+001
    125  2.359928055220749E-004  2.955205187993630E+001
    161  2.357439033243806E-004  3.141544799468193E+001
    282  2.357019063065954E-004  3.781601762519486E+001
    295  2.356366367881486E-004  3.844649820311862E+001
     37  2.348631545264920E-004  2.413005277682491E+001
    748  2.339812039625946E-004  1.128453459062848E+002
    113  2.324630713147041E-004  2.894608485543543E+001
    637  2.229989866461212E-004  1.087708716348475E+002
    119  2.214781714136908E-004  2.929038281335912E+001
    346  2.129110890979041E-004  4.251353138364797E+001
   1067  2.112583830396802E-004  1.341872351276505E+002
    530  2.106889137853352E-004  6.265828803408258E+001
    997  2.089320914353234E-004  1.300952728722026E+002
    952  2.052569334719021E-004  1.282170243378332E+002
    514  1.959122897347139E-004  6.112143562944963E+001
     92  1.949689452017934E-004  2.796966533379813E+001
    427  1.941518063125396E-004  5.530625255614972E+001
     36  1.920337060749059E-004  2.408548968715760E+001
    258  1.901940949690234E-004  3.725675246841864E+001
    365  1.900361347655826E-004  4.540196146988517E+001
    253  1.875953995140564E-004  3.690338042035397E+001
    182  1.870830668606936E-004  3.313118961536368E+001
    977  1.869361916344930E-004  1.291448023039548E+002
     79  1.864432545616582E-004  2.728143790603452E+001
    385  1.815959965303466E-004  4.744969147605799E+001
    387  1.800238246391344E-004  4.845493173747810E+001
    226  1.791235288357002E-004  3.460914941435140E+001
    417  1.780668733737127E-004  5.432386496665636E+001
   1008  1.762854874784676E-004  1.304054287055121E+002
     76  1.761979973020166E-004  2.719040433196805E+001
    131  1.752524624591977E-004  2.976719894627799E+001
     66  1.738864478630422E-004  2.653041695388611E+001
    602  1.735503683530132E-004  1.078335831208874E+002
    948  1.727873256670980E-004  1.280530341997139E+002
    646  1.710615451443283E-004  1.089039652974663E+002
    820  1.685192118462503E-004  1.173160626674297E+002
    230  1.670996737354465E-004  3.507000892128892E+001
    202  1.662580261062093E-004  3.414693728338715E+001
   1039  1.662017168927421E-004  1.317789778316224E+002
    264  1.640123260748929E-004  3.760740200223662E+001
    459  1.636632157961658E-004  5.797524108925945E+001
    836  1.623070439644224E-004  1.177792466123822E+002
    667  1.620881908419021E-004  1.098231148083649E+002
    774  1.604570832208865E-004  1.147299018357027E+002
    262  1.598639811780148E-004  3.754826259370084E+001
    575  1.593237527791837E-004  1.067636975144964E+002
    827  1.582071986654830E-004  1.174913134466901E+002
    395  1.577611767906489E-004  5.279005865968511E+001
    144  1.577606471982316E-004  3.023024488043693E+001
    180  1.564221710612106E-004  3.306959511625761E+001
    157  1.546584178719324E-004  3.136040875348826E+001
    126  1.541368266325021E-004  2.957864372821811E+001
    183  1.541175778217690E-004  3.317747871488443E+001
    504  1.534967632704101E-004  6.073767201700102E+001
    738  1.532335230737476E-004  1.126248828969786E+002
    883  1.523884808135653E-004  1.212822283474710E+002
    397  1.516755321261381E-004  5.292984574180642E+001
    676  1.516375480076056E-004  1.102968009656115E+002
    319  1.510430006446043E-004  3.955367029075058E+001
    455  1.509675333399908E-004  5.757818593173593E+001
    580  1.501118012116462E-004  1.069063882425304E+002
    523  1.486969101256141E-004  6.195141091349550E+001
    212  1.484345259421921E-004  3.425448747044050E+001
    785  1.464808166952606E-004  1.156515149006221E+002
    572  1.429059131867764E-004  1.066354688575440E+002
    196  1.425545793236551E-004  3.402217963204272E+001
    348  1.420733690671433E-004  4.278252907839931E+001
   1050  1.414617762547977E-004  1.326682006609648E+002
    270  1.407796119867390E-004  3.767493462479421E+001
    945  1.402841649260538E-004  1.278945431870569E+002
    139  1.395002892072116E-004  3.001327528760398E+001
    376  1.375508671125725E-004  4.578482274843697E+001
   1052  1.372760202727734E-004  1.330891459743712E+002
   1001  1.361468542276522E-004  1.301907504163165E+002
    217  1.358906813479928E-004  3.432077633458158E+001
    472  1.351701950122532E-004  5.860732378330380E+001
    158  1.347313411921568E-004  3.138637587596471E+001
    133  1.342937771761506E-004  2.980777525245198E+001
    134  1.330736957026158E-004  2.989081555609098E+001
     40  1.330674124254969E-004  2.429142631572386E+001
    745  1.320720398610669E-004  1.127541380335163E+002
    244  1.317768835927712E-004  3.582009297825139E+001
     89  1.316661370705573E-004  2.787565477396676E+001
    140  1.315584558817532E-004  3.002380690834687E+001
    413  1.311653536334189E-004  5.407796767412047E+001
    273  1.309009594797694E-004  3.771236202405859E+001
    201  1.305364868769022E-004  3.413905621996786E+001
    293  1.305174658962728E-004  3.840315559517953E+001
     70  1.298398178449634E-004  2.683332853591699E+001
    331  1.296708099719501E-004  4.033978069592825E+001
    516  1.274907755641973E-004  6.114879167768425E+001
    751  1.263784537525172E-004  1.129352725370382E+002
    755  1.259472732650105E-004  1.130537195644052E+002
   1060  1.246306752467374E-004  1.336329109810919E+002
    691  1.244931172574012E-004  1.109942746792360E+002
     46  1.237655719541649E-004  2.508968851186969E+001
    233  1.227214739512400E-004  3.536858076063520E+001
     27  1.220236171415678E-004  2.288948685305089E+001
    870  1.213124146273468E-004  1.203621491035894E+002
    737  1.201332987205132E-004  1.125716601108342E+002
    690  1.199995115023690E-004  1.109553167085971E+002
     74  1.189561203403872E-004  2.706787664592100E+001
    480  1.186402809585456E-004  5.887142017505539E+001
    296  1.164653158297368E-004  3.847026909032138E+001
    246  1.156497797060744E-004  3.612200287477440E+001
    152  1.153023076650951E-004  3.107793476288124E+001
    905  1.141626969319468E-004  1.252963463377060E+002
    730  1.138016306612346E-004  1.124678820560711E+002
    757  1.116296618191123E-004  1.131455979007981E+002
    378  1.115173109174478E-004  4.609481655347708E+001
    106  1.112529943041827E-004  2.873147041157064E+001
    279  1.112254223245266E-004  3.776291602598710E+001
    955  1.109908281807274E-004  1.283043098504922E+002
    478  1.102660552189203E-004  5.880478287498814E+001
    103  1.091056894540483E-004  2.854698030319213E+001
    112  1.081109704034366E-004  2.893182478938967E+001
    386  1.078112873261917E-004  4.778448827008048E+001
    655  1.066637242590123E-004  1.092114390318620E+002
    381  1.065153752681978E-004  4.623753374880091E+001
    218  1.064002775204189E-004  3.434087154455664E+001
    681  1.063709189460569E-004  1.107150530846271E+002
    153  1.058914401719425E-004  3.119128674334460E+001
    780  1.057263548639663E-004  1.153482258688003E+002
    281  1.056897726209403E-004  3.778222215271058E+001
    289  1.049534970685494E-004  3.832422991649202E+001
    928  1.033183959808458E-004  1.271758190169006E+002
     91  1.024296262907867E-004  2.795709450840539E+001
    222  1.020348618981698E-004  3.444665555523785E+001
     63  1.010496747955256E-004  2.633691355837915E+001
    280  1.006758708895176E-004  3.777070006257392E+001
    221  1.005909016445501E-004  3.444064242877499E+001
    553  1.000121588313477E-004  1.045844149005738E+002
    326  9.910357854234537E-005  3.980074663620405E+001
    604  9.877970884922862E-005  1.078901483894559E+002
    259  9.654060681683014E-005  3.731129763636223E+001
    537  9.563168553272883E-005  7.348438751630307E+001
    992  9.499777764933625E-005  1.299169051159237E+002
    320  9.482577009216681E-005  3.958466091098631E+001
    384  9.439947980584084E-005  4.693482184770667E+001
    940  9.275736008984255E-005  1.277053477702196E+002
    355  9.243358436408291E-005  4.365668409738398E+001
    817  9.234985978539790E-005  1.171745914510001E+002
    308  9.208248456360756E-005  3.924824416979163E+001
    557  9.192916140939310E-005  1.053298087456868E+002
      3  9.125488003101620E-005  1.530095081680193E+001
    291  9.108867498373154E-005  3.834865717601958E+001
    101  9.095636138277971E-005  2.816121926613436E+001
    150  9.026694135356878E-005  3.095380367517388E+001
    564  9.013578552673993E-005  1.059223740174141E+002
    524  8.912590145847445E-005  6.196836567938324E+001
     43  8.893359636111049E-005  2.485090944939308E+001
    191  8.862290946666178E-005  3.372798248811258E+001
    325  8.784579783810034E-005  3.979678053884171E+001
    100  8.592633110694493E-005  2.814590236831992E+001
    543  8.571613969274861E-005  1.026098663261161E+002
    476  8.492326330104721E-005  5.874284760292872E+001
    989  8.483176791062180E-005  1.296856498562064E+002
    778  8.481508027144926E-005  1.153062331743218E+002
    868  8.477762183069515E-005  1.199994649602093E+002
    484  8.398296464095451E-005  5.894622531819898E+001
    515  8.287344462300763E-005  6.113166482037749E+001
    143  8.253573621103642E-005  3.021552765862468E+001
    156  8.206853741821239E-005  3.133959801814033E+001
    105  8.183705737648632E-005  2.872870804936272E+001
    287  8.131735089534165E-005  3.806334999222836E+001
    760  7.967324638928069E-005  1.133648679091437E+002
    261  7.954942231250651E-005  3.751537038816641E+001
    894  7.950274435217907E-005  1.226855190700912E+002
    184  7.946888563747001E-005  3.328145954751520E+001
    626  7.925779336812917E-005  1.085197354965440E+002
    921  7.844609168689109E-005  1.266347372507485E+002
    929  7.726875998800992E-005  1.272324166790593E+002
    249  7.723409739522349E-005  3.643158917315001E+001
     51  7.705313950284231E-005  2.527497960196780E+001
     34  7.630935194313009E-005  2.394870774261297E+001
    169  7.603559716228978E-005  3.225245008090104E+001
    919  7.565107262831544E-005  1.264669767465423E+002
    898  7.518236099249818E-005  1.236287338505038E+002
    886  7.504044809546484E-005  1.214498350996194E+002
    174  7.416356532459820E-005  3.277024257542895E+001
    968  7.316904754375844E-005  1.287893908307005E+002
    609  7.228457295145290E-005  1.080529774194348E+002
    991  7.188344710080613E-005  1.298309517843196E+002
    710  7.176949749243411E-005  1.117114283703663E+002
    842  7.124939227142230E-005  1.180365480395604E+002
    403  7.109942735278890E-005  5.332276567118551E+001
    632  7.085513197449992E-005  1.086732063917954E+002
    401  7.074875468258463E-005  5.310952948046032E+001
    239  7.038397749304970E-005  3.564788119351169E+001
    784  6.957405585821558E-005  1.156115101864969E+002
    712  6.946372499565050E-005  1.118479116964762E+002
    102  6.936969076740390E-005  2.838723287464182E+001
    771  6.909221671403343E-005  1.142541813627527E+002
    422  6.870935731119709E-005  5.478392604221921E+001
      6  6.833472014711913E-005  1.593905863128156E+001
    402  6.800729409640630E-005  5.323403324336612E+001
    352  6.715770222570472E-005  4.345183818831803E+001
    357  6.692446593801083E-005  4.413715889769129E+001
    116  6.651072970748645E-005  2.910094471225916E+001
   1070  6.648113693362453E-005  1.350535885837313E+002
    138  6.602765603488733E-005  2.998810658959070E+001
    120  6.596924968370534E-005  2.935022978395871E+001
    702  6.469809747440317E-005  1.112791472783473E+002
    266  6.459210904221076E-005  3.763404507858488E+001
    193  6.450950917712061E-005  3.387383688791338E+001
    491  6.444719448903649E-005  5.916484178919298E+001
    294  6.439139196116722E-005  3.844005427068350E+001
    986  6.392104824602266E-005  1.294778988001748E+002
    807  6.085575808097520E-005  1.166040027024774E+002
    686  5.986154918676344E-005  1.108321598991433E+002
    464  5.928907595980455E-005  5.841767339850505E+001
    336  5.928232543151038E-005  4.106442919982931E+001
     68  5.905795902238659E-005  2.665958995788216E+001
    481  5.876407341730871E-005  5.889564718758225E+001
    700  5.869000940873988E-005  1.112187707043413E+002
    560  5.821950032211052E-005  1.057397922085461E+002
    154  5.789214927251536E-005  3.128025029310897E+001
    104  5.738769162211673E-005  2.863475114667724E+001
    495  5.721512088584506E-005  5.971063876484735E+001
    860  5.588286351349718E-005  1.193608179742887E+002
    137  5.548998245426954E-005  2.996307755422044E+001
   1018  5.414766701360508E-005  1.307425624046459E+002
    988  5.413379203387443E-005  1.295230022337254E+002
    599  5.396571380711905E-005  1.077354408464688E+002
    338  5.387214513818243E-005  4.143596746217444E+001
    489  5.375083506068884E-005  5.906665573291085E+001
    454  5.349580214903028E-005  5.753531790534946E+001
    538  5.273410826713503E-005  8.801939400846273E+001
    932  5.217549265263011E-005  1.272890793904072E+002
    400  5.202736698968873E-005  5.304406357850599E+001
     67  5.199300687181045E-005  2.663955326886673E+001
    349  5.199298889763637E-005  4.279212686889406E+001
    172  5.198888353236393E-005  3.254695536480502E+001
     62  5.102220132835321E-005  2.630569023157911E+001
   1029  5.091644140187091E-005  1.312589073638632E+002
    689  4.993928398985143E-005  1.108992280227757E+002
    649  4.952926682722436E-005  1.089557122086210E+002
    803  4.912411968128424E-005  1.163959410830473E+002
    630  4.894830847487103E-005  1.086464564510315E+002
    313  4.891095709079911E-005  3.941220320488696E+001
     30  4.873429440458506E-005  2.339033246897357E+001
    127  4.872628739965522E-005  2.958197907168710E+001
     53  4.784699601000789E-005  2.532427500710937E+001
    135  4.736615364872855E-005  2.990996926970350E+001
    343  4.698196147343783E-005  4.223776350771931E+001
    382  4.663866568326744E-005  4.661435463500721E+001
    680  4.593764802019251E-005  1.106808485277705E+002
    203  4.547743292694204E-005  3.415596231316062E+001
    299  4.423099202287708E-005  3.861147003050849E+001
    306  4.417923105726772E-005  3.922583615449084E+001
     96  4.402137812530462E-005  2.807603105873968E+001
    911  4.350555807701238E-005  1.258968376271585E+002
     78  4.295152096248363E-005  2.724001953302053E+001
    938  4.268065559606952E-005  1.276246332177813E+002
    304  4.256893381532469E-005  3.902642388250331E+001
    617  4.252912824522863E-005  1.082069188907082E+002
    645  4.206078912371213E-005  1.088758352374567E+002
    483  4.140021499848354E-005  5.892865432514233E+001
    136  4.115949939522939E-005  2.995197020395121E+001
    324  4.060483521216535E-005  3.965813849875591E+001
    762  4.038460642759499E-005  1.134504722361933E+002
    493  4.004960406907426E-005  5.956939432616837E+001
    418  3.972348730596436E-005  5.440760214654593E+001
    211  3.950669565309940E-005  3.422885497659050E+001
     71  3.920705532136519E-005  2.691074291878593E+001
    285  3.891286321676109E-005  3.794670187788559E+001
    160  3.886858206003102E-005  3.140287364756382E+001
    863  3.877678685781976E-005  1.194780899982511E+002
   1064  3.870052688114344E-005  1.339182935247794E+002
    389  3.861738491275645E-005  4.924612888004685E+001
    186  3.842594490062830E-005  3.335079910483972E+001
    463  3.810770183464672E-005  5.840368106338346E+001
    121  3.804397923486179E-005  2.937009161569695E+001
    555  3.802084243927556E-005  1.049505825405343E+002
    600  3.711618276358664E-005  1.078192567961393E+002
    918  3.685889643674528E-005  1.263810693695273E+002
    983  3.657968242791252E-005  1.293699640118089E+002
    675  3.655595060198355E-005  1.101932688761904E+002
     50  3.647217119029915E-005  2.524792740229145E+001
    812  3.626763820698801E-005  1.169499526914024E+002
    623  3.611487428374585E-005  1.084311616311891E+002
    573  3.599550772700913E-005  1.066520968004064E+002
    341  3.594331223859510E-005  4.207899368185591E+001
    930  3.555699912336305E-005  1.272550109882912E+002
    731  3.553357696858620E-005  1.124795031346507E+002
   1000  3.550599981548354E-005  1.301375093272533E+002
    470  3.542819866979255E-005  5.858950887133865E+001
    168  3.473156806714066E-005  3.223239881301075E+001
    444  3.468770588666787E-005  5.640873014994138E+001
    486  3.355018924920235E-005  5.898078655703418E+001
    317  3.241033464747721E-005  3.952108816795088E+001
     14  3.238656296329179E-005  2.047451167645159E+001
    309  3.186721079391563E-005  3.929268620446922E+001
    697  3.148648689551171E-005  1.111168086390436E+002
    109  3.128268280146281E-005  2.888359254004277E+001
    565  3.120774049609923E-005  1.059848591127986E+002
    724  3.115762601037853E-005  1.122474317356576E+002
    213  3.080666572332371E-005  3.426923698719692E+001
    783  3.028260992348513E-005  1.155776779712016E+002
    359  3.027306149138075E-005  4.440820660542785E+001
    286  2.998890839392809E-005  3.806107114689090E+001
    332  2.987958937030001E-005  4.036182328117159E+001
     69  2.981863812206241E-005  2.667931486079132E+001
    242  2.979492372049160E-005  3.575330164903793E+001
   1014  2.971920058366334E-005  1.306579532637773E+002
    449  2.956717855754902E-005  5.713782918039372E+001
    283  2.954066888007837E-005  3.781664732037148E+001
     44  2.949659203319704E-005  2.487547588775838E+001
    391  2.945371218279493E-005  4.935295074539214E+001
    512  2.892080750445950E-005  6.110465593383906E+001
    197  2.872460742395337E-005  3.407091137263039E+001
    234  2.863230746579374E-005  3.541632958107625E+001
    380  2.840349950036599E-005  4.621788456267294E+001
    995  2.738332190202630E-005  1.300556822463785E+002
    237  2.734939636304088E-005  3.561350513334219E+001
    394  2.687216714210139E-005  5.275338077531283E+001
   1062  2.682734035436026E-005  1.338537297016246E+002
    926  2.675355071701439E-005  1.269935099435139E+002
    503  2.672992484432951E-005  6.062899617907863E+001
    268  2.654156945423636E-005  3.765614789507087E+001
    356  2.646262296939668E-005  4.399929676237998E+001
    542  2.620251053190368E-005  1.021380905135569E+002
    176  2.599939055316276E-005  3.283702642513862E+001
     28  2.574786496176402E-005  2.303576073275412E+001
    559  2.574263105732549E-005  1.054467335457494E+002
    568  2.542862657953900E-005  1.063884322375297E+002
    895  2.513561070973768E-005  1.231922658586809E+002
    334  2.495389532153605E-005  4.055961280242965E+001
     45  2.481375466148320E-005  2.505629895200580E+001
    214  2.450379730062419E-005  3.429158842681225E+001
    171  2.449572386667140E-005  3.251692712246987E+001
    314  2.437443440497853E-005  3.944402428691944E+001
    307  2.422890977128481E-005  3.924418415703018E+001
    448  2.410201508611387E-005  5.707216855561523E+001
    364  2.383518393901770E-005  4.528995878587361E+001
    903  2.378896388353732E-005  1.249295857950171E+002
    884  2.360716228168286E-005  1.212913619330936E+002
    944  2.339359757214644E-005  1.278264506290159E+002
    866  2.331812354587491E-005  1.198737679274225E+002
    942  2.287895670351987E-005  1.277896527703618E+002
    526  2.284788111410973E-005  6.205614154690332E+001
    706  2.282642488214359E-005  1.115644797142602E+002
    953  2.255102043551271E-005  1.282835790234384E+002
    117  2.189654237753970E-005  2.915145470361619E+001
    107  2.163295744973292E-005  2.880093649968087E+001
    571  2.155345343203792E-005  1.065760725477823E+002
    446  2.130659689028109E-005  5.657515742254393E+001
    661  2.122557721817712E-005  1.094040232551639E+002
    425  2.088183883148454E-005  5.512885982268182E+001
    768  2.077240095749864E-005  1.140511281344195E+002
    607  2.076015806952871E-005  1.079782277499060E+002
    162  2.067103951475130E-005  3.142013005221356E+001
    721  2.022478425960911E-005  1.121902054803930E+002
    323  2.022019276380325E-005  3.963162035223775E+001
    521  2.002626775402836E-005  6.120499406654021E+001
    435  1.975600194613932E-005  5.559833163642786E+001
    115  1.950917869725033E-005  2.908676806680809E+001
    979  1.935707128025297E-005  1.292073280791942E+002
    167  1.935478585027107E-005  3.206734480721192E+001
    613  1.933912053559674E-005  1.081325074305931E+002
    305  1.913406728472261E-005  3.919092577852600E+001
    528  1.908538359890272E-005  6.211763689923020E+001
    890  1.894483854050686E-005  1.222269695705770E+002
     15  1.796502905230159E-005  2.077312965636918E+001
     10  1.757137414900644E-005  1.630017574824609E+001
    605  1.750837385471954E-005  1.079476682950407E+002
    361  1.744875826289763E-005  4.509188248244521E+001
    159  1.680497495219779E-005  3.140014259635325E+001
    315  1.650090403527357E-005  3.946262277995078E+001
    187  1.621770579553178E-005  3.338593491458187E+001
    984  1.614462350926190E-005  1.293776492189174E+002
    561  1.598367018731684E-005  1.057823475786052E+002
     88  1.594497840198241E-005  2.776495450944637E+001
     97  1.591817453633786E-005  2.809615145046481E+001
    269  1.584798776059080E-005  3.766609016559832E+001
    558  1.562615431007028E-005  1.054235904423783E+002
    147  1.546930221188112E-005  3.045498909450352E+001
    584  1.533108646550168E-005  1.071415131646536E+002
    851  1.501907764732090E-005  1.189105890777936E+002
    597  1.489709273524468E-005  1.076362394255561E+002
    618  1.485896855188763E-005  1.083041655146542E+002
    892  1.470882875691738E-005  1.223146913863671E+002
    316  1.435441962052708E-005  3.947722492082590E+001
    808  1.421452803115533E-005  1.166438640424820E+002
    502  1.408253513064899E-005  6.033057478557798E+001
    451  1.396422388915913E-005  5.726939793781466E+001
    111  1.380578311409353E-005  2.891758955889047E+001
    674  1.380257280941033E-005  1.101627157855635E+002
    960  1.378076820430845E-005  1.283710541965592E+002
    741  1.340445341100470E-005  1.126383251241469E+002
    339  1.332158372936934E-005  4.199721405536648E+001
    594  1.320022986696570E-005  1.075267994995216E+002
    265  1.313741569681221E-005  3.762418150997995E+001
    298  1.307018694868826E-005  3.860785506393049E+001
    260  1.299424374854479E-005  3.745846822965304E+001
    219  1.297890040664462E-005  3.435584966495736E+001
    108  1.293875040789591E-005  2.884206820739177E+001
   1009  1.291016223622394E-005  1.304609142394732E+002
    909  1.264194425874860E-005  1.256671150468244E+002
    123  1.260119463921064E-005  2.945706723223188E+001
    238  1.256369153493009E-005  3.562010162214489E+001
    429  1.251564807078573E-005  5.542704693693687E+001
    719  1.244702502601969E-005  1.120361196403708E+002
    170  1.238804006804440E-005  3.240864442722207E+001
     72  1.235118112393828E-005  2.695844835194747E+001
    916  1.229794091589564E-005  1.261858055404796E+002
    950  1.227876438620211E-005  1.281356928004739E+002
    899  1.225610031565969E-005  1.237750393258326E+002
    257  1.222138301054404E-005  3.716053985696894E+001
      2  1.184466787447742E-005  1.507477314615795E+001
    875  1.174328911368804E-005  1.206504418490652E+002
     61  1.167251192133649E-005  2.623624111749398E+001
    830  1.163105952817609E-005  1.175448785112390E+002
    256  1.147248663024113E-005  3.708485200545782E+001
    527  1.137852210771444E-005  6.211137902133680E+001
    847  1.130723283848250E-005  1.183795327778256E+002
    583  1.113196935750447E-005  1.070323413352247E+002
    636  1.094735061531573E-005  1.087412284437008E+002
     52  1.081209943783633E-005  2.532370304309600E+001
     42  1.079804752224638E-005  2.442065503900721E+001
     84  1.073517529251810E-005  2.748397341497807E+001
    409  1.024329116802583E-005  5.377950655266745E+001
    441  1.013994019274739E-005  5.602297434426368E+001
    616  9.944279072519900E-006  1.081902144651443E+002
    276  9.850163607451042E-006  3.774173651101562E+001
    132  9.841702983654982E-006  2.978147182311027E+001
    879  9.483945755556491E-006  1.208628531744268E+002
      1  9.371098614814989E-006  1.480943860687432E+001
   1011  9.341271879513099E-006  1.305590563134582E+002
    589  9.251629046111156E-006  1.073243551551986E+002
    173  9.191540952957729E-006  3.267731285541730E+001
    405  8.925162620790632E-006  5.340951413863353E+001
    529  8.901300652571393E-006  6.213305424318654E+001
    522  8.858918769227713E-006  6.189501394570030E+001
   1077  8.806543476504799E-006  6.189178021453241E+002
    370  8.769798694056733E-006  4.562254251008403E+001
    128  8.706001854200661E-006  2.964876822252022E+001
    181  8.601905539153283E-006  3.309588236011395E+001
     13  8.580613378629016E-006  2.038781372204352E+001
    835  8.540482216333722E-006  1.176766134664512E+002
    672  8.419229672443648E-006  1.100523893058521E+002
    284  8.115880445172123E-006  3.794002386601017E+001
    488  8.022720565363989E-006  5.904214899548738E+001
     48  7.996506017062879E-006  2.521050943974308E+001
    569  7.889274450982308E-006  1.064024371239422E+002
    510  7.881068528523183E-006  6.106496915014706E+001
    713  7.816256399399058E-006  1.118750446375970E+002
    789  7.713856304494350E-006  1.157939903252585E+002
    865  7.642330598841936E-006  1.195233182598442E+002
    540  7.629640806528164E-006  1.019596674086986E+002
    754  7.625064823271529E-006  1.130532912402911E+002
    250  7.487991355879276E-006  3.645071914574685E+001
    624  7.363961197974555E-006  1.084534043855216E+002
    453  7.214641600607553E-006  5.734859743017803E+001
    641  7.164953264958060E-006  1.088136450829588E+002
    577  7.116202033379621E-006  1.068269012623950E+002
    465  7.096957027643300E-006  5.845233409136720E+001
    656  7.035365895619938E-006  1.092383325553483E+002
    913  7.010505497889535E-006  1.260963173315474E+002
   1046  7.003430150951531E-006  1.322741703884410E+002
    622  6.990659160628768E-006  1.084041586407917E+002
    328  6.907505918414691E-006  3.982877398686839E+001
    596  6.886657240913896E-006  1.076305596761092E+002
     90  6.882293547322447E-006  2.792299487571685E+001
    595  6.870055278554750E-006  1.075727311228692E+002
   1041  6.850082008989477E-006  1.318604688563310E+002
   1063  6.838788088951315E-006  1.338610239777397E+002
    853  6.738042611005152E-006  1.189950762444425E+002
     19  6.735796842471801E-006  2.137958735177528E+001
    424  6.734477628713507E-006  5.504400290817051E+001
    654  6.717951334330541E-006  1.091774321289355E+002
    816  6.701455866900240E-006  1.170854692244173E+002
    631  6.667090769616345E-006  1.086593678715634E+002
    579  6.657039549157853E-006  1.068810185812333E+002
    437  6.620739521332785E-006  5.567668099873953E+001
    354  6.592538737234244E-006  4.358717802496741E+001
    267  6.558535998863394E-006  3.763942844703926E+001
    592  6.530042990527257E-006  1.074010896433819E+002
    682  6.522722559635977E-006  1.107795174367904E+002
    871  6.439861766211691E-006  1.204638135739833E+002
    321  6.380363433350892E-006  3.959878738143280E+001
    220  6.293743734550233E-006  3.440936379612124E+001
    231  6.279126386710787E-006  3.529195130720404E+001
    410  6.190631282598033E-006  5.380004782230375E+001
    574  6.071194626876844E-006  1.067089856517616E+002
    513  6.013678225030500E-006  6.111701004965728E+001
    763  6.000131755108841E-006  1.136578287383470E+002
    520  5.999059448475742E-006  6.117519869664547E+001
    469  5.984605607027383E-006  5.857260373695996E+001
    145  5.973537831797629E-006  3.035386176419680E+001
    189  5.901504742325061E-006  3.348575581421191E+001
    651  5.883034038890640E-006  1.090123807306586E+002
    797  5.794022253983642E-006  1.161224071144865E+002
    368  5.766174127174391E-006  4.552075151204606E+001
    570  5.732197463727696E-006  1.064458450110351E+002
    887  5.679060439082917E-006  1.215278324822884E+002
    457  5.619150980095990E-006  5.770039153165104E+001
    377  5.608008422292118E-006  4.580996274485975E+001
    695  5.594496970507081E-006  1.110404578737834E+002
   1065  5.537114176549182E-006  1.340986810838602E+002
    263  5.414790290351663E-006  3.756851288337069E+001
    141  5.361581829549255E-006  3.005205957969120E+001
     75  5.347152847643839E-006  2.717284531466260E+001
    541  5.270099717059351E-006  1.020561485810812E+002
    179  5.099970406811083E-006  3.301071504933698E+001
    374  5.092780173434988E-006  4.576894168844035E+001
    910  5.077589055350538E-006  1.258349422363612E+002
    371  4.974754729385594E-006  4.567834615857563E+001
    633  4.868329127839277E-006  1.086770367044967E+002
    880  4.841079364289240E-006  1.209811659012211E+002
    509  4.734664036857244E-006  6.104665142125116E+001
    601  4.661236890412626E-006  1.078222216339937E+002
    717  4.609308035528339E-006  1.119901298340990E+002
    366  4.590328868512308E-006  4.541480133184800E+001
    610  4.411400262742259E-006  1.080548791140610E+002
    943  4.394249253652902E-006  1.278255860865938E+002
    420  4.370204394816803E-006  5.464265012038360E+001
   1040  4.366758923329397E-006  1.318325334098182E+002
    684  4.342950593735800E-006  1.108055531440044E+002
    562  4.335473206404307E-006  1.058125905236654E+002
    412  4.301097106063585E-006  5.399327798218789E+001
    709  4.299891554261444E-006  1.116986555393093E+002
    223  4.293268133445725E-006  3.452101188794168E+001
   1073  4.280227701462125E-006  1.355646294676644E+002
    800  4.272745673777341E-006  1.161811067685375E+002
    471  4.241296654769697E-006  5.859921299406331E+001
    447  4.161306945947769E-006  5.692641404400948E+001
    511  4.146230564626270E-006  6.108291035790679E+001
    744  4.133107899920943E-006  1.127340165661099E+002
    608  4.131541538035607E-006  1.080310773431174E+002
    292  4.084800384427263E-006  3.837765227419467E+001
    506  3.998255419554680E-006  6.092479484159845E+001
   1076  3.964741615961778E-006  1.858411948136732E+002
    749  3.882959052152505E-006  1.128862829609149E+002
    277  3.872300883480377E-006  3.774405278528796E+001
    225  3.844188149543425E-006  3.458265676939745E+001
    340  3.691672465238159E-006  4.203744443197692E+001
    838  3.681321187714200E-006  1.178077045912047E+002
    963  3.676493241460851E-006  1.284456810480366E+002
    372  3.649798455537258E-006  4.569660817760900E+001
    670  3.600529107107548E-006  1.099218253642219E+002
    937  3.593453103145482E-006  1.275975168353670E+002
    643  3.564922200476863E-006  1.088529165631816E+002
    782  3.522258320060952E-006  1.155663554633046E+002
    318  3.492216907759429E-006  3.952690512520030E+001
     39  3.458700229686133E-006  2.419216907562118E+001
    634  3.453460826196701E-006  1.087110579745548E+002
    973  3.439013333574935E-006  1.290303348922233E+002
    787  3.419879870490543E-006  1.157066821730262E+002
    591  3.391429595181496E-006  1.073970459895217E+002
    593  3.328805360895107E-006  1.074633420950339E+002
    678  3.314126661563449E-006  1.105298402911861E+002
    644  3.310396854806499E-006  1.088699046594824E+002
     21  3.309529837635590E-006  2.149552581175353E+001
     54  3.236897005584837E-006  2.537118147105558E+001
   1056  3.232027804807606E-006  1.332822863268028E+002
    224  3.226668200257948E-006  3.456258153743839E+001
    934  3.202578068570918E-006  1.274026915475210E+002
    858  3.201229267503449E-006  1.193043137223610E+002
    791  3.156141667459308E-006  1.158399885308925E+002
    769  3.113896281567523E-006  1.141494817506874E+002
    725  3.094875260516852E-006  1.122622575126908E+002
    271  3.094044204451016E-006  3.769377629908810E+001
   1069  3.069776854075321E-006  1.347402109836953E+002
    350  3.056739449206565E-006  4.287084402122760E+001
    790  3.053034832713422E-006  1.158127479939932E+002
    657  3.049615197983165E-006  1.092680437977900E+002
    896  2.972572273529852E-006  1.231967026860033E+002
    994  2.955952636202469E-006  1.299886393654431E+002
    781  2.949446500555581E-006  1.155015502370288E+002
    611  2.925006517100313E-006  1.080609110523806E+002
   1047  2.891346456236064E-006  1.324683504365100E+002
   1017  2.873805699284897E-006  1.307020085696559E+002
    247  2.869214566912405E-006  3.613855018049320E+001
    951  2.820031717397038E-006  1.282127111215003E+002
   1028  2.810232165404240E-006  1.312419762585663E+002
    927  2.798279667617678E-006  1.271118445081471E+002
    694  2.761092478789218E-006  1.110208923005156E+002
    243  2.714026773586405E-006  3.580427376176280E+001
    567  2.710110199837547E-006  1.061175767374582E+002
    345  2.673181089317794E-006  4.248475366295001E+001
    175  2.648099463825612E-006  3.282740528695558E+001
    333  2.612129270121525E-006  4.050570323460023E+001
    922  2.611704293107290E-006  1.267277337836395E+002
    958  2.604541113162052E-006  1.283326337970340E+002
    679  2.589721294432674E-006  1.106299731616480E+002
    668  2.570702428835845E-006  1.098358517134249E+002
    804  2.563206304677738E-006  1.164307012054320E+002
    809  2.546966460963539E-006  1.168273457040169E+002
    383  2.546012485644173E-006  4.665506804468283E+001
    362  2.530847618350861E-006  4.520209191521082E+001
    586  2.529094420091138E-006  1.072414988471015E+002
     83  2.500949272970819E-006  2.745200449399356E+001
    665  2.470074029533427E-006  1.096195054263975E+002
    698  2.468013023523232E-006  1.111543499618823E+002
    228  2.390206742151173E-006  3.465329128304563E+001
    795  2.357364914166090E-006  1.159446042090269E+002
    949  2.356946653091404E-006  1.280833568476082E+002
    648  2.330528628745730E-006  1.089328290594756E+002
    235  2.316945153269749E-006  3.553329683850696E+001
    815  2.313103191211968E-006  1.170844697210597E+002
    252  2.309319234028564E-006  3.681481496629917E+001
    192  2.292841727744446E-006  3.373139183933635E+001
   1004  2.270863104256113E-006  1.302828791464404E+002
    739  2.221476065186831E-006  1.126267264275300E+002
   1051  2.183092255622113E-006  1.330173846663143E+002
    274  2.171548436167981E-006  3.771469066363962E+001
    194  2.166446998001895E-006  3.388123191050668E+001
    893  2.108179084311107E-006  1.225899968537864E+002
    915  2.098933284485937E-006  1.261627872997085E+002
    664  2.093036439707050E-006  1.095868237421283E+002
    240  2.091647180860189E-006  3.568815433410965E+001
    714  2.075467382075670E-006  1.118865310298163E+002
    765  2.064733386653857E-006  1.138034732037320E+002
    685  2.048924627934585E-006  1.108208915724099E+002
   1012  2.041901915670667E-006  1.305860585800326E+002
    642  2.033720440507088E-006  1.088349318990273E+002
    590  2.026831332159742E-006  1.073381491314167E+002
    982  2.005022348801955E-006  1.293230544301462E+002
    625  1.980734403048783E-006  1.084878781680722E+002
    852  1.969057336039462E-006  1.189308904937423E+002
    923  1.965830058456202E-006  1.267345977181097E+002
    846  1.954480525227273E-006  1.183733977129572E+002
    367  1.930258016228616E-006  4.546665367422378E+001
    619  1.924355637329753E-006  1.083262496248409E+002
    707  1.894732270903162E-006  1.116484954290111E+002
    901  1.874116678285530E-006  1.246352700151236E+002
     99  1.862848679394726E-006  2.813215700322161E+001
    770  1.829138441995298E-006  1.141655133118217E+002
     25  1.817351737610055E-006  2.268285797328677E+001
    660  1.812790365491358E-006  1.093929129115852E+002
    699  1.779727505323162E-006  1.111753891148923E+002
    603  1.773913920523509E-006  1.078480909052838E+002
    957  1.759878885394212E-006  1.283224605383935E+002
    794  1.719492797300312E-006  1.159299755047292E+002
    862  1.706961267189126E-006  1.194326389788892E+002
   1043  1.690749917838315E-006  1.320181582363304E+002
    408  1.660384865831049E-006  5.368647704938994E+001
    461  1.607527699712238E-006  5.832169084274378E+001
    122  1.546391178621835E-006  2.942821875092930E+001
    908  1.544901418285209E-006  1.256350992978881E+002
    849  1.508958002064491E-006  1.186556798515274E+002
    843  1.490491673732988E-006  1.181049125326048E+002
    907  1.489317508592985E-006  1.254774984052440E+002
    736  1.472565319815812E-006  1.125700463249535E+002
    715  1.468026098720620E-006  1.119122168057061E+002
    414  1.464595141493344E-006  5.408443269732371E+001
    931  1.462367962107254E-006  1.272754104030811E+002
    508  1.451236670246122E-006  6.101348113010317E+001
   1068  1.449600263060642E-006  1.342139437973118E+002
    861  1.441800578720443E-006  1.193618968506130E+002
    640  1.422118583497207E-006  1.088027953187827E+002
    873  1.421805616987868E-006  1.205400953636918E+002
    677  1.410502005038270E-006  1.104103779431708E+002
    758  1.371079917106079E-006  1.131945788764974E+002
    767  1.369967214346517E-006  1.139787538815297E+002
    614  1.344429528990455E-006  1.081499604581023E+002
   1054  1.322206713960874E-006  1.332101619260334E+002
   1059  1.320398010104572E-006  1.335352794510990E+002
   1023  1.295837917383989E-006  1.309907545973144E+002
    556  1.288769791460753E-006  1.053074591696642E+002
    828  1.262891270859688E-006  1.175132070682912E+002
    799  1.258649840088702E-006  1.161655148393659E+002
    118  1.257488282109891E-006  2.927665934202001E+001
    727  1.234578763038110E-006  1.123838421661365E+002
    399  1.225823266253854E-006  5.300117686152819E+001
    792  1.203004355686624E-006  1.158579110744502E+002
    415  1.199269721800639E-006  5.409773008136273E+001
    498  1.197868746326832E-006  6.006055704270973E+001
   1049  1.180730286580992E-006  1.325964910892840E+002
    786  1.156443323439249E-006  1.156679892855772E+002
    496  1.148600883621804E-006  5.977778544840232E+001
    776  1.144176190227149E-006  1.150535509847603E+002
    310  1.144120127300835E-006  3.933560718805473E+001
   1007  1.137051114189109E-006  1.303971511397991E+002
    990  1.133238447780077E-006  1.297249883032466E+002
    764  1.122199291558164E-006  1.137269990775531E+002
    351  1.115364591933399E-006  4.290814690346715E+001
     49  1.094070591357881E-006  2.521926711432687E+001
    703  1.083954242786103E-006  1.113359924967504E+002
    859  1.083601290636678E-006  1.193117826572047E+002
     35  1.062589050906540E-006  2.406163852032448E+001
    823  1.052276118642751E-006  1.173434151863991E+002
    490  1.031605426375031E-006  5.909746584665749E+001
    956  1.023993027241835E-006  1.283075816024711E+002
    124  1.015153559056812E-006  2.953039329658957E+001
    722  1.012129754060077E-006  1.121989232781130E+002
    227  9.855382387091882E-007  3.461221107986133E+001
    920  9.771901139968521E-007  1.265729199247587E+002
    342  9.547387511937895E-007  4.219280462450153E+001
    845  9.334492555230116E-007  1.182722434309271E+002
    716  9.098375811178469E-007  1.119313653155845E+002
    373  9.050879778933202E-007  4.573517441489172E+001
    732  9.006842615379499E-007  1.124809932511083E+002
    978  8.995676865076815E-007  1.291764873003617E+002
    779  8.946230366907564E-007  1.153237642854880E+002
    711  8.843996561980870E-007  1.117833092223069E+002
    740  8.797253949341277E-007  1.126281679605138E+002
    761  8.490447401174054E-007  1.134019555363662E+002
    793  8.412148334683184E-007  1.158943894419280E+002
    855  8.344871793102035E-007  1.192335282432478E+002
    696  8.016154334388275E-007  1.111110130672436E+002
    729  7.726653389549260E-007  1.124070412533170E+002
    974  7.606272947311881E-007  1.290391941684268E+002
    939  7.542963677628585E-007  1.276788938661296E+002
    688  7.521620140907221E-007  1.108652117541332E+002
    627  7.503945795726347E-007  1.085359599099982E+002
    130  7.462698297711484E-007  2.969026097336859E+001
    501  7.078248080159919E-007  6.025540211442135E+001
    662  7.051901111000659E-007  1.094304874643061E+002
    728  6.845525007488475E-007  1.123911467240560E+002
    925  6.542478809918120E-007  1.268943605090481E+002
    178  6.539564952830174E-007  3.291892583427273E+001
    428  6.463914265313530E-007  5.539697768550786E+001
   1010  6.421610711079481E-007  1.305150376372933E+002
    839  6.412037972678012E-007  1.178451551754228E+002
    788  6.348688497184268E-007  1.157595566872355E+002
    693  5.959699760845621E-007  1.110198391814811E+002
    802  5.955272199118602E-007  1.163074247182627E+002
    705  5.876060252465151E-007  1.114879185885843E+002
    900  5.872011957949964E-007  1.240255399934555E+002
    878  5.855083611743140E-007  1.208553192243232E+002
    733  5.802316370883851E-007  1.125211996768446E+002
    805  5.657194121392455E-007  1.165442309434909E+002
    766  5.563440747399383E-007  1.138313497862233E+002
    917  5.424736243714260E-007  1.262583151256411E+002
    606  5.398202447694435E-007  1.079754075340127E+002
    819  5.313529156636862E-007  1.172617623112352E+002
   1003  5.309426185925389E-007  1.302792324598297E+002
    177  5.251097529466328E-007  3.286305119332699E+001
    935  5.068532595260339E-007  1.274477748704804E+002
    933  4.997632826056999E-007  1.272967505112425E+002
    363  4.969191126161997E-007  4.523665715266514E+001
    653  4.839923946278087E-007  1.090926521840726E+002
     33  4.641429678419044E-007  2.387502434282544E+001
    216  4.461239629410851E-007  3.431915233475488E+001
    708  4.443585081089632E-007  1.116659378913442E+002
    814  4.345598317458695E-007  1.170571282096026E+002
    726  4.285489511391444E-007  1.123280306605216E+002
    971  4.261825940333524E-007  1.289111652451389E+002
    398  4.117532821211571E-007  5.298968704937109E+001
    796  4.112246755919850E-007  1.160406419035091E+002
    985  4.040048956618000E-007  1.294454523269476E+002
    987  3.885904932280159E-007  1.295218650079724E+002
    198  3.816558890835079E-007  3.410095577154824E+001
    888  3.780197399436554E-007  1.215384892766490E+002
     73  3.752751659345844E-007  2.704395448663374E+001
    813  3.714601304502146E-007  1.170211975618395E+002
    129  3.631094800485202E-007  2.967722940199728E+001
    961  3.506542550344048E-007  1.283826108536399E+002
    876  3.476470531914158E-007  1.207338716680959E+002
   1025  3.468203641819906E-007  1.310823101564250E+002
    912  3.467579020579407E-007  1.259977317017505E+002
    750  3.446903004327464E-007  1.128980084302201E+002
    841  3.422924479821078E-007  1.180046875638410E+002
    834  3.385660898062207E-007  1.176651591794238E+002
    683  3.278769193021236E-007  1.107854094171573E+002
    837  3.263816367868588E-007  1.177814246314451E+002
    205  3.025263988094394E-007  3.418138862993963E+001
    312  2.996617672515690E-007  3.940338989709551E+001
    833  2.861890458724869E-007  1.176450554682990E+002
    882  2.837557243325457E-007  1.212606419968792E+002
    735  2.755279206517374E-007  1.125422257639707E+002
    443  2.745038435885619E-007  5.615506371008289E+001
    996  2.589185343640231E-007  1.300741546440489E+002
    818  2.534206130847563E-007  1.172202887178189E+002
    628  2.419939171317738E-007  1.085999071252231E+002
    798  2.299956092777755E-007  1.161233232814441E+002
    720  2.239277603885192E-007  1.121496181246094E+002
     94  2.229829663291311E-007  2.803048707399637E+001
    581  2.177993227103661E-007  1.069166383916512E+002
    612  2.130651593919793E-007  1.080838271474082E+002
    360  2.083332384465255E-007  4.501412031898634E+001
    811  2.027126280697517E-007  1.169131613251637E+002
    621  2.026292241814972E-007  1.083828600305560E+002
    941  1.922466116739874E-007  1.277239710636116E+002
    756  1.896863971536712E-007  1.131019348749128E+002
    416  1.877109362932427E-007  5.412105627361211E+001
    734  1.663295662088215E-007  1.125227414297757E+002
    980  1.620357486903497E-007  1.292322903638887E+002
     47  1.600455542677721E-007  2.514695584094496E+001
    588  1.483094459980535E-007  1.072780161282308E+002
    327  1.435724952805390E-007  3.980649710729982E+001
    615  1.434378367483091E-007  1.081646255451844E+002
    747  1.432738468519971E-007  1.128221651622354E+002
    375  1.360229348001878E-007  4.577921754207221E+001
    856  1.295901959875206E-007  1.192407591408727E+002
    850  1.266324831302468E-007  1.188640670964077E+002
    936  1.230223641004738E-007  1.275963114471066E+002
    906  1.208233716745138E-007  1.253859334012492E+002
    904  1.137390912155584E-007  1.250437756508075E+002
    200  1.137381795758777E-007  3.413076352937113E+001
    993  1.112948342247149E-007  1.299638892136509E+002
    146  1.108098760975450E-007  3.038455959742199E+001
    704  1.061862343428481E-007  1.114088220449556E+002
    869  1.053435866322301E-007  1.201465244096069E+002
    969  9.950616058585295E-008  1.288232913140608E+002
   1005  9.083296038081092E-008  1.302961950162389E+002
    701  8.936969757919656E-008  1.112655741498095E+002
    773  8.779230415065982E-008  1.146041296786391E+002
     56  8.767956160564347E-008  2.577494999028338E+001
    647  8.592730366938690E-008  1.089204596390746E+002
    857  8.509371644418761E-008  1.192977858717030E+002
    658  8.166963285242061E-008  1.092752908733605E+002
    806  7.672020341479374E-008  1.165904998677036E+002
    652  7.565012228295380E-008  1.090805000764319E+002
    388  7.352650445618112E-008  4.916519389587509E+001
    369  6.845622432161413E-008  4.556664797594529E+001
    629  6.791502904603142E-008  1.086436456014825E+002
    439  6.533667728155323E-008  5.581771077364913E+001
    867  6.474647098384129E-008  1.199420338065019E+002
     87  6.273141934342488E-008  2.773505635732142E+001
    692  6.262281994730957E-008  1.109991362888409E+002
    959  6.114711312432413E-008  1.283643788123119E+002
    598  5.590355418057560E-008  1.077082259858063E+002
    877  5.534856224095965E-008  1.207635072396237E+002
    801  5.157449954609134E-008  1.162412158177078E+002
    874  4.688757125176139E-008  1.206463359037059E+002
     93  4.392266012451276E-008  2.801831476528660E+001
   1030  4.350836427508141E-008  1.313677884464318E+002
   1015  4.169832348151870E-008  1.306693309857935E+002
    753  4.027142983169907E-008  1.130399909728984E+002
     59  3.751612278114085E-008  2.608228483109795E+001
    723  3.160115673446633E-008  1.122249597820348E+002
    718  3.033080503666171E-008  1.120307816427976E+002
    864  2.845809955422508E-008  1.195154318953015E+002
    329  2.538780626457299E-008  3.994917835777716E+001
    322  2.417863167025259E-008  3.962934885257222E+001
   1002  2.081118898320957E-008  1.301955720736593E+002
    999  1.971116269724484E-008  1.301340763851820E+002
   1035  1.729488403306754E-008  1.315022364948826E+002
    406  1.611773199206770E-008  5.347162595814701E+001
    638  1.546741196929784E-008  1.087773663504995E+002
    620  1.513015448864871E-008  1.083700393844588E+002
    891  1.493759708787279E-008  1.222344606190913E+002
    353  1.377094302096762E-008  4.354452657935016E+001
    775  1.214749482852118E-008  1.149447083106751E+002
    914  1.194006673834686E-008  1.261343003660832E+002
   1037  1.109075647538580E-008  1.316166834102353E+002
    872  8.820092094346489E-009  1.204992644439996E+002
   1019  6.632920841364464E-009  1.307856127904329E+002
    759  6.163009557730792E-009  1.132523759465808E+002
    251  5.831125987998597E-009  3.670193646720268E+001
    752  3.657717921522723E-009  1.129825416205730E+002
    743  2.651470590663520E-009  1.126739704882794E+002
    881  1.904026156519128E-009  1.212001054655417E+002
    885  1.827152574443928E-009  1.213849358963692E+002
    840  1.608730290109058E-009  1.179674198090055E+002
    946  7.922842954186619E-010  1.279201366409634E+002
    965  4.111546183591166E-010  1.286084743618769E+002
    889  1.144003906589740E-011  1.221096476933091E+002
    499  8.399177402064746E-014  6.010190034988052E+001
