# Number of modes
   1077
# Tabulated for different initial and final frequencies?
    F
# Mode index, Sj, (highest to lowest), omega_j
    547  1.894875060200474E-001  1.040413527560943E+002
      7  4.621158647640937E-002  1.598850297870253E+001
     23  2.494780630985075E-002  2.160694502786773E+001
      8  2.413094965570283E-002  1.603898235084092E+001
     24  1.772896538064942E-002  2.165827626673025E+001
     38  1.721124399289036E-002  2.415274881711009E+001
    497  1.701964281070779E-002  5.984833423050026E+001
    546  1.434939402273754E-002  1.038908634804570E+002
    454  1.341091636984239E-002  5.753531790534946E+001
    498  1.275491837429561E-002  6.006055704270973E+001
     64  1.119285381992702E-002  2.637954322898939E+001
    114  1.081045925709194E-002  2.903390568794284E+001
    544  9.939912103328695E-003  1.037287728441322E+002
    390  9.906669226704209E-003  4.930034545373515E+001
    551  9.202941070948774E-003  1.044758850995860E+002
    549  8.186588623599729E-003  1.043755820157491E+002
    301  7.892626989431250E-003  3.874125966254066E+001
     18  7.756382026100428E-003  2.124694793769305E+001
    554  7.211993048735136E-003  1.048978551747549E+002
     58  6.656971075574823E-003  2.603619761911758E+001
     65  5.842490387592372E-003  2.645533186342116E+001
     31  5.604906239461324E-003  2.349957735236975E+001
    298  5.428152500411677E-003  3.860785506393049E+001
    384  4.779882712008605E-003  4.693482184770667E+001
    503  4.541728238721043E-003  6.062899617907863E+001
    491  4.507023531901976E-003  5.916484178919298E+001
    393  4.403448867655859E-003  5.117422678475859E+001
      5  4.327230127455291E-003  1.580375607842547E+001
    419  4.098375162189412E-003  5.447434435004674E+001
    456  3.795135960691999E-003  5.758475825352298E+001
    466  3.785241840298235E-003  5.848631456847294E+001
    524  3.663745130643700E-003  6.196836567938324E+001
    330  3.573888519746000E-003  4.000719691328421E+001
    199  3.357712915900870E-003  3.411214171315592E+001
    537  3.250751817398747E-003  7.348438751630307E+001
    539  3.137078143141959E-003  1.004038214764926E+002
    566  3.125330784227635E-003  1.060197199307676E+002
    536  3.066747278606363E-003  7.244369170766353E+001
    142  2.864489833767566E-003  3.011700635419402E+001
     85  2.629290825301313E-003  2.757726243328665E+001
    229  2.588101176345818E-003  3.477639317683153E+001
    458  2.580972456172620E-003  5.780961640938520E+001
    474  2.571126893623632E-003  5.866520048333617E+001
    504  2.561152861872135E-003  6.073767201700102E+001
     20  2.486621272015507E-003  2.146722812704134E+001
    494  2.482723303852730E-003  5.959072402434833E+001
     11  2.482253845842127E-003  1.771447447329438E+001
    405  2.351583132311364E-003  5.340951413863353E+001
    255  2.325505041987900E-003  3.705801266502003E+001
   1045  2.212794019244338E-003  1.322246800166877E+002
     95  2.150594410564958E-003  2.806113631432304E+001
    251  2.137312965688960E-003  3.670193646720268E+001
     60  2.105542711625261E-003  2.612817271153773E+001
    230  2.065605408253591E-003  3.507000892128892E+001
    475  2.061249131363693E-003  5.870955367754343E+001
    207  2.052880792759698E-003  3.419271829752626E+001
    347  2.010208638781788E-003  4.251894246220620E+001
    593  1.995885338814605E-003  1.074633420950339E+002
    452  1.930925854120380E-003  5.732416656661538E+001
      4  1.875597189760518E-003  1.555889535187236E+001
    161  1.857478191361167E-003  3.141544799468193E+001
     66  1.853918925352554E-003  2.653041695388611E+001
     97  1.848443053218943E-003  2.809615145046481E+001
   1075  1.845024235177082E-003  1.852007864492208E+002
    426  1.839312110529021E-003  5.521112029631625E+001
    400  1.818727812397955E-003  5.304406357850599E+001
    283  1.804503428627541E-003  3.781664732037148E+001
    379  1.782934274931765E-003  4.610002508350383E+001
    402  1.757228034809661E-003  5.323403324336612E+001
    355  1.751960355060030E-003  4.365668409738398E+001
   1039  1.751606970611005E-003  1.317789778316224E+002
    241  1.720845929479749E-003  3.573178726353736E+001
   1069  1.699501380462924E-003  1.347402109836953E+002
    385  1.652385685167740E-003  4.744969147605799E+001
    487  1.627457562530521E-003  5.901096182276392E+001
    535  1.616289580550229E-003  7.234684016852472E+001
    295  1.571998357410340E-003  3.844649820311862E+001
    592  1.491107138302727E-003  1.074010896433819E+002
     35  1.461120984469105E-003  2.406163852032448E+001
     36  1.456200120391591E-003  2.408548968715760E+001
    183  1.444715802627251E-003  3.317747871488443E+001
    212  1.427707395558039E-003  3.425448747044050E+001
    157  1.401996062334126E-003  3.136040875348826E+001
    954  1.343789955229780E-003  1.282848493157465E+002
   1000  1.339009045828818E-003  1.301375093272533E+002
     70  1.317544836143307E-003  2.683332853591699E+001
    348  1.270229515364030E-003  4.278252907839931E+001
    871  1.208968805378527E-003  1.204638135739833E+002
    291  1.205098057685566E-003  3.834865717601958E+001
    468  1.201966143257666E-003  5.850419738659161E+001
     92  1.197620199475558E-003  2.796966533379813E+001
    206  1.196074099110065E-003  3.418711639611698E+001
    192  1.186261550517411E-003  3.373139183933635E+001
    131  1.173463697586874E-003  2.976719894627799E+001
    311  1.163193445666992E-003  3.939193935233331E+001
   1031  1.157386302230449E-003  1.313824495210718E+002
    258  1.146895955898129E-003  3.725675246841864E+001
     74  1.137179353719296E-003  2.706787664592100E+001
    563  1.135291729863130E-003  1.058622417292547E+002
    105  1.122950106242282E-003  2.872870804936272E+001
    359  1.112649381909917E-003  4.440820660542785E+001
    519  1.102636559891226E-003  6.116666091909611E+001
    106  1.076303174666130E-003  2.873147041157064E+001
    102  1.066578161396963E-003  2.838723287464182E+001
    133  1.057149177673950E-003  2.980777525245198E+001
    195  1.049466715493617E-003  3.399004655216064E+001
    381  1.033825442309835E-003  4.623753374880091E+001
    403  1.022069856491812E-003  5.332276567118551E+001
    188  1.017676982262145E-003  3.343297855491465E+001
    430  1.014933708579167E-003  5.544226538226409E+001
    248  1.014687216679405E-003  3.617742791171408E+001
    236  9.839075595307171E-004  3.558504171265294E+001
    518  9.826875246762214E-004  6.116565427175681E+001
    202  9.769194032384083E-004  3.414693728338715E+001
    158  9.758970891848517E-004  3.138637587596471E+001
    221  9.741456824415591E-004  3.444064242877499E+001
    417  9.718390016236862E-004  5.432386496665636E+001
    505  9.656479808307786E-004  6.089365906344585E+001
    438  9.340898777800850E-004  5.568774314714533E+001
    312  9.303027944393141E-004  3.940338989709551E+001
    991  9.250529669125236E-004  1.298309517843196E+002
    249  9.221124361289300E-004  3.643158917315001E+001
    825  9.094630686604123E-004  1.174155068731360E+002
     22  9.026952234775630E-004  2.149928230079738E+001
    331  8.970642844176208E-004  4.033978069592825E+001
    533  8.869010887312838E-004  6.344214913117692E+001
    445  8.813756598502884E-004  5.650985963977887E+001
    327  8.787475844059729E-004  3.980649710729982E+001
    101  8.703442930870023E-004  2.816121926613436E+001
    137  8.644092497826666E-004  2.996307755422044E+001
    433  8.603110373313666E-004  5.552394895078822E+001
    134  8.600066550280896E-004  2.989081555609098E+001
    119  8.423314914694517E-004  2.929038281335912E+001
    966  8.404610440021354E-004  1.287120665380274E+002
    810  8.339009044136553E-004  1.168542717379606E+002
   1048  8.333249176185433E-004  1.325281096806480E+002
     37  8.151207212782616E-004  2.413005277682491E+001
    981  8.149232242161463E-004  1.292686845988868E+002
    459  8.142916790735641E-004  5.797524108925945E+001
    184  8.127678792714646E-004  3.328145954751520E+001
      6  8.115821065565712E-004  1.593905863128156E+001
    873  8.071016399277992E-004  1.205400953636918E+002
    970  8.064309843595905E-004  1.288440499253601E+002
    237  8.059746857620611E-004  3.561350513334219E+001
     46  8.024056799070309E-004  2.508968851186969E+001
    143  7.846321614914754E-004  3.021552765862468E+001
    232  7.646446797210837E-004  3.530982942235851E+001
    621  7.532446752492023E-004  1.083828600305560E+002
    282  7.516448915836928E-004  3.781601762519486E+001
   1062  7.514118195165089E-004  1.338537297016246E+002
     55  7.406940382162127E-004  2.564739582447731E+001
    423  7.351013595087654E-004  5.491452382822700E+001
    138  7.158886595662018E-004  2.998810658959070E+001
     43  7.088935551949076E-004  2.485090944939308E+001
    392  6.864363549307819E-004  4.975569880244111E+001
    418  6.767302155511905E-004  5.440760214654593E+001
    144  6.758472803801590E-004  3.023024488043693E+001
    246  6.752159302464979E-004  3.612200287477440E+001
    245  6.696936459596748E-004  3.584895809931362E+001
    550  6.693931271608752E-004  1.044255141670578E+002
   1008  6.628828629635085E-004  1.304054287055121E+002
    493  6.551720614515441E-004  5.956939432616837E+001
    320  6.511192488060255E-004  3.958466091098631E+001
    352  6.415594049195870E-004  4.345183818831803E+001
    635  6.389325225470517E-004  1.087402789130293E+002
    517  6.367192773179351E-004  6.116283191518230E+001
    218  6.337809996198767E-004  3.434087154455664E+001
    434  6.214000035597608E-004  5.556859477681133E+001
    911  6.212196260493248E-004  1.258968376271585E+002
    877  6.093199635552279E-004  1.207635072396237E+002
     33  6.091753611649541E-004  2.387502434282544E+001
    989  6.059059004925488E-004  1.296856498562064E+002
     89  6.047038667829766E-004  2.787565477396676E+001
    545  6.043001063692022E-004  1.038885725205099E+002
    325  6.038704888623951E-004  3.979678053884171E+001
    407  5.967374924454979E-004  5.355040632372296E+001
    160  5.938843814298656E-004  3.140287364756382E+001
    575  5.891951101461428E-004  1.067636975144964E+002
   1058  5.881176391790979E-004  1.334381531708862E+002
    564  5.864396253757415E-004  1.059223740174141E+002
    196  5.833481113250410E-004  3.402217963204272E+001
    512  5.804032066098901E-004  6.110465593383906E+001
    239  5.758538766622754E-004  3.564788119351169E+001
   1053  5.696943613337503E-004  1.331993000158318E+002
   1016  5.662473111008960E-004  1.306784011483153E+002
    209  5.596929050249764E-004  3.420776675567321E+001
     62  5.590562291882733E-004  2.630569023157911E+001
    570  5.580052767452072E-004  1.064458450110351E+002
     34  5.577166492889454E-004  2.394870774261297E+001
    955  5.560317223383770E-004  1.283043098504922E+002
    233  5.538317020056724E-004  3.536858076063520E+001
    165  5.536639718242095E-004  3.194792507678593E+001
    153  5.376820066644803E-004  3.119128674334460E+001
    552  5.316333601012108E-004  1.045004516183760E+002
    909  5.243310025315404E-004  1.256671150468244E+002
    398  5.203535513431886E-004  5.298968704937109E+001
    100  5.184140688094373E-004  2.814590236831992E+001
    797  5.167753560214232E-004  1.161224071144865E+002
     44  5.152356136464129E-004  2.487547588775838E+001
    507  5.120695609093931E-004  6.098134465730102E+001
    795  5.110183366116318E-004  1.159446042090269E+002
    164  5.050068779985825E-004  3.156123118588701E+001
    401  5.022747613407059E-004  5.310952948046032E+001
    540  4.979054829807753E-004  1.019596674086986E+002
    357  4.975353894070882E-004  4.413715889769129E+001
    182  4.921621159912270E-004  3.313118961536368E+001
    109  4.857378015690429E-004  2.888359254004277E+001
    302  4.816344809482901E-004  3.874867387838012E+001
    338  4.780030810508326E-004  4.143596746217444E+001
    741  4.743444587305482E-004  1.126383251241469E+002
    274  4.704879053717604E-004  3.771469066363962E+001
    116  4.674738142956537E-004  2.910094471225916E+001
    538  4.534375798018526E-004  8.801939400846273E+001
    560  4.467427443895011E-004  1.057397922085461E+002
    462  4.462765392797560E-004  5.834568949164402E+001
   1041  4.443960638487793E-004  1.318604688563310E+002
    150  4.440093969398640E-004  3.095380367517388E+001
    669  4.430148629920162E-004  1.098991161820264E+002
    868  4.419818383908530E-004  1.199994649602093E+002
   1047  4.400587742135009E-004  1.324683504365100E+002
    336  4.371849385818727E-004  4.106442919982931E+001
    356  4.360854348646141E-004  4.399929676237998E+001
    358  4.357832123609836E-004  4.418411045040358E+001
    174  4.353316355244348E-004  3.277024257542895E+001
     68  4.330413890700809E-004  2.665958995788216E+001
    733  4.325946405462463E-004  1.125211996768446E+002
   1006  4.324131782341080E-004  1.303473844140781E+002
     71  4.309545750616009E-004  2.691074291878593E+001
    389  4.276428444848500E-004  4.924612888004685E+001
     96  4.272092195527509E-004  2.807603105873968E+001
     21  4.253057909624108E-004  2.149552581175353E+001
    306  4.244415064785463E-004  3.922583615449084E+001
    332  4.238994286312467E-004  4.036182328117159E+001
    450  4.235133503697023E-004  5.723022636777802E+001
    386  4.228597583999886E-004  4.778448827008048E+001
     52  4.143087896635759E-004  2.532370304309600E+001
    482  4.130292531633076E-004  5.890508639424976E+001
   1052  4.048236327922324E-004  1.330891459743712E+002
    335  4.043749311377444E-004  4.064698242871874E+001
    844  4.037173228879152E-004  1.182236522024691E+002
    964  3.988524821625539E-004  1.284811881676410E+002
    377  3.979797843366491E-004  4.580996274485975E+001
    960  3.927075479039631E-004  1.283710541965592E+002
    395  3.912922764817401E-004  5.279005865968511E+001
    168  3.911043231652469E-004  3.223239881301075E+001
    180  3.864531774513651E-004  3.306959511625761E+001
      3  3.829540566397961E-004  1.530095081680193E+001
      1  3.801499077779987E-004  1.480943860687432E+001
    121  3.771995849939945E-004  2.937009161569695E+001
    553  3.771722166664612E-004  1.045844149005738E+002
    156  3.761136577120393E-004  3.133959801814033E+001
    449  3.755017491660536E-004  5.713782918039372E+001
    485  3.746379957846510E-004  5.896971858223063E+001
    559  3.721245928026538E-004  1.054467335457494E+002
    139  3.693058505256352E-004  3.001327528760398E+001
    309  3.688245860694374E-004  3.929268620446922E+001
     12  3.682751243635321E-004  1.791855268392995E+001
    717  3.662693274270516E-004  1.119901298340990E+002
    344  3.623902361692756E-004  4.229281490750487E+001
     78  3.555381153383475E-004  2.724001953302053E+001
    266  3.517817654152901E-004  3.763404507858488E+001
    289  3.493695926030911E-004  3.832422991649202E+001
    382  3.489718495236165E-004  4.661435463500721E+001
    771  3.442017746058823E-004  1.142541813627527E+002
    281  3.419103269807959E-004  3.778222215271058E+001
    632  3.358498753397982E-004  1.086732063917954E+002
    863  3.257244427891212E-004  1.194780899982511E+002
    365  3.250324960468314E-004  4.540196146988517E+001
    324  3.216750765784285E-004  3.965813849875591E+001
     48  3.193315748852983E-004  2.521050943974308E+001
   1001  3.148039977315093E-004  1.301907504163165E+002
    527  3.146442250008863E-004  6.211137902133680E+001
   1060  3.137019063158224E-004  1.336329109810919E+002
    842  3.127177686902420E-004  1.180365480395604E+002
    725  3.120070533649494E-004  1.122622575126908E+002
    353  3.111531441248538E-004  4.354452657935016E+001
    259  3.110483173162353E-004  3.731129763636223E+001
     30  3.097446430239935E-004  2.339033246897357E+001
     16  3.079183243489876E-004  2.083990463296455E+001
   1061  3.064625355473899E-004  1.338239896777959E+002
    189  3.063916969139704E-004  3.348575581421191E+001
    394  3.050720264381202E-004  5.275338077531283E+001
     91  3.020414016393830E-004  2.795709450840539E+001
    404  3.010563913005871E-004  5.332919471058649E+001
    214  3.001469824638140E-004  3.429158842681225E+001
    785  2.988529578614060E-004  1.156515149006221E+002
    486  2.980870763058802E-004  5.898078655703418E+001
    555  2.980247870683196E-004  1.049505825405343E+002
    318  2.961374248101524E-004  3.952690512520030E+001
    275  2.926372822213348E-004  3.771871208633355E+001
    432  2.907710836933756E-004  5.551253331854516E+001
    724  2.901490573786999E-004  1.122474317356576E+002
    340  2.899943046602595E-004  4.203744443197692E+001
    166  2.872735645073769E-004  3.197534022905977E+001
     50  2.822390385016995E-004  2.524792740229145E+001
    958  2.816735868618995E-004  1.283326337970340E+002
     84  2.816569623975177E-004  2.748397341497807E+001
    285  2.804652687072830E-004  3.794670187788559E+001
    514  2.804155784897914E-004  6.112143562944963E+001
     90  2.779514260733802E-004  2.792299487571685E+001
    895  2.713466338575226E-004  1.231922658586809E+002
    883  2.711586889027534E-004  1.212822283474710E+002
    155  2.704737814748955E-004  3.129077640287002E+001
    886  2.697454172251261E-004  1.214498350996194E+002
     54  2.697450217329854E-004  2.537118147105558E+001
    409  2.648966223856238E-004  5.377950655266745E+001
    831  2.639343559896522E-004  1.175849164822640E+002
     42  2.628103325921656E-004  2.442065503900721E+001
   1009  2.582619836930814E-004  1.304609142394732E+002
    890  2.551355817867629E-004  1.222269695705770E+002
    383  2.550246522199642E-004  4.665506804468283E+001
    231  2.538429449493769E-004  3.529195130720404E+001
    317  2.500893591788145E-004  3.952108816795088E+001
     39  2.499568095890882E-004  2.419216907562118E+001
    420  2.498450285566168E-004  5.464265012038360E+001
    107  2.472560368674980E-004  2.880093649968087E+001
     72  2.470119505861826E-004  2.695844835194747E+001
    280  2.468568431613579E-004  3.777070006257392E+001
    582  2.463173627525347E-004  1.069886979669129E+002
   1011  2.448030996550803E-004  1.305590563134582E+002
    341  2.441310551558417E-004  4.207899368185591E+001
    191  2.401277962569545E-004  3.372798248811258E+001
    451  2.400645948426397E-004  5.726939793781466E+001
    838  2.400035596346107E-004  1.178077045912047E+002
    489  2.383762724192592E-004  5.906665573291085E+001
   1044  2.364984167286662E-004  1.320835593454495E+002
    197  2.319453718158279E-004  3.407091137263039E+001
    822  2.310517690630395E-004  1.173379890193997E+002
    104  2.308802995063848E-004  2.863475114667724E+001
    333  2.284979622976199E-004  4.050570323460023E+001
    892  2.284798726091607E-004  1.223146913863671E+002
    793  2.272917031641570E-004  1.158943894419280E+002
    573  2.262830917698572E-004  1.066520968004064E+002
     57  2.249564048615086E-004  2.601044601303876E+001
    334  2.245393366552834E-004  4.055961280242965E+001
    903  2.242382586769540E-004  1.249295857950171E+002
    444  2.237846669157341E-004  5.640873014994138E+001
    273  2.232074530287051E-004  3.771236202405859E+001
     32  2.228918314180858E-004  2.386019687247388E+001
    778  2.215679789344131E-004  1.153062331743218E+002
    523  2.204406043148392E-004  6.195141091349550E+001
    154  2.202728394002506E-004  3.128025029310897E+001
    297  2.196384951515331E-004  3.850412000814609E+001
    879  2.192885027897691E-004  1.208628531744268E+002
    176  2.168157944690745E-004  3.283702642513862E+001
    167  2.164136140610570E-004  3.206734480721192E+001
    288  2.161791812214842E-004  3.825168870868715E+001
    768  2.141588231864477E-004  1.140511281344195E+002
    745  2.119890018549921E-004  1.127541380335163E+002
    300  2.102926785048439E-004  3.871033423098082E+001
   1005  2.099893872162034E-004  1.302961950162389E+002
    769  2.093779248036783E-004  1.141494817506874E+002
    565  2.092727015639342E-004  1.059848591127986E+002
    304  2.087137614417881E-004  3.902642388250331E+001
     67  2.079957750990225E-004  2.663955326886673E+001
    751  2.035562396769919E-004  1.129352725370382E+002
    305  2.034308545525247E-004  3.919092577852600E+001
     26  2.023057043246983E-004  2.275577786050195E+001
     98  2.020286979869099E-004  2.810036398063808E+001
     75  2.018566911951410E-004  2.717284531466260E+001
     51  1.989985688837786E-004  2.527497960196780E+001
    727  1.912735648048966E-004  1.123838421661365E+002
    413  1.903186892244523E-004  5.407796767412047E+001
    203  1.901903776838331E-004  3.415596231316062E+001
    290  1.897172514781820E-004  3.834059039797889E+001
    314  1.891244777983361E-004  3.944402428691944E+001
    140  1.866125198497108E-004  3.002380690834687E+001
    712  1.862500011767445E-004  1.118479116964762E+002
    319  1.809525963030936E-004  3.955367029075058E+001
    187  1.804933056031547E-004  3.338593491458187E+001
    147  1.801765069189498E-004  3.045498909450352E+001
    542  1.795397730675628E-004  1.021380905135569E+002
     28  1.776893684733323E-004  2.303576073275412E+001
    847  1.775199884239305E-004  1.183795327778256E+002
    213  1.742469027681396E-004  3.426923698719692E+001
    784  1.741576094420801E-004  1.156115101864969E+002
    502  1.734635000812797E-004  6.033057478557798E+001
    666  1.733626105111449E-004  1.096961217429448E+002
    571  1.730963455574507E-004  1.065760725477823E+002
    128  1.702188551797581E-004  2.964876822252022E+001
    561  1.696625403495530E-004  1.057823475786052E+002
    272  1.695917360253139E-004  3.770876893490352E+001
    415  1.689532518608139E-004  5.409773008136273E+001
     27  1.685578062684730E-004  2.288948685305089E+001
    299  1.679482599802105E-004  3.861147003050849E+001
    276  1.654824891968695E-004  3.774173651101562E+001
    730  1.637643335198884E-004  1.124678820560711E+002
    261  1.630568806245715E-004  3.751537038816641E+001
    541  1.628955501408244E-004  1.020561485810812E+002
    307  1.620464731709330E-004  3.924418415703018E+001
    930  1.604607034647864E-004  1.272550109882912E+002
    361  1.587100505344451E-004  4.509188248244521E+001
    310  1.550128833396829E-004  3.933560718805473E+001
    410  1.548555006334820E-004  5.380004782230375E+001
    431  1.547937701900186E-004  5.545822575490884E+001
    193  1.546214758655657E-004  3.387383688791338E+001
    528  1.515226036341890E-004  6.211763689923020E+001
    827  1.507322461838838E-004  1.174913134466901E+002
    689  1.499757236865562E-004  1.108992280227757E+002
     61  1.496810470074719E-004  2.623624111749398E+001
    816  1.478452031860507E-004  1.170854692244173E+002
    972  1.470725106913340E-004  1.289491342298440E+002
    755  1.453165002285955E-004  1.130537195644052E+002
    938  1.445911082790242E-004  1.276246332177813E+002
    584  1.433127956612781E-004  1.071415131646536E+002
    123  1.428177539131979E-004  2.945706723223188E+001
    152  1.421622898744478E-004  3.107793476288124E+001
    257  1.410040244848408E-004  3.716053985696894E+001
    177  1.404985434191180E-004  3.286305119332699E+001
    645  1.399396997581267E-004  1.088758352374567E+002
   1029  1.399394493548991E-004  1.312589073638632E+002
   1066  1.397794407310148E-004  1.341339055776214E+002
    870  1.374259227612610E-004  1.203621491035894E+002
    208  1.372346333281503E-004  3.420400517096608E+001
    521  1.338732482128231E-004  6.120499406654021E+001
    339  1.334188842636185E-004  4.199721405536648E+001
    531  1.330775136960011E-004  6.280622541285696E+001
    464  1.329382695901996E-004  5.841767339850505E+001
     49  1.328258253103449E-004  2.521926711432687E+001
     88  1.327043265205079E-004  2.776495450944637E+001
    436  1.320589250122588E-004  5.562240782737462E+001
    480  1.313958031975023E-004  5.887142017505539E+001
    832  1.290333955542550E-004  1.176150872586579E+002
   1067  1.287098844202457E-004  1.341872351276505E+002
    884  1.283748669308089E-004  1.212913619330936E+002
   1036  1.280349864655831E-004  1.315563975924429E+002
    242  1.277278943648274E-004  3.575330164903793E+001
   1026  1.259388868438720E-004  1.310988308446859E+002
    326  1.254142472038040E-004  3.980074663620405E+001
    577  1.248337733179919E-004  1.068269012623950E+002
    316  1.232490764424210E-004  3.947722492082590E+001
    440  1.232475061404541E-004  5.589934491235444E+001
    278  1.220822296862038E-004  3.775225448216675E+001
    151  1.213701022264324E-004  3.097448214004631E+001
    558  1.212565855927366E-004  1.054235904423783E+002
    260  1.208584543998619E-004  3.745846822965304E+001
    654  1.185984287166479E-004  1.091774321289355E+002
    427  1.180640433249795E-004  5.530625255614972E+001
    681  1.172881732112704E-004  1.107150530846271E+002
    476  1.164382069313193E-004  5.874284760292872E+001
    169  1.161999556130912E-004  3.225245008090104E+001
    918  1.156966124836414E-004  1.263810693695273E+002
    234  1.145546240260848E-004  3.541632958107625E+001
    663  1.140768037695713E-004  1.095408569103236E+002
    731  1.103662311303826E-004  1.124795031346507E+002
    854  1.100249824247012E-004  1.190938927222375E+002
    962  1.097006786893322E-004  1.284190833846668E+002
    851  1.096926293636715E-004  1.189105890777936E+002
    572  1.093853836858797E-004  1.066354688575440E+002
    605  1.088152654693075E-004  1.079476682950407E+002
     10  1.087289872793673E-004  1.630017574824609E+001
    907  1.073073992591038E-004  1.254774984052440E+002
    511  1.072927667898785E-004  6.108291035790679E+001
    250  1.070523679640876E-004  3.645071914574685E+001
    112  1.062950193428316E-004  2.893182478938967E+001
    113  1.042796867372840E-004  2.894608485543543E+001
    216  1.042109868666475E-004  3.431915233475488E+001
    973  1.039625585190465E-004  1.290303348922233E+002
    238  1.035522672024623E-004  3.562010162214489E+001
    576  1.033211615125497E-004  1.068188420241767E+002
    898  1.031579888758201E-004  1.236287338505038E+002
     82  1.019818857203524E-004  2.744742479332049E+001
    807  1.012450057878615E-004  1.166040027024774E+002
    135  1.011846058468405E-004  2.990996926970350E+001
    270  1.006787584362886E-004  3.767493462479421E+001
    557  1.004186487812861E-004  1.053298087456868E+002
    170  9.669420890438051E-005  3.240864442722207E+001
    205  9.639899181966324E-005  3.418138862993963E+001
     29  9.635648272054942E-005  2.304600720746813E+001
    481  9.632438983817310E-005  5.889564718758225E+001
    826  9.628051633860613E-005  1.174535409692338E+002
    194  9.565019979922286E-005  3.388123191050668E+001
    902  9.464749693707430E-005  1.246861225619736E+002
    172  9.427124714357226E-005  3.254695536480502E+001
    181  9.416919346042455E-005  3.309588236011395E+001
    391  9.227604625778778E-005  4.935295074539214E+001
    594  9.141273369530460E-005  1.075267994995216E+002
    896  9.123097187802382E-005  1.231967026860033E+002
    529  9.116133581614330E-005  6.213305424318654E+001
    171  9.096257961776793E-005  3.251692712246987E+001
    659  9.083517093042871E-005  1.093169473413985E+002
    650  8.988071168397340E-005  1.090061273622073E+002
    141  8.944628464909876E-005  3.005205957969120E+001
    690  8.899900334231954E-005  1.109553167085971E+002
    616  8.848823050073332E-005  1.081902144651443E+002
     86  8.847170968870285E-005  2.760340701365068E+001
      2  8.834780426211989E-005  1.507477314615795E+001
    220  8.730012141310867E-005  3.440936379612124E+001
    219  8.724297610134701E-005  3.435584966495736E+001
    376  8.634897788489221E-005  4.578482274843697E+001
    817  8.550855752182204E-005  1.171745914510001E+002
    613  8.539615001327134E-005  1.081325074305931E+002
   1013  8.520238425047503E-005  1.306191025791559E+002
    204  8.479245819569867E-005  3.416741852472765E+001
    323  8.464312309050737E-005  3.963162035223775E+001
    308  8.429186820430565E-005  3.924824416979163E+001
    929  8.350767607820381E-005  1.272324166790593E+002
    472  8.321810013424817E-005  5.860732378330380E+001
    296  8.301410838360851E-005  3.847026909032138E+001
    756  8.266313622930069E-005  1.131019348749128E+002
    120  8.264144493550582E-005  2.935022978395871E+001
    467  8.245277317889415E-005  5.850070475174659E+001
   1055  8.243182746783573E-005  1.332315483337306E+002
    674  8.214137379605940E-005  1.101627157855635E+002
    997  8.089778320828968E-005  1.300952728722026E+002
    470  8.080997917303393E-005  5.858950887133865E+001
    253  8.021884833669054E-005  3.690338042035397E+001
     59  8.020142817987095E-005  2.608228483109795E+001
    700  7.970308630264468E-005  1.112187707043413E+002
   1046  7.898453509890879E-005  1.322741703884410E+002
    495  7.847461541669137E-005  5.971063876484735E+001
    899  7.825837829752558E-005  1.237750393258326E+002
    532  7.804621205229074E-005  6.299204701993657E+001
    294  7.765203718961357E-005  3.844005427068350E+001
    774  7.752507491511629E-005  1.147299018357027E+002
    697  7.697345351441787E-005  1.111168086390436E+002
    483  7.526251664616414E-005  5.892865432514233E+001
    742  7.511699744744483E-005  1.126546326383816E+002
    596  7.406745088925878E-005  1.076305596761092E+002
   1072  7.379003301273012E-005  1.354275255218108E+002
    349  7.352753556415866E-005  4.279212686889406E+001
    646  7.346814090929772E-005  1.089039652974663E+002
    637  7.257051556715387E-005  1.087708716348475E+002
    986  7.185457922805261E-005  1.294778988001748E+002
    710  7.047746525613503E-005  1.117114283703663E+002
    799  7.024084742787862E-005  1.161655148393659E+002
    287  6.822806591377331E-005  3.806334999222836E+001
    343  6.781880658199838E-005  4.223776350771931E+001
    378  6.774039241856604E-005  4.609481655347708E+001
     14  6.738550485068469E-005  2.047451167645159E+001
     17  6.700793674539949E-005  2.091913438766164E+001
    103  6.648717268203026E-005  2.854698030319213E+001
    211  6.621762740251660E-005  3.422885497659050E+001
    397  6.535185026305721E-005  5.292984574180642E+001
    672  6.497521639985146E-005  1.100523893058521E+002
   1022  6.489533027458536E-005  1.309570316227355E+002
    162  6.455024875403696E-005  3.142013005221356E+001
    579  6.442336367889745E-005  1.068810185812333E+002
    924  6.410252333399858E-005  1.267645350898773E+002
    624  6.370991225118062E-005  1.084534043855216E+002
    425  6.316420867529735E-005  5.512885982268182E+001
    243  6.313031039438490E-005  3.580427376176280E+001
    865  6.233172152761430E-005  1.195233182598442E+002
    610  6.223803560986182E-005  1.080548791140610E+002
    465  6.201929016066258E-005  5.845233409136720E+001
    713  6.174356752670065E-005  1.118750446375970E+002
    567  6.156076373912632E-005  1.061175767374582E+002
    641  6.085021945120028E-005  1.088136450829588E+002
    500  6.066442450324661E-005  6.016266526055261E+001
    824  5.997932336240514E-005  1.173851057796732E+002
    548  5.994331820502129E-005  1.041098140943872E+002
    126  5.933612285570623E-005  2.957864372821811E+001
    916  5.872163499851043E-005  1.261858055404796E+002
    583  5.803472995369031E-005  1.070323413352247E+002
    622  5.796199522131258E-005  1.084041586407917E+002
    492  5.774498518273355E-005  5.919740097208313E+001
    201  5.620843611107191E-005  3.413905621996786E+001
    897  5.616349987067885E-005  1.233154024205701E+002
    706  5.542056464202488E-005  1.115644797142602E+002
    789  5.525030383197406E-005  1.157939903252585E+002
    525  5.393711897362716E-005  6.201689187624501E+001
   1024  5.392494940467355E-005  1.310472886139475E+002
    749  5.383377827678712E-005  1.128862829609149E+002
    630  5.222591689439114E-005  1.086464564510315E+002
    254  5.212930295117514E-005  3.696870162494890E+001
    429  5.212516607095516E-005  5.542704693693687E+001
    589  5.164205164634268E-005  1.073243551551986E+002
    279  5.118213013775518E-005  3.776291602598710E+001
    988  5.016468652272925E-005  1.295230022337254E+002
     63  5.004220480350017E-005  2.633691355837915E+001
    370  4.957163633084258E-005  4.562254251008403E+001
    226  4.917294188193079E-005  3.460914941435140E+001
    800  4.900121430256392E-005  1.161811067685375E+002
    684  4.790202084311691E-005  1.108055531440044E+002
   1020  4.738690223230699E-005  1.308300137670077E+002
    748  4.727951276549237E-005  1.128453459062848E+002
    186  4.725161601890844E-005  3.335079910483972E+001
    656  4.703966747013036E-005  1.092383325553483E+002
    894  4.680777700050720E-005  1.226855190700912E+002
    163  4.634778124523504E-005  3.148605603035891E+001
    396  4.634382515978011E-005  5.292259014309509E+001
    808  4.618330428279912E-005  1.166438640424820E+002
     25  4.603752067262925E-005  2.268285797328677E+001
    802  4.586299985438816E-005  1.163074247182627E+002
     79  4.585766841004579E-005  2.728143790603452E+001
   1070  4.583739900846093E-005  1.350535885837313E+002
    944  4.572850557272147E-005  1.278264506290159E+002
    460  4.566331660983893E-005  5.821511818989060E+001
    145  4.562322696206122E-005  3.035386176419680E+001
    812  4.536044704640770E-005  1.169499526914024E+002
    569  4.531236620716566E-005  1.064024371239422E+002
    441  4.516185946981952E-005  5.602297434426368E+001
    691  4.507667899980116E-005  1.109942746792360E+002
    366  4.430060894260046E-005  4.541480133184800E+001
    820  4.399357651830464E-005  1.173160626674297E+002
    269  4.390638192076409E-005  3.766609016559832E+001
    200  4.352035611468183E-005  3.413076352937113E+001
    848  4.314160757077639E-005  1.185512117490796E+002
    682  4.303475586004164E-005  1.107795174367904E+002
    600  4.297164918873148E-005  1.078192567961393E+002
    534  4.256618346243674E-005  6.352992396574133E+001
    975  4.191879828531655E-005  1.290479361570385E+002
    354  4.179066595476167E-005  4.358717802496741E+001
    595  4.109768459685377E-005  1.075727311228692E+002
    796  4.105018608035292E-005  1.160406419035091E+002
    574  4.038062964259422E-005  1.067089856517616E+002
    655  4.006343207608661E-005  1.092114390318620E+002
    346  3.948093614935459E-005  4.251353138364797E+001
    125  3.938430623285652E-005  2.955205187993630E+001
    453  3.929392821509140E-005  5.734859743017803E+001
    136  3.911949666014556E-005  2.995197020395121E+001
   1071  3.900363905909043E-005  1.353191143310252E+002
    364  3.872294756065982E-005  4.528995878587361E+001
    543  3.868619808345475E-005  1.026098663261161E+002
    977  3.832059348039088E-005  1.291448023039548E+002
    264  3.826513509077127E-005  3.760740200223662E+001
    695  3.773479696961054E-005  1.110404578737834E+002
    670  3.763472501381138E-005  1.099218253642219E+002
    633  3.725637967209588E-005  1.086770367044967E+002
    399  3.700429951537482E-005  5.300117686152819E+001
    469  3.650173216113412E-005  5.857260373695996E+001
    687  3.638109007920049E-005  1.108477970364615E+002
    411  3.626144191479195E-005  5.390414096058870E+001
    455  3.608274779066914E-005  5.757818593173593E+001
   1074  3.598764666822069E-005  1.357832717908243E+002
    225  3.593397505262702E-005  3.458265676939745E+001
    240  3.569983127188868E-005  3.568815433410965E+001
    210  3.568799158242351E-005  3.421873300884823E+001
    463  3.549620946348510E-005  5.840368106338346E+001
    853  3.543830532116905E-005  1.189950762444425E+002
    322  3.523798362375572E-005  3.962934885257222E+001
     53  3.522425977309666E-005  2.532427500710937E+001
    179  3.507586779776931E-005  3.301071504933698E+001
    587  3.507400910718275E-005  1.072564562863978E+002
    945  3.453463357332661E-005  1.278945431870569E+002
    256  3.442221830869065E-005  3.708485200545782E+001
    694  3.439848850891724E-005  1.110208923005156E+002
    185  3.438298758757310E-005  3.329017879350934E+001
    159  3.422712834660794E-005  3.140014259635325E+001
    919  3.416697110152986E-005  1.264669767465423E+002
    446  3.390684779934279E-005  5.657515742254393E+001
    608  3.376638618780330E-005  1.080310773431174E+002
    461  3.371440759307345E-005  5.832169084274378E+001
    448  3.322540623576717E-005  5.707216855561523E+001
    922  3.307883125291908E-005  1.267277337836395E+002
    926  3.258643563795959E-005  1.269935099435139E+002
    387  3.162637901364979E-005  4.845493173747810E+001
    496  3.146567644780391E-005  5.977778544840232E+001
   1068  3.101430200823683E-005  1.342139437973118E+002
    639  3.092217443031960E-005  1.087924757147032E+002
    190  3.042575215494259E-005  3.352213579831744E+001
    484  3.033052373518383E-005  5.894622531819898E+001
    471  3.031322721505895E-005  5.859921299406331E+001
    967  3.015913096537376E-005  1.287730879251822E+002
    447  2.983671678088002E-005  5.692641404400948E+001
    928  2.976250163497091E-005  1.271758190169006E+002
    860  2.975461133790444E-005  1.193608179742887E+002
    910  2.950060550759692E-005  1.258349422363612E+002
    803  2.868245580743091E-005  1.163959410830473E+002
    223  2.855407893473572E-005  3.452101188794168E+001
    998  2.853748659317293E-005  1.301241144683907E+002
     73  2.799065296837107E-005  2.704395448663374E+001
    408  2.798320523002166E-005  5.368647704938994E+001
    601  2.774495853680681E-005  1.078222216339937E+002
    368  2.765498162184218E-005  4.552075151204606E+001
    757  2.726878730948039E-005  1.131455979007981E+002
     15  2.725305083657697E-005  2.077312965636918E+001
    130  2.688747057193791E-005  2.969026097336859E+001
    634  2.681273139106112E-005  1.087110579745548E+002
    923  2.680669108500132E-005  1.267345977181097E+002
    490  2.679526295344006E-005  5.909746584665749E+001
    580  2.678956780768636E-005  1.069063882425304E+002
    686  2.676390937581401E-005  1.108321598991433E+002
    978  2.675332120516826E-005  1.291764873003617E+002
    790  2.662705815182601E-005  1.158127479939932E+002
    277  2.641239029722544E-005  3.774405278528796E+001
    937  2.622035662749067E-005  1.275975168353670E+002
    845  2.601679148161563E-005  1.182722434309271E+002
    855  2.586730694216795E-005  1.192335282432478E+002
   1063  2.566529777613157E-005  1.338610239777397E+002
    110  2.566089037002911E-005  2.890337161783228E+001
    934  2.484161941254510E-005  1.274026915475210E+002
    329  2.465934005520378E-005  3.994917835777716E+001
    683  2.455780104036025E-005  1.107854094171573E+002
    342  2.408922001771953E-005  4.219280462450153E+001
    435  2.326607530577726E-005  5.559833163642786E+001
    772  2.312442918813027E-005  1.144444014986270E+002
   1065  2.304744933586324E-005  1.340986810838602E+002
    927  2.300561680294334E-005  1.271118445081471E+002
    235  2.278410837163669E-005  3.553329683850696E+001
    640  2.267505023549105E-005  1.088027953187827E+002
    618  2.261896931657607E-005  1.083041655146542E+002
    649  2.261556799567726E-005  1.089557122086210E+002
    852  2.237728848696472E-005  1.189308904937423E+002
    982  2.208615892456590E-005  1.293230544301462E+002
    660  2.195581101192726E-005  1.093929129115852E+002
    781  2.188948861906281E-005  1.155015502370288E+002
    917  2.181638953151251E-005  1.262583151256411E+002
    247  2.129102327129086E-005  3.613855018049320E+001
    979  2.126186023896746E-005  1.292073280791942E+002
    373  2.102963723344310E-005  4.573517441489172E+001
    915  2.083550655552060E-005  1.261627872997085E+002
    668  2.076532473626332E-005  1.098358517134249E+002
    679  2.051829260000936E-005  1.106299731616480E+002
    738  2.016144964547914E-005  1.126248828969786E+002
    217  2.004681171472744E-005  3.432077633458158E+001
    983  2.002278326348511E-005  1.293699640118089E+002
   1038  1.954484070486061E-005  1.317153469634680E+002
    995  1.928709085912560E-005  1.300556822463785E+002
     81  1.911700178737389E-005  2.737831616504717E+001
    813  1.909228158261515E-005  1.170211975618395E+002
    303  1.900204065595790E-005  3.891633174738261E+001
    350  1.884016119919897E-005  4.287084402122760E+001
   1040  1.876089384849146E-005  1.318325334098182E+002
    262  1.845862641814015E-005  3.754826259370084E+001
    321  1.820392571771384E-005  3.959878738143280E+001
    371  1.807231979578994E-005  4.567834615857563E+001
    698  1.800908356237766E-005  1.111543499618823E+002
    709  1.794692773504549E-005  1.116986555393093E+002
    815  1.794567767875828E-005  1.170844697210597E+002
    665  1.793193753936629E-005  1.096195054263975E+002
   1018  1.791250503859905E-005  1.307425624046459E+002
    369  1.781940469832916E-005  4.556664797594529E+001
    428  1.756803955172659E-005  5.539697768550786E+001
   1004  1.727362158419768E-005  1.302828791464404E+002
    585  1.720558536583265E-005  1.071721890576240E+002
    963  1.717540293220278E-005  1.284456810480366E+002
    792  1.685980028285589E-005  1.158579110744502E+002
      9  1.684979940166984E-005  1.615282072713023E+001
    122  1.682840079240535E-005  2.942821875092930E+001
    556  1.677445701332967E-005  1.053074591696642E+002
    880  1.669279210006926E-005  1.209811659012211E+002
    286  1.662143881084564E-005  3.806107114689090E+001
    173  1.649391086107310E-005  3.267731285541730E+001
    648  1.644711340224606E-005  1.089328290594756E+002
    737  1.639961597451848E-005  1.125716601108342E+002
    625  1.626308490647029E-005  1.084878781680722E+002
    804  1.611110450058592E-005  1.164307012054320E+002
    562  1.605747997587813E-005  1.058125905236654E+002
    716  1.600005508639754E-005  1.119313653155845E+002
    642  1.596477244709836E-005  1.088349318990273E+002
    746  1.586502749698053E-005  1.128150956859242E+002
     19  1.585631461250927E-005  2.137958735177528E+001
    722  1.530040756260645E-005  1.121989232781130E+002
    328  1.528989106922868E-005  3.982877398686839E+001
    516  1.523884648051576E-005  6.114879167768425E+001
    578  1.506837653196842E-005  1.068696587706935E+002
    985  1.497810966320679E-005  1.294454523269476E+002
    984  1.489166503786633E-005  1.293776492189174E+002
    265  1.481510350881456E-005  3.762418150997995E+001
    597  1.471366041605014E-005  1.076362394255561E+002
    520  1.470903319357217E-005  6.117519869664547E+001
    685  1.470504413198551E-005  1.108208915724099E+002
    949  1.455206346983633E-005  1.280833568476082E+002
    619  1.444169572559526E-005  1.083262496248409E+002
    602  1.443639977088420E-005  1.078335831208874E+002
    859  1.440415727436379E-005  1.193117826572047E+002
    657  1.432222444730114E-005  1.092680437977900E+002
    362  1.429161140836993E-005  4.520209191521082E+001
    175  1.414968575841898E-005  3.282740528695558E+001
    227  1.393225808114754E-005  3.461221107986133E+001
    127  1.393026039684810E-005  2.958197907168710E+001
    943  1.386232607360658E-005  1.278255860865938E+002
     45  1.379433754203821E-005  2.505629895200580E+001
    794  1.337965857743891E-005  1.159299755047292E+002
    887  1.329995874362778E-005  1.215278324822884E+002
    644  1.319616355698285E-005  1.088699046594824E+002
    744  1.316960557291524E-005  1.127340165661099E+002
    228  1.279011238213737E-005  3.465329128304563E+001
    699  1.276129769592637E-005  1.111753891148923E+002
    947  1.261726574748170E-005  1.280025795512814E+002
     41  1.252741903202875E-005  2.434332602389209E+001
   1035  1.251652957860142E-005  1.315022364948826E+002
    707  1.247467307524733E-005  1.116484954290111E+002
    661  1.231116953170818E-005  1.094040232551639E+002
    787  1.223890990199720E-005  1.157066821730262E+002
   1043  1.214780455955753E-005  1.320181582363304E+002
    604  1.207802851523209E-005  1.078901483894559E+002
     99  1.182909039352864E-005  2.813215700322161E+001
    590  1.177585132627459E-005  1.073381491314167E+002
    424  1.166324337408831E-005  5.504400290817051E+001
    614  1.163923016866873E-005  1.081499604581023E+002
    849  1.160280983750844E-005  1.186556798515274E+002
    627  1.159578072038442E-005  1.085359599099982E+002
    457  1.152626446170927E-005  5.770039153165104E+001
    711  1.141539174876055E-005  1.117833092223069E+002
    651  1.125016121724394E-005  1.090123807306586E+002
    664  1.123058860594697E-005  1.095868237421283E+002
    933  1.122726358141239E-005  1.272967505112425E+002
    416  1.120402451174357E-005  5.412105627361211E+001
    623  1.117351254206009E-005  1.084311616311891E+002
    766  1.115686324436105E-005  1.138313497862233E+002
    714  1.115677416023410E-005  1.118865310298163E+002
    509  1.107520823873227E-005  6.104665142125116E+001
    380  1.097116847607906E-005  4.621788456267294E+001
    858  1.049787844950392E-005  1.193043137223610E+002
    198  1.046281957262805E-005  3.410095577154824E+001
    479  1.042365642196160E-005  5.886156225440574E+001
    765  1.029074973746867E-005  1.138034732037320E+002
    905  1.014359092767648E-005  1.252963463377060E+002
    719  1.000521047705702E-005  1.120361196403708E+002
    721  9.926038256546354E-006  1.121902054803930E+002
    782  9.908137343216900E-006  1.155663554633046E+002
    129  9.907646506998082E-006  2.967722940199728E+001
     56  9.889832647066458E-006  2.577494999028338E+001
     80  9.699934085251067E-006  2.737665388114407E+001
    828  9.696857171197371E-006  1.175132070682912E+002
    809  9.690869982680159E-006  1.168273457040169E+002
    786  9.606610722988156E-006  1.156679892855772E+002
    603  9.553660187507928E-006  1.078480909052838E+002
    735  9.539341677439683E-006  1.125422257639707E+002
    473  9.487434140658880E-006  5.864875851961727E+001
    696  9.389095707118476E-006  1.111110130672436E+002
    631  9.360755648685219E-006  1.086593678715634E+002
   1028  9.235432267507405E-006  1.312419762585663E+002
    951  9.150255853818960E-006  1.282127111215003E+002
    770  9.143711812126051E-006  1.141655133118217E+002
    111  9.090254766356734E-006  2.891758955889047E+001
    499  8.831597380966062E-006  6.010190034988052E+001
    506  8.638150441720345E-006  6.092479484159845E+001
    617  8.575992723118074E-006  1.082069188907082E+002
     47  8.551238196100786E-006  2.514695584094496E+001
    818  8.547949566612747E-006  1.172202887178189E+002
    678  8.504231553398150E-006  1.105298402911861E+002
    994  8.438359772447834E-006  1.299886393654431E+002
    421  8.347772515616860E-006  5.469982084171487E+001
    893  8.225129283601995E-006  1.225899968537864E+002
    856  8.118278257164742E-006  1.192407591408727E+002
    763  8.092290867730658E-006  1.136578287383470E+002
    764  8.054536734956574E-006  1.137269990775531E+002
    921  7.862431319638968E-006  1.266347372507485E+002
    941  7.634430403507570E-006  1.277239710636116E+002
   1010  7.633034069301846E-006  1.305150376372933E+002
     76  7.533862838839414E-006  2.719040433196805E+001
    739  7.516965690935794E-006  1.126267264275300E+002
    936  7.492016126633279E-006  1.275963114471066E+002
    761  7.466492271874645E-006  1.134019555363662E+002
    215  7.328539465407845E-006  3.430912489816387E+001
    990  7.287847719835099E-006  1.297249883032466E+002
    677  7.128735287334996E-006  1.104103779431708E+002
    662  7.080722650744864E-006  1.094304874643061E+002
    836  6.973259869049020E-006  1.177792466123822E+002
    999  6.967097598775112E-006  1.301340763851820E+002
     93  6.913912095615737E-006  2.801831476528660E+001
    901  6.557842484564697E-006  1.246352700151236E+002
    862  6.542078261732821E-006  1.194326389788892E+002
    867  6.510662769271627E-006  1.199420338065019E+002
    882  6.488223018414345E-006  1.212606419968792E+002
    950  6.484366445841821E-006  1.281356928004739E+002
    957  6.466939484379096E-006  1.283224605383935E+002
    115  6.356239612370498E-006  2.908676806680809E+001
   1002  6.351955322715948E-006  1.301955720736593E+002
    798  6.327588265005398E-006  1.161233232814441E+002
    948  6.083812597521101E-006  1.280530341997139E+002
    442  5.850678782916650E-006  5.605259237502305E+001
    615  5.758050004016988E-006  1.081646255451844E+002
   1027  5.735150529330861E-006  1.311414239553258E+002
    875  5.698523155076390E-006  1.206504418490652E+002
    732  5.680315830931226E-006  1.124809932511083E+002
    956  5.649277284424462E-006  1.283075816024711E+002
    993  5.627164253365052E-006  1.299638892136509E+002
    942  5.598343320038988E-006  1.277896527703618E+002
    980  5.491504081368255E-006  1.292322903638887E+002
    586  5.463698038561576E-006  1.072414988471015E+002
    953  5.445845347553873E-006  1.282835790234384E+002
    913  5.332426363612012E-006  1.260963173315474E+002
    244  5.246229260089385E-006  3.582009297825139E+001
    900  5.115731395238398E-006  1.240255399934555E+002
    351  5.113333068114225E-006  4.290814690346715E+001
    846  5.107916932741402E-006  1.183733977129572E+002
    268  4.949542553186564E-006  3.765614789507087E+001
    830  4.871681852527656E-006  1.175448785112390E+002
    878  4.803775886258921E-006  1.208553192243232E+002
    931  4.783024756558613E-006  1.272754104030811E+002
    705  4.772898938452471E-006  1.114879185885843E+002
    224  4.769878481674464E-006  3.456258153743839E+001
    723  4.715417958400948E-006  1.122249597820348E+002
    777  4.550738977705773E-006  1.150636811545726E+002
    857  4.495580277603691E-006  1.192977858717030E+002
    667  4.351237306493330E-006  1.098231148083649E+002
    819  4.325274932353065E-006  1.172617623112352E+002
    526  4.218342896532953E-006  6.205614154690332E+001
    920  4.157100505498537E-006  1.265729199247587E+002
    728  4.077524094912806E-006  1.123911467240560E+002
    791  4.073425561682309E-006  1.158399885308925E+002
    688  4.037981740609596E-006  1.108652117541332E+002
    805  3.946175666839404E-006  1.165442309434909E+002
   1054  3.936954997764089E-006  1.332101619260334E+002
   1032  3.934296693080718E-006  1.314270448258869E+002
   1049  3.933630192715861E-006  1.325964910892840E+002
    581  3.929508879882855E-006  1.069166383916512E+002
    758  3.896034655585770E-006  1.131945788764974E+002
   1076  3.787770071971534E-006  1.858411948136732E+002
     40  3.748686803524781E-006  2.429142631572386E+001
    252  3.735870028395055E-006  3.681481496629917E+001
    263  3.729978989333728E-006  3.756851288337069E+001
    345  3.687686266689444E-006  4.248475366295001E+001
    959  3.673648034363629E-006  1.283643788123119E+002
    671  3.614418673635722E-006  1.100461630260976E+002
    839  3.595504957705204E-006  1.178451551754228E+002
    729  3.593459360690859E-006  1.124070412533170E+002
    779  3.578488158776577E-006  1.153237642854880E+002
    367  3.573277753326482E-006  4.546665367422378E+001
    925  3.553993732910684E-006  1.268943605090481E+002
    673  3.545803144342906E-006  1.101090602242966E+002
    636  3.514259444218347E-006  1.087412284437008E+002
    293  3.471296124861069E-006  3.840315559517953E+001
    414  3.453179150980715E-006  5.408443269732371E+001
    750  3.432944041380783E-006  1.128980084302201E+002
    908  3.411948501111333E-006  1.256350992978881E+002
    876  3.399538020363129E-006  1.207338716680959E+002
    811  3.391864339891093E-006  1.169131613251637E+002
    222  3.384040796350501E-006  3.444665555523785E+001
    568  3.294837609623840E-006  1.063884322375297E+002
   1057  3.265770889354852E-006  1.332882698940204E+002
    313  3.210534483105005E-006  3.941220320488696E+001
    588  3.200867025031478E-006  1.072780161282308E+002
    653  3.099861248996162E-006  1.090926521840726E+002
   1023  3.084418907357953E-006  1.309907545973144E+002
    703  3.041677578995070E-006  1.113359924967504E+002
   1012  3.011067174666364E-006  1.305860585800326E+002
    515  2.981167333615459E-006  6.113166482037749E+001
    132  2.966925437850988E-006  2.978147182311027E+001
   1056  2.894527287620346E-006  1.332822863268028E+002
    591  2.806048727831482E-006  1.073970459895217E+002
   1017  2.792613427537410E-006  1.307020085696559E+002
    372  2.777120119139089E-006  4.569660817760900E+001
    788  2.756230647675333E-006  1.157595566872355E+002
     94  2.749301333142531E-006  2.803048707399637E+001
    837  2.735298229347875E-006  1.177814246314451E+002
   1025  2.706781236668387E-006  1.310823101564250E+002
    271  2.695002406325999E-006  3.769377629908810E+001
    437  2.637727713195448E-006  5.567668099873953E+001
    626  2.610400278572373E-006  1.085197354965440E+002
    971  2.527343154059795E-006  1.289111652451389E+002
    726  2.523799378109808E-006  1.123280306605216E+002
    872  2.518375127327315E-006  1.204992644439996E+002
    775  2.494440529462775E-006  1.149447083106751E+002
    861  2.432448697986334E-006  1.193618968506130E+002
    935  2.423940664054872E-006  1.274477748704804E+002
    946  2.417370402632912E-006  1.279201366409634E+002
    108  2.399896523769545E-006  2.884206820739177E+001
    992  2.312594861611892E-006  1.299169051159237E+002
    767  2.304000153607704E-006  1.139787538815297E+002
    612  2.296281093322731E-006  1.080838271474082E+002
    611  2.284930021213465E-006  1.080609110523806E+002
    834  2.264398336705268E-006  1.176651591794238E+002
    643  2.260351145492908E-006  1.088529165631816E+002
    888  2.199993014425105E-006  1.215384892766490E+002
    510  2.196611607895638E-006  6.106496915014706E+001
    912  2.183443910601709E-006  1.259977317017505E+002
   1050  2.134246078429185E-006  1.326682006609648E+002
     13  2.106634959722050E-006  2.038781372204352E+001
   1015  2.083349759389983E-006  1.306693309857935E+002
    939  2.066877462363430E-006  1.276788938661296E+002
    780  2.030974080001083E-006  1.153482258688003E+002
    148  2.029880255787601E-006  3.055713011308698E+001
   1064  2.027207272942992E-006  1.339182935247794E+002
    715  2.005498684990254E-006  1.119122168057061E+002
    821  1.969900328547965E-006  1.173213489801490E+002
    609  1.919033962499871E-006  1.080529774194348E+002
    374  1.866808157309968E-006  4.576894168844035E+001
    952  1.855929578098598E-006  1.282170243378332E+002
    606  1.816436738873868E-006  1.079754075340127E+002
    932  1.794958377704751E-006  1.272890793904072E+002
    149  1.772826203376211E-006  3.064428879965062E+001
   1034  1.735067280253709E-006  1.314975717016592E+002
    478  1.610264381107883E-006  5.880478287498814E+001
    968  1.603758661899513E-006  1.287893908307005E+002
    443  1.512207784128320E-006  5.615506371008289E+001
    996  1.503665758035876E-006  1.300741546440489E+002
    360  1.464004157707733E-006  4.501412031898634E+001
     69  1.355415714625771E-006  2.667931486079132E+001
    501  1.282892387337411E-006  6.025540211442135E+001
    422  1.258109886054363E-006  5.478392604221921E+001
    530  1.254000966071589E-006  6.265828803408258E+001
    693  1.226485293156417E-006  1.110198391814811E+002
     77  1.223791064078724E-006  2.720977418778346E+001
    477  1.128759346693103E-006  5.875439662154096E+001
    658  1.098507705365703E-006  1.092752908733605E+002
    488  1.094090154928358E-006  5.904214899548738E+001
    522  1.079208852143025E-006  6.189501394570030E+001
    412  1.076600237711131E-006  5.399327798218789E+001
    675  1.072012100892620E-006  1.101932688761904E+002
    864  1.065734105735620E-006  1.195154318953015E+002
    965  1.048805965145741E-006  1.286084743618769E+002
    759  1.044933569402840E-006  1.132523759465808E+002
    607  1.008585395884082E-006  1.079782277499060E+002
    720  1.002885656821519E-006  1.121496181246094E+002
    940  9.962524446889588E-007  1.277053477702196E+002
    638  9.686568956427967E-007  1.087773663504995E+002
   1033  9.630073829863343E-007  1.314921549657209E+002
    117  9.142211860216657E-007  2.915145470361619E+001
    814  8.774850748479836E-007  1.170571282096026E+002
    743  8.423885353357360E-007  1.126739704882794E+002
    628  8.334516433354074E-007  1.085999071252231E+002
    740  8.247525238590641E-007  1.126281679605138E+002
    146  7.861759014092673E-007  3.038455959742199E+001
    869  7.410648702345814E-007  1.201465244096069E+002
    987  7.312888554223136E-007  1.295218650079724E+002
   1007  7.285834960697561E-007  1.303971511397991E+002
    841  7.121026839154710E-007  1.180046875638410E+002
    833  6.974122006795930E-007  1.176450554682990E+002
    284  6.508694378213961E-007  3.794002386601017E+001
    914  6.194419347129259E-007  1.261343003660832E+002
   1037  6.021062323869104E-007  1.316166834102353E+002
    406  5.769259100818693E-007  5.347162595814701E+001
    513  5.721489018057379E-007  6.111701004965728E+001
    773  5.679181601574231E-007  1.146041296786391E+002
    754  5.598141231444034E-007  1.130532912402911E+002
    753  5.469479970471001E-007  1.130399909728984E+002
    776  5.258561311892767E-007  1.150535509847603E+002
    891  5.243559603415283E-007  1.222344606190913E+002
    969  4.961617409151615E-007  1.288232913140608E+002
    718  4.905449814304630E-007  1.120307816427976E+002
    598  4.711961797607960E-007  1.077082259858063E+002
    736  4.071658423508090E-007  1.125700463249535E+002
    889  3.789471382723120E-007  1.221096476933091E+002
    976  3.766345771053825E-007  1.291265023483052E+002
    702  3.760526499909294E-007  1.112791472783473E+002
    124  3.352669807953354E-007  2.953039329658957E+001
    676  3.333138187451583E-007  1.102968009656115E+002
   1051  3.183494679633396E-007  1.330173846663143E+002
    850  2.954033431838907E-007  1.188640670964077E+002
    692  2.933717432716611E-007  1.109991362888409E+002
    680  2.736311502160699E-007  1.106808485277705E+002
    881  2.611546157856018E-007  1.212001054655417E+002
    315  2.357865026043993E-007  3.946262277995078E+001
   1014  2.183621856704159E-007  1.306579532637773E+002
    762  2.162717273857774E-007  1.134504722361933E+002
    904  2.145139787722820E-007  1.250437756508075E+002
    704  2.020613035441689E-007  1.114088220449556E+002
    783  1.950501319041914E-007  1.155776779712016E+002
   1059  1.934699782616533E-007  1.335352794510990E+002
    823  1.881012575877178E-007  1.173434151863991E+002
    701  1.879721224220786E-007  1.112655741498095E+002
    801  1.644367058756625E-007  1.162412158177078E+002
    843  1.554591477452467E-007  1.181049125326048E+002
    874  1.421650465502967E-007  1.206463359037059E+002
    829  1.296010361906944E-007  1.175434491795728E+002
    647  1.171418504848851E-007  1.089204596390746E+002
    620  1.163420974742953E-007  1.083700393844588E+002
    375  1.041998612020060E-007  4.577921754207221E+001
    906  1.041382147621109E-007  1.253859334012492E+002
    337  9.549682813887253E-008  4.125439580477820E+001
    118  8.848307855893914E-008  2.927665934202001E+001
    629  7.960994260866436E-008  1.086436456014825E+002
   1030  7.846878539580751E-008  1.313677884464318E+002
    835  7.439412012199705E-008  1.176766134664512E+002
    439  7.179712683278520E-008  5.581771077364913E+001
    708  7.159266065123020E-008  1.116659378913442E+002
    599  5.737419764376275E-008  1.077354408464688E+002
    961  4.589275660147640E-008  1.283826108536399E+002
    267  4.334946612769309E-008  3.763942844703926E+001
    652  4.237154479299061E-008  1.090805000764319E+002
    747  4.208440869106555E-008  1.128221651622354E+002
   1003  3.529028385097185E-008  1.302792324598297E+002
    178  3.114531395330553E-008  3.291892583427273E+001
    806  2.775151126548563E-008  1.165904998677036E+002
    363  2.329977749436705E-008  4.523665715266514E+001
    292  2.190628541478763E-008  3.837765227419467E+001
   1077  1.860487227807410E-008  6.189178021453241E+002
    840  1.711297889208694E-008  1.179674198090055E+002
    885  1.615980602903993E-008  1.213849358963692E+002
    734  1.549893379975200E-008  1.125227414297757E+002
   1019  1.380731244139994E-008  1.307856127904329E+002
    388  1.317164805724567E-008  4.916519389587509E+001
    508  1.292486165500803E-008  6.101348113010317E+001
    866  1.127517773213589E-008  1.198737679274225E+002
    760  8.495073780434228E-009  1.133648679091437E+002
    974  6.863649315562924E-009  1.290391941684268E+002
     83  2.628823014020790E-009  2.745200449399356E+001
   1021  2.464702496152309E-009  1.308784400027895E+002
   1042  1.923603832974997E-010  1.319938555239870E+002
    752  1.182770138004997E-010  1.129825416205730E+002
   1073  1.035638883298437E-010  1.355646294676644E+002
     87  8.627835128661419E-011  2.773505635732142E+001
