# Number of modes
   1077
# Tabulated for different initial and final frequencies?
    F
# Mode index, Sj, (highest to lowest), omega_j
    547  3.037576967087288E-001  1.040413527560943E+002
      7  7.552559425050900E-002  1.598850297870253E+001
     23  3.966266833106183E-002  2.160694502786773E+001
      8  3.700681187187189E-002  1.603898235084092E+001
    384  3.027352676360710E-002  4.693482184770667E+001
     24  3.010074821686777E-002  2.165827626673025E+001
     38  2.820692437017803E-002  2.415274881711009E+001
    546  2.303093405482171E-002  1.038908634804570E+002
     64  1.741137752556979E-002  2.637954322898939E+001
    114  1.622564240494844E-002  2.903390568794284E+001
    544  1.610394969254950E-002  1.037287728441322E+002
    551  1.466171058663661E-002  1.044758850995860E+002
     18  1.310479608514993E-002  2.124694793769305E+001
    549  1.238344315153793E-002  1.043755820157491E+002
    301  1.175369426334177E-002  3.874125966254066E+001
    554  1.155788033383282E-002  1.048978551747549E+002
    539  1.076255877446340E-002  1.004038214764926E+002
     58  1.029247898266886E-002  2.603619761911758E+001
      5  8.090020863964445E-003  1.580375607842547E+001
     31  6.985911833424380E-003  2.349957735236975E+001
    358  6.656296524656412E-003  4.418411045040358E+001
     27  6.637430138569794E-003  2.288948685305089E+001
    298  5.825584949274364E-003  3.860785506393049E+001
    330  5.657785210228541E-003  4.000719691328421E+001
    436  5.530048322698950E-003  5.562240782737462E+001
    199  4.918052198157166E-003  3.411214171315592E+001
    229  4.763719807494442E-003  3.477639317683153E+001
    142  4.507017277815733E-003  3.011700635419402E+001
    419  4.398241872397543E-003  5.447434435004674E+001
    390  4.244896886758220E-003  4.930034545373515E+001
     85  4.127281429715698E-003  2.757726243328665E+001
    536  4.113365263480825E-003  7.244369170766353E+001
    454  4.064356265233295E-003  5.753531790534946E+001
     11  3.979554917868310E-003  1.771447447329438E+001
    255  3.759473547799598E-003  3.705801266502003E+001
     20  3.662008983054164E-003  2.146722812704134E+001
    100  3.661171933476176E-003  2.814590236831992E+001
     92  3.625852205661865E-003  2.796966533379813E+001
    347  3.418607235304538E-003  4.251894246220620E+001
     29  3.404870448801292E-003  2.304600720746813E+001
      2  3.241038079858611E-003  1.507477314615795E+001
     91  3.198180092323745E-003  2.795709450840539E+001
    308  3.192889546545444E-003  3.924824416979163E+001
    427  3.131227251369213E-003  5.530625255614972E+001
    418  3.064855734560193E-003  5.440760214654593E+001
   1075  2.967328240893503E-003  1.852007864492208E+002
     97  2.842242680934227E-003  2.809615145046481E+001
    207  2.836213956296787E-003  3.419271829752626E+001
    466  2.774212543738885E-003  5.848631456847294E+001
    430  2.689515194151350E-003  5.544226538226409E+001
     66  2.673700093494460E-003  2.653041695388611E+001
    291  2.662623982247872E-003  3.834865717601958E+001
     95  2.653153361814081E-003  2.806113631432304E+001
      9  2.578829623643788E-003  1.615282072713023E+001
    452  2.564655243242113E-003  5.732416656661538E+001
    293  2.539901654439060E-003  3.840315559517953E+001
    161  2.354352643700444E-003  3.141544799468193E+001
     51  2.346580649770395E-003  2.527497960196780E+001
     71  2.270290469733355E-003  2.691074291878593E+001
    395  2.259519172303678E-003  5.279005865968511E+001
   1074  2.205780873683053E-003  1.357832717908243E+002
     36  2.196520852767074E-003  2.408548968715760E+001
    403  2.191471020945700E-003  5.332276567118551E+001
    385  2.115967287872942E-003  4.744969147605799E+001
    103  2.094057157468442E-003  2.854698030319213E+001
    183  2.077907411234437E-003  3.317747871488443E+001
     89  2.014341973220864E-003  2.787565477396676E+001
    160  1.950138341898334E-003  3.140287364756382E+001
    282  1.918794148307143E-003  3.781601762519486E+001
     74  1.883966308333327E-003  2.706787664592100E+001
    195  1.877978157960551E-003  3.399004655216064E+001
    348  1.863050501612007E-003  4.278252907839931E+001
    378  1.824012916567741E-003  4.609481655347708E+001
     22  1.818154592440608E-003  2.149928230079738E+001
   1071  1.816548211827558E-003  1.353191143310252E+002
     33  1.807852038754357E-003  2.387502434282544E+001
    131  1.792280032474491E-003  2.976719894627799E+001
    381  1.785540766811249E-003  4.623753374880091E+001
    251  1.748117473222051E-003  3.670193646720268E+001
    417  1.575180794288574E-003  5.432386496665636E+001
    158  1.566840184616321E-003  3.138637587596471E+001
     46  1.560331982228776E-003  2.508968851186969E+001
    205  1.537936993612967E-003  3.418138862993963E+001
    474  1.536723364918957E-003  5.866520048333617E+001
    425  1.528671538016369E-003  5.512885982268182E+001
    386  1.517645124976734E-003  4.778448827008048E+001
    101  1.498692754776536E-003  2.816121926613436E+001
    133  1.493885872978898E-003  2.980777525245198E+001
    331  1.484295063969198E-003  4.033978069592825E+001
     35  1.468234616039748E-003  2.406163852032448E+001
    143  1.464110131426488E-003  3.021552765862468E+001
    212  1.457477711624220E-003  3.425448747044050E+001
    106  1.427220352066030E-003  2.873147041157064E+001
     17  1.403879003531641E-003  2.091913438766164E+001
     37  1.383570884428783E-003  2.413005277682491E+001
    202  1.377670456322577E-003  3.414693728338715E+001
    295  1.377628440154842E-003  3.844649820311862E+001
    138  1.352668288664080E-003  2.998810658959070E+001
     43  1.328209659222554E-003  2.485090944939308E+001
    289  1.325847058850989E-003  3.832422991649202E+001
    281  1.319523892703020E-003  3.778222215271058E+001
    379  1.312150881000637E-003  4.610002508350383E+001
    537  1.269894433373862E-003  7.348438751630307E+001
   1066  1.255846607327143E-003  1.341339055776214E+002
    221  1.233392077906935E-003  3.444064242877499E+001
    320  1.210733233901934E-003  3.958466091098631E+001
    553  1.208998873508896E-003  1.045844149005738E+002
     39  1.191730912330258E-003  2.419216907562118E+001
    785  1.159405840508437E-003  1.156515149006221E+002
   1058  1.122952967119028E-003  1.334381531708862E+002
    376  1.116828986799368E-003  4.578482274843697E+001
    184  1.084236059780072E-003  3.328145954751520E+001
    134  1.083743444668400E-003  2.989081555609098E+001
    453  1.054008731776725E-003  5.734859743017803E+001
      3  1.052117737659705E-003  1.530095081680193E+001
    438  1.026421410991391E-003  5.568774314714533E+001
    246  1.023066765723900E-003  3.612200287477440E+001
    325  1.021607392675807E-003  3.979678053884171E+001
    153  9.987408732101840E-004  3.119128674334460E+001
    196  9.861884927382636E-004  3.402217963204272E+001
   1001  9.481898440609006E-004  1.301907504163165E+002
    218  9.353052485705480E-004  3.434087154455664E+001
    928  9.194096149120890E-004  1.271758190169006E+002
    217  9.145918753473230E-004  3.432077633458158E+001
     28  9.086546952115246E-004  2.303576073275412E+001
   1042  9.072717228365616E-004  1.319938555239870E+002
    239  9.034547760104548E-004  3.564788119351169E+001
    564  8.963494652871845E-004  1.059223740174141E+002
     34  8.940614336432793E-004  2.394870774261297E+001
    392  8.930767988771098E-004  4.975569880244111E+001
    450  8.908299493062136E-004  5.723022636777802E+001
    157  8.832890879629052E-004  3.136040875348826E+001
    875  8.776766639927764E-004  1.206504418490652E+002
    698  8.687880876336445E-004  1.111543499618823E+002
     65  8.651029720094177E-004  2.645533186342116E+001
    352  8.639165027400632E-004  4.345183818831803E+001
    926  8.583118162052634E-004  1.269935099435139E+002
   1024  8.528662130999376E-004  1.310472886139475E+002
   1072  8.428285641235787E-004  1.354275255218108E+002
     90  8.415795428888522E-004  2.792299487571685E+001
    174  8.390508894481431E-004  3.277024257542895E+001
    248  8.309726225961845E-004  3.617742791171408E+001
   1070  8.276889358020405E-004  1.350535885837313E+002
      6  8.251873317346507E-004  1.593905863128156E+001
    306  8.224273869950086E-004  3.922583615449084E+001
    116  7.927272053723936E-004  2.910094471225916E+001
    357  7.893721968970606E-004  4.413715889769129E+001
    383  7.794214436296500E-004  4.665506804468283E+001
    783  7.747549351825180E-004  1.155776779712016E+002
     62  7.593016764814145E-004  2.630569023157911E+001
    401  7.475032454397628E-004  5.310952948046032E+001
    121  7.324801456936712E-004  2.937009161569695E+001
    550  7.277764732084870E-004  1.044255141670578E+002
    109  7.253889284545225E-004  2.888359254004277E+001
    156  7.212629880444674E-004  3.133959801814033E+001
    694  7.185406819611249E-004  1.110208923005156E+002
    778  7.181809914722160E-004  1.153062331743218E+002
    493  7.139049076453349E-004  5.956939432616837E+001
    136  7.023802066704416E-004  2.995197020395121E+001
     60  7.004893594695104E-004  2.612817271153773E+001
    338  6.894222984438677E-004  4.143596746217444E+001
    449  6.865421380652438E-004  5.713782918039372E+001
    335  6.839172542866175E-004  4.064698242871874E+001
    191  6.825295063439308E-004  3.372798248811258E+001
    413  6.785955706996977E-004  5.407796767412047E+001
   1047  6.757336942607699E-004  1.324683504365100E+002
    309  6.755013496058695E-004  3.929268620446922E+001
    346  6.675797176211663E-004  4.251353138364797E+001
    336  6.658739118529603E-004  4.106442919982931E+001
    813  6.644348538671796E-004  1.170211975618395E+002
    150  6.618939893338402E-004  3.095380367517388E+001
    310  6.616016336539978E-004  3.933560718805473E+001
    472  6.595742527350778E-004  5.860732378330380E+001
    560  6.577200939539445E-004  1.057397922085461E+002
    479  6.514104773948868E-004  5.886156225440574E+001
    165  6.486048620881342E-004  3.194792507678593E+001
    231  6.469494597678148E-004  3.529195130720404E+001
    394  6.394009929853474E-004  5.275338077531283E+001
     78  6.315378641070334E-004  2.724001953302053E+001
    389  6.102456533275054E-004  4.924612888004685E+001
    302  6.042150549377453E-004  3.874867387838012E+001
     53  5.999424808355659E-004  2.532427500710937E+001
   1050  5.964520606184165E-004  1.326682006609648E+002
    387  5.945499294207539E-004  4.845493173747810E+001
    777  5.932117635335942E-004  1.150636811545726E+002
    992  5.897084928683078E-004  1.299169051159237E+002
    168  5.836434424323475E-004  3.223239881301075E+001
    382  5.740087291962043E-004  4.661435463500721E+001
    445  5.725110782488484E-004  5.650985963977887E+001
    448  5.634786285575047E-004  5.707216855561523E+001
    237  5.519557433301922E-004  3.561350513334219E+001
    104  5.428300347301585E-004  2.863475114667724E+001
    128  5.228749030869685E-004  2.964876822252022E+001
    290  5.226245804674125E-004  3.834059039797889E+001
    451  5.131517492567312E-004  5.726939793781466E+001
    275  5.064784934594612E-004  3.771871208633355E+001
     30  4.913452378945076E-004  2.339033246897357E+001
    997  4.868933593553498E-004  1.300952728722026E+002
     79  4.861057432231360E-004  2.728143790603452E+001
    415  4.846998609159857E-004  5.409773008136273E+001
     96  4.834908100099634E-004  2.807603105873968E+001
     75  4.820226015238860E-004  2.717284531466260E+001
    319  4.807395425040806E-004  3.955367029075058E+001
    400  4.764385324342968E-004  5.304406357850599E+001
    324  4.686821065552799E-004  3.965813849875591E+001
    185  4.673820812471984E-004  3.329017879350934E+001
    555  4.660793978520491E-004  1.049505825405343E+002
    326  4.583613324693384E-004  3.980074663620405E+001
     50  4.535692794919394E-004  2.524792740229145E+001
    464  4.492598095247860E-004  5.841767339850505E+001
    208  4.488428330841303E-004  3.420400517096608E+001
    303  4.468609265479563E-004  3.891633174738261E+001
    712  4.454228986693651E-004  1.118479116964762E+002
    512  4.435128117743910E-004  6.110465593383906E+001
    317  4.411131069963035E-004  3.952108816795088E+001
     68  4.395552658589524E-004  2.665958995788216E+001
    304  4.324058827960900E-004  3.902642388250331E+001
    964  4.321499439045241E-004  1.284811881676410E+002
    188  4.310576651889011E-004  3.343297855491465E+001
     70  4.242215222455668E-004  2.683332853591699E+001
    182  4.198826215437192E-004  3.313118961536368E+001
    721  4.192843300095878E-004  1.121902054803930E+002
    934  4.190927752846553E-004  1.274026915475210E+002
    294  4.184551808351038E-004  3.844005427068350E+001
   1053  4.113149108498491E-004  1.331993000158318E+002
    966  4.110557338828484E-004  1.287120665380274E+002
    312  4.102419008894879E-004  3.940338989709551E+001
    274  4.074331990000092E-004  3.771469066363962E+001
    280  3.998525958749093E-004  3.777070006257392E+001
    332  3.890248361990168E-004  4.036182328117159E+001
    565  3.888230724176499E-004  1.059848591127986E+002
    186  3.879366497604274E-004  3.335079910483972E+001
    485  3.870321117486671E-004  5.896971858223063E+001
    230  3.869323449830738E-004  3.507000892128892E+001
    444  3.858780684350735E-004  5.640873014994138E+001
    261  3.841471307733913E-004  3.751537038816641E+001
    991  3.813271734744759E-004  1.298309517843196E+002
    784  3.781218077532871E-004  1.156115101864969E+002
    426  3.732253679286486E-004  5.521112029631625E+001
    810  3.731635568313633E-004  1.168542717379606E+002
    440  3.721924594677473E-004  5.589934491235444E+001
    210  3.720850429312421E-004  3.421873300884823E+001
    402  3.704582424111565E-004  5.323403324336612E+001
    573  3.645401909321689E-004  1.066520968004064E+002
    176  3.585920099965949E-004  3.283702642513862E+001
     84  3.582355826418590E-004  2.748397341497807E+001
    272  3.577402896124630E-004  3.770876893490352E+001
    214  3.573163694735875E-004  3.429158842681225E+001
   1018  3.572443467754790E-004  1.307425624046459E+002
   1060  3.510511619955428E-004  1.336329109810919E+002
    189  3.460997837107059E-004  3.348575581421191E+001
    314  3.413381040922142E-004  3.944402428691944E+001
    422  3.397245838005632E-004  5.478392604221921E+001
    981  3.383814501417627E-004  1.292686845988868E+002
    334  3.379414658375075E-004  4.055961280242965E+001
     21  3.376536364685512E-004  2.149552581175353E+001
    192  3.354402566651629E-004  3.373139183933635E+001
    690  3.345492488119357E-004  1.109553167085971E+002
    460  3.273879739854658E-004  5.821511818989060E+001
    180  3.269723817672700E-004  3.306959511625761E+001
     57  3.255373083127825E-004  2.601044601303876E+001
    249  3.252154799297598E-004  3.643158917315001E+001
    259  3.247043955478672E-004  3.731129763636223E+001
    120  3.239125326602471E-004  2.935022978395871E+001
    108  3.228443934981497E-004  2.884206820739177E+001
    327  3.222647431977108E-004  3.980649710729982E+001
    797  3.207132292766418E-004  1.161224071144865E+002
    842  3.204805161844625E-004  1.180365480395604E+002
    807  3.173752814798057E-004  1.166040027024774E+002
    206  3.127425858758601E-004  3.418711639611698E+001
    527  3.113713382254866E-004  6.211137902133680E+001
    570  3.105652446889139E-004  1.064458450110351E+002
    615  3.061530536538657E-004  1.081646255451844E+002
    307  3.030001569033400E-004  3.924418415703018E+001
    321  3.029400417292062E-004  3.959878738143280E+001
    542  3.022286037663272E-004  1.021380905135569E+002
   1067  3.019348470690330E-004  1.341872351276505E+002
    349  3.003130231815480E-004  4.279212686889406E+001
    380  2.986336671927518E-004  4.621788456267294E+001
   1026  2.979893750381179E-004  1.310988308446859E+002
    467  2.977604407131628E-004  5.850070475174659E+001
    545  2.970965866457544E-004  1.038885725205099E+002
    524  2.924740325929230E-004  6.196836567938324E+001
    816  2.905330730793746E-004  1.170854692244173E+002
    393  2.899960880454451E-004  5.117422678475859E+001
    486  2.871792155782832E-004  5.898078655703418E+001
    492  2.867070265485934E-004  5.919740097208313E+001
    396  2.850545130803350E-004  5.292259014309509E+001
    503  2.838016205313514E-004  6.062899617907863E+001
    242  2.814083524655598E-004  3.575330164903793E+001
    399  2.799074003878453E-004  5.300117686152819E+001
    305  2.749078450002407E-004  3.919092577852600E+001
    502  2.739846540150303E-004  6.033057478557798E+001
    521  2.698223319736846E-004  6.120499406654021E+001
    940  2.650522824580392E-004  1.277053477702196E+002
   1020  2.621907964571317E-004  1.308300137670077E+002
    276  2.594858381740531E-004  3.774173651101562E+001
    561  2.590009185060971E-004  1.057823475786052E+002
    194  2.579345200155342E-004  3.388123191050668E+001
    528  2.572039301102532E-004  6.211763689923020E+001
    241  2.566060145628001E-004  3.573178726353736E+001
    632  2.534528203333176E-004  1.086732063917954E+002
    455  2.524438744981665E-004  5.757818593173593E+001
    741  2.505825065988940E-004  1.126383251241469E+002
    535  2.465228881112210E-004  7.234684016852472E+001
     61  2.451803999805447E-004  2.623624111749398E+001
   1052  2.450402654479348E-004  1.330891459743712E+002
    344  2.441677351057453E-004  4.229281490750487E+001
    323  2.432699277795493E-004  3.963162035223775E+001
    102  2.397872054305902E-004  2.838723287464182E+001
    318  2.363733155071145E-004  3.952690512520030E+001
    187  2.362302961889764E-004  3.338593491458187E+001
    163  2.348787197141794E-004  3.148605603035891E+001
    361  2.317495149737686E-004  4.509188248244521E+001
    420  2.309353029603296E-004  5.464265012038360E+001
     45  2.261798305807469E-004  2.505629895200580E+001
    234  2.261093140434678E-004  3.541632958107625E+001
    147  2.260372539827580E-004  3.045498909450352E+001
    571  2.247403770430134E-004  1.065760725477823E+002
    111  2.229764983600153E-004  2.891758955889047E+001
    167  2.221761326218565E-004  3.206734480721192E+001
   1029  2.212580556332715E-004  1.312589073638632E+002
    107  2.200211055277295E-004  2.880093649968087E+001
    671  2.194845741626180E-004  1.100461630260976E+002
    411  2.190056982772139E-004  5.390414096058870E+001
    599  2.185884879058800E-004  1.077354408464688E+002
    523  2.106702967520037E-004  6.195141091349550E+001
     44  2.078790350085552E-004  2.487547588775838E+001
    123  2.078254579537438E-004  2.945706723223188E+001
    144  2.071822484454227E-004  3.023024488043693E+001
    762  2.048930501941684E-004  1.134504722361933E+002
     16  2.032187605221544E-004  2.083990463296455E+001
    367  2.029006765390478E-004  4.546665367422378E+001
    497  2.027402914291851E-004  5.984833423050026E+001
    543  1.999436985638006E-004  1.026098663261161E+002
     88  1.986186415509618E-004  2.776495450944637E+001
    568  1.976313976944700E-004  1.063884322375297E+002
    518  1.975986085364247E-004  6.116565427175681E+001
    765  1.972779069547710E-004  1.138034732037320E+002
    844  1.966612770714467E-004  1.182236522024691E+002
    112  1.965444668640017E-004  2.893182478938967E+001
    605  1.962792507252809E-004  1.079476682950407E+002
    222  1.960910557805073E-004  3.444665555523785E+001
     10  1.953471534877902E-004  1.630017574824609E+001
    577  1.945981153325015E-004  1.068269012623950E+002
    329  1.933027426592152E-004  3.994917835777716E+001
    201  1.917746070252735E-004  3.413905621996786E+001
    517  1.901568082696168E-004  6.116283191518230E+001
    171  1.877910378388965E-004  3.251692712246987E+001
    407  1.876144786528899E-004  5.355040632372296E+001
    223  1.870035965804384E-004  3.452101188794168E+001
    572  1.865365100106778E-004  1.066354688575440E+002
    374  1.844426040865086E-004  4.576894168844035E+001
    515  1.838536291871808E-004  6.113166482037749E+001
    584  1.816857696786882E-004  1.071415131646536E+002
    898  1.814168971788478E-004  1.236287338505038E+002
    118  1.805766036647195E-004  2.927665934202001E+001
    257  1.805349958812726E-004  3.716053985696894E+001
    491  1.799791667789475E-004  5.916484178919298E+001
    558  1.792939945896377E-004  1.054235904423783E+002
    339  1.749172345250980E-004  4.199721405536648E+001
    253  1.748046909111158E-004  3.690338042035397E+001
     69  1.743867996454264E-004  2.667931486079132E+001
    676  1.724088622182418E-004  1.102968009656115E+002
    824  1.705829121072423E-004  1.173851057796732E+002
    998  1.702251455808810E-004  1.301241144683907E+002
    858  1.697686760951146E-004  1.193043137223610E+002
    245  1.676224726530803E-004  3.584895809931362E+001
    686  1.675910209340658E-004  1.108321598991433E+002
     94  1.637750537495426E-004  2.803048707399637E+001
     80  1.632297479254973E-004  2.737665388114407E+001
   1055  1.605047218061029E-004  1.332315483337306E+002
    594  1.579960190069781E-004  1.075267994995216E+002
   1062  1.578489790701333E-004  1.338537297016246E+002
    260  1.575281664090599E-004  3.745846822965304E+001
    130  1.569661667868449E-004  2.969026097336859E+001
    791  1.566253007321629E-004  1.158399885308925E+002
     13  1.556465021347107E-004  2.038781372204352E+001
    504  1.552889659331050E-004  6.073767201700102E+001
     15  1.552336826351070E-004  2.077312965636918E+001
    377  1.529491220532902E-004  4.580996274485975E+001
     77  1.526916018477810E-004  2.720977418778346E+001
   1064  1.505695668482097E-004  1.339182935247794E+002
    343  1.505074736690155E-004  4.223776350771931E+001
    817  1.501267217692652E-004  1.171745914510001E+002
     72  1.501256462568671E-004  2.695844835194747E+001
    481  1.493662636421164E-004  5.889564718758225E+001
    404  1.489011436484235E-004  5.332919471058649E+001
    552  1.488225420102863E-004  1.045004516183760E+002
    757  1.477147549840091E-004  1.131455979007981E+002
    659  1.468297801467487E-004  1.093169473413985E+002
    725  1.462570883144290E-004  1.122622575126908E+002
    115  1.447266065532117E-004  2.908676806680809E+001
    892  1.443943122970801E-004  1.223146913863671E+002
    588  1.431883053843348E-004  1.072780161282308E+002
    538  1.384803471555934E-004  8.801939400846273E+001
    812  1.363973908140540E-004  1.169499526914024E+002
   1033  1.362544741408264E-004  1.314921549657209E+002
    795  1.361838287520533E-004  1.159446042090269E+002
    526  1.359459907605062E-004  6.205614154690332E+001
    105  1.350687677236194E-004  2.872870804936272E+001
    315  1.344752426489153E-004  3.946262277995078E+001
    236  1.343289876465311E-004  3.558504171265294E+001
    636  1.330886769431039E-004  1.087412284437008E+002
    410  1.330265732321431E-004  5.380004782230375E+001
     83  1.329157551833838E-004  2.745200449399356E+001
     25  1.327135815457814E-004  2.268285797328677E+001
    674  1.323697610793746E-004  1.101627157855635E+002
    700  1.307714842962173E-004  1.112187707043413E+002
    755  1.303373567438278E-004  1.130537195644052E+002
    843  1.303096619314497E-004  1.181049125326048E+002
   1016  1.281732457605396E-004  1.306784011483153E+002
    681  1.267727556759698E-004  1.107150530846271E+002
    602  1.264198162590462E-004  1.078335831208874E+002
    944  1.249072441493757E-004  1.278264506290159E+002
    529  1.247405210195451E-004  6.213305424318654E+001
    313  1.222637411710078E-004  3.941220320488696E+001
    616  1.217221971377597E-004  1.081902144651443E+002
   1039  1.217137382193689E-004  1.317789778316224E+002
    127  1.213543898919683E-004  2.958197907168710E+001
    899  1.193092493411316E-004  1.237750393258326E+002
    583  1.191690450145037E-004  1.070323413352247E+002
    356  1.187774279995765E-004  4.399929676237998E+001
    751  1.186011532822047E-004  1.129352725370382E+002
    902  1.178448536389057E-004  1.246861225619736E+002
    970  1.170091079749903E-004  1.288440499253601E+002
     40  1.168938907581419E-004  2.429142631572386E+001
    774  1.167087675194112E-004  1.147299018357027E+002
     63  1.154125403035569E-004  2.633691355837915E+001
    567  1.145954498150423E-004  1.061175767374582E+002
    610  1.139698637759581E-004  1.080548791140610E+002
    296  1.139370526024244E-004  3.847026909032138E+001
    240  1.136442467327722E-004  3.568815433410965E+001
    613  1.129724719897599E-004  1.081325074305931E+002
    772  1.113933848669303E-004  1.144444014986270E+002
    672  1.109025289215566E-004  1.100523893058521E+002
     19  1.103268430151987E-004  2.137958735177528E+001
    617  1.090091369523625E-004  1.082069188907082E+002
    984  1.083350705474551E-004  1.293776492189174E+002
    771  1.078046300744405E-004  1.142541813627527E+002
    870  1.077914424222365E-004  1.203621491035894E+002
    609  1.072924585414463E-004  1.080529774194348E+002
    137  1.059404348896989E-004  2.996307755422044E+001
    607  1.056842383962392E-004  1.079782277499060E+002
    621  1.053144757896038E-004  1.083828600305560E+002
    836  1.049775528782903E-004  1.177792466123822E+002
    909  1.043035305420141E-004  1.256671150468244E+002
    190  1.039735057411984E-004  3.352213579831744E+001
    746  1.039376628281856E-004  1.128150956859242E+002
    716  1.038839543418604E-004  1.119313653155845E+002
    211  1.035144564953731E-004  3.422885497659050E+001
    589  1.016216058805438E-004  1.073243551551986E+002
    624  1.009333525469560E-004  1.084534043855216E+002
    203  1.003449871124018E-004  3.415596231316062E+001
    683  1.002326430965748E-004  1.107854094171573E+002
    277  1.000146794928928E-004  3.774405278528796E+001
    661  9.999075699318313E-005  1.094040232551639E+002
    172  9.870953070309262E-005  3.254695536480502E+001
    446  9.867995937058935E-005  5.657515742254393E+001
    919  9.716834054026918E-005  1.264669767465423E+002
    441  9.673491152421688E-005  5.602297434426368E+001
    359  9.663564550257006E-005  4.440820660542785E+001
    170  9.626367943626944E-005  3.240864442722207E+001
    337  9.614666147826321E-005  4.125439580477820E+001
    832  9.610680242856263E-005  1.176150872586579E+002
    960  9.606120737870480E-005  1.283710541965592E+002
    578  9.532706942627417E-005  1.068696587706935E+002
    579  9.420465780362760E-005  1.068810185812333E+002
    151  9.394380772476657E-005  3.097448214004631E+001
    181  9.392172847274820E-005  3.309588236011395E+001
    162  9.384729318334057E-005  3.142013005221356E+001
    458  9.372440698693115E-005  5.780961640938520E+001
    316  9.249088411998877E-005  3.947722492082590E+001
    370  9.243568877325172E-005  4.562254251008403E+001
     26  9.229084280183970E-005  2.275577786050195E+001
    197  9.173966723476925E-005  3.407091137263039E+001
    895  9.148316041738680E-005  1.231922658586809E+002
    622  9.080102396953989E-005  1.084041586407917E+002
    710  8.998193969201995E-005  1.117114283703663E+002
     98  8.966444674279642E-005  2.810036398063808E+001
    213  8.958156721410653E-005  3.426923698719692E+001
    738  8.937362986736012E-005  1.126248828969786E+002
    297  8.918353089761530E-005  3.850412000814609E+001
    654  8.678839380443405E-005  1.091774321289355E+002
    574  8.677428670242685E-005  1.067089856517616E+002
    299  8.642105100651881E-005  3.861147003050849E+001
    924  8.636589263615587E-005  1.267645350898773E+002
    511  8.619633307396266E-005  6.108291035790679E+001
    431  8.611281065109575E-005  5.545822575490884E+001
    569  8.594159411550134E-005  1.064024371239422E+002
    155  8.487318323953364E-005  3.129077640287002E+001
    220  8.441439289304169E-005  3.440936379612124E+001
    164  8.382614004194349E-005  3.156123118588701E+001
    656  8.354267932620844E-005  1.092383325553483E+002
    514  8.350165723237764E-005  6.112143562944963E+001
   1008  8.340443917505355E-005  1.304054287055121E+002
    973  8.186883403613141E-005  1.290303348922233E+002
    179  8.177309747844204E-005  3.301071504933698E+001
    243  8.144643018176798E-005  3.580427376176280E+001
    967  8.032536416838609E-005  1.287730879251822E+002
    471  8.024134358324468E-005  5.859921299406331E+001
    279  7.968417865843298E-005  3.776291602598710E+001
    596  7.943082991993006E-005  1.076305596761092E+002
    730  7.914698118483602E-005  1.124678820560711E+002
    713  7.892610718362132E-005  1.118750446375970E+002
    470  7.874565130615089E-005  5.858950887133865E+001
    733  7.816288644759606E-005  1.125211996768446E+002
    955  7.790525583997337E-005  1.283043098504922E+002
    595  7.764590008209622E-005  1.075727311228692E+002
    480  7.761091720166092E-005  5.887142017505539E+001
    666  7.738399196474965E-005  1.096961217429448E+002
    821  7.734691197531243E-005  1.173213489801490E+002
   1021  7.494217894397754E-005  1.308784400027895E+002
    429  7.457866817293052E-005  5.542704693693687E+001
    658  7.401691892981770E-005  1.092752908733605E+002
    522  7.399505273466872E-005  6.189501394570030E+001
    250  7.391596822470453E-005  3.645071914574685E+001
    808  7.378417659756465E-005  1.166438640424820E+002
    697  7.360774555892614E-005  1.111168086390436E+002
    204  7.332137028424016E-005  3.416741852472765E+001
    487  7.261472890570330E-005  5.901096182276392E+001
    678  7.185158206288216E-005  1.105298402911861E+002
    641  7.142284097576008E-005  1.088136450829588E+002
    285  7.120250483446130E-005  3.794670187788559E+001
    364  7.052723345520489E-005  4.528995878587361E+001
    141  7.002245026229616E-005  3.005205957969120E+001
   1046  7.001760897112479E-005  1.322741703884410E+002
    288  6.943565105780201E-005  3.825168870868715E+001
    360  6.908833082838041E-005  4.501412031898634E+001
    682  6.898137755643880E-005  1.107795174367904E+002
    948  6.867293592814751E-005  1.280530341997139E+002
    500  6.850059480677417E-005  6.016266526055261E+001
   1045  6.765179581420778E-005  1.322246800166877E+002
    110  6.639844935694462E-005  2.890337161783228E+001
    611  6.627479038286560E-005  1.080609110523806E+002
    476  6.487040014036754E-005  5.874284760292872E+001
    896  6.422825045167099E-005  1.231967026860033E+002
    463  6.373260886933037E-005  5.840368106338346E+001
    670  6.355386706625805E-005  1.099218253642219E+002
    354  6.286033581584463E-005  4.358717802496741E+001
    646  6.254880408231469E-005  1.089039652974663E+002
    995  6.215460145864376E-005  1.300556822463785E+002
    457  6.100668085542694E-005  5.770039153165104E+001
    695  6.030593494492018E-005  1.110404578737834E+002
    366  6.029510705107648E-005  4.541480133184800E+001
    717  6.025450530839584E-005  1.119901298340990E+002
    793  5.984967794875407E-005  1.158943894419280E+002
    369  5.963057408713254E-005  4.556664797594529E+001
    284  5.815627312276828E-005  3.794002386601017E+001
    465  5.775250710397697E-005  5.845233409136720E+001
    708  5.769617362049544E-005  1.116659378913442E+002
    423  5.755253863790521E-005  5.491452382822700E+001
    691  5.754355114432390E-005  1.109942746792360E+002
    649  5.616010553544254E-005  1.089557122086210E+002
     42  5.614149930313776E-005  2.442065503900721E+001
    478  5.608464144638974E-005  5.880478287498814E+001
    749  5.595424324862639E-005  1.128862829609149E+002
    608  5.589841135425155E-005  1.080310773431174E+002
    469  5.554421292595431E-005  5.857260373695996E+001
    650  5.554316310028412E-005  1.090061273622073E+002
    937  5.542600280158702E-005  1.275975168353670E+002
    532  5.523297446825098E-005  6.299204701993657E+001
    494  5.520791339600541E-005  5.959072402434833E+001
    780  5.499966508919179E-005  1.153482258688003E+002
    910  5.494891590811125E-005  1.258349422363612E+002
    328  5.483142529023053E-005  3.982877398686839E+001
    227  5.465563611553261E-005  3.461221107986133E+001
    216  5.390046709206151E-005  3.431915233475488E+001
    853  5.384747467360068E-005  1.189950762444425E+002
    945  5.382480495596147E-005  1.278945431870569E+002
    886  5.373849884811638E-005  1.214498350996194E+002
    219  5.363699125998581E-005  3.435584966495736E+001
    226  5.316779118846753E-005  3.460914941435140E+001
    135  5.269985680396344E-005  2.990996926970350E+001
     52  5.267195402409475E-005  2.532370304309600E+001
   1022  5.263576026144432E-005  1.309570316227355E+002
    684  5.258396679278316E-005  1.108055531440044E+002
    789  5.180691946860903E-005  1.157939903252585E+002
    405  5.160413073394682E-005  5.340951413863353E+001
    800  5.121296792670911E-005  1.161811067685375E+002
    796  5.098902273229361E-005  1.160406419035091E+002
    495  5.046414679401944E-005  5.971063876484735E+001
   1014  5.037306095876236E-005  1.306579532637773E+002
    769  5.034650194069567E-005  1.141494817506874E+002
    787  5.032739930624055E-005  1.157066821730262E+002
    604  5.011248765357781E-005  1.078901483894559E+002
    633  5.005818563565468E-005  1.086770367044967E+002
    575  4.984682891403607E-005  1.067636975144964E+002
    505  4.966515769810476E-005  6.089365906344585E+001
    531  4.916319632466942E-005  6.280622541285696E+001
    200  4.893738890238548E-005  3.413076352937113E+001
   1040  4.886036154018555E-005  1.318325334098182E+002
    975  4.855297402784784E-005  1.290479361570385E+002
    484  4.796816553761770E-005  5.894622531819898E+001
    519  4.712688510822256E-005  6.116666091909611E+001
    270  4.670328462795187E-005  3.767493462479421E+001
    645  4.595457865299509E-005  1.088758352374567E+002
    763  4.594526409732149E-005  1.136578287383470E+002
    655  4.566380145678866E-005  1.092114390318620E+002
   1063  4.407468042256479E-005  1.338610239777397E+002
    350  4.400543691610112E-005  4.287084402122760E+001
    593  4.350643385052327E-005  1.074633420950339E+002
     93  4.346918203304847E-005  2.801831476528660E+001
    989  4.337644316215445E-005  1.296856498562064E+002
    368  4.332177885891839E-005  4.552075151204606E+001
    533  4.329399486119209E-005  6.344214913117692E+001
    988  4.323484734013092E-005  1.295230022337254E+002
   1068  4.224760301039297E-005  1.342139437973118E+002
    149  4.195765823408314E-005  3.064428879965062E+001
    709  4.184641729755839E-005  1.116986555393093E+002
    634  4.176464192411594E-005  1.087110579745548E+002
    601  4.170526077814578E-005  1.078222216339937E+002
    437  4.059587431766844E-005  5.567668099873953E+001
    689  4.042744813779898E-005  1.108992280227757E+002
    435  3.984930869530862E-005  5.559833163642786E+001
    447  3.978676615713185E-005  5.692641404400948E+001
    744  3.917774037785551E-005  1.127340165661099E+002
    860  3.881601860198899E-005  1.193608179742887E+002
    954  3.860314971095943E-005  1.282848493157465E+002
    868  3.848444540293181E-005  1.199994649602093E+002
    434  3.835875149623587E-005  5.556859477681133E+001
    125  3.783066619427755E-005  2.955205187993630E+001
     59  3.729524885028093E-005  2.608228483109795E+001
    508  3.630461485212098E-005  6.101348113010317E+001
   1069  3.596540347827419E-005  1.347402109836953E+002
    972  3.582335902822649E-005  1.289491342298440E+002
    748  3.578444794965738E-005  1.128453459062848E+002
    433  3.533095245345876E-005  5.552394895078822E+001
    365  3.467912319454832E-005  4.540196146988517E+001
    225  3.464567858823051E-005  3.458265676939745E+001
    351  3.459561748714511E-005  4.290814690346715E+001
    273  3.448998664719575E-005  3.771236202405859E+001
    958  3.421701926637510E-005  1.283326337970340E+002
    269  3.344081839052926E-005  3.766609016559832E+001
    863  3.331665483168431E-005  1.194780899982511E+002
    790  3.329815794764925E-005  1.158127479939932E+002
    563  3.320235032484608E-005  1.058622417292547E+002
    256  3.313687121720296E-005  3.708485200545782E+001
    815  3.302862073806134E-005  1.170844697210597E+002
     82  3.300626167713829E-005  2.744742479332049E+001
    782  3.292547510919943E-005  1.155663554633046E+002
   1028  3.289711369927093E-005  1.312419762585663E+002
    927  3.219161691764077E-005  1.271118445081471E+002
    591  3.191409804548444E-005  1.073970459895217E+002
    342  3.151954565300894E-005  4.219280462450153E+001
   1005  3.143172576213389E-005  1.302961950162389E+002
    665  3.140867659526530E-005  1.096195054263975E+002
    838  3.104173480399122E-005  1.178077045912047E+002
   1004  3.103424754256157E-005  1.302828791464404E+002
    559  3.101215484121849E-005  1.054467335457494E+002
    963  3.095406460516476E-005  1.284456810480366E+002
    679  3.060175533447312E-005  1.106299731616480E+002
    923  3.025628634383578E-005  1.267345977181097E+002
    657  2.998005783978634E-005  1.092680437977900E+002
    618  2.986521101130752E-005  1.083041655146542E+002
   1038  2.972564854019345E-005  1.317153469634680E+002
    663  2.910508680550163E-005  1.095408569103236E+002
    724  2.898846745712430E-005  1.122474317356576E+002
    799  2.886179328495523E-005  1.161655148393659E+002
    540  2.885010834161621E-005  1.019596674086986E+002
    562  2.865724959284622E-005  1.058125905236654E+002
    459  2.856522791384134E-005  5.797524108925945E+001
    475  2.856210328639916E-005  5.870955367754343E+001
    461  2.840420060942795E-005  5.832169084274378E+001
    922  2.828930101825772E-005  1.267277337836395E+002
    139  2.794779244688839E-005  3.001327528760398E+001
    706  2.742937083961538E-005  1.115644797142602E+002
    373  2.742480135552154E-005  4.573517441489172E+001
    362  2.700426209343800E-005  4.520209191521082E+001
    488  2.651918002641066E-005  5.904214899548738E+001
    428  2.643665257667662E-005  5.539697768550786E+001
    619  2.642806310815936E-005  1.083262496248409E+002
    271  2.641572237414076E-005  3.769377629908810E+001
    943  2.628436104098612E-005  1.278255860865938E+002
    804  2.619359512523062E-005  1.164307012054320E+002
   1034  2.596688596320484E-005  1.314975717016592E+002
     76  2.596047117798207E-005  2.719040433196805E+001
    685  2.562420718213975E-005  1.108208915724099E+002
    371  2.554256812056163E-005  4.567834615857563E+001
    506  2.533687994017590E-005  6.092479484159845E+001
     14  2.526612223937264E-005  2.047451167645159E+001
    175  2.514220839590493E-005  3.282740528695558E+001
    929  2.509686625896849E-005  1.272324166790593E+002
   1041  2.500731990997357E-005  1.318604688563310E+002
    530  2.494524513805771E-005  6.265828803408258E+001
   1044  2.493691093934384E-005  1.320835593454495E+002
    209  2.488713770058085E-005  3.420776675567321E+001
    952  2.479490314296873E-005  1.282170243378332E+002
    625  2.474931432456868E-005  1.084878781680722E+002
    640  2.425213814210696E-005  1.088027953187827E+002
    862  2.381502597037662E-005  1.194326389788892E+002
    845  2.362960203436131E-005  1.182722434309271E+002
     67  2.357889569443286E-005  2.663955326886673E+001
    148  2.343129414563228E-005  3.055713011308698E+001
    707  2.341257423806639E-005  1.116484954290111E+002
    224  2.328124394105201E-005  3.456258153743839E+001
    994  2.327761243241148E-005  1.299886393654431E+002
    781  2.322656078063359E-005  1.155015502370288E+002
    687  2.266874124566315E-005  1.108477970364615E+002
    585  2.244267107528471E-005  1.071721890576240E+002
    482  2.209924444092007E-005  5.890508639424976E+001
    483  2.140483716876250E-005  5.892865432514233E+001
    424  2.124957303333947E-005  5.504400290817051E+001
    345  2.095714365076212E-005  4.248475366295001E+001
   1002  2.094095607274123E-005  1.301955720736593E+002
    699  2.081681206172210E-005  1.111753891148923E+002
    154  2.073872031912430E-005  3.128025029310897E+001
    586  2.073556209340541E-005  1.072414988471015E+002
    311  2.072238581743449E-005  3.939193935233331E+001
    566  2.070923028832430E-005  1.060197199307676E+002
    262  2.067662350259059E-005  3.754826259370084E+001
    333  2.057976769124055E-005  4.050570323460023E+001
   1011  2.054457056264634E-005  1.305590563134582E+002
    590  2.053800869917709E-005  1.073381491314167E+002
   1076  2.049661905625169E-005  1.858411948136732E+002
    962  2.038605243847268E-005  1.284190833846668E+002
    677  2.035753967520459E-005  1.104103779431708E+002
    648  2.024952322858603E-005  1.089328290594756E+002
    651  2.008672950719214E-005  1.090123807306586E+002
    846  2.003405114207822E-005  1.183733977129572E+002
    849  2.000343102252479E-005  1.186556798515274E+002
    623  1.973422685360969E-005  1.084311616311891E+002
    770  1.957611895747575E-005  1.141655133118217E+002
    732  1.954328105601135E-005  1.124809932511083E+002
    668  1.951003926860502E-005  1.098358517134249E+002
    968  1.939265197547864E-005  1.287893908307005E+002
    915  1.937004875411947E-005  1.261627872997085E+002
    600  1.930084240188700E-005  1.078192567961393E+002
    258  1.917858219197574E-005  3.725675246841864E+001
     41  1.914264582637159E-005  2.434332602389209E+001
    510  1.909094687019972E-005  6.106496915014706E+001
   1061  1.907287505919528E-005  1.338239896777959E+002
    932  1.904846572098255E-005  1.272890793904072E+002
    122  1.903167834159967E-005  2.942821875092930E+001
   1065  1.890301713331628E-005  1.340986810838602E+002
     55  1.889140971132640E-005  2.564739582447731E+001
    278  1.888566300750854E-005  3.775225448216675E+001
    949  1.854860025862969E-005  1.280833568476082E+002
    627  1.853586791933173E-005  1.085359599099982E+002
    442  1.851893934395459E-005  5.605259237502305E+001
    235  1.850136246420283E-005  3.553329683850696E+001
    355  1.850078648870357E-005  4.365668409738398E+001
    714  1.843029304840219E-005  1.118865310298163E+002
    693  1.836205738022778E-005  1.110198391814811E+002
    556  1.823930502066507E-005  1.053074591696642E+002
    893  1.806996543966856E-005  1.225899968537864E+002
    727  1.798988791451260E-005  1.123838421661365E+002
    809  1.791426057675453E-005  1.168273457040169E+002
    642  1.778735305188963E-005  1.088349318990273E+002
    852  1.762333249445309E-005  1.189308904937423E+002
    794  1.756919881623138E-005  1.159299755047292E+002
    715  1.740356168692663E-005  1.119122168057061E+002
    758  1.719904203038872E-005  1.131945788764974E+002
    215  1.715383252698343E-005  3.430912489816387E+001
    660  1.709314512716858E-005  1.093929129115852E+002
    854  1.709163634056778E-005  1.190938927222375E+002
    117  1.705292419204818E-005  2.915145470361619E+001
    903  1.700461507072379E-005  1.249295857950171E+002
    696  1.696528686866060E-005  1.111110130672436E+002
    786  1.693381495449127E-005  1.156679892855772E+002
    637  1.693150755383077E-005  1.087708716348475E+002
     73  1.687051382890834E-005  2.704395448663374E+001
    283  1.677781353059858E-005  3.781664732037148E+001
   1035  1.672066294426992E-005  1.315022364948826E+002
    177  1.642576566756126E-005  3.286305119332699E+001
    880  1.610078871706476E-005  1.209811659012211E+002
    489  1.608120881143187E-005  5.906665573291085E+001
    408  1.589428616680954E-005  5.368647704938994E+001
    513  1.574431189718360E-005  6.111701004965728E+001
   1048  1.568749481797913E-005  1.325281096806480E+002
    119  1.558996325791818E-005  2.929038281335912E+001
    982  1.542798804295101E-005  1.293230544301462E+002
   1027  1.516209759870948E-005  1.311414239553258E+002
    865  1.510860516216324E-005  1.195233182598442E+002
    375  1.480786285078470E-005  4.577921754207221E+001
    767  1.467840284167879E-005  1.139787538815297E+002
    822  1.465611192621101E-005  1.173379890193997E+002
    145  1.450376511905489E-005  3.035386176419680E+001
    990  1.437184911357703E-005  1.297249883032466E+002
    931  1.432526458092748E-005  1.272754104030811E+002
    664  1.432498741963509E-005  1.095868237421283E+002
     86  1.424106316484988E-005  2.760340701365068E+001
    847  1.417729999422710E-005  1.183795327778256E+002
   1043  1.411059028552953E-005  1.320181582363304E+002
    287  1.397017920078585E-005  3.806334999222836E+001
    409  1.392791526552958E-005  5.377950655266745E+001
   1017  1.379709750826500E-005  1.307020085696559E+002
    509  1.359050980470139E-005  6.104665142125116E+001
   1010  1.354207479831877E-005  1.305150376372933E+002
    879  1.343851326305975E-005  1.208628531744268E+002
    985  1.330237177876335E-005  1.294454523269476E+002
   1054  1.305540959197647E-005  1.332101619260334E+002
    603  1.304259626893699E-005  1.078480909052838E+002
    913  1.270156331751969E-005  1.260963173315474E+002
    372  1.226427587300643E-005  4.569660817760900E+001
    871  1.214766718939272E-005  1.204638135739833E+002
    764  1.214687787522103E-005  1.137269990775531E+002
    792  1.201158400504416E-005  1.158579110744502E+002
    739  1.188647555490945E-005  1.126267264275300E+002
    398  1.187777339576055E-005  5.298968704937109E+001
    228  1.179921510217570E-005  3.465329128304563E+001
    416  1.168638892500765E-005  5.412105627361211E+001
    908  1.161900146659796E-005  1.256350992978881E+002
    300  1.158050575114134E-005  3.871033423098082E+001
    761  1.157477739900182E-005  1.134019555363662E+002
    525  1.154252754747231E-005  6.201689187624501E+001
    933  1.134484360835332E-005  1.272967505112425E+002
    159  1.109104104285252E-005  3.140014259635325E+001
    662  1.079965145300554E-005  1.094304874643061E+002
    703  1.075439376808284E-005  1.113359924967504E+002
    507  1.037317701394131E-005  6.098134465730102E+001
    614  1.033998748662132E-005  1.081499604581023E+002
    978  1.030829571653931E-005  1.291764873003617E+002
    477  1.024762295057830E-005  5.875439662154096E+001
    828  1.023143583967324E-005  1.175132070682912E+002
    901  1.002508146632777E-005  1.246352700151236E+002
    341  9.847494720702680E-006  4.207899368185591E+001
    805  9.747000594611127E-006  1.165442309434909E+002
    582  9.725122133336314E-006  1.069886979669129E+002
    496  9.711992973057881E-006  5.977778544840232E+001
     87  9.704566945052121E-006  2.773505635732142E+001
    688  9.619273099853740E-006  1.108652117541332E+002
    957  9.615368221122708E-006  1.283224605383935E+002
    254  9.540966174011554E-006  3.696870162494890E+001
   1051  9.466320455797108E-006  1.330173846663143E+002
    939  9.409877782426139E-006  1.276788938661296E+002
    414  9.406593874066359E-006  5.408443269732371E+001
    353  9.304425168846388E-006  4.354452657935016E+001
   1025  9.221316352253786E-006  1.310823101564250E+002
    644  9.111527108829712E-006  1.088699046594824E+002
    711  9.104368082907212E-006  1.117833092223069E+002
   1013  8.936841684596310E-006  1.306191025791559E+002
    920  8.898688860834940E-006  1.265729199247587E+002
    462  8.771786161923477E-006  5.834568949164402E+001
    580  8.739619155331220E-006  1.069063882425304E+002
    705  8.730809430469404E-006  1.114879185885843E+002
    597  8.496998604992872E-006  1.076362394255561E+002
     12  8.468210039225410E-006  1.791855268392995E+001
    921  8.423879699626671E-006  1.266347372507485E+002
    238  8.415462337280871E-006  3.562010162214489E+001
   1012  8.322318597634188E-006  1.305860585800326E+002
    859  8.273065064616592E-006  1.193117826572047E+002
    126  8.145203613589270E-006  2.957864372821811E+001
    798  8.042752912980319E-006  1.161233232814441E+002
   1057  7.871902442525869E-006  1.332882698940204E+002
    412  7.788143539373911E-006  5.399327798218789E+001
    233  7.745025060932756E-006  3.536858076063520E+001
    942  7.620297382042496E-006  1.277896527703618E+002
    643  7.609085421679634E-006  1.088529165631816E+002
    635  7.414060501623587E-006  1.087402789130293E+002
    667  7.344303358000317E-006  1.098231148083649E+002
    728  7.206360850051318E-006  1.123911467240560E+002
    456  6.872774549390970E-006  5.758475825352298E+001
    961  6.856515338351977E-006  1.283826108536399E+002
    541  6.764349094774489E-006  1.020561485810812E+002
    702  6.741701107022297E-006  1.112791472783473E+002
    653  6.732553455817889E-006  1.090926521840726E+002
    951  6.709998301717264E-006  1.282127111215003E+002
    520  6.559605391003007E-006  6.117519869664547E+001
    894  6.522848783718083E-006  1.226855190700912E+002
    905  6.425673616728111E-006  1.252963463377060E+002
    587  6.379427887949254E-006  1.072564562863978E+002
    169  6.353644167822349E-006  3.225245008090104E+001
    907  6.211185417807129E-006  1.254774984052440E+002
    938  6.115139899517482E-006  1.276246332177813E+002
    432  6.092061783484912E-006  5.551253331854516E+001
    878  6.092058531659952E-006  1.208553192243232E+002
    888  6.071609786964161E-006  1.215384892766490E+002
    747  6.067326905033450E-006  1.128221651622354E+002
    548  5.978356664409025E-006  1.041098140943872E+002
     48  5.972945090728480E-006  2.521050943974308E+001
    592  5.965466281799696E-006  1.074010896433819E+002
    925  5.932408812089513E-006  1.268943605090481E+002
    606  5.875917782092351E-006  1.079754075340127E+002
    911  5.868551690011251E-006  1.258968376271585E+002
    729  5.749495182306697E-006  1.124070412533170E+002
    766  5.745981958229546E-006  1.138313497862233E+002
   1003  5.737414054219537E-006  1.302792324598297E+002
    638  5.506030277322723E-006  1.087773663504995E+002
    788  5.486922272235780E-006  1.157595566872355E+002
    820  5.470531053230139E-006  1.173160626674297E+002
    980  5.434301421815082E-006  1.292322903638887E+002
    935  5.388567115854051E-006  1.274477748704804E+002
    987  5.365178186095295E-006  1.295218650079724E+002
    831  5.333844398610805E-006  1.175849164822640E+002
    839  5.230079018769845E-006  1.178451551754228E+002
    498  5.200149415443898E-006  6.006055704270973E+001
    873  5.197381976201511E-006  1.205400953636918E+002
    779  5.165347952896396E-006  1.153237642854880E+002
    124  4.908861411529449E-006  2.953039329658957E+001
    753  4.866741771850831E-006  1.130399909728984E+002
    818  4.512375727908014E-006  1.172202887178189E+002
    851  4.461988734692556E-006  1.189105890777936E+002
    977  4.413800599692679E-006  1.291448023039548E+002
    722  4.383955022239203E-006  1.121989232781130E+002
    726  4.288015384131948E-006  1.123280306605216E+002
    890  4.258898120904789E-006  1.222269695705770E+002
    673  4.248332688198564E-006  1.101090602242966E+002
    936  4.074338293063450E-006  1.275963114471066E+002
    263  4.001553961962275E-006  3.756851288337069E+001
    900  3.998231244006238E-006  1.240255399934555E+002
   1023  3.979705055469614E-006  1.309907545973144E+002
   1009  3.956588421074414E-006  1.304609142394732E+002
   1032  3.897901849896026E-006  1.314270448258869E+002
    950  3.827792293133650E-006  1.281356928004739E+002
    776  3.820306649286037E-006  1.150535509847603E+002
     56  3.796938118540332E-006  2.577494999028338E+001
    882  3.768518271573879E-006  1.212606419968792E+002
   1006  3.706066233559665E-006  1.303473844140781E+002
    737  3.619001394522418E-006  1.125716601108342E+002
    912  3.521863644240434E-006  1.259977317017505E+002
    750  3.497737306387926E-006  1.128980084302201E+002
    630  3.449359383033132E-006  1.086464564510315E+002
     47  3.272325412357147E-006  2.514695584094496E+001
    976  3.250013224763105E-006  1.291265023483052E+002
    735  3.249145543942717E-006  1.125422257639707E+002
    340  3.242045516941198E-006  4.203744443197692E+001
    953  3.205103138288462E-006  1.282835790234384E+002
    917  3.191258823238270E-006  1.262583151256411E+002
    232  3.121394378759257E-006  3.530982942235851E+001
    834  3.085953406146625E-006  1.176651591794238E+002
    388  3.078767424533697E-006  4.916519389587509E+001
    802  3.064569042788550E-006  1.163074247182627E+002
    866  3.064374438948249E-006  1.198737679274225E+002
    826  3.014439121845586E-006  1.174535409692338E+002
    811  2.953731767470485E-006  1.169131613251637E+002
    930  2.931214524837286E-006  1.272550109882912E+002
    861  2.917865041119570E-006  1.193618968506130E+002
    959  2.912963818012975E-006  1.283643788123119E+002
    173  2.911443845595024E-006  3.267731285541730E+001
    941  2.907169483311278E-006  1.277239710636116E+002
    720  2.848554763174176E-006  1.121496181246094E+002
   1000  2.805616918015537E-006  1.301375093272533E+002
    557  2.783543560146952E-006  1.053298087456868E+002
    146  2.726006645821701E-006  3.038455959742199E+001
    884  2.655019672750801E-006  1.212913619330936E+002
    193  2.535591381209754E-006  3.387383688791338E+001
    266  2.454613897166044E-006  3.763404507858488E+001
    132  2.434881418758127E-006  2.978147182311027E+001
    857  2.425756184234153E-006  1.192977858717030E+002
    906  2.409407983974285E-006  1.253859334012492E+002
     54  2.401472761810946E-006  2.537118147105558E+001
    876  2.396034613463008E-006  1.207338716680959E+002
    756  2.348223655667831E-006  1.131019348749128E+002
    740  2.343745168037319E-006  1.126281679605138E+002
    363  2.278578136404456E-006  4.523665715266514E+001
    830  2.271795557078746E-006  1.175448785112390E+002
    286  2.219878751245761E-006  3.806107114689090E+001
    626  2.174056477786299E-006  1.085197354965440E+002
   1037  2.097790616858924E-006  1.316166834102353E+002
   1031  2.031643866179132E-006  1.313824495210718E+002
    969  2.026258133133482E-006  1.288232913140608E+002
    292  1.971047136139258E-006  3.837765227419467E+001
      1  1.953030804216037E-006  1.480943860687432E+001
    264  1.933753187545889E-006  3.760740200223662E+001
     81  1.914532967218804E-006  2.737831616504717E+001
    916  1.913919567800934E-006  1.261858055404796E+002
    581  1.909001510473944E-006  1.069166383916512E+002
    856  1.884033170998584E-006  1.192407591408727E+002
    993  1.869246565640994E-006  1.299638892136509E+002
    322  1.839107778108682E-006  3.962934885257222E+001
    391  1.809749048106543E-006  4.935295074539214E+001
    867  1.798212445507415E-006  1.199420338065019E+002
    819  1.752706734966432E-006  1.172617623112352E+002
    252  1.726083156389690E-006  3.681481496629917E+001
    736  1.660330689913255E-006  1.125700463249535E+002
    773  1.622624631997577E-006  1.146041296786391E+002
   1073  1.612025980631896E-006  1.355646294676644E+002
    516  1.589068064501604E-006  6.114879167768425E+001
    628  1.451528176518032E-006  1.085999071252231E+002
   1036  1.424408161672055E-006  1.315563975924429E+002
    140  1.420915647102346E-006  3.002380690834687E+001
    841  1.402648211273725E-006  1.180046875638410E+002
    946  1.375893776731458E-006  1.279201366409634E+002
    499  1.373762093362377E-006  6.010190034988052E+001
    639  1.312680453787018E-006  1.087924757147032E+002
   1056  1.311149949450163E-006  1.332822863268028E+002
    731  1.304532645871807E-006  1.124795031346507E+002
    629  1.299474779841476E-006  1.086436456014825E+002
    745  1.297204045750452E-006  1.127541380335163E+002
    612  1.293867959103590E-006  1.080838271474082E+002
    198  1.281590638190452E-006  3.410095577154824E+001
    178  1.255676455703263E-006  3.291892583427273E+001
    887  1.253092383701695E-006  1.215278324822884E+002
    956  1.207945068951134E-006  1.283075816024711E+002
    974  1.207425007092063E-006  1.290391941684268E+002
    869  1.181451775278675E-006  1.201465244096069E+002
    675  1.180993144500008E-006  1.101932688761904E+002
    814  1.164306981287462E-006  1.170571282096026E+002
     32  1.159830905155110E-006  2.386019687247388E+001
    803  1.112908920714940E-006  1.163959410830473E+002
    129  1.109855952611284E-006  2.967722940199728E+001
    439  1.019834302021879E-006  5.581771077364913E+001
    468  1.015464451942654E-006  5.850419738659161E+001
    768  9.692510512010257E-007  1.140511281344195E+002
    825  9.655502380211216E-007  1.174155068731360E+002
    244  9.654081181677431E-007  3.582009297825139E+001
    947  9.385369796046596E-007  1.280025795512814E+002
    904  9.271946402187653E-007  1.250437756508075E+002
     49  9.191898809823154E-007  2.521926711432687E+001
   1059  9.041382029910851E-007  1.335352794510990E+002
    855  8.939310581971567E-007  1.192335282432478E+002
    704  8.825315858194814E-007  1.114088220449556E+002
      4  8.528744506175109E-007  1.555889535187236E+001
    397  7.984210613843871E-007  5.292984574180642E+001
    701  7.215873177431180E-007  1.112655741498095E+002
   1007  7.168174259016102E-007  1.303971511397991E+002
    914  6.780763688701307E-007  1.261343003660832E+002
    534  6.693974396555150E-007  6.352992396574133E+001
    971  6.467144166566951E-007  1.289111652451389E+002
    877  6.347389575634355E-007  1.207635072396237E+002
    718  6.215211838068404E-007  1.120307816427976E+002
    473  6.138023333030253E-007  5.864875851961727E+001
    268  5.765741636685958E-007  3.765614789507087E+001
    754  5.762375732410293E-007  1.130532912402911E+002
     99  5.651485496710873E-007  2.813215700322161E+001
    864  5.203639024541640E-007  1.195154318953015E+002
    742  4.966974980001084E-007  1.126546326383816E+002
    620  4.895847056523919E-007  1.083700393844588E+002
    801  4.882692110162149E-007  1.162412158177078E+002
    775  4.634642489524700E-007  1.149447083106751E+002
   1030  4.546570538739616E-007  1.313677884464318E+002
   1015  4.356488475032257E-007  1.306693309857935E+002
    734  4.275679338937099E-007  1.125227414297757E+002
    918  4.102105631408922E-007  1.263810693695273E+002
    265  4.050682144572373E-007  3.762418150997995E+001
    833  4.002425058553406E-007  1.176450554682990E+002
    829  3.829774093980592E-007  1.175434491795728E+002
    883  3.576039603584989E-007  1.212822283474710E+002
    759  3.113916743130356E-007  1.132523759465808E+002
    406  3.101308893693696E-007  5.347162595814701E+001
    166  3.076769223940034E-007  3.197534022905977E+001
    652  2.848209673148117E-007  1.090805000764319E+002
   1049  2.751016280442370E-007  1.325964910892840E+002
    999  2.573586990753603E-007  1.301340763851820E+002
    723  2.498616205605453E-007  1.122249597820348E+002
    752  2.174179134317749E-007  1.129825416205730E+002
    891  2.049858788986605E-007  1.222344606190913E+002
    247  1.913781011461892E-007  3.613855018049320E+001
   1019  1.903974141439901E-007  1.307856127904329E+002
    823  1.847341384888688E-007  1.173434151863991E+002
    647  1.825218714226786E-007  1.089204596390746E+002
    631  1.723081368502107E-007  1.086593678715634E+002
    850  1.630671116815397E-007  1.188640670964077E+002
    872  1.478872979512500E-007  1.204992644439996E+002
    979  1.472736545350996E-007  1.292073280791942E+002
    267  1.411060763508152E-007  3.763942844703926E+001
    983  1.195099257115196E-007  1.293699640118089E+002
    113  1.190022552459567E-007  2.894608485543543E+001
    840  1.131525684977376E-007  1.179674198090055E+002
    897  8.577227810899997E-008  1.233154024205701E+002
    443  6.841835960446670E-008  5.615506371008289E+001
    996  5.776379841611488E-008  1.300741546440489E+002
    501  4.796839390738961E-008  6.025540211442135E+001
    680  4.245198932221523E-008  1.106808485277705E+002
    885  4.066300184455966E-008  1.213849358963692E+002
    965  3.336683286909380E-008  1.286084743618769E+002
   1077  2.772684399373025E-008  6.189178021453241E+002
    806  2.279896683787236E-008  1.165904998677036E+002
    874  2.188113822467422E-008  1.206463359037059E+002
    743  2.141462113670434E-008  1.126739704882794E+002
    827  1.781598143186919E-008  1.174913134466901E+002
    669  1.447855110339435E-008  1.098991161820264E+002
    152  1.273057642131868E-008  3.107793476288124E+001
    835  1.217317718145253E-008  1.176766134664512E+002
    889  1.101294421707902E-008  1.221096476933091E+002
    986  1.074780131773119E-008  1.294778988001748E+002
    881  4.325295081259483E-009  1.212001054655417E+002
    598  3.415449218712917E-009  1.077082259858063E+002
    760  2.773493257126953E-009  1.133648679091437E+002
    692  1.094062532679240E-009  1.109991362888409E+002
    719  1.067936190001588E-009  1.120361196403708E+002
    421  6.101671796352066E-010  5.469982084171487E+001
    490  5.582245573091279E-010  5.909746584665749E+001
    837  2.078489437295460E-010  1.177814246314451E+002
    848  2.866477273965778E-011  1.185512117490796E+002
    576  1.364341019998384E-011  1.068188420241767E+002
