# Number of modes
   1077
# Tabulated for different initial and final frequencies?
    F
# Mode index, Sj, (highest to lowest), omega_j
    547  1.211380693142433E-001  1.040413527560943E+002
      7  3.010626014526794E-002  1.598850297870253E+001
     23  1.583437049727099E-002  2.160694502786773E+001
      8  1.477220646843388E-002  1.603898235084092E+001
    418  1.389871564068652E-002  5.440760214654593E+001
     24  1.195559898296092E-002  2.165827626673025E+001
     38  1.130444583942299E-002  2.415274881711009E+001
    546  9.003117325159245E-003  1.038908634804570E+002
    297  8.393148138478808E-003  3.850412000814609E+001
    419  7.187564259027769E-003  5.447434435004674E+001
     64  7.184809769830075E-003  2.637954322898939E+001
    384  6.513017736267645E-003  4.693482184770667E+001
    544  6.414170921263617E-003  1.037287728441322E+002
    114  6.247557367740021E-003  2.903390568794284E+001
    551  5.983841771840664E-003  1.044758850995860E+002
    296  5.306086877956523E-003  3.847026909032138E+001
     18  5.178697385003682E-003  2.124694793769305E+001
    300  5.029898293441012E-003  3.871033423098082E+001
    549  4.965473613543252E-003  1.043755820157491E+002
    554  4.597209764814140E-003  1.048978551747549E+002
      2  4.328665297829832E-003  1.507477314615795E+001
    425  4.004379490187272E-003  5.512885982268182E+001
     58  4.003995474185906E-003  2.603619761911758E+001
    100  3.965262923739950E-003  2.814590236831992E+001
    103  3.879363957975080E-003  2.854698030319213E+001
    251  3.667033448972007E-003  3.670193646720268E+001
    294  3.392283158078771E-003  3.844005427068350E+001
     65  3.264236829752819E-003  2.645533186342116E+001
      5  3.255482775613488E-003  1.580375607842547E+001
     51  3.238789208182609E-003  2.527497960196780E+001
    566  3.216337756307894E-003  1.060197199307676E+002
     31  2.837263648053219E-003  2.349957735236975E+001
    301  2.771242930163293E-003  3.874125966254066E+001
    199  2.684670260596437E-003  3.411214171315592E+001
   1070  2.523084803653413E-003  1.350535885837313E+002
   1062  2.485273099056814E-003  1.338537297016246E+002
     70  2.437565642694465E-003  2.683332853591699E+001
     91  2.400791283582049E-003  2.795709450840539E+001
    474  2.259866252343235E-003  5.866520048333617E+001
    330  2.253972600860426E-003  4.000719691328421E+001
    393  2.151828861572663E-003  5.117422678475859E+001
    552  2.119622199474016E-003  1.045004516183760E+002
    290  2.111608539029893E-003  3.834059039797889E+001
    248  2.030120307451474E-003  3.617742791171408E+001
    563  1.993447843761609E-003  1.058622417292547E+002
   1048  1.949893493929896E-003  1.325281096806480E+002
    390  1.921009895210236E-003  4.930034545373515E+001
    229  1.880302421603051E-003  3.477639317683153E+001
   1058  1.840419551289875E-003  1.334381531708862E+002
     97  1.803867394450272E-003  2.809615145046481E+001
     60  1.794879708759531E-003  2.612817271153773E+001
    142  1.790156141146153E-003  3.011700635419402E+001
     92  1.782840031501867E-003  2.796966533379813E+001
    423  1.751325028085559E-003  5.491452382822700E+001
     71  1.744881533185283E-003  2.691074291878593E+001
    536  1.722469256603831E-003  7.244369170766353E+001
    454  1.715870756252366E-003  5.753531790534946E+001
   1060  1.697923243347193E-003  1.336329109810919E+002
    391  1.693286030079221E-003  4.935295074539214E+001
    450  1.668497153073959E-003  5.723022636777802E+001
    198  1.633280142698907E-003  3.410095577154824E+001
     11  1.585500260965750E-003  1.771447447329438E+001
    537  1.583509283583255E-003  7.348438751630307E+001
    303  1.566388578430581E-003  3.891633174738261E+001
      9  1.519658699297929E-003  1.615282072713023E+001
    255  1.515601510961562E-003  3.705801266502003E+001
     85  1.511238008205257E-003  2.757726243328665E+001
    291  1.505669791594863E-003  3.834865717601958E+001
    445  1.394245870618223E-003  5.650985963977887E+001
    347  1.364896232114597E-003  4.251894246220620E+001
     20  1.323907505851938E-003  2.146722812704134E+001
   1061  1.198429681572760E-003  1.338239896777959E+002
   1075  1.182133469732459E-003  1.852007864492208E+002
    407  1.131532736742004E-003  5.355040632372296E+001
    358  1.102970293836400E-003  4.418411045040358E+001
    180  1.087608266967628E-003  3.306959511625761E+001
    346  1.080322033024254E-003  4.251353138364797E+001
    298  1.078419738525490E-003  3.860785506393049E+001
     66  1.059950716463591E-003  2.653041695388611E+001
    378  1.053295295048115E-003  4.609481655347708E+001
    188  1.047184370728309E-003  3.343297855491465E+001
    207  1.043364877235784E-003  3.419271829752626E+001
    453  1.039564428792642E-003  5.734859743017803E+001
    288  1.015990554691797E-003  3.825168870868715E+001
    405  1.007912408331328E-003  5.340951413863353E+001
     22  9.992432189875661E-004  2.149928230079738E+001
     36  9.958515288727848E-004  2.408548968715760E+001
    161  9.756070905191163E-004  3.141544799468193E+001
    272  9.730773549531389E-004  3.770876893490352E+001
     89  9.516287200039734E-004  2.787565477396676E+001
     95  9.487510432013002E-004  2.806113631432304E+001
   1064  9.364217083631349E-004  1.339182935247794E+002
    183  9.122452152648444E-004  3.317747871488443E+001
    539  8.884769544939905E-004  1.004038214764926E+002
    205  8.793745014410999E-004  3.418138862993963E+001
    385  8.691147254416396E-004  4.744969147605799E+001
    777  8.629533561966498E-004  1.150636811545726E+002
    568  8.627142795094454E-004  1.063884322375297E+002
   1057  8.456609192508907E-004  1.332882698940204E+002
    403  8.355292642499355E-004  5.332276567118551E+001
    108  8.219816586944802E-004  2.884206820739177E+001
    151  8.198671466538318E-004  3.097448214004631E+001
    241  8.057018775416681E-004  3.573178726353736E+001
     74  8.043784312352793E-004  2.706787664592100E+001
    452  7.840309168003739E-004  5.732416656661538E+001
    422  7.677925522962982E-004  5.478392604221921E+001
    426  7.663628017737249E-004  5.521112029631625E+001
    195  7.657869008615331E-004  3.399004655216064E+001
     42  7.446938318769126E-004  2.442065503900721E+001
    281  7.122374091115637E-004  3.778222215271058E+001
    613  7.072784873386529E-004  1.081325074305931E+002
    395  7.004129439893514E-004  5.279005865968511E+001
    282  6.870090297565706E-004  3.781601762519486E+001
    376  6.856543710933709E-004  4.578482274843697E+001
    160  6.852333280188727E-004  3.140287364756382E+001
    274  6.849858524366150E-004  3.771469066363962E+001
    966  6.846162291465773E-004  1.287120665380274E+002
     44  6.835469937435170E-004  2.487547588775838E+001
    570  6.796515904463080E-004  1.064458450110351E+002
    165  6.777388681767079E-004  3.194792507678593E+001
     90  6.768531852858487E-004  2.792299487571685E+001
    182  6.761376492941610E-004  3.313118961536368E+001
    101  6.745824659269014E-004  2.816121926613436E+001
    472  6.740034708396236E-004  5.860732378330380E+001
    348  6.733332712924693E-004  4.278252907839931E+001
    588  6.681923610604246E-004  1.072780161282308E+002
    120  6.509500952859479E-004  2.935022978395871E+001
    813  6.509167348983705E-004  1.170211975618395E+002
    131  6.487035252537973E-004  2.976719894627799E+001
    258  6.284947603708121E-004  3.725675246841864E+001
   1074  6.265978651339508E-004  1.357832717908243E+002
    158  6.223929326337325E-004  3.138637587596471E+001
   1029  6.077256189019901E-004  1.312589073638632E+002
     43  6.058538960973655E-004  2.485090944939308E+001
    106  5.987639065660721E-004  2.873147041157064E+001
   1042  5.901452307433691E-004  1.319938555239870E+002
     46  5.841091006967072E-004  2.508968851186969E+001
    138  5.828458274881119E-004  2.998810658959070E+001
    143  5.752203493863102E-004  3.021552765862468E+001
    245  5.748602340567708E-004  3.584895809931362E+001
    512  5.747787428652808E-004  6.110465593383906E+001
    249  5.721077439811612E-004  3.643158917315001E+001
    331  5.644906864514192E-004  4.033978069592825E+001
    128  5.622768981005293E-004  2.964876822252022E+001
    778  5.440155536200876E-004  1.153062331743218E+002
    485  5.423758312991725E-004  5.896971858223063E+001
    133  5.311878169353896E-004  2.980777525245198E+001
     33  5.279126917053550E-004  2.387502434282544E+001
    325  5.180342917374258E-004  3.979678053884171E+001
     54  5.133357456151549E-004  2.537118147105558E+001
   1053  5.085901926784223E-004  1.331993000158318E+002
    221  5.067333433386382E-004  3.444064242877499E+001
    415  5.055114702356155E-004  5.409773008136273E+001
    185  5.018140249712017E-004  3.329017879350934E+001
    320  4.967213147797551E-004  3.958466091098631E+001
   1050  4.906920823518577E-004  1.326682006609648E+002
      3  4.742649098300326E-004  1.530095081680193E+001
    157  4.728183972470167E-004  3.136040875348826E+001
    431  4.713605884546575E-004  5.545822575490884E+001
   1055  4.699086760864012E-004  1.332315483337306E+002
    202  4.681643206467134E-004  3.414693728338715E+001
    136  4.463208031714956E-004  2.995197020395121E+001
    580  4.451068748789219E-004  1.069063882425304E+002
    289  4.448013178126209E-004  3.832422991649202E+001
    997  4.432505052385530E-004  1.300952728722026E+002
    212  4.408175823230547E-004  3.425448747044050E+001
    196  4.388471972650332E-004  3.402217963204272E+001
    217  4.266549439139966E-004  3.432077633458158E+001
    467  4.241788611632939E-004  5.850070475174659E+001
    329  4.217495779700935E-004  3.994917835777716E+001
    456  4.212070470674118E-004  5.758475825352298E+001
    386  4.196653265453316E-004  4.778448827008048E+001
    527  4.174108528745710E-004  6.211137902133680E+001
    399  4.172852216221213E-004  5.300117686152819E+001
    417  4.155202756688483E-004  5.432386496665636E+001
    210  4.151572340903792E-004  3.421873300884823E+001
    413  4.151057855656444E-004  5.407796767412047E+001
    783  4.089581863692526E-004  1.155776779712016E+002
    392  3.999303301683964E-004  4.975569880244111E+001
    438  3.954351644348157E-004  5.568774314714533E+001
    153  3.940297433957674E-004  3.119128674334460E+001
    134  3.920664220869339E-004  2.989081555609098E+001
    602  3.913814165481918E-004  1.078335831208874E+002
    816  3.865633668882381E-004  1.170854692244173E+002
    115  3.822418526078906E-004  2.908676806680809E+001
     34  3.786909029040448E-004  2.394870774261297E+001
     10  3.779888961018232E-004  1.630017574824609E+001
   1016  3.767044909878294E-004  1.306784011483153E+002
    504  3.718215938983319E-004  6.073767201700102E+001
    184  3.712989601848103E-004  3.328145954751520E+001
    564  3.660461709596264E-004  1.059223740174141E+002
    810  3.629792316343501E-004  1.168542717379606E+002
    246  3.622594059848182E-004  3.612200287477440E+001
    116  3.598890760249751E-004  2.910094471225916E+001
   1020  3.547230001152032E-004  1.308300137670077E+002
    239  3.542138538921637E-004  3.564788119351169E+001
   1052  3.529342457561749E-004  1.330891459743712E+002
    192  3.525238881128869E-004  3.373139183933635E+001
    615  3.490402638900272E-004  1.081646255451844E+002
    545  3.485013741835505E-004  1.038885725205099E+002
    379  3.419874304366300E-004  4.610002508350383E+001
    352  3.417444608843701E-004  4.345183818831803E+001
    357  3.365483512873155E-004  4.413715889769129E+001
    535  3.334331394111161E-004  7.234684016852472E+001
     27  3.318773382249609E-004  2.288948685305089E+001
    842  3.229971372926536E-004  1.180365480395604E+002
     62  3.228779429727627E-004  2.630569023157911E+001
      6  3.182773003766393E-004  1.593905863128156E+001
    449  3.179227798791235E-004  5.713782918039372E+001
   1038  3.161016281668791E-004  1.317153469634680E+002
   1044  3.110954850932255E-004  1.320835593454495E+002
    174  3.103610928937146E-004  3.277024257542895E+001
    109  3.073205163631901E-004  2.888359254004277E+001
    280  3.073063979160445E-004  3.777070006257392E+001
    401  2.981226929016464E-004  5.310952948046032E+001
    218  2.973585040296220E-004  3.434087154455664E+001
    332  2.970022996525028E-004  4.036182328117159E+001
    795  2.960990944445270E-004  1.159446042090269E+002
    121  2.945582591046772E-004  2.937009161569695E+001
    231  2.937754193830737E-004  3.529195130720404E+001
     78  2.882898522316117E-004  2.724001953302053E+001
     79  2.834792003129553E-004  2.728143790603452E+001
    479  2.815127659493100E-004  5.886156225440574E+001
    230  2.805136639135579E-004  3.507000892128892E+001
    575  2.753341478601253E-004  1.067636975144964E+002
    784  2.746330889489970E-004  1.156115101864969E+002
    338  2.726273711900484E-004  4.143596746217444E+001
    336  2.711079339245640E-004  4.106442919982931E+001
    383  2.701324538531739E-004  4.665506804468283E+001
    934  2.687070288550600E-004  1.274026915475210E+002
    503  2.671023685970165E-004  6.062899617907863E+001
    400  2.671021199252889E-004  5.304406357850599E+001
    560  2.660055462267726E-004  1.057397922085461E+002
     57  2.658141121722706E-004  2.601044601303876E+001
   1045  2.651238270516572E-004  1.322246800166877E+002
     39  2.647967095472345E-004  2.419216907562118E+001
    493  2.636964954042870E-004  5.956939432616837E+001
    440  2.630542428828891E-004  5.589934491235444E+001
    765  2.594858963167599E-004  1.138034732037320E+002
     50  2.549981719878105E-004  2.524792740229145E+001
    543  2.500803584743883E-004  1.026098663261161E+002
    156  2.497406340349141E-004  3.133959801814033E+001
    168  2.493806465949676E-004  3.223239881301075E+001
    349  2.484507264540346E-004  4.279212686889406E+001
    237  2.479661060902336E-004  3.561350513334219E+001
    394  2.477249972135885E-004  5.275338077531283E+001
     98  2.473555476452442E-004  2.810036398063808E+001
    492  2.447581841529746E-004  5.919740097208313E+001
    279  2.415522922299331E-004  3.776291602598710E+001
    663  2.408783817393766E-004  1.095408569103236E+002
    451  2.384395975963639E-004  5.726939793781466E+001
     94  2.344345936150066E-004  2.803048707399637E+001
    201  2.342010358143934E-004  3.413905621996786E+001
    518  2.317593266083870E-004  6.116565427175681E+001
    104  2.315126144248872E-004  2.863475114667724E+001
    382  2.287279743860691E-004  4.661435463500721E+001
    389  2.271338795487798E-004  4.924612888004685E+001
    150  2.264011201708224E-004  3.095380367517388E+001
    658  2.245699222304126E-004  1.092752908733605E+002
    998  2.237953165714221E-004  1.301241144683907E+002
    599  2.232529323433718E-004  1.077354408464688E+002
     35  2.226358842705411E-004  2.406163852032448E+001
    964  2.218302945441176E-004  1.284811881676410E+002
     86  2.195606945842137E-004  2.760340701365068E+001
    928  2.181807163874195E-004  1.271758190169006E+002
     63  2.181221591747596E-004  2.633691355837915E+001
    335  2.169517811906706E-004  4.064698242871874E+001
    468  2.161795823809306E-004  5.850419738659161E+001
   1072  2.158770534211002E-004  1.354275255218108E+002
    374  2.128712816642767E-004  4.576894168844035E+001
    213  2.115285027142259E-004  3.426923698719692E+001
    710  2.114353907658622E-004  1.117114283703663E+002
    940  2.085978899911574E-004  1.277053477702196E+002
    632  2.076268572849232E-004  1.086732063917954E+002
     67  2.072978923541018E-004  2.663955326886673E+001
    110  2.055305259508421E-004  2.890337161783228E+001
    517  2.047211955591576E-004  6.116283191518230E+001
    436  2.041850144974689E-004  5.562240782737462E+001
    276  2.035231020950202E-004  3.774173651101562E+001
    191  2.010875982020640E-004  3.372798248811258E+001
    222  2.010640093836217E-004  3.444665555523785E+001
     37  1.995132853794573E-004  2.413005277682491E+001
     30  1.988966079348303E-004  2.339033246897357E+001
    898  1.986223289788716E-004  1.236287338505038E+002
   1039  1.966719598751715E-004  1.317789778316224E+002
    926  1.962018945971703E-004  1.269935099435139E+002
     80  1.921574907406501E-004  2.737665388114407E+001
    309  1.910417153883970E-004  3.929268620446922E+001
    324  1.909201557217284E-004  3.965813849875591E+001
    189  1.902545794810959E-004  3.348575581421191E+001
   1024  1.888285938772775E-004  1.310472886139475E+002
    524  1.878509209649506E-004  6.196836567938324E+001
    519  1.876714608261779E-004  6.116666091909611E+001
    105  1.861869211464288E-004  2.872870804936272E+001
      4  1.861499940718902E-004  1.555889535187236E+001
    367  1.860642476788201E-004  4.546665367422378E+001
    555  1.854235105276671E-004  1.049505825405343E+002
    421  1.848329041944674E-004  5.469982084171487E+001
    209  1.829639061713295E-004  3.420776675567321E+001
    981  1.826400707475442E-004  1.292686845988868E+002
     53  1.812217302129402E-004  2.532427500710937E+001
    208  1.811181069761598E-004  3.420400517096608E+001
     68  1.801344174772273E-004  2.665958995788216E+001
    262  1.773871537355011E-004  3.754826259370084E+001
    858  1.758354401194947E-004  1.193043137223610E+002
     69  1.748954598114021E-004  2.667931486079132E+001
    585  1.732019697709643E-004  1.071721890576240E+002
   1067  1.717571144620981E-004  1.341872351276505E+002
    712  1.711320823987550E-004  1.118479116964762E+002
    259  1.707442864944553E-004  3.731129763636223E+001
    102  1.703104152854113E-004  2.838723287464182E+001
    293  1.694032197579405E-004  3.840315559517953E+001
    186  1.690388406008326E-004  3.335079910483972E+001
    817  1.679405416490228E-004  1.171745914510001E+002
    261  1.664367344383874E-004  3.751537038816641E+001
    317  1.656967574145559E-004  3.952108816795088E+001
    938  1.654109161032885E-004  1.276246332177813E+002
   1001  1.652548615646645E-004  1.301907504163165E+002
    176  1.645506988519580E-004  3.283702642513862E+001
    565  1.634263328136153E-004  1.059848591127986E+002
     28  1.628166135048053E-004  2.303576073275412E+001
    661  1.620628335369767E-004  1.094040232551639E+002
    304  1.595598061989835E-004  3.902642388250331E+001
    444  1.595572907749001E-004  5.640873014994138E+001
    396  1.543387891306389E-004  5.292259014309509E+001
    573  1.534218775342544E-004  1.066520968004064E+002
     75  1.531742792056366E-004  2.717284531466260E+001
    954  1.531174172495258E-004  1.282848493157465E+002
    112  1.509886762881001E-004  2.893182478938967E+001
   1047  1.494547301941713E-004  1.324683504365100E+002
    582  1.487334430540291E-004  1.069886979669129E+002
   1022  1.485777537436862E-004  1.309570316227355E+002
    295  1.484088436698865E-004  3.844649820311862E+001
    273  1.478339458069285E-004  3.771236202405859E+001
    334  1.469781203953712E-004  4.055961280242965E+001
    236  1.456231419414802E-004  3.558504171265294E+001
     84  1.449282174266618E-004  2.748397341497807E+001
    945  1.442921040517039E-004  1.278945431870569E+002
    836  1.415782885538890E-004  1.177792466123822E+002
    240  1.409162754619710E-004  3.568815433410965E+001
    322  1.407875574385687E-004  3.962934885257222E+001
    285  1.396716713979622E-004  3.794670187788559E+001
    204  1.383717091659449E-004  3.416741852472765E+001
    149  1.379536190472733E-004  3.064428879965062E+001
   1018  1.374282944657162E-004  1.307425624046459E+002
    523  1.360612665314580E-004  6.195141091349550E+001
    808  1.348847950934869E-004  1.166438640424820E+002
    917  1.314171605838934E-004  1.262583151256411E+002
    302  1.291082715884976E-004  3.874867387838012E+001
    314  1.273826610030695E-004  3.944402428691944E+001
    270  1.268331948490572E-004  3.767493462479421E+001
    494  1.258306859539771E-004  5.959072402434833E+001
   1005  1.243554431149632E-004  1.302961950162389E+002
    233  1.237002759558051E-004  3.536858076063520E+001
    542  1.234480151422694E-004  1.021380905135569E+002
    327  1.218959285145999E-004  3.980649710729982E+001
    791  1.216964643646226E-004  1.158399885308925E+002
    944  1.215961117209689E-004  1.278264506290159E+002
    402  1.204820407216518E-004  5.323403324336612E+001
    785  1.191373273561874E-004  1.156515149006221E+002
    194  1.185452228554915E-004  3.388123191050668E+001
    111  1.163259294313794E-004  2.891758955889047E+001
    911  1.161635241552057E-004  1.258968376271585E+002
    242  1.149754978278904E-004  3.575330164903793E+001
    962  1.145963539239705E-004  1.284190833846668E+002
    307  1.137933795173711E-004  3.924418415703018E+001
    312  1.137635018022131E-004  3.940338989709551E+001
    214  1.133198442968555E-004  3.429158842681225E+001
    760  1.119847839441189E-004  1.133648679091437E+002
     96  1.113563055805906E-004  2.807603105873968E+001
   1071  1.110706760352590E-004  1.353191143310252E+002
    502  1.109491521026953E-004  6.033057478557798E+001
    824  1.108322704029813E-004  1.173851057796732E+002
    532  1.108293572234662E-004  6.299204701993657E+001
    902  1.094662579944966E-004  1.246861225619736E+002
    275  1.094115745609690E-004  3.771871208633355E+001
    528  1.075412441610229E-004  6.211763689923020E+001
    593  1.067550787299604E-004  1.074633420950339E+002
    130  1.063150335196529E-004  2.969026097336859E+001
    751  1.056079576259863E-004  1.129352725370382E+002
   1031  1.050036358356330E-004  1.313824495210718E+002
    448  1.043241520684405E-004  5.707216855561523E+001
    127  1.039919056604247E-004  2.958197907168710E+001
    892  1.033479801685288E-004  1.223146913863671E+002
    154  1.026751319264871E-004  3.128025029310897E+001
    521  1.012902466359567E-004  6.120499406654021E+001
   1032  9.998715793951433E-005  1.314270448258869E+002
    667  9.988563660493529E-005  1.098231148083649E+002
    955  9.972487395177911E-005  1.283043098504922E+002
    203  9.952115777560685E-005  3.415596231316062E+001
    477  9.927065089750003E-005  5.875439662154096E+001
    844  9.814977966469865E-005  1.182236522024691E+002
    459  9.793234066528354E-005  5.797524108925945E+001
    411  9.738485215260422E-005  5.390414096058870E+001
    561  9.710490994849555E-005  1.057823475786052E+002
   1013  9.693642230217264E-005  1.306191025791559E+002
    305  9.681499942497778E-005  3.919092577852600E+001
    319  9.651010373509736E-005  3.955367029075058E+001
    118  9.631558932592929E-005  2.927665934202001E+001
    387  9.553816449582594E-005  4.845493173747810E+001
    283  9.384545779416689E-005  3.781664732037148E+001
    361  9.371633108333499E-005  4.509188248244521E+001
    678  9.349975442138561E-005  1.105298402911861E+002
    380  9.293770042040001E-005  4.621788456267294E+001
    540  9.147398512950120E-005  1.019596674086986E+002
     88  9.118678157444007E-005  2.776495450944637E+001
    257  9.028613643012708E-005  3.716053985696894E+001
    234  9.008155549155726E-005  3.541632958107625E+001
    144  8.969121870219605E-005  3.023024488043693E+001
     61  8.939918390584684E-005  2.623624111749398E+001
    123  8.921254365993329E-005  2.945706723223188E+001
    355  8.909113330456406E-005  4.365668409738398E+001
    486  8.907621267265065E-005  5.898078655703418E+001
    147  8.878214579376286E-005  3.045498909450352E+001
    187  8.723268368251076E-005  3.338593491458187E+001
   1033  8.686483854929409E-005  1.314921549657209E+002
    404  8.594396593741504E-005  5.332919471058649E+001
    991  8.592102396914067E-005  1.298309517843196E+002
    253  8.589093659014046E-005  3.690338042035397E+001
    126  8.569071281111463E-005  2.957864372821811E+001
    659  8.568404418521645E-005  1.093169473413985E+002
    571  8.511878434688629E-005  1.065760725477823E+002
    918  8.480820269560515E-005  1.263810693695273E+002
   1066  8.367400379720791E-005  1.341339055776214E+002
    343  8.330996617294200E-005  4.223776350771931E+001
    167  8.320011281963199E-005  3.206734480721192E+001
    323  8.308135263636060E-005  3.963162035223775E+001
    420  8.231638957533339E-005  5.464265012038360E+001
    958  8.205289163826074E-005  1.283326337970340E+002
    907  8.202164106348487E-005  1.254774984052440E+002
    618  8.199028947054226E-005  1.083041655146542E+002
    738  8.185640171257042E-005  1.126248828969786E+002
     41  8.050699248308688E-005  2.434332602389209E+001
    577  8.042857649442645E-005  1.068269012623950E+002
    605  7.933861696937650E-005  1.079476682950407E+002
     48  7.890675520001111E-005  2.521050943974308E+001
    211  7.879578181372012E-005  3.422885497659050E+001
    623  7.680523717830334E-005  1.084311616311891E+002
     45  7.622866253965999E-005  2.505629895200580E+001
    584  7.527375480496896E-005  1.071415131646536E+002
    337  7.361700794629427E-005  4.125439580477820E+001
    515  7.307173021550588E-005  6.113166482037749E+001
   1041  7.292477583556926E-005  1.318604688563310E+002
    821  7.286530333550387E-005  1.173213489801490E+002
    558  7.273056798504176E-005  1.054235904423783E+002
    789  7.209774133359237E-005  1.157939903252585E+002
    171  7.062473535074439E-005  3.251692712246987E+001
     93  6.996461970471980E-005  2.801831476528660E+001
    820  6.909706046516188E-005  1.173160626674297E+002
    339  6.769969953483207E-005  4.199721405536648E+001
    975  6.592495099376060E-005  1.290479361570385E+002
    107  6.559048226601891E-005  2.880093649968087E+001
    223  6.489134443515336E-005  3.452101188794168E+001
    772  6.424634433935244E-005  1.144444014986270E+002
    594  6.361398796244029E-005  1.075267994995216E+002
    799  6.342333615545637E-005  1.161655148393659E+002
    369  6.308826282411188E-005  4.556664797594529E+001
     13  6.290640877678871E-005  2.038781372204352E+001
    873  6.249382588390347E-005  1.205400953636918E+002
    260  6.114000848284773E-005  3.745846822965304E+001
    802  6.098152462483346E-005  1.163074247182627E+002
    995  6.048272348740311E-005  1.300556822463785E+002
    905  5.980026857263478E-005  1.252963463377060E+002
     32  5.955997128060489E-005  2.386019687247388E+001
    446  5.947718114697376E-005  5.657515742254393E+001
    219  5.939456652434642E-005  3.435584966495736E+001
    172  5.874045900029485E-005  3.254695536480502E+001
     21  5.861953721566867E-005  2.149552581175353E+001
    733  5.785895193586946E-005  1.125211996768446E+002
    321  5.728307539175283E-005  3.959878738143280E+001
     17  5.722700955841555E-005  2.091913438766164E+001
     15  5.660681345199834E-005  2.077312965636918E+001
    464  5.650623657333592E-005  5.841767339850505E+001
     14  5.628681642417379E-005  2.047451167645159E+001
    635  5.621315205169234E-005  1.087402789130293E+002
    807  5.601303327664771E-005  1.166040027024774E+002
    377  5.561043658650679E-005  4.580996274485975E+001
    797  5.542217363007320E-005  1.161224071144865E+002
    277  5.501490830267762E-005  3.774405278528796E+001
    649  5.485688721280115E-005  1.089557122086210E+002
    989  5.479597756904663E-005  1.296856498562064E+002
    526  5.380211192857630E-005  6.205614154690332E+001
    597  5.333797508634449E-005  1.076362394255561E+002
    674  5.252042584139956E-005  1.101627157855635E+002
    960  5.208435495261767E-005  1.283710541965592E+002
    256  5.170172199899791E-005  3.708485200545782E+001
    616  5.164472619217628E-005  1.081902144651443E+002
    689  5.142142176113434E-005  1.108992280227757E+002
    250  5.136234685756580E-005  3.645071914574685E+001
    721  5.118415749197159E-005  1.121902054803930E+002
    930  5.065263888828395E-005  1.272550109882912E+002
    529  5.047475494954970E-005  6.213305424318654E+001
     72  5.014633786546926E-005  2.695844835194747E+001
    318  4.985752187362965E-005  3.952690512520030E+001
    181  4.972481371776431E-005  3.309588236011395E+001
    812  4.969943110828557E-005  1.169499526914024E+002
    481  4.944803014729967E-005  5.889564718758225E+001
    572  4.889372922651923E-005  1.066354688575440E+002
    899  4.805187382918693E-005  1.237750393258326E+002
    313  4.804872539424489E-005  3.941220320488696E+001
   1069  4.795624160896974E-005  1.347402109836953E+002
    717  4.770213209618390E-005  1.119901298340990E+002
    117  4.754939650309459E-005  2.915145470361619E+001
    557  4.752130279831676E-005  1.053298087456868E+002
    866  4.731603405922817E-005  1.198737679274225E+002
    672  4.727988399102723E-005  1.100523893058521E+002
    669  4.708364111862280E-005  1.098991161820264E+002
    583  4.640169570010179E-005  1.070323413352247E+002
    916  4.598967679850134E-005  1.261858055404796E+002
     25  4.573551235963501E-005  2.268285797328677E+001
    500  4.544185886368798E-005  6.016266526055261E+001
    749  4.531106180103365E-005  1.128862829609149E+002
    567  4.528161602588381E-005  1.061175767374582E+002
    139  4.519134773375030E-005  3.001327528760398E+001
    725  4.517154718750226E-005  1.122622575126908E+002
    215  4.438789953487646E-005  3.430912489816387E+001
   1063  4.419551483343154E-005  1.338610239777397E+002
    929  4.371824674034315E-005  1.272324166790593E+002
    243  4.360484673386097E-005  3.580427376176280E+001
    643  4.344743977679460E-005  1.088529165631816E+002
    676  4.317100342270676E-005  1.102968009656115E+002
   1014  4.315526759031903E-005  1.306579532637773E+002
    360  4.283555917193935E-005  4.501412031898634E+001
    886  4.278000657972440E-005  1.214498350996194E+002
    365  4.246774245844041E-005  4.540196146988517E+001
    495  4.213256568705367E-005  5.971063876484735E+001
    197  4.161702826431392E-005  3.407091137263039E+001
   1021  4.138792925033818E-005  1.308784400027895E+002
    530  4.099555406809959E-005  6.265828803408258E+001
    895  4.091263530959773E-005  1.231922658586809E+002
    589  4.059672673447151E-005  1.073243551551986E+002
    745  4.046171119421529E-005  1.127541380335163E+002
    125  4.042672191380741E-005  2.955205187993630E+001
    511  4.027425099209574E-005  6.108291035790679E+001
    624  4.005922544919211E-005  1.084534043855216E+002
    683  3.986751770638212E-005  1.107854094171573E+002
     19  3.986723406855738E-005  2.137958735177528E+001
    441  3.913538364200124E-005  5.602297434426368E+001
    708  3.876926945177523E-005  1.116659378913442E+002
    430  3.853578865857375E-005  5.544226538226409E+001
    569  3.788858346489135E-005  1.064024371239422E+002
    579  3.750276079953635E-005  1.068810185812333E+002
   1036  3.744065899853119E-005  1.315563975924429E+002
    645  3.742494177457421E-005  1.088758352374567E+002
    410  3.735911254821129E-005  5.380004782230375E+001
    604  3.720240015221337E-005  1.078901483894559E+002
    650  3.706092556660792E-005  1.090061273622073E+002
    177  3.678736669644782E-005  3.286305119332699E+001
   1034  3.662442857106084E-005  1.314975717016592E+002
    516  3.651414929916008E-005  6.114879167768425E+001
    471  3.566193084902708E-005  5.859921299406331E+001
    179  3.553265627593768E-005  3.301071504933698E+001
    622  3.544167642897453E-005  1.084041586407917E+002
    763  3.539561323655462E-005  1.136578287383470E+002
    610  3.535542173677901E-005  1.080548791140610E+002
    370  3.512691865376596E-005  4.562254251008403E+001
    976  3.511680480782203E-005  1.291265023483052E+002
    491  3.500051692140997E-005  5.916484178919298E+001
     83  3.499102358935478E-005  2.745200449399356E+001
    458  3.482795410107080E-005  5.780961640938520E+001
    489  3.474748486858141E-005  5.906665573291085E+001
    768  3.455009132560784E-005  1.140511281344195E+002
    162  3.440128788993949E-005  3.142013005221356E+001
    299  3.417992764909416E-005  3.861147003050849E+001
    480  3.373681951751822E-005  5.887142017505539E+001
    574  3.367600893210238E-005  1.067089856517616E+002
    315  3.360354504749119E-005  3.946262277995078E+001
    656  3.355395141836592E-005  1.092383325553483E+002
    596  3.317806780984568E-005  1.076305596761092E+002
     81  3.249978252758936E-005  2.737831616504717E+001
    340  3.248718395574228E-005  4.203744443197692E+001
    505  3.194878081324533E-005  6.089365906344585E+001
    462  3.190966227807623E-005  5.834568949164402E+001
    522  3.151723250464533E-005  6.189501394570030E+001
    713  3.113476224185944E-005  1.118750446375970E+002
    292  3.112051005504645E-005  3.837765227419467E+001
    170  3.095718140318462E-005  3.240864442722207E+001
    333  3.090977881138208E-005  4.050570323460023E+001
    278  3.041203042575287E-005  3.775225448216675E+001
   1046  3.011751632516373E-005  1.322741703884410E+002
    621  3.005736348208056E-005  1.083828600305560E+002
    427  3.002835835937694E-005  5.530625255614972E+001
    742  2.998529355456790E-005  1.126546326383816E+002
    595  2.987144813518563E-005  1.075727311228692E+002
    943  2.965106257661503E-005  1.278255860865938E+002
    435  2.957733554826858E-005  5.559833163642786E+001
   1000  2.948731628366696E-005  1.301375093272533E+002
    636  2.910819170562963E-005  1.087412284437008E+002
    600  2.897241391656268E-005  1.078192567961393E+002
     26  2.845222249299990E-005  2.275577786050195E+001
    877  2.828555828725304E-005  1.207635072396237E+002
    326  2.820941448617586E-005  3.980074663620405E+001
    345  2.794108470689526E-005  4.248475366295001E+001
    860  2.777825606477953E-005  1.193608179742887E+002
    220  2.775867268474419E-005  3.440936379612124E+001
    478  2.775190940203656E-005  5.880478287498814E+001
    141  2.773446869592076E-005  3.005205957969120E+001
    686  2.762552603313515E-005  1.108321598991433E+002
    983  2.750794737060961E-005  1.293699640118089E+002
    682  2.750292706810927E-005  1.107795174367904E+002
    641  2.738887044797719E-005  1.088136450829588E+002
    484  2.734564318332219E-005  5.894622531819898E+001
    465  2.733300453496585E-005  5.845233409136720E+001
    695  2.725977339045004E-005  1.110404578737834E+002
    670  2.722214855636586E-005  1.099218253642219E+002
    741  2.717290829243249E-005  1.126383251241469E+002
    730  2.706851180578333E-005  1.124678820560711E+002
    832  2.668750674638981E-005  1.176150872586579E+002
    476  2.643068732699015E-005  5.874284760292872E+001
    247  2.631605744389165E-005  3.613855018049320E+001
    514  2.603543614186508E-005  6.112143562944963E+001
    497  2.588388017839932E-005  5.984833423050026E+001
    755  2.558169121076442E-005  1.130537195644052E+002
    487  2.546776317772754E-005  5.901096182276392E+001
    354  2.538534845077939E-005  4.358717802496741E+001
    896  2.536293662797929E-005  1.231967026860033E+002
    163  2.512923576799910E-005  3.148605603035891E+001
    578  2.499874170472003E-005  1.068696587706935E+002
    548  2.494665683381556E-005  1.041098140943872E+002
    466  2.474451205948671E-005  5.848631456847294E+001
    166  2.467938059648517E-005  3.197534022905977E+001
    351  2.467791601113463E-005  4.290814690346715E+001
    227  2.444351360511734E-005  3.461221107986133E+001
    366  2.428760429922125E-005  4.541480133184800E+001
     55  2.414300999254610E-005  2.564739582447731E+001
    135  2.410655763724976E-005  2.990996926970350E+001
    310  2.395308045987964E-005  3.933560718805473E+001
    947  2.374298291384830E-005  1.280025795512814E+002
    463  2.297537957967674E-005  5.840368106338346E+001
    206  2.271578396610500E-005  3.418711639611698E+001
    910  2.251665668042362E-005  1.258349422363612E+002
    793  2.230527347645600E-005  1.158943894419280E+002
    457  2.193817219244336E-005  5.770039153165104E+001
    328  2.149646233642195E-005  3.982877398686839E+001
    550  2.149365266688378E-005  1.044255141670578E+002
    284  2.144825447691825E-005  3.794002386601017E+001
    903  2.137233900268730E-005  1.249295857950171E+002
   1076  2.123029355906993E-005  1.858411948136732E+002
    608  2.098132824971286E-005  1.080310773431174E+002
    800  2.057168889029276E-005  1.161811067685375E+002
     73  2.030016476132699E-005  2.704395448663374E+001
    787  2.023640550459550E-005  1.157066821730262E+002
    687  2.005295950561791E-005  1.108477970364615E+002
    924  2.003276616364198E-005  1.267645350898773E+002
    145  1.999890201087428E-005  3.035386176419680E+001
    684  1.975662384593843E-005  1.108055531440044E+002
    690  1.965787947132608E-005  1.109553167085971E+002
    626  1.961703256818957E-005  1.085197354965440E+002
    977  1.955196338198186E-005  1.291448023039548E+002
    601  1.952731309167659E-005  1.078222216339937E+002
    534  1.951854914023960E-005  6.352992396574133E+001
    633  1.943764529506105E-005  1.086770367044967E+002
     16  1.942204838940086E-005  2.083990463296455E+001
    193  1.880774295996828E-005  3.387383688791338E+001
    986  1.798258342227880E-005  1.294778988001748E+002
    470  1.789373992413875E-005  5.858950887133865E+001
    350  1.787812336107011E-005  4.287084402122760E+001
    269  1.782501455472387E-005  3.766609016559832E+001
   1040  1.755958485740032E-005  1.318325334098182E+002
    709  1.674638220967702E-005  1.116986555393093E+002
    675  1.669425474508512E-005  1.101932688761904E+002
    508  1.668088683006963E-005  6.101348113010317E+001
    634  1.668033770736078E-005  1.087110579745548E+002
    368  1.662927804398566E-005  4.552075151204606E+001
    681  1.662518004755473E-005  1.107150530846271E+002
    992  1.647778691214721E-005  1.299169051159237E+002
    469  1.628543391926961E-005  5.857260373695996E+001
   1068  1.604548673870287E-005  1.342139437973118E+002
    744  1.598077837084680E-005  1.127340165661099E+002
    538  1.585004423441191E-005  8.801939400846273E+001
    173  1.580315041452554E-005  3.267731285541730E+001
    525  1.573377516854111E-005  6.201689187624501E+001
    475  1.564680721740008E-005  5.870955367754343E+001
     52  1.550066880349038E-005  2.532370304309600E+001
    803  1.532096723027552E-005  1.163959410830473E+002
    447  1.524897615301258E-005  5.692641404400948E+001
    461  1.519987235190011E-005  5.832169084274378E+001
   1027  1.512924833021134E-005  1.311414239553258E+002
    815  1.504457265352081E-005  1.170844697210597E+002
    342  1.463998004936514E-005  4.219280462450153E+001
    216  1.454243828416490E-005  3.431915233475488E+001
    782  1.439671954748818E-005  1.155663554633046E+002
    225  1.431119202906798E-005  3.458265676939745E+001
    963  1.429981411847270E-005  1.284456810480366E+002
    694  1.427692247850243E-005  1.110208923005156E+002
    880  1.425114438301986E-005  1.209811659012211E+002
    988  1.387972664676907E-005  1.295230022337254E+002
    152  1.379867903201240E-005  3.107793476288124E+001
    894  1.378184210783997E-005  1.226855190700912E+002
    226  1.372546567221975E-005  3.460914941435140E+001
    375  1.343554136424644E-005  4.577921754207221E+001
   1006  1.339760108646074E-005  1.303473844140781E+002
    159  1.335225602482351E-005  3.140014259635325E+001
   1028  1.324878268664697E-005  1.312419762585663E+002
    790  1.322496922486907E-005  1.158127479939932E+002
    952  1.315776685921875E-005  1.282170243378332E+002
    373  1.314433191094535E-005  4.573517441489172E+001
    654  1.303828903536777E-005  1.091774321289355E+002
    429  1.298820469444757E-005  5.542704693693687E+001
    868  1.294985615784042E-005  1.199994649602093E+002
    716  1.290979478396413E-005  1.119313653155845E+002
    927  1.285733978199850E-005  1.271118445081471E+002
    665  1.283914551039862E-005  1.096195054263975E+002
     82  1.269215478590655E-005  2.744742479332049E+001
    267  1.263843126832240E-005  3.763942844703926E+001
    657  1.263540781056636E-005  1.092680437977900E+002
    591  1.259580288304445E-005  1.073970459895217E+002
    774  1.249433267029583E-005  1.147299018357027E+002
    984  1.237998851248278E-005  1.293776492189174E+002
    381  1.223609886086140E-005  4.623753374880091E+001
    362  1.210692976929764E-005  4.520209191521082E+001
    691  1.203346638306633E-005  1.109942746792360E+002
    679  1.195481647187007E-005  1.106299731616480E+002
    922  1.190084636764747E-005  1.267277337836395E+002
    923  1.162009561532895E-005  1.267345977181097E+002
    619  1.159874834207340E-005  1.083262496248409E+002
    308  1.116845989578182E-005  3.924824416979163E+001
    244  1.116636514106365E-005  3.582009297825139E+001
    937  1.100048785444088E-005  1.275975168353670E+002
    631  1.099604597265833E-005  1.086593678715634E+002
     59  1.093857165002449E-005  2.608228483109795E+001
    685  1.083400235633638E-005  1.108208915724099E+002
    488  1.076480457419190E-005  5.904214899548738E+001
    804  1.075956522898597E-005  1.164307012054320E+002
    587  1.069953120847485E-005  1.072564562863978E+002
    364  1.067595269772200E-005  4.528995878587361E+001
    562  1.058622093600079E-005  1.058125905236654E+002
   1004  1.054343115480685E-005  1.302828791464404E+002
    865  1.035621775695294E-005  1.195233182598442E+002
    762  1.032847123724336E-005  1.134504722361933E+002
   1065  1.027275312018290E-005  1.340986810838602E+002
    506  1.018026873354205E-005  6.092479484159845E+001
    609  1.008054177554337E-005  1.080529774194348E+002
    507  9.951436425956096E-006  6.098134465730102E+001
    416  9.881888272541711E-006  5.412105627361211E+001
    640  9.871848437801067E-006  1.088027953187827E+002
    862  9.856134724870281E-006  1.194326389788892E+002
    848  9.752755394546398E-006  1.185512117490796E+002
    200  9.719987693564161E-006  3.413076352937113E+001
    707  9.687610178256409E-006  1.116484954290111E+002
    630  9.634360816555854E-006  1.086464564510315E+002
    637  9.403510006612994E-006  1.087708716348475E+002
    845  9.395138320429882E-006  1.182722434309271E+002
    122  9.393001829470270E-006  2.942821875092930E+001
    264  9.305372947373318E-006  3.760740200223662E+001
    994  9.285322717397518E-006  1.299886393654431E+002
    829  9.247509226660630E-006  1.175434491795728E+002
    648  9.244062331944698E-006  1.089328290594756E+002
    224  9.176699551574073E-006  3.456258153743839E+001
    625  9.092895627793253E-006  1.084878781680722E+002
    408  9.060686903174822E-006  5.368647704938994E+001
    680  8.977416093157492E-006  1.106808485277705E+002
    919  8.897947802961545E-006  1.264669767465423E+002
     87  8.716672360540769E-006  2.773505635732142E+001
    586  8.549284344410348E-006  1.072414988471015E+002
    553  8.516439839421443E-006  1.045844149005738E+002
    460  8.515655132582466E-006  5.821511818989060E+001
    371  8.498572763373091E-006  4.567834615857563E+001
    781  8.427205483111125E-006  1.155015502370288E+002
    843  8.346020069898701E-006  1.181049125326048E+002
    677  8.199085168475244E-006  1.104103779431708E+002
    849  8.196623848880450E-006  1.186556798515274E+002
    770  8.073110581514757E-006  1.141655133118217E+002
    627  8.056310910970316E-006  1.085359599099982E+002
    409  8.021292519348301E-006  5.377950655266745E+001
    719  7.986469582461883E-006  1.120361196403708E+002
    671  7.919860383643171E-006  1.100461630260976E+002
   1035  7.899210216516510E-006  1.315022364948826E+002
    238  7.898629082811420E-006  3.562010162214489E+001
    754  7.890304288325715E-006  1.130532912402911E+002
    398  7.882413630334143E-006  5.298968704937109E+001
    949  7.876064994914656E-006  1.280833568476082E+002
    424  7.819578718963453E-006  5.504400290817051E+001
    137  7.751490617823177E-006  2.996307755422044E+001
    942  7.711163870737360E-006  1.277896527703618E+002
    651  7.692782001444292E-006  1.090123807306586E+002
    699  7.692265641079380E-006  1.111753891148923E+002
    846  7.643117327786112E-006  1.183733977129572E+002
    590  7.559331810127397E-006  1.073381491314167E+002
    915  7.524318732402902E-006  1.261627872997085E+002
    757  7.402868793025650E-006  1.131455979007981E+002
    531  7.336128069667825E-006  6.280622541285696E+001
    668  7.205416255226052E-006  1.098358517134249E+002
    893  7.157580818886005E-006  1.225899968537864E+002
    714  7.151299859824421E-006  1.118865310298163E+002
     12  7.133476432019132E-006  1.791855268392995E+001
    809  7.127311732124581E-006  1.168273457040169E+002
    715  7.090866291702431E-006  1.119122168057061E+002
    473  7.060196389700954E-006  5.864875851961727E+001
    603  6.979259421531996E-006  1.078480909052838E+002
    852  6.978328734632450E-006  1.189308904937423E+002
    232  6.880834387633131E-006  3.530982942235851E+001
   1002  6.863570606748501E-006  1.301955720736593E+002
    948  6.851188122884521E-006  1.280530341997139E+002
    169  6.840766440642816E-006  3.225245008090104E+001
    758  6.783123181002973E-006  1.131945788764974E+002
    696  6.737284806250119E-006  1.111110130672436E+002
     99  6.695238359304550E-006  2.813215700322161E+001
    967  6.660735408247424E-006  1.287730879251822E+002
    748  6.634037174629649E-006  1.128453459062848E+002
    794  6.593687786077922E-006  1.159299755047292E+002
    228  6.566973510647877E-006  3.465329128304563E+001
    556  6.533465239354359E-006  1.053074591696642E+002
    786  6.153820025827640E-006  1.156679892855772E+002
    642  6.107656826979383E-006  1.088349318990273E+002
   1043  6.084323649934158E-006  1.320181582363304E+002
    972  6.060710274806998E-006  1.289491342298440E+002
    732  6.059260311149523E-006  1.124809932511083E+002
    985  6.027643521915236E-006  1.294454523269476E+002
     49  5.992168012176231E-006  2.521926711432687E+001
    982  5.938901655160457E-006  1.293230544301462E+002
    132  5.934997019666483E-006  2.978147182311027E+001
    664  5.892099720140002E-006  1.095868237421283E+002
    767  5.848840830464858E-006  1.139787538815297E+002
     29  5.824504443727441E-006  2.304600720746813E+001
   1010  5.715614880447474E-006  1.305150376372933E+002
    660  5.661205497315723E-006  1.093929129115852E+002
    739  5.470422381055336E-006  1.126267264275300E+002
    931  5.281706467922309E-006  1.272754104030811E+002
    990  5.264219189442447E-006  1.297249883032466E+002
    235  5.228662185929137E-006  3.553329683850696E+001
    884  5.140666004707054E-006  1.212913619330936E+002
   1017  5.134652217307048E-006  1.307020085696559E+002
    702  5.131438594381771E-006  1.112791472783473E+002
    764  5.093774167735054E-006  1.137269990775531E+002
    344  5.049161134354532E-006  4.229281490750487E+001
    883  4.958971253342605E-006  1.212822283474710E+002
     77  4.930243825610922E-006  2.720977418778346E+001
    792  4.919629161464975E-006  1.158579110744502E+002
    871  4.777259021610869E-006  1.204638135739833E+002
    455  4.746343939220038E-006  5.757818593173593E+001
    254  4.707136318116866E-006  3.696870162494890E+001
    611  4.698464008431764E-006  1.080609110523806E+002
    853  4.637124372884770E-006  1.189950762444425E+002
    827  4.630044361146094E-006  1.174913134466901E+002
    978  4.542017408114858E-006  1.291764873003617E+002
    496  4.489933107193338E-006  5.977778544840232E+001
   1056  4.477049032313443E-006  1.332822863268028E+002
    968  4.443949378275143E-006  1.287893908307005E+002
    908  4.436164676423473E-006  1.256350992978881E+002
    703  4.428493481834884E-006  1.113359924967504E+002
    828  4.412663584218563E-006  1.175132070682912E+002
    662  4.289035964780242E-006  1.094304874643061E+002
    509  4.270933601272269E-006  6.104665142125116E+001
    933  4.256276743081977E-006  1.272967505112425E+002
    805  4.242410485855021E-006  1.165442309434909E+002
    155  4.191512529333749E-006  3.129077640287002E+001
    482  4.147113846374922E-006  5.890508639424976E+001
    761  4.118915983431363E-006  1.134019555363662E+002
    771  4.074643023584596E-006  1.142541813627527E+002
    520  4.048910502234997E-006  6.117519869664547E+001
    140  4.048325039027655E-006  3.002380690834687E+001
    655  4.043360569698239E-006  1.092114390318620E+002
    957  3.876800322164612E-006  1.283224605383935E+002
    939  3.851936721891586E-006  1.276788938661296E+002
   1012  3.710027195751859E-006  1.305860585800326E+002
    688  3.702066087811140E-006  1.108652117541332E+002
    271  3.679445150685299E-006  3.769377629908810E+001
    711  3.658118837864710E-006  1.117833092223069E+002
   1051  3.634631186310727E-006  1.330173846663143E+002
    175  3.625750328503396E-006  3.282740528695558E+001
   1008  3.557170342042522E-006  1.304054287055121E+002
   1054  3.497387222111798E-006  1.332101619260334E+002
    901  3.495858179111670E-006  1.246352700151236E+002
    705  3.492451821213293E-006  1.114879185885843E+002
    920  3.453891856517072E-006  1.265729199247587E+002
    887  3.399834224653580E-006  1.215278324822884E+002
    510  3.333870255346603E-006  6.106496915014706E+001
    700  3.179697126624316E-006  1.112187707043413E+002
    653  3.161193406782028E-006  1.090926521840726E+002
    359  3.145065754796681E-006  4.440820660542785E+001
    533  3.132940933951319E-006  6.344214913117692E+001
    825  3.119599096230884E-006  1.174155068731360E+002
     40  3.114423120210698E-006  2.429142631572386E+001
    614  3.079949865224889E-006  1.081499604581023E+002
    859  3.045643801217558E-006  1.193117826572047E+002
    863  2.989976506994125E-006  1.194780899982511E+002
    936  2.937989648602978E-006  1.275963114471066E+002
   1025  2.890906064266871E-006  1.310823101564250E+002
    746  2.876746869049802E-006  1.128150956859242E+002
    913  2.850474721840109E-006  1.260963173315474E+002
    728  2.838033026582968E-006  1.123911467240560E+002
    124  2.827951904423897E-006  2.953039329658957E+001
    644  2.819873105195330E-006  1.088699046594824E+002
    498  2.742008748390977E-006  6.006055704270973E+001
    980  2.721543130397209E-006  1.292322903638887E+002
    961  2.706714975106838E-006  1.283826108536399E+002
    606  2.582436052579667E-006  1.079754075340127E+002
     76  2.580417108428425E-006  2.719040433196805E+001
    693  2.565007852548074E-006  1.110198391814811E+002
    592  2.533347490287024E-006  1.074010896433819E+002
    951  2.504795961171954E-006  1.282127111215003E+002
    888  2.500797951402809E-006  1.215384892766490E+002
   1026  2.493033170340633E-006  1.310988308446859E+002
    766  2.431012539726240E-006  1.138313497862233E+002
    442  2.430160630929325E-006  5.605259237502305E+001
    921  2.421265869169182E-006  1.266347372507485E+002
    779  2.335041051858531E-006  1.153237642854880E+002
    638  2.323922007076890E-006  1.087773663504995E+002
    353  2.309832581389807E-006  4.354452657935016E+001
    987  2.257307955254513E-006  1.295218650079724E+002
    397  2.238238792793459E-006  5.292984574180642E+001
    747  2.204370513528953E-006  1.128221651622354E+002
    729  2.198256367342124E-006  1.124070412533170E+002
    826  2.174404352112802E-006  1.174535409692338E+002
    855  2.164088722811218E-006  1.192335282432478E+002
    788  2.087189491475510E-006  1.157595566872355E+002
    798  2.079666271128327E-006  1.161233232814441E+002
    722  2.068174928244006E-006  1.121989232781130E+002
    935  2.054542061057940E-006  1.274477748704804E+002
    925  2.052528144804886E-006  1.268943605090481E+002
    286  2.021995326174961E-006  3.806107114689090E+001
   1003  1.999202326987168E-006  1.302792324598297E+002
    878  1.985602773651406E-006  1.208553192243232E+002
    311  1.967406357086153E-006  3.939193935233331E+001
    839  1.960253857562241E-006  1.178451551754228E+002
    388  1.912865178602456E-006  4.916519389587509E+001
    434  1.911299219884100E-006  5.556859477681133E+001
    838  1.908870198457361E-006  1.178077045912047E+002
    822  1.888184011281821E-006  1.173379890193997E+002
    727  1.870374278946684E-006  1.123838421661365E+002
    706  1.864007042438542E-006  1.115644797142602E+002
    726  1.773518576565161E-006  1.123280306605216E+002
     47  1.768426787191240E-006  2.514695584094496E+001
    433  1.745449936198259E-006  5.552394895078822E+001
    756  1.723182283888869E-006  1.131019348749128E+002
    818  1.653866005848681E-006  1.172202887178189E+002
    879  1.602621734315317E-006  1.208628531744268E+002
    979  1.592191844360173E-006  1.292073280791942E+002
    776  1.590671652508016E-006  1.150535509847603E+002
    673  1.575631230562646E-006  1.101090602242966E+002
    414  1.555146768586708E-006  5.408443269732371E+001
    263  1.552384614004246E-006  3.756851288337069E+001
   1023  1.530141286643509E-006  1.309907545973144E+002
    316  1.529988232705641E-006  3.947722492082590E+001
    861  1.513471532856271E-006  1.193618968506130E+002
    900  1.512089886671605E-006  1.240255399934555E+002
    190  1.502931860098273E-006  3.352213579831744E+001
    750  1.455866919895903E-006  1.128980084302201E+002
    483  1.431560643990464E-006  5.892865432514233E+001
    912  1.430636583112857E-006  1.259977317017505E+002
    146  1.412793198772441E-006  3.038455959742199E+001
    882  1.386712008013597E-006  1.212606419968792E+002
    639  1.364759272649908E-006  1.087924757147032E+002
    740  1.345389468879888E-006  1.126281679605138E+002
    148  1.337847538627351E-006  3.055713011308698E+001
    559  1.293241649095815E-006  1.054467335457494E+002
    876  1.289576771604191E-006  1.207338716680959E+002
    970  1.289297834687597E-006  1.288440499253601E+002
    956  1.266577519109331E-006  1.283075816024711E+002
    834  1.224403683753460E-006  1.176651591794238E+002
    735  1.211586585439825E-006  1.125422257639707E+002
    769  1.189455316519367E-006  1.141494817506874E+002
    959  1.169870474506141E-006  1.283643788123119E+002
    857  1.157997239417370E-006  1.192977858717030E+002
    724  1.132688836693061E-006  1.122474317356576E+002
    941  1.132432073455457E-006  1.277239710636116E+002
    811  1.104920835955764E-006  1.169131613251637E+002
   1037  1.034559005513714E-006  1.316166834102353E+002
    753  9.876941361582764E-007  1.130399909728984E+002
    363  9.852206294547808E-007  4.523665715266514E+001
    720  9.352266849325533E-007  1.121496181246094E+002
    906  8.532233378575380E-007  1.253859334012492E+002
    612  8.158991491486341E-007  1.080838271474082E+002
    581  8.133979485163855E-007  1.069166383916512E+002
    773  7.887896763494211E-007  1.146041296786391E+002
    412  7.766090090535535E-007  5.399327798218789E+001
     56  7.444665597822628E-007  2.577494999028338E+001
    119  7.433918481569125E-007  2.929038281335912E+001
    969  7.037649270268204E-007  1.288232913140608E+002
    698  7.007188976394141E-007  1.111543499618823E+002
   1049  6.717310126242694E-007  1.325964910892840E+002
    428  6.637559709400220E-007  5.539697768550786E+001
    867  6.637537609099608E-007  1.199420338065019E+002
    819  6.289214057232629E-007  1.172617623112352E+002
   1059  6.272773216131270E-007  1.335352794510990E+002
    499  6.144970614498159E-007  6.010190034988052E+001
    856  6.123539957386564E-007  1.192407591408727E+002
    736  6.119426411397010E-007  1.125700463249535E+002
    869  6.037570689139852E-007  1.201465244096069E+002
    629  5.948266691522008E-007  1.086436456014825E+002
    993  5.908607109536840E-007  1.299638892136509E+002
    628  5.860460649809342E-007  1.085999071252231E+002
    341  5.314791256836356E-007  4.207899368185591E+001
    646  5.238107915916494E-007  1.089039652974663E+002
    841  5.176412675135928E-007  1.180046875638410E+002
    737  4.936774751214604E-007  1.125716601108342E+002
    780  4.879762191534128E-007  1.153482258688003E+002
   1009  4.555021550569692E-007  1.304609142394732E+002
    129  3.863624201988923E-007  2.967722940199728E+001
    837  3.807449691959038E-007  1.177814246314451E+002
    406  3.654038911920118E-007  5.347162595814701E+001
   1077  3.626333790135535E-007  6.189178021453241E+002
    946  3.585877618183505E-007  1.279201366409634E+002
    904  3.583996695600740E-007  1.250437756508075E+002
    847  3.516578490864174E-007  1.183795327778256E+002
    971  3.498224766390392E-007  1.289111652451389E+002
    541  3.421599726618416E-007  1.020561485810812E+002
   1073  3.264335886705023E-007  1.355646294676644E+002
    718  3.144995909060949E-007  1.120307816427976E+002
    704  3.129164310390640E-007  1.114088220449556E+002
    666  3.004438074507992E-007  1.096961217429448E+002
    490  2.948319390195949E-007  5.909746584665749E+001
    439  2.878741476526223E-007  5.581771077364913E+001
    113  2.776745452288059E-007  2.894608485543543E+001
    874  2.688606881506112E-007  1.206463359037059E+002
    620  2.638108527664281E-007  1.083700393844588E+002
    914  2.625203252314365E-007  1.261343003660832E+002
    814  2.584765439815407E-007  1.170571282096026E+002
    576  2.477762930714598E-007  1.068188420241767E+002
    870  2.446109811057830E-007  1.203621491035894E+002
    306  2.359590925028258E-007  3.922583615449084E+001
    731  2.331990454203423E-007  1.124795031346507E+002
   1015  2.120451575217125E-007  1.306693309857935E+002
    443  2.045121425070141E-007  5.615506371008289E+001
    801  1.844176546619816E-007  1.162412158177078E+002
    701  1.753335206232364E-007  1.112655741498095E+002
    897  1.609041949690679E-007  1.233154024205701E+002
    775  1.607699244702115E-007  1.149447083106751E+002
    164  1.537225056348330E-007  3.156123118588701E+001
    617  1.531408189354589E-007  1.082069188907082E+002
    974  1.526385080393006E-007  1.290391941684268E+002
    830  1.494748503426308E-007  1.175448785112390E+002
    851  1.370976608379602E-007  1.189105890777936E+002
   1007  1.350541465647935E-007  1.303971511397991E+002
    652  1.342064169722265E-007  1.090805000764319E+002
    734  1.295252400224964E-007  1.125227414297757E+002
   1019  1.266699120079537E-007  1.307856127904329E+002
    432  1.255279348005770E-007  5.551253331854516E+001
    823  1.242685828356721E-007  1.173434151863991E+002
    697  1.232743638057622E-007  1.111168086390436E+002
    864  1.224692358819470E-007  1.195154318953015E+002
    833  1.219388267184314E-007  1.176450554682990E+002
    890  1.218150496433764E-007  1.222269695705770E+002
    759  1.214748550690679E-007  1.132523759465808E+002
    692  1.207640341646093E-007  1.109991362888409E+002
    723  1.124121061373528E-007  1.122249597820348E+002
    999  1.077088649284082E-007  1.301340763851820E+002
      1  1.073943091016051E-007  1.480943860687432E+001
    266  1.018266961806968E-007  3.763404507858488E+001
    178  1.006541392289752E-007  3.291892583427273E+001
    752  8.954783007604514E-008  1.129825416205730E+002
   1030  8.218580862648221E-008  1.313677884464318E+002
    607  6.747904114055341E-008  1.079782277499060E+002
    875  6.017252817259649E-008  1.206504418490652E+002
    965  5.915719130053116E-008  1.286084743618769E+002
    252  5.914378537105533E-008  3.681481496629917E+001
    372  5.584602349374486E-008  4.569660817760900E+001
    287  5.418957059734418E-008  3.806334999222836E+001
    973  5.043919748185837E-008  1.290303348922233E+002
    891  4.731332114615982E-008  1.222344606190913E+002
    647  4.676547033000138E-008  1.089204596390746E+002
    996  4.384505060711786E-008  1.300741546440489E+002
    840  4.117225614493351E-008  1.179674198090055E+002
    268  4.092442003178076E-008  3.765614789507087E+001
    796  4.070190869735410E-008  1.160406419035091E+002
    932  4.035169690205971E-008  1.272890793904072E+002
    872  3.865817672686292E-008  1.204992644439996E+002
    854  3.138133789274538E-008  1.190938927222375E+002
    835  3.009921141635437E-008  1.176766134664512E+002
    885  2.862998489817696E-008  1.213849358963692E+002
    806  2.476920619286909E-008  1.165904998677036E+002
    513  2.047370714080759E-008  6.111701004965728E+001
    743  2.009226204395278E-008  1.126739704882794E+002
    889  1.971654014033496E-008  1.221096476933091E+002
    265  1.949611171686063E-008  3.762418150997995E+001
    850  1.611952658560372E-008  1.188640670964077E+002
    356  1.336018389754874E-008  4.399929676237998E+001
   1011  7.703993674789350E-009  1.305590563134582E+002
    909  7.599692269466024E-009  1.256671150468244E+002
    950  2.208377027573565E-009  1.281356928004739E+002
    953  1.961377734642689E-009  1.282835790234384E+002
    501  1.959741914520275E-009  6.025540211442135E+001
    831  1.301142183174504E-009  1.175849164822640E+002
    437  8.744495223942291E-010  5.567668099873953E+001
    881  5.788899531452448E-010  1.212001054655417E+002
    598  2.727691659464070E-010  1.077082259858063E+002
