# Number of modes
   1077
# Tabulated for different initial and final frequencies?
    F
# Mode index, Sj, (highest to lowest), omega_j
    419  3.286071770393711E-002  5.447434435004674E+001
    418  2.846123826536981E-002  5.440760214654593E+001
    539  1.968429356607407E-002  1.004038214764926E+002
    566  1.382222724844665E-002  1.060197199307676E+002
    552  1.058053252187120E-002  1.045004516183760E+002
    300  4.359101822382838E-003  3.871033423098082E+001
    485  3.243801127479322E-003  5.896971858223063E+001
    415  3.009855110091510E-003  5.409773008136273E+001
     65  2.863387262777207E-003  2.645533186342116E+001
    563  2.838415185842313E-003  1.058622417292547E+002
    479  1.893154186916216E-003  5.886156225440574E+001
    553  1.409189741386459E-003  1.045844149005738E+002
     27  1.190232934763134E-003  2.288948685305089E+001
    568  1.181095905434205E-003  1.063884322375297E+002
    423  1.098309898100653E-003  5.491452382822700E+001
     10  1.063416637226965E-003  1.630017574824609E+001
    421  1.029528981184050E-003  5.469982084171487E+001
    298  9.956049139314129E-004  3.860785506393049E+001
     71  9.694848791404625E-004  2.691074291878593E+001
    393  9.087620848535647E-004  5.117422678475859E+001
    543  8.670458452462654E-004  1.026098663261161E+002
    570  7.566961946636311E-004  1.064458450110351E+002
   1062  7.561876293410057E-004  1.338537297016246E+002
    445  6.919637628636352E-004  5.650985963977887E+001
   1041  6.846524171664055E-004  1.318604688563310E+002
    474  6.669574324146369E-004  5.866520048333617E+001
    413  6.640578338484740E-004  5.407796767412047E+001
   1039  6.611882413330874E-004  1.317789778316224E+002
   1064  6.189049491399179E-004  1.339182935247794E+002
     70  6.051505918047168E-004  2.683332853591699E+001
   1042  5.825304331499890E-004  1.319938555239870E+002
    492  5.452807973768892E-004  5.919740097208313E+001
    431  5.224309519739893E-004  5.545822575490884E+001
    411  4.971594548744506E-004  5.390414096058870E+001
    475  4.893263308603659E-004  5.870955367754343E+001
    438  4.711253089378654E-004  5.568774314714533E+001
     60  4.660169683986115E-004  2.612817271153773E+001
      9  4.614155279592341E-004  1.615282072713023E+001
     67  4.486742089624755E-004  2.663955326886673E+001
   1053  4.278112393136213E-004  1.331993000158318E+002
    425  4.221504716400493E-004  5.512885982268182E+001
    468  4.120990875071136E-004  5.850419738659161E+001
    489  4.064565857270492E-004  5.906665573291085E+001
     42  3.987718246183593E-004  2.442065503900721E+001
     54  3.954680253467019E-004  2.537118147105558E+001
    575  3.949814674383491E-004  1.067636975144964E+002
    459  3.924283274456160E-004  5.797524108925945E+001
    588  3.887662428113183E-004  1.072780161282308E+002
    480  3.773366802482322E-004  5.887142017505539E+001
    774  3.728971656910465E-004  1.147299018357027E+002
    557  3.616880961703085E-004  1.053298087456868E+002
    258  3.498992185230337E-004  3.725675246841864E+001
     91  3.427424907473054E-004  2.795709450840539E+001
    430  3.404399358507149E-004  5.544226538226409E+001
   1072  3.287972554417707E-004  1.354275255218108E+002
    251  2.653365251878143E-004  3.670193646720268E+001
    772  2.559888430921762E-004  1.144444014986270E+002
   1047  2.408194570146920E-004  1.324683504365100E+002
    165  2.321353236876170E-004  3.194792507678593E+001
   1066  2.288896063635775E-004  1.341339055776214E+002
    103  2.195438239281958E-004  2.854698030319213E+001
    460  2.192235257311451E-004  5.821511818989060E+001
    414  2.122377774877107E-004  5.408443269732371E+001
   1060  2.109118595651731E-004  1.336329109810919E+002
     29  2.096101351087695E-004  2.304600720746813E+001
   1052  2.038205182384397E-004  1.330891459743712E+002
    467  2.034293347297041E-004  5.850070475174659E+001
     51  1.996142187861491E-004  2.527497960196780E+001
    301  1.974914801219547E-004  3.874125966254066E+001
    115  1.861658937813909E-004  2.908676806680809E+001
     39  1.773390960269527E-004  2.419216907562118E+001
    512  1.769054590370013E-004  6.110465593383906E+001
    530  1.753524428325734E-004  6.265828803408258E+001
     57  1.735200234011452E-004  2.601044601303876E+001
      2  1.683110401780705E-004  1.507477314615795E+001
   1038  1.645263172507757E-004  1.317153469634680E+002
    462  1.620262482699431E-004  5.834568949164402E+001
    446  1.564427339785642E-004  5.657515742254393E+001
     90  1.564206125393532E-004  2.792299487571685E+001
    604  1.545653090140842E-004  1.078901483894559E+002
    335  1.536706002399364E-004  4.064698242871874E+001
     94  1.523487585834811E-004  2.803048707399637E+001
    514  1.468107867117406E-004  6.112143562944963E+001
    518  1.466931912878868E-004  6.116565427175681E+001
    458  1.433604060712256E-004  5.780961640938520E+001
     45  1.416163349729835E-004  2.505629895200580E+001
   1033  1.413325880769927E-004  1.314921549657209E+002
    422  1.401321808115390E-004  5.478392604221921E+001
    400  1.399379415609523E-004  5.304406357850599E+001
    299  1.379421475277268E-004  3.861147003050849E+001
    482  1.377191116599322E-004  5.890508639424976E+001
    254  1.372544125520677E-004  3.696870162494890E+001
    495  1.371569413364036E-004  5.971063876484735E+001
     12  1.371505123954040E-004  1.791855268392995E+001
    483  1.316073317060086E-004  5.892865432514233E+001
    152  1.300657926093498E-004  3.107793476288124E+001
    384  1.286256476283742E-004  4.693482184770667E+001
   1057  1.279739034210078E-004  1.332882698940204E+002
    108  1.259288798009221E-004  2.884206820739177E+001
    376  1.244624295896391E-004  4.578482274843697E+001
    416  1.244036977845844E-004  5.412105627361211E+001
    100  1.208941983198183E-004  2.814590236831992E+001
    288  1.122113905639306E-004  3.825168870868715E+001
    545  1.121531941711459E-004  1.038885725205099E+002
    374  1.103261323071723E-004  4.576894168844035E+001
    613  1.091158982663950E-004  1.081325074305931E+002
    777  1.087973547936594E-004  1.150636811545726E+002
    454  1.066379086334309E-004  5.753531790534946E+001
    395  1.053716225209948E-004  5.279005865968511E+001
    160  1.045547608476600E-004  3.140287364756382E+001
      4  1.003894371433188E-004  1.555889535187236E+001
    658  9.663053502908389E-005  1.092752908733605E+002
    407  9.028597010621339E-005  5.355040632372296E+001
    694  9.028149307962074E-005  1.110208923005156E+002
    477  8.745583800125381E-005  5.875439662154096E+001
    666  8.660894703314008E-005  1.096961217429448E+002
     69  8.519405668993824E-005  2.667931486079132E+001
    998  8.474112232128642E-005  1.301241144683907E+002
    678  8.390827759006069E-005  1.105298402911861E+002
    166  8.184779724066464E-005  3.197534022905977E+001
    507  8.169155514105089E-005  6.098134465730102E+001
    303  8.147486300849351E-005  3.891633174738261E+001
   1032  7.515675028740139E-005  1.314270448258869E+002
    188  7.476684118502398E-005  3.343297855491465E+001
    572  7.469594545769125E-005  1.066354688575440E+002
    427  7.410948403173390E-005  5.530625255614972E+001
    519  7.250425217778000E-005  6.116666091909611E+001
    279  7.194047838352011E-005  3.776291602598710E+001
    185  7.178721208029271E-005  3.329017879350934E+001
    448  7.066514132150109E-005  5.707216855561523E+001
    308  7.058733775657460E-005  3.924824416979163E+001
    472  7.051462887038961E-005  5.860732378330380E+001
    825  6.779500136666082E-005  1.174155068731360E+002
    602  6.452148342064855E-005  1.078335831208874E+002
    195  6.268509851925860E-005  3.399004655216064E+001
    434  6.118989267572637E-005  5.556859477681133E+001
    417  6.109821406649899E-005  5.432386496665636E+001
    267  6.079655867831853E-005  3.763942844703926E+001
     55  6.027610812275278E-005  2.564739582447731E+001
    593  5.955964794471119E-005  1.074633420950339E+002
    989  5.778184113447087E-005  1.296856498562064E+002
    241  5.744885083418979E-005  3.573178726353736E+001
    778  5.596922011163744E-005  1.153062331743218E+002
    802  5.466439464317158E-005  1.163074247182627E+002
    898  5.453022104401232E-005  1.236287338505038E+002
    245  5.350833967020540E-005  3.584895809931362E+001
    319  5.268794009130825E-005  3.955367029075058E+001
    486  5.134886597503708E-005  5.898078655703418E+001
    302  5.096293618259404E-005  3.874867387838012E+001
    513  5.093345379396898E-005  6.111701004965728E+001
   1036  4.994152429655492E-005  1.315563975924429E+002
    907  4.630638721599377E-005  1.254774984052440E+002
    311  4.582762323513618E-005  3.939193935233331E+001
     92  4.568852787372990E-005  2.796966533379813E+001
    405  4.503456583866317E-005  5.340951413863353E+001
   1008  4.484301984337457E-005  1.304054287055121E+002
    721  4.449286111599594E-005  1.121902054803930E+002
    402  4.428936149495963E-005  5.323403324336612E+001
    768  4.383880562240492E-005  1.140511281344195E+002
    795  4.371101984189636E-005  1.159446042090269E+002
    717  4.332848583792119E-005  1.119901298340990E+002
    272  4.269678978727285E-005  3.770876893490352E+001
    329  4.201948245578867E-005  3.994917835777716E+001
    902  4.136497107394630E-005  1.246861225619736E+002
    680  4.086705423695786E-005  1.106808485277705E+002
    659  4.086215189670850E-005  1.093169473413985E+002
    386  3.955956569191159E-005  4.778448827008048E+001
    436  3.907240997894648E-005  5.562240782737462E+001
    663  3.853467919693857E-005  1.095408569103236E+002
    585  3.844720743201842E-005  1.071721890576240E+002
    587  3.794189296385824E-005  1.072564562863978E+002
    359  3.732734651007973E-005  4.440820660542785E+001
    534  3.665143424565523E-005  6.352992396574133E+001
    909  3.622841631673538E-005  1.256671150468244E+002
   1014  3.565519583844343E-005  1.306579532637773E+002
    842  3.491009007045491E-005  1.180365480395604E+002
    358  3.480267965245065E-005  4.418411045040358E+001
    950  3.452305398269630E-005  1.281356928004739E+002
    500  3.411072995012188E-005  6.016266526055261E+001
    755  3.388191493923476E-005  1.130537195644052E+002
     93  3.383903186604717E-005  2.801831476528660E+001
    970  3.360004178337012E-005  1.288440499253601E+002
    548  3.339227867646185E-005  1.041098140943872E+002
    398  3.323855658157558E-005  5.298968704937109E+001
    399  3.174792090318125E-005  5.300117686152819E+001
    952  3.171780579959562E-005  1.282170243378332E+002
    484  3.118795870364471E-005  5.894622531819898E+001
    464  3.084902221173181E-005  5.841767339850505E+001
    233  3.066476333765187E-005  3.536858076063520E+001
    163  3.051157579137431E-005  3.148605603035891E+001
    343  3.036835171525230E-005  4.223776350771931E+001
   1074  3.012942205258280E-005  1.357832717908243E+002
    119  2.979912491329047E-005  2.929038281335912E+001
   1067  2.943177609548476E-005  1.341872351276505E+002
    378  2.940284479637021E-005  4.609481655347708E+001
    294  2.929004872140183E-005  3.844005427068350E+001
    450  2.919123651596499E-005  5.723022636777802E+001
     79  2.913145601165419E-005  2.728143790603452E+001
    535  2.874323909698460E-005  7.234684016852472E+001
   1016  2.859325531065731E-005  1.306784011483153E+002
    253  2.820932993658366E-005  3.690338042035397E+001
    259  2.810313310196049E-005  3.731129763636223E+001
    700  2.784585294910291E-005  1.112187707043413E+002
    567  2.760662188315282E-005  1.061175767374582E+002
    960  2.716310294060186E-005  1.283710541965592E+002
    505  2.713731712545559E-005  6.089365906344585E+001
    524  2.687145967836836E-005  6.196836567938324E+001
   1031  2.639826345206966E-005  1.313824495210718E+002
    582  2.587363618200646E-005  1.069886979669129E+002
    691  2.568968530888287E-005  1.109942746792360E+002
    169  2.554473524382517E-005  3.225245008090104E+001
    292  2.548043054923414E-005  3.837765227419467E+001
    676  2.522576441214984E-005  1.102968009656115E+002
    322  2.521993710911349E-005  3.962934885257222E+001
    532  2.503818005721305E-005  6.299204701993657E+001
    771  2.483292851300334E-005  1.142541813627527E+002
    285  2.439545553978651E-005  3.794670187788559E+001
    337  2.438526221735645E-005  4.125439580477820E+001
    222  2.428721413180230E-005  3.444665555523785E+001
    332  2.399234745674641E-005  4.036182328117159E+001
    264  2.378430048880299E-005  3.760740200223662E+001
    712  2.357038170650266E-005  1.118479116964762E+002
    192  2.351642999357001E-005  3.373139183933635E+001
    478  2.351055055945523E-005  5.880478287498814E+001
    848  2.343893981792768E-005  1.185512117490796E+002
     48  2.327865170374650E-005  2.521050943974308E+001
    120  2.325165233140542E-005  2.935022978395871E+001
    172  2.306969158575754E-005  3.254695536480502E+001
    333  2.298259234871753E-005  4.050570323460023E+001
    816  2.269050794321703E-005  1.170854692244173E+002
    826  2.225915132416993E-005  1.174535409692338E+002
   1001  2.221267097424022E-005  1.301907504163165E+002
    995  2.217931461168340E-005  1.300556822463785E+002
    655  2.210016599239509E-005  1.092114390318620E+002
    306  2.198823330943348E-005  3.922583615449084E+001
    793  2.163251428850277E-005  1.158943894419280E+002
    580  2.122356753113980E-005  1.069063882425304E+002
    510  2.107409188399770E-005  6.106496915014706E+001
    230  2.106046708008321E-005  3.507000892128892E+001
    340  2.097474565409828E-005  4.203744443197692E+001
    550  2.062394610429191E-005  1.044255141670578E+002
    497  2.034606265014389E-005  5.984833423050026E+001
   1045  2.031173917271183E-005  1.322246800166877E+002
    984  1.990421322077588E-005  1.293776492189174E+002
    491  1.978930287423288E-005  5.916484178919298E+001
    105  1.970379550468299E-005  2.872870804936272E+001
     16  1.963251935612225E-005  2.083990463296455E+001
    517  1.959337250595481E-005  6.116283191518230E+001
     86  1.953675179925868E-005  2.760340701365068E+001
    481  1.919755015413308E-005  5.889564718758225E+001
    576  1.907128339350380E-005  1.068188420241767E+002
    810  1.869117692520398E-005  1.168542717379606E+002
    997  1.839942931798915E-005  1.300952728722026E+002
   1021  1.830011380823496E-005  1.308784400027895E+002
    561  1.828849499171825E-005  1.057823475786052E+002
    270  1.772922286392270E-005  3.767493462479421E+001
   1061  1.771867875892366E-005  1.338239896777959E+002
    934  1.771084629514994E-005  1.274026915475210E+002
   1006  1.726398456888147E-005  1.303473844140781E+002
     41  1.714996357297342E-005  2.434332602389209E+001
    615  1.701282845557992E-005  1.081646255451844E+002
    341  1.666751886247138E-005  4.207899368185591E+001
    687  1.640182421129829E-005  1.108477970364615E+002
   1011  1.624758238448434E-005  1.305590563134582E+002
    412  1.614753574602974E-005  5.399327798218789E+001
    932  1.594151457688712E-005  1.272890793904072E+002
    515  1.583532163910300E-005  6.113166482037749E+001
    161  1.524939547042961E-005  3.141544799468193E+001
    164  1.493665127829611E-005  3.156123118588701E+001
   1069  1.478269834341661E-005  1.347402109836953E+002
    379  1.474276304876276E-005  4.610002508350383E+001
    742  1.467686302831754E-005  1.126546326383816E+002
     89  1.452534643707275E-005  2.787565477396676E+001
    527  1.448723539081656E-005  6.211137902133680E+001
    296  1.444819834600251E-005  3.847026909032138E+001
    918  1.440549127153022E-005  1.263810693695273E+002
    531  1.433355820861059E-005  6.280622541285696E+001
    197  1.428947151430119E-005  3.407091137263039E+001
    516  1.419645513510677E-005  6.114879167768425E+001
    702  1.418576776254379E-005  1.112791472783473E+002
    375  1.414749035508372E-005  4.577921754207221E+001
     82  1.410049489805650E-005  2.744742479332049E+001
    404  1.407826579787711E-005  5.332919471058649E+001
    182  1.399416473212063E-005  3.313118961536368E+001
    724  1.396792014157364E-005  1.122474317356576E+002
    609  1.389074235061496E-005  1.080529774194348E+002
    274  1.385656057668872E-005  3.771469066363962E+001
    291  1.385511619496202E-005  3.834865717601958E+001
     26  1.355224663494745E-005  2.275577786050195E+001
   1070  1.347812065671637E-005  1.350535885837313E+002
    159  1.347261584624341E-005  3.140014259635325E+001
    102  1.344200209322394E-005  2.838723287464182E+001
    426  1.316857930677061E-005  5.521112029631625E+001
    760  1.290027464556212E-005  1.133648679091437E+002
    494  1.282697231758576E-005  5.959072402434833E+001
    879  1.272161138271089E-005  1.208628531744268E+002
    377  1.265135895492061E-005  4.580996274485975E+001
    125  1.263023030241402E-005  2.955205187993630E+001
    442  1.247964122136062E-005  5.605259237502305E+001
    383  1.221497558426242E-005  4.665506804468283E+001
    890  1.217942657867575E-005  1.222269695705770E+002
     66  1.207447757233996E-005  2.653041695388611E+001
    262  1.199702046721091E-005  3.754826259370084E+001
    473  1.199138937965355E-005  5.864875851961727E+001
    190  1.197906180546594E-005  3.352213579831744E+001
    186  1.194348070301026E-005  3.335079910483972E+001
    929  1.183478673612934E-005  1.272324166790593E+002
    645  1.170767609876948E-005  1.088758352374567E+002
    154  1.157350319876095E-005  3.128025029310897E+001
    919  1.147576325808014E-005  1.264669767465423E+002
    111  1.139451146471141E-005  2.891758955889047E+001
    785  1.122094493766387E-005  1.156515149006221E+002
    967  1.113353341540264E-005  1.287730879251822E+002
    911  1.077966224166975E-005  1.258968376271585E+002
    372  1.059233717895007E-005  4.569660817760900E+001
    110  1.049318259139203E-005  2.890337161783228E+001
    369  1.047386156570359E-005  4.556664797594529E+001
    268  1.042413770445342E-005  3.765614789507087E+001
     17  1.030227119261886E-005  2.091913438766164E+001
    135  1.022748478044308E-005  2.990996926970350E+001
    132  1.021235120120918E-005  2.978147182311027E+001
    504  1.016087089519722E-005  6.073767201700102E+001
    799  1.012474168623527E-005  1.161655148393659E+002
    310  1.008988861990087E-005  3.933560718805473E+001
    592  1.007250853098536E-005  1.074010896433819E+002
    232  9.934539192970566E-006  3.530982942235851E+001
   1029  9.871071265447861E-006  1.312589073638632E+002
    618  9.838276368742541E-006  1.083041655146542E+002
    525  9.774687598467589E-006  6.201689187624501E+001
    128  9.699668991206341E-006  2.964876822252022E+001
    745  9.603672356804936E-006  1.127541380335163E+002
    928  9.549393015577547E-006  1.271758190169006E+002
    456  9.138129653905941E-006  5.758475825352298E+001
    762  9.115128232773983E-006  1.134504722361933E+002
    381  9.094203651808135E-006  4.623753374880091E+001
    973  9.057244547047260E-006  1.290303348922233E+002
    219  8.981740157930398E-006  3.435584966495736E+001
   1058  8.858328847537885E-006  1.334381531708862E+002
    746  8.846571885555010E-006  1.128150956859242E+002
    607  8.837050071985265E-006  1.079782277499060E+002
    283  8.820166655213462E-006  3.781664732037148E+001
    780  8.781931802599291E-006  1.153482258688003E+002
    541  8.728772232843637E-006  1.020561485810812E+002
    892  8.704051520693204E-006  1.223146913863671E+002
    903  8.631940045530397E-006  1.249295857950171E+002
    654  8.571413902536612E-006  1.091774321289355E+002
    817  8.525187385448530E-006  1.171745914510001E+002
    396  8.491225061709621E-006  5.292259014309509E+001
     53  8.463493865743201E-006  2.532427500710937E+001
    523  8.089954770701192E-006  6.195141091349550E+001
    649  8.059989756154602E-006  1.089557122086210E+002
    756  8.015495124340067E-006  1.131019348749128E+002
    533  7.961779313372381E-006  6.344214913117692E+001
    706  7.840049297500873E-006  1.115644797142602E+002
    210  7.826122473965642E-006  3.421873300884823E+001
     44  7.812528759862764E-006  2.487547588775838E+001
    117  7.696740477230919E-006  2.915145470361619E+001
    173  7.532824498821722E-006  3.267731285541730E+001
    769  7.420249485890742E-006  1.141494817506874E+002
    537  7.389183872211128E-006  7.348438751630307E+001
    988  7.282172380915961E-006  1.295230022337254E+002
    551  7.079077602440657E-006  1.044758850995860E+002
    290  7.062511145407614E-006  3.834059039797889E+001
    223  7.039776769052424E-006  3.452101188794168E+001
    838  7.017924159729692E-006  1.178077045912047E+002
    559  6.992242303681604E-006  1.054467335457494E+002
    599  6.980210576148780E-006  1.077354408464688E+002
    917  6.923077403966403E-006  1.262583151256411E+002
    955  6.858708826062758E-006  1.283043098504922E+002
     28  6.761591914828424E-006  2.303576073275412E+001
    280  6.680493124033197E-006  3.777070006257392E+001
    763  6.599573999366682E-006  1.136578287383470E+002
    669  6.572036733904751E-006  1.098991161820264E+002
    397  6.331798780381255E-006  5.292984574180642E+001
     77  6.226898820078205E-006  2.720977418778346E+001
    349  6.171735018174142E-006  4.279212686889406E+001
    921  5.792658555720454E-006  1.266347372507485E+002
    942  5.593089753374848E-006  1.277896527703618E+002
    964  5.524112828286536E-006  1.284811881676410E+002
     72  5.513891230433008E-006  2.695844835194747E+001
    387  5.389338818888135E-006  4.845493173747810E+001
    784  5.370935809681637E-006  1.156115101864969E+002
    938  5.341115289583665E-006  1.276246332177813E+002
   1050  5.296685176484591E-006  1.326682006609648E+002
    719  5.235050222878939E-006  1.120361196403708E+002
    273  5.231966057619049E-006  3.771236202405859E+001
    940  5.153491457149988E-006  1.277053477702196E+002
    275  5.119636968375345E-006  3.771871208633355E+001
     95  5.093720332949637E-006  2.806113631432304E+001
    351  5.023162446396757E-006  4.290814690346715E+001
    198  4.990633901706985E-006  3.410095577154824E+001
    727  4.983881310319472E-006  1.123838421661365E+002
    730  4.965317461966992E-006  1.124678820560711E+002
    365  4.920460528110929E-006  4.540196146988517E+001
    748  4.916332915871491E-006  1.128453459062848E+002
    155  4.861783601455793E-006  3.129077640287002E+001
    866  4.839285707652899E-006  1.198737679274225E+002
    564  4.792725003588803E-006  1.059223740174141E+002
    201  4.782303605640020E-006  3.413905621996786E+001
    962  4.775573527510651E-006  1.284190833846668E+002
     80  4.751023766744645E-006  2.737665388114407E+001
    312  4.711245867289658E-006  3.940338989709551E+001
    812  4.655600095178805E-006  1.169499526914024E+002
    600  4.594126266067094E-006  1.078192567961393E+002
    248  4.575892122761211E-006  3.617742791171408E+001
    975  4.541564187854063E-006  1.290479361570385E+002
    992  4.488905499426688E-006  1.299169051159237E+002
    177  4.436147572938615E-006  3.286305119332699E+001
    635  4.421532884462626E-006  1.087402789130293E+002
    313  4.324185358562009E-006  3.941220320488696E+001
    673  4.282181407425347E-006  1.101090602242966E+002
    578  4.249541352150455E-006  1.068696587706935E+002
    287  4.191338690105762E-006  3.806334999222836E+001
    238  4.185567961312301E-006  3.562010162214489E+001
    860  4.164535189770924E-006  1.193608179742887E+002
    364  4.049988617555345E-006  4.528995878587361E+001
    297  4.019270370981032E-006  3.850412000814609E+001
    958  3.954840460741473E-006  1.283326337970340E+002
    145  3.926075846015074E-006  3.035386176419680E+001
    574  3.873341243985016E-006  1.067089856517616E+002
    855  3.824140364310672E-006  1.192335282432478E+002
    555  3.809191103246550E-006  1.049505825405343E+002
    868  3.782956473379787E-006  1.199994649602093E+002
    392  3.760415149991419E-006  4.975569880244111E+001
   1077  3.636968209972852E-006  6.189178021453241E+002
    157  3.526981342130577E-006  3.136040875348826E+001
    278  3.491754488658102E-006  3.775225448216675E+001
    520  3.489845976440553E-006  6.117519869664547E+001
    979  3.394369367445387E-006  1.292073280791942E+002
     32  3.361999874780230E-006  2.386019687247388E+001
      8  3.357640503398116E-006  1.603898235084092E+001
    546  3.344183165043640E-006  1.038908634804570E+002
    954  3.322965257897948E-006  1.282848493157465E+002
     98  3.288092936447582E-006  2.810036398063808E+001
    597  3.256655553014662E-006  1.076362394255561E+002
    976  3.241785030719117E-006  1.291265023483052E+002
    498  3.140579804494017E-006  6.006055704270973E+001
    639  3.108238202542137E-006  1.087924757147032E+002
    281  3.107325676081532E-006  3.778222215271058E+001
    118  3.050972394848180E-006  2.927665934202001E+001
   1022  3.046408170761653E-006  1.309570316227355E+002
    661  3.042602596289986E-006  1.094040232551639E+002
    420  3.029195738691107E-006  5.464265012038360E+001
    690  3.014599512569121E-006  1.109553167085971E+002
    650  3.001333226140695E-006  1.090061273622073E+002
    873  2.988168118211887E-006  1.205400953636918E+002
    213  2.983440772428908E-006  3.426923698719692E+001
      1  2.961707940840030E-006  1.480943860687432E+001
    205  2.916658746253907E-006  3.418138862993963E+001
   1024  2.913371582672069E-006  1.310472886139475E+002
    880  2.905082187823176E-006  1.209811659012211E+002
    141  2.844875883154482E-006  3.005205957969120E+001
     73  2.832930618983885E-006  2.704395448663374E+001
    617  2.813964683903328E-006  1.082069188907082E+002
    126  2.713194930825596E-006  2.957864372821811E+001
    403  2.711986323707168E-006  5.332276567118551E+001
     40  2.680746367052716E-006  2.429142631572386E+001
    293  2.623312815513405E-006  3.840315559517953E+001
     22  2.620030482364391E-006  2.149928230079738E+001
    783  2.534891205278776E-006  1.155776779712016E+002
     59  2.508684989717298E-006  2.608228483109795E+001
    191  2.468501634712645E-006  3.372798248811258E+001
    562  2.446866998849954E-006  1.058125905236654E+002
    738  2.445394295985377E-006  1.126248828969786E+002
    440  2.432306889276774E-006  5.589934491235444E+001
    353  2.406996814693935E-006  4.354452657935016E+001
    966  2.381532161546372E-006  1.287120665380274E+002
   1005  2.329198730923312E-006  1.302961950162389E+002
     49  2.318344928774356E-006  2.521926711432687E+001
    503  2.223237206653404E-006  6.062899617907863E+001
    671  2.168603706796259E-006  1.100461630260976E+002
    549  2.140038239234431E-006  1.043755820157491E+002
   1044  2.135908685120601E-006  1.320835593454495E+002
    101  2.113302857098768E-006  2.816121926613436E+001
    116  2.105931750862251E-006  2.910094471225916E+001
     21  2.098558221727863E-006  2.149552581175353E+001
    924  2.085309042273826E-006  1.267645350898773E+002
    211  2.080047035886854E-006  3.422885497659050E+001
    180  2.069157522162788E-006  3.306959511625761E+001
    623  2.064779676458348E-006  1.084311616311891E+002
    112  2.058891982614067E-006  2.893182478938967E+001
    226  2.053409171284303E-006  3.460914941435140E+001
    847  2.041467666040410E-006  1.183795327778256E+002
    820  2.013743132933945E-006  1.173160626674297E+002
   1056  1.981196533426245E-006  1.332822863268028E+002
     96  1.979709373316769E-006  2.807603105873968E+001
    789  1.978197515122793E-006  1.157939903252585E+002
     62  1.974644884423930E-006  2.630569023157911E+001
    803  1.953808999439916E-006  1.163959410830473E+002
    886  1.941122345461627E-006  1.214498350996194E+002
    611  1.931676060307482E-006  1.080609110523806E+002
    883  1.906235877638413E-006  1.212822283474710E+002
    367  1.882497918705316E-006  4.546665367422378E+001
    344  1.854562642259876E-006  4.229281490750487E+001
    487  1.853863936937066E-006  5.901096182276392E+001
     36  1.844351233541720E-006  2.408548968715760E+001
    948  1.824582594380560E-006  1.280530341997139E+002
   1071  1.783583873054676E-006  1.353191143310252E+002
    667  1.776773083107165E-006  1.098231148083649E+002
    316  1.754558633613595E-006  3.947722492082590E+001
    851  1.684460102474698E-006  1.189105890777936E+002
    813  1.627851036383607E-006  1.170211975618395E+002
    930  1.614611913251658E-006  1.272550109882912E+002
    697  1.597843955046426E-006  1.111168086390436E+002
    843  1.561899812129118E-006  1.181049125326048E+002
    643  1.547944928377904E-006  1.088529165631816E+002
   1063  1.536814716040311E-006  1.338610239777397E+002
    240  1.532611310512682E-006  3.568815433410965E+001
     14  1.527608451265809E-006  2.047451167645159E+001
   1034  1.519061021986565E-006  1.314975717016592E+002
    765  1.508445849451771E-006  1.138034732037320E+002
    698  1.464383403776247E-006  1.111543499618823E+002
     97  1.410105470571999E-006  2.809615145046481E+001
    621  1.409770134459175E-006  1.083828600305560E+002
    675  1.394728136617843E-006  1.101932688761904E+002
    437  1.386504403595255E-006  5.567668099873953E+001
    986  1.367865226284726E-006  1.294778988001748E+002
    822  1.364734329886455E-006  1.173379890193997E+002
    937  1.353759833547437E-006  1.275975168353670E+002
    139  1.350110110151871E-006  3.001327528760398E+001
   1076  1.340479042506442E-006  1.858411948136732E+002
    390  1.330942616778220E-006  4.930034545373515E+001
    130  1.312420139983712E-006  2.969026097336859E+001
    217  1.307857639660580E-006  3.432077633458158E+001
    626  1.300708415109389E-006  1.085197354965440E+002
    476  1.280575813892548E-006  5.874284760292872E+001
   1048  1.275035068058837E-006  1.325281096806480E+002
    754  1.254589627281569E-006  1.130532912402911E+002
      3  1.249106283984396E-006  1.530095081680193E+001
    490  1.231399810653374E-006  5.909746584665749E+001
    189  1.226058909635426E-006  3.348575581421191E+001
    266  1.181389592914462E-006  3.763404507858488E+001
    373  1.167538030659410E-006  4.573517441489172E+001
    556  1.148080235141687E-006  1.053074591696642E+002
    554  1.126694983318092E-006  1.048978551747549E+002
    808  1.097990165990994E-006  1.166438640424820E+002
    835  1.088053026130323E-006  1.176766134664512E+002
    854  1.080701878269190E-006  1.190938927222375E+002
    463  1.080400628088948E-006  5.840368106338346E+001
    326  1.072183244064143E-006  3.980074663620405E+001
    488  1.071857767785074E-006  5.904214899548738E+001
    683  1.062171500181736E-006  1.107854094171573E+002
    451  1.050481468366083E-006  5.726939793781466E+001
    968  1.042527833945522E-006  1.287893908307005E+002
    207  1.030277110356090E-006  3.419271829752626E+001
    681  1.009352025504834E-006  1.107150530846271E+002
    540  1.006200931685895E-006  1.019596674086986E+002
    710  1.005936127014940E-006  1.117114283703663E+002
     61  9.786239511781691E-007  2.623624111749398E+001
    751  9.471942611469352E-007  1.129352725370382E+002
     58  9.396109533641999E-007  2.603619761911758E+001
    455  9.387104357369613E-007  5.757818593173593E+001
    209  9.294140395790290E-007  3.420776675567321E+001
    977  8.866122375479796E-007  1.291448023039548E+002
    428  8.718778632541161E-007  5.539697768550786E+001
    944  8.659200383727578E-007  1.278264506290159E+002
    114  8.544792521448359E-007  2.903390568794284E+001
   1055  8.457346374907347E-007  1.332315483337306E+002
     75  8.288517044307000E-007  2.717284531466260E+001
     87  8.228938523021591E-007  2.773505635732142E+001
    113  8.058470736692017E-007  2.894608485543543E+001
    409  7.964316157265109E-007  5.377950655266745E+001
    536  7.795722974512880E-007  7.244369170766353E+001
   1009  7.708552497191580E-007  1.304609142394732E+002
    200  7.681969298726704E-007  3.413076352937113E+001
     37  7.590026972573223E-007  2.413005277682491E+001
    947  7.511022270580526E-007  1.280025795512814E+002
    972  7.418676578210782E-007  1.289491342298440E+002
     50  7.387749579974312E-007  2.524792740229145E+001
    391  7.359396270755696E-007  4.935295074539214E+001
    424  7.345887882576441E-007  5.504400290817051E+001
    877  7.305289630121415E-007  1.207635072396237E+002
    432  6.901573234792855E-007  5.551253331854516E+001
    905  6.835519249136774E-007  1.252963463377060E+002
    916  6.734255858939801E-007  1.261858055404796E+002
    871  6.562687860014982E-007  1.204638135739833E+002
    107  6.314543018723292E-007  2.880093649968087E+001
    355  6.303039487259689E-007  4.365668409738398E+001
    453  6.296389091935506E-007  5.734859743017803E+001
    945  6.289764905764306E-007  1.278945431870569E+002
    231  6.184816615124280E-007  3.529195130720404E+001
     38  6.180650065708047E-007  2.415274881711009E+001
    208  6.169444913666360E-007  3.420400517096608E+001
    315  6.097440061014066E-007  3.946262277995078E+001
    429  6.048112767204044E-007  5.542704693693687E+001
   1040  5.912757980948249E-007  1.318325334098182E+002
    831  5.896616111184736E-007  1.175849164822640E+002
    579  5.831501934690342E-007  1.068810185812333E+002
    858  5.794564366345236E-007  1.193043137223610E+002
     33  5.750308185714196E-007  2.387502434282544E+001
    327  5.713078987052025E-007  3.980649710729982E+001
   1027  5.701712358060517E-007  1.311414239553258E+002
    725  5.699482821881649E-007  1.122622575126908E+002
    121  5.610076136267196E-007  2.937009161569695E+001
   1020  5.522738963950308E-007  1.308300137670077E+002
    144  5.372304241935857E-007  3.023024488043693E+001
    204  5.352415118091562E-007  3.416741852472765E+001
    749  5.192092953698074E-007  1.128862829609149E+002
    206  5.173295345715130E-007  3.418711639611698E+001
    318  5.098852970707338E-007  3.952690512520030E+001
    586  5.084623232168018E-007  1.072414988471015E+002
    632  5.018858871566256E-007  1.086732063917954E+002
    686  4.870842552650915E-007  1.108321598991433E+002
    199  4.838113197108146E-007  3.411214171315592E+001
     25  4.813162404199549E-007  2.268285797328677E+001
    630  4.614576570704201E-007  1.086464564510315E+002
    289  4.542279856329804E-007  3.832422991649202E+001
    346  4.539122252267612E-007  4.251353138364797E+001
    196  4.536337130182073E-007  3.402217963204272E+001
    466  4.515437327363383E-007  5.848631456847294E+001
    444  4.379384227336543E-007  5.640873014994138E+001
    637  4.231902153790813E-007  1.087708716348475E+002
    547  4.159638246293339E-007  1.040413527560943E+002
     76  3.959078510908314E-007  2.719040433196805E+001
    544  3.910723756814318E-007  1.037287728441322E+002
    895  3.888588025121115E-007  1.231922658586809E+002
   1073  3.858989946583714E-007  1.355646294676644E+002
    271  3.799658874121153E-007  3.769377629908810E+001
    731  3.748453726363592E-007  1.124795031346507E+002
    140  3.730954561117854E-007  3.002380690834687E+001
    844  3.720066050705485E-007  1.182236522024691E+002
     64  3.705238486922280E-007  2.637954322898939E+001
    636  3.675644471014802E-007  1.087412284437008E+002
    151  3.662655066192507E-007  3.097448214004631E+001
    465  3.659589114741416E-007  5.845233409136720E+001
     88  3.630848022390538E-007  2.776495450944637E+001
    348  3.593241121118391E-007  4.278252907839931E+001
    943  3.527255553594359E-007  1.278255860865938E+002
   1013  3.468736906740288E-007  1.306191025791559E+002
    236  3.394499728109214E-007  3.558504171265294E+001
    791  3.387424254246627E-007  1.158399885308925E+002
    380  3.349784083282783E-007  4.621788456267294E+001
    435  3.343532986269316E-007  5.559833163642786E+001
    131  3.334654836895446E-007  2.976719894627799E+001
    249  3.321654112072373E-007  3.643158917315001E+001
    252  3.252813206036701E-007  3.681481496629917E+001
    737  3.212481689433119E-007  1.125716601108342E+002
    168  3.158557691535729E-007  3.223239881301075E+001
      7  3.129031216236945E-007  1.598850297870253E+001
    256  3.121313176598123E-007  3.708485200545782E+001
    542  3.095787311032506E-007  1.021380905135569E+002
    104  3.079578112276769E-007  2.863475114667724E+001
     63  3.043433981840784E-007  2.633691355837915E+001
    509  2.961901842796164E-007  6.104665142125116E+001
    109  2.839358473711796E-007  2.888359254004277E+001
     85  2.810760507048299E-007  2.757726243328665E+001
    452  2.728051039601322E-007  5.732416656661538E+001
    560  2.722037006861106E-007  1.057397922085461E+002
    127  2.718832807825059E-007  2.958197907168710E+001
    983  2.701434851721482E-007  1.293699640118089E+002
    184  2.630588279628216E-007  3.328145954751520E+001
    581  2.583398626194489E-007  1.069166383916512E+002
    577  2.503785382333515E-007  1.068269012623950E+002
    148  2.497173537873152E-007  3.055713011308698E+001
    371  2.471151177889618E-007  4.567834615857563E+001
    646  2.398750895787327E-007  1.089039652974663E+002
    356  2.385867090116045E-007  4.399929676237998E+001
    821  2.385282462761138E-007  1.173213489801490E+002
     68  2.375017496745361E-007  2.665958995788216E+001
   1054  2.321224753609385E-007  1.332101619260334E+002
    757  2.296221411855184E-007  1.131455979007981E+002
    394  2.229175142334226E-007  5.275338077531283E+001
   1043  2.131062932297007E-007  1.320181582363304E+002
    538  2.125001466766035E-007  8.801939400846273E+001
     84  2.111102761653254E-007  2.748397341497807E+001
    470  2.080367814133010E-007  5.858950887133865E+001
     11  2.073215374841281E-007  1.771447447329438E+001
    156  2.031657177696701E-007  3.133959801814033E+001
    693  1.845633506568296E-007  1.110198391814811E+002
    218  1.841224680979757E-007  3.434087154455664E+001
    368  1.828517406159470E-007  4.552075151204606E+001
    913  1.805551445836738E-007  1.260963173315474E+002
    589  1.798277196108918E-007  1.073243551551986E+002
    212  1.788620798560954E-007  3.425448747044050E+001
    150  1.785332657066935E-007  3.095380367517388E+001
    277  1.779527552124406E-007  3.774405278528796E+001
    610  1.730284646884437E-007  1.080548791140610E+002
    642  1.718036647529888E-007  1.088349318990273E+002
    410  1.713508913447473E-007  5.380004782230375E+001
    215  1.692344438391870E-007  3.430912489816387E+001
     83  1.678651154100157E-007  2.745200449399356E+001
    286  1.626577635668188E-007  3.806107114689090E+001
   1065  1.576518772696945E-007  1.340986810838602E+002
    167  1.560563069914099E-007  3.206734480721192E+001
    598  1.519937597119842E-007  1.077082259858063E+002
    926  1.503915976310044E-007  1.269935099435139E+002
    175  1.485268406557417E-007  3.282740528695558E+001
     30  1.420693218030284E-007  2.339033246897357E+001
     74  1.412832487767441E-007  2.706787664592100E+001
    129  1.411752066049834E-007  2.967722940199728E+001
    441  1.408342471548715E-007  5.602297434426368E+001
    648  1.371630425093259E-007  1.089328290594756E+002
    827  1.352715979433183E-007  1.174913134466901E+002
     35  1.339125508343895E-007  2.406163852032448E+001
    203  1.337093364198504E-007  3.415596231316062E+001
      5  1.336349605960639E-007  1.580375607842547E+001
   1007  1.334525461486188E-007  1.303971511397991E+002
    457  1.332006159922820E-007  5.770039153165104E+001
    596  1.331137002529663E-007  1.076305596761092E+002
    170  1.330499729346789E-007  3.240864442722207E+001
    136  1.283017989580808E-007  2.995197020395121E+001
    461  1.275738959499415E-007  5.832169084274378E+001
    797  1.261116978523751E-007  1.161224071144865E+002
    741  1.238059574801711E-007  1.126383251241469E+002
    708  1.235805374984564E-007  1.116659378913442E+002
    521  1.228478484917306E-007  6.120499406654021E+001
    320  1.227978086828550E-007  3.958466091098631E+001
    171  1.189965278565574E-007  3.251692712246987E+001
    571  1.180839856028119E-007  1.065760725477823E+002
    716  1.169578069926455E-007  1.119313653155845E+002
    684  1.140691308875536E-007  1.108055531440044E+002
    573  1.139945693244463E-007  1.066520968004064E+002
    237  1.139036105857906E-007  3.561350513334219E+001
     34  1.126054009657814E-007  2.394870774261297E+001
    406  1.123506559876458E-007  5.347162595814701E+001
    269  1.106695198955896E-007  3.766609016559832E+001
    321  1.077848656767344E-007  3.959878738143280E+001
    323  1.058202453786577E-007  3.963162035223775E+001
    350  1.053863362593557E-007  4.287084402122760E+001
    408  1.035549513945589E-007  5.368647704938994E+001
    243  1.031128512209780E-007  3.580427376176280E+001
    443  1.019627903087373E-007  5.615506371008289E+001
     78  1.014852182880724E-007  2.724001953302053E+001
    162  1.012431151396756E-007  3.142013005221356E+001
   1035  9.941748834500084E-008  1.315022364948826E+002
    628  9.754074898805522E-008  1.085999071252231E+002
    331  9.444958122434126E-008  4.033978069592825E+001
     56  8.778343177209426E-008  2.577494999028338E+001
    193  8.703705491407772E-008  3.387383688791338E+001
   1017  8.591328398120808E-008  1.307020085696559E+002
    202  8.588646026794752E-008  3.414693728338715E+001
    668  8.307141097406352E-008  1.098358517134249E+002
    861  8.197702890798725E-008  1.193618968506130E+002
    216  8.072507385514551E-008  3.431915233475488E+001
    360  7.885029686848572E-008  4.501412031898634E+001
    528  7.785711995649994E-008  6.211763689923020E+001
    224  7.739335084863377E-008  3.456258153743839E+001
    644  7.709316872346304E-008  1.088699046594824E+002
    325  7.674143417539215E-008  3.979678053884171E+001
    652  7.536609117877992E-008  1.090805000764319E+002
    824  7.532111944030128E-008  1.173851057796732E+002
     81  7.476953229572423E-008  2.737831616504717E+001
   1059  7.473682960961991E-008  1.335352794510990E+002
    149  7.414634646137701E-008  3.064428879965062E+001
     13  7.369974201555484E-008  2.038781372204352E+001
    897  7.309424273460441E-008  1.233154024205701E+002
    894  7.275056947072734E-008  1.226855190700912E+002
    603  7.274324138546579E-008  1.078480909052838E+002
    361  7.192630748242365E-008  4.509188248244521E+001
    158  6.998210821023153E-008  3.138637587596471E+001
     20  6.940548465900430E-008  2.146722812704134E+001
    342  6.879536685564680E-008  4.219280462450153E+001
    244  6.858469038401212E-008  3.582009297825139E+001
    634  6.717046307942159E-008  1.087110579745548E+002
    502  6.678112691608419E-008  6.033057478557798E+001
    255  6.529435466915366E-008  3.705801266502003E+001
   1002  6.408160422538576E-008  1.301955720736593E+002
    305  6.334723494703934E-008  3.919092577852600E+001
    891  5.980645166627185E-008  1.222344606190913E+002
    951  5.979542932457766E-008  1.282127111215003E+002
    601  5.931727193148672E-008  1.078222216339937E+002
    692  5.928499030601382E-008  1.109991362888409E+002
    832  5.867790288867490E-008  1.176150872586579E+002
    526  5.626470641858392E-008  6.205614154690332E+001
   1019  5.598782244124601E-008  1.307856127904329E+002
     52  5.544729910066266E-008  2.532370304309600E+001
    647  5.497493132411905E-008  1.089204596390746E+002
    870  5.493423760973826E-008  1.203621491035894E+002
    583  5.411715538343456E-008  1.070323413352247E+002
    740  5.350031295683005E-008  1.126281679605138E+002
    265  5.287565044829142E-008  3.762418150997995E+001
    143  5.259484908148853E-008  3.021552765862468E+001
    969  5.193645597050438E-008  1.288232913140608E+002
    651  4.988123491335551E-008  1.090123807306586E+002
    239  4.802750372819183E-008  3.564788119351169E+001
    796  4.706335351956317E-008  1.160406419035091E+002
    670  4.502309547008230E-008  1.099218253642219E+002
    845  4.489314538650452E-008  1.182722434309271E+002
    990  4.448866780904479E-008  1.297249883032466E+002
    722  4.406403163410640E-008  1.121989232781130E+002
    339  4.399048163258775E-008  4.199721405536648E+001
    137  4.282496325109420E-008  2.996307755422044E+001
   1051  4.177187167865686E-008  1.330173846663143E+002
    629  4.125852912236483E-008  1.086436456014825E+002
    846  4.037374195389867E-008  1.183733977129572E+002
    707  3.927034203684575E-008  1.116484954290111E+002
    664  3.916469038107531E-008  1.095868237421283E+002
    153  3.831408731022979E-008  3.119128674334460E+001
    807  3.799527334945760E-008  1.166040027024774E+002
    705  3.789552834798165E-008  1.114879185885843E+002
    334  3.708220744031666E-008  4.055961280242965E+001
    782  3.616481194221117E-008  1.155663554633046E+002
    606  3.558960506834403E-008  1.079754075340127E+002
    595  3.448159263750474E-008  1.075727311228692E+002
    752  3.434195781786888E-008  1.129825416205730E+002
    899  3.396584685452952E-008  1.237750393258326E+002
    260  3.389605275028239E-008  3.745846822965304E+001
    263  3.241796262588669E-008  3.756851288337069E+001
    991  3.239342262826502E-008  1.298309517843196E+002
    878  3.177841869762157E-008  1.208553192243232E+002
    759  3.149237372338057E-008  1.132523759465808E+002
    594  3.097505819826174E-008  1.075267994995216E+002
    142  3.097468764539478E-008  3.011700635419402E+001
    640  3.031865047056783E-008  1.088027953187827E+002
    633  2.861219455706689E-008  1.086770367044967E+002
    176  2.816253192394265E-008  3.283702642513862E+001
    987  2.756057005374605E-008  1.295218650079724E+002
     18  2.745158915170775E-008  2.124694793769305E+001
    122  2.671650101664240E-008  2.942821875092930E+001
    750  2.659274399873629E-008  1.128980084302201E+002
    638  2.656054530281729E-008  1.087773663504995E+002
    867  2.632304824547412E-008  1.199420338065019E+002
    781  2.571223701885814E-008  1.155015502370288E+002
    106  2.541101355968608E-008  2.873147041157064E+001
    956  2.539640599772808E-008  1.283075816024711E+002
    893  2.512471238948100E-008  1.225899968537864E+002
    834  2.460888388218993E-008  1.176651591794238E+002
    901  2.459614919953954E-008  1.246352700151236E+002
     31  2.392046450164168E-008  2.349957735236975E+001
    828  2.363672528471343E-008  1.175132070682912E+002
    181  2.356382884859103E-008  3.309588236011395E+001
    178  2.337385533519927E-008  3.291892583427273E+001
    471  2.329442600490778E-008  5.859921299406331E+001
    732  2.304685073546786E-008  1.124809932511083E+002
    672  2.215818002454515E-008  1.100523893058521E+002
    565  2.188769610079282E-008  1.059848591127986E+002
    863  2.179095868653457E-008  1.194780899982511E+002
    761  2.153561924201837E-008  1.134019555363662E+002
    591  2.112099583198935E-008  1.073970459895217E+002
    787  2.083016568789536E-008  1.157066821730262E+002
    830  2.052060089079948E-008  1.175448785112390E+002
    713  2.015818692449400E-008  1.118750446375970E+002
    829  1.982770653437186E-008  1.175434491795728E+002
    753  1.944872635232469E-008  1.130399909728984E+002
   1012  1.908481755884752E-008  1.305860585800326E+002
    959  1.861659775773065E-008  1.283643788123119E+002
    612  1.859186277079841E-008  1.080838271474082E+002
     99  1.789598197492322E-008  2.813215700322161E+001
   1018  1.685653907353143E-008  1.307425624046459E+002
    370  1.643693696631817E-008  4.562254251008403E+001
    614  1.596297530257368E-008  1.081499604581023E+002
    953  1.593172422541569E-008  1.282835790234384E+002
    309  1.584946224802883E-008  3.929268620446922E+001
      6  1.554980699079011E-008  1.593905863128156E+001
    853  1.532198581417668E-008  1.189950762444425E+002
    187  1.503964291081849E-008  3.338593491458187E+001
    656  1.486660945852798E-008  1.092383325553483E+002
    608  1.450626206730105E-008  1.080310773431174E+002
    715  1.447775916692149E-008  1.119122168057061E+002
    439  1.441924175107346E-008  5.581771077364913E+001
    963  1.395123853528350E-008  1.284456810480366E+002
    665  1.384061760469650E-008  1.096195054263975E+002
   1049  1.380769908307883E-008  1.325964910892840E+002
    357  1.355628175887137E-008  4.413715889769129E+001
    228  1.352962859634623E-008  3.465329128304563E+001
     47  1.326258316019561E-008  2.514695584094496E+001
    146  1.302539007507548E-008  3.038455959742199E+001
    726  1.257421937675597E-008  1.123280306605216E+002
    134  1.234750668595850E-008  2.989081555609098E+001
    261  1.231598975014580E-008  3.751537038816641E+001
    839  1.225968061700824E-008  1.178451551754228E+002
    818  1.216115561538141E-008  1.172202887178189E+002
    662  1.207575134435292E-008  1.094304874643061E+002
   1015  1.196201148279797E-008  1.306693309857935E+002
   1030  1.195478981271394E-008  1.313677884464318E+002
    511  1.190707204489949E-008  6.108291035790679E+001
    709  1.184401768260877E-008  1.116986555393093E+002
    696  1.179827107146382E-008  1.111110130672436E+002
    980  1.158715133974993E-008  1.292322903638887E+002
    493  1.157642531334629E-008  5.956939432616837E+001
    138  1.150813490684984E-008  2.998810658959070E+001
    276  1.140122813318586E-008  3.774173651101562E+001
    183  1.138717122701118E-008  3.317747871488443E+001
    978  1.129972198624841E-008  1.291764873003617E+002
   1023  1.122647993213321E-008  1.309907545973144E+002
    328  1.113053259830868E-008  3.982877398686839E+001
    744  1.062411607175215E-008  1.127340165661099E+002
    584  1.053638408548313E-008  1.071415131646536E+002
    965  1.053040550472148E-008  1.286084743618769E+002
    837  1.051777364340108E-008  1.177814246314451E+002
    469  1.044105536366397E-008  5.857260373695996E+001
   1003  1.036720000695834E-008  1.302792324598297E+002
    496  1.019075460677355E-008  5.977778544840232E+001
    736  1.011876049223386E-008  1.125700463249535E+002
    229  9.878836106036016E-009  3.477639317683153E+001
    433  9.733277135402547E-009  5.552394895078822E+001
   1000  9.594145653996248E-009  1.301375093272533E+002
    133  9.301872327307669E-009  2.980777525245198E+001
    330  9.252923228539270E-009  4.000719691328421E+001
    794  9.230303320743087E-009  1.159299755047292E+002
    685  9.230270901017400E-009  1.108208915724099E+002
    689  9.108833450095741E-009  1.108992280227757E+002
    631  8.981020622771473E-009  1.086593678715634E+002
    881  8.941277360166626E-009  1.212001054655417E+002
    506  8.565536363385426E-009  6.092479484159845E+001
    627  8.380230340377288E-009  1.085359599099982E+002
    729  8.370855403339998E-009  1.124070412533170E+002
    833  8.193238087107104E-009  1.176450554682990E+002
    304  7.919502353397446E-009  3.902642388250331E+001
    324  7.878239206755405E-009  3.965813849875591E+001
    776  7.784980644140432E-009  1.150535509847603E+002
    345  7.781394073826384E-009  4.248475366295001E+001
    809  7.769758597641885E-009  1.168273457040169E+002
    933  7.705802764758779E-009  1.272967505112425E+002
    688  7.681482668872903E-009  1.108652117541332E+002
    896  7.513437044289862E-009  1.231967026860033E+002
    447  7.478118262629375E-009  5.692641404400948E+001
    788  7.475503869046272E-009  1.157595566872355E+002
    941  7.400635496926091E-009  1.277239710636116E+002
    887  7.349281700803494E-009  1.215278324822884E+002
    723  7.138795847487692E-009  1.122249597820348E+002
   1004  6.752991591470524E-009  1.302828791464404E+002
    508  6.547747759894133E-009  6.101348113010317E+001
    819  6.538818312790757E-009  1.172617623112352E+002
    347  6.405664794434167E-009  4.251894246220620E+001
    889  6.257319385262921E-009  1.221096476933091E+002
    974  6.248075848627013E-009  1.290391941684268E+002
    242  6.051928960218835E-009  3.575330164903793E+001
    336  5.921249195023662E-009  4.106442919982931E+001
     24  5.911167573162939E-009  2.165827626673025E+001
    927  5.886755358686611E-009  1.271118445081471E+002
    657  5.755084012093839E-009  1.092680437977900E+002
    850  5.718998555403974E-009  1.188640670964077E+002
    865  5.711076177304899E-009  1.195233182598442E+002
    124  5.649727439484138E-009  2.953039329658957E+001
    625  5.636141788254477E-009  1.084878781680722E+002
    714  5.612625266892164E-009  1.118865310298163E+002
    699  5.469173394067360E-009  1.111753891148923E+002
    558  5.225378669899673E-009  1.054235904423783E+002
    739  5.071862686203567E-009  1.126267264275300E+002
    720  5.033777468022212E-009  1.121496181246094E+002
    923  5.006301228652968E-009  1.267345977181097E+002
    569  4.958981686400224E-009  1.064024371239422E+002
    354  4.875829000664960E-009  4.358717802496741E+001
    352  4.759351000831479E-009  4.345183818831803E+001
    389  4.721188723019452E-009  4.924612888004685E+001
    786  4.706470441522057E-009  1.156679892855772E+002
    385  4.675262549921548E-009  4.744969147605799E+001
    790  4.458365730682855E-009  1.158127479939932E+002
    766  4.450654041086158E-009  1.138313497862233E+002
    314  4.376013973734508E-009  3.944402428691944E+001
    747  4.287570196588838E-009  1.128221651622354E+002
    743  4.276522614887485E-009  1.126739704882794E+002
    900  4.264912078956931E-009  1.240255399934555E+002
     43  4.165638155214085E-009  2.485090944939308E+001
    282  4.034559469208190E-009  3.781601762519486E+001
    733  4.003230129556852E-009  1.125211996768446E+002
    814  3.813479582618392E-009  1.170571282096026E+002
    961  3.812085405286087E-009  1.283826108536399E+002
    225  3.809350318302151E-009  3.458265676939745E+001
    701  3.776321935315525E-009  1.112655741498095E+002
    674  3.768606377124655E-009  1.101627157855635E+002
    734  3.658760967303942E-009  1.125227414297757E+002
    382  3.630790315902671E-009  4.661435463500721E+001
    949  3.612983776436044E-009  1.280833568476082E+002
    620  3.483203175291137E-009  1.083700393844588E+002
    925  3.451532605313967E-009  1.268943605090481E+002
    806  3.332507825404634E-009  1.165904998677036E+002
    999  3.282522281127325E-009  1.301340763851820E+002
     15  3.257356636265082E-009  2.077312965636918E+001
    856  3.205611520246449E-009  1.192407591408727E+002
    235  3.195123210767533E-009  3.553329683850696E+001
    872  3.191222499189389E-009  1.204992644439996E+002
    246  3.179246381599081E-009  3.612200287477440E+001
    985  3.163042785472589E-009  1.294454523269476E+002
    501  3.040518674678369E-009  6.025540211442135E+001
    823  2.980622709077156E-009  1.173434151863991E+002
    981  2.947245262135772E-009  1.292686845988868E+002
    220  2.939018050666736E-009  3.440936379612124E+001
    247  2.874408219441288E-009  3.613855018049320E+001
    792  2.656054875995072E-009  1.158579110744502E+002
    884  2.633019781965560E-009  1.212913619330936E+002
    250  2.598666892094234E-009  3.645071914574685E+001
    366  2.447791080001760E-009  4.541480133184800E+001
    221  2.428879511881107E-009  3.444064242877499E+001
    773  2.410718885256511E-009  1.146041296786391E+002
    779  2.404804667872070E-009  1.153237642854880E+002
    616  2.391580245664187E-009  1.081902144651443E+002
    641  2.375913670380652E-009  1.088136450829588E+002
    885  2.337189678066338E-009  1.213849358963692E+002
    971  2.244139659617070E-009  1.289111652451389E+002
    836  2.241668813163287E-009  1.177792466123822E+002
    840  2.211423687422810E-009  1.179674198090055E+002
    946  2.209121717909535E-009  1.279201366409634E+002
    284  2.193877955536628E-009  3.794002386601017E+001
   1037  2.191857310337919E-009  1.316166834102353E+002
    841  2.188584486103092E-009  1.180046875638410E+002
    957  2.148665069585186E-009  1.283224605383935E+002
    875  2.093278978433080E-009  1.206504418490652E+002
   1010  1.975480459005669E-009  1.305150376372933E+002
    908  1.864190145441265E-009  1.256350992978881E+002
    815  1.831252324399962E-009  1.170844697210597E+002
    363  1.803319009749418E-009  4.523665715266514E+001
   1075  1.784441890322085E-009  1.852007864492208E+002
    295  1.770411125339116E-009  3.844649820311862E+001
     19  1.727537308980017E-009  2.137958735177528E+001
    876  1.648404107841736E-009  1.207338716680959E+002
    653  1.639977600178055E-009  1.090926521840726E+002
    920  1.539871235290017E-009  1.265729199247587E+002
    798  1.537086794233286E-009  1.161233232814441E+002
    624  1.447875158367290E-009  1.084534043855216E+002
    257  1.372439332855621E-009  3.716053985696894E+001
    704  1.356752391645118E-009  1.114088220449556E+002
    770  1.283678492345395E-009  1.141655133118217E+002
    852  1.270506670717308E-009  1.189308904937423E+002
    805  1.237007160996366E-009  1.165442309434909E+002
    912  1.196734315590901E-009  1.259977317017505E+002
    619  1.196656783519118E-009  1.083262496248409E+002
    922  1.161306731592574E-009  1.267277337836395E+002
    703  1.082183499485327E-009  1.113359924967504E+002
    679  1.025079406234471E-009  1.106299731616480E+002
    622  1.004965711506927E-009  1.084041586407917E+002
    123  9.803571650549486E-010  2.945706723223188E+001
    522  9.778364010407091E-010  6.189501394570030E+001
   1026  9.753946170325172E-010  1.310988308446859E+002
    801  9.568157884028839E-010  1.162412158177078E+002
    758  9.075162268540669E-010  1.131945788764974E+002
    174  8.992351315828966E-010  3.277024257542895E+001
    939  8.949508332310406E-010  1.276788938661296E+002
    529  8.828682441503208E-010  6.213305424318654E+001
    862  8.792445307915610E-010  1.194326389788892E+002
    388  7.994553357740460E-010  4.916519389587509E+001
    857  7.176830546011790E-010  1.192977858717030E+002
    449  6.360070091450634E-010  5.713782918039372E+001
    811  5.896012455077770E-010  1.169131613251637E+002
    214  5.561535798496495E-010  3.429158842681225E+001
   1028  5.521510638243935E-010  1.312419762585663E+002
    874  5.284070486475363E-010  1.206463359037059E+002
    735  5.267489326719701E-010  1.125422257639707E+002
    906  5.053790586503714E-010  1.253859334012492E+002
    869  4.726953825254721E-010  1.201465244096069E+002
    931  4.496179262722211E-010  1.272754104030811E+002
    682  4.135434279982928E-010  1.107795174367904E+002
    910  4.134870397093968E-010  1.258349422363612E+002
    935  4.046514789548458E-010  1.274477748704804E+002
    993  4.017782793902225E-010  1.299638892136509E+002
    147  3.660352906942527E-010  3.045498909450352E+001
    362  3.549204350252279E-010  4.520209191521082E+001
    804  3.479798749134962E-010  1.164307012054320E+002
    194  3.304009856276014E-010  3.388123191050668E+001
    401  3.086237359688203E-010  5.310952948046032E+001
    915  3.003159196437296E-010  1.261627872997085E+002
    996  2.978116635974914E-010  1.300741546440489E+002
     46  2.902072738082095E-010  2.508968851186969E+001
    764  2.617513920214348E-010  1.137269990775531E+002
    859  2.587986504699770E-010  1.193117826572047E+002
    882  2.541913165416017E-010  1.212606419968792E+002
    914  2.293830273297773E-010  1.261343003660832E+002
    660  2.162500213156055E-010  1.093929129115852E+002
   1025  2.083044019095085E-010  1.310823101564250E+002
    605  1.731648909604225E-010  1.079476682950407E+002
    767  1.658271331142533E-010  1.139787538815297E+002
    317  1.410044666701145E-010  3.952108816795088E+001
    307  1.234236372688314E-010  3.924418415703018E+001
    499  1.183547690244225E-010  6.010190034988052E+001
    888  1.155082497274940E-010  1.215384892766490E+002
    728  1.149589414308519E-010  1.123911467240560E+002
   1068  9.428424822807894E-011  1.342139437973118E+002
    227  9.415259253564783E-011  3.461221107986133E+001
    338  7.423656554143484E-011  4.143596746217444E+001
    711  6.814856502486436E-011  1.117833092223069E+002
    936  6.779171310247893E-011  1.275963114471066E+002
    677  6.709281715572331E-011  1.104103779431708E+002
    904  6.258002889409140E-011  1.250437756508075E+002
    590  4.883095515292415E-011  1.073381491314167E+002
     23  3.987424106071010E-011  2.160694502786773E+001
    982  3.457189154666664E-011  1.293230544301462E+002
   1046  3.454571050067596E-011  1.322741703884410E+002
    864  3.392494078304406E-011  1.195154318953015E+002
    695  3.115804675782660E-011  1.110404578737834E+002
    775  2.909611478471840E-011  1.149447083106751E+002
    800  2.477631044664412E-011  1.161811067685375E+002
    234  1.913252827695930E-011  3.541632958107625E+001
    994  1.821778107371905E-011  1.299886393654431E+002
    179  1.667683920254947E-011  3.301071504933698E+001
    718  1.111802251009141E-011  1.120307816427976E+002
    849  1.629230070822111E-012  1.186556798515274E+002
