# Number of modes
   1077
# Tabulated for different initial and final frequencies?
    F
# Mode index, Sj, (highest to lowest), omega_j
    384  1.118197259474287E-002  4.693482184770667E+001
     27  9.521423289894894E-003  2.288948685305089E+001
    291  9.466183409400929E-003  3.834865717601958E+001
    100  8.133137281693889E-003  2.814590236831992E+001
    537  7.744311859436876E-003  7.348438751630307E+001
     16  6.996201660424221E-003  2.083990463296455E+001
     91  6.917541826846919E-003  2.795709450840539E+001
    308  5.791243610715429E-003  3.924824416979163E+001
     80  5.685618217912215E-003  2.737665388114407E+001
    547  5.275416352609777E-003  1.040413527560943E+002
   1044  4.342046629051477E-003  1.320835593454495E+002
    392  4.151603579540366E-003  4.975569880244111E+001
      4  4.118810035490385E-003  1.555889535187236E+001
    290  4.112234707103742E-003  3.834059039797889E+001
    253  4.082746908269114E-003  3.690338042035397E+001
     86  3.863191849332220E-003  2.760340701365068E+001
    108  3.804880003105613E-003  2.884206820739177E+001
    110  3.697885268806320E-003  2.890337161783228E+001
     32  3.665426581038673E-003  2.386019687247388E+001
      9  3.635647050333674E-003  1.615282072713023E+001
    300  3.634603406922740E-003  3.871033423098082E+001
     29  3.567045971035643E-003  2.304600720746813E+001
     39  3.299237205547238E-003  2.419216907562118E+001
   1072  3.234413066735032E-003  1.354275255218108E+002
    163  3.117166192285619E-003  3.148605603035891E+001
     69  3.082602092634322E-003  2.667931486079132E+001
     60  3.075301418746768E-003  2.612817271153773E+001
    518  2.817672740841359E-003  6.116565427175681E+001
    535  2.779099911689144E-003  7.234684016852472E+001
    102  2.762885277268250E-003  2.838723287464182E+001
   1060  2.668230971300871E-003  1.336329109810919E+002
    396  2.577158611964187E-003  5.292259014309509E+001
    298  2.475660444758819E-003  3.860785506393049E+001
   1058  2.459205705059136E-003  1.334381531708862E+002
   1045  2.449549664612785E-003  1.322246800166877E+002
    531  2.448939391504655E-003  6.280622541285696E+001
   1069  2.361653932025103E-003  1.347402109836953E+002
    177  2.315239504590738E-003  3.286305119332699E+001
    421  2.254588629132554E-003  5.469982084171487E+001
    115  2.168813664441372E-003  2.908676806680809E+001
      2  2.149938492312163E-003  1.507477314615795E+001
    762  2.149661609125842E-003  1.134504722361933E+002
   1053  2.104923023167336E-003  1.331993000158318E+002
   1057  2.078631775104519E-003  1.332882698940204E+002
    303  2.074360565234169E-003  3.891633174738261E+001
     79  2.064720364071205E-003  2.728143790603452E+001
    890  2.057151364396445E-003  1.222269695705770E+002
    105  1.919426643222573E-003  2.872870804936272E+001
     57  1.906484880568518E-003  2.601044601303876E+001
    548  1.893484183340129E-003  1.041098140943872E+002
    165  1.879144186790951E-003  3.194792507678593E+001
    566  1.839970492268873E-003  1.060197199307676E+002
    458  1.701806750653534E-003  5.780961640938520E+001
     90  1.655865336747791E-003  2.792299487571685E+001
    262  1.620949595780326E-003  3.754826259370084E+001
    485  1.591872136784851E-003  5.896971858223063E+001
    279  1.546330894429469E-003  3.776291602598710E+001
    991  1.541528576270026E-003  1.298309517843196E+002
    489  1.521118816969394E-003  5.906665573291085E+001
     82  1.512476250910721E-003  2.744742479332049E+001
    358  1.509110587436942E-003  4.418411045040358E+001
     41  1.499882704000922E-003  2.434332602389209E+001
    144  1.445479863658486E-003  3.023024488043693E+001
    383  1.429291043856208E-003  4.665506804468283E+001
      7  1.346857189671295E-003  1.598850297870253E+001
     44  1.338674003358121E-003  2.487547588775838E+001
    297  1.334816931871832E-003  3.850412000814609E+001
    232  1.328344829611218E-003  3.530982942235851E+001
    771  1.317008718501435E-003  1.142541813627527E+002
    427  1.316170574998133E-003  5.530625255614972E+001
    152  1.303380297413722E-003  3.107793476288124E+001
    438  1.281811469547025E-003  5.568774314714533E+001
    563  1.269704457783214E-003  1.058622417292547E+002
   1074  1.264003865089055E-003  1.357832717908243E+002
     42  1.251429614140236E-003  2.442065503900721E+001
    294  1.246206465209200E-003  3.844005427068350E+001
    418  1.215397180714368E-003  5.440760214654593E+001
    346  1.196323622153748E-003  4.251353138364797E+001
     14  1.182430667573948E-003  2.047451167645159E+001
   1024  1.168461167973863E-003  1.310472886139475E+002
   1071  1.164164243287988E-003  1.353191143310252E+002
    223  1.151754172106983E-003  3.452101188794168E+001
    512  1.146370929696052E-003  6.110465593383906E+001
    572  1.073733234000039E-003  1.066354688575440E+002
    182  1.062044732989246E-003  3.313118961536368E+001
     51  1.061361376645137E-003  2.527497960196780E+001
    249  1.054093348909881E-003  3.643158917315001E+001
    335  1.041978173248073E-003  4.064698242871874E+001
    482  1.030101983341140E-003  5.890508639424976E+001
   1022  1.026619249908817E-003  1.309570316227355E+002
    433  1.014276506198178E-003  5.552394895078822E+001
    895  1.010093399086397E-003  1.231922658586809E+002
   1050  1.009858214699748E-003  1.326682006609648E+002
    453  9.914850133485224E-004  5.734859743017803E+001
    113  9.853640772769180E-004  2.894608485543543E+001
    310  9.843035681134679E-004  3.933560718805473E+001
    440  9.810798222940212E-004  5.589934491235444E+001
    390  9.716176406681914E-004  4.930034545373515E+001
    495  9.665994511349483E-004  5.971063876484735E+001
    897  9.664581122950431E-004  1.233154024205701E+002
    302  9.657680460597288E-004  3.874867387838012E+001
    112  9.565114570201607E-004  2.893182478938967E+001
    492  9.528745069359628E-004  5.919740097208313E+001
    510  9.527789175499734E-004  6.106496915014706E+001
    288  9.135927543196515E-004  3.825168870868715E+001
     12  9.064391185778166E-004  1.791855268392995E+001
    157  8.924024072010444E-004  3.136040875348826E+001
   1061  8.810443699072960E-004  1.338239896777959E+002
     33  8.724136328223363E-004  2.387502434282544E+001
    397  8.525143325589432E-004  5.292984574180642E+001
    204  8.369096553419487E-004  3.416741852472765E+001
    206  8.279685148014169E-004  3.418711639611698E+001
     35  8.247699701439897E-004  2.406163852032448E+001
     81  8.216323386068174E-004  2.737831616504717E+001
    139  8.201066110788392E-004  3.001327528760398E+001
    343  8.198275258352468E-004  4.223776350771931E+001
    423  8.189810160565428E-004  5.491452382822700E+001
    190  8.164884830457620E-004  3.352213579831744E+001
    552  8.138028118674172E-004  1.045004516183760E+002
    247  8.109875188128568E-004  3.613855018049320E+001
   1067  8.067289278420815E-004  1.341872351276505E+002
    395  8.040593467548612E-004  5.279005865968511E+001
     71  7.923626229973607E-004  2.691074291878593E+001
    907  7.882055302461762E-004  1.254774984052440E+002
    466  7.730637448952431E-004  5.848631456847294E+001
    452  7.669953185251867E-004  5.732416656661538E+001
   1055  7.557772506929280E-004  1.332315483337306E+002
    148  7.506696813788399E-004  3.055713011308698E+001
     17  7.448294727346987E-004  2.091913438766164E+001
     26  7.243225803818971E-004  2.275577786050195E+001
    103  7.239629006129522E-004  2.854698030319213E+001
    387  7.221794743492892E-004  4.845493173747810E+001
    836  7.195159621855031E-004  1.177792466123822E+002
    532  7.005638233768520E-004  6.299204701993657E+001
    593  6.941348105223285E-004  1.074633420950339E+002
    264  6.928434782114931E-004  3.760740200223662E+001
    422  6.824576761383056E-004  5.478392604221921E+001
    222  6.796574736485884E-004  3.444665555523785E+001
    905  6.765098404318240E-004  1.252963463377060E+002
      8  6.718357544464277E-004  1.603898235084092E+001
    505  6.703865954616203E-004  6.089365906344585E+001
     38  6.310114434660638E-004  2.415274881711009E+001
    259  6.241296915913693E-004  3.731129763636223E+001
    460  6.220354510583072E-004  5.821511818989060E+001
    185  6.185150511685148E-004  3.329017879350934E+001
    256  6.161624671356813E-004  3.708485200545782E+001
    721  6.125744825465442E-004  1.121902054803930E+002
    474  6.093053949999761E-004  5.866520048333617E+001
    117  6.018290122149401E-004  2.915145470361619E+001
    543  5.935058760837909E-004  1.026098663261161E+002
     23  5.836307633140272E-004  2.160694502786773E+001
    319  5.750016158545865E-004  3.955367029075058E+001
    407  5.628128591215400E-004  5.355040632372296E+001
    847  5.584717595211415E-004  1.183795327778256E+002
    140  5.503975256942936E-004  3.002380690834687E+001
    592  5.503906803072984E-004  1.074010896433819E+002
    777  5.447085583240020E-004  1.150636811545726E+002
    898  5.413983796902562E-004  1.236287338505038E+002
     53  5.403040590281705E-004  2.532427500710937E+001
    550  5.385709658926104E-004  1.044255141670578E+002
    135  5.270425219082560E-004  2.990996926970350E+001
    274  5.248690592951175E-004  3.771469066363962E+001
    918  5.170709971298109E-004  1.263810693695273E+002
    838  5.132802976722599E-004  1.178077045912047E+002
    205  5.120816163375686E-004  3.418138862993963E+001
    576  5.031739190545782E-004  1.068188420241767E+002
     37  4.965977982280610E-004  2.413005277682491E+001
    763  4.938906340121803E-004  1.136578287383470E+002
    710  4.937044513843973E-004  1.117114283703663E+002
    125  4.933476287657589E-004  2.955205187993630E+001
    480  4.885457443766963E-004  5.887142017505539E+001
     52  4.807754753269023E-004  2.532370304309600E+001
    404  4.794435243159807E-004  5.332919471058649E+001
    973  4.772526965716209E-004  1.290303348922233E+002
    209  4.708941285689756E-004  3.420776675567321E+001
    270  4.681465532014348E-004  3.767493462479421E+001
    808  4.581634511315987E-004  1.166438640424820E+002
    575  4.551110581159431E-004  1.067636975144964E+002
    411  4.455989301892540E-004  5.390414096058870E+001
    757  4.397400782437643E-004  1.131455979007981E+002
   1047  4.379653489002041E-004  1.324683504365100E+002
    272  4.370318936454990E-004  3.770876893490352E+001
    393  4.348325721960821E-004  5.117422678475859E+001
   1031  4.339649968543556E-004  1.313824495210718E+002
    238  4.337829170714423E-004  3.562010162214489E+001
    188  4.272149552899608E-004  3.343297855491465E+001
     24  4.259266413933909E-004  2.165827626673025E+001
     92  4.165429860932531E-004  2.796966533379813E+001
    426  4.081575168221714E-004  5.521112029631625E+001
    689  4.047080350293724E-004  1.108992280227757E+002
    745  4.024092074299447E-004  1.127541380335163E+002
    716  4.010382944456024E-004  1.119313653155845E+002
    233  4.000652034637334E-004  3.536858076063520E+001
    944  3.982340194081009E-004  1.278264506290159E+002
    504  3.967589446391603E-004  6.073767201700102E+001
    472  3.815150051408467E-004  5.860732378330380E+001
    976  3.759791213963435E-004  1.291265023483052E+002
    673  3.727054271087430E-004  1.101090602242966E+002
    299  3.638674657117412E-004  3.861147003050849E+001
    546  3.559130628213641E-004  1.038908634804570E+002
    351  3.503820088561189E-004  4.290814690346715E+001
     22  3.491280905090312E-004  2.149928230079738E+001
    374  3.458080616946417E-004  4.576894168844035E+001
    607  3.434566208065300E-004  1.079782277499060E+002
    519  3.269716971883593E-004  6.116666091909611E+001
   1062  3.265271739082277E-004  1.338537297016246E+002
    497  3.264353309101908E-004  5.984833423050026E+001
    539  3.256210982781336E-004  1.004038214764926E+002
   1020  3.214823604323436E-004  1.308300137670077E+002
    909  3.183605693942342E-004  1.256671150468244E+002
    585  3.143616516340570E-004  1.071721890576240E+002
    507  3.143232336784589E-004  6.098134465730102E+001
    203  3.118921333009983E-004  3.415596231316062E+001
    155  3.083668630215146E-004  3.129077640287002E+001
    894  3.080420002196130E-004  1.226855190700912E+002
    285  3.070908164693545E-004  3.794670187788559E+001
    403  3.052370759343349E-004  5.332276567118551E+001
    611  3.051470266253140E-004  1.080609110523806E+002
    448  3.034223686299135E-004  5.707216855561523E+001
     96  3.004021753438597E-004  2.807603105873968E+001
   1018  2.994650353790718E-004  1.307425624046459E+002
     64  2.950182714454151E-004  2.637954322898939E+001
    989  2.902617710119401E-004  1.296856498562064E+002
    983  2.899114348810874E-004  1.293699640118089E+002
    659  2.883194720618632E-004  1.093169473413985E+002
    468  2.879910918539374E-004  5.850419738659161E+001
    802  2.878317239820553E-004  1.163074247182627E+002
     94  2.839588744488326E-004  2.803048707399637E+001
    997  2.817597272703558E-004  1.300952728722026E+002
   1038  2.802378025956434E-004  1.317153469634680E+002
    402  2.797579566213075E-004  5.323403324336612E+001
     18  2.779124594013341E-004  2.124694793769305E+001
    289  2.725655314362338E-004  3.832422991649202E+001
    780  2.668874119605024E-004  1.153482258688003E+002
    192  2.664790730078612E-004  3.373139183933635E+001
    551  2.658426621442662E-004  1.044758850995860E+002
   1021  2.648195388749916E-004  1.308784400027895E+002
    432  2.628237146720659E-004  5.551253331854516E+001
    911  2.621079254201096E-004  1.258968376271585E+002
    602  2.598726569233071E-004  1.078335831208874E+002
    855  2.567146140511328E-004  1.192335282432478E+002
    928  2.551734837120046E-004  1.271758190169006E+002
    160  2.520721555758773E-004  3.140287364756382E+001
   1034  2.519168748068394E-004  1.314975717016592E+002
    854  2.506931337970776E-004  1.190938927222375E+002
   1036  2.426246252004780E-004  1.315563975924429E+002
    316  2.402280382070232E-004  3.947722492082590E+001
   1013  2.372992593588835E-004  1.306191025791559E+002
     58  2.345973207432377E-004  2.603619761911758E+001
    360  2.334482472400241E-004  4.501412031898634E+001
   1042  2.330503076925175E-004  1.319938555239870E+002
    266  2.303842987791563E-004  3.763404507858488E+001
    534  2.291739258896535E-004  6.352992396574133E+001
    527  2.251595756457113E-004  6.211137902133680E+001
    544  2.251273021002260E-004  1.037287728441322E+002
    321  2.241020960983795E-004  3.959878738143280E+001
    478  2.194714958870900E-004  5.880478287498814E+001
    623  2.184980472870440E-004  1.084311616311891E+002
    749  2.184240494148749E-004  1.128862829609149E+002
    680  2.182946863137906E-004  1.106808485277705E+002
    791  2.177846430820791E-004  1.158399885308925E+002
    712  2.163589515083820E-004  1.118479116964762E+002
    725  2.159199314840988E-004  1.122622575126908E+002
    829  2.144132343648346E-004  1.175434491795728E+002
    760  2.137085302042649E-004  1.133648679091437E+002
    549  2.087089789264236E-004  1.043755820157491E+002
    938  2.085734160070104E-004  1.276246332177813E+002
    557  2.077963236762816E-004  1.053298087456868E+002
    365  2.074459626168521E-004  4.540196146988517E+001
    793  2.072348338700685E-004  1.158943894419280E+002
    582  2.039784291353351E-004  1.069886979669129E+002
    248  2.017599266043269E-004  3.617742791171408E+001
    554  2.013449970818641E-004  1.048978551747549E+002
    514  1.985195531954291E-004  6.112143562944963E+001
    197  1.982254796501428E-004  3.407091137263039E+001
   1041  1.980374379041894E-004  1.318604688563310E+002
     54  1.950993189198770E-004  2.537118147105558E+001
    217  1.931117954918403E-004  3.432077633458158E+001
    706  1.909217091945738E-004  1.115644797142602E+002
    283  1.909030428644799E-004  3.781664732037148E+001
    241  1.891188449855094E-004  3.573178726353736E+001
    658  1.871592219891370E-004  1.092752908733605E+002
    436  1.852706829933332E-004  5.562240782737462E+001
    405  1.835540599861123E-004  5.340951413863353E+001
    992  1.832746927284267E-004  1.299169051159237E+002
    311  1.825981051538896E-004  3.939193935233331E+001
   1039  1.777353990962357E-004  1.317789778316224E+002
    207  1.770466852838200E-004  3.419271829752626E+001
    173  1.691908617652952E-004  3.267731285541730E+001
     83  1.674945833374110E-004  2.745200449399356E+001
    109  1.669906250923424E-004  2.888359254004277E+001
    296  1.669723288851532E-004  3.847026909032138E+001
    442  1.633624566022387E-004  5.605259237502305E+001
    269  1.632917610148687E-004  3.766609016559832E+001
    434  1.623630971551084E-004  5.556859477681133E+001
     97  1.620827437549069E-004  2.809615145046481E+001
     93  1.612775474142942E-004  2.801831476528660E+001
     73  1.609668101128960E-004  2.704395448663374E+001
    698  1.606819675127738E-004  1.111543499618823E+002
    306  1.602231466764775E-004  3.922583615449084E+001
    926  1.589243263686497E-004  1.269935099435139E+002
     99  1.587869927393138E-004  2.813215700322161E+001
    149  1.566341323314304E-004  3.064428879965062E+001
    143  1.563220884328298E-004  3.021552765862468E+001
    258  1.558899326220465E-004  3.725675246841864E+001
     31  1.558600724809666E-004  2.349957735236975E+001
    230  1.547337118080461E-004  3.507000892128892E+001
    873  1.539578860239176E-004  1.205400953636918E+002
    617  1.529296573743853E-004  1.082069188907082E+002
     45  1.526699347920059E-004  2.505629895200580E+001
    870  1.509316085156233E-004  1.203621491035894E+002
      5  1.497599381660945E-004  1.580375607842547E+001
    245  1.474516754439469E-004  3.584895809931362E+001
    851  1.450769020065363E-004  1.189105890777936E+002
    500  1.445179224431660E-004  6.016266526055261E+001
    943  1.439000552411033E-004  1.278255860865938E+002
    700  1.422127778273470E-004  1.112187707043413E+002
    322  1.420032981122052E-004  3.962934885257222E+001
    398  1.408886913084502E-004  5.298968704937109E+001
    877  1.407184765737263E-004  1.207635072396237E+002
    694  1.401403633424343E-004  1.110208923005156E+002
    795  1.393472611566381E-004  1.159446042090269E+002
    456  1.387124658607844E-004  5.758475825352298E+001
    812  1.385445507917510E-004  1.169499526914024E+002
    826  1.384487162915010E-004  1.174535409692338E+002
    917  1.377679638095329E-004  1.262583151256411E+002
    332  1.353575091142594E-004  4.036182328117159E+001
    391  1.350267529703123E-004  4.935295074539214E+001
    126  1.349081113945539E-004  2.957864372821811E+001
   1011  1.338518105749360E-004  1.305590563134582E+002
    731  1.327252501675358E-004  1.124795031346507E+002
    142  1.307308876012070E-004  3.011700635419402E+001
   1001  1.305446505069946E-004  1.301907504163165E+002
    970  1.295969790371663E-004  1.288440499253601E+002
    848  1.286189836608848E-004  1.185512117490796E+002
    400  1.285434881960675E-004  5.304406357850599E+001
    663  1.281737010819189E-004  1.095408569103236E+002
    273  1.256850730877373E-004  3.771236202405859E+001
    186  1.249158840315604E-004  3.335079910483972E+001
    930  1.246353439914077E-004  1.272550109882912E+002
    287  1.242847008249083E-004  3.806334999222836E+001
    645  1.233630565952333E-004  1.088758352374567E+002
    301  1.221582889109489E-004  3.874125966254066E+001
    827  1.218740455359890E-004  1.174913134466901E+002
    733  1.213988943112280E-004  1.125211996768446E+002
    924  1.186263720548912E-004  1.267645350898773E+002
    136  1.176702753113387E-004  2.995197020395121E+001
    517  1.172064071866120E-004  6.116283191518230E+001
    114  1.170829923468971E-004  2.903390568794284E+001
    369  1.169216765869945E-004  4.556664797594529E+001
    986  1.147668039085115E-004  1.294778988001748E+002
    661  1.147231425500435E-004  1.094040232551639E+002
     70  1.141406843377164E-004  2.683332853591699E+001
    513  1.100569752932570E-004  6.111701004965728E+001
    523  1.099119593895474E-004  6.195141091349550E+001
    568  1.077405817313626E-004  1.063884322375297E+002
    934  1.070229480717109E-004  1.274026915475210E+002
    145  1.061512195559772E-004  3.035386176419680E+001
    325  1.057842292744765E-004  3.979678053884171E+001
     21  1.053713418901832E-004  2.149552581175353E+001
    883  1.037954538482068E-004  1.212822283474710E+002
    785  1.034426395414055E-004  1.156515149006221E+002
    378  1.033379397374964E-004  4.609481655347708E+001
    717  1.031145958135872E-004  1.119901298340990E+002
    199  1.021843068459051E-004  3.411214171315592E+001
    631  1.012636714641156E-004  1.086593678715634E+002
     78  1.012255876347324E-004  2.724001953302053E+001
    128  1.005035814651293E-004  2.964876822252022E+001
    132  1.003246325118757E-004  2.978147182311027E+001
    972  1.001452397429822E-004  1.289491342298440E+002
    445  9.942717407595342E-005  5.650985963977887E+001
    553  9.907104753028018E-005  1.045844149005738E+002
    367  9.843349062564112E-005  4.546665367422378E+001
     28  9.800227795015976E-005  2.303576073275412E+001
    166  9.680214937843449E-005  3.197534022905977E+001
    229  9.580656512281113E-005  3.477639317683153E+001
   1064  9.572622114633863E-005  1.339182935247794E+002
    318  9.502812756688190E-005  3.952690512520030E+001
    278  9.460417768211985E-005  3.775225448216675E+001
    580  9.317076082262025E-005  1.069063882425304E+002
    541  9.283531785560738E-005  1.020561485810812E+002
    330  9.224037178803884E-005  4.000719691328421E+001
    276  9.099632753973478E-005  3.774173651101562E+001
    467  9.074358290194181E-005  5.850070475174659E+001
    326  8.897099846063829E-005  3.980074663620405E+001
    600  8.888698798753386E-005  1.078192567961393E+002
    156  8.754401920936458E-005  3.133959801814033E+001
    193  8.707752703901324E-005  3.387383688791338E+001
    686  8.691197570769794E-005  1.108321598991433E+002
    824  8.559546016203168E-005  1.173851057796732E+002
   1070  8.533299826192680E-005  1.350535885837313E+002
    860  8.410085701493317E-005  1.193608179742887E+002
    533  8.319603293924868E-005  6.344214913117692E+001
    964  8.198207337021233E-005  1.284811881676410E+002
    540  7.969105651722511E-005  1.019596674086986E+002
    376  7.955915795840946E-005  4.578482274843697E+001
    419  7.955609227711963E-005  5.447434435004674E+001
    545  7.946487747928897E-005  1.038885725205099E+002
    797  7.895769844549176E-005  1.161224071144865E+002
    783  7.880223991777701E-005  1.155776779712016E+002
    356  7.873280724869589E-005  4.399929676237998E+001
    240  7.824251087600608E-005  3.568815433410965E+001
     66  7.501225424637610E-005  2.653041695388611E+001
     89  7.489206066999915E-005  2.787565477396676E+001
    340  7.473267702423663E-005  4.203744443197692E+001
    525  7.452041332226190E-005  6.201689187624501E+001
    261  7.446054121846044E-005  3.751537038816641E+001
    116  7.285098870238938E-005  2.910094471225916E+001
    675  7.168043948863862E-005  1.101932688761904E+002
    515  7.029152009215001E-005  6.113166482037749E+001
    516  7.015420501829419E-005  6.114879167768425E+001
     11  6.904424310018488E-005  1.771447447329438E+001
    477  6.860570523560740E-005  5.875439662154096E+001
    494  6.801548458709801E-005  5.959072402434833E+001
   1027  6.767340978006680E-005  1.311414239553258E+002
    691  6.763853110091683E-005  1.109942746792360E+002
    347  6.712120579067013E-005  4.251894246220620E+001
    832  6.675085956493069E-005  1.176150872586579E+002
    130  6.649340884384498E-005  2.969026097336859E+001
    487  6.425205612711499E-005  5.901096182276392E+001
    843  6.397665056741651E-005  1.181049125326048E+002
    865  6.301471962302506E-005  1.195233182598442E+002
     36  6.297700214459139E-005  2.408548968715760E+001
   1009  6.272904145383044E-005  1.304609142394732E+002
    239  6.171527054732298E-005  3.564788119351169E+001
    667  6.119685184787264E-005  1.098231148083649E+002
    344  6.118756271361936E-005  4.229281490750487E+001
    742  6.078841317442011E-005  1.126546326383816E+002
    863  6.073068770758149E-005  1.194780899982511E+002
   1005  6.065663764584513E-005  1.302961950162389E+002
    998  6.049966474928213E-005  1.301241144683907E+002
    255  6.005959780778275E-005  3.705801266502003E+001
    271  5.951978663418892E-005  3.769377629908810E+001
     95  5.923206025104390E-005  2.806113631432304E+001
    355  5.831664996649543E-005  4.365668409738398E+001
    887  5.826395140087634E-005  1.215278324822884E+002
    676  5.741844237904805E-005  1.102968009656115E+002
   1033  5.726174274823936E-005  1.314921549657209E+002
    295  5.670184470995173E-005  3.844649820311862E+001
    175  5.665638744606325E-005  3.282740528695558E+001
    210  5.619306754672767E-005  3.421873300884823E+001
    626  5.587582383674878E-005  1.085197354965440E+002
    446  5.523479147780430E-005  5.657515742254393E+001
   1075  5.462039849758431E-005  1.852007864492208E+002
    774  5.404060216684152E-005  1.147299018357027E+002
    221  5.380232030758547E-005  3.444064242877499E+001
    417  5.233128297889966E-005  5.432386496665636E+001
    958  5.091920501132537E-005  1.283326337970340E+002
    138  5.067149501322035E-005  2.998810658959070E+001
    141  5.009373470616955E-005  3.005205957969120E+001
    219  4.808697357471939E-005  3.435584966495736E+001
    588  4.788820383035993E-005  1.072780161282308E+002
    244  4.764541189919299E-005  3.582009297825139E+001
    916  4.757473077939526E-005  1.261858055404796E+002
    803  4.704268351367468E-005  1.163959410830473E+002
    359  4.694169687656547E-005  4.440820660542785E+001
    708  4.646695562348437E-005  1.116659378913442E+002
    246  4.611516125573909E-005  3.612200287477440E+001
     84  4.601688659710247E-005  2.748397341497807E+001
    650  4.585608764500940E-005  1.090061273622073E+002
    765  4.499478610307045E-005  1.138034732037320E+002
   1006  4.493529513086663E-005  1.303473844140781E+002
    184  4.487836324166875E-005  3.328145954751520E+001
    377  4.453597610776351E-005  4.580996274485975E+001
    649  4.402323199929117E-005  1.089557122086210E+002
    772  4.394280774731544E-005  1.144444014986270E+002
    825  4.360762927652442E-005  1.174155068731360E+002
    967  4.322855661282446E-005  1.287730879251822E+002
    137  4.215066861115809E-005  2.996307755422044E+001
    293  4.191415469822003E-005  3.840315559517953E+001
    312  4.183607581469667E-005  3.940338989709551E+001
    979  4.174360457935556E-005  1.292073280791942E+002
     59  4.144407441351679E-005  2.608228483109795E+001
    635  4.120851912461071E-005  1.087402789130293E+002
    280  4.109046896630866E-005  3.777070006257392E+001
    769  4.099207157432861E-005  1.141494817506874E+002
    880  4.083914232185288E-005  1.209811659012211E+002
    866  4.063637027902247E-005  1.198737679274225E+002
    655  4.048635335766545E-005  1.092114390318620E+002
    678  4.022003905800441E-005  1.105298402911861E+002
     10  3.993619419919869E-005  1.630017574824609E+001
    380  3.974531046828982E-005  4.621788456267294E+001
    520  3.920415071700369E-005  6.117519869664547E+001
    697  3.890606164483288E-005  1.111168086390436E+002
    331  3.762901834820703E-005  4.033978069592825E+001
    738  3.740672853011413E-005  1.126248828969786E+002
     20  3.625718389537326E-005  2.146722812704134E+001
    202  3.595684424072207E-005  3.414693728338715E+001
    966  3.560589699029860E-005  1.287120665380274E+002
    842  3.559373954374999E-005  1.180365480395604E+002
    929  3.536439516685734E-005  1.272324166790593E+002
    201  3.534662010975205E-005  3.413905621996786E+001
    385  3.530145345731572E-005  4.744969147605799E+001
    821  3.520551291317146E-005  1.173213489801490E+002
    942  3.513778037129657E-005  1.277896527703618E+002
     50  3.475811659582372E-005  2.524792740229145E+001
    329  3.448458079425718E-005  3.994917835777716E+001
   1008  3.447690505587606E-005  1.304054287055121E+002
    643  3.435696661326601E-005  1.088529165631816E+002
    671  3.426935582337203E-005  1.100461630260976E+002
    106  3.353634108491825E-005  2.873147041157064E+001
    275  3.325920609172957E-005  3.771871208633355E+001
    621  3.308648775120718E-005  1.083828600305560E+002
    875  3.230987933500916E-005  1.206504418490652E+002
    375  3.226899369020805E-005  4.577921754207221E+001
    251  3.216665803270146E-005  3.670193646720268E+001
    159  3.204016344800666E-005  3.140014259635325E+001
     48  3.145445459933481E-005  2.521050943974308E+001
    530  3.141537310364033E-005  6.265828803408258E+001
     40  3.109590096897586E-005  2.429142631572386E+001
   1056  3.088173325743163E-005  1.332822863268028E+002
    945  3.072226385526546E-005  1.278945431870569E+002
    604  3.066747718602105E-005  1.078901483894559E+002
    305  3.032745648838720E-005  3.919092577852600E+001
    327  3.006399264442762E-005  3.980649710729982E+001
    345  2.952295641129083E-005  4.248475366295001E+001
    954  2.940347039288843E-005  1.282848493157465E+002
    348  2.883509304844083E-005  4.278252907839931E+001
     74  2.872837863850654E-005  2.706787664592100E+001
    730  2.869792131144705E-005  1.124678820560711E+002
    349  2.868391959587823E-005  4.279212686889406E+001
    727  2.862114009706884E-005  1.123838421661365E+002
    189  2.850852638573894E-005  3.348575581421191E+001
    955  2.804747629645771E-005  1.283043098504922E+002
    174  2.784581123888923E-005  3.277024257542895E+001
    236  2.784165792720922E-005  3.558504171265294E+001
    281  2.780768567832637E-005  3.778222215271058E+001
    947  2.760740507814570E-005  1.280025795512814E+002
    196  2.747583857175452E-005  3.402217963204272E+001
    913  2.688372672081366E-005  1.260963173315474E+002
    587  2.677998025183587E-005  1.072564562863978E+002
    119  2.664392425968076E-005  2.929038281335912E+001
    372  2.664223341393172E-005  4.569660817760900E+001
    167  2.648283824796384E-005  3.206734480721192E+001
    265  2.647280201154867E-005  3.762418150997995E+001
    172  2.577484221252501E-005  3.254695536480502E+001
    401  2.563391087455123E-005  5.310952948046032E+001
    724  2.522588589980651E-005  1.122474317356576E+002
    212  2.508842055665059E-005  3.425448747044050E+001
    483  2.502008025241980E-005  5.892865432514233E+001
    216  2.489834504548374E-005  3.431915233475488E+001
    450  2.467884843451997E-005  5.723022636777802E+001
    853  2.428066704971088E-005  1.189950762444425E+002
    320  2.398716309772383E-005  3.958466091098631E+001
     46  2.375254902706627E-005  2.508968851186969E+001
   1076  2.299292777190790E-005  1.858411948136732E+002
    431  2.229512571182573E-005  5.545822575490884E+001
    459  2.107241143727869E-005  5.797524108925945E+001
    194  2.094333199554303E-005  3.388123191050668E+001
    879  2.086658866340279E-005  1.208628531744268E+002
     62  2.072285818283944E-005  2.630569023157911E+001
    977  2.016022422876970E-005  1.291448023039548E+002
    618  1.984275694990717E-005  1.083041655146542E+002
    357  1.921146827457697E-005  4.413715889769129E+001
    564  1.860814374382480E-005  1.059223740174141E+002
     49  1.843255072530882E-005  2.521926711432687E+001
    646  1.839802284714440E-005  1.089039652974663E+002
     34  1.837347824997037E-005  2.394870774261297E+001
    381  1.803502547096932E-005  4.623753374880091E+001
     75  1.797555281488089E-005  2.717284531466260E+001
    455  1.779670991314761E-005  5.757818593173593E+001
    304  1.777893913909866E-005  3.902642388250331E+001
     55  1.769798180457365E-005  2.564739582447731E+001
    493  1.758210109076292E-005  5.956939432616837E+001
    150  1.739908940017514E-005  3.095380367517388E+001
    282  1.719274034853185E-005  3.781601762519486E+001
    123  1.681886951560540E-005  2.945706723223188E+001
    615  1.643142871846792E-005  1.081646255451844E+002
    858  1.634414896121081E-005  1.193043137223610E+002
    919  1.606868755785114E-005  1.264669767465423E+002
    352  1.601687176581118E-005  4.345183818831803E+001
    896  1.588318816415507E-005  1.231967026860033E+002
    120  1.579379637240805E-005  2.935022978395871E+001
     87  1.523885421639276E-005  2.773505635732142E+001
    183  1.519927044794208E-005  3.317747871488443E+001
    511  1.500456343906110E-005  6.108291035790679E+001
    681  1.499156282732502E-005  1.107150530846271E+002
    250  1.486384726696193E-005  3.645071914574685E+001
    464  1.468401964524771E-005  5.841767339850505E+001
    630  1.455429405923494E-005  1.086464564510315E+002
    158  1.446151532130095E-005  3.138637587596471E+001
    338  1.435102420735858E-005  4.143596746217444E+001
     67  1.423657395149007E-005  2.663955326886673E+001
    844  1.395888161589678E-005  1.182236522024691E+002
    208  1.361023841907734E-005  3.420400517096608E+001
    903  1.357103242234352E-005  1.249295857950171E+002
    796  1.341434194575441E-005  1.160406419035091E+002
    121  1.330914858747923E-005  2.937009161569695E+001
    131  1.306184620110130E-005  2.976719894627799E+001
    719  1.284365178069579E-005  1.120361196403708E+002
    168  1.282354643283243E-005  3.223239881301075E+001
    636  1.259162081698264E-005  1.087412284437008E+002
    213  1.246155493679529E-005  3.426923698719692E+001
    952  1.240830197203534E-005  1.282170243378332E+002
    169  1.237799018928598E-005  3.225245008090104E+001
     30  1.228347123836710E-005  2.339033246897357E+001
    153  1.216068198051013E-005  3.119128674334460E+001
    748  1.209038355151153E-005  1.128453459062848E+002
    214  1.166523516104686E-005  3.429158842681225E+001
    751  1.159905709724501E-005  1.129352725370382E+002
    837  1.153185379415655E-005  1.177814246314451E+002
    336  1.132243459306719E-005  4.106442919982931E+001
     77  1.110287210554385E-005  2.720977418778346E+001
     85  1.107173668966766E-005  2.757726243328665E+001
    364  1.085563895631441E-005  4.528995878587361E+001
    133  1.049347851320321E-005  2.980777525245198E+001
    560  1.047658191500204E-005  1.057397922085461E+002
    350  1.046142367290928E-005  4.287084402122760E+001
      3  1.029419412025295E-005  1.530095081680193E+001
    940  1.028772297877440E-005  1.277053477702196E+002
    226  1.010171566724780E-005  3.460914941435140E+001
    565  9.837619244591572E-006  1.059848591127986E+002
     63  9.801088520292133E-006  2.633691355837915E+001
    471  9.795277970574730E-006  5.859921299406331E+001
    666  9.736187160680930E-006  1.096961217429448E+002
    473  9.457381352173216E-006  5.864875851961727E+001
     61  9.292192140068519E-006  2.623624111749398E+001
    314  9.182559093390289E-006  3.944402428691944E+001
    195  9.079370224255005E-006  3.399004655216064E+001
    768  8.997040130654505E-006  1.140511281344195E+002
    835  8.925841966708354E-006  1.176766134664512E+002
    170  8.921444532324157E-006  3.240864442722207E+001
    555  8.817314089337789E-006  1.049505825405343E+002
    810  8.689272994292796E-006  1.168542717379606E+002
    315  8.529938170891238E-006  3.946262277995078E+001
    286  8.513505860994147E-006  3.806107114689090E+001
    415  8.508808476944145E-006  5.409773008136273E+001
    317  8.504948731594642E-006  3.952108816795088E+001
    211  8.454573146108560E-006  3.422885497659050E+001
    807  8.398752150128144E-006  1.166040027024774E+002
    746  8.339177262760102E-006  1.128150956859242E+002
     13  8.211460970822128E-006  2.038781372204352E+001
    277  8.135468443855254E-006  3.774405278528796E+001
    242  8.112683428753434E-006  3.575330164903793E+001
    573  8.084736075660448E-006  1.066520968004064E+002
    449  8.077701999377779E-006  5.713782918039372E+001
     15  8.052750246032117E-006  2.077312965636918E+001
    389  7.914672472192224E-006  4.924612888004685E+001
    263  7.811019320966710E-006  3.756851288337069E+001
    830  7.772750889668652E-006  1.175448785112390E+002
    198  7.762205790657315E-006  3.410095577154824E+001
    820  7.602845044074160E-006  1.173160626674297E+002
   1014  7.491692476350487E-006  1.306579532637773E+002
    333  7.482981916868924E-006  4.050570323460023E+001
    484  7.404786326754741E-006  5.894622531819898E+001
    597  7.215995673578737E-006  1.076362394255561E+002
    536  7.152810969124709E-006  7.244369170766353E+001
     98  7.069255501222975E-006  2.810036398063808E+001
    122  7.039956959994372E-006  2.942821875092930E+001
    932  6.900045322367544E-006  1.272890793904072E+002
    361  6.846734642749023E-006  4.509188248244521E+001
    334  6.580810450691645E-006  4.055961280242965E+001
    231  6.540547335935111E-006  3.529195130720404E+001
    191  6.200747987997211E-006  3.372798248811258E+001
    324  6.031347348408230E-006  3.965813849875591E+001
    307  5.964793981400279E-006  3.924418415703018E+001
    491  5.930516419373677E-006  5.916484178919298E+001
    414  5.857120836583008E-006  5.408443269732371E+001
    134  5.735654206832627E-006  2.989081555609098E+001
    323  5.554101545709702E-006  3.963162035223775E+001
    799  5.519111564368398E-006  1.161655148393659E+002
    702  5.515971749697989E-006  1.112791472783473E+002
    243  5.511013660218616E-006  3.580427376176280E+001
    234  5.492779526361751E-006  3.541632958107625E+001
    975  5.427624957960799E-006  1.290479361570385E+002
    561  5.369072558965313E-006  1.057823475786052E+002
    162  5.325619421175767E-006  3.142013005221356E+001
    509  5.271319582605961E-006  6.104665142125116E+001
    154  5.141102644411642E-006  3.128025029310897E+001
    337  5.108749906690902E-006  4.125439580477820E+001
    164  5.035602801938428E-006  3.156123118588701E+001
      1  4.819797605862395E-006  1.480943860687432E+001
    373  4.689868581728940E-006  4.573517441489172E+001
    224  4.627348049138040E-006  3.456258153743839E+001
    425  4.622558292543862E-006  5.512885982268182E+001
    948  4.621143001116792E-006  1.280530341997139E+002
    884  4.609997309795111E-006  1.212913619330936E+002
    444  4.565301426640944E-006  5.640873014994138E+001
    486  4.557611997987120E-006  5.898078655703418E+001
    101  4.556912337474077E-006  2.816121926613436E+001
    605  4.526360315502610E-006  1.079476682950407E+002
    313  4.523843594431540E-006  3.941220320488696E+001
   1066  4.488849240301653E-006  1.341339055776214E+002
    871  4.379484792542756E-006  1.204638135739833E+002
    430  4.332504313114471E-006  5.544226538226409E+001
    542  4.297987829637419E-006  1.021380905135569E+002
    412  4.287295291476343E-006  5.399327798218789E+001
    180  4.272846219252081E-006  3.306959511625761E+001
    502  4.255318716304196E-006  6.033057478557798E+001
      6  4.233966295155560E-006  1.593905863128156E+001
    937  4.178306984255223E-006  1.275975168353670E+002
    187  4.158305623364237E-006  3.338593491458187E+001
    528  4.154436041360649E-006  6.211763689923020E+001
    962  4.121319058591887E-006  1.284190833846668E+002
    382  4.033361357894289E-006  4.661435463500721E+001
    341  4.031364197160473E-006  4.207899368185591E+001
    339  3.908980291045813E-006  4.199721405536648E+001
    988  3.884395462008031E-006  1.295230022337254E+002
    654  3.851614869237319E-006  1.091774321289355E+002
    960  3.808784687227574E-006  1.283710541965592E+002
    984  3.783527552312530E-006  1.293776492189174E+002
    722  3.682953762935910E-006  1.121989232781130E+002
    353  3.658155729921080E-006  4.354452657935016E+001
    571  3.445573229912494E-006  1.065760725477823E+002
    683  3.433169539244150E-006  1.107854094171573E+002
     19  3.425119502670549E-006  2.137958735177528E+001
    558  3.418631234533429E-006  1.054235904423783E+002
    342  3.287805427027105E-006  4.219280462450153E+001
   1068  3.181239053527480E-006  1.342139437973118E+002
    816  3.160235109813386E-006  1.170854692244173E+002
     56  3.129475322461554E-006  2.577494999028338E+001
    639  3.021641005181736E-006  1.087924757147032E+002
    583  3.004125825954737E-006  1.070323413352247E+002
    215  2.980072984053069E-006  3.430912489816387E+001
    111  2.960705458981684E-006  2.891758955889047E+001
    899  2.856358886197097E-006  1.237750393258326E+002
    451  2.831050945420661E-006  5.726939793781466E+001
    254  2.826529066791431E-006  3.696870162494890E+001
    674  2.789782588567927E-006  1.101627157855635E+002
    584  2.757636338886369E-006  1.071415131646536E+002
    789  2.731616049703680E-006  1.157939903252585E+002
    490  2.646921466386316E-006  5.909746584665749E+001
    498  2.629566935897419E-006  6.006055704270973E+001
    594  2.595822167145819E-006  1.075267994995216E+002
    624  2.439187924391818E-006  1.084534043855216E+002
    476  2.417748284031185E-006  5.874284760292872E+001
    579  2.392176017992154E-006  1.068810185812333E+002
    672  2.290332175006945E-006  1.100523893058521E+002
    508  2.258884696555181E-006  6.101348113010317E+001
    435  2.211793064885440E-006  5.559833163642786E+001
    521  2.183692295136032E-006  6.120499406654021E+001
    171  2.170265540866454E-006  3.251692712246987E+001
    589  2.124315465071316E-006  1.073243551551986E+002
    613  2.113064428407584E-006  1.081325074305931E+002
    695  2.099206838557175E-006  1.110404578737834E+002
    410  2.093004679754591E-006  5.380004782230375E+001
    104  2.063597553532324E-006  2.863475114667724E+001
   1032  2.057759647531285E-006  1.314270448258869E+002
    409  2.048689400295900E-006  5.377950655266745E+001
    591  2.037385218616692E-006  1.073970459895217E+002
    595  2.004687593891164E-006  1.075727311228692E+002
    469  2.003952792489512E-006  5.857260373695996E+001
    292  1.985325573661327E-006  3.837765227419467E+001
    107  1.960263181126013E-006  2.880093649968087E+001
    284  1.911594023469662E-006  3.794002386601017E+001
    610  1.863545337538299E-006  1.080548791140610E+002
    470  1.861371817452722E-006  5.858950887133865E+001
    408  1.842089135450984E-006  5.368647704938994E+001
    669  1.835663443077082E-006  1.098991161820264E+002
    503  1.825669819613885E-006  6.062899617907863E+001
    441  1.794036362531658E-006  5.602297434426368E+001
    891  1.764138610446558E-006  1.222344606190913E+002
    656  1.736009862770111E-006  1.092383325553483E+002
    176  1.728712211745559E-006  3.283702642513862E+001
    370  1.703426588559154E-006  4.562254251008403E+001
    616  1.678455245364778E-006  1.081902144651443E+002
    228  1.638654384520234E-006  3.465329128304563E+001
    682  1.629804001520661E-006  1.107795174367904E+002
    529  1.625688414397695E-006  6.213305424318654E+001
    756  1.605221518440557E-006  1.131019348749128E+002
   1052  1.591018365578416E-006  1.330891459743712E+002
     76  1.557355630171775E-006  2.719040433196805E+001
    567  1.553054984719161E-006  1.061175767374582E+002
    813  1.542491785220038E-006  1.170211975618395E+002
    599  1.459531811360050E-006  1.077354408464688E+002
    574  1.450868709893220E-006  1.067089856517616E+002
    235  1.433478629121391E-006  3.553329683850696E+001
    252  1.418828223216597E-006  3.681481496629917E+001
    437  1.413500835318849E-006  5.567668099873953E+001
    569  1.369854602031103E-006  1.064024371239422E+002
    366  1.352882552329025E-006  4.541480133184800E+001
     65  1.330329635329354E-006  2.645533186342116E+001
    670  1.320317938472537E-006  1.099218253642219E+002
     88  1.319789420529200E-006  2.776495450944637E+001
   1048  1.308222432236910E-006  1.325281096806480E+002
    161  1.299153311216478E-006  3.141544799468193E+001
    737  1.275049985576249E-006  1.125716601108342E+002
     47  1.271485741498985E-006  2.514695584094496E+001
    127  1.268587709932209E-006  2.958197907168710E+001
    632  1.261519124861626E-006  1.086732063917954E+002
    309  1.260460697768630E-006  3.929268620446922E+001
    601  1.254522155952177E-006  1.078222216339937E+002
    687  1.206812417049138E-006  1.108477970364615E+002
    622  1.164779525599330E-006  1.084041586407917E+002
    886  1.157274353177345E-006  1.214498350996194E+002
    822  1.141720649573987E-006  1.173379890193997E+002
    218  1.141526151347107E-006  3.434087154455664E+001
    506  1.129515126158838E-006  6.092479484159845E+001
   1000  1.118687238469616E-006  1.301375093272533E+002
   1040  1.112011467798733E-006  1.318325334098182E+002
    713  1.109462887103135E-006  1.118750446375970E+002
    181  1.093326362061319E-006  3.309588236011395E+001
    420  1.088658741843273E-006  5.464265012038360E+001
    603  1.065254150567993E-006  1.078480909052838E+002
    684  1.064493200584496E-006  1.108055531440044E+002
    892  1.048068202971308E-006  1.223146913863671E+002
    447  1.046796856592396E-006  5.692641404400948E+001
   1065  1.042964916229357E-006  1.340986810838602E+002
    641  1.037844260631354E-006  1.088136450829588E+002
    800  1.008695869991002E-006  1.161811067685375E+002
    578  1.005014085137291E-006  1.068696587706935E+002
   1054  9.937110561480175E-007  1.332101619260334E+002
    267  9.684249508344613E-007  3.763942844703926E+001
    608  9.672197297470427E-007  1.080310773431174E+002
    586  9.652882155715615E-007  1.072414988471015E+002
    260  9.631461963540894E-007  3.745846822965304E+001
    526  9.504398498069765E-007  6.205614154690332E+001
     43  9.491033647097225E-007  2.485090944939308E+001
    463  9.410358607081937E-007  5.840368106338346E+001
    496  9.201140676852182E-007  5.977778544840232E+001
    790  9.066171311266993E-007  1.158127479939932E+002
    995  9.039541540150181E-007  1.300556822463785E+002
    147  8.942753426217571E-007  3.045498909450352E+001
    179  8.872051646301165E-007  3.301071504933698E+001
    488  8.871984495463558E-007  5.904214899548738E+001
    596  8.742934598789407E-007  1.076305596761092E+002
    741  8.588225405023387E-007  1.126383251241469E+002
    634  8.537326364457587E-007  1.087110579745548E+002
    787  8.519948654904211E-007  1.157066821730262E+002
   1046  8.504552477719223E-007  1.322741703884410E+002
    846  8.451128539314090E-007  1.183733977129572E+002
    660  8.409638189660420E-007  1.093929129115852E+002
    910  8.367925050633343E-007  1.258349422363612E+002
    627  8.268552107429715E-007  1.085359599099982E+002
    475  8.202533772016689E-007  5.870955367754343E+001
    923  8.108998031244544E-007  1.267345977181097E+002
    577  7.913447797687678E-007  1.068269012623950E+002
    465  7.780469486642156E-007  5.845233409136720E+001
    861  7.753776191006331E-007  1.193618968506130E+002
    379  7.752382885954051E-007  4.610002508350383E+001
   1059  7.702594540831868E-007  1.335352794510990E+002
    424  7.614339136384035E-007  5.504400290817051E+001
    479  7.472278725064176E-007  5.886156225440574E+001
    732  7.362909090278612E-007  1.124809932511083E+002
    950  7.313914586755531E-007  1.281356928004739E+002
    782  7.244806320194602E-007  1.155663554633046E+002
    227  7.226262619402195E-007  3.461221107986133E+001
    804  7.077549967709278E-007  1.164307012054320E+002
    625  7.056739986998455E-007  1.084878781680722E+002
    845  6.964376202648363E-007  1.182722434309271E+002
    399  6.907356714147888E-007  5.300117686152819E+001
    129  6.618305912139309E-007  2.967722940199728E+001
    457  6.576054196580108E-007  5.770039153165104E+001
    151  6.554870065067257E-007  3.097448214004631E+001
   1043  6.435812507104448E-007  1.320181582363304E+002
    968  6.419165436882475E-007  1.287893908307005E+002
   1051  6.376067989063795E-007  1.330173846663143E+002
    696  6.358048003356258E-007  1.111110130672436E+002
    413  6.349327793130568E-007  5.407796767412047E+001
    709  6.277017401106677E-007  1.116986555393093E+002
    798  6.144099319076919E-007  1.161233232814441E+002
    657  6.127132662251133E-007  1.092680437977900E+002
    963  6.028242584831083E-007  1.284456810480366E+002
    781  6.027485325095261E-007  1.155015502370288E+002
    951  5.988198491975014E-007  1.282127111215003E+002
    633  5.983413565306598E-007  1.086770367044967E+002
    118  5.740892998973530E-007  2.927665934202001E+001
    815  5.733370860765694E-007  1.170844697210597E+002
    354  5.569800127500013E-007  4.358717802496741E+001
    915  5.443843212932930E-007  1.261627872997085E+002
   1010  5.432024849877598E-007  1.305150376372933E+002
    237  5.397425681988619E-007  3.561350513334219E+001
    629  5.386001258920112E-007  1.086436456014825E+002
   1004  5.345103745805941E-007  1.302828791464404E+002
    644  5.329004988382739E-007  1.088699046594824E+002
    454  5.312841004536167E-007  5.753531790534946E+001
    668  5.266226212794683E-007  1.098358517134249E+002
    767  5.137885846044810E-007  1.139787538815297E+002
    893  4.973092693799500E-007  1.225899968537864E+002
    901  4.892117035865157E-007  1.246352700151236E+002
    862  4.856355361533600E-007  1.194326389788892E+002
    679  4.774822791387343E-007  1.106299731616480E+002
    562  4.701511549905838E-007  1.058125905236654E+002
    124  4.696291372153090E-007  2.953039329658957E+001
    734  4.677999960296288E-007  1.125227414297757E+002
    522  4.538977261785785E-007  6.189501394570030E+001
    956  4.524015842478564E-007  1.283075816024711E+002
    640  4.508314025792777E-007  1.088027953187827E+002
    614  4.394983596253601E-007  1.081499604581023E+002
    677  4.296184056701798E-007  1.104103779431708E+002
    416  4.249663900065288E-007  5.412105627361211E+001
    859  4.224457827236135E-007  1.193117826572047E+002
    927  4.197181947287332E-007  1.271118445081471E+002
    429  4.125378080494928E-007  5.542704693693687E+001
    849  4.082156841758005E-007  1.186556798515274E+002
    619  4.006754709918152E-007  1.083262496248409E+002
    362  3.943409809064956E-007  4.520209191521082E+001
     72  3.938668641431737E-007  2.695844835194747E+001
    707  3.930173437379560E-007  1.116484954290111E+002
    936  3.782807063017221E-007  1.275963114471066E+002
    852  3.756758286283847E-007  1.189308904937423E+002
    974  3.712937437402500E-007  1.290391941684268E+002
    328  3.508564790087093E-007  3.982877398686839E+001
   1028  3.378397730422776E-007  1.312419762585663E+002
    665  3.375515252281288E-007  1.096195054263975E+002
    876  3.341923445005692E-007  1.207338716680959E+002
    794  3.320723729742757E-007  1.159299755047292E+002
    699  3.295905353774121E-007  1.111753891148923E+002
    648  3.291672480258016E-007  1.089328290594756E+002
    461  3.237451099190349E-007  5.832169084274378E+001
    982  3.216448901072849E-007  1.293230544301462E+002
    957  3.194427721716274E-007  1.283224605383935E+002
   1002  3.060116061058039E-007  1.301955720736593E+002
    809  2.975069184219847E-007  1.168273457040169E+002
    990  2.965517270064345E-007  1.297249883032466E+002
    994  2.876645674287932E-007  1.299886393654431E+002
    985  2.843282660043412E-007  1.294454523269476E+002
    481  2.817895347749026E-007  5.889564718758225E+001
    606  2.737912521159259E-007  1.079754075340127E+002
    754  2.641829197611573E-007  1.130532912402911E+002
    949  2.596760085542331E-007  1.280833568476082E+002
    764  2.557592217729472E-007  1.137269990775531E+002
    933  2.543968935936769E-007  1.272967505112425E+002
     25  2.527183496044155E-007  2.268285797328677E+001
    922  2.460290712465692E-007  1.267277337836395E+002
    653  2.441674034156914E-007  1.090926521840726E+002
    443  2.427566637518385E-007  5.615506371008289E+001
    874  2.411518187426588E-007  1.206463359037059E+002
    685  2.311585085427391E-007  1.108208915724099E+002
    786  2.284009677656012E-007  1.156679892855772E+002
    570  2.264364222969463E-007  1.064458450110351E+002
    394  2.204090792584998E-007  5.275338077531283E+001
    609  2.199486187317955E-007  1.080529774194348E+002
    841  2.164442459636323E-007  1.180046875638410E+002
    590  2.147729619844315E-007  1.073381491314167E+002
    612  2.114740819687633E-007  1.080838271474082E+002
   1077  2.095391317992886E-007  6.189178021453241E+002
    714  2.085983525876496E-007  1.118865310298163E+002
    770  1.978903609507018E-007  1.141655133118217E+002
    735  1.968150087140576E-007  1.125422257639707E+002
    981  1.965095378300662E-007  1.292686845988868E+002
   1025  1.958006168729183E-007  1.310823101564250E+002
    703  1.889075267171981E-007  1.113359924967504E+002
    688  1.874712790547850E-007  1.108652117541332E+002
    925  1.857040926808561E-007  1.268943605090481E+002
   1073  1.856888730299515E-007  1.355646294676644E+002
    882  1.840281232003100E-007  1.212606419968792E+002
    747  1.837240890008235E-007  1.128221651622354E+002
    257  1.834423894339698E-007  3.716053985696894E+001
    744  1.818085831272823E-007  1.127340165661099E+002
    753  1.786947611342585E-007  1.130399909728984E+002
    693  1.775884904120630E-007  1.110198391814811E+002
    556  1.759738400062259E-007  1.053074591696642E+002
    642  1.724770064193627E-007  1.088349318990273E+002
    776  1.688527454118587E-007  1.150535509847603E+002
    912  1.659062834031134E-007  1.259977317017505E+002
    818  1.658397725072265E-007  1.172202887178189E+002
    692  1.657253550575118E-007  1.109991362888409E+002
    225  1.638868491968399E-007  3.458265676939745E+001
    740  1.631997656661047E-007  1.126281679605138E+002
    705  1.591730085420149E-007  1.114879185885843E+002
    805  1.521721469593643E-007  1.165442309434909E+002
    906  1.468369968722334E-007  1.253859334012492E+002
   1030  1.453456266919691E-007  1.313677884464318E+002
    559  1.447544251226774E-007  1.054467335457494E+002
    792  1.420504039262890E-007  1.158579110744502E+002
   1007  1.409124317291124E-007  1.303971511397991E+002
    920  1.374999464536679E-007  1.265729199247587E+002
    868  1.370307675774375E-007  1.199994649602093E+002
    729  1.320693718197911E-007  1.124070412533170E+002
    900  1.281585122315143E-007  1.240255399934555E+002
    996  1.270296541438880E-007  1.300741546440489E+002
    939  1.263390355233809E-007  1.276788938661296E+002
    953  1.246166800210868E-007  1.282835790234384E+002
    971  1.140894399015682E-007  1.289111652451389E+002
     68  1.134319553280365E-007  2.665958995788216E+001
    664  1.118308320888819E-007  1.095868237421283E+002
    758  1.112214331883577E-007  1.131945788764974E+002
    715  1.097170885176077E-007  1.119122168057061E+002
    961  1.075410325282463E-007  1.283826108536399E+002
    864  1.042936361861043E-007  1.195154318953015E+002
    779  9.988259448807014E-008  1.153237642854880E+002
    720  9.967026830553099E-008  1.121496181246094E+002
    888  9.723222873320305E-008  1.215384892766490E+002
    811  8.607772729957122E-008  1.169131613251637E+002
    726  8.409070578080111E-008  1.123280306605216E+002
    406  8.161305985585196E-008  5.347162595814701E+001
    651  7.974669503642752E-008  1.090123807306586E+002
    146  7.313003433112000E-008  3.038455959742199E+001
    647  7.285724042520698E-008  1.089204596390746E+002
    999  7.203389016876175E-008  1.301340763851820E+002
    935  7.099029488822719E-008  1.274477748704804E+002
   1003  6.881523520036600E-008  1.302792324598297E+002
    908  6.846410606526119E-008  1.256350992978881E+002
    728  6.748751291795450E-008  1.123911467240560E+002
    788  6.737321080769687E-008  1.157595566872355E+002
    752  6.586598478453111E-008  1.129825416205730E+002
    834  6.404418941300872E-008  1.176651591794238E+002
    819  6.119109034804496E-008  1.172617623112352E+002
    823  5.858417555460880E-008  1.173434151863991E+002
    766  5.530651836108694E-008  1.138313497862233E+002
    462  5.257786384631277E-008  5.834568949164402E+001
   1063  5.173170471531471E-008  1.338610239777397E+002
    723  4.932337188954949E-008  1.122249597820348E+002
   1035  4.763505297768656E-008  1.315022364948826E+002
    638  4.707503540843067E-008  1.087773663504995E+002
    662  4.469527099664938E-008  1.094304874643061E+002
    978  4.464267853956786E-008  1.291764873003617E+002
    902  4.159449626034320E-008  1.246861225619736E+002
    778  3.649782032842002E-008  1.153062331743218E+002
    889  3.557682961349795E-008  1.221096476933091E+002
   1023  3.531333823792056E-008  1.309907545973144E+002
    987  3.288517648837871E-008  1.295218650079724E+002
    856  3.275568044559186E-008  1.192407591408727E+002
    773  3.184064565034181E-008  1.146041296786391E+002
    931  3.180983781259959E-008  1.272754104030811E+002
    969  3.166736272240813E-008  1.288232913140608E+002
    867  3.102956159333514E-008  1.199420338065019E+002
    806  3.007407768293636E-008  1.165904998677036E+002
    965  3.002257973105593E-008  1.286084743618769E+002
    759  2.819545097497937E-008  1.132523759465808E+002
    499  2.793316214933311E-008  6.010190034988052E+001
    817  2.701146672877943E-008  1.171745914510001E+002
    711  2.553378348106521E-008  1.117833092223069E+002
    178  2.462614445802293E-008  3.291892583427273E+001
    959  2.365975264423524E-008  1.283643788123119E+002
   1017  2.344448750334963E-008  1.307020085696559E+002
    363  2.343597066885074E-008  4.523665715266514E+001
   1015  2.271014898629894E-008  1.306693309857935E+002
   1029  2.133726392212984E-008  1.312589073638632E+002
    814  2.054463194699299E-008  1.170571282096026E+002
   1037  2.053814729493998E-008  1.316166834102353E+002
    831  1.918571750608018E-008  1.175849164822640E+002
    840  1.866906558040122E-008  1.179674198090055E+002
    941  1.844037674224623E-008  1.277239710636116E+002
    368  1.838940134240966E-008  4.552075151204606E+001
    839  1.778796651638041E-008  1.178451551754228E+002
    701  1.733965150250976E-008  1.112655741498095E+002
    833  1.542949895206620E-008  1.176450554682990E+002
    524  1.487122284842664E-008  6.196836567938324E+001
   1026  1.379480371976146E-008  1.310988308446859E+002
    784  1.375043901600672E-008  1.156115101864969E+002
    371  1.352026984552961E-008  4.567834615857563E+001
   1019  1.342960090081042E-008  1.307856127904329E+002
    750  1.297723406476202E-008  1.128980084302201E+002
    718  1.282742778353414E-008  1.120307816427976E+002
    881  1.239029723455440E-008  1.212001054655417E+002
    904  1.180594694957745E-008  1.250437756508075E+002
    501  9.657232782698632E-009  6.025540211442135E+001
    872  9.344792615635875E-009  1.204992644439996E+002
    268  9.264402310090823E-009  3.765614789507087E+001
    914  9.147032848043412E-009  1.261343003660832E+002
    428  8.929847590637747E-009  5.539697768550786E+001
    538  8.887495890868667E-009  8.801939400846273E+001
    220  8.249427581166943E-009  3.440936379612124E+001
    755  8.205649311639462E-009  1.130537195644052E+002
    993  8.007120691453690E-009  1.299638892136509E+002
    775  7.837465241991152E-009  1.149447083106751E+002
   1049  6.057762948390503E-009  1.325964910892840E+002
    386  6.003927774589869E-009  4.778448827008048E+001
    878  5.114807360970077E-009  1.208553192243232E+002
   1016  4.469610238359577E-009  1.306784011483153E+002
    690  3.224562338764341E-009  1.109553167085971E+002
    704  3.042124929167112E-009  1.114088220449556E+002
    980  2.670415536020146E-009  1.292322903638887E+002
   1012  2.387513019943278E-009  1.305860585800326E+002
    620  2.275113424156739E-009  1.083700393844588E+002
    739  1.836801530259540E-009  1.126267264275300E+002
    761  1.817644473343490E-009  1.134019555363662E+002
    850  1.659002187402463E-009  1.188640670964077E+002
    652  1.553602102569462E-009  1.090805000764319E+002
    946  1.519546314155600E-009  1.279201366409634E+002
    869  1.123779505625065E-009  1.201465244096069E+002
    921  1.047651823307143E-009  1.266347372507485E+002
    736  8.061174293446044E-010  1.125700463249535E+002
    801  6.160498115706853E-010  1.162412158177078E+002
    628  5.850325108620829E-010  1.085999071252231E+002
    857  4.689567740097799E-010  1.192977858717030E+002
    388  4.199475739176548E-010  4.916519389587509E+001
    637  1.904241398526919E-010  1.087708716348475E+002
    439  1.644786478659439E-010  5.581771077364913E+001
    598  8.215847906073467E-011  1.077082259858063E+002
    885  7.741220662398231E-011  1.213849358963692E+002
    743  4.157362095256879E-011  1.126739704882794E+002
    581  3.952175631828426E-011  1.069166383916512E+002
    828  1.661705549537543E-011  1.175132070682912E+002
    200  1.540598448852005E-012  3.413076352937113E+001
