# Number of modes
   1077
# Tabulated for different initial and final frequencies?
    F
# Mode index, Sj, (highest to lowest), omega_j
    547  7.599456284072267E-002  1.040413527560943E+002
      7  1.885198333449877E-002  1.598850297870253E+001
    539  1.534057853594727E-002  1.004038214764926E+002
     23  9.949224207570375E-003  2.160694502786773E+001
      8  9.222332228987188E-003  1.603898235084092E+001
    384  8.098480708972148E-003  4.693482184770667E+001
     24  7.570775951689830E-003  2.165827626673025E+001
     38  7.311403334765446E-003  2.415274881711009E+001
     27  6.042797135707267E-003  2.288948685305089E+001
    546  5.798912824748742E-003  1.038908634804570E+002
      2  5.143466534522113E-003  1.507477314615795E+001
     64  4.358056787799267E-003  2.637954322898939E+001
    114  4.059962214800980E-003  2.903390568794284E+001
    544  4.027397949986316E-003  1.037287728441322E+002
    551  3.694336836760712E-003  1.044758850995860E+002
     18  3.264851524034340E-003  2.124694793769305E+001
    419  3.219848619099132E-003  5.447434435004674E+001
    549  3.104973159519311E-003  1.043755820157491E+002
    298  3.104749724679374E-003  3.860785506393049E+001
    100  3.014226954833895E-003  2.814590236831992E+001
    291  2.988479715080602E-003  3.834865717601958E+001
      9  2.956325138937104E-003  1.615282072713023E+001
    554  2.885402606993218E-003  1.048978551747549E+002
    474  2.752370386966841E-003  5.866520048333617E+001
    301  2.616294139717695E-003  3.874125966254066E+001
     51  2.468499292514881E-003  2.527497960196780E+001
     58  2.418511764218953E-003  2.603619761911758E+001
    293  2.105785831146107E-003  3.840315559517953E+001
      5  2.057663238632581E-003  1.580375607842547E+001
    418  1.809793363629702E-003  5.440760214654593E+001
     31  1.739913709668898E-003  2.349957735236975E+001
     16  1.707662381561739E-003  2.083990463296455E+001
     97  1.685922376868936E-003  2.809615145046481E+001
    537  1.517128469293888E-003  7.348438751630307E+001
    358  1.431414648062086E-003  4.418411045040358E+001
    330  1.419620026589377E-003  4.000719691328421E+001
    454  1.286891972655355E-003  5.753531790534946E+001
    407  1.269629558267591E-003  5.355040632372296E+001
    199  1.245218183876545E-003  3.411214171315592E+001
    103  1.236183028858872E-003  2.854698030319213E+001
    229  1.179390404349711E-003  3.477639317683153E+001
     85  1.110591402931432E-003  2.757726243328665E+001
    142  1.105697172877094E-003  3.011700635419402E+001
    395  1.103757886631799E-003  5.279005865968511E+001
    536  1.085036254295525E-003  7.244369170766353E+001
    450  1.070480518180529E-003  5.723022636777802E+001
     91  1.061633597246058E-003  2.795709450840539E+001
    251  1.057158000483699E-003  3.670193646720268E+001
     11  9.950800628501406E-004  1.771447447329438E+001
     65  9.573425133284145E-004  2.645533186342116E+001
     20  9.516512228383244E-004  2.146722812704134E+001
    255  9.159840748296212E-004  3.705801266502003E+001
    376  9.142107751641612E-004  4.578482274843697E+001
    347  8.598673777393609E-004  4.251894246220620E+001
     92  8.459681099581365E-004  2.796966533379813E+001
    207  8.073571681581380E-004  3.419271829752626E+001
     42  8.036066698279785E-004  2.442065503900721E+001
    813  7.770128619605738E-004  1.170211975618395E+002
   1070  7.521569020969839E-004  1.350535885837313E+002
   1075  7.399936442194163E-004  1.852007864492208E+002
     57  7.231377981455975E-004  2.601044601303876E+001
   1042  7.202262396251238E-004  1.319938555239870E+002
    472  7.034822445492876E-004  5.860732378330380E+001
    185  6.963997795381378E-004  3.329017879350934E+001
     95  6.945484150134585E-004  2.806113631432304E+001
    161  6.773559790623444E-004  3.141544799468193E+001
     66  6.729877391494694E-004  2.653041695388611E+001
     98  6.682024815550839E-004  2.810036398063808E+001
    290  6.409613606676545E-004  3.834059039797889E+001
    453  6.395911936967624E-004  5.734859743017803E+001
     70  6.358101748016394E-004  2.683332853591699E+001
    485  6.351440540647929E-004  5.896971858223063E+001
    195  6.165159521403762E-004  3.399004655216064E+001
    456  5.957602066824640E-004  5.758475825352298E+001
    777  5.806385677381245E-004  1.150636811545726E+002
    445  5.772351540593926E-004  5.650985963977887E+001
    423  5.657513948125171E-004  5.491452382822700E+001
    966  5.647383888706148E-004  1.287120665380274E+002
     36  5.602828676276007E-004  2.408548968715760E+001
    183  5.602741470267676E-004  3.317747871488443E+001
    512  5.591794581349519E-004  6.110465593383906E+001
    182  5.491093584344521E-004  3.313118961536368E+001
    289  5.445697135290640E-004  3.832422991649202E+001
    550  5.413812297458885E-004  1.044255141670578E+002
    543  5.409135791220069E-004  1.026098663261161E+002
    385  5.351447266749624E-004  4.744969147605799E+001
     32  5.350420503339190E-004  2.386019687247388E+001
    346  4.996736646501330E-004  4.251353138364797E+001
   1062  4.993609685947195E-004  1.338537297016246E+002
     74  4.912646941198265E-004  2.706787664592100E+001
   1052  4.902489050513072E-004  1.330891459743712E+002
    403  4.898672686401137E-004  5.332276567118551E+001
     89  4.844286542555017E-004  2.787565477396676E+001
    281  4.774383316881509E-004  3.778222215271058E+001
    379  4.760662319327929E-004  4.610002508350383E+001
    186  4.725312108048407E-004  3.335079910483972E+001
    527  4.665674845434521E-004  6.211137902133680E+001
    588  4.661894750428003E-004  1.072780161282308E+002
    102  4.589551209402866E-004  2.838723287464182E+001
    282  4.576148618937411E-004  3.781601762519486E+001
    136  4.563397898859548E-004  2.995197020395121E+001
   1071  4.541973666963214E-004  1.353191143310252E+002
    303  4.525137465825396E-004  3.891633174738261E+001
    452  4.483396186750232E-004  5.732416656661538E+001
    599  4.444917376732868E-004  1.077354408464688E+002
   1055  4.350112790915735E-004  1.332315483337306E+002
     60  4.339846777142883E-004  2.612817271153773E+001
    998  4.339313413789730E-004  1.301241144683907E+002
   1067  4.315367390657097E-004  1.341872351276505E+002
    374  4.313085182369594E-004  4.576894168844035E+001
    131  4.306552615613559E-004  2.976719894627799E+001
    387  4.270476643541496E-004  4.845493173747810E+001
     44  4.267984556613631E-004  2.487547588775838E+001
      4  4.086981203500321E-004  1.555889535187236E+001
    348  4.022613661990788E-004  4.278252907839931E+001
    280  3.996410677240585E-004  3.777070006257392E+001
   1047  3.979153039700894E-004  1.324683504365100E+002
    106  3.941569426759405E-004  2.873147041157064E+001
    383  3.931524649614434E-004  4.665506804468283E+001
     46  3.886039153931982E-004  2.508968851186969E+001
   1058  3.857665336310111E-004  1.334381531708862E+002
    101  3.834493633964917E-004  2.816121926613436E+001
    138  3.832725827958209E-004  2.998810658959070E+001
    248  3.828747089360916E-004  3.617742791171408E+001
    158  3.827820494505812E-004  3.138637587596471E+001
      3  3.820078316344367E-004  1.530095081680193E+001
    272  3.816262303359628E-004  3.770876893490352E+001
    143  3.783185730749204E-004  3.021552765862468E+001
    202  3.760542826081133E-004  3.414693728338715E+001
   1074  3.753275646817234E-004  1.357832717908243E+002
     43  3.731520376173613E-004  2.485090944939308E+001
    217  3.685603432014311E-004  3.432077633458158E+001
     17  3.610486931221013E-004  2.091913438766164E+001
    212  3.592570482952890E-004  3.425448747044050E+001
   1029  3.585733588787624E-004  1.312589073638632E+002
    133  3.572571319622061E-004  2.980777525245198E+001
    417  3.568668541143066E-004  5.432386496665636E+001
    405  3.566057158356456E-004  5.340951413863353E+001
     22  3.549446310011598E-004  2.149928230079738E+001
    816  3.502019585395581E-004  1.170854692244173E+002
    331  3.452922093839684E-004  4.033978069592825E+001
    784  3.452888320018851E-004  1.156115101864969E+002
     71  3.441631340440598E-004  2.691074291878593E+001
    105  3.435521824250817E-004  2.872870804936272E+001
    934  3.413446973337389E-004  1.274026915475210E+002
    778  3.410300144413491E-004  1.153062331743218E+002
   1024  3.333856887749167E-004  1.310472886139475E+002
     79  3.289460957872198E-004  2.728143790603452E+001
    425  3.217394685401320E-004  5.512885982268182E+001
    415  3.179538572851902E-004  5.409773008136273E+001
    413  3.165878417267456E-004  5.407796767412047E+001
   1001  3.165509261662119E-004  1.301907504163165E+002
    783  3.165142917074200E-004  1.155776779712016E+002
    320  3.160455405358032E-004  3.958466091098631E+001
     29  3.149583302048439E-004  2.304600720746813E+001
    160  3.083354430808406E-004  3.140287364756382E+001
    400  3.083151504690786E-004  5.304406357850599E+001
    221  3.064260798702732E-004  3.444064242877499E+001
    438  3.048147608794425E-004  5.568774314714533E+001
    274  3.037624853755709E-004  3.771469066363962E+001
    524  3.006204072708562E-004  6.196836567938324E+001
    152  2.999503434561250E-004  3.107793476288124E+001
    128  2.958959233206812E-004  2.964876822252022E+001
    459  2.945074227245193E-004  5.797524108925945E+001
    230  2.906800460628660E-004  3.507000892128892E+001
    325  2.878137759495178E-004  3.979678053884171E+001
   1066  2.827988268509688E-004  1.341339055776214E+002
   1016  2.822177713216754E-004  1.306784011483153E+002
    295  2.783063863254134E-004  3.844649820311862E+001
    259  2.760219934201715E-004  3.731129763636223E+001
    467  2.623762050844895E-004  5.850070475174659E+001
    246  2.610637597230457E-004  3.612200287477440E+001
    180  2.589544831001408E-004  3.306959511625761E+001
    765  2.537461159092347E-004  1.138034732037320E+002
    332  2.511748568511923E-004  4.036182328117159E+001
    157  2.504317755835290E-004  3.136040875348826E+001
    210  2.498580798044503E-004  3.421873300884823E+001
    218  2.479085990961800E-004  3.434087154455664E+001
    997  2.476485582124884E-004  1.300952728722026E+002
    378  2.421370490855803E-004  4.609481655347708E+001
    205  2.402664372487521E-004  3.418138862993963E+001
    196  2.393684905544692E-004  3.402217963204272E+001
    134  2.377564429563872E-004  2.989081555609098E+001
     45  2.335358620196429E-004  2.505629895200580E+001
    153  2.328108851876475E-004  3.119128674334460E+001
    151  2.316228541415213E-004  3.097448214004631E+001
    300  2.312144811712207E-004  3.871033423098082E+001
    184  2.287836055645847E-004  3.328145954751520E+001
     53  2.286118243427643E-004  2.532427500710937E+001
   1050  2.272453112358471E-004  1.326682006609648E+002
    239  2.270230981298114E-004  3.564788119351169E+001
    535  2.268073031651831E-004  7.234684016852472E+001
    367  2.261770572500074E-004  4.546665367422378E+001
    564  2.253041865498752E-004  1.059223740174141E+002
     34  2.229881474015645E-004  2.394870774261297E+001
   1061  2.221602959556476E-004  1.338239896777959E+002
    399  2.185441089553772E-004  5.300117686152819E+001
    349  2.181781634110911E-004  4.279212686889406E+001
    810  2.172056647816113E-004  1.168542717379606E+002
    352  2.149808602500136E-004  4.345183818831803E+001
    785  2.126940976079182E-004  1.156515149006221E+002
    393  2.115691499752769E-004  5.117422678475859E+001
    964  2.091321689720878E-004  1.284811881676410E+002
    329  2.080479372172111E-004  3.994917835777716E+001
    503  2.053960689454321E-004  6.062899617907863E+001
    174  2.050066335632355E-004  3.277024257542895E+001
      6  2.034353278862159E-004  1.593905863128156E+001
    357  2.026371554248680E-004  4.413715889769129E+001
    294  2.022654083347464E-004  3.844005427068350E+001
    449  1.992028062028428E-004  5.713782918039372E+001
    842  1.968405926470799E-004  1.180365480395604E+002
    492  1.955608037039786E-004  5.919740097208313E+001
   1020  1.952302051734947E-004  1.308300137670077E+002
    116  1.931754158263061E-004  2.910094471225916E+001
    602  1.909778749019827E-004  1.078335831208874E+002
     78  1.908856726226882E-004  2.724001953302053E+001
    566  1.848492694687229E-004  1.060197199307676E+002
    401  1.846525201762934E-004  5.310952948046032E+001
     28  1.818547785410211E-004  2.303576073275412E+001
    479  1.809849818981694E-004  5.886156225440574E+001
    121  1.789612273227231E-004  2.937009161569695E+001
     62  1.778919005481003E-004  2.630569023157911E+001
    394  1.775587278461993E-004  5.275338077531283E+001
     54  1.755666614831130E-004  2.537118147105558E+001
    338  1.745908439198805E-004  4.143596746217444E+001
    710  1.743741867321505E-004  1.117114283703663E+002
    191  1.743376553003370E-004  3.372798248811258E+001
    402  1.716603725789277E-004  5.323403324336612E+001
    188  1.683484219475200E-004  3.343297855491465E+001
    493  1.677206196370629E-004  5.956939432616837E+001
    336  1.676116913183583E-004  4.106442919982931E+001
    560  1.649133885670446E-004  1.057397922085461E+002
    712  1.635255577643425E-004  1.118479116964762E+002
     50  1.631610360999218E-004  2.524792740229145E+001
    632  1.622022169378328E-004  1.086732063917954E+002
    120  1.620848318627978E-004  2.935022978395871E+001
    109  1.588683575675568E-004  2.888359254004277E+001
    156  1.587437422245595E-004  3.133959801814033E+001
    389  1.578325290050417E-004  4.924612888004685E+001
    299  1.575372118136958E-004  3.861147003050849E+001
    615  1.573488405819294E-004  1.081646255451844E+002
    791  1.570175778311308E-004  1.158399885308925E+002
    150  1.566580557000751E-004  3.095380367517388E+001
    991  1.557422608441951E-004  1.298309517843196E+002
    168  1.550908774734540E-004  3.223239881301075E+001
    276  1.550562875022119E-004  3.774173651101562E+001
    302  1.548589065262865E-004  3.874867387838012E+001
    451  1.539901068682334E-004  5.726939793781466E+001
    954  1.534242102100623E-004  1.282848493157465E+002
    396  1.507763416416534E-004  5.292259014309509E+001
    858  1.478469291747830E-004  1.193043137223610E+002
    613  1.476683474431921E-004  1.081325074305931E+002
    382  1.469887849813704E-004  4.661435463500721E+001
    240  1.466191177476976E-004  3.568815433410965E+001
    256  1.465966846283262E-004  3.708485200545782E+001
     10  1.464302330584537E-004  1.630017574824609E+001
    165  1.438009258120081E-004  3.194792507678593E+001
    309  1.422961204159928E-004  3.929268620446922E+001
   1018  1.418031228142977E-004  1.307425624046459E+002
    575  1.391066542209340E-004  1.067636975144964E+002
    258  1.377399578850495E-004  3.725675246841864E+001
    468  1.371809555027253E-004  5.850419738659161E+001
     33  1.368526290316820E-004  2.387502434282544E+001
    807  1.365520058019588E-004  1.166040027024774E+002
   1041  1.364043636689387E-004  1.318604688563310E+002
    448  1.358448112722226E-004  5.707216855561523E+001
    795  1.354751236811617E-004  1.159446042090269E+002
    237  1.341668452797299E-004  3.561350513334219E+001
   1013  1.314838040213472E-004  1.306191025791559E+002
    285  1.307097922763449E-004  3.794670187788559E+001
    426  1.300566567341709E-004  5.521112029631625E+001
    386  1.297605812850558E-004  4.778448827008048E+001
     21  1.296907703144996E-004  2.149552581175353E+001
    104  1.296168851769820E-004  2.863475114667724E+001
    989  1.277621983380717E-004  1.296856498562064E+002
    440  1.252870843553062E-004  5.589934491235444E+001
    154  1.246423876310731E-004  3.128025029310897E+001
    552  1.241485052265061E-004  1.045004516183760E+002
    231  1.237820569997336E-004  3.529195130720404E+001
    563  1.232895062281907E-004  1.058622417292547E+002
    824  1.199156186447105E-004  1.173851057796732E+002
    324  1.193678724469024E-004  3.965813849875591E+001
     69  1.175968584843926E-004  2.667931486079132E+001
    938  1.163441119527794E-004  1.276246332177813E+002
    555  1.156333632920353E-004  1.049505825405343E+002
     68  1.149509598909928E-004  2.665958995788216E+001
     30  1.137882578802259E-004  2.339033246897357E+001
   1026  1.122043151948808E-004  1.310988308446859E+002
    836  1.118743807009310E-004  1.177792466123822E+002
    517  1.105359269444172E-004  6.116283191518230E+001
    390  1.081174798580378E-004  4.930034545373515E+001
    945  1.071441901429131E-004  1.278945431870569E+002
    955  1.060898334955796E-004  1.283043098504922E+002
    808  1.060388246446771E-004  1.166438640424820E+002
    844  1.060238817516707E-004  1.182236522024691E+002
    317  1.057618138196810E-004  3.952108816795088E+001
    431  1.053704659386657E-004  5.545822575490884E+001
    940  1.053399935593730E-004  1.277053477702196E+002
    817  1.049914128099419E-004  1.171745914510001E+002
    436  1.047056387409023E-004  5.562240782737462E+001
    278  1.042932953971604E-004  3.775225448216675E+001
    194  1.036109552140389E-004  3.388123191050668E+001
    304  1.033680896987002E-004  3.902642388250331E+001
    523  1.032852879788061E-004  6.195141091349550E+001
    500  1.028802675850213E-004  6.016266526055261E+001
    108  1.017368248879471E-004  2.884206820739177E+001
    518  1.006291378285582E-004  6.116565427175681E+001
    312  1.003667523917339E-004  3.940338989709551E+001
     35  9.954988840177556E-005  2.406163852032448E+001
    565  9.898928024600264E-005  1.059848591127986E+002
    789  9.830618101630397E-005  1.157939903252585E+002
     41  9.765817886393909E-005  2.434332602389209E+001
    206  9.649758189373264E-005  3.418711639611698E+001
    444  9.645325747913424E-005  5.640873014994138E+001
    176  9.636958128142585E-005  3.283702642513862E+001
    261  9.621907803968944E-005  3.751537038816641E+001
    111  9.496497449948605E-005  2.891758955889047E+001
    334  9.477767965304961E-005  4.055961280242965E+001
    573  9.406392965652808E-005  1.066520968004064E+002
     40  9.406155524678275E-005  2.429142631572386E+001
    504  9.359793299147903E-005  6.073767201700102E+001
     75  9.318859307034555E-005  2.717284531466260E+001
    409  9.315034623599761E-005  5.377950655266745E+001
    821  9.280727309249196E-005  1.173213489801490E+002
    308  9.196583421237582E-005  3.924824416979163E+001
    223  9.156816268268922E-005  3.452101188794168E+001
    532  9.142163843349290E-005  6.299204701993657E+001
     84  9.109766517774124E-005  2.748397341497807E+001
    519  9.077095635220565E-005  6.116666091909611E+001
    327  9.064048884796315E-005  3.980649710729982E+001
    214  8.860793190376137E-005  3.429158842681225E+001
    189  8.717774386605550E-005  3.348575581421191E+001
    421  8.706699131325499E-005  5.469982084171487E+001
    192  8.680118815130625E-005  3.373139183933635E+001
    314  8.593981078259867E-005  3.944402428691944E+001
    494  8.578135293156022E-005  5.959072402434833E+001
    208  8.523905246600283E-005  3.420400517096608E+001
   1039  8.507571743983400E-005  1.317789778316224E+002
    928  8.478634780713213E-005  1.271758190169006E+002
   1005  8.470467614408707E-005  1.302961950162389E+002
    411  8.306443835000225E-005  5.390414096058870E+001
   1006  8.211596261457332E-005  1.303473844140781E+002
    621  8.180526341865568E-005  1.083828600305560E+002
    678  8.125627901644449E-005  1.105298402911861E+002
    542  8.045725454883560E-005  1.021380905135569E+002
    404  7.963489327313147E-005  5.332919471058649E+001
    981  7.911076172933061E-005  1.292686845988868E+002
    618  7.884575712479956E-005  1.083041655146542E+002
     80  7.883437128611455E-005  2.737665388114407E+001
    130  7.785844999883912E-005  2.969026097336859E+001
    306  7.773749532846427E-005  3.922583615449084E+001
    245  7.576825141661021E-005  3.584895809931362E+001
    763  7.498509345819073E-005  1.136578287383470E+002
    528  7.319683259855840E-005  6.211763689923020E+001
   1045  7.227624468594599E-005  1.322246800166877E+002
    307  7.166100138626113E-005  3.924418415703018E+001
    502  7.056866935417157E-005  6.033057478557798E+001
    242  7.040512185665247E-005  3.575330164903793E+001
    958  6.997465877055124E-005  1.283326337970340E+002
   1057  6.992447964089112E-005  1.332882698940204E+002
    305  6.868337822897602E-005  3.919092577852600E+001
   1021  6.836825604552756E-005  1.308784400027895E+002
    663  6.811531315459573E-005  1.095408569103236E+002
    944  6.808031057425776E-005  1.278264506290159E+002
    275  6.695223296358529E-005  3.771871208633355E+001
    812  6.676497141302315E-005  1.169499526914024E+002
    335  6.666303796891024E-005  4.064698242871874E+001
    661  6.624541930020126E-005  1.094040232551639E+002
   1064  6.613979412062185E-005  1.339182935247794E+002
    521  6.591586601281294E-005  6.120499406654021E+001
    960  6.518777246558776E-005  1.283710541965592E+002
    772  6.505551401283634E-005  1.144444014986270E+002
    193  6.401485605861983E-005  3.387383688791338E+001
    609  6.322816297443330E-005  1.080529774194348E+002
    820  6.298877987434007E-005  1.173160626674297E+002
    561  6.287878134243149E-005  1.057823475786052E+002
    232  6.264595189087448E-005  3.530982942235851E+001
    127  6.255892761188395E-005  2.958197907168710E+001
    204  6.209312247999502E-005  3.416741852472765E+001
    119  6.044494330693406E-005  2.929038281335912E+001
    321  5.955563230827147E-005  3.959878738143280E+001
    487  5.953218023931639E-005  5.901096182276392E+001
    514  5.878528680500496E-005  6.112143562944963E+001
    167  5.851501925734044E-005  3.206734480721192E+001
    751  5.824793473983869E-005  1.129352725370382E+002
    738  5.750895942852999E-005  1.126248828969786E+002
    420  5.746116926265775E-005  5.464265012038360E+001
    361  5.736744976493502E-005  4.509188248244521E+001
    929  5.697021383320371E-005  1.272324166790593E+002
    107  5.632377655900874E-005  2.880093649968087E+001
    253  5.612144088803538E-005  3.690338042035397E+001
    123  5.608179652943022E-005  2.945706723223188E+001
    323  5.572342177750301E-005  3.963162035223775E+001
    234  5.559948747950757E-005  3.541632958107625E+001
    571  5.495874721447203E-005  1.065760725477823E+002
    540  5.430338726722501E-005  1.019596674086986E+002
     88  5.426535877239444E-005  2.776495450944637E+001
    126  5.426467360071056E-005  2.957864372821811E+001
    147  5.425528279534331E-005  3.045498909450352E+001
    112  5.424269370722837E-005  2.893182478938967E+001
    326  5.365623682296456E-005  3.980074663620405E+001
    482  5.283708948495454E-005  5.890508639424976E+001
    164  5.236886108035705E-005  3.156123118588701E+001
    187  5.220400424126577E-005  3.338593491458187E+001
     96  5.179245008270087E-005  2.807603105873968E+001
    799  5.165008288280982E-005  1.161655148393659E+002
    458  5.161803734452238E-005  5.780961640938520E+001
    296  5.103492278641138E-005  3.847026909032138E+001
    604  5.095772945073167E-005  1.078901483894559E+002
    577  5.027208628551929E-005  1.068269012623950E+002
    585  4.952618263648128E-005  1.071721890576240E+002
    337  4.948983438219978E-005  4.125439580477820E+001
    203  4.936781436568732E-005  3.415596231316062E+001
    369  4.895914945565700E-005  4.556664797594529E+001
   1044  4.887384479526119E-005  1.320835593454495E+002
    741  4.880692123366351E-005  1.126383251241469E+002
   1022  4.871504448952340E-005  1.309570316227355E+002
    322  4.871070389702021E-005  3.962934885257222E+001
    171  4.868444699378304E-005  3.251692712246987E+001
    584  4.841802235997902E-005  1.071415131646536E+002
    605  4.840178602449013E-005  1.079476682950407E+002
    430  4.831850435433962E-005  5.544226538226409E+001
    241  4.817676882598646E-005  3.573178726353736E+001
    568  4.748567665482006E-005  1.063884322375297E+002
    733  4.747086492756561E-005  1.125211996768446E+002
    760  4.740564499827946E-005  1.133648679091437E+002
     61  4.727276524659595E-005  2.623624111749398E+001
    257  4.620019649597737E-005  3.716053985696894E+001
    623  4.583086972299781E-005  1.084311616311891E+002
    607  4.581766762734968E-005  1.079782277499060E+002
    201  4.578236221461972E-005  3.413905621996786E+001
    975  4.564770811836854E-005  1.290479361570385E+002
    654  4.537407248858277E-005  1.091774321289355E+002
    273  4.484597260793854E-005  3.771236202405859E+001
     72  4.479076148665330E-005  2.695844835194747E+001
    877  4.462460898404039E-005  1.207635072396237E+002
    558  4.456721398101231E-005  1.054235904423783E+002
    687  4.452429129423304E-005  1.108477970364615E+002
    870  4.428615560611526E-005  1.203621491035894E+002
    339  4.391440147122229E-005  4.199721405536648E+001
    658  4.377253812831873E-005  1.092752908733605E+002
     15  4.374730308807490E-005  2.077312965636918E+001
    649  4.277318645119992E-005  1.089557122086210E+002
    319  4.272042883969612E-005  3.955367029075058E+001
    481  4.247652412860127E-005  5.889564718758225E+001
   1027  4.247635133874522E-005  1.311414239553258E+002
     13  4.159299114962622E-005  2.038781372204352E+001
    270  4.141597192818202E-005  3.767493462479421E+001
    962  4.089013326440952E-005  1.284190833846668E+002
    594  4.072304094835104E-005  1.075267994995216E+002
    725  4.069042666426558E-005  1.122622575126908E+002
     55  4.052607140489424E-005  2.564739582447731E+001
    486  4.020049631446100E-005  5.898078655703418E+001
    478  4.005717515233642E-005  5.880478287498814E+001
    466  4.000528624217922E-005  5.848631456847294E+001
    190  3.951340476083639E-005  3.352213579831744E+001
    636  3.936174792171468E-005  1.087412284437008E+002
    645  3.855456195792461E-005  1.088758352374567E+002
    924  3.798097369806175E-005  1.267645350898773E+002
    600  3.783435230698859E-005  1.078192567961393E+002
    343  3.752671589970858E-005  4.223776350771931E+001
    617  3.734835984263217E-005  1.082069188907082E+002
    860  3.733004366185857E-005  1.193608179742887E+002
    973  3.679050775489881E-005  1.290303348922233E+002
    260  3.645192662569535E-005  3.745846822965304E+001
    553  3.610610822654120E-005  1.045844149005738E+002
    410  3.574815590585924E-005  5.380004782230375E+001
    381  3.573459791912499E-005  4.623753374880091E+001
    762  3.526831583447998E-005  1.134504722361933E+002
    689  3.496971232528789E-005  1.108992280227757E+002
    333  3.496349400025630E-005  4.050570323460023E+001
    917  3.491510974945987E-005  1.262583151256411E+002
   1076  3.464586360759217E-005  1.858411948136732E+002
    489  3.383571880057461E-005  5.906665573291085E+001
    526  3.365264529489537E-005  6.205614154690332E+001
    277  3.358519630295590E-005  3.774405278528796E+001
    427  3.309883687322254E-005  5.530625255614972E+001
    318  3.300704257952234E-005  3.952690512520030E+001
    545  3.296092383014338E-005  1.038885725205099E+002
    674  3.292850876148790E-005  1.101627157855635E+002
    655  3.285010781983826E-005  1.092114390318620E+002
    616  3.283551588020502E-005  1.081902144651443E+002
    505  3.281471313971621E-005  6.089365906344585E+001
    181  3.264869099295727E-005  3.309588236011395E+001
    529  3.254848129464977E-005  6.213305424318654E+001
    797  3.249651365482117E-005  1.161224071144865E+002
    683  3.236692904258755E-005  1.107854094171573E+002
    992  3.213858339500083E-005  1.299169051159237E+002
    516  3.198873326641736E-005  6.114879167768425E+001
    721  3.168449968810493E-005  1.121902054803930E+002
    610  3.099922184531836E-005  1.080548791140610E+002
    507  3.064708897900298E-005  6.098134465730102E+001
     25  3.029459388527312E-005  2.268285797328677E+001
    947  2.997216046336815E-005  1.280025795512814E+002
    899  2.975266657756082E-005  1.237750393258326E+002
    672  2.951131345238424E-005  1.100523893058521E+002
    480  2.943119937789415E-005  5.887142017505539E+001
    567  2.924149917035960E-005  1.061175767374582E+002
   1031  2.923612486533398E-005  1.313824495210718E+002
    515  2.897255995660388E-005  6.113166482037749E+001
    144  2.894557919092279E-005  3.023024488043693E+001
    691  2.891411471581640E-005  1.109942746792360E+002
    583  2.837624135890518E-005  1.070323413352247E+002
     83  2.821016883492386E-005  2.745200449399356E+001
    262  2.814968492310168E-005  3.754826259370084E+001
    875  2.797037821868605E-005  1.206504418490652E+002
    375  2.791198252084055E-005  4.577921754207221E+001
    355  2.788400816908481E-005  4.365668409738398E+001
    843  2.746821692656730E-005  1.181049125326048E+002
    209  2.713244130218479E-005  3.420776675567321E+001
    351  2.702027965212025E-005  4.290814690346715E+001
    538  2.639303733240691E-005  8.801939400846273E+001
    511  2.633178779933342E-005  6.108291035790679E+001
     19  2.622955443796613E-005  2.137958735177528E+001
    589  2.537971168750679E-005  1.073243551551986E+002
    441  2.526825592619810E-005  5.602297434426368E+001
    372  2.514691086800581E-005  4.569660817760900E+001
    802  2.484547098074400E-005  1.163074247182627E+002
    593  2.481907845655486E-005  1.074633420950339E+002
   1038  2.457489851888747E-005  1.317153469634680E+002
    541  2.449156905340694E-005  1.020561485810812E+002
    597  2.424587008179019E-005  1.076362394255561E+002
    756  2.418145392794534E-005  1.131019348749128E+002
    918  2.411638887925873E-005  1.263810693695273E+002
     99  2.409484105079263E-005  2.813215700322161E+001
    624  2.407273513676125E-005  1.084534043855216E+002
    690  2.391614728509321E-005  1.109553167085971E+002
    471  2.376888073174531E-005  5.859921299406331E+001
    380  2.356388422109886E-005  4.621788456267294E+001
    313  2.341276250333950E-005  3.941220320488696E+001
    213  2.328367297575291E-005  3.426923698719692E+001
    170  2.299060906150325E-005  3.240864442722207E+001
    898  2.278287673953760E-005  1.236287338505038E+002
    377  2.270513432323878E-005  4.580996274485975E+001
    579  2.254242348160460E-005  1.068810185812333E+002
    717  2.252613058823548E-005  1.119901298340990E+002
    905  2.226448303395708E-005  1.252963463377060E+002
    370  2.219288724969321E-005  4.562254251008403E+001
    622  2.176369920977414E-005  1.084041586407917E+002
    522  2.170523191901323E-005  6.189501394570030E+001
    220  2.169942794325677E-005  3.440936379612124E+001
    475  2.165755275486382E-005  5.870955367754343E+001
    243  2.164039272278860E-005  3.580427376176280E+001
    569  2.162508795057873E-005  1.064024371239422E+002
    476  2.160353949934910E-005  5.874284760292872E+001
    162  2.107317879146410E-005  3.142013005221356E+001
    211  2.106055285484634E-005  3.422885497659050E+001
    559  2.090056588744262E-005  1.054467335457494E+002
    574  2.083315016757019E-005  1.067089856517616E+002
    656  2.063814846098113E-005  1.092383325553483E+002
    596  2.063101608754797E-005  1.076305596761092E+002
    587  2.038870283660700E-005  1.072564562863978E+002
    650  2.038222893607802E-005  1.090061273622073E+002
    686  2.032900281638190E-005  1.108321598991433E+002
    145  2.031270280998449E-005  3.035386176419680E+001
    832  2.027266007743346E-005  1.176150872586579E+002
    364  2.004784376426827E-005  4.528995878587361E+001
    497  2.003924606185681E-005  5.984833423050026E+001
    179  1.987696912452106E-005  3.301071504933698E+001
    118  1.974489704810614E-005  2.927665934202001E+001
    873  1.970150995255778E-005  1.205400953636918E+002
    446  1.970123362494193E-005  5.657515742254393E+001
    713  1.957285452676122E-005  1.118750446375970E+002
     81  1.949183750611066E-005  2.737831616504717E+001
     90  1.942118369038112E-005  2.792299487571685E+001
    942  1.927299462693253E-005  1.277896527703618E+002
    284  1.923137750592748E-005  3.794002386601017E+001
   1063  1.903479429923293E-005  1.338610239777397E+002
     48  1.893482493978731E-005  2.521050943974308E+001
    115  1.891396610749087E-005  2.908676806680809E+001
    460  1.886183102400557E-005  5.821511818989060E+001
    117  1.883968624855308E-005  2.915145470361619E+001
    595  1.880306628053432E-005  1.075727311228692E+002
    897  1.880127503524389E-005  1.233154024205701E+002
    774  1.858714964083799E-005  1.147299018357027E+002
    681  1.850170426004429E-005  1.107150530846271E+002
    895  1.845654191299464E-005  1.231922658586809E+002
    907  1.832820113234527E-005  1.254774984052440E+002
   1046  1.811966197878995E-005  1.322741703884410E+002
    866  1.803103444988111E-005  1.198737679274225E+002
    926  1.791117325120379E-005  1.269935099435139E+002
    435  1.765498900571741E-005  5.559833163642786E+001
    139  1.756884809944729E-005  3.001327528760398E+001
    297  1.743399811197374E-005  3.850412000814609E+001
    473  1.723159798991543E-005  5.864875851961727E+001
    682  1.720335211804067E-005  1.107795174367904E+002
    641  1.716686320895266E-005  1.088136450829588E+002
   1048  1.713299000742269E-005  1.325281096806480E+002
    911  1.691715717678462E-005  1.258968376271585E+002
    491  1.688744697930435E-005  5.916484178919298E+001
    695  1.688449803326717E-005  1.110404578737834E+002
   1011  1.683526850920263E-005  1.305590563134582E+002
    197  1.671784535463230E-005  3.407091137263039E+001
    670  1.668712380467736E-005  1.099218253642219E+002
    793  1.626523750413844E-005  1.158943894419280E+002
    534  1.619379579140996E-005  6.352992396574133E+001
    315  1.611557213168706E-005  3.946262277995078E+001
    354  1.608647834850328E-005  4.358717802496741E+001
    943  1.547242601118301E-005  1.278255860865938E+002
    896  1.536834759549482E-005  1.231967026860033E+002
    890  1.522984460199925E-005  1.222269695705770E+002
    484  1.512911358437265E-005  5.894622531819898E+001
    463  1.511153397725680E-005  5.840368106338346E+001
   1060  1.498615583240651E-005  1.336329109810919E+002
    608  1.483839038613192E-005  1.080310773431174E+002
     86  1.481462405157449E-005  2.760340701365068E+001
    465  1.470689499655441E-005  5.845233409136720E+001
    976  1.463415057845759E-005  1.291265023483052E+002
    360  1.445560777729709E-005  4.501412031898634E+001
    311  1.445331389668285E-005  3.939193935233331E+001
   1032  1.421264725047427E-005  1.314270448258869E+002
    510  1.408863477565107E-005  6.106496915014706E+001
    172  1.407440546355376E-005  3.254695536480502E+001
    910  1.404740865721386E-005  1.258349422363612E+002
    366  1.395445835113722E-005  4.541480133184800E+001
    853  1.393064231230318E-005  1.189950762444425E+002
    948  1.370766169370925E-005  1.280530341997139E+002
    457  1.364374271152030E-005  5.770039153165104E+001
    345  1.337663032887347E-005  4.248475366295001E+001
    643  1.337142300164511E-005  1.088529165631816E+002
    215  1.332778997381550E-005  3.430912489816387E+001
    787  1.331068617071309E-005  1.157066821730262E+002
   1040  1.313277159120978E-005  1.318325334098182E+002
    159  1.303401560688804E-005  3.140014259635325E+001
    800  1.286576672711860E-005  1.161811067685375E+002
    266  1.278440101937526E-005  3.763404507858488E+001
    706  1.275074338736465E-005  1.115644797142602E+002
    879  1.257981522959532E-005  1.208628531744268E+002
    328  1.252157380264867E-005  3.982877398686839E+001
    434  1.226576913314637E-005  5.556859477681133E+001
    350  1.219349087260861E-005  4.287084402122760E+001
    780  1.216162598544064E-005  1.153482258688003E+002
   1072  1.209165346279861E-005  1.354275255218108E+002
    477  1.197223728090468E-005  5.875439662154096E+001
    684  1.195656698983237E-005  1.108055531440044E+002
    227  1.181021567852695E-005  3.461221107986133E+001
    226  1.175838698747156E-005  3.460914941435140E+001
    633  1.167539100674270E-005  1.086770367044967E+002
    462  1.167037931784904E-005  5.834568949164402E+001
    292  1.147883615469481E-005  3.837765227419467E+001
    250  1.145724646568135E-005  3.645071914574685E+001
     12  1.144971872368304E-005  1.791855268392995E+001
    601  1.139810604436201E-005  1.078222216339937E+002
    200  1.111736016781537E-005  3.413076352937113E+001
    149  1.109904943313909E-005  3.064428879965062E+001
     39  1.090858445016865E-005  2.419216907562118E+001
    709  1.088265979805783E-005  1.116986555393093E+002
    582  1.083586659264875E-005  1.069886979669129E+002
     67  1.079365318656580E-005  2.663955326886673E+001
    659  1.066503610658941E-005  1.093169473413985E+002
    634  1.035621558423983E-005  1.087110579745548E+002
    469  1.024680884944536E-005  5.857260373695996E+001
    903  1.022759207851987E-005  1.249295857950171E+002
    815  1.021661612423238E-005  1.170844697210597E+002
    902  1.017799668720826E-005  1.246861225619736E+002
    267  1.012571389239394E-005  3.763942844703926E+001
    769  1.009247071390316E-005  1.141494817506874E+002
    675  1.004434508900320E-005  1.101932688761904E+002
    667  1.001188177397702E-005  1.098231148083649E+002
    950  9.941104354775164E-006  1.281356928004739E+002
    697  9.841325537596074E-006  1.111168086390436E+002
     26  9.784285456557055E-006  2.275577786050195E+001
    368  9.674396158651083E-006  4.552075151204606E+001
   1068  9.616971079337194E-006  1.342139437973118E+002
    447  9.592272839503803E-006  5.692641404400948E+001
    744  9.545663261612583E-006  1.127340165661099E+002
    233  9.530718559247209E-006  3.536858076063520E+001
    508  9.495330525771188E-006  6.101348113010317E+001
    782  9.392736771952100E-006  1.155663554633046E+002
    225  9.317696115293671E-006  3.458265676939745E+001
    429  9.290821343550197E-006  5.542704693693687E+001
    398  9.178658425404992E-006  5.298968704937109E+001
    669  9.170587036223814E-006  1.098991161820264E+002
    698  9.045636706102562E-006  1.111543499618823E+002
    373  8.987369782652505E-006  4.573517441489172E+001
   1014  8.940475823757404E-006  1.306579532637773E+002
    892  8.877788909432308E-006  1.223146913863671E+002
    342  8.861534710208464E-006  4.219280462450153E+001
    391  8.854616677448070E-006  4.935295074539214E+001
   1000  8.674189182014903E-006  1.301375093272533E+002
   1053  8.639071781522912E-006  1.331993000158318E+002
    790  8.628114606406736E-006  1.158127479939932E+002
    671  8.583295169545738E-006  1.100461630260976E+002
    416  8.561175925142701E-006  5.412105627361211E+001
    166  8.503807150749260E-006  3.197534022905977E+001
    963  8.459313597831122E-006  1.284456810480366E+002
    483  8.375879952958356E-006  5.892865432514233E+001
    611  8.323342310658616E-006  1.080609110523806E+002
   1028  8.270686464313060E-006  1.312419762585663E+002
    461  8.132870181863077E-006  5.832169084274378E+001
    927  8.090315917388785E-006  1.271118445081471E+002
    657  8.082139839774659E-006  1.092680437977900E+002
    848  8.075092354758338E-006  1.185512117490796E+002
    591  8.060855453643865E-006  1.073970459895217E+002
    676  8.048005693084391E-006  1.102968009656115E+002
    125  7.930013911520419E-006  2.955205187993630E+001
    665  7.816948908124544E-006  1.096195054263975E+002
    269  7.672126036916002E-006  3.766609016559832E+001
    922  7.537483705291567E-006  1.267277337836395E+002
    679  7.536595149059840E-006  1.106299731616480E+002
    619  7.525654176424680E-006  1.083262496248409E+002
    646  7.525333223860741E-006  1.089039652974663E+002
    923  7.476509942160754E-006  1.267345977181097E+002
    977  7.450893787019567E-006  1.291448023039548E+002
    871  7.388704797817154E-006  1.204638135739833E+002
    525  7.360518971547301E-006  6.201689187624501E+001
    470  7.225071748626003E-006  5.858950887133865E+001
    122  7.220188737844299E-006  2.942821875092930E+001
    371  7.217928156234772E-006  4.567834615857563E+001
    110  7.181068761175562E-006  2.890337161783228E+001
    746  7.167791140800262E-006  1.128150956859242E+002
    578  7.166364456406541E-006  1.068696587706935E+002
    530  7.080306153131740E-006  6.265828803408258E+001
    685  7.070052536824452E-006  1.108208915724099E+002
    562  7.069233427332568E-006  1.058125905236654E+002
    986  7.064754012584887E-006  1.294778988001748E+002
   1002  7.056546344684439E-006  1.301955720736593E+002
    742  7.040220714322960E-006  1.126546326383816E+002
     82  7.031200781138424E-006  2.744742479332049E+001
   1077  6.999990149799240E-006  6.189178021453241E+002
    362  6.996218855342622E-006  4.520209191521082E+001
    216  6.989597440798384E-006  3.431915233475488E+001
    135  6.972127504016824E-006  2.990996926970350E+001
    408  6.930388091754190E-006  5.368647704938994E+001
    488  6.886243450522276E-006  5.904214899548738E+001
    972  6.821927293945711E-006  1.289491342298440E+002
    680  6.790579691666827E-006  1.106808485277705E+002
    359  6.763881825080672E-006  4.440820660542785E+001
    804  6.697479278128243E-006  1.164307012054320E+002
    224  6.588742677235093E-006  3.456258153743839E+001
    640  6.556870240901680E-006  1.088027953187827E+002
   1004  6.444141005830287E-006  1.302828791464404E+002
    506  6.440211304281638E-006  6.092479484159845E+001
    862  6.384020884085351E-006  1.194326389788892E+002
    865  6.316785282583620E-006  1.195233182598442E+002
    310  6.249390221523541E-006  3.933560718805473E+001
    886  6.213175339069036E-006  1.214498350996194E+002
    829  6.135988961052211E-006  1.175434491795728E+002
    730  6.092055877122398E-006  1.124678820560711E+002
    702  6.056160401575591E-006  1.112791472783473E+002
    648  6.025921475488653E-006  1.089328290594756E+002
    707  5.987003981438547E-006  1.116484954290111E+002
    757  5.899447857006620E-006  1.131455979007981E+002
    631  5.889193019271857E-006  1.086593678715634E+002
    845  5.751872683054171E-006  1.182722434309271E+002
    397  5.725351099684824E-006  5.292984574180642E+001
    868  5.670611883136378E-006  1.199994649602093E+002
    287  5.660969956597206E-006  3.806334999222836E+001
    222  5.651891318681602E-006  3.444665555523785E+001
    586  5.643342793410523E-006  1.072414988471015E+002
    916  5.563395135257996E-006  1.261858055404796E+002
    863  5.492657545325386E-006  1.194780899982511E+002
    163  5.421489076240755E-006  3.148605603035891E+001
   1065  5.370330715828946E-006  1.340986810838602E+002
    994  5.368372039876976E-006  1.299886393654431E+002
    677  5.263934398289116E-006  1.104103779431708E+002
    849  5.260739573057728E-006  1.186556798515274E+002
    748  5.217834310960356E-006  1.128453459062848E+002
    625  5.206775935981371E-006  1.084878781680722E+002
    235  5.172518924690937E-006  3.553329683850696E+001
    949  5.163818740562950E-006  1.280833568476082E+002
    175  5.124407422200873E-006  3.282740528695558E+001
    651  5.101176609130542E-006  1.090123807306586E+002
    781  5.012788366497970E-006  1.155015502370288E+002
    983  4.951503650372026E-006  1.293699640118089E+002
    533  4.895045185085469E-006  6.344214913117692E+001
    422  4.886556304818283E-006  5.478392604221921E+001
    699  4.822410218603537E-006  1.111753891148923E+002
    249  4.743714193821477E-006  3.643158917315001E+001
    915  4.736484482132439E-006  1.261627872997085E+002
    668  4.696988272154533E-006  1.098358517134249E+002
    846  4.669543382722627E-006  1.183733977129572E+002
    770  4.648346990212186E-006  1.141655133118217E+002
    238  4.545950688239554E-006  3.562010162214489E+001
    590  4.533354803028264E-006  1.073381491314167E+002
    433  4.522918028782703E-006  5.552394895078822E+001
    893  4.511930524885283E-006  1.225899968537864E+002
    627  4.459386627247695E-006  1.085359599099982E+002
    228  4.448049048127373E-006  3.465329128304563E+001
    715  4.434911998964457E-006  1.119122168057061E+002
    809  4.389804570482031E-006  1.168273457040169E+002
    852  4.354151686812486E-006  1.189308904937423E+002
    758  4.341778520347852E-006  1.131945788764974E+002
    556  4.327601282829886E-006  1.053074591696642E+002
     93  4.315208662556960E-006  2.801831476528660E+001
   1035  4.193739274431245E-006  1.315022364948826E+002
    714  4.187359023494615E-006  1.118865310298163E+002
    794  4.090091026393868E-006  1.159299755047292E+002
    344  4.080507955015600E-006  4.229281490750487E+001
    696  4.038371889330999E-006  1.111110130672436E+002
   1010  3.969580097318493E-006  1.305150376372933E+002
    985  3.959844543499798E-006  1.294454523269476E+002
    732  3.948314062550998E-006  1.124809932511083E+002
    786  3.888344376062528E-006  1.156679892855772E+002
    603  3.875308821368243E-006  1.078480909052838E+002
      1  3.830239554561776E-006  1.480943860687432E+001
    664  3.804997749804627E-006  1.095868237421283E+002
    666  3.734341812031223E-006  1.096961217429448E+002
    247  3.688300773650905E-006  3.613855018049320E+001
    660  3.677777665484639E-006  1.093929129115852E+002
    177  3.667105455436022E-006  3.286305119332699E+001
    642  3.637041529999314E-006  1.088349318990273E+002
    767  3.621816120472955E-006  1.139787538815297E+002
    982  3.577970942874718E-006  1.293230544301462E+002
    739  3.571874107817647E-006  1.126267264275300E+002
     59  3.525957807107630E-006  2.608228483109795E+001
    424  3.493851355440980E-006  5.504400290817051E+001
    708  3.488787384168315E-006  1.116659378913442E+002
    520  3.485786228047622E-006  6.117519869664547E+001
    931  3.467396605135319E-006  1.272754104030811E+002
    930  3.464359151681316E-006  1.272550109882912E+002
    745  3.371280543016930E-006  1.127541380335163E+002
   1017  3.365422078019082E-006  1.307020085696559E+002
    764  3.309355439826692E-006  1.137269990775531E+002
    316  3.243727687863235E-006  3.947722492082590E+001
   1043  3.135429448167487E-006  1.320181582363304E+002
    990  3.105793951079754E-006  1.297249883032466E+002
    356  3.079754809773109E-006  4.399929676237998E+001
    792  2.979048182178628E-006  1.158579110744502E+002
    805  2.950062950937100E-006  1.165442309434909E+002
    828  2.935866095252238E-006  1.175132070682912E+002
   1069  2.896190755443878E-006  1.347402109836953E+002
    970  2.804075254058379E-006  1.288440499253601E+002
    933  2.790905944004268E-006  1.272967505112425E+002
    694  2.769960309490705E-006  1.110208923005156E+002
    921  2.769313530725437E-006  1.266347372507485E+002
    978  2.754655703669203E-006  1.291764873003617E+002
     37  2.740089415945944E-006  2.413005277682491E+001
    703  2.734303534280196E-006  1.113359924967504E+002
    279  2.718245491648593E-006  3.776291602598710E+001
    637  2.715262718443801E-006  1.087708716348475E+002
    908  2.687750315429825E-006  1.256350992978881E+002
    392  2.681984907710209E-006  4.975569880244111E+001
    731  2.674467444534275E-006  1.124795031346507E+002
   1054  2.661666458889513E-006  1.332101619260334E+002
    509  2.654487963141694E-006  6.104665142125116E+001
    662  2.621211246797165E-006  1.094304874643061E+002
    141  2.587356773528846E-006  3.005205957969120E+001
    761  2.570459568833982E-006  1.134019555363662E+002
    340  2.466414132094718E-006  4.203744443197692E+001
    496  2.457323965455972E-006  5.977778544840232E+001
    271  2.419358377343285E-006  3.769377629908810E+001
   1012  2.378938772781410E-006  1.305860585800326E+002
   1036  2.376115115428104E-006  1.315563975924429E+002
    957  2.374063150858434E-006  1.283224605383935E+002
    939  2.341046178506607E-006  1.276788938661296E+002
    901  2.335998271656998E-006  1.246352700151236E+002
   1025  2.328113448328538E-006  1.310823101564250E+002
    442  2.271966714780206E-006  5.605259237502305E+001
    688  2.251646434846700E-006  1.108652117541332E+002
    711  2.248213637291409E-006  1.117833092223069E+002
    754  2.245259590478987E-006  1.130532912402911E+002
    705  2.225635491725241E-006  1.114879185885843E+002
    920  2.209101943495541E-006  1.265729199247587E+002
    693  2.192212833043035E-006  1.110198391814811E+002
    288  2.176765729927842E-006  3.825168870868715E+001
    700  2.172509128324821E-006  1.112187707043413E+002
    932  2.167694695017457E-006  1.272890793904072E+002
    653  2.161868216536191E-006  1.090926521840726E+002
    883  2.125528614572447E-006  1.212822283474710E+002
    614  2.065853113833277E-006  1.081499604581023E+002
    919  2.017273842058942E-006  1.264669767465423E+002
    951  1.994428205285558E-006  1.282127111215003E+002
    988  1.975752745322899E-006  1.295230022337254E+002
    498  1.959544380105191E-006  6.006055704270973E+001
    113  1.916246685513276E-006  2.894608485543543E+001
   1008  1.900546767082817E-006  1.304054287055121E+002
    244  1.873385166342172E-006  3.582009297825139E+001
    894  1.841346639674539E-006  1.226855190700912E+002
    859  1.824751638687891E-006  1.193117826572047E+002
    173  1.787457220024626E-006  3.267731285541730E+001
    936  1.765388068922964E-006  1.275963114471066E+002
    124  1.759869638560175E-006  2.953039329658957E+001
    728  1.723371822972084E-006  1.123911467240560E+002
    980  1.712669918247389E-006  1.292322903638887E+002
    264  1.707683184077071E-006  3.760740200223662E+001
    937  1.704525019003594E-006  1.275975168353670E+002
    265  1.692966831037388E-006  3.762418150997995E+001
    961  1.681163493346493E-006  1.283826108536399E+002
    412  1.675508612896092E-006  5.399327798218789E+001
    779  1.633494837872475E-006  1.153237642854880E+002
    236  1.631470643562719E-006  3.558504171265294E+001
    580  1.629440349554739E-006  1.069063882425304E+002
    968  1.624975837073176E-006  1.287893908307005E+002
    570  1.623446348494329E-006  1.064458450110351E+002
    644  1.607982713316696E-006  1.088699046594824E+002
    803  1.603260448212084E-006  1.163959410830473E+002
   1051  1.602638926438133E-006  1.330173846663143E+002
     63  1.595778575187301E-006  2.633691355837915E+001
    878  1.589225852164015E-006  1.208553192243232E+002
    987  1.574168307092601E-006  1.295218650079724E+002
    766  1.570250396264600E-006  1.138313497862233E+002
    638  1.548619401845773E-006  1.087773663504995E+002
    913  1.540389185449316E-006  1.260963173315474E+002
    888  1.516716351717120E-006  1.215384892766490E+002
    838  1.516689029023263E-006  1.178077045912047E+002
    771  1.500004371463578E-006  1.142541813627527E+002
    576  1.499249035717596E-006  1.068188420241767E+002
    861  1.472945154531572E-006  1.193618968506130E+002
    747  1.453482776416004E-006  1.128221651622354E+002
     73  1.446546254310854E-006  2.704395448663374E+001
    724  1.423641668723576E-006  1.122474317356576E+002
     76  1.412890017281335E-006  2.719040433196805E+001
    729  1.362784972125959E-006  1.124070412533170E+002
    798  1.360073289737428E-006  1.161233232814441E+002
    822  1.335984882206744E-006  1.173379890193997E+002
    268  1.310520766514064E-006  3.765614789507087E+001
     47  1.302912061757691E-006  2.514695584094496E+001
    606  1.300487929334325E-006  1.079754075340127E+002
   1003  1.298863435271289E-006  1.302792324598297E+002
    722  1.297782918787681E-006  1.121989232781130E+002
    788  1.294660909912397E-006  1.157595566872355E+002
    967  1.274678284353690E-006  1.287730879251822E+002
    956  1.261658877611176E-006  1.283075816024711E+002
    935  1.231979997015949E-006  1.274477748704804E+002
    925  1.228890411206468E-006  1.268943605090481E+002
    839  1.222241625680762E-006  1.178451551754228E+002
    716  1.219476120643109E-006  1.119313653155845E+002
    137  1.216293544951657E-006  2.996307755422044E+001
    995  1.194374691308987E-006  1.300556822463785E+002
    283  1.177072146114533E-006  3.781664732037148E+001
    826  1.171626655671143E-006  1.174535409692338E+002
    155  1.147823121432014E-006  3.129077640287002E+001
    726  1.144901797373589E-006  1.123280306605216E+002
   1009  1.118974158657268E-006  1.304609142394732E+002
     87  1.087173924598685E-006  2.773505635732142E+001
    495  1.040413327624474E-006  5.971063876484735E+001
    818  1.017315442525335E-006  1.172202887178189E+002
    388  9.865923263484290E-007  4.916519389587509E+001
    740  9.707358758204169E-007  1.126281679605138E+002
    776  9.665412671077833E-007  1.150535509847603E+002
    825  9.520037712814266E-007  1.174155068731360E+002
    263  9.495863491094624E-007  3.756851288337069E+001
    912  9.319839394969612E-007  1.259977317017505E+002
    630  9.158115483540878E-007  1.086464564510315E+002
    959  9.134829930416775E-007  1.283643788123119E+002
    900  9.075999462221417E-007  1.240255399934555E+002
    876  8.857561768503977E-007  1.207338716680959E+002
    750  8.810024086751845E-007  1.128980084302201E+002
    455  8.778059649155736E-007  5.757818593173593E+001
    531  8.665227516069374E-007  6.280622541285696E+001
    753  8.663182334996441E-007  1.130399909728984E+002
    146  8.254180754919686E-007  3.038455959742199E+001
     52  8.168848267722026E-007  2.532370304309600E+001
    882  8.038039410946665E-007  1.212606419968792E+002
    834  7.829423103315518E-007  1.176651591794238E+002
   1023  7.829174754483655E-007  1.309907545973144E+002
    735  7.704249843206193E-007  1.125422257639707E+002
    857  7.616289883720896E-007  1.192977858717030E+002
    941  7.349681142042405E-007  1.277239710636116E+002
    811  6.823286889773592E-007  1.169131613251637E+002
    952  6.793076856893454E-007  1.282170243378332E+002
    984  6.596703621264852E-007  1.293776492189174E+002
   1059  6.560397580949833E-007  1.335352794510990E+002
   1037  6.554777617079522E-007  1.316166834102353E+002
     14  6.489717322140826E-007  2.047451167645159E+001
    365  6.320440540836160E-007  4.540196146988517E+001
    499  6.040890619857491E-007  6.010190034988052E+001
    286  6.009264900545764E-007  3.806107114689090E+001
    884  5.898639546216834E-007  1.212913619330936E+002
    720  5.883175418330779E-007  1.121496181246094E+002
    773  5.791547895774152E-007  1.146041296786391E+002
    363  5.781385579817479E-007  4.523665715266514E+001
    854  5.608968018188713E-007  1.190938927222375E+002
    906  5.406516026494343E-007  1.253859334012492E+002
    219  5.160534096457012E-007  3.435584966495736E+001
     77  5.146793450132254E-007  2.720977418778346E+001
    969  5.108740933533690E-007  1.288232913140608E+002
    768  5.034889602596241E-007  1.140511281344195E+002
    831  4.955938911247317E-007  1.175849164822640E+002
    148  4.844754222265070E-007  3.055713011308698E+001
    855  4.710115330885408E-007  1.192335282432478E+002
    628  4.441341894220535E-007  1.085999071252231E+002
    592  4.314828883197015E-007  1.074010896433819E+002
    252  4.196005016475216E-007  3.681481496629917E+001
    581  4.147216455646953E-007  1.069166383916512E+002
    869  3.991084930249891E-007  1.201465244096069E+002
    837  3.933164775919413E-007  1.177814246314451E+002
    819  3.913044991538084E-007  1.172617623112352E+002
    635  3.870821231358652E-007  1.087402789130293E+002
    880  3.730466998185963E-007  1.209811659012211E+002
    993  3.563640769350263E-007  1.299638892136509E+002
    198  3.483220299230465E-007  3.410095577154824E+001
    254  3.375185584126431E-007  3.696870162494890E+001
    513  3.331205156483780E-007  6.111701004965728E+001
    856  3.323297378159970E-007  1.192407591408727E+002
    867  3.297696816138805E-007  1.199420338065019E+002
    796  3.245330834973913E-007  1.160406419035091E+002
     49  3.197629698106228E-007  2.521926711432687E+001
    841  3.174994464304720E-007  1.180046875638410E+002
    612  3.068192094313293E-007  1.080838271474082E+002
    736  2.924802868269930E-007  1.125700463249535E+002
    737  2.748486439516296E-007  1.125716601108342E+002
    827  2.531434441978056E-007  1.174913134466901E+002
    626  2.514938203137359E-007  1.085197354965440E+002
    629  2.452925108699920E-007  1.086436456014825E+002
   1056  2.402661648482190E-007  1.332822863268028E+002
    428  2.391919544961590E-007  5.539697768550786E+001
   1033  2.390082034477546E-007  1.314921549657209E+002
   1073  2.361375733581675E-007  1.355646294676644E+002
    904  2.291992366218989E-007  1.250437756508075E+002
    946  2.227196722638064E-007  1.279201366409634E+002
    727  2.065990724203011E-007  1.123838421661365E+002
    704  1.985094292207808E-007  1.114088220449556E+002
    835  1.951074506854255E-007  1.176766134664512E+002
    749  1.935927619844584E-007  1.128862829609149E+002
     56  1.923305099399736E-007  2.577494999028338E+001
    178  1.899807460344928E-007  3.291892583427273E+001
    974  1.873986247907471E-007  1.290391941684268E+002
    851  1.873424031652372E-007  1.189105890777936E+002
    971  1.868074070144607E-007  1.289111652451389E+002
    341  1.727146038672138E-007  4.207899368185591E+001
    620  1.623460867676816E-007  1.083700393844588E+002
    490  1.606127678844499E-007  5.909746584665749E+001
    432  1.539806830494223E-007  5.551253331854516E+001
    406  1.518315116152146E-007  5.347162595814701E+001
   1030  1.506745018781531E-007  1.313677884464318E+002
    914  1.458245642791450E-007  1.261343003660832E+002
    548  1.432659968259720E-007  1.041098140943872E+002
    718  1.420429361510517E-007  1.120307816427976E+002
    887  1.229741316735712E-007  1.215278324822884E+002
    353  1.217356248076361E-007  4.354452657935016E+001
    759  1.165491913502859E-007  1.132523759465808E+002
    775  1.134791927419542E-007  1.149447083106751E+002
    572  1.098891839708169E-007  1.066354688575440E+002
    801  1.093586046936521E-007  1.162412158177078E+002
    755  1.052389650577720E-007  1.130537195644052E+002
    439  1.025102646559121E-007  5.581771077364913E+001
    953  1.007050535217795E-007  1.282835790234384E+002
    652  1.004457802510602E-007  1.090805000764319E+002
    723  9.616911472616458E-008  1.122249597820348E+002
    673  9.261923068163015E-008  1.101090602242966E+002
    701  9.185119015872832E-008  1.112655741498095E+002
    814  8.996329092549543E-008  1.170571282096026E+002
    823  8.678185886647744E-008  1.173434151863991E+002
    830  8.304530003935542E-008  1.175448785112390E+002
    891  8.203483104348798E-008  1.222344606190913E+002
    999  7.813067643869004E-008  1.301340763851820E+002
    169  7.678616092248494E-008  3.225245008090104E+001
    965  7.670858942910098E-008  1.286084743618769E+002
    833  7.516204149219059E-008  1.176450554682990E+002
    752  7.150383110413302E-008  1.129825416205730E+002
    443  7.139303110562995E-008  5.615506371008289E+001
    639  7.023044718824648E-008  1.087924757147032E+002
    864  6.900778565182283E-008  1.195154318953015E+002
   1019  6.835442330250564E-008  1.307856127904329E+002
    874  6.258710101023516E-008  1.206463359037059E+002
   1015  5.449804545041923E-008  1.306693309857935E+002
    647  5.019142106972239E-008  1.089204596390746E+002
    734  4.616954045972065E-008  1.125227414297757E+002
    692  3.943419262028005E-008  1.109991362888409E+002
    464  3.834701715442171E-008  5.841767339850505E+001
    996  3.013434218554173E-008  1.300741546440489E+002
   1007  2.774453097108851E-008  1.303971511397991E+002
    840  2.361092811256074E-008  1.179674198090055E+002
    501  2.246362491011323E-008  6.025540211442135E+001
    743  2.230440417117454E-008  1.126739704882794E+002
    872  2.222238945686502E-008  1.204992644439996E+002
    889  2.151815766985605E-008  1.221096476933091E+002
    719  1.636038216047192E-008  1.120361196403708E+002
    885  1.292355933054749E-008  1.213849358963692E+002
    979  9.511554632665706E-009  1.292073280791942E+002
    437  7.574558891630322E-009  5.567668099873953E+001
   1034  7.238908706419189E-009  1.314975717016592E+002
    129  4.186559598350235E-009  2.967722940199728E+001
    132  4.138164865438521E-009  2.978147182311027E+001
    414  3.307243795941815E-009  5.408443269732371E+001
    909  3.278164476568812E-009  1.256671150468244E+002
    850  2.388994371502012E-009  1.188640670964077E+002
    881  1.849362587965959E-009  1.212001054655417E+002
    598  1.086072604031879E-009  1.077082259858063E+002
   1049  8.014340542776822E-010  1.325964910892840E+002
    847  7.260179319077484E-010  1.183795327778256E+002
    806  5.851855050102660E-010  1.165904998677036E+002
    557  2.175988240789049E-010  1.053298087456868E+002
    140  1.761761104059911E-010  3.002380690834687E+001
     94  9.287857593571109E-012  2.803048707399637E+001
