# Number of modes
   1077
# Tabulated for different initial and final frequencies?
    F
# Mode index, Sj, (highest to lowest), omega_j
    547  4.750477317531726E-002  1.040413527560943E+002
    418  3.914716306035983E-002  5.440760214654593E+001
    419  3.719934403312024E-002  5.447434435004674E+001
    566  1.717235694967406E-002  1.060197199307676E+002
    436  1.380246474229779E-002  5.562240782737462E+001
      7  1.114449193281414E-002  1.598850297870253E+001
    552  9.110899044399250E-003  1.045004516183760E+002
     27  8.102290332507544E-003  2.288948685305089E+001
    539  6.880121318186555E-003  1.004038214764926E+002
    392  6.169558421052539E-003  4.975569880244111E+001
     23  6.116743626615624E-003  2.160694502786773E+001
      8  5.708453663496294E-003  1.603898235084092E+001
     38  5.246273130158717E-003  2.415274881711009E+001
    390  4.776651772480565E-003  4.930034545373515E+001
     24  4.763265418142932E-003  2.165827626673025E+001
    384  4.313534621046318E-003  4.693482184770667E+001
     32  4.081891477360918E-003  2.386019687247388E+001
   1064  3.849101449207893E-003  1.339182935247794E+002
    546  3.814550080992117E-003  1.038908634804570E+002
    415  3.495239674830894E-003  5.409773008136273E+001
    438  3.347544619181684E-003  5.568774314714533E+001
     65  3.281167780639634E-003  2.645533186342116E+001
    563  3.169836410323641E-003  1.058622417292547E+002
    301  2.956950665120855E-003  3.874125966254066E+001
    485  2.917960222779860E-003  5.896971858223063E+001
    466  2.829400348617544E-003  5.848631456847294E+001
    387  2.734075351144804E-003  4.845493173747810E+001
    114  2.687876829178345E-003  2.903390568794284E+001
     64  2.650718045730720E-003  2.637954322898939E+001
    544  2.560919290789826E-003  1.037287728441322E+002
    300  2.394365267010322E-003  3.871033423098082E+001
    551  2.041357041644520E-003  1.044758850995860E+002
     18  2.014488955565494E-003  2.124694793769305E+001
     71  2.005575398402411E-003  2.691074291878593E+001
    421  1.938178170545579E-003  5.469982084171487E+001
   1060  1.935432440107574E-003  1.336329109810919E+002
    554  1.905811032292356E-003  1.048978551747549E+002
    549  1.821284368608532E-003  1.043755820157491E+002
     58  1.784663029406344E-003  2.603619761911758E+001
    474  1.738920283174545E-003  5.866520048333617E+001
    308  1.710313685909564E-003  3.924824416979163E+001
    422  1.676323862671490E-003  5.478392604221921E+001
    479  1.665869201781132E-003  5.886156225440574E+001
     55  1.603192645929978E-003  2.564739582447731E+001
    452  1.560781203810267E-003  5.732416656661538E+001
   1042  1.516207263300976E-003  1.319938555239870E+002
    926  1.353558931061151E-003  1.269935099435139E+002
     29  1.187872005248867E-003  2.304600720746813E+001
   1041  1.150003708987992E-003  1.318604688563310E+002
     39  1.122760943883662E-003  2.419216907562118E+001
      5  1.104127328538288E-003  1.580375607842547E+001
    381  1.103128150301865E-003  4.623753374880091E+001
     67  1.098854270475045E-003  2.663955326886673E+001
    570  1.095756058653809E-003  1.064458450110351E+002
     31  1.022067697976902E-003  2.349957735236975E+001
    446  9.832109303113117E-004  5.657515742254393E+001
    666  9.818819038085137E-004  1.096961217429448E+002
    568  9.454474768276503E-004  1.063884322375297E+002
    537  9.293473358359446E-004  7.348438751630307E+001
    330  9.152791758587384E-004  4.000719691328421E+001
   1039  8.274654408000382E-004  1.317789778316224E+002
    413  8.031796354095547E-004  5.407796767412047E+001
     10  7.972468969538452E-004  1.630017574824609E+001
    575  7.872349436597129E-004  1.067636975144964E+002
     51  7.745180501567369E-004  2.527497960196780E+001
   1016  7.703022341489855E-004  1.306784011483153E+002
    380  7.689786715673329E-004  4.621788456267294E+001
    229  7.630527332414614E-004  3.477639317683153E+001
    698  7.505572824902250E-004  1.111543499618823E+002
    199  7.465410713390360E-004  3.411214171315592E+001
    142  7.364359326461692E-004  3.011700635419402E+001
    402  7.325403344227050E-004  5.323403324336612E+001
    875  7.234874067779202E-004  1.206504418490652E+002
     20  6.942901050812756E-004  2.146722812704134E+001
   1074  6.458156427347550E-004  1.357832717908243E+002
    383  6.399715682744290E-004  4.665506804468283E+001
    255  6.395782732017349E-004  3.705801266502003E+001
    423  6.285054963433964E-004  5.491452382822700E+001
    536  6.284193132637344E-004  7.244369170766353E+001
     85  6.215980020807714E-004  2.757726243328665E+001
   1062  6.074159624550925E-004  1.338537297016246E+002
    456  6.024319060877539E-004  5.758475825352298E+001
      2  6.019445352463103E-004  1.507477314615795E+001
    453  5.950791612617815E-004  5.734859743017803E+001
    694  5.877502295669884E-004  1.110208923005156E+002
    445  5.839823818172267E-004  5.650985963977887E+001
    557  5.835855816874444E-004  1.053298087456868E+002
    492  5.802953143652394E-004  5.919740097208313E+001
    411  5.720471712321080E-004  5.390414096058870E+001
    207  5.695715242791656E-004  3.419271829752626E+001
      9  5.629425826315402E-004  1.615282072713023E+001
    480  5.627469042270142E-004  5.887142017505539E+001
     48  5.460830562140816E-004  2.521050943974308E+001
    347  5.458594655918664E-004  4.251894246220620E+001
     45  5.446978847735094E-004  2.505629895200580E+001
     66  5.425111245075041E-004  2.653041695388611E+001
    161  5.391367498022180E-004  3.141544799468193E+001
    998  5.375731698782152E-004  1.301241144683907E+002
     11  5.356480279067803E-004  1.771447447329438E+001
     57  5.197722203263325E-004  2.601044601303876E+001
    774  5.174969130323899E-004  1.147299018357027E+002
     40  5.152307314147846E-004  2.429142631572386E+001
   1066  4.938832384136594E-004  1.341339055776214E+002
   1075  4.800194866500978E-004  1.852007864492208E+002
    658  4.671508649166925E-004  1.092752908733605E+002
    379  4.600926864499698E-004  4.610002508350383E+001
    489  4.532247242989500E-004  5.906665573291085E+001
    434  4.421176129853397E-004  5.556859477681133E+001
    290  4.316595017677802E-004  3.834059039797889E+001
     95  4.278591413048447E-004  2.806113631432304E+001
   1048  4.001819346493694E-004  1.325281096806480E+002
    374  3.997346726042390E-004  4.576894168844035E+001
    425  3.924654009555537E-004  5.512885982268182E+001
    464  3.879583038180257E-004  5.841767339850505E+001
    588  3.861700745075020E-004  1.072780161282308E+002
   1044  3.804370253981026E-004  1.320835593454495E+002
     37  3.798875698696740E-004  2.413005277682491E+001
    467  3.764491284471860E-004  5.850070475174659E+001
    254  3.739825963980869E-004  3.696870162494890E+001
    604  3.622508207077786E-004  1.078901483894559E+002
    928  3.520077267520075E-004  1.271758190169006E+002
      4  3.507935868966544E-004  1.555889535187236E+001
     70  3.494795269254334E-004  2.683332853591699E+001
     92  3.463073938797355E-004  2.796966533379813E+001
    602  3.461445822707188E-004  1.078335831208874E+002
     36  3.421081027465316E-004  2.408548968715760E+001
    327  3.385249659991221E-004  3.980649710729982E+001
   1052  3.378078003990371E-004  1.330891459743712E+002
    319  3.283395724924023E-004  3.955367029075058E+001
    478  3.163517329551700E-004  5.880478287498814E+001
    183  3.104010814545467E-004  3.317747871488443E+001
     74  3.063378994117180E-004  2.706787664592100E+001
    348  3.054539620870703E-004  4.278252907839931E+001
    386  3.045809940027914E-004  4.778448827008048E+001
    282  3.025176796501314E-004  3.781601762519486E+001
    992  2.962401887493843E-004  1.299169051159237E+002
    153  2.938394562943045E-004  3.119128674334460E+001
    531  2.900007262163834E-004  6.280622541285696E+001
    103  2.844868672278410E-004  2.854698030319213E+001
    535  2.806412677825970E-004  7.234684016852472E+001
   1038  2.770069853638853E-004  1.317153469634680E+002
    393  2.669787823527563E-004  5.117422678475859E+001
     81  2.667178967530202E-004  2.737831616504717E+001
     17  2.637763365333429E-004  2.091913438766164E+001
    108  2.626488953631865E-004  2.884206820739177E+001
    212  2.596029914553622E-004  3.425448747044050E+001
    288  2.537706527355561E-004  3.825168870868715E+001
    202  2.531322158313827E-004  3.414693728338715E+001
    295  2.501677953264968E-004  3.844649820311862E+001
    404  2.475684328165198E-004  5.332919471058649E+001
     90  2.457427805770491E-004  2.792299487571685E+001
    514  2.445266849250918E-004  6.112143562944963E+001
    937  2.440107119662122E-004  1.275975168353670E+002
    919  2.414486255151605E-004  1.264669767465423E+002
    163  2.389733305343645E-004  3.148605603035891E+001
    468  2.382413939492409E-004  5.850419738659161E+001
    321  2.368912711667811E-004  3.959878738143280E+001
    507  2.354207328205362E-004  6.098134465730102E+001
     89  2.350141443552225E-004  2.787565477396676E+001
    306  2.312384776950898E-004  3.922583615449084E+001
    106  2.283837132941438E-004  2.873147041157064E+001
    331  2.281439930846922E-004  4.033978069592825E+001
    690  2.279622408057476E-004  1.109553167085971E+002
    997  2.252386001461661E-004  1.300952728722026E+002
     43  2.251018756405691E-004  2.485090944939308E+001
    299  2.243049599284760E-004  3.861147003050849E+001
    143  2.238607918209221E-004  3.021552765862468E+001
    325  2.232902237808862E-004  3.979678053884171E+001
     46  2.209400156412074E-004  2.508968851186969E+001
    101  2.205680911647738E-004  2.816121926613436E+001
    395  2.186743489807360E-004  5.279005865968511E+001
    131  2.177843162974188E-004  2.976719894627799E+001
    442  2.159960121765997E-004  5.605259237502305E+001
    221  2.155648280240834E-004  3.444064242877499E+001
    512  2.148830661470799E-004  6.110465593383906E+001
    477  2.136850272235062E-004  5.875439662154096E+001
   1053  2.119995034038810E-004  1.331993000158318E+002
    970  2.105404995022142E-004  1.288440499253601E+002
    196  2.104678668094604E-004  3.402217963204272E+001
    100  2.104070669413085E-004  2.814590236831992E+001
    385  2.088180458608152E-004  4.744969147605799E+001
    587  2.072891918507039E-004  1.072564562863978E+002
    543  2.071320405882694E-004  1.026098663261161E+002
    318  2.057105010386890E-004  3.952690512520030E+001
   1031  2.026279634731401E-004  1.313824495210718E+002
    156  2.005888062490083E-004  3.133959801814033E+001
    289  2.003906390841827E-004  3.832422991649202E+001
    578  1.978630931678819E-004  1.068696587706935E+002
     73  1.971707297817324E-004  2.704395448663374E+001
    576  1.967911044943559E-004  1.068188420241767E+002
     54  1.956397289553246E-004  2.537118147105558E+001
    414  1.948995427901083E-004  5.408443269732371E+001
    134  1.937160863093811E-004  2.989081555609098E+001
    725  1.869001216433435E-004  1.122622575126908E+002
    433  1.850180476512216E-004  5.552394895078822E+001
    218  1.816544824169418E-004  3.434087154455664E+001
     16  1.805145569394458E-004  2.083990463296455E+001
   1032  1.804004606943243E-004  1.314270448258869E+002
    133  1.799798740534033E-004  2.980777525245198E+001
    708  1.789887319975765E-004  1.116659378913442E+002
    205  1.766628800010463E-004  3.418138862993963E+001
    184  1.730298514637576E-004  3.328145954751520E+001
     53  1.730106471136068E-004  2.532427500710937E+001
    504  1.722527205923693E-004  6.073767201700102E+001
    164  1.707947269380736E-004  3.156123118588701E+001
    396  1.693821718121226E-004  5.292259014309509E+001
    981  1.693716692388815E-004  1.292686845988868E+002
   1001  1.687325231675073E-004  1.301907504163165E+002
    716  1.680073753139590E-004  1.119313653155845E+002
    138  1.671521678007007E-004  2.998810658959070E+001
    291  1.663349223229961E-004  3.834865717601958E+001
    868  1.644124077890346E-004  1.199994649602093E+002
     97  1.639399742108239E-004  2.809615145046481E+001
     35  1.617007876019448E-004  2.406163852032448E+001
    174  1.616542656406736E-004  3.277024257542895E+001
    777  1.604795530347025E-004  1.150636811545726E+002
    158  1.604551797791994E-004  3.138637587596471E+001
   1072  1.596611811202485E-004  1.354275255218108E+002
     34  1.592933490546303E-004  2.394870774261297E+001
    110  1.525715591351536E-004  2.890337161783228E+001
    403  1.522383576521909E-004  5.332276567118551E+001
    785  1.489844575661569E-004  1.156515149006221E+002
    346  1.489736426148323E-004  4.251353138364797E+001
    401  1.480214351280852E-004  5.310952948046032E+001
    320  1.462381295380992E-004  3.958466091098631E+001
    357  1.449105425047715E-004  4.413715889769129E+001
     44  1.431711234544358E-004  2.487547588775838E+001
    518  1.426729006593120E-004  6.116565427175681E+001
    253  1.421780948912284E-004  3.690338042035397E+001
    673  1.419366699189256E-004  1.101090602242966E+002
    117  1.416165069405081E-004  2.915145470361619E+001
    121  1.400080289625651E-004  2.937009161569695E+001
      6  1.377365027616512E-004  1.593905863128156E+001
    132  1.364055995992944E-004  2.978147182311027E+001
    921  1.361442035365609E-004  1.266347372507485E+002
    472  1.357959160520894E-004  5.860732378330380E+001
    246  1.338394677659685E-004  3.612200287477440E+001
    352  1.335945063649253E-004  4.345183818831803E+001
    310  1.335691660363117E-004  3.933560718805473E+001
    309  1.331600483627899E-004  3.929268620446922E+001
   1036  1.326464941149828E-004  1.315563975924429E+002
    493  1.312951627839208E-004  5.956939432616837E+001
    416  1.307883421954438E-004  5.412105627361211E+001
    239  1.285224343449488E-004  3.564788119351169E+001
    304  1.282375047854033E-004  3.902642388250331E+001
     60  1.275966860398858E-004  2.612817271153773E+001
    150  1.247588879490254E-004  3.095380367517388E+001
    165  1.209722715986737E-004  3.194792507678593E+001
    515  1.207536147363569E-004  6.113166482037749E+001
    691  1.207404348476916E-004  1.109942746792360E+002
    258  1.202935320040408E-004  3.725675246841864E+001
   1005  1.197970263454114E-004  1.302961950162389E+002
    208  1.179869216438566E-004  3.420400517096608E+001
    251  1.177124553955169E-004  3.670193646720268E+001
    312  1.170474343820457E-004  3.940338989709551E+001
     22  1.165118832792568E-004  2.149928230079738E+001
    298  1.141293620773040E-004  3.860785506393049E+001
   1055  1.139215481193480E-004  1.332315483337306E+002
    700  1.136362655028332E-004  1.112187707043413E+002
    152  1.126296297838361E-004  3.107793476288124E+001
     79  1.120617254343222E-004  2.728143790603452E+001
    686  1.118634674249508E-004  1.108321598991433E+002
    825  1.101590174445168E-004  1.174155068731360E+002
    329  1.098995947623887E-004  3.994917835777716E+001
    844  1.086203634412419E-004  1.182236522024691E+002
    231  1.084038722420336E-004  3.529195130720404E+001
    561  1.081476991146011E-004  1.057823475786052E+002
    292  1.074762530019323E-004  3.837765227419467E+001
    376  1.072973531694199E-004  4.578482274843697E+001
    929  1.068761265490530E-004  1.272324166790593E+002
    336  1.052519002722979E-004  4.106442919982931E+001
    427  1.047364100633502E-004  5.530625255614972E+001
    151  1.043223560165484E-004  3.097448214004631E+001
    430  1.037539882791205E-004  5.544226538226409E+001
    275  1.034199330554445E-004  3.771871208633355E+001
     72  1.030028492248853E-004  2.695844835194747E+001
    382  1.028551115237292E-004  4.661435463500721E+001
    560  1.017011347808023E-004  1.057397922085461E+002
    338  1.014426261180215E-004  4.143596746217444E+001
    294  1.009485068379731E-004  3.844005427068350E+001
    491  1.001289733946411E-004  5.916484178919298E+001
    783  9.946732546327118E-005  1.155776779712016E+002
    444  9.946035029612266E-005  5.640873014994138E+001
    451  9.943067781069975E-005  5.726939793781466E+001
    564  9.887885004040942E-005  1.059223740174141E+002
    555  9.870907422179502E-005  1.049505825405343E+002
    838  9.852652729739760E-005  1.178077045912047E+002
    166  9.733450545501758E-005  3.197534022905977E+001
     21  9.694888316876828E-005  2.149552581175353E+001
    116  9.689505930590841E-005  2.910094471225916E+001
    191  9.659498597701015E-005  3.372798248811258E+001
   1026  9.629430304687542E-005  1.310988308446859E+002
    389  9.585724185599676E-005  4.924612888004685E+001
   1013  9.571573102104707E-005  1.306191025791559E+002
    168  9.494876275884208E-005  3.223239881301075E+001
    654  9.408282818968988E-005  1.091774321289355E+002
    237  9.355236328309050E-005  3.561350513334219E+001
    188  9.326980469482056E-005  3.343297855491465E+001
     49  9.303834673892925E-005  2.521926711432687E+001
    617  9.196800063370938E-005  1.082069188907082E+002
     33  9.184503855876482E-005  2.387502434282544E+001
    609  9.144745147096069E-005  1.080529774194348E+002
    326  8.940937802431424E-005  3.980074663620405E+001
    473  8.911789118246778E-005  5.864875851961727E+001
    481  8.749511854594424E-005  5.889564718758225E+001
     61  8.612723117434929E-005  2.623624111749398E+001
    454  8.608360806748159E-005  5.753531790534946E+001
    226  8.521601799067922E-005  3.460914941435140E+001
    795  8.414801063661562E-005  1.159446042090269E+002
    567  8.376130354674921E-005  1.061175767374582E+002
    687  8.261746756653299E-005  1.108477970364615E+002
    303  8.233028208343125E-005  3.891633174738261E+001
    487  8.231243398551049E-005  5.901096182276392E+001
    264  8.175516932386562E-005  3.760740200223662E+001
    724  8.142890233325257E-005  1.122474317356576E+002
     96  8.125132033336353E-005  2.807603105873968E+001
      3  8.070995793122332E-005  1.530095081680193E+001
    909  8.057276228368482E-005  1.256671150468244E+002
    281  7.961725548206691E-005  3.778222215271058E+001
    449  7.946186376127036E-005  5.713782918039372E+001
     30  7.923578210592337E-005  2.339033246897357E+001
    157  7.910367425572619E-005  3.136040875348826E+001
     62  7.905484229567981E-005  2.630569023157911E+001
    712  7.889291190531767E-005  1.118479116964762E+002
    519  7.868431849533317E-005  6.116666091909611E+001
    296  7.845383937675264E-005  3.847026909032138E+001
   1000  7.688407714002095E-005  1.301375093272533E+002
    582  7.674458646935260E-005  1.069886979669129E+002
    115  7.626462592148900E-005  2.908676806680809E+001
    332  7.580411345359248E-005  4.036182328117159E+001
    843  7.546097104289177E-005  1.181049125326048E+002
     50  7.500872653411271E-005  2.524792740229145E+001
    948  7.480444055640127E-005  1.280530341997139E+002
     78  7.474390422506768E-005  2.724001953302053E+001
    789  7.438826515911483E-005  1.157939903252585E+002
    394  7.231090209610102E-005  5.275338077531283E+001
    462  7.148535629445231E-005  5.834568949164402E+001
    214  7.132132042294305E-005  3.429158842681225E+001
   1070  7.054056921197929E-005  1.350535885837313E+002
    109  7.036242082011399E-005  2.888359254004277E+001
    548  6.970919246370523E-005  1.041098140943872E+002
    201  6.888797559641602E-005  3.413905621996786E+001
    136  6.884179891592338E-005  2.995197020395121E+001
    592  6.883569006752127E-005  1.074010896433819E+002
    314  6.821113490560226E-005  3.944402428691944E+001
    283  6.795408817288515E-005  3.781664732037148E+001
    649  6.759113319167068E-005  1.089557122086210E+002
     82  6.726096104292068E-005  2.744742479332049E+001
    144  6.700333993055255E-005  3.023024488043693E+001
   1033  6.614937454623649E-005  1.314921549657209E+002
    502  6.603412368103769E-005  6.033057478557798E+001
     75  6.585998109624459E-005  2.717284531466260E+001
    505  6.551632232377765E-005  6.089365906344585E+001
    215  6.546592257270037E-005  3.430912489816387E+001
    359  6.487891827069088E-005  4.440820660542785E+001
    167  6.480147132583412E-005  3.206734480721192E+001
    154  6.460895817117740E-005  3.128025029310897E+001
    565  6.378956813252510E-005  1.059848591127986E+002
    689  6.368864815898024E-005  1.108992280227757E+002
    186  6.332245693569555E-005  3.335079910483972E+001
    324  6.260363590224191E-005  3.965813849875591E+001
    762  6.191459853873248E-005  1.134504722361933E+002
    832  6.104470718498139E-005  1.176150872586579E+002
    113  6.104465479425019E-005  2.894608485543543E+001
    516  6.102591077785947E-005  6.114879167768425E+001
    400  6.022073749860334E-005  5.304406357850599E+001
    435  5.966623737059568E-005  5.559833163642786E+001
    120  5.953138933793763E-005  2.935022978395871E+001
    335  5.936618009558608E-005  4.064698242871874E+001
    484  5.890306283949474E-005  5.894622531819898E+001
    242  5.851033212421028E-005  3.575330164903793E+001
    721  5.775518556017494E-005  1.121902054803930E+002
    448  5.748595106056356E-005  5.707216855561523E+001
    842  5.734248052795776E-005  1.180365480395604E+002
    365  5.656212841935659E-005  4.540196146988517E+001
    803  5.652524857500831E-005  1.163959410830473E+002
    655  5.645542847214059E-005  1.092114390318620E+002
    391  5.613884760070719E-005  4.935295074539214E+001
     68  5.568325022001137E-005  2.665958995788216E+001
    771  5.559219779594823E-005  1.142541813627527E+002
    399  5.441345656878270E-005  5.300117686152819E+001
     19  5.428837573210529E-005  2.137958735177528E+001
    104  5.394999029997008E-005  2.863475114667724E+001
    302  5.391372544587665E-005  3.874867387838012E+001
    247  5.304348180508753E-005  3.613855018049320E+001
    307  5.237382400242845E-005  3.924418415703018E+001
    966  5.210032450076731E-005  1.287120665380274E+002
    189  5.206750418150865E-005  3.348575581421191E+001
    611  5.155329734213475E-005  1.080609110523806E+002
    989  5.152483328511982E-005  1.296856498562064E+002
    355  5.143699273366044E-005  4.365668409738398E+001
    137  5.001651825385744E-005  2.996307755422044E+001
    571  4.979722918589267E-005  1.065760725477823E+002
    538  4.963204174001529E-005  8.801939400846273E+001
    356  4.886816523028741E-005  4.399929676237998E+001
    279  4.850316160373149E-005  3.776291602598710E+001
    378  4.846606160111592E-005  4.609481655347708E+001
    513  4.811507306808203E-005  6.111701004965728E+001
    261  4.799283465643889E-005  3.751537038816641E+001
    334  4.746902893839819E-005  4.055961280242965E+001
    450  4.714790918244549E-005  5.723022636777802E+001
    417  4.675772805714823E-005  5.432386496665636E+001
    177  4.628259922232583E-005  3.286305119332699E+001
    730  4.615284714728173E-005  1.124678820560711E+002
     84  4.601350770203014E-005  2.748397341497807E+001
    697  4.504710353452070E-005  1.111168086390436E+002
    176  4.501639733358272E-005  3.283702642513862E+001
    497  4.497585268191177E-005  5.984833423050026E+001
    193  4.420783774031171E-005  3.387383688791338E+001
    521  4.415210228578173E-005  6.120499406654021E+001
    973  4.412398406401397E-005  1.290303348922233E+002
    542  4.406323906483056E-005  1.021380905135569E+002
     12  4.401760459150863E-005  1.791855268392995E+001
    573  4.392453043623672E-005  1.066520968004064E+002
    398  4.379501523512385E-005  5.298968704937109E+001
    317  4.319461336882091E-005  3.952108816795088E+001
    897  4.239489042291935E-005  1.233154024205701E+002
    217  4.224971759077732E-005  3.432077633458158E+001
    313  4.221735006044444E-005  3.941220320488696E+001
    375  4.208533866341648E-005  4.577921754207221E+001
    757  4.205902320239811E-005  1.131455979007981E+002
    323  4.189955625108647E-005  3.963162035223775E+001
    865  4.175728446083658E-005  1.195233182598442E+002
    305  4.153486981915028E-005  3.919092577852600E+001
    432  4.117251506201697E-005  5.551253331854516E+001
    159  4.022353049249987E-005  3.140014259635325E+001
    917  4.002950941191819E-005  1.262583151256411E+002
    676  3.996824631761311E-005  1.102968009656115E+002
    848  3.983380694963431E-005  1.185512117490796E+002
    107  3.977409008416546E-005  2.880093649968087E+001
    528  3.914687774778567E-005  6.211763689923020E+001
    407  3.900232749176957E-005  5.355040632372296E+001
    316  3.890641284655051E-005  3.947722492082590E+001
    240  3.890233869004600E-005  3.568815433410965E+001
    483  3.877474918998011E-005  5.892865432514233E+001
    147  3.868360063348378E-005  3.045498909450352E+001
    459  3.848121599498757E-005  5.797524108925945E+001
    123  3.799227158971416E-005  2.945706723223188E+001
     98  3.788536612409977E-005  2.810036398063808E+001
    455  3.770527448721373E-005  5.757818593173593E+001
    873  3.748680947512844E-005  1.205400953636918E+002
    645  3.704949725615558E-005  1.088758352374567E+002
    397  3.649086022434080E-005  5.292984574180642E+001
    793  3.603678160739794E-005  1.158943894419280E+002
    877  3.526257643094080E-005  1.207635072396237E+002
    333  3.495672480774560E-005  4.050570323460023E+001
    950  3.448818897039010E-005  1.281356928004739E+002
    972  3.331682024394479E-005  1.289491342298440E+002
    260  3.331435134355188E-005  3.745846822965304E+001
   1029  3.328141859409340E-005  1.312589073638632E+002
    930  3.311583213509561E-005  1.272550109882912E+002
    947  3.306404838929483E-005  1.280025795512814E+002
    322  3.295015839584928E-005  3.962934885257222E+001
    871  3.291170852780590E-005  1.204638135739833E+002
    234  3.252574659595203E-005  3.541632958107625E+001
    760  3.230081526098396E-005  1.133648679091437E+002
    755  3.223750739122978E-005  1.130537195644052E+002
    558  3.210382208111410E-005  1.054235904423783E+002
    171  3.190908431432234E-005  3.251692712246987E+001
    179  3.182336687038049E-005  3.301071504933698E+001
    984  3.180068728206278E-005  1.293776492189174E+002
    593  3.167123759639571E-005  1.074633420950339E+002
   1067  3.164349756048125E-005  1.341872351276505E+002
    249  3.158104946527799E-005  3.643158917315001E+001
    155  3.157424941505254E-005  3.129077640287002E+001
    991  3.149301259265049E-005  1.298309517843196E+002
    918  3.113241794836965E-005  1.263810693695273E+002
    187  3.098322364055289E-005  3.338593491458187E+001
    826  3.089269551282766E-005  1.174535409692338E+002
    162  3.080146113351730E-005  3.142013005221356E+001
    952  3.063319071162154E-005  1.282170243378332E+002
   1020  3.063310312202318E-005  1.308300137670077E+002
    577  2.990944942110506E-005  1.068269012623950E+002
    835  2.966013783269116E-005  1.176766134664512E+002
    977  2.958970073595312E-005  1.291448023039548E+002
     15  2.957059675908644E-005  2.077312965636918E+001
    610  2.922521262936904E-005  1.080548791140610E+002
    702  2.920673338042794E-005  1.112791472783473E+002
    361  2.909184992371219E-005  4.509188248244521E+001
    278  2.897845947811421E-005  3.775225448216675E+001
    594  2.882903332489359E-005  1.075267994995216E+002
    267  2.866965296286183E-005  3.763942844703926E+001
    765  2.842134388399513E-005  1.138034732037320E+002
    245  2.812576595778186E-005  3.584895809931362E+001
    256  2.802138855010647E-005  3.708485200545782E+001
    344  2.772456570634539E-005  4.229281490750487E+001
    938  2.769879097291743E-005  1.276246332177813E+002
     88  2.753617091642880E-005  2.776495450944637E+001
    605  2.745120890768872E-005  1.079476682950407E+002
    630  2.698004770102972E-005  1.086464564510315E+002
    975  2.696691878354054E-005  1.290479361570385E+002
    934  2.676996696572484E-005  1.274026915475210E+002
    810  2.604585825980433E-005  1.168542717379606E+002
     86  2.565439409452321E-005  2.760340701365068E+001
    944  2.540840759531856E-005  1.278264506290159E+002
     69  2.531557432489123E-005  2.667931486079132E+001
    339  2.522794404701346E-005  4.199721405536648E+001
    311  2.520362124921535E-005  3.939193935233331E+001
   1045  2.515456193912869E-005  1.322246800166877E+002
    550  2.491112592771423E-005  1.044255141670578E+002
    945  2.487888778283305E-005  1.278945431870569E+002
     77  2.437759036296762E-005  2.720977418778346E+001
    574  2.421006459926644E-005  1.067089856517616E+002
    799  2.391564597307446E-005  1.161655148393659E+002
    674  2.347500480201939E-005  1.101627157855635E+002
    511  2.330366598437039E-005  6.108291035790679E+001
    553  2.233145840673102E-005  1.045844149005738E+002
     14  2.171940102184753E-005  2.047451167645159E+001
    597  2.168969567001910E-005  1.076362394255561E+002
    623  2.140772352790179E-005  1.084311616311891E+002
    681  2.132207578386833E-005  1.107150530846271E+002
    236  2.119700631466323E-005  3.558504171265294E+001
    719  2.111077363928924E-005  1.120361196403708E+002
    280  2.100617671697718E-005  3.777070006257392E+001
    671  2.096730526351803E-005  1.100461630260976E+002
    584  2.051241971346429E-005  1.071415131646536E+002
    437  2.044737443381674E-005  5.567668099873953E+001
    967  2.034395505638426E-005  1.287730879251822E+002
    616  1.989838613515886E-005  1.081902144651443E+002
    659  1.987531863774960E-005  1.093169473413985E+002
    257  1.978009066417556E-005  3.716053985696894E+001
    821  1.973225810575616E-005  1.173213489801490E+002
    220  1.971849775553757E-005  3.440936379612124E+001
   1018  1.971206855412538E-005  1.307425624046459E+002
    678  1.970801413619389E-005  1.105298402911861E+002
    367  1.938671671307289E-005  4.546665367422378E+001
    583  1.936116054264079E-005  1.070323413352247E+002
    262  1.934479387738315E-005  3.754826259370084E+001
    958  1.922973157884786E-005  1.283326337970340E+002
    337  1.900249283617358E-005  4.125439580477820E+001
    808  1.866421337425348E-005  1.166438640424820E+002
    784  1.856874516561886E-005  1.156115101864969E+002
    194  1.853177959513565E-005  3.388123191050668E+001
    622  1.829581492832414E-005  1.084041586407917E+002
    636  1.826928042044803E-005  1.087412284437008E+002
     25  1.803524779629865E-005  2.268285797328677E+001
    470  1.798768172586149E-005  5.858950887133865E+001
   1022  1.763020084436982E-005  1.309570316227355E+002
    364  1.725894764594769E-005  4.528995878587361E+001
    230  1.718160213276657E-005  3.507000892128892E+001
    540  1.712741338753048E-005  1.019596674086986E+002
    954  1.698055152193665E-005  1.282848493157465E+002
    272  1.661595901657648E-005  3.770876893490352E+001
    192  1.649131245173759E-005  3.373139183933635E+001
    569  1.633215817127294E-005  1.064024371239422E+002
    902  1.631592337812282E-005  1.246861225619736E+002
    529  1.599671099264333E-005  6.213305424318654E+001
    457  1.594593518107674E-005  5.770039153165104E+001
    216  1.586073364165934E-005  3.431915233475488E+001
    130  1.577583193196255E-005  2.969026097336859E+001
    475  1.573060497375932E-005  5.870955367754343E+001
    119  1.569975378915617E-005  2.929038281335912E+001
    343  1.546973611223516E-005  4.223776350771931E+001
    899  1.545630864211949E-005  1.237750393258326E+002
     52  1.536470282973297E-005  2.532370304309600E+001
    579  1.518821918148446E-005  1.068810185812333E+002
    713  1.511649942358488E-005  1.118750446375970E+002
    441  1.505253183203114E-005  5.602297434426368E+001
    816  1.497463154337030E-005  1.170854692244173E+002
    624  1.492676947554029E-005  1.084534043855216E+002
    372  1.474876825532575E-005  4.569660817760900E+001
    494  1.459288469765301E-005  5.959072402434833E+001
    880  1.438454050548071E-005  1.209811659012211E+002
    360  1.431381396186828E-005  4.501412031898634E+001
    887  1.398365863024818E-005  1.215278324822884E+002
   1006  1.398314104037529E-005  1.303473844140781E+002
    641  1.395297214559207E-005  1.088136450829588E+002
     13  1.389406856103152E-005  2.038781372204352E+001
    440  1.387177495264504E-005  5.589934491235444E+001
    656  1.381884332012514E-005  1.092383325553483E+002
    170  1.379978007701479E-005  3.240864442722207E+001
    745  1.360826556438222E-005  1.127541380335163E+002
    898  1.357566524907641E-005  1.236287338505038E+002
    892  1.350218593176209E-005  1.223146913863671E+002
    787  1.347130889472849E-005  1.157066821730262E+002
    297  1.343460918147948E-005  3.850412000814609E+001
    595  1.332647002862491E-005  1.075727311228692E+002
    105  1.329592784520486E-005  2.872870804936272E+001
    465  1.296614939769327E-005  5.845233409136720E+001
    274  1.296210493591491E-005  3.771469066363962E+001
    209  1.291498460844049E-005  3.420776675567321E+001
    596  1.279921387571474E-005  1.076305596761092E+002
    412  1.252469288746024E-005  5.399327798218789E+001
    377  1.244420875825007E-005  4.580996274485975E+001
    911  1.218928459572573E-005  1.258968376271585E+002
    370  1.207983193298842E-005  4.562254251008403E+001
    932  1.205271795674684E-005  1.272890793904072E+002
    827  1.194096254799497E-005  1.174913134466901E+002
    682  1.185814036406435E-005  1.107795174367904E+002
    460  1.180513298890156E-005  5.821511818989060E+001
    112  1.175311191814168E-005  2.893182478938967E+001
   1011  1.174041799055625E-005  1.305590563134582E+002
    210  1.141518504415511E-005  3.421873300884823E+001
    621  1.137333986581640E-005  1.083828600305560E+002
    185  1.135931617231285E-005  3.329017879350934E+001
    243  1.115341151864543E-005  3.580427376176280E+001
    916  1.114047025172550E-005  1.261858055404796E+002
    672  1.113817325458147E-005  1.100523893058521E+002
    883  1.111094575134469E-005  1.212822283474710E+002
    248  1.105941305364566E-005  3.617742791171408E+001
   1009  1.105857396638231E-005  1.304609142394732E+002
   1068  1.103221137327225E-005  1.342139437973118E+002
    206  1.097727141130443E-005  3.418711639611698E+001
    589  1.094595270862495E-005  1.073243551551986E+002
    429  1.091209469043120E-005  5.542704693693687E+001
    471  1.080985564860350E-005  5.859921299406331E+001
    613  1.075166457446786E-005  1.081325074305931E+002
   1063  1.074732890062462E-005  1.338610239777397E+002
    426  1.074644190079683E-005  5.521112029631625E+001
    854  1.073728282008435E-005  1.190938927222375E+002
    284  1.057209829741446E-005  3.794002386601017E+001
    368  1.055507610683409E-005  4.552075151204606E+001
    458  1.054110032573806E-005  5.780961640938520E+001
     42  1.041075470083170E-005  2.442065503900721E+001
    341  1.039303275852892E-005  4.207899368185591E+001
     91  1.020696027145964E-005  2.795709450840539E+001
     80  1.019078271701822E-005  2.737665388114407E+001
    608  1.017168371523294E-005  1.080310773431174E+002
    461  1.014462573041257E-005  5.832169084274378E+001
    836  9.923365776397011E-006  1.177792466123822E+002
    520  9.904576364976937E-006  6.117519869664547E+001
    910  9.834926328290112E-006  1.258349422363612E+002
    976  9.804152637014344E-006  1.291265023483052E+002
     41  9.582969017795107E-006  2.434332602389209E+001
   1057  9.484631839054119E-006  1.332882698940204E+002
    241  9.450798063610115E-006  3.573178726353736E+001
    733  9.386646896829352E-006  1.125211996768446E+002
    238  9.348419648042963E-006  3.562010162214489E+001
    807  9.298846533728456E-006  1.166040027024774E+002
    585  9.173419112557876E-006  1.071721890576240E+002
    293  9.160948508608442E-006  3.840315559517953E+001
    559  9.137009640859385E-006  1.054467335457494E+002
    476  9.034830820996524E-006  5.874284760292872E+001
    780  9.022639149549283E-006  1.153482258688003E+002
    366  9.002357841982462E-006  4.541480133184800E+001
    522  8.965414024679422E-006  6.189501394570030E+001
    863  8.846950845796357E-006  1.194780899982511E+002
    525  8.790869178053376E-006  6.201689187624501E+001
    276  8.766518531006470E-006  3.774173651101562E+001
    695  8.750749174644739E-006  1.110404578737834E+002
    983  8.710736568247572E-006  1.293699640118089E+002
    631  8.692823011358446E-006  1.086593678715634E+002
    160  8.555635200790020E-006  3.140287364756382E+001
    224  8.520487593872670E-006  3.456258153743839E+001
    244  8.487053675117685E-006  3.582009297825139E+001
   1071  8.426036813029383E-006  1.353191143310252E+002
    855  8.402856515502558E-006  1.192335282432478E+002
    526  8.373455099623603E-006  6.205614154690332E+001
   1034  8.295283380149222E-006  1.314975717016592E+002
    508  8.291710034575859E-006  6.101348113010317E+001
    125  8.242101049601119E-006  2.955205187993630E+001
    439  8.231512185788854E-006  5.581771077364913E+001
    661  8.098779509040467E-006  1.094040232551639E+002
    886  8.079638041989809E-006  1.214498350996194E+002
    890  7.962847786173372E-006  1.222269695705770E+002
    447  7.935502863039420E-006  5.692641404400948E+001
    683  7.909727437360204E-006  1.107854094171573E+002
    340  7.781251310996978E-006  4.203744443197692E+001
    709  7.650760908047284E-006  1.116986555393093E+002
    277  7.628980466686355E-006  3.774405278528796E+001
    349  7.585175943809717E-006  4.279212686889406E+001
    128  7.489135463003730E-006  2.964876822252022E+001
   1040  7.484284982422938E-006  1.318325334098182E+002
    532  7.446713654200992E-006  6.299204701993657E+001
   1017  7.446005791854511E-006  1.307020085696559E+002
    665  7.275444779272328E-006  1.096195054263975E+002
    940  7.221012671456809E-006  1.277053477702196E+002
    371  7.204817135079179E-006  4.567834615857563E+001
    271  7.178937762982434E-006  3.769377629908810E+001
    738  7.142493422372286E-006  1.126248828969786E+002
    962  7.132091291987888E-006  1.284190833846668E+002
    463  7.128077901809363E-006  5.840368106338346E+001
    250  7.113669679375226E-006  3.645071914574685E+001
    410  7.113642192179721E-006  5.380004782230375E+001
    979  7.094434037081529E-006  1.292073280791942E+002
     99  7.016418098782226E-006  2.813215700322161E+001
    742  7.002109515606598E-006  1.126546326383816E+002
    790  6.995641586289730E-006  1.158127479939932E+002
    126  6.976462469899580E-006  2.957864372821811E+001
     63  6.974707607842847E-006  2.633691355837915E+001
    625  6.960354767241040E-006  1.084878781680722E+002
    503  6.937002876768997E-006  6.062899617907863E+001
    633  6.909429376027588E-006  1.086770367044967E+002
    680  6.841724571050363E-006  1.106808485277705E+002
    754  6.805860296513760E-006  1.130532912402911E+002
      1  6.660703167587747E-006  1.480943860687432E+001
    148  6.648169768573722E-006  3.055713011308698E+001
    285  6.635796494502280E-006  3.794670187788559E+001
   1028  6.528365725916812E-006  1.312419762585663E+002
    225  6.497528725809163E-006  3.458265676939745E+001
    744  6.496959392853902E-006  1.127340165661099E+002
   1046  6.460141408701618E-006  1.322741703884410E+002
    181  6.446591978389696E-006  3.309588236011395E+001
     76  6.388902634200151E-006  2.719040433196805E+001
    670  6.348873539742983E-006  1.099218253642219E+002
    342  6.345080487133240E-006  4.219280462450153E+001
    741  6.315707899155549E-006  1.126383251241469E+002
    648  6.304679300398592E-006  1.089328290594756E+002
    351  6.146632115190478E-006  4.290814690346715E+001
    639  6.078315206619380E-006  1.087924757147032E+002
   1076  6.074411969042194E-006  1.858411948136732E+002
    190  5.984055762551269E-006  3.352213579831744E+001
    486  5.862864455272583E-006  5.898078655703418E+001
    350  5.704608001607138E-006  4.287084402122760E+001
    684  5.515321964337974E-006  1.108055531440044E+002
    527  5.513497841467045E-006  6.211137902133680E+001
    619  5.494917004951714E-006  1.083262496248409E+002
    896  5.427479763211459E-006  1.231967026860033E+002
    903  5.355250360684314E-006  1.249295857950171E+002
    804  5.287490924978532E-006  1.164307012054320E+002
    846  5.226435375489287E-006  1.183733977129572E+002
    812  5.223092754538423E-006  1.169499526914024E+002
    102  5.221322917427500E-006  2.838723287464182E+001
    523  5.215634686611966E-006  6.195141091349550E+001
    922  5.179735429327897E-006  1.267277337836395E+002
    127  5.155160578894746E-006  2.958197907168710E+001
    180  5.080228344236237E-006  3.306959511625761E+001
    634  5.079198926008721E-006  1.087110579745548E+002
    831  5.015230827330227E-006  1.175849164822640E+002
    354  4.977765815192379E-006  4.358717802496741E+001
    907  4.965840274481758E-006  1.254774984052440E+002
    198  4.953115037631786E-006  3.410095577154824E+001
   1061  4.939269444285202E-006  1.338239896777959E+002
    259  4.875280075273735E-006  3.731129763636223E+001
    534  4.842602782319497E-006  6.352992396574133E+001
    632  4.778894095437859E-006  1.086732063917954E+002
    510  4.749751507544450E-006  6.106496915014706E+001
    696  4.745382239356201E-006  1.111110130672436E+002
    233  4.743581112813774E-006  3.536858076063520E+001
    358  4.736797074843295E-006  4.418411045040358E+001
    800  4.714596606357557E-006  1.161811067685375E+002
    664  4.620109848919441E-006  1.095868237421283E+002
    988  4.601577186263306E-006  1.295230022337254E+002
    794  4.535344024715726E-006  1.159299755047292E+002
    963  4.464119553534019E-006  1.284456810480366E+002
    541  4.461498343009947E-006  1.020561485810812E+002
   1002  4.455342724063034E-006  1.301955720736593E+002
     94  4.412226513546445E-006  2.803048707399637E+001
    943  4.384229528495279E-006  1.278255860865938E+002
    722  4.210140907829591E-006  1.121989232781130E+002
    769  4.196431629994482E-006  1.141494817506874E+002
    640  4.179185992352044E-006  1.088027953187827E+002
    591  4.178022530998523E-006  1.073970459895217E+002
    590  4.171473930774566E-006  1.073381491314167E+002
    362  4.112602930590379E-006  4.520209191521082E+001
    175  4.111638375511110E-006  3.282740528695558E+001
    915  4.063683265980398E-006  1.261627872997085E+002
    269  4.021781903772308E-006  3.766609016559832E+001
    927  4.018990519239633E-006  1.271118445081471E+002
    232  4.016261220485290E-006  3.530982942235851E+001
    660  4.001215303459005E-006  1.093929129115852E+002
    746  3.968276665944075E-006  1.128150956859242E+002
    797  3.957441323072631E-006  1.161224071144865E+002
    227  3.919448808279164E-006  3.461221107986133E+001
    822  3.894044089346048E-006  1.173379890193997E+002
    644  3.870367532272619E-006  1.088699046594824E+002
    767  3.817602680878779E-006  1.139787538815297E+002
    692  3.811120561063694E-006  1.109991362888409E+002
   1010  3.775049044654476E-006  1.305150376372933E+002
    942  3.754435786428077E-006  1.277896527703618E+002
    758  3.674993983923202E-006  1.131945788764974E+002
    211  3.671052291495002E-006  3.422885497659050E+001
    408  3.618402521874271E-006  5.368647704938994E+001
     56  3.595475893867109E-006  2.577494999028338E+001
    204  3.585369779991755E-006  3.416741852472765E+001
    776  3.578083477512106E-006  1.150535509847603E+002
    668  3.557899438097920E-006  1.098358517134249E+002
    751  3.557137102200808E-006  1.129352725370382E+002
    509  3.535404072333435E-006  6.104665142125116E+001
    424  3.520091960078626E-006  5.504400290817051E+001
    431  3.507811092963995E-006  5.545822575490884E+001
    813  3.482546059525639E-006  1.170211975618395E+002
    688  3.449025063566143E-006  1.108652117541332E+002
    894  3.444144986664437E-006  1.226855190700912E+002
    796  3.412174183398563E-006  1.160406419035091E+002
    145  3.402431231346304E-006  3.035386176419680E+001
    705  3.347124830702682E-006  1.114879185885843E+002
    732  3.308204510103377E-006  1.124809932511083E+002
    995  3.285814188695654E-006  1.300556822463785E+002
    213  3.237633719136585E-006  3.426923698719692E+001
    968  3.213015933511723E-006  1.287893908307005E+002
    782  3.152405328566432E-006  1.155663554633046E+002
    815  3.137116115580831E-006  1.170844697210597E+002
   1021  3.124084639267621E-006  1.308784400027895E+002
    409  3.123218943296262E-006  5.377950655266745E+001
    990  3.117408095289109E-006  1.297249883032466E+002
    862  3.048343384039693E-006  1.194326389788892E+002
    707  3.037434471766272E-006  1.116484954290111E+002
    627  3.016763296460703E-006  1.085359599099982E+002
    679  2.988901463108983E-006  1.106299731616480E+002
   1073  2.952184277340439E-006  1.355646294676644E+002
    858  2.950688483974340E-006  1.193043137223610E+002
    657  2.924901647946441E-006  1.092680437977900E+002
    228  2.920497787942957E-006  3.465329128304563E+001
    651  2.908812375342914E-006  1.090123807306586E+002
    607  2.890833644920142E-006  1.079782277499060E+002
    173  2.865339044754491E-006  3.267731285541730E+001
    699  2.838807296862789E-006  1.111753891148923E+002
    405  2.809422083399011E-006  5.340951413863353E+001
    923  2.792159153395504E-006  1.267345977181097E+002
    122  2.782561106014918E-006  2.942821875092930E+001
    728  2.759739817692665E-006  1.123911467240560E+002
   1051  2.755775280819290E-006  1.330173846663143E+002
    646  2.753097796623182E-006  1.089039652974663E+002
    913  2.738232655784443E-006  1.260963173315474E+002
   1054  2.691105582487700E-006  1.332101619260334E+002
    994  2.688293051585662E-006  1.299886393654431E+002
    924  2.684465712772495E-006  1.267645350898773E+002
    118  2.658542132819126E-006  2.927665934202001E+001
    601  2.621122096767734E-006  1.078222216339937E+002
    677  2.615803550381527E-006  1.104103779431708E+002
    169  2.566316280989860E-006  3.225245008090104E+001
    618  2.548144089775946E-006  1.083041655146542E+002
    860  2.473203889745661E-006  1.193608179742887E+002
   1043  2.457870111986051E-006  1.320181582363304E+002
    328  2.455563642634694E-006  3.982877398686839E+001
    635  2.452917659715335E-006  1.087402789130293E+002
    715  2.450365815763829E-006  1.119122168057061E+002
   1014  2.428891651420920E-006  1.306579532637773E+002
    496  2.426635067894098E-006  5.977778544840232E+001
    748  2.425182862643771E-006  1.128453459062848E+002
    685  2.401135075136232E-006  1.108208915724099E+002
    530  2.375638093604449E-006  6.265828803408258E+001
    809  2.322145381164700E-006  1.168273457040169E+002
   1077  2.318492968806156E-006  6.189178021453241E+002
    749  2.310784044446453E-006  1.128862829609149E+002
    727  2.267090282791774E-006  1.123838421661365E+002
    615  2.257648306096823E-006  1.081646255451844E+002
    920  2.255220154204149E-006  1.265729199247587E+002
    893  2.240854308716373E-006  1.225899968537864E+002
    936  2.238628539468615E-006  1.275963114471066E+002
     28  2.200914947449437E-006  2.303576073275412E+001
    908  2.194876784647987E-006  1.256350992978881E+002
   1008  2.156241132447402E-006  1.304054287055121E+002
    726  2.129203900079739E-006  1.123280306605216E+002
   1047  2.124845218402809E-006  1.324683504365100E+002
    770  2.076664973318407E-006  1.141655133118217E+002
   1027  2.059014073937838E-006  1.311414239553258E+002
    849  2.027634057487690E-006  1.186556798515274E+002
    614  2.006742384376481E-006  1.081499604581023E+002
    637  1.956089239937232E-006  1.087708716348475E+002
    957  1.953088884050558E-006  1.283224605383935E+002
    663  1.940982271777081E-006  1.095408569103236E+002
    643  1.937859400140907E-006  1.088529165631816E+002
   1069  1.934437411036022E-006  1.347402109836953E+002
    993  1.931846180180607E-006  1.299638892136509E+002
    845  1.916957188940130E-006  1.182722434309271E+002
   1065  1.872859798922276E-006  1.340986810838602E+002
   1004  1.863093919663637E-006  1.302828791464404E+002
    581  1.848920133905028E-006  1.069166383916512E+002
     87  1.818935189674325E-006  2.773505635732142E+001
    626  1.760940406582941E-006  1.085197354965440E+002
    642  1.756230671599355E-006  1.088349318990273E+002
    939  1.731380462911595E-006  1.276788938661296E+002
    960  1.697756123652769E-006  1.283710541965592E+002
    781  1.621778502546571E-006  1.155015502370288E+002
   1035  1.601481942586136E-006  1.315022364948826E+002
    792  1.532900990799014E-006  1.158579110744502E+002
    931  1.528976815953404E-006  1.272754104030811E+002
   1012  1.528469774030813E-006  1.305860585800326E+002
    517  1.512254593356360E-006  6.116283191518230E+001
    135  1.497240081057253E-006  2.990996926970350E+001
     83  1.466209681930361E-006  2.745200449399356E+001
    987  1.463531687855183E-006  1.295218650079724E+002
    824  1.462022084172260E-006  1.173851057796732E+002
    859  1.450996112162319E-006  1.193117826572047E+002
    829  1.435591025066787E-006  1.175434491795728E+002
    996  1.418709837903649E-006  1.300741546440489E+002
   1025  1.389637788371196E-006  1.310823101564250E+002
    669  1.388560526251723E-006  1.098991161820264E+002
    982  1.374241295190521E-006  1.293230544301462E+002
    420  1.361521836897448E-006  5.464265012038360E+001
    638  1.354341379278072E-006  1.087773663504995E+002
    235  1.353104376379709E-006  3.553329683850696E+001
    802  1.327969130137350E-006  1.163074247182627E+002
    747  1.313434214560228E-006  1.128221651622354E+002
    345  1.309849118905708E-006  4.248475366295001E+001
    197  1.305239416527065E-006  3.407091137263039E+001
    500  1.282954991389722E-006  6.016266526055261E+001
    178  1.281230790818939E-006  3.291892583427273E+001
   1058  1.251664975580960E-006  1.334381531708862E+002
    710  1.248098548830089E-006  1.117114283703663E+002
    978  1.233523666904415E-006  1.291764873003617E+002
    572  1.226109740460566E-006  1.066354688575440E+002
    761  1.194763658538632E-006  1.134019555363662E+002
    203  1.185986841930568E-006  3.415596231316062E+001
    469  1.163574489914073E-006  5.857260373695996E+001
    874  1.155705084595701E-006  1.206463359037059E+002
    778  1.113008437509118E-006  1.153062331743218E+002
    828  1.080313056981146E-006  1.175132070682912E+002
    839  1.065460720816507E-006  1.178451551754228E+002
    268  1.056766086489406E-006  3.765614789507087E+001
    200  1.040115210208223E-006  3.413076352937113E+001
    388  1.025932055684725E-006  4.916519389587509E+001
    852  1.005720996731055E-006  1.189308904937423E+002
    545  1.005377945080053E-006  1.038885725205099E+002
    667  9.920683618409200E-007  1.098231148083649E+002
    706  9.816446977075248E-007  1.115644797142602E+002
    879  9.778839303711444E-007  1.208628531744268E+002
    764  9.761579067398016E-007  1.137269990775531E+002
     93  9.761511754524781E-007  2.801831476528660E+001
    675  9.713042846935593E-007  1.101932688761904E+002
    951  9.695237618736803E-007  1.282127111215003E+002
    703  9.653052426753746E-007  1.113359924967504E+002
    140  9.469797228251474E-007  3.002380690834687E+001
    490  9.415129494198148E-007  5.909746584665749E+001
    603  9.350100659640698E-007  1.078480909052838E+002
    949  9.128204583699767E-007  1.280833568476082E+002
    961  9.067278718033131E-007  1.283826108536399E+002
    369  8.943097771414133E-007  4.556664797594529E+001
    840  8.521897935065706E-007  1.179674198090055E+002
    428  8.316732290747199E-007  5.539697768550786E+001
    814  8.282332200530589E-007  1.170571282096026E+002
    869  8.124590898912852E-007  1.201465244096069E+002
    906  8.036248463660676E-007  1.253859334012492E+002
   1049  7.978789652172577E-007  1.325964910892840E+002
    599  7.940868308169233E-007  1.077354408464688E+002
    506  7.888903849785688E-007  6.092479484159845E+001
    888  7.767583111053678E-007  1.215384892766490E+002
    222  7.763094736517087E-007  3.444665555523785E+001
    172  7.760221207660131E-007  3.254695536480502E+001
    704  7.700047927294036E-007  1.114088220449556E+002
    701  7.656506192394047E-007  1.112655741498095E+002
    933  7.603952479674104E-007  1.272967505112425E+002
    720  7.541197871973287E-007  1.121496181246094E+002
    263  7.327742504106869E-007  3.756851288337069E+001
    980  7.303275279017577E-007  1.292322903638887E+002
    739  7.134001283765321E-007  1.126267264275300E+002
    111  7.025764010554855E-007  2.891758955889047E+001
    820  6.988438456181958E-007  1.173160626674297E+002
    714  6.926063440048118E-007  1.118865310298163E+002
    959  6.920142621280049E-007  1.283643788123119E+002
    315  6.897112318705163E-007  3.946262277995078E+001
    818  6.875742159715717E-007  1.172202887178189E+002
    935  6.794996697653791E-007  1.274477748704804E+002
    223  6.791608822759534E-007  3.452101188794168E+001
    524  6.599179569630541E-007  6.196836567938324E+001
    219  6.523527906599127E-007  3.435584966495736E+001
    606  6.451333986656532E-007  1.079754075340127E+002
    586  6.388921244034824E-007  1.072414988471015E+002
    946  6.262559625588542E-007  1.279201366409634E+002
    768  6.251916777818190E-007  1.140511281344195E+002
    146  6.234689293630363E-007  3.038455959742199E+001
    772  6.188854214177605E-007  1.144444014986270E+002
    866  6.097966063275187E-007  1.198737679274225E+002
    562  5.804273468774229E-007  1.058125905236654E+002
    901  5.694833473207541E-007  1.246352700151236E+002
    270  5.624261291874485E-007  3.767493462479421E+001
   1030  5.524502028752992E-007  1.313677884464318E+002
    266  5.418825291806825E-007  3.763404507858488E+001
    786  5.395288220428405E-007  1.156679892855772E+002
    798  5.378330614349447E-007  1.161233232814441E+002
    717  5.179976407494872E-007  1.119901298340990E+002
    752  5.097826316959254E-007  1.129825416205730E+002
    986  4.948417544270705E-007  1.294778988001748E+002
    830  4.924135079997451E-007  1.175448785112390E+002
    723  4.919851326744345E-007  1.122249597820348E+002
   1050  4.852075890598970E-007  1.326682006609648E+002
    662  4.765838316454176E-007  1.094304874643061E+002
    779  4.753499322662349E-007  1.153237642854880E+002
    965  4.696870891295422E-007  1.286084743618769E+002
   1023  4.633719936583059E-007  1.309907545973144E+002
    805  4.571836341277523E-007  1.165442309434909E+002
    953  4.478300991375047E-007  1.282835790234384E+002
   1059  4.404245382640760E-007  1.335352794510990E+002
    841  4.337765656123571E-007  1.180046875638410E+002
    834  4.253903183974039E-007  1.176651591794238E+002
    252  4.164523880998894E-007  3.681481496629917E+001
    912  4.068335616501662E-007  1.259977317017505E+002
    941  4.058536341907667E-007  1.277239710636116E+002
    811  4.029682299267741E-007  1.169131613251637E+002
    149  3.979318546924220E-007  3.064428879965062E+001
    734  3.941030110679203E-007  1.125227414297757E+002
    882  3.876344968644423E-007  1.212606419968792E+002
    857  3.862461548228546E-007  1.192977858717030E+002
    766  3.824667300464229E-007  1.138313497862233E+002
    985  3.644309016920706E-007  1.294454523269476E+002
    756  3.500047555914032E-007  1.131019348749128E+002
    876  3.461514602080359E-007  1.207338716680959E+002
    182  3.404564979303700E-007  3.313118961536368E+001
    629  3.308766231925097E-007  1.086436456014825E+002
     47  3.151638717365387E-007  2.514695584094496E+001
    718  3.024603976344367E-007  1.120307816427976E+002
    833  2.990826996439400E-007  1.176450554682990E+002
    914  2.931441425580060E-007  1.261343003660832E+002
    647  2.884628034741916E-007  1.089204596390746E+002
   1037  2.881859289362904E-007  1.316166834102353E+002
    735  2.597767880680305E-007  1.125422257639707E+002
    788  2.495281515524418E-007  1.157595566872355E+002
    653  2.486736607244814E-007  1.090926521840726E+002
    750  2.345823760279111E-007  1.128980084302201E+002
    817  2.279119756512434E-007  1.171745914510001E+002
    878  2.256774057463527E-007  1.208553192243232E+002
    867  2.239224054406089E-007  1.199420338065019E+002
    895  2.136030336841364E-007  1.231922658586809E+002
    775  2.045358506707433E-007  1.149447083106751E+002
    905  2.031170968451721E-007  1.252963463377060E+002
    763  1.989817345111779E-007  1.136578287383470E+002
    791  1.892154039678170E-007  1.158399885308925E+002
     26  1.877621958479884E-007  2.275577786050195E+001
    650  1.817894677509571E-007  1.090061273622073E+002
    195  1.774305760360028E-007  3.399004655216064E+001
    925  1.741975227844319E-007  1.268943605090481E+002
    889  1.672419070455989E-007  1.221096476933091E+002
    851  1.671321004588985E-007  1.189105890777936E+002
    837  1.647417247756819E-007  1.177814246314451E+002
    964  1.608199142883252E-007  1.284811881676410E+002
    737  1.572395792134914E-007  1.125716601108342E+002
    999  1.558679061406250E-007  1.301340763851820E+002
   1003  1.525446892275977E-007  1.302792324598297E+002
    819  1.513473269626941E-007  1.172617623112352E+002
    864  1.366378713016335E-007  1.195154318953015E+002
   1015  1.360977656119279E-007  1.306693309857935E+002
    729  1.343258326216202E-007  1.124070412533170E+002
    870  1.335053895302473E-007  1.203621491035894E+002
    139  1.304434345506658E-007  3.001327528760398E+001
    759  1.297897990410579E-007  1.132523759465808E+002
    482  1.254635174513838E-007  5.890508639424976E+001
    612  1.229111487292079E-007  1.080838271474082E+002
    904  1.194155902166467E-007  1.250437756508075E+002
    556  1.191871917541146E-007  1.053074591696642E+002
    373  1.112864888127144E-007  4.573517441489172E+001
    969  1.111925120080356E-007  1.288232913140608E+002
    743  1.017413300150082E-007  1.126739704882794E+002
    891  9.257314212337526E-008  1.222344606190913E+002
    693  8.502411670200588E-008  1.110198391814811E+002
    580  8.163959506635656E-008  1.069063882425304E+002
     59  8.107397071841471E-008  2.608228483109795E+001
    273  7.788923382756762E-008  3.771236202405859E+001
    600  7.745571699670355E-008  1.078192567961393E+002
    884  7.563054470469057E-008  1.212913619330936E+002
    652  7.343179276524696E-008  1.090805000764319E+002
    265  6.997361458878171E-008  3.762418150997995E+001
    971  6.984286836775212E-008  1.289111652451389E+002
    286  6.642800218847252E-008  3.806107114689090E+001
    620  6.353713456414690E-008  1.083700393844588E+002
    287  5.902158342580731E-008  3.806334999222836E+001
    598  5.860662930320906E-008  1.077082259858063E+002
    853  5.164724198482219E-008  1.189950762444425E+002
    406  4.804845593895149E-008  5.347162595814701E+001
    850  4.787191324071534E-008  1.188640670964077E+002
    363  4.672133712353457E-008  4.523665715266514E+001
    495  3.152623956933347E-008  5.971063876484735E+001
    856  3.077503988063403E-008  1.192407591408727E+002
    129  2.713605160253824E-008  2.967722940199728E+001
    711  2.536973654984070E-008  1.117833092223069E+002
    731  2.489100546405687E-008  1.124795031346507E+002
    443  2.431292433688162E-008  5.615506371008289E+001
    628  2.326069444579661E-008  1.085999071252231E+002
   1007  2.279090678759381E-008  1.303971511397991E+002
   1056  1.163577334256585E-008  1.332822863268028E+002
    881  1.019205221522693E-008  1.212001054655417E+002
    124  8.566539502463607E-009  2.953039329658957E+001
    353  7.531531989422615E-009  4.354452657935016E+001
    900  7.445478125730558E-009  1.240255399934555E+002
    801  7.185509751249180E-009  1.162412158177078E+002
    753  6.974185195855037E-009  1.130399909728984E+002
    861  6.903524951691546E-009  1.193618968506130E+002
    955  6.129024793851021E-009  1.283043098504922E+002
    533  4.904614665653302E-009  6.344214913117692E+001
    806  4.478190876451965E-009  1.165904998677036E+002
    488  4.078221976037425E-009  5.904214899548738E+001
    141  4.044793327086234E-009  3.005205957969120E+001
    823  3.907303470710510E-009  1.173434151863991E+002
    847  3.515943173011114E-009  1.183795327778256E+002
    498  3.445593910012886E-009  6.006055704270973E+001
    974  3.212750821414273E-009  1.290391941684268E+002
    956  2.791927666601596E-009  1.283075816024711E+002
    773  2.664113752728528E-009  1.146041296786391E+002
   1019  2.484461303484801E-009  1.307856127904329E+002
    740  1.645310961833984E-009  1.126281679605138E+002
    499  1.083589178772529E-009  6.010190034988052E+001
    501  9.970154953851047E-010  6.025540211442135E+001
    885  7.941686088259031E-010  1.213849358963692E+002
    736  4.218339397959009E-010  1.125700463249535E+002
   1024  4.006349897001118E-010  1.310472886139475E+002
    872  5.184978970402908E-013  1.204992644439996E+002
