# Number of modes
   1077
# Tabulated for different initial and final frequencies?
    F
# Mode index, Sj, (highest to lowest), omega_j
    547  1.767729745593681E-001  1.040413527560943E+002
      7  4.425322538854080E-002  1.598850297870253E+001
     23  2.314995415056589E-002  2.160694502786773E+001
      8  2.172621950761218E-002  1.603898235084092E+001
    384  2.131416424530696E-002  4.693482184770667E+001
     24  1.800186463760380E-002  2.165827626673025E+001
     38  1.621996135639522E-002  2.415274881711009E+001
    418  1.485590283405095E-002  5.440760214654593E+001
    546  1.334811492068200E-002  1.038908634804570E+002
    298  1.078656331982803E-002  3.860785506393049E+001
     64  1.006423428888567E-002  2.637954322898939E+001
    544  9.371157056039333E-003  1.037287728441322E+002
    454  9.195834663894493E-003  5.753531790534946E+001
    114  9.151287224396962E-003  2.903390568794284E+001
    531  8.672973246368388E-003  6.280622541285696E+001
    551  8.554868764442402E-003  1.044758850995860E+002
     18  7.632362004745029E-003  2.124694793769305E+001
    549  7.376830158191267E-003  1.043755820157491E+002
    537  7.359075620461567E-003  7.348438751630307E+001
    300  6.717644573713312E-003  3.871033423098082E+001
    554  6.716156190423918E-003  1.048978551747549E+002
    458  6.702294123105510E-003  5.780961640938520E+001
     27  6.389262529363833E-003  2.288948685305089E+001
     58  6.025330649064094E-003  2.603619761911758E+001
     65  5.785555616517525E-003  2.645533186342116E+001
    301  5.759081867754789E-003  3.874125966254066E+001
      5  4.667669789139939E-003  1.580375607842547E+001
    456  4.520074566379709E-003  5.758475825352298E+001
     31  4.376417320430778E-003  2.349957735236975E+001
    539  4.353696836926984E-003  1.004038214764926E+002
    390  4.149726566632882E-003  4.930034545373515E+001
     14  4.040384787963817E-003  2.047451167645159E+001
    436  3.997615237428579E-003  5.562240782737462E+001
    297  3.870089824112858E-003  3.850412000814609E+001
    430  3.736045471002542E-003  5.544226538226409E+001
    248  3.610708103347024E-003  3.617742791171408E+001
      1  3.494769214000557E-003  1.480943860687432E+001
    330  3.203981687107870E-003  4.000719691328421E+001
    344  3.162068158418894E-003  4.229281490750487E+001
    592  3.142070834600024E-003  1.074010896433819E+002
    199  3.081959688460390E-003  3.411214171315592E+001
     70  3.056960726293917E-003  2.683332853591699E+001
    505  3.043262963440254E-003  6.089365906344585E+001
     16  2.985193476214605E-003  2.083990463296455E+001
     20  2.983997982569874E-003  2.146722812704134E+001
    294  2.907913183502596E-003  3.844005427068350E+001
     71  2.863683791543658E-003  2.691074291878593E+001
    182  2.666326923746721E-003  3.313118961536368E+001
    258  2.569178640067641E-003  3.725675246841864E+001
    142  2.560541723060837E-003  3.011700635419402E+001
    293  2.556489219784526E-003  3.840315559517953E+001
    229  2.548384469553913E-003  3.477639317683153E+001
    477  2.508281511290794E-003  5.875439662154096E+001
    536  2.397010880695446E-003  7.244369170766353E+001
    445  2.379565793236000E-003  5.650985963977887E+001
    207  2.322326569279909E-003  3.419271829752626E+001
     11  2.294515344793295E-003  1.771447447329438E+001
   1055  2.289351521326062E-003  1.332315483337306E+002
    524  2.273488359078612E-003  6.196836567938324E+001
    533  2.257906077494549E-003  6.344214913117692E+001
    255  2.233618276318748E-003  3.705801266502003E+001
    434  2.160310067050262E-003  5.556859477681133E+001
    450  2.123534906955818E-003  5.723022636777802E+001
    460  2.104726273209370E-003  5.821511818989060E+001
    425  2.084314797416363E-003  5.512885982268182E+001
    386  2.061761722963041E-003  4.778448827008048E+001
     85  2.013880647471061E-003  2.757726243328665E+001
    530  2.000085820884676E-003  6.265828803408258E+001
    245  1.918118641887185E-003  3.584895809931362E+001
    347  1.893559874746661E-003  4.251894246220620E+001
   1058  1.885591647324249E-003  1.334381531708862E+002
     33  1.878311429410755E-003  2.387502434282544E+001
   1053  1.856290443027176E-003  1.331993000158318E+002
   1072  1.844813368454963E-003  1.354275255218108E+002
   1075  1.723545966515397E-003  1.852007864492208E+002
     95  1.720036903189748E-003  2.806113631432304E+001
    482  1.693110285017985E-003  5.890508639424976E+001
    308  1.685657690188866E-003  3.924824416979163E+001
    161  1.638878648855079E-003  3.141544799468193E+001
    274  1.579330115359397E-003  3.771469066363962E+001
     21  1.504377407425830E-003  2.149552581175353E+001
    306  1.467829039611694E-003  3.922583615449084E+001
    241  1.450628069985018E-003  3.573178726353736E+001
    212  1.447383880349016E-003  3.425448747044050E+001
    251  1.408147508176290E-003  3.670193646720268E+001
    954  1.388040429814978E-003  1.282848493157465E+002
     36  1.378374736643672E-003  2.408548968715760E+001
     66  1.376853088268061E-003  2.653041695388611E+001
    475  1.359359335989247E-003  5.870955367754343E+001
    487  1.350693885299444E-003  5.901096182276392E+001
    385  1.341097839818481E-003  4.744969147605799E+001
    393  1.334970596646045E-003  5.117422678475859E+001
    491  1.320528722009483E-003  5.916484178919298E+001
    422  1.313584303355745E-003  5.478392604221921E+001
    186  1.293775310701968E-003  3.335079910483972E+001
    183  1.285693101269530E-003  3.317747871488443E+001
    295  1.274148202807666E-003  3.844649820311862E+001
    348  1.249012671763289E-003  4.278252907839931E+001
    249  1.243370245000381E-003  3.643158917315001E+001
    202  1.237899717655948E-003  3.414693728338715E+001
    230  1.234360014210024E-003  3.507000892128892E+001
   1048  1.228435080044323E-003  1.325281096806480E+002
    427  1.210378037340964E-003  5.530625255614972E+001
    378  1.205194481748219E-003  4.609481655347708E+001
   1066  1.182646430941328E-003  1.341339055776214E+002
   1038  1.174346697645239E-003  1.317153469634680E+002
     60  1.166572780205878E-003  2.612817271153773E+001
    131  1.164760627590863E-003  2.976719894627799E+001
    279  1.133760828793211E-003  3.776291602598710E+001
    433  1.130757483605194E-003  5.552394895078822E+001
     97  1.103193418032124E-003  2.809615145046481E+001
    686  1.093621211115346E-003  1.108321598991433E+002
    911  1.043232057939424E-003  1.258968376271585E+002
   1050  1.026827625657665E-003  1.326682006609648E+002
    291  1.018538184941988E-003  3.834865717601958E+001
    282  1.004710405884839E-003  3.781601762519486E+001
     35  9.964624510769215E-004  2.406163852032448E+001
    192  9.889340824274339E-004  3.373139183933635E+001
    383  9.836220675540225E-004  4.665506804468283E+001
   1001  9.814476294304471E-004  1.301907504163165E+002
    158  9.440021563272774E-004  3.138637587596471E+001
    100  9.411540951290386E-004  2.814590236831992E+001
     74  9.213259436253731E-004  2.706787664592100E+001
     67  9.203033908551558E-004  2.663955326886673E+001
    103  9.106781887276115E-004  2.854698030319213E+001
    133  9.099626048597748E-004  2.980777525245198E+001
    188  9.051150342364309E-004  3.343297855491465E+001
     55  8.942978165322906E-004  2.564739582447731E+001
    669  8.912225289417579E-004  1.098991161820264E+002
    292  8.822826586611756E-004  3.837765227419467E+001
    778  8.771846602631545E-004  1.153062331743218E+002
    331  8.701564439497983E-004  4.033978069592825E+001
     43  8.639630516198356E-004  2.485090944939308E+001
    221  8.248767361545881E-004  3.444064242877499E+001
   1071  8.216066895530073E-004  1.353191143310252E+002
    403  8.210916635708828E-004  5.332276567118551E+001
    489  8.178622176487897E-004  5.906665573291085E+001
    106  8.079877835580066E-004  2.873147041157064E+001
    272  8.042639374617883E-004  3.770876893490352E+001
    611  7.998710556926135E-004  1.080609110523806E+002
    421  7.801756997410597E-004  5.469982084171487E+001
     46  7.789562651867902E-004  2.508968851186969E+001
    299  7.730087678726796E-004  3.861147003050849E+001
    236  7.713861587078398E-004  3.558504171265294E+001
    926  7.642574042347952E-004  1.269935099435139E+002
    105  7.596387103256755E-004  2.872870804936272E+001
    535  7.550113495974817E-004  7.234684016852472E+001
    138  7.399095336212606E-004  2.998810658959070E+001
    143  7.355669744662883E-004  3.021552765862468E+001
   1060  7.257528204778078E-004  1.336329109810919E+002
    503  7.220222371640570E-004  6.062899617907863E+001
   1024  7.145293012005028E-004  1.310472886139475E+002
   1052  7.143940248782915E-004  1.330891459743712E+002
    593  7.126728334222496E-004  1.074633420950339E+002
     54  7.107800376716753E-004  2.537118147105558E+001
     52  7.061414925761731E-004  2.532370304309600E+001
    320  7.029725554580562E-004  3.958466091098631E+001
     32  7.012565670014768E-004  2.386019687247388E+001
    391  6.821108074272122E-004  4.935295074539214E+001
    550  6.725352745469910E-004  1.044255141670578E+002
    101  6.696463917302013E-004  2.816121926613436E+001
    134  6.661538374954717E-004  2.989081555609098E+001
    417  6.584796649262510E-004  5.432386496665636E+001
    184  6.582122113146589E-004  3.328145954751520E+001
    689  6.523229310426487E-004  1.108992280227757E+002
   1044  6.430473500588388E-004  1.320835593454495E+002
   1064  6.405461584821967E-004  1.339182935247794E+002
    160  6.354795984811353E-004  3.140287364756382E+001
    519  6.352818746638606E-004  6.116666091909611E+001
    438  6.343870250235178E-004  5.568774314714533E+001
    273  6.259479087825255E-004  3.771236202405859E+001
     92  6.089533188794048E-004  2.796966533379813E+001
     89  6.087246786242730E-004  2.787565477396676E+001
   1016  6.027182808113254E-004  1.306784011483153E+002
    873  5.950818125918940E-004  1.205400953636918E+002
    215  5.929326732419394E-004  3.430912489816387E+001
   1067  5.918601636599801E-004  1.341872351276505E+002
    835  5.890084225458917E-004  1.176766134664512E+002
    232  5.865342456449652E-004  3.530982942235851E+001
    196  5.821608169301758E-004  3.402217963204272E+001
    379  5.785184485057509E-004  4.610002508350383E+001
    218  5.781668016991542E-004  3.434087154455664E+001
     57  5.726786429783125E-004  2.601044601303876E+001
    151  5.726348821455760E-004  3.097448214004631E+001
    650  5.695248360742521E-004  1.090061273622073E+002
    281  5.679805896646563E-004  3.778222215271058E+001
    246  5.675907727757050E-004  3.612200287477440E+001
   1020  5.663470534518216E-004  1.308300137670077E+002
    239  5.650543797699526E-004  3.564788119351169E+001
     83  5.510218657151244E-004  2.745200449399356E+001
    357  5.462821176565383E-004  4.413715889769129E+001
    213  5.433122089825037E-004  3.426923698719692E+001
    998  5.385966418088217E-004  1.301241144683907E+002
    352  5.362306185607937E-004  4.345183818831803E+001
    266  5.362107384155664E-004  3.763404507858488E+001
    153  5.347697694631132E-004  3.119128674334460E+001
     91  5.321692828486120E-004  2.795709450840539E+001
    283  5.304008959915346E-004  3.781664732037148E+001
     34  5.295568459097181E-004  2.394870774261297E+001
    359  5.264958453335956E-004  4.440820660542785E+001
   1074  5.238535973626424E-004  1.357832717908243E+002
    206  5.224799154701833E-004  3.418711639611698E+001
    504  5.212059014764079E-004  6.073767201700102E+001
    973  5.210710011495878E-004  1.290303348922233E+002
    564  5.161131848169968E-004  1.059223740174141E+002
    156  5.141970982748046E-004  3.133959801814033E+001
     42  5.102382115646671E-004  2.442065503900721E+001
    618  5.091959105908299E-004  1.083041655146542E+002
    195  5.088375885797408E-004  3.399004655216064E+001
    724  5.079900840587318E-004  1.122474317356576E+002
    760  5.075875727709514E-004  1.133648679091437E+002
    843  5.070988638355094E-004  1.181049125326048E+002
    325  5.067605914448577E-004  3.979678053884171E+001
    404  5.046750018765162E-004  5.332919471058649E+001
    360  5.031936340131172E-004  4.501412031898634E+001
    440  5.029145987595011E-004  5.589934491235444E+001
    442  5.014728031265196E-004  5.605259237502305E+001
    116  4.854282355680524E-004  2.910094471225916E+001
    401  4.800792143985772E-004  5.310952948046032E+001
     62  4.800211705356939E-004  2.630569023157911E+001
   1036  4.795255364947896E-004  1.315563975924429E+002
      3  4.766451133413249E-004  1.530095081680193E+001
    141  4.766271425283292E-004  3.005205957969120E+001
    733  4.752323845046845E-004  1.125211996768446E+002
    989  4.703565929667826E-004  1.296856498562064E+002
   1032  4.683802630827145E-004  1.314270448258869E+002
    493  4.621469378107635E-004  5.956939432616837E+001
    237  4.555943045618005E-004  3.561350513334219E+001
    717  4.531681178222643E-004  1.119901298340990E+002
    109  4.471476390491338E-004  2.888359254004277E+001
    168  4.447290869227913E-004  3.223239881301075E+001
    981  4.425319595097381E-004  1.292686845988868E+002
    545  4.369532881182556E-004  1.038885725205099E+002
    588  4.359685039231885E-004  1.072780161282308E+002
    174  4.342030146527187E-004  3.277024257542895E+001
     37  4.318876425116179E-004  2.413005277682491E+001
    150  4.306715510265128E-004  3.095380367517388E+001
    338  4.304857695678957E-004  4.143596746217444E+001
    810  4.291823781134369E-004  1.168542717379606E+002
    144  4.260786345783854E-004  3.023024488043693E+001
    121  4.219887618545507E-004  2.937009161569695E+001
    309  4.212024389739538E-004  3.929268620446922E+001
     86  4.135231380353009E-004  2.760340701365068E+001
    449  4.092096758056057E-004  5.713782918039372E+001
    336  4.091268409078164E-004  4.106442919982931E+001
      6  4.078391964353662E-004  1.593905863128156E+001
    892  4.078379902758425E-004  1.223146913863671E+002
    741  4.052348551045185E-004  1.126383251241469E+002
    163  4.040435760059431E-004  3.148605603035891E+001
    409  4.037359787783174E-004  5.377950655266745E+001
    560  4.013311909199996E-004  1.057397922085461E+002
   1022  3.890552129491697E-004  1.309570316227355E+002
    745  3.837869597572661E-004  1.127541380335163E+002
     68  3.826320293760129E-004  2.665958995788216E+001
    432  3.777595970612810E-004  5.551253331854516E+001
    514  3.759871567703556E-004  6.112143562944963E+001
    319  3.740691665268889E-004  3.955367029075058E+001
     48  3.735553011723860E-004  2.521050943974308E+001
    130  3.712961381544467E-004  2.969026097336859E+001
    332  3.701894687720017E-004  4.036182328117159E+001
    868  3.692005294071271E-004  1.199994649602093E+002
    517  3.686353899112732E-004  6.116283191518230E+001
   1011  3.671066885478608E-004  1.305590563134582E+002
    623  3.635360311189598E-004  1.084311616311891E+002
    303  3.621726183374054E-004  3.891633174738261E+001
    327  3.616497037012161E-004  3.980649710729982E+001
   1034  3.593073779899012E-004  1.314975717016592E+002
      9  3.579884764019141E-004  1.615282072713023E+001
    312  3.575496623905251E-004  3.940338989709551E+001
    498  3.532127771442272E-004  6.006055704270973E+001
    402  3.510173418888613E-004  5.323403324336612E+001
     30  3.478862113576263E-004  2.339033246897357E+001
     96  3.466922914420102E-004  2.807603105873968E+001
    326  3.454169190618545E-004  3.980074663620405E+001
    382  3.447623354065114E-004  4.661435463500721E+001
    658  3.442342729980566E-004  1.092752908733605E+002
     10  3.416473030972594E-004  1.630017574824609E+001
    991  3.416225211191247E-004  1.298309517843196E+002
    389  3.410068793988067E-004  4.924612888004685E+001
    219  3.388843776084764E-004  3.435584966495736E+001
    419  3.369659729018246E-004  5.447434435004674E+001
    193  3.367152000876433E-004  3.387383688791338E+001
    548  3.361302189410962E-004  1.041098140943872E+002
    356  3.331601372250529E-004  4.399929676237998E+001
      4  3.317589784021001E-004  1.555889535187236E+001
    570  3.299236714951313E-004  1.064458450110351E+002
    676  3.296129721064034E-004  1.102968009656115E+002
    115  3.255092855473657E-004  2.908676806680809E+001
    180  3.253043603865120E-004  3.306959511625761E+001
    875  3.242632110776313E-004  1.206504418490652E+002
    104  3.201903760441433E-004  2.863475114667724E+001
    214  3.190910981818893E-004  3.429158842681225E+001
    466  3.157439638201493E-004  5.848631456847294E+001
    426  3.150726841796629E-004  5.521112029631625E+001
    451  3.103066256181324E-004  5.726939793781466E+001
    189  3.076536122060029E-004  3.348575581421191E+001
    540  3.063884681887002E-004  1.019596674086986E+002
    673  3.060518805279455E-004  1.101090602242966E+002
    486  3.057086707975261E-004  5.898078655703418E+001
    947  3.054137075343324E-004  1.280025795512814E+002
     78  3.025672561918329E-004  2.724001953302053E+001
    731  3.017946411341795E-004  1.124795031346507E+002
     44  2.957289366304554E-004  2.487547588775838E+001
    844  2.917756751090959E-004  1.182236522024691E+002
    288  2.906253127711202E-004  3.825168870868715E+001
    825  2.797526357446551E-004  1.174155068731360E+002
    394  2.793053799958479E-004  5.275338077531283E+001
    377  2.783624206619982E-004  4.580996274485975E+001
    555  2.778340348465522E-004  1.049505825405343E+002
    898  2.778205216712879E-004  1.236287338505038E+002
     84  2.764616927454127E-004  2.748397341497807E+001
    659  2.759427700998955E-004  1.093169473413985E+002
     40  2.741415113027424E-004  2.429142631572386E+001
    324  2.731897710278758E-004  3.965813849875591E+001
    967  2.721848416007561E-004  1.287730879251822E+002
   1041  2.708332531215587E-004  1.318604688563310E+002
    136  2.678379608898616E-004  2.995197020395121E+001
    169  2.676015592431043E-004  3.225245008090104E+001
    289  2.669113226384104E-004  3.832422991649202E+001
     79  2.621339977886913E-004  2.728143790603452E+001
   1026  2.596655590731702E-004  1.310988308446859E+002
   1057  2.590348125628836E-004  1.332882698940204E+002
    838  2.561829282233542E-004  1.178077045912047E+002
    405  2.540745938879671E-004  5.340951413863353E+001
    848  2.537840569549635E-004  1.185512117490796E+002
    725  2.521502959638062E-004  1.122622575126908E+002
    154  2.454035607736672E-004  3.128025029310897E+001
    462  2.450902287220226E-004  5.834568949164402E+001
    381  2.447319770865750E-004  4.623753374880091E+001
    497  2.441197517523844E-004  5.984833423050026E+001
    125  2.431371493868258E-004  2.955205187993630E+001
    661  2.425601857972643E-004  1.094040232551639E+002
    155  2.399021414732899E-004  3.129077640287002E+001
     29  2.371501869121656E-004  2.304600720746813E+001
    516  2.358103082607741E-004  6.114879167768425E+001
   1069  2.356448381710558E-004  1.347402109836953E+002
    609  2.346068633928643E-004  1.080529774194348E+002
    317  2.267394665308808E-004  3.952108816795088E+001
    329  2.263122589754061E-004  3.994917835777716E+001
    395  2.260674680039230E-004  5.279005865968511E+001
    749  2.247148651569443E-004  1.128862829609149E+002
    617  2.222805503791187E-004  1.082069188907082E+002
    176  2.189821280730822E-004  3.283702642513862E+001
    187  2.177250903095021E-004  3.338593491458187E+001
    565  2.172115516392569E-004  1.059848591127986E+002
    304  2.169548061654647E-004  3.902642388250331E+001
    795  2.163259697609431E-004  1.159446042090269E+002
    302  2.155174481434054E-004  3.874867387838012E+001
    573  2.134808173411684E-004  1.066520968004064E+002
    774  2.123220526904389E-004  1.147299018357027E+002
    962  2.120956776904934E-004  1.284190833846668E+002
    149  2.118161201338083E-004  3.064428879965062E+001
    768  2.109918240612429E-004  1.140511281344195E+002
    191  2.107728050099273E-004  3.372798248811258E+001
    831  2.102963691375180E-004  1.175849164822640E+002
    582  2.097069594505618E-004  1.069886979669129E+002
    444  2.080127769599278E-004  5.640873014994138E+001
    305  2.069349743350246E-004  3.919092577852600E+001
    955  2.054670227149060E-004  1.283043098504922E+002
    307  2.035944032112668E-004  3.924418415703018E+001
   1000  2.003900068923873E-004  1.301375093272533E+002
    431  1.966906122606805E-004  5.545822575490884E+001
   1070  1.960981608645645E-004  1.350535885837313E+002
    958  1.948803907511650E-004  1.283326337970340E+002
    553  1.943437300041808E-004  1.045844149005738E+002
    208  1.938037993704970E-004  3.420400517096608E+001
     17  1.930747874751245E-004  2.091913438766164E+001
    930  1.907187937442558E-004  1.272550109882912E+002
    126  1.895103973195349E-004  2.957864372821811E+001
    607  1.890561951715349E-004  1.079782277499060E+002
    631  1.851520846759025E-004  1.086593678715634E+002
    886  1.841682500356681E-004  1.214498350996194E+002
    847  1.836604354939140E-004  1.183795327778256E+002
    863  1.833437502749630E-004  1.194780899982511E+002
    314  1.833345406468247E-004  3.944402428691944E+001
    231  1.819577133185140E-004  3.529195130720404E+001
    785  1.814951629323713E-004  1.156515149006221E+002
    118  1.807953170724510E-004  2.927665934202001E+001
   1009  1.805352211007154E-004  1.304609142394732E+002
    552  1.790266499276082E-004  1.045004516183760E+002
    120  1.782201139951490E-004  2.935022978395871E+001
    333  1.758086337458911E-004  4.050570323460023E+001
    543  1.757024187740308E-004  1.026098663261161E+002
    387  1.749415803461596E-004  4.845493173747810E+001
    127  1.739587311556029E-004  2.958197907168710E+001
    626  1.729819243709691E-004  1.085197354965440E+002
     75  1.726314066117869E-004  2.717284531466260E+001
     50  1.725807480234433E-004  2.524792740229145E+001
    542  1.725183996937738E-004  1.021380905135569E+002
    563  1.725029123357278E-004  1.058622417292547E+002
    909  1.685125317094461E-004  1.256671150468244E+002
    334  1.676522435110267E-004  4.055961280242965E+001
    340  1.675019992638803E-004  4.203744443197692E+001
    836  1.672191553940446E-004  1.177792466123822E+002
    110  1.668689655446783E-004  2.890337161783228E+001
    502  1.665453549416498E-004  6.033057478557798E+001
    275  1.650603706063894E-004  3.771871208633355E+001
    527  1.648955249839354E-004  6.211137902133680E+001
     73  1.630753398176969E-004  2.704395448663374E+001
    678  1.618610761749468E-004  1.105298402911861E+002
    495  1.615050872623957E-004  5.971063876484735E+001
     28  1.607145639766856E-004  2.303576073275412E+001
    253  1.590466699454419E-004  3.690338042035397E+001
    561  1.586860125668199E-004  1.057823475786052E+002
    177  1.582295839153614E-004  3.286305119332699E+001
    702  1.570195653248021E-004  1.112791472783473E+002
    107  1.560650572365657E-004  2.880093649968087E+001
    571  1.549914233115511E-004  1.065760725477823E+002
    824  1.548824085820424E-004  1.173851057796732E+002
    152  1.547426891460975E-004  3.107793476288124E+001
     69  1.541143765660181E-004  2.667931486079132E+001
    737  1.537483053997032E-004  1.125716601108342E+002
    311  1.536343026963216E-004  3.939193935233331E+001
    521  1.531442049046645E-004  6.120499406654021E+001
    257  1.512621999060658E-004  3.716053985696894E+001
    261  1.503396213171576E-004  3.751537038816641E+001
    706  1.498852212206281E-004  1.115644797142602E+002
    870  1.496608053507153E-004  1.203621491035894E+002
     15  1.487442096371770E-004  2.077312965636918E+001
    492  1.469718810856958E-004  5.919740097208313E+001
    842  1.465630072195343E-004  1.180365480395604E+002
   1008  1.457942791136502E-004  1.304054287055121E+002
    938  1.449865597759583E-004  1.276246332177813E+002
    147  1.449711856345526E-004  3.045498909450352E+001
    964  1.445827325639423E-004  1.284811881676410E+002
    942  1.441217035761180E-004  1.277896527703618E+002
    276  1.419852779354600E-004  3.774173651101562E+001
    420  1.417271122071847E-004  5.464265012038360E+001
    157  1.416702778520035E-004  3.136040875348826E+001
    242  1.409388173312759E-004  3.575330164903793E+001
    167  1.391285047831167E-004  3.206734480721192E+001
    361  1.380315305727330E-004  4.509188248244521E+001
    518  1.358850735954944E-004  6.116565427175681E+001
    528  1.351830792815779E-004  6.211763689923020E+001
    698  1.349396687103066E-004  1.111543499618823E+002
    290  1.338384904919119E-004  3.834059039797889E+001
    746  1.336122305711880E-004  1.128150956859242E+002
    721  1.330678673680606E-004  1.121902054803930E+002
    171  1.316745407052348E-004  3.251692712246987E+001
    216  1.296075486221040E-004  3.431915233475488E+001
    541  1.294567641269252E-004  1.020561485810812E+002
    410  1.291677273423590E-004  5.380004782230375E+001
    895  1.286060913411164E-004  1.231922658586809E+002
    339  1.268665967917727E-004  4.199721405536648E+001
    615  1.266262671154549E-004  1.081646255451844E+002
    907  1.264567485717221E-004  1.254774984052440E+002
     61  1.258286660441201E-004  2.623624111749398E+001
    799  1.252521412910177E-004  1.161655148393659E+002
    203  1.252348622871022E-004  3.415596231316062E+001
    453  1.250979672885738E-004  5.734859743017803E+001
     51  1.249324002717163E-004  2.527497960196780E+001
     82  1.248220161149631E-004  2.744742479332049E+001
    446  1.216232341198785E-004  5.657515742254393E+001
   1033  1.203513855767877E-004  1.314921549657209E+002
    123  1.200684648957853E-004  2.945706723223188E+001
    940  1.199958912680625E-004  1.277053477702196E+002
    234  1.191420599237946E-004  3.541632958107625E+001
    816  1.189141693308715E-004  1.170854692244173E+002
    323  1.186092400138298E-004  3.963162035223775E+001
    467  1.170414465241668E-004  5.850070475174659E+001
   1005  1.165750761233883E-004  1.302961950162389E+002
    568  1.154255697497221E-004  1.063884322375297E+002
     45  1.135121845586613E-004  2.505629895200580E+001
   1021  1.120319118038766E-004  1.308784400027895E+002
    455  1.112313318308739E-004  5.757818593173593E+001
    853  1.100417771941727E-004  1.189950762444425E+002
    584  1.090955500508544E-004  1.071415131646536E+002
    605  1.083892453642589E-004  1.079476682950407E+002
    472  1.083571906091660E-004  5.860732378330380E+001
    558  1.077616767017500E-004  1.054235904423783E+002
    636  1.064605768604615E-004  1.087412284437008E+002
    478  1.062434364223012E-004  5.880478287498814E+001
    137  1.055210328979523E-004  2.996307755422044E+001
    577  1.052360473765750E-004  1.068269012623950E+002
    710  9.998374498856184E-005  1.117114283703663E+002
    700  9.940659399029112E-005  1.112187707043413E+002
    977  9.930731379986762E-005  1.291448023039548E+002
     80  9.837993038694118E-005  2.737665388114407E+001
     72  9.823899867680800E-005  2.695844835194747E+001
   1045  9.660847919180273E-005  1.322246800166877E+002
    260  9.612315664198535E-005  3.745846822965304E+001
    975  9.379675475463548E-005  1.290479361570385E+002
    209  9.335424164417909E-005  3.420776675567321E+001
    960  9.235310134368464E-005  1.283710541965592E+002
    877  9.183697228063459E-005  1.207635072396237E+002
    860  9.178932774966108E-005  1.193608179742887E+002
    398  9.151354426183451E-005  5.298968704937109E+001
    813  9.145585691595758E-005  1.170211975618395E+002
    270  9.052987740781871E-005  3.767493462479421E+001
    594  8.868542910768991E-005  1.075267994995216E+002
    481  8.765181050795238E-005  5.889564718758225E+001
    102  8.712135924601876E-005  2.838723287464182E+001
     88  8.604693721186016E-005  2.776495450944637E+001
    500  8.560477189211659E-005  6.016266526055261E+001
    165  8.557496878602593E-005  3.194792507678593E+001
    250  8.505365035913162E-005  3.645071914574685E+001
    984  8.443402187142213E-005  1.293776492189174E+002
    271  8.386422351961541E-005  3.769377629908810E+001
    321  8.206728734299655E-005  3.959878738143280E+001
    655  8.187715102578341E-005  1.092114390318620E+002
    507  8.176513340104049E-005  6.098134465730102E+001
    827  8.071679787098910E-005  1.174913134466901E+002
    616  8.071054879860333E-005  1.081902144651443E+002
    285  7.987767162623607E-005  3.794670187788559E+001
    681  7.844711344311160E-005  1.107150530846271E+002
    780  7.829610759494293E-005  1.153482258688003E+002
    663  7.780161574445856E-005  1.095408569103236E+002
    318  7.766718520342996E-005  3.952690512520030E+001
    587  7.707957840344768E-005  1.072564562863978E+002
    197  7.693109355174921E-005  3.407091137263039E+001
    523  7.676518799548091E-005  6.195141091349550E+001
     49  7.604522225095933E-005  2.521926711432687E+001
    470  7.601635671559254E-005  5.858950887133865E+001
    674  7.592846755222144E-005  1.101627157855635E+002
    757  7.582194077208758E-005  1.131455979007981E+002
    899  7.530194914114144E-005  1.237750393258326E+002
    832  7.519500862978114E-005  1.176150872586579E+002
    802  7.497510488351105E-005  1.163074247182627E+002
    399  7.470541150914720E-005  5.300117686152819E+001
    763  7.436439172058229E-005  1.136578287383470E+002
    511  7.434734041772400E-005  6.108291035790679E+001
    902  7.414901736847258E-005  1.246861225619736E+002
    972  7.352551061729886E-005  1.289491342298440E+002
    572  7.310333883350991E-005  1.066354688575440E+002
    262  7.276292144264299E-005  3.754826259370084E+001
    829  7.244986991188729E-005  1.175434491795728E+002
    751  7.236749210233624E-005  1.129352725370382E+002
    483  7.234659208598093E-005  5.892865432514233E+001
    220  7.223734374449267E-005  3.440936379612124E+001
    265  7.098204516287693E-005  3.762418150997995E+001
    132  7.085794156701350E-005  2.978147182311027E+001
    529  7.080125922290462E-005  6.213305424318654E+001
    983  7.062298246575433E-005  1.293699640118089E+002
    934  6.993122500477998E-005  1.274026915475210E+002
    654  6.979562614460886E-005  1.091774321289355E+002
    624  6.930129015231096E-005  1.084534043855216E+002
    479  6.882980790823550E-005  5.886156225440574E+001
     76  6.877088919869766E-005  2.719040433196805E+001
    244  6.821578313696641E-005  3.582009297825139E+001
    374  6.761590215590651E-005  4.576894168844035E+001
    580  6.759801219504368E-005  1.069063882425304E+002
    567  6.717530196948777E-005  1.061175767374582E+002
    185  6.713871381873214E-005  3.329017879350934E+001
    918  6.696009120460825E-005  1.263810693695273E+002
     19  6.662343498059142E-005  2.137958735177528E+001
    172  6.541457615516528E-005  3.254695536480502E+001
   1006  6.501923901289473E-005  1.303473844140781E+002
    164  6.477113659043308E-005  3.156123118588701E+001
    369  6.447143387479644E-005  4.556664797594529E+001
    397  6.444055713834815E-005  5.292984574180642E+001
    866  6.418595833053614E-005  1.198737679274225E+002
    672  6.382045503078225E-005  1.100523893058521E+002
     25  6.344946872053776E-005  2.268285797328677E+001
    968  6.280744648536761E-005  1.287893908307005E+002
    148  6.220541160150317E-005  3.055713011308698E+001
    680  6.199762285238788E-005  1.106808485277705E+002
    278  6.064135499701616E-005  3.775225448216675E+001
    267  6.013833601150911E-005  3.763942844703926E+001
    112  6.006665519786049E-005  2.893182478938967E+001
    583  5.987340095361266E-005  1.070323413352247E+002
   1062  5.973467653257991E-005  1.338537297016246E+002
    494  5.946270256042396E-005  5.959072402434833E+001
    896  5.878843717340784E-005  1.231967026860033E+002
    932  5.771520950775876E-005  1.272890793904072E+002
    243  5.769939365322242E-005  3.580427376176280E+001
     81  5.759003989480246E-005  2.737831616504717E+001
    200  5.751136876925511E-005  3.413076352937113E+001
   1061  5.645704158725694E-005  1.338239896777959E+002
     13  5.627570413343065E-005  2.038781372204352E+001
    596  5.625004201376017E-005  1.076305596761092E+002
    111  5.609925417708633E-005  2.891758955889047E+001
    683  5.607328590625879E-005  1.107854094171573E+002
    264  5.536473037628315E-005  3.760740200223662E+001
    198  5.489925889839781E-005  3.410095577154824E+001
    400  5.416126080950099E-005  5.304406357850599E+001
    589  5.382501843466823E-005  1.073243551551986E+002
    346  5.372274351297442E-005  4.251353138364797E+001
    826  5.367437266074210E-005  1.174535409692338E+002
    464  5.283483416625042E-005  5.841767339850505E+001
    579  5.278755426877908E-005  1.068810185812333E+002
    392  5.220630539285742E-005  4.975569880244111E+001
   1046  5.209583681968203E-005  1.322741703884410E+002
    463  5.117418957203111E-005  5.840368106338346E+001
    641  5.097333064699758E-005  1.088136450829588E+002
    364  5.093626783438039E-005  4.528995878587361E+001
    812  5.055708984550753E-005  1.169499526914024E+002
    817  5.040460689969339E-005  1.171745914510001E+002
    622  5.020617302370231E-005  1.084041586407917E+002
    937  5.015052623764724E-005  1.275975168353670E+002
    170  4.974898909807288E-005  3.240864442722207E+001
    945  4.968085503660110E-005  1.278945431870569E+002
    713  4.941548841519645E-005  1.118750446375970E+002
    441  4.917249840865319E-005  5.602297434426368E+001
    162  4.867382965641488E-005  3.142013005221356E+001
    675  4.856915894959388E-005  1.101932688761904E+002
    656  4.780549798500507E-005  1.092383325553483E+002
    771  4.777651619122058E-005  1.142541813627527E+002
    366  4.723508146075035E-005  4.541480133184800E+001
    797  4.720839237459971E-005  1.161224071144865E+002
    694  4.706946281183179E-005  1.110208923005156E+002
    181  4.699890811146482E-005  3.309588236011395E+001
    569  4.548214679066556E-005  1.064024371239422E+002
    370  4.547590851608840E-005  4.562254251008403E+001
    337  4.497322954567496E-005  4.125439580477820E+001
    682  4.474499720004422E-005  1.107795174367904E+002
    277  4.468466168965339E-005  3.774405278528796E+001
    595  4.408893228313969E-005  1.075727311228692E+002
    574  4.396654998946655E-005  1.067089856517616E+002
    808  4.383853698099367E-005  1.166438640424820E+002
    226  4.302885099231973E-005  3.460914941435140E+001
    566  4.291611197538473E-005  1.060197199307676E+002
    117  4.257058595560107E-005  2.915145470361619E+001
    646  4.231359087742269E-005  1.089039652974663E+002
   1013  4.202515270114071E-005  1.306191025791559E+002
    525  4.198790610342346E-005  6.201689187624501E+001
     59  4.184078554833940E-005  2.608228483109795E+001
    280  4.113732177307520E-005  3.777070006257392E+001
    179  4.101889643502856E-005  3.301071504933698E+001
    822  4.034947401694546E-005  1.173379890193997E+002
    108  4.003444563108480E-005  2.884206820739177E+001
     26  3.985728232221847E-005  2.275577786050195E+001
    471  3.961665627985339E-005  5.859921299406331E+001
    695  3.847405994276900E-005  1.110404578737834E+002
    995  3.730494142095350E-005  1.300556822463785E+002
    465  3.726723147635824E-005  5.845233409136720E+001
    354  3.717522476973842E-005  4.358717802496741E+001
    610  3.658586030728109E-005  1.080548791140610E+002
    684  3.611343301061467E-005  1.108055531440044E+002
     41  3.594492767714969E-005  2.434332602389209E+001
    480  3.588427752932946E-005  5.887142017505539E+001
    173  3.585020925201885E-005  3.267731285541730E+001
    559  3.579669273313905E-005  1.054467335457494E+002
   1068  3.569000372774854E-005  1.342139437973118E+002
    890  3.544836512586756E-005  1.222269695705770E+002
   1027  3.531972066827959E-005  1.311414239553258E+002
    194  3.529322299144198E-005  3.388123191050668E+001
    469  3.513631527961224E-005  5.857260373695996E+001
    719  3.451485404659441E-005  1.120361196403708E+002
   1039  3.441463414494073E-005  1.317789778316224E+002
    997  3.437518750715453E-005  1.300952728722026E+002
   1076  3.433834865042905E-005  1.858411948136732E+002
    800  3.366624455172748E-005  1.161811067685375E+002
    727  3.360743458520830E-005  1.123838421661365E+002
    413  3.359859280852793E-005  5.407796767412047E+001
    513  3.343476468644674E-005  6.111701004965728E+001
    992  3.275450762764419E-005  1.299169051159237E+002
    415  3.264261568764535E-005  5.409773008136273E+001
    322  3.240790889060289E-005  3.962934885257222E+001
    484  3.195617819469545E-005  5.894622531819898E+001
    645  3.192896740950726E-005  1.088758352374567E+002
    532  3.152001977820154E-005  6.299204701993657E+001
    380  3.134405420152976E-005  4.621788456267294E+001
    576  3.119256423000078E-005  1.068188420241767E+002
    313  3.115801551022371E-005  3.941220320488696E+001
    884  3.084158094138467E-005  1.212913619330936E+002
    476  3.080269112312463E-005  5.874284760292872E+001
    225  3.061133618839429E-005  3.458265676939745E+001
    473  3.042162337315925E-005  5.864875851961727E+001
    807  3.001507542953410E-005  1.166040027024774E+002
    910  2.999076694828236E-005  1.258349422363612E+002
    310  2.976174427343602E-005  3.933560718805473E+001
    630  2.974022698346184E-005  1.086464564510315E+002
    670  2.970412960893677E-005  1.099218253642219E+002
    376  2.969986144429877E-005  4.578482274843697E+001
    461  2.962277152304408E-005  5.832169084274378E+001
    916  2.947897589274968E-005  1.261858055404796E+002
    353  2.925553547941637E-005  4.354452657935016E+001
    924  2.918662999293838E-005  1.267645350898773E+002
    633  2.898186523179146E-005  1.086770367044967E+002
   1014  2.896646526818980E-005  1.306579532637773E+002
    578  2.890111112945226E-005  1.068696587706935E+002
    335  2.852862820409606E-005  4.064698242871874E+001
    201  2.830561117981331E-005  3.413905621996786E+001
   1063  2.824784203281255E-005  1.338610239777397E+002
    119  2.798921374314264E-005  2.929038281335912E+001
    526  2.710133926601333E-005  6.205614154690332E+001
    608  2.702902912348265E-005  1.080310773431174E+002
    950  2.686118239138710E-005  1.281356928004739E+002
    315  2.680855815316255E-005  3.946262277995078E+001
    435  2.680338148904370E-005  5.559833163642786E+001
    716  2.612879753574739E-005  1.119313653155845E+002
    948  2.594764893155304E-005  1.280530341997139E+002
     63  2.586435769629994E-005  2.633691355837915E+001
    854  2.581245109168608E-005  1.190938927222375E+002
   1065  2.566381081065100E-005  1.340986810838602E+002
    634  2.542025153792063E-005  1.087110579745548E+002
    883  2.519128573444083E-005  1.212822283474710E+002
    600  2.499547219541124E-005  1.078192567961393E+002
    777  2.497703216232583E-005  1.150636811545726E+002
    601  2.486575904282115E-005  1.078222216339937E+002
    222  2.451338543566365E-005  3.444665555523785E+001
    927  2.433866289826858E-005  1.271118445081471E+002
    240  2.423466172698010E-005  3.568815433410965E+001
     12  2.416743939649117E-005  1.791855268392995E+001
    342  2.395227316641609E-005  4.219280462450153E+001
    368  2.358575022278547E-005  4.552075151204606E+001
    328  2.355509825488281E-005  3.982877398686839E+001
    922  2.331378646852876E-005  1.267277337836395E+002
    976  2.302570301165526E-005  1.291265023483052E+002
    709  2.227386855852549E-005  1.116986555393093E+002
    963  2.203699076167973E-005  1.284456810480366E+002
    599  2.165754100152144E-005  1.077354408464688E+002
    235  2.146518777326303E-005  3.553329683850696E+001
    691  2.141025325097644E-005  1.109942746792360E+002
    845  2.131998131596790E-005  1.182722434309271E+002
    341  2.118614876926274E-005  4.207899368185591E+001
    790  2.116238757945349E-005  1.158127479939932E+002
    988  2.113155749697971E-005  1.295230022337254E+002
    447  2.111758583839092E-005  5.692641404400948E+001
    224  2.109667259355168E-005  3.456258153743839E+001
    512  2.086430909500730E-005  6.110465593383906E+001
    284  2.042853728724008E-005  3.794002386601017E+001
    791  2.040372715975815E-005  1.158399885308925E+002
    923  2.040185521639658E-005  1.267345977181097E+002
    367  2.030535355389865E-005  4.546665367422378E+001
    129  2.021775696835319E-005  2.967722940199728E+001
    408  1.998909985410117E-005  5.368647704938994E+001
    268  1.963646043074129E-005  3.765614789507087E+001
    227  1.950082478141750E-005  3.461221107986133E+001
    296  1.948501778271378E-005  3.847026909032138E+001
    787  1.937571809999601E-005  1.157066821730262E+002
    865  1.933867631843938E-005  1.195233182598442E+002
    665  1.924578773579436E-005  1.096195054263975E+002
    159  1.910394380926374E-005  3.140014259635325E+001
     39  1.890428512710268E-005  2.419216907562118E+001
    351  1.886941921030760E-005  4.290814690346715E+001
    769  1.846294934636844E-005  1.141494817506874E+002
   1040  1.815651492221342E-005  1.318325334098182E+002
      2  1.811967868330964E-005  1.507477314615795E+001
    429  1.803605732000626E-005  5.542704693693687E+001
    349  1.798512107650361E-005  4.279212686889406E+001
    679  1.792912153687205E-005  1.106299731616480E+002
    903  1.780478360239942E-005  1.249295857950171E+002
    355  1.768665427874467E-005  4.365668409738398E+001
    247  1.766264815569061E-005  3.613855018049320E+001
   1031  1.750017417064574E-005  1.313824495210718E+002
    871  1.742743740149517E-005  1.204638135739833E+002
    640  1.722225413735067E-005  1.088027953187827E+002
    625  1.687883033621584E-005  1.084878781680722E+002
    350  1.681484399491800E-005  4.287084402122760E+001
    744  1.663340482572205E-005  1.127340165661099E+002
    781  1.649101561050551E-005  1.155015502370288E+002
    211  1.629112411351336E-005  3.422885497659050E+001
    468  1.601100016850181E-005  5.850419738659161E+001
    815  1.573046698007566E-005  1.170844697210597E+002
    122  1.572737172949868E-005  2.942821875092930E+001
    982  1.570031799343184E-005  1.293230544301462E+002
    649  1.565051840505887E-005  1.089557122086210E+002
    755  1.551369349147668E-005  1.130537195644052E+002
    783  1.520453932865974E-005  1.155776779712016E+002
    562  1.519064974533835E-005  1.058125905236654E+002
    668  1.516235853144804E-005  1.098358517134249E+002
    738  1.499452453143433E-005  1.126248828969786E+002
    414  1.496178571038509E-005  5.408443269732371E+001
    362  1.496047247316162E-005  4.520209191521082E+001
    373  1.495848283054624E-005  4.573517441489172E+001
    424  1.494336664251272E-005  5.504400290817051E+001
    979  1.491895452650939E-005  1.292073280791942E+002
    915  1.488770010346655E-005  1.261627872997085E+002
    804  1.484375376087052E-005  1.164307012054320E+002
    970  1.481366392869112E-005  1.288440499253601E+002
    657  1.473951927283353E-005  1.092680437977900E+002
   1028  1.464771170418836E-005  1.312419762585663E+002
   1004  1.462951730464560E-005  1.302828791464404E+002
    978  1.459179270618688E-005  1.291764873003617E+002
    794  1.438287566885246E-005  1.159299755047292E+002
   1002  1.414855810122244E-005  1.301955720736593E+002
    928  1.385343227257990E-005  1.271758190169006E+002
    851  1.384421152950048E-005  1.189105890777936E+002
    627  1.379020966850562E-005  1.085359599099982E+002
    343  1.371628193887048E-005  4.223776350771931E+001
   1043  1.365316133412371E-005  1.320181582363304E+002
    699  1.341958498167417E-005  1.111753891148923E+002
    590  1.340386365681408E-005  1.073381491314167E+002
    166  1.321314995635101E-005  3.197534022905977E+001
    520  1.313025876044115E-005  6.117519869664547E+001
    782  1.281746545763602E-005  1.155663554633046E+002
    642  1.280490619902232E-005  1.088349318990273E+002
    852  1.279401696164168E-005  1.189308904937423E+002
    488  1.277999571644000E-005  5.904214899548738E+001
    204  1.271064431774531E-005  3.416741852472765E+001
    919  1.265230853523126E-005  1.264669767465423E+002
   1054  1.258645475484106E-005  1.332101619260334E+002
    396  1.242687564773884E-005  5.292259014309509E+001
    949  1.242310919288346E-005  1.280833568476082E+002
    371  1.237577377125970E-005  4.567834615857563E+001
    485  1.232299423546240E-005  5.896971858223063E+001
    135  1.230760655111519E-005  2.990996926970350E+001
    365  1.230549903588172E-005  4.540196146988517E+001
    660  1.229780505659525E-005  1.093929129115852E+002
    770  1.229336784580996E-005  1.141655133118217E+002
    707  1.212056203351549E-005  1.116484954290111E+002
    619  1.196079870170817E-005  1.083262496248409E+002
    685  1.169174849846195E-005  1.108208915724099E+002
    556  1.168137191984698E-005  1.053074591696642E+002
    792  1.158793406011761E-005  1.158579110744502E+002
    803  1.153997726351076E-005  1.163959410830473E+002
    722  1.135648796981280E-005  1.121989232781130E+002
    139  1.135621317796523E-005  3.001327528760398E+001
    809  1.133849737982339E-005  1.168273457040169E+002
    849  1.131555652552957E-005  1.186556798515274E+002
    648  1.116992751326766E-005  1.089328290594756E+002
     22  1.076722537944321E-005  2.149928230079738E+001
    602  1.056423558384163E-005  1.078335831208874E+002
    994  1.055173747138405E-005  1.299886393654431E+002
    124  1.037994149323526E-005  2.953039329658957E+001
    846  1.033329049395356E-005  1.183733977129572E+002
    985  1.013822123447065E-005  1.294454523269476E+002
    893  1.011632091072541E-005  1.225899968537864E+002
    894  9.994356606965224E-006  1.226855190700912E+002
    897  9.940208980846645E-006  1.233154024205701E+002
    714  9.829382109148173E-006  1.118865310298163E+002
    929  9.773517510334785E-006  1.272324166790593E+002
    917  9.715884284723775E-006  1.262583151256411E+002
   1018  9.686677955138136E-006  1.307425624046459E+002
     94  9.630092396450208E-006  2.803048707399637E+001
    423  9.628018060688368E-006  5.491452382822700E+001
    228  9.462758292324613E-006  3.465329128304563E+001
    696  9.290310533402897E-006  1.111110130672436E+002
    786  9.251980628967009E-006  1.156679892855772E+002
    762  9.231382898228091E-006  1.134504722361933E+002
    635  9.144371071708448E-006  1.087402789130293E+002
    859  9.140765652120820E-006  1.193117826572047E+002
    677  9.097082147776718E-006  1.104103779431708E+002
    597  9.096580274741412E-006  1.076362394255561E+002
    690  9.073982753691918E-006  1.109553167085971E+002
    448  9.032021541945469E-006  5.707216855561523E+001
    217  9.001435347023927E-006  3.432077633458158E+001
    862  8.857245261139299E-006  1.194326389788892E+002
    664  8.710004475705471E-006  1.095868237421283E+002
     77  8.650165793229109E-006  2.720977418778346E+001
    603  8.636604890769675E-006  1.078480909052838E+002
    966  8.577107936819868E-006  1.287120665380274E+002
    509  8.367555710733223E-006  6.104665142125116E+001
    662  8.330751472101732E-006  1.094304874643061E+002
    933  8.193203384326339E-006  1.272967505112425E+002
   1056  8.000294456427658E-006  1.332822863268028E+002
    613  7.867891877425479E-006  1.081325074305931E+002
    990  7.831411385552958E-006  1.297249883032466E+002
    739  7.657599946045847E-006  1.126267264275300E+002
    764  7.552890272073941E-006  1.137269990775531E+002
    614  7.486779327085108E-006  1.081499604581023E+002
    687  7.464822940767560E-006  1.108477970364615E+002
    407  7.389035228802212E-006  5.355040632372296E+001
    233  7.294316972497226E-006  3.536858076063520E+001
    604  7.288645984994392E-006  1.078901483894559E+002
    637  7.255767729427166E-006  1.087708716348475E+002
    855  7.151815953561610E-006  1.192335282432478E+002
    506  6.986060523698290E-006  6.092479484159845E+001
    758  6.838447056095013E-006  1.131945788764974E+002
    880  6.681467892893708E-006  1.209811659012211E+002
    457  6.627033751556514E-006  5.770039153165104E+001
    697  6.601808352496106E-006  1.111168086390436E+002
    951  6.453975382009326E-006  1.282127111215003E+002
    901  6.452963160256320E-006  1.246352700151236E+002
    828  6.319170983944946E-006  1.175132070682912E+002
   1010  6.228511814224918E-006  1.305150376372933E+002
    252  6.210707114532245E-006  3.681481496629917E+001
    761  6.117864539358094E-006  1.134019555363662E+002
    269  6.112221261084299E-006  3.766609016559832E+001
    732  6.017436299063165E-006  1.124809932511083E+002
   1047  5.916864729143967E-006  1.324683504365100E+002
    772  5.867134224349437E-006  1.144444014986270E+002
    953  5.845280168622254E-006  1.282835790234384E+002
    766  5.777392059728101E-006  1.138313497862233E+002
    411  5.765372257895534E-006  5.390414096058870E+001
    715  5.674531520046621E-006  1.119122168057061E+002
    767  5.585575988053648E-006  1.139787538815297E+002
    586  5.559177671552864E-006  1.072414988471015E+002
    591  5.491438434480763E-006  1.073970459895217E+002
    140  5.467680033245232E-006  3.002380690834687E+001
   1035  5.426828403624151E-006  1.315022364948826E+002
    711  5.412952739224351E-006  1.117833092223069E+002
    621  5.283500133864579E-006  1.083828600305560E+002
    238  5.246590481404897E-006  3.562010162214489E+001
    754  5.230069841840688E-006  1.130532912402911E+002
    908  5.182760961580716E-006  1.256350992978881E+002
    957  5.093961461838230E-006  1.283224605383935E+002
   1017  4.929626308400306E-006  1.307020085696559E+002
    651  4.907539466515383E-006  1.090123807306586E+002
    375  4.899133670906574E-006  4.577921754207221E+001
    688  4.843596185894432E-006  1.108652117541332E+002
    515  4.758090897826031E-006  6.113166482037749E+001
    316  4.670421149603854E-006  3.947722492082590E+001
    920  4.633074737345172E-006  1.265729199247587E+002
    944  4.509686568281890E-006  1.278264506290159E+002
    705  4.380538914611372E-006  1.114879185885843E+002
    703  4.323199993980786E-006  1.113359924967504E+002
     98  4.263953853439612E-006  2.810036398063808E+001
    805  4.251890465321742E-006  1.165442309434909E+002
    818  4.217656122660370E-006  1.172202887178189E+002
    867  4.199988314574700E-006  1.199420338065019E+002
    632  4.182296502113512E-006  1.086732063917954E+002
    606  4.172169210954207E-006  1.079754075340127E+002
    856  4.136597393768625E-006  1.192407591408727E+002
    416  4.117174514883186E-006  5.412105627361211E+001
   1025  4.105020990726681E-006  1.310823101564250E+002
    644  4.085603031587783E-006  1.088699046594824E+002
    712  4.079808361464664E-006  1.118479116964762E+002
    980  4.073303045487669E-006  1.292322903638887E+002
    936  4.048227442331957E-006  1.275963114471066E+002
    750  3.906984876183675E-006  1.128980084302201E+002
    728  3.790978012581124E-006  1.123911467240560E+002
    671  3.721974316441809E-006  1.100461630260976E+002
    900  3.618880491217059E-006  1.240255399934555E+002
   1012  3.610889744063702E-006  1.305860585800326E+002
    931  3.593060674986399E-006  1.272754104030811E+002
    939  3.551625106962008E-006  1.276788938661296E+002
    941  3.486476257354430E-006  1.277239710636116E+002
    913  3.477445796432698E-006  1.260963173315474E+002
    796  3.439000305592988E-006  1.160406419035091E+002
    882  3.434282443066626E-006  1.212606419968792E+002
    666  3.354499576077302E-006  1.096961217429448E+002
    612  3.344588934502560E-006  1.080838271474082E+002
    839  3.282142486572918E-006  1.178451551754228E+002
    888  3.263251037236792E-006  1.215384892766490E+002
   1023  3.263033709292035E-006  1.309907545973144E+002
    522  3.245289070146119E-006  6.189501394570030E+001
    879  3.242076619037569E-006  1.208628531744268E+002
    735  3.220448923092151E-006  1.125422257639707E+002
    956  3.163948360347312E-006  1.283075816024711E+002
    925  3.081675974851565E-006  1.268943605090481E+002
    256  2.998577419182909E-006  3.708485200545782E+001
    452  2.965939846197948E-006  5.732416656661538E+001
    793  2.889320340193782E-006  1.158943894419280E+002
    726  2.860882531779612E-006  1.123280306605216E+002
    259  2.825175038352549E-006  3.731129763636223E+001
    653  2.807339613521257E-006  1.090926521840726E+002
    693  2.790101889141586E-006  1.110198391814811E+002
    730  2.776710935612431E-006  1.124678820560711E+002
    943  2.770030672929991E-006  1.278255860865938E+002
    876  2.753070935037841E-006  1.207338716680959E+002
    190  2.715935004691774E-006  3.352213579831744E+001
    987  2.601318945494085E-006  1.295218650079724E+002
    205  2.586621452473729E-006  3.418138862993963E+001
    878  2.566157519287224E-006  1.208553192243232E+002
    857  2.551945840502751E-006  1.192977858717030E+002
    501  2.515986519560634E-006  6.025540211442135E+001
    820  2.502282816596388E-006  1.173160626674297E+002
    779  2.451481512066031E-006  1.153237642854880E+002
    935  2.430017707717633E-006  1.274477748704804E+002
    788  2.377831837410320E-006  1.157595566872355E+002
    729  2.360011889623809E-006  1.124070412533170E+002
    538  2.327927835395077E-006  8.801939400846273E+001
    811  2.306382548984554E-006  1.169131613251637E+002
    581  2.232927334002843E-006  1.069166383916512E+002
    959  2.177142641887795E-006  1.283643788123119E+002
    638  2.164473852608912E-006  1.087773663504995E+002
    819  2.107912893830561E-006  1.172617623112352E+002
    736  2.074770860390568E-006  1.125700463249535E+002
    834  1.975235801371345E-006  1.176651591794238E+002
     56  1.930100061349705E-006  2.577494999028338E+001
    254  1.918597996934587E-006  3.696870162494890E+001
    993  1.901834343986370E-006  1.299638892136509E+002
    474  1.882153611697177E-006  5.866520048333617E+001
    639  1.870909735350717E-006  1.087924757147032E+002
    178  1.821578216067385E-006  3.291892583427273E+001
    776  1.663484581676331E-006  1.150535509847603E+002
    905  1.657676360224787E-006  1.252963463377060E+002
    459  1.642198467959971E-006  5.797524108925945E+001
    742  1.638647454766645E-006  1.126546326383816E+002
    874  1.621084769723040E-006  1.206463359037059E+002
    345  1.593912104829743E-006  4.248475366295001E+001
    912  1.544774826063954E-006  1.259977317017505E+002
    508  1.541124835525889E-006  6.101348113010317E+001
    128  1.489292357133849E-006  2.964876822252022E+001
     99  1.484204463378994E-006  2.813215700322161E+001
    175  1.431421707842922E-006  3.282740528695558E+001
    961  1.363175746427624E-006  1.283826108536399E+002
    971  1.323785277351268E-006  1.289111652451389E+002
   1015  1.305524223698123E-006  1.306693309857935E+002
   1073  1.262649804098122E-006  1.355646294676644E+002
    986  1.260555208914670E-006  1.294778988001748E+002
    534  1.238065468496771E-006  6.352992396574133E+001
    858  1.208079698886557E-006  1.193043137223610E+002
    775  1.193032831441317E-006  1.149447083106751E+002
   1003  1.190088698530119E-006  1.302792324598297E+002
    841  1.172418029980947E-006  1.180046875638410E+002
    814  1.148028464214167E-006  1.170571282096026E+002
    628  1.112753527391033E-006  1.085999071252231E+002
    756  1.078708414773945E-006  1.131019348749128E+002
   1029  1.023193666193452E-006  1.312589073638632E+002
   1042  9.763322720089396E-007  1.319938555239870E+002
    864  9.631886514534290E-007  1.195154318953015E+002
    946  9.491139251434898E-007  1.279201366409634E+002
    263  9.458149062296138E-007  3.756851288337069E+001
    869  9.293639657441937E-007  1.201465244096069E+002
    747  9.213967544548247E-007  1.128221651622354E+002
    723  9.168479894371145E-007  1.122249597820348E+002
    798  8.887900204763449E-007  1.161233232814441E+002
    388  8.256911797850715E-007  4.916519389587509E+001
    773  7.398466042348140E-007  1.146041296786391E+002
    720  7.271693484394197E-007  1.121496181246094E+002
    146  7.117069221718548E-007  3.038455959742199E+001
    999  6.556768723151333E-007  1.301340763851820E+002
    969  6.339538485422789E-007  1.288232913140608E+002
    286  6.303737909199549E-007  3.806107114689090E+001
    753  6.128631007378901E-007  1.130399909728984E+002
     53  6.056475497345750E-007  2.532427500710937E+001
     93  5.852864443447828E-007  2.801831476528660E+001
    914  5.823087289959205E-007  1.261343003660832E+002
    358  5.551826192502506E-007  4.418411045040358E+001
    821  5.364796299444750E-007  1.173213489801490E+002
   1077  5.345265443016876E-007  6.189178021453241E+002
   1059  5.131590807867362E-007  1.335352794510990E+002
   1051  5.063550584202489E-007  1.330173846663143E+002
    490  4.980731344358408E-007  5.909746584665749E+001
    704  4.712511859548947E-007  1.114088220449556E+002
    740  4.695300634056542E-007  1.126281679605138E+002
    701  4.675912590099284E-007  1.112655741498095E+002
    921  4.466635192129139E-007  1.266347372507485E+002
    437  4.435558984131768E-007  5.567668099873953E+001
    759  4.412358415274810E-007  1.132523759465808E+002
    692  4.387624159969712E-007  1.109991362888409E+002
    557  4.261145077759657E-007  1.053298087456868E+002
    406  4.197409549460334E-007  5.347162595814701E+001
    765  4.180634269061123E-007  1.138034732037320E+002
    996  3.571849528679286E-007  1.300741546440489E+002
    823  3.383447257281629E-007  1.173434151863991E+002
    872  3.368485304688699E-007  1.204992644439996E+002
   1007  3.328126523211692E-007  1.303971511397991E+002
    443  3.301802226492678E-007  5.615506371008289E+001
   1019  3.067168000964886E-007  1.307856127904329E+002
    718  3.056992800701021E-007  1.120307816427976E+002
    743  3.025108202470118E-007  1.126739704882794E+002
   1037  2.774958263615570E-007  1.316166834102353E+002
     87  2.749986305818967E-007  2.773505635732142E+001
    643  2.650200374739235E-007  1.088529165631816E+002
    833  2.637801349074277E-007  1.176450554682990E+002
    439  2.443349218496156E-007  5.581771077364913E+001
    496  2.424007911542997E-007  5.977778544840232E+001
    906  1.963095570600013E-007  1.253859334012492E+002
    598  1.919028736440122E-007  1.077082259858063E+002
    974  1.853287838615253E-007  1.290391941684268E+002
    510  1.729440441006707E-007  6.106496915014706E+001
    210  1.671825839332918E-007  3.421873300884823E+001
    287  1.647960428639371E-007  3.806334999222836E+001
    952  1.596934307885335E-007  1.282170243378332E+002
   1030  1.566206068134751E-007  1.313677884464318E+002
    965  1.540935490044951E-007  1.286084743618769E+002
    784  1.498762592286399E-007  1.156115101864969E+002
    412  1.462382033883223E-007  5.399327798218789E+001
    372  1.330556754086412E-007  4.569660817760900E+001
    620  1.319649644428550E-007  1.083700393844588E+002
    801  1.161686196574935E-007  1.162412158177078E+002
    850  1.084988440624761E-007  1.188640670964077E+002
     47  1.006653094754434E-007  2.514695584094496E+001
    748  9.299522821797985E-008  1.128453459062848E+002
    667  8.653911798762017E-008  1.098231148083649E+002
    830  7.402547418046638E-008  1.175448785112390E+002
    789  7.254198717681456E-008  1.157939903252585E+002
    891  5.089555267878207E-008  1.222344606190913E+002
    499  4.991896308904659E-008  6.010190034988052E+001
    629  4.857864235778866E-008  1.086436456014825E+002
    428  4.695935223045465E-008  5.539697768550786E+001
    113  4.598837679361839E-008  2.894608485543543E+001
    575  3.607902012002640E-008  1.067636975144964E+002
    652  3.526281838231656E-008  1.090805000764319E+002
    837  3.178047482987440E-008  1.177814246314451E+002
    145  2.988284982469386E-008  3.035386176419680E+001
    887  2.670612873930397E-008  1.215278324822884E+002
    647  2.625977850898536E-008  1.089204596390746E+002
    881  2.392522819697081E-008  1.212001054655417E+002
    885  2.008614283227827E-008  1.213849358963692E+002
    806  1.471589378217301E-008  1.165904998677036E+002
    363  1.409090686558925E-008  4.523665715266514E+001
    889  1.404121384956704E-008  1.221096476933091E+002
    840  1.400108371831641E-008  1.179674198090055E+002
    734  1.115320917131296E-008  1.125227414297757E+002
    861  6.928121686306189E-009  1.193618968506130E+002
     90  4.156114888696938E-009  2.792299487571685E+001
    904  2.761255809982686E-009  1.250437756508075E+002
    223  2.614120634251845E-009  3.452101188794168E+001
   1049  2.495892203934211E-009  1.325964910892840E+002
    708  2.419647445594631E-009  1.116659378913442E+002
    752  6.952319726296724E-010  1.129825416205730E+002
    585  2.840093656902839E-010  1.071721890576240E+002
