# Number of modes
   1077
# Tabulated for different initial and final frequencies?
    F
# Mode index, Sj, (highest to lowest), omega_j
    547  1.697841944875343E-002  1.040413527560943E+002
    436  1.467421339361924E-002  5.562240782737462E+001
     27  1.409896844613640E-002  2.288948685305089E+001
    392  5.954120000489917E-003  4.975569880244111E+001
    384  5.638318938181362E-003  4.693482184770667E+001
     65  5.599238571110457E-003  2.645533186342116E+001
    390  4.723314294224127E-003  4.930034545373515E+001
   1060  4.143857614184602E-003  1.336329109810919E+002
      7  3.963186643227271E-003  1.598850297870253E+001
     32  3.959248849660334E-003  2.386019687247388E+001
   1070  2.609222286074430E-003  1.350535885837313E+002
     29  2.604434616692775E-003  2.304600720746813E+001
    298  2.417287905608046E-003  3.860785506393049E+001
     38  2.244234636784633E-003  2.415274881711009E+001
    393  2.237581808042725E-003  5.117422678475859E+001
      8  2.205367684894442E-003  1.603898235084092E+001
     23  2.193505764036045E-003  2.160694502786773E+001
    188  2.191934662390282E-003  3.343297855491465E+001
    438  2.120192806850823E-003  5.568774314714533E+001
    466  2.094990503374357E-003  5.848631456847294E+001
     37  1.950854767881689E-003  2.413005277682491E+001
    381  1.854554967512694E-003  4.623753374880091E+001
    308  1.828249941824274E-003  3.924824416979163E+001
      4  1.826935831429053E-003  1.555889535187236E+001
   1053  1.816401564117330E-003  1.331993000158318E+002
    108  1.770647962914038E-003  2.884206820739177E+001
   1072  1.743025281165574E-003  1.354275255218108E+002
     24  1.729886207894263E-003  2.165827626673025E+001
    452  1.724561335542499E-003  5.732416656661538E+001
    248  1.598576739796575E-003  3.617742791171408E+001
    539  1.581925442976878E-003  1.004038214764926E+002
   1066  1.539813968041055E-003  1.341339055776214E+002
    358  1.537682592165762E-003  4.418411045040358E+001
     70  1.512370624324779E-003  2.683332853591699E+001
     60  1.507221658744373E-003  2.612817271153773E+001
    253  1.470209147428475E-003  3.690338042035397E+001
    422  1.450836469729457E-003  5.478392604221921E+001
    926  1.425719672692947E-003  1.269935099435139E+002
     35  1.403839847202052E-003  2.406163852032448E+001
    546  1.303839224974684E-003  1.038908634804570E+002
    998  1.170946129053358E-003  1.301241144683907E+002
    387  1.129005649696614E-003  4.845493173747810E+001
     40  1.124086490097145E-003  2.429142631572386E+001
    537  1.122149518097897E-003  7.348438751630307E+001
    563  1.118831599614001E-003  1.058622417292547E+002
     64  1.083467613456556E-003  2.637954322898939E+001
   1064  1.062994726405046E-003  1.339182935247794E+002
     71  1.020197462329659E-003  2.691074291878593E+001
    114  8.989996324363070E-004  2.903390568794284E+001
    544  8.948568082962114E-004  1.037287728441322E+002
    166  8.663857150948536E-004  3.197534022905977E+001
    157  8.586975139273955E-004  3.136040875348826E+001
   1044  8.450797290602927E-004  1.320835593454495E+002
   1048  8.370414796319735E-004  1.325281096806480E+002
    551  8.281010699440847E-004  1.044758850995860E+002
    535  7.860227014679530E-004  7.234684016852472E+001
    454  7.637535566345721E-004  5.753531790534946E+001
    453  7.436952058225942E-004  5.734859743017803E+001
    151  7.258779799048669E-004  3.097448214004631E+001
    566  7.181414308762507E-004  1.060197199307676E+002
    875  7.174042671631890E-004  1.206504418490652E+002
     18  7.143817300652685E-004  2.124694793769305E+001
    549  7.105289560076312E-004  1.043755820157491E+002
    299  6.977408861172007E-004  3.861147003050849E+001
    165  6.944810102785900E-004  3.194792507678593E+001
     17  6.906548855885080E-004  2.091913438766164E+001
    306  6.890939390829018E-004  3.922583615449084E+001
    554  6.564211134997748E-004  1.048978551747549E+002
     58  6.514815045065852E-004  2.603619761911758E+001
   1016  6.478750050299727E-004  1.306784011483153E+002
    195  6.476993903363304E-004  3.399004655216064E+001
    245  6.104551897633338E-004  3.584895809931362E+001
    236  5.747727618099875E-004  3.558504171265294E+001
    185  5.732217852973141E-004  3.329017879350934E+001
     51  5.469974577396030E-004  2.527497960196780E+001
    698  5.446567329479981E-004  1.111543499618823E+002
    446  5.101740090425105E-004  5.657515742254393E+001
    970  5.075680765070005E-004  1.288440499253601E+002
   1074  5.038565714313335E-004  1.357832717908243E+002
    301  4.920921384720016E-004  3.874125966254066E+001
    241  4.900001396352398E-004  3.573178726353736E+001
   1001  4.802128766594875E-004  1.301907504163165E+002
     54  4.784498676499002E-004  2.537118147105558E+001
    992  4.735397814898074E-004  1.299169051159237E+002
     39  4.692513526104119E-004  2.419216907562118E+001
     90  4.313561213256259E-004  2.792299487571685E+001
    251  4.183955337570818E-004  3.670193646720268E+001
    666  3.973131489745343E-004  1.096961217429448E+002
    418  3.971983398661275E-004  5.440760214654593E+001
    233  3.869906094798032E-004  3.536858076063520E+001
    199  3.841162619439476E-004  3.411214171315592E+001
    383  3.785608127769899E-004  4.665506804468283E+001
   1069  3.783090675701081E-004  1.347402109836953E+002
     12  3.768136470572534E-004  1.791855268392995E+001
    543  3.760015429132982E-004  1.026098663261161E+002
    169  3.639390913876816E-004  3.225245008090104E+001
    173  3.570033949665280E-004  3.267731285541730E+001
      5  3.540926499586134E-004  1.580375607842547E+001
     31  3.519308303258890E-004  2.349957735236975E+001
   1052  3.511514608214954E-004  1.330891459743712E+002
    937  3.481422282566147E-004  1.275975168353670E+002
    330  3.369417813146138E-004  4.000719691328421E+001
    492  3.365418620840053E-004  5.919740097208313E+001
   1055  3.361871854840846E-004  1.332315483337306E+002
     45  3.230305040964947E-004  2.505629895200580E+001
    290  3.220118374962048E-004  3.834059039797889E+001
    479  3.219922901604770E-004  5.886156225440574E+001
    380  3.100577381750697E-004  4.621788456267294E+001
     20  2.947798669148335E-004  2.146722812704134E+001
    229  2.927862893720597E-004  3.477639317683153E+001
    578  2.911915158135860E-004  1.068696587706935E+002
   1067  2.910297061963199E-004  1.341872351276505E+002
    223  2.897638838102582E-004  3.452101188794168E+001
    456  2.834651336267373E-004  5.758475825352298E+001
    425  2.819339860170197E-004  5.512885982268182E+001
    111  2.816184580446581E-004  2.891758955889047E+001
    142  2.811852051619976E-004  3.011700635419402E+001
    431  2.796488020674595E-004  5.545822575490884E+001
    182  2.776874865988444E-004  3.313118961536368E+001
    254  2.741234078019943E-004  3.696870162494890E+001
    700  2.737367267702944E-004  1.112187707043413E+002
    400  2.661241027413669E-004  5.304406357850599E+001
    186  2.655634316310646E-004  3.335079910483972E+001
    919  2.654024793014733E-004  1.264669767465423E+002
    474  2.516349502876019E-004  5.866520048333617E+001
     14  2.474542432060476E-004  2.047451167645159E+001
    148  2.469142793907350E-004  3.055713011308698E+001
    593  2.458974561519104E-004  1.074633420950339E+002
      2  2.415044285529351E-004  1.507477314615795E+001
    207  2.408140384399791E-004  3.419271829752626E+001
     41  2.384181995894714E-004  2.434332602389209E+001
    694  2.313328056716641E-004  1.110208923005156E+002
     33  2.311538579352914E-004  2.387502434282544E+001
    785  2.293773313182185E-004  1.156515149006221E+002
    132  2.287000124396323E-004  2.978147182311027E+001
    312  2.277858118469412E-004  3.940338989709551E+001
   1042  2.273617918593328E-004  1.319938555239870E+002
    690  2.270590038748356E-004  1.109553167085971E+002
    103  2.266198739352888E-004  2.854698030319213E+001
    929  2.251854297603649E-004  1.272324166790593E+002
    119  2.232598378841058E-004  2.929038281335912E+001
    973  2.162843697864599E-004  1.290303348922233E+002
    572  2.160683136113941E-004  1.066354688575440E+002
    105  2.157459713207804E-004  2.872870804936272E+001
    198  2.149942068958966E-004  3.410095577154824E+001
    255  2.135951044216549E-004  3.705801266502003E+001
    442  2.119853959885019E-004  5.605259237502305E+001
   1062  2.088297491981836E-004  1.338537297016246E+002
     16  2.078012543127717E-004  2.083990463296455E+001
    928  2.068899759668397E-004  1.271758190169006E+002
    378  2.055934355527485E-004  4.609481655347708E+001
    344  2.045826954545447E-004  4.229281490750487E+001
    347  2.041450912848256E-004  4.251894246220620E+001
    552  2.028691256466349E-004  1.045004516183760E+002
    333  2.002177703091930E-004  4.050570323460023E+001
    844  1.993179403164267E-004  1.182236522024691E+002
    585  1.987572502275291E-004  1.071721890576240E+002
    161  1.940454661793516E-004  3.141544799468193E+001
     42  1.919005503085280E-004  2.442065503900721E+001
    230  1.915139902635997E-004  3.507000892128892E+001
     73  1.909442354292983E-004  2.704395448663374E+001
    536  1.904415956047833E-004  7.244369170766353E+001
    708  1.882094470277990E-004  1.116659378913442E+002
    762  1.880180783304278E-004  1.134504722361933E+002
    300  1.866929301484749E-004  3.871033423098082E+001
    897  1.849071165856788E-004  1.233154024205701E+002
    716  1.829679506097428E-004  1.119313653155845E+002
    172  1.829213673623639E-004  3.254695536480502E+001
     92  1.822748870945585E-004  2.796966533379813E+001
    327  1.801035000406474E-004  3.980649710729982E+001
   1000  1.797558230442053E-004  1.301375093272533E+002
    783  1.778890880364623E-004  1.155776779712016E+002
   1075  1.775651282685566E-004  1.852007864492208E+002
    478  1.764502477352194E-004  5.880478287498814E+001
    460  1.755866164054047E-004  5.821511818989060E+001
    553  1.754788739348504E-004  1.045844149005738E+002
     79  1.744411140335355E-004  2.728143790603452E+001
    386  1.725341618330654E-004  4.778448827008048E+001
     67  1.723561136876813E-004  2.663955326886673E+001
    164  1.710273873071660E-004  3.156123118588701E+001
    192  1.679222015814186E-004  3.373139183933635E+001
    997  1.651828317608274E-004  1.300952728722026E+002
    848  1.626224514812569E-004  1.185512117490796E+002
   1057  1.623262541602875E-004  1.332882698940204E+002
     11  1.611502600713316E-004  1.771447447329438E+001
    868  1.604817810043248E-004  1.199994649602093E+002
    433  1.593446535719319E-004  5.552394895078822E+001
    480  1.564096478760335E-004  5.887142017505539E+001
    115  1.561164235571007E-004  2.908676806680809E+001
    459  1.555510609973672E-004  5.797524108925945E+001
    981  1.552616002260871E-004  1.292686845988868E+002
    725  1.532174509341874E-004  1.122622575126908E+002
    156  1.529403047562553E-004  3.133959801814033E+001
    450  1.507332370957232E-004  5.723022636777802E+001
    503  1.481605970141068E-004  6.062899617907863E+001
     85  1.476736241106851E-004  2.757726243328665E+001
    774  1.458720028547526E-004  1.147299018357027E+002
     10  1.420883616576176E-004  1.630017574824609E+001
    952  1.417911081794388E-004  1.282170243378332E+002
   1005  1.413630346082758E-004  1.302961950162389E+002
    180  1.408397609695918E-004  3.306959511625761E+001
     86  1.394546107497094E-004  2.760340701365068E+001
    319  1.384608114072190E-004  3.955367029075058E+001
     69  1.381051142814824E-004  2.667931486079132E+001
     89  1.370873463278051E-004  2.787565477396676E+001
    283  1.343214898501330E-004  3.781664732037148E+001
    153  1.321678339840007E-004  3.119128674334460E+001
    310  1.317619565891167E-004  3.933560718805473E+001
    303  1.312548192981992E-004  3.891633174738261E+001
    686  1.275831587802843E-004  1.108321598991433E+002
    421  1.268018075845733E-004  5.469982084171487E+001
    691  1.260244210545484E-004  1.109942746792360E+002
    318  1.260106600661882E-004  3.952690512520030E+001
     74  1.239688389014688E-004  2.706787664592100E+001
    292  1.227203890335241E-004  3.837765227419467E+001
    810  1.192635580354515E-004  1.168542717379606E+002
    724  1.180855803414421E-004  1.122474317356576E+002
    768  1.179026677673791E-004  1.140511281344195E+002
     95  1.177928864772995E-004  2.806113631432304E+001
    190  1.176948203956678E-004  3.352213579831744E+001
    247  1.175496320815253E-004  3.613855018049320E+001
    402  1.164038691105909E-004  5.323403324336612E+001
   1041  1.154314252131392E-004  1.318604688563310E+002
    396  1.149012508053171E-004  5.292259014309509E+001
     43  1.148441888112373E-004  2.485090944939308E+001
    482  1.135891469928390E-004  5.890508639424976E+001
    332  1.132672759978685E-004  4.036182328117159E+001
    483  1.130192684391251E-004  5.892865432514233E+001
    540  1.128880362034352E-004  1.019596674086986E+002
    613  1.112909601439128E-004  1.081325074305931E+002
    826  1.104702471059772E-004  1.174535409692338E+002
     53  1.098217628200340E-004  2.532427500710937E+001
    348  1.090734757223538E-004  4.278252907839931E+001
     66  1.074497198354463E-004  2.653041695388611E+001
    409  1.042253977255441E-004  5.377950655266745E+001
     36  1.028413228337517E-004  2.408548968715760E+001
    291  1.027835211966382E-004  3.834865717601958E+001
    403  1.021761345931401E-004  5.332276567118551E+001
    259  1.012820929741774E-004  3.731129763636223E+001
     81  1.011860258062386E-004  2.737831616504717E+001
    183  1.010286217486672E-004  3.317747871488443E+001
     57  1.004422478317904E-004  2.601044601303876E+001
     46  1.002756441317631E-004  2.508968851186969E+001
    202  9.917743112421988E-005  3.414693728338715E+001
    507  9.917332779135119E-005  6.098134465730102E+001
    143  9.849034250482195E-005  3.021552765862468E+001
    467  9.797942140654550E-005  5.850070475174659E+001
    222  9.781654703198818E-005  3.444665555523785E+001
    295  9.712588442263587E-005  3.844649820311862E+001
    730  9.611209214996876E-005  1.124678820560711E+002
    359  9.598689817880698E-005  4.440820660542785E+001
    238  9.593909329387072E-005  3.562010162214489E+001
    232  9.585031661379292E-005  3.530982942235851E+001
    921  9.379007462470028E-005  1.266347372507485E+002
    221  9.275846300985114E-005  3.444064242877499E+001
    789  9.147633554913552E-005  1.157939903252585E+002
    155  9.130967687998723E-005  3.129077640287002E+001
    702  9.126639403923916E-005  1.112791472783473E+002
    289  9.070126846458433E-005  3.832422991649202E+001
   1008  9.034332352578433E-005  1.304054287055121E+002
    101  8.818735291382837E-005  2.816121926613436E+001
    516  8.745481657733175E-005  6.114879167768425E+001
    184  8.694944456525136E-005  3.328145954751520E+001
    948  8.681907955492138E-005  1.280530341997139E+002
    673  8.635575610102453E-005  1.101090602242966E+002
    322  8.629168071671362E-005  3.962934885257222E+001
    279  8.595416207068289E-005  3.776291602598710E+001
    464  8.400346396211051E-005  5.841767339850505E+001
   1071  8.303706300566623E-005  1.353191143310252E+002
    329  8.178599310346793E-005  3.994917835777716E+001
   1029  8.166578989271975E-005  1.312589073638632E+002
    838  8.132781449139478E-005  1.178077045912047E+002
    282  8.043663293133462E-005  3.781601762519486E+001
    765  7.990980014825375E-005  1.138034732037320E+002
    189  7.979348930863175E-005  3.348575581421191E+001
    458  7.935568858199337E-005  5.780961640938520E+001
    918  7.915536138892222E-005  1.263810693695273E+002
    141  7.814044939974843E-005  3.005205957969120E+001
    309  7.772778782752717E-005  3.929268620446922E+001
    294  7.755324096796449E-005  3.844005427068350E+001
    995  7.715926171781807E-005  1.300556822463785E+002
    209  7.650108732719458E-005  3.420776675567321E+001
    212  7.636933055353452E-005  3.425448747044050E+001
    239  7.523047534502801E-005  3.564788119351169E+001
    256  7.494477364193511E-005  3.708485200545782E+001
    719  7.442040553395053E-005  1.120361196403708E+002
    559  7.395750956372312E-005  1.054467335457494E+002
    658  7.389509186740723E-005  1.092752908733605E+002
    168  7.380107364175747E-005  3.223239881301075E+001
     21  7.356740978833397E-005  2.149552581175353E+001
    417  7.348898226362069E-005  5.432386496665636E+001
    258  7.269810006824846E-005  3.725675246841864E+001
    525  7.258524432317843E-005  6.201689187624501E+001
    917  7.236425390400650E-005  1.262583151256411E+002
    331  7.058921524241006E-005  4.033978069592825E+001
   1050  7.028663438660015E-005  1.326682006609648E+002
    325  6.967071617777716E-005  3.979678053884171E+001
    587  6.888988758075519E-005  1.072564562863978E+002
   1047  6.873592239107965E-005  1.324683504365100E+002
    356  6.862094444369270E-005  4.399929676237998E+001
    174  6.804854107981578E-005  3.277024257542895E+001
    462  6.790528118297790E-005  5.834568949164402E+001
    341  6.781564250602535E-005  4.207899368185591E+001
    208  6.779527582046732E-005  3.420400517096608E+001
    514  6.650608961398362E-005  6.112143562944963E+001
     34  6.636544908626994E-005  2.394870774261297E+001
    434  6.601116647836988E-005  5.556859477681133E+001
    778  6.592671591331747E-005  1.153062331743218E+002
    475  6.584538947307309E-005  5.870955367754343E+001
    134  6.541570339279953E-005  2.989081555609098E+001
    602  6.521555535043806E-005  1.078335831208874E+002
    138  6.519483797453445E-005  2.998810658959070E+001
    231  6.475127355817007E-005  3.529195130720404E+001
   1020  6.282231324161142E-005  1.308300137670077E+002
   1039  6.275684045448055E-005  1.317789778316224E+002
    304  6.255646071641831E-005  3.902642388250331E+001
    240  6.239596251862162E-005  3.568815433410965E+001
    611  6.117258629780675E-005  1.080609110523806E+002
    205  6.116864437005556E-005  3.418138862993963E+001
    564  5.959505111371379E-005  1.059223740174141E+002
    763  5.872201380184791E-005  1.136578287383470E+002
   1013  5.851641495132992E-005  1.306191025791559E+002
    909  5.822395548799317E-005  1.256671150468244E+002
    843  5.776296188403073E-005  1.181049125326048E+002
    977  5.722033956185562E-005  1.291448023039548E+002
    391  5.707161894515069E-005  4.935295074539214E+001
    979  5.670399507769998E-005  1.292073280791942E+002
    401  5.638930139782600E-005  5.310952948046032E+001
    947  5.629256871627792E-005  1.280025795512814E+002
     62  5.602202704709562E-005  2.630569023157911E+001
    512  5.522640321844206E-005  6.110465593383906E+001
    145  5.515275283923763E-005  3.035386176419680E+001
    821  5.476814639213945E-005  1.173213489801490E+002
    678  5.404073092250255E-005  1.105298402911861E+002
    116  5.381340665029976E-005  2.910094471225916E+001
    902  5.359602355352785E-005  1.246861225619736E+002
    991  5.294158697329987E-005  1.298309517843196E+002
     50  5.223522909078440E-005  2.524792740229145E+001
    280  5.217490019941723E-005  3.777070006257392E+001
    984  5.212873510420461E-005  1.293776492189174E+002
      6  5.206352308577206E-005  1.593905863128156E+001
    907  5.179169493872243E-005  1.254774984052440E+002
    962  5.171845903739204E-005  1.284190833846668E+002
    106  5.129008451295835E-005  2.873147041157064E+001
    426  5.125518511294605E-005  5.521112029631625E+001
    938  5.027391854247110E-005  1.276246332177813E+002
    486  5.001248915965982E-005  5.898078655703418E+001
    385  4.957547412936581E-005  4.744969147605799E+001
    411  4.945570663249799E-005  5.390414096058870E+001
    352  4.775319802453194E-005  4.345183818831803E+001
    218  4.728423486926220E-005  3.434087154455664E+001
    131  4.724665177224912E-005  2.976719894627799E+001
    630  4.721802869668189E-005  1.086464564510315E+002
   1061  4.717126041206075E-005  1.338239896777959E+002
    609  4.703955074102406E-005  1.080529774194348E+002
     26  4.622718331977276E-005  2.275577786050195E+001
    615  4.534190605851186E-005  1.081646255451844E+002
    560  4.516732402455500E-005  1.057397922085461E+002
    296  4.419268917334054E-005  3.847026909032138E+001
    196  4.387818708277310E-005  3.402217963204272E+001
     94  4.332804562269255E-005  2.803048707399637E+001
    320  4.313643529798035E-005  3.958466091098631E+001
   1026  4.252071264835599E-005  1.310988308446859E+002
    493  4.200560779983000E-005  5.956939432616837E+001
    745  4.192368685130471E-005  1.127541380335163E+002
    435  4.130854152354906E-005  5.559833163642786E+001
    440  4.097471427112084E-005  5.589934491235444E+001
    545  4.087168104992060E-005  1.038885725205099E+002
    489  4.066024850676276E-005  5.906665573291085E+001
    382  4.017624303579787E-005  4.661435463500721E+001
     75  3.984229826072706E-005  2.717284531466260E+001
    557  3.980952582238850E-005  1.053298087456868E+002
    617  3.956412341752775E-005  1.082069188907082E+002
    321  3.945848963839924E-005  3.959878738143280E+001
    538  3.929278555758865E-005  8.801939400846273E+001
    150  3.908964559211467E-005  3.095380367517388E+001
    121  3.904419916270528E-005  2.937009161569695E+001
    803  3.878130245057446E-005  1.163959410830473E+002
    865  3.875324209345981E-005  1.195233182598442E+002
    336  3.834167890977996E-005  4.106442919982931E+001
    485  3.828736144826730E-005  5.896971858223063E+001
    444  3.745482431960872E-005  5.640873014994138E+001
    687  3.743504848058167E-005  1.108477970364615E+002
    680  3.699671205591711E-005  1.106808485277705E+002
    379  3.695622997372788E-005  4.610002508350383E+001
    945  3.684401969802742E-005  1.278945431870569E+002
    335  3.663055332884440E-005  4.064698242871874E+001
    133  3.662657893790534E-005  2.980777525245198E+001
    394  3.649034423977588E-005  5.275338077531283E+001
   1011  3.642468462346722E-005  1.305590563134582E+002
    468  3.639115924836058E-005  5.850419738659161E+001
    357  3.596314945617597E-005  4.413715889769129E+001
    338  3.585769511927913E-005  4.143596746217444E+001
    419  3.559341905012057E-005  5.447434435004674E+001
    451  3.556568916785119E-005  5.726939793781466E+001
    960  3.538329336161936E-005  1.283710541965592E+002
    568  3.404602864928643E-005  1.063884322375297E+002
    293  3.364956855086166E-005  3.840315559517953E+001
    326  3.364729400803751E-005  3.980074663620405E+001
    249  3.355285838294135E-005  3.643158917315001E+001
    871  3.351972772146864E-005  1.204638135739833E+002
    389  3.250814450880933E-005  4.924612888004685E+001
    515  3.247429049367685E-005  6.113166482037749E+001
     19  3.211025943464922E-005  2.137958735177528E+001
    517  3.210481546729692E-005  6.116283191518230E+001
    272  3.182438083015225E-005  3.770876893490352E+001
    835  3.180529144034135E-005  1.176766134664512E+002
     96  3.162399197786280E-005  2.807603105873968E+001
    836  3.123935219652742E-005  1.177792466123822E+002
    314  3.116067115153897E-005  3.944402428691944E+001
    125  3.099971380576897E-005  2.955205187993630E+001
    275  3.085518966827023E-005  3.771871208633355E+001
     55  3.072742255813476E-005  2.564739582447731E+001
    523  3.064256007219120E-005  6.195141091349550E+001
   1058  3.062385838438605E-005  1.334381531708862E+002
    975  3.035927151915593E-005  1.290479361570385E+002
    112  3.031711328625464E-005  2.893182478938967E+001
     91  2.993786669265829E-005  2.795709450840539E+001
    281  2.984169306887087E-005  3.778222215271058E+001
    158  2.983429517866476E-005  3.138637587596471E+001
    455  2.969094947016201E-005  5.757818593173593E+001
     30  2.943855264542337E-005  2.339033246897357E+001
     98  2.942648371803409E-005  2.810036398063808E+001
    481  2.922823965827224E-005  5.889564718758225E+001
    842  2.920646426363580E-005  1.180365480395604E+002
    502  2.920025469960591E-005  6.033057478557798E+001
    102  2.911342351048787E-005  2.838723287464182E+001
    944  2.901971431649223E-005  1.278264506290159E+002
    873  2.862221144613176E-005  1.205400953636918E+002
   1022  2.855242504239627E-005  1.309570316227355E+002
    772  2.817528064361345E-005  1.144444014986270E+002
    262  2.776461027589160E-005  3.754826259370084E+001
    832  2.771697541182426E-005  1.176150872586579E+002
    316  2.760847279751650E-005  3.947722492082590E+001
    742  2.759242393633221E-005  1.126546326383816E+002
    618  2.751024404551508E-005  1.083041655146542E+002
    214  2.735888671576373E-005  3.429158842681225E+001
    288  2.730687057728409E-005  3.825168870868715E+001
     97  2.721881346115171E-005  2.809615145046481E+001
    565  2.712451146088285E-005  1.059848591127986E+002
      1  2.706132594041828E-005  1.480943860687432E+001
    107  2.678199434634472E-005  2.880093649968087E+001
    430  2.617706933776177E-005  5.544226538226409E+001
    756  2.603343557592892E-005  1.131019348749128E+002
    337  2.592513403085378E-005  4.125439580477820E+001
    580  2.582735430945325E-005  1.069063882425304E+002
   1018  2.570300382871976E-005  1.307425624046459E+002
    497  2.542540680066029E-005  5.984833423050026E+001
    194  2.422546793907480E-005  3.388123191050668E+001
    432  2.413363162082204E-005  5.551253331854516E+001
    246  2.409892957835713E-005  3.612200287477440E+001
    449  2.400939355407423E-005  5.713782918039372E+001
    104  2.383691139300720E-005  2.863475114667724E+001
    916  2.380688443418893E-005  1.261858055404796E+002
    407  2.380292730007983E-005  5.355040632372296E+001
    237  2.370310486937347E-005  3.561350513334219E+001
     78  2.351628043046412E-005  2.724001953302053E+001
    972  2.320642372931246E-005  1.289491342298440E+002
    600  2.315418319985540E-005  1.078192567961393E+002
    940  2.314959042844569E-005  1.277053477702196E+002
     84  2.311423775389500E-005  2.748397341497807E+001
    802  2.300172315160021E-005  1.163074247182627E+002
    167  2.290763822960419E-005  3.206734480721192E+001
    659  2.279694722168832E-005  1.093169473413985E+002
    324  2.262332367769856E-005  3.965813849875591E+001
     28  2.218306138961511E-005  2.303576073275412E+001
    437  2.217709109318832E-005  5.567668099873953E+001
    128  2.208498752102718E-005  2.964876822252022E+001
   1076  2.190813415827100E-005  1.858411948136732E+002
    242  2.187907390375627E-005  3.575330164903793E+001
    473  2.184648587001180E-005  5.864875851961727E+001
    930  2.178929821906742E-005  1.272550109882912E+002
    307  2.154847640952943E-005  3.924418415703018E+001
    667  2.145444833459021E-005  1.098231148083649E+002
    649  2.093286329866000E-005  1.089557122086210E+002
    681  2.092612947943525E-005  1.107150530846271E+002
    654  2.082965630532931E-005  1.091774321289355E+002
    374  2.081561374326097E-005  4.576894168844035E+001
   1021  2.063673715315807E-005  1.308784400027895E+002
    215  2.053029365690142E-005  3.430912489816387E+001
    397  2.051139271212121E-005  5.292984574180642E+001
    555  2.048466733500577E-005  1.049505825405343E+002
    604  2.021015025029325E-005  1.078901483894559E+002
    413  2.015997095063078E-005  5.407796767412047E+001
    147  2.006346758200921E-005  3.045498909450352E+001
    755  1.980496854494002E-005  1.130537195644052E+002
    377  1.962943861388648E-005  4.580996274485975E+001
    118  1.920032017465771E-005  2.927665934202001E+001
    261  1.907746956329766E-005  3.751537038816641E+001
    109  1.888865838088443E-005  2.888359254004277E+001
    588  1.886033893088931E-005  1.072780161282308E+002
    676  1.883622454925637E-005  1.102968009656115E+002
     77  1.869631166030676E-005  2.720977418778346E+001
    964  1.865998887446834E-005  1.284811881676410E+002
   1006  1.863041455430465E-005  1.303473844140781E+002
    571  1.847020602184539E-005  1.065760725477823E+002
    219  1.810933523420863E-005  3.435584966495736E+001
    623  1.798130619545704E-005  1.084311616311891E+002
    162  1.795808080960391E-005  3.142013005221356E+001
    395  1.777493883135049E-005  5.279005865968511E+001
    123  1.743921391386583E-005  2.945706723223188E+001
    487  1.743735835872901E-005  5.901096182276392E+001
    954  1.726025579322408E-005  1.282848493157465E+002
    733  1.722818093756555E-005  1.125211996768446E+002
      3  1.713071608565832E-005  1.530095081680193E+001
    689  1.712952120050598E-005  1.108992280227757E+002
    135  1.702925967555557E-005  2.990996926970350E+001
    808  1.700900413626808E-005  1.166438640424820E+002
    717  1.691628227081334E-005  1.119901298340990E+002
    427  1.661436490554854E-005  5.530625255614972E+001
    179  1.655878618640803E-005  3.301071504933698E+001
    343  1.646713158511121E-005  4.223776350771931E+001
    573  1.645064927080881E-005  1.066520968004064E+002
     68  1.610775300553373E-005  2.665958995788216E+001
     61  1.603791773639187E-005  2.623624111749398E+001
    877  1.591227636140973E-005  1.207635072396237E+002
    712  1.574106486962506E-005  1.118479116964762E+002
    346  1.540681360527112E-005  4.251353138364797E+001
    213  1.527754589408511E-005  3.426923698719692E+001
    137  1.525951664566071E-005  2.996307755422044E+001
    429  1.522873937440645E-005  5.542704693693687E+001
    671  1.512611269148612E-005  1.100461630260976E+002
    500  1.507927378653166E-005  6.016266526055261E+001
    149  1.478548421255287E-005  3.064428879965062E+001
   1063  1.475923014651506E-005  1.338610239777397E+002
    533  1.468395511921656E-005  6.344214913117692E+001
   1031  1.440189741677579E-005  1.313824495210718E+002
    784  1.418049022150753E-005  1.156115101864969E+002
    305  1.416731268096120E-005  3.919092577852600E+001
     15  1.413119932796670E-005  2.077312965636918E+001
    360  1.402239075720239E-005  4.501412031898634E+001
    524  1.385008604469846E-005  6.196836567938324E+001
    260  1.377981682190835E-005  3.745846822965304E+001
    176  1.372605550475607E-005  3.283702642513862E+001
    582  1.358967838942564E-005  1.069886979669129E+002
    139  1.354737114367094E-005  3.001327528760398E+001
    267  1.350382741840710E-005  3.763942844703926E+001
    831  1.349550598352776E-005  1.175849164822640E+002
     80  1.345113295951436E-005  2.737665388114407E+001
    160  1.342133936431334E-005  3.140287364756382E+001
    521  1.342031551856370E-005  6.120499406654021E+001
    334  1.339880051512384E-005  4.055961280242965E+001
    528  1.337400171818515E-005  6.211763689923020E+001
    276  1.334366397565099E-005  3.774173651101562E+001
    646  1.328171971471513E-005  1.089039652974663E+002
    663  1.325521482528433E-005  1.095408569103236E+002
    558  1.304151520551821E-005  1.054235904423783E+002
     83  1.303790033972788E-005  2.745200449399356E+001
    311  1.302315672153476E-005  3.939193935233331E+001
    983  1.293674650742221E-005  1.293699640118089E+002
    883  1.293504154629993E-005  1.212822283474710E+002
    476  1.292012329819750E-005  5.874284760292872E+001
    741  1.287119362733097E-005  1.126383251241469E+002
    542  1.284661820202004E-005  1.021380905135569E+002
    117  1.279818654681126E-005  2.915145470361619E+001
    144  1.265827116304030E-005  3.023024488043693E+001
    632  1.265563119621921E-005  1.086732063917954E+002
     88  1.259048356139921E-005  2.776495450944637E+001
    610  1.245201571984071E-005  1.080548791140610E+002
     99  1.242439167722629E-005  2.813215700322161E+001
    317  1.203402508431497E-005  3.952108816795088E+001
    243  1.179027461202503E-005  3.580427376176280E+001
    863  1.145979852725063E-005  1.194780899982511E+002
      9  1.134300583137226E-005  1.615282072713023E+001
    405  1.128982072623655E-005  5.340951413863353E+001
    274  1.120170964822471E-005  3.771469066363962E+001
   1077  1.119895724324621E-005  6.189178021453241E+002
    898  1.095951422775961E-005  1.236287338505038E+002
    100  1.083750991661312E-005  2.814590236831992E+001
    323  1.083536035829913E-005  3.963162035223775E+001
    361  1.079449950621146E-005  4.509188248244521E+001
     48  1.071667421649355E-005  2.521050943974308E+001
    655  1.068790366818738E-005  1.092114390318620E+002
    594  1.067647783276678E-005  1.075267994995216E+002
    966  1.054629636274710E-005  1.287120665380274E+002
    398  1.033529286799710E-005  5.298968704937109E+001
    120  1.030345917156345E-005  2.935022978395871E+001
    399  1.024112106431372E-005  5.300117686152819E+001
    636  1.021164918621162E-005  1.087412284437008E+002
    136  1.017613480407398E-005  2.995197020395121E+001
    439  1.017296995159886E-005  5.581771077364913E+001
    511  1.005787973832945E-005  6.108291035790679E+001
    905  1.004344450742853E-005  1.252963463377060E+002
    534  9.879777071302165E-006  6.352992396574133E+001
    140  9.873303525809863E-006  3.002380690834687E+001
    187  9.694244706088321E-006  3.338593491458187E+001
    531  9.625382826913201E-006  6.280622541285696E+001
    892  9.623443312858090E-006  1.223146913863671E+002
    113  9.602582973925035E-006  2.894608485543543E+001
    457  9.562724830743850E-006  5.770039153165104E+001
   1032  9.508034811790131E-006  1.314270448258869E+002
    795  9.444429020743000E-006  1.159446042090269E+002
    576  9.346998933300592E-006  1.068188420241767E+002
     93  9.193991396826458E-006  2.801831476528660E+001
    757  9.134980683980974E-006  1.131455979007981E+002
    825  9.113248090630292E-006  1.174155068731360E+002
    201  9.105157304091306E-006  3.413905621996786E+001
    597  9.093539920699103E-006  1.076362394255561E+002
    820  9.003791693283595E-006  1.173160626674297E+002
    721  8.976819469043966E-006  1.121902054803930E+002
    216  8.865009044635608E-006  3.431915233475488E+001
    683  8.798929845828659E-006  1.107854094171573E+002
    674  8.791051634317604E-006  1.101627157855635E+002
    548  8.635627708113052E-006  1.041098140943872E+002
     44  8.611645329970535E-006  2.487547588775838E+001
    234  8.600291353056824E-006  3.541632958107625E+001
    605  8.543674352248810E-006  1.079476682950407E+002
   1033  8.406827435431874E-006  1.314921549657209E+002
    968  7.884015126309706E-006  1.287893908307005E+002
    816  7.863308665546553E-006  1.170854692244173E+002
    561  7.836109881642020E-006  1.057823475786052E+002
    760  7.711341388575630E-006  1.133648679091437E+002
    616  7.640087296568803E-006  1.081902144651443E+002
    569  7.498119131393971E-006  1.064024371239422E+002
    339  7.260155239958498E-006  4.199721405536648E+001
    854  7.207773220244826E-006  1.190938927222375E+002
     76  7.185312470175223E-006  2.719040433196805E+001
    270  7.100497939737918E-006  3.767493462479421E+001
    880  6.960935835343745E-006  1.209811659012211E+002
    746  6.870045197794800E-006  1.128150956859242E+002
    404  6.866147012871000E-006  5.332919471058649E+001
    369  6.785773815944753E-006  4.556664797594529E+001
    441  6.761495371671544E-006  5.602297434426368E+001
    596  6.746126006459216E-006  1.076305596761092E+002
    713  6.742349333639989E-006  1.118750446375970E+002
    622  6.709588654954420E-006  1.084041586407917E+002
    894  6.683449713810592E-006  1.226855190700912E+002
    126  6.661854931896316E-006  2.957864372821811E+001
    584  6.584947946467353E-006  1.071415131646536E+002
    817  6.553673030682309E-006  1.171745914510001E+002
    364  6.482072068460518E-006  4.528995878587361E+001
    626  6.447743117350094E-006  1.085197354965440E+002
    244  6.429836170131563E-006  3.582009297825139E+001
    967  6.413492213351011E-006  1.287730879251822E+002
    351  6.351204083082688E-006  4.290814690346715E+001
    943  6.349186865593241E-006  1.278255860865938E+002
    532  6.338072494679640E-006  6.299204701993657E+001
    595  6.127115860735631E-006  1.075727311228692E+002
    577  6.110715848831462E-006  1.068269012623950E+002
    787  6.107588153550066E-006  1.157066821730262E+002
    932  5.986004939818163E-006  1.272890793904072E+002
    656  5.981787343878396E-006  1.092383325553483E+002
   1068  5.924987183243916E-006  1.342139437973118E+002
    583  5.866073724902800E-006  1.070323413352247E+002
    570  5.853766574728923E-006  1.064458450110351E+002
    193  5.776980831232338E-006  3.387383688791338E+001
    641  5.775876429732430E-006  1.088136450829588E+002
    171  5.722102767804633E-006  3.251692712246987E+001
    860  5.699776311166074E-006  1.193608179742887E+002
    796  5.657150818220880E-006  1.160406419035091E+002
    197  5.633642932240056E-006  3.407091137263039E+001
    529  5.631634022016169E-006  6.213305424318654E+001
    278  5.599118546059136E-006  3.775225448216675E+001
    177  5.566945965639458E-006  3.286305119332699E+001
    313  5.473799051970601E-006  3.941220320488696E+001
   1056  5.397845166704065E-006  1.332822863268028E+002
   1040  5.394131147132652E-006  1.318325334098182E+002
    749  5.316705837235116E-006  1.128862829609149E+002
    491  5.035453097077906E-006  5.916484178919298E+001
    950  4.995488316664159E-006  1.281356928004739E+002
    159  4.989653721312553E-006  3.140014259635325E+001
    220  4.974330806080093E-006  3.440936379612124E+001
    224  4.959782603597095E-006  3.456258153743839E+001
    913  4.899185457908032E-006  1.260963173315474E+002
    589  4.836748214611694E-006  1.073243551551986E+002
    624  4.745564736030593E-006  1.084534043855216E+002
    682  4.675404270267616E-006  1.107795174367904E+002
    257  4.657864153122432E-006  3.716053985696894E+001
    465  4.647349502451591E-006  5.845233409136720E+001
    541  4.629919094827809E-006  1.020561485810812E+002
    813  4.621021483690634E-006  1.170211975618395E+002
    367  4.553811875643017E-006  4.546665367422378E+001
    472  4.551643314928735E-006  5.860732378330380E+001
    518  4.538693520937714E-006  6.116565427175681E+001
    277  4.475422964357868E-006  3.774405278528796E+001
    851  4.435131483237493E-006  1.189105890777936E+002
    879  4.433285122401652E-006  1.208628531744268E+002
    340  4.359864397286721E-006  4.203744443197692E+001
    415  4.359170566367753E-006  5.409773008136273E+001
     22  4.337414551724991E-006  2.149928230079738E+001
    463  4.260199943785211E-006  5.840368106338346E+001
     72  4.251585765115753E-006  2.695844835194747E+001
    505  4.213247630647806E-006  6.089365906344585E+001
    697  4.181747434163140E-006  1.111168086390436E+002
    934  4.076537600896689E-006  1.274026915475210E+002
     87  3.988885928650699E-006  2.773505635732142E+001
    370  3.963780113600675E-006  4.562254251008403E+001
    608  3.950216548060161E-006  1.080310773431174E+002
    508  3.937522402575155E-006  6.101348113010317E+001
    408  3.927057155787367E-006  5.368647704938994E+001
    204  3.910009031559996E-006  3.416741852472765E+001
    152  3.842941792841980E-006  3.107793476288124E+001
    252  3.818259771967682E-006  3.681481496629917E+001
    350  3.745579169489177E-006  4.287084402122760E+001
    942  3.745438143067155E-006  1.277896527703618E+002
    355  3.723424142617724E-006  4.365668409738398E+001
     25  3.688434089277672E-006  2.268285797328677E+001
    751  3.641997229511330E-006  1.129352725370382E+002
    899  3.610084960150359E-006  1.237750393258326E+002
    495  3.596576523936338E-006  5.971063876484735E+001
    910  3.594318452675580E-006  1.258349422363612E+002
    754  3.547293487530798E-006  1.130532912402911E+002
    731  3.543963146700330E-006  1.124795031346507E+002
    498  3.526836549373839E-006  6.006055704270973E+001
    958  3.503099255552892E-006  1.283326337970340E+002
    709  3.487293447330232E-006  1.116986555393093E+002
    911  3.458223462911604E-006  1.258968376271585E+002
   1017  3.456450645726485E-006  1.307020085696559E+002
    206  3.453697318579785E-006  3.418711639611698E+001
    203  3.352638296050957E-006  3.415596231316062E+001
   1034  3.335726671376182E-006  1.314975717016592E+002
    639  3.329496370245268E-006  1.087924757147032E+002
    631  3.308572875937115E-006  1.086593678715634E+002
    461  3.291580634519765E-006  5.832169084274378E+001
    264  3.280948486144761E-006  3.760740200223662E+001
    504  3.252962730346401E-006  6.073767201700102E+001
    976  3.250586268658836E-006  1.291265023483052E+002
    366  3.246691357198786E-006  4.541480133184800E+001
    368  3.218090790167502E-006  4.552075151204606E+001
    696  3.169543039293905E-006  1.111110130672436E+002
    790  3.135348835604157E-006  1.158127479939932E+002
    665  3.120245621067635E-006  1.096195054263975E+002
    672  3.115849731028908E-006  1.100523893058521E+002
    509  3.107188608357669E-006  6.104665142125116E+001
    637  3.061477003721165E-006  1.087708716348475E+002
    695  3.045189598033107E-006  1.110404578737834E+002
    284  3.003507868320861E-006  3.794002386601017E+001
    669  3.000195035490620E-006  1.098991161820264E+002
    793  2.978329454785262E-006  1.158943894419280E+002
    227  2.948466847847971E-006  3.461221107986133E+001
    567  2.881549261562425E-006  1.061175767374582E+002
    625  2.870064497310300E-006  1.084878781680722E+002
    470  2.854401222212003E-006  5.858950887133865E+001
    447  2.837738669845282E-006  5.692641404400948E+001
    371  2.816811642534815E-006  4.567834615857563E+001
    522  2.809872824743528E-006  6.189501394570030E+001
    191  2.743317161718805E-006  3.372798248811258E+001
    799  2.737789107121331E-006  1.161655148393659E+002
    692  2.731772370084499E-006  1.109991362888409E+002
    633  2.727534962195904E-006  1.086770367044967E+002
    269  2.717187281865237E-006  3.766609016559832E+001
    744  2.710310209392483E-006  1.127340165661099E+002
    471  2.686459546014590E-006  5.859921299406331E+001
    579  2.662792219733137E-006  1.068810185812333E+002
    955  2.644540201493163E-006  1.283043098504922E+002
   1028  2.624323241520329E-006  1.312419762585663E+002
    250  2.590065860698879E-006  3.645071914574685E+001
    619  2.584595314354996E-006  1.083262496248409E+002
    375  2.582244837221379E-006  4.577921754207221E+001
    520  2.530304910754565E-006  6.117519869664547E+001
   1045  2.504167601180267E-006  1.322246800166877E+002
    794  2.414256466028568E-006  1.159299755047292E+002
   1027  2.405754755650333E-006  1.311414239553258E+002
    829  2.380717299502646E-006  1.175434491795728E+002
     59  2.378763589252546E-006  2.608228483109795E+001
    225  2.344071856475373E-006  3.458265676939745E+001
    670  2.319359131495627E-006  1.099218253642219E+002
    562  2.310100950540803E-006  1.058125905236654E+002
    648  2.293234025187743E-006  1.089328290594756E+002
    410  2.268296510552655E-006  5.380004782230375E+001
    684  2.267142576793346E-006  1.108055531440044E+002
    705  2.260657846540957E-006  1.114879185885843E+002
     82  2.237866082081572E-006  2.744742479332049E+001
    804  2.210061878068205E-006  1.164307012054320E+002
    349  2.200059186368826E-006  4.279212686889406E+001
    922  2.191434663840327E-006  1.267277337836395E+002
    342  2.174954282563668E-006  4.219280462450153E+001
    365  2.104077755864101E-006  4.540196146988517E+001
    688  2.100795837699527E-006  1.108652117541332E+002
     63  2.092846519955492E-006  2.633691355837915E+001
     52  2.078575213285947E-006  2.532370304309600E+001
    550  2.013141080950754E-006  1.044255141670578E+002
    776  1.962934060877737E-006  1.150535509847603E+002
    163  1.953545337377980E-006  3.148605603035891E+001
    210  1.946234333711192E-006  3.421873300884823E+001
    767  1.945283056020177E-006  1.139787538815297E+002
   1010  1.930992742161885E-006  1.305150376372933E+002
    915  1.907855877137514E-006  1.261627872997085E+002
    635  1.891988708587056E-006  1.087402789130293E+002
    758  1.884302761687607E-006  1.131945788764974E+002
    846  1.852903564121277E-006  1.183733977129572E+002
    722  1.819587702728599E-006  1.121989232781130E+002
    110  1.796140286728906E-006  2.890337161783228E+001
    414  1.772191574715653E-006  5.408443269732371E+001
   1038  1.763543258475009E-006  1.317153469634680E+002
    591  1.735003534431494E-006  1.073970459895217E+002
    643  1.718294244468562E-006  1.088529165631816E+002
    660  1.702846029052939E-006  1.093929129115852E+002
    664  1.701039928809926E-006  1.095868237421283E+002
    645  1.699296614997927E-006  1.088758352374567E+002
    599  1.670536117870354E-006  1.077354408464688E+002
    590  1.668677220184842E-006  1.073381491314167E+002
    728  1.668501158712581E-006  1.123911467240560E+002
    297  1.667097601794986E-006  3.850412000814609E+001
   1046  1.649546789800281E-006  1.322741703884410E+002
    574  1.647014517779436E-006  1.067089856517616E+002
    130  1.636995114190905E-006  2.969026097336859E+001
    200  1.636582835140232E-006  3.413076352937113E+001
    996  1.613184534382198E-006  1.300741546440489E+002
    895  1.604173281730292E-006  1.231922658586809E+002
    362  1.601718462805201E-006  4.520209191521082E+001
    732  1.596096718794472E-006  1.124809932511083E+002
    963  1.582774572903611E-006  1.284456810480366E+002
     13  1.551417404745767E-006  2.038781372204352E+001
    519  1.518816368296073E-006  6.116666091909611E+001
    936  1.484803799353559E-006  1.275963114471066E+002
   1059  1.481603239721288E-006  1.335352794510990E+002
    170  1.477482857572545E-006  3.240864442722207E+001
    887  1.466719107159234E-006  1.215278324822884E+002
    769  1.461534681573384E-006  1.141494817506874E+002
    903  1.437272465441498E-006  1.249295857950171E+002
    354  1.409803837254518E-006  4.358717802496741E+001
    707  1.330738014391688E-006  1.116484954290111E+002
    927  1.316240257941860E-006  1.271118445081471E+002
    154  1.315525569943701E-006  3.128025029310897E+001
    993  1.310819047319039E-006  1.299638892136509E+002
   1002  1.307301842522100E-006  1.301955720736593E+002
    228  1.302331264569861E-006  3.465329128304563E+001
    827  1.302301890918762E-006  1.174913134466901E+002
    896  1.298228517447242E-006  1.231967026860033E+002
    640  1.291581670796927E-006  1.088027953187827E+002
    706  1.274625508217885E-006  1.115644797142602E+002
    127  1.274535206710878E-006  2.958197907168710E+001
    699  1.240793261166447E-006  1.111753891148923E+002
    651  1.236296858352854E-006  1.090123807306586E+002
    791  1.230351527435307E-006  1.158399885308925E+002
    782  1.215894262325206E-006  1.155663554633046E+002
    920  1.215857972849132E-006  1.265729199247587E+002
    748  1.208008950848226E-006  1.128453459062848E+002
    178  1.205077479440370E-006  3.291892583427273E+001
    642  1.192980793600769E-006  1.088349318990273E+002
    302  1.182594661325188E-006  3.874867387838012E+001
    726  1.138865514967304E-006  1.123280306605216E+002
    862  1.129595780216351E-006  1.194326389788892E+002
   1065  1.126140867491069E-006  1.340986810838602E+002
    644  1.123976101299096E-006  1.088699046594824E+002
    855  1.104805941222366E-006  1.192335282432478E+002
    715  1.096117683055896E-006  1.119122168057061E+002
    800  1.076892767627890E-006  1.161811067685375E+002
   1035  1.061455337501546E-006  1.315022364948826E+002
    627  1.036599635865799E-006  1.085359599099982E+002
    530  1.020242015538625E-006  6.265828803408258E+001
    496  1.019431293748800E-006  5.977778544840232E+001
    373  1.012125000227433E-006  4.573517441489172E+001
    657  1.011444626202119E-006  1.092680437977900E+002
    634  9.707175197463398E-007  1.087110579745548E+002
   1030  9.691498551698600E-007  1.313677884464318E+002
    886  9.667100390447791E-007  1.214498350996194E+002
    226  9.209133371696669E-007  3.460914941435140E+001
    738  9.185228446986751E-007  1.126248828969786E+002
    601  8.847895413065140E-007  1.078222216339937E+002
    874  8.666200908472600E-007  1.206463359037059E+002
    990  8.523169227943650E-007  1.297249883032466E+002
    586  8.424052959540068E-007  1.072414988471015E+002
    677  8.368868152141976E-007  1.104103779431708E+002
    957  8.225433510209725E-007  1.283224605383935E+002
    840  8.178444537492684E-007  1.179674198090055E+002
    416  8.097312587256714E-007  5.412105627361211E+001
    908  8.045623563529711E-007  1.256350992978881E+002
    448  7.840927968751845E-007  5.707216855561523E+001
    747  7.764087388432654E-007  1.128221651622354E+002
    939  7.746570033960095E-007  1.276788938661296E+002
    423  7.658510255435824E-007  5.491452382822700E+001
    847  7.551955807182459E-007  1.183795327778256E+002
    668  7.457963173856144E-007  1.098358517134249E+002
    679  7.443362761538371E-007  1.106299731616480E+002
    845  7.352446314405540E-007  1.182722434309271E+002
    815  7.198644597152081E-007  1.170844697210597E+002
    994  7.144644347050841E-007  1.299886393654431E+002
    986  7.001669749352263E-007  1.294778988001748E+002
    603  6.991522187775285E-007  1.078480909052838E+002
    328  6.880121482071776E-007  3.982877398686839E+001
    661  6.547812650414091E-007  1.094040232551639E+002
    870  6.325592334746178E-007  1.203621491035894E+002
    445  6.152860365024570E-007  5.650985963977887E+001
   1036  6.081142327104312E-007  1.315563975924429E+002
   1009  6.057826345959249E-007  1.304609142394732E+002
    809  5.957725465202803E-007  1.168273457040169E+002
    124  5.916534554559067E-007  2.953039329658957E+001
    869  5.748589588969021E-007  1.201465244096069E+002
   1012  5.607583010911201E-007  1.305860585800326E+002
    614  5.486470659811983E-007  1.081499604581023E+002
    727  5.483795230875182E-007  1.123838421661365E+002
    978  5.462138647773187E-007  1.291764873003617E+002
   1007  5.388786884692168E-007  1.303971511397991E+002
    638  5.300014960700969E-007  1.087773663504995E+002
    849  5.288420400737293E-007  1.186556798515274E+002
    513  5.285897730137607E-007  6.111701004965728E+001
    388  5.251574486810787E-007  4.916519389587509E+001
    989  5.178079371391399E-007  1.296856498562064E+002
    353  5.150056656286729E-007  4.354452657935016E+001
    923  5.000701290854737E-007  1.267345977181097E+002
    526  4.863581753508931E-007  6.205614154690332E+001
    807  4.838844418340180E-007  1.166040027024774E+002
    859  4.783205341104157E-007  1.193117826572047E+002
    685  4.748213722804168E-007  1.108208915724099E+002
    828  4.664812866465332E-007  1.175132070682912E+002
    372  4.632954932172994E-007  4.569660817760900E+001
    770  4.519792019095738E-007  1.141655133118217E+002
   1051  4.495599362387864E-007  1.330173846663143E+002
    739  4.456267763784894E-007  1.126267264275300E+002
    510  4.373512227410224E-007  6.106496915014706E+001
    701  4.259509015838502E-007  1.112655741498095E+002
    704  4.184900065129445E-007  1.114088220449556E+002
    988  4.142617085107968E-007  1.295230022337254E+002
   1054  4.060147005862515E-007  1.332101619260334E+002
    987  3.999855530585943E-007  1.295218650079724E+002
    906  3.965667426326435E-007  1.253859334012492E+002
    982  3.959145375720915E-007  1.293230544301462E+002
    217  3.955889568265418E-007  3.432077633458158E+001
    959  3.929927196738379E-007  1.283643788123119E+002
    792  3.928269297131187E-007  1.158579110744502E+002
    931  3.917253328232873E-007  1.272754104030811E+002
    420  3.880510906125188E-007  5.464265012038360E+001
    286  3.871517943192427E-007  3.806107114689090E+001
    775  3.856304647846221E-007  1.149447083106751E+002
     49  3.842448590994008E-007  2.521926711432687E+001
    980  3.794839821711311E-007  1.292322903638887E+002
    777  3.736331484358857E-007  1.150636811545726E+002
   1025  3.717144398457500E-007  1.310823101564250E+002
    961  3.636950447435430E-007  1.283826108536399E+002
    556  3.586204335210269E-007  1.053074591696642E+002
    814  3.466927614843670E-007  1.170571282096026E+002
    890  3.462289636871638E-007  1.222269695705770E+002
    710  3.430505845607758E-007  1.117114283703663E+002
     47  3.420024430951334E-007  2.514695584094496E+001
    818  3.380469829010067E-007  1.172202887178189E+002
    893  3.378534178629424E-007  1.225899968537864E+002
    723  3.224364198151956E-007  1.122249597820348E+002
    837  3.207964981061325E-007  1.177814246314451E+002
    263  2.962910981083672E-007  3.756851288337069E+001
    484  2.955884871267549E-007  5.894622531819898E+001
    965  2.761673529292132E-007  1.286084743618769E+002
    581  2.742426357513832E-007  1.069166383916512E+002
    764  2.665438860905433E-007  1.137269990775531E+002
    834  2.588717175944323E-007  1.176651591794238E+002
    888  2.583817348443317E-007  1.215384892766490E+002
    839  2.570465244311206E-007  1.178451551754228E+002
    999  2.513033226339885E-007  1.301340763851820E+002
    181  2.511999182623807E-007  3.309588236011395E+001
    946  2.400548238936110E-007  1.279201366409634E+002
    797  2.386802840583997E-007  1.161224071144865E+002
   1004  2.350692939652014E-007  1.302828791464404E+002
    266  2.347511516516105E-007  3.763404507858488E+001
    752  2.312154141973535E-007  1.129825416205730E+002
    858  2.269496812883600E-007  1.193043137223610E+002
    720  2.227931750532499E-007  1.121496181246094E+002
    935  2.198324650012244E-007  1.274477748704804E+002
    971  2.168117837232387E-007  1.289111652451389E+002
    628  2.151291248818367E-007  1.085999071252231E+002
    703  2.093885296339900E-007  1.113359924967504E+002
    406  2.073241169377277E-007  5.347162595814701E+001
   1015  2.059810455572930E-007  1.306693309857935E+002
    864  2.026102598087341E-007  1.195154318953015E+002
    718  2.013526955462160E-007  1.120307816427976E+002
   1037  1.990954991331695E-007  1.316166834102353E+002
    235  1.945079560964052E-007  3.553329683850696E+001
    761  1.908211039237937E-007  1.134019555363662E+002
    527  1.907582120306675E-007  6.211137902133680E+001
     56  1.905029980002644E-007  2.577494999028338E+001
    841  1.881800817214594E-007  1.180046875638410E+002
    285  1.856235647196737E-007  3.794670187788559E+001
   1023  1.843363966444438E-007  1.309907545973144E+002
    857  1.784500202154753E-007  1.192977858717030E+002
   1024  1.774925944172087E-007  1.310472886139475E+002
   1073  1.769485335984963E-007  1.355646294676644E+002
    734  1.768745250753366E-007  1.125227414297757E+002
    812  1.755734042482564E-007  1.169499526914024E+002
    798  1.659098541920235E-007  1.161233232814441E+002
    494  1.613763148699183E-007  5.959072402434833E+001
    900  1.575028675309502E-007  1.240255399934555E+002
    974  1.533965424708356E-007  1.290391941684268E+002
    866  1.525444496197976E-007  1.198737679274225E+002
    693  1.508337080039006E-007  1.110198391814811E+002
    443  1.488950251812958E-007  5.615506371008289E+001
    750  1.488280220533719E-007  1.128980084302201E+002
    914  1.483135190119318E-007  1.261343003660832E+002
    743  1.468107922689332E-007  1.126739704882794E+002
    933  1.456924754026472E-007  1.272967505112425E+002
    867  1.449031516581569E-007  1.199420338065019E+002
    175  1.439330900963126E-007  3.282740528695558E+001
    621  1.426690207685549E-007  1.083828600305560E+002
    575  1.416633514963694E-007  1.067636975144964E+002
    853  1.397569961317352E-007  1.189950762444425E+002
    376  1.294358398874145E-007  4.578482274843697E+001
    766  1.291097669814586E-007  1.138313497862233E+002
    315  1.273236207062293E-007  3.946262277995078E+001
   1043  1.258957507729796E-007  1.320181582363304E+002
    830  1.251565362279356E-007  1.175448785112390E+002
    811  1.206403247650784E-007  1.169131613251637E+002
    889  1.197200502057020E-007  1.221096476933091E+002
    129  1.025956593944287E-007  2.967722940199728E+001
    833  1.017499233371432E-007  1.176450554682990E+002
    711  1.002923925002503E-007  1.117833092223069E+002
    912  9.939397036569163E-008  1.259977317017505E+002
    271  9.664017725500670E-008  3.769377629908810E+001
    861  9.551609334207011E-008  1.193618968506130E+002
    824  9.504390288395145E-008  1.173851057796732E+002
    951  9.454245921402280E-008  1.282127111215003E+002
    506  9.028918592843455E-008  6.092479484159845E+001
    735  8.741618173369045E-008  1.125422257639707E+002
   1049  8.554381371052795E-008  1.325964910892840E+002
    882  8.051170958661459E-008  1.212606419968792E+002
    273  7.984543329052684E-008  3.771236202405859E+001
    412  7.597549852453494E-008  5.399327798218789E+001
    781  7.551141197012394E-008  1.155015502370288E+002
    969  7.513454039083278E-008  1.288232913140608E+002
    424  7.430155804884006E-008  5.504400290817051E+001
    675  7.393536994814915E-008  1.101932688761904E+002
    607  6.678263934468930E-008  1.079782277499060E+002
    805  6.520506922061392E-008  1.165442309434909E+002
    941  6.454683310450742E-008  1.277239710636116E+002
    779  6.318532876245522E-008  1.153237642854880E+002
    737  5.631954811128732E-008  1.125716601108342E+002
    612  5.374847218943607E-008  1.080838271474082E+002
    477  5.349626812480123E-008  5.875439662154096E+001
    620  5.303487259877628E-008  1.083700393844588E+002
    647  4.924904100825773E-008  1.089204596390746E+002
    211  4.789158956692238E-008  3.422885497659050E+001
    852  4.213249757035714E-008  1.189308904937423E+002
   1014  4.001321338199413E-008  1.306579532637773E+002
    740  3.652005774783930E-008  1.126281679605138E+002
    598  3.638370623161229E-008  1.077082259858063E+002
    949  3.629013998152652E-008  1.280833568476082E+002
    876  3.445812326012151E-008  1.207338716680959E+002
    822  3.367459042306242E-008  1.173379890193997E+002
    428  3.094818382505045E-008  5.539697768550786E+001
    753  2.541737317560978E-008  1.130399909728984E+002
    850  2.516039027496548E-008  1.188640670964077E+002
    122  2.349532583716139E-008  2.942821875092930E+001
    904  2.245065140647489E-008  1.250437756508075E+002
    985  2.189331822544316E-008  1.294454523269476E+002
    592  2.166412509075244E-008  1.074010896433819E+002
    488  2.131094131613003E-008  5.904214899548738E+001
    653  2.125993240786083E-008  1.090926521840726E+002
    884  1.941482148431577E-008  1.212913619330936E+002
    786  1.912065250443438E-008  1.156679892855772E+002
    490  1.906367118631644E-008  5.909746584665749E+001
    856  1.883962811583169E-008  1.192407591408727E+002
    759  1.791591317749483E-008  1.132523759465808E+002
   1019  1.597320728642911E-008  1.307856127904329E+002
    953  1.552970499039217E-008  1.282835790234384E+002
    771  1.332767232724908E-008  1.142541813627527E+002
    650  1.245435623687526E-008  1.090061273622073E+002
    878  1.040073380319471E-008  1.208553192243232E+002
    819  1.026302519012678E-008  1.172617623112352E+002
    501  9.628073784801439E-009  6.025540211442135E+001
    729  7.977743412382298E-009  1.124070412533170E+002
    469  7.092100618542128E-009  5.857260373695996E+001
    885  6.417137272299978E-009  1.213849358963692E+002
    265  6.122431952480783E-009  3.762418150997995E+001
   1003  6.030210353278602E-009  1.302792324598297E+002
    629  5.672261567597190E-009  1.086436456014825E+002
    924  4.981244281338576E-009  1.267645350898773E+002
    606  4.824190714792450E-009  1.079754075340127E+002
    788  4.194959454271384E-009  1.157595566872355E+002
    268  3.053102409700161E-009  3.765614789507087E+001
    823  3.016997411446021E-009  1.173434151863991E+002
    662  2.793030488094411E-009  1.094304874643061E+002
    345  2.546560802392468E-009  4.248475366295001E+001
    801  2.370317244198809E-009  1.162412158177078E+002
    499  2.022818321270423E-009  6.010190034988052E+001
    872  1.522381559022797E-009  1.204992644439996E+002
    806  1.391865750568120E-009  1.165904998677036E+002
    363  1.310306344469073E-009  4.523665715266514E+001
    901  1.297696412467228E-009  1.246352700151236E+002
    146  1.113646836112707E-009  3.038455959742199E+001
    780  8.654570488687140E-010  1.153482258688003E+002
    736  7.551438525468980E-010  1.125700463249535E+002
    714  4.619153176164646E-010  1.118865310298163E+002
    925  2.674621556198498E-010  1.268943605090481E+002
    891  2.176809595553357E-010  1.222344606190913E+002
    956  1.686128121077078E-010  1.283075816024711E+002
    287  1.442693332436945E-010  3.806334999222836E+001
    652  9.653486725711636E-011  1.090805000764319E+002
    773  7.839410094977016E-012  1.146041296786391E+002
    881  1.855504518459041E-013  1.212001054655417E+002
