# Number of modes
   1077
# Tabulated for different initial and final frequencies?
    F
# Mode index, Sj, (highest to lowest), omega_j
    419  2.354888658449815E-002  5.447434435004674E+001
    547  2.060864334942857E-002  1.040413527560943E+002
    485  1.138831426595335E-002  5.896971858223063E+001
    298  1.089957942051799E-002  3.860785506393049E+001
    539  9.701833682885517E-003  1.004038214764926E+002
   1060  9.271335450636565E-003  1.336329109810919E+002
    297  8.842952291487956E-003  3.850412000814609E+001
    296  6.333880033933344E-003  3.847026909032138E+001
   1053  5.368814033375225E-003  1.331993000158318E+002
    303  5.206687036560752E-003  3.891633174738261E+001
      7  5.072417909747084E-003  1.598850297870253E+001
    566  4.837724767864844E-003  1.060197199307676E+002
    358  4.442260145953164E-003  4.418411045040358E+001
    300  4.333211649547274E-003  3.871033423098082E+001
    299  4.014472160881996E-003  3.861147003050849E+001
    390  3.778904819667521E-003  4.930034545373515E+001
    505  3.649927178609864E-003  6.089365906344585E+001
   1064  3.625628789062603E-003  1.339182935247794E+002
    492  3.274598155215492E-003  5.919740097208313E+001
    387  3.199852759328223E-003  4.845493173747810E+001
    423  3.118886779643946E-003  5.491452382822700E+001
    293  3.070459048862653E-003  3.840315559517953E+001
    507  3.065260856713649E-003  6.098134465730102E+001
   1071  3.035978025715016E-003  1.353191143310252E+002
   1062  2.929549725629391E-003  1.338537297016246E+002
    510  2.909648908441303E-003  6.106496915014706E+001
     14  2.707420949656502E-003  2.047451167645159E+001
    538  2.634065123955172E-003  8.801939400846273E+001
     23  2.576496513881150E-003  2.160694502786773E+001
    294  2.499001930754126E-003  3.844005427068350E+001
    248  2.417355886772264E-003  3.617742791171408E+001
    391  2.392362928659882E-003  4.935295074539214E+001
    152  2.223891799573589E-003  3.107793476288124E+001
    552  2.215233775384011E-003  1.045004516183760E+002
      8  2.190467770088425E-003  1.603898235084092E+001
    251  2.105923242152497E-003  3.670193646720268E+001
    503  2.051812435904653E-003  6.062899617907863E+001
    418  1.963583539254229E-003  5.440760214654593E+001
    236  1.903415243990640E-003  3.558504171265294E+001
     60  1.896539055479796E-003  2.612817271153773E+001
   1061  1.868769125211886E-003  1.338239896777959E+002
   1048  1.708739102029533E-003  1.325281096806480E+002
    249  1.685449161356605E-003  3.643158917315001E+001
    163  1.680548881740158E-003  3.148605603035891E+001
    117  1.627697988271462E-003  2.915145470361619E+001
    482  1.626725544569005E-003  5.890508639424976E+001
    454  1.576778428906795E-003  5.753531790534946E+001
    546  1.573392545659884E-003  1.038908634804570E+002
    198  1.548439322727761E-003  3.410095577154824E+001
    504  1.482115009308954E-003  6.073767201700102E+001
    415  1.432180844665701E-003  5.409773008136273E+001
    535  1.369767856505078E-003  7.234684016852472E+001
    288  1.327047587199010E-003  3.825168870868715E+001
     24  1.326806610744368E-003  2.165827626673025E+001
    290  1.302353343561677E-003  3.834059039797889E+001
     64  1.282168028727414E-003  2.637954322898939E+001
    188  1.260370778489990E-003  3.343297855491465E+001
      1  1.259914824608016E-003  1.480943860687432E+001
     18  1.246639374349947E-003  2.124694793769305E+001
    384  1.214131887973554E-003  4.693482184770667E+001
    232  1.210716333066799E-003  3.530982942235851E+001
    103  1.209959923313458E-003  2.854698030319213E+001
    452  1.134360328210187E-003  5.732416656661538E+001
     38  1.102940078864664E-003  2.415274881711009E+001
    459  1.098243186273137E-003  5.797524108925945E+001
    544  1.086552095178894E-003  1.037287728441322E+002
    531  1.081006812238132E-003  6.280622541285696E+001
    160  1.065855097030135E-003  3.140287364756382E+001
    223  1.053372200145525E-003  3.452101188794168E+001
    402  1.022757116518044E-003  5.323403324336612E+001
    570  1.020485199578456E-003  1.064458450110351E+002
    551  1.019000079906998E-003  1.044758850995860E+002
    344  1.011775686257795E-003  4.229281490750487E+001
   1070  1.007074174477580E-003  1.350535885837313E+002
    407  9.985798580821939E-004  5.355040632372296E+001
    448  9.931191748815387E-004  5.707216855561523E+001
     11  9.681007615362509E-004  1.771447447329438E+001
    411  9.224365165666927E-004  5.390414096058870E+001
      9  8.955377922878036E-004  1.615282072713023E+001
     20  8.644294146366453E-004  2.146722812704134E+001
   1052  8.632576805748942E-004  1.330891459743712E+002
     45  8.621662642101902E-004  2.505629895200580E+001
    264  8.617523757243013E-004  3.760740200223662E+001
    554  8.552796050853546E-004  1.048978551747549E+002
   1067  8.534640793971298E-004  1.341872351276505E+002
    966  8.372589144072318E-004  1.287120665380274E+002
    518  8.291630006229556E-004  6.116565427175681E+001
    549  8.177942676302993E-004  1.043755820157491E+002
    666  7.929714315490412E-004  1.096961217429448E+002
     44  7.778028689534613E-004  2.487547588775838E+001
    222  7.740063639748555E-004  3.444665555523785E+001
    199  7.655835479160842E-004  3.411214171315592E+001
     90  7.598276425962254E-004  2.792299487571685E+001
    673  7.553268584071565E-004  1.101090602242966E+002
    144  7.482776393079578E-004  3.023024488043693E+001
    100  7.427864744816296E-004  2.814590236831992E+001
     53  7.249184556273523E-004  2.532427500710937E+001
    530  7.136811577071973E-004  6.265828803408258E+001
    114  7.074292932565575E-004  2.903390568794284E+001
    392  7.058449081813218E-004  4.975569880244111E+001
    356  6.823839635536215E-004  4.399929676237998E+001
     29  6.767631573819368E-004  2.304600720746813E+001
    185  6.744299900493935E-004  3.329017879350934E+001
    479  6.708317470303534E-004  5.886156225440574E+001
    421  6.562696411685035E-004  5.469982084171487E+001
    312  6.427854491346227E-004  3.940338989709551E+001
    169  6.375994494031964E-004  3.225245008090104E+001
     67  6.328002602920714E-004  2.663955326886673E+001
    154  6.298885787545603E-004  3.128025029310897E+001
   1058  6.287020000323250E-004  1.334381531708862E+002
    367  6.049022223662416E-004  4.546665367422378E+001
   1050  5.841401852973308E-004  1.326682006609648E+002
    111  5.807877538834342E-004  2.891758955889047E+001
     94  5.785141642953389E-004  2.803048707399637E+001
    516  5.559831202393344E-004  6.114879167768425E+001
    245  5.502441966407432E-004  3.584895809931362E+001
    537  5.498613143102422E-004  7.348438751630307E+001
    379  5.498313640741332E-004  4.610002508350383E+001
     58  5.475674379589337E-004  2.603619761911758E+001
    519  5.288859772110206E-004  6.116666091909611E+001
    226  5.253769016208618E-004  3.460914941435140E+001
    446  5.132775535171936E-004  5.657515742254393E+001
   1011  5.119929039870605E-004  1.305590563134582E+002
   1022  5.046651342099134E-004  1.309570316227355E+002
    254  4.983733269162780E-004  3.696870162494890E+001
    273  4.963148968529733E-004  3.771236202405859E+001
    582  4.932758550686306E-004  1.069886979669129E+002
    954  4.762287706758937E-004  1.282848493157465E+002
    970  4.744806616474347E-004  1.288440499253601E+002
    266  4.712580307275212E-004  3.763404507858488E+001
    462  4.486036654753614E-004  5.834568949164402E+001
    230  4.436473103575935E-004  3.507000892128892E+001
    426  4.411253468067821E-004  5.521112029631625E+001
    155  4.397521289233490E-004  3.129077640287002E+001
    219  4.374642905592730E-004  3.435584966495736E+001
    536  4.366457345736118E-004  7.244369170766353E+001
    514  4.306161888938307E-004  6.112143562944963E+001
    195  4.251096875966290E-004  3.399004655216064E+001
     92  4.239921116075218E-004  2.796966533379813E+001
    359  4.175684656497569E-004  4.440820660542785E+001
    383  4.171020925338306E-004  4.665506804468283E+001
    690  4.168847540848807E-004  1.109553167085971E+002
    231  4.164378533767670E-004  3.529195130720404E+001
    330  4.155208386601432E-004  4.000719691328421E+001
   1055  4.119997503823134E-004  1.332315483337306E+002
   1033  4.073199376365567E-004  1.314921549657209E+002
     31  3.962687468905771E-004  2.349957735236975E+001
     42  3.946764969698761E-004  2.442065503900721E+001
    378  3.938773572268141E-004  4.609481655347708E+001
    349  3.935176022757785E-004  4.279212686889406E+001
    973  3.930092651254192E-004  1.290303348922233E+002
    621  3.895030007485603E-004  1.083828600305560E+002
    431  3.889638448801240E-004  5.545822575490884E+001
    464  3.870847592586820E-004  5.841767339850505E+001
      5  3.837945556387485E-004  1.580375607842547E+001
    120  3.678288177285329E-004  2.935022978395871E+001
    663  3.564907999922914E-004  1.095408569103236E+002
    512  3.540491122731597E-004  6.110465593383906E+001
    430  3.522086166257200E-004  5.544226538226409E+001
    774  3.475203012919961E-004  1.147299018357027E+002
    763  3.458000690457159E-004  1.136578287383470E+002
    926  3.456201952678529E-004  1.269935099435139E+002
    456  3.441102604080552E-004  5.758475825352298E+001
     66  3.420248835171383E-004  2.653041695388611E+001
    310  3.396230587222807E-004  3.933560718805473E+001
     26  3.395772508904761E-004  2.275577786050195E+001
    952  3.390970343191984E-004  1.282170243378332E+002
    137  3.379981508305323E-004  2.996307755422044E+001
    543  3.367062189582931E-004  1.026098663261161E+002
    142  3.343327670877851E-004  3.011700635419402E+001
    141  3.282549687620533E-004  3.005205957969120E+001
   1069  3.268066994433967E-004  1.347402109836953E+002
    145  3.191686597810048E-004  3.035386176419680E+001
    172  3.171265538843889E-004  3.254695536480502E+001
    115  3.063390033425986E-004  2.908676806680809E+001
    182  3.042877744289418E-004  3.313118961536368E+001
    425  3.020893927013802E-004  5.512885982268182E+001
    517  3.012775740606869E-004  6.116283191518230E+001
    180  2.978626720790030E-004  3.306959511625761E+001
     40  2.974494448297734E-004  2.429142631572386E+001
    134  2.969635218662367E-004  2.989081555609098E+001
    255  2.963768628785090E-004  3.705801266502003E+001
    135  2.950204222892673E-004  2.990996926970350E+001
    244  2.937551845372265E-004  3.582009297825139E+001
    399  2.894197456688939E-004  5.300117686152819E+001
    205  2.878222438056955E-004  3.418138862993963E+001
    700  2.873546310112323E-004  1.112187707043413E+002
    386  2.871914053240843E-004  4.778448827008048E+001
    292  2.854960214429366E-004  3.837765227419467E+001
    253  2.782365513988379E-004  3.690338042035397E+001
    917  2.752526434102892E-004  1.262583151256411E+002
    918  2.746619475727026E-004  1.263810693695273E+002
    897  2.732901479376597E-004  1.233154024205701E+002
   1038  2.690801613041539E-004  1.317153469634680E+002
    332  2.675820286151356E-004  4.036182328117159E+001
    229  2.672593719049141E-004  3.477639317683153E+001
    474  2.667368943705498E-004  5.866520048333617E+001
    190  2.652781626807246E-004  3.352213579831744E+001
    272  2.637868127070492E-004  3.770876893490352E+001
   1045  2.620401852435530E-004  1.322246800166877E+002
    553  2.609774740409373E-004  1.045844149005738E+002
    460  2.599040175856882E-004  5.821511818989060E+001
    533  2.582570271271133E-004  6.344214913117692E+001
    357  2.505560310485638E-004  4.413715889769129E+001
   1029  2.505147068390435E-004  1.312589073638632E+002
     32  2.447028390969300E-004  2.386019687247388E+001
    950  2.433721053930060E-004  1.281356928004739E+002
    438  2.396947006685425E-004  5.568774314714533E+001
     22  2.379172686093156E-004  2.149928230079738E+001
    572  2.378447183226950E-004  1.066354688575440E+002
    416  2.354731317118766E-004  5.412105627361211E+001
    173  2.279620243241551E-004  3.267731285541730E+001
     85  2.273732085245595E-004  2.757726243328665E+001
    186  2.254750320948800E-004  3.335079910483972E+001
    545  2.239487290732223E-004  1.038885725205099E+002
    842  2.203451078145687E-004  1.180365480395604E+002
    445  2.203379853453479E-004  5.650985963977887E+001
     43  2.191506483514495E-004  2.485090944939308E+001
    658  2.179847510769464E-004  1.092752908733605E+002
    385  2.170142721201515E-004  4.744969147605799E+001
    835  2.159569390162293E-004  1.176766134664512E+002
    372  2.137481488576834E-004  4.569660817760900E+001
   1041  2.129582165075440E-004  1.318604688563310E+002
    769  2.103744503157257E-004  1.141494817506874E+002
    686  2.093192109793084E-004  1.108321598991433E+002
    559  2.067105493154595E-004  1.054467335457494E+002
    276  2.046094930356471E-004  3.774173651101562E+001
    376  2.038815102302762E-004  4.578482274843697E+001
    678  2.034816251732288E-004  1.105298402911861E+002
    500  2.011592707767578E-004  6.016266526055261E+001
    282  1.973713035589687E-004  3.781601762519486E+001
     96  1.961398760595468E-004  2.807603105873968E+001
    979  1.944517479911121E-004  1.292073280791942E+002
    321  1.914321563188419E-004  3.959878738143280E+001
    550  1.864598628750777E-004  1.044255141670578E+002
    626  1.862695751506279E-004  1.085197354965440E+002
   1066  1.856402198035882E-004  1.341339055776214E+002
    377  1.854311202150296E-004  4.580996274485975E+001
    687  1.838519500124400E-004  1.108477970364615E+002
   1075  1.835878620009958E-004  1.852007864492208E+002
    613  1.820573211864721E-004  1.081325074305931E+002
    575  1.819830984073242E-004  1.067636975144964E+002
    417  1.803843275221868E-004  5.432386496665636E+001
    721  1.799694086587326E-004  1.121902054803930E+002
     16  1.797703640413732E-004  2.083990463296455E+001
   1039  1.789651817136494E-004  1.317789778316224E+002
     70  1.779681123716930E-004  2.683332853591699E+001
    136  1.774447345343908E-004  2.995197020395121E+001
    902  1.771280743351054E-004  1.246861225619736E+002
    319  1.761567962056930E-004  3.955367029075058E+001
    694  1.752477830183723E-004  1.110208923005156E+002
     36  1.749860237584166E-004  2.408548968715760E+001
    919  1.743254565879689E-004  1.264669767465423E+002
    930  1.731410497972742E-004  1.272550109882912E+002
    568  1.718729939734200E-004  1.063884322375297E+002
    451  1.717825829953783E-004  5.726939793781466E+001
    164  1.704212169731745E-004  3.156123118588701E+001
    548  1.699386427555563E-004  1.041098140943872E+002
    995  1.698389786885118E-004  1.300556822463785E+002
   1057  1.688300032563300E-004  1.332882698940204E+002
    278  1.665889962126634E-004  3.775225448216675E+001
    241  1.662240224027745E-004  3.573178726353736E+001
    215  1.643156815347098E-004  3.430912489816387E+001
     78  1.599161622634751E-004  2.724001953302053E+001
    331  1.595005383424333E-004  4.033978069592825E+001
    478  1.524486361452441E-004  5.880478287498814E+001
   1006  1.521638073876279E-004  1.303473844140781E+002
   1047  1.521374410663793E-004  1.324683504365100E+002
    928  1.520577275910071E-004  1.271758190169006E+002
    986  1.495243591461463E-004  1.294778988001748E+002
    486  1.494333910200793E-004  5.898078655703418E+001
    468  1.487409006872539E-004  5.850419738659161E+001
    322  1.473314240710198E-004  3.962934885257222E+001
    958  1.466095199985721E-004  1.283326337970340E+002
    101  1.444636331571591E-004  2.816121926613436E+001
    588  1.438169131996193E-004  1.072780161282308E+002
    593  1.427189102131472E-004  1.074633420950339E+002
    183  1.414731202833274E-004  3.317747871488443E+001
    301  1.411764564212491E-004  3.874125966254066E+001
   1044  1.401700255216893E-004  1.320835593454495E+002
     49  1.394024062267572E-004  2.521926711432687E+001
   1074  1.393067742092077E-004  1.357832717908243E+002
    870  1.392022215110195E-004  1.203621491035894E+002
    757  1.390045289941185E-004  1.131455979007981E+002
    174  1.387311639999351E-004  3.277024257542895E+001
    778  1.370064020190237E-004  1.153062331743218E+002
   1031  1.369458154426703E-004  1.313824495210718E+002
    820  1.340978290853804E-004  1.173160626674297E+002
    119  1.335932650292432E-004  2.929038281335912E+001
    413  1.333669763083747E-004  5.407796767412047E+001
    150  1.327902603359750E-004  3.095380367517388E+001
    414  1.312585196033289E-004  5.408443269732371E+001
    821  1.306288916729977E-004  1.173213489801490E+002
    405  1.299750805423332E-004  5.340951413863353E+001
    772  1.292059832085298E-004  1.144444014986270E+002
    343  1.276807719577253E-004  4.223776350771931E+001
    410  1.273499246434625E-004  5.380004782230375E+001
    197  1.271851570467230E-004  3.407091137263039E+001
     93  1.258819791936795E-004  2.801831476528660E+001
     48  1.257137152137054E-004  2.521050943974308E+001
     97  1.251248617912650E-004  2.809615145046481E+001
    106  1.245089894528786E-004  2.873147041157064E+001
    333  1.240224139633253E-004  4.050570323460023E+001
    400  1.227734586954106E-004  5.304406357850599E+001
    191  1.224297913022302E-004  3.372798248811258E+001
    105  1.213532129996081E-004  2.872870804936272E+001
    238  1.204388330728125E-004  3.562010162214489E+001
   1008  1.199153418063463E-004  1.304054287055121E+002
    375  1.193394722339399E-004  4.577921754207221E+001
    838  1.189370979847879E-004  1.178077045912047E+002
    262  1.185308150554809E-004  3.754826259370084E+001
    924  1.178691994337597E-004  1.267645350898773E+002
    193  1.178665984765687E-004  3.387383688791338E+001
    826  1.178034649802822E-004  1.174535409692338E+002
    680  1.174825102113879E-004  1.106808485277705E+002
    213  1.160395838743936E-004  3.426923698719692E+001
     51  1.150407114221189E-004  2.527497960196780E+001
   1034  1.149714105217900E-004  1.314975717016592E+002
    487  1.145696895132461E-004  5.901096182276392E+001
    177  1.143338796837860E-004  3.286305119332699E+001
    139  1.141037079960565E-004  3.001327528760398E+001
    991  1.133645295584921E-004  1.298309517843196E+002
    122  1.128477043086626E-004  2.942821875092930E+001
      4  1.127687900811312E-004  1.555889535187236E+001
    493  1.121032390347973E-004  5.956939432616837E+001
    112  1.118152834338822E-004  2.893182478938967E+001
   1032  1.113506720455499E-004  1.314270448258869E+002
     59  1.103843726828685E-004  2.608228483109795E+001
     27  1.080546721807779E-004  2.288948685305089E+001
     15  1.080441394751265E-004  2.077312965636918E+001
    207  1.079547003358972E-004  3.419271829752626E+001
    808  1.065971312227792E-004  1.166438640424820E+002
    940  1.062536332114731E-004  1.277053477702196E+002
     34  1.057993780926265E-004  2.394870774261297E+001
    211  1.055578473053476E-004  3.422885497659050E+001
    422  1.055284644282103E-004  5.478392604221921E+001
    989  1.040842305108632E-004  1.296856498562064E+002
     74  1.036028428597626E-004  2.706787664592100E+001
     77  1.033904400436109E-004  2.720977418778346E+001
     95  1.033124101782616E-004  2.806113631432304E+001
    259  1.031509730790866E-004  3.731129763636223E+001
    523  1.024195682496984E-004  6.195141091349550E+001
     54  1.011878047697265E-004  2.537118147105558E+001
    196  1.008186521669186E-004  3.402217963204272E+001
    847  1.005586039089308E-004  1.183795327778256E+002
    784  1.000978837484806E-004  1.156115101864969E+002
    691  9.968983058503379E-005  1.109942746792360E+002
    911  9.939750422863181E-005  1.258968376271585E+002
     52  9.815758044700787E-005  2.532370304309600E+001
    113  9.808913769775882E-005  2.894608485543543E+001
    346  9.710959926967336E-005  4.251353138364797E+001
    335  9.586695577477271E-005  4.064698242871874E+001
    268  9.581964499090330E-005  3.765614789507087E+001
    403  9.580103248172380E-005  5.332276567118551E+001
    466  9.577808132406591E-005  5.848631456847294E+001
    683  9.570098819427190E-005  1.107854094171573E+002
      6  9.444417591466209E-005  1.593905863128156E+001
    161  9.316746266907716E-005  3.141544799468193E+001
    274  9.105802901448138E-005  3.771469066363962E+001
    247  8.999788337986410E-005  3.613855018049320E+001
    483  8.897056840978275E-005  5.892865432514233E+001
    489  8.855831337595671E-005  5.906665573291085E+001
    289  8.849511435034203E-005  3.832422991649202E+001
   1026  8.818191454503332E-005  1.310988308446859E+002
    208  8.797116584779016E-005  3.420400517096608E+001
    475  8.793300186348585E-005  5.870955367754343E+001
     10  8.717981595890119E-005  1.630017574824609E+001
     46  8.610364469150260E-005  2.508968851186969E+001
    851  8.311423035106233E-005  1.189105890777936E+002
    879  8.302210690037570E-005  1.208628531744268E+002
    913  8.260307530866479E-005  1.260963173315474E+002
    347  8.183856087513231E-005  4.251894246220620E+001
    955  8.113775553100818E-005  1.283043098504922E+002
    267  8.099112110225775E-005  3.763942844703926E+001
    742  8.060965782186679E-005  1.126546326383816E+002
    364  8.030781943261536E-005  4.528995878587361E+001
    281  8.003254953032514E-005  3.778222215271058E+001
    444  7.985443567946317E-005  5.640873014994138E+001
    689  7.940019446394186E-005  1.108992280227757E+002
    981  7.904437780582459E-005  1.292686845988868E+002
    233  7.846568687450119E-005  3.536858076063520E+001
    132  7.822511962151554E-005  2.978147182311027E+001
    829  7.759390318277386E-005  1.175434491795728E+002
    898  7.700615296978024E-005  1.236287338505038E+002
    336  7.621650934512678E-005  4.106442919982931E+001
    149  7.459561328964375E-005  3.064428879965062E+001
    325  7.405105381466136E-005  3.979678053884171E+001
    799  7.257533076341040E-005  1.161655148393659E+002
    817  7.245815581433136E-005  1.171745914510001E+002
    964  7.194054221609821E-005  1.284811881676410E+002
    329  7.134401956097240E-005  3.994917835777716E+001
     25  7.120002987623045E-005  2.268285797328677E+001
    635  7.101130453926433E-005  1.087402789130293E+002
    201  7.057640815908368E-005  3.413905621996786E+001
    697  7.049910508187219E-005  1.111168086390436E+002
    602  6.946074978292791E-005  1.078335831208874E+002
    450  6.937121906653872E-005  5.723022636777802E+001
    397  6.933224003963782E-005  5.292984574180642E+001
    938  6.887921009389618E-005  1.276246332177813E+002
    905  6.826912031986736E-005  1.252963463377060E+002
    158  6.821191836045776E-005  3.138637587596471E+001
    746  6.732401208835833E-005  1.128150956859242E+002
    907  6.709677110694770E-005  1.254774984052440E+002
    449  6.703387457397515E-005  5.713782918039372E+001
    389  6.549718741468257E-005  4.924612888004685E+001
     35  6.537768798455143E-005  2.406163852032448E+001
    762  6.519610221936502E-005  1.134504722361933E+002
    442  6.478540604979659E-005  5.605259237502305E+001
     83  6.469083166994272E-005  2.745200449399356E+001
    771  6.466268580638009E-005  1.142541813627527E+002
    133  6.433969490798541E-005  2.980777525245198E+001
    210  6.279616294409370E-005  3.421873300884823E+001
    337  6.255714413627086E-005  4.125439580477820E+001
    138  6.196750877755367E-005  2.998810658959070E+001
    320  6.150213883283222E-005  3.958466091098631E+001
    131  6.142391190131734E-005  2.976719894627799E+001
    942  6.126838759115295E-005  1.277896527703618E+002
    780  6.116810948244993E-005  1.153482258688003E+002
    398  6.088367662755287E-005  5.298968704937109E+001
    420  6.043645995590925E-005  5.464265012038360E+001
    667  6.036677023383623E-005  1.098231148083649E+002
    795  6.024995760096041E-005  1.159446042090269E+002
    369  6.004119368202413E-005  4.556664797594529E+001
    382  5.946892357009952E-005  4.661435463500721E+001
    877  5.935566662545176E-005  1.207635072396237E+002
    309  5.824827266227504E-005  3.929268620446922E+001
     80  5.767344696229260E-005  2.737665388114407E+001
    434  5.748956376736362E-005  5.556859477681133E+001
    611  5.737912839245176E-005  1.080609110523806E+002
    540  5.690329199071869E-005  1.019596674086986E+002
    646  5.621130733753503E-005  1.089039652974663E+002
    948  5.620676277114410E-005  1.280530341997139E+002
    202  5.596199401718231E-005  3.414693728338715E+001
    408  5.457300981951909E-005  5.368647704938994E+001
    564  5.418647364536466E-005  1.059223740174141E+002
    151  5.369344202316049E-005  3.097448214004631E+001
    944  5.346312240623239E-005  1.278264506290159E+002
    354  5.340814334211438E-005  4.358717802496741E+001
   1005  5.243480559091177E-005  1.302961950162389E+002
    348  5.227815959738546E-005  4.278252907839931E+001
    218  5.154808694977854E-005  3.434087154455664E+001
    427  5.115391543141754E-005  5.530625255614972E+001
    315  5.082040071728729E-005  3.946262277995078E+001
    712  5.048089846719691E-005  1.118479116964762E+002
   1072  5.013350786432717E-005  1.354275255218108E+002
     50  4.955411110871124E-005  2.524792740229145E+001
    599  4.947260398928483E-005  1.077354408464688E+002
    976  4.850407778099410E-005  1.291265023483052E+002
    802  4.801977447633104E-005  1.163074247182627E+002
    156  4.799331354190029E-005  3.133959801814033E+001
    166  4.793708609922703E-005  3.197534022905977E+001
    170  4.777881769719264E-005  3.240864442722207E+001
   1000  4.734023357659597E-005  1.301375093272533E+002
    827  4.719223591082100E-005  1.174913134466901E+002
    436  4.698828581225207E-005  5.562240782737462E+001
   1024  4.515156837712734E-005  1.310472886139475E+002
     82  4.490735236704331E-005  2.744742479332049E+001
    108  4.479637220484249E-005  2.884206820739177E+001
    176  4.467080015382109E-005  3.283702642513862E+001
    526  4.444182103403287E-005  6.205614154690332E+001
    221  4.439604609566953E-005  3.444064242877499E+001
    440  4.422902014219253E-005  5.589934491235444E+001
     89  4.409905579991962E-005  2.787565477396676E+001
    542  4.387758681679442E-005  1.021380905135569E+002
   1042  4.356975482626166E-005  1.319938555239870E+002
    189  4.282543849071879E-005  3.348575581421191E+001
     86  4.265071149123259E-005  2.760340701365068E+001
    755  4.213196394173577E-005  1.130537195644052E+002
    532  4.204114889681524E-005  6.299204701993657E+001
    807  4.203104342690829E-005  1.166040027024774E+002
    394  4.191195773379450E-005  5.275338077531283E+001
    836  4.176018567223478E-005  1.177792466123822E+002
    184  4.167659681498023E-005  3.328145954751520E+001
    317  4.114371074981609E-005  3.952108816795088E+001
    165  4.046055410879668E-005  3.194792507678593E+001
    768  4.033320599198058E-005  1.140511281344195E+002
    495  4.015415775126073E-005  5.971063876484735E+001
    237  3.977421767024384E-005  3.561350513334219E+001
    472  3.949905949379786E-005  5.860732378330380E+001
    285  3.940432930441668E-005  3.794670187788559E+001
    502  3.927924112322965E-005  6.033057478557798E+001
    675  3.906180469007666E-005  1.101932688761904E+002
    477  3.886115663657992E-005  5.875439662154096E+001
    609  3.867901391172977E-005  1.080529774194348E+002
    250  3.812974143925038E-005  3.645071914574685E+001
    125  3.793131794983772E-005  2.955205187993630E+001
    988  3.787522190419489E-005  1.295230022337254E+002
    655  3.780867798301154E-005  1.092114390318620E+002
    984  3.768515830075064E-005  1.293776492189174E+002
    592  3.758623459780610E-005  1.074010896433819E+002
    890  3.740519131740369E-005  1.222269695705770E+002
    943  3.715762062620218E-005  1.278255860865938E+002
    725  3.709733918743620E-005  1.122622575126908E+002
    681  3.703079222156561E-005  1.107150530846271E+002
    560  3.681130210542231E-005  1.057397922085461E+002
    716  3.638351022111852E-005  1.119313653155845E+002
    258  3.608650110253996E-005  3.725675246841864E+001
    813  3.577998879766082E-005  1.170211975618395E+002
    361  3.567461880995864E-005  4.509188248244521E+001
     65  3.546785665159705E-005  2.645533186342116E+001
    283  3.545088446774191E-005  3.781664732037148E+001
    401  3.536065473061706E-005  5.310952948046032E+001
    573  3.530747472365896E-005  1.066520968004064E+002
    435  3.517918932643679E-005  5.559833163642786E+001
    252  3.511824357768242E-005  3.681481496629917E+001
    167  3.436273198119967E-005  3.206734480721192E+001
    521  3.388519066377069E-005  6.120499406654021E+001
    527  3.308621172594062E-005  6.211137902133680E+001
    491  3.270717721471111E-005  5.916484178919298E+001
    561  3.245145545719163E-005  1.057823475786052E+002
    824  3.237137103083672E-005  1.173851057796732E+002
    983  3.227144754992053E-005  1.293699640118089E+002
    327  3.192445992093824E-005  3.980649710729982E+001
    265  3.120749654632660E-005  3.762418150997995E+001
    832  3.090707747962418E-005  1.176150872586579E+002
    318  3.089869357395740E-005  3.952690512520030E+001
    129  3.080296118355280E-005  2.967722940199728E+001
    307  3.061123806755707E-005  3.924418415703018E+001
    977  3.026380685341909E-005  1.291448023039548E+002
    960  3.020576928897271E-005  1.283710541965592E+002
    671  3.005740609219401E-005  1.100461630260976E+002
    698  2.985758691298446E-005  1.111543499618823E+002
    275  2.983954914749183E-005  3.771871208633355E+001
    810  2.950931189645873E-005  1.168542717379606E+002
    578  2.929483088207200E-005  1.068696587706935E+002
    239  2.905825018910374E-005  3.564788119351169E+001
     47  2.896742345887859E-005  2.514695584094496E+001
    484  2.877914570235152E-005  5.894622531819898E+001
     39  2.869090963199083E-005  2.419216907562118E+001
    576  2.866331093431548E-005  1.068188420241767E+002
    785  2.858081053160769E-005  1.156515149006221E+002
   1020  2.857771686549230E-005  1.308300137670077E+002
    496  2.826013314806102E-005  5.977778544840232E+001
    473  2.789182732573385E-005  5.864875851961727E+001
    508  2.788000217672804E-005  6.101348113010317E+001
    447  2.776195216505731E-005  5.692641404400948E+001
    884  2.763222158707657E-005  1.212913619330936E+002
     91  2.739415662818464E-005  2.795709450840539E+001
    110  2.737013279889500E-005  2.890337161783228E+001
    360  2.722779442545351E-005  4.501412031898634E+001
    338  2.716094237937601E-005  4.143596746217444E+001
    157  2.699725993112151E-005  3.136040875348826E+001
    649  2.666991255610000E-005  1.089557122086210E+002
    534  2.660231777622850E-005  6.352992396574133E+001
    524  2.641777776626763E-005  6.196836567938324E+001
    868  2.624676930653625E-005  1.199994649602093E+002
    998  2.621722025390722E-005  1.301241144683907E+002
    109  2.560728937724367E-005  2.888359254004277E+001
    324  2.559895041628859E-005  3.965813849875591E+001
    916  2.551534121373616E-005  1.261858055404796E+002
    929  2.527550945004279E-005  1.272324166790593E+002
    702  2.522017209119840E-005  1.112791472783473E+002
     99  2.503705776894693E-005  2.813215700322161E+001
    643  2.502564220628554E-005  1.088529165631816E+002
    227  2.482115871282366E-005  3.461221107986133E+001
    465  2.475709425425522E-005  5.845233409136720E+001
    706  2.461772388503337E-005  1.115644797142602E+002
    395  2.451013844457902E-005  5.279005865968511E+001
    371  2.443271627282022E-005  4.567834615857563E+001
    577  2.401917575554800E-005  1.068269012623950E+002
    793  2.319830647997849E-005  1.158943894419280E+002
    246  2.313114316436403E-005  3.612200287477440E+001
    844  2.303284510100841E-005  1.182236522024691E+002
    494  2.298842458563951E-005  5.959072402434833E+001
    480  2.284149397337953E-005  5.887142017505539E+001
    316  2.271512997334098E-005  3.947722492082590E+001
    509  2.267318909085882E-005  6.104665142125116E+001
    650  2.265130854074682E-005  1.090061273622073E+002
    140  2.249735878705408E-005  3.002380690834687E+001
    760  2.241176273465396E-005  1.133648679091437E+002
    159  2.236402173559306E-005  3.140014259635325E+001
    637  2.233334921699371E-005  1.087708716348475E+002
    102  2.207235624317349E-005  2.838723287464182E+001
    765  2.204232075956741E-005  1.138034732037320E+002
    594  2.170144263020365E-005  1.075267994995216E+002
    366  2.164148610271998E-005  4.541480133184800E+001
    858  2.127183523927633E-005  1.193043137223610E+002
    488  2.095132305833009E-005  5.904214899548738E+001
    437  2.085875242651569E-005  5.567668099873953E+001
    314  2.081555973918377E-005  3.944402428691944E+001
    607  2.073253422578141E-005  1.079782277499060E+002
    270  2.067671593032428E-005  3.767493462479421E+001
     63  2.067644198099641E-005  2.633691355837915E+001
    351  2.057967924529355E-005  4.290814690346715E+001
     19  2.056504481940157E-005  2.137958735177528E+001
    816  2.045586999443198E-005  1.170854692244173E+002
    352  2.040119970896162E-005  4.345183818831803E+001
    555  2.031989446033088E-005  1.049505825405343E+002
    242  2.023864553158916E-005  3.575330164903793E+001
    848  2.020590895457772E-005  1.185512117490796E+002
    429  1.982819257211786E-005  5.542704693693687E+001
    171  1.977700003456176E-005  3.251692712246987E+001
    104  1.954891566967355E-005  2.863475114667724E+001
    854  1.953793943176314E-005  1.190938927222375E+002
    457  1.923646812487306E-005  5.770039153165104E+001
    313  1.915581274277021E-005  3.941220320488696E+001
    368  1.909247818129787E-005  4.552075151204606E+001
    497  1.850753934656823E-005  5.984833423050026E+001
    291  1.850219238811892E-005  3.834865717601958E+001
    654  1.840443049516904E-005  1.091774321289355E+002
    992  1.829896189503219E-005  1.299169051159237E+002
    967  1.829622049731761E-005  1.287730879251822E+002
    228  1.829122504005211E-005  3.465329128304563E+001
     57  1.808966194283342E-005  2.601044601303876E+001
    147  1.803790168267503E-005  3.045498909450352E+001
   1013  1.794606599737982E-005  1.306191025791559E+002
     75  1.756918894184965E-005  2.717284531466260E+001
    875  1.734670585776618E-005  1.206504418490652E+002
    947  1.724191405364108E-005  1.280025795512814E+002
    617  1.702492265303901E-005  1.082069188907082E+002
   1009  1.698885240155341E-005  1.304609142394732E+002
    623  1.658027328372982E-005  1.084311616311891E+002
    661  1.631708548968001E-005  1.094040232551639E+002
    490  1.628389151347419E-005  5.909746584665749E+001
    461  1.604360109636215E-005  5.832169084274378E+001
    304  1.601511840861663E-005  3.902642388250331E+001
    565  1.562107976368278E-005  1.059848591127986E+002
    116  1.557058925023966E-005  2.910094471225916E+001
    355  1.554809607231779E-005  4.365668409738398E+001
    168  1.546889745521706E-005  3.223239881301075E+001
     37  1.542478234437420E-005  2.413005277682491E+001
    373  1.541323773329792E-005  4.573517441489172E+001
    597  1.540143828441033E-005  1.076362394255561E+002
    880  1.536461510944311E-005  1.209811659012211E+002
    513  1.520700841005915E-005  6.111701004965728E+001
   1063  1.517471461548089E-005  1.338610239777397E+002
    476  1.516756993458392E-005  5.874284760292872E+001
    866  1.516654372847381E-005  1.198737679274225E+002
    871  1.506726435576396E-005  1.204638135739833E+002
    571  1.485253711059207E-005  1.065760725477823E+002
   1036  1.460965724058430E-005  1.315563975924429E+002
     79  1.439263419855038E-005  2.728143790603452E+001
    345  1.424475968469325E-005  4.248475366295001E+001
    302  1.421451378793571E-005  3.874867387838012E+001
    374  1.405197076143184E-005  4.576894168844035E+001
    404  1.386523079645849E-005  5.332919471058649E+001
    580  1.365182031956774E-005  1.069063882425304E+002
    962  1.359529404197933E-005  1.284190833846668E+002
    204  1.324536664999590E-005  3.416741852472765E+001
    616  1.323109720763894E-005  1.081902144651443E+002
    220  1.319695326659446E-005  3.440936379612124E+001
    260  1.310200258820329E-005  3.745846822965304E+001
    738  1.303733069561595E-005  1.126248828969786E+002
    853  1.268887958715797E-005  1.189950762444425E+002
    216  1.266992820365567E-005  3.431915233475488E+001
    656  1.266854205449276E-005  1.092383325553483E+002
    789  1.264737445204452E-005  1.157939903252585E+002
    558  1.245998040799080E-005  1.054235904423783E+002
    323  1.244248165968686E-005  3.963162035223775E+001
     73  1.244119101222052E-005  2.704395448663374E+001
    342  1.242239158726224E-005  4.219280462450153E+001
    873  1.240985031869023E-005  1.205400953636918E+002
    557  1.239915926898643E-005  1.053298087456868E+002
     81  1.239412446450643E-005  2.737831616504717E+001
    455  1.227867802924107E-005  5.757818593173593E+001
     72  1.222027498258798E-005  2.695844835194747E+001
    498  1.197516291161027E-005  6.006055704270973E+001
    214  1.158996187898704E-005  3.429158842681225E+001
    641  1.157400274485869E-005  1.088136450829588E+002
     33  1.156820577761879E-005  2.387502434282544E+001
    587  1.123721575078894E-005  1.072564562863978E+002
    605  1.110215209467048E-005  1.079476682950407E+002
    618  1.096145251220701E-005  1.083041655146542E+002
     28  1.084555099288496E-005  2.303576073275412E+001
    567  1.057583517301744E-005  1.061175767374582E+002
    574  1.041702908668145E-005  1.067089856517616E+002
    363  1.039399844920840E-005  4.523665715266514E+001
    234  1.033107117010021E-005  3.541632958107625E+001
    269  1.021514065841032E-005  3.766609016559832E+001
    695  1.020397799453439E-005  1.110404578737834E+002
    600  1.008346464815281E-005  1.078192567961393E+002
    733  1.001530616099020E-005  1.125211996768446E+002
    257  1.000395306030310E-005  3.716053985696894E+001
   1018  9.954080225052797E-006  1.307425624046459E+002
    945  9.882321885478607E-006  1.278945431870569E+002
    200  9.821339017283621E-006  3.413076352937113E+001
   1065  9.477190344372702E-006  1.340986810838602E+002
    439  9.469878389019234E-006  5.581771077364913E+001
    370  9.400640571769309E-006  4.562254251008403E+001
    520  9.340332835251449E-006  6.117519869664547E+001
   1077  9.060974874489807E-006  6.189178021453241E+002
    284  8.917357047450365E-006  3.794002386601017E+001
    717  8.852391948714730E-006  1.119901298340990E+002
     84  8.648988668798967E-006  2.748397341497807E+001
    727  8.507941608137434E-006  1.123838421661365E+002
    783  8.403656978998948E-006  1.155776779712016E+002
    741  8.329789102193298E-006  1.126383251241469E+002
    968  8.153843969716643E-006  1.287893908307005E+002
    148  8.110906059091617E-006  3.055713011308698E+001
    334  8.061218100287941E-006  4.055961280242965E+001
    579  8.055955968057491E-006  1.068810185812333E+002
    179  8.006267251526423E-006  3.301071504933698E+001
    787  7.930989400677274E-006  1.157066821730262E+002
    365  7.894142150733519E-006  4.540196146988517E+001
    614  7.838026355005675E-006  1.081499604581023E+002
    583  7.808321711619554E-006  1.070323413352247E+002
     68  7.777368187799556E-006  2.665958995788216E+001
    256  7.717764770163715E-006  3.708485200545782E+001
    428  7.712480098793344E-006  5.539697768550786E+001
    584  7.532460411571565E-006  1.071415131646536E+002
    937  7.491925732765066E-006  1.275975168353670E+002
    624  7.353829315865320E-006  1.084534043855216E+002
    453  7.344834060578206E-006  5.734859743017803E+001
    822  7.293890899715752E-006  1.173379890193997E+002
      2  7.024608115876114E-006  1.507477314615795E+001
    463  6.955583954780270E-006  5.840368106338346E+001
    326  6.882549796136432E-006  3.980074663620405E+001
    672  6.809109411215467E-006  1.100523893058521E+002
    271  6.768835015481960E-006  3.769377629908810E+001
    589  6.730032805671693E-006  1.073243551551986E+002
    751  6.715324628225480E-006  1.129352725370382E+002
    603  6.472624211611459E-006  1.078480909052838E+002
    634  6.465283147755863E-006  1.087110579745548E+002
     13  6.372384204398827E-006  2.038781372204352E+001
    676  6.253782442736852E-006  1.102968009656115E+002
    863  6.215108782611631E-006  1.194780899982511E+002
    353  6.205299603683412E-006  4.354452657935016E+001
    595  6.202809521604435E-006  1.075727311228692E+002
    703  6.074223028483289E-006  1.113359924967504E+002
     76  5.980564323136041E-006  2.719040433196805E+001
    670  5.925485870361383E-006  1.099218253642219E+002
    812  5.899176693095511E-006  1.169499526914024E+002
    825  5.893505781429337E-006  1.174155068731360E+002
    956  5.881604005496917E-006  1.283075816024711E+002
    585  5.863003388324681E-006  1.071721890576240E+002
    467  5.827071617234047E-006  5.850070475174659E+001
    887  5.806246841229320E-006  1.215278324822884E+002
    118  5.543425824803081E-006  2.927665934202001E+001
    212  5.473946163832718E-006  3.425448747044050E+001
      3  5.364399136528711E-006  1.530095081680193E+001
     61  5.236133525143044E-006  2.623624111749398E+001
    633  5.153140655054611E-006  1.086770367044967E+002
    563  4.969108151607905E-006  1.058622417292547E+002
     21  4.890921673087889E-006  2.149552581175353E+001
    240  4.886133256286937E-006  3.568815433410965E+001
    610  4.856958162590383E-006  1.080548791140610E+002
    217  4.822450312955706E-006  3.432077633458158E+001
    756  4.723824003417168E-006  1.131019348749128E+002
    758  4.700703529527047E-006  1.131945788764974E+002
    295  4.658352690501575E-006  3.844649820311862E+001
   1046  4.657182570053096E-006  1.322741703884410E+002
    674  4.645204382315400E-006  1.101627157855635E+002
    719  4.625276713896057E-006  1.120361196403708E+002
    306  4.520528746477456E-006  3.922583615449084E+001
    328  4.469479503751084E-006  3.982877398686839E+001
   1051  4.419406033216632E-006  1.330173846663143E+002
     62  4.416702480120846E-006  2.630569023157911E+001
   1056  4.302095269521172E-006  1.332822863268028E+002
    608  4.240815957471023E-006  1.080310773431174E+002
    975  4.139383199052860E-006  1.290479361570385E+002
    800  4.138949105482893E-006  1.161811067685375E+002
    146  4.115766842809534E-006  3.038455959742199E+001
    932  4.062655017469089E-006  1.272890793904072E+002
    619  4.051132439056326E-006  1.083262496248409E+002
    388  4.029606861688041E-006  4.916519389587509E+001
    162  4.000247507836350E-006  3.142013005221356E+001
    682  3.937336365158204E-006  1.107795174367904E+002
    569  3.887215814567536E-006  1.064024371239422E+002
    659  3.867682145727953E-006  1.093169473413985E+002
    709  3.821000946196272E-006  1.116986555393093E+002
    888  3.752955216292345E-006  1.215384892766490E+002
    470  3.749713617470814E-006  5.858950887133865E+001
    280  3.743801100566030E-006  3.777070006257392E+001
    794  3.723131775585490E-006  1.159299755047292E+002
     98  3.682905148093206E-006  2.810036398063808E+001
   1016  3.570874844181557E-006  1.306784011483153E+002
    640  3.533801715830952E-006  1.088027953187827E+002
    830  3.495363264716946E-006  1.175448785112390E+002
    396  3.459779654059395E-006  5.292259014309509E+001
    308  3.450537004612738E-006  3.924824416979163E+001
     55  3.449686815412810E-006  2.564739582447731E+001
    362  3.438191658597950E-006  4.520209191521082E+001
    815  3.369386247873459E-006  1.170844697210597E+002
    615  3.336004590849286E-006  1.081646255451844E+002
    625  3.186463926529640E-006  1.084878781680722E+002
    596  3.170000739064774E-006  1.076305596761092E+002
    859  3.144919524355256E-006  1.193117826572047E+002
    754  3.039282533077861E-006  1.130532912402911E+002
    865  3.033282351990349E-006  1.195233182598442E+002
    855  3.009747039443981E-006  1.192335282432478E+002
    892  3.001565095876003E-006  1.223146913863671E+002
   1068  2.961641704667325E-006  1.342139437973118E+002
    685  2.932856293638672E-006  1.108208915724099E+002
    601  2.926878440036937E-006  1.078222216339937E+002
    224  2.919719346694640E-006  3.456258153743839E+001
    311  2.871354824489441E-006  3.939193935233331E+001
    889  2.846543199940219E-006  1.221096476933091E+002
    644  2.843749256836000E-006  1.088699046594824E+002
    899  2.815186816198165E-006  1.237750393258326E+002
    828  2.812777639598377E-006  1.175132070682912E+002
    107  2.744563158672317E-006  2.880093649968087E+001
    921  2.734488110655220E-006  1.266347372507485E+002
    393  2.690944215380756E-006  5.117422678475859E+001
   1025  2.680030881347611E-006  1.310823101564250E+002
    662  2.671451685263346E-006  1.094304874643061E+002
    665  2.650598309111411E-006  1.096195054263975E+002
    896  2.632472849658319E-006  1.231967026860033E+002
    735  2.627803430852915E-006  1.125422257639707E+002
    696  2.624166553549818E-006  1.111110130672436E+002
    123  2.565254634439947E-006  2.945706723223188E+001
    380  2.528179731085888E-006  4.621788456267294E+001
   1028  2.499268943094181E-006  1.312419762585663E+002
    305  2.479998674147009E-006  3.919092577852600E+001
    837  2.440904191813752E-006  1.177814246314451E+002
    726  2.393930571980763E-006  1.123280306605216E+002
    660  2.308406677218285E-006  1.093929129115852E+002
     17  2.285646498635548E-006  2.091913438766164E+001
    481  2.268537421652878E-006  5.889564718758225E+001
    744  2.243105726880541E-006  1.127340165661099E+002
    714  2.224067889910875E-006  1.118865310298163E+002
    915  2.181911141155180E-006  1.261627872997085E+002
    590  2.157749415152514E-006  1.073381491314167E+002
    525  2.144466122413059E-006  6.201689187624501E+001
    178  2.141678713094907E-006  3.291892583427273E+001
    933  2.138336962498740E-006  1.272967505112425E+002
    235  2.098685090229397E-006  3.553329683850696E+001
    953  2.068925802834355E-006  1.282835790234384E+002
    809  2.047117426919960E-006  1.168273457040169E+002
   1004  2.043135968881998E-006  1.302828791464404E+002
    831  2.036599251187088E-006  1.175849164822640E+002
    657  2.034426231448818E-006  1.092680437977900E+002
    840  2.032189537435324E-006  1.179674198090055E+002
    971  2.005796983583202E-006  1.289111652451389E+002
    642  2.005589266000416E-006  1.088349318990273E+002
    729  1.983253968633857E-006  1.124070412533170E+002
    797  1.974623985178025E-006  1.161224071144865E+002
    722  1.972872999927818E-006  1.121989232781130E+002
    277  1.945017251260071E-006  3.774405278528796E+001
    350  1.919851606701139E-006  4.287084402122760E+001
    648  1.912753726666051E-006  1.089328290594756E+002
    636  1.911719555701921E-006  1.087412284437008E+002
   1054  1.910088821623064E-006  1.332101619260334E+002
    653  1.903965146137673E-006  1.090926521840726E+002
    499  1.903551119113694E-006  6.010190034988052E+001
    126  1.900470498160842E-006  2.957864372821811E+001
    805  1.882646294819351E-006  1.165442309434909E+002
   1059  1.875649770118646E-006  1.335352794510990E+002
    982  1.848511126393529E-006  1.293230544301462E+002
    471  1.827696359978956E-006  5.859921299406331E+001
    620  1.814085431725962E-006  1.083700393844588E+002
    243  1.788269494873293E-006  3.580427376176280E+001
    424  1.764076672603479E-006  5.504400290817051E+001
    664  1.763334581075013E-006  1.095868237421283E+002
    627  1.691766527173590E-006  1.085359599099982E+002
    959  1.661886509729376E-006  1.283643788123119E+002
     87  1.649393222476286E-006  2.773505635732142E+001
    688  1.613313197610535E-006  1.108652117541332E+002
    852  1.588812266968358E-006  1.189308904937423E+002
    541  1.560201952132587E-006  1.020561485810812E+002
    433  1.552404070629374E-006  5.552394895078822E+001
    669  1.522886510824156E-006  1.098991161820264E+002
    781  1.456695309366270E-006  1.155015502370288E+002
    753  1.442687581495047E-006  1.130399909728984E+002
    679  1.399996981683868E-006  1.106299731616480E+002
    801  1.396493789309028E-006  1.162412158177078E+002
    715  1.395010907906083E-006  1.119122168057061E+002
    894  1.388305116061290E-006  1.226855190700912E+002
    263  1.386789140674772E-006  3.756851288337069E+001
    684  1.378531023206538E-006  1.108055531440044E+002
    736  1.352714720360400E-006  1.125700463249535E+002
    720  1.332386685800993E-006  1.121496181246094E+002
   1003  1.320548255170693E-006  1.302792324598297E+002
    630  1.317472774461492E-006  1.086464564510315E+002
   1027  1.311690224019437E-006  1.311414239553258E+002
    978  1.297543274215403E-006  1.291764873003617E+002
    860  1.286209130977938E-006  1.193608179742887E+002
    777  1.268840358733801E-006  1.150636811545726E+002
    857  1.262039994014171E-006  1.192977858717030E+002
    529  1.236860199934879E-006  6.213305424318654E+001
    668  1.214834430052470E-006  1.098358517134249E+002
    779  1.212270144497170E-006  1.153237642854880E+002
    153  1.212193673877618E-006  3.119128674334460E+001
    862  1.208837597974283E-006  1.194326389788892E+002
    999  1.193935553370188E-006  1.301340763851820E+002
   1040  1.143276333311006E-006  1.318325334098182E+002
    631  1.134368976482913E-006  1.086593678715634E+002
    885  1.134221468214053E-006  1.213849358963692E+002
   1073  1.089666360167043E-006  1.355646294676644E+002
    732  1.077964667811219E-006  1.124809932511083E+002
    586  1.069333746186401E-006  1.072414988471015E+002
    759  1.057641447170113E-006  1.132523759465808E+002
   1010  1.032824677778143E-006  1.305150376372933E+002
    909  1.030998389510275E-006  1.256671150468244E+002
    192  1.010968305822658E-006  3.373139183933635E+001
    922  9.962317714548383E-007  1.267277337836395E+002
    843  9.961093356926163E-007  1.181049125326048E+002
    724  9.855755591105894E-007  1.122474317356576E+002
    872  9.850095627376093E-007  1.204992644439996E+002
    895  9.635223903481272E-007  1.231922658586809E+002
    867  9.546320393137086E-007  1.199420338065019E+002
     56  9.518502612489557E-007  2.577494999028338E+001
    522  9.418522694173483E-007  6.189501394570030E+001
    961  9.196513875583688E-007  1.283826108536399E+002
   1035  9.178479720825191E-007  1.315022364948826E+002
    864  9.099659751178459E-007  1.195154318953015E+002
    796  9.018698519314316E-007  1.160406419035091E+002
    904  8.952079271532797E-007  1.250437756508075E+002
    143  8.938464005606208E-007  3.021552765862468E+001
    187  8.730276567960116E-007  3.338593491458187E+001
    803  8.616886503346384E-007  1.163959410830473E+002
    606  8.484553532432700E-007  1.079754075340127E+002
    920  8.407800672139843E-007  1.265729199247587E+002
    469  8.337765656525395E-007  5.857260373695996E+001
    782  8.285006944571708E-007  1.155663554633046E+002
    340  8.239027459272034E-007  4.203744443197692E+001
    501  8.118355681613476E-007  6.025540211442135E+001
    181  8.042460396908421E-007  3.309588236011395E+001
    752  7.977299845073582E-007  1.129825416205730E+002
    718  7.968333045984190E-007  1.120307816427976E+002
    993  7.905388755795733E-007  1.299638892136509E+002
    845  7.882870003912420E-007  1.182722434309271E+002
    764  7.856133487719006E-007  1.137269990775531E+002
    287  7.523743482010369E-007  3.806334999222836E+001
    556  7.402756617068264E-007  1.053074591696642E+002
    130  7.266203127038036E-007  2.969026097336859E+001
    622  7.220606615367225E-007  1.084041586407917E+002
    846  6.761120670916660E-007  1.183733977129572E+002
    891  6.753439018243838E-007  1.222344606190913E+002
    985  6.716393853396083E-007  1.294454523269476E+002
    997  6.711224351579154E-007  1.300952728722026E+002
    990  6.661307578566029E-007  1.297249883032466E+002
    841  6.496997442186648E-007  1.180046875638410E+002
    339  6.491009520193960E-007  4.199721405536648E+001
    767  6.424553350061464E-007  1.139787538815297E+002
    381  6.204783639624901E-007  4.623753374880091E+001
    612  6.184685300432540E-007  1.080838271474082E+002
    747  6.061256451183220E-007  1.128221651622354E+002
    209  6.025404691256112E-007  3.420776675567321E+001
    946  6.015030843412742E-007  1.279201366409634E+002
    406  5.902166481785733E-007  5.347162595814701E+001
    591  5.882374504200884E-007  1.073970459895217E+002
    749  5.702621126008424E-007  1.128862829609149E+002
    127  5.682934098461779E-007  2.958197907168710E+001
    849  5.648946555192676E-007  1.186556798515274E+002
    910  5.450346646355311E-007  1.258349422363612E+002
    788  5.372229215762639E-007  1.157595566872355E+002
    740  5.340721306699307E-007  1.126281679605138E+002
    839  5.326503085051759E-007  1.178451551754228E+002
    923  5.301995135176731E-007  1.267345977181097E+002
   1021  5.079159686635442E-007  1.308784400027895E+002
    341  5.010274580560086E-007  4.207899368185591E+001
    286  4.863547637698712E-007  3.806107114689090E+001
    409  4.761918532652553E-007  5.377950655266745E+001
   1043  4.615628513593106E-007  1.320181582363304E+002
    811  4.592600050573611E-007  1.169131613251637E+002
    972  4.236665185783756E-007  1.289491342298440E+002
    412  4.115438751180516E-007  5.399327798218789E+001
    604  4.004112672041445E-007  1.078901483894559E+002
   1019  3.945777790728557E-007  1.307856127904329E+002
    766  3.940050426956193E-007  1.138313497862233E+002
   1012  3.912478775368892E-007  1.305860585800326E+002
    693  3.826226062193626E-007  1.110198391814811E+002
    775  3.796386883703949E-007  1.149447083106751E+002
    931  3.775806627179615E-007  1.272754104030811E+002
    515  3.760460703819976E-007  6.113166482037749E+001
    598  3.717355952674363E-007  1.077082259858063E+002
    994  3.554542938918114E-007  1.299886393654431E+002
    441  3.487086991408170E-007  5.602297434426368E+001
    935  3.415317344370139E-007  1.274477748704804E+002
    949  3.339390555668803E-007  1.280833568476082E+002
    206  3.332975815371200E-007  3.418711639611698E+001
    804  3.304929387995483E-007  1.164307012054320E+002
    939  3.185080565982288E-007  1.276788938661296E+002
    770  3.071047285044763E-007  1.141655133118217E+002
    974  3.066786584740833E-007  1.290391941684268E+002
   1049  2.819876888877448E-007  1.325964910892840E+002
     41  2.781737667161622E-007  2.434332602389209E+001
    701  2.683112232130802E-007  1.112655741498095E+002
    638  2.658272146253967E-007  1.087773663504995E+002
    850  2.637338843262341E-007  1.188640670964077E+002
    941  2.573681360265172E-007  1.277239710636116E+002
    818  2.548216034737576E-007  1.172202887178189E+002
    882  2.466920123404843E-007  1.212606419968792E+002
    699  2.460211999011303E-007  1.111753891148923E+002
    748  2.348211287684035E-007  1.128453459062848E+002
    936  2.304638745454927E-007  1.275963114471066E+002
    506  2.268795867867963E-007  6.092479484159845E+001
    677  2.195265426936934E-007  1.104103779431708E+002
    723  2.179686226642419E-007  1.122249597820348E+002
    791  2.019785036672961E-007  1.158399885308925E+002
   1014  2.001379535257191E-007  1.306579532637773E+002
    652  1.919198654661627E-007  1.090805000764319E+002
    629  1.854997136571236E-007  1.086436456014825E+002
    980  1.784973874756822E-007  1.292322903638887E+002
    856  1.754000529807386E-007  1.192407591408727E+002
   1017  1.720024726299984E-007  1.307020085696559E+002
    951  1.711758415339887E-007  1.282127111215003E+002
   1037  1.686326049833759E-007  1.316166834102353E+002
     71  1.641973134562218E-007  2.691074291878593E+001
    737  1.596849185140080E-007  1.125716601108342E+002
    647  1.550069950410212E-007  1.089204596390746E+002
    731  1.535204053486830E-007  1.124795031346507E+002
     69  1.534180968985643E-007  2.667931486079132E+001
    628  1.517356743440852E-007  1.085999071252231E+002
    834  1.486162850024506E-007  1.176651591794238E+002
   1001  1.440271161505994E-007  1.301907504163165E+002
    194  1.431369785908806E-007  3.388123191050668E+001
    730  1.333138926087436E-007  1.124678820560711E+002
    128  1.230770011444475E-007  2.964876822252022E+001
    900  1.212483237972176E-007  1.240255399934555E+002
    883  1.189610455596174E-007  1.212822283474710E+002
    969  1.187848487349519E-007  1.288232913140608E+002
    903  1.168907526644632E-007  1.249295857950171E+002
    773  1.140542954584680E-007  1.146041296786391E+002
    692  1.111600947418815E-007  1.109991362888409E+002
    750  1.083467995964909E-007  1.128980084302201E+002
    806  1.081457167588638E-007  1.165904998677036E+002
   1007  1.069712105017657E-007  1.303971511397991E+002
    528  1.065405819008493E-007  6.211763689923020E+001
    632  1.040243052842680E-007  1.086732063917954E+002
   1076  1.038160023626410E-007  1.858411948136732E+002
    707  1.032861476615864E-007  1.116484954290111E+002
    776  1.026410820637958E-007  1.150535509847603E+002
   1015  1.025006972332769E-007  1.306693309857935E+002
    713  9.540645403666293E-008  1.118750446375970E+002
    878  9.446062784388996E-008  1.208553192243232E+002
    761  9.414620522020758E-008  1.134019555363662E+002
    739  9.369125399533089E-008  1.126267264275300E+002
    458  9.196799036328393E-008  5.780961640938520E+001
    876  8.620480469262993E-008  1.207338716680959E+002
    881  8.598442803858320E-008  1.212001054655417E+002
    279  8.234639390105967E-008  3.776291602598710E+001
   1030  7.950012130391103E-008  1.313677884464318E+002
    708  7.756030637680900E-008  1.116659378913442E+002
    651  7.629447379536701E-008  1.090123807306586E+002
    225  7.473854904518833E-008  3.458265676939745E+001
    819  7.271022585295591E-008  1.172617623112352E+002
    912  7.107305129391655E-008  1.259977317017505E+002
    906  6.706688679875949E-008  1.253859334012492E+002
    175  6.258176411230042E-008  3.282740528695558E+001
    987  6.004099979970208E-008  1.295218650079724E+002
    705  5.422404793437257E-008  1.114879185885843E+002
    728  5.368347345325031E-008  1.123911467240560E+002
    925  5.327435765964374E-008  1.268943605090481E+002
    124  4.893722280389574E-008  2.953039329658957E+001
    908  4.596484298674382E-008  1.256350992978881E+002
    934  4.323984252309846E-008  1.274026915475210E+002
    901  4.127617120111826E-008  1.246352700151236E+002
    965  4.097733809321890E-008  1.286084743618769E+002
    511  3.969150537886615E-008  6.108291035790679E+001
    814  3.744850100789827E-008  1.170571282096026E+002
    443  3.718243969988996E-008  5.615506371008289E+001
    874  3.607734744596982E-008  1.206463359037059E+002
    261  3.541389030925444E-008  3.751537038816641E+001
    745  2.939427392912566E-008  1.127541380335163E+002
    786  2.760082046286880E-008  1.156679892855772E+002
    893  2.664099152016476E-008  1.225899968537864E+002
    996  2.663837586556996E-008  1.300741546440489E+002
    927  2.540036098449630E-008  1.271118445081471E+002
    823  2.509511031585634E-008  1.173434151863991E+002
    914  2.447904991709368E-008  1.261343003660832E+002
    743  2.164199772763911E-008  1.126739704882794E+002
    562  1.886178783646595E-008  1.058125905236654E+002
    886  1.835247463213361E-008  1.214498350996194E+002
    798  1.573789000840669E-008  1.161233232814441E+002
    957  1.337298736141538E-008  1.283224605383935E+002
     12  1.105712928114877E-008  1.791855268392995E+001
    704  1.078312937393514E-008  1.114088220449556E+002
    432  9.325312966220959E-009  5.551253331854516E+001
    645  8.652297362598460E-009  1.088758352374567E+002
    792  7.837289700460527E-009  1.158579110744502E+002
    710  7.190745267292250E-009  1.117114283703663E+002
     30  6.980114131152669E-009  2.339033246897357E+001
    861  5.661261311658261E-009  1.193618968506130E+002
    121  4.447066418431022E-009  2.937009161569695E+001
    203  3.622312472022908E-009  3.415596231316062E+001
    581  3.026947939318612E-009  1.069166383916512E+002
     88  3.013527125755429E-009  2.776495450944637E+001
    833  2.743901696860229E-009  1.176450554682990E+002
    639  2.426984500613282E-009  1.087924757147032E+002
    711  1.937121779493158E-009  1.117833092223069E+002
    963  1.857983114731131E-009  1.284456810480366E+002
    790  1.665305249189099E-009  1.158127479939932E+002
   1023  9.736009683665172E-011  1.309907545973144E+002
   1002  9.219604280249299E-011  1.301955720736593E+002
    734  5.181985205829243E-011  1.125227414297757E+002
    869  2.934109995341300E-011  1.201465244096069E+002
