# Number of modes
   1077
# Tabulated for different initial and final frequencies?
    F
# Mode index, Sj, (highest to lowest), omega_j
    547  2.013767561304903E-001  1.040413527560943E+002
      7  4.946579870594994E-002  1.598850297870253E+001
     23  2.601072923919752E-002  2.160694502786773E+001
      8  2.559677133708663E-002  1.603898235084092E+001
    454  2.537151898377185E-002  5.753531790534946E+001
     65  2.205331269302342E-002  2.645533186342116E+001
    384  2.120998209497449E-002  4.693482184770667E+001
     24  1.894167875302928E-002  2.165827626673025E+001
     38  1.837084202970187E-002  2.415274881711009E+001
    546  1.520036692210840E-002  1.038908634804570E+002
    539  1.259777954252276E-002  1.004038214764926E+002
     64  1.220584441158559E-002  2.637954322898939E+001
    114  1.091639703014671E-002  2.903390568794284E+001
    301  1.065919146506250E-002  3.874125966254066E+001
    544  1.058445607239156E-002  1.037287728441322E+002
    418  1.034918799006963E-002  5.440760214654593E+001
    551  9.979448372360738E-003  1.044758850995860E+002
    419  9.698821689995826E-003  5.447434435004674E+001
    549  8.712854274860857E-003  1.043755820157491E+002
    298  8.488872399077951E-003  3.860785506393049E+001
     18  8.420833880761286E-003  2.124694793769305E+001
    554  7.732818702405047E-003  1.048978551747549E+002
     60  7.514343435928580E-003  2.612817271153773E+001
    460  7.382792383337573E-003  5.821511818989060E+001
     58  7.248006883166860E-003  2.603619761911758E+001
    425  6.764534548681700E-003  5.512885982268182E+001
    456  6.614163173802994E-003  5.758475825352298E+001
    390  6.436294308583911E-003  4.930034545373515E+001
     31  5.919864032694210E-003  2.349957735236975E+001
    445  5.889357389164237E-003  5.650985963977887E+001
   1048  5.526554368506569E-003  1.325281096806480E+002
    248  4.968699910624938E-003  3.617742791171408E+001
    537  4.680923523757198E-003  7.348438751630307E+001
      5  4.632105698193162E-003  1.580375607842547E+001
    330  3.756455671822577E-003  4.000719691328421E+001
    199  3.613392585589626E-003  3.411214171315592E+001
    458  3.596967307555446E-003  5.780961640938520E+001
    536  3.556845048292647E-003  7.244369170766353E+001
    524  3.483341450032697E-003  6.196836567938324E+001
    531  3.243153031290308E-003  6.280622541285696E+001
    142  3.019716718536672E-003  3.011700635419402E+001
    229  2.789967715768790E-003  3.477639317683153E+001
    297  2.681737604203990E-003  3.850412000814609E+001
    207  2.670792599801315E-003  3.419271829752626E+001
     20  2.609847039814272E-003  2.146722812704134E+001
     11  2.558025335168007E-003  1.771447447329438E+001
    566  2.548734999184012E-003  1.060197199307676E+002
     70  2.460553413122647E-003  2.683332853591699E+001
    255  2.456945823359570E-003  3.705801266502003E+001
      4  2.284558101473428E-003  1.555889535187236E+001
    440  2.251861976076413E-003  5.589934491235444E+001
     97  2.234941597501034E-003  2.809615145046481E+001
     85  2.209979016913818E-003  2.757726243328665E+001
    241  2.156168839356050E-003  3.573178726353736E+001
    386  2.117026547501634E-003  4.778448827008048E+001
    347  2.114687439004608E-003  4.251894246220620E+001
    450  2.110799542403895E-003  5.723022636777802E+001
    422  2.085898750992292E-003  5.478392604221921E+001
     95  2.049414795916773E-003  2.806113631432304E+001
   1075  1.978872365883901E-003  1.852007864492208E+002
    393  1.968936677781713E-003  5.117422678475859E+001
    981  1.968482876361891E-003  1.292686845988868E+002
     54  1.917021595652693E-003  2.537118147105558E+001
     67  1.904647182550850E-003  2.663955326886673E+001
    251  1.865920473472304E-003  3.670193646720268E+001
     66  1.850681311721252E-003  2.653041695388611E+001
    954  1.789195377636370E-003  1.282848493157465E+002
    452  1.751713713216422E-003  5.732416656661538E+001
    230  1.751420133502041E-003  3.507000892128892E+001
     73  1.735347750469422E-003  2.704395448663374E+001
    183  1.703118127671058E-003  3.317747871488443E+001
    182  1.694497652840472E-003  3.313118961536368E+001
    431  1.661384476093608E-003  5.545822575490884E+001
    294  1.615642988627603E-003  3.844005427068350E+001
    563  1.575459986810363E-003  1.058622417292547E+002
    966  1.571953562868393E-003  1.287120665380274E+002
   1071  1.520657226199082E-003  1.353191143310252E+002
     36  1.469463279831021E-003  2.408548968715760E+001
    161  1.461225326135027E-003  3.141544799468193E+001
    436  1.452747931941960E-003  5.562240782737462E+001
     57  1.450897582317595E-003  2.601044601303876E+001
     92  1.410517400339138E-003  2.796966533379813E+001
     74  1.405445825089069E-003  2.706787664592100E+001
     71  1.402746167187894E-003  2.691074291878593E+001
    308  1.398605392312354E-003  3.924824416979163E+001
    245  1.392116099732015E-003  3.584895809931362E+001
    955  1.389444424320752E-003  1.283043098504922E+002
    385  1.369582006621286E-003  4.744969147605799E+001
     51  1.365507418743091E-003  2.527497960196780E+001
    202  1.349072310813198E-003  3.414693728338715E+001
    212  1.344432837191601E-003  3.425448747044050E+001
    403  1.343127059384344E-003  5.332276567118551E+001
    180  1.339650919024253E-003  3.306959511625761E+001
    991  1.306225638506823E-003  1.298309517843196E+002
      1  1.305615811182427E-003  1.480943860687432E+001
    310  1.298234371539683E-003  3.933560718805473E+001
    108  1.297534324362483E-003  2.884206820739177E+001
     29  1.275414399546048E-003  2.304600720746813E+001
    160  1.263612075670774E-003  3.140287364756382E+001
    348  1.263033730513968E-003  4.278252907839931E+001
    358  1.220903869167015E-003  4.418411045040358E+001
    249  1.220399342025373E-003  3.643158917315001E+001
    103  1.196583410799948E-003  2.854698030319213E+001
    312  1.196503860916279E-003  3.940338989709551E+001
    378  1.182251014899968E-003  4.609481655347708E+001
    402  1.162488891526944E-003  5.323403324336612E+001
    106  1.151729632677740E-003  2.873147041157064E+001
    817  1.139554675323950E-003  1.171745914510001E+002
     22  1.132882099270301E-003  2.149928230079738E+001
   1066  1.122223621766103E-003  1.341339055776214E+002
    295  1.110515564702635E-003  3.844649820311862E+001
    282  1.079441315345075E-003  3.781601762519486E+001
    477  1.061704399398200E-003  5.875439662154096E+001
    101  1.052796462209914E-003  2.816121926613436E+001
   1032  1.050878465258880E-003  1.314270448258869E+002
    392  1.048206311756934E-003  4.975569880244111E+001
    105  1.045692718160067E-003  2.872870804936272E+001
    158  1.044383779873860E-003  3.138637587596471E+001
    768  1.028634761648378E-003  1.140511281344195E+002
    504  1.028148668325853E-003  6.073767201700102E+001
    272  1.025782945126144E-003  3.770876893490352E+001
    221  1.023903040779749E-003  3.444064242877499E+001
    195  1.012624678474654E-003  3.399004655216064E+001
    331  9.871663955066724E-004  4.033978069592825E+001
    143  9.733810846547534E-004  3.021552765862468E+001
    138  9.569134014186184E-004  2.998810658959070E+001
    184  9.406036681981566E-004  3.328145954751520E+001
    102  9.300823610508052E-004  2.838723287464182E+001
     27  9.202111578186034E-004  2.288948685305089E+001
    131  9.171306683856548E-004  2.976719894627799E+001
     33  9.141395946693326E-004  2.387502434282544E+001
     43  9.095797322833198E-004  2.485090944939308E+001
     46  9.091411886794062E-004  2.508968851186969E+001
    552  9.021438986247668E-004  1.045004516183760E+002
    303  8.946394426162215E-004  3.891633174738261E+001
    717  8.699351134220565E-004  1.119901298340990E+002
    283  8.621837346563885E-004  3.781664732037148E+001
   1001  8.561426728274940E-004  1.301907504163165E+002
      6  8.493547938788835E-004  1.593905863128156E+001
    381  8.424933931243386E-004  4.623753374880091E+001
    236  8.295619105121712E-004  3.558504171265294E+001
    944  8.201287472535068E-004  1.278264506290159E+002
     77  8.116824554939369E-004  2.720977418778346E+001
    133  8.043198899935291E-004  2.980777525245198E+001
    383  7.958758724856341E-004  4.665506804468283E+001
    434  7.902728094234242E-004  5.556859477681133E+001
    237  7.806310535631093E-004  3.561350513334219E+001
    417  7.697300823720291E-004  5.432386496665636E+001
    379  7.689805141381928E-004  4.610002508350383E+001
   1058  7.678997488817095E-004  1.334381531708862E+002
    320  7.595018559812109E-004  3.958466091098631E+001
    507  7.456703901818763E-004  6.098134465730102E+001
    989  7.417218943548899E-004  1.296856498562064E+002
    489  7.408752194695262E-004  5.906665573291085E+001
    777  7.385630420767262E-004  1.150636811545726E+002
    472  7.384253206118682E-004  5.860732378330380E+001
    519  7.380402617571875E-004  6.116666091909611E+001
    285  7.355892008093734E-004  3.794670187788559E+001
      2  7.325374589803981E-004  1.507477314615795E+001
    134  7.234578194936828E-004  2.989081555609098E+001
    344  7.165836773008317E-004  4.229281490750487E+001
     89  7.096567892383468E-004  2.787565477396676E+001
    911  7.087681905597036E-004  1.258968376271585E+002
    411  6.998884925234369E-004  5.390414096058870E+001
    958  6.956819241735275E-004  1.283326337970340E+002
    474  6.852932988553394E-004  5.866520048333617E+001
    196  6.807316271182006E-004  3.402217963204272E+001
    100  6.788136247264995E-004  2.814590236831992E+001
     62  6.787095736310577E-004  2.630569023157911E+001
    119  6.782252558346008E-004  2.929038281335912E+001
    530  6.761014773689624E-004  6.265828803408258E+001
    289  6.724125854736567E-004  3.832422991649202E+001
    938  6.687814092008255E-004  1.276246332177813E+002
    459  6.663982211698871E-004  5.797524108925945E+001
    306  6.651062723005435E-004  3.922583615449084E+001
    426  6.650329479659134E-004  5.521112029631625E+001
    319  6.626329746872056E-004  3.955367029075058E+001
    553  6.613675245072115E-004  1.045844149005738E+002
    352  6.607674409184366E-004  4.345183818831803E+001
    327  6.591340488009820E-004  3.980649710729982E+001
    487  6.583500409387583E-004  5.901096182276392E+001
    246  6.565716883335115E-004  3.612200287477440E+001
    157  6.478563534754871E-004  3.136040875348826E+001
    239  6.474584940051762E-004  3.564788119351169E+001
    604  6.461185762309208E-004  1.078901483894559E+002
    564  6.361126336025499E-004  1.059223740174141E+002
    810  6.314568489105002E-004  1.168542717379606E+002
     37  6.293942002487798E-004  2.413005277682491E+001
    218  6.284728100092082E-004  3.434087154455664E+001
    302  6.240822904551031E-004  3.874867387838012E+001
    109  6.133462963555850E-004  2.888359254004277E+001
     34  6.060368109351632E-004  2.394870774261297E+001
    727  6.049975156590867E-004  1.123838421661365E+002
    485  6.041347916324152E-004  5.896971858223063E+001
    210  6.027735525578129E-004  3.421873300884823E+001
   1053  5.995283307102760E-004  1.331993000158318E+002
    325  5.975179263182084E-004  3.979678053884171E+001
    430  5.970318028140242E-004  5.544226538226409E+001
    152  5.889983063067963E-004  3.107793476288124E+001
    970  5.821050370877533E-004  1.288440499253601E+002
    153  5.807210658344728E-004  3.119128674334460E+001
    960  5.793585855286868E-004  1.283710541965592E+002
    942  5.676890094318696E-004  1.277896527703618E+002
     75  5.675617024634701E-004  2.717284531466260E+001
    401  5.613925693543632E-004  5.310952948046032E+001
    357  5.594023054762872E-004  4.413715889769129E+001
    188  5.590098231602890E-004  3.343297855491465E+001
    211  5.572311835068686E-004  3.422885497659050E+001
    281  5.564985075494184E-004  3.778222215271058E+001
    116  5.500750200696262E-004  2.910094471225916E+001
    493  5.480465220870069E-004  5.956939432616837E+001
   1031  5.453197157090060E-004  1.313824495210718E+002
    545  5.403251068954788E-004  1.038885725205099E+002
    535  5.403207751517069E-004  7.234684016852472E+001
    156  5.363068709625585E-004  3.133959801814033E+001
   1020  5.347468835559261E-004  1.308300137670077E+002
     91  5.286121904985501E-004  2.795709450840539E+001
    518  5.237689910072898E-004  6.116565427175681E+001
    940  5.207628870056687E-004  1.277053477702196E+002
   1038  5.146650304312556E-004  1.317153469634680E+002
    338  5.115161659818796E-004  4.143596746217444E+001
     12  5.112069318770277E-004  1.791855268392995E+001
    582  5.027590350013503E-004  1.069886979669129E+002
    421  4.968021783966051E-004  5.469982084171487E+001
    482  4.954529877977055E-004  5.890508639424976E+001
    299  4.932294967902840E-004  3.861147003050849E+001
    309  4.924839493988183E-004  3.929268620446922E+001
    478  4.917987664664935E-004  5.880478287498814E+001
     68  4.869659467162639E-004  2.665958995788216E+001
    973  4.841019601073176E-004  1.290303348922233E+002
    560  4.818816188665856E-004  1.057397922085461E+002
    503  4.801234580831899E-004  6.062899617907863E+001
      3  4.753611643134704E-004  1.530095081680193E+001
    270  4.711081592621672E-004  3.767493462479421E+001
    206  4.675254190912820E-004  3.418711639611698E+001
    725  4.670641771170185E-004  1.122622575126908E+002
    232  4.621306017616496E-004  3.530982942235851E+001
     50  4.604597476847184E-004  2.524792740229145E+001
    192  4.576339554077111E-004  3.373139183933635E+001
    336  4.567128984291559E-004  4.106442919982931E+001
    514  4.548799788380765E-004  6.112143562944963E+001
    438  4.527555896334595E-004  5.568774314714533E+001
    174  4.497952730987445E-004  3.277024257542895E+001
     35  4.487040328902830E-004  2.406163852032448E+001
   1047  4.443343510917576E-004  1.324683504365100E+002
    292  4.439741319797017E-004  3.837765227419467E+001
   1009  4.433940008207053E-004  1.304609142394732E+002
    177  4.407486268022022E-004  3.286305119332699E+001
    446  4.387771576699824E-004  5.657515742254393E+001
    139  4.304780531161394E-004  3.001327528760398E+001
     96  4.283147972508712E-004  2.807603105873968E+001
     86  4.256716383182764E-004  2.760340701365068E+001
    389  4.246315484508915E-004  4.924612888004685E+001
     76  4.242137430948834E-004  2.719040433196805E+001
    359  4.207970921137550E-004  4.440820660542785E+001
   1018  4.179785504948806E-004  1.307425624046459E+002
    121  4.114559893737192E-004  2.937009161569695E+001
    517  4.113052066744721E-004  6.116283191518230E+001
    150  4.075840444150462E-004  3.095380367517388E+001
    909  4.063434712633714E-004  1.256671150468244E+002
    191  4.023835132431268E-004  3.372798248811258E+001
   1024  4.000763335057549E-004  1.310472886139475E+002
    778  3.963446477205057E-004  1.153062331743218E+002
     52  3.955991153595073E-004  2.532370304309600E+001
   1057  3.932794095070184E-004  1.332882698940204E+002
     28  3.904027658164338E-004  2.303576073275412E+001
    433  3.880904066825143E-004  5.552394895078822E+001
    382  3.869028795993978E-004  4.661435463500721E+001
    785  3.835650577380684E-004  1.156515149006221E+002
    262  3.817956343756036E-004  3.754826259370084E+001
    495  3.760310348194518E-004  5.971063876484735E+001
    258  3.733121521336773E-004  3.725675246841864E+001
    442  3.697072801761173E-004  5.605259237502305E+001
    848  3.672833296653081E-004  1.185512117490796E+002
    543  3.604178079786103E-004  1.026098663261161E+002
     98  3.588679370374630E-004  2.810036398063808E+001
    163  3.580747878139338E-004  3.148605603035891E+001
    168  3.528935313321241E-004  3.223239881301075E+001
   1074  3.469675096767367E-004  1.357832717908243E+002
    449  3.444977194099553E-004  5.713782918039372E+001
     21  3.415380677396426E-004  2.149552581175353E+001
     45  3.405356251346115E-004  2.505629895200580E+001
    115  3.366889904847760E-004  2.908676806680809E+001
    527  3.337555794861190E-004  6.211137902133680E+001
    217  3.331426779116393E-004  3.432077633458158E+001
    962  3.313412346497008E-004  1.284190833846668E+002
    324  3.294655271719682E-004  3.965813849875591E+001
    126  3.293302960951466E-004  2.957864372821811E+001
    548  3.293184707539790E-004  1.041098140943872E+002
     84  3.289982740013483E-004  2.748397341497807E+001
   1039  3.284040798208119E-004  1.317789778316224E+002
    842  3.260412464528924E-004  1.180365480395604E+002
     78  3.236305019848916E-004  2.724001953302053E+001
     90  3.224613524269208E-004  2.792299487571685E+001
    394  3.224046082342701E-004  5.275338077531283E+001
    136  3.176701259003638E-004  2.995197020395121E+001
     30  3.099838667385380E-004  2.339033246897357E+001
    769  3.094651213623041E-004  1.141494817506874E+002
    602  3.088838328716402E-004  1.078335831208874E+002
    512  3.075904634110404E-004  6.110465593383906E+001
    555  3.063221942075796E-004  1.049505825405343E+002
    296  3.056710683884334E-004  3.847026909032138E+001
    104  3.048218252190235E-004  2.863475114667724E+001
    304  3.045464387731545E-004  3.902642388250331E+001
    293  3.041072217368202E-004  3.840315559517953E+001
    575  3.021259254653484E-004  1.067636975144964E+002
    231  2.993310976076632E-004  3.529195130720404E+001
    661  2.978994767012497E-004  1.094040232551639E+002
    466  2.966991964126463E-004  5.848631456847294E+001
    387  2.960029533567945E-004  4.845493173747810E+001
   1062  2.953226740987212E-004  1.338537297016246E+002
    742  2.947341219146037E-004  1.126546326383816E+002
    700  2.947189185367932E-004  1.112187707043413E+002
   1006  2.935093134258332E-004  1.303473844140781E+002
    486  2.909285958547588E-004  5.898078655703418E+001
     81  2.902584109476253E-004  2.737831616504717E+001
    565  2.846563152086491E-004  1.059848591127986E+002
    516  2.832019101740981E-004  6.114879167768425E+001
    189  2.803453677915273E-004  3.348575581421191E+001
    943  2.799494113471907E-004  1.278255860865938E+002
    326  2.789615612348517E-004  3.980074663620405E+001
    377  2.776161044281142E-004  4.580996274485975E+001
    686  2.763571317146818E-004  1.108321598991433E+002
    468  2.673114771447666E-004  5.850419738659161E+001
    926  2.654843415747739E-004  1.269935099435139E+002
    585  2.654490821353629E-004  1.071721890576240E+002
   1036  2.644021012296446E-004  1.315563975924429E+002
    214  2.625581792697617E-004  3.429158842681225E+001
     72  2.623417419532343E-004  2.695844835194747E+001
    409  2.619741234718460E-004  5.377950655266745E+001
    132  2.590513879455373E-004  2.978147182311027E+001
    190  2.585775088293936E-004  3.352213579831744E+001
    113  2.579254026401507E-004  2.894608485543543E+001
    611  2.561920151546477E-004  1.080609110523806E+002
    317  2.547791918945300E-004  3.952108816795088E+001
    334  2.537025380326527E-004  4.055961280242965E+001
    721  2.515040293229943E-004  1.121902054803930E+002
    451  2.506571585397224E-004  5.726939793781466E+001
    176  2.502801195446457E-004  3.283702642513862E+001
    360  2.488787874352226E-004  4.501412031898634E+001
    741  2.481499487819547E-004  1.126383251241469E+002
    332  2.472334394698515E-004  4.036182328117159E+001
    415  2.464524998425573E-004  5.409773008136273E+001
    573  2.455877693260761E-004  1.066520968004064E+002
    261  2.437853529075983E-004  3.751537038816641E+001
    918  2.432694581442860E-004  1.263810693695273E+002
    395  2.402231572971710E-004  5.279005865968511E+001
   1050  2.389590533783445E-004  1.326682006609648E+002
    816  2.367698066879909E-004  1.170854692244173E+002
    475  2.334814773193632E-004  5.870955367754343E+001
    148  2.320082340215963E-004  3.055713011308698E+001
   1042  2.309847323129494E-004  1.319938555239870E+002
     16  2.304009186376254E-004  2.083990463296455E+001
    838  2.300460687103963E-004  1.178077045912047E+002
    950  2.269509668987788E-004  1.281356928004739E+002
   1026  2.201769081025214E-004  1.310988308446859E+002
    847  2.187539420333606E-004  1.183795327778256E+002
    194  2.171424448638747E-004  3.388123191050668E+001
    483  2.129664168971936E-004  5.892865432514233E+001
    502  2.107138050378598E-004  6.033057478557798E+001
    349  2.086506218400758E-004  4.279212686889406E+001
    984  2.085928213373130E-004  1.293776492189174E+002
    716  2.046035941341904E-004  1.119313653155845E+002
    898  2.041232402960817E-004  1.236287338505038E+002
     63  2.032203040359983E-004  2.633691355837915E+001
   1067  2.026807320473484E-004  1.341872351276505E+002
    934  2.017300046171418E-004  1.274026915475210E+002
    155  2.008972660908615E-004  3.129077640287002E+001
    975  2.000779813879006E-004  1.290479361570385E+002
    305  1.995639089744133E-004  3.919092577852600E+001
    505  1.989842370057204E-004  6.089365906344585E+001
    541  1.986147937747069E-004  1.020561485810812E+002
    593  1.976771899903788E-004  1.074633420950339E+002
    400  1.969862346016457E-004  5.304406357850599E+001
    186  1.966690636697823E-004  3.335079910483972E+001
    274  1.920007870235783E-004  3.771469066363962E+001
    427  1.910716778214875E-004  5.530625255614972E+001
    892  1.899068422017568E-004  1.223146913863671E+002
   1061  1.891644144544244E-004  1.338239896777959E+002
    420  1.872153298759851E-004  5.464265012038360E+001
    314  1.835355397281736E-004  3.944402428691944E+001
    803  1.832336473617840E-004  1.163959410830473E+002
    533  1.802009098013263E-004  6.344214913117692E+001
    167  1.776872756566711E-004  3.206734480721192E+001
    771  1.773752480122332E-004  1.142541813627527E+002
     39  1.766290085111649E-004  2.419216907562118E+001
      9  1.754746268018797E-004  1.615282072713023E+001
    542  1.747370776075927E-004  1.021380905135569E+002
   1016  1.743356147332456E-004  1.306784011483153E+002
    676  1.742878708819121E-004  1.102968009656115E+002
    571  1.736550969288334E-004  1.065760725477823E+002
    233  1.733689363605937E-004  3.536858076063520E+001
    521  1.726260750877159E-004  6.120499406654021E+001
    572  1.724262501580297E-004  1.066354688575440E+002
    444  1.715800732102615E-004  5.640873014994138E+001
    147  1.705606041800326E-004  3.045498909450352E+001
    140  1.666897606407009E-004  3.002380690834687E+001
    500  1.624124988696889E-004  6.016266526055261E+001
    528  1.619828491245483E-004  6.211763689923020E+001
    123  1.617889763650639E-004  2.945706723223188E+001
    253  1.613511461550501E-004  3.690338042035397E+001
     94  1.607791125455988E-004  2.803048707399637E+001
    795  1.605285436552994E-004  1.159446042090269E+002
    107  1.584960735406777E-004  2.880093649968087E+001
    287  1.563847789337702E-004  3.806334999222836E+001
    561  1.560069118291005E-004  1.057823475786052E+002
    410  1.553604815975986E-004  5.380004782230375E+001
    187  1.553512812679397E-004  3.338593491458187E+001
    540  1.552825769999796E-004  1.019596674086986E+002
   1046  1.536948920351185E-004  1.322741703884410E+002
    998  1.534338290771852E-004  1.301241144683907E+002
   1072  1.533957736487568E-004  1.354275255218108E+002
    820  1.508598784098551E-004  1.173160626674297E+002
    154  1.506004867568016E-004  3.128025029310897E+001
    361  1.494157361453339E-004  4.509188248244521E+001
    257  1.490710439813473E-004  3.716053985696894E+001
    895  1.478371296551994E-004  1.231922658586809E+002
    264  1.462698017491912E-004  3.760740200223662E+001
     88  1.446274829318746E-004  2.776495450944637E+001
    873  1.445179884056132E-004  1.205400953636918E+002
    584  1.437396272308227E-004  1.071415131646536E+002
    112  1.430875757597814E-004  2.893182478938967E+001
    397  1.426053239774827E-004  5.292984574180642E+001
    276  1.402393621222276E-004  3.774173651101562E+001
    836  1.401477010282886E-004  1.177792466123822E+002
    205  1.393754308931589E-004  3.418138862993963E+001
    135  1.371235239802868E-004  2.990996926970350E+001
     61  1.370942184723499E-004  2.623624111749398E+001
    613  1.367635085541977E-004  1.081325074305931E+002
    432  1.364914680129833E-004  5.551253331854516E+001
    592  1.364626019891639E-004  1.074010896433819E+002
    242  1.354121110973729E-004  3.575330164903793E+001
    311  1.352786823819666E-004  3.939193935233331E+001
    339  1.336055067921534E-004  4.199721405536648E+001
    558  1.328782815197815E-004  1.054235904423783E+002
    151  1.324992917151242E-004  3.097448214004631E+001
    250  1.318570539258567E-004  3.645071914574685E+001
    751  1.316626130662932E-004  1.129352725370382E+002
   1000  1.303438065788444E-004  1.301375093272533E+002
    340  1.297422630793455E-004  4.203744443197692E+001
    577  1.296054981703637E-004  1.068269012623950E+002
    863  1.292169620125675E-004  1.194780899982511E+002
    208  1.285103343610556E-004  3.420400517096608E+001
     48  1.281013107426985E-004  2.521050943974308E+001
    307  1.277870386142833E-004  3.924418415703018E+001
    802  1.270820477474062E-004  1.163074247182627E+002
    822  1.260192485848533E-004  1.173379890193997E+002
    141  1.254675992052181E-004  3.005205957969120E+001
    267  1.253674572659676E-004  3.763942844703926E+001
   1055  1.253333190466633E-004  1.332315483337306E+002
    680  1.237760221987861E-004  1.106808485277705E+002
    171  1.237535435126926E-004  3.251692712246987E+001
    462  1.233350384058695E-004  5.834568949164402E+001
    988  1.224861045587863E-004  1.295230022337254E+002
    260  1.222779953306401E-004  3.745846822965304E+001
   1022  1.222515472383094E-004  1.309570316227355E+002
    719  1.213021297487999E-004  1.120361196403708E+002
    275  1.212354406995343E-004  3.771871208633355E+001
    605  1.198426889090993E-004  1.079476682950407E+002
    797  1.195503103531207E-004  1.161224071144865E+002
    964  1.191184368490711E-004  1.284811881676410E+002
    538  1.189643054740439E-004  8.801939400846273E+001
    866  1.189352260676991E-004  1.198737679274225E+002
    398  1.178271253700673E-004  5.298968704937109E+001
   1045  1.171649571407294E-004  1.322246800166877E+002
    259  1.157338277790820E-004  3.731129763636223E+001
    784  1.148519041770815E-004  1.156115101864969E+002
    322  1.134240981642027E-004  3.962934885257222E+001
    659  1.133762477366432E-004  1.093169473413985E+002
     40  1.125136494142998E-004  2.429142631572386E+001
     53  1.120187381936668E-004  2.532427500710937E+001
    813  1.112897101137020E-004  1.170211975618395E+002
    877  1.109080490380779E-004  1.207635072396237E+002
    897  1.104001108436498E-004  1.233154024205701E+002
    181  1.098308350273197E-004  3.309588236011395E+001
    149  1.097108111684302E-004  3.064428879965062E+001
    256  1.089790386277221E-004  3.708485200545782E+001
    234  1.084535157745797E-004  3.541632958107625E+001
    203  1.080967327622406E-004  3.415596231316062E+001
    632  1.076822335088808E-004  1.086732063917954E+002
    396  1.075228843205211E-004  5.292259014309509E+001
     69  1.069860302202454E-004  2.667931486079132E+001
    831  1.054322620590142E-004  1.175849164822640E+002
    639  1.052231670898313E-004  1.087924757147032E+002
    213  1.045672744242558E-004  3.426923698719692E+001
    924  1.043995858809777E-004  1.267645350898773E+002
    369  1.037938932423657E-004  4.556664797594529E+001
   1041  1.037445491123809E-004  1.318604688563310E+002
    594  1.033457873184908E-004  1.075267994995216E+002
    529  1.032312219946020E-004  6.213305424318654E+001
    550  1.020302296601887E-004  1.044255141670578E+002
   1064  1.001624135042110E-004  1.339182935247794E+002
    587  9.880456019479928E-005  1.072564562863978E+002
    755  9.757786077463852E-005  1.130537195644052E+002
    865  9.720745383356775E-005  1.195233182598442E+002
    616  9.680070867721824E-005  1.081902144651443E+002
    675  9.645786979112770E-005  1.101932688761904E+002
    706  9.630629936750891E-005  1.115644797142602E+002
    137  9.416450258095385E-005  2.996307755422044E+001
    481  9.401981553745451E-005  5.889564718758225E+001
    697  9.118099910045174E-005  1.111168086390436E+002
    404  9.088591285964811E-005  5.332919471058649E+001
    170  9.030652880980062E-005  3.240864442722207E+001
    835  9.000867046474218E-005  1.176766134664512E+002
    162  8.965622709955766E-005  3.142013005221356E+001
   1052  8.947958169024342E-005  1.330891459743712E+002
    826  8.944916619606599E-005  1.174535409692338E+002
     59  8.872609098493971E-005  2.608228483109795E+001
     79  8.837058004846654E-005  2.728143790603452E+001
    899  8.755019932790261E-005  1.237750393258326E+002
    220  8.715419900369478E-005  3.440936379612124E+001
    674  8.676651251929107E-005  1.101627157855635E+002
    896  8.588462947012771E-005  1.231967026860033E+002
    323  8.549654685818783E-005  3.963162035223775E+001
    596  8.515350825733153E-005  1.076305596761092E+002
    497  8.366189181631220E-005  5.984833423050026E+001
    967  8.334624109782387E-005  1.287730879251822E+002
    243  8.322754794034058E-005  3.580427376176280E+001
    724  8.313578334549705E-005  1.122474317356576E+002
   1027  8.222042006230762E-005  1.311414239553258E+002
    713  8.116072711660062E-005  1.118750446375970E+002
    681  8.049754391129449E-005  1.107150530846271E+002
    821  7.824820031779688E-005  1.173213489801490E+002
    678  7.819446082529080E-005  1.105298402911861E+002
    636  7.808931220375947E-005  1.087412284437008E+002
    511  7.793528170216003E-005  6.108291035790679E+001
    615  7.709500453361084E-005  1.081646255451844E+002
    166  7.678585242811013E-005  3.197534022905977E+001
    269  7.653530754884792E-005  3.766609016559832E+001
    579  7.545041846142155E-005  1.068810185812333E+002
    463  7.446729216418396E-005  5.840368106338346E+001
   1060  7.428291659238938E-005  1.336329109810919E+002
   1008  7.288123028140780E-005  1.304054287055121E+002
    457  7.287452258015261E-005  5.770039153165104E+001
    825  7.179910239270622E-005  1.174155068731360E+002
   1033  6.949313492189959E-005  1.314921549657209E+002
    666  6.834558886408539E-005  1.096961217429448E+002
    484  6.831652899761298E-005  5.894622531819898E+001
    672  6.803123731930167E-005  1.100523893058521E+002
    610  6.714912786854441E-005  1.080548791140610E+002
    731  6.698163996388252E-005  1.124795031346507E+002
    641  6.683968665305733E-005  1.088136450829588E+002
    930  6.678143340184276E-005  1.272550109882912E+002
    144  6.668512925267397E-005  3.023024488043693E+001
    807  6.556654985685913E-005  1.166040027024774E+002
    479  6.549721802902238E-005  5.886156225440574E+001
    854  6.535025519767361E-005  1.190938927222375E+002
    932  6.530978287641025E-005  1.272890793904072E+002
    588  6.518359706846532E-005  1.072780161282308E+002
    952  6.483711351833623E-005  1.282170243378332E+002
    890  6.470986010788729E-005  1.222269695705770E+002
    413  6.463097460344027E-005  5.407796767412047E+001
    669  6.459414078090688E-005  1.098991161820264E+002
    219  6.421909073263895E-005  3.435584966495736E+001
    654  6.354329368185879E-005  1.091774321289355E+002
    853  6.292224742473587E-005  1.189950762444425E+002
    567  6.253836825589286E-005  1.061175767374582E+002
    624  6.239769567470628E-005  1.084534043855216E+002
    465  6.132408488895625E-005  5.845233409136720E+001
    583  6.016710716648036E-005  1.070323413352247E+002
    216  5.885721973567978E-005  3.431915233475488E+001
    589  5.879317022939849E-005  1.073243551551986E+002
     55  5.808223319929214E-005  2.564739582447731E+001
    441  5.765638194145650E-005  5.602297434426368E+001
    903  5.632254596872515E-005  1.249295857950171E+002
    367  5.630676388181118E-005  4.546665367422378E+001
    832  5.518748258040058E-005  1.176150872586579E+002
    748  5.447021646111288E-005  1.128453459062848E+002
    476  5.445297771253848E-005  5.874284760292872E+001
    870  5.401151238073026E-005  1.203621491035894E+002
   1044  5.383175752841385E-005  1.320835593454495E+002
    844  5.370634959856495E-005  1.182236522024691E+002
    983  5.367970133147253E-005  1.293699640118089E+002
    682  5.351309292134759E-005  1.107795174367904E+002
    800  5.289153996992356E-005  1.161811067685375E+002
    919  5.286631208350424E-005  1.264669767465423E+002
    498  5.286086754152037E-005  6.006055704270973E+001
    557  5.187921470015949E-005  1.053298087456868E+002
    622  5.170016082655374E-005  1.084041586407917E+002
    370  5.165237425568698E-005  4.562254251008403E+001
    471  5.152097966520312E-005  5.859921299406331E+001
    643  5.150789436202304E-005  1.088529165631816E+002
    879  5.139320671870565E-005  1.208628531744268E+002
     10  5.128252474066031E-005  1.630017574824609E+001
    733  5.116375567570226E-005  1.125211996768446E+002
    656  5.107789599468925E-005  1.092383325553483E+002
    738  5.078514654415064E-005  1.126248828969786E+002
     49  5.044733285467062E-005  2.521926711432687E+001
     80  5.015237678518824E-005  2.737665388114407E+001
    226  4.976879734344714E-005  3.460914941435140E+001
    200  4.915814377541405E-005  3.413076352937113E+001
     25  4.870202092176782E-005  2.268285797328677E+001
    448  4.844370714734994E-005  5.707216855561523E+001
    376  4.828735128619189E-005  4.578482274843697E+001
    366  4.741177799659036E-005  4.541480133184800E+001
    875  4.707254384099603E-005  1.206504418490652E+002
    391  4.687377298549940E-005  4.935295074539214E+001
    354  4.657598224684673E-005  4.358717802496741E+001
    595  4.635329869630825E-005  1.075727311228692E+002
    916  4.599224315976851E-005  1.261858055404796E+002
    684  4.563825504483953E-005  1.108055531440044E+002
    695  4.541905959893511E-005  1.110404578737834E+002
    279  4.499725525363145E-005  3.776291602598710E+001
    523  4.499243590592256E-005  6.195141091349550E+001
    600  4.446827531090332E-005  1.078192567961393E+002
    694  4.351262739216788E-005  1.110208923005156E+002
    690  4.334995707631881E-005  1.109553167085971E+002
    197  4.334370411788519E-005  3.407091137263039E+001
   1011  4.314387301483318E-005  1.305590563134582E+002
    469  4.294326662553873E-005  5.857260373695996E+001
    808  4.281849290044240E-005  1.166438640424820E+002
    288  4.274620791734352E-005  3.825168870868715E+001
    868  4.265189525061931E-005  1.199994649602093E+002
    608  4.265111472992171E-005  1.080310773431174E+002
     15  4.260616786258449E-005  2.077312965636918E+001
    860  4.223376482651719E-005  1.193608179742887E+002
    569  4.206015174928825E-005  1.064024371239422E+002
    670  4.203561571020848E-005  1.099218253642219E+002
    128  4.178434874820954E-005  2.964876822252022E+001
    470  4.175238664369410E-005  5.858950887133865E+001
    712  4.155755066201671E-005  1.118479116964762E+002
    756  4.112042234154113E-005  1.131019348749128E+002
    110  4.003572849980178E-005  2.890337161783228E+001
   1034  3.957271169996442E-005  1.314975717016592E+002
    921  3.957211561421593E-005  1.266347372507485E+002
    480  3.944929416407521E-005  5.887142017505539E+001
    730  3.915692975138914E-005  1.124678820560711E+002
    225  3.861403003309161E-005  3.458265676939745E+001
    601  3.802763914600264E-005  1.078222216339937E+002
    843  3.763815338231467E-005  1.181049125326048E+002
    886  3.757710990045173E-005  1.214498350996194E+002
    179  3.689873434451204E-005  3.301071504933698E+001
   1063  3.632188585991153E-005  1.338610239777397E+002
    689  3.612409713294780E-005  1.108992280227757E+002
    765  3.609036958939569E-005  1.138034732037320E+002
    574  3.510346547942069E-005  1.067089856517616E+002
    313  3.476719721156168E-005  3.941220320488696E+001
    570  3.455157728195227E-005  1.064458450110351E+002
    709  3.421388887391676E-005  1.116986555393093E+002
    453  3.398361192337083E-005  5.734859743017803E+001
    922  3.386110818941628E-005  1.267277337836395E+002
    774  3.378902335178332E-005  1.147299018357027E+002
    461  3.348142172770202E-005  5.832169084274378E+001
     82  3.303059635250103E-005  2.744742479332049E+001
   1068  3.267086022998244E-005  1.342139437973118E+002
    633  3.265564860177639E-005  1.086770367044967E+002
    997  3.237171304763196E-005  1.300952728722026E+002
    435  3.229998286263963E-005  5.559833163642786E+001
    978  3.202983677326095E-005  1.291764873003617E+002
    491  3.177951930147146E-005  5.916484178919298E+001
    492  3.175556564911950E-005  5.919740097208313E+001
    982  3.172182465823282E-005  1.293230544301462E+002
    976  3.166568394733803E-005  1.291265023483052E+002
    910  3.119839509616650E-005  1.258349422363612E+002
    793  3.062197218374104E-005  1.158943894419280E+002
    254  3.057085692666400E-005  3.696870162494890E+001
    368  2.986006652275344E-005  4.552075151204606E+001
    193  2.955385179416496E-005  3.387383688791338E+001
    423  2.944810085025552E-005  5.491452382822700E+001
    714  2.935232849430791E-005  1.118865310298163E+002
    650  2.919564677415156E-005  1.090061273622073E+002
    827  2.880750161926048E-005  1.174913134466901E+002
    222  2.826188065036034E-005  3.444665555523785E+001
    617  2.826020314980276E-005  1.082069188907082E+002
    169  2.782652615949075E-005  3.225245008090104E+001
   1029  2.734518732636567E-005  1.312589073638632E+002
    640  2.729980439879555E-005  1.088027953187827E+002
    286  2.670604781034733E-005  3.806107114689090E+001
    175  2.665228844995442E-005  3.282740528695558E+001
    945  2.636081520137496E-005  1.278945431870569E+002
    328  2.632578875087145E-005  3.982877398686839E+001
    235  2.632471875873114E-005  3.553329683850696E+001
    760  2.582958136528938E-005  1.133648679091437E+002
     32  2.576738287281686E-005  2.386019687247388E+001
    927  2.543576898280534E-005  1.271118445081471E+002
    371  2.488565211584016E-005  4.567834615857563E+001
    845  2.441069607827188E-005  1.182722434309271E+002
    122  2.427587382726670E-005  2.942821875092930E+001
    597  2.407397869870164E-005  1.076362394255561E+002
    790  2.389532644570229E-005  1.158127479939932E+002
    513  2.367487946695968E-005  6.111701004965728E+001
    266  2.351960753751940E-005  3.763404507858488E+001
    852  2.329958243360140E-005  1.189308904937423E+002
    781  2.254583180292901E-005  1.155015502370288E+002
    977  2.238995523749845E-005  1.291448023039548E+002
    494  2.194679294963653E-005  5.959072402434833E+001
    648  2.181499754253511E-005  1.089328290594756E+002
    915  2.169112292658620E-005  1.261627872997085E+002
     19  2.166337366763284E-005  2.137958735177528E+001
    634  2.156342430325251E-005  1.087110579745548E+002
    923  2.140417135821478E-005  1.267345977181097E+002
     56  2.138298872754005E-005  2.577494999028338E+001
    238  2.126168221706534E-005  3.562010162214489E+001
    665  2.123059611759796E-005  1.096195054263975E+002
    679  2.118218032892286E-005  1.106299731616480E+002
    985  2.117655563469908E-005  1.294454523269476E+002
    350  2.103770197556059E-005  4.287084402122760E+001
    277  2.103225972235470E-005  3.774405278528796E+001
   1005  2.068656045429819E-005  1.302961950162389E+002
    757  2.055626925068713E-005  1.131455979007981E+002
    951  2.040755722679478E-005  1.282127111215003E+002
    343  2.005122454018604E-005  4.223776350771931E+001
    671  2.000192300781067E-005  1.100461630260976E+002
    424  1.994203050231879E-005  5.504400290817051E+001
   1065  1.992108576095319E-005  1.340986810838602E+002
    556  1.942944107991801E-005  1.053074591696642E+002
    737  1.932017049591649E-005  1.125716601108342E+002
    576  1.925634897884866E-005  1.068188420241767E+002
    408  1.923164390115225E-005  5.368647704938994E+001
   1040  1.913963162053376E-005  1.318325334098182E+002
    667  1.910418096101035E-005  1.098231148083649E+002
    668  1.899035114884771E-005  1.098358517134249E+002
    373  1.898873340289909E-005  4.573517441489172E+001
    708  1.892965576090769E-005  1.116659378913442E+002
    792  1.892958299540006E-005  1.158579110744502E+002
   1004  1.891669009925242E-005  1.302828791464404E+002
    265  1.852073596688373E-005  3.762418150997995E+001
    735  1.851912636663247E-005  1.125422257639707E+002
    603  1.835829152224129E-005  1.078480909052838E+002
    992  1.803891178618009E-005  1.299169051159237E+002
    609  1.785842688298125E-005  1.080529774194348E+002
    520  1.766928943970206E-005  6.117519869664547E+001
    660  1.755521759840377E-005  1.093929129115852E+002
    972  1.754036469199315E-005  1.289491342298440E+002
    117  1.737538579870391E-005  2.915145470361619E+001
    794  1.718552531598193E-005  1.159299755047292E+002
    796  1.702397012849822E-005  1.160406419035091E+002
     99  1.690646762695233E-005  2.813215700322161E+001
    268  1.652648136411359E-005  3.765614789507087E+001
    599  1.651510184920988E-005  1.077354408464688E+002
    227  1.644473958816384E-005  3.461221107986133E+001
    185  1.636637849935212E-005  3.329017879350934E+001
    859  1.633134833416133E-005  1.193117826572047E+002
    562  1.631899167492255E-005  1.058125905236654E+002
    607  1.630631996306475E-005  1.079782277499060E+002
    228  1.599355280684061E-005  3.465329128304563E+001
    937  1.597265618754837E-005  1.275975168353670E+002
    321  1.593611060448127E-005  3.959878738143280E+001
    772  1.593101977716469E-005  1.144444014986270E+002
    651  1.589576026966227E-005  1.090123807306586E+002
    884  1.586830417738957E-005  1.212913619330936E+002
    787  1.586682230672084E-005  1.157066821730262E+002
    399  1.554597882858903E-005  5.300117686152819E+001
    739  1.542589204525315E-005  1.126267264275300E+002
    429  1.518117753514174E-005  5.542704693693687E+001
    223  1.500442709601795E-005  3.452101188794168E+001
    447  1.480153974529052E-005  5.692641404400948E+001
    625  1.466408003130498E-005  1.084878781680722E+002
    887  1.460992480989931E-005  1.215278324822884E+002
    815  1.458554894228958E-005  1.170844697210597E+002
    809  1.455352596300203E-005  1.168273457040169E+002
    342  1.422699565723858E-005  4.219280462450153E+001
    907  1.409690026723864E-005  1.254774984052440E+002
    657  1.397720132608774E-005  1.092680437977900E+002
    467  1.392014202288840E-005  5.850070475174659E+001
    707  1.391492892544667E-005  1.116484954290111E+002
    936  1.390074588158671E-005  1.275963114471066E+002
    744  1.386660009681104E-005  1.127340165661099E+002
    362  1.356684422925223E-005  4.520209191521082E+001
    642  1.353308470597967E-005  1.088349318990273E+002
    804  1.352830560307553E-005  1.164307012054320E+002
    770  1.344157783842163E-005  1.141655133118217E+002
    664  1.337990459686403E-005  1.095868237421283E+002
   1002  1.337457507510150E-005  1.301955720736593E+002
    905  1.334591684988785E-005  1.252963463377060E+002
    699  1.316569849628545E-005  1.111753891148923E+002
    580  1.314291966553724E-005  1.069063882425304E+002
   1035  1.306785581671764E-005  1.315022364948826E+002
    164  1.286237102458502E-005  3.156123118588701E+001
    263  1.284610027280894E-005  3.756851288337069E+001
    994  1.221373286863671E-005  1.299886393654431E+002
    619  1.218341353208951E-005  1.083262496248409E+002
     47  1.210583236944960E-005  2.514695584094496E+001
    300  1.200828589533673E-005  3.871033423098082E+001
    173  1.192780074660632E-005  3.267731285541730E+001
    623  1.186266985209231E-005  1.084311616311891E+002
    590  1.178766562849536E-005  1.073381491314167E+002
    902  1.173427634962613E-005  1.246861225619736E+002
   1054  1.169999040002595E-005  1.332101619260334E+002
    824  1.160875556783027E-005  1.173851057796732E+002
    782  1.157972178949068E-005  1.155663554633046E+002
    766  1.125008688678803E-005  1.138313497862233E+002
    949  1.122235915056406E-005  1.280833568476082E+002
    849  1.096449854892017E-005  1.186556798515274E+002
    837  1.087654636898560E-005  1.177814246314451E+002
   1076  1.086840747316106E-005  1.858411948136732E+002
   1028  1.085073852335295E-005  1.312419762585663E+002
    710  1.081301949855308E-005  1.117114283703663E+002
    685  1.062370475032005E-005  1.108208915724099E+002
    696  1.013868665955295E-005  1.111110130672436E+002
    627  1.012007779655253E-005  1.085359599099982E+002
    829  9.907229646738082E-006  1.175434491795728E+002
    732  9.643056649668230E-006  1.124809932511083E+002
    812  9.547874342531960E-006  1.169499526914024E+002
    901  9.540901208901549E-006  1.246352700151236E+002
    791  9.466469174659885E-006  1.158399885308925E+002
    979  9.388612359795426E-006  1.292073280791942E+002
    201  9.323004325188877E-006  3.413905621996786E+001
    145  9.240200296902627E-006  3.035386176419680E+001
    509  9.239152587512134E-006  6.104665142125116E+001
    980  8.980973400827414E-006  1.292322903638887E+002
    933  8.872231141614743E-006  1.272967505112425E+002
    315  8.844220845394693E-006  3.946262277995078E+001
   1010  8.826465101142332E-006  1.305150376372933E+002
    893  8.770238119890721E-006  1.225899968537864E+002
   1069  8.753135809025400E-006  1.347402109836953E+002
    645  8.641949653081383E-006  1.088758352374567E+002
    506  8.582125975078754E-006  6.092479484159845E+001
    614  8.563201469145192E-006  1.081499604581023E+002
    705  8.494361628368578E-006  1.114879185885843E+002
    488  8.483721863804478E-006  5.904214899548738E+001
    851  8.470545057954839E-006  1.189105890777936E+002
    120  8.424513103942028E-006  2.935022978395871E+001
   1070  8.415874720798645E-006  1.350535885837313E+002
    856  8.409373671838333E-006  1.192407591408727E+002
    711  8.275184047699754E-006  1.117833092223069E+002
    830  8.031492164229887E-006  1.175448785112390E+002
    247  8.003410580940089E-006  3.613855018049320E+001
    828  7.988776589073955E-006  1.175132070682912E+002
    606  7.971339242600461E-006  1.079754075340127E+002
    993  7.862101690194580E-006  1.299638892136509E+002
     42  7.849793010953544E-006  2.442065503900721E+001
    374  7.752242903569442E-006  4.576894168844035E+001
    883  7.731928121840092E-006  1.212822283474710E+002
   1017  7.688938658595104E-006  1.307020085696559E+002
    416  7.498477220564384E-006  5.412105627361211E+001
    990  7.439808423798647E-006  1.297249883032466E+002
    372  7.432784387551389E-006  4.569660817760900E+001
    761  7.422019568481722E-006  1.134019555363662E+002
     13  7.288914626063639E-006  2.038781372204352E+001
    764  7.284923142393397E-006  1.137269990775531E+002
    644  7.265457030546903E-006  1.088699046594824E+002
    862  7.200726926596541E-006  1.194326389788892E+002
    663  7.079562348176856E-006  1.095408569103236E+002
    698  7.060413173327408E-006  1.111543499618823E+002
    662  6.944784009919811E-006  1.094304874643061E+002
    722  6.921546662678943E-006  1.121989232781130E+002
    749  6.909464264721060E-006  1.128862829609149E+002
    677  6.885886707420763E-006  1.104103779431708E+002
    789  6.837684458967332E-006  1.157939903252585E+002
    839  6.821097088231809E-006  1.178451551754228E+002
     93  6.791172174706537E-006  2.801831476528660E+001
    900  6.708848809738624E-006  1.240255399934555E+002
    786  6.661923540281122E-006  1.156679892855772E+002
    969  6.588276744185566E-006  1.288232913140608E+002
    586  6.522307885523563E-006  1.072414988471015E+002
    172  6.492295132505362E-006  3.254695536480502E+001
   1043  6.361742541503265E-006  1.320181582363304E+002
    799  6.359693656621096E-006  1.161655148393659E+002
    818  6.345470442623546E-006  1.172202887178189E+002
    999  6.335152712691905E-006  1.301340763851820E+002
    635  6.332304950705969E-006  1.087402789130293E+002
    316  6.317857826433040E-006  3.947722492082590E+001
    209  6.257585550669981E-006  3.420776675567321E+001
    894  6.249680507358427E-006  1.226855190700912E+002
    525  6.060747284864509E-006  6.201689187624501E+001
    882  6.024499694452740E-006  1.212606419968792E+002
    630  5.938069961067767E-006  1.086464564510315E+002
    333  5.910715150695849E-006  4.050570323460023E+001
    867  5.886752348057733E-006  1.199420338065019E+002
    526  5.852015365989523E-006  6.205614154690332E+001
    846  5.787359552684513E-006  1.183733977129572E+002
    928  5.757235905868857E-006  1.271758190169006E+002
    917  5.745776929353926E-006  1.262583151256411E+002
    653  5.666647381893041E-006  1.090926521840726E+002
   1049  5.527753043013205E-006  1.325964910892840E+002
    346  5.526798386136145E-006  4.251353138364797E+001
   1023  5.406981543183453E-006  1.309907545973144E+002
    931  5.248350889684795E-006  1.272754104030811E+002
    407  5.197499777249469E-006  5.355040632372296E+001
    224  4.891778265363423E-006  3.456258153743839E+001
    948  4.800934166917763E-006  1.280530341997139E+002
    240  4.599453117739860E-006  3.568815433410965E+001
    941  4.505970608799326E-006  1.277239710636116E+002
    957  4.379441563438116E-006  1.283224605383935E+002
    273  4.365134383894650E-006  3.771236202405859E+001
    968  4.273345313803972E-006  1.287893908307005E+002
    673  4.186605842297116E-006  1.101090602242966E+002
    908  4.140501781598783E-006  1.256350992978881E+002
    687  4.075224539026800E-006  1.108477970364615E+002
    995  4.019692093022329E-006  1.300556822463785E+002
    750  3.989992687880712E-006  1.128980084302201E+002
    996  3.950922740178641E-006  1.300741546440489E+002
    814  3.950878151310704E-006  1.170571282096026E+002
    811  3.948073925042562E-006  1.169131613251637E+002
    581  3.936333730598171E-006  1.069166383916512E+002
    758  3.933861814243135E-006  1.131945788764974E+002
    688  3.893768497498507E-006  1.108652117541332E+002
    925  3.874523579391592E-006  1.268943605090481E+002
   1013  3.864169481228061E-006  1.306191025791559E+002
    745  3.797156547277086E-006  1.127541380335163E+002
    857  3.785022415042937E-006  1.192977858717030E+002
    626  3.773515754427157E-006  1.085197354965440E+002
    834  3.765020285268232E-006  1.176651591794238E+002
    878  3.745647502880505E-006  1.208553192243232E+002
    204  3.687631912973619E-006  3.416741852472765E+001
    612  3.588145690088188E-006  1.080838271474082E+002
    568  3.516912189940629E-006  1.063884322375297E+002
   1025  3.495564117196935E-006  1.310823101564250E+002
    920  3.494510298901713E-006  1.265729199247587E+002
    280  3.478873594003591E-006  3.777070006257392E+001
    823  3.407880110392369E-006  1.173434151863991E+002
    734  3.396460698583845E-006  1.125227414297757E+002
    337  3.389225636090765E-006  4.125439580477820E+001
     26  3.209681150070398E-006  2.275577786050195E+001
    621  3.125596310218690E-006  1.083828600305560E+002
    414  3.023767403711727E-006  5.408443269732371E+001
    963  3.013532411353590E-006  1.284456810480366E+002
    693  2.992312654272153E-006  1.110198391814811E+002
    767  2.896572481206954E-006  1.139787538815297E+002
    473  2.885706495602279E-006  5.864875851961727E+001
    501  2.875231803124109E-006  6.025540211442135E+001
    805  2.871741844191149E-006  1.165442309434909E+002
    762  2.849472992861399E-006  1.134504722361933E+002
    703  2.783085957496454E-006  1.113359924967504E+002
    252  2.766282313266942E-006  3.681481496629917E+001
    723  2.622044856963936E-006  1.122249597820348E+002
   1012  2.587358235936327E-006  1.305860585800326E+002
    728  2.573118540753144E-006  1.123911467240560E+002
    987  2.555917157389423E-006  1.295218650079724E+002
    819  2.451491043124016E-006  1.172617623112352E+002
    912  2.445806133943089E-006  1.259977317017505E+002
    290  2.442153138470113E-006  3.834059039797889E+001
    888  2.373834764376193E-006  1.215384892766490E+002
    380  2.371755153603762E-006  4.621788456267294E+001
    428  2.332284167673586E-006  5.539697768550786E+001
   1021  2.273104318357566E-006  1.308784400027895E+002
    118  2.262230840540402E-006  2.927665934202001E+001
    935  2.227147579717724E-006  1.274477748704804E+002
    759  2.168017952799656E-006  1.132523759465808E+002
   1007  2.119897199963193E-006  1.303971511397991E+002
    861  2.006476037086635E-006  1.193618968506130E+002
    876  2.002407589032496E-006  1.207338716680959E+002
     14  1.968668499363814E-006  2.047451167645159E+001
     17  1.957721287143205E-006  2.091913438766164E+001
    598  1.867746158022423E-006  1.077082259858063E+002
    913  1.855332674417559E-006  1.260963173315474E+002
    783  1.733218698977027E-006  1.155776779712016E+002
    455  1.696387060184134E-006  5.757818593173593E+001
    146  1.691218811074314E-006  3.038455959742199E+001
    775  1.680741816374086E-006  1.149447083106751E+002
    291  1.678014225080933E-006  3.834865717601958E+001
    855  1.663780247951346E-006  1.192335282432478E+002
    159  1.603264482109264E-006  3.140014259635325E+001
    779  1.596423163616288E-006  1.153237642854880E+002
    437  1.561798804728381E-006  5.567668099873953E+001
    833  1.516650797870758E-006  1.176450554682990E+002
   1037  1.512428716146581E-006  1.316166834102353E+002
    646  1.461117278348285E-006  1.089039652974663E+002
    278  1.458501429521925E-006  3.775225448216675E+001
    165  1.449344040838176E-006  3.194792507678593E+001
   1051  1.446987166165655E-006  1.330173846663143E+002
    351  1.440252288335309E-006  4.290814690346715E+001
    559  1.392796150040358E-006  1.054467335457494E+002
    534  1.388108754316698E-006  6.352992396574133E+001
    704  1.375271063252453E-006  1.114088220449556E+002
    946  1.374450179849750E-006  1.279201366409634E+002
    729  1.344569404315938E-006  1.124070412533170E+002
    798  1.338393276594129E-006  1.161233232814441E+002
    718  1.329898784075350E-006  1.120307816427976E+002
    788  1.315600510111656E-006  1.157595566872355E+002
    406  1.266508094902646E-006  5.347162595814701E+001
    864  1.253912083246299E-006  1.195154318953015E+002
    375  1.229764269687934E-006  4.577921754207221E+001
   1015  1.229755545028038E-006  1.306693309857935E+002
    746  1.229664276848303E-006  1.128150956859242E+002
    439  1.226055524359062E-006  5.581771077364913E+001
    776  1.198853045737114E-006  1.150535509847603E+002
    365  1.195314304781281E-006  4.540196146988517E+001
    780  1.185172235815872E-006  1.153482258688003E+002
    872  1.176210808261667E-006  1.204992644439996E+002
    618  1.171802355556436E-006  1.083041655146542E+002
    720  1.153299071557016E-006  1.121496181246094E+002
    637  1.152057920572437E-006  1.087708716348475E+002
    353  1.108667569817376E-006  4.354452657935016E+001
    702  1.074063520926882E-006  1.112791472783473E+002
    961  1.073049665459470E-006  1.283826108536399E+002
    578  9.953122437465152E-007  1.068696587706935E+002
    443  9.833508960558635E-007  5.615506371008289E+001
    880  9.434540604562733E-007  1.209811659012211E+002
    129  9.214648327959141E-007  2.967722940199728E+001
    740  8.788265396756418E-007  1.126281679605138E+002
    683  8.769364592153168E-007  1.107854094171573E+002
    871  8.383772062051772E-007  1.204638135739833E+002
    510  8.373912142880194E-007  6.106496915014706E+001
    464  8.368944601169565E-007  5.841767339850505E+001
    244  8.107440967900673E-007  3.582009297825139E+001
    869  8.039877974562492E-007  1.201465244096069E+002
    124  8.023795083277133E-007  2.953039329658957E+001
    959  8.021715654369885E-007  1.283643788123119E+002
    939  7.926717731522746E-007  1.276788938661296E+002
    499  7.490914970230359E-007  6.010190034988052E+001
    284  7.440055317771808E-007  3.794002386601017E+001
   1059  7.284559601787676E-007  1.335352794510990E+002
    914  7.102406628187433E-007  1.261343003660832E+002
    356  6.963636578484513E-007  4.399929676237998E+001
    754  6.934620321803952E-007  1.130532912402911E+002
    874  6.556410944367931E-007  1.206463359037059E+002
    628  6.519217476632195E-007  1.085999071252231E+002
    691  6.059339260967456E-007  1.109942746792360E+002
    891  6.002160057220943E-007  1.222344606190913E+002
    726  5.977613482921085E-007  1.123280306605216E+002
    522  5.880849163234590E-007  6.189501394570030E+001
    271  5.595837790568497E-007  3.769377629908810E+001
     83  5.126394557227251E-007  2.745200449399356E+001
    647  4.763246651629721E-007  1.089204596390746E+002
    736  4.299775989515149E-007  1.125700463249535E+002
    658  4.020064555819892E-007  1.092752908733605E+002
    652  3.989140400551918E-007  1.090805000764319E+002
    130  3.919120001661659E-007  2.969026097336859E+001
    889  3.800101920865224E-007  1.221096476933091E+002
    341  3.763078514237910E-007  4.207899368185591E+001
    743  3.716632176300722E-007  1.126739704882794E+002
    986  3.666181011829299E-007  1.294778988001748E+002
    335  3.664853864572617E-007  4.064698242871874E+001
    125  3.455520235621450E-007  2.955205187993630E+001
    850  3.400284868360087E-007  1.188640670964077E+002
    753  3.269227526929219E-007  1.130399909728984E+002
    405  3.264038832110398E-007  5.340951413863353E+001
   1073  2.870363659908238E-007  1.355646294676644E+002
    701  2.740961000726353E-007  1.112655741498095E+002
    881  2.565737379630046E-007  1.212001054655417E+002
    747  2.518248901000574E-007  1.128221651622354E+002
    638  2.516235151100214E-007  1.087773663504995E+002
    412  2.451949919529016E-007  5.399327798218789E+001
    345  2.257133101314077E-007  4.248475366295001E+001
    971  1.950050710980816E-007  1.289111652451389E+002
    364  1.889400601749975E-007  4.528995878587361E+001
     41  1.822170293936783E-007  2.434332602389209E+001
    974  1.690828060463691E-007  1.290391941684268E+002
   1056  1.540333744743212E-007  1.332822863268028E+002
    198  1.533012203671143E-007  3.410095577154824E+001
    329  1.443795300850335E-007  3.994917835777716E+001
    956  1.185003230313207E-007  1.283075816024711E+002
    508  1.070063413257123E-007  6.101348113010317E+001
   1030  1.037227852521572E-007  1.313677884464318E+002
    490  9.565019747599807E-008  5.909746584665749E+001
    111  9.034320418268424E-008  2.891758955889047E+001
    363  7.510958467065306E-008  4.523665715266514E+001
     87  7.302141191349102E-008  2.773505635732142E+001
    906  7.253616812531170E-008  1.253859334012492E+002
    692  7.054737905053650E-008  1.109991362888409E+002
    763  6.651325183682393E-008  1.136578287383470E+002
    858  6.483986132290314E-008  1.193043137223610E+002
     44  6.121431478850228E-008  2.487547588775838E+001
    318  5.760576600750036E-008  3.952690512520030E+001
    715  5.501025169724351E-008  1.119122168057061E+002
    752  5.277083583838435E-008  1.129825416205730E+002
    904  5.190820285989107E-008  1.250437756508075E+002
    591  5.116660724869879E-008  1.073970459895217E+002
    885  4.579647373306506E-008  1.213849358963692E+002
    388  4.285226214117448E-008  4.916519389587509E+001
    355  3.571611356880330E-008  4.365668409738398E+001
    965  2.548709501220374E-008  1.286084743618769E+002
    178  2.516610008095565E-008  3.291892583427273E+001
    532  2.508491198305096E-008  6.299204701993657E+001
    631  2.466906402485267E-008  1.086593678715634E+002
    515  2.289351657824679E-008  6.113166482037749E+001
   1014  2.222248162569238E-008  1.306579532637773E+002
    629  2.093988575156087E-008  1.086436456014825E+002
    496  2.081179634376345E-008  5.977778544840232E+001
    841  1.801212197428374E-008  1.180046875638410E+002
   1077  1.514119628396166E-008  6.189178021453241E+002
    801  1.052754177554726E-008  1.162412158177078E+002
    127  9.734865089791561E-009  2.958197907168710E+001
    620  9.264379688130297E-009  1.083700393844588E+002
    806  9.137120251522180E-009  1.165904998677036E+002
    649  8.814319405693090E-009  1.089557122086210E+002
    929  8.011037324548590E-009  1.272324166790593E+002
    953  7.407043775734918E-009  1.282835790234384E+002
    947  3.459701159767201E-009  1.280025795512814E+002
   1019  2.482494814261900E-009  1.307856127904329E+002
    655  1.524639564175840E-009  1.092114390318620E+002
    215  1.486668189035170E-009  3.430912489816387E+001
    773  1.449546759779483E-009  1.146041296786391E+002
   1003  1.284967467606212E-009  1.302792324598297E+002
    840  1.362033144809113E-010  1.179674198090055E+002
