# Number of modes
   1077
# Tabulated for different initial and final frequencies?
    F
# Mode index, Sj, (highest to lowest), omega_j
    547  9.241193069623212E-002  1.040413527560943E+002
    390  5.927834841783222E-002  4.930034545373515E+001
      7  2.307753216367841E-002  1.598850297870253E+001
    497  1.841493806773526E-002  5.984833423050026E+001
    392  1.509016116279363E-002  4.975569880244111E+001
    387  1.496671367404866E-002  4.845493173747810E+001
    539  1.345039524612887E-002  1.004038214764926E+002
     23  1.211817871224596E-002  2.160694502786773E+001
    498  1.181576460346931E-002  6.006055704270973E+001
      8  1.140806563451508E-002  1.603898235084092E+001
     24  9.057924603545198E-003  2.165827626673025E+001
     38  8.379440061744570E-003  2.415274881711009E+001
    546  7.057363428310935E-003  1.038908634804570E+002
    114  5.303305692736599E-003  2.903390568794284E+001
     64  5.118261779493795E-003  2.637954322898939E+001
    544  4.936160002821619E-003  1.037287728441322E+002
    582  4.609435134697128E-003  1.069886979669129E+002
    551  4.424406228620145E-003  1.044758850995860E+002
     18  3.978364917758041E-003  2.124694793769305E+001
    301  3.806466135686977E-003  3.874125966254066E+001
    549  3.784323516435268E-003  1.043755820157491E+002
    503  3.665935366188472E-003  6.062899617907863E+001
    554  3.535874254844468E-003  1.048978551747549E+002
     58  3.255928381676002E-003  2.603619761911758E+001
    456  3.205556377009755E-003  5.758475825352298E+001
    391  2.909182334775624E-003  4.935295074539214E+001
    355  2.796190046005327E-003  4.365668409738398E+001
   1048  2.726328681217938E-003  1.325281096806480E+002
     27  2.706091694255148E-003  2.288948685305089E+001
    393  2.620875752073436E-003  5.117422678475859E+001
    291  2.614154583487344E-003  3.834865717601958E+001
      5  2.411250443219029E-003  1.580375607842547E+001
    491  2.291025765225032E-003  5.916484178919298E+001
     31  2.132913290566584E-003  2.349957735236975E+001
    379  2.057728523803308E-003  4.610002508350383E+001
    475  2.036456821400747E-003  5.870955367754343E+001
    430  1.918095379403222E-003  5.544226538226409E+001
    531  1.838558365963929E-003  6.280622541285696E+001
    384  1.796224853200252E-003  4.693482184770667E+001
    400  1.759878673741199E-003  5.304406357850599E+001
    330  1.748569011354685E-003  4.000719691328421E+001
    405  1.744478360828480E-003  5.340951413863353E+001
   1047  1.681381891891200E-003  1.324683504365100E+002
     16  1.615169222335695E-003  2.083990463296455E+001
   1069  1.573807450769583E-003  1.347402109836953E+002
    108  1.551462736646352E-003  2.884206820739177E+001
    165  1.542382525766622E-003  3.194792507678593E+001
    199  1.506078421078822E-003  3.411214171315592E+001
    466  1.500277333784427E-003  5.848631456847294E+001
    566  1.482323165067121E-003  1.060197199307676E+002
    142  1.462362696471548E-003  3.011700635419402E+001
    229  1.461331256274121E-003  3.477639317683153E+001
      4  1.428821232317567E-003  1.555889535187236E+001
    477  1.389750782532872E-003  5.875439662154096E+001
     85  1.340707522261455E-003  2.757726243328665E+001
    386  1.321196149180167E-003  4.778448827008048E+001
   1008  1.275506710257154E-003  1.304054287055121E+002
     11  1.253366606137091E-003  1.771447447329438E+001
    536  1.245260023609354E-003  7.244369170766353E+001
    460  1.215694114176454E-003  5.821511818989060E+001
    433  1.210239404461188E-003  5.552394895078822E+001
    871  1.197127940993842E-003  1.204638135739833E+002
    585  1.183042149909512E-003  1.071721890576240E+002
    255  1.167622871054309E-003  3.705801266502003E+001
   1000  1.158775830513920E-003  1.301375093272533E+002
     95  1.090154605413584E-003  2.806113631432304E+001
    426  1.082838653259456E-003  5.521112029631625E+001
     20  1.067028005431112E-003  2.146722812704134E+001
    347  1.033251883356613E-003  4.251894246220620E+001
    100  1.022540331122842E-003  2.814590236831992E+001
   1050  9.920901194119276E-004  1.326682006609648E+002
    419  9.908125197166367E-004  5.447434435004674E+001
    161  9.900943825565411E-004  3.141544799468193E+001
    297  9.523688569657718E-004  3.850412000814609E+001
    403  9.006260921501367E-004  5.332276567118551E+001
   1075  8.995683718119641E-004  1.852007864492208E+002
     55  8.925587151192274E-004  2.564739582447731E+001
    572  8.775510642674931E-004  1.066354688575440E+002
    283  8.693476802206618E-004  3.781664732037148E+001
    593  8.653003513612384E-004  1.074633420950339E+002
    474  8.357029483996961E-004  5.866520048333617E+001
    468  8.185432355196424E-004  5.850419738659161E+001
     66  7.900198354377484E-004  2.653041695388611E+001
     35  7.773449457857586E-004  2.406163852032448E+001
     79  7.761019874464310E-004  2.728143790603452E+001
     36  7.735936336853266E-004  2.408548968715760E+001
    311  7.712229753270751E-004  3.939193935233331E+001
    341  7.645343538954455E-004  4.207899368185591E+001
    295  7.614892034299558E-004  3.844649820311862E+001
    578  7.573338000320072E-004  1.068696587706935E+002
   1020  7.542246198094103E-004  1.308300137670077E+002
    494  7.538899566162386E-004  5.959072402434833E+001
      2  7.396336955221984E-004  1.507477314615795E+001
    294  7.261893223431189E-004  3.844005427068350E+001
    553  7.259170710575766E-004  1.045844149005738E+002
    462  7.245077450503432E-004  5.834568949164402E+001
   1072  6.976557454615867E-004  1.354275255218108E+002
    385  6.951225528726716E-004  4.744969147605799E+001
    157  6.940271741071642E-004  3.136040875348826E+001
    504  6.812649398961958E-004  6.073767201700102E+001
    381  6.810767516865961E-004  4.623753374880091E+001
    335  6.765469733026470E-004  4.064698242871874E+001
    525  6.708089890258794E-004  6.201689187624501E+001
    500  6.661967136844414E-004  6.016266526055261E+001
     12  6.618316961181364E-004  1.791855268392995E+001
   1066  6.572786374206018E-004  1.341339055776214E+002
    530  6.408052553431376E-004  6.265828803408258E+001
    207  6.334623754381236E-004  3.419271829752626E+001
    348  6.295526259265751E-004  4.278252907839931E+001
     90  6.215559434793977E-004  2.792299487571685E+001
    635  6.149196127498663E-004  1.087402789130293E+002
     22  6.147054159899020E-004  2.149928230079738E+001
    446  6.059618090797724E-004  5.657515742254393E+001
     60  6.015002523354852E-004  2.612817271153773E+001
    166  5.712812075261215E-004  3.197534022905977E+001
   1055  5.618048532742569E-004  1.332315483337306E+002
    131  5.554568479663620E-004  2.976719894627799E+001
    137  5.541935981520801E-004  2.996307755422044E+001
    478  5.540546150317324E-004  5.880478287498814E+001
    559  5.453674526542436E-004  1.054467335457494E+002
     73  5.399169879113473E-004  2.704395448663374E+001
    212  5.368844840271536E-004  3.425448747044050E+001
    183  5.295495492570378E-004  3.317747871488443E+001
    133  5.239973852097194E-004  2.980777525245198E+001
    417  5.173405345822866E-004  5.432386496665636E+001
    329  5.171600861463579E-004  3.994917835777716E+001
    248  5.121321115215238E-004  3.617742791171408E+001
    358  5.067958485085491E-004  4.418411045040358E+001
    666  5.037510696001742E-004  1.096961217429448E+002
   1031  5.037227916082371E-004  1.313824495210718E+002
    344  4.952773120298039E-004  4.229281490750487E+001
    537  4.878230752083847E-004  7.348438751630307E+001
    158  4.856386995624757E-004  3.138637587596471E+001
    154  4.836905863571183E-004  3.128025029310897E+001
    331  4.715333744268849E-004  4.033978069592825E+001
    464  4.671990911131305E-004  5.841767339850505E+001
    431  4.666322685891556E-004  5.545822575490884E+001
    282  4.651950255860538E-004  3.781601762519486E+001
    205  4.650406636682197E-004  3.418138862993963E+001
    134  4.581730497880971E-004  2.989081555609098E+001
    186  4.455818198295171E-004  3.335079910483972E+001
    552  4.428701659185324E-004  1.045004516183760E+002
   1061  4.394548217909444E-004  1.338239896777959E+002
    485  4.346178165647992E-004  5.896971858223063E+001
     74  4.310281566990789E-004  2.706787664592100E+001
    148  4.307054546391659E-004  3.055713011308698E+001
    325  4.255623568128648E-004  3.979678053884171E+001
     46  4.216113714116381E-004  2.508968851186969E+001
    487  4.205755744338192E-004  5.901096182276392E+001
   1058  4.149172575462070E-004  1.334381531708862E+002
    184  4.119287424479150E-004  3.328145954751520E+001
   1062  4.067840536397199E-004  1.338537297016246E+002
   1067  4.038086109722824E-004  1.341872351276505E+002
    621  3.998708146860574E-004  1.083828600305560E+002
    197  3.948953282001994E-004  3.407091137263039E+001
    588  3.946340753388801E-004  1.072780161282308E+002
    143  3.933054561816108E-004  3.021552765862468E+001
    632  3.865664552601981E-004  1.086732063917954E+002
     29  3.860739374678288E-004  2.304600720746813E+001
     96  3.853517762326792E-004  2.807603105873968E+001
    206  3.791595649893450E-004  3.418711639611698E+001
    221  3.736760467101383E-004  3.444064242877499E+001
    103  3.702898652556638E-004  2.854698030319213E+001
    418  3.642824876128316E-004  5.440760214654593E+001
    209  3.630802649166819E-004  3.420776675567321E+001
    246  3.585501839394159E-004  3.612200287477440E+001
    320  3.543878009562767E-004  3.958466091098631E+001
    293  3.539558430989833E-004  3.840315559517953E+001
    327  3.533172562893628E-004  3.980649710729982E+001
    970  3.531917442766811E-004  1.288440499253601E+002
    106  3.498222606446349E-004  2.873147041157064E+001
    883  3.411827490213739E-004  1.212822283474710E+002
     43  3.396661226420759E-004  2.485090944939308E+001
    192  3.393798650831387E-004  3.373139183933635E+001
    543  3.362915126558860E-004  1.026098663261161E+002
    196  3.323435082504108E-004  3.402217963204272E+001
    873  3.322892829102821E-004  1.205400953636918E+002
    303  3.308601837091895E-004  3.891633174738261E+001
    144  3.285221229652897E-004  3.023024488043693E+001
    877  3.231922148547589E-004  1.207635072396237E+002
    201  3.207706748106034E-004  3.413905621996786E+001
    407  3.166865090686975E-004  5.355040632372296E+001
    557  3.142019762669170E-004  1.053298087456868E+002
    380  3.133173775865135E-004  4.621788456267294E+001
    218  3.107642649764405E-004  3.434087154455664E+001
    153  3.082533035703679E-004  3.119128674334460E+001
    432  3.082090634589273E-004  5.551253331854516E+001
    275  3.054760289419270E-004  3.771871208633355E+001
    389  3.054446138852267E-004  4.924612888004685E+001
    356  3.024930285896119E-004  4.399929676237998E+001
    202  3.002055726672444E-004  3.414693728338715E+001
    101  2.995707738135856E-004  2.816121926613436E+001
    359  2.993681816690835E-004  4.440820660542785E+001
     92  2.895981952492085E-004  2.796966533379813E+001
    493  2.886930398290239E-004  5.956939432616837E+001
    975  2.849361512655783E-004  1.290479361570385E+002
    411  2.843339146607699E-004  5.390414096058870E+001
    422  2.839599610911573E-004  5.478392604221921E+001
    138  2.807946580083649E-004  2.998810658959070E+001
     34  2.804764153979268E-004  2.394870774261297E+001
    563  2.789795589051524E-004  1.058622417292547E+002
    352  2.786737258323316E-004  4.345183818831803E+001
     83  2.770321223398700E-004  2.745200449399356E+001
    415  2.752022726782560E-004  5.409773008136273E+001
    312  2.745305127443928E-004  3.940338989709551E+001
    564  2.714739959229382E-004  1.059223740174141E+002
     33  2.694356030432915E-004  2.387502434282544E+001
    357  2.687343524743046E-004  4.413715889769129E+001
     89  2.643471090994544E-004  2.787565477396676E+001
    160  2.626546453644834E-004  3.140287364756382E+001
    458  2.607365779523790E-004  5.780961640938520E+001
    689  2.603011646158905E-004  1.108992280227757E+002
    535  2.575792547317664E-004  7.234684016852472E+001
    455  2.551359993339609E-004  5.757818593173593E+001
    302  2.461375522575562E-004  3.874867387838012E+001
    452  2.450930819520369E-004  5.732416656661538E+001
    592  2.441171496296787E-004  1.074010896433819E+002
    174  2.428418688517244E-004  3.277024257542895E+001
    421  2.387861854375421E-004  5.469982084171487E+001
    459  2.370630720567553E-004  5.797524108925945E+001
    659  2.362258596881467E-004  1.093169473413985E+002
      6  2.355478263725429E-004  1.593905863128156E+001
     78  2.325481776681678E-004  2.724001953302053E+001
    512  2.316018443161646E-004  6.110465593383906E+001
    239  2.296194736939330E-004  3.564788119351169E+001
    401  2.294592952226005E-004  5.310952948046032E+001
    425  2.269694978969272E-004  5.512885982268182E+001
     52  2.264877294579444E-004  2.532370304309600E+001
      9  2.222246168709398E-004  1.615282072713023E+001
    150  2.179811403017661E-004  3.095380367517388E+001
    281  2.174447703777158E-004  3.778222215271058E+001
    997  2.152671991560293E-004  1.300952728722026E+002
    318  2.152631286683051E-004  3.952690512520030E+001
     62  2.144517338502874E-004  2.630569023157911E+001
    296  2.142678975757940E-004  3.847026909032138E+001
     68  2.110384439328495E-004  2.665958995788216E+001
    378  2.110118204461810E-004  4.609481655347708E+001
    168  2.106569811013717E-004  3.223239881301075E+001
    777  2.086685559196362E-004  1.150636811545726E+002
    121  2.079150011706471E-004  2.937009161569695E+001
    336  2.014711554043120E-004  4.106442919982931E+001
    237  2.014657550940175E-004  3.561350513334219E+001
    868  2.010200254633596E-004  1.199994649602093E+002
    109  2.007858304710682E-004  2.888359254004277E+001
    116  1.995574594901772E-004  2.910094471225916E+001
   1060  1.985386909225300E-004  1.336329109810919E+002
    560  1.980749715232432E-004  1.057397922085461E+002
    338  1.968539401541957E-004  4.143596746217444E+001
    105  1.967245633341782E-004  2.872870804936272E+001
    208  1.956411705937873E-004  3.420400517096608E+001
    128  1.954598004191919E-004  2.964876822252022E+001
    264  1.918029031813434E-004  3.760740200223662E+001
    309  1.914690667101391E-004  3.929268620446922E+001
    492  1.912316221622643E-004  5.919740097208313E+001
    449  1.876947832340844E-004  5.713782918039372E+001
    423  1.872076789865028E-004  5.491452382822700E+001
    231  1.854088251622346E-004  3.529195130720404E+001
    480  1.808443760950181E-004  5.887142017505539E+001
     37  1.794341579019567E-004  2.413005277682491E+001
   1022  1.793881990017183E-004  1.309570316227355E+002
   1071  1.769910055508479E-004  1.353191143310252E+002
    394  1.753110160751477E-004  5.275338077531283E+001
    940  1.750587086891539E-004  1.277053477702196E+002
    316  1.739856148564299E-004  3.947722492082590E+001
     10  1.734198083243329E-004  1.630017574824609E+001
    240  1.723144301136692E-004  3.568815433410965E+001
    532  1.704913957012041E-004  6.299204701993657E+001
    568  1.696977819492052E-004  1.063884322375297E+002
    486  1.686707898941191E-004  5.898078655703418E+001
     44  1.684335178032773E-004  2.487547588775838E+001
    172  1.683761021418194E-004  3.254695536480502E+001
    156  1.679982516493685E-004  3.133959801814033E+001
    540  1.663468743899756E-004  1.019596674086986E+002
    907  1.661564817627744E-004  1.254774984052440E+002
     97  1.659520723145255E-004  2.809615145046481E+001
    382  1.652675129904532E-004  4.661435463500721E+001
    749  1.629697209199802E-004  1.128862829609149E+002
    658  1.618546396220515E-004  1.092752908733605E+002
    190  1.602223979644971E-004  3.352213579831744E+001
     32  1.599521808266455E-004  2.386019687247388E+001
     30  1.597091591466693E-004  2.339033246897357E+001
      3  1.588921411206740E-004  1.530095081680193E+001
     54  1.566722015340147E-004  2.537118147105558E+001
    377  1.563870417047013E-004  4.580996274485975E+001
    135  1.563391638770128E-004  2.990996926970350E+001
    324  1.545557475940368E-004  3.965813849875591E+001
    742  1.540635830774867E-004  1.126546326383816E+002
     17  1.534167213896087E-004  2.091913438766164E+001
    104  1.496204320277711E-004  2.863475114667724E+001
    290  1.481297562514193E-004  3.834059039797889E+001
     94  1.478722049664492E-004  2.803048707399637E+001
    193  1.454027099310213E-004  3.387383688791338E+001
    299  1.446606617236663E-004  3.861147003050849E+001
    676  1.433562000032320E-004  1.102968009656115E+002
    223  1.427331821558416E-004  3.452101188794168E+001
    760  1.416893047377221E-004  1.133648679091437E+002
    310  1.414478227605974E-004  3.933560718805473E+001
    555  1.407530362403348E-004  1.049505825405343E+002
    977  1.402161719179240E-004  1.291448023039548E+002
    107  1.399490682494767E-004  2.880093649968087E+001
   1044  1.392346045252863E-004  1.320835593454495E+002
    167  1.378823732443742E-004  3.206734480721192E+001
    630  1.359431530177174E-004  1.086464564510315E+002
    288  1.353118639433117E-004  3.825168870868715E+001
    278  1.320799073328572E-004  3.775225448216675E+001
    164  1.318196682020898E-004  3.156123118588701E+001
    214  1.318079209760179E-004  3.429158842681225E+001
    451  1.308978589487642E-004  5.726939793781466E+001
    353  1.308725120719527E-004  4.354452657935016E+001
    317  1.300528536762888E-004  3.952108816795088E+001
    836  1.296977179126943E-004  1.177792466123822E+002
    304  1.296635927195572E-004  3.902642388250331E+001
    602  1.294280678810953E-004  1.078335831208874E+002
    992  1.293565790306728E-004  1.299169051159237E+002
    210  1.290710120136837E-004  3.421873300884823E+001
    438  1.261602933603371E-004  5.568774314714533E+001
    573  1.249512829917064E-004  1.066520968004064E+002
    191  1.233343988016911E-004  3.372798248811258E+001
     21  1.208642624173157E-004  2.149552581175353E+001
   1005  1.200418995523657E-004  1.302961950162389E+002
    155  1.193696345872325E-004  3.129077640287002E+001
    444  1.191877682691618E-004  5.640873014994138E+001
    523  1.189412976827888E-004  6.195141091349550E+001
    396  1.180581472703030E-004  5.292259014309509E+001
    879  1.179419732078934E-004  1.208628531744268E+002
    681  1.174316493701270E-004  1.107150530846271E+002
    163  1.151240744470928E-004  3.148605603035891E+001
     75  1.135022013553018E-004  2.717284531466260E+001
    565  1.122819869703343E-004  1.059848591127986E+002
   1033  1.111299635613121E-004  1.314921549657209E+002
    524  1.107806164533250E-004  6.196836567938324E+001
    334  1.104472720743299E-004  4.055961280242965E+001
    442  1.076790284875297E-004  5.605259237502305E+001
    796  1.076153645668584E-004  1.160406419035091E+002
    467  1.075587192510496E-004  5.850070475174659E+001
    989  1.065861388924980E-004  1.296856498562064E+002
    285  1.052613018713029E-004  3.794670187788559E+001
     91  1.032813864044238E-004  2.795709450840539E+001
    903  1.021787026476250E-004  1.249295857950171E+002
    314  1.016188931444162E-004  3.944402428691944E+001
    827  1.004229103486645E-004  1.174913134466901E+002
   1032  9.978163726681702E-005  1.314270448258869E+002
    272  9.968630774023525E-005  3.770876893490352E+001
    545  9.934873796689882E-005  1.038885725205099E+002
    306  9.886461712731371E-005  3.922583615449084E+001
    266  9.853993699124776E-005  3.763404507858488E+001
    534  9.724012779707742E-005  6.352992396574133E+001
    851  9.658086457257350E-005  1.189105890777936E+002
   1036  9.652498301535718E-005  1.315563975924429E+002
    542  9.627356974094715E-005  1.021380905135569E+002
    870  9.506889765398522E-005  1.203621491035894E+002
    793  9.494857697672929E-005  1.158943894419280E+002
   1038  9.434537615253061E-005  1.317153469634680E+002
    259  9.373947821627125E-005  3.731129763636223E+001
    533  9.244207020879698E-005  6.344214913117692E+001
    119  9.221373344764345E-005  2.929038281335912E+001
   1039  9.206078283041458E-005  1.317789778316224E+002
    189  9.171633540576215E-005  3.348575581421191E+001
    173  9.144717787794524E-005  3.267731285541730E+001
    645  9.140772999893793E-005  1.088758352374567E+002
   1013  9.070647870164161E-005  1.306191025791559E+002
    826  9.045989399946262E-005  1.174535409692338E+002
    176  9.027526020629850E-005  3.283702642513862E+001
    307  9.007071307303712E-005  3.924418415703018E+001
    182  8.997071255931389E-005  3.313118961536368E+001
    948  8.947382580680460E-005  1.280530341997139E+002
    261  8.935904994157526E-005  3.751537038816641E+001
     84  8.822495510737959E-005  2.748397341497807E+001
    712  8.779965842465219E-005  1.118479116964762E+002
    242  8.705745326249518E-005  3.575330164903793E+001
    145  8.700011647852030E-005  3.035386176419680E+001
    305  8.676134951745715E-005  3.919092577852600E+001
    219  8.596647425924365E-005  3.435584966495736E+001
    521  8.441252792361826E-005  6.120499406654021E+001
    716  8.351775869960437E-005  1.119313653155845E+002
    561  8.319591322058476E-005  1.057823475786052E+002
    580  8.260113635126599E-005  1.069063882425304E+002
    147  8.131190860520851E-005  3.045498909450352E+001
    211  8.060278073163353E-005  3.422885497659050E+001
    832  8.015992373527950E-005  1.176150872586579E+002
      1  8.006991420600989E-005  1.480943860687432E+001
    343  7.948412299956099E-005  4.223776350771931E+001
    267  7.906556430813611E-005  3.763942844703926E+001
     50  7.900171329274723E-005  2.524792740229145E+001
    502  7.858015760511655E-005  6.033057478557798E+001
    238  7.746689235900541E-005  3.562010162214489E+001
    234  7.689016631022639E-005  3.541632958107625E+001
     72  7.607824514615839E-005  2.695844835194747E+001
     98  7.507827619015969E-005  2.810036398063808E+001
    361  7.493717283770295E-005  4.509188248244521E+001
    395  7.453373297049914E-005  5.279005865968511E+001
     48  7.296354888118155E-005  2.521050943974308E+001
    838  7.291663889377975E-005  1.178077045912047E+002
    719  7.273875277600906E-005  1.120361196403708E+002
    141  7.257142732422857E-005  3.005205957969120E+001
    216  7.223699457637361E-005  3.431915233475488E+001
    130  7.197700256457130E-005  2.969026097336859E+001
    111  7.197012841811164E-005  2.891758955889047E+001
    376  7.184755376382213E-005  4.578482274843697E+001
    383  7.174455778189333E-005  4.665506804468283E+001
    797  7.166828000331289E-005  1.161224071144865E+002
     63  7.096143212515928E-005  2.633691355837915E+001
    825  7.087340696889070E-005  1.174155068731360E+002
    755  7.084617864243813E-005  1.130537195644052E+002
    365  7.082425676177537E-005  4.540196146988517E+001
    733  7.029600759251390E-005  1.125211996768446E+002
    844  6.923172422377988E-005  1.182236522024691E+002
     41  6.844024935537543E-005  2.434332602389209E+001
    476  6.817684460243013E-005  5.874284760292872E+001
     26  6.794018971526810E-005  2.275577786050195E+001
    784  6.791739239626462E-005  1.156115101864969E+002
     61  6.784623885316976E-005  2.623624111749398E+001
    434  6.756836330776487E-005  5.556859477681133E+001
    730  6.746657402660843E-005  1.124678820560711E+002
    820  6.696294575977749E-005  1.173160626674297E+002
    323  6.676272179578774E-005  3.963162035223775E+001
    597  6.605392346164198E-005  1.076362394255561E+002
    577  6.562107963673053E-005  1.068269012623950E+002
    420  6.557709715226906E-005  5.464265012038360E+001
    842  6.518850609264337E-005  1.180365480395604E+002
    945  6.498017170928033E-005  1.278945431870569E+002
    934  6.467085781913253E-005  1.274026915475210E+002
    768  6.464764581081207E-005  1.140511281344195E+002
    890  6.437018788830456E-005  1.222269695705770E+002
    339  6.387540995281825E-005  4.199721405536648E+001
    195  6.386326658273184E-005  3.399004655216064E+001
    571  6.304110328636173E-005  1.065760725477823E+002
    605  6.300561951802478E-005  1.079476682950407E+002
    528  6.285918382132668E-005  6.211763689923020E+001
    526  6.198769570625915E-005  6.205614154690332E+001
     77  6.022859603465119E-005  2.720977418778346E+001
    187  6.009752191865839E-005  3.338593491458187E+001
    763  6.009287359651610E-005  1.136578287383470E+002
    924  5.978627796730792E-005  1.267645350898773E+002
    514  5.977617568845691E-005  6.112143562944963E+001
   1027  5.925720443459219E-005  1.311414239553258E+002
     67  5.833283215773537E-005  2.663955326886673E+001
    300  5.795938889042655E-005  3.871033423098082E+001
    245  5.739878818448042E-005  3.584895809931362E+001
    778  5.716350724831390E-005  1.153062331743218E+002
   1024  5.655183870914687E-005  1.310472886139475E+002
    576  5.648231765685975E-005  1.068188420241767E+002
    123  5.637207063328805E-005  2.945706723223188E+001
    260  5.601900128873329E-005  3.745846822965304E+001
    913  5.539323278503951E-005  1.260963173315474E+002
    799  5.456916592217183E-005  1.161655148393659E+002
    973  5.373662373204668E-005  1.290303348922233E+002
    807  5.359962547346446E-005  1.166040027024774E+002
    292  5.302480573594587E-005  3.837765227419467E+001
    575  5.288472603098328E-005  1.067636975144964E+002
    866  5.254616857014653E-005  1.198737679274225E+002
    609  5.245361119383994E-005  1.080529774194348E+002
    584  5.203534648141764E-005  1.071415131646536E+002
    450  5.176744036261921E-005  5.723022636777802E+001
    398  5.171383718304732E-005  5.298968704937109E+001
    496  5.157724315208310E-005  5.977778544840232E+001
    558  5.150469418120200E-005  1.054235904423783E+002
    340  5.131724383880295E-005  4.203744443197692E+001
     93  5.120202287975800E-005  2.801831476528660E+001
    751  5.108434664185685E-005  1.129352725370382E+002
    817  5.104410254172567E-005  1.171745914510001E+002
    847  5.097343050236172E-005  1.183795327778256E+002
    587  5.055132153054983E-005  1.072564562863978E+002
    204  5.015117264889426E-005  3.416741852472765E+001
    697  5.012083155124136E-005  1.111168086390436E+002
    639  5.006508119376534E-005  1.087924757147032E+002
     28  4.979582251635772E-005  2.303576073275412E+001
    548  4.912039729932457E-005  1.041098140943872E+002
    756  4.858388289034799E-005  1.131019348749128E+002
     99  4.839459390726108E-005  2.813215700322161E+001
     15  4.831823881130863E-005  2.077312965636918E+001
    117  4.804046325876279E-005  2.915145470361619E+001
    600  4.795996981300589E-005  1.078192567961393E+002
    942  4.785095344820618E-005  1.277896527703618E+002
     13  4.713204863983512E-005  2.038781372204352E+001
    351  4.707930846708044E-005  4.290814690346715E+001
    738  4.692138957960447E-005  1.126248828969786E+002
    257  4.649300601299790E-005  3.716053985696894E+001
    495  4.611464677608041E-005  5.971063876484735E+001
     70  4.567485044982337E-005  2.683332853591699E+001
    515  4.566609387982884E-005  6.113166482037749E+001
    594  4.564745659912631E-005  1.075267994995216E+002
    472  4.546315523241614E-005  5.860732378330380E+001
    139  4.520101411011055E-005  3.001327528760398E+001
    745  4.501729109686963E-005  1.127541380335163E+002
    808  4.499947781189624E-005  1.166438640424820E+002
    115  4.472468577408618E-005  2.908676806680809E+001
     51  4.458933406413169E-005  2.527497960196780E+001
    136  4.441725201289685E-005  2.995197020395121E+001
    926  4.436094615367369E-005  1.269935099435139E+002
    917  4.393635232006142E-005  1.262583151256411E+002
    921  4.373067222277362E-005  1.266347372507485E+002
    177  4.349485057951692E-005  3.286305119332699E+001
    481  4.290255965798890E-005  5.889564718758225E+001
    706  4.241162820909170E-005  1.115644797142602E+002
    674  4.165682592622776E-005  1.101627157855635E+002
    413  4.122349953348495E-005  5.407796767412047E+001
    831  4.101181221713159E-005  1.175849164822640E+002
    276  4.061070518780205E-005  3.774173651101562E+001
    171  4.040208514171348E-005  3.251692712246987E+001
    410  4.001837239810761E-005  5.380004782230375E+001
    813  3.984497419456430E-005  1.170211975618395E+002
    470  3.951289073901134E-005  5.858950887133865E+001
    690  3.931568514329205E-005  1.109553167085971E+002
    360  3.920167508469483E-005  4.501412031898634E+001
    895  3.904262171948123E-005  1.231922658586809E+002
     88  3.897854625541183E-005  2.776495450944637E+001
   1057  3.886554416375422E-005  1.332882698940204E+002
    583  3.884662863306107E-005  1.070323413352247E+002
    277  3.861065046568713E-005  3.774405278528796E+001
    170  3.795260435786340E-005  3.240864442722207E+001
    795  3.762340033455444E-005  1.159446042090269E+002
     45  3.685951308863376E-005  2.505629895200580E+001
    616  3.655877390134997E-005  1.081902144651443E+002
    717  3.646859904620139E-005  1.119901298340990E+002
    610  3.639596452124816E-005  1.080548791140610E+002
    102  3.634847905975339E-005  2.838723287464182E+001
    672  3.632359266672709E-005  1.100523893058521E+002
    483  3.608945383702752E-005  5.892865432514233E+001
    783  3.594512323642268E-005  1.155776779712016E+002
    529  3.592062008455216E-005  6.213305424318654E+001
    567  3.530782680645272E-005  1.061175767374582E+002
    905  3.528704293008363E-005  1.252963463377060E+002
     65  3.512558915177755E-005  2.645533186342116E+001
    899  3.500961725424400E-005  1.237750393258326E+002
     82  3.492603631094253E-005  2.744742479332049E+001
    686  3.445810231239625E-005  1.108321598991433E+002
    448  3.433387921911701E-005  5.707216855561523E+001
    966  3.421367735958539E-005  1.287120665380274E+002
    624  3.408017684147212E-005  1.084534043855216E+002
   1029  3.407955627356388E-005  1.312589073638632E+002
   1052  3.390055225222535E-005  1.330891459743712E+002
    149  3.358764834061758E-005  3.064428879965062E+001
    159  3.282212425623214E-005  3.140014259635325E+001
    884  3.263806223193003E-005  1.212913619330936E+002
    427  3.249930199062940E-005  5.530625255614972E+001
     86  3.229958431517065E-005  2.760340701365068E+001
     80  3.224732458681395E-005  2.737665388114407E+001
    875  3.205800774302289E-005  1.206504418490652E+002
    465  3.144538011064251E-005  5.845233409136720E+001
    589  3.115298429722116E-005  1.073243551551986E+002
    298  3.068299608411285E-005  3.860785506393049E+001
    505  3.064367714348806E-005  6.089365906344585E+001
    441  3.057603457787789E-005  5.602297434426368E+001
    372  3.056508300194017E-005  4.569660817760900E+001
    622  3.043698634957304E-005  1.084041586407917E+002
   1021  2.997709345131211E-005  1.308784400027895E+002
    269  2.993520154952914E-005  3.766609016559832E+001
    511  2.980230547620227E-005  6.108291035790679E+001
    848  2.962971563059222E-005  1.185512117490796E+002
    955  2.938107463513197E-005  1.283043098504922E+002
    569  2.927200481737371E-005  1.064024371239422E+002
    574  2.917348993243169E-005  1.067089856517616E+002
    203  2.904666134657189E-005  3.415596231316062E+001
     76  2.877974959955296E-005  2.719040433196805E+001
    646  2.875467957313035E-005  1.089039652974663E+002
    517  2.804573911854997E-005  6.116283191518230E+001
    220  2.763057561027822E-005  3.440936379612124E+001
    626  2.747363886358998E-005  1.085197354965440E+002
    402  2.745116701204460E-005  5.323403324336612E+001
     25  2.742707847699086E-005  2.268285797328677E+001
    399  2.700834382455304E-005  5.300117686152819E+001
    180  2.662804393824897E-005  3.306959511625761E+001
    370  2.589844135694833E-005  4.562254251008403E+001
    930  2.564795745997842E-005  1.272550109882912E+002
    308  2.552935579404129E-005  3.924824416979163E+001
    721  2.536719713095568E-005  1.121902054803930E+002
    887  2.521889761983095E-005  1.215278324822884E+002
    694  2.509715005165668E-005  1.110208923005156E+002
   1006  2.503002152816995E-005  1.303473844140781E+002
    656  2.496254710152420E-005  1.092383325553483E+002
    579  2.481629882952016E-005  1.068810185812333E+002
    326  2.469538525837832E-005  3.980074663620405E+001
    332  2.465105405222225E-005  4.036182328117159E+001
   1070  2.457906038440452E-005  1.350535885837313E+002
    713  2.457017253970952E-005  1.118750446375970E+002
    595  2.455580874952901E-005  1.075727311228692E+002
    757  2.441363673453660E-005  1.131455979007981E+002
   1011  2.433534754241059E-005  1.305590563134582E+002
    785  2.433363938600526E-005  1.156515149006221E+002
     69  2.414661973850835E-005  2.667931486079132E+001
    771  2.408530722687984E-005  1.142541813627527E+002
    471  2.386678028606129E-005  5.859921299406331E+001
    162  2.386272372094073E-005  3.142013005221356E+001
    821  2.382018952538920E-005  1.173213489801490E+002
   1046  2.350362404537257E-005  1.322741703884410E+002
   1041  2.308829740993588E-005  1.318604688563310E+002
    319  2.301549535906148E-005  3.955367029075058E+001
    667  2.290180028261008E-005  1.098231148083649E+002
     81  2.280386812384940E-005  2.737831616504717E+001
    700  2.269380413468425E-005  1.112187707043413E+002
    482  2.248284387629713E-005  5.890508639424976E+001
    791  2.237359119042616E-005  1.158399885308925E+002
    865  2.227272528300897E-005  1.195233182598442E+002
    911  2.223266415434473E-005  1.258968376271585E+002
    596  2.220341948229171E-005  1.076305596761092E+002
     19  2.216093527433147E-005  2.137958735177528E+001
    710  2.169553209754676E-005  1.117114283703663E+002
    132  2.134991571642863E-005  2.978147182311027E+001
    233  2.133794544657857E-005  3.536858076063520E+001
    894  2.131432986129803E-005  1.226855190700912E+002
    682  2.117105240645797E-005  1.107795174367904E+002
    691  2.099606227697353E-005  1.109942746792360E+002
     49  2.095768452005602E-005  2.521926711432687E+001
    641  2.076092020123716E-005  1.088136450829588E+002
   1016  2.049994710300017E-005  1.306784011483153E+002
    944  2.041473900496408E-005  1.278264506290159E+002
    789  2.039781756121955E-005  1.157939903252585E+002
    896  2.034523335380520E-005  1.231967026860033E+002
    623  2.026045715677780E-005  1.084311616311891E+002
     59  1.987407419609509E-005  2.608228483109795E+001
    802  1.939948155908396E-005  1.163074247182627E+002
    695  1.938931441237309E-005  1.110404578737834E+002
   1018  1.883667073430727E-005  1.307425624046459E+002
    179  1.876185531392521E-005  3.301071504933698E+001
    215  1.875526645703291E-005  3.430912489816387E+001
    440  1.868732002824453E-005  5.589934491235444E+001
    342  1.867446434205063E-005  4.219280462450153E+001
    194  1.847249273427332E-005  3.388123191050668E+001
    670  1.826256639769801E-005  1.099218253642219E+002
    633  1.809256217088490E-005  1.086770367044967E+002
    436  1.788097458522292E-005  5.562240782737462E+001
    863  1.768168192507623E-005  1.194780899982511E+002
    684  1.732342256408080E-005  1.108055531440044E+002
    289  1.729067359118277E-005  3.832422991649202E+001
    991  1.722570728307833E-005  1.298309517843196E+002
    321  1.709762614507165E-005  3.959878738143280E+001
    181  1.667918717036181E-005  3.309588236011395E+001
    698  1.667482621031096E-005  1.111543499618823E+002
    354  1.649494060283264E-005  4.358717802496741E+001
    457  1.641863079539447E-005  5.770039153165104E+001
    507  1.641215579943950E-005  6.098134465730102E+001
    910  1.638910369343933E-005  1.258349422363612E+002
    366  1.629104160959353E-005  4.541480133184800E+001
    522  1.615992408257754E-005  6.189501394570030E+001
     42  1.604974474766335E-005  2.442065503900721E+001
    772  1.603982669532484E-005  1.144444014986270E+002
    800  1.573586575533101E-005  1.161811067685375E+002
    769  1.567289413097363E-005  1.141494817506874E+002
    538  1.541054774957246E-005  8.801939400846273E+001
    469  1.538626274454103E-005  5.857260373695996E+001
    280  1.536248903220431E-005  3.777070006257392E+001
    429  1.529713002748230E-005  5.542704693693687E+001
    113  1.521813309765338E-005  2.894608485543543E+001
    608  1.520345476610172E-005  1.080310773431174E+002
    601  1.520070041224226E-005  1.078222216339937E+002
    118  1.487875233129199E-005  2.927665934202001E+001
   1045  1.486531487104931E-005  1.322246800166877E+002
    435  1.484818887500082E-005  5.559833163642786E+001
    127  1.460649234943846E-005  2.958197907168710E+001
   1068  1.454954399226558E-005  1.342139437973118E+002
    929  1.454496936808165E-005  1.272324166790593E+002
    634  1.433351552387888E-005  1.087110579745548E+002
    976  1.421828990902006E-005  1.291265023483052E+002
    337  1.418508952622310E-005  4.125439580477820E+001
    322  1.406818589659226E-005  3.962934885257222E+001
    368  1.406746834880805E-005  4.552075151204606E+001
    960  1.385987312281115E-005  1.283710541965592E+002
    860  1.373765565134685E-005  1.193608179742887E+002
    787  1.371329660209722E-005  1.157066821730262E+002
    964  1.316847466459922E-005  1.284811881676410E+002
    243  1.313324748033066E-005  3.580427376176280E+001
    988  1.302362652685983E-005  1.295230022337254E+002
    247  1.290039774975635E-005  3.613855018049320E+001
    803  1.266863730183870E-005  1.163959410830473E+002
    250  1.253022176513370E-005  3.645071914574685E+001
    822  1.251007086996949E-005  1.173379890193997E+002
    499  1.235776457137017E-005  6.010190034988052E+001
    829  1.227262041545989E-005  1.175434491795728E+002
    140  1.208911869004939E-005  3.002380690834687E+001
    271  1.206878095263961E-005  3.769377629908810E+001
    709  1.197131609699387E-005  1.116986555393093E+002
    724  1.193423791276864E-005  1.122474317356576E+002
    780  1.191240359505525E-005  1.153482258688003E+002
    287  1.181542295627750E-005  3.806334999222836E+001
    886  1.179930011236257E-005  1.214498350996194E+002
    943  1.173270701079779E-005  1.278255860865938E+002
    958  1.136912566631746E-005  1.283326337970340E+002
    613  1.133464082249797E-005  1.081325074305931E+002
   1009  1.126412618316581E-005  1.304609142394732E+002
    790  1.116840086443635E-005  1.158127479939932E+002
    508  1.089469219459522E-005  6.101348113010317E+001
    227  1.084958788453218E-005  3.461221107986133E+001
    454  1.076397246409206E-005  5.753531790534946E+001
   1028  1.056627449660448E-005  1.312419762585663E+002
    744  1.050435058816955E-005  1.127340165661099E+002
    669  1.049256539246679E-005  1.098991161820264E+002
    397  1.049154825425254E-005  5.292984574180642E+001
   1063  1.044816799437365E-005  1.338610239777397E+002
    369  1.041834483459766E-005  4.556664797594529E+001
    650  1.027392099096871E-005  1.090061273622073E+002
    225  1.001515153317512E-005  3.458265676939745E+001
   1040  9.986544759419522E-006  1.318325334098182E+002
   1026  9.951567428619496E-006  1.310988308446859E+002
    224  9.927412978746598E-006  3.456258153743839E+001
   1004  9.868044343217201E-006  1.302828791464404E+002
    373  9.773495255684441E-006  4.573517441489172E+001
    679  9.695157878986451E-006  1.106299731616480E+002
    979  9.613317508810499E-006  1.292073280791942E+002
    175  9.472135741700388E-006  3.282740528695558E+001
    923  9.411698558087349E-006  1.267345977181097E+002
    927  9.367553161350145E-006  1.271118445081471E+002
    665  9.309373582648444E-006  1.096195054263975E+002
    416  9.281883919473390E-006  5.412105627361211E+001
    461  9.232834301130659E-006  5.832169084274378E+001
    362  9.197434679113682E-006  4.520209191521082E+001
    253  8.990716493881134E-006  3.690338042035397E+001
    506  8.925976195135427E-006  6.092479484159845E+001
   1065  8.828692470434297E-006  1.340986810838602E+002
    962  8.809898510930089E-006  1.284190833846668E+002
    230  8.673718353368482E-006  3.507000892128892E+001
   1001  8.660151856529818E-006  1.301907504163165E+002
    273  8.636711220700087E-006  3.771236202405859E+001
    835  8.588135468010891E-006  1.176766134664512E+002
    447  8.548181564384240E-006  5.692641404400948E+001
    244  8.516866513401325E-006  3.582009297825139E+001
    129  8.492752259398334E-006  2.967722940199728E+001
    562  8.466975152010957E-006  1.058125905236654E+002
    213  8.400229478795696E-006  3.426923698719692E+001
    657  8.394993169923596E-006  1.092680437977900E+002
    328  8.346050672802217E-006  3.982877398686839E+001
    774  8.318700644322759E-006  1.147299018357027E+002
    591  8.262399525682453E-006  1.073970459895217E+002
    922  8.251185520272538E-006  1.267277337836395E+002
    625  8.216170133582811E-006  1.084878781680722E+002
    986  8.212708435077017E-006  1.294778988001748E+002
    963  8.170766049362942E-006  1.284456810480366E+002
    845  8.165424788921732E-006  1.182722434309271E+002
    782  8.146534105021945E-006  1.155663554633046E+002
    804  7.914060030812846E-006  1.164307012054320E+002
    284  7.893105378116198E-006  3.794002386601017E+001
    781  7.846077095802592E-006  1.155015502370288E+002
    484  7.835169824263474E-006  5.894622531819898E+001
    741  7.743422872517410E-006  1.126383251241469E+002
    984  7.728506625258897E-006  1.293776492189174E+002
    983  7.577395353162473E-006  1.293699640118089E+002
    685  7.544895167939712E-006  1.108208915724099E+002
    590  7.543644835084361E-006  1.073381491314167E+002
    479  7.509405844551465E-006  5.886156225440574E+001
    644  7.415931226448551E-006  1.088699046594824E+002
    607  7.387087305727246E-006  1.079782277499060E+002
    815  7.320190362956741E-006  1.170844697210597E+002
    198  7.293761082244961E-006  3.410095577154824E+001
    702  7.249918816343005E-006  1.112791472783473E+002
    527  7.200087603921806E-006  6.211137902133680E+001
    642  7.145321467127520E-006  1.088349318990273E+002
    350  7.103852962759043E-006  4.287084402122760E+001
    371  7.091659295296066E-006  4.567834615857563E+001
    637  7.066120644253735E-006  1.087708716348475E+002
    463  7.051999730448912E-006  5.840368106338346E+001
    619  7.012051422411508E-006  1.083262496248409E+002
    217  6.981017026522606E-006  3.432077633458158E+001
    994  6.913848662304073E-006  1.299886393654431E+002
    200  6.887213293534507E-006  3.413076352937113E+001
    627  6.857303906164644E-006  1.085359599099982E+002
    707  6.843103620878684E-006  1.116484954290111E+002
    490  6.775962406545768E-006  5.909746584665749E+001
    640  6.628323351278744E-006  1.088027953187827E+002
    668  6.601415239661428E-006  1.098358517134249E+002
    699  6.594711466981035E-006  1.111753891148923E+002
    898  6.573952162448714E-006  1.236287338505038E+002
    648  6.452369305042351E-006  1.089328290594756E+002
    846  6.426527580323666E-006  1.183733977129572E+002
    855  6.384874269626296E-006  1.192335282432478E+002
    972  6.353631048454728E-006  1.289491342298440E+002
    862  6.257475257355424E-006  1.194326389788892E+002
    660  6.214366042017149E-006  1.093929129115852E+002
    265  6.196364608671116E-006  3.762418150997995E+001
    952  6.195745588292328E-006  1.282170243378332E+002
    556  6.187533321107232E-006  1.053074591696642E+002
    513  6.088592539403642E-006  6.111701004965728E+001
    611  6.086477914651256E-006  1.080609110523806E+002
    816  6.056671466846706E-006  1.170854692244173E+002
    251  5.989751230622220E-006  3.670193646720268E+001
    852  5.977294406646340E-006  1.189308904937423E+002
    902  5.947962763566238E-006  1.246861225619736E+002
    732  5.892305109504239E-006  1.124809932511083E+002
    651  5.771240231246851E-006  1.090123807306586E+002
    714  5.762042481645837E-006  1.118865310298163E+002
    677  5.734164375649912E-006  1.104103779431708E+002
    915  5.709472864176982E-006  1.261627872997085E+002
    809  5.583746444203118E-006  1.168273457040169E+002
    794  5.560414699935464E-006  1.159299755047292E+002
   1064  5.543706561850645E-006  1.339182935247794E+002
    586  5.496724688752960E-006  1.072414988471015E+002
    849  5.493952972171550E-006  1.186556798515274E+002
    758  5.457387356383183E-006  1.131945788764974E+002
   1043  5.408097564897149E-006  1.320181582363304E+002
    949  5.377590977351811E-006  1.280833568476082E+002
    367  5.371540551400178E-006  4.546665367422378E+001
    770  5.349197239284667E-006  1.141655133118217E+002
    112  5.292831778257239E-006  2.893182478938967E+001
    727  5.215082295479054E-006  1.123838421661365E+002
    520  5.195675661991212E-006  6.117519869664547E+001
    893  5.182889838867070E-006  1.225899968537864E+002
   1074  5.030885767253774E-006  1.357832717908243E+002
   1035  5.029889696342913E-006  1.315022364948826E+002
    603  5.011362958107962E-006  1.078480909052838E+002
    786  4.912155259792914E-006  1.156679892855772E+002
    412  4.828732926483501E-006  5.399327798218789E+001
    516  4.799993546801926E-006  6.114879167768425E+001
   1054  4.799349792553811E-006  1.332101619260334E+002
    409  4.769657517330625E-006  5.377950655266745E+001
    256  4.682099947440898E-006  3.708485200545782E+001
    599  4.676839604087166E-006  1.077354408464688E+002
    767  4.491067682878462E-006  1.139787538815297E+002
    274  4.419478741310070E-006  3.771469066363962E+001
    428  4.412930369169590E-006  5.539697768550786E+001
    262  4.368538608335516E-006  3.754826259370084E+001
    696  4.358322935543744E-006  1.111110130672436E+002
    990  4.354008968872221E-006  1.297249883032466E+002
    950  4.334981659933664E-006  1.281356928004739E+002
    664  4.300338087981823E-006  1.095868237421283E+002
    715  4.279722778555264E-006  1.119122168057061E+002
    404  4.277238423058750E-006  5.332919471058649E+001
   1010  4.162469068821533E-006  1.305150376372933E+002
    982  4.111796033792296E-006  1.293230544301462E+002
    349  4.079522928928716E-006  4.279212686889406E+001
    918  4.063746953199980E-006  1.263810693695273E+002
    408  4.062634671905648E-006  5.368647704938994E+001
    916  3.983602153203778E-006  1.261858055404796E+002
    437  3.867141475487895E-006  5.567668099873953E+001
    703  3.854323180409501E-006  1.113359924967504E+002
    931  3.755428413399633E-006  1.272754104030811E+002
    908  3.679616262429087E-006  1.256350992978881E+002
    643  3.659590427854340E-006  1.088529165631816E+002
    928  3.637800338055586E-006  1.271758190169006E+002
    673  3.624061554096207E-006  1.101090602242966E+002
    722  3.610612604046759E-006  1.121989232781130E+002
    764  3.610278970767490E-006  1.137269990775531E+002
    985  3.591270471760446E-006  1.294454523269476E+002
    268  3.583308930995720E-006  3.765614789507087E+001
    254  3.576579441371661E-006  3.696870162494890E+001
   1014  3.568832194870525E-006  1.306579532637773E+002
    937  3.481284915792727E-006  1.275975168353670E+002
    792  3.460530920952963E-006  1.158579110744502E+002
     57  3.451277735626330E-006  2.601044601303876E+001
    122  3.446336574989664E-006  2.942821875092930E+001
    828  3.349083185939827E-006  1.175132070682912E+002
    488  3.341468740939389E-006  5.904214899548738E+001
    693  3.316332800555965E-006  1.110198391814811E+002
    424  3.272974461973682E-006  5.504400290817051E+001
    761  3.253330307731151E-006  1.134019555363662E+002
    933  3.168686288577094E-006  1.272967505112425E+002
    662  3.160017899719858E-006  1.094304874643061E+002
    901  3.158054109292969E-006  1.246352700151236E+002
    315  3.150620348582648E-006  3.946262277995078E+001
    688  3.104852169945042E-006  1.108652117541332E+002
    235  3.077823985490921E-006  3.553329683850696E+001
    364  3.054526276620323E-006  4.528995878587361E+001
   1076  3.045824346193700E-006  1.858411948136732E+002
    519  2.999968623148844E-006  6.116666091909611E+001
    909  2.996757086255373E-006  1.256671150468244E+002
    859  2.980610131771896E-006  1.193117826572047E+002
    987  2.956940877428101E-006  1.295218650079724E+002
    614  2.944868751508970E-006  1.081499604581023E+002
    711  2.924834648006644E-006  1.117833092223069E+002
    346  2.885500721840131E-006  4.251353138364797E+001
   1056  2.884789685899086E-006  1.332822863268028E+002
    957  2.813257695966745E-006  1.283224605383935E+002
    878  2.767895494715162E-006  1.208553192243232E+002
   1051  2.763565803765820E-006  1.330173846663143E+002
    947  2.698749044419035E-006  1.280025795512814E+002
    951  2.669916055523716E-006  1.282127111215003E+002
    843  2.594026290586893E-006  1.181049125326048E+002
     53  2.562073468587431E-006  2.532427500710937E+001
   1017  2.546665661301355E-006  1.307020085696559E+002
    978  2.514136418397005E-006  1.291764873003617E+002
    683  2.508983064800544E-006  1.107854094171573E+002
    998  2.467446743994602E-006  1.301241144683907E+002
    663  2.460335333001511E-006  1.095408569103236E+002
    920  2.455850634167426E-006  1.265729199247587E+002
    388  2.434037662802078E-006  4.916519389587509E+001
    509  2.420613830147987E-006  6.104665142125116E+001
    805  2.415452123488650E-006  1.165442309434909E+002
    228  2.334994216248028E-006  3.465329128304563E+001
    152  2.307000979439386E-006  3.107793476288124E+001
    236  2.261144194162358E-006  3.558504171265294E+001
    939  2.248650502848949E-006  1.276788938661296E+002
    705  2.226971991022811E-006  1.114879185885843E+002
    649  2.172324713969260E-006  1.089557122086210E+002
    188  2.156321751112081E-006  3.343297855491465E+001
    798  2.127191275894195E-006  1.161233232814441E+002
    671  2.122596999470949E-006  1.100461630260976E+002
     39  2.113493916230127E-006  2.419216907562118E+001
    919  2.072084570375690E-006  1.264669767465423E+002
    258  2.063743026698038E-006  3.725675246841864E+001
    961  1.986837002301026E-006  1.283826108536399E+002
   1007  1.969313342981772E-006  1.303971511397991E+002
    766  1.958661937355891E-006  1.138313497862233E+002
    974  1.946570122457662E-006  1.290391941684268E+002
    286  1.921323128537798E-006  3.806107114689090E+001
    892  1.906171802806178E-006  1.223146913863671E+002
    762  1.893457259409803E-006  1.134504722361933E+002
   1025  1.889723688466171E-006  1.310823101564250E+002
    510  1.869465523695538E-006  6.106496915014706E+001
    606  1.868666117519600E-006  1.079754075340127E+002
    550  1.855440351636287E-006  1.044255141670578E+002
    925  1.829430496103640E-006  1.268943605090481E+002
    888  1.827409562668947E-006  1.215384892766490E+002
    126  1.823384609065077E-006  2.957864372821811E+001
    653  1.789847312327572E-006  1.090926521840726E+002
    270  1.745852286535237E-006  3.767493462479421E+001
    788  1.739327324888535E-006  1.157595566872355E+002
     87  1.733262449710654E-006  2.773505635732142E+001
    853  1.731387587184636E-006  1.189950762444425E+002
    629  1.728314419525558E-006  1.086436456014825E+002
    753  1.724886268125467E-006  1.130399909728984E+002
    747  1.718427856192226E-006  1.128221651622354E+002
    935  1.715567138520616E-006  1.274477748704804E+002
    876  1.703094354961699E-006  1.207338716680959E+002
    897  1.694973748389793E-006  1.233154024205701E+002
    680  1.687049717035947E-006  1.106808485277705E+002
    818  1.656629650628705E-006  1.172202887178189E+002
    779  1.636076646066139E-006  1.153237642854880E+002
    489  1.629651071082069E-006  5.906665573291085E+001
    375  1.623327013101878E-006  4.577921754207221E+001
    333  1.614438511388035E-006  4.050570323460023E+001
    725  1.605723805220623E-006  1.122622575126908E+002
    839  1.604565648082338E-006  1.178451551754228E+002
    252  1.582439307773150E-006  3.681481496629917E+001
    953  1.571456401300793E-006  1.282835790234384E+002
    882  1.569944111683695E-006  1.212606419968792E+002
    728  1.535649808151735E-006  1.123911467240560E+002
   1012  1.503044059865941E-006  1.305860585800326E+002
    729  1.486963035868769E-006  1.124070412533170E+002
    726  1.455124089023884E-006  1.123280306605216E+002
    146  1.398679099705407E-006  3.038455959742199E+001
    678  1.395535022984027E-006  1.105298402911861E+002
    941  1.392405365182410E-006  1.277239710636116E+002
    980  1.366143144538495E-006  1.292322903638887E+002
     40  1.346047634680349E-006  2.429142631572386E+001
   1023  1.328879874289818E-006  1.309907545973144E+002
    473  1.322234145337318E-006  5.864875851961727E+001
    739  1.227485551974844E-006  1.126267264275300E+002
    313  1.197543798728147E-006  3.941220320488696E+001
    655  1.161025284871345E-006  1.092114390318620E+002
    241  1.139226827434573E-006  3.573178726353736E+001
   1003  1.129815828035627E-006  1.302792324598297E+002
    954  1.095067891424370E-006  1.282848493157465E+002
    936  1.062327093668147E-006  1.275963114471066E+002
    750  1.058299179226227E-006  1.128980084302201E+002
    959  1.038105568122556E-006  1.283643788123119E+002
    900  1.025824054483790E-006  1.240255399934555E+002
    618  1.004198981603442E-006  1.083041655146542E+002
    661  1.000959730248857E-006  1.094040232551639E+002
     71  9.825955477805686E-007  2.691074291878593E+001
    912  9.375086609881566E-007  1.259977317017505E+002
    776  9.102034171687316E-007  1.150535509847603E+002
    824  8.972971318830078E-007  1.173851057796732E+002
    938  8.850097257872398E-007  1.276246332177813E+002
    811  8.759715205940256E-007  1.169131613251637E+002
    858  8.365326183267601E-007  1.193043137223610E+002
    374  8.361925240417914E-007  4.576894168844035E+001
    675  8.345750259839218E-007  1.101932688761904E+002
    735  8.034362594573106E-007  1.125422257639707E+002
   1077  8.003218172407516E-007  6.189178021453241E+002
    861  7.903306197503516E-007  1.193618968506130E+002
    969  7.754750085190841E-007  1.288232913140608E+002
    765  7.749348140192534E-007  1.138034732037320E+002
    857  7.674983746731983E-007  1.192977858717030E+002
    968  7.633355154784793E-007  1.287893908307005E+002
    151  7.570671009844773E-007  3.097448214004631E+001
    834  7.563680455192535E-007  1.176651591794238E+002
    856  7.481445947181765E-007  1.192407591408727E+002
   1034  7.383881271757597E-007  1.314975717016592E+002
    932  7.251434449913189E-007  1.272890793904072E+002
    867  7.186030148879242E-007  1.199420338065019E+002
    638  7.166531280488344E-007  1.087773663504995E+002
    617  7.035340299490714E-007  1.082069188907082E+002
    906  6.946754117148539E-007  1.253859334012492E+002
    628  6.582009366707232E-007  1.085999071252231E+002
    120  6.572263569271003E-007  2.935022978395871E+001
     47  6.548618069809775E-007  2.514695584094496E+001
    615  6.475754816696488E-007  1.081646255451844E+002
    178  6.469181213196418E-007  3.291892583427273E+001
    946  6.447172766648621E-007  1.279201366409634E+002
    720  6.130924723255625E-007  1.121496181246094E+002
   1073  5.967123542024198E-007  1.355646294676644E+002
    704  5.897991893213407E-007  1.114088220449556E+002
   1002  5.851622361158750E-007  1.301955720736593E+002
    837  5.827017778383462E-007  1.177814246314451E+002
    363  5.607666062763487E-007  4.523665715266514E+001
    406  5.339354513891041E-007  5.347162595814701E+001
    971  5.079451763330826E-007  1.289111652451389E+002
    880  4.960204094846902E-007  1.209811659012211E+002
    263  4.823640463916186E-007  3.756851288337069E+001
    814  4.804518880271172E-007  1.170571282096026E+002
    841  4.720404063219755E-007  1.180046875638410E+002
   1037  4.716223025586877E-007  1.316166834102353E+002
    581  4.596863607104934E-007  1.069166383916512E+002
    993  4.527710376444569E-007  1.299638892136509E+002
    872  4.372891830455625E-007  1.204992644439996E+002
    773  4.300641634475189E-007  1.146041296786391E+002
    636  4.240941784084676E-007  1.087412284437008E+002
    453  4.235367381876658E-007  5.734859743017803E+001
    869  4.183620738642574E-007  1.201465244096069E+002
    541  4.083037654139946E-007  1.020561485810812E+002
    249  3.930565602499303E-007  3.643158917315001E+001
    956  3.671092176164783E-007  1.283075816024711E+002
    736  3.632237916640876E-007  1.125700463249535E+002
   1059  3.308612343854012E-007  1.335352794510990E+002
    279  3.284754067892730E-007  3.776291602598710E+001
    654  3.129438959966044E-007  1.091774321289355E+002
    914  3.020521829736773E-007  1.261343003660832E+002
    891  3.013977090315723E-007  1.222344606190913E+002
    612  2.867321844177018E-007  1.080838271474082E+002
    801  2.801895502289914E-007  1.162412158177078E+002
    570  2.695622552708239E-007  1.064458450110351E+002
    746  2.515986969466562E-007  1.128150956859242E+002
    414  2.401515496858095E-007  5.408443269732371E+001
    967  2.337106622443976E-007  1.287730879251822E+002
    620  2.116928246553416E-007  1.083700393844588E+002
    445  2.113332713680826E-007  5.650985963977887E+001
    904  2.076954673639949E-007  1.250437756508075E+002
    708  1.912143024430405E-007  1.116659378913442E+002
    810  1.837693471743545E-007  1.168542717379606E+002
    443  1.813370992155642E-007  5.615506371008289E+001
    345  1.761885522801865E-007  4.248475366295001E+001
    687  1.717690819130201E-007  1.108477970364615E+002
    850  1.685534889449675E-007  1.188640670964077E+002
    185  1.577603204692650E-007  3.329017879350934E+001
     14  1.537890598808408E-007  2.047451167645159E+001
    864  1.535831460252433E-007  1.195154318953015E+002
    701  1.469997811569980E-007  1.112655741498095E+002
   1015  1.449778067760134E-007  1.306693309857935E+002
    124  1.379777103797312E-007  2.953039329658957E+001
    819  1.319134400174157E-007  1.172617623112352E+002
    775  1.249877740236265E-007  1.149447083106751E+002
    232  1.245004432804121E-007  3.530982942235851E+001
    110  1.205731832948791E-007  2.890337161783228E+001
    222  1.150272902639451E-007  3.444665555523785E+001
    518  1.141310337244211E-007  6.116565427175681E+001
    226  1.103732438183162E-007  3.460914941435140E+001
    748  1.086969145847803E-007  1.128453459062848E+002
    734  1.052765380417971E-007  1.125227414297757E+002
    752  1.049221805789349E-007  1.129825416205730E+002
   1053  1.011408452072590E-007  1.331993000158318E+002
    692  9.384975790267906E-008  1.109991362888409E+002
    439  8.886156234154095E-008  5.581771077364913E+001
    652  8.547781277162393E-008  1.090805000764319E+002
    737  8.118344086162523E-008  1.125716601108342E+002
    759  7.573920174554788E-008  1.132523759465808E+002
    996  7.248980420104338E-008  1.300741546440489E+002
     56  7.222955218960260E-008  2.577494999028338E+001
    598  7.143056756131681E-008  1.077082259858063E+002
    999  5.536676781952515E-008  1.301340763851820E+002
    501  5.111737145820812E-008  6.025540211442135E+001
    840  5.069317853346640E-008  1.179674198090055E+002
    823  4.624317616093049E-008  1.173434151863991E+002
    718  4.516491751110798E-008  1.120307816427976E+002
    743  4.306844632483886E-008  1.126739704882794E+002
    812  3.906442648682957E-008  1.169499526914024E+002
    806  3.405381566037693E-008  1.165904998677036E+002
   1030  3.166828397389091E-008  1.313677884464318E+002
    647  2.919591142970079E-008  1.089204596390746E+002
    854  2.750368121794102E-008  1.190938927222375E+002
    125  2.142613989397906E-008  2.955205187993630E+001
    604  2.066954997545281E-008  1.078901483894559E+002
    874  2.036184168984074E-008  1.206463359037059E+002
   1049  1.656193556060382E-008  1.325964910892840E+002
    740  1.343459968380265E-008  1.126281679605138E+002
    830  1.259972781833271E-008  1.175448785112390E+002
    885  9.121887399056575E-009  1.213849358963692E+002
    631  8.825576947691505E-009  1.086593678715634E+002
    754  7.170455933566292E-009  1.130532912402911E+002
    965  6.381681088870620E-009  1.286084743618769E+002
   1019  4.397148579257680E-009  1.307856127904329E+002
    731  4.185874335999913E-009  1.124795031346507E+002
    881  3.899401245458252E-009  1.212001054655417E+002
    833  1.170171650697542E-009  1.176450554682990E+002
    889  6.361926629353559E-010  1.221096476933091E+002
    995  5.367794160809458E-010  1.300556822463785E+002
   1042  4.485551714042833E-010  1.319938555239870E+002
    723  2.013592065520983E-010  1.122249597820348E+002
    169  2.115243946645920E-011  3.225245008090104E+001
    981  3.059684854288183E-013  1.292686845988868E+002
