# Number of modes
   1077
# Tabulated for different initial and final frequencies?
    F
# Mode index, Sj, (highest to lowest), omega_j
    547  4.064559289068576E-001  1.040413527560943E+002
      7  1.027766767880642E-001  1.598850297870253E+001
     23  5.380295897431320E-002  2.160694502786773E+001
      8  5.110113721674130E-002  1.603898235084092E+001
     24  4.440615824373311E-002  2.165827626673025E+001
     38  4.326993608390373E-002  2.415274881711009E+001
    546  3.059902360532602E-002  1.038908634804570E+002
    114  2.539136412243900E-002  2.903390568794284E+001
    544  2.169953355765985E-002  1.037287728441322E+002
     64  2.105442434116267E-002  2.637954322898939E+001
    301  2.011662445994329E-002  3.874125966254066E+001
    551  1.903915310003087E-002  1.044758850995860E+002
    549  1.666740069335617E-002  1.043755820157491E+002
    392  1.663238382834376E-002  4.975569880244111E+001
     18  1.624080202459541E-002  2.124694793769305E+001
     58  1.543005709439853E-002  2.603619761911758E+001
    554  1.540621700460948E-002  1.048978551747549E+002
      5  1.160543502092606E-002  1.580375607842547E+001
    384  1.116641959247098E-002  4.693482184770667E+001
    387  1.081361904991861E-002  4.845493173747810E+001
     31  1.001672794833854E-002  2.349957735236975E+001
    390  9.396774133795142E-003  4.930034545373515E+001
    300  7.715767116285737E-003  3.871033423098082E+001
    330  7.409725148889472E-003  4.000719691328421E+001
   1050  6.984775343321706E-003  1.326682006609648E+002
    229  6.864589406803200E-003  3.477639317683153E+001
     85  6.744448111126205E-003  2.757726243328665E+001
    142  6.582032574990238E-003  3.011700635419402E+001
    347  5.557361011466949E-003  4.251894246220620E+001
    255  5.480097788035877E-003  3.705801266502003E+001
    199  5.024220824116644E-003  3.411214171315592E+001
    403  4.886917518745330E-003  5.332276567118551E+001
    400  4.874133719645322E-003  5.304406357850599E+001
   1047  4.688439138288521E-003  1.324683504365100E+002
    423  4.573549682503501E-003  5.491452382822700E+001
    298  4.511794017369883E-003  3.860785506393049E+001
    536  4.473454923970690E-003  7.244369170766353E+001
     20  4.178148171783655E-003  2.146722812704134E+001
     95  3.993741831378825E-003  2.806113631432304E+001
   1075  3.983860929398324E-003  1.852007864492208E+002
     65  3.875981759966758E-003  2.645533186342116E+001
    207  3.814128832117829E-003  3.419271829752626E+001
    248  3.811064041682833E-003  3.617742791171408E+001
    180  3.695954387340313E-003  3.306959511625761E+001
    143  3.681903244904421E-003  3.021552765862468E+001
     97  3.621382347622006E-003  2.809615145046481E+001
     11  3.510153924679843E-003  1.771447447329438E+001
   1045  3.344929911149625E-003  1.322246800166877E+002
   1048  3.340918024381294E-003  1.325281096806480E+002
    160  3.160175731491828E-003  3.140287364756382E+001
     66  3.140473004281305E-003  2.653041695388611E+001
    198  3.027871472846748E-003  3.410095577154824E+001
     36  2.994251848842663E-003  2.408548968715760E+001
    379  2.866121159678536E-003  4.610002508350383E+001
   1053  2.765130501713109E-003  1.331993000158318E+002
    183  2.758765910345302E-003  3.317747871488443E+001
    417  2.745031691338337E-003  5.432386496665636E+001
    348  2.692861573055393E-003  4.278252907839931E+001
    426  2.678606033404838E-003  5.521112029631625E+001
    295  2.660976299765987E-003  3.844649820311862E+001
     21  2.656401338090080E-003  2.149552581175353E+001
    152  2.631847277972698E-003  3.107793476288124E+001
    233  2.573286277671740E-003  3.536858076063520E+001
     74  2.457597488331277E-003  2.706787664592100E+001
    131  2.451791300052031E-003  2.976719894627799E+001
    161  2.424108632526965E-003  3.141544799468193E+001
    251  2.417980879839847E-003  3.670193646720268E+001
    249  2.414523709206694E-003  3.643158917315001E+001
    221  2.402481477161399E-003  3.444064242877499E+001
    302  2.400887267733336E-003  3.874867387838012E+001
    385  2.390823226898873E-003  4.744969147605799E+001
     92  2.380082578825908E-003  2.796966533379813E+001
    474  2.377064690395668E-003  5.866520048333617E+001
    102  2.356397694631697E-003  2.838723287464182E+001
    358  2.331427200505788E-003  4.418411045040358E+001
    293  2.268874879513044E-003  3.840315559517953E+001
    419  2.252668766861202E-003  5.447434435004674E+001
     46  2.195237867062203E-003  2.508968851186969E+001
    212  2.188043771113867E-003  3.425448747044050E+001
     70  2.152805098504866E-003  2.683332853591699E+001
    450  2.135253580688231E-003  5.723022636777802E+001
    158  2.111293873809580E-003  3.138637587596471E+001
     89  2.098775727891756E-003  2.787565477396676E+001
    258  2.058437347603716E-003  3.725675246841864E+001
    133  2.035822360881543E-003  2.980777525245198E+001
    153  2.028274770160495E-003  3.119128674334460E+001
      4  2.027059107930574E-003  1.555889535187236E+001
   1039  2.003352908134805E-003  1.317789778316224E+002
    206  1.995002446292810E-003  3.418711639611698E+001
    505  1.956926279659673E-003  6.089365906344585E+001
    219  1.954421085911679E-003  3.435584966495736E+001
    464  1.911781871315343E-003  5.841767339850505E+001
    282  1.907528053206091E-003  3.781601762519486E+001
    202  1.863022040052812E-003  3.414693728338715E+001
    164  1.843773199085573E-003  3.156123118588701E+001
    436  1.842124421486856E-003  5.562240782737462E+001
    184  1.841560095178747E-003  3.328145954751520E+001
    241  1.835736648098320E-003  3.573178726353736E+001
    270  1.800079731488147E-003  3.767493462479421E+001
    195  1.798273064838758E-003  3.399004655216064E+001
    106  1.796819478563085E-003  2.873147041157064E+001
    331  1.788089181923706E-003  4.033978069592825E+001
    205  1.783498856542393E-003  3.418138862993963E+001
    386  1.780882860252248E-003  4.778448827008048E+001
    188  1.756982184971016E-003  3.343297855491465E+001
    320  1.722464342849790E-003  3.958466091098631E+001
    192  1.700072585117637E-003  3.373139183933635E+001
     67  1.695122306380014E-003  2.663955326886673E+001
    101  1.672561759265176E-003  2.816121926613436E+001
    103  1.663018973249943E-003  2.854698030319213E+001
    156  1.657971930699277E-003  3.133959801814033E+001
   1044  1.616793567076966E-003  1.320835593454495E+002
     33  1.613031022678029E-003  2.387502434282544E+001
     26  1.609754934693939E-003  2.275577786050195E+001
      3  1.566058780380427E-003  1.530095081680193E+001
    297  1.562868442552792E-003  3.850412000814609E+001
    504  1.552507905299409E-003  6.073767201700102E+001
     17  1.520912038508148E-003  2.091913438766164E+001
    239  1.516494158225955E-003  3.564788119351169E+001
     40  1.514272216730278E-003  2.429142631572386E+001
    479  1.499934973594626E-003  5.886156225440574E+001
    168  1.495394854970909E-003  3.223239881301075E+001
     35  1.492988737944351E-003  2.406163852032448E+001
    407  1.477347021082779E-003  5.355040632372296E+001
    539  1.469669722455581E-003  1.004038214764926E+002
    283  1.438904509067989E-003  3.781664732037148E+001
   1022  1.433397700779453E-003  1.309570316227355E+002
     63  1.431614826911509E-003  2.633691355837915E+001
     45  1.421857041140358E-003  2.505629895200580E+001
    226  1.418934996541192E-003  3.460914941435140E+001
    495  1.413142647557792E-003  5.971063876484735E+001
    535  1.406979641439543E-003  7.234684016852472E+001
    138  1.361278291208481E-003  2.998810658959070E+001
    134  1.350129049777455E-003  2.989081555609098E+001
    352  1.348343947047414E-003  4.345183818831803E+001
    137  1.343637476442919E-003  2.996307755422044E+001
    109  1.340340605955797E-003  2.888359254004277E+001
    326  1.322665523003101E-003  3.980074663620405E+001
    246  1.315813867688447E-003  3.612200287477440E+001
    401  1.310281044970280E-003  5.310952948046032E+001
     43  1.298406342293336E-003  2.485090944939308E+001
    378  1.270993856640069E-003  4.609481655347708E+001
    121  1.269776928905050E-003  2.937009161569695E+001
    291  1.266569559542909E-003  3.834865717601958E+001
    532  1.266355225860401E-003  6.299204701993657E+001
    519  1.259914205458606E-003  6.116666091909611E+001
    325  1.256468878159852E-003  3.979678053884171E+001
     69  1.247241668485045E-003  2.667931486079132E+001
    433  1.242699105434623E-003  5.552394895078822E+001
    196  1.230918730651058E-003  3.402217963204272E+001
    422  1.212471498903424E-003  5.478392604221921E+001
    564  1.198781038398663E-003  1.059223740174141E+002
     62  1.185750775671374E-003  2.630569023157911E+001
     71  1.150754067263889E-003  2.691074291878593E+001
    116  1.122557533800485E-003  2.910094471225916E+001
    218  1.118844206556840E-003  3.434087154455664E+001
    954  1.116678994932138E-003  1.282848493157465E+002
    909  1.113082453908715E-003  1.256671150468244E+002
    289  1.085591549085972E-003  3.832422991649202E+001
    992  1.085454957149316E-003  1.299169051159237E+002
     30  1.072856857811836E-003  2.339033246897357E+001
    578  1.044753967771655E-003  1.068696587706935E+002
     34  1.037203330495662E-003  2.394870774261297E+001
     12  1.034147067412274E-003  1.791855268392995E+001
    338  1.017632791673620E-003  4.143596746217444E+001
    832  1.016916449587479E-003  1.176150872586579E+002
     52  9.938277133670855E-004  2.532370304309600E+001
      6  9.906647566411068E-004  1.593905863128156E+001
    308  9.876660304848548E-004  3.924824416979163E+001
    256  9.816593984658172E-004  3.708485200545782E+001
    493  9.698013129138208E-004  5.956939432616837E+001
    231  9.624515054587481E-004  3.529195130720404E+001
     82  9.551956380445331E-004  2.744742479332049E+001
    214  9.470141767534648E-004  3.429158842681225E+001
    169  9.202425722095623E-004  3.225245008090104E+001
    144  9.140206760714165E-004  3.023024488043693E+001
    115  8.998469806070350E-004  2.908676806680809E+001
    560  8.925997509973121E-004  1.057397922085461E+002
    237  8.880410351293391E-004  3.561350513334219E+001
    459  8.777607055383217E-004  5.797524108925945E+001
    500  8.625557546514212E-004  6.016266526055261E+001
    130  8.601220664667292E-004  2.969026097336859E+001
     86  8.548487304398643E-004  2.760340701365068E+001
    563  8.546207049493201E-004  1.058622417292547E+002
    324  8.503164336498779E-004  3.965813849875591E+001
    449  8.371162759017582E-004  5.713782918039372E+001
    303  8.340106493509731E-004  3.891633174738261E+001
    319  8.285353557710660E-004  3.955367029075058E+001
    335  8.283212305568638E-004  4.064698242871874E+001
    383  8.104091854047571E-004  4.665506804468283E+001
   1070  8.038880417610392E-004  1.350535885837313E+002
    275  7.982724775547223E-004  3.771871208633355E+001
    139  7.942857694118610E-004  3.001327528760398E+001
    389  7.894356362459419E-004  4.924612888004685E+001
    217  7.850003907539527E-004  3.432077633458158E+001
    112  7.816919390407051E-004  2.893182478938967E+001
   1055  7.785101449710178E-004  1.332315483337306E+002
    104  7.731789464249694E-004  2.863475114667724E+001
    477  7.617609947018537E-004  5.875439662154096E+001
    486  7.586574041730948E-004  5.898078655703418E+001
   1013  7.562869170721861E-004  1.306191025791559E+002
     75  7.558204501350940E-004  2.717284531466260E+001
    132  7.505285004811547E-004  2.978147182311027E+001
    154  7.486876736675769E-004  3.128025029310897E+001
    480  7.340892301403807E-004  5.887142017505539E+001
    167  7.324690659939883E-004  3.206734480721192E+001
    304  7.318521001341230E-004  3.902642388250331E+001
    405  7.313174723003640E-004  5.340951413863353E+001
    543  7.303286711206671E-004  1.026098663261161E+002
    357  7.301574934344706E-004  4.413715889769129E+001
   1071  7.252748979483224E-004  1.353191143310252E+002
    382  7.229963707184916E-004  4.661435463500721E+001
    336  7.173530131957550E-004  4.106442919982931E+001
   1072  7.153838152787648E-004  1.354275255218108E+002
     27  7.145039385252240E-004  2.288948685305089E+001
    174  7.089826111697409E-004  3.277024257542895E+001
    555  7.012268645551765E-004  1.049505825405343E+002
    230  6.838118795077769E-004  3.507000892128892E+001
    108  6.669604427211096E-004  2.884206820739177E+001
    926  6.660624348200683E-004  1.269935099435139E+002
    209  6.631033377166323E-004  3.420776675567321E+001
    232  6.621195320243502E-004  3.530982942235851E+001
    177  6.619466025735448E-004  3.286305119332699E+001
    223  6.593242516666462E-004  3.452101188794168E+001
    189  6.507784571477011E-004  3.348575581421191E+001
    193  6.480981526410749E-004  3.387383688791338E+001
    281  6.447362609714102E-004  3.778222215271058E+001
    272  6.303537846389051E-004  3.770876893490352E+001
     68  6.301919958285897E-004  2.665958995788216E+001
     96  6.270769286191425E-004  2.807603105873968E+001
    309  6.163660120676924E-004  3.929268620446922E+001
    280  6.159450008432705E-004  3.777070006257392E+001
    468  6.122785883212933E-004  5.850419738659161E+001
     61  6.119099788479863E-004  2.623624111749398E+001
     78  6.094722413879531E-004  2.724001953302053E+001
    456  6.081638988698705E-004  5.758475825352298E+001
    119  6.024460643027830E-004  2.929038281335912E+001
     91  5.916588914143505E-004  2.795709450840539E+001
    208  5.905178838779581E-004  3.420400517096608E+001
      2  5.868977943259781E-004  1.507477314615795E+001
    222  5.791170683065655E-004  3.444665555523785E+001
    538  5.761921631305633E-004  8.801939400846273E+001
    166  5.709892324524085E-004  3.197534022905977E+001
    165  5.691354415216875E-004  3.194792507678593E+001
    215  5.648341164470299E-004  3.430912489816387E+001
    261  5.564309288740060E-004  3.751537038816641E+001
    836  5.545551049992703E-004  1.177792466123822E+002
    565  5.498298885372199E-004  1.059848591127986E+002
    585  5.468373461090030E-004  1.071721890576240E+002
    402  5.440513526900284E-004  5.323403324336612E+001
    148  5.291515017171742E-004  3.055713011308698E+001
   1052  5.278658634719035E-004  1.330891459743712E+002
    334  5.266566156832363E-004  4.055961280242965E+001
   1026  5.254320558575638E-004  1.310988308446859E+002
    187  5.240126320582767E-004  3.338593491458187E+001
    831  5.219451887179372E-004  1.175849164822640E+002
    609  5.178309182542238E-004  1.080529774194348E+002
    150  5.176082472696956E-004  3.095380367517388E+001
    582  5.145037073370065E-004  1.069886979669129E+002
     13  5.104971338940902E-004  2.038781372204352E+001
    305  5.067238953387376E-004  3.919092577852600E+001
    531  5.025237983905660E-004  6.280622541285696E+001
     28  5.019422698506757E-004  2.303576073275412E+001
   1042  4.987152904976418E-004  1.319938555239870E+002
     84  4.958387300957180E-004  2.748397341497807E+001
     48  4.894815841741088E-004  2.521050943974308E+001
    411  4.855056387669220E-004  5.390414096058870E+001
    269  4.846494204380759E-004  3.766609016559832E+001
    842  4.802613199467980E-004  1.180365480395604E+002
    597  4.777894451792309E-004  1.076362394255561E+002
      9  4.753918802833318E-004  1.615282072713023E+001
   1029  4.734867318823402E-004  1.312589073638632E+002
   1032  4.711922734263942E-004  1.314270448258869E+002
    314  4.627935615747846E-004  3.944402428691944E+001
    572  4.550990492293023E-004  1.066354688575440E+002
    454  4.516070521461684E-004  5.753531790534946E+001
    528  4.492423435958041E-004  6.211763689923020E+001
    176  4.467337990385881E-004  3.283702642513862E+001
    317  4.391362223532655E-004  3.952108816795088E+001
    394  4.359671415995256E-004  5.275338077531283E+001
    170  4.175516701362042E-004  3.240864442722207E+001
    573  4.168503204668545E-004  1.066520968004064E+002
    120  4.083480732216683E-004  2.935022978395871E+001
     72  4.071047725778614E-004  2.695844835194747E+001
    518  4.006489529170716E-004  6.116565427175681E+001
    593  4.005360194366030E-004  1.074633420950339E+002
     94  4.001931193059439E-004  2.803048707399637E+001
    521  3.987782029754795E-004  6.120499406654021E+001
      1  3.937821468556374E-004  1.480943860687432E+001
    967  3.936149954910784E-004  1.287730879251822E+002
    191  3.914240231016379E-004  3.372798248811258E+001
     79  3.883443179577946E-004  2.728143790603452E+001
    182  3.794233038276556E-004  3.313118961536368E+001
    266  3.784811670583573E-004  3.763404507858488E+001
    541  3.768195025227683E-004  1.020561485810812E+002
     50  3.767053374302118E-004  2.524792740229145E+001
     98  3.720623478031356E-004  2.810036398063808E+001
    322  3.702814525767222E-004  3.962934885257222E+001
     32  3.626588274211869E-004  2.386019687247388E+001
    561  3.613486177312793E-004  1.057823475786052E+002
    973  3.608898362519245E-004  1.290303348922233E+002
    242  3.605448822069686E-004  3.575330164903793E+001
    444  3.585454757857297E-004  5.640873014994138E+001
    236  3.552326082041261E-004  3.558504171265294E+001
   1060  3.536101915662256E-004  1.336329109810919E+002
    123  3.535668193383224E-004  2.945706723223188E+001
    360  3.528180680988474E-004  4.501412031898634E+001
    542  3.517493722863273E-004  1.021380905135569E+002
     60  3.511290302742660E-004  2.612817271153773E+001
    498  3.508097429383466E-004  6.006055704270973E+001
    201  3.507376711788677E-004  3.413905621996786E+001
    545  3.479679896462132E-004  1.038885725205099E+002
    307  3.448589915595851E-004  3.924418415703018E+001
    777  3.444327484544608E-004  1.150636811545726E+002
     88  3.440986812913570E-004  2.776495450944637E+001
    329  3.429130466870748E-004  3.994917835777716E+001
    381  3.411240221963542E-004  4.623753374880091E+001
    126  3.405263542652795E-004  2.957864372821811E+001
    147  3.378441223209519E-004  3.045498909450352E+001
    273  3.340736006975908E-004  3.771236202405859E+001
    260  3.334037097117432E-004  3.745846822965304E+001
    377  3.324904558295389E-004  4.580996274485975E+001
    257  3.322758546196043E-004  3.716053985696894E+001
    592  3.321925586443750E-004  1.074010896433819E+002
    145  3.268477901653644E-004  3.035386176419680E+001
    234  3.268199112404096E-004  3.541632958107625E+001
    107  3.213973585503293E-004  2.880093649968087E+001
    571  3.174584331000932E-004  1.065760725477823E+002
    339  3.166163174415441E-004  4.199721405536648E+001
    111  3.162357968120757E-004  2.891758955889047E+001
    771  3.150067461916286E-004  1.142541813627527E+002
    462  3.097996833636920E-004  5.834568949164402E+001
    393  3.085511131566835E-004  5.117422678475859E+001
    451  3.080808009382059E-004  5.726939793781466E+001
   1041  3.069922697139739E-004  1.318604688563310E+002
    481  3.061412264226774E-004  5.889564718758225E+001
    848  3.013187239758606E-004  1.185512117490796E+002
    552  2.998456993593830E-004  1.045004516183760E+002
    844  2.991609515304786E-004  1.182236522024691E+002
    916  2.986225071501735E-004  1.261858055404796E+002
    279  2.979289746245808E-004  3.776291602598710E+001
    964  2.973839361910922E-004  1.284811881676410E+002
    540  2.962308050009006E-004  1.019596674086986E+002
    502  2.925355905535473E-004  6.033057478557798E+001
    639  2.922295342349925E-004  1.087924757147032E+002
    122  2.907953303204314E-004  2.942821875092930E+001
    391  2.842352855491204E-004  4.935295074539214E+001
    605  2.822726453224566E-004  1.079476682950407E+002
    376  2.769729260412757E-004  4.578482274843697E+001
    149  2.735181254803322E-004  3.064428879965062E+001
   1064  2.721925801247285E-004  1.339182935247794E+002
    515  2.666624600759145E-004  6.113166482037749E+001
    288  2.652074804462872E-004  3.825168870868715E+001
    621  2.633300931909392E-004  1.083828600305560E+002
    162  2.618852685387245E-004  3.142013005221356E+001
   1033  2.614537719001182E-004  1.314921549657209E+002
     49  2.606340130806228E-004  2.521926711432687E+001
    568  2.584063607329256E-004  1.063884322375297E+002
    351  2.581588868252746E-004  4.290814690346715E+001
    577  2.550282024098659E-004  1.068269012623950E+002
     37  2.532746864020580E-004  2.413005277682491E+001
    760  2.522817711458861E-004  1.133648679091437E+002
    919  2.521938063920973E-004  1.264669767465423E+002
    997  2.519156939584931E-004  1.300952728722026E+002
    778  2.506734868795857E-004  1.153062331743218E+002
    245  2.496806038337794E-004  3.584895809931362E+001
    475  2.492700667653823E-004  5.870955367754343E+001
    558  2.482738686500066E-004  1.054235904423783E+002
   1036  2.449306792164078E-004  1.315563975924429E+002
    749  2.435693090372728E-004  1.128862829609149E+002
    361  2.409910210685044E-004  4.509188248244521E+001
    197  2.397356534877889E-004  3.407091137263039E+001
    632  2.381906746532095E-004  1.086732063917954E+002
    404  2.367733437029125E-004  5.332919471058649E+001
    346  2.330138745204196E-004  4.251353138364797E+001
   1034  2.320194081662461E-004  1.314975717016592E+002
    129  2.311225961333113E-004  2.967722940199728E+001
    323  2.306504322214659E-004  3.963162035223775E+001
    337  2.291152548872440E-004  4.125439580477820E+001
    250  2.273965478778673E-004  3.645071914574685E+001
    584  2.269835330522359E-004  1.071415131646536E+002
   1062  2.269020106468542E-004  1.338537297016246E+002
     44  2.263072383989397E-004  2.487547588775838E+001
    380  2.248421309234951E-004  4.621788456267294E+001
   1024  2.246012485823240E-004  1.310472886139475E+002
    294  2.213236042967633E-004  3.844005427068350E+001
    529  2.211558679071264E-004  6.213305424318654E+001
    942  2.208624518420966E-004  1.277896527703618E+002
    278  2.198296646485427E-004  3.775225448216675E+001
    471  2.188281373797989E-004  5.859921299406331E+001
    470  2.150519405783171E-004  5.858950887133865E+001
    398  2.112489093487988E-004  5.298968704937109E+001
    478  2.103675082681696E-004  5.880478287498814E+001
    420  2.089557989983430E-004  5.464265012038360E+001
     76  2.006979153075610E-004  2.719040433196805E+001
    140  1.984513142171073E-004  3.002380690834687E+001
    674  1.958308892398420E-004  1.101627157855635E+002
    955  1.945196177816921E-004  1.283043098504922E+002
    622  1.941537117671261E-004  1.084041586407917E+002
    894  1.930433604191207E-004  1.226855190700912E+002
     29  1.916779499230742E-004  2.304600720746813E+001
    296  1.912348654467835E-004  3.847026909032138E+001
    576  1.909734090766634E-004  1.068188420241767E+002
    947  1.899908230003492E-004  1.280025795512814E+002
    441  1.882274141259445E-004  5.602297434426368E+001
   1008  1.866524867613310E-004  1.304054287055121E+002
    727  1.853737497312998E-004  1.123838421661365E+002
    432  1.853603215690243E-004  5.551253331854516E+001
    796  1.851266356457414E-004  1.160406419035091E+002
    190  1.850958994347103E-004  3.352213579831744E+001
    746  1.845653331244984E-004  1.128150956859242E+002
     22  1.832295355908111E-004  2.149928230079738E+001
    998  1.824287441816585E-004  1.301241144683907E+002
    100  1.818698830182572E-004  2.814590236831992E+001
    306  1.804320075769809E-004  3.922583615449084E+001
    675  1.802925200248829E-004  1.101932688761904E+002
    313  1.787984272730297E-004  3.941220320488696E+001
    482  1.786872334130007E-004  5.890508639424976E+001
    476  1.784817562150739E-004  5.874284760292872E+001
     39  1.778725535784440E-004  2.419216907562118E+001
    887  1.761120876130663E-004  1.215278324822884E+002
    510  1.726430103932138E-004  6.106496915014706E+001
   1018  1.723446268353575E-004  1.307425624046459E+002
    725  1.707910132443290E-004  1.122622575126908E+002
    125  1.700050539101902E-004  2.955205187993630E+001
    437  1.681815911721496E-004  5.567668099873953E+001
    873  1.672885990100376E-004  1.205400953636918E+002
    511  1.667414957920448E-004  6.108291035790679E+001
    550  1.666710967255235E-004  1.044255141670578E+002
    583  1.656686459560670E-004  1.070323413352247E+002
    672  1.652340283761730E-004  1.100523893058521E+002
    254  1.649778613737647E-004  3.696870162494890E+001
    594  1.641535092901569E-004  1.075267994995216E+002
    899  1.638367740415645E-004  1.237750393258326E+002
    968  1.632289628156556E-004  1.287893908307005E+002
    203  1.618341197531509E-004  3.415596231316062E+001
   1066  1.618160363083637E-004  1.341339055776214E+002
    247  1.608679535856272E-004  3.613855018049320E+001
    892  1.604444589000240E-004  1.223146913863671E+002
    372  1.602282951439077E-004  4.569660817760900E+001
    438  1.586800255658067E-004  5.568774314714533E+001
    897  1.585798807048186E-004  1.233154024205701E+002
    616  1.577721859018325E-004  1.081902144651443E+002
    484  1.568490935213035E-004  5.894622531819898E+001
    567  1.567723903150343E-004  1.061175767374582E+002
     83  1.562251205254943E-004  2.745200449399356E+001
    179  1.558833253472013E-004  3.301071504933698E+001
    976  1.554595015771797E-004  1.291265023483052E+002
    473  1.521075001533436E-004  5.864875851961727E+001
    624  1.505467233564097E-004  1.084534043855216E+002
    494  1.499945303541667E-004  5.959072402434833E+001
    948  1.481461538482606E-004  1.280530341997139E+002
    171  1.476496376754336E-004  3.251692712246987E+001
    875  1.475233271817510E-004  1.206504418490652E+002
    645  1.470068920271307E-004  1.088758352374567E+002
    213  1.460868616569972E-004  3.426923698719692E+001
    259  1.455759882604235E-004  3.731129763636223E+001
    157  1.451942199529683E-004  3.136040875348826E+001
    713  1.451835099694843E-004  1.118750446375970E+002
    527  1.440352695700912E-004  6.211137902133680E+001
    698  1.437734493685575E-004  1.111543499618823E+002
    907  1.408538831958205E-004  1.254774984052440E+002
    690  1.389627281435453E-004  1.109553167085971E+002
    643  1.385177592780269E-004  1.088529165631816E+002
    952  1.371126010041600E-004  1.282170243378332E+002
    742  1.349409456772059E-004  1.126546326383816E+002
    469  1.341437593453632E-004  5.857260373695996E+001
    596  1.337531086138953E-004  1.076305596761092E+002
    513  1.299325018424503E-004  6.111701004965728E+001
    370  1.298905795556850E-004  4.562254251008403E+001
    984  1.289710095381830E-004  1.293776492189174E+002
   1038  1.288710300736300E-004  1.317153469634680E+002
    877  1.284330692370686E-004  1.207635072396237E+002
    937  1.283291358475333E-004  1.275975168353670E+002
    440  1.281601165981540E-004  5.589934491235444E+001
    626  1.278100794657357E-004  1.085197354965440E+002
   1076  1.273745759174551E-004  1.858411948136732E+002
    292  1.273272977906616E-004  3.837765227419467E+001
    466  1.247217380385131E-004  5.848631456847294E+001
    418  1.244802490496461E-004  5.440760214654593E+001
    820  1.240277758998682E-004  1.173160626674297E+002
    186  1.235043002411911E-004  3.335079910483972E+001
    635  1.234894867325134E-004  1.087402789130293E+002
    488  1.234533788090522E-004  5.904214899548738E+001
    579  1.232263466775782E-004  1.068810185812333E+002
    589  1.229609125432877E-004  1.073243551551986E+002
    243  1.224365489006278E-004  3.580427376176280E+001
    399  1.201147389905904E-004  5.300117686152819E+001
    783  1.200944932027367E-004  1.155776779712016E+002
    277  1.191350911591715E-004  3.774405278528796E+001
    327  1.191211049448982E-004  3.980649710729982E+001
    181  1.190017003160907E-004  3.309588236011395E+001
    924  1.174361362558900E-004  1.267645350898773E+002
     81  1.174000536683315E-004  2.737831616504717E+001
    224  1.173189519799568E-004  3.456258153743839E+001
    194  1.172720921658725E-004  3.388123191050668E+001
    795  1.171947061743668E-004  1.159446042090269E+002
     93  1.171892913151755E-004  2.801831476528660E+001
    574  1.149167853204041E-004  1.067089856517616E+002
    680  1.140049093863488E-004  1.106808485277705E+002
    557  1.129394042912918E-004  1.053298087456868E+002
    569  1.125542712239877E-004  1.064024371239422E+002
    966  1.118766964867357E-004  1.287120665380274E+002
    487  1.115593683584942E-004  5.901096182276392E+001
     14  1.106026826952640E-004  2.047451167645159E+001
    807  1.100559482451263E-004  1.166040027024774E+002
    526  1.093439116747603E-004  6.205614154690332E+001
    686  1.086767316378538E-004  1.108321598991433E+002
    636  1.086668496396296E-004  1.087412284437008E+002
    522  1.074902594577163E-004  6.189501394570030E+001
    533  1.067523505321156E-004  6.344214913117692E+001
    682  1.067015267772099E-004  1.107795174367904E+002
    566  1.065785241446339E-004  1.060197199307676E+002
    548  1.064802920766653E-004  1.041098140943872E+002
    910  1.041501984436182E-004  1.258349422363612E+002
    244  1.040912510053382E-004  3.582009297825139E+001
    516  1.029406446120139E-004  6.114879167768425E+001
    646  1.028445355743643E-004  1.089039652974663E+002
   1069  1.015949746844786E-004  1.347402109836953E+002
    268  1.012553606970648E-004  3.765614789507087E+001
    911  1.007449054076335E-004  1.258968376271585E+002
    465  1.001114667389561E-004  5.845233409136720E+001
    756  1.000894070932588E-004  1.131019348749128E+002
    970  9.994596078083825E-005  1.288440499253601E+002
    318  9.727943057262469E-005  3.952690512520030E+001
    553  9.689875387098425E-005  1.045844149005738E+002
    898  9.665704228477789E-005  1.236287338505038E+002
    128  9.556499522675158E-005  2.964876822252022E+001
    349  9.545220996970949E-005  4.279212686889406E+001
    810  9.421373896447379E-005  1.168542717379606E+002
    595  9.358118710462716E-005  1.075727311228692E+002
    829  9.353059814042859E-005  1.175434491795728E+002
    512  9.306964409085800E-005  6.110465593383906E+001
    684  9.171747299351576E-005  1.108055531440044E+002
    328  9.164615850988035E-005  3.982877398686839E+001
    854  9.135375719144637E-005  1.190938927222375E+002
    113  8.933098546157407E-005  2.894608485543543E+001
     73  8.912434124989520E-005  2.704395448663374E+001
    445  8.798932478795848E-005  5.650985963977887E+001
    412  8.756898119298259E-005  5.399327798218789E+001
    610  8.731289429774117E-005  1.080548791140610E+002
    886  8.713429413364822E-005  1.214498350996194E+002
   1009  8.631732084221221E-005  1.304609142394732E+002
    332  8.566578415300604E-005  4.036182328117159E+001
    453  8.502317645596371E-005  5.734859743017803E+001
    663  8.460335392629683E-005  1.095408569103236E+002
    105  8.365813268089660E-005  2.872870804936272E+001
     90  8.342327779377678E-005  2.792299487571685E+001
    737  8.062627787253935E-005  1.125716601108342E+002
     51  8.030688978086472E-005  2.527497960196780E+001
    151  7.993151724315743E-005  3.097448214004631E+001
    813  7.964335239588589E-005  1.170211975618395E+002
    633  7.913476885318564E-005  1.086770367044967E+002
    225  7.884866137940662E-005  3.458265676939745E+001
   1031  7.843797013303163E-005  1.313824495210718E+002
    656  7.825849166534885E-005  1.092383325553483E+002
    599  7.775453421374906E-005  1.077354408464688E+002
    431  7.751790357785141E-005  5.545822575490884E+001
    127  7.725500322854476E-005  2.958197907168710E+001
     19  7.657532886552604E-005  2.137958735177528E+001
    503  7.627998528913345E-005  6.062899617907863E+001
    641  7.619689680669328E-005  1.088136450829588E+002
    865  7.477979952764709E-005  1.195233182598442E+002
    117  7.395593638638212E-005  2.915145470361619E+001
    797  7.350065321845476E-005  1.161224071144865E+002
   1063  7.341729219636281E-005  1.338610239777397E+002
    220  7.326449520860174E-005  3.440936379612124E+001
    890  7.153973988706886E-005  1.222269695705770E+002
    661  7.052538719629473E-005  1.094040232551639E+002
    413  7.030373067170753E-005  5.407796767412047E+001
    838  7.028637788546738E-005  1.178077045912047E+002
    344  7.004224781263195E-005  4.229281490750487E+001
    994  6.937679847687088E-005  1.299886393654431E+002
    591  6.920796616208510E-005  1.073970459895217E+002
    689  6.765449873648646E-005  1.108992280227757E+002
    695  6.718495185215424E-005  1.110404578737834E+002
    748  6.583613803482154E-005  1.128453459062848E+002
    741  6.551602530800287E-005  1.126383251241469E+002
    608  6.542444866704757E-005  1.080310773431174E+002
    896  6.318432205460054E-005  1.231967026860033E+002
    602  6.293402045209881E-005  1.078335831208874E+002
     25  6.278710143906854E-005  2.268285797328677E+001
    463  6.273241326052711E-005  5.840368106338346E+001
    972  6.253054274424041E-005  1.289491342298440E+002
    702  6.242354142345415E-005  1.112791472783473E+002
   1021  6.200589504093976E-005  1.308784400027895E+002
    670  6.195792489706306E-005  1.099218253642219E+002
   1057  6.122393050160587E-005  1.332882698940204E+002
    721  6.115979038882869E-005  1.121902054803930E+002
    808  6.104517177465981E-005  1.166438640424820E+002
    627  6.078921798711629E-005  1.085359599099982E+002
    396  6.038455363047417E-005  5.292259014309509E+001
    253  6.034210908539704E-005  3.690338042035397E+001
    523  6.033982475907427E-005  6.195141091349550E+001
    995  5.980142579603257E-005  1.300556822463785E+002
    927  5.970125940846541E-005  1.271118445081471E+002
    963  5.967118610192841E-005  1.284456810480366E+002
    800  5.940215169735133E-005  1.161811067685375E+002
    530  5.898161762105393E-005  6.265828803408258E+001
   1061  5.893422061702605E-005  1.338239896777959E+002
    185  5.881424463447156E-005  3.329017879350934E+001
     41  5.845135502907093E-005  2.434332602389209E+001
    868  5.798138938532616E-005  1.199994649602093E+002
    311  5.790633571235342E-005  3.939193935233331E+001
    669  5.785469100508599E-005  1.098991161820264E+002
   1068  5.766253991049980E-005  1.342139437973118E+002
    799  5.618978149967144E-005  1.161655148393659E+002
    489  5.601166146861643E-005  5.906665573291085E+001
   1004  5.572925929526924E-005  1.302828791464404E+002
    871  5.567864698775680E-005  1.204638135739833E+002
    902  5.548945449188352E-005  1.246861225619736E+002
    716  5.505095469300877E-005  1.119313653155845E+002
    755  5.500708052726843E-005  1.130537195644052E+002
    793  5.480896531973998E-005  1.158943894419280E+002
    200  5.475437969742163E-005  3.413076352937113E+001
    724  5.474744238952951E-005  1.122474317356576E+002
    988  5.448886588501915E-005  1.295230022337254E+002
    397  5.346187978470326E-005  5.292984574180642E+001
    375  5.342201095531199E-005  4.577921754207221E+001
    507  5.279373481325057E-005  6.098134465730102E+001
    790  5.274858250864859E-005  1.158127479939932E+002
    216  5.238782443476115E-005  3.431915233475488E+001
    287  5.225049699824753E-005  3.806334999222836E+001
    787  5.148991521187767E-005  1.157066821730262E+002
    366  5.110046293230755E-005  4.541480133184800E+001
    446  5.098231094164603E-005  5.657515742254393E+001
   1046  5.060141305694203E-005  1.322741703884410E+002
    514  5.032050860615690E-005  6.112143562944963E+001
    922  4.984200360640627E-005  1.267277337836395E+002
    816  4.933692425132016E-005  1.170854692244173E+002
    953  4.870242329542010E-005  1.282835790234384E+002
    804  4.869471108291255E-005  1.164307012054320E+002
     77  4.854979239065449E-005  2.720977418778346E+001
    923  4.852898531500217E-005  1.267345977181097E+002
    562  4.852824290549572E-005  1.058125905236654E+002
    744  4.837981948380381E-005  1.127340165661099E+002
    707  4.803319296040897E-005  1.116484954290111E+002
    601  4.799382780759875E-005  1.078222216339937E+002
    211  4.773695805409631E-005  3.422885497659050E+001
    524  4.699945840894908E-005  6.196836567938324E+001
    722  4.684204854196936E-005  1.121989232781130E+002
    709  4.574901269305328E-005  1.116986555393093E+002
    634  4.553719434273654E-005  1.087110579745548E+002
    770  4.490466585935804E-005  1.141655133118217E+002
    679  4.477740622924090E-005  1.106299731616480E+002
    945  4.455637681101966E-005  1.278945431870569E+002
    651  4.442294639063689E-005  1.090123807306586E+002
    435  4.373963188949649E-005  5.559833163642786E+001
    457  4.373769036671010E-005  5.770039153165104E+001
    369  4.361459526462112E-005  4.556664797594529E+001
    461  4.307493870246019E-005  5.832169084274378E+001
   1001  4.303199772578872E-005  1.301907504163165E+002
    983  4.269021133789208E-005  1.293699640118089E+002
    676  4.268218506337291E-005  1.102968009656115E+002
   1040  4.240051757857238E-005  1.318325334098182E+002
    485  4.178073408246899E-005  5.896971858223063E+001
    265  4.170061280034264E-005  3.762418150997995E+001
    687  4.129808661941726E-005  1.108477970364615E+002
    570  4.126024132713581E-005  1.064458450110351E+002
    416  4.124593381535486E-005  5.412105627361211E+001
    506  4.048194919094150E-005  6.092479484159845E+001
    333  4.042759833932232E-005  4.050570323460023E+001
    803  4.027408480044557E-005  1.163959410830473E+002
    665  4.016533745529587E-005  1.096195054263975E+002
    559  3.980357818613795E-005  1.054467335457494E+002
    815  3.961693258129726E-005  1.170844697210597E+002
    781  3.936183763038487E-005  1.155015502370288E+002
    821  3.908701015453951E-005  1.173213489801490E+002
    979  3.902097417345165E-005  1.292073280791942E+002
     15  3.881971307913821E-005  2.077312965636918E+001
    472  3.880378390685698E-005  5.860732378330380E+001
    845  3.873926732358824E-005  1.182722434309271E+002
    429  3.867497592953463E-005  5.542704693693687E+001
    934  3.844439051131147E-005  1.274026915475210E+002
    903  3.772695443726395E-005  1.249295857950171E+002
    772  3.750150058227629E-005  1.144444014986270E+002
    364  3.732647883964492E-005  4.528995878587361E+001
    768  3.723171081139830E-005  1.140511281344195E+002
    981  3.683551884484429E-005  1.292686845988868E+002
    424  3.672591965937564E-005  5.504400290817051E+001
    425  3.649700420438022E-005  5.512885982268182E+001
    350  3.645917846159081E-005  4.287084402122760E+001
    110  3.641665260921665E-005  2.890337161783228E+001
    410  3.580329280547917E-005  5.380004782230375E+001
    619  3.568568916920281E-005  1.083262496248409E+002
    918  3.552808626602258E-005  1.263810693695273E+002
    784  3.543386083656169E-005  1.156115101864969E+002
    849  3.517360692298397E-005  1.186556798515274E+002
    659  3.516296509101624E-005  1.093169473413985E+002
    657  3.492089912624070E-005  1.092680437977900E+002
    782  3.443257070406435E-005  1.155663554633046E+002
    862  3.413665793397529E-005  1.194326389788892E+002
    650  3.402083871446979E-005  1.090061273622073E+002
   1073  3.394870598486151E-005  1.355646294676644E+002
   1067  3.372116179956754E-005  1.341872351276505E+002
    761  3.345067937734999E-005  1.134019555363662E+002
    368  3.320422202345319E-005  4.552075151204606E+001
    448  3.319438114627366E-005  5.707216855561523E+001
    715  3.307035715224720E-005  1.119122168057061E+002
    802  3.283943298096266E-005  1.163074247182627E+002
    677  3.273310144928830E-005  1.104103779431708E+002
    588  3.263193258088120E-005  1.072780161282308E+002
    613  3.254624999404480E-005  1.081325074305931E+002
    754  3.244807703508340E-005  1.130532912402911E+002
    630  3.241416483360178E-005  1.086464564510315E+002
    654  3.232237203021303E-005  1.091774321289355E+002
    509  3.189480172132114E-005  6.104665142125116E+001
    915  3.180574903471777E-005  1.261627872997085E+002
    353  3.067284699517326E-005  4.354452657935016E+001
    587  3.016663253661463E-005  1.072564562863978E+002
    668  3.011406560132849E-005  1.098358517134249E+002
    769  2.993581745945712E-005  1.141494817506874E+002
    172  2.958761901501288E-005  3.254695536480502E+001
    458  2.950191510480886E-005  5.780961640938520E+001
    853  2.949029077498576E-005  1.189950762444425E+002
   1027  2.912622728926021E-005  1.311414239553258E+002
    640  2.874730459719368E-005  1.088027953187827E+002
   1074  2.853405589222639E-005  1.357832717908243E+002
    893  2.842500112305471E-005  1.225899968537864E+002
    642  2.840181994974220E-005  1.088349318990273E+002
   1006  2.830099643063151E-005  1.303473844140781E+002
   1011  2.823985473038352E-005  1.305590563134582E+002
    575  2.822267076281885E-005  1.067636975144964E+002
    118  2.807014584395663E-005  2.927665934202001E+001
   1043  2.772404043160492E-005  1.320181582363304E+002
    362  2.766551676787554E-005  4.520209191521082E+001
   1035  2.757274785727270E-005  1.315022364948826E+002
    699  2.751265891500008E-005  1.111753891148923E+002
    421  2.742025550960290E-005  5.469982084171487E+001
    395  2.736754338130231E-005  5.279005865968511E+001
    517  2.732467523580978E-005  6.116283191518230E+001
    525  2.697537318002781E-005  6.201689187624501E+001
    786  2.686638424335323E-005  1.156679892855772E+002
    316  2.683061539208085E-005  3.947722492082590E+001
    949  2.655791475382446E-005  1.280833568476082E+002
    625  2.654770477417376E-005  1.084878781680722E+002
    732  2.639962674632416E-005  1.124809932511083E+002
    600  2.606433185996162E-005  1.078192567961393E+002
    315  2.513944563545893E-005  3.946262277995078E+001
    846  2.496190948812438E-005  1.183733977129572E+002
    274  2.483685506989195E-005  3.771469066363962E+001
    685  2.476463987783598E-005  1.108208915724099E+002
    913  2.394988808971031E-005  1.260963173315474E+002
    901  2.381087736542701E-005  1.246352700151236E+002
     56  2.348097473462014E-005  2.577494999028338E+001
    556  2.333378776190656E-005  1.053074591696642E+002
     10  2.317203328338537E-005  1.630017574824609E+001
    671  2.306805487068583E-005  1.100461630260976E+002
    343  2.301466007173049E-005  4.223776350771931E+001
    648  2.296268536842342E-005  1.089328290594756E+002
   1010  2.291515311158791E-005  1.305150376372933E+002
    977  2.187607969494981E-005  1.291448023039548E+002
    285  2.175024866334062E-005  3.794670187788559E+001
    290  2.173350741731773E-005  3.834059039797889E+001
   1054  2.170194008329027E-005  1.332101619260334E+002
    728  2.167992206118836E-005  1.123911467240560E+002
    590  2.130279899569158E-005  1.073381491314167E+002
    691  2.128752214735804E-005  1.109942746792360E+002
    155  2.114959132648989E-005  3.129077640287002E+001
   1065  2.110872394706811E-005  1.340986810838602E+002
    809  2.101778836964085E-005  1.168273457040169E+002
    618  2.091469785081622E-005  1.083041655146542E+002
    660  2.079661460269343E-005  1.093929129115852E+002
    792  2.068455526364306E-005  1.158579110744502E+002
    990  2.066993370406598E-005  1.297249883032466E+002
    767  1.980969589693237E-005  1.139787538815297E+002
    586  1.978573958531011E-005  1.072414988471015E+002
    228  1.976690189448035E-005  3.465329128304563E+001
    794  1.947816267400741E-005  1.159299755047292E+002
    492  1.927586624913797E-005  5.919740097208313E+001
    738  1.926584767401178E-005  1.126248828969786E+002
    817  1.925095096994086E-005  1.171745914510001E+002
    173  1.917669205942646E-005  3.267731285541730E+001
   1028  1.899176225917771E-005  1.312419762585663E+002
    696  1.895405452050947E-005  1.111110130672436E+002
    644  1.890420372155351E-005  1.088699046594824E+002
    957  1.841418703960487E-005  1.283224605383935E+002
    706  1.791027484269542E-005  1.115644797142602E+002
   1012  1.779575426463343E-005  1.305860585800326E+002
    442  1.771172404300782E-005  5.605259237502305E+001
   1014  1.754786176523840E-005  1.306579532637773E+002
    935  1.751394265948455E-005  1.274477748704804E+002
    714  1.739603274024008E-005  1.118865310298163E+002
    711  1.734262639746356E-005  1.117833092223069E+002
    460  1.728086151358391E-005  5.821511818989060E+001
    342  1.715249489727658E-005  4.219280462450153E+001
    931  1.709159429063455E-005  1.272754104030811E+002
    852  1.688462651850843E-005  1.189308904937423E+002
    341  1.682449956547128E-005  4.207899368185591E+001
    374  1.661085894988426E-005  4.576894168844035E+001
    414  1.657977254294188E-005  5.408443269732371E+001
    284  1.649585264158766E-005  3.794002386601017E+001
    982  1.642814329434442E-005  1.293230544301462E+002
    490  1.641498456034611E-005  5.909746584665749E+001
    843  1.635752635523123E-005  1.181049125326048E+002
    607  1.627178901488465E-005  1.079782277499060E+002
    252  1.618643337700176E-005  3.681481496629917E+001
    359  1.615980403409647E-005  4.440820660542785E+001
    683  1.610945474976412E-005  1.107854094171573E+002
    826  1.598379689842980E-005  1.174535409692338E+002
    835  1.578996111034171E-005  1.176766134664512E+002
    649  1.561086536505235E-005  1.089557122086210E+002
    920  1.545461614053853E-005  1.265729199247587E+002
    764  1.524800552600395E-005  1.137269990775531E+002
    299  1.507154517499625E-005  3.861147003050849E+001
    985  1.479749157337668E-005  1.294454523269476E+002
    879  1.469647691653387E-005  1.208628531744268E+002
    939  1.459785953565811E-005  1.276788938661296E+002
    858  1.447372380313314E-005  1.193043137223610E+002
    739  1.435996009733216E-005  1.126267264275300E+002
    987  1.435884650582328E-005  1.295218650079724E+002
    917  1.429502249465296E-005  1.262583151256411E+002
    710  1.421328146720676E-005  1.117114283703663E+002
    373  1.404029649371596E-005  4.573517441489172E+001
    664  1.395063004162884E-005  1.095868237421283E+002
    227  1.393279838731786E-005  3.461221107986133E+001
    839  1.373861430864584E-005  1.178451551754228E+002
    757  1.307527813586915E-005  1.131455979007981E+002
    631  1.268411935452470E-005  1.086593678715634E+002
    321  1.258205875670718E-005  3.959878738143280E+001
    354  1.256170525178984E-005  4.358717802496741E+001
    705  1.243612039243197E-005  1.114879185885843E+002
    720  1.224644870116645E-005  1.121496181246094E+002
    763  1.222995482886107E-005  1.136578287383470E+002
    427  1.210173748861092E-005  5.530625255614972E+001
    978  1.201305093776136E-005  1.291764873003617E+002
    286  1.192976767525164E-005  3.806107114689090E+001
    951  1.182480493668221E-005  1.282127111215003E+002
   1037  1.179290578276264E-005  1.316166834102353E+002
    900  1.157926240048360E-005  1.240255399934555E+002
   1002  1.155203635583818E-005  1.301955720736593E+002
    791  1.153791366029099E-005  1.158399885308925E+002
    929  1.138049546239709E-005  1.272324166790593E+002
    428  1.132119061620956E-005  5.539697768550786E+001
    658  1.120448060174798E-005  1.092752908733605E+002
    611  1.101561148627823E-005  1.080609110523806E+002
    235  1.101207582125272E-005  3.553329683850696E+001
    933  1.089448081698406E-005  1.272967505112425E+002
    697  1.088170660001232E-005  1.111168086390436E+002
    959  1.077745765273994E-005  1.283643788123119E+002
    730  1.074757235760170E-005  1.124678820560711E+002
    758  1.072574260426067E-005  1.131945788764974E+002
   1005  1.066098798879125E-005  1.302961950162389E+002
    958  1.056501986033485E-005  1.283326337970340E+002
    986  1.042269467535001E-005  1.294778988001748E+002
   1000  1.025185831298408E-005  1.301375093272533E+002
    700  1.025029322475085E-005  1.112187707043413E+002
    905  1.021781842418087E-005  1.252963463377060E+002
    163  1.006432053898457E-005  3.148605603035891E+001
    991  9.995484599260966E-006  1.298309517843196E+002
    688  9.848432359888776E-006  1.108652117541332E+002
   1017  9.818887337664216E-006  1.307020085696559E+002
    704  9.798347984266565E-006  1.114088220449556E+002
    135  9.697580836832286E-006  2.990996926970350E+001
    204  9.313942351271000E-006  3.416741852472765E+001
    814  9.300090976972249E-006  1.170571282096026E+002
    146  9.278705903523674E-006  3.038455959742199E+001
    766  9.265558562609487E-006  1.138313497862233E+002
    662  9.172479562898593E-006  1.094304874643061E+002
    828  9.105813247132529E-006  1.175132070682912E+002
    989  9.066689131241010E-006  1.296856498562064E+002
    776  8.952920555980282E-006  1.150535509847603E+002
    408  8.820911273678655E-006  5.368647704938994E+001
   1016  8.634974169567788E-006  1.306784011483153E+002
    882  8.579897151384800E-006  1.212606419968792E+002
    961  8.541152627646986E-006  1.283826108536399E+002
    944  8.508371439839632E-006  1.278264506290159E+002
    681  8.472941941060022E-006  1.107150530846271E+002
    827  8.447845716507617E-006  1.174913134466901E+002
    825  8.331650747129072E-006  1.174155068731360E+002
   1003  8.299996650465160E-006  1.302792324598297E+002
    717  8.281017011372656E-006  1.119901298340990E+002
    847  8.184599288807959E-006  1.183795327778256E+002
    175  8.147620001550871E-006  3.282740528695558E+001
    818  7.948007122021361E-006  1.172202887178189E+002
    774  7.930479031991059E-006  1.147299018357027E+002
    637  7.921896446090027E-006  1.087708716348475E+002
     57  7.881431910362792E-006  2.601044601303876E+001
    537  7.749216474946960E-006  7.348438751630307E+001
     47  7.674057967180048E-006  2.514695584094496E+001
    878  7.419244491419357E-006  1.208553192243232E+002
    921  7.405923740185837E-006  1.266347372507485E+002
    812  7.261303240468880E-006  1.169499526914024E+002
    925  7.123441292198251E-006  1.268943605090481E+002
    788  7.103899209885832E-006  1.157595566872355E+002
    856  6.906662819950785E-006  1.192407591408727E+002
    805  6.890006482589419E-006  1.165442309434909E+002
    759  6.732096104060246E-006  1.132523759465808E+002
    581  6.600415097563363E-006  1.069166383916512E+002
    999  6.483461125833208E-006  1.301340763851820E+002
    859  6.423451575009747E-006  1.193117826572047E+002
    956  6.422960554286579E-006  1.283075816024711E+002
    615  6.178910648658402E-006  1.081646255451844E+002
    447  6.056242115258593E-006  5.692641404400948E+001
   1056  6.018138847700881E-006  1.332822863268028E+002
    971  6.005540154814747E-006  1.289111652451389E+002
    824  5.982941575189606E-006  1.173851057796732E+002
    653  5.918218648969976E-006  1.090926521840726E+002
    747  5.914790177619804E-006  1.128221651622354E+002
    936  5.855614016517616E-006  1.275963114471066E+002
    751  5.831020824399775E-006  1.129352725370382E+002
    765  5.829369770279103E-006  1.138034732037320E+002
    974  5.787244888970655E-006  1.290391941684268E+002
    606  5.651793548935328E-006  1.079754075340127E+002
    750  5.523235449192937E-006  1.128980084302201E+002
     55  5.510275683067837E-006  2.564739582447731E+001
    667  5.460089006476719E-006  1.098231148083649E+002
    834  5.423788911114663E-006  1.176651591794238E+002
    729  5.323900949913543E-006  1.124070412533170E+002
    501  5.317275839491144E-006  6.025540211442135E+001
    946  5.267268393498676E-006  1.279201366409634E+002
    860  5.219893035979660E-006  1.193608179742887E+002
    467  5.131834568366397E-006  5.850070475174659E+001
    508  5.053273752431805E-006  6.101348113010317E+001
    388  5.027824126420881E-006  4.916519389587509E+001
   1019  5.025915652557623E-006  1.307856127904329E+002
    271  5.019039221153283E-006  3.769377629908810E+001
    811  4.946176958225235E-006  1.169131613251637E+002
    943  4.778839573326952E-006  1.278255860865938E+002
    678  4.716081542286422E-006  1.105298402911861E+002
    904  4.683351666555319E-006  1.250437756508075E+002
    866  4.649572185918304E-006  1.198737679274225E+002
    345  4.607744069324756E-006  4.248475366295001E+001
    666  4.587945331087729E-006  1.096961217429448E+002
    980  4.521955700303787E-006  1.292322903638887E+002
    623  4.449009774891009E-006  1.084311616311891E+002
    136  4.282470533119271E-006  2.995197020395121E+001
   1023  4.266774781112596E-006  1.309907545973144E+002
    178  4.250062549756411E-006  3.291892583427273E+001
    941  4.165626386026253E-006  1.277239710636116E+002
    638  4.129025591796941E-006  1.087773663504995E+002
    365  4.128280817313985E-006  4.540196146988517E+001
    762  4.119342212872003E-006  1.134504722361933E+002
    240  4.065617417406071E-006  3.568815433410965E+001
    614  4.055503104104375E-006  1.081499604581023E+002
    876  4.043537508865157E-006  1.207338716680959E+002
    267  4.039148127321391E-006  3.763942844703926E+001
    993  3.833252675226551E-006  1.299638892136509E+002
    693  3.795631649890725E-006  1.110198391814811E+002
    340  3.721574945135447E-006  4.203744443197692E+001
    703  3.670923811763424E-006  1.113359924967504E+002
    779  3.642317285019526E-006  1.153237642854880E+002
    655  3.580919461560581E-006  1.092114390318620E+002
    141  3.411578130001942E-006  3.005205957969120E+001
    841  3.332192686489782E-006  1.180046875638410E+002
    914  3.238790311055871E-006  1.261343003660832E+002
    869  3.016245959340853E-006  1.201465244096069E+002
    733  2.953004734509201E-006  1.125211996768446E+002
    908  2.915291663176587E-006  1.256350992978881E+002
    371  2.850340039174234E-006  4.567834615857563E+001
    263  2.759477765390500E-006  3.756851288337069E+001
   1025  2.702082906034631E-006  1.310823101564250E+002
    723  2.683859217040019E-006  1.122249597820348E+002
    483  2.650712768637818E-006  5.892865432514233E+001
    837  2.619430310147280E-006  1.177814246314451E+002
    534  2.614540817069807E-006  6.352992396574133E+001
    452  2.600614165277001E-006  5.732416656661538E+001
    889  2.579854118772941E-006  1.221096476933091E+002
    822  2.550677416068886E-006  1.173379890193997E+002
    238  2.522569825802501E-006  3.562010162214489E+001
    962  2.458928452458005E-006  1.284190833846668E+002
     53  2.455347895653807E-006  2.532427500710937E+001
    912  2.418827456652478E-006  1.259977317017505E+002
     16  2.363482833808503E-006  2.083990463296455E+001
    159  2.319857984950424E-006  3.140014259635325E+001
    867  2.268289443637677E-006  1.199420338065019E+002
    736  2.222036717491862E-006  1.125700463249535E+002
    455  2.153237303517394E-006  5.757818593173593E+001
    356  2.140825671154024E-006  4.399929676237998E+001
    718  2.120124070879607E-006  1.120307816427976E+002
    775  2.109760464997069E-006  1.149447083106751E+002
    996  2.054706058231099E-006  1.300741546440489E+002
   1020  2.035078230163399E-006  1.308300137670077E+002
    612  2.007472919978994E-006  1.080838271474082E+002
   1059  1.900446185717348E-006  1.335352794510990E+002
   1051  1.868797329210995E-006  1.330173846663143E+002
    415  1.857058352833755E-006  5.409773008136273E+001
     54  1.835490222962146E-006  2.537118147105558E+001
    883  1.818978689411427E-006  1.212822283474710E+002
   1077  1.811179465930574E-006  6.189178021453241E+002
    312  1.784647128844735E-006  3.940338989709551E+001
    861  1.741530146154648E-006  1.193618968506130E+002
    895  1.721982818783213E-006  1.231922658586809E+002
    276  1.685348371251215E-006  3.774173651101562E+001
    734  1.650569590851225E-006  1.125227414297757E+002
    628  1.636586292495414E-006  1.085999071252231E+002
    753  1.552590492137827E-006  1.130399909728984E+002
    857  1.536541954618345E-006  1.192977858717030E+002
    262  1.533840422904412E-006  3.754826259370084E+001
    580  1.512420105704469E-006  1.069063882425304E+002
     99  1.496209159025723E-006  2.813215700322161E+001
    830  1.486773420942703E-006  1.175448785112390E+002
    785  1.476819523308790E-006  1.156515149006221E+002
    798  1.395595311095964E-006  1.161233232814441E+002
    694  1.353721510308701E-006  1.110208923005156E+002
    604  1.323612063548110E-006  1.078901483894559E+002
   1049  1.285102634463283E-006  1.325964910892840E+002
    855  1.284612026470052E-006  1.192335282432478E+002
    885  1.278764907749672E-006  1.213849358963692E+002
    969  1.247433009358639E-006  1.288232913140608E+002
    872  1.223103580427864E-006  1.204992644439996E+002
    409  1.171071807911284E-006  5.377950655266745E+001
    975  1.115256628211394E-006  1.290479361570385E+002
    863  1.099077916000343E-006  1.194780899982511E+002
    603  1.063300341922938E-006  1.078480909052838E+002
    439  1.003899821645708E-006  5.581771077364913E+001
    780  9.278270160385817E-007  1.153482258688003E+002
    874  9.047052431070985E-007  1.206463359037059E+002
    355  8.585412869127640E-007  4.365668409738398E+001
    629  8.522796816722698E-007  1.086436456014825E+002
    906  8.414035300029147E-007  1.253859334012492E+002
    726  8.240408179398354E-007  1.123280306605216E+002
    430  8.004553039603643E-007  5.544226538226409E+001
   1015  7.927726193356802E-007  1.306693309857935E+002
    740  7.747861903697289E-007  1.126281679605138E+002
    819  7.452501330346707E-007  1.172617623112352E+002
    850  7.331868545716675E-007  1.188640670964077E+002
    965  6.740557646230483E-007  1.286084743618769E+002
    840  6.668557200193993E-007  1.179674198090055E+002
    752  6.490235067379134E-007  1.129825416205730E+002
   1058  6.352834315051047E-007  1.334381531708862E+002
    124  6.230991385106774E-007  2.953039329658957E+001
    773  6.226504730680844E-007  1.146041296786391E+002
    719  6.163867727210141E-007  1.120361196403708E+002
    210  5.991841072886533E-007  3.421873300884823E+001
    491  5.499175846995189E-007  5.916484178919298E+001
    888  5.264111501043881E-007  1.215384892766490E+002
    406  5.137767321735702E-007  5.347162595814701E+001
     59  4.897894212763370E-007  2.608228483109795E+001
    806  4.839890897264085E-007  1.165904998677036E+002
    652  4.691245606639651E-007  1.090805000764319E+002
    938  4.114349214928313E-007  1.276246332177813E+002
    932  4.076472462593472E-007  1.272890793904072E+002
     87  4.014350395659349E-007  2.773505635732142E+001
    673  3.924480295784441E-007  1.101090602242966E+002
   1030  3.910144514204043E-007  1.313677884464318E+002
    499  3.866384168001895E-007  6.010190034988052E+001
    950  3.699550788358842E-007  1.281356928004739E+002
    731  3.491363997221185E-007  1.124795031346507E+002
    880  3.366693534671672E-007  1.209811659012211E+002
    789  3.335011485494951E-007  1.157939903252585E+002
    891  2.973450224754378E-007  1.222344606190913E+002
    520  2.732979010949221E-007  6.117519869664547E+001
    735  2.651058052167519E-007  1.125422257639707E+002
   1007  2.536318463910704E-007  1.303971511397991E+002
    647  2.444560663549055E-007  1.089204596390746E+002
    940  2.390930903246105E-007  1.277053477702196E+002
    870  2.316694573033446E-007  1.203621491035894E+002
    701  2.278354621814147E-007  1.112655741498095E+002
    928  2.250122144847884E-007  1.271758190169006E+002
    443  1.781708808078060E-007  5.615506371008289E+001
    692  1.586402236228649E-007  1.109991362888409E+002
    823  1.576493589538668E-007  1.173434151863991E+002
    367  1.163112991225373E-007  4.546665367422378E+001
    743  1.142680482143840E-007  1.126739704882794E+002
    851  1.136143536299540E-007  1.189105890777936E+002
    960  1.121863997960643E-007  1.283710541965592E+002
    434  1.067273344402169E-007  5.556859477681133E+001
    745  1.057905544198335E-007  1.127541380335163E+002
    712  6.714136378094634E-008  1.118479116964762E+002
     42  5.078058139462179E-008  2.442065503900721E+001
    620  4.546819916337359E-008  1.083700393844588E+002
    930  4.541553191526372E-008  1.272550109882912E+002
    833  3.700002808342192E-008  1.176450554682990E+002
    496  3.398736210974717E-008  5.977778544840232E+001
    864  3.090704993402411E-008  1.195154318953015E+002
    310  2.380576932361114E-008  3.933560718805473E+001
     80  1.793725224447161E-008  2.737665388114407E+001
    363  1.619165054451182E-008  4.523665715266514E+001
    617  1.541252781462738E-008  1.082069188907082E+002
    881  6.884876947525531E-009  1.212001054655417E+002
    264  5.913706756565740E-009  3.760740200223662E+001
    708  2.601155544744538E-009  1.116659378913442E+002
    598  8.284414565825638E-010  1.077082259858063E+002
    884  6.399268070046917E-010  1.212913619330936E+002
    497  5.468523537702390E-010  5.984833423050026E+001
    801  3.071304697910222E-010  1.162412158177078E+002
