# Number of modes
   1077
# Tabulated for different initial and final frequencies?
    F
# Mode index, Sj, (highest to lowest), omega_j
    390  5.960834773367942E-002  4.930034545373515E+001
   1045  1.947580775834746E-002  1.322246800166877E+002
    387  1.553755442287912E-002  4.845493173747810E+001
    391  1.040589043733762E-002  4.935295074539214E+001
    454  9.944707575675109E-003  5.753531790534946E+001
     65  9.405627700131878E-003  2.645533186342116E+001
   1048  7.438404607603795E-003  1.325281096806480E+002
   1047  6.672168982631816E-003  1.324683504365100E+002
   1053  6.062165443484361E-003  1.331993000158318E+002
    539  5.478342750651950E-003  1.004038214764926E+002
    436  5.182881941747127E-003  5.562240782737462E+001
    298  4.436376977798929E-003  3.860785506393049E+001
   1052  4.201334712163018E-003  1.330891459743712E+002
    537  4.024898973265816E-003  7.348438751630307E+001
    296  3.801301672900669E-003  3.847026909032138E+001
    393  3.744087602981676E-003  5.117422678475859E+001
     71  3.298337876298507E-003  2.691074291878593E+001
    547  3.237749421724378E-003  1.040413527560943E+002
    535  2.826772672146882E-003  7.234684016852472E+001
    524  2.773066359694578E-003  6.196836567938324E+001
    392  2.732584900460053E-003  4.975569880244111E+001
    458  2.603140777913141E-003  5.780961640938520E+001
    232  2.524630387002968E-003  3.530982942235851E+001
     90  2.464921391470165E-003  2.792299487571685E+001
    452  2.403507549925853E-003  5.732416656661538E+001
    580  2.347663809481190E-003  1.069063882425304E+002
   1044  2.266225293174095E-003  1.320835593454495E+002
    434  2.153546739210880E-003  5.556859477681133E+001
    182  2.106710779599346E-003  3.313118961536368E+001
    450  2.065672252014682E-003  5.723022636777802E+001
     45  1.958276865375271E-003  2.505629895200580E+001
    727  1.897411466528344E-003  1.123838421661365E+002
   1039  1.819045478623904E-003  1.317789778316224E+002
   1066  1.722310076095392E-003  1.341339055776214E+002
     26  1.548831937411283E-003  2.275577786050195E+001
    991  1.541575797985794E-003  1.298309517843196E+002
    445  1.538888110918356E-003  5.650985963977887E+001
    785  1.475712956082062E-003  1.156515149006221E+002
    294  1.445844432124184E-003  3.844005427068350E+001
    582  1.430617223495270E-003  1.069886979669129E+002
    290  1.317461485358684E-003  3.834059039797889E+001
   1058  1.312167741121931E-003  1.334381531708862E+002
     79  1.305529376843536E-003  2.728143790603452E+001
    423  1.250021609416157E-003  5.491452382822700E+001
    460  1.230137504909594E-003  5.821511818989060E+001
     14  1.195676513143433E-003  2.047451167645159E+001
    438  1.181114687610332E-003  5.568774314714533E+001
    519  1.158761300492774E-003  6.116666091909611E+001
      1  1.143631553931541E-003  1.480943860687432E+001
    716  1.114240907388757E-003  1.119313653155845E+002
    230  1.113255297512526E-003  3.507000892128892E+001
    954  1.109461789005348E-003  1.282848493157465E+002
    998  1.095316437696077E-003  1.301241144683907E+002
     35  1.087414938907445E-003  2.406163852032448E+001
    446  1.077503276025861E-003  5.657515742254393E+001
    585  1.067230972984791E-003  1.071721890576240E+002
    223  1.033853747690802E-003  3.452101188794168E+001
    505  1.028479672190385E-003  6.089365906344585E+001
     57  9.924492113401464E-004  2.601044601303876E+001
    402  9.575074421293620E-004  5.323403324336612E+001
     22  9.500845209006742E-004  2.149928230079738E+001
    926  9.376872692892954E-004  1.269935099435139E+002
     54  9.327456583927320E-004  2.537118147105558E+001
    487  9.325670306653327E-004  5.901096182276392E+001
    386  9.291101002057041E-004  4.778448827008048E+001
    164  9.184678075328614E-004  3.156123118588701E+001
    419  8.665059245884761E-004  5.447434435004674E+001
    440  8.463325744261439E-004  5.589934491235444E+001
    411  8.352647227093126E-004  5.390414096058870E+001
    132  8.295737880933224E-004  2.978147182311027E+001
    724  8.189678817177765E-004  1.122474317356576E+002
    572  8.091942893022262E-004  1.066354688575440E+002
   1064  7.998771366218292E-004  1.339182935247794E+002
      7  7.896719318593601E-004  1.598850297870253E+001
     94  7.799942464758268E-004  2.803048707399637E+001
    810  7.669954570371736E-004  1.168542717379606E+002
    550  7.455399948986385E-004  1.044255141670578E+002
    299  7.228746772081103E-004  3.861147003050849E+001
    518  7.119096485748650E-004  6.116565427175681E+001
    462  6.942377159950385E-004  5.834568949164402E+001
    778  6.923652166901576E-004  1.153062331743218E+002
    236  6.746628045918760E-004  3.558504171265294E+001
    326  6.627684246591214E-004  3.980074663620405E+001
   1074  6.584464239860604E-004  1.357832717908243E+002
    930  6.471454628139623E-004  1.272550109882912E+002
    474  6.432948416261388E-004  5.866520048333617E+001
   1029  6.346317900163754E-004  1.312589073638632E+002
    892  6.178611600175119E-004  1.223146913863671E+002
    418  5.995905225902602E-004  5.440760214654593E+001
    548  5.963361416828070E-004  1.041098140943872E+002
    477  5.901502353629566E-004  5.875439662154096E+001
    489  5.867277153380964E-004  5.906665573291085E+001
    981  5.848954008545943E-004  1.292686845988868E+002
    898  5.682056345611699E-004  1.236287338505038E+002
    566  5.652631942369136E-004  1.060197199307676E+002
    721  5.620235509492910E-004  1.121902054803930E+002
    768  5.591713559310072E-004  1.140511281344195E+002
    895  5.575718166957040E-004  1.231922658586809E+002
    222  5.556045155055588E-004  3.444665555523785E+001
    105  5.548655070760104E-004  2.872870804936272E+001
    211  5.258102114132678E-004  3.422885497659050E+001
    186  5.155944922271651E-004  3.335079910483972E+001
    308  5.113729456350839E-004  3.924824416979163E+001
   1020  5.082092037144181E-004  1.308300137670077E+002
    825  4.895601388292559E-004  1.174155068731360E+002
    593  4.892706035577029E-004  1.074633420950339E+002
   1057  4.847650823595906E-004  1.332882698940204E+002
    241  4.808525540768999E-004  3.573178726353736E+001
    426  4.802253915424865E-004  5.521112029631625E+001
     67  4.781588372118934E-004  2.663955326886673E+001
    117  4.746718131103025E-004  2.915145470361619E+001
    297  4.633729552670697E-004  3.850412000814609E+001
     17  4.595832271027543E-004  2.091913438766164E+001
   1067  4.509989427458180E-004  1.341872351276505E+002
    741  4.504702539699944E-004  1.126383251241469E+002
    795  4.498155650144546E-004  1.159446042090269E+002
    291  4.489904260748964E-004  3.834865717601958E+001
    966  4.486293823590108E-004  1.287120665380274E+002
    427  4.484694292186728E-004  5.530625255614972E+001
    570  4.465528109302693E-004  1.064458450110351E+002
    592  4.400880328529695E-004  1.074010896433819E+002
    783  4.388219767608562E-004  1.155776779712016E+002
    258  4.343004940026658E-004  3.725675246841864E+001
    306  4.274495880944307E-004  3.922583615449084E+001
     23  4.260692091180296E-004  2.160694502786773E+001
    694  4.233489066255425E-004  1.110208923005156E+002
    233  4.148954801390202E-004  3.536858076063520E+001
    816  4.145985826730171E-004  1.170854692244173E+002
    425  4.107790554209355E-004  5.512885982268182E+001
     44  4.068265621354140E-004  2.487547588775838E+001
     21  4.057140454251924E-004  2.149552581175353E+001
    319  4.049481268364225E-004  3.955367029075058E+001
    500  3.936260039721016E-004  6.016266526055261E+001
    886  3.894926650086097E-004  1.214498350996194E+002
    504  3.878912281210989E-004  6.073767201700102E+001
    733  3.856785856212507E-004  1.125211996768446E+002
      8  3.851701681836679E-004  1.603898235084092E+001
    213  3.825276556419570E-004  3.426923698719692E+001
    717  3.821364410074256E-004  1.119901298340990E+002
     16  3.698960354393919E-004  2.083990463296455E+001
    507  3.685650322439504E-004  6.098134465730102E+001
    197  3.678439086627029E-004  3.407091137263039E+001
   1038  3.633859510156498E-004  1.317153469634680E+002
    960  3.600910862603679E-004  1.283710541965592E+002
     63  3.559780835578257E-004  2.633691355837915E+001
    777  3.556241802017187E-004  1.150636811545726E+002
    119  3.524166462772564E-004  2.929038281335912E+001
    523  3.515228623097022E-004  6.195141091349550E+001
    152  3.496727189648361E-004  3.107793476288124E+001
    359  3.481499638893550E-004  4.440820660542785E+001
    442  3.455744640050633E-004  5.605259237502305E+001
    248  3.447690354502863E-004  3.617742791171408E+001
    903  3.421863639647695E-004  1.249295857950171E+002
    784  3.385547508296622E-004  1.156115101864969E+002
     38  3.248499833928529E-004  2.415274881711009E+001
    494  3.244769507925302E-004  5.959072402434833E+001
    103  3.165072498150776E-004  2.854698030319213E+001
    340  3.158160406694214E-004  4.203744443197692E+001
    797  3.151469529758062E-004  1.161224071144865E+002
     98  3.107375003776562E-004  2.810036398063808E+001
    649  3.092039333373119E-004  1.089557122086210E+002
    459  3.044588729393416E-004  5.797524108925945E+001
    466  2.993402897822579E-004  5.848631456847294E+001
    495  2.814738881975019E-004  5.971063876484735E+001
    130  2.704185449812372E-004  2.969026097336859E+001
     24  2.701757633039393E-004  2.165827626673025E+001
   1055  2.685700676118913E-004  1.332315483337306E+002
    873  2.670884188313688E-004  1.205400953636918E+002
    902  2.659994333727082E-004  1.246861225619736E+002
    725  2.654126360840680E-004  1.122622575126908E+002
    663  2.634968283778437E-004  1.095408569103236E+002
    325  2.620158190072461E-004  3.979678053884171E+001
    249  2.608041869152760E-004  3.643158917315001E+001
     80  2.608032449165502E-004  2.737665388114407E+001
    517  2.591989884787272E-004  6.116283191518230E+001
    546  2.590233668215545E-004  1.038908634804570E+002
    177  2.554915046794153E-004  3.286305119332699E+001
   1022  2.493950407220084E-004  1.309570316227355E+002
    844  2.483106282042656E-004  1.182236522024691E+002
    483  2.479550064979641E-004  5.892865432514233E+001
    333  2.479290320112006E-004  4.050570323460023E+001
     82  2.459027405050375E-004  2.744742479332049E+001
     77  2.434752739299607E-004  2.720977418778346E+001
   1070  2.394001808771307E-004  1.350535885837313E+002
    802  2.377159149851815E-004  1.163074247182627E+002
   1001  2.363163833395151E-004  1.301907504163165E+002
    964  2.362053823018323E-004  1.284811881676410E+002
    826  2.358864161394157E-004  1.174535409692338E+002
    552  2.350043447070072E-004  1.045004516183760E+002
    126  2.333973913773752E-004  2.957864372821811E+001
    568  2.316288713260177E-004  1.063884322375297E+002
    687  2.283837721063150E-004  1.108477970364615E+002
     73  2.240341516615231E-004  2.704395448663374E+001
    540  2.223632206503794E-004  1.019596674086986E+002
    422  2.223285884344406E-004  5.478392604221921E+001
    295  2.199959533843040E-004  3.844649820311862E+001
    125  2.190616790542803E-004  2.955205187993630E+001
     64  2.185978350809981E-004  2.637954322898939E+001
   1050  2.181714125448266E-004  1.326682006609648E+002
   1021  2.181388335410956E-004  1.308784400027895E+002
     97  2.145771800846849E-004  2.809615145046481E+001
     53  2.143731728997042E-004  2.532427500710937E+001
    970  2.106778119227797E-004  1.288440499253601E+002
    205  2.100392828523264E-004  3.418138862993963E+001
    870  2.097882361877792E-004  1.203621491035894E+002
    341  2.092270547528711E-004  4.207899368185591E+001
    151  2.091401058965775E-004  3.097448214004631E+001
     52  2.070582810537806E-004  2.532370304309600E+001
    503  2.013188006813745E-004  6.062899617907863E+001
   1009  2.010529515750595E-004  1.304609142394732E+002
   1032  1.995750891020458E-004  1.314270448258869E+002
    409  1.978299842869949E-004  5.377950655266745E+001
    817  1.977936999889915E-004  1.171745914510001E+002
    160  1.948562357183003E-004  3.140287364756382E+001
    188  1.944213167051763E-004  3.343297855491465E+001
    989  1.940640242765882E-004  1.296856498562064E+002
    719  1.925015086996987E-004  1.120361196403708E+002
    890  1.923413830717288E-004  1.222269695705770E+002
   1005  1.917154229346817E-004  1.302961950162389E+002
    383  1.913287491699231E-004  4.665506804468283E+001
    769  1.913093681787045E-004  1.141494817506874E+002
   1042  1.894569061349679E-004  1.319938555239870E+002
    464  1.859213289376619E-004  5.841767339850505E+001
      9  1.852041057262101E-004  1.615282072713023E+001
    905  1.841748620558202E-004  1.252963463377060E+002
    763  1.816675188511195E-004  1.136578287383470E+002
    671  1.802030879524583E-004  1.100461630260976E+002
    863  1.787456104066900E-004  1.194780899982511E+002
    929  1.787368415635882E-004  1.272324166790593E+002
    303  1.783793439745630E-004  3.891633174738261E+001
    938  1.774866539691491E-004  1.276246332177813E+002
    854  1.743428554862924E-004  1.190938927222375E+002
    430  1.736465406931326E-004  5.544226538226409E+001
    544  1.735884005430581E-004  1.037287728441322E+002
    398  1.730267682923119E-004  5.298968704937109E+001
    301  1.724902097781513E-004  3.874125966254066E+001
    217  1.685862381537011E-004  3.432077633458158E+001
    868  1.663824656633993E-004  1.199994649602093E+002
    578  1.652400594592601E-004  1.068696587706935E+002
    192  1.643682049779875E-004  3.373139183933635E+001
    575  1.640003554328799E-004  1.067636975144964E+002
    231  1.625925303431932E-004  3.529195130720404E+001
    527  1.596123338934539E-004  6.211137902133680E+001
    955  1.584938994483273E-004  1.283043098504922E+002
    114  1.579939922989162E-004  2.903390568794284E+001
    148  1.567774844884304E-004  3.055713011308698E+001
    691  1.547037132391922E-004  1.109942746792360E+002
    973  1.533737141097058E-004  1.290303348922233E+002
    551  1.503907816463451E-004  1.044758850995860E+002
     81  1.483867101793940E-004  2.737831616504717E+001
    274  1.483156769141581E-004  3.771469066363962E+001
    283  1.474912359029306E-004  3.781664732037148E+001
    700  1.447169629770727E-004  1.112187707043413E+002
    327  1.437389516535453E-004  3.980649710729982E+001
    472  1.436609456648296E-004  5.860732378330380E+001
    365  1.426979608785513E-004  4.540196146988517E+001
     18  1.420132219005976E-004  2.124694793769305E+001
    456  1.395845773387572E-004  5.758475825352298E+001
     69  1.389631540916145E-004  2.667931486079132E+001
    329  1.389354015417225E-004  3.994917835777716E+001
    245  1.375584332494435E-004  3.584895809931362E+001
    897  1.375424925823920E-004  1.233154024205701E+002
    731  1.370204501250709E-004  1.124795031346507E+002
    395  1.366336082702318E-004  5.279005865968511E+001
    554  1.346873394026436E-004  1.048978551747549E+002
    986  1.341805193899361E-004  1.294778988001748E+002
    962  1.332957149608681E-004  1.284190833846668E+002
    812  1.315988339673152E-004  1.169499526914024E+002
     83  1.314821688051911E-004  2.745200449399356E+001
   1016  1.314494709440494E-004  1.306784011483153E+002
    917  1.297383882802528E-004  1.262583151256411E+002
    475  1.296023714277427E-004  5.870955367754343E+001
    842  1.292204312678575E-004  1.180365480395604E+002
    602  1.278728803100572E-004  1.078335831208874E+002
     93  1.268667428324881E-004  2.801831476528660E+001
    525  1.267250646016356E-004  6.201689187624501E+001
    563  1.266998012549978E-004  1.058622417292547E+002
    379  1.255401836692710E-004  4.610002508350383E+001
     58  1.248300507775846E-004  2.603619761911758E+001
    681  1.235231910471650E-004  1.107150530846271E+002
   1061  1.230629805905441E-004  1.338239896777959E+002
    385  1.204643949339142E-004  4.744969147605799E+001
    287  1.186119072273158E-004  3.806334999222836E+001
    482  1.184799563553297E-004  5.890508639424976E+001
    875  1.179782995284868E-004  1.206504418490652E+002
    102  1.177478077141634E-004  2.838723287464182E+001
    712  1.167356535371900E-004  1.118479116964762E+002
     95  1.159301835241062E-004  2.806113631432304E+001
     91  1.156834028210041E-004  2.795709450840539E+001
    396  1.156534861872390E-004  5.292259014309509E+001
    549  1.134986984731664E-004  1.043755820157491E+002
   1062  1.134584147916711E-004  1.338537297016246E+002
   1036  1.129198711041488E-004  1.315563975924429E+002
    161  1.112569664431154E-004  3.141544799468193E+001
    251  1.109240680079723E-004  3.670193646720268E+001
   1071  1.084746117965108E-004  1.353191143310252E+002
     51  1.065792643542307E-004  2.527497960196780E+001
    975  1.055487489508153E-004  1.290479361570385E+002
    288  1.042707631439578E-004  3.825168870868715E+001
    877  1.035305727069020E-004  1.207635072396237E+002
    749  1.028999496374244E-004  1.128862829609149E+002
    618  1.017445627029672E-004  1.083041655146542E+002
   1006  1.013789648848953E-004  1.303473844140781E+002
    588  9.957012326666146E-005  1.072780161282308E+002
    866  9.854798589463841E-005  1.198737679274225E+002
    431  9.825810154517936E-005  5.545822575490884E+001
    355  9.718631634167889E-005  4.365668409738398E+001
    253  9.671888262910400E-005  3.690338042035397E+001
    942  9.629218207047917E-005  1.277896527703618E+002
    403  9.594085723888589E-005  5.332276567118551E+001
    803  9.421129070078020E-005  1.163959410830473E+002
     60  9.397335258669461E-005  2.612817271153773E+001
    491  9.382414874348666E-005  5.916484178919298E+001
    919  9.272169709354181E-005  1.264669767465423E+002
     76  9.267669150802210E-005  2.719040433196805E+001
    421  9.265087175762110E-005  5.469982084171487E+001
    706  9.246224755756179E-005  1.115644797142602E+002
    617  9.163850741384830E-005  1.082069188907082E+002
    381  9.149814322572288E-005  4.623753374880091E+001
    166  9.126253695870651E-005  3.197534022905977E+001
      5  9.048449122550601E-005  1.580375607842547E+001
    632  9.018397411137936E-005  1.086732063917954E+002
    280  8.962777643866407E-005  3.777070006257392E+001
    774  8.801887781206842E-005  1.147299018357027E+002
     66  8.684089172850392E-005  2.653041695388611E+001
    838  8.543074108951690E-005  1.178077045912047E+002
    180  8.487681842433634E-005  3.306959511625761E+001
    198  8.382806087830093E-005  3.410095577154824E+001
    384  8.344260251557765E-005  4.693482184770667E+001
    531  8.336628672299809E-005  6.280622541285696E+001
    154  8.316369198973364E-005  3.128025029310897E+001
    756  8.186701361466645E-005  1.131019348749128E+002
    492  8.155446566842361E-005  5.919740097208313E+001
    139  8.026436346997127E-005  3.001327528760398E+001
   1034  7.907250986036515E-005  1.314975717016592E+002
    128  7.896286428988504E-005  2.964876822252022E+001
   1060  7.815654325887629E-005  1.336329109810919E+002
    229  7.815603050384972E-005  3.477639317683153E+001
    822  7.616001512499254E-005  1.173379890193997E+002
     78  7.568666484699303E-005  2.724001953302053E+001
    145  7.563466008923737E-005  3.035386176419680E+001
    292  7.365621336179714E-005  3.837765227419467E+001
    789  7.342256952782971E-005  1.157939903252585E+002
    172  7.269182382341252E-005  3.254695536480502E+001
    836  7.264486245043616E-005  1.177792466123822E+002
    273  7.250528279934642E-005  3.771236202405859E+001
    346  7.235903891883376E-005  4.251353138364797E+001
     85  7.210387896564006E-005  2.757726243328665E+001
    480  7.029137924761178E-005  5.887142017505539E+001
     70  7.021093982376113E-005  2.683332853591699E+001
    113  6.987299250823467E-005  2.894608485543543E+001
    270  6.952384258104617E-005  3.767493462479421E+001
    832  6.914734820002261E-005  1.176150872586579E+002
    335  6.893359235269345E-005  4.064698242871874E+001
    871  6.861910244933585E-005  1.204638135739833E+002
    621  6.860977386858734E-005  1.083828600305560E+002
    512  6.847815267472887E-005  6.110465593383906E+001
    209  6.714722482884428E-005  3.420776675567321E+001
    835  6.705196260332616E-005  1.176766134664512E+002
    623  6.676198230332701E-005  1.084311616311891E+002
    865  6.666563435424403E-005  1.195233182598442E+002
    330  6.327775553845150E-005  4.000719691328421E+001
    650  6.325086698813359E-005  1.090061273622073E+002
    272  6.290334054562316E-005  3.770876893490352E+001
    737  6.248747643803891E-005  1.125716601108342E+002
    748  6.215573788343395E-005  1.128453459062848E+002
    690  6.144014510101135E-005  1.109553167085971E+002
    417  6.118465561064347E-005  5.432386496665636E+001
    118  6.008164243608194E-005  2.927665934202001E+001
    884  5.925654706477693E-005  1.212913619330936E+002
    976  5.893467565577827E-005  1.291265023483052E+002
    771  5.857303164484671E-005  1.142541813627527E+002
    332  5.804765471141308E-005  4.036182328117159E+001
    984  5.787429336702775E-005  1.293776492189174E+002
    142  5.767884115198181E-005  3.011700635419402E+001
    448  5.711735434338990E-005  5.707216855561523E+001
    389  5.603183420252606E-005  4.924612888004685E+001
    543  5.584055415633255E-005  1.026098663261161E+002
   1008  5.438277638007366E-005  1.304054287055121E+002
    698  5.377454508764674E-005  1.111543499618823E+002
    515  5.364708908433039E-005  6.113166482037749E+001
    669  5.364621682306198E-005  1.098991161820264E+002
    376  5.363184570061084E-005  4.578482274843697E+001
    210  5.338788088526555E-005  3.421873300884823E+001
    760  5.142077069965533E-005  1.133648679091437E+002
     10  5.085286970471586E-005  1.630017574824609E+001
    645  5.084959091299777E-005  1.088758352374567E+002
     11  5.065079992619814E-005  1.771447447329438E+001
    879  5.053714790007459E-005  1.208628531744268E+002
    159  5.051423214058393E-005  3.140014259635325E+001
    599  5.051025013540709E-005  1.077354408464688E+002
   1011  5.036372051982823E-005  1.305590563134582E+002
     31  5.008629362496490E-005  2.349957735236975E+001
    378  4.992427924603175E-005  4.609481655347708E+001
    916  4.965079200746010E-005  1.261858055404796E+002
    127  4.955003115094669E-005  2.958197907168710E+001
    100  4.953301617023263E-005  2.814590236831992E+001
    772  4.935219077373065E-005  1.144444014986270E+002
    793  4.927744098343211E-005  1.158943894419280E+002
    958  4.891806951253753E-005  1.283326337970340E+002
    310  4.890458312335619E-005  3.933560718805473E+001
    347  4.870189976017272E-005  4.251894246220620E+001
    140  4.853386207133509E-005  3.002380690834687E+001
     86  4.824388233492614E-005  2.760340701365068E+001
    557  4.804589470238609E-005  1.053298087456868E+002
    611  4.790791806633615E-005  1.080609110523806E+002
   1033  4.768906095073088E-005  1.314921549657209E+002
    255  4.766304312082756E-005  3.705801266502003E+001
    120  4.746305540112706E-005  2.935022978395871E+001
    738  4.718177679249813E-005  1.126248828969786E+002
    977  4.697108871226530E-005  1.291448023039548E+002
     42  4.685229691880193E-005  2.442065503900721E+001
     29  4.667919798840651E-005  2.304600720746813E+001
    437  4.657718544415368E-005  5.567668099873953E+001
   1046  4.610611791191526E-005  1.322741703884410E+002
    264  4.554246383403636E-005  3.760740200223662E+001
    536  4.548034013681700E-005  7.244369170766353E+001
    193  4.538849718944660E-005  3.387383688791338E+001
    155  4.508779852075577E-005  3.129077640287002E+001
   1014  4.414165143114852E-005  1.306579532637773E+002
    262  4.411805772447446E-005  3.754826259370084E+001
    497  4.384284522500615E-005  5.984833423050026E+001
    746  4.354686232436986E-005  1.128150956859242E+002
    661  4.230010360230170E-005  1.094040232551639E+002
    755  4.127722162685308E-005  1.130537195644052E+002
    604  4.031866672966014E-005  1.078901483894559E+002
    796  4.029493359174885E-005  1.160406419035091E+002
    405  4.012614503361437E-005  5.340951413863353E+001
    404  3.995741984013274E-005  5.332919471058649E+001
    654  3.980875893020976E-005  1.091774321289355E+002
    191  3.967742317886206E-005  3.372798248811258E+001
    972  3.901935072315564E-005  1.289491342298440E+002
    526  3.897511295564402E-005  6.205614154690332E+001
    244  3.831617086742113E-005  3.582009297825139E+001
    185  3.816408974487635E-005  3.329017879350934E+001
   1018  3.803399827923416E-005  1.307425624046459E+002
    165  3.760577149548991E-005  3.194792507678593E+001
    516  3.723880747247389E-005  6.114879167768425E+001
    380  3.723290598265509E-005  4.621788456267294E+001
    995  3.615654259678122E-005  1.300556822463785E+002
    238  3.594249576657971E-005  3.562010162214489E+001
    880  3.580428168180651E-005  1.209811659012211E+002
     41  3.522258067448910E-005  2.434332602389209E+001
    435  3.514033424412267E-005  5.559833163642786E+001
    467  3.474808192188845E-005  5.850070475174659E+001
    559  3.463741654601094E-005  1.054467335457494E+002
    195  3.429901071389870E-005  3.399004655216064E+001
    911  3.422780632890740E-005  1.258968376271585E+002
   1075  3.395118014237269E-005  1.852007864492208E+002
    673  3.344717604005092E-005  1.101090602242966E+002
    208  3.332398766178728E-005  3.420400517096608E+001
     92  3.328267123563944E-005  2.796966533379813E+001
    813  3.305123515474673E-005  1.170211975618395E+002
   1027  3.295298753245352E-005  1.311414239553258E+002
    364  3.273024647033911E-005  4.528995878587361E+001
    199  3.270265280560613E-005  3.411214171315592E+001
    630  3.251781902794824E-005  1.086464564510315E+002
    883  3.237402766860399E-005  1.212822283474710E+002
   1000  3.157252611898918E-005  1.301375093272533E+002
    275  3.063120694458572E-005  3.771871208633355E+001
    143  3.017557011317758E-005  3.021552765862468E+001
    216  3.007313180143140E-005  3.431915233475488E+001
    121  2.968956366308083E-005  2.937009161569695E+001
    135  2.955016295116643E-005  2.990996926970350E+001
    655  2.884979179070156E-005  1.092114390318620E+002
    913  2.872964405290380E-005  1.260963173315474E+002
    675  2.865092158051194E-005  1.101932688761904E+002
     72  2.830906823643798E-005  2.695844835194747E+001
    533  2.822708214820452E-005  6.344214913117692E+001
    169  2.770805661701792E-005  3.225245008090104E+001
    538  2.745604265770804E-005  8.801939400846273E+001
    144  2.726090609222503E-005  3.023024488043693E+001
    397  2.726084649871888E-005  5.292984574180642E+001
    932  2.721218291958360E-005  1.272890793904072E+002
    358  2.710083352168808E-005  4.418411045040358E+001
    853  2.708066436079221E-005  1.189950762444425E+002
    937  2.684527413885841E-005  1.275975168353670E+002
    952  2.629141768620570E-005  1.282170243378332E+002
    639  2.593763532087877E-005  1.087924757147032E+002
    659  2.579914408301708E-005  1.093169473413985E+002
    468  2.557733990511994E-005  5.850419738659161E+001
    510  2.539955294409685E-005  6.106496915014706E+001
    108  2.504820531411611E-005  2.884206820739177E+001
    348  2.482224600640655E-005  4.278252907839931E+001
      6  2.479145967137601E-005  1.593905863128156E+001
    824  2.476469456413374E-005  1.173851057796732E+002
    485  2.471210931699936E-005  5.896971858223063E+001
    522  2.464187498764160E-005  6.189501394570030E+001
    281  2.425786245040489E-005  3.778222215271058E+001
    137  2.341381679149806E-005  2.996307755422044E+001
    597  2.330768843036058E-005  1.076362394255561E+002
    545  2.296061857929297E-005  1.038885725205099E+002
    829  2.199662121020202E-005  1.175434491795728E+002
   1026  2.198301310482484E-005  1.310988308446859E+002
    473  2.173549708927057E-005  5.864875851961727E+001
    918  2.159020188632825E-005  1.263810693695273E+002
    587  2.148620027538604E-005  1.072564562863978E+002
    153  2.143360190301530E-005  3.119128674334460E+001
    689  2.088018082480373E-005  1.108992280227757E+002
    293  2.086695102569806E-005  3.840315559517953E+001
    269  2.083904873129160E-005  3.766609016559832E+001
    190  2.075578337001125E-005  3.352213579831744E+001
    433  2.018588818502478E-005  5.552394895078822E+001
    821  1.978428170563894E-005  1.173213489801490E+002
     32  1.974207123819819E-005  2.386019687247388E+001
    513  1.966202549760965E-005  6.111701004965728E+001
    710  1.948284086142490E-005  1.117114283703663E+002
     74  1.933599012214990E-005  2.706787664592100E+001
    498  1.924153970330060E-005  6.006055704270973E+001
     68  1.889881309437010E-005  2.665958995788216E+001
    847  1.889244338616497E-005  1.183795327778256E+002
    860  1.887157167118226E-005  1.193608179742887E+002
    267  1.861568321278370E-005  3.763942844703926E+001
    320  1.856043465098466E-005  3.958466091098631E+001
   1013  1.837982325193558E-005  1.306191025791559E+002
    399  1.835414049033087E-005  5.300117686152819E+001
    508  1.828524394424070E-005  6.101348113010317E+001
    344  1.804984774514315E-005  4.229281490750487E+001
    318  1.772502119766945E-005  3.952690512520030E+001
    129  1.770868716794735E-005  2.967722940199728E+001
    745  1.755098399674954E-005  1.127541380335163E+002
    111  1.714455654273139E-005  2.891758955889047E+001
   1024  1.710904547676850E-005  1.310472886139475E+002
    282  1.699528370240976E-005  3.781601762519486E+001
    316  1.687233928464830E-005  3.947722492082590E+001
    356  1.685577440018794E-005  4.399929676237998E+001
   1069  1.629778146860265E-005  1.347402109836953E+002
     99  1.608936388026005E-005  2.813215700322161E+001
    514  1.601098244526025E-005  6.112143562944963E+001
    666  1.585204335570655E-005  1.096961217429448E+002
    953  1.550089541485337E-005  1.282835790234384E+002
    184  1.532371093480526E-005  3.328145954751520E+001
    206  1.523973100461191E-005  3.418711639611698E+001
    780  1.493390115495186E-005  1.153482258688003E+002
    576  1.470735507563562E-005  1.068188420241767E+002
    174  1.463092984592009E-005  3.277024257542895E+001
    312  1.458441695267834E-005  3.940338989709551E+001
    261  1.442321634149657E-005  3.751537038816641E+001
    831  1.425368121131638E-005  1.175849164822640E+002
    369  1.412600460038940E-005  4.556664797594529E+001
    407  1.412280958802500E-005  5.355040632372296E+001
     61  1.356280810530523E-005  2.623624111749398E+001
    979  1.347156362951897E-005  1.292073280791942E+002
    401  1.345208683467792E-005  5.310952948046032E+001
    686  1.338528050972999E-005  1.108321598991433E+002
    541  1.337883517679170E-005  1.020561485810812E+002
    163  1.336172384659638E-005  3.148605603035891E+001
    351  1.313897697901454E-005  4.290814690346715E+001
     46  1.256347648789730E-005  2.508968851186969E+001
    530  1.244081688465544E-005  6.265828803408258E+001
     87  1.244009028031299E-005  2.773505635732142E+001
      4  1.234486432248070E-005  1.555889535187236E+001
   1041  1.232699176747418E-005  1.318604688563310E+002
    394  1.223517798576423E-005  5.275338077531283E+001
     12  1.218866698026518E-005  1.791855268392995E+001
    983  1.209465715723820E-005  1.293699640118089E+002
    613  1.208167162525460E-005  1.081325074305931E+002
     28  1.207640838863177E-005  2.303576073275412E+001
    307  1.179886318218662E-005  3.924418415703018E+001
    286  1.166493519345752E-005  3.806107114689090E+001
    765  1.159256175529120E-005  1.138034732037320E+002
     36  1.154541140649069E-005  2.408548968715760E+001
    134  1.151549121808179E-005  2.989081555609098E+001
    357  1.138217465588021E-005  4.413715889769129E+001
    214  1.131794893130254E-005  3.429158842681225E+001
    934  1.116514535973320E-005  1.274026915475210E+002
    331  1.087800314330295E-005  4.033978069592825E+001
    256  1.075526120487801E-005  3.708485200545782E+001
    309  1.067282214139373E-005  3.929268620446922E+001
    116  1.060810704441095E-005  2.910094471225916E+001
    626  1.032856970372907E-005  1.085197354965440E+002
    683  1.030816329013892E-005  1.107854094171573E+002
    196  1.023169217829124E-005  3.402217963204272E+001
    609  1.022264124036310E-005  1.080529774194348E+002
    221  1.002472081413353E-005  3.444064242877499E+001
      3  1.001767730677632E-005  1.530095081680193E+001
    564  1.000082741492730E-005  1.059223740174141E+002
    314  9.754129153201743E-006  3.944402428691944E+001
    239  9.629231182944738E-006  3.564788119351169E+001
    947  9.596628760357735E-006  1.280025795512814E+002
    101  9.586332226812004E-006  2.816121926613436E+001
     34  9.514135633024362E-006  2.394870774261297E+001
    808  9.440708324886410E-006  1.166438640424820E+002
    259  9.435244246501530E-006  3.731129763636223E+001
    268  9.266501571015740E-006  3.765614789507087E+001
     27  9.232029829945320E-006  2.288948685305089E+001
    428  9.210988214791026E-006  5.539697768550786E+001
    479  9.179767054674164E-006  5.886156225440574E+001
    334  8.868895911157363E-006  4.055961280242965E+001
    851  8.748964886075229E-006  1.189105890777936E+002
    521  8.708564670026715E-006  6.120499406654021E+001
    237  8.424070936680042E-006  3.561350513334219E+001
      2  8.248817239567021E-006  1.507477314615795E+001
    730  8.055198204140097E-006  1.124678820560711E+002
    896  7.873746738141817E-006  1.231967026860033E+002
    997  7.668861207737016E-006  1.300952728722026E+002
    246  7.650725672005533E-006  3.612200287477440E+001
    697  7.495428964037111E-006  1.111168086390436E+002
    349  7.494717368675085E-006  4.279212686889406E+001
    643  7.431913407398623E-006  1.088529165631816E+002
    910  7.378605403962918E-006  1.258349422363612E+002
    478  7.345055109636754E-006  5.880478287498814E+001
    457  7.274376953824799E-006  5.770039153165104E+001
    751  7.163131414144170E-006  1.129352725370382E+002
    453  7.099301820157527E-006  5.734859743017803E+001
    968  7.021028254526503E-006  1.287893908307005E+002
    400  7.013511201346891E-006  5.304406357850599E+001
    240  6.894503361048315E-006  3.568815433410965E+001
    109  6.887088479285550E-006  2.888359254004277E+001
    907  6.872093478095060E-006  1.254774984052440E+002
   1002  6.840170341586581E-006  1.301955720736593E+002
     89  6.832704881605812E-006  2.787565477396676E+001
    534  6.779941923887697E-006  6.352992396574133E+001
    988  6.684525896746237E-006  1.295230022337254E+002
    277  6.661907895149468E-006  3.774405278528796E+001
    150  6.532137181190838E-006  3.095380367517388E+001
    247  6.443606161158384E-006  3.613855018049320E+001
    183  6.310967192583396E-006  3.317747871488443E+001
    553  6.259335105819158E-006  1.045844149005738E+002
   1049  5.985007219755451E-006  1.325964910892840E+002
    317  5.921537807003640E-006  3.952108816795088E+001
    136  5.906825297716735E-006  2.995197020395121E+001
    242  5.884901968699655E-006  3.575330164903793E+001
    382  5.852155828586124E-006  4.661435463500721E+001
     49  5.703740501591404E-006  2.521926711432687E+001
    313  5.313331556434600E-006  3.941220320488696E+001
     75  5.294769905191411E-006  2.717284531466260E+001
    200  5.237778870977653E-006  3.413076352937113E+001
    224  5.168828195792288E-006  3.456258153743839E+001
    678  5.136921107203049E-006  1.105298402911861E+002
    203  5.127926472934682E-006  3.415596231316062E+001
    300  5.073406822704089E-006  3.871033423098082E+001
    555  4.973144113694400E-006  1.049505825405343E+002
    324  4.962848815645157E-006  3.965813849875591E+001
    894  4.888004681712484E-006  1.226855190700912E+002
    429  4.865094169038328E-006  5.542704693693687E+001
    201  4.859316608138645E-006  3.413905621996786E+001
    168  4.833524029387637E-006  3.223239881301075E+001
    372  4.767796465554853E-006  4.569660817760900E+001
   1031  4.727010648784098E-006  1.313824495210718E+002
    443  4.705325078276146E-006  5.615506371008289E+001
    157  4.619073971660235E-006  3.136040875348826E+001
     84  4.535410510468801E-006  2.748397341497807E+001
    807  4.480241024794750E-006  1.166040027024774E+002
     33  4.472915402272003E-006  2.387502434282544E+001
    156  4.385320969577379E-006  3.133959801814033E+001
    131  4.363930058036723E-006  2.976719894627799E+001
    162  4.283781333399656E-006  3.142013005221356E+001
    338  4.217727054668807E-006  4.143596746217444E+001
    560  4.209533331407706E-006  1.057397922085461E+002
    754  3.989333942597262E-006  1.130532912402911E+002
    455  3.939026713726153E-006  5.757818593173593E+001
    605  3.834290658795619E-006  1.079476682950407E+002
    279  3.776008338491662E-006  3.776291602598710E+001
    481  3.750807430116442E-006  5.889564718758225E+001
    176  3.671785186791066E-006  3.283702642513862E+001
    594  3.602359149907576E-006  1.075267994995216E+002
    583  3.562184781482313E-006  1.070323413352247E+002
   1003  3.551780931513397E-006  1.302792324598297E+002
   1076  3.538035867182546E-006  1.858411948136732E+002
    179  3.534174078104228E-006  3.301071504933698E+001
    336  3.505180841023315E-006  4.106442919982931E+001
    908  3.467154596560984E-006  1.256350992978881E+002
    424  3.450973076262803E-006  5.504400290817051E+001
    305  3.426543516295732E-006  3.919092577852600E+001
    173  3.392494845968944E-006  3.267731285541730E+001
    412  3.344448333549419E-006  5.399327798218789E+001
    855  3.322008306933375E-006  1.192335282432478E+002
    212  3.309412311707607E-006  3.425448747044050E+001
     62  3.307132848581630E-006  2.630569023157911E+001
    496  3.285410987509804E-006  5.977778544840232E+001
    323  3.210388252128883E-006  3.963162035223775E+001
    158  3.199474616399495E-006  3.138637587596471E+001
    787  3.163969942347647E-006  1.157066821730262E+002
    352  3.152364984523986E-006  4.345183818831803E+001
     37  3.099176143703967E-006  2.413005277682491E+001
    573  3.055922506238395E-006  1.066520968004064E+002
    667  3.030031315287083E-006  1.098231148083649E+002
   1054  2.953746637418979E-006  1.332101619260334E+002
   1051  2.917421912202244E-006  1.330173846663143E+002
    837  2.896691658827337E-006  1.177814246314451E+002
    377  2.887658846140964E-006  4.580996274485975E+001
    106  2.809237786049354E-006  2.873147041157064E+001
    138  2.757785121428029E-006  2.998810658959070E+001
    215  2.739302623342529E-006  3.430912489816387E+001
    304  2.678901807282448E-006  3.902642388250331E+001
    565  2.643310291182561E-006  1.059848591127986E+002
    610  2.615880029584059E-006  1.080548791140610E+002
    676  2.613720858469477E-006  1.102968009656115E+002
    589  2.594373478108517E-006  1.073243551551986E+002
    528  2.560893416325002E-006  6.211763689923020E+001
    948  2.544373365247046E-006  1.280530341997139E+002
    693  2.519907309180134E-006  1.110198391814811E+002
    410  2.507890403226210E-006  5.380004782230375E+001
    354  2.504278005484734E-006  4.358717802496741E+001
    843  2.469988729214992E-006  1.181049125326048E+002
    542  2.427601639583766E-006  1.021380905135569E+002
    782  2.400710501544107E-006  1.155663554633046E+002
    463  2.395620637047472E-006  5.840368106338346E+001
    511  2.366671757893865E-006  6.108291035790679E+001
    414  2.351370645734253E-006  5.408443269732371E+001
    449  2.335352191773840E-006  5.713782918039372E+001
    928  2.318018414074090E-006  1.271758190169006E+002
    484  2.251670670849171E-006  5.894622531819898E+001
    994  2.234919560785684E-006  1.299886393654431E+002
    586  2.227923696721539E-006  1.072414988471015E+002
    133  2.206419022726373E-006  2.980777525245198E+001
    374  2.164164214069047E-006  4.576894168844035E+001
    757  2.136423111525197E-006  1.131455979007981E+002
    561  2.126808062946677E-006  1.057823475786052E+002
    465  2.118608624968469E-006  5.845233409136720E+001
    488  2.060352167829479E-006  5.904214899548738E+001
    961  2.004033437248612E-006  1.283826108536399E+002
    107  2.000530872112382E-006  2.880093649968087E+001
    631  1.996699371788229E-006  1.086593678715634E+002
    260  1.981593415471000E-006  3.745846822965304E+001
    674  1.969299386215869E-006  1.101627157855635E+002
     13  1.968763315658323E-006  2.038781372204352E+001
    470  1.884111800609340E-006  5.858950887133865E+001
    762  1.869192003753020E-006  1.134504722361933E+002
    322  1.865174686568960E-006  3.962934885257222E+001
    956  1.773391827555087E-006  1.283075816024711E+002
   1012  1.757192174249161E-006  1.305860585800326E+002
    271  1.752019633161754E-006  3.769377629908810E+001
    493  1.727332891256084E-006  5.956939432616837E+001
    636  1.722917007125312E-006  1.087412284437008E+002
    250  1.697456666047343E-006  3.645071914574685E+001
    924  1.656006867923319E-006  1.267645350898773E+002
    124  1.638949920709708E-006  2.953039329658957E+001
    577  1.617371776484843E-006  1.068269012623950E+002
    170  1.615916223296918E-006  3.240864442722207E+001
    486  1.614456972350892E-006  5.898078655703418E+001
   1015  1.571392540999590E-006  1.306693309857935E+002
    921  1.560710674843888E-006  1.266347372507485E+002
    740  1.552318338286317E-006  1.126281679605138E+002
    529  1.546023325756182E-006  6.213305424318654E+001
    406  1.525683339215934E-006  5.347162595814701E+001
    622  1.525291475001028E-006  1.084041586407917E+002
    595  1.508614489642323E-006  1.075727311228692E+002
    219  1.508347634761884E-006  3.435584966495736E+001
    656  1.467851938689408E-006  1.092383325553483E+002
    265  1.460813367626358E-006  3.762418150997995E+001
    408  1.447083533096560E-006  5.368647704938994E+001
    110  1.432562727579969E-006  2.890337161783228E+001
    502  1.415466113509343E-006  6.033057478557798E+001
    104  1.412666696533573E-006  2.863475114667724E+001
     47  1.400509578671721E-006  2.514695584094496E+001
    729  1.399248183047770E-006  1.124070412533170E+002
    167  1.376588013706420E-006  3.206734480721192E+001
   1073  1.364416732462298E-006  1.355646294676644E+002
    471  1.351885782445990E-006  5.859921299406331E+001
    558  1.340507337304043E-006  1.054235904423783E+002
    189  1.313599725267732E-006  3.348575581421191E+001
    776  1.304774481066495E-006  1.150535509847603E+002
    342  1.299758293528465E-006  4.219280462450153E+001
    225  1.291171863157821E-006  3.458265676939745E+001
     96  1.289964250300198E-006  2.807603105873968E+001
    285  1.289080978402337E-006  3.794670187788559E+001
    415  1.277024599734262E-006  5.409773008136273E+001
   1017  1.273714140242199E-006  1.307020085696559E+002
     40  1.272472974286711E-006  2.429142631572386E+001
    363  1.269868431243520E-006  4.523665715266514E+001
    591  1.249849430027587E-006  1.073970459895217E+002
    739  1.238554171318918E-006  1.126267264275300E+002
    992  1.219990220656199E-006  1.299169051159237E+002
    218  1.217441696317678E-006  3.434087154455664E+001
    607  1.206309877407024E-006  1.079782277499060E+002
    734  1.204408400608145E-006  1.125227414297757E+002
    943  1.198953992642703E-006  1.278255860865938E+002
    123  1.183545367562531E-006  2.945706723223188E+001
    651  1.180809020093725E-006  1.090123807306586E+002
    574  1.180069249662617E-006  1.067089856517616E+002
    506  1.126988252422194E-006  6.092479484159845E+001
   1063  1.116097988740542E-006  1.338610239777397E+002
    112  1.106100658619183E-006  2.893182478938967E+001
    388  1.098351043167475E-006  4.916519389587509E+001
    616  1.092206908778204E-006  1.081902144651443E+002
    601  1.084994659134354E-006  1.078222216339937E+002
    672  1.075302184824501E-006  1.100523893058521E+002
    439  1.073508003574679E-006  5.581771077364913E+001
    624  1.046612022686740E-006  1.084534043855216E+002
    747  1.031303337155221E-006  1.128221651622354E+002
    501  1.025470059209202E-006  6.025540211442135E+001
     48  1.018995918757734E-006  2.521050943974308E+001
    862  1.013885645336884E-006  1.194326389788892E+002
    228  1.012989473675787E-006  3.465329128304563E+001
    723  9.865819584581059E-007  1.122249597820348E+002
    362  9.762518388586628E-007  4.520209191521082E+001
    758  9.559777606155863E-007  1.131945788764974E+002
    328  9.538126499245455E-007  3.982877398686839E+001
    490  9.464762456938528E-007  5.909746584665749E+001
   1043  9.435052939102159E-007  1.320181582363304E+002
    360  9.403566292203254E-007  4.501412031898634E+001
    444  9.386971548691021E-007  5.640873014994138E+001
    451  9.166383414737872E-007  5.726939793781466E+001
    615  9.154384521389339E-007  1.081646255451844E+002
    709  9.096707703005062E-007  1.116986555393093E+002
    637  8.907558706600844E-007  1.087708716348475E+002
    562  8.800342093563711E-007  1.058125905236654E+002
    608  8.736623436045942E-007  1.080310773431174E+002
    289  8.602733567143171E-007  3.832422991649202E+001
    685  8.596791154265253E-007  1.108208915724099E+002
    728  8.429998803879320E-007  1.123911467240560E+002
    767  8.353924248762328E-007  1.139787538815297E+002
    904  8.305234671709380E-007  1.250437756508075E+002
    571  8.043374410187713E-007  1.065760725477823E+002
    846  7.729034381664371E-007  1.183733977129572E+002
    252  7.693680797270031E-007  3.681481496629917E+001
     20  7.686678836889438E-007  2.146722812704134E+001
     43  7.619457567494730E-007  2.485090944939308E+001
    361  7.569200293402325E-007  4.509188248244521E+001
    682  7.412653680302505E-007  1.107795174367904E+002
    703  7.394747489815900E-007  1.113359924967504E+002
    343  7.392023281165062E-007  4.223776350771931E+001
   1028  7.319685329574932E-007  1.312419762585663E+002
     39  7.281613908115688E-007  2.419216907562118E+001
    579  7.268872667597452E-007  1.068810185812333E+002
    978  7.247226755703812E-007  1.291764873003617E+002
    715  7.182488683948283E-007  1.119122168057061E+002
    175  7.103935121235772E-007  3.282740528695558E+001
    147  7.098598088989433E-007  3.045498909450352E+001
    254  7.068793469374453E-007  3.696870162494890E+001
    370  7.010515075018755E-007  4.562254251008403E+001
    957  6.954987171767035E-007  1.283224605383935E+002
    820  6.635178797693955E-007  1.173160626674297E+002
    284  6.611607951922491E-007  3.794002386601017E+001
    476  6.433261126746680E-007  5.874284760292872E+001
    670  6.409431205151304E-007  1.099218253642219E+002
    234  6.303551616427013E-007  3.541632958107625E+001
    993  6.265802762470552E-007  1.299638892136509E+002
    987  6.236197600580809E-007  1.295218650079724E+002
     19  6.123468707865245E-007  2.137958735177528E+001
   1023  6.096344013100258E-007  1.309907545973144E+002
    532  6.083247854277067E-007  6.299204701993657E+001
    368  6.004223584916889E-007  4.552075151204606E+001
    194  5.993417886603095E-007  3.388123191050668E+001
    367  5.953406987657459E-007  4.546665367422378E+001
    915  5.949684029036391E-007  1.261627872997085E+002
    775  5.945474117437665E-007  1.149447083106751E+002
    569  5.817232170571714E-007  1.064024371239422E+002
    876  5.632469804679048E-007  1.207338716680959E+002
    677  5.604159435549499E-007  1.104103779431708E+002
    856  5.543169521776706E-007  1.192407591408727E+002
    935  5.468333664321218E-007  1.274477748704804E+002
    931  5.437658663351068E-007  1.272754104030811E+002
    912  5.373746416475254E-007  1.259977317017505E+002
    339  5.327937410943438E-007  4.199721405536648E+001
    181  5.286664129539433E-007  3.309588236011395E+001
    798  5.285161217390766E-007  1.161233232814441E+002
    959  5.244383522476588E-007  1.283643788123119E+002
    590  5.085746785228594E-007  1.073381491314167E+002
    920  5.055345655935435E-007  1.265729199247587E+002
    619  4.991409302983156E-007  1.083262496248409E+002
    441  4.982659767513400E-007  5.602297434426368E+001
    744  4.885773598670741E-007  1.127340165661099E+002
    707  4.837204508930116E-007  1.116484954290111E+002
    115  4.743967301906192E-007  2.908676806680809E+001
    801  4.675693171239281E-007  1.162412158177078E+002
    600  4.667154940137177E-007  1.078192567961393E+002
    226  4.637540753407530E-007  3.460914941435140E+001
    779  4.609197351489070E-007  1.153237642854880E+002
    849  4.443845114314171E-007  1.186556798515274E+002
    939  4.401040495430321E-007  1.276788938661296E+002
     50  4.398615455406410E-007  2.524792740229145E+001
    688  4.254241038640785E-007  1.108652117541332E+002
    965  4.206823583722101E-007  1.286084743618769E+002
    887  4.113494127608340E-007  1.215278324822884E+002
    732  4.034609245433212E-007  1.124809932511083E+002
    982  4.030096370658635E-007  1.293230544301462E+002
    634  3.937956316614101E-007  1.087110579745548E+002
   1059  3.928849959569553E-007  1.335352794510990E+002
    633  3.920705101206836E-007  1.086770367044967E+002
    753  3.889924186775978E-007  1.130399909728984E+002
    596  3.888075518935211E-007  1.076305596761092E+002
    794  3.881504060609533E-007  1.159299755047292E+002
    974  3.856811085809917E-007  1.290391941684268E+002
    770  3.733778668944695E-007  1.141655133118217E+002
    652  3.729996986725500E-007  1.090805000764319E+002
    235  3.666392195817812E-007  3.553329683850696E+001
    858  3.656969999073797E-007  1.193043137223610E+002
    141  3.654271424811263E-007  3.005205957969120E+001
    371  3.647468160731296E-007  4.567834615857563E+001
    584  3.562449581085340E-007  1.071415131646536E+002
    914  3.450518843139456E-007  1.261343003660832E+002
    704  3.435237809683540E-007  1.114088220449556E+002
    882  3.391414369270217E-007  1.212606419968792E+002
    786  3.390442378946321E-007  1.156679892855772E+002
    657  3.373424164877343E-007  1.092680437977900E+002
    556  3.339830760848164E-007  1.053074591696642E+002
   1010  3.334727695739052E-007  1.305150376372933E+002
    413  3.328738997434919E-007  5.407796767412047E+001
    971  3.319576491853935E-007  1.289111652451389E+002
    665  3.313768605860880E-007  1.096195054263975E+002
    940  3.306881946838315E-007  1.277053477702196E+002
    909  3.281802292725342E-007  1.256671150468244E+002
    743  3.255738492793134E-007  1.126739704882794E+002
   1065  3.221349208257123E-007  1.340986810838602E+002
    713  3.186454443326045E-007  1.118750446375970E+002
   1040  3.180299502626026E-007  1.318325334098182E+002
    752  3.098805490680438E-007  1.129825416205730E+002
    790  3.088063496958318E-007  1.158127479939932E+002
     88  3.067184509616895E-007  2.776495450944637E+001
    827  3.052943155126385E-007  1.174913134466901E+002
    809  3.031263065573289E-007  1.168273457040169E+002
    936  3.012933087541665E-007  1.275963114471066E+002
    806  2.994136632391096E-007  1.165904998677036E+002
    951  2.951752137916255E-007  1.282127111215003E+002
    345  2.878840946557282E-007  4.248475366295001E+001
    702  2.830035695637737E-007  1.112791472783473E+002
    773  2.719504449771759E-007  1.146041296786391E+002
   1077  2.713043601876259E-007  6.189178021453241E+002
    567  2.712362003454516E-007  1.061175767374582E+002
    857  2.701481978895711E-007  1.192977858717030E+002
    625  2.632769687305587E-007  1.084878781680722E+002
    726  2.629383279881085E-007  1.123280306605216E+002
    967  2.615704510848829E-007  1.287730879251822E+002
    122  2.576036997448379E-007  2.942821875092930E+001
    889  2.560404340061017E-007  1.221096476933091E+002
    945  2.422666931180719E-007  1.278945431870569E+002
    900  2.332576298299207E-007  1.240255399934555E+002
    761  2.306787483284049E-007  1.134019555363662E+002
   1068  2.270098483800493E-007  1.342139437973118E+002
    646  2.264815407991817E-007  1.089039652974663E+002
    227  2.253353166683577E-007  3.461221107986133E+001
    805  2.167823904561483E-007  1.165442309434909E+002
    750  2.128341439227043E-007  1.128980084302201E+002
    204  2.101978451172426E-007  3.416741852472765E+001
    804  2.072861724566604E-007  1.164307012054320E+002
    696  2.059071187971647E-007  1.111110130672436E+002
    720  2.041606877491981E-007  1.121496181246094E+002
   1025  1.995520529537989E-007  1.310823101564250E+002
    980  1.994316071401227E-007  1.292322903638887E+002
    815  1.965948889820716E-007  1.170844697210597E+002
    841  1.891250041881630E-007  1.180046875638410E+002
    927  1.853122688977219E-007  1.271118445081471E+002
    146  1.847010296402428E-007  3.038455959742199E+001
   1037  1.836203846983620E-007  1.316166834102353E+002
    635  1.818202332054238E-007  1.087402789130293E+002
    315  1.814088212104177E-007  3.946262277995078E+001
    207  1.809910479846460E-007  3.419271829752626E+001
     30  1.801183613790009E-007  2.339033246897357E+001
    641  1.798369851852099E-007  1.088136450829588E+002
    603  1.766453422767516E-007  1.078480909052838E+002
    923  1.742204019584574E-007  1.267345977181097E+002
    679  1.722841671480866E-007  1.106299731616480E+002
    520  1.655183068686133E-007  6.117519869664547E+001
    509  1.640017835732038E-007  6.104665142125116E+001
    891  1.634455449054405E-007  1.222344606190913E+002
    627  1.634036751133646E-007  1.085359599099982E+002
    944  1.622154719372678E-007  1.278264506290159E+002
   1056  1.556167782881666E-007  1.332822863268028E+002
    888  1.536015509880026E-007  1.215384892766490E+002
    447  1.520124863620196E-007  5.692641404400948E+001
    850  1.485713185585175E-007  1.188640670964077E+002
    999  1.468294005288841E-007  1.301340763851820E+002
    788  1.460423341855289E-007  1.157595566872355E+002
   1019  1.419385214285489E-007  1.307856127904329E+002
    759  1.386265947847526E-007  1.132523759465808E+002
    828  1.375237092379485E-007  1.175132070682912E+002
    852  1.370099535803410E-007  1.189308904937423E+002
    985  1.367780140856745E-007  1.294454523269476E+002
    420  1.340075187949257E-007  5.464265012038360E+001
    178  1.323193262527305E-007  3.291892583427273E+001
    705  1.293082837296256E-007  1.114879185885843E+002
    469  1.280434148886673E-007  5.857260373695996E+001
    867  1.252358851645830E-007  1.199420338065019E+002
    839  1.249408128886486E-007  1.178451551754228E+002
    901  1.222238209429810E-007  1.246352700151236E+002
    941  1.152692704943616E-007  1.277239710636116E+002
    922  1.131585684140638E-007  1.267277337836395E+002
     55  1.121817930125380E-007  2.564739582447731E+001
    638  1.079050780268348E-007  1.087773663504995E+002
    864  1.050830572222168E-007  1.195154318953015E+002
    695  1.030889174292948E-007  1.110404578737834E+002
    818  1.027366029890488E-007  1.172202887178189E+002
    684  9.977919233857950E-008  1.108055531440044E+002
    893  9.866514933239478E-008  1.225899968537864E+002
    996  9.720941495240600E-008  1.300741546440489E+002
    699  8.947791858783927E-008  1.111753891148923E+002
    833  8.752931116277056E-008  1.176450554682990E+002
    606  8.375208529827259E-008  1.079754075340127E+002
    814  8.112367804162703E-008  1.170571282096026E+002
   1030  8.083377393294319E-008  1.313677884464318E+002
   1007  7.734217395208754E-008  1.303971511397991E+002
    321  7.525748316009747E-008  3.959878738143280E+001
   1004  7.318616021570570E-008  1.302828791464404E+002
    736  7.046060196749867E-008  1.125700463249535E+002
    872  6.749611293448871E-008  1.204992644439996E+002
    668  6.699264130981599E-008  1.098358517134249E+002
     59  6.484690077274462E-008  2.608228483109795E+001
    612  6.405010692408471E-008  1.080838271474082E+002
    257  6.367163765326779E-008  3.716053985696894E+001
    202  6.219296176468219E-008  3.414693728338715E+001
    840  5.995676870988082E-008  1.179674198090055E+002
    648  5.786644755344829E-008  1.089328290594756E+002
    644  5.731848384007266E-008  1.088699046594824E+002
    714  5.530676932400068E-008  1.118865310298163E+002
    353  5.446716776439478E-008  4.354452657935016E+001
    662  5.398366321571887E-008  1.094304874643061E+002
   1035  5.025739540921094E-008  1.315022364948826E+002
    711  4.942510987788862E-008  1.117833092223069E+002
    243  4.938208354352463E-008  3.580427376176280E+001
    664  4.777601318599307E-008  1.095868237421283E+002
    742  4.553045421202862E-008  1.126546326383816E+002
    933  4.175031916814180E-008  1.272967505112425E+002
    963  4.073842498781330E-008  1.284456810480366E+002
    848  3.980096613244160E-008  1.185512117490796E+002
    764  3.824555280315630E-008  1.137269990775531E+002
     25  3.813138209065497E-008  2.268285797328677E+001
    350  3.580899882479359E-008  4.287084402122760E+001
    766  3.506567346456463E-008  1.138313497862233E+002
    432  3.494996490643502E-008  5.551253331854516E+001
    791  3.398025251257173E-008  1.158399885308925E+002
    642  3.268735763099153E-008  1.088349318990273E+002
    819  3.268725452960032E-008  1.172617623112352E+002
    628  3.210498370206794E-008  1.085999071252231E+002
    187  3.107300160295205E-008  3.338593491458187E+001
    311  3.061296240288849E-008  3.939193935233331E+001
    949  2.906495345431918E-008  1.280833568476082E+002
    792  2.834390732182018E-008  1.158579110744502E+002
    373  2.804434454471725E-008  4.573517441489172E+001
    266  2.780353892552040E-008  3.763404507858488E+001
    925  2.744379312982462E-008  1.268943605090481E+002
     56  2.527158475998130E-008  2.577494999028338E+001
    692  2.502824439926697E-008  1.109991362888409E+002
    263  2.466389799041225E-008  3.756851288337069E+001
    969  2.459333029218677E-008  1.288232913140608E+002
    171  2.115835094011376E-008  3.251692712246987E+001
    990  1.970104965002254E-008  1.297249883032466E+002
    845  1.955441825610643E-008  1.182722434309271E+002
    885  1.943838031025509E-008  1.213849358963692E+002
    660  1.907755933251602E-008  1.093929129115852E+002
   1072  1.880636896023529E-008  1.354275255218108E+002
    701  1.826714736888583E-008  1.112655741498095E+002
    735  1.793865092097331E-008  1.125422257639707E+002
    823  1.620113521815051E-008  1.173434151863991E+002
    799  1.536845280717199E-008  1.161655148393659E+002
    830  1.359443024386270E-008  1.175448785112390E+002
    653  1.213115953339526E-008  1.090926521840726E+002
    722  1.155504901281243E-008  1.121989232781130E+002
    629  1.119928028753334E-008  1.086436456014825E+002
    859  1.025371617468794E-008  1.193117826572047E+002
     15  9.857290015025241E-009  2.077312965636918E+001
    375  9.056258547641105E-009  4.577921754207221E+001
    658  6.908527737344887E-009  1.092752908733605E+002
    598  6.897642005814960E-009  1.077082259858063E+002
    278  6.597765514463914E-009  3.775225448216675E+001
    811  5.331271508046440E-009  1.169131613251637E+002
    899  5.236962970873671E-009  1.237750393258326E+002
    881  5.091072537668068E-009  1.212001054655417E+002
    834  5.014759616811163E-009  1.176651591794238E+002
    461  4.948536530184820E-009  5.832169084274378E+001
    337  3.734304924883079E-009  4.125439580477820E+001
    680  3.314979275599035E-009  1.106808485277705E+002
    869  3.080154383818674E-009  1.201465244096069E+002
    878  3.060753534811303E-009  1.208553192243232E+002
    620  2.227421152929629E-009  1.083700393844588E+002
    946  1.921425817534569E-009  1.279201366409634E+002
    302  1.877112569739806E-009  3.874867387838012E+001
    276  1.779492751791117E-009  3.774173651101562E+001
    416  1.739324790699555E-009  5.412105627361211E+001
    581  1.728487037267916E-009  1.069166383916512E+002
    149  1.559999878697812E-009  3.064428879965062E+001
    718  1.247792879224574E-009  1.120307816427976E+002
    614  1.084787156309527E-009  1.081499604581023E+002
    874  1.060908756453551E-009  1.206463359037059E+002
    950  6.126000304421512E-010  1.281356928004739E+002
    708  5.433784563733333E-010  1.116659378913442E+002
    906  3.415165757042897E-010  1.253859334012492E+002
    499  3.386724900144228E-010  6.010190034988052E+001
    861  3.076965750148918E-010  1.193618968506130E+002
    800  2.488461431676343E-010  1.161811067685375E+002
    781  1.332415855718882E-010  1.155015502370288E+002
    366  1.327541788391298E-010  4.541480133184800E+001
    220  1.302319717734747E-010  3.440936379612124E+001
    640  1.044329530375040E-010  1.088027953187827E+002
    647  4.368719409487631E-011  1.089204596390746E+002
