# Number of modes
   1077
# Tabulated for different initial and final frequencies?
    F
# Mode index, Sj, (highest to lowest), omega_j
    547  1.021743852920992E-001  1.040413527560943E+002
    418  4.584592059756982E-002  5.440760214654593E+001
    300  2.971155921883918E-002  3.871033423098082E+001
    419  2.685020318196971E-002  5.447434435004674E+001
      7  2.556511810958219E-002  1.598850297870253E+001
    390  2.239235280701805E-002  4.930034545373515E+001
    566  1.708308002346680E-002  1.060197199307676E+002
     23  1.356636377422596E-002  2.160694502786773E+001
      8  1.281529581287057E-002  1.603898235084092E+001
    392  1.235993185013866E-002  4.975569880244111E+001
     24  1.199757642764364E-002  2.165827626673025E+001
     38  1.195482482887147E-002  2.415274881711009E+001
    301  9.645014903992903E-003  3.874125966254066E+001
    552  8.051624073526293E-003  1.045004516183760E+002
    546  7.856385873983351E-003  1.038908634804570E+002
   1050  7.751780177107403E-003  1.326682006609648E+002
    384  7.076001765240180E-003  4.693482184770667E+001
    114  6.717908936904011E-003  2.903390568794284E+001
    387  6.394133264945635E-003  4.845493173747810E+001
   1053  5.886074360107288E-003  1.331993000158318E+002
    544  5.533980114899618E-003  1.037287728441322E+002
     65  5.530847153123473E-003  2.645533186342116E+001
     64  5.280026285446610E-003  2.637954322898939E+001
    479  4.615147869307321E-003  5.886156225440574E+001
    539  4.435863748424413E-003  1.004038214764926E+002
    298  4.419995268309991E-003  3.860785506393049E+001
    551  4.284320276044817E-003  1.044758850995860E+002
     58  4.126953431494532E-003  2.603619761911758E+001
    549  4.018027559241875E-003  1.043755820157491E+002
    554  3.959957685288784E-003  1.048978551747549E+002
   1045  3.935695995002554E-003  1.322246800166877E+002
     18  3.717291131631112E-003  2.124694793769305E+001
    436  3.652351120762305E-003  5.562240782737462E+001
      9  3.605163870726012E-003  1.615282072713023E+001
      5  3.157406847326714E-003  1.580375607842547E+001
    415  3.084714084426278E-003  5.409773008136273E+001
    563  2.798548826510362E-003  1.058622417292547E+002
     71  2.671641590209159E-003  2.691074291878593E+001
     31  2.628793313165598E-003  2.349957735236975E+001
   1039  2.444862874083500E-003  1.317789778316224E+002
     16  2.274650000149032E-003  2.083990463296455E+001
     70  2.111935860075993E-003  2.683332853591699E+001
   1047  2.107004252019006E-003  1.324683504365100E+002
   1060  2.093082017298602E-003  1.336329109810919E+002
    485  2.051448358762996E-003  5.896971858223063E+001
   1057  2.016121355859605E-003  1.332882698940204E+002
    219  2.011741849471618E-003  3.435584966495736E+001
     85  1.964412435801175E-003  2.757726243328665E+001
    379  1.856501211217426E-003  4.610002508350383E+001
    330  1.833782115454538E-003  4.000719691328421E+001
    572  1.823933704353861E-003  1.066354688575440E+002
    474  1.799518064477286E-003  5.866520048333617E+001
    423  1.777943398700467E-003  5.491452382822700E+001
    229  1.665918616368961E-003  3.477639317683153E+001
   1048  1.616812024608019E-003  1.325281096806480E+002
     17  1.614917011510211E-003  2.091913438766164E+001
    347  1.570160693455176E-003  4.251894246220620E+001
    132  1.524696334187263E-003  2.978147182311027E+001
    142  1.500833890697491E-003  3.011700635419402E+001
    226  1.426486496330688E-003  3.460914941435140E+001
    297  1.419979643970416E-003  3.850412000814609E+001
    215  1.415975476515363E-003  3.430912489816387E+001
    445  1.394731142669808E-003  5.650985963977887E+001
    302  1.383426039181444E-003  3.874867387838012E+001
     67  1.328872730110036E-003  2.663955326886673E+001
     69  1.321769325717146E-003  2.667931486079132E+001
     97  1.301637185979487E-003  2.809615145046481E+001
    255  1.276176199922267E-003  3.705801266502003E+001
   1041  1.243258068965584E-003  1.318604688563310E+002
      4  1.207267845049028E-003  1.555889535187236E+001
   1072  1.205538959324109E-003  1.354275255218108E+002
    199  1.178271111456868E-003  3.411214171315592E+001
    207  1.135396764346072E-003  3.419271829752626E+001
    421  1.103253742843446E-003  5.469982084171487E+001
   1066  1.092413765604588E-003  1.341339055776214E+002
     95  1.069047425657895E-003  2.806113631432304E+001
    319  1.064753284672583E-003  3.955367029075058E+001
     40  1.063064355729998E-003  2.429142631572386E+001
   1075  1.061662288102269E-003  1.852007864492208E+002
    585  1.030826949046133E-003  1.071721890576240E+002
     86  1.025855575417623E-003  2.760340701365068E+001
    143  1.017155702483090E-003  3.021552765862468E+001
    295  1.003665421667776E-003  3.844649820311862E+001
     26  9.904786855020461E-004  2.275577786050195E+001
     21  9.853334482897845E-004  2.149552581175353E+001
    453  9.775102484321522E-004  5.734859743017803E+001
    115  9.717979531749522E-004  2.908676806680809E+001
    326  9.390632045987972E-004  3.980074663620405E+001
    403  9.386308756237210E-004  5.332276567118551E+001
   1074  9.297968310761617E-004  1.357832717908243E+002
    161  9.043815958322362E-004  3.141544799468193E+001
     66  9.038295416979855E-004  2.653041695388611E+001
    536  9.021932790366817E-004  7.244369170766353E+001
      1  8.949021856837199E-004  1.480943860687432E+001
     10  8.776723564622354E-004  1.630017574824609E+001
   1062  8.621110558470307E-004  1.338537297016246E+002
    452  8.281630523109144E-004  5.732416656661538E+001
    909  8.270229035887283E-004  1.256671150468244E+002
    434  8.249329400038850E-004  5.556859477681133E+001
   1038  8.104160846082900E-004  1.317153469634680E+002
    998  8.071558801506202E-004  1.301241144683907E+002
    335  8.058972928354773E-004  4.064698242871874E+001
    249  8.027925711352198E-004  3.643158917315001E+001
    102  8.005638214319899E-004  2.838723287464182E+001
     54  7.980166922327153E-004  2.537118147105558E+001
    348  7.888455250594783E-004  4.278252907839931E+001
   1044  7.880014457126778E-004  1.320835593454495E+002
    575  7.875214498011270E-004  1.067636975144964E+002
    329  7.696413989948623E-004  3.994917835777716E+001
    153  7.688973729402150E-004  3.119128674334460E+001
    593  7.400802654610993E-004  1.074633420950339E+002
    152  7.377728853961307E-004  3.107793476288124E+001
     89  7.272315694553538E-004  2.787565477396676E+001
    111  7.248119931530885E-004  2.891758955889047E+001
    308  7.222617217522117E-004  3.924824416979163E+001
    992  7.088557823603925E-004  1.299169051159237E+002
     57  7.078919668228631E-004  2.601044601303876E+001
    221  7.008717552650538E-004  3.444064242877499E+001
     36  6.865871448730373E-004  2.408548968715760E+001
     20  6.859396190366966E-004  2.146722812704134E+001
    568  6.767180269362018E-004  1.063884322375297E+002
    383  6.535380079584333E-004  4.665506804468283E+001
    578  6.474064748506413E-004  1.068696587706935E+002
    385  6.299310204674700E-004  4.744969147605799E+001
     74  6.279351591270701E-004  2.706787664592100E+001
    386  5.952990889713825E-004  4.778448827008048E+001
    492  5.902947028505235E-004  5.919740097208313E+001
     92  5.865012683591432E-004  2.796966533379813E+001
    212  5.812295078930339E-004  3.425448747044050E+001
     46  5.795559599568366E-004  2.508968851186969E+001
    105  5.787974617921276E-004  2.872870804936272E+001
    183  5.757087882550811E-004  3.317747871488443E+001
     27  5.709898761333060E-004  2.288948685305089E+001
    272  5.705794187426801E-004  3.770876893490352E+001
    198  5.701257554351711E-004  3.410095577154824E+001
    163  5.626041263554095E-004  3.148605603035891E+001
    154  5.624285939419862E-004  3.128025029310897E+001
     12  5.446245955501756E-004  1.791855268392995E+001
    576  5.422711345735074E-004  1.068188420241767E+002
    184  5.396131105101198E-004  3.328145954751520E+001
    433  5.231792968245583E-004  5.552394895078822E+001
    121  5.190287942273676E-004  2.937009161569695E+001
    158  5.154903875787469E-004  3.138637587596471E+001
     11  5.107726446563297E-004  1.771447447329438E+001
    155  5.102354413089543E-004  3.129077640287002E+001
     29  5.098174048002249E-004  2.304600720746813E+001
    320  5.078935946398056E-004  3.958466091098631E+001
    233  5.076855390446351E-004  3.536858076063520E+001
    456  5.028894084741468E-004  5.758475825352298E+001
    413  4.929727757514561E-004  5.407796767412047E+001
    202  4.823115322911602E-004  3.414693728338715E+001
    431  4.763381494823920E-004  5.545822575490884E+001
     91  4.704184168938861E-004  2.795709450840539E+001
     82  4.676562825257457E-004  2.744742479332049E+001
      3  4.669772452359303E-004  1.530095081680193E+001
   1042  4.667757715560375E-004  1.319938555239870E+002
    106  4.598115177679929E-004  2.873147041157064E+001
    322  4.590312035352933E-004  3.962934885257222E+001
    582  4.576256081996769E-004  1.069886979669129E+002
     76  4.508323501747784E-004  2.719040433196805E+001
    131  4.477075801676268E-004  2.976719894627799E+001
    270  4.463942968673443E-004  3.767493462479421E+001
    156  4.453423011879734E-004  3.133959801814033E+001
    897  4.275828084697660E-004  1.233154024205701E+002
    244  4.251953710351414E-004  3.582009297825139E+001
    311  4.238088435508133E-004  3.939193935233331E+001
    112  4.145964489910530E-004  2.893182478938967E+001
    518  4.113639738557590E-004  6.116565427175681E+001
    405  4.050506458479556E-004  5.340951413863353E+001
    282  4.043239085529088E-004  3.781601762519486E+001
    241  4.039150903918212E-004  3.573178726353736E+001
    133  4.000521416411036E-004  2.980777525245198E+001
    101  4.000421896022162E-004  2.816121926613436E+001
    489  3.965297377338415E-004  5.906665573291085E+001
    239  3.955724612584010E-004  3.564788119351169E+001
     51  3.944993475912809E-004  2.527497960196780E+001
    217  3.932693422406477E-004  3.432077633458158E+001
    167  3.902733193420044E-004  3.206734480721192E+001
    318  3.902681373525307E-004  3.952690512520030E+001
    557  3.883164333357886E-004  1.053298087456868E+002
    331  3.843127332267146E-004  4.033978069592825E+001
    136  3.834138730647414E-004  2.995197020395121E+001
    778  3.824223615011015E-004  1.153062331743218E+002
    464  3.808796491805717E-004  5.841767339850505E+001
    103  3.738474469571766E-004  2.854698030319213E+001
    352  3.720240467415472E-004  4.345183818831803E+001
    205  3.714843028113762E-004  3.418138862993963E+001
    467  3.687274880602483E-004  5.850070475174659E+001
     30  3.650623368042145E-004  2.339033246897357E+001
    185  3.584120834455690E-004  3.329017879350934E+001
   1055  3.573328184390329E-004  1.332315483337306E+002
     14  3.570767045652391E-004  2.047451167645159E+001
    246  3.531608536403064E-004  3.612200287477440E+001
    401  3.513375005985569E-004  5.310952948046032E+001
    164  3.511791190747575E-004  3.156123118588701E+001
    820  3.488446059519066E-004  1.173160626674297E+002
    168  3.485708279310445E-004  3.223239881301075E+001
    196  3.465956818682767E-004  3.402217963204272E+001
    570  3.446415832326294E-004  1.064458450110351E+002
     62  3.404589170974140E-004  2.630569023157911E+001
     43  3.331118807016273E-004  2.485090944939308E+001
    724  3.316940193225062E-004  1.122474317356576E+002
     77  3.304865071257511E-004  2.720977418778346E+001
    425  3.293493028729292E-004  5.512885982268182E+001
    138  3.261713488756542E-004  2.998810658959070E+001
    109  3.201645614237928E-004  2.888359254004277E+001
    613  3.180206322561228E-004  1.081325074305931E+002
    480  3.178150666649674E-004  5.887142017505539E+001
    475  3.130158612272600E-004  5.870955367754343E+001
     61  3.097865034494184E-004  2.623624111749398E+001
     32  3.071539991070345E-004  2.386019687247388E+001
    218  3.065814057606784E-004  3.434087154455664E+001
    116  3.038346035147906E-004  2.910094471225916E+001
    100  3.024438170523830E-004  2.814590236831992E+001
    214  3.020531513635157E-004  3.429158842681225E+001
    299  3.005735351228379E-004  3.861147003050849E+001
    416  2.995289619950783E-004  5.412105627361211E+001
    266  2.990578347195325E-004  3.763404507858488E+001
    149  2.981416230172342E-004  3.064428879965062E+001
    481  2.969417831199147E-004  5.889564718758225E+001
    108  2.968163290785097E-004  2.884206820739177E+001
    530  2.949168641497613E-004  6.265828803408258E+001
    771  2.938267796714450E-004  1.142541813627527E+002
    343  2.930734476811574E-004  4.223776350771931E+001
    592  2.922588511549538E-004  1.074010896433819E+002
    694  2.850850530344955E-004  1.110208923005156E+002
    548  2.831451194139175E-004  1.041098140943872E+002
    462  2.827463921514210E-004  5.834568949164402E+001
    338  2.815792341694765E-004  4.143596746217444E+001
    325  2.806648634310381E-004  3.979678053884171E+001
    553  2.802439891419598E-004  1.045844149005738E+002
     81  2.797560356601196E-004  2.737831616504717E+001
    659  2.775556685467992E-004  1.093169473413985E+002
    376  2.756370028250691E-004  4.578482274843697E+001
    374  2.732454926235051E-004  4.576894168844035E+001
    375  2.732151814861974E-004  4.577921754207221E+001
    237  2.675611351941245E-004  3.561350513334219E+001
     33  2.672693125438541E-004  2.387502434282544E+001
    602  2.660754501243122E-004  1.078335831208874E+002
    191  2.545597802020181E-004  3.372798248811258E+001
    555  2.541951150619101E-004  1.049505825405343E+002
    427  2.528327396150919E-004  5.530625255614972E+001
    690  2.475686312031143E-004  1.109553167085971E+002
    785  2.437448339981778E-004  1.156515149006221E+002
    587  2.391259693016224E-004  1.072564562863978E+002
    324  2.371116484777694E-004  3.965813849875591E+001
    532  2.364646176208769E-004  6.299204701993657E+001
    519  2.305762328660096E-004  6.116666091909611E+001
     94  2.303205970460089E-004  2.803048707399637E+001
    919  2.301353308020614E-004  1.264669767465423E+002
    725  2.297394216031169E-004  1.122622575126908E+002
    170  2.292939660628587E-004  3.240864442722207E+001
    658  2.290139167588558E-004  1.092752908733605E+002
    967  2.262856488770086E-004  1.287730879251822E+002
    422  2.261627754481950E-004  5.478392604221921E+001
    560  2.253795772536159E-004  1.057397922085461E+002
    564  2.249120032824194E-004  1.059223740174141E+002
    666  2.233621501216856E-004  1.096961217429448E+002
    742  2.188416340808756E-004  1.126546326383816E+002
     34  2.176574800752559E-004  2.394870774261297E+001
    784  2.120176508516550E-004  1.156115101864969E+002
    512  2.075657600035843E-004  6.110465593383906E+001
    275  2.073432500300883E-004  3.771871208633355E+001
    280  2.070883752165256E-004  3.777070006257392E+001
    691  2.070606201226949E-004  1.109942746792360E+002
     45  2.069004441363086E-004  2.505629895200580E+001
     98  2.061056722900335E-004  2.810036398063808E+001
      6  2.033937526263595E-004  1.593905863128156E+001
     42  2.022657046232668E-004  2.442065503900721E+001
     75  2.011378275148025E-004  2.717284531466260E+001
    119  2.010142826474660E-004  2.929038281335912E+001
    208  2.008149107030852E-004  3.420400517096608E+001
    417  1.995190062261786E-004  5.432386496665636E+001
    802  1.993409128529567E-004  1.163074247182627E+002
    745  1.990835393091611E-004  1.127541380335163E+002
    746  1.965437826042890E-004  1.128150956859242E+002
    831  1.952021607727551E-004  1.175849164822640E+002
    304  1.947956355461089E-004  3.902642388250331E+001
     13  1.922156876711373E-004  2.038781372204352E+001
    970  1.909437827534067E-004  1.288440499253601E+002
     52  1.908222170252636E-004  2.532370304309600E+001
    472  1.896201473425856E-004  5.860732378330380E+001
    122  1.879629906091846E-004  2.942821875092930E+001
    621  1.871023490079229E-004  1.083828600305560E+002
    141  1.865394029320283E-004  3.005205957969120E+001
    907  1.831973056572243E-004  1.254774984052440E+002
    312  1.831299736242303E-004  3.940338989709551E+001
    104  1.830432803254994E-004  2.863475114667724E+001
    126  1.829662045937458E-004  2.957864372821811E+001
    414  1.829470184687767E-004  5.408443269732371E+001
    797  1.827529923840352E-004  1.161224071144865E+002
    411  1.824446368452878E-004  5.390414096058870E+001
    686  1.823962707617847E-004  1.108321598991433E+002
    561  1.823897781233058E-004  1.057823475786052E+002
    389  1.816404907529336E-004  4.924612888004685E+001
    285  1.794934823073096E-004  3.794670187788559E+001
    134  1.785078484917439E-004  2.989081555609098E+001
    468  1.743592086410234E-004  5.850419738659161E+001
    258  1.741132473948908E-004  3.725675246841864E+001
    449  1.737680856505781E-004  5.713782918039372E+001
    448  1.737434446665030E-004  5.707216855561523E+001
    247  1.734939421714551E-004  3.613855018049320E+001
    382  1.717211769835772E-004  4.661435463500721E+001
    991  1.709616576867941E-004  1.298309517843196E+002
    604  1.698908323771593E-004  1.078901483894559E+002
    493  1.688531410958532E-004  5.956939432616837E+001
    446  1.686052493264435E-004  5.657515742254393E+001
    353  1.675940292376584E-004  4.354452657935016E+001
    402  1.665004355788269E-004  5.323403324336612E+001
     35  1.643865546685859E-004  2.406163852032448E+001
     72  1.610683920499494E-004  2.695844835194747E+001
    187  1.605930601440822E-004  3.338593491458187E+001
    926  1.603474060168581E-004  1.269935099435139E+002
    201  1.601320618549175E-004  3.413905621996786E+001
    336  1.599703245196884E-004  4.106442919982931E+001
    645  1.595481560176745E-004  1.088758352374567E+002
    262  1.572076975173113E-004  3.754826259370084E+001
    774  1.557774766550438E-004  1.147299018357027E+002
    528  1.554684905037028E-004  6.211763689923020E+001
    372  1.547273465933410E-004  4.569660817760900E+001
    306  1.531938140616380E-004  3.922583615449084E+001
    812  1.528515648494430E-004  1.169499526914024E+002
    458  1.499554044140775E-004  5.780961640938520E+001
    117  1.491188963909946E-004  2.915145470361619E+001
    772  1.490326160441674E-004  1.144444014986270E+002
   1034  1.468039561875763E-004  1.314975717016592E+002
    291  1.463895284905465E-004  3.834865717601958E+001
    454  1.451664992242546E-004  5.753531790534946E+001
    334  1.451195932353847E-004  4.055961280242965E+001
    210  1.442349875897505E-004  3.421873300884823E+001
    245  1.423509193478616E-004  3.584895809931362E+001
    174  1.422069238035249E-004  3.277024257542895E+001
    507  1.419293897218438E-004  6.098134465730102E+001
   1005  1.416885613174238E-004  1.302961950162389E+002
    118  1.415115734684323E-004  2.927665934202001E+001
    484  1.408713822494858E-004  5.894622531819898E+001
    567  1.406619842353689E-004  1.061175767374582E+002
    169  1.403411873496931E-004  3.225245008090104E+001
    305  1.403251328661642E-004  3.919092577852600E+001
     68  1.396132433532168E-004  2.665958995788216E+001
    393  1.391973340223747E-004  5.117422678475859E+001
    278  1.382036360093964E-004  3.775225448216675E+001
    894  1.378207364060594E-004  1.226855190700912E+002
    730  1.366063339416859E-004  1.124678820560711E+002
    380  1.348240406341561E-004  4.621788456267294E+001
   1001  1.336428412103194E-004  1.301907504163165E+002
    357  1.325862515870017E-004  4.413715889769129E+001
    261  1.323484029504487E-004  3.751537038816641E+001
    822  1.307202833339687E-004  1.173379890193997E+002
     88  1.295882652017175E-004  2.776495450944637E+001
    543  1.289194878981047E-004  1.026098663261161E+002
    430  1.286699001806563E-004  5.544226538226409E+001
    565  1.286373442139168E-004  1.059848591127986E+002
    902  1.276459182641084E-004  1.246861225619736E+002
    394  1.259564832430034E-004  5.275338077531283E+001
   1018  1.258406781377136E-004  1.307425624046459E+002
    344  1.245009098360822E-004  4.229281490750487E+001
    796  1.219123973412449E-004  1.160406419035091E+002
    367  1.217850347871458E-004  4.546665367422378E+001
    189  1.208930876963017E-004  3.348575581421191E+001
    309  1.199482062923059E-004  3.929268620446922E+001
   1026  1.195488143982523E-004  1.310988308446859E+002
     84  1.187911760134350E-004  2.748397341497807E+001
   1029  1.187138802580939E-004  1.312589073638632E+002
    550  1.187102312574815E-004  1.044255141670578E+002
    254  1.185946345697565E-004  3.696870162494890E+001
    437  1.183860217718498E-004  5.567668099873953E+001
    281  1.177593048586499E-004  3.778222215271058E+001
    283  1.175483281256841E-004  3.781664732037148E+001
    293  1.141384828669264E-004  3.840315559517953E+001
    521  1.133513719738821E-004  6.120499406654021E+001
    314  1.132126539067084E-004  3.944402428691944E+001
    671  1.130517446345040E-004  1.100461630260976E+002
    515  1.128000375562108E-004  6.113166482037749E+001
    825  1.119963816393385E-004  1.174155068731360E+002
    654  1.118383276757319E-004  1.091774321289355E+002
    440  1.114478686955225E-004  5.589934491235444E+001
    716  1.113635767441624E-004  1.119313653155845E+002
    523  1.102777500150743E-004  6.195141091349550E+001
    486  1.099045973043434E-004  5.898078655703418E+001
    531  1.089441595364532E-004  6.280622541285696E+001
    649  1.079388365492357E-004  1.089557122086210E+002
    534  1.076345450601552E-004  6.352992396574133E+001
    813  1.072321345013911E-004  1.170211975618395E+002
    256  1.072112734541757E-004  3.708485200545782E+001
    466  1.063811823177357E-004  5.848631456847294E+001
     39  1.062569137487063E-004  2.419216907562118E+001
    107  1.055168150734659E-004  2.880093649968087E+001
    269  1.053932252455453E-004  3.766609016559832E+001
    719  1.049348399016412E-004  1.120361196403708E+002
    150  1.046693330882271E-004  3.095380367517388E+001
   1027  1.043269053524928E-004  1.311414239553258E+002
     48  1.043001382464660E-004  2.521050943974308E+001
    873  1.032999477000747E-004  1.205400953636918E+002
    505  1.032963225456275E-004  6.089365906344585E+001
    995  1.028940670669264E-004  1.300556822463785E+002
    395  1.024471948753013E-004  5.279005865968511E+001
    339  1.021532416164366E-004  4.199721405536648E+001
    540  1.016072589286737E-004  1.019596674086986E+002
    821  1.009499817759512E-004  1.173213489801490E+002
     78  9.989150974184408E-005  2.724001953302053E+001
    535  9.971758195145482E-005  7.234684016852472E+001
    317  9.769783686897513E-005  3.952108816795088E+001
    159  9.616368332142831E-005  3.140014259635325E+001
    810  9.577960060328470E-005  1.168542717379606E+002
     79  9.425940484461861E-005  2.728143790603452E+001
    190  9.398646054330952E-005  3.352213579831744E+001
    257  9.310917690314820E-005  3.716053985696894E+001
    313  9.163149154829361E-005  3.941220320488696E+001
    166  9.153702698610297E-005  3.197534022905977E+001
    571  9.150284435145200E-005  1.065760725477823E+002
    765  9.109282856177460E-005  1.138034732037320E+002
    234  9.079255113881058E-005  3.541632958107625E+001
    351  9.071672177213416E-005  4.290814690346715E+001
    165  9.039782177935326E-005  3.194792507678593E+001
    459  9.023358605900908E-005  5.797524108925945E+001
    123  9.010241910019464E-005  2.945706723223188E+001
   1014  8.934576331737133E-005  1.306579532637773E+002
    242  8.919320640807084E-005  3.575330164903793E+001
    238  8.907960625813662E-005  3.562010162214489E+001
    917  8.837808060842441E-005  1.262583151256411E+002
    365  8.780266691156883E-005  4.540196146988517E+001
    663  8.763016978138010E-005  1.095408569103236E+002
   1036  8.516717062853000E-005  1.315563975924429E+002
    193  8.478362466748495E-005  3.387383688791338E+001
     83  8.469403432070317E-005  2.745200449399356E+001
    727  8.411485577393460E-005  1.123838421661365E+002
     50  8.372077181639535E-005  2.524792740229145E+001
    511  8.347971805878305E-005  6.108291035790679E+001
    573  8.332984905865994E-005  1.066520968004064E+002
    337  8.236174881846072E-005  4.125439580477820E+001
    180  8.232511543222433E-005  3.306959511625761E+001
    147  8.209221458269104E-005  3.045498909450352E+001
    206  8.143988474827077E-005  3.418711639611698E+001
    162  8.099598927180459E-005  3.142013005221356E+001
    426  8.072834247497629E-005  5.521112029631625E+001
    470  8.010705854543752E-005  5.858950887133865E+001
     49  7.976741863893826E-005  2.521926711432687E+001
    854  7.926580508694413E-005  1.190938927222375E+002
    240  7.919874716269089E-005  3.568815433410965E+001
    829  7.908097609740305E-005  1.175434491795728E+002
    678  7.885339007190921E-005  1.105298402911861E+002
    929  7.840504766950751E-005  1.272324166790593E+002
    748  7.789311500573090E-005  1.128453459062848E+002
    236  7.764298440947069E-005  3.558504171265294E+001
    296  7.694435030637636E-005  3.847026909032138E+001
    471  7.673399041452531E-005  5.859921299406331E+001
    231  7.671093586117233E-005  3.529195130720404E+001
    494  7.606382783050324E-005  5.959072402434833E+001
    250  7.594309867516331E-005  3.645071914574685E+001
    129  7.582814707895284E-005  2.967722940199728E+001
    211  7.562101835399374E-005  3.422885497659050E+001
    260  7.524160098379949E-005  3.745846822965304E+001
   1058  7.491713689637329E-005  1.334381531708862E+002
   1052  7.459300125135374E-005  1.330891459743712E+002
    444  7.413981719303227E-005  5.640873014994138E+001
     55  7.408953522665040E-005  2.564739582447731E+001
    577  7.369251482356580E-005  1.068269012623950E+002
    307  7.125251362393047E-005  3.924418415703018E+001
    381  7.114496061500765E-005  4.623753374880091E+001
    588  7.111341996273801E-005  1.072780161282308E+002
    432  7.096434008046640E-005  5.551253331854516E+001
    605  7.089865645709770E-005  1.079476682950407E+002
    760  7.000369974232916E-005  1.133648679091437E+002
    533  6.996192615748391E-005  6.344214913117692E+001
    450  6.985951301773792E-005  5.723022636777802E+001
    542  6.955021113079367E-005  1.021380905135569E+002
    832  6.940485686983504E-005  1.176150872586579E+002
    826  6.930245186143062E-005  1.174535409692338E+002
    148  6.834132673021995E-005  3.055713011308698E+001
    954  6.808828549756342E-005  1.282848493157465E+002
   1020  6.807789119179703E-005  1.308300137670077E+002
    473  6.799934913165510E-005  5.864875851961727E+001
    482  6.795697176546696E-005  5.890508639424976E+001
    675  6.752694828092194E-005  1.101932688761904E+002
    176  6.748983468798384E-005  3.283702642513862E+001
     44  6.651400165895693E-005  2.487547588775838E+001
    529  6.638567187214063E-005  6.213305424318654E+001
     90  6.551516277065798E-005  2.792299487571685E+001
    558  6.550815267070432E-005  1.054235904423783E+002
    172  6.518056862502777E-005  3.254695536480502E+001
    177  6.454354673729325E-005  3.286305119332699E+001
    905  6.427931675652620E-005  1.252963463377060E+002
    964  6.417225522285187E-005  1.284811881676410E+002
    981  6.350236035098300E-005  1.292686845988868E+002
   1069  6.310270617047884E-005  1.347402109836953E+002
    442  6.279131474205505E-005  5.605259237502305E+001
    251  6.252124898483985E-005  3.670193646720268E+001
    674  6.225288335615111E-005  1.101627157855635E+002
    622  6.222879947479282E-005  1.084041586407917E+002
    303  6.210832513323493E-005  3.891633174738261E+001
    441  6.197476841548096E-005  5.602297434426368E+001
    460  6.159034632837566E-005  5.821511818989060E+001
    918  6.139894004830592E-005  1.263810693695273E+002
   1013  6.137395246113158E-005  1.306191025791559E+002
    525  6.125842105712829E-005  6.201689187624501E+001
    844  6.076878242388282E-005  1.182236522024691E+002
    584  6.055048918704396E-005  1.071415131646536E+002
    332  6.015334140872972E-005  4.036182328117159E+001
    139  5.996868283927246E-005  3.001327528760398E+001
    137  5.972022903103414E-005  2.996307755422044E+001
    135  5.924053033784803E-005  2.990996926970350E+001
    483  5.903893444404338E-005  5.892865432514233E+001
    323  5.853423567208222E-005  3.963162035223775E+001
    733  5.835909011595101E-005  1.125211996768446E+002
    989  5.756875391009966E-005  1.296856498562064E+002
    502  5.754834507048688E-005  6.033057478557798E+001
    477  5.753195687559255E-005  5.875439662154096E+001
    899  5.507040431324970E-005  1.237750393258326E+002
    966  5.500338597447566E-005  1.287120665380274E+002
    113  5.492548334464757E-005  2.894608485543543E+001
    469  5.422365488296098E-005  5.857260373695996E+001
    500  5.336434437184313E-005  6.016266526055261E+001
     93  5.325814831878641E-005  2.801831476528660E+001
    476  5.269244192759916E-005  5.874284760292872E+001
    361  5.162096917799822E-005  4.509188248244521E+001
    762  5.075743449298988E-005  1.134504722361933E+002
    655  4.994885955059098E-005  1.092114390318620E+002
    979  4.978260985237104E-005  1.292073280791942E+002
    173  4.967917418068228E-005  3.267731285541730E+001
    409  4.957482310330308E-005  5.377950655266745E+001
    157  4.897712675435921E-005  3.136040875348826E+001
    194  4.890076811804900E-005  3.388123191050668E+001
    438  4.842659067407314E-005  5.568774314714533E+001
    973  4.767803138254755E-005  1.290303348922233E+002
    310  4.755441710875957E-005  3.933560718805473E+001
    687  4.702011384349160E-005  1.108477970364615E+002
    289  4.691684993848654E-005  3.832422991649202E+001
    120  4.669417468589420E-005  2.935022978395871E+001
    706  4.659153799724684E-005  1.115644797142602E+002
    209  4.627702499472416E-005  3.420776675567321E+001
    942  4.600229170996547E-005  1.277896527703618E+002
    340  4.575253431700351E-005  4.203744443197692E+001
    583  4.550466055216728E-005  1.070323413352247E+002
    609  4.515452949323747E-005  1.080529774194348E+002
    875  4.462758016951784E-005  1.206504418490652E+002
    359  4.445185676093533E-005  4.440820660542785E+001
    713  4.429772941787677E-005  1.118750446375970E+002
   1022  4.419623001107989E-005  1.309570316227355E+002
    213  4.396626747026544E-005  3.426923698719692E+001
    243  4.382530605188010E-005  3.580427376176280E+001
    574  4.296622411872211E-005  1.067089856517616E+002
   1021  4.261813625319921E-005  1.308784400027895E+002
    316  4.245085962616422E-005  3.947722492082590E+001
    984  4.244968173493214E-005  1.293776492189174E+002
    597  4.229103567724015E-005  1.076362394255561E+002
    407  4.174851959196558E-005  5.355040632372296E+001
    870  4.171812154165529E-005  1.203621491035894E+002
    579  4.166967335649400E-005  1.068810185812333E+002
    171  4.162795589929780E-005  3.251692712246987E+001
    488  4.110050645661945E-005  5.904214899548738E+001
    287  4.059861786263198E-005  3.806334999222836E+001
     63  3.959125118393143E-005  2.633691355837915E+001
     96  3.905435229241040E-005  2.807603105873968E+001
    783  3.900538614287025E-005  1.155776779712016E+002
    610  3.890069400198592E-005  1.080548791140610E+002
    594  3.874442876084868E-005  1.075267994995216E+002
    672  3.849429003618561E-005  1.100523893058521E+002
    910  3.849401885613368E-005  1.258349422363612E+002
    646  3.783624160741723E-005  1.089039652974663E+002
    676  3.765090623061575E-005  1.102968009656115E+002
   1056  3.753661542150200E-005  1.332822863268028E+002
    616  3.744730837377074E-005  1.081902144651443E+002
    836  3.643799535061280E-005  1.177792466123822E+002
    607  3.642496181204625E-005  1.079782277499060E+002
    624  3.587352167245265E-005  1.084534043855216E+002
    451  3.581698980654876E-005  5.726939793781466E+001
    514  3.552183348067664E-005  6.112143562944963E+001
    203  3.542651768205460E-005  3.415596231316062E+001
    145  3.499402436350227E-005  3.035386176419680E+001
    738  3.487899095784931E-005  1.126248828969786E+002
    911  3.456551400128403E-005  1.258968376271585E+002
    224  3.440556745789700E-005  3.456258153743839E+001
    630  3.426800335237954E-005  1.086464564510315E+002
    680  3.393812570408114E-005  1.106808485277705E+002
    924  3.392844837691351E-005  1.267645350898773E+002
     73  3.372154253010173E-005  2.704395448663374E+001
    596  3.340994412927589E-005  1.076305596761092E+002
    391  3.331051109822072E-005  4.935295074539214E+001
    913  3.327866869001942E-005  1.260963173315474E+002
   1067  3.326802761131966E-005  1.341872351276505E+002
    799  3.289018160807766E-005  1.161655148393659E+002
    615  3.285302740211546E-005  1.081646255451844E+002
    400  3.272007395862385E-005  5.304406357850599E+001
    816  3.244351182427555E-005  1.170854692244173E+002
    328  3.193506839920653E-005  3.982877398686839E+001
    522  3.189401130178846E-005  6.189501394570030E+001
    921  3.144000900898401E-005  1.266347372507485E+002
    824  3.132158088632407E-005  1.173851057796732E+002
     41  3.123259468117841E-005  2.434332602389209E+001
    225  3.062194216367308E-005  3.458265676939745E+001
    842  3.045128664361304E-005  1.180365480395604E+002
    741  3.038752978392571E-005  1.126383251241469E+002
    637  2.988672956270487E-005  1.087708716348475E+002
    986  2.977179771141537E-005  1.294778988001748E+002
    589  2.972869004878721E-005  1.073243551551986E+002
    940  2.940448947785795E-005  1.277053477702196E+002
   1071  2.902641924599806E-005  1.353191143310252E+002
    268  2.884693817277770E-005  3.765614789507087E+001
    195  2.875420716169697E-005  3.399004655216064E+001
    952  2.870984515684356E-005  1.282170243378332E+002
    490  2.854444910234129E-005  5.909746584665749E+001
    945  2.846934214850822E-005  1.278945431870569E+002
     53  2.844617143906326E-005  2.532427500710937E+001
    617  2.826214534294661E-005  1.082069188907082E+002
    181  2.770561394223730E-005  3.309588236011395E+001
    636  2.758867741799474E-005  1.087412284437008E+002
    288  2.708714915490455E-005  3.825168870868715E+001
    252  2.685414022061525E-005  3.681481496629917E+001
    682  2.676190624193133E-005  1.107795174367904E+002
    623  2.668610628853073E-005  1.084311616311891E+002
    290  2.646932624497297E-005  3.834059039797889E+001
    755  2.613100279246923E-005  1.130537195644052E+002
    877  2.570736421746198E-005  1.207635072396237E+002
    968  2.566335645507769E-005  1.287893908307005E+002
    722  2.563496271292481E-005  1.121989232781130E+002
    903  2.558633986770067E-005  1.249295857950171E+002
    710  2.558062054076475E-005  1.117114283703663E+002
    611  2.554176964824858E-005  1.080609110523806E+002
    292  2.547600130056473E-005  3.837765227419467E+001
    408  2.503877068568843E-005  5.368647704938994E+001
    487  2.492869351323534E-005  5.901096182276392E+001
    345  2.459371560844706E-005  4.248475366295001E+001
    684  2.446446211663317E-005  1.108055531440044E+002
    333  2.420405718492684E-005  4.050570323460023E+001
    404  2.369975504647114E-005  5.332919471058649E+001
    667  2.324566357367567E-005  1.098231148083649E+002
    858  2.313712989545800E-005  1.193043137223610E+002
    697  2.311114702152434E-005  1.111168086390436E+002
    698  2.299481714751259E-005  1.111543499618823E+002
    595  2.285423941069497E-005  1.075727311228692E+002
    559  2.283358001602787E-005  1.054467335457494E+002
    277  2.281223748968831E-005  3.774405278528796E+001
    349  2.270511285496194E-005  4.279212686889406E+001
    424  2.263485645185266E-005  5.504400290817051E+001
    179  2.260549743503620E-005  3.301071504933698E+001
    569  2.259269342092320E-005  1.064024371239422E+002
    274  2.238826633233508E-005  3.771469066363962E+001
    591  2.201499590307430E-005  1.073970459895217E+002
    963  2.162529086197822E-005  1.284456810480366E+002
    618  2.136079917695858E-005  1.083041655146542E+002
    608  2.027925354072211E-005  1.080310773431174E+002
    370  2.027668584927169E-005  4.562254251008403E+001
    879  2.018818487828638E-005  1.208628531744268E+002
    763  2.017663118730296E-005  1.136578287383470E+002
    526  1.968552964482713E-005  6.205614154690332E+001
    186  1.961727175184589E-005  3.335079910483972E+001
    790  1.939994971179294E-005  1.158127479939932E+002
    927  1.924786337820104E-005  1.271118445081471E+002
    632  1.911620290263361E-005  1.086732063917954E+002
     28  1.899439276319214E-005  2.303576073275412E+001
    669  1.886861891983101E-005  1.098991161820264E+002
    538  1.886315172474777E-005  8.801939400846273E+001
   1068  1.879352485078073E-005  1.342139437973118E+002
    222  1.869065704302016E-005  3.444665555523785E+001
    273  1.852715980006454E-005  3.771236202405859E+001
    197  1.841697868479445E-005  3.407091137263039E+001
    950  1.833552489770230E-005  1.281356928004739E+002
    253  1.833132216536242E-005  3.690338042035397E+001
    860  1.829951044451714E-005  1.193608179742887E+002
    160  1.822675941481630E-005  3.140287364756382E+001
    516  1.803664885815277E-005  6.114879167768425E+001
    635  1.776677897188467E-005  1.087402789130293E+002
    793  1.767740986495393E-005  1.158943894419280E+002
    358  1.759838316772964E-005  4.418411045040358E+001
    627  1.759485642447385E-005  1.085359599099982E+002
    962  1.750590178443870E-005  1.284190833846668E+002
    892  1.747303665118077E-005  1.223146913863671E+002
    527  1.714863763842329E-005  6.211137902133680E+001
    204  1.697985901899511E-005  3.416741852472765E+001
    838  1.695329456502164E-005  1.178077045912047E+002
    396  1.675951098559285E-005  5.292259014309509E+001
    883  1.657736351030070E-005  1.212822283474710E+002
    871  1.649166382665924E-005  1.204638135739833E+002
    504  1.642075209370166E-005  6.073767201700102E+001
    896  1.625853463644343E-005  1.231967026860033E+002
    843  1.617866252479732E-005  1.181049125326048E+002
    428  1.591441306886205E-005  5.539697768550786E+001
    770  1.587919812062206E-005  1.141655133118217E+002
    420  1.565330778976663E-005  5.464265012038360E+001
    695  1.555519783311422E-005  1.110404578737834E+002
    791  1.538478788737290E-005  1.158399885308925E+002
    972  1.531688834511930E-005  1.289491342298440E+002
    498  1.525171761844410E-005  6.006055704270973E+001
   1004  1.515693456260596E-005  1.302828791464404E+002
    463  1.494040584670798E-005  5.840368106338346E+001
    937  1.480950164663921E-005  1.275975168353670E+002
     99  1.462392815601403E-005  2.813215700322161E+001
    146  1.459290740614752E-005  3.038455959742199E+001
    651  1.424077762648100E-005  1.090123807306586E+002
    800  1.422304271910348E-005  1.161811067685375E+002
    922  1.409120765773311E-005  1.267277337836395E+002
    633  1.401094363849413E-005  1.086770367044967E+002
    656  1.393601782559204E-005  1.092383325553483E+002
    681  1.386970339063153E-005  1.107150530846271E+002
    804  1.377008062388081E-005  1.164307012054320E+002
    923  1.373078499811218E-005  1.267345977181097E+002
    355  1.346362381103437E-005  4.365668409738398E+001
    756  1.317575307760215E-005  1.131019348749128E+002
    707  1.307999409130764E-005  1.116484954290111E+002
    641  1.301699177944114E-005  1.088136450829588E+002
    580  1.299257507599203E-005  1.069063882425304E+002
    524  1.283222183082142E-005  6.196836567938324E+001
    782  1.269818945701797E-005  1.155663554633046E+002
    994  1.256877362605368E-005  1.299886393654431E+002
   1046  1.250297855374785E-005  1.322741703884410E+002
    151  1.240897239515687E-005  3.097448214004631E+001
   1043  1.239306913550147E-005  1.320181582363304E+002
    960  1.228711056602463E-005  1.283710541965592E+002
    721  1.225600933417360E-005  1.121902054803930E+002
    670  1.187632990114151E-005  1.099218253642219E+002
   1024  1.181059378462262E-005  1.310472886139475E+002
    634  1.177022639074193E-005  1.087110579745548E+002
    715  1.166458396026589E-005  1.119122168057061E+002
    465  1.159360907117260E-005  5.845233409136720E+001
    868  1.156923783347847E-005  1.199994649602093E+002
    761  1.141798051886096E-005  1.134019555363662E+002
    679  1.139840742388777E-005  1.106299731616480E+002
    398  1.136414222158716E-005  5.298968704937109E+001
   1064  1.134893103564027E-005  1.339182935247794E+002
    893  1.130108921220370E-005  1.225899968537864E+002
    976  1.116001948826852E-005  1.291265023483052E+002
    350  1.091185333902524E-005  4.287084402122760E+001
    855  1.088043607779853E-005  1.192335282432478E+002
    712  1.082078318383893E-005  1.118479116964762E+002
    807  1.063565892121923E-005  1.166040027024774E+002
    346  1.057976509187415E-005  4.251353138364797E+001
    769  1.047015432871616E-005  1.141494817506874E+002
    265  1.045229821332835E-005  3.762418150997995E+001
    808  1.032217407108102E-005  1.166438640424820E+002
    478  1.030967550218941E-005  5.880478287498814E+001
    847  1.027363714527159E-005  1.183795327778256E+002
     80  1.025568097171433E-005  2.737665388114407E+001
    789  1.024879586461857E-005  1.157939903252585E+002
   1010  1.022536601464841E-005  1.305150376372933E+002
    999  1.015747155070316E-005  1.301340763851820E+002
    720  1.014887707593661E-005  1.121496181246094E+002
    677  9.958793270470662E-006  1.104103779431708E+002
    321  9.901981205671877E-006  3.959878738143280E+001
    792  9.814964863302903E-006  1.158579110744502E+002
    901  9.809259864394853E-006  1.246352700151236E+002
    915  9.726850406280622E-006  1.261627872997085E+002
    732  9.547354023079742E-006  1.124809932511083E+002
     47  9.469977778909392E-006  2.514695584094496E+001
    815  9.451791004803932E-006  1.170844697210597E+002
    786  9.423851006770277E-006  1.156679892855772E+002
    232  9.401808138899807E-006  3.530982942235851E+001
    668  9.347574705407626E-006  1.098358517134249E+002
    930  9.328063961668775E-006  1.272550109882912E+002
   1017  9.328016241708793E-006  1.307020085696559E+002
    947  9.299669515775553E-006  1.280025795512814E+002
    835  9.243162012290717E-006  1.176766134664512E+002
    497  9.147994307156813E-006  5.984833423050026E+001
    849  9.133658914943028E-006  1.186556798515274E+002
    957  9.103385008936818E-006  1.283224605383935E+002
    220  9.072135689414519E-006  3.440936379612124E+001
    263  9.016114953601020E-006  3.756851288337069E+001
    754  8.921275854525955E-006  1.130532912402911E+002
    845  8.878361089643451E-006  1.182722434309271E+002
    665  8.875704028283035E-006  1.096195054263975E+002
    731  8.842334404789639E-006  1.124795031346507E+002
     59  8.663613494995326E-006  2.608228483109795E+001
    276  8.640778380152419E-006  3.774173651101562E+001
    182  8.537392839389690E-006  3.313118961536368E+001
   1002  8.528008029556610E-006  1.301955720736593E+002
    787  8.525853238325302E-006  1.157066821730262E+002
     19  8.508114358609387E-006  2.137958735177528E+001
    709  8.442109202614138E-006  1.116986555393093E+002
    781  8.359762894029081E-006  1.155015502370288E+002
    178  8.200975409925018E-006  3.291892583427273E+001
    362  8.113732369086159E-006  4.520209191521082E+001
    601  8.110299052638588E-006  1.078222216339937E+002
    895  7.915143029734367E-006  1.231922658586809E+002
    279  7.850022648992400E-006  3.776291602598710E+001
    360  7.838993533844473E-006  4.501412031898634E+001
    817  7.759388867162952E-006  1.171745914510001E+002
    657  7.716492972174424E-006  1.092680437977900E+002
    853  7.697719330623283E-006  1.189950762444425E+002
   1063  7.645451458192599E-006  1.338610239777397E+002
    744  7.644449971548266E-006  1.127340165661099E+002
    541  7.508557075248510E-006  1.020561485810812E+002
    600  7.466048495714972E-006  1.078192567961393E+002
    935  7.456383125385131E-006  1.274477748704804E+002
    699  7.423908303866972E-006  1.111753891148923E+002
    768  7.406793155490220E-006  1.140511281344195E+002
    949  7.400151629961697E-006  1.280833568476082E+002
    959  7.368671144374355E-006  1.283643788123119E+002
    990  7.234503817523502E-006  1.297249883032466E+002
    777  6.967488178240378E-006  1.150636811545726E+002
    862  6.909765031144025E-006  1.194326389788892E+002
    510  6.775771896540909E-006  6.106496915014706E+001
    648  6.752763862550482E-006  1.089328290594756E+002
    230  6.669302338631753E-006  3.507000892128892E+001
    127  6.652543650020618E-006  2.958197907168710E+001
    625  6.600697392553298E-006  1.084878781680722E+002
    368  6.599323805972227E-006  4.552075151204606E+001
    378  6.473961934287223E-006  4.609481655347708E+001
    865  6.426985408707703E-006  1.195233182598442E+002
    886  6.312544553626744E-006  1.214498350996194E+002
    660  6.305934500289191E-006  1.093929129115852E+002
    506  6.249356671062233E-006  6.092479484159845E+001
    839  6.235782011422738E-006  1.178451551754228E+002
    890  6.234601699564914E-006  1.222269695705770E+002
   1035  6.222279752461461E-006  1.315022364948826E+002
   1000  6.158978640825819E-006  1.301375093272533E+002
   1040  6.139814403361834E-006  1.318325334098182E+002
    728  6.121783231744676E-006  1.123911467240560E+002
    619  6.091367140850239E-006  1.083262496248409E+002
     56  6.040328005500415E-006  2.577494999028338E+001
    599  6.004213559763300E-006  1.077354408464688E+002
    780  5.946257076929628E-006  1.153482258688003E+002
    496  5.891145899871444E-006  5.977778544840232E+001
    704  5.827778856687184E-006  1.114088220449556E+002
    948  5.817458511049677E-006  1.280530341997139E+002
    983  5.782646737798921E-006  1.293699640118089E+002
    537  5.740761265035607E-006  7.348438751630307E+001
   1033  5.670921349692703E-006  1.314921549657209E+002
    846  5.659449679035721E-006  1.183733977129572E+002
    640  5.649337785419233E-006  1.088027953187827E+002
    943  5.583037675895131E-006  1.278255860865938E+002
   1012  5.521100954319878E-006  1.305860585800326E+002
    410  5.498080208487386E-006  5.380004782230375E+001
    809  5.342472837098863E-006  1.168273457040169E+002
    631  5.283062462602932E-006  1.086593678715634E+002
    931  5.213737410258141E-006  1.272754104030811E+002
   1061  5.148963901452948E-006  1.338239896777959E+002
    932  5.065390362077976E-006  1.272890793904072E+002
    714  5.059343976476205E-006  1.118865310298163E+002
   1028  5.040424903948552E-006  1.312419762585663E+002
    590  4.987771058910171E-006  1.073381491314167E+002
    685  4.926870332580517E-006  1.108208915724099E+002
    953  4.836927571659887E-006  1.282835790234384E+002
    900  4.833165595847561E-006  1.240255399934555E+002
    110  4.650528284999596E-006  2.890337161783228E+001
    987  4.567684799847104E-006  1.295218650079724E+002
   1037  4.530835966935346E-006  1.316166834102353E+002
   1049  4.503377223389744E-006  1.325964910892840E+002
    562  4.477179788851936E-006  1.058125905236654E+002
    711  4.439776048482134E-006  1.117833092223069E+002
    700  4.404574856321161E-006  1.112187707043413E+002
    644  4.395270483401351E-006  1.088699046594824E+002
    175  4.368549648258940E-006  3.282740528695558E+001
    581  4.356954056153243E-006  1.069166383916512E+002
    920  4.331633886108760E-006  1.265729199247587E+002
    228  4.302210211493797E-006  3.465329128304563E+001
    364  4.274288528325471E-006  4.528995878587361E+001
    764  4.256997475679223E-006  1.137269990775531E+002
   1031  4.132881709687251E-006  1.313824495210718E+002
    795  4.051926817012464E-006  1.159446042090269E+002
    144  3.967471254407607E-006  3.023024488043693E+001
    286  3.953722239496668E-006  3.806107114689090E+001
    767  3.805578258643215E-006  1.139787538815297E+002
    863  3.797497507228865E-006  1.194780899982511E+002
    503  3.778301147036792E-006  6.062899617907863E+001
    971  3.688365314438557E-006  1.289111652451389E+002
    327  3.661981740406712E-006  3.980649710729982E+001
    342  3.649619008392129E-006  4.219280462450153E+001
   1032  3.637085568965749E-006  1.314270448258869E+002
    642  3.587544937807806E-006  1.088349318990273E+002
    461  3.586853778075677E-006  5.832169084274378E+001
    982  3.578642141354679E-006  1.293230544301462E+002
    650  3.563200141318157E-006  1.090061273622073E+002
   1054  3.541533104767670E-006  1.332101619260334E+002
    520  3.488892031953077E-006  6.117519869664547E+001
    140  3.453835192317141E-006  3.002380690834687E+001
    696  3.433909941824674E-006  1.111110130672436E+002
    455  3.418628084691519E-006  5.757818593173593E+001
     37  3.412905780286659E-006  2.413005277682491E+001
    946  3.388351900883378E-006  1.279201366409634E+002
    944  3.354698777494090E-006  1.278264506290159E+002
    366  3.351372664211498E-006  4.541480133184800E+001
    495  3.298579320986540E-006  5.971063876484735E+001
    985  3.294866327368193E-006  1.294454523269476E+002
    882  3.218490176695539E-006  1.212606419968792E+002
    856  3.205091521731665E-006  1.192407591408727E+002
    739  3.151681037113391E-006  1.126267264275300E+002
    586  3.116038693889429E-006  1.072414988471015E+002
    988  3.093779386140189E-006  1.295230022337254E+002
    776  3.090326053672961E-006  1.150535509847603E+002
    264  3.059812645995305E-006  3.760740200223662E+001
    188  3.056779733459984E-006  3.343297855491465E+001
    723  3.037287098833374E-006  1.122249597820348E+002
    904  3.029597374267249E-006  1.250437756508075E+002
    664  2.999015841718467E-006  1.095868237421283E+002
    717  2.977843974582249E-006  1.119901298340990E+002
    938  2.957850783943883E-006  1.276246332177813E+002
    852  2.917279074958042E-006  1.189308904937423E+002
    192  2.892521031977827E-006  3.373139183933635E+001
    978  2.856089138292802E-006  1.291764873003617E+002
    363  2.821590482252108E-006  4.523665715266514E+001
    851  2.782344512429590E-006  1.189105890777936E+002
    751  2.739047860817537E-006  1.129352725370382E+002
    406  2.714555558823632E-006  5.347162595814701E+001
    939  2.712534045374804E-006  1.276788938661296E+002
   1011  2.690225865547303E-006  1.305590563134582E+002
    912  2.677490730275444E-006  1.259977317017505E+002
    878  2.674599844797889E-006  1.208553192243232E+002
    705  2.652156397965122E-006  1.114879185885843E+002
    889  2.552074691872971E-006  1.221096476933091E+002
    766  2.540912516243341E-006  1.138313497862233E+002
    315  2.530006190438983E-006  3.946262277995078E+001
    397  2.523924810766101E-006  5.292984574180642E+001
    759  2.404694422962821E-006  1.132523759465808E+002
   1003  2.339986640063560E-006  1.302792324598297E+002
    399  2.253273605213584E-006  5.300117686152819E+001
    814  2.222205773422371E-006  1.170571282096026E+002
    916  2.175843592113163E-006  1.261858055404796E+002
    223  2.168757210352900E-006  3.452101188794168E+001
    827  2.135624200594668E-006  1.174913134466901E+002
    794  2.127906551312117E-006  1.159299755047292E+002
    951  2.113282405119281E-006  1.282127111215003E+002
   1070  2.033323379343971E-006  1.350535885837313E+002
    818  2.002611879014066E-006  1.172202887178189E+002
    130  1.952790176207209E-006  2.969026097336859E+001
    828  1.949592059669891E-006  1.175132070682912E+002
    956  1.918956418648050E-006  1.283075816024711E+002
    934  1.914419537757826E-006  1.274026915475210E+002
    747  1.907959268426277E-006  1.128221651622354E+002
   1023  1.883065397385750E-006  1.309907545973144E+002
    683  1.855643583141035E-006  1.107854094171573E+002
    673  1.849074211392464E-006  1.101090602242966E+002
    235  1.836080257660482E-006  3.553329683850696E+001
   1006  1.800213692814295E-006  1.303473844140781E+002
    749  1.798410037295411E-006  1.128862829609149E+002
    354  1.719127970727681E-006  4.358717802496741E+001
    501  1.684220441381691E-006  6.025540211442135E+001
    872  1.684043633283617E-006  1.204992644439996E+002
    513  1.620318111050715E-006  6.111701004965728E+001
    688  1.603448871471674E-006  1.108652117541332E+002
    876  1.560805977978804E-006  1.207338716680959E+002
    662  1.529580403962311E-006  1.094304874643061E+002
    124  1.525618384960120E-006  2.953039329658957E+001
     25  1.519233383059529E-006  2.268285797328677E+001
    974  1.491425125995936E-006  1.290391941684268E+002
    819  1.480934445297247E-006  1.172617623112352E+002
    775  1.465945621346636E-006  1.149447083106751E+002
    556  1.452268150509266E-006  1.053074591696642E+002
    284  1.446554109246905E-006  3.794002386601017E+001
    840  1.414969126355902E-006  1.179674198090055E+002
    834  1.414650175187138E-006  1.176651591794238E+002
    439  1.364320140201806E-006  5.581771077364913E+001
    750  1.352239478294394E-006  1.128980084302201E+002
    914  1.328315553306327E-006  1.261343003660832E+002
    933  1.328032224269304E-006  1.272967505112425E+002
    429  1.325039037004039E-006  5.542704693693687E+001
    925  1.324323866161364E-006  1.268943605090481E+002
    457  1.313736221062225E-006  5.770039153165104E+001
    975  1.313726592123496E-006  1.290479361570385E+002
   1025  1.287149952901090E-006  1.310823101564250E+002
    216  1.251465616704017E-006  3.431915233475488E+001
    887  1.241713795057923E-006  1.215278324822884E+002
    757  1.217299172124118E-006  1.131455979007981E+002
    805  1.211232482976835E-006  1.165442309434909E+002
    758  1.199408610971821E-006  1.131945788764974E+002
    341  1.196921317439698E-006  4.207899368185591E+001
    841  1.183172955162387E-006  1.180046875638410E+002
    961  1.177905891382860E-006  1.283826108536399E+002
    803  1.163216844231870E-006  1.163959410830473E+002
      2  1.132263356371219E-006  1.507477314615795E+001
    708  1.126112821433417E-006  1.116659378913442E+002
    373  1.124471837179537E-006  4.573517441489172E+001
    941  1.109352333601115E-006  1.277239710636116E+002
     15  1.104415787332232E-006  2.077312965636918E+001
    248  1.101398636333700E-006  3.617742791171408E+001
    811  1.087239959994386E-006  1.169131613251637E+002
    598  1.047161579113003E-006  1.077082259858063E+002
    980  9.247226433673653E-007  1.292322903638887E+002
    788  9.096146318900446E-007  1.157595566872355E+002
    965  9.073269308809018E-007  1.286084743618769E+002
    737  8.740302680772410E-007  1.125716601108342E+002
    885  8.511679537921738E-007  1.213849358963692E+002
   1019  8.473235279586369E-007  1.307856127904329E+002
    606  7.998116124030717E-007  1.079754075340127E+002
    993  7.837656349135583E-007  1.299638892136509E+002
    850  7.801806515877058E-007  1.188640670964077E+002
    848  7.680613688799498E-007  1.185512117490796E+002
    859  7.546815522744293E-007  1.193117826572047E+002
    866  7.527976157054977E-007  1.198737679274225E+002
    936  7.294520074799134E-007  1.275963114471066E+002
    647  6.843495791500425E-007  1.089204596390746E+002
    638  6.530328365687186E-007  1.087773663504995E+002
    499  6.505351480596442E-007  6.010190034988052E+001
   1030  6.352131082684344E-007  1.313677884464318E+002
    996  6.150830043642921E-007  1.300741546440489E+002
    837  6.132276777923178E-007  1.177814246314451E+002
    620  5.817489087452785E-007  1.083700393844588E+002
    200  5.575536615647958E-007  3.413076352937113E+001
    874  5.394277250213647E-007  1.206463359037059E+002
    435  5.297370322197474E-007  5.559833163642786E+001
    779  5.254888559427996E-007  1.153237642854880E+002
    869  5.188490563533088E-007  1.201465244096069E+002
    734  5.128652429725407E-007  1.125227414297757E+002
    880  5.104008201678033E-007  1.209811659012211E+002
    509  5.051184212657197E-007  6.104665142125116E+001
    517  4.861131949548914E-007  6.116283191518230E+001
    702  4.750530853870620E-007  1.112791472783473E+002
    508  4.517683567520561E-007  6.101348113010317E+001
    689  4.477891096864583E-007  1.108992280227757E+002
   1065  4.360692621961093E-007  1.340986810838602E+002
    371  4.303886566848845E-007  4.567834615857563E+001
    369  4.208844601276675E-007  4.556664797594529E+001
   1016  4.060747090281862E-007  1.306784011483153E+002
    271  4.043426227920564E-007  3.769377629908810E+001
   1059  3.953075592824250E-007  1.335352794510990E+002
    718  3.732988961223502E-007  1.120307816427976E+002
    388  3.719938485838379E-007  4.916519389587509E+001
    443  3.614342402895863E-007  5.615506371008289E+001
    867  3.567604526871561E-007  1.199420338065019E+002
    798  3.492918833265210E-007  1.161233232814441E+002
    629  3.325148550341785E-007  1.086436456014825E+002
    833  3.149541745299238E-007  1.176450554682990E+002
   1076  3.075487720364382E-007  1.858411948136732E+002
    735  2.929629170374246E-007  1.125422257639707E+002
    891  2.593405930673282E-007  1.222344606190913E+002
    801  2.503401039050341E-007  1.162412158177078E+002
    729  2.482574046990504E-007  1.124070412533170E+002
    958  2.460480934120552E-007  1.283326337970340E+002
    128  2.444518565984621E-007  2.964876822252022E+001
    806  2.386985528415606E-007  1.165904998677036E+002
    692  2.193497711714743E-007  1.109991362888409E+002
    743  2.152668816844162E-007  1.126739704882794E+002
    491  2.115048059728719E-007  5.916484178919298E+001
    545  2.060854923863119E-007  1.038885725205099E+002
    661  1.966546855389412E-007  1.094040232551639E+002
    653  1.965902364354869E-007  1.090926521840726E+002
    643  1.955851657022744E-007  1.088529165631816E+002
    447  1.929368782304026E-007  5.692641404400948E+001
   1007  1.924985647171852E-007  1.303971511397991E+002
    864  1.912032504769072E-007  1.195154318953015E+002
    881  1.894955520981377E-007  1.212001054655417E+002
     22  1.654763649024094E-007  2.149928230079738E+001
   1077  1.467425577664614E-007  6.189178021453241E+002
    125  1.449646700377334E-007  2.955205187993630E+001
    377  1.386105588821792E-007  4.580996274485975E+001
    603  1.339506235517240E-007  1.078480909052838E+002
     87  1.309238663476709E-007  2.773505635732142E+001
    955  1.097147618776613E-007  1.283043098504922E+002
    753  1.015545476842317E-007  1.130399909728984E+002
    701  8.734452341618962E-008  1.112655741498095E+002
    773  8.084540076162020E-008  1.146041296786391E+002
   1008  8.004834960788393E-008  1.304054287055121E+002
    614  7.799077735129635E-008  1.081499604581023E+002
    752  7.351612716815581E-008  1.129825416205730E+002
    830  7.312117005419598E-008  1.175448785112390E+002
   1009  7.024834742334741E-008  1.304609142394732E+002
    928  6.826927036335088E-008  1.271758190169006E+002
    969  6.707985121295084E-008  1.288232913140608E+002
    227  6.342912933686906E-008  3.461221107986133E+001
    977  5.421543325658948E-008  1.291448023039548E+002
    703  5.146671617067420E-008  1.113359924967504E+002
    740  4.778079993685054E-008  1.126281679605138E+002
    259  4.057612563378448E-008  3.731129763636223E+001
     60  3.939647497276098E-008  2.612817271153773E+001
    652  3.866980819411843E-008  1.090805000764319E+002
   1051  3.790313115756121E-008  1.330173846663143E+002
    884  2.762956913656818E-008  1.212913619330936E+002
    628  2.639749569845198E-008  1.085999071252231E+002
    726  2.607841555903449E-008  1.123280306605216E+002
    267  2.178775318509558E-008  3.763942844703926E+001
    857  1.875553225129608E-008  1.192977858717030E+002
    888  1.864447757875847E-008  1.215384892766490E+002
    612  1.578489114256252E-008  1.080838271474082E+002
    861  1.423143550756245E-008  1.193618968506130E+002
    736  1.043578863092156E-008  1.125700463249535E+002
    639  6.981450476947583E-009  1.087924757147032E+002
    997  6.846555487560113E-009  1.300952728722026E+002
   1073  2.403111472546265E-009  1.355646294676644E+002
    898  2.374601852777593E-009  1.236287338505038E+002
    908  1.587240338756990E-009  1.256350992978881E+002
   1015  5.988117301427772E-010  1.306693309857935E+002
    823  5.613392091179714E-010  1.173434151863991E+002
    356  5.378819402778686E-010  4.399929676237998E+001
    294  2.574102857260454E-010  3.844005427068350E+001
    693  2.530558894098609E-010  1.110198391814811E+002
    626  8.584753403206755E-011  1.085197354965440E+002
    412  6.295928255266971E-012  5.399327798218789E+001
    906  1.100765921897747E-014  1.253859334012492E+002
