# Number of modes
   1077
# Tabulated for different initial and final frequencies?
    F
# Mode index, Sj, (highest to lowest), omega_j
    436  1.607135745026513E-002  5.562240782737462E+001
     27  8.601183834225578E-003  2.288948685305089E+001
    405  6.075281156982784E-003  5.340951413863353E+001
    392  5.199717131812482E-003  4.975569880244111E+001
   1016  4.672886386511754E-003  1.306784011483153E+002
    497  4.315758773854278E-003  5.984833423050026E+001
   1072  4.275793200745867E-003  1.354275255218108E+002
     29  3.916983381003946E-003  2.304600720746813E+001
    485  3.872634341123038E-003  5.896971858223063E+001
    395  3.620766205510449E-003  5.279005865968511E+001
   1074  3.380179292457349E-003  1.357832717908243E+002
    539  3.192236540405688E-003  1.004038214764926E+002
    452  3.082557314553360E-003  5.732416656661538E+001
    498  2.676336824982622E-003  6.006055704270973E+001
    494  2.594077201345977E-003  5.959072402434833E+001
    384  2.513139079280622E-003  4.693482184770667E+001
   1048  2.481790315027398E-003  1.325281096806480E+002
     45  2.239442810399382E-003  2.505629895200580E+001
    387  2.170406648902774E-003  4.845493173747810E+001
     48  2.110719640440783E-003  2.521050943974308E+001
    390  1.959713405445152E-003  4.930034545373515E+001
    505  1.950226263491874E-003  6.089365906344585E+001
   1042  1.935776093464889E-003  1.319938555239870E+002
    460  1.931628442500594E-003  5.821511818989060E+001
     32  1.910564228472507E-003  2.386019687247388E+001
    431  1.809229717975264E-003  5.545822575490884E+001
    543  1.620104250007685E-003  1.026098663261161E+002
    537  1.517728903604136E-003  7.348438751630307E+001
    427  1.517016055845991E-003  5.530625255614972E+001
   1011  1.418814342251381E-003  1.305590563134582E+002
    108  1.417195268542479E-003  2.884206820739177E+001
     51  1.409944129161097E-003  2.527497960196780E+001
    500  1.409695941754274E-003  6.016266526055261E+001
    318  1.282192329624901E-003  3.952690512520030E+001
     54  1.231162450313046E-003  2.537118147105558E+001
   1052  1.172172447115403E-003  1.330891459743712E+002
    478  1.140337281625845E-003  5.880478287498814E+001
    489  1.124857688779584E-003  5.906665573291085E+001
   1058  1.099591663143478E-003  1.334381531708862E+002
    527  1.051566051123983E-003  6.211137902133680E+001
    100  1.037642167057706E-003  2.814590236831992E+001
     37  1.037175388009225E-003  2.413005277682491E+001
    658  1.021557172500401E-003  1.092752908733605E+002
    483  1.008875549284220E-003  5.892865432514233E+001
    381  9.896051018687987E-004  4.623753374880091E+001
   1053  9.377461151042281E-004  1.331993000158318E+002
    813  9.334186300868416E-004  1.170211975618395E+002
     17  8.832856850107580E-004  2.091913438766164E+001
    454  8.764638166703929E-004  5.753531790534946E+001
    998  8.698576356137112E-004  1.301241144683907E+002
    419  8.670707307855843E-004  5.447434435004674E+001
   1064  8.597464752689443E-004  1.339182935247794E+002
    468  8.578615982007120E-004  5.850419738659161E+001
    166  8.553120213048203E-004  3.197534022905977E+001
    523  8.482908913474287E-004  6.195141091349550E+001
    524  8.455940139267745E-004  6.196836567938324E+001
    842  8.337377724489266E-004  1.180365480395604E+002
    937  8.322793430165442E-004  1.275975168353670E+002
    440  8.142295409445510E-004  5.589934491235444E+001
    326  8.034801556012437E-004  3.980074663620405E+001
    186  7.847922779438037E-004  3.335079910483972E+001
    547  7.794279685864146E-004  1.040413527560943E+002
    482  7.773582238160035E-004  5.890508639424976E+001
   1060  7.441939460721282E-004  1.336329109810919E+002
    217  7.349995631792098E-004  3.432077633458158E+001
    540  7.342684318430980E-004  1.019596674086986E+002
      2  7.072510495949029E-004  1.507477314615795E+001
   1070  6.873873170951409E-004  1.350535885837313E+002
    223  6.690459316635375E-004  3.452101188794168E+001
    593  6.490212753988799E-004  1.074633420950339E+002
    423  6.243752544701315E-004  5.491452382822700E+001
   1000  6.010563994328448E-004  1.301375093272533E+002
    236  5.841216595661606E-004  3.558504171265294E+001
    418  5.814669106108700E-004  5.440760214654593E+001
    442  5.811493470579296E-004  5.605259237502305E+001
    572  5.560077106516413E-004  1.066354688575440E+002
    198  5.361033094921179E-004  3.410095577154824E+001
    512  5.177051823166760E-004  6.110465593383906E+001
   1020  5.016988702843583E-004  1.308300137670077E+002
    117  4.969948384252458E-004  2.915145470361619E+001
    251  4.903586663724496E-004  3.670193646720268E+001
    445  4.884800622400727E-004  5.650985963977887E+001
    621  4.713225652374564E-004  1.083828600305560E+002
     49  4.709663158912500E-004  2.521926711432687E+001
    570  4.674425336970338E-004  1.064458450110351E+002
    280  4.642059246044424E-004  3.777070006257392E+001
   1069  4.590155634797928E-004  1.347402109836953E+002
    248  4.579444401437902E-004  3.617742791171408E+001
    667  4.471275181248524E-004  1.098231148083649E+002
    297  4.448184399206709E-004  3.850412000814609E+001
    479  4.399994218703605E-004  5.886156225440574E+001
   1045  4.313307230528998E-004  1.322246800166877E+002
    303  4.262248275222501E-004  3.891633174738261E+001
    421  4.164435731455352E-004  5.469982084171487E+001
    193  4.157859279246781E-004  3.387383688791338E+001
    430  4.084127312324878E-004  5.544226538226409E+001
    600  4.070488269370865E-004  1.078192567961393E+002
    650  3.858119675786805E-004  1.090061273622073E+002
    359  3.830245768828382E-004  4.440820660542785E+001
    266  3.822423977222460E-004  3.763404507858488E+001
    215  3.786526432868230E-004  3.430912489816387E+001
     79  3.724931914367743E-004  2.728143790603452E+001
    244  3.720048680667151E-004  3.582009297825139E+001
     69  3.676912708762422E-004  2.667931486079132E+001
   1066  3.676901118805512E-004  1.341339055776214E+002
    609  3.586694003930160E-004  1.080529774194348E+002
    966  3.562458981829661E-004  1.287120665380274E+002
      9  3.542885524895694E-004  1.615282072713023E+001
    630  3.519943178276534E-004  1.086464564510315E+002
    617  3.479754431199805E-004  1.082069188907082E+002
    233  3.458882203739468E-004  3.536858076063520E+001
    407  3.455126286474919E-004  5.355040632372296E+001
    333  3.413598082378763E-004  4.050570323460023E+001
    519  3.362017264959020E-004  6.116666091909611E+001
    103  3.345774077329100E-004  2.854698030319213E+001
   1005  3.299681448151406E-004  1.302961950162389E+002
    958  3.245530954946614E-004  1.283326337970340E+002
   1062  3.213687169220567E-004  1.338537297016246E+002
     44  3.193378570946875E-004  2.487547588775838E+001
    765  3.143315431874234E-004  1.138034732037320E+002
      7  3.122239961541152E-004  1.598850297870253E+001
   1041  3.095492649237158E-004  1.318604688563310E+002
    510  3.028406616718515E-004  6.106496915014706E+001
    102  3.025780934215681E-004  2.838723287464182E+001
    185  3.016366107931675E-004  3.329017879350934E+001
    812  2.975383030089731E-004  1.169499526914024E+002
    997  2.973230806561235E-004  1.300952728722026E+002
     81  2.933102939253191E-004  2.737831616504717E+001
    708  2.916738868105355E-004  1.116659378913442E+002
    926  2.908894321282186E-004  1.269935099435139E+002
    409  2.904670413985273E-004  5.377950655266745E+001
     33  2.894267622731513E-004  2.387502434282544E+001
    308  2.753682899691126E-004  3.924824416979163E+001
    518  2.734995806678732E-004  6.116565427175681E+001
    582  2.709328661822880E-004  1.069886979669129E+002
    411  2.687022231538798E-004  5.390414096058870E+001
    655  2.671308565800598E-004  1.092114390318620E+002
   1024  2.659303507791537E-004  1.310472886139475E+002
    448  2.633660250862560E-004  5.707216855561523E+001
    249  2.632158262994125E-004  3.643158917315001E+001
    585  2.625996876961734E-004  1.071721890576240E+002
    791  2.621836196809579E-004  1.158399885308925E+002
    312  2.597018612340904E-004  3.940338989709551E+001
   1057  2.579802565656940E-004  1.332882698940204E+002
    911  2.571495629005626E-004  1.258968376271585E+002
     35  2.571458688060699E-004  2.406163852032448E+001
    267  2.562514078029748E-004  3.763942844703926E+001
     86  2.559220455467388E-004  2.760340701365068E+001
    962  2.530870960128512E-004  1.284190833846668E+002
    464  2.530540635401244E-004  5.841767339850505E+001
    588  2.506009901098998E-004  1.072780161282308E+002
    298  2.497892012807511E-004  3.860785506393049E+001
     97  2.492754905060327E-004  2.809615145046481E+001
    195  2.491600589740195E-004  3.399004655216064E+001
   1038  2.455896635200961E-004  1.317153469634680E+002
    992  2.448024426878671E-004  1.299169051159237E+002
    671  2.433114007258522E-004  1.100461630260976E+002
    213  2.391675121619965E-004  3.426923698719692E+001
    611  2.373761242622324E-004  1.080609110523806E+002
      1  2.366591611630572E-004  1.480943860687432E+001
    152  2.307842743761775E-004  3.107793476288124E+001
    618  2.294271012272447E-004  1.083041655146542E+002
    467  2.291159751546747E-004  5.850070475174659E+001
    604  2.242762536727679E-004  1.078901483894559E+002
   1032  2.231608265378038E-004  1.314270448258869E+002
    245  2.219685624467042E-004  3.584895809931362E+001
    578  2.207753593215250E-004  1.068696587706935E+002
    258  2.207445081624487E-004  3.725675246841864E+001
    875  2.195862319033336E-004  1.206504418490652E+002
    240  2.182480258871485E-004  3.568815433410965E+001
    402  2.178332009289970E-004  5.323403324336612E+001
     71  2.176197355609336E-004  2.691074291878593E+001
    952  2.165767666637172E-004  1.282170243378332E+002
    111  2.162182608980771E-004  2.891758955889047E+001
    211  2.133417301751298E-004  3.422885497659050E+001
    376  2.087732623411283E-004  4.578482274843697E+001
    637  2.072435521617946E-004  1.087708716348475E+002
    125  2.066613864116868E-004  2.955205187993630E+001
    426  2.066272996435090E-004  5.521112029631625E+001
    763  2.042260268302003E-004  1.136578287383470E+002
    681  1.978433127175137E-004  1.107150530846271E+002
    983  1.966635378756380E-004  1.293699640118089E+002
    474  1.950660016256769E-004  5.866520048333617E+001
    866  1.942533505834655E-004  1.198737679274225E+002
    495  1.937827687879474E-004  5.971063876484735E+001
   1067  1.849224056521671E-004  1.341872351276505E+002
    810  1.845161249896119E-004  1.168542717379606E+002
    300  1.837041633423289E-004  3.871033423098082E+001
    458  1.825570697230335E-004  5.780961640938520E+001
    748  1.801707722079646E-004  1.128453459062848E+002
    851  1.784134302992330E-004  1.189105890777936E+002
    783  1.780336382363634E-004  1.155776779712016E+002
    190  1.780334272223818E-004  3.352213579831744E+001
     55  1.706033165399472E-004  2.564739582447731E+001
    678  1.696919913197915E-004  1.105298402911861E+002
     80  1.681931133547335E-004  2.737665388114407E+001
     98  1.681396930515441E-004  2.810036398063808E+001
    698  1.668421339602824E-004  1.111543499618823E+002
    259  1.658991455685096E-004  3.731129763636223E+001
    516  1.646765231995593E-004  6.114879167768425E+001
    860  1.631765693295439E-004  1.193608179742887E+002
     41  1.594498555786177E-004  2.434332602389209E+001
    802  1.579370633407001E-004  1.163074247182627E+002
    683  1.563035842937425E-004  1.107854094171573E+002
    232  1.561647833799603E-004  3.530982942235851E+001
    858  1.545107826999361E-004  1.193043137223610E+002
   1026  1.539230707425786E-004  1.310988308446859E+002
    446  1.511668458965491E-004  5.657515742254393E+001
    615  1.500594798427542E-004  1.081646255451844E+002
    659  1.497373692663241E-004  1.093169473413985E+002
    453  1.483390980039059E-004  5.734859743017803E+001
    459  1.475162239878855E-004  5.797524108925945E+001
    415  1.474608080473827E-004  5.409773008136273E+001
    919  1.427048538056993E-004  1.264669767465423E+002
    299  1.407900456234091E-004  3.861147003050849E+001
    429  1.404857242071004E-004  5.542704693693687E+001
    700  1.378571034629556E-004  1.112187707043413E+002
    826  1.368964469618236E-004  1.174535409692338E+002
    690  1.367371001017598E-004  1.109553167085971E+002
    321  1.363330053128913E-004  3.959878738143280E+001
    319  1.360328889938913E-004  3.955367029075058E+001
    970  1.323151580933788E-004  1.288440499253601E+002
    691  1.294113092535242E-004  1.109942746792360E+002
     91  1.293410513016158E-004  2.795709450840539E+001
    928  1.274429607371994E-004  1.271758190169006E+002
    929  1.272697039319458E-004  1.272324166790593E+002
    327  1.256308119310782E-004  3.980649710729982E+001
     28  1.252637192512172E-004  2.303576073275412E+001
    385  1.248836028299051E-004  4.744969147605799E+001
    210  1.241641103276732E-004  3.421873300884823E+001
    422  1.236719718122244E-004  5.478392604221921E+001
    948  1.226561500353989E-004  1.280530341997139E+002
    205  1.185412491989619E-004  3.418138862993963E+001
   1044  1.182730105013000E-004  1.320835593454495E+002
    716  1.172333774810523E-004  1.119313653155845E+002
    535  1.165759372392508E-004  7.234684016852472E+001
      5  1.164867157151401E-004  1.580375607842547E+001
    294  1.164323048330781E-004  3.844005427068350E+001
    552  1.163054822698936E-004  1.045004516183760E+002
   1047  1.151648906994108E-004  1.324683504365100E+002
    182  1.135729928206033E-004  3.313118961536368E+001
     73  1.124336794439983E-004  2.704395448663374E+001
     23  1.118673441631639E-004  2.160694502786773E+001
    984  1.103766362008480E-004  1.293776492189174E+002
    568  1.102631791915373E-004  1.063884322375297E+002
    188  1.095175250394065E-004  3.343297855491465E+001
   1029  1.089762851473734E-004  1.312589073638632E+002
    853  1.055836517944355E-004  1.189950762444425E+002
    264  1.024006403378467E-004  3.760740200223662E+001
    575  1.007398440270842E-004  1.067636975144964E+002
    727  1.007158727140652E-004  1.123838421661365E+002
    165  9.913723721617896E-005  3.194792507678593E+001
    462  9.879181504182886E-005  5.834568949164402E+001
    566  9.803958305928000E-005  1.060197199307676E+002
    580  9.792355868458295E-005  1.069063882425304E+002
    346  9.684680981745185E-005  4.251353138364797E+001
    396  9.594932519604861E-005  5.292259014309509E+001
    335  9.583047094718580E-005  4.064698242871874E+001
    400  9.578789716795101E-005  5.304406357850599E+001
    262  9.535241170628819E-005  3.754826259370084E+001
    666  9.444836942011960E-005  1.096961217429448E+002
    404  9.358643447971891E-005  5.332919471058649E+001
    256  9.318770537138911E-005  3.708485200545782E+001
   1055  9.199908855908011E-005  1.332315483337306E+002
   1021  9.133697897030447E-005  1.308784400027895E+002
    724  9.119289332332569E-005  1.122474317356576E+002
     26  9.112446400177800E-005  2.275577786050195E+001
    870  9.085852603007737E-005  1.203621491035894E+002
   1018  9.079112631678297E-005  1.307425624046459E+002
    332  9.055462682719542E-005  4.036182328117159E+001
    890  8.914222389539628E-005  1.222269695705770E+002
    397  8.878404406253247E-005  5.292984574180642E+001
    115  8.868225342314486E-005  2.908676806680809E+001
    950  8.865307965037173E-005  1.281356928004739E+002
    768  8.782329816490356E-005  1.140511281344195E+002
    756  8.756526856490063E-005  1.131019348749128E+002
    219  8.714628238744162E-005  3.435584966495736E+001
    472  8.562702254520832E-005  5.860732378330380E+001
    177  8.546062259717963E-005  3.286305119332699E+001
    924  8.487649817656703E-005  1.267645350898773E+002
    780  8.361999238004497E-005  1.153482258688003E+002
    831  8.330818778835783E-005  1.175849164822640E+002
    774  8.325829587179239E-005  1.147299018357027E+002
    302  8.205973275333744E-005  3.874867387838012E+001
    270  8.039229166815355E-005  3.767493462479421E+001
    281  8.034426186471290E-005  3.778222215271058E+001
    918  7.999333227930107E-005  1.263810693695273E+002
    649  7.964943705357649E-005  1.089557122086210E+002
    871  7.927310892891801E-005  1.204638135739833E+002
    207  7.874094895672370E-005  3.419271829752626E+001
    380  7.696671781345652E-005  4.621788456267294E+001
    241  7.692887722669345E-005  3.573178726353736E+001
    379  7.673152509180858E-005  4.610002508350383E+001
    533  7.663985668421274E-005  6.344214913117692E+001
    112  7.624226483007025E-005  2.893182478938967E+001
    808  7.549919423381713E-005  1.166438640424820E+002
    865  7.545369572682862E-005  1.195233182598442E+002
    697  7.521281321934723E-005  1.111168086390436E+002
    148  7.513301847030856E-005  3.055713011308698E+001
      8  7.479047125234015E-005  1.603898235084092E+001
    832  7.411384186706659E-005  1.176150872586579E+002
    311  7.337702345277412E-005  3.939193935233331E+001
     39  7.299732406511320E-005  2.419216907562118E+001
     59  7.271903746545203E-005  2.608228483109795E+001
    180  7.197889682634244E-005  3.306959511625761E+001
    154  7.178689277749965E-005  3.128025029310897E+001
      4  7.159542195410814E-005  1.555889535187236E+001
    503  7.012680457754081E-005  6.062899617907863E+001
     63  6.923010398335848E-005  2.633691355837915E+001
    898  6.914555041397621E-005  1.236287338505038E+002
    694  6.839674781968328E-005  1.110208923005156E+002
    702  6.799204807896814E-005  1.112791472783473E+002
     52  6.683273197675568E-005  2.532370304309600E+001
    151  6.533519436458814E-005  3.097448214004631E+001
    475  6.490902991393558E-005  5.870955367754343E+001
    873  6.467236698742357E-005  1.205400953636918E+002
   1034  6.350695768633599E-005  1.314975717016592E+002
    502  6.341713053323504E-005  6.033057478557798E+001
     11  6.254265607123075E-005  1.771447447329438E+001
     76  6.128983174492563E-005  2.719040433196805E+001
    675  6.095324428243378E-005  1.101932688761904E+002
    883  6.000009815553895E-005  1.212822283474710E+002
    836  5.979630798509418E-005  1.177792466123822E+002
    517  5.945729877469034E-005  6.116283191518230E+001
    730  5.913610227331447E-005  1.124678820560711E+002
     60  5.891291821308465E-005  2.612817271153773E+001
    988  5.837402797424738E-005  1.295230022337254E+002
    532  5.793125021844575E-005  6.299204701993657E+001
    879  5.571083607400814E-005  1.208628531744268E+002
    316  5.498438840077052E-005  3.947722492082590E+001
   1031  5.491661932749750E-005  1.313824495210718E+002
    367  5.352645021426406E-005  4.546665367422378E+001
    114  5.344924677632125E-005  2.903390568794284E+001
    306  5.337369463120150E-005  3.922583615449084E+001
    408  5.328634466311958E-005  5.368647704938994E+001
    351  5.287402935923537E-005  4.290814690346715E+001
    487  5.259405953696544E-005  5.901096182276392E+001
    623  5.252663522665686E-005  1.084311616311891E+002
    737  5.239433044434120E-005  1.125716601108342E+002
    238  5.208998278049167E-005  3.562010162214489E+001
    273  5.158134890884580E-005  3.771236202405859E+001
    687  5.151660998623166E-005  1.108477970364615E+002
     99  5.089361976399390E-005  2.813215700322161E+001
    635  5.083064620112535E-005  1.087402789130293E+002
    745  5.075728749002701E-005  1.127541380335163E+002
    110  5.027312186631322E-005  2.890337161783228E+001
    230  4.999836782112443E-005  3.507000892128892E+001
    746  4.990674313604026E-005  1.128150956859242E+002
   1059  4.982151050902067E-005  1.335352794510990E+002
    546  4.978911548186975E-005  1.038908634804570E+002
    322  4.920018725779518E-005  3.962934885257222E+001
     65  4.879298080458753E-005  2.645533186342116E+001
   1001  4.860430832923919E-005  1.301907504163165E+002
    480  4.821995540209013E-005  5.887142017505539E+001
    738  4.815667377887017E-005  1.126248828969786E+002
    587  4.806737330412416E-005  1.072564562863978E+002
     94  4.761311526047733E-005  2.803048707399637E+001
    824  4.759514521314752E-005  1.173851057796732E+002
    420  4.754629058573894E-005  5.464265012038360E+001
    599  4.740539045534603E-005  1.077354408464688E+002
    916  4.734020033923733E-005  1.261858055404796E+002
     10  4.722241393222627E-005  1.630017574824609E+001
    432  4.680607689563123E-005  5.551253331854516E+001
     57  4.675148130997316E-005  2.601044601303876E+001
     42  4.669430232081389E-005  2.442065503900721E+001
   1039  4.653909746024002E-005  1.317789778316224E+002
   1008  4.620711886581031E-005  1.304054287055121E+002
     24  4.617989700935724E-005  2.165827626673025E+001
    132  4.614126580895101E-005  2.978147182311027E+001
    265  4.579142690815420E-005  3.762418150997995E+001
    304  4.511430714978175E-005  3.902642388250331E+001
    118  4.474406009369979E-005  2.927665934202001E+001
    202  4.423722789085549E-005  3.414693728338715E+001
    960  4.396244222207643E-005  1.283710541965592E+002
    355  4.355860458073942E-005  4.365668409738398E+001
    760  4.352356819491977E-005  1.133648679091437E+002
    991  4.329960494709603E-005  1.298309517843196E+002
     18  4.291385142191475E-005  2.124694793769305E+001
    438  4.275659670097565E-005  5.568774314714533E+001
    895  4.271788781878806E-005  1.231922658586809E+002
    877  4.185495221473964E-005  1.207635072396237E+002
    194  4.181225941748187E-005  3.388123191050668E+001
    789  4.175855192153280E-005  1.157939903252585E+002
    913  4.145789958315157E-005  1.260963173315474E+002
    145  4.114154502982539E-005  3.035386176419680E+001
   1061  4.027112664665637E-005  1.338239896777959E+002
    892  4.002161898185832E-005  1.223146913863671E+002
    854  3.974179902168278E-005  1.190938927222375E+002
   1006  3.949869597308558E-005  1.303473844140781E+002
    513  3.940445123659323E-005  6.111701004965728E+001
    113  3.914385820614745E-005  2.894608485543543E+001
    191  3.914218109251257E-005  3.372798248811258E+001
    803  3.903339035943649E-005  1.163959410830473E+002
    301  3.857284768698931E-005  3.874125966254066E+001
    534  3.819812085806861E-005  6.352992396574133E+001
    433  3.810844037063373E-005  5.552394895078822E+001
    120  3.765002388215294E-005  2.935022978395871E+001
    602  3.754916770632246E-005  1.078335831208874E+002
    530  3.741459770681078E-005  6.265828803408258E+001
    477  3.737218275342574E-005  5.875439662154096E+001
    473  3.652174079645692E-005  5.864875851961727E+001
    954  3.645382499311297E-005  1.282848493157465E+002
    838  3.624368906958116E-005  1.178077045912047E+002
    310  3.614822026302847E-005  3.933560718805473E+001
    201  3.537503240998766E-005  3.413905621996786E+001
    525  3.436018782774067E-005  6.201689187624501E+001
    413  3.426680617859071E-005  5.407796767412047E+001
    550  3.423831042392667E-005  1.044255141670578E+002
    989  3.393950602861283E-005  1.296856498562064E+002
    164  3.387943494502909E-005  3.156123118588701E+001
    105  3.358811912146920E-005  2.872870804936272E+001
    549  3.346689221289751E-005  1.043755820157491E+002
    673  3.337622410782831E-005  1.101090602242966E+002
     92  3.315597291360596E-005  2.796966533379813E+001
    292  3.303009156967564E-005  3.837765227419467E+001
    153  3.256145808322192E-005  3.119128674334460E+001
    825  3.253658366422366E-005  1.174155068731360E+002
    369  3.182544614816512E-005  4.556664797594529E+001
    884  3.163215441191264E-005  1.212913619330936E+002
    554  3.158651265121173E-005  1.048978551747549E+002
    843  3.094536151864819E-005  1.181049125326048E+002
     31  3.059510154300787E-005  2.349957735236975E+001
    398  3.041638549665883E-005  5.298968704937109E+001
    341  3.026964161362617E-005  4.207899368185591E+001
    484  2.986417454593134E-005  5.894622531819898E+001
    493  2.952429426808975E-005  5.956939432616837E+001
     95  2.951471325607063E-005  2.806113631432304E+001
    632  2.914866274427000E-005  1.086732063917954E+002
    349  2.899772247486291E-005  4.279212686889406E+001
    488  2.896768672141766E-005  5.904214899548738E+001
    551  2.885308810546240E-005  1.044758850995860E+002
    340  2.852144905829565E-005  4.203744443197692E+001
     19  2.842763171015725E-005  2.137958735177528E+001
    717  2.801692569045634E-005  1.119901298340990E+002
    425  2.787240225140125E-005  5.512885982268182E+001
    712  2.752947997111531E-005  1.118479116964762E+002
    160  2.694173136150745E-005  3.140287364756382E+001
    835  2.679151860510261E-005  1.176766134664512E+002
    290  2.653784936766429E-005  3.834059039797889E+001
    378  2.645521633483661E-005  4.609481655347708E+001
   1063  2.643569273528313E-005  1.338610239777397E+002
    226  2.607883922980073E-005  3.460914941435140E+001
    917  2.566418601131576E-005  1.262583151256411E+002
    522  2.524794958098005E-005  6.189501394570030E+001
    119  2.515144452607347E-005  2.929038281335912E+001
    531  2.502606438859207E-005  6.280622541285696E+001
    742  2.473054185266949E-005  1.126546326383816E+002
    507  2.459347657577902E-005  6.098134465730102E+001
    592  2.455956566207333E-005  1.074010896433819E+002
     64  2.452959085858184E-005  2.637954322898939E+001
    465  2.442169413899175E-005  5.845233409136720E+001
    315  2.406625636965877E-005  3.946262277995078E+001
    437  2.396510729815358E-005  5.567668099873953E+001
    979  2.301228667245786E-005  1.292073280791942E+002
    163  2.263718290109169E-005  3.148605603035891E+001
    360  2.256014544792061E-005  4.501412031898634E+001
    278  2.248326801859779E-005  3.775225448216675E+001
    288  2.235048837601643E-005  3.825168870868715E+001
    271  2.202228937444388E-005  3.769377629908810E+001
    394  2.156611880178243E-005  5.275338077531283E+001
     21  2.151711307238645E-005  2.149552581175353E+001
    907  2.150406433068771E-005  1.254774984052440E+002
    130  2.131734497770845E-005  2.969026097336859E+001
    372  2.123692850372179E-005  4.569660817760900E+001
    795  2.113001057379209E-005  1.159446042090269E+002
    192  2.112009492800078E-005  3.373139183933635E+001
    456  2.105431780504324E-005  5.758475825352298E+001
    320  2.100984763649910E-005  3.958466091098631E+001
    471  2.092988308222773E-005  5.859921299406331E+001
    434  2.092155666801810E-005  5.556859477681133E+001
     50  2.088598839828598E-005  2.524792740229145E+001
    981  2.040914858871601E-005  1.292686845988868E+002
    179  1.994026592839867E-005  3.301071504933698E+001
    706  1.981379241090986E-005  1.115644797142602E+002
    848  1.976933528286861E-005  1.185512117490796E+002
    481  1.938644532764826E-005  5.889564718758225E+001
    337  1.933768314425845E-005  4.125439580477820E+001
     70  1.923479181954559E-005  2.683332853591699E+001
     14  1.874665148949425E-005  2.047451167645159E+001
    538  1.829669074654391E-005  8.801939400846273E+001
    486  1.818097614805957E-005  5.898078655703418E+001
    254  1.817429841647877E-005  3.696870162494890E+001
    247  1.816376826636275E-005  3.613855018049320E+001
     77  1.786004658167169E-005  2.720977418778346E+001
    383  1.783083005175900E-005  4.665506804468283E+001
    197  1.773335888528249E-005  3.407091137263039E+001
    725  1.771802006401633E-005  1.122622575126908E+002
    822  1.762137166342387E-005  1.173379890193997E+002
    680  1.753541519653648E-005  1.106808485277705E+002
    491  1.723579606170423E-005  5.916484178919298E+001
     90  1.718785270133293E-005  2.792299487571685E+001
    663  1.717325584414619E-005  1.095408569103236E+002
    972  1.697828439192783E-005  1.289491342298440E+002
    158  1.665757020430218E-005  3.138637587596471E+001
    639  1.663519455502480E-005  1.087924757147032E+002
    785  1.647523815538411E-005  1.156515149006221E+002
     46  1.621619168730889E-005  2.508968851186969E+001
    161  1.615537192510133E-005  3.141544799468193E+001
    559  1.607467837794839E-005  1.054467335457494E+002
   1036  1.606304991436226E-005  1.315563975924429E+002
   1022  1.573431139485776E-005  1.309570316227355E+002
    576  1.563701429373977E-005  1.068188420241767E+002
    631  1.554168904990945E-005  1.086593678715634E+002
    261  1.552875621306661E-005  3.751537038816641E+001
    206  1.549558840961528E-005  3.418711639611698E+001
    930  1.540957727418566E-005  1.272550109882912E+002
    762  1.538848548989998E-005  1.134504722361933E+002
     53  1.516275126951759E-005  2.532427500710937E+001
    375  1.508573263933515E-005  4.577921754207221E+001
    356  1.507885323988004E-005  4.399929676237998E+001
    268  1.487932675622656E-005  3.765614789507087E+001
     58  1.482399844917107E-005  2.603619761911758E+001
      3  1.480765245564671E-005  1.530095081680193E+001
    109  1.435625900084599E-005  2.888359254004277E+001
    492  1.434539499348765E-005  5.919740097208313E+001
    861  1.409701772015742E-005  1.193618968506130E+002
    894  1.395864931208396E-005  1.226855190700912E+002
    844  1.393143646865019E-005  1.182236522024691E+002
    374  1.385856306250589E-005  4.576894168844035E+001
    277  1.380967194275208E-005  3.774405278528796E+001
    365  1.357998153482068E-005  4.540196146988517E+001
    209  1.348163011568379E-005  3.420776675567321E+001
    253  1.338106163424124E-005  3.690338042035397E+001
    555  1.329051051262141E-005  1.049505825405343E+002
    676  1.309083247323991E-005  1.102968009656115E+002
     36  1.301747548355238E-005  2.408548968715760E+001
    377  1.297691879315379E-005  4.580996274485975E+001
    461  1.294745469956792E-005  5.832169084274378E+001
    672  1.279677806579268E-005  1.100523893058521E+002
    977  1.255064480819331E-005  1.291448023039548E+002
   1046  1.236803044912556E-005  1.322741703884410E+002
    514  1.230894717070766E-005  6.112143562944963E+001
    496  1.223885938649326E-005  5.977778544840232E+001
   1013  1.214302734060699E-005  1.306191025791559E+002
    416  1.207993629692907E-005  5.412105627361211E+001
    439  1.204282336619048E-005  5.581771077364913E+001
     12  1.199168622481008E-005  1.791855268392995E+001
    781  1.183234506538843E-005  1.155015502370288E+002
    282  1.180869307773455E-005  3.781601762519486E+001
    821  1.172653967955712E-005  1.173213489801490E+002
    285  1.166393228507548E-005  3.794670187788559E+001
    126  1.166311540557395E-005  2.957864372821811E+001
    389  1.133540195022428E-005  4.924612888004685E+001
    597  1.126956888483218E-005  1.076362394255561E+002
    104  1.114814147964010E-005  2.863475114667724E+001
    807  1.092362428027595E-005  1.166040027024774E+002
    544  1.081827238180377E-005  1.037287728441322E+002
    661  1.075190093973715E-005  1.094040232551639E+002
    287  1.073051225060756E-005  3.806334999222836E+001
    947  1.057274486763830E-005  1.280025795512814E+002
     47  1.051045306725856E-005  2.514695584094496E+001
    255  1.038957846384136E-005  3.705801266502003E+001
    142  1.023100982987271E-005  3.011700635419402E+001
     72  1.020707601540695E-005  2.695844835194747E+001
    325  1.011446719784841E-005  3.979678053884171E+001
    751  1.006758306726049E-005  1.129352725370382E+002
    515  1.004843517490156E-005  6.113166482037749E+001
    684  1.003815332160759E-005  1.108055531440044E+002
     84  9.901729849791420E-006  2.748397341497807E+001
    521  9.865548761771555E-006  6.120499406654021E+001
    274  9.854350196517503E-006  3.771469066363962E+001
    777  9.718018428730681E-006  1.150636811545726E+002
    797  9.636634608311561E-006  1.161224071144865E+002
     93  9.604806601212153E-006  2.801831476528660E+001
     66  9.570639384064336E-006  2.653041695388611E+001
   1009  9.542086338383780E-006  1.304609142394732E+002
   1065  9.466028784436620E-006  1.340986810838602E+002
   1051  9.361663044841202E-006  1.330173846663143E+002
    490  9.313628339205481E-006  5.909746584665749E+001
    577  9.145940965743711E-006  1.068269012623950E+002
    393  9.029903327120444E-006  5.117422678475859E+001
    776  8.939688960857566E-006  1.150535509847603E+002
    295  8.910713302046479E-006  3.844649820311862E+001
   1002  8.851486533231623E-006  1.301955720736593E+002
   1073  8.842485730673939E-006  1.355646294676644E+002
    406  8.764556907046792E-006  5.347162595814701E+001
    329  8.718440384014903E-006  3.994917835777716E+001
    880  8.459891981452680E-006  1.209811659012211E+002
    944  8.434987646561037E-006  1.278264506290159E+002
    561  8.384279637060045E-006  1.057823475786052E+002
    348  8.370563026626868E-006  4.278252907839931E+001
     74  8.239232502064764E-006  2.706787664592100E+001
    172  8.174626752219195E-006  3.254695536480502E+001
    364  8.130300095623759E-006  4.528995878587361E+001
    545  8.061357017194125E-006  1.038885725205099E+002
     61  7.968327986333636E-006  2.623624111749398E+001
    784  7.778945765211779E-006  1.156115101864969E+002
    741  7.606776889116457E-006  1.126383251241469E+002
    967  7.467493461646959E-006  1.287730879251822E+002
    450  7.434520915251888E-006  5.723022636777802E+001
    973  7.362901396546694E-006  1.290303348922233E+002
    317  7.358547683115066E-006  3.952108816795088E+001
    410  7.311120450671563E-006  5.380004782230375E+001
    252  7.303157756476328E-006  3.681481496629917E+001
    669  7.301625173683146E-006  1.098991161820264E+002
    133  7.289776965770017E-006  2.980777525245198E+001
   1077  7.163115942456500E-006  6.189178021453241E+002
    529  7.108326806991752E-006  6.213305424318654E+001
    357  7.095043309465500E-006  4.413715889769129E+001
    921  7.081889600696531E-006  1.266347372507485E+002
    257  7.033487178910726E-006  3.716053985696894E+001
    579  6.848267571311812E-006  1.068810185812333E+002
    692  6.508933174978181E-006  1.109991362888409E+002
    648  6.486281865385732E-006  1.089328290594756E+002
     16  6.421917423857944E-006  2.083990463296455E+001
    574  6.276246358512418E-006  1.067089856517616E+002
    696  6.244795469511851E-006  1.111110130672436E+002
    279  6.162519022355920E-006  3.776291602598710E+001
    338  6.028707088202910E-006  4.143596746217444E+001
    159  5.950600297738377E-006  3.140014259635325E+001
    583  5.931385943372086E-006  1.070323413352247E+002
    449  5.929121745215002E-006  5.713782918039372E+001
    638  5.843784780725718E-006  1.087773663504995E+002
    994  5.738383580262179E-006  1.299886393654431E+002
    313  5.738241496189820E-006  3.941220320488696E+001
    167  5.717516572737095E-006  3.206734480721192E+001
    569  5.687075812827530E-006  1.064024371239422E+002
    216  5.528857474142200E-006  3.431915233475488E+001
    886  5.515262897628573E-006  1.214498350996194E+002
    573  5.508567729459232E-006  1.066520968004064E+002
    584  5.237241335124528E-006  1.071415131646536E+002
    640  5.214243043925075E-006  1.088027953187827E+002
    386  5.211407207753894E-006  4.778448827008048E+001
     85  5.186679302243978E-006  2.757726243328665E+001
    234  5.182248732409802E-006  3.541632958107625E+001
    816  5.174099427274327E-006  1.170854692244173E+002
    999  5.152874897483244E-006  1.301340763851820E+002
    887  5.080393376382149E-006  1.215278324822884E+002
   1050  5.076970336628380E-006  1.326682006609648E+002
    693  5.029021899253905E-006  1.110198391814811E+002
    131  5.028990121786625E-006  2.976719894627799E+001
   1010  4.963861669490767E-006  1.305150376372933E+002
    343  4.921718246944481E-006  4.223776350771931E+001
    246  4.812627421377925E-006  3.612200287477440E+001
    643  4.781778481771960E-006  1.088529165631816E+002
    664  4.722608239688530E-006  1.095868237421283E+002
    769  4.668209925214812E-006  1.141494817506874E+002
     62  4.662739768532538E-006  2.630569023157911E+001
    138  4.610190679408098E-006  2.998810658959070E+001
    541  4.587484990098266E-006  1.020561485810812E+002
    358  4.582471942940265E-006  4.418411045040358E+001
    391  4.542859592198302E-006  4.935295074539214E+001
    986  4.540231680050540E-006  1.294778988001748E+002
     87  4.510549491085330E-006  2.773505635732142E+001
    328  4.479169369643983E-006  3.982877398686839E+001
    296  4.433001673700913E-006  3.847026909032138E+001
   1014  4.366711038932549E-006  1.306579532637773E+002
   1075  4.347313176032899E-006  1.852007864492208E+002
    711  4.327652689993895E-006  1.117833092223069E+002
    187  4.319537830316445E-006  3.338593491458187E+001
    331  4.303845877834502E-006  4.033978069592825E+001
    204  4.294496216708762E-006  3.416741852472765E+001
    173  4.289255075999137E-006  3.267731285541730E+001
    203  4.185614332880264E-006  3.415596231316062E+001
    786  4.165272792090186E-006  1.156679892855772E+002
    135  4.152351583926742E-006  2.990996926970350E+001
    291  4.150908681209802E-006  3.834865717601958E+001
    212  4.139008698038138E-006  3.425448747044050E+001
    940  4.105153170557215E-006  1.277053477702196E+002
    352  4.104666956705041E-006  4.345183818831803E+001
    934  4.080252183947537E-006  1.274026915475210E+002
    598  4.072132963656012E-006  1.077082259858063E+002
    782  4.059276443564953E-006  1.155663554633046E+002
    144  4.014146819541069E-006  3.023024488043693E+001
    237  4.011538679417357E-006  3.561350513334219E+001
    305  4.003531229466108E-006  3.919092577852600E+001
    156  4.002677322026224E-006  3.133959801814033E+001
    181  3.968698284818896E-006  3.309588236011395E+001
    370  3.811249984912554E-006  4.562254251008403E+001
    753  3.784954489644574E-006  1.130399909728984E+002
    214  3.782709602705317E-006  3.429158842681225E+001
    852  3.762750261496104E-006  1.189308904937423E+002
    243  3.756517312440011E-006  3.580427376176280E+001
    796  3.740712813391584E-006  1.160406419035091E+002
    622  3.737909644081987E-006  1.084041586407917E+002
    189  3.733018917232987E-006  3.348575581421191E+001
    289  3.704213181829835E-006  3.832422991649202E+001
    542  3.686324169942443E-006  1.021380905135569E+002
    772  3.679437637423777E-006  1.144444014986270E+002
    590  3.677961535060377E-006  1.073381491314167E+002
    101  3.672805942414792E-006  2.816121926613436E+001
    710  3.548026576007785E-006  1.117114283703663E+002
    996  3.461000418952456E-006  1.300741546440489E+002
    339  3.352728827068093E-006  4.199721405536648E+001
    863  3.304676497335221E-006  1.194780899982511E+002
    444  3.280548602885266E-006  5.640873014994138E+001
    955  3.270044459613397E-006  1.283043098504922E+002
   1054  3.262894401144153E-006  1.332101619260334E+002
    905  3.216423176544524E-006  1.252963463377060E+002
   1071  3.211487668658067E-006  1.353191143310252E+002
    942  3.192829366165854E-006  1.277896527703618E+002
    324  3.122046531868071E-006  3.965813849875591E+001
    354  3.108959711533514E-006  4.358717802496741E+001
   1040  3.077661633530180E-006  1.318325334098182E+002
    682  3.008444549964289E-006  1.107795174367904E+002
    208  2.989533771087142E-006  3.420400517096608E+001
    800  2.974579674546223E-006  1.161811067685375E+002
    345  2.970024187077299E-006  4.248475366295001E+001
    382  2.915456591207709E-006  4.661435463500721E+001
    199  2.897943442043471E-006  3.411214171315592E+001
     89  2.804164238593940E-006  2.787565477396676E+001
    847  2.794501215311464E-006  1.183795327778256E+002
    610  2.782256948769933E-006  1.080548791140610E+002
    793  2.714370457702832E-006  1.158943894419280E+002
    128  2.712819411119375E-006  2.964876822252022E+001
    798  2.706442037351171E-006  1.161233232814441E+002
    976  2.697573373400478E-006  1.291265023483052E+002
    908  2.670552001794875E-006  1.256350992978881E+002
    859  2.638128998037206E-006  1.193117826572047E+002
    170  2.602907127432505E-006  3.240864442722207E+001
     75  2.586947655523203E-006  2.717284531466260E+001
    899  2.576097050372154E-006  1.237750393258326E+002
     82  2.574749643727345E-006  2.744742479332049E+001
   1017  2.550619782569945E-006  1.307020085696559E+002
    719  2.509145681234568E-006  1.120361196403708E+002
    229  2.509118853213547E-006  3.477639317683153E+001
    743  2.485935477710193E-006  1.126739704882794E+002
    909  2.467639794683365E-006  1.256671150468244E+002
    794  2.467431755157822E-006  1.159299755047292E+002
   1004  2.458655184905032E-006  1.302828791464404E+002
     15  2.452832061584146E-006  2.077312965636918E+001
   1015  2.434120796055531E-006  1.306693309857935E+002
    705  2.414131563935595E-006  1.114879185885843E+002
    651  2.411392134097040E-006  1.090123807306586E+002
    314  2.399926067138439E-006  3.944402428691944E+001
    169  2.380914652741605E-006  3.225245008090104E+001
    605  2.294064162078955E-006  1.079476682950407E+002
    347  2.286331699575682E-006  4.251894246220620E+001
    642  2.283720403070778E-006  1.088349318990273E+002
    900  2.270638424220259E-006  1.240255399934555E+002
    428  2.269882908708234E-006  5.539697768550786E+001
     43  2.240442457770707E-006  2.485090944939308E+001
    136  2.181064530824077E-006  2.995197020395121E+001
     13  2.180706097621002E-006  2.038781372204352E+001
    124  2.177009754089872E-006  2.953039329658957E+001
    896  2.167505762043800E-006  1.231967026860033E+002
    679  2.142795714427664E-006  1.106299731616480E+002
    920  2.142661906076428E-006  1.265729199247587E+002
    284  2.118832597865926E-006  3.794002386601017E+001
    985  2.083231107860137E-006  1.294454523269476E+002
    196  2.024605233556755E-006  3.402217963204272E+001
    845  2.015752090673270E-006  1.182722434309271E+002
    147  1.990882853599092E-006  3.045498909450352E+001
   1027  1.990061804293546E-006  1.311414239553258E+002
    553  1.988714332473890E-006  1.045844149005738E+002
    869  1.984598582613882E-006  1.201465244096069E+002
    755  1.983540312884743E-006  1.130537195644052E+002
     34  1.976073138682640E-006  2.394870774261297E+001
    840  1.969125667456150E-006  1.179674198090055E+002
    176  1.949731958700920E-006  3.283702642513862E+001
    923  1.944897152215063E-006  1.267345977181097E+002
    137  1.936572028304967E-006  2.996307755422044E+001
    139  1.922923976466027E-006  3.001327528760398E+001
    564  1.919793171169191E-006  1.059223740174141E+002
    373  1.918544471698645E-006  4.573517441489172E+001
    121  1.889986289628480E-006  2.937009161569695E+001
    149  1.881175356862568E-006  3.064428879965062E+001
    414  1.867029302063713E-006  5.408443269732371E+001
    401  1.860183731859941E-006  5.310952948046032E+001
    155  1.858470479767236E-006  3.129077640287002E+001
    463  1.848537584885195E-006  5.840368106338346E+001
    647  1.847649118565870E-006  1.089204596390746E+002
    361  1.846020903037938E-006  4.509188248244521E+001
    143  1.823471513116227E-006  3.021552765862468E+001
    645  1.820316285479007E-006  1.088758352374567E+002
    761  1.804619377434092E-006  1.134019555363662E+002
    447  1.796345182607346E-006  5.692641404400948E+001
    633  1.782583273869874E-006  1.086770367044967E+002
    815  1.771451255959315E-006  1.170844697210597E+002
    754  1.769072181389708E-006  1.130532912402911E+002
    703  1.765306160608819E-006  1.113359924967504E+002
    565  1.732791080357930E-006  1.059848591127986E+002
    242  1.724504672847046E-006  3.575330164903793E+001
   1030  1.711123994869663E-006  1.313677884464318E+002
    353  1.710687059100712E-006  4.354452657935016E+001
    457  1.709149698809105E-006  5.770039153165104E+001
    987  1.696326538884666E-006  1.295218650079724E+002
    567  1.674841271914810E-006  1.061175767374582E+002
     22  1.633879238510809E-006  2.149928230079738E+001
     38  1.618792974056750E-006  2.415274881711009E+001
    435  1.616945116914473E-006  5.559833163642786E+001
    106  1.614169598584622E-006  2.873147041157064E+001
    556  1.598683853274294E-006  1.053074591696642E+002
    668  1.579952959747426E-006  1.098358517134249E+002
    499  1.579844910654523E-006  6.010190034988052E+001
    506  1.563305680284544E-006  6.092479484159845E+001
     30  1.524299324562969E-006  2.339033246897357E+001
    775  1.517093736327940E-006  1.149447083106751E+002
    330  1.508373932063249E-006  4.000719691328421E+001
    897  1.501092436753929E-006  1.233154024205701E+002
     88  1.485459277207490E-006  2.776495450944637E+001
    218  1.484972897090522E-006  3.434087154455664E+001
    200  1.450395220160603E-006  3.413076352937113E+001
    183  1.442535438197833E-006  3.317747871488443E+001
    901  1.434483800900719E-006  1.246352700151236E+002
    686  1.422214350186132E-006  1.108321598991433E+002
    146  1.390389476349318E-006  3.038455959742199E+001
    344  1.362650439178927E-006  4.229281490750487E+001
    938  1.358234716908854E-006  1.276246332177813E+002
    827  1.340689657507541E-006  1.174913134466901E+002
    726  1.326935051224239E-006  1.123280306605216E+002
    714  1.321390036243086E-006  1.118865310298163E+002
    982  1.297025383995348E-006  1.293230544301462E+002
    601  1.292028167986078E-006  1.078222216339937E+002
    123  1.291244176577498E-006  2.945706723223188E+001
    227  1.278691912383092E-006  3.461221107986133E+001
    878  1.257725671930473E-006  1.208553192243232E+002
    993  1.244221019312409E-006  1.299638892136509E+002
    974  1.242378989567728E-006  1.290391941684268E+002
    893  1.240583156613158E-006  1.225899968537864E+002
    307  1.237379013533122E-006  3.924418415703018E+001
    936  1.200050083535606E-006  1.275963114471066E+002
    677  1.181520173742432E-006  1.104103779431708E+002
    141  1.171972591899084E-006  3.005205957969120E+001
    548  1.148633468284343E-006  1.041098140943872E+002
    443  1.133518631475296E-006  5.615506371008289E+001
    178  1.126495318900556E-006  3.291892583427273E+001
    276  1.089742742228085E-006  3.774173651101562E+001
    470  1.068590935221811E-006  5.858950887133865E+001
    731  1.063574487704598E-006  1.124795031346507E+002
    646  1.061071601255418E-006  1.089039652974663E+002
    704  1.048072422902511E-006  1.114088220449556E+002
    557  1.047715266738546E-006  1.053298087456868E+002
    612  1.031428434923588E-006  1.080838271474082E+002
    157  9.908763582295069E-007  3.136040875348826E+001
    770  9.893328163799244E-007  1.141655133118217E+002
    528  9.788474369086851E-007  6.211763689923020E+001
    606  9.677784081245629E-007  1.079754075340127E+002
    235  9.667840711961444E-007  3.553329683850696E+001
    990  9.651529490388151E-007  1.297249883032466E+002
    799  9.495973418525274E-007  1.161655148393659E+002
      6  9.195064799312573E-007  1.593905863128156E+001
    927  8.735851932821572E-007  1.271118445081471E+002
    995  8.727013375426598E-007  1.300556822463785E+002
    874  8.361685457280021E-007  1.206463359037059E+002
    127  8.293959137382768E-007  2.958197907168710E+001
    520  8.238973930891207E-007  6.117519869664547E+001
    968  8.154436816553364E-007  1.287893908307005E+002
    749  8.122857909400872E-007  1.128862829609149E+002
    269  8.115790319825596E-007  3.766609016559832E+001
    862  8.016884909611932E-007  1.194326389788892E+002
    773  7.802609597674231E-007  1.146041296786391E+002
    629  7.761928399421305E-007  1.086436456014825E+002
    819  7.612927704693271E-007  1.172617623112352E+002
   1043  7.394576899833389E-007  1.320181582363304E+002
    174  7.256094143055197E-007  3.277024257542895E+001
    975  7.184560660781216E-007  1.290479361570385E+002
    723  7.070675152360729E-007  1.122249597820348E+002
    412  6.974142072772480E-007  5.399327798218789E+001
    660  6.911623474980097E-007  1.093929129115852E+002
    935  6.846750167369794E-007  1.274477748704804E+002
    441  6.845213054649991E-007  5.602297434426368E+001
    733  6.827623636005556E-007  1.125211996768446E+002
    752  6.754346876935227E-007  1.129825416205730E+002
    586  6.671589603743796E-007  1.072414988471015E+002
    371  6.655196803048453E-007  4.567834615857563E+001
   1028  6.633065035832347E-007  1.312419762585663E+002
    562  6.522656800034547E-007  1.058125905236654E+002
    943  6.508941524538332E-007  1.278255860865938E+002
    685  6.387328499291335E-007  1.108208915724099E+002
    469  6.350456768913858E-007  5.857260373695996E+001
    162  6.067339804304177E-007  3.142013005221356E+001
    342  5.815633666358712E-007  4.219280462450153E+001
    171  5.786654928383281E-007  3.251692712246987E+001
    778  5.762896834401026E-007  1.153062331743218E+002
    823  5.718140284476960E-007  1.173434151863991E+002
    250  5.454685072233145E-007  3.645071914574685E+001
    403  5.439980296519694E-007  5.332276567118551E+001
    957  5.119484381520629E-007  1.283224605383935E+002
    476  5.059800082528722E-007  5.874284760292872E+001
    736  4.928650923890046E-007  1.125700463249535E+002
    721  4.869563479864833E-007  1.121902054803930E+002
    613  4.866495035087816E-007  1.081325074305931E+002
    856  4.793331502450203E-007  1.192407591408727E+002
    657  4.742766289119837E-007  1.092680437977900E+002
    718  4.636830283944371E-007  1.120307816427976E+002
    811  4.578400153166681E-007  1.169131613251637E+002
    839  4.474593318415919E-007  1.178451551754228E+002
    451  4.447435776090568E-007  5.726939793781466E+001
    889  4.320013174194879E-007  1.221096476933091E+002
   1003  4.278575479698675E-007  1.302792324598297E+002
    644  4.200899754303966E-007  1.088699046594824E+002
    336  4.146891701298200E-007  4.106442919982931E+001
    466  4.114064942107268E-007  5.848631456847294E+001
    787  4.028813059895730E-007  1.157066821730262E+002
    732  4.027653915158554E-007  1.124809932511083E+002
    758  3.908888388460842E-007  1.131945788764974E+002
    728  3.832496582052615E-007  1.123911467240560E+002
    971  3.747535544882689E-007  1.289111652451389E+002
    662  3.724693123010703E-007  1.094304874643061E+002
    759  3.651493690892721E-007  1.132523759465808E+002
    670  3.569530037911230E-007  1.099218253642219E+002
    366  3.559821142486829E-007  4.541480133184800E+001
    634  3.491601040879944E-007  1.087110579745548E+002
    949  3.481091169568945E-007  1.280833568476082E+002
    735  3.473810075579757E-007  1.125422257639707E+002
    876  3.447833539811018E-007  1.207338716680959E+002
    624  3.430149323467660E-007  1.084534043855216E+002
    747  3.424491368683519E-007  1.128221651622354E+002
    849  3.403751090389329E-007  1.186556798515274E+002
    116  3.350953371978603E-007  2.910094471225916E+001
    619  3.319635191764759E-007  1.083262496248409E+002
    820  3.297628814528527E-007  1.173160626674297E+002
    399  3.284959774191784E-007  5.300117686152819E+001
    857  3.234854413057042E-007  1.192977858717030E+002
    107  3.231977984209993E-007  2.880093649968087E+001
    931  3.226518105481177E-007  1.272754104030811E+002
     56  3.138182006772053E-007  2.577494999028338E+001
   1035  3.081413980309340E-007  1.315022364948826E+002
    922  3.063435301718468E-007  1.267277337836395E+002
    959  2.898466066406273E-007  1.283643788123119E+002
    571  2.890611700263807E-007  1.065760725477823E+002
    286  2.862223161501668E-007  3.806107114689090E+001
    817  2.767023634201959E-007  1.171745914510001E+002
    363  2.760959805450009E-007  4.523665715266514E+001
   1037  2.728836685517609E-007  1.316166834102353E+002
    620  2.722900777911400E-007  1.083700393844588E+002
    636  2.719629832004590E-007  1.087412284437008E+002
    656  2.709982693201252E-007  1.092383325553483E+002
    734  2.700432655061213E-007  1.125227414297757E+002
    864  2.684910043809473E-007  1.195154318953015E+002
    915  2.681171585330131E-007  1.261627872997085E+002
    757  2.659790308728309E-007  1.131455979007981E+002
    129  2.618424442170783E-007  2.967722940199728E+001
    779  2.567530586292978E-007  1.153237642854880E+002
    625  2.438701834989566E-007  1.084878781680722E+002
    828  2.421730107834171E-007  1.175132070682912E+002
    228  2.393553038378561E-007  3.465329128304563E+001
    293  2.385254855665340E-007  3.840315559517953E+001
    891  2.356633471260275E-007  1.222344606190913E+002
    536  2.299482723155062E-007  7.244369170766353E+001
    275  2.293490477344473E-007  3.771871208633355E+001
    239  2.215751845337990E-007  3.564788119351169E+001
    829  2.199012843745905E-007  1.175434491795728E+002
    939  2.197460033397698E-007  1.276788938661296E+002
   1007  2.120359162592791E-007  1.303971511397991E+002
    509  2.111779539352385E-007  6.104665142125116E+001
    689  2.104076959685132E-007  1.108992280227757E+002
    184  2.091082260396575E-007  3.328145954751520E+001
   1068  2.086572370228960E-007  1.342139437973118E+002
    945  2.051378742558738E-007  1.278945431870569E+002
    665  1.976592800629708E-007  1.096195054263975E+002
    965  1.965044914328594E-007  1.286084743618769E+002
    175  1.953845073923978E-007  3.282740528695558E+001
    867  1.912810495848492E-007  1.199420338065019E+002
    614  1.892692636482491E-007  1.081499604581023E+002
    715  1.880563386867841E-007  1.119122168057061E+002
    713  1.847462067079169E-007  1.118750446375970E+002
    833  1.837308758375596E-007  1.176450554682990E+002
    368  1.807865130022466E-007  4.552075151204606E+001
    626  1.795032679120016E-007  1.085197354965440E+002
    933  1.793123145076034E-007  1.272967505112425E+002
    903  1.730137251189247E-007  1.249295857950171E+002
    388  1.709161232156727E-007  4.916519389587509E+001
    695  1.708876177238390E-007  1.110404578737834E+002
    641  1.703251447658919E-007  1.088136450829588E+002
    841  1.702316683874179E-007  1.180046875638410E+002
   1033  1.689659021671498E-007  1.314921549657209E+002
    801  1.617287023043860E-007  1.162412158177078E+002
    511  1.613584061198489E-007  6.108291035790679E+001
   1056  1.610963313971939E-007  1.332822863268028E+002
    628  1.602972432454615E-007  1.085999071252231E+002
     67  1.529762515814501E-007  2.663955326886673E+001
    560  1.515162322274328E-007  1.057397922085461E+002
    134  1.511662948275912E-007  2.989081555609098E+001
    424  1.428918381382911E-007  5.504400290817051E+001
    956  1.382910925677583E-007  1.283075816024711E+002
    225  1.376268017728927E-007  3.458265676939745E+001
    964  1.351411968872338E-007  1.284811881676410E+002
    739  1.351402188988685E-007  1.126267264275300E+002
    652  1.297661703047125E-007  1.090805000764319E+002
    850  1.247190725031069E-007  1.188640670964077E+002
    855  1.243862757158689E-007  1.192335282432478E+002
    902  1.235020109538768E-007  1.246861225619736E+002
    707  1.216650025393819E-007  1.116484954290111E+002
    792  1.158601554290502E-007  1.158579110744502E+002
    882  1.156623332358003E-007  1.212606419968792E+002
    362  1.130045298547721E-007  4.520209191521082E+001
    350  1.128122502439814E-007  4.287084402122760E+001
    596  1.058775248662214E-007  1.076305596761092E+002
     20  1.033709947640297E-007  2.146722812704134E+001
    688  1.032827983905600E-007  1.108652117541332E+002
    953  1.026652722552628E-007  1.282835790234384E+002
    558  9.924914658900803E-008  1.054235904423783E+002
    885  9.849307499118019E-008  1.213849358963692E+002
    951  9.771472476205188E-008  1.282127111215003E+002
    504  9.080513197796746E-008  6.073767201700102E+001
    616  9.059902501761455E-008  1.081902144651443E+002
    309  8.997462177564735E-008  3.929268620446922E+001
    809  8.920488813402592E-008  1.168273457040169E+002
   1076  8.478223818212451E-008  1.858411948136732E+002
    594  8.239060946958017E-008  1.075267994995216E+002
    767  8.176157243309860E-008  1.139787538815297E+002
    222  8.038683614887384E-008  3.444665555523785E+001
    872  7.749064155574805E-008  1.204992644439996E+002
    932  7.647438404494344E-008  1.272890793904072E+002
    764  7.590100621283183E-008  1.137269990775531E+002
    790  7.571643144164675E-008  1.158127479939932E+002
    804  7.556345531925312E-008  1.164307012054320E+002
    834  7.243687171383760E-008  1.176651591794238E+002
    740  7.193303861585802E-008  1.126281679605138E+002
    508  6.191939257625484E-008  6.101348113010317E+001
    946  6.075525672036528E-008  1.279201366409634E+002
    963  5.860690991005158E-008  1.284456810480366E+002
   1023  5.793379243203982E-008  1.309907545973144E+002
    941  5.556770635328697E-008  1.277239710636116E+002
    806  5.543182576938416E-008  1.165904998677036E+002
    501  5.472629051755897E-008  6.025540211442135E+001
    961  5.296925333556327E-008  1.283826108536399E+002
    904  5.168404883953125E-008  1.250437756508075E+002
    750  5.111331856444879E-008  1.128980084302201E+002
   1012  4.846450680709779E-008  1.305860585800326E+002
    720  4.719191935714445E-008  1.121496181246094E+002
    417  4.623285318232692E-008  5.432386496665636E+001
    846  4.371081380428175E-008  1.183733977129572E+002
    699  4.034526815526716E-008  1.111753891148923E+002
    272  3.740641112650205E-008  3.770876893490352E+001
     83  3.739648419839224E-008  2.745200449399356E+001
    814  3.654726681245448E-008  1.170571282096026E+002
    603  3.642263227342727E-008  1.078480909052838E+002
    766  3.575176179955041E-008  1.138313497862233E+002
    980  3.508938914757701E-008  1.292322903638887E+002
    627  3.476048347870072E-008  1.085359599099982E+002
     25  3.368974549531457E-008  2.268285797328677E+001
    654  3.237068685983151E-008  1.091774321289355E+002
    788  3.225694190205516E-008  1.157595566872355E+002
    888  3.030835866555657E-008  1.215384892766490E+002
    608  3.002097915607653E-008  1.080310773431174E+002
    837  2.916574773616395E-008  1.177814246314451E+002
    709  2.610545510144168E-008  1.116986555393093E+002
    260  2.482856486383580E-008  3.745846822965304E+001
    607  2.457740806172927E-008  1.079782277499060E+002
    563  2.309294646856387E-008  1.058622417292547E+002
    881  1.993613002531980E-008  1.212001054655417E+002
    323  1.864028256092939E-008  3.963162035223775E+001
    805  1.716888015559654E-008  1.165442309434909E+002
    830  1.691913286630511E-008  1.175448785112390E+002
    122  1.688556823398363E-008  2.942821875092930E+001
    263  1.661644085665608E-008  3.756851288337069E+001
     40  1.657629074394724E-008  2.429142631572386E+001
    221  1.615720827071971E-008  3.444064242877499E+001
    978  1.562690754210187E-008  1.291764873003617E+002
    581  1.542083915954122E-008  1.069166383916512E+002
    168  1.475603607864599E-008  3.223239881301075E+001
    220  1.464660923543500E-008  3.440936379612124E+001
    595  1.459491620732572E-008  1.075727311228692E+002
    744  1.425442771851345E-008  1.127340165661099E+002
    818  1.375660329802161E-008  1.172202887178189E+002
    701  1.327488790194894E-008  1.112655741498095E+002
   1049  1.166098037971184E-008  1.325964910892840E+002
    912  9.044209564152572E-009  1.259977317017505E+002
    231  8.859486573050505E-009  3.529195130720404E+001
    150  7.911597381884620E-009  3.095380367517388E+001
    224  6.538885607267998E-009  3.456258153743839E+001
     96  6.503809198180298E-009  2.807603105873968E+001
    140  6.235751463280114E-009  3.002380690834687E+001
    526  5.233446595116026E-009  6.205614154690332E+001
    283  4.655855347586296E-009  3.781664732037148E+001
    591  4.293655007800606E-009  1.073970459895217E+002
     78  3.958125675472976E-009  2.724001953302053E+001
    729  3.954269474874274E-009  1.124070412533170E+002
    455  2.928244724979013E-009  5.757818593173593E+001
    910  2.471718015200278E-009  1.258349422363612E+002
    914  1.903500233696923E-009  1.261343003660832E+002
    771  1.461814731864378E-009  1.142541813627527E+002
   1019  1.097388306943640E-009  1.307856127904329E+002
    868  9.714722218245012E-010  1.199994649602093E+002
   1025  7.462339983746358E-010  1.310823101564250E+002
    722  5.549307911088645E-010  1.121989232781130E+002
    334  4.710477156851816E-010  4.055961280242965E+001
    589  3.456958592582922E-010  1.073243551551986E+002
    969  2.637169713728358E-010  1.288232913140608E+002
    674  2.621712550774719E-010  1.101627157855635E+002
    906  1.238367429301661E-010  1.253859334012492E+002
    925  7.624926800306650E-011  1.268943605090481E+002
     68  5.660148507398435E-011  2.665958995788216E+001
    653  4.197828241431040E-011  1.090926521840726E+002
