# Number of modes
   1077
# Tabulated for different initial and final frequencies?
    F
# Mode index, Sj, (highest to lowest), omega_j
    539  3.366263376129978E-002  1.004038214764926E+002
    547  7.570684510205767E-003  1.040413527560943E+002
     65  6.177788809800942E-003  2.645533186342116E+001
   1072  5.258865003589358E-003  1.354275255218108E+002
   1070  3.114547860984270E-003  1.350535885837313E+002
     71  2.078231914717909E-003  2.691074291878593E+001
      7  1.863908605423983E-003  1.598850297870253E+001
    566  1.621957403498047E-003  1.060197199307676E+002
    108  1.375996414489904E-003  2.884206820739177E+001
    386  1.359921574559419E-003  4.778448827008048E+001
    563  1.330313385909226E-003  1.058622417292547E+002
    358  1.259563872795152E-003  4.418411045040358E+001
    248  1.191457958669182E-003  3.617742791171408E+001
    393  1.122041565679686E-003  5.117422678475859E+001
     70  1.087929239615659E-003  2.683332853591699E+001
    253  1.006837728104526E-003  3.690338042035397E+001
     23  9.847703210844453E-004  2.160694502786773E+001
      8  9.257021338749812E-004  1.603898235084092E+001
    164  9.006832919808808E-004  3.156123118588701E+001
     60  8.140406076780458E-004  2.612817271153773E+001
    188  8.130305394268621E-004  3.343297855491465E+001
     24  7.478928258460553E-004  2.165827626673025E+001
     55  7.146472531161883E-004  2.564739582447731E+001
     35  6.308952881425169E-004  2.406163852032448E+001
     67  6.297834389593902E-004  2.663955326886673E+001
    543  5.976541252420228E-004  1.026098663261161E+002
     38  5.891123411571208E-004  2.415274881711009E+001
    254  5.846597980457162E-004  3.696870162494890E+001
    152  5.749297190242693E-004  3.107793476288124E+001
    546  5.676124822573531E-004  1.038908634804570E+002
     37  5.667527417791930E-004  2.413005277682491E+001
   1052  5.217575040277928E-004  1.330891459743712E+002
    245  5.151004718830111E-004  3.584895809931362E+001
    100  4.932204713275159E-004  2.814590236831992E+001
    165  4.891068128486513E-004  3.194792507678593E+001
      2  4.825763156998977E-004  1.507477314615795E+001
    114  4.383594211172453E-004  2.903390568794284E+001
    384  4.306687679564253E-004  4.693482184770667E+001
    479  4.259879019263590E-004  5.886156225440574E+001
    223  4.202427138268684E-004  3.452101188794168E+001
    544  4.026448041439012E-004  1.037287728441322E+002
     57  3.860400382459331E-004  2.601044601303876E+001
    553  3.828563324993625E-004  1.045844149005738E+002
    111  3.732186974726755E-004  2.891758955889047E+001
     64  3.677865546539265E-004  2.637954322898939E+001
    492  3.641665577921006E-004  5.919740097208313E+001
    551  3.634851941284918E-004  1.044758850995860E+002
    185  3.549333760105054E-004  3.329017879350934E+001
    236  3.529804850172605E-004  3.558504171265294E+001
    157  3.434161373862846E-004  3.136040875348826E+001
    301  3.291152847591175E-004  3.874125966254066E+001
     18  3.236204205790858E-004  2.124694793769305E+001
    549  3.056778887475362E-004  1.043755820157491E+002
    151  3.004498724699523E-004  3.097448214004631E+001
    195  2.927973290507289E-004  3.399004655216064E+001
    103  2.925340273846079E-004  2.854698030319213E+001
   1069  2.888701989597220E-004  1.347402109836953E+002
    554  2.880969957920619E-004  1.048978551747549E+002
    535  2.770566056734941E-004  7.234684016852472E+001
     41  2.718017461565477E-004  2.434332602389209E+001
    387  2.678528995253686E-004  4.845493173747810E+001
    503  2.655920530931568E-004  6.062899617907863E+001
     91  2.636268055031356E-004  2.795709450840539E+001
    425  2.577735837301273E-004  5.512885982268182E+001
     54  2.551765447901188E-004  2.537118147105558E+001
     58  2.481192420724633E-004  2.603619761911758E+001
    169  2.441400114566708E-004  3.225245008090104E+001
    180  2.421131557169496E-004  3.306959511625761E+001
    341  2.415362117560252E-004  4.207899368185591E+001
     48  2.331726364543132E-004  2.521050943974308E+001
    251  2.254533062915556E-004  3.670193646720268E+001
    356  2.186228234605158E-004  4.399929676237998E+001
    198  2.147475580189010E-004  3.410095577154824E+001
    173  2.090107208611208E-004  3.267731285541730E+001
     12  2.054961568437125E-004  1.791855268392995E+001
      5  1.972760871399621E-004  1.580375607842547E+001
      4  1.958245507201096E-004  1.555889535187236E+001
    105  1.930920373736171E-004  2.872870804936272E+001
    530  1.897041000746895E-004  6.265828803408258E+001
    540  1.893461429791991E-004  1.019596674086986E+002
    148  1.859082904240508E-004  3.055713011308698E+001
    495  1.803732296528003E-004  5.971063876484735E+001
    230  1.794195726350797E-004  3.507000892128892E+001
    256  1.793430145951435E-004  3.708485200545782E+001
     31  1.786135054235972E-004  2.349957735236975E+001
    259  1.731102190908655E-004  3.731129763636223E+001
    329  1.701620585817871E-004  3.994917835777716E+001
    240  1.663661077813989E-004  3.568815433410965E+001
     40  1.554012334122791E-004  2.429142631572386E+001
     86  1.551037866043935E-004  2.760340701365068E+001
    182  1.522655720440032E-004  3.313118961536368E+001
     85  1.500526376807966E-004  2.757726243328665E+001
    400  1.499149465313236E-004  5.304406357850599E+001
    536  1.476509102423823E-004  7.244369170766353E+001
    125  1.438212112558055E-004  2.955205187993630E+001
    233  1.429584453315552E-004  3.536858076063520E+001
     92  1.408433343737669E-004  2.796966533379813E+001
     44  1.398529337803817E-004  2.487547588775838E+001
    330  1.392733982600567E-004  4.000719691328421E+001
   1062  1.345109857603626E-004  1.338537297016246E+002
    379  1.329634320859573E-004  4.610002508350383E+001
    241  1.318415994704094E-004  3.573178726353736E+001
    163  1.284306941793399E-004  3.148605603035891E+001
    117  1.231460296411712E-004  2.915145470361619E+001
   1044  1.215932945097358E-004  1.320835593454495E+002
    144  1.212298587432088E-004  3.023024488043693E+001
    255  1.194762491183934E-004  3.705801266502003E+001
    468  1.187590393624734E-004  5.850419738659161E+001
    238  1.167805032748825E-004  3.562010162214489E+001
    335  1.154285398407340E-004  4.064698242871874E+001
    229  1.126103504222986E-004  3.477639317683153E+001
    166  1.107046642837197E-004  3.197534022905977E+001
    154  1.059456705925537E-004  3.128025029310897E+001
    142  1.038927418186094E-004  3.011700635419402E+001
    531  1.028390491050833E-004  6.280622541285696E+001
    475  1.008020392962627E-004  5.870955367754343E+001
     11  9.988499574793731E-005  1.771447447329438E+001
    772  9.810742802915463E-005  1.144444014986270E+002
    438  9.787151341195723E-005  5.568774314714533E+001
     14  9.671357466886621E-005  2.047451167645159E+001
    190  9.670518038538496E-005  3.352213579831744E+001
    308  9.611307574718854E-005  3.924824416979163E+001
     36  9.434552357408165E-005  2.408548968715760E+001
     51  9.382444640768689E-005  2.527497960196780E+001
   1058  9.271678559641259E-005  1.334381531708862E+002
    402  9.257123376092031E-005  5.323403324336612E+001
    172  9.221130761813165E-005  3.254695536480502E+001
    380  9.107333525383732E-005  4.621788456267294E+001
    160  8.999727509984784E-005  3.140287364756382E+001
     66  8.932589290529429E-005  2.653041695388611E+001
     20  8.918309148831331E-005  2.146722812704134E+001
    404  8.764465884424890E-005  5.332919471058649E+001
    193  8.737487729010610E-005  3.387383688791338E+001
    409  8.712824416842999E-005  5.377950655266745E+001
    418  8.504521291894244E-005  5.440760214654593E+001
    347  8.092198836968490E-005  4.251894246220620E+001
    422  8.072406171307564E-005  5.478392604221921E+001
    559  8.061021310343142E-005  1.054467335457494E+002
    423  8.002869953014572E-005  5.491452382822700E+001
    512  7.725981236347263E-005  6.110465593383906E+001
    321  7.711241025502544E-005  3.959878738143280E+001
     97  7.698690143098411E-005  2.809615145046481E+001
    395  7.636325642393431E-005  5.279005865968511E+001
    411  7.487285121856375E-005  5.390414096058870E+001
    774  7.464502472552370E-005  1.147299018357027E+002
   1075  7.441189714702264E-005  1.852007864492208E+002
    500  7.380471781610553E-005  6.016266526055261E+001
    282  7.204455405903711E-005  3.781601762519486E+001
    131  7.159464679303400E-005  2.976719894627799E+001
   1074  7.149008259170359E-005  1.357832717908243E+002
    199  7.088941246177429E-005  3.411214171315592E+001
    405  7.047064550192109E-005  5.340951413863353E+001
    480  6.739183593379879E-005  5.887142017505539E+001
    504  6.615055475402547E-005  6.073767201700102E+001
    272  6.559899234283840E-005  3.770876893490352E+001
    454  6.450343510497928E-005  5.753531790534946E+001
     94  6.179673193638677E-005  2.803048707399637E+001
    575  6.095213434775372E-005  1.067636975144964E+002
    494  6.089081087456253E-005  5.959072402434833E+001
   1048  6.080797414735971E-005  1.325281096806480E+002
    212  6.078020737560196E-005  3.425448747044050E+001
    106  6.070360171814323E-005  2.873147041157064E+001
    110  6.041123123958581E-005  2.890337161783228E+001
    279  6.012133025247752E-005  3.776291602598710E+001
    344  5.892105655598454E-005  4.229281490750487E+001
    348  5.826044478571658E-005  4.278252907839931E+001
    346  5.786027885740729E-005  4.251353138364797E+001
    115  5.750728114370986E-005  2.908676806680809E+001
     95  5.737435207803440E-005  2.806113631432304E+001
     10  5.693568055828422E-005  1.630017574824609E+001
    426  5.639934558231323E-005  5.521112029631625E+001
     49  5.629729965386098E-005  2.521926711432687E+001
    385  5.591941451768413E-005  4.744969147605799E+001
    158  5.579423429625298E-005  3.138637587596471E+001
    183  5.565447859779421E-005  3.317747871488443E+001
    133  5.565330598489217E-005  2.980777525245198E+001
     89  5.524880117381510E-005  2.787565477396676E+001
     90  5.496581207432328E-005  2.792299487571685E+001
   1053  5.439743658026741E-005  1.331993000158318E+002
    207  5.376537817972524E-005  3.419271829752626E+001
    197  5.323368981663740E-005  3.407091137263039E+001
    145  5.313863553386995E-005  3.035386176419680E+001
    360  5.252198717708854E-005  4.501412031898634E+001
    351  5.242688264470843E-005  4.290814690346715E+001
    141  5.207976840126416E-005  3.005205957969120E+001
    196  5.198303470221297E-005  3.402217963204272E+001
    293  5.195333639703417E-005  3.840315559517953E+001
    205  5.152717467552256E-005  3.418138862993963E+001
     22  5.030738873214539E-005  2.149928230079738E+001
    413  4.985899279656307E-005  5.407796767412047E+001
    177  4.979211484582975E-005  3.286305119332699E+001
    898  4.914650475825333E-005  1.236287338505038E+002
    331  4.914043492149133E-005  4.033978069592825E+001
    298  4.801907987509508E-005  3.860785506393049E+001
    101  4.780952439244363E-005  2.816121926613436E+001
    275  4.729967376353866E-005  3.771871208633355E+001
    325  4.723843995515012E-005  3.979678053884171E+001
    226  4.676696697896488E-005  3.460914941435140E+001
    381  4.672421613452735E-005  4.623753374880091E+001
    332  4.670837556438576E-005  4.036182328117159E+001
    552  4.668342999054588E-005  1.045004516183760E+002
     17  4.664078550711132E-005  2.091913438766164E+001
    897  4.646549391823295E-005  1.233154024205701E+002
   1050  4.595250965493298E-005  1.326682006609648E+002
     77  4.577759815943126E-005  2.720977418778346E+001
    365  4.560453001111094E-005  4.540196146988517E+001
    466  4.554996868587349E-005  5.848631456847294E+001
   1055  4.545949764484393E-005  1.332315483337306E+002
    294  4.426120841838231E-005  3.844005427068350E+001
    303  4.413339167954205E-005  3.891633174738261E+001
    132  4.407933524582775E-005  2.978147182311027E+001
    576  4.361111246131396E-005  1.068188420241767E+002
    246  4.360555219869151E-005  3.612200287477440E+001
    191  4.357098316208327E-005  3.372798248811258E+001
     45  4.270036969623181E-005  2.505629895200580E+001
    291  4.200485159540797E-005  3.834865717601958E+001
    742  4.144447831256135E-005  1.126546326383816E+002
   1029  4.108468665004274E-005  1.312589073638632E+002
    306  4.038488243300029E-005  3.922583615449084E+001
    415  4.027512143164675E-005  5.409773008136273E+001
    283  3.989393274496116E-005  3.781664732037148E+001
    458  3.983939584345235E-005  5.780961640938520E+001
    218  3.809947840878872E-005  3.434087154455664E+001
    270  3.751971140497190E-005  3.767493462479421E+001
    267  3.742460422179475E-005  3.763942844703926E+001
    209  3.741534987782573E-005  3.420776675567321E+001
    120  3.725347122729437E-005  2.935022978395871E+001
    417  3.698981686253707E-005  5.432386496665636E+001
    984  3.650850966527728E-005  1.293776492189174E+002
    355  3.643641068723377E-005  4.365668409738398E+001
   1067  3.611086162720310E-005  1.341872351276505E+002
    295  3.604229172128725E-005  3.844649820311862E+001
     81  3.598720270779077E-005  2.737831616504717E+001
     74  3.591011771024978E-005  2.706787664592100E+001
    357  3.509993371950083E-005  4.413715889769129E+001
    278  3.458364897398359E-005  3.775225448216675E+001
   1060  3.429797177607655E-005  1.336329109810919E+002
    153  3.411796845642876E-005  3.119128674334460E+001
    816  3.397727826483110E-005  1.170854692244173E+002
     27  3.333213233447259E-005  2.288948685305089E+001
   1047  3.329244769154925E-005  1.324683504365100E+002
     72  3.293528220870121E-005  2.695844835194747E+001
    327  3.288601059041515E-005  3.980649710729982E+001
    537  3.285131802465726E-005  7.348438751630307E+001
    134  3.270782815519196E-005  2.989081555609098E+001
    337  3.215606418623078E-005  4.125439580477820E+001
    202  3.201611897030004E-005  3.414693728338715E+001
    343  3.175955415773861E-005  4.223776350771931E+001
    419  3.169733549396986E-005  5.447434435004674E+001
      9  3.151434726095920E-005  1.615282072713023E+001
    113  3.149447960185514E-005  2.894608485543543E+001
     53  3.116957324766337E-005  2.532427500710937E+001
    119  3.047849341752205E-005  2.929038281335912E+001
    548  3.035174416656916E-005  1.041098140943872E+002
    477  3.022227885413851E-005  5.875439662154096E+001
    290  3.013205473363263E-005  3.834059039797889E+001
    483  2.900862542608735E-005  5.892865432514233E+001
    161  2.899015564134539E-005  3.141544799468193E+001
    516  2.817102203449973E-005  6.114879167768425E+001
    691  2.815749861732436E-005  1.109942746792360E+002
    289  2.815557896130972E-005  3.832422991649202E+001
   1031  2.810948307287645E-005  1.313824495210718E+002
    592  2.777493947072500E-005  1.074010896433819E+002
    489  2.754394080381510E-005  5.906665573291085E+001
    280  2.729681014894103E-005  3.777070006257392E+001
    281  2.727822394658899E-005  3.778222215271058E+001
    244  2.690580098070574E-005  3.582009297825139E+001
    320  2.677687084807029E-005  3.958466091098631E+001
   1038  2.646824924824948E-005  1.317153469634680E+002
    221  2.601296109520643E-005  3.444064242877499E+001
    493  2.585550218974536E-005  5.956939432616837E+001
    434  2.580102063965134E-005  5.556859477681133E+001
    973  2.554792414783512E-005  1.290303348922233E+002
    768  2.527980025827635E-005  1.140511281344195E+002
    460  2.491156569791097E-005  5.821511818989060E+001
    464  2.477179518680225E-005  5.841767339850505E+001
    138  2.461824978716486E-005  2.998810658959070E+001
    572  2.449539567476476E-005  1.066354688575440E+002
    505  2.437876849026260E-005  6.089365906344585E+001
    374  2.427855967567437E-005  4.576894168844035E+001
    911  2.415649036930592E-005  1.258968376271585E+002
    186  2.384019347040984E-005  3.335079910483972E+001
   1071  2.375777644629146E-005  1.353191143310252E+002
   1039  2.371498470824169E-005  1.317789778316224E+002
    585  2.370504615584290E-005  1.071721890576240E+002
     46  2.369074427934737E-005  2.508968851186969E+001
     33  2.363763677843098E-005  2.387502434282544E+001
    121  2.337682534518370E-005  2.937009161569695E+001
     34  2.313816824612855E-005  2.394870774261297E+001
    143  2.312083043664940E-005  3.021552765862468E+001
    532  2.296808206173908E-005  6.299204701993657E+001
    467  2.264831041638024E-005  5.850070475174659E+001
    136  2.255203175874272E-005  2.995197020395121E+001
    217  2.234834489653678E-005  3.432077633458158E+001
    140  2.233626287159181E-005  3.002380690834687E+001
    352  2.224941114621728E-005  4.345183818831803E+001
    326  2.200067099524033E-005  3.980074663620405E+001
    456  2.195045743602724E-005  5.758475825352298E+001
     80  2.190422367430133E-005  2.737665388114407E+001
    909  2.183911361484854E-005  1.256671150468244E+002
    763  2.160382713327101E-005  1.136578287383470E+002
      6  2.157893011464833E-005  1.593905863128156E+001
    401  2.152549193582644E-005  5.310952948046032E+001
     63  2.152317712333990E-005  2.633691355837915E+001
    232  2.147716199015531E-005  3.530982942235851E+001
    514  2.147699288874262E-005  6.112143562944963E+001
    755  2.109828001499551E-005  1.130537195644052E+002
     76  2.096686640039313E-005  2.719040433196805E+001
    109  2.093043268860966E-005  2.888359254004277E+001
   1064  2.079110896233926E-005  1.339182935247794E+002
   1000  2.062066780962071E-005  1.301375093272533E+002
   1057  2.032107146708742E-005  1.332882698940204E+002
    150  2.020366379077746E-005  3.095380367517388E+001
    139  2.008337810182397E-005  3.001327528760398E+001
    237  1.994665230739327E-005  3.561350513334219E+001
    206  1.982344632921695E-005  3.418711639611698E+001
    174  1.967092690543283E-005  3.277024257542895E+001
    607  1.948815832346064E-005  1.079782277499060E+002
    564  1.947660529929128E-005  1.059223740174141E+002
    297  1.917542831294618E-005  3.850412000814609E+001
    359  1.907126303884765E-005  4.440820660542785E+001
     43  1.893467436469871E-005  2.485090944939308E+001
    184  1.885561424584274E-005  3.328145954751520E+001
      1  1.885450714906371E-005  1.480943860687432E+001
    292  1.880927726094932E-005  3.837765227419467E+001
    262  1.878887226809752E-005  3.754826259370084E+001
     61  1.837395068227481E-005  2.623624111749398E+001
    588  1.829190465324513E-005  1.072780161282308E+002
   1008  1.829129102530284E-005  1.304054287055121E+002
    118  1.819549133621696E-005  2.927665934202001E+001
    431  1.815723036545711E-005  5.545822575490884E+001
   1014  1.774662199725991E-005  1.306579532637773E+002
   1001  1.773268600906454E-005  1.301907504163165E+002
    149  1.767117678162070E-005  3.064428879965062E+001
    336  1.717372003240889E-005  4.106442919982931E+001
    919  1.714084467512437E-005  1.264669767465423E+002
    222  1.665402710250558E-005  3.444665555523785E+001
    338  1.660666363098004E-005  4.143596746217444E+001
    192  1.638756721180955E-005  3.373139183933635E+001
    449  1.631690974734462E-005  5.713782918039372E+001
    389  1.616336574182691E-005  4.924612888004685E+001
    215  1.577238235151641E-005  3.430912489816387E+001
    462  1.573244197753471E-005  5.834568949164402E+001
    116  1.567328123058022E-005  2.910094471225916E+001
    807  1.552314929791047E-005  1.166040027024774E+002
    689  1.550134240794541E-005  1.108992280227757E+002
     68  1.549222206793811E-005  2.665958995788216E+001
   1006  1.521550022637243E-005  1.303473844140781E+002
    560  1.509917382338131E-005  1.057397922085461E+002
    340  1.504166687307328E-005  4.203744443197692E+001
    403  1.503175487255777E-005  5.332276567118551E+001
     30  1.484282378610754E-005  2.339033246897357E+001
    213  1.471928097442283E-005  3.426923698719692E+001
    851  1.453638113795789E-005  1.189105890777936E+002
     93  1.423535332836882E-005  2.801831476528660E+001
    802  1.406176212215150E-005  1.163074247182627E+002
    382  1.401021091360640E-005  4.661435463500721E+001
    842  1.398980564354232E-005  1.180365480395604E+002
    446  1.397671432119803E-005  5.657515742254393E+001
   1077  1.391967577132916E-005  6.189178021453241E+002
      3  1.389284685448023E-005  1.530095081680193E+001
    967  1.373606478130950E-005  1.287730879251822E+002
    618  1.372486825849667E-005  1.083041655146542E+002
   1036  1.347240458751837E-005  1.315563975924429E+002
    507  1.334800608661765E-005  6.098134465730102E+001
     28  1.291059553904662E-005  2.303576073275412E+001
    905  1.256862912606219E-005  1.252963463377060E+002
    487  1.249797123682193E-005  5.901096182276392E+001
    112  1.233906549705803E-005  2.893182478938967E+001
    247  1.228728009692100E-005  3.613855018049320E+001
     78  1.209321132646081E-005  2.724001953302053E+001
    274  1.203426156320662E-005  3.771469066363962E+001
    555  1.195451431103245E-005  1.049505825405343E+002
     16  1.191021051944577E-005  2.083990463296455E+001
    333  1.185697143222130E-005  4.050570323460023E+001
    300  1.174899383007075E-005  3.871033423098082E+001
   1009  1.173135561862667E-005  1.304609142394732E+002
    208  1.165435794852877E-005  3.420400517096608E+001
    697  1.157852548116281E-005  1.111168086390436E+002
    442  1.152988914010353E-005  5.605259237502305E+001
    613  1.144178397371673E-005  1.081325074305931E+002
   1076  1.138233043984970E-005  1.858411948136732E+002
    799  1.131010000127517E-005  1.161655148393659E+002
    304  1.106190444129071E-005  3.902642388250331E+001
    561  1.104630597466225E-005  1.057823475786052E+002
    491  1.098225223662133E-005  5.916484178919298E+001
   1026  1.063375551130879E-005  1.310988308446859E+002
    485  1.057191253462455E-005  5.896971858223063E+001
    214  1.048597618675312E-005  3.429158842681225E+001
    545  1.020456695944614E-005  1.038885725205099E+002
    444  1.018361183101285E-005  5.640873014994138E+001
    717  1.017110750765533E-005  1.119901298340990E+002
    658  1.015929241157747E-005  1.092752908733605E+002
    570  1.007833261452982E-005  1.064458450110351E+002
    176  1.006395555375062E-005  3.283702642513862E+001
    231  9.930921557161726E-006  3.529195130720404E+001
    902  9.922042767426183E-006  1.246861225619736E+002
    430  9.914256249737504E-006  5.544226538226409E+001
    669  9.717768292826072E-006  1.098991161820264E+002
    310  9.597646650743214E-006  3.933560718805473E+001
    201  9.582459877230920E-006  3.413905621996786E+001
    317  9.556612593882786E-006  3.952108816795088E+001
    844  9.523197134688634E-006  1.182236522024691E+002
    510  9.440781989682156E-006  6.106496915014706E+001
    324  9.407030741320352E-006  3.965813849875591E+001
   1016  9.280161965459930E-006  1.306784011483153E+002
    676  9.244963638322670E-006  1.102968009656115E+002
    334  9.221987337390370E-006  4.055961280242965E+001
    979  9.146306987269376E-006  1.292073280791942E+002
    104  9.106508624493526E-006  2.863475114667724E+001
    924  9.071637428847913E-006  1.267645350898773E+002
   1041  8.988368274488558E-006  1.318604688563310E+002
    727  8.985727379549722E-006  1.123838421661365E+002
    541  8.963726560007410E-006  1.020561485810812E+002
    271  8.909614162285480E-006  3.769377629908810E+001
    757  8.902410412671889E-006  1.131455979007981E+002
    451  8.897487593072981E-006  5.726939793781466E+001
    932  8.806718112516966E-006  1.272890793904072E+002
    137  8.755389071846953E-006  2.996307755422044E+001
     82  8.704066819938608E-006  2.744742479332049E+001
    394  8.614220993481008E-006  5.275338077531283E+001
    565  8.565352370530088E-006  1.059848591127986E+002
    680  8.560956816836414E-006  1.106808485277705E+002
    445  8.549064820405812E-006  5.650985963977887E+001
    171  8.478359103186422E-006  3.251692712246987E+001
    573  8.463731062007672E-006  1.066520968004064E+002
    242  8.374676286985700E-006  3.575330164903793E+001
     42  8.351432319754684E-006  2.442065503900721E+001
    239  8.308085602951308E-006  3.564788119351169E+001
    167  8.229462774073996E-006  3.206734480721192E+001
    756  8.195303834423060E-006  1.131019348749128E+002
    784  8.185180646199260E-006  1.156115101864969E+002
    323  8.156596408111971E-006  3.963162035223775E+001
    860  8.153865318277810E-006  1.193608179742887E+002
    273  8.116828936822521E-006  3.771236202405859E+001
    777  8.115153192114626E-006  1.150636811545726E+002
    698  8.112821394722682E-006  1.111543499618823E+002
    497  8.103236177175539E-006  5.984833423050026E+001
    659  8.068089123742603E-006  1.093169473413985E+002
    762  7.976435295864019E-006  1.134504722361933E+002
     62  7.905731183860325E-006  2.630569023157911E+001
     32  7.843895115161184E-006  2.386019687247388E+001
    285  7.806503883074764E-006  3.794670187788559E+001
     79  7.704298024887117E-006  2.728143790603452E+001
    234  7.651505024282888E-006  3.541632958107625E+001
    626  7.429761647109239E-006  1.085197354965440E+002
   1013  7.413635698679004E-006  1.306191025791559E+002
     21  7.386208040523427E-006  2.149552581175353E+001
     75  7.364458610237859E-006  2.717284531466260E+001
     26  7.206027857908128E-006  2.275577786050195E+001
    261  7.133638722174650E-006  3.751537038816641E+001
    706  7.085155322055588E-006  1.115644797142602E+002
    377  7.043703610943298E-006  4.580996274485975E+001
    521  6.921284249495691E-006  6.120499406654021E+001
    678  6.919345355577165E-006  1.105298402911861E+002
    947  6.861069220705677E-006  1.280025795512814E+002
    887  6.833619198996694E-006  1.215278324822884E+002
    314  6.815636515532657E-006  3.944402428691944E+001
    436  6.747091884121949E-006  5.562240782737462E+001
    309  6.745803245336323E-006  3.929268620446922E+001
    307  6.676192429085954E-006  3.924418415703018E+001
    187  6.632353517610433E-006  3.338593491458187E+001
     98  6.470921404948103E-006  2.810036398063808E+001
    452  6.468995637787832E-006  5.732416656661538E+001
    339  6.441516268482527E-006  4.199721405536648E+001
    639  6.386209515390954E-006  1.087924757147032E+002
    486  6.326214405125702E-006  5.898078655703418E+001
     69  6.298633714383363E-006  2.667931486079132E+001
    542  6.237000573883771E-006  1.021380905135569E+002
    602  6.234109005142935E-006  1.078335831208874E+002
    577  6.232954730614653E-006  1.068269012623950E+002
    836  6.182315930951122E-006  1.177792466123822E+002
   1005  6.103900174917829E-006  1.302961950162389E+002
    821  6.101177799349348E-006  1.173213489801490E+002
    502  6.071255852111581E-006  6.033057478557798E+001
    427  6.005822528501408E-006  5.530625255614972E+001
    879  6.002892787046162E-006  1.208628531744268E+002
     84  5.929547466787673E-006  2.748397341497807E+001
    886  5.916778367986855E-006  1.214498350996194E+002
    992  5.907991505135184E-006  1.299169051159237E+002
    305  5.900611203819479E-006  3.919092577852600E+001
    525  5.896678559027718E-006  6.201689187624501E+001
    966  5.891920816572186E-006  1.287120665380274E+002
    571  5.834079484625563E-006  1.065760725477823E+002
    318  5.774898534479286E-006  3.952690512520030E+001
    600  5.712957616391240E-006  1.078192567961393E+002
    765  5.663795076924333E-006  1.138034732037320E+002
    892  5.654400832219936E-006  1.223146913863671E+002
    361  5.647175040527399E-006  4.509188248244521E+001
    964  5.618802696782735E-006  1.284811881676410E+002
    942  5.582106540544366E-006  1.277896527703618E+002
    398  5.580762428889854E-006  5.298968704937109E+001
    916  5.579614303327523E-006  1.261858055404796E+002
    771  5.556897107495904E-006  1.142541813627527E+002
    264  5.539445177666931E-006  3.760740200223662E+001
    383  5.503843225123071E-006  4.665506804468283E+001
    746  5.500408633084558E-006  1.128150956859242E+002
    593  5.456464393214378E-006  1.074633420950339E+002
    962  5.455254304603324E-006  1.284190833846668E+002
    257  5.411761396482761E-006  3.716053985696894E+001
    528  5.385506772504372E-006  6.211763689923020E+001
    832  5.318487527395110E-006  1.176150872586579E+002
    605  5.305073302290092E-006  1.079476682950407E+002
    667  5.303403106578555E-006  1.098231148083649E+002
     88  5.298052666333890E-006  2.776495450944637E+001
    518  5.278695732319325E-006  6.116565427175681E+001
    420  5.218317489475130E-006  5.464265012038360E+001
    995  5.116015262789056E-006  1.300556822463785E+002
    156  5.047990011154309E-006  3.133959801814033E+001
    260  5.034861971366617E-006  3.745846822965304E+001
     52  5.029185449463832E-006  2.532370304309600E+001
    599  5.020432210468971E-006  1.077354408464688E+002
    950  5.008762937088871E-006  1.281356928004739E+002
    970  4.940410757559831E-006  1.288440499253601E+002
    568  4.910439892253383E-006  1.063884322375297E+002
     13  4.886039628577628E-006  2.038781372204352E+001
    654  4.875179074023873E-006  1.091774321289355E+002
    831  4.849007341458062E-006  1.175849164822640E+002
    567  4.841791379008643E-006  1.061175767374582E+002
    220  4.648413694688460E-006  3.440936379612124E+001
    268  4.602728929386025E-006  3.765614789507087E+001
    170  4.556209094220716E-006  3.240864442722207E+001
    997  4.553323039437622E-006  1.300952728722026E+002
    791  4.520798387706588E-006  1.158399885308925E+002
    604  4.430553789207413E-006  1.078901483894559E+002
    312  4.423399810346623E-006  3.940338989709551E+001
    868  4.406565804306595E-006  1.199994649602093E+002
    666  4.392740329372179E-006  1.096961217429448E+002
    470  4.391459288826416E-006  5.858950887133865E+001
     29  4.369034891733791E-006  2.304600720746813E+001
    453  4.339027934688193E-006  5.734859743017803E+001
    313  4.319768442515605E-006  3.941220320488696E+001
    738  4.273169869232131E-006  1.126248828969786E+002
    721  4.271446311642251E-006  1.121902054803930E+002
    584  4.266684513417557E-006  1.071415131646536E+002
    465  4.202615425468437E-006  5.845233409136720E+001
   1021  4.130700029628904E-006  1.308784400027895E+002
    611  4.125268028386767E-006  1.080609110523806E+002
    252  4.116977425754621E-006  3.681481496629917E+001
    175  4.087314859978382E-006  3.282740528695558E+001
    123  4.076640774641090E-006  2.945706723223188E+001
     83  3.960969164102052E-006  2.745200449399356E+001
     96  3.933909904754212E-006  2.807603105873968E+001
    558  3.930040163663572E-006  1.054235904423783E+002
    315  3.873708786982446E-006  3.946262277995078E+001
    526  3.838059580978311E-006  6.205614154690332E+001
    378  3.819420095243236E-006  4.609481655347708E+001
    827  3.789222314399980E-006  1.174913134466901E+002
    594  3.708636928299857E-006  1.075267994995216E+002
    661  3.650832808121727E-006  1.094040232551639E+002
     73  3.635212787426364E-006  2.704395448663374E+001
    724  3.588924104746415E-006  1.122474317356576E+002
   1066  3.564096409135847E-006  1.341339055776214E+002
    769  3.551089992137641E-006  1.141494817506874E+002
    181  3.550625506199155E-006  3.309588236011395E+001
    435  3.517324510243101E-006  5.559833163642786E+001
    945  3.516126743441231E-006  1.278945431870569E+002
    937  3.512684680558946E-006  1.275975168353670E+002
    311  3.457634874660193E-006  3.939193935233331E+001
    954  3.447335471837083E-006  1.282848493157465E+002
    797  3.444382644648170E-006  1.161224071144865E+002
    899  3.411891454502202E-006  1.237750393258326E+002
    907  3.373288739036943E-006  1.254774984052440E+002
    998  3.341480832141156E-006  1.301241144683907E+002
    674  3.307820182532868E-006  1.101627157855635E+002
    287  3.299103912038353E-006  3.806334999222836E+001
    972  3.298165538866714E-006  1.289491342298440E+002
    975  3.291096626102352E-006  1.290479361570385E+002
    621  3.266641710716362E-006  1.083828600305560E+002
    783  3.140132627861260E-006  1.155776779712016E+002
    748  3.094345787419895E-006  1.128453459062848E+002
    616  3.047097416590174E-006  1.081902144651443E+002
    583  3.046780920687557E-006  1.070323413352247E+002
    719  3.041734222946349E-006  1.120361196403708E+002
    838  3.032045812461994E-006  1.178077045912047E+002
     15  3.013035754898863E-006  2.077312965636918E+001
    155  2.998326341221613E-006  3.129077640287002E+001
    147  2.962721915526835E-006  3.045498909450352E+001
    672  2.962080075281357E-006  1.100523893058521E+002
    168  2.942668931335381E-006  3.223239881301075E+001
    448  2.923406463356096E-006  5.707216855561523E+001
    126  2.915284142971718E-006  2.957864372821811E+001
    690  2.911524121337288E-006  1.109553167085971E+002
    778  2.867133002201228E-006  1.153062331743218E+002
    636  2.839095930229757E-006  1.087412284437008E+002
   1032  2.817410663201462E-006  1.314270448258869E+002
    574  2.785331254318309E-006  1.067089856517616E+002
     19  2.755299260307902E-006  2.137958735177528E+001
    529  2.742983680524653E-006  6.213305424318654E+001
    622  2.740257054156538E-006  1.084041586407917E+002
    441  2.738199502396718E-006  5.602297434426368E+001
   1020  2.716508874609384E-006  1.308300137670077E+002
    624  2.712724586455318E-006  1.084534043855216E+002
    463  2.706828094331503E-006  5.840368106338346E+001
    883  2.702368943788326E-006  1.212822283474710E+002
     25  2.665034776230146E-006  2.268285797328677E+001
    854  2.662176714422773E-006  1.190938927222375E+002
    162  2.658191302429105E-006  3.142013005221356E+001
    617  2.632523601472544E-006  1.082069188907082E+002
    407  2.631259493597789E-006  5.355040632372296E+001
    370  2.601405902854303E-006  4.562254251008403E+001
    848  2.558624207763253E-006  1.185512117490796E+002
    296  2.532616304023739E-006  3.847026909032138E+001
    519  2.521356461635329E-006  6.116666091909611E+001
    179  2.483950043465387E-006  3.301071504933698E+001
    284  2.450013919488628E-006  3.794002386601017E+001
    511  2.392749560148129E-006  6.108291035790679E+001
    130  2.392652058348665E-006  2.969026097336859E+001
    484  2.391769073108407E-006  5.894622531819898E+001
    390  2.373503255764910E-006  4.930034545373515E+001
    589  2.350907611958852E-006  1.073243551551986E+002
    749  2.268740182998608E-006  1.128862829609149E+002
    579  2.255275424652406E-006  1.068810185812333E+002
    471  2.238516025551291E-006  5.859921299406331E+001
    646  2.236199563851435E-006  1.089039652974663E+002
    810  2.231862435073840E-006  1.168542717379606E+002
    991  2.203003030660417E-006  1.298309517843196E+002
    322  2.169248383277550E-006  3.962934885257222E+001
     39  2.165187731996446E-006  2.419216907562118E+001
    610  2.135475291336799E-006  1.080548791140610E+002
    399  2.126221144622547E-006  5.300117686152819E+001
    713  2.054550631640887E-006  1.118750446375970E+002
    482  2.049953875640317E-006  5.890508639424976E+001
    895  2.039106840551385E-006  1.231922658586809E+002
    741  2.034611444980500E-006  1.126383251241469E+002
   1011  2.022003535409723E-006  1.305590563134582E+002
    686  2.006849117456223E-006  1.108321598991433E+002
    656  1.941925628593044E-006  1.092383325553483E+002
    429  1.895445778245993E-006  5.542704693693687E+001
    569  1.886384577794788E-006  1.064024371239422E+002
    437  1.862891405875559E-006  5.567668099873953E+001
    645  1.853984371709170E-006  1.088758352374567E+002
    595  1.852143616973601E-006  1.075727311228692E+002
    122  1.826193758041084E-006  2.942821875092930E+001
    596  1.809336641567130E-006  1.076305596761092E+002
    643  1.756678013821496E-006  1.088529165631816E+002
    515  1.718225982517658E-006  6.113166482037749E+001
    342  1.706838798501747E-006  4.219280462450153E+001
    473  1.698711519374819E-006  5.864875851961727E+001
    682  1.694247210029888E-006  1.107795174367904E+002
    216  1.662188088762335E-006  3.431915233475488E+001
    928  1.658916374574435E-006  1.271758190169006E+002
    522  1.655576865475784E-006  6.189501394570030E+001
    641  1.646907862772967E-006  1.088136450829588E+002
    896  1.630670204674803E-006  1.231967026860033E+002
    372  1.603980570829410E-006  4.569660817760900E+001
    457  1.602343823791039E-006  5.770039153165104E+001
   1024  1.601605627770149E-006  1.310472886139475E+002
   1046  1.595703418845267E-006  1.322741703884410E+002
    890  1.578701590358857E-006  1.222269695705770E+002
    366  1.557529839854936E-006  4.541480133184800E+001
    538  1.531611181368057E-006  8.801939400846273E+001
    835  1.529188585712446E-006  1.176766134664512E+002
    929  1.507778152700722E-006  1.272324166790593E+002
    910  1.488071701009251E-006  1.258349422363612E+002
    695  1.485232857846794E-006  1.110404578737834E+002
    349  1.472430632508579E-006  4.279212686889406E+001
    670  1.461534340783268E-006  1.099218253642219E+002
    988  1.432935876734120E-006  1.295230022337254E+002
    650  1.426755680301787E-006  1.090061273622073E+002
    683  1.403022002989574E-006  1.107854094171573E+002
    977  1.399891754368798E-006  1.291448023039548E+002
    416  1.398266554372004E-006  5.412105627361211E+001
   1040  1.397501883147396E-006  1.318325334098182E+002
    684  1.393604169536037E-006  1.108055531440044E+002
    663  1.377496902092447E-006  1.095408569103236E+002
    557  1.369045479457585E-006  1.053298087456868E+002
     56  1.353557345386524E-006  2.577494999028338E+001
    376  1.340041148439963E-006  4.578482274843697E+001
    128  1.326161640379972E-006  2.964876822252022E+001
    733  1.322941544662200E-006  1.125211996768446E+002
    633  1.313787505819363E-006  1.086770367044967E+002
    989  1.306324308685181E-006  1.296856498562064E+002
    459  1.287021583380655E-006  5.797524108925945E+001
    800  1.273738331881419E-006  1.161811067685375E+002
    472  1.259767189802055E-006  5.860732378330380E+001
    375  1.252317498187684E-006  4.577921754207221E+001
    440  1.247869477046000E-006  5.589934491235444E+001
    354  1.240029800621195E-006  4.358717802496741E+001
    731  1.237715583618445E-006  1.124795031346507E+002
    615  1.224190881860241E-006  1.081646255451844E+002
    877  1.197931850749639E-006  1.207635072396237E+002
    608  1.169319126981162E-006  1.080310773431174E+002
    533  1.167124493534232E-006  6.344214913117692E+001
    687  1.164068838583200E-006  1.108477970364615E+002
    433  1.161247820298895E-006  5.552394895078822E+001
   1045  1.153215036513998E-006  1.322246800166877E+002
    955  1.147035709635170E-006  1.283043098504922E+002
    277  1.141448277100770E-006  3.774405278528796E+001
    787  1.112282556604957E-006  1.157066821730262E+002
    934  1.109860627457793E-006  1.274026915475210E+002
    623  1.103598641778480E-006  1.084311616311891E+002
    681  1.097758685067713E-006  1.107150530846271E+002
    447  1.094047910717161E-006  5.692641404400948E+001
    986  1.073809488431722E-006  1.294778988001748E+002
    631  1.070485808210590E-006  1.086593678715634E+002
    866  1.057552088423028E-006  1.198737679274225E+002
    368  1.055432009036265E-006  4.552075151204606E+001
   1056  1.047850567564624E-006  1.332822863268028E+002
    609  1.046019741977124E-006  1.080529774194348E+002
    527  1.043191540264680E-006  6.211137902133680E+001
    461  1.027418710150927E-006  5.832169084274378E+001
    634  1.018656590610816E-006  1.087110579745548E+002
    709  1.014857731467816E-006  1.116986555393093E+002
    250  1.013648410813489E-006  3.645071914574685E+001
    345  1.011655222738442E-006  4.248475366295001E+001
    744  1.011401811916387E-006  1.127340165661099E+002
    397  1.009001280867011E-006  5.292984574180642E+001
    894  9.982392484012686E-007  1.226855190700912E+002
    630  9.960013540260504E-007  1.086464564510315E+002
    813  9.848073997859398E-007  1.170211975618395E+002
    224  9.411465768261314E-007  3.456258153743839E+001
    550  9.391680842572396E-007  1.044255141670578E+002
   1004  9.260003514201057E-007  1.302828791464404E+002
   1028  9.188914586033008E-007  1.312419762585663E+002
    225  9.144502395741386E-007  3.458265676939745E+001
    873  9.138549999510977E-007  1.205400953636918E+002
    751  9.041627265559232E-007  1.129352725370382E+002
    790  8.854939639841923E-007  1.158127479939932E+002
    578  8.770535586729780E-007  1.068696587706935E+002
    927  8.727147995263505E-007  1.271118445081471E+002
    513  8.598975211339903E-007  6.111701004965728E+001
    870  8.581044581878792E-007  1.203621491035894E+002
    601  8.499122175061808E-007  1.078222216339937E+002
    353  8.474958068454180E-007  4.354452657935016E+001
    319  8.198222665950327E-007  3.955367029075058E+001
    367  8.046577927998916E-007  4.546665367422378E+001
    923  7.975631666507975E-007  1.267345977181097E+002
    469  7.961903801442832E-007  5.857260373695996E+001
    302  7.809398499696799E-007  3.874867387838012E+001
    815  7.743105819243613E-007  1.170844697210597E+002
   1068  7.702477989592258E-007  1.342139437973118E+002
    591  7.606569277163688E-007  1.073970459895217E+002
    625  7.552439322690100E-007  1.084878781680722E+002
    782  7.447620203668704E-007  1.155663554633046E+002
    871  7.445168270315493E-007  1.204638135739833E+002
   1033  7.321519677723489E-007  1.314921549657209E+002
    808  7.256275968514697E-007  1.166438640424820E+002
    635  7.038052090563657E-007  1.087402789130293E+002
    781  7.028255590750811E-007  1.155015502370288E+002
    817  7.008692851180584E-007  1.171745914510001E+002
    266  6.977294577792368E-007  3.763404507858488E+001
    679  6.956858623052124E-007  1.106299731616480E+002
    922  6.882886833982704E-007  1.267277337836395E+002
    488  6.813875248842355E-007  5.904214899548738E+001
    556  6.689126182592740E-007  1.053074591696642E+002
    651  6.674502419134266E-007  1.090123807306586E+002
    204  6.649897304550958E-007  3.416741852472765E+001
    508  6.630774403562132E-007  6.101348113010317E+001
    210  6.625296360411089E-007  3.421873300884823E+001
    665  6.613517964522430E-007  1.096195054263975E+002
    627  6.565722164491364E-007  1.085359599099982E+002
    649  6.514523085196262E-007  1.089557122086210E+002
    562  6.499627357631782E-007  1.058125905236654E+002
    770  6.473784378793779E-007  1.141655133118217E+002
    276  6.381514831363908E-007  3.774173651101562E+001
    994  6.377775175054094E-007  1.299886393654431E+002
    391  6.334239962346698E-007  4.935295074539214E+001
    804  6.307100853849140E-007  1.164307012054320E+002
    258  6.218357857886996E-007  3.725675246841864E+001
    707  6.200223524989768E-007  1.116484954290111E+002
    124  6.187097686458257E-007  2.953039329658957E+001
   1051  6.165057548153306E-007  1.330173846663143E+002
    671  6.128405118583365E-007  1.100461630260976E+002
    730  6.111949326229294E-007  1.124678820560711E+002
    362  6.102805105675282E-007  4.520209191521082E+001
    657  6.090095201695399E-007  1.092680437977900E+002
    619  5.945165536828683E-007  1.083262496248409E+002
    286  5.894975675826891E-007  3.806107114689090E+001
    685  5.843264777926036E-007  1.108208915724099E+002
    852  5.805681524529231E-007  1.189308904937423E+002
    580  5.789446360794676E-007  1.069063882425304E+002
    893  5.733351338724292E-007  1.225899968537864E+002
    825  5.729295134837368E-007  1.174155068731360E+002
    412  5.700429669705842E-007  5.399327798218789E+001
   1043  5.644626585312128E-007  1.320181582363304E+002
    410  5.581721513124204E-007  5.380004782230375E+001
    424  5.573012732116978E-007  5.504400290817051E+001
    820  5.559177206814615E-007  1.173160626674297E+002
    590  5.530269744857879E-007  1.073381491314167E+002
     99  5.508563402862581E-007  2.813215700322161E+001
    952  5.491179408169050E-007  1.282170243378332E+002
    845  5.460592016827791E-007  1.182722434309271E+002
    963  5.426491912242229E-007  1.284456810480366E+002
    714  5.414311764247575E-007  1.118865310298163E+002
    668  5.393777093188289E-007  1.098358517134249E+002
    640  5.383237386632329E-007  1.088027953187827E+002
    846  5.241668130060708E-007  1.183733977129572E+002
    414  5.234474626226510E-007  5.408443269732371E+001
   1002  5.101556639517619E-007  1.301955720736593E+002
    862  5.080527481057976E-007  1.194326389788892E+002
    677  5.051235411913777E-007  1.104103779431708E+002
    534  5.044409605458030E-007  6.352992396574133E+001
    146  5.024584038595945E-007  3.038455959742199E+001
    732  5.002615570041674E-007  1.124809932511083E+002
    949  4.967551169444650E-007  1.280833568476082E+002
   1065  4.961523565232867E-007  1.340986810838602E+002
    710  4.898947834032720E-007  1.117114283703663E+002
    849  4.872197872344967E-007  1.186556798515274E+002
    211  4.796998668161432E-007  3.422885497659050E+001
    708  4.786121579938756E-007  1.116659378913442E+002
    269  4.757123963166022E-007  3.766609016559832E+001
    760  4.695604678746284E-007  1.133648679091437E+002
    948  4.651942453861678E-007  1.280530341997139E+002
    660  4.633074749635950E-007  1.093929129115852E+002
    506  4.627585765330316E-007  6.092479484159845E+001
    421  4.594671730973962E-007  5.469982084171487E+001
   1073  4.574249120404989E-007  1.355646294676644E+002
   1063  4.572746543179479E-007  1.338610239777397E+002
    432  4.532317764750370E-007  5.551253331854516E+001
    794  4.514783726180646E-007  1.159299755047292E+002
    953  4.499777211904593E-007  1.282835790234384E+002
    235  4.431220943587701E-007  3.553329683850696E+001
    786  4.420288861600147E-007  1.156679892855772E+002
    809  4.406960843313230E-007  1.168273457040169E+002
    632  4.395267877092703E-007  1.086732063917954E+002
    509  4.379510014526666E-007  6.104665142125116E+001
    915  4.250205630888182E-007  1.261627872997085E+002
    524  4.222987186850728E-007  6.196836567938324E+001
    496  4.212612486870837E-007  5.977778544840232E+001
    642  4.192355178965408E-007  1.088349318990273E+002
    664  4.190026704839503E-007  1.095868237421283E+002
    699  4.159229768338271E-007  1.111753891148923E+002
   1027  4.082874884385131E-007  1.311414239553258E+002
    715  4.079780638987890E-007  1.119122168057061E+002
    328  3.994966838963070E-007  3.982877398686839E+001
    990  3.987731086068562E-007  1.297249883032466E+002
    644  3.962589330234041E-007  1.088699046594824E+002
    908  3.940247700631759E-007  1.256350992978881E+002
    824  3.923797245308171E-007  1.173851057796732E+002
    648  3.921439527815646E-007  1.089328290594756E+002
    822  3.863970322720054E-007  1.173379890193997E+002
    127  3.845493637349812E-007  2.958197907168710E+001
    847  3.832536968100386E-007  1.183795327778256E+002
    396  3.825177021583995E-007  5.292259014309509E+001
    200  3.807369505393868E-007  3.413076352937113E+001
    189  3.716890975007766E-007  3.348575581421191E+001
    700  3.697160218067094E-007  1.112187707043413E+002
   1022  3.609397632311960E-007  1.309570316227355E+002
    194  3.586873552682881E-007  3.388123191050668E+001
   1010  3.573567967862852E-007  1.305150376372933E+002
    586  3.534853282698022E-007  1.072414988471015E+002
    931  3.474326498193966E-007  1.272754104030811E+002
    944  3.413230957007711E-007  1.278264506290159E+002
    926  3.365792823337055E-007  1.269935099435139E+002
    933  3.341907240037705E-007  1.272967505112425E+002
   1017  3.323224417517775E-007  1.307020085696559E+002
    903  3.306112353500902E-007  1.249295857950171E+002
    758  3.299966088960652E-007  1.131945788764974E+002
     50  3.292961436002276E-007  2.524792740229145E+001
    767  3.271977147253370E-007  1.139787538815297E+002
    960  3.208285707051731E-007  1.283710541965592E+002
    901  3.156035724393928E-007  1.246352700151236E+002
    792  3.133847648372403E-007  1.158579110744502E+002
    703  3.111476794109642E-007  1.113359924967504E+002
    102  3.087684721929421E-007  2.838723287464182E+001
    392  3.086767011500793E-007  4.975569880244111E+001
   1025  3.077057919532635E-007  1.310823101564250E+002
    673  3.042567197468061E-007  1.101090602242966E+002
   1035  3.030861004005317E-007  1.315022364948826E+002
    880  3.026023489397714E-007  1.209811659012211E+002
    614  3.019981042612481E-007  1.081499604581023E+002
    812  2.989240796317190E-007  1.169499526914024E+002
    606  2.971269213904603E-007  1.079754075340127E+002
    476  2.948137345412832E-007  5.874284760292872E+001
    725  2.895398238831405E-007  1.122622575126908E+002
    982  2.885657849097194E-007  1.293230544301462E+002
    662  2.783740643569634E-007  1.094304874643061E+002
    693  2.770891408449460E-007  1.110198391814811E+002
    958  2.754537661185238E-007  1.283326337970340E+002
   1054  2.719364073940428E-007  1.332101619260334E+002
    705  2.710600084097892E-007  1.114879185885843E+002
    861  2.624365725238941E-007  1.193618968506130E+002
    985  2.621011498652204E-007  1.294454523269476E+002
    795  2.615171711586832E-007  1.159446042090269E+002
    828  2.602317385032769E-007  1.175132070682912E+002
    761  2.595612164086432E-007  1.134019555363662E+002
    371  2.588126452100585E-007  4.567834615857563E+001
    696  2.567333620019787E-007  1.111110130672436E+002
   1018  2.501527492233712E-007  1.307425624046459E+002
    981  2.495974582231465E-007  1.292686845988868E+002
    859  2.468883123074521E-007  1.193117826572047E+002
    688  2.454082092914286E-007  1.108652117541332E+002
    722  2.430761216923503E-007  1.121989232781130E+002
    263  2.418140817179793E-007  3.756851288337069E+001
    829  2.358138604149337E-007  1.175434491795728E+002
    711  2.344726472661140E-007  1.117833092223069E+002
    938  2.339067492713644E-007  1.276246332177813E+002
   1049  2.335361709391180E-007  1.325964910892840E+002
    858  2.305383536130981E-007  1.193043137223610E+002
    918  2.286465012167200E-007  1.263810693695273E+002
    978  2.283677919488894E-007  1.291764873003617E+002
    976  2.230442912710953E-007  1.291265023483052E+002
    694  2.187671642158900E-007  1.110208923005156E+002
    675  2.184150601340564E-007  1.101932688761904E+002
    789  2.181087072339678E-007  1.157939903252585E+002
    939  2.167731436712540E-007  1.276788938661296E+002
    655  2.085151209142835E-007  1.092114390318620E+002
    805  2.079103169470206E-007  1.165442309434909E+002
    764  2.075252750324537E-007  1.137269990775531E+002
    228  2.037910050402475E-007  3.465329128304563E+001
    917  2.037112261808073E-007  1.262583151256411E+002
    219  2.032816981658562E-007  3.435584966495736E+001
    957  1.973439463421227E-007  1.283224605383935E+002
    920  1.921250679965283E-007  1.265729199247587E+002
    159  1.917939357828725E-007  3.140014259635325E+001
   1061  1.903846276168492E-007  1.338239896777959E+002
    481  1.882979855976283E-007  5.889564718758225E+001
    951  1.871733568730128E-007  1.282127111215003E+002
    921  1.791295671297169E-007  1.266347372507485E+002
    900  1.745962817804575E-007  1.240255399934555E+002
   1003  1.720048857419136E-007  1.302792324598297E+002
    839  1.718024303081011E-007  1.178451551754228E+002
    987  1.691736639420175E-007  1.295218650079724E+002
    961  1.688333372836552E-007  1.283826108536399E+002
    785  1.684927243572861E-007  1.156515149006221E+002
    373  1.665283070300912E-007  4.573517441489172E+001
    523  1.660654233559888E-007  6.195141091349550E+001
    364  1.632650996945715E-007  4.528995878587361E+001
    249  1.628581819200489E-007  3.643158917315001E+001
    776  1.618470954379247E-007  1.150535509847603E+002
    408  1.610176399280062E-007  5.368647704938994E+001
    603  1.604126725120898E-007  1.078480909052838E+002
    754  1.557930384277082E-007  1.130532912402911E+002
    653  1.547326186678900E-007  1.090926521840726E+002
    779  1.513603149390786E-007  1.153237642854880E+002
    888  1.472823083687776E-007  1.215384892766490E+002
    702  1.463975887459577E-007  1.112791472783473E+002
    753  1.462286490304646E-007  1.130399909728984E+002
    728  1.446004106388966E-007  1.123911467240560E+002
    203  1.416227672118790E-007  3.415596231316062E+001
    935  1.410533516998276E-007  1.274477748704804E+002
    925  1.406057197613701E-007  1.268943605090481E+002
    793  1.397234877727370E-007  1.158943894419280E+002
    729  1.359242435169048E-007  1.124070412533170E+002
    798  1.334122308919446E-007  1.161233232814441E+002
    884  1.317938307598450E-007  1.212913619330936E+002
    876  1.311286065089217E-007  1.207338716680959E+002
    818  1.282073221906911E-007  1.172202887178189E+002
   1023  1.276813438891095E-007  1.309907545973144E+002
    882  1.258834129633619E-007  1.212606419968792E+002
   1012  1.220294912856871E-007  1.305860585800326E+002
    788  1.213117934260209E-007  1.157595566872355E+002
    980  1.198634019492742E-007  1.292322903638887E+002
    478  1.196788212967938E-007  5.880478287498814E+001
    316  1.166041820403608E-007  3.947722492082590E+001
    959  1.165712257197284E-007  1.283643788123119E+002
    107  1.134995841856528E-007  2.880093649968087E+001
    747  1.091578999655001E-007  1.128221651622354E+002
    581  1.074507242044059E-007  1.069166383916512E+002
    766  1.061675953483846E-007  1.138313497862233E+002
    720  1.059124097609997E-007  1.121496181246094E+002
    796  9.880243469732522E-008  1.160406419035091E+002
    369  9.878243546750372E-008  4.556664797594529E+001
    745  9.801105961051784E-008  1.127541380335163E+002
    865  9.756196860730685E-008  1.195233182598442E+002
    520  9.712726189314121E-008  6.117519869664547E+001
    299  9.419142182535038E-008  3.861147003050849E+001
    834  9.017849569395470E-008  1.176651591794238E+002
    637  8.965570783214796E-008  1.087708716348475E+002
    941  8.819640421476837E-008  1.277239710636116E+002
    629  8.807978512940490E-008  1.086436456014825E+002
    135  8.703040597008814E-008  2.990996926970350E+001
    912  8.292851643347669E-008  1.259977317017505E+002
    936  8.174625965590404E-008  1.275963114471066E+002
   1059  7.850418965437534E-008  1.335352794510990E+002
    726  7.832606308752553E-008  1.123280306605216E+002
    455  7.692238025088235E-008  5.757818593173593E+001
   1042  7.600053273933932E-008  1.319938555239870E+002
    638  7.440655891966131E-008  1.087773663504995E+002
    863  6.929128473768035E-008  1.194780899982511E+002
    811  6.926524917341730E-008  1.169131613251637E+002
    750  6.844895682587431E-008  1.128980084302201E+002
    388  6.756408378251654E-008  4.916519389587509E+001
    814  6.734730886132407E-008  1.170571282096026E+002
     87  6.687110165279265E-008  2.773505635732142E+001
    856  6.557059852641569E-008  1.192407591408727E+002
    974  6.550159944740644E-008  1.290391941684268E+002
    612  6.507686565349097E-008  1.080838271474082E+002
    867  6.491627676977843E-008  1.199420338065019E+002
    946  6.472351300849291E-008  1.279201366409634E+002
    227  6.398194791714553E-008  3.461221107986133E+001
    739  6.165008776847180E-008  1.126267264275300E+002
    906  5.965081319864711E-008  1.253859334012492E+002
     59  5.913462348943516E-008  2.608228483109795E+001
    735  5.615561605930613E-008  1.125422257639707E+002
    826  5.494450284748209E-008  1.174535409692338E+002
    243  5.156865750398214E-008  3.580427376176280E+001
    993  5.060440398652215E-008  1.299638892136509E+002
    716  4.964330623456559E-008  1.119313653155845E+002
   1007  4.743920157295437E-008  1.303971511397991E+002
    363  4.405122652327073E-008  4.523665715266514E+001
    819  4.279283351376268E-008  1.172617623112352E+002
    830  4.190085595068701E-008  1.175448785112390E+002
    904  4.146963600550353E-008  1.250437756508075E+002
    439  4.014733903278680E-008  5.581771077364913E+001
    878  3.794943568911439E-008  1.208553192243232E+002
   1015  3.775560734196938E-008  1.306693309857935E+002
    704  3.754178051944871E-008  1.114088220449556E+002
    930  3.383353034764705E-008  1.272550109882912E+002
   1034  3.195004626285857E-008  1.314975717016592E+002
    841  3.169737642924638E-008  1.180046875638410E+002
    775  3.032097818177752E-008  1.149447083106751E+002
    857  2.967488340948931E-008  1.192977858717030E+002
    914  2.939795805966002E-008  1.261343003660832E+002
    969  2.840812671057578E-008  1.288232913140608E+002
    943  2.822498176356658E-008  1.278255860865938E+002
    874  2.792242118055543E-008  1.206463359037059E+002
    498  2.706631702205311E-008  6.006055704270973E+001
    999  2.682841938622808E-008  1.301340763851820E+002
    843  2.661052123365940E-008  1.181049125326048E+002
    597  2.655288625872122E-008  1.076362394255561E+002
    806  2.622938337842907E-008  1.165904998677036E+002
    701  2.589322294555403E-008  1.112655741498095E+002
    428  2.375857091600726E-008  5.539697768550786E+001
    971  2.370988910062612E-008  1.289111652451389E+002
    734  2.152793767418470E-008  1.125227414297757E+002
    940  2.129333124834877E-008  1.277053477702196E+002
   1037  1.889129423544050E-008  1.316166834102353E+002
    833  1.887474657808272E-008  1.176450554682990E+002
    850  1.844172175964760E-008  1.188640670964077E+002
    913  1.788423583842542E-008  1.260963173315474E+002
   1030  1.738341756489778E-008  1.313677884464318E+002
    350  1.649930531847138E-008  4.287084402122760E+001
    983  1.578036110903755E-008  1.293699640118089E+002
    501  1.480799240731828E-008  6.025540211442135E+001
    869  1.474500881742126E-008  1.201465244096069E+002
    178  1.409696922749096E-008  3.291892583427273E+001
    288  1.245347340754021E-008  3.825168870868715E+001
    129  1.194712791822602E-008  2.967722940199728E+001
    855  1.163600801691249E-008  1.192335282432478E+002
    736  1.156341800060107E-008  1.125700463249535E+002
    803  1.143257765802925E-008  1.163959410830473E+002
    718  1.093592226884929E-008  1.120307816427976E+002
    406  9.812584965515019E-009  5.347162595814701E+001
    773  9.587196639007235E-009  1.146041296786391E+002
    956  8.749489204875068E-009  1.283075816024711E+002
     47  8.417717011589623E-009  2.514695584094496E+001
    443  7.987527708128732E-009  5.615506371008289E+001
    499  7.880604013292057E-009  6.010190034988052E+001
    620  6.527248371311499E-009  1.083700393844588E+002
    647  6.512287981338179E-009  1.089204596390746E+002
    864  5.572977818794353E-009  1.195154318953015E+002
    780  4.866044230965560E-009  1.153482258688003E+002
    875  4.565086259334930E-009  1.206504418490652E+002
    737  4.497616838837142E-009  1.125716601108342E+002
    801  4.490865643655623E-009  1.162412158177078E+002
    823  3.865892991924291E-009  1.173434151863991E+002
    587  3.862765549882561E-009  1.072564562863978E+002
    996  3.814140740277152E-009  1.300741546440489E+002
   1019  3.646702666015413E-009  1.307856127904329E+002
    712  3.568074682316211E-009  1.118479116964762E+002
    837  3.358077391482101E-009  1.177814246314451E+002
    965  3.272202829849597E-009  1.286084743618769E+002
    692  3.126670134467220E-009  1.109991362888409E+002
    723  2.409854704792828E-009  1.122249597820348E+002
    759  2.396324446030089E-009  1.132523759465808E+002
    752  2.287342170722767E-009  1.129825416205730E+002
    891  2.020570497552852E-009  1.222344606190913E+002
    265  1.906873985891358E-009  3.762418150997995E+001
    598  1.846371447767264E-009  1.077082259858063E+002
    840  7.970481969478107E-010  1.179674198090055E+002
    853  5.197745730495814E-010  1.189950762444425E+002
    872  3.309949294318455E-010  1.204992644439996E+002
    889  2.610443304219865E-010  1.221096476933091E+002
    582  1.595867529656684E-010  1.069886979669129E+002
    474  1.401471573926876E-010  5.866520048333617E+001
    517  9.867180116962895E-011  6.116283191518230E+001
    450  6.434433680957534E-011  5.723022636777802E+001
    881  4.662325240880264E-011  1.212001054655417E+002
    652  3.943054723669624E-011  1.090805000764319E+002
    968  3.229005568380646E-011  1.287893908307005E+002
    885  1.282749618611139E-011  1.213849358963692E+002
    490  1.683243340590375E-012  5.909746584665749E+001
    743  1.452820179770525E-012  1.126739704882794E+002
    628  1.019235920494846E-012  1.085999071252231E+002
    740  1.319900227957075E-013  1.126281679605138E+002
