# Number of modes
   1077
# Tabulated for different initial and final frequencies?
    F
# Mode index, Sj, (highest to lowest), omega_j
    547  7.537057415314941E-002  1.040413527560943E+002
    390  5.284786295651153E-002  4.930034545373515E+001
    539  2.454792875187779E-002  1.004038214764926E+002
      7  1.871538641171250E-002  1.598850297870253E+001
    387  1.307632751799782E-002  4.845493173747810E+001
    392  1.069218992169981E-002  4.975569880244111E+001
     23  1.022733297178612E-002  2.160694502786773E+001
      8  9.173755204234755E-003  1.603898235084092E+001
     24  7.651762524029510E-003  2.165827626673025E+001
    290  7.402276406528610E-003  3.834059039797889E+001
   1058  6.759292463186977E-003  1.334381531708862E+002
     38  6.678040595412525E-003  2.415274881711009E+001
    291  6.612348344721524E-003  3.834865717601958E+001
    546  5.913426264231879E-003  1.038908634804570E+002
     16  5.503673023139801E-003  2.083990463296455E+001
    300  5.119788291219608E-003  3.871033423098082E+001
   1045  4.780206101877380E-003  1.322246800166877E+002
    114  4.463349341209625E-003  2.903390568794284E+001
    393  4.291710063317029E-003  5.117422678475859E+001
    544  4.251190755003163E-003  1.037287728441322E+002
     64  4.162386429058584E-003  2.637954322898939E+001
    301  3.704953245096351E-003  3.874125966254066E+001
    551  3.641968752490726E-003  1.044758850995860E+002
    296  3.153369011073161E-003  3.847026909032138E+001
    549  3.134474349327058E-003  1.043755820157491E+002
     18  3.116014809915248E-003  2.124694793769305E+001
    582  3.080680681546756E-003  1.069886979669129E+002
    554  2.889244176891756E-003  1.048978551747549E+002
     58  2.768138525742153E-003  2.603619761911758E+001
    553  2.474346857562964E-003  1.045844149005738E+002
    391  2.382666578581597E-003  4.935295074539214E+001
     29  2.148590686672956E-003  2.304600720746813E+001
    248  2.127861373199058E-003  3.617742791171408E+001
   1044  2.110958112033212E-003  1.320835593454495E+002
    531  2.054135124864695E-003  6.280622541285696E+001
    530  2.003485366812956E-003  6.265828803408258E+001
    302  2.001159965324122E-003  3.874867387838012E+001
      5  1.960626358786496E-003  1.580375607842547E+001
    308  1.863508702663395E-003  3.924824416979163E+001
   1052  1.832337451704890E-003  1.330891459743712E+002
     31  1.729681274800690E-003  2.349957735236975E+001
     14  1.677971922801196E-003  2.047451167645159E+001
    396  1.666662321409022E-003  5.292259014309509E+001
     32  1.557305112783953E-003  2.386019687247388E+001
    456  1.515880282183761E-003  5.758475825352298E+001
   1047  1.458325471671578E-003  1.324683504365100E+002
    330  1.442404499320238E-003  4.000719691328421E+001
    427  1.430877147693965E-003  5.530625255614972E+001
    103  1.391466667312543E-003  2.854698030319213E+001
    548  1.377579457554944E-003  1.041098140943872E+002
    335  1.335268755262031E-003  4.064698242871874E+001
    578  1.317612512517646E-003  1.068696587706935E+002
   1039  1.271953343640360E-003  1.317789778316224E+002
    585  1.270277148333166E-003  1.071721890576240E+002
    205  1.246468942211588E-003  3.418138862993963E+001
     90  1.241032556660048E-003  2.792299487571685E+001
   1048  1.200299662560348E-003  1.325281096806480E+002
    384  1.147723162268869E-003  4.693482184770667E+001
    142  1.145168764482768E-003  3.011700635419402E+001
    199  1.137850566188611E-003  3.411214171315592E+001
     85  1.108908584228437E-003  2.757726243328665E+001
    229  1.099828795546942E-003  3.477639317683153E+001
     79  1.084520030592936E-003  2.728143790603452E+001
     60  1.078691493281051E-003  2.612817271153773E+001
     17  1.078302543858094E-003  2.091913438766164E+001
    418  1.068613707419854E-003  5.440760214654593E+001
     65  1.055555236887317E-003  2.645533186342116E+001
    403  1.044085441134226E-003  5.332276567118551E+001
     11  1.027536150753636E-003  1.771447447329438E+001
    536  1.018853972944641E-003  7.244369170766353E+001
    188  1.014222997536144E-003  3.343297855491465E+001
     95  9.902443299589930E-004  2.806113631432304E+001
    543  9.707062610562077E-004  1.026098663261161E+002
    458  9.637326932187614E-004  5.780961640938520E+001
    386  9.471818505472352E-004  4.778448827008048E+001
    255  9.391163384439049E-004  3.705801266502003E+001
    251  9.118080876900781E-004  3.670193646720268E+001
    452  9.020716830348467E-004  5.732416656661538E+001
   1055  8.941281731748196E-004  1.332315483337306E+002
    209  8.913305442501960E-004  3.420776675567321E+001
     12  8.614498382926246E-004  1.791855268392995E+001
   1050  8.457339346768146E-004  1.326682006609648E+002
    289  8.422423981672026E-004  3.832422991649202E+001
    310  8.382498142733723E-004  3.933560718805473E+001
    347  8.325660232325166E-004  4.251894246220620E+001
     26  8.088028721833584E-004  2.275577786050195E+001
     91  7.960135329647343E-004  2.795709450840539E+001
     20  7.910982346296906E-004  2.146722812704134E+001
    245  7.591212236919172E-004  3.584895809931362E+001
    422  7.322996154956176E-004  5.478392604221921E+001
    762  7.306140623867247E-004  1.134504722361933E+002
    533  7.244919075055247E-004  6.344214913117692E+001
    182  7.233630352548507E-004  3.313118961536368E+001
   1075  7.219221712880389E-004  1.852007864492208E+002
    161  7.003181454458508E-004  3.141544799468193E+001
     36  6.895154162059888E-004  2.408548968715760E+001
    295  6.839731217611632E-004  3.844649820311862E+001
    185  6.837688451345532E-004  3.329017879350934E+001
    572  6.800971057034354E-004  1.066354688575440E+002
    395  6.560846445877117E-004  5.279005865968511E+001
     71  6.274801186108743E-004  2.691074291878593E+001
   1042  6.117291959246043E-004  1.319938555239870E+002
    431  6.038352748281271E-004  5.545822575490884E+001
    385  6.008509793623264E-004  4.744969147605799E+001
     66  5.966065122294538E-004  2.653041695388611E+001
   1061  5.961910202414699E-004  1.338239896777959E+002
    710  5.959162378640720E-004  1.117114283703663E+002
    190  5.923491054086728E-004  3.352213579831744E+001
    532  5.919208115247607E-004  6.299204701993657E+001
    348  5.866856353102370E-004  4.278252907839931E+001
    552  5.748320464632251E-004  1.045004516183760E+002
    379  5.609298526316328E-004  4.610002508350383E+001
    207  5.545657889577942E-004  3.419271829752626E+001
    282  5.532900521344038E-004  3.781601762519486E+001
    258  5.525323564490934E-004  3.725675246841864E+001
    236  5.453093385566547E-004  3.558504171265294E+001
    399  5.395233594188630E-004  5.300117686152819E+001
    344  5.296006124432789E-004  4.229281490750487E+001
   1041  5.277662951605993E-004  1.318604688563310E+002
    454  5.273018984096157E-004  5.753531790534946E+001
     70  5.213703065704360E-004  2.683332853591699E+001
     67  5.161162624884980E-004  2.663955326886673E+001
    183  4.865654879157133E-004  3.317747871488443E+001
      1  4.827520772947700E-004  1.480943860687432E+001
    346  4.721944120208998E-004  4.251353138364797E+001
    593  4.707948027916863E-004  1.074633420950339E+002
    120  4.683422616368636E-004  2.935022978395871E+001
   1072  4.654661211602672E-004  1.354275255218108E+002
     45  4.602554830350571E-004  2.505629895200580E+001
    358  4.523676134488420E-004  4.418411045040358E+001
    326  4.447154440351492E-004  3.980074663620405E+001
    217  4.446910994332644E-004  3.432077633458158E+001
    115  4.383359413598570E-004  2.908676806680809E+001
   1022  4.246679603416190E-004  1.309570316227355E+002
    417  4.058305725154383E-004  5.432386496665636E+001
      4  3.983053929908388E-004  1.555889535187236E+001
    163  3.922770347370099E-004  3.148605603035891E+001
    155  3.920002424279502E-004  3.129077640287002E+001
    575  3.899044742478815E-004  1.067636975144964E+002
    279  3.883386956768348E-004  3.776291602598710E+001
    303  3.879900004822724E-004  3.891633174738261E+001
    272  3.872061089793507E-004  3.770876893490352E+001
    275  3.859796777215408E-004  3.771871208633355E+001
    158  3.842524986821710E-004  3.138637587596471E+001
    749  3.841874923586314E-004  1.128862829609149E+002
     94  3.820685377904806E-004  2.803048707399637E+001
    253  3.812381398158357E-004  3.690338042035397E+001
    592  3.738808931078322E-004  1.074010896433819E+002
    241  3.697027171817632E-004  3.573178726353736E+001
     74  3.684610569542931E-004  2.706787664592100E+001
     46  3.671035247526511E-004  2.508968851186969E+001
    212  3.655341380300973E-004  3.425448747044050E+001
    331  3.624297972265823E-004  4.033978069592825E+001
    285  3.613665959342519E-004  3.794670187788559E+001
    135  3.589559716508180E-004  2.990996926970350E+001
     97  3.537149570905804E-004  2.809615145046481E+001
    381  3.522278959480078E-004  4.623753374880091E+001
     22  3.515583998464206E-004  2.149928230079738E+001
    246  3.486367877713823E-004  3.612200287477440E+001
    570  3.426502935418352E-004  1.064458450110351E+002
     28  3.414256296665274E-004  2.303576073275412E+001
      9  3.379889324486838E-004  1.615282072713023E+001
    397  3.365483664506433E-004  5.292984574180642E+001
     43  3.342309381217607E-004  2.485090944939308E+001
    186  3.306299680104108E-004  3.335079910483972E+001
    232  3.304640227243729E-004  3.530982942235851E+001
    836  3.301961116490586E-004  1.177792466123822E+002
    196  3.262368848846434E-004  3.402217963204272E+001
    233  3.254626136592969E-004  3.536858076063520E+001
    320  3.222599608153353E-004  3.958466091098631E+001
     40  3.206531139305124E-004  2.429142631572386E+001
    332  3.163936003033030E-004  4.036182328117159E+001
    119  3.152124540421315E-004  2.929038281335912E+001
    131  3.127316158725296E-004  2.976719894627799E+001
    134  3.105971138988495E-004  2.989081555609098E+001
    297  3.086282291755142E-004  3.850412000814609E+001
    143  3.065294566153885E-004  3.021552765862468E+001
    661  3.048288010372216E-004  1.094040232551639E+002
    221  3.046775421170890E-004  3.444064242877499E+001
   1062  3.046439679419245E-004  1.338537297016246E+002
    133  3.027321956191369E-004  2.980777525245198E+001
    106  2.999024644497685E-004  2.873147041157064E+001
    184  2.945553948915834E-004  3.328145954751520E+001
   1057  2.898575498085138E-004  1.332882698940204E+002
    421  2.786227860222654E-004  5.469982084171487E+001
    165  2.763665203674079E-004  3.194792507678593E+001
     41  2.717862468201701E-004  2.434332602389209E+001
     73  2.702265890588579E-004  2.704395448663374E+001
    202  2.700401631161172E-004  3.414693728338715E+001
    785  2.699614620247525E-004  1.156515149006221E+002
    311  2.697544523781575E-004  3.939193935233331E+001
    132  2.691408833625960E-004  2.978147182311027E+001
    389  2.683385338854988E-004  4.924612888004685E+001
    144  2.669199189024058E-004  3.023024488043693E+001
    138  2.663813530829095E-004  2.998810658959070E+001
    525  2.648277403862447E-004  6.201689187624501E+001
     34  2.636722427077291E-004  2.394870774261297E+001
    218  2.606632899925166E-004  3.434087154455664E+001
    148  2.558473576729391E-004  3.055713011308698E+001
    299  2.544157280134454E-004  3.861147003050849E+001
    264  2.524603072483446E-004  3.760740200223662E+001
    160  2.519051114194870E-004  3.140287364756382E+001
    153  2.518735011019438E-004  3.119128674334460E+001
     52  2.517440926392202E-004  2.532370304309600E+001
    201  2.458034123991018E-004  3.413905621996786E+001
    343  2.365381872182970E-004  4.223776350771931E+001
      6  2.360891982602223E-004  1.593905863128156E+001
    281  2.353361469929469E-004  3.778222215271058E+001
    108  2.344967186511952E-004  2.884206820739177E+001
    374  2.300714210001626E-004  4.576894168844035E+001
     68  2.296993774573714E-004  2.665958995788216E+001
    686  2.295238488451272E-004  1.108321598991433E+002
     63  2.283675117679571E-004  2.633691355837915E+001
      3  2.266986544742387E-004  1.530095081680193E+001
    564  2.235128263343255E-004  1.059223740174141E+002
     96  2.230979620861694E-004  2.807603105873968E+001
   1024  2.228851274903861E-004  1.310472886139475E+002
    405  2.228753783073334E-004  5.340951413863353E+001
    357  2.195146770126707E-004  4.413715889769129E+001
    450  2.174391371509749E-004  5.723022636777802E+001
     78  2.142759971574237E-004  2.724001953302053E+001
    100  2.131143724992590E-004  2.814590236831992E+001
    716  2.125311015618468E-004  1.119313653155845E+002
     21  2.107645812233478E-004  2.149552581175353E+001
     35  2.098223367809632E-004  2.406163852032448E+001
     83  2.093307950842465E-004  2.745200449399356E+001
    352  2.088332602993802E-004  4.345183818831803E+001
    394  2.078424011306809E-004  5.275338077531283E+001
    151  2.070559360854588E-004  3.097448214004631E+001
    777  2.055251617291183E-004  1.150636811545726E+002
    156  2.040126322636333E-004  3.133959801814033E+001
    293  2.016980389754744E-004  3.840315559517953E+001
    401  1.997037736438465E-004  5.310952948046032E+001
    101  1.995498562446749E-004  2.816121926613436E+001
    411  1.977013397366803E-004  5.390414096058870E+001
    763  1.972198417673515E-004  1.136578287383470E+002
    425  1.942740667307454E-004  5.512885982268182E+001
    426  1.940654953348674E-004  5.521112029631625E+001
    319  1.936161055752089E-004  3.955367029075058E+001
    566  1.910987792328796E-004  1.060197199307676E+002
    102  1.892321029484758E-004  2.838723287464182E+001
    211  1.860497198907380E-004  3.422885497659050E+001
    383  1.845485853439041E-004  4.665506804468283E+001
    576  1.831744310313332E-004  1.068188420241767E+002
    493  1.824660364406556E-004  5.956939432616837E+001
    174  1.810344859615334E-004  3.277024257542895E+001
     62  1.775171126740487E-004  2.630569023157911E+001
    223  1.773396257718334E-004  3.452101188794168E+001
    191  1.769472405172937E-004  3.372798248811258E+001
    150  1.766999054551326E-004  3.095380367517388E+001
    325  1.766772735853832E-004  3.979678053884171E+001
    117  1.763505850340070E-004  2.915145470361619E+001
    658  1.760368982036244E-004  1.092752908733605E+002
    109  1.747193644210095E-004  2.888359254004277E+001
    721  1.746470461475699E-004  1.121902054803930E+002
    239  1.743716690460719E-004  3.564788119351169E+001
    180  1.739192274856675E-004  3.306959511625761E+001
    449  1.735189167032393E-004  5.713782918039372E+001
    215  1.728037194641185E-004  3.430912489816387E+001
    121  1.699438495971831E-004  2.937009161569695E+001
    560  1.687172562899396E-004  1.057397922085461E+002
    309  1.681729005553899E-004  3.929268620446922E+001
    336  1.656921283711269E-004  4.106442919982931E+001
    378  1.647010145010108E-004  4.609481655347708E+001
    338  1.645722760317391E-004  4.143596746217444E+001
    491  1.594050806966098E-004  5.916484178919298E+001
    154  1.588291569136361E-004  3.128025029310897E+001
    580  1.551089840747784E-004  1.069063882425304E+002
    208  1.541306250906523E-004  3.420400517096608E+001
    404  1.535850774850945E-004  5.332919471058649E+001
    617  1.509840956584352E-004  1.082069188907082E+002
    157  1.486716623755348E-004  3.136040875348826E+001
    991  1.479098513119776E-004  1.298309517843196E+002
    267  1.475298647817486E-004  3.763942844703926E+001
    838  1.465531485724684E-004  1.178077045912047E+002
     48  1.463401995442308E-004  2.521050943974308E+001
    430  1.447334012431394E-004  5.544226538226409E+001
      2  1.427528411131745E-004  1.507477314615795E+001
    237  1.423975522295701E-004  3.561350513334219E+001
    948  1.423389885652852E-004  1.280530341997139E+002
    168  1.414359892653649E-004  3.223239881301075E+001
    897  1.411244936354540E-004  1.233154024205701E+002
     50  1.407830606617741E-004  2.524792740229145E+001
    274  1.400957030818610E-004  3.771469066363962E+001
    400  1.400601570646083E-004  5.304406357850599E+001
    382  1.367259693789305E-004  4.661435463500721E+001
    746  1.348645361728626E-004  1.128150956859242E+002
    706  1.348206174560332E-004  1.115644797142602E+002
    451  1.334818295309292E-004  5.726939793781466E+001
   1066  1.330931660129429E-004  1.341339055776214E+002
    324  1.329406547577826E-004  3.965813849875591E+001
    116  1.322255879630805E-004  2.910094471225916E+001
    192  1.316100603745717E-004  3.373139183933635E+001
    455  1.296550130159447E-004  5.757818593173593E+001
    341  1.277406991011540E-004  4.207899368185591E+001
    702  1.270964105492764E-004  1.112791472783473E+002
   1060  1.270425624815512E-004  1.336329109810919E+002
    249  1.268209059012675E-004  3.643158917315001E+001
    745  1.256243032285996E-004  1.127541380335163E+002
    197  1.254777407895807E-004  3.407091137263039E+001
    676  1.253607855612571E-004  1.102968009656115E+002
    607  1.218291307719238E-004  1.079782277499060E+002
     89  1.212302804606422E-004  2.787565477396676E+001
     81  1.206592292695583E-004  2.737831616504717E+001
    486  1.203259549352371E-004  5.898078655703418E+001
   1036  1.193152189916616E-004  1.315563975924429E+002
    829  1.182020237129980E-004  1.175434491795728E+002
    137  1.174662693427937E-004  2.996307755422044E+001
    453  1.163258580516550E-004  5.734859743017803E+001
    273  1.149718748834882E-004  3.771236202405859E+001
     30  1.143972165595148E-004  2.339033246897357E+001
    256  1.128726238114995E-004  3.708485200545782E+001
    555  1.118795180590722E-004  1.049505825405343E+002
   1016  1.115995842094142E-004  1.306784011483153E+002
    104  1.079017383334070E-004  2.863475114667724E+001
    360  1.075577497530717E-004  4.501412031898634E+001
    783  1.066061232930839E-004  1.155776779712016E+002
    573  1.065789911090134E-004  1.066520968004064E+002
    523  1.061527844341604E-004  6.195141091349550E+001
    238  1.049989585769773E-004  3.562010162214489E+001
     93  1.018957114654523E-004  2.801831476528660E+001
    478  1.005121526760929E-004  5.880478287498814E+001
    340  1.001510035201565E-004  4.203744443197692E+001
    937  9.998147115630977E-005  1.275975168353670E+002
     51  9.948523606329058E-005  2.527497960196780E+001
    313  9.945525244429697E-005  3.941220320488696E+001
    444  9.784941242690146E-005  5.640873014994138E+001
    136  9.729389174286648E-005  2.995197020395121E+001
    317  9.570806335577948E-005  3.952108816795088E+001
    659  9.530101137227244E-005  1.093169473413985E+002
    621  9.393618909701306E-005  1.083828600305560E+002
    107  9.282019422509411E-005  2.880093649968087E+001
    283  9.172447586632348E-005  3.781664732037148E+001
    492  9.165784413542796E-005  5.919740097208313E+001
    565  9.159800937726985E-005  1.059848591127986E+002
    110  9.097094782625869E-005  2.890337161783228E+001
    947  9.095651736731975E-005  1.280025795512814E+002
    270  9.063458699573106E-005  3.767493462479421E+001
     27  8.838255314225960E-005  2.288948685305089E+001
     13  8.767033264972158E-005  2.038781372204352E+001
    167  8.663394002177194E-005  3.206734480721192E+001
     86  8.536838841620451E-005  2.760340701365068E+001
    304  8.521074423539002E-005  3.902642388250331E+001
    778  8.361222511382431E-005  1.153062331743218E+002
    768  8.359359610507928E-005  1.140511281344195E+002
    832  8.329014406487179E-005  1.176150872586579E+002
    542  8.313693753404362E-005  1.021380905135569E+002
    334  8.304180652129080E-005  4.055961280242965E+001
    902  8.197449881444033E-005  1.246861225619736E+002
    894  8.087132961437603E-005  1.226855190700912E+002
    176  8.082254681220071E-005  3.283702642513862E+001
    534  8.063484455408469E-005  6.352992396574133E+001
     15  8.057079141464116E-005  2.077312965636918E+001
    436  8.007908963601561E-005  5.562240782737462E+001
   1011  8.000152534746556E-005  1.305590563134582E+002
    738  7.997865285731057E-005  1.126248828969786E+002
    681  7.873356808060958E-005  1.107150530846271E+002
    214  7.771048618695929E-005  3.429158842681225E+001
    292  7.746159968995133E-005  3.837765227419467E+001
    329  7.728768089521907E-005  3.994917835777716E+001
   1018  7.724062481129137E-005  1.307425624046459E+002
    230  7.708227780055568E-005  3.507000892128892E+001
    111  7.686580094220721E-005  2.891758955889047E+001
    609  7.595767845796939E-005  1.080529774194348E+002
    868  7.592453116950808E-005  1.199994649602093E+002
   1027  7.528289137674852E-005  1.311414239553258E+002
    234  7.481639718690912E-005  3.541632958107625E+001
    280  7.283158095994898E-005  3.777070006257392E+001
    521  7.202388299349233E-005  6.120499406654021E+001
    514  7.179223609292621E-005  6.112143562944963E+001
   1069  7.158954354982758E-005  1.347402109836953E+002
    960  6.940796476728763E-005  1.283710541965592E+002
    618  6.930325363149602E-005  1.083041655146542E+002
    502  6.886423960948066E-005  6.033057478557798E+001
     75  6.851537089888820E-005  2.717284531466260E+001
    314  6.793027720589125E-005  3.944402428691944E+001
     55  6.758359614794598E-005  2.564739582447731E+001
    725  6.671441852370827E-005  1.122622575126908E+002
    231  6.632421077314458E-005  3.529195130720404E+001
    194  6.601623184875412E-005  3.388123191050668E+001
    639  6.600866858040132E-005  1.087924757147032E+002
    105  6.569943193265328E-005  2.872870804936272E+001
    467  6.554435420334648E-005  5.850070475174659E+001
    242  6.494069191734000E-005  3.575330164903793E+001
    359  6.419627232683314E-005  4.440820660542785E+001
    631  6.328473063485424E-005  1.086593678715634E+002
    261  6.247238787639107E-005  3.751537038816641E+001
   1021  6.215622043736207E-005  1.308784400027895E+002
    481  6.211063384605385E-005  5.889564718758225E+001
     92  6.175443219491203E-005  2.796966533379813E+001
    577  6.119283939572310E-005  1.068269012623950E+002
    307  6.084768762741876E-005  3.924418415703018E+001
    318  5.988904596484023E-005  3.952690512520030E+001
    561  5.978083755462728E-005  1.057823475786052E+002
    254  5.976223821278712E-005  3.696870162494890E+001
    278  5.958978949276016E-005  3.775225448216675E+001
    419  5.953091172637566E-005  5.447434435004674E+001
    981  5.951056616193961E-005  1.292686845988868E+002
    187  5.943191728733145E-005  3.338593491458187E+001
     84  5.934293662431738E-005  2.748397341497807E+001
    147  5.868103707417656E-005  3.045498909450352E+001
   1020  5.864130095705510E-005  1.308300137670077E+002
    518  5.755682275859193E-005  6.116565427175681E+001
    803  5.744532243922140E-005  1.163959410830473E+002
    970  5.739155407645986E-005  1.288440499253601E+002
    377  5.658098024913411E-005  4.580996274485975E+001
    697  5.650095735671536E-005  1.111168086390436E+002
    952  5.613798674092709E-005  1.282170243378332E+002
    327  5.565163109750026E-005  3.980649710729982E+001
    448  5.538947741396772E-005  5.707216855561523E+001
    730  5.521138612285835E-005  1.124678820560711E+002
    128  5.512818531540340E-005  2.964876822252022E+001
    323  5.441617414474654E-005  3.963162035223775E+001
    361  5.415683482836327E-005  4.509188248244521E+001
    305  5.286584429144207E-005  3.919092577852600E+001
   1034  5.246053201411954E-005  1.314975717016592E+002
    683  5.150370619001429E-005  1.107854094171573E+002
    528  5.139975954518671E-005  6.211763689923020E+001
    817  5.131970476075103E-005  1.171745914510001E+002
   1000  5.064415313151377E-005  1.301375093272533E+002
     39  5.003412445096899E-005  2.419216907562118E+001
    571  4.971739159391365E-005  1.065760725477823E+002
    742  4.932024447152679E-005  1.126546326383816E+002
    913  4.898414987277511E-005  1.260963173315474E+002
    123  4.880494908090468E-005  2.945706723223188E+001
    169  4.834010573451594E-005  3.225245008090104E+001
    605  4.793759972699101E-005  1.079476682950407E+002
    928  4.749556511967783E-005  1.271758190169006E+002
    420  4.709344049467188E-005  5.464265012038360E+001
    950  4.665837343586905E-005  1.281356928004739E+002
     57  4.603923898666322E-005  2.601044601303876E+001
    257  4.599260206023687E-005  3.716053985696894E+001
    526  4.595818477939810E-005  6.205614154690332E+001
    724  4.586051817797669E-005  1.122474317356576E+002
    171  4.531855886312173E-005  3.251692712246987E+001
    898  4.492035156905719E-005  1.236287338505038E+002
    600  4.491553776573632E-005  1.078192567961393E+002
    558  4.383816586352028E-005  1.054235904423783E+002
    380  4.349317174977831E-005  4.621788456267294E+001
    911  4.348172245979507E-005  1.258968376271585E+002
    271  4.338320298113318E-005  3.769377629908810E+001
    584  4.275924791776151E-005  1.071415131646536E+002
    966  4.157795471963353E-005  1.287120665380274E+002
     49  4.155627997505022E-005  2.521926711432687E+001
     25  4.081528724753698E-005  2.268285797328677E+001
    262  4.065911476463535E-005  3.754826259370084E+001
    364  4.056193593580045E-005  4.528995878587361E+001
    594  4.023017409157961E-005  1.075267994995216E+002
     80  3.943499311881443E-005  2.737665388114407E+001
    244  3.915993909149042E-005  3.582009297825139E+001
    339  3.912297778021840E-005  4.199721405536648E+001
    637  3.906694672458339E-005  1.087708716348475E+002
    162  3.883601357850409E-005  3.142013005221356E+001
    890  3.868328542103411E-005  1.222269695705770E+002
    475  3.840984773314811E-005  5.870955367754343E+001
    892  3.840508377746136E-005  1.223146913863671E+002
    315  3.840026538094535E-005  3.946262277995078E+001
     77  3.817275713697814E-005  2.720977418778346E+001
    166  3.801172186124293E-005  3.197534022905977E+001
     61  3.777070293084215E-005  2.623624111749398E+001
    298  3.769236513678197E-005  3.860785506393049E+001
   1008  3.755855588966389E-005  1.304054287055121E+002
    145  3.712614679021000E-005  3.035386176419680E+001
   1068  3.689737466943259E-005  1.342139437973118E+002
    337  3.672853205123970E-005  4.125439580477820E+001
     37  3.663535871190664E-005  2.413005277682491E+001
    516  3.559524669242040E-005  6.114879167768425E+001
    689  3.507316470460546E-005  1.108992280227757E+002
    967  3.461406916736445E-005  1.287730879251822E+002
   1070  3.444514395309749E-005  1.350535885837313E+002
     54  3.431891286368049E-005  2.537118147105558E+001
     44  3.411721300829323E-005  2.487547588775838E+001
     72  3.383737357545085E-005  2.695844835194747E+001
    771  3.376150209803306E-005  1.142541813627527E+002
    489  3.364149257723230E-005  5.906665573291085E+001
    356  3.340336429809117E-005  4.399929676237998E+001
    972  3.336919778217809E-005  1.289491342298440E+002
    674  3.287557958262407E-005  1.101627157855635E+002
    616  3.254664274568290E-005  1.081902144651443E+002
    646  3.244408811274823E-005  1.089039652974663E+002
    879  3.221445495336013E-005  1.208628531744268E+002
    515  3.214421489225617E-005  6.113166482037749E+001
    917  3.210438983498903E-005  1.262583151256411E+002
    672  3.139762820702930E-005  1.100523893058521E+002
    537  3.099955448355723E-005  7.348438751630307E+001
    905  3.067553842161834E-005  1.252963463377060E+002
    181  3.065434289974910E-005  3.309588236011395E+001
    610  3.063159133291109E-005  1.080548791140610E+002
    557  3.058571632943213E-005  1.053298087456868E+002
    529  3.029708806193779E-005  6.213305424318654E+001
    673  3.012291821752382E-005  1.101090602242966E+002
    127  2.998837168261909E-005  2.958197907168710E+001
    757  2.987814338295627E-005  1.131455979007981E+002
    260  2.983993320926836E-005  3.745846822965304E+001
    519  2.976751084252378E-005  6.116666091909611E+001
    441  2.933499014145379E-005  5.602297434426368E+001
    624  2.897861099480856E-005  1.084534043855216E+002
    567  2.894849862560224E-005  1.061175767374582E+002
     88  2.891938359833075E-005  2.776495450944637E+001
    170  2.868960073483838E-005  3.240864442722207E+001
    240  2.865273165830215E-005  3.568815433410965E+001
    708  2.837139393739693E-005  1.116659378913442E+002
    583  2.830618117953992E-005  1.070323413352247E+002
    918  2.828339673147606E-005  1.263810693695273E+002
    717  2.772069624980332E-005  1.119901298340990E+002
    816  2.757295003692066E-005  1.170854692244173E+002
    774  2.752912574476809E-005  1.147299018357027E+002
    470  2.751000288220701E-005  5.858950887133865E+001
    294  2.705238272032818E-005  3.844005427068350E+001
    636  2.674334289228706E-005  1.087412284437008E+002
    899  2.613847610922453E-005  1.237750393258326E+002
    513  2.586833665458946E-005  6.111701004965728E+001
    459  2.565778858701061E-005  5.797524108925945E+001
    678  2.553612092282828E-005  1.105298402911861E+002
    630  2.494415515194009E-005  1.086464564510315E+002
    903  2.489113757529975E-005  1.249295857950171E+002
    589  2.484462249264939E-005  1.073243551551986E+002
    226  2.483608414950765E-005  3.460914941435140E+001
    975  2.467363528161555E-005  1.290479361570385E+002
    495  2.458757513188395E-005  5.971063876484735E+001
    220  2.448702159083353E-005  3.440936379612124E+001
    460  2.420412558524059E-005  5.821511818989060E+001
    574  2.419930782667912E-005  1.067089856517616E+002
    712  2.418715340269750E-005  1.118479116964762E+002
    189  2.410943475224633E-005  3.348575581421191E+001
    992  2.382849462607105E-005  1.299169051159237E+002
    748  2.320977403889651E-005  1.128453459062848E+002
    622  2.297013801022462E-005  1.084041586407917E+002
    483  2.284046792996989E-005  5.892865432514233E+001
    507  2.281679919227230E-005  6.098134465730102E+001
    797  2.274687416504574E-005  1.161224071144865E+002
    159  2.249964535555933E-005  3.140014259635325E+001
    139  2.230764632496150E-005  3.001327528760398E+001
    503  2.202411155409725E-005  6.062899617907863E+001
    698  2.184827191708852E-005  1.111543499618823E+002
    269  2.180259878672500E-005  3.766609016559832E+001
    731  2.170706842679490E-005  1.124795031346507E+002
    871  2.149159271623876E-005  1.204638135739833E+002
    827  2.138761937038305E-005  1.174913134466901E+002
    964  2.126204464141361E-005  1.284811881676410E+002
     19  2.122885326655054E-005  2.137958735177528E+001
    365  2.112703839878630E-005  4.540196146988517E+001
    569  2.112511286620702E-005  1.064024371239422E+002
    410  2.104147265836084E-005  5.380004782230375E+001
    808  2.102898199414003E-005  1.166438640424820E+002
    538  2.096747251175258E-005  8.801939400846273E+001
    713  2.095947944167327E-005  1.118750446375970E+002
    656  2.061341545011919E-005  1.092383325553483E+002
    465  2.051713593219937E-005  5.845233409136720E+001
    596  2.049400753582318E-005  1.076305596761092E+002
   1029  2.048512353909981E-005  1.312589073638632E+002
    984  2.024416186553176E-005  1.293776492189174E+002
    370  2.006579304263738E-005  4.562254251008403E+001
    204  1.978918775388328E-005  3.416741852472765E+001
    524  1.975742721881375E-005  6.196836567938324E+001
    435  1.954745485133944E-005  5.559833163642786E+001
    916  1.951315595589965E-005  1.261858055404796E+002
    579  1.948777486878554E-005  1.068810185812333E+002
    791  1.912453282688969E-005  1.158399885308925E+002
   1046  1.899020388458187E-005  1.322741703884410E+002
   1063  1.895738159688612E-005  1.338610239777397E+002
    595  1.889034138341737E-005  1.075727311228692E+002
     76  1.879378088654098E-005  2.719040433196805E+001
    977  1.876180339418885E-005  1.291448023039548E+002
    210  1.866332570062137E-005  3.421873300884823E+001
    641  1.830413810019115E-005  1.088136450829588E+002
    126  1.828977721688263E-005  2.957864372821811E+001
    247  1.812822297640700E-005  3.613855018049320E+001
    870  1.801124525246006E-005  1.203621491035894E+002
    149  1.753737098613031E-005  3.064428879965062E+001
    780  1.748510129906890E-005  1.153482258688003E+002
    511  1.746343868492573E-005  6.108291035790679E+001
   1032  1.729977167712577E-005  1.314270448258869E+002
    682  1.714423231322613E-005  1.107795174367904E+002
    354  1.708315444223059E-005  4.358717802496741E+001
    328  1.687033655578884E-005  3.982877398686839E+001
    266  1.677304215802943E-005  3.763404507858488E+001
    193  1.676726459045522E-005  3.387383688791338E+001
    691  1.668526939350877E-005  1.109942746792360E+002
   1065  1.666095000314772E-005  1.340986810838602E+002
    635  1.643744276936845E-005  1.087402789130293E+002
     33  1.641834293039555E-005  2.387502434282544E+001
    471  1.630456543629320E-005  5.859921299406331E+001
    958  1.627953975393259E-005  1.283326337970340E+002
    349  1.621168024900841E-005  4.279212686889406E+001
    848  1.617123848778312E-005  1.185512117490796E+002
    277  1.615274003588116E-005  3.774405278528796E+001
    355  1.606154413666551E-005  4.365668409738398E+001
    375  1.589382331614582E-005  4.577921754207221E+001
    655  1.586363802412217E-005  1.092114390318620E+002
    880  1.547806462503461E-005  1.209811659012211E+002
    469  1.544441666471126E-005  5.857260373695996E+001
    929  1.537696065487209E-005  1.272324166790593E+002
    463  1.525991766430542E-005  5.840368106338346E+001
    695  1.493752425397367E-005  1.110404578737834E+002
    522  1.485620968631328E-005  6.189501394570030E+001
    527  1.483716922411761E-005  6.211137902133680E+001
    366  1.481741738426313E-005  4.541480133184800E+001
    284  1.476414719495590E-005  3.794002386601017E+001
    466  1.457175813477681E-005  5.848631456847294E+001
    213  1.451200614106765E-005  3.426923698719692E+001
    599  1.448158130297525E-005  1.077354408464688E+002
    480  1.443803256500325E-005  5.887142017505539E+001
    476  1.438725726844942E-005  5.874284760292872E+001
    670  1.425171017483758E-005  1.099218253642219E+002
    626  1.421328223969843E-005  1.085197354965440E+002
    858  1.418947839181587E-005  1.193043137223610E+002
    789  1.409792269941039E-005  1.157939903252585E+002
    998  1.409117526330698E-005  1.301241144683907E+002
    129  1.387000614899546E-005  2.967722940199728E+001
    824  1.385438835967527E-005  1.173851057796732E+002
    457  1.363830266122447E-005  5.770039153165104E+001
    179  1.350145824610301E-005  3.301071504933698E+001
    498  1.349065367032325E-005  6.006055704270973E+001
    910  1.336778336502298E-005  1.258349422363612E+002
    485  1.330001989858562E-005  5.896971858223063E+001
    907  1.326153753604450E-005  1.254774984052440E+002
    288  1.320468816605784E-005  3.825168870868715E+001
     69  1.299537322961618E-005  2.667931486079132E+001
    368  1.277706756419612E-005  4.552075151204606E+001
     59  1.274222285680279E-005  2.608228483109795E+001
    800  1.255379947157575E-005  1.161811067685375E+002
   1013  1.246083957077363E-005  1.306191025791559E+002
    926  1.239507149723286E-005  1.269935099435139E+002
    433  1.235549557786339E-005  5.552394895078822E+001
    633  1.224006401877614E-005  1.086770367044967E+002
    847  1.208187105681759E-005  1.183795327778256E+002
    415  1.202345814868706E-005  5.409773008136273E+001
   1076  1.194525660699754E-005  1.858411948136732E+002
    608  1.183962032877273E-005  1.080310773431174E+002
    545  1.182274282559704E-005  1.038885725205099E+002
    684  1.172260373272514E-005  1.108055531440044E+002
    700  1.169759343429253E-005  1.112187707043413E+002
    398  1.165465438475633E-005  5.298968704937109E+001
    473  1.163439226460118E-005  5.864875851961727E+001
    225  1.162840606605708E-005  3.458265676939745E+001
    896  1.161274831062613E-005  1.231967026860033E+002
    760  1.155979767186953E-005  1.133648679091437E+002
    813  1.142564598963451E-005  1.170211975618395E+002
    709  1.134664972232143E-005  1.116986555393093E+002
    535  1.127052004237790E-005  7.234684016852472E+001
    634  1.126735508756954E-005  1.087110579745548E+002
    604  1.116468041423754E-005  1.078901483894559E+002
    588  1.091079181190484E-005  1.072780161282308E+002
    442  1.084098008942633E-005  5.605259237502305E+001
    440  1.075508557898167E-005  5.589934491235444E+001
    744  1.069120538016761E-005  1.127340165661099E+002
    268  1.018275372790382E-005  3.765614789507087E+001
    787  1.011993240092593E-005  1.157066821730262E+002
    173  1.004342384677655E-005  3.267731285541730E+001
    601  1.000896601743147E-005  1.078222216339937E+002
    680  9.876388516917439E-006  1.106808485277705E+002
    988  9.614480732918501E-006  1.295230022337254E+002
    737  9.568003232655392E-006  1.125716601108342E+002
   1071  9.497668472296994E-006  1.353191143310252E+002
   1033  9.348404363807286E-006  1.314921549657209E+002
    345  9.327561970184027E-006  4.248475366295001E+001
    755  9.292639078966085E-006  1.130537195644052E+002
   1028  9.248890452974787E-006  1.312419762585663E+002
    883  9.222720535688026E-006  1.212822283474710E+002
    494  9.095619997151956E-006  5.959072402434833E+001
    860  9.087634418086317E-006  1.193608179742887E+002
    665  8.991301595735974E-006  1.096195054263975E+002
    243  8.971503895753710E-006  3.580427376176280E+001
    351  8.953611516653205E-006  4.290814690346715E+001
    510  8.873065259585167E-006  6.106496915014706E+001
    488  8.858075824555719E-006  5.904214899548738E+001
    484  8.762916501755819E-006  5.894622531819898E+001
    429  8.703754435255063E-006  5.542704693693687E+001
   1004  8.664064223688354E-006  1.302828791464404E+002
     98  8.629569824752867E-006  2.810036398063808E+001
    602  8.590456314258976E-006  1.078335831208874E+002
    445  8.575350682002744E-006  5.650985963977887E+001
    611  8.432412510995967E-006  1.080609110523806E+002
    643  8.399576952851976E-006  1.088529165631816E+002
    461  8.327788264994738E-006  5.832169084274378E+001
    719  8.284238823488750E-006  1.120361196403708E+002
    227  8.282705479163740E-006  3.461221107986133E+001
    944  8.159851023099528E-006  1.278264506290159E+002
    252  8.005617982411250E-006  3.681481496629917E+001
    989  7.961247157589070E-006  1.296856498562064E+002
    927  7.832489904470192E-006  1.271118445081471E+002
    922  7.789772916144074E-006  1.267277337836395E+002
    508  7.780579604342794E-006  6.101348113010317E+001
    141  7.718638927370273E-006  3.005205957969120E+001
   1064  7.702039389565172E-006  1.339182935247794E+002
    322  7.641074332216780E-006  3.962934885257222E+001
    195  7.589074609987663E-006  3.399004655216064E+001
    877  7.569203891981759E-006  1.207635072396237E+002
    938  7.538883549625134E-006  1.276246332177813E+002
    963  7.523485459436256E-006  1.284456810480366E+002
    790  7.510014191105376E-006  1.158127479939932E+002
    122  7.497947320484377E-006  2.942821875092930E+001
    369  7.351157805223523E-006  4.556664797594529E+001
    550  7.335926003797499E-006  1.044255141670578E+002
    350  7.331395691799729E-006  4.287084402122760E+001
    679  7.293409995656220E-006  1.106299731616480E+002
   1053  7.179156982142702E-006  1.331993000158318E+002
    362  7.138835299189778E-006  4.520209191521082E+001
    825  7.119456077977851E-006  1.174155068731360E+002
    663  7.079072601941995E-006  1.095408569103236E+002
    130  7.049104128455454E-006  2.969026097336859E+001
    216  6.865827899236690E-006  3.431915233475488E+001
    855  6.823240001246480E-006  1.192335282432478E+002
    909  6.696438422918002E-006  1.256671150468244E+002
    923  6.683316364434547E-006  1.267345977181097E+002
    342  6.656439618037628E-006  4.219280462450153E+001
    152  6.638822104406348E-006  3.107793476288124E+001
    172  6.552658648529072E-006  3.254695536480502E+001
    597  6.488080961359650E-006  1.076362394255561E+002
    994  6.487745058083859E-006  1.299886393654431E+002
    224  6.484180465152559E-006  3.456258153743839E+001
    863  6.458274469659242E-006  1.194780899982511E+002
    590  6.449657631544365E-006  1.073381491314167E+002
    164  6.357310743673348E-006  3.156123118588701E+001
    782  6.347664246126065E-006  1.155663554633046E+002
    371  6.287892757177324E-006  4.567834615857563E+001
    657  6.200110141759793E-006  1.092680437977900E+002
    924  6.145327006527541E-006  1.267645350898773E+002
    685  6.111241648144256E-006  1.108208915724099E+002
    568  6.074039401012038E-006  1.063884322375297E+002
    690  6.014908583333290E-006  1.109553167085971E+002
    625  5.996495271621264E-006  1.084878781680722E+002
   1040  5.958516505720402E-006  1.318325334098182E+002
    640  5.955346765745217E-006  1.088027953187827E+002
    846  5.930199778670834E-006  1.183733977129572E+002
    562  5.913579426886116E-006  1.058125905236654E+002
    781  5.910924912625088E-006  1.155015502370288E+002
    505  5.905572550231077E-006  6.089365906344585E+001
    321  5.874903640021604E-006  3.959878738143280E+001
    714  5.846516912625374E-006  1.118865310298163E+002
    826  5.818995971640470E-006  1.174535409692338E+002
    751  5.809506204752804E-006  1.129352725370382E+002
    804  5.756551242373037E-006  1.164307012054320E+002
    367  5.739182510848773E-006  4.546665367422378E+001
    842  5.694242506854044E-006  1.180365480395604E+002
    619  5.681068473621926E-006  1.083262496248409E+002
    587  5.612816837720486E-006  1.072564562863978E+002
    784  5.592800425801840E-006  1.156115101864969E+002
    873  5.584601520350026E-006  1.205400953636918E+002
    642  5.523248110453535E-006  1.088349318990273E+002
    884  5.508301111003625E-006  1.212913619330936E+002
    651  5.473001345350001E-006  1.090123807306586E+002
    815  5.443970548398932E-006  1.170844697210597E+002
    943  5.374878047838474E-006  1.278255860865938E+002
    845  5.337218118154167E-006  1.182722434309271E+002
    853  5.318202842876294E-006  1.189950762444425E+002
    447  5.276150163734038E-006  5.692641404400948E+001
    862  5.276055405976021E-006  1.194326389788892E+002
    541  5.270851846874832E-006  1.020561485810812E+002
    497  5.255451834145586E-006  5.984833423050026E+001
    707  5.211545256372359E-006  1.116484954290111E+002
   1074  5.165236186105140E-006  1.357832717908243E+002
    506  5.164013611188821E-006  6.092479484159845E+001
    615  5.144676348188219E-006  1.081646255451844E+002
    758  5.114820034873987E-006  1.131945788764974E+002
    424  5.071908786504386E-006  5.504400290817051E+001
    699  5.055173101848858E-006  1.111753891148923E+002
     42  4.982715788406403E-006  2.442065503900721E+001
     87  4.943293271470772E-006  2.773505635732142E+001
    477  4.851322505851516E-006  5.875439662154096E+001
    668  4.810146616601002E-006  1.098358517134249E+002
    955  4.803750712551287E-006  1.283043098504922E+002
    983  4.754990100330317E-006  1.293699640118089E+002
    372  4.748473123901989E-006  4.569660817760900E+001
    250  4.734362471627501E-006  3.645071914574685E+001
   1009  4.721423838117620E-006  1.304609142394732E+002
    677  4.656573946063555E-006  1.104103779431708E+002
    627  4.647836036108069E-006  1.085359599099982E+002
   1017  4.644011978642397E-006  1.307020085696559E+002
    648  4.634691051032128E-006  1.089328290594756E+002
    649  4.578344387250816E-006  1.089557122086210E+002
    932  4.555145525649409E-006  1.272890793904072E+002
    222  4.540154435250375E-006  3.444665555523785E+001
    715  4.484690039172680E-006  1.119122168057061E+002
    591  4.440568259155231E-006  1.073970459895217E+002
    794  4.421177061155529E-006  1.159299755047292E+002
    809  4.396072127002200E-006  1.168273457040169E+002
    915  4.349193771864662E-006  1.261627872997085E+002
    949  4.331646474591424E-006  1.280833568476082E+002
    623  4.285510874436036E-006  1.084311616311891E+002
    669  4.262299077386570E-006  1.098991161820264E+002
    664  4.199409170124493E-006  1.095868237421283E+002
    479  4.133657759381664E-006  5.886156225440574E+001
    409  4.127087167610435E-006  5.377950655266745E+001
    931  4.088718864497826E-006  1.272754104030811E+002
    306  4.077352692179315E-006  3.922583615449084E+001
    675  4.067344517519332E-006  1.101932688761904E+002
    770  4.065468956995071E-006  1.141655133118217E+002
    793  4.052105382881240E-006  1.158943894419280E+002
   1067  3.915941114023096E-006  1.341872351276505E+002
   1054  3.914946222486896E-006  1.332101619260334E+002
   1056  3.859010049331644E-006  1.332822863268028E+002
    849  3.858491109790118E-006  1.186556798515274E+002
    852  3.856858750550623E-006  1.189308904937423E+002
    520  3.849757794574580E-006  6.117519869664547E+001
    632  3.820935756802115E-006  1.086732063917954E+002
    739  3.812776001804860E-006  1.126267264275300E+002
    556  3.683133492981530E-006  1.053074591696642E+002
    177  3.673387824720816E-006  3.286305119332699E+001
    990  3.663305400524035E-006  1.297249883032466E+002
    509  3.656594437638755E-006  6.104665142125116E+001
    854  3.648557074929565E-006  1.190938927222375E+002
    732  3.614842427809010E-006  1.124809932511083E+002
    482  3.610042805013553E-006  5.890508639424976E+001
    786  3.596945472174125E-006  1.156679892855772E+002
    496  3.571666010776404E-006  5.977778544840232E+001
    259  3.526962713817640E-006  3.731129763636223E+001
     99  3.520027601730112E-006  2.813215700322161E+001
    316  3.518307524752287E-006  3.947722492082590E+001
    887  3.504426338863801E-006  1.215278324822884E+002
    662  3.487700092136813E-006  1.094304874643061E+002
    333  3.483208189961411E-006  4.050570323460023E+001
    287  3.480127080868534E-006  3.806334999222836E+001
    893  3.469401623917274E-006  1.225899968537864E+002
    866  3.446591366999023E-006  1.198737679274225E+002
    703  3.373041170223288E-006  1.113359924967504E+002
    828  3.332031705619471E-006  1.175132070682912E+002
    696  3.250843445301220E-006  1.111110130672436E+002
    474  3.223254130625557E-006  5.866520048333617E+001
    373  3.223208508047058E-006  4.573517441489172E+001
    660  3.212876001343182E-006  1.093929129115852E+002
    761  3.193211927390482E-006  1.134019555363662E+002
   1035  3.190658394419277E-006  1.315022364948826E+002
    235  3.164094435124512E-006  3.553329683850696E+001
    982  3.141268647629779E-006  1.293230544301462E+002
    930  3.130455155104025E-006  1.272550109882912E+002
    908  3.089386441232392E-006  1.256350992978881E+002
    407  3.087028716777340E-006  5.355040632372296E+001
    987  3.033307721025914E-006  1.295218650079724E+002
    711  3.024067593492972E-006  1.117833092223069E+002
    921  2.999584529549757E-006  1.266347372507485E+002
    810  2.990437041269713E-006  1.168542717379606E+002
    437  2.971286513839980E-006  5.567668099873953E+001
    767  2.969618460113471E-006  1.139787538815297E+002
    835  2.966941620031880E-006  1.176766134664512E+002
    414  2.919710948231146E-006  5.408443269732371E+001
    792  2.915090667631857E-006  1.158579110744502E+002
    837  2.902859306571044E-006  1.177814246314451E+002
    693  2.844277167659816E-006  1.110198391814811E+002
    118  2.841815896805991E-006  2.927665934202001E+001
    504  2.836208565658192E-006  6.073767201700102E+001
   1043  2.804824629105573E-006  1.320181582363304E+002
    796  2.780699738405470E-006  1.160406419035091E+002
    795  2.773223228049835E-006  1.159446042090269E+002
    764  2.767741830620752E-006  1.137269990775531E+002
    901  2.767507075261667E-006  1.246352700151236E+002
    978  2.746889010632892E-006  1.291764873003617E+002
    402  2.731812485492515E-006  5.323403324336612E+001
    146  2.667869861577473E-006  3.038455959742199E+001
    559  2.662616260140556E-006  1.054467335457494E+002
    438  2.600165624607449E-006  5.568774314714533E+001
    586  2.579266368855510E-006  1.072414988471015E+002
    961  2.567253432134504E-006  1.283826108536399E+002
    933  2.533687160144582E-006  1.272967505112425E+002
    986  2.533043001669052E-006  1.294778988001748E+002
    603  2.524296405164428E-006  1.078480909052838E+002
    985  2.522654730730365E-006  1.294454523269476E+002
    995  2.482193006644979E-006  1.300556822463785E+002
    644  2.465370261952343E-006  1.088699046594824E+002
    500  2.464206115583720E-006  6.016266526055261E+001
    688  2.458102501200650E-006  1.108652117541332E+002
    112  2.401492306680519E-006  2.893182478938967E+001
    939  2.393391926846942E-006  1.276788938661296E+002
   1025  2.383098284847880E-006  1.310823101564250E+002
    951  2.372964121737620E-006  1.282127111215003E+002
    412  2.349600875396228E-006  5.399327798218789E+001
    859  2.347599910152246E-006  1.193117826572047E+002
    968  2.291652249157693E-006  1.287893908307005E+002
    920  2.282711239192597E-006  1.265729199247587E+002
    934  2.248830516976002E-006  1.274026915475210E+002
    265  2.244360843044225E-006  3.762418150997995E+001
    962  2.219197947101544E-006  1.284190833846668E+002
    812  2.200994883376049E-006  1.169499526914024E+002
    434  2.186563961089730E-006  5.556859477681133E+001
    957  2.144675677938670E-006  1.283224605383935E+002
   1006  2.038136923911043E-006  1.303473844140781E+002
    613  2.032494802730603E-006  1.081325074305931E+002
    517  2.011053848954024E-006  6.116283191518230E+001
   1010  2.007830679585192E-006  1.305150376372933E+002
    124  2.005093638282148E-006  2.953039329658957E+001
    388  1.998877353323852E-006  4.916519389587509E+001
    462  1.974956169310154E-006  5.834568949164402E+001
    936  1.963842548414075E-006  1.275963114471066E+002
    973  1.954308698964866E-006  1.290303348922233E+002
    772  1.854784647130077E-006  1.144444014986270E+002
   1026  1.845539238603367E-006  1.310988308446859E+002
    563  1.829817096681684E-006  1.058622417292547E+002
    705  1.815804622679604E-006  1.114879185885843E+002
    413  1.787656134241415E-006  5.407796767412047E+001
   1012  1.715201329834725E-006  1.305860585800326E+002
    766  1.714733668152096E-006  1.138313497862233E+002
    614  1.710010105096958E-006  1.081499604581023E+002
    935  1.701115949063244E-006  1.274477748704804E+002
    376  1.676492850535278E-006  4.578482274843697E+001
    878  1.671838664667573E-006  1.208553192243232E+002
    805  1.611637718245954E-006  1.165442309434909E+002
    839  1.581575640805124E-006  1.178451551754228E+002
    953  1.572506994773474E-006  1.282835790234384E+002
   1077  1.561144845197153E-006  6.189178021453241E+002
    888  1.556198943530005E-006  1.215384892766490E+002
    125  1.532195209049643E-006  2.955205187993630E+001
    667  1.531476666554627E-006  1.098231148083649E+002
    747  1.523282756135936E-006  1.128221651622354E+002
    980  1.521908934112120E-006  1.292322903638887E+002
   1003  1.500957865178218E-006  1.302792324598297E+002
    728  1.494923650064609E-006  1.123911467240560E+002
    468  1.494465429602717E-006  5.850419738659161E+001
    830  1.450407546013896E-006  1.175448785112390E+002
    606  1.434462675522509E-006  1.079754075340127E+002
     56  1.408145326800410E-006  2.577494999028338E+001
    200  1.390239170817801E-006  3.413076352937113E+001
    788  1.360882728978271E-006  1.157595566872355E+002
   1023  1.357477278807516E-006  1.309907545973144E+002
    638  1.342501139299298E-006  1.087773663504995E+002
   1002  1.297651942125052E-006  1.301955720736593E+002
    729  1.290682166829604E-006  1.124070412533170E+002
    919  1.286777454524146E-006  1.264669767465423E+002
    979  1.276798803101115E-006  1.292073280791942E+002
    140  1.267529293011657E-006  3.002380690834687E+001
    779  1.255494694010522E-006  1.153237642854880E+002
    645  1.249784229285518E-006  1.088758352374567E+002
    976  1.238870802687093E-006  1.291265023483052E+002
    653  1.237941994024380E-006  1.090926521840726E+002
    802  1.237488785298860E-006  1.163074247182627E+002
    228  1.218135389501579E-006  3.465329128304563E+001
    925  1.209839671047976E-006  1.268943605090481E+002
    740  1.196618841583117E-006  1.126281679605138E+002
    818  1.181230510220456E-006  1.172202887178189E+002
    733  1.178600509894850E-006  1.125211996768446E+002
    726  1.170668226019550E-006  1.123280306605216E+002
    821  1.158037266470689E-006  1.173213489801490E+002
    113  1.157760739996162E-006  2.894608485543543E+001
    666  1.157650479699681E-006  1.096961217429448E+002
    206  1.157241931762645E-006  3.418711639611698E+001
    178  1.084878072576292E-006  3.291892583427273E+001
    512  1.083959317933315E-006  6.110465593383906E+001
    750  1.061272031822065E-006  1.128980084302201E+002
    941  1.045187623593511E-006  1.277239710636116E+002
    408  9.954549626710205E-007  5.368647704938994E+001
    464  9.706617831998100E-007  5.841767339850505E+001
    628  9.652067226395915E-007  1.085999071252231E+002
    753  8.124251533988550E-007  1.130399909728984E+002
    843  7.935934481860821E-007  1.181049125326048E+002
    735  7.934309426902222E-007  1.125422257639707E+002
    704  7.893371219786357E-007  1.114088220449556E+002
    851  7.673532474728055E-007  1.189105890777936E+002
    629  7.543051524643537E-007  1.086436456014825E+002
    694  7.006188996206468E-007  1.110208923005156E+002
    219  6.997204219463659E-007  3.435584966495736E+001
    882  6.925323477073553E-007  1.212606419968792E+002
    428  6.701195231349959E-007  5.539697768550786E+001
    857  6.504314775079647E-007  1.192977858717030E+002
    756  6.500750791983644E-007  1.131019348749128E+002
    974  6.493054404327335E-007  1.290391941684268E+002
   1051  6.468721005243265E-007  1.330173846663143E+002
    831  6.338708745496507E-007  1.175849164822640E+002
    811  6.260035157997342E-007  1.169131613251637E+002
    900  6.219219801083854E-007  1.240255399934555E+002
    876  6.166148392364977E-007  1.207338716680959E+002
    736  6.100316306996372E-007  1.125700463249535E+002
   1005  5.805267044921433E-007  1.302961950162389E+002
    776  5.741111860612816E-007  1.150535509847603E+002
    432  5.661074785230796E-007  5.551253331854516E+001
    969  5.597646560089981E-007  1.288232913140608E+002
    765  5.523599343780094E-007  1.138034732037320E+002
    867  5.516599868568227E-007  1.199420338065019E+002
    856  5.475525907642564E-007  1.192407591408727E+002
    198  5.451342355040898E-007  3.410095577154824E+001
    754  5.279095831300833E-007  1.130532912402911E+002
   1059  5.168975688402033E-007  1.335352794510990E+002
    912  5.150248312434406E-007  1.259977317017505E+002
    906  5.013317827475482E-007  1.253859334012492E+002
    844  4.941889872252945E-007  1.182236522024691E+002
    895  4.913359511512313E-007  1.231922658586809E+002
    861  4.908203602105197E-007  1.193618968506130E+002
    581  4.819646205059603E-007  1.069166383916512E+002
    490  4.815896143397054E-007  5.909746584665749E+001
    993  4.543084003583581E-007  1.299638892136509E+002
    869  4.480516256524010E-007  1.201465244096069E+002
    807  4.413222941532987E-007  1.166040027024774E+002
    814  4.406489658880317E-007  1.170571282096026E+002
     47  4.264297436632149E-007  2.514695584094496E+001
    946  4.241423843574520E-007  1.279201366409634E+002
    727  4.161761402260654E-007  1.123838421661365E+002
   1031  4.098261108719333E-007  1.313824495210718E+002
    363  4.085231972149294E-007  4.523665715266514E+001
    834  4.075828241869668E-007  1.176651591794238E+002
    175  4.003641670640942E-007  3.282740528695558E+001
    799  3.996831240982341E-007  1.161655148393659E+002
    734  3.801644708872643E-007  1.125227414297757E+002
   1037  3.780703859440371E-007  1.316166834102353E+002
    487  3.724796550154975E-007  5.901096182276392E+001
    801  3.695074258583036E-007  1.162412158177078E+002
    654  3.534335872965926E-007  1.091774321289355E+002
    720  3.467682668613509E-007  1.121496181246094E+002
    820  3.444991539253086E-007  1.173160626674297E+002
    773  3.432313222912179E-007  1.146041296786391E+002
    971  3.232387600961454E-007  1.289111652451389E+002
    276  3.081876221632835E-007  3.774173651101562E+001
    722  2.677380547116260E-007  1.121989232781130E+002
     53  2.478113955796086E-007  2.532427500710937E+001
    718  2.410277063741068E-007  1.120307816427976E+002
    701  2.228995167093024E-007  1.112655741498095E+002
    472  2.220458445674038E-007  5.860732378330380E+001
    263  2.092636704462622E-007  3.756851288337069E+001
    914  1.973485622680848E-007  1.261343003660832E+002
    904  1.959715474541660E-007  1.250437756508075E+002
    443  1.883408189869075E-007  5.615506371008289E+001
    620  1.849534610796116E-007  1.083700393844588E+002
    540  1.847244112854293E-007  1.019596674086986E+002
    353  1.830756945341705E-007  4.354452657935016E+001
    312  1.673260501595214E-007  3.940338989709551E+001
    841  1.587574940453581E-007  1.180046875638410E+002
    612  1.447792539039794E-007  1.080838271474082E+002
    286  1.272591621778462E-007  3.806107114689090E+001
    416  1.262497220199378E-007  5.412105627361211E+001
    652  1.215558559690306E-007  1.090805000764319E+002
    499  1.136538475790007E-007  6.010190034988052E+001
    864  1.076056410873257E-007  1.195154318953015E+002
    999  1.032370223992606E-007  1.301340763851820E+002
    692  1.030369320518555E-007  1.109991362888409E+002
   1015  9.988125833432502E-008  1.306693309857935E+002
    865  9.894900478650507E-008  1.195233182598442E+002
    423  9.801335375340419E-008  5.491452382822700E+001
    959  9.595302843484953E-008  1.283643788123119E+002
    819  9.393253113398333E-008  1.172617623112352E+002
    822  8.776470331956357E-008  1.173379890193997E+002
    598  8.775709132511902E-008  1.077082259858063E+002
   1073  8.429195577404622E-008  1.355646294676644E+002
   1038  7.932033804353865E-008  1.317153469634680E+002
    965  7.492779991152606E-008  1.286084743618769E+002
    942  7.387064345778359E-008  1.277896527703618E+002
    850  7.292737969488117E-008  1.188640670964077E+002
     82  7.264233674049061E-008  2.744742479332049E+001
    647  7.240062174582539E-008  1.089204596390746E+002
   1001  6.869455412384195E-008  1.301907504163165E+002
    806  6.762280366814385E-008  1.165904998677036E+002
    889  6.507444829100642E-008  1.221096476933091E+002
    954  5.729977531388771E-008  1.282848493157465E+002
    940  5.280861772198833E-008  1.277053477702196E+002
    874  5.279258885162176E-008  1.206463359037059E+002
    823  4.188017468910376E-008  1.173434151863991E+002
   1049  3.910540504378665E-008  1.325964910892840E+002
    775  3.773581961025238E-008  1.149447083106751E+002
    687  3.436319945012725E-008  1.108477970364615E+002
   1019  3.361520014460496E-008  1.307856127904329E+002
    891  3.254035755619191E-008  1.222344606190913E+002
    752  3.039349312308466E-008  1.129825416205730E+002
    741  3.034176892476213E-008  1.126383251241469E+002
    840  2.437561842515573E-008  1.179674198090055E+002
    872  2.366960915086815E-008  1.204992644439996E+002
    501  1.892306282994186E-008  6.025540211442135E+001
    759  1.674588574883279E-008  1.132523759465808E+002
   1030  1.573253722674953E-008  1.313677884464318E+002
     10  1.461040999158728E-008  1.630017574824609E+001
    956  1.332705505469977E-008  1.283075816024711E+002
    885  1.295397556945018E-008  1.213849358963692E+002
    723  1.047053760230746E-008  1.122249597820348E+002
    650  1.036676966377938E-008  1.090061273622073E+002
    997  9.516186913757128E-009  1.300952728722026E+002
    743  7.559228216359098E-009  1.126739704882794E+002
    996  7.345441969216367E-009  1.300741546440489E+002
    769  7.093822813074482E-009  1.141494817506874E+002
    439  5.260703883630523E-009  5.581771077364913E+001
    446  4.655184025209711E-009  5.657515742254393E+001
    671  1.888723068158957E-009  1.100461630260976E+002
    203  1.608356439344687E-009  3.415596231316062E+001
    406  9.496883119002320E-010  5.347162595814701E+001
    798  9.151602682053708E-010  1.161233232814441E+002
    945  2.505652281097284E-010  1.278945431870569E+002
    881  2.214564594545229E-010  1.212001054655417E+002
   1014  1.778860200653731E-010  1.306579532637773E+002
    875  1.571600195334114E-010  1.206504418490652E+002
    833  3.122971583849193E-011  1.176450554682990E+002
   1007  2.585701724676138E-011  1.303971511397991E+002
    886  1.473886036090296E-011  1.214498350996194E+002
