# Number of modes
   1077
# Tabulated for different initial and final frequencies?
    F
# Mode index, Sj, (highest to lowest), omega_j
    547  1.112926791265376E-001  1.040413527560943E+002
      7  2.765862779920344E-002  1.598850297870253E+001
    384  1.636400359754509E-002  4.693482184770667E+001
     23  1.451365794058570E-002  2.160694502786773E+001
    291  1.388724832144363E-002  3.834865717601958E+001
      8  1.352365737461709E-002  1.603898235084092E+001
     24  1.098562046322871E-002  2.165827626673025E+001
     38  1.040185900419559E-002  2.415274881711009E+001
     27  9.569879826884538E-003  2.288948685305089E+001
   1058  8.681189539874528E-003  1.334381531708862E+002
    546  8.356399620417607E-003  1.038908634804570E+002
    294  8.257572805597892E-003  3.844005427068350E+001
      2  7.070049562919226E-003  1.507477314615795E+001
     29  7.055909229904447E-003  2.304600720746813E+001
    303  6.901093142530095E-003  3.891633174738261E+001
     64  6.434916232741620E-003  2.637954322898939E+001
    544  5.887802993385670E-003  1.037287728441322E+002
    114  5.674172215752723E-003  2.903390568794284E+001
    100  5.658366036516202E-003  2.814590236831992E+001
    551  5.355813804903214E-003  1.044758850995860E+002
   1072  5.141183674671848E-003  1.354275255218108E+002
    418  5.022976194701479E-003  5.440760214654593E+001
    290  4.865461583698116E-003  3.834059039797889E+001
     18  4.728234366197970E-003  2.124694793769305E+001
    298  4.660271314491023E-003  3.860785506393049E+001
    103  4.609819714987284E-003  2.854698030319213E+001
    549  4.530348292467206E-003  1.043755820157491E+002
    301  4.429985554468095E-003  3.874125966254066E+001
   1074  4.253330675059288E-003  1.357832717908243E+002
    554  4.229332701855714E-003  1.048978551747549E+002
    358  4.055184503625156E-003  4.418411045040358E+001
   1052  3.977862712313924E-003  1.330891459743712E+002
    419  3.900647046662428E-003  5.447434435004674E+001
      9  3.885644760078070E-003  1.615282072713023E+001
    293  3.564017766624945E-003  3.840315559517953E+001
     58  3.555642400642791E-003  2.603619761911758E+001
     91  3.486600495421098E-003  2.795709450840539E+001
    300  3.404850821084029E-003  3.871033423098082E+001
   1045  3.067692271476912E-003  1.322246800166877E+002
      5  3.036479223881472E-003  1.580375607842547E+001
    108  2.984996154695876E-003  2.884206820739177E+001
    456  2.679836003592729E-003  5.758475825352298E+001
    387  2.635887651210483E-003  4.845493173747810E+001
     31  2.591376500132735E-003  2.349957735236975E+001
    402  2.564089218809836E-003  5.323403324336612E+001
    395  2.561231664755087E-003  5.279005865968511E+001
    405  2.218753029417525E-003  5.340951413863353E+001
    180  2.188638715504246E-003  3.306959511625761E+001
    539  2.150866928214401E-003  1.004038214764926E+002
     92  2.107716893716642E-003  2.796966533379813E+001
    474  2.074744544246381E-003  5.866520048333617E+001
    344  2.070511347515011E-003  4.229281490750487E+001
    199  2.069172218573927E-003  3.411214171315592E+001
    330  2.062083506496919E-003  4.000719691328421E+001
     97  2.015059185082201E-003  2.809615145046481E+001
    386  1.827687886549571E-003  4.778448827008048E+001
     51  1.753948954764379E-003  2.527497960196780E+001
    407  1.740958787183107E-003  5.355040632372296E+001
    376  1.725871679770100E-003  4.578482274843697E+001
    229  1.703135451627940E-003  3.477639317683153E+001
    536  1.697155367764006E-003  7.244369170766353E+001
   1050  1.650825648176796E-003  1.326682006609648E+002
    142  1.610889064210153E-003  3.011700635419402E+001
     85  1.609245060311048E-003  2.757726243328665E+001
    329  1.569102126079660E-003  3.994917835777716E+001
     90  1.562688039743108E-003  2.792299487571685E+001
   1066  1.532096929520176E-003  1.341339055776214E+002
    535  1.526352029349967E-003  7.234684016852472E+001
     11  1.429004300129232E-003  1.771447447329438E+001
    255  1.389709286812344E-003  3.705801266502003E+001
    452  1.374904342440750E-003  5.732416656661538E+001
     26  1.351152525579742E-003  2.275577786050195E+001
     57  1.344719140622822E-003  2.601044601303876E+001
    453  1.305524123346563E-003  5.734859743017803E+001
    289  1.303727032460578E-003  3.832422991649202E+001
    403  1.302619907841992E-003  5.332276567118551E+001
    157  1.288325764374020E-003  3.136040875348826E+001
    347  1.251938862473235E-003  4.251894246220620E+001
     20  1.226446726896948E-003  2.146722812704134E+001
    553  1.151549969352347E-003  1.045844149005738E+002
    503  1.149004416252548E-003  6.062899617907863E+001
    512  1.135919643213888E-003  6.110465593383906E+001
    188  1.113258697177492E-003  3.343297855491465E+001
    777  1.084948623651421E-003  1.150636811545726E+002
   1075  1.083868781015821E-003  1.852007864492208E+002
    460  1.083615493777083E-003  5.821511818989060E+001
   1070  1.082503274423769E-003  1.350535885837313E+002
    383  1.074596400396176E-003  4.665506804468283E+001
    710  1.035793750690585E-003  1.117114283703663E+002
     89  1.015046712073521E-003  2.787565477396676E+001
     70  1.014576164398586E-003  2.683332853591699E+001
   1067  1.010981489256391E-003  1.341872351276505E+002
   1064  1.005069591164194E-003  1.339182935247794E+002
     66  9.903848796210114E-004  2.653041695388611E+001
    450  9.863052758862173E-004  5.723022636777802E+001
    259  9.747261841642818E-004  3.731129763636223E+001
    445  9.604064386729136E-004  5.650985963977887E+001
     22  9.450610836180079E-004  2.149928230079738E+001
    207  9.242054163788321E-004  3.419271829752626E+001
   1024  9.211063739000547E-004  1.310472886139475E+002
    177  9.206200727694878E-004  3.286305119332699E+001
    296  9.079410851910115E-004  3.847026909032138E+001
    105  9.047379442237603E-004  2.872870804936272E+001
    232  8.963994585754531E-004  3.530982942235851E+001
    537  8.931951954424007E-004  7.348438751630307E+001
     10  8.720586675900347E-004  1.630017574824609E+001
    966  8.642873234631541E-004  1.287120665380274E+002
    302  8.553454584424460E-004  3.874867387838012E+001
    427  8.479472144813111E-004  5.530625255614972E+001
     71  8.470727716607708E-004  2.691074291878593E+001
     36  8.453422812497762E-004  2.408548968715760E+001
     16  8.250432543838490E-004  2.083990463296455E+001
    374  8.200709149828082E-004  4.576894168844035E+001
    161  8.200098690934207E-004  3.141544799468193E+001
    398  8.161257606320254E-004  5.298968704937109E+001
   1016  8.160239747609170E-004  1.306784011483153E+002
    282  8.135014828496863E-004  3.781601762519486E+001
    183  8.063188556694120E-004  3.317747871488443E+001
    149  7.861569878790246E-004  3.064428879965062E+001
    128  7.778321892166416E-004  2.964876822252022E+001
    385  7.724305286484794E-004  4.744969147605799E+001
    423  7.699005461554318E-004  5.491452382822700E+001
     95  7.676133305525258E-004  2.806113631432304E+001
    111  7.639818607763762E-004  2.891758955889047E+001
    813  7.481236309486476E-004  1.170211975618395E+002
    778  7.427527543150122E-004  1.153062331743218E+002
    160  7.311100663708391E-004  3.140287364756382E+001
     60  7.282207562368989E-004  2.612817271153773E+001
    136  7.206590146437692E-004  2.995197020395121E+001
    378  7.180611866374210E-004  4.609481655347708E+001
     74  7.105920381786298E-004  2.706787664592100E+001
    396  7.091730138703775E-004  5.292259014309509E+001
    422  7.038932748729835E-004  5.478392604221921E+001
     44  7.018613425174941E-004  2.487547588775838E+001
     53  6.838851096169994E-004  2.532427500710937E+001
    101  6.832020850828308E-004  2.816121926613436E+001
    321  6.804810032756849E-004  3.959878738143280E+001
   1061  6.773360476021338E-004  1.338239896777959E+002
    248  6.611355933324721E-004  3.617742791171408E+001
    185  6.585739632632290E-004  3.329017879350934E+001
    310  6.527774139035224E-004  3.933560718805473E+001
    205  6.489713738356095E-004  3.418138862993963E+001
    131  6.489629700155864E-004  2.976719894627799E+001
    106  6.354292134777461E-004  2.873147041157064E+001
    281  6.350398258954830E-004  3.778222215271058E+001
    158  6.246978783134296E-004  3.138637587596471E+001
     46  6.195252710349011E-004  2.508968851186969E+001
    421  6.150633520953453E-004  5.469982084171487E+001
   1042  6.135387415900273E-004  1.319938555239870E+002
    783  5.979344268219310E-004  1.155776779712016E+002
   1055  5.834342559538889E-004  1.332315483337306E+002
    454  5.774438994578532E-004  5.753531790534946E+001
    816  5.761060240317966E-004  1.170854692244173E+002
     65  5.684122088869302E-004  2.645533186342116E+001
     43  5.678946717752561E-004  2.485090944939308E+001
     12  5.580468291867551E-004  1.791855268392995E+001
    348  5.548174430112410E-004  4.278252907839931E+001
    550  5.527203657910722E-004  1.044255141670578E+002
    548  5.522068792250934E-004  1.041098140943872E+002
    143  5.461786463893387E-004  3.021552765862468E+001
    477  5.405128872656763E-004  5.875439662154096E+001
   1062  5.391639476935348E-004  1.338537297016246E+002
    212  5.355508723718134E-004  3.425448747044050E+001
    138  5.341778964888720E-004  2.998810658959070E+001
    325  5.240967591649958E-004  3.979678053884171E+001
    133  5.167298682715404E-004  2.980777525245198E+001
    280  5.139523902514521E-004  3.777070006257392E+001
    331  5.083472105406756E-004  4.033978069592825E+001
    217  4.993373420345999E-004  3.432077633458158E+001
   1053  4.919338427620097E-004  1.331993000158318E+002
    327  4.907804186405192E-004  3.980649710729982E+001
    530  4.892004341944899E-004  6.265828803408258E+001
    196  4.890205287411447E-004  3.402217963204272E+001
      3  4.886156111633350E-004  1.530095081680193E+001
    621  4.870400407000112E-004  1.083828600305560E+002
     33  4.858079796186344E-004  2.387502434282544E+001
    417  4.735694979737140E-004  5.432386496665636E+001
    436  4.724956827118268E-004  5.562240782737462E+001
    349  4.696594871331841E-004  4.279212686889406E+001
    246  4.677005460809460E-004  3.612200287477440E+001
    236  4.638410958889505E-004  3.558504171265294E+001
    320  4.622671690894216E-004  3.958466091098631E+001
    191  4.598435868359171E-004  3.372798248811258E+001
    233  4.598063565830251E-004  3.536858076063520E+001
    464  4.571000235490867E-004  5.841767339850505E+001
    164  4.557535649055961E-004  3.156123118588701E+001
    379  4.535132663522636E-004  4.610002508350383E+001
   1060  4.504441592759630E-004  1.336329109810919E+002
    202  4.495633986609786E-004  3.414693728338715E+001
    221  4.487379281999578E-004  3.444064242877499E+001
    588  4.434720467374112E-004  1.072780161282308E+002
     94  4.399829018976100E-004  2.803048707399637E+001
    842  4.211582437248659E-004  1.180365480395604E+002
    367  4.197041469206778E-004  4.546665367422378E+001
    504  4.132350584473744E-004  6.073767201700102E+001
      1  4.063552302765860E-004  1.480943860687432E+001
    346  4.062779280648801E-004  4.251353138364797E+001
   1069  3.889964405120947E-004  1.347402109836953E+002
    120  3.803323514699395E-004  2.935022978395871E+001
    153  3.795611940163979E-004  3.119128674334460E+001
    755  3.686969233213081E-004  1.130537195644052E+002
   1013  3.681466650172199E-004  1.306191025791559E+002
   1011  3.583509605223949E-004  1.305590563134582E+002
    527  3.510638154228642E-004  6.211137902133680E+001
    134  3.499845239674360E-004  2.989081555609098E+001
    201  3.470013395847845E-004  3.413905621996786E+001
     98  3.440330503817924E-004  2.810036398063808E+001
   1029  3.434713648904929E-004  1.312589073638632E+002
    415  3.418491736055447E-004  5.409773008136273E+001
     48  3.386223580349402E-004  2.521050943974308E+001
    258  3.324177782819566E-004  3.725675246841864E+001
    218  3.270307813931272E-004  3.434087154455664E+001
    564  3.266486892713313E-004  1.059223740174141E+002
    174  3.255760366935123E-004  3.277024257542895E+001
    352  3.238651874482451E-004  4.345183818831803E+001
    478  3.235877082433501E-004  5.880478287498814E+001
    425  3.230821101552373E-004  5.512885982268182E+001
     34  3.214713510680955E-004  2.394870774261297E+001
    394  3.170676184403412E-004  5.275338077531283E+001
    116  3.147294300952502E-004  2.910094471225916E+001
    493  3.126348571278949E-004  5.956939432616837E+001
    245  3.110736934121527E-004  3.584895809931362E+001
    413  2.993324751308531E-004  5.407796767412047E+001
    184  2.986668379809974E-004  3.328145954751520E+001
    121  2.984271947030388E-004  2.937009161569695E+001
    190  2.969781105618753E-004  3.352213579831744E+001
      6  2.945798146286413E-004  1.593905863128156E+001
     35  2.906118255558893E-004  2.406163852032448E+001
    617  2.880839720957190E-004  1.082069188907082E+002
    393  2.864917313015657E-004  5.117422678475859E+001
    678  2.860733443125747E-004  1.105298402911861E+002
    357  2.848552869050962E-004  4.413715889769129E+001
    400  2.838792070153801E-004  5.304406357850599E+001
    239  2.836259033073288E-004  3.564788119351169E+001
    109  2.826668306036423E-004  2.888359254004277E+001
    449  2.801815383429543E-004  5.713782918039372E+001
    738  2.787036566035318E-004  1.126248828969786E+002
   1022  2.732950352666445E-004  1.309570316227355E+002
    587  2.687423112352426E-004  1.072564562863978E+002
    459  2.685888040254594E-004  5.797524108925945E+001
    198  2.669090411222148E-004  3.410095577154824E+001
    582  2.613311659134009E-004  1.069886979669129E+002
    319  2.608033954126550E-004  3.955367029075058E+001
    771  2.602437224555394E-004  1.142541813627527E+002
    691  2.566828776620799E-004  1.109942746792360E+002
     62  2.553034855201984E-004  2.630569023157911E+001
    299  2.543622046344552E-004  3.861147003050849E+001
    609  2.541567844422418E-004  1.080529774194348E+002
    297  2.537174073351190E-004  3.850412000814609E+001
    338  2.521969796600021E-004  4.143596746217444E+001
    401  2.477588278019886E-004  5.310952948046032E+001
    336  2.473485266073389E-004  4.106442919982931E+001
    150  2.471196647746832E-004  3.095380367517388E+001
   1032  2.443217403605107E-004  1.314270448258869E+002
    215  2.436342741573406E-004  3.430912489816387E+001
    472  2.411844110129589E-004  5.860732378330380E+001
    560  2.404575742868506E-004  1.057397922085461E+002
    389  2.384355137330480E-004  4.924612888004685E+001
    308  2.372767407963490E-004  3.924824416979163E+001
    632  2.356235950094923E-004  1.086732063917954E+002
     78  2.290883846399209E-004  2.724001953302053E+001
    309  2.277575155626910E-004  3.929268620446922E+001
    981  2.259027502001201E-004  1.292686845988868E+002
    360  2.253991903151920E-004  4.501412031898634E+001
    485  2.246983857624676E-004  5.896971858223063E+001
   1018  2.246364972059898E-004  1.307425624046459E+002
    607  2.244971038407596E-004  1.079782277499060E+002
    382  2.211634623222884E-004  4.661435463500721E+001
    333  2.201892882742096E-004  4.050570323460023E+001
    451  2.198913133640539E-004  5.726939793781466E+001
    267  2.197602434272434E-004  3.763942844703926E+001
    332  2.187213551398628E-004  4.036182328117159E+001
    742  2.181415572524957E-004  1.126546326383816E+002
   1031  2.163838842457689E-004  1.313824495210718E+002
    604  2.142466029746673E-004  1.078901483894559E+002
    208  2.138600914195738E-004  3.420400517096608E+001
    618  2.120635617929339E-004  1.083041655146542E+002
   1020  2.094221515398138E-004  1.308300137670077E+002
    807  2.054251945660191E-004  1.166040027024774E+002
    118  2.043035232725337E-004  2.927665934202001E+001
    104  2.036632838010885E-004  2.863475114667724E+001
    341  2.021979562725648E-004  4.207899368185591E+001
    112  2.020398723673123E-004  2.893182478938967E+001
    810  2.013787884013163E-004  1.168542717379606E+002
    960  2.011952571277035E-004  1.283710541965592E+002
    756  2.001364671679389E-004  1.131019348749128E+002
    237  1.983861273157902E-004  3.561350513334219E+001
    955  1.971613438647139E-004  1.283043098504922E+002
    838  1.967490725687798E-004  1.178077045912047E+002
    448  1.953801755472663E-004  5.707216855561523E+001
    817  1.943267279940370E-004  1.171745914510001E+002
    848  1.915799210697162E-004  1.185512117490796E+002
    483  1.864950022997162E-004  5.892865432514233E+001
    545  1.855814624680303E-004  1.038885725205099E+002
    467  1.825397100879340E-004  5.850070475174659E+001
     30  1.807130979595085E-004  2.339033246897357E+001
    487  1.786213455773286E-004  5.901096182276392E+001
    189  1.781740896710310E-004  3.348575581421191E+001
     75  1.779891649489865E-004  2.717284531466260E+001
    997  1.768854794388881E-004  1.300952728722026E+002
    613  1.760666168402131E-004  1.081325074305931E+002
      4  1.757003571486078E-004  1.555889535187236E+001
    115  1.751344875991197E-004  2.908676806680809E+001
    774  1.736819183206068E-004  1.147299018357027E+002
    555  1.707049222787168E-004  1.049505825405343E+002
    821  1.703748609599477E-004  1.173213489801490E+002
   1057  1.701725599836330E-004  1.332882698940204E+002
    531  1.694910575824607E-004  6.280622541285696E+001
    169  1.692569015299816E-004  3.225245008090104E+001
    261  1.678198644986924E-004  3.751537038816641E+001
    168  1.662972866647417E-004  3.223239881301075E+001
    270  1.659137760456572E-004  3.767493462479421E+001
    480  1.645823884857507E-004  5.887142017505539E+001
    615  1.641911019665655E-004  1.081646255451844E+002
    858  1.641863425458561E-004  1.193043137223610E+002
    156  1.627768607225274E-004  3.133959801814033E+001
    812  1.613672625138647E-004  1.169499526914024E+002
     50  1.611551207897288E-004  2.524792740229145E+001
    364  1.596582039838566E-004  4.528995878587361E+001
    355  1.588766251362348E-004  4.365668409738398E+001
    843  1.565884318220830E-004  1.181049125326048E+002
     80  1.557472486440474E-004  2.737665388114407E+001
     68  1.555389308889100E-004  2.665958995788216E+001
    725  1.543952155080843E-004  1.122622575126908E+002
    661  1.538348839718038E-004  1.094040232551639E+002
    241  1.537290969084561E-004  3.573178726353736E+001
    658  1.534900038902053E-004  1.092752908733605E+002
    510  1.531167492956514E-004  6.106496915014706E+001
    334  1.511138520498232E-004  4.055961280242965E+001
    304  1.506803618043072E-004  3.902642388250331E+001
    671  1.506721611618137E-004  1.100461630260976E+002
    431  1.495128873471965E-004  5.545822575490884E+001
    730  1.488820480729121E-004  1.124678820560711E+002
    275  1.480881296653271E-004  3.771871208633355E+001
    176  1.474075896859842E-004  3.283702642513862E+001
    444  1.453316720552968E-004  5.640873014994138E+001
    324  1.434027303673556E-004  3.965813849875591E+001
    860  1.423612004383554E-004  1.193608179742887E+002
    565  1.420279507676635E-004  1.059848591127986E+002
    824  1.411734524234407E-004  1.173851057796732E+002
    230  1.406768602350988E-004  3.507000892128892E+001
    570  1.398228165910859E-004  1.064458450110351E+002
    518  1.389084822495304E-004  6.116565427175681E+001
    697  1.380018890034582E-004  1.111168086390436E+002
    573  1.379883484640781E-004  1.066520968004064E+002
    760  1.378031529807327E-004  1.133648679091437E+002
    746  1.375049604036388E-004  1.128150956859242E+002
    645  1.365165902471891E-004  1.088758352374567E+002
    934  1.361586126070319E-004  1.274026915475210E+002
    317  1.359928657216675E-004  3.952108816795088E+001
    479  1.350125550353554E-004  5.886156225440574E+001
    748  1.334362090828106E-004  1.128453459062848E+002
    495  1.330035023470573E-004  5.971063876484735E+001
   1005  1.329733492694667E-004  1.302961950162389E+002
     49  1.320456543064177E-004  2.521926711432687E+001
    397  1.313683607551359E-004  5.292984574180642E+001
     84  1.311668617631183E-004  2.748397341497807E+001
     93  1.309841453213675E-004  2.801831476528660E+001
    119  1.300272654788369E-004  2.929038281335912E+001
    285  1.296235425026350E-004  3.794670187788559E+001
    306  1.293176432929143E-004  3.922583615449084E+001
    430  1.274230957336274E-004  5.544226538226409E+001
    276  1.267163482835228E-004  3.774173651101562E+001
    517  1.251052767824572E-004  6.116283191518230E+001
   1021  1.215222027656707E-004  1.308784400027895E+002
    455  1.207122931169733E-004  5.757818593173593E+001
    835  1.201664323539111E-004  1.176766134664512E+002
    568  1.194561952931921E-004  1.063884322375297E+002
    650  1.169416801109564E-004  1.090061273622073E+002
     79  1.163504430975209E-004  2.728143790603452E+001
     14  1.143372428233956E-004  2.047451167645159E+001
    489  1.133215972251239E-004  5.906665573291085E+001
    542  1.114906809869443E-004  1.021380905135569E+002
    242  1.114456768384934E-004  3.575330164903793E+001
    223  1.113129848813320E-004  3.452101188794168E+001
    578  1.106557979880337E-004  1.068696587706935E+002
    924  1.097686408076953E-004  1.267645350898773E+002
    681  1.091931312547041E-004  1.107150530846271E+002
    687  1.091002252426994E-004  1.108477970364615E+002
    975  1.084895280032474E-004  1.290479361570385E+002
    295  1.080456028942006E-004  3.844649820311862E+001
    991  1.077352052117967E-004  1.298309517843196E+002
    844  1.065362825964768E-004  1.182236522024691E+002
    274  1.060296356413981E-004  3.771469066363962E+001
    847  1.034441260982688E-004  1.183795327778256E+002
     81  1.029782932223566E-004  2.737831616504717E+001
    757  1.029582153166707E-004  1.131455979007981E+002
     37  1.022205524854524E-004  2.413005277682491E+001
    283  1.011514592389545E-004  3.781664732037148E+001
    667  1.007333332035458E-004  1.098231148083649E+002
    314  1.003349445410693E-004  3.944402428691944E+001
    214  1.003011634278045E-004  3.429158842681225E+001
    521  9.950436847242175E-005  6.120499406654021E+001
   1041  9.876270489736620E-005  1.318604688563310E+002
    585  9.789538838243560E-005  1.071721890576240E+002
    323  9.728144022678849E-005  3.963162035223775E+001
    486  9.633631615369065E-005  5.898078655703418E+001
    502  9.633004236470035E-005  6.033057478557798E+001
    626  9.514370107434134E-005  1.085197354965440E+002
    561  9.471176957565984E-005  1.057823475786052E+002
    528  9.454631402213372E-005  6.211763689923020E+001
    768  9.448597456674514E-005  1.140511281344195E+002
     42  9.412921984863099E-005  2.442065503900721E+001
    836  9.400339087107691E-005  1.177792466123822E+002
     88  9.365767327449928E-005  2.776495450944637E+001
    167  9.348854804303898E-005  3.206734480721192E+001
    187  9.176971592324226E-005  3.338593491458187E+001
   1039  9.132352966237973E-005  1.317789778316224E+002
    305  9.108086967091680E-005  3.919092577852600E+001
    234  9.067339158372770E-005  3.541632958107625E+001
    231  9.061604025092435E-005  3.529195130720404E+001
    765  9.024539268465751E-005  1.138034732037320E+002
    808  8.939612408884292E-005  1.166438640424820E+002
    369  8.932366206030119E-005  4.556664797594529E+001
    498  8.912930336482962E-005  6.006055704270973E+001
   1071  8.765570042517534E-005  1.353191143310252E+002
    989  8.674273879917055E-005  1.296856498562064E+002
    440  8.497561076954910E-005  5.589934491235444E+001
    399  8.494693199146471E-005  5.300117686152819E+001
    194  8.473746258123957E-005  3.388123191050668E+001
   1036  8.423867166508887E-005  1.315563975924429E+002
    519  8.345898120496884E-005  6.116666091909611E+001
    420  8.271331873273148E-005  5.464265012038360E+001
    392  8.227575252241092E-005  4.975569880244111E+001
    820  8.218483166575637E-005  1.173160626674297E+002
     96  8.126923689931300E-005  2.807603105873968E+001
    307  8.013619579473030E-005  3.924418415703018E+001
    571  8.007901293999448E-005  1.065760725477823E+002
    404  7.933421232146463E-005  5.332919471058649E+001
    147  7.931677883519889E-005  3.045498909450352E+001
     83  7.927997475339790E-005  2.745200449399356E+001
    462  7.894675095696953E-005  5.834568949164402E+001
    689  7.860107609121894E-005  1.108992280227757E+002
     61  7.854179094659397E-005  2.623624111749398E+001
   1000  7.747603332412212E-005  1.301375093272533E+002
    102  7.699764997790760E-005  2.838723287464182E+001
    130  7.691966402179192E-005  2.969026097336859E+001
    272  7.667843013377888E-005  3.770876893490352E+001
    599  7.659078225012803E-005  1.077354408464688E+002
    145  7.605270400364094E-005  3.035386176419680E+001
    343  7.591810014146626E-005  4.223776350771931E+001
    717  7.584811304653178E-005  1.119901298340990E+002
   1044  7.491509397155898E-005  1.320835593454495E+002
    361  7.392191732817497E-005  4.509188248244521E+001
    171  7.388481211411065E-005  3.251692712246987E+001
    534  7.320042674662520E-005  6.352992396574133E+001
    123  7.242589842949596E-005  2.945706723223188E+001
    797  7.156652739054806E-005  1.161224071144865E+002
    938  7.041194895281268E-005  1.276246332177813E+002
    584  6.980102264798080E-005  1.071415131646536E+002
    605  6.967715321341047E-005  1.079476682950407E+002
    127  6.845568523455895E-005  2.958197907168710E+001
    524  6.844622061300276E-005  6.196836567938324E+001
     32  6.815970426422841E-005  2.386019687247388E+001
    249  6.799536967017486E-005  3.643158917315001E+001
    769  6.793632457914134E-005  1.141494817506874E+002
    351  6.733308358853433E-005  4.290814690346715E+001
     40  6.732702419047837E-005  2.429142631572386E+001
    559  6.705436341853895E-005  1.054467335457494E+002
    577  6.643566169406916E-005  1.068269012623950E+002
    125  6.620399568294692E-005  2.955205187993630E+001
    481  6.566085063323871E-005  5.889564718758225E+001
    558  6.520383856929136E-005  1.054235904423783E+002
    339  6.497781654934868E-005  4.199721405536648E+001
    494  6.470871050274212E-005  5.959072402434833E+001
    247  6.470146565059298E-005  3.613855018049320E+001
    976  6.460111010935000E-005  1.291265023483052E+002
    204  6.459598871233908E-005  3.416741852472765E+001
    391  6.390756696955298E-005  4.935295074539214E+001
    226  6.368188293255365E-005  3.460914941435140E+001
    515  6.197518669182086E-005  6.113166482037749E+001
    257  6.196250940264241E-005  3.716053985696894E+001
    998  6.100078113850972E-005  1.301241144683907E+002
     72  6.054696781200825E-005  2.695844835194747E+001
    206  6.051889814815157E-005  3.418711639611698E+001
    986  6.042949856503688E-005  1.294778988001748E+002
    271  5.979075174049798E-005  3.769377629908810E+001
    749  5.971420300767528E-005  1.128862829609149E+002
    426  5.935589078249353E-005  5.521112029631625E+001
    365  5.892572215932841E-005  4.540196146988517E+001
    594  5.839755158693078E-005  1.075267994995216E+002
    541  5.833330620469011E-005  1.020561485810812E+002
    466  5.811050932073425E-005  5.848631456847294E+001
    745  5.776682193228084E-005  1.127541380335163E+002
     15  5.563032731469772E-005  2.077312965636918E+001
    152  5.528470982362233E-005  3.107793476288124E+001
     63  5.448985441965245E-005  2.633691355837915E+001
    523  5.445824086004159E-005  6.195141091349550E+001
    863  5.442942636753867E-005  1.194780899982511E+002
    238  5.441166592298991E-005  3.562010162214489E+001
    526  5.406317881512191E-005  6.205614154690332E+001
    166  5.404011287168219E-005  3.197534022905977E+001
    192  5.390711824575767E-005  3.373139183933635E+001
    262  5.374643923742764E-005  3.754826259370084E+001
    636  5.304011433398192E-005  1.087412284437008E+002
    277  5.263038559402842E-005  3.774405278528796E+001
    610  5.181638485419173E-005  1.080548791140610E+002
    390  5.167126983582552E-005  4.930034545373515E+001
    219  5.137639676598921E-005  3.435584966495736E+001
    616  5.033584909587237E-005  1.081902144651443E+002
     21  5.005246070090751E-005  2.149552581175353E+001
    877  4.934137602442809E-005  1.207635072396237E+002
    375  4.897752317640441E-005  4.577921754207221E+001
    762  4.870491764092142E-005  1.134504722361933E+002
    674  4.803093720065576E-005  1.101627157855635E+002
    172  4.794938061069977E-005  3.254695536480502E+001
    952  4.686565386156105E-005  1.282170243378332E+002
    175  4.658474243641127E-005  3.282740528695558E+001
    532  4.611489507002370E-005  6.299204701993657E+001
    179  4.577788077685874E-005  3.301071504933698E+001
    203  4.552966080484047E-005  3.415596231316062E+001
    529  4.515137498264962E-005  6.213305424318654E+001
    954  4.480745963797619E-005  1.282848493157465E+002
    686  4.451338233020783E-005  1.108321598991433E+002
    511  4.444635090078322E-005  6.108291035790679E+001
    751  4.436030454975567E-005  1.129352725370382E+002
   1001  4.405349254702021E-005  1.301907504163165E+002
    899  4.359527318452527E-005  1.237750393258326E+002
    733  4.332644449808041E-005  1.125211996768446E+002
    716  4.309769161151401E-005  1.119313653155845E+002
    567  4.255844897069395E-005  1.061175767374582E+002
    583  4.220825813321007E-005  1.070323413352247E+002
    117  4.216610997411247E-005  2.915145470361619E+001
    322  4.211315830088576E-005  3.962934885257222E+001
    763  4.164873316898220E-005  1.136578287383470E+002
    181  4.163944853187476E-005  3.309588236011395E+001
    141  4.122894908318782E-005  3.005205957969120E+001
    315  4.078338450614528E-005  3.946262277995078E+001
    791  4.047141241015653E-005  1.158399885308925E+002
    672  4.039856275540222E-005  1.100523893058521E+002
     13  4.007025431208241E-005  2.038781372204352E+001
   1006  3.886280733450815E-005  1.303473844140781E+002
    260  3.885888105957352E-005  3.745846822965304E+001
    170  3.881838820470185E-005  3.240864442722207E+001
     82  3.860493169259085E-005  2.744742479332049E+001
    919  3.849086232057311E-005  1.264669767465423E+002
    983  3.847214896950784E-005  1.293699640118089E+002
    441  3.833208415521586E-005  5.602297434426368E+001
    832  3.704139498354761E-005  1.176150872586579E+002
    140  3.694960485522414E-005  3.002380690834687E+001
    589  3.694480199434237E-005  1.073243551551986E+002
    492  3.647409230646984E-005  5.919740097208313E+001
    926  3.621123711358510E-005  1.269935099435139E+002
    220  3.554898845784873E-005  3.440936379612124E+001
    514  3.549332932871485E-005  6.112143562944963E+001
     19  3.506889819486709E-005  2.137958735177528E+001
    410  3.489239910704521E-005  5.380004782230375E+001
    533  3.488935531044105E-005  6.344214913117692E+001
    973  3.488649960258316E-005  1.290303348922233E+002
    624  3.483004573139587E-005  1.084534043855216E+002
    579  3.462393451585355E-005  1.068810185812333E+002
    890  3.451635102197820E-005  1.222269695705770E+002
     52  3.450635156246591E-005  2.532370304309600E+001
    438  3.412148672228156E-005  5.568774314714533E+001
    945  3.389784322291591E-005  1.278945431870569E+002
    144  3.373178508673074E-005  3.023024488043693E+001
    326  3.369796471275270E-005  3.980074663620405E+001
    107  3.357091561011350E-005  2.880093649968087E+001
    256  3.317343708576207E-005  3.708485200545782E+001
    370  3.305265147262381E-005  4.562254251008403E+001
    721  3.286287908406178E-005  1.121902054803930E+002
    482  3.281005405672392E-005  5.890508639424976E+001
    916  3.239446089455701E-005  1.261858055404796E+002
    622  3.198629692891403E-005  1.084041586407917E+002
    569  3.184411035328569E-005  1.064024371239422E+002
    574  3.112787780368069E-005  1.067089856517616E+002
    799  3.109412043907238E-005  1.161655148393659E+002
    656  3.106722846785014E-005  1.092383325553483E+002
    465  3.066139192720470E-005  5.845233409136720E+001
    649  3.024447888588403E-005  1.089557122086210E+002
    540  2.964510751305103E-005  1.019596674086986E+002
    292  2.963966143962976E-005  3.837765227419467E+001
   1033  2.955748844080313E-005  1.314921549657209E+002
    713  2.942788063473523E-005  1.118750446375970E+002
    593  2.940528132260327E-005  1.074633420950339E+002
    706  2.919723525511868E-005  1.115644797142602E+002
   1063  2.860484286806314E-005  1.338610239777397E+002
    311  2.856449889970012E-005  3.939193935233331E+001
    162  2.842737310177691E-005  3.142013005221356E+001
   1008  2.831887193728823E-005  1.304054287055121E+002
    595  2.816754022205120E-005  1.075727311228692E+002
    284  2.813253357784581E-005  3.794002386601017E+001
   1026  2.812919694151497E-005  1.310988308446859E+002
    596  2.802789199389553E-005  1.076305596761092E+002
    313  2.782384660213027E-005  3.941220320488696E+001
    411  2.754936235059657E-005  5.390414096058870E+001
   1038  2.754573983435635E-005  1.317153469634680E+002
    522  2.734291827175665E-005  6.189501394570030E+001
    268  2.728882916751251E-005  3.765614789507087E+001
    471  2.721678094363881E-005  5.859921299406331E+001
    754  2.695421962564753E-005  1.130532912402911E+002
    377  2.661890695694736E-005  4.580996274485975E+001
    944  2.645843139252051E-005  1.278264506290159E+002
    968  2.645361708206222E-005  1.287893908307005E+002
    853  2.634408691558616E-005  1.189950762444425E+002
    126  2.596493171007120E-005  2.957864372821811E+001
    641  2.562959504683450E-005  1.088136450829588E+002
    173  2.536789522120157E-005  3.267731285541730E+001
    897  2.536753273429537E-005  1.233154024205701E+002
    135  2.533141447895746E-005  2.990996926970350E+001
    580  2.515207875888866E-005  1.069063882425304E+002
    682  2.511242699218882E-005  1.107795174367904E+002
    435  2.493888022070869E-005  5.559833163642786E+001
   1046  2.488665522078944E-005  1.322741703884410E+002
    354  2.487723638676828E-005  4.358717802496741E+001
    337  2.480764308257416E-005  4.125439580477820E+001
    516  2.463844729477171E-005  6.114879167768425E+001
    695  2.455453425846259E-005  1.110404578737834E+002
    917  2.440152730894203E-005  1.262583151256411E+002
    670  2.341584558694035E-005  1.099218253642219E+002
    690  2.341034037639715E-005  1.109553167085971E+002
    312  2.298575900355389E-005  3.940338989709551E+001
    468  2.275892505686052E-005  5.850419738659161E+001
    803  2.253073769564619E-005  1.163959410830473E+002
    148  2.251773481871096E-005  3.055713011308698E+001
    829  2.241503083155278E-005  1.175434491795728E+002
    896  2.233812302273198E-005  1.231967026860033E+002
    366  2.215508623529708E-005  4.541480133184800E+001
    608  2.206677818710279E-005  1.080310773431174E+002
    244  2.205493873673163E-005  3.582009297825139E+001
    470  2.203249831621681E-005  5.858950887133865E+001
    576  2.149701837218149E-005  1.068188420241767E+002
    381  2.117463510004083E-005  4.623753374880091E+001
    264  2.117173775133592E-005  3.760740200223662E+001
    909  2.064333703830731E-005  1.256671150468244E+002
     25  2.063271624499965E-005  2.268285797328677E+001
    910  2.050980396216622E-005  1.258349422363612E+002
    350  2.036303159270178E-005  4.287084402122760E+001
    895  2.017530890458708E-005  1.231922658586809E+002
   1034  1.981016149061981E-005  1.314975717016592E+002
   1048  1.970154197240854E-005  1.325281096806480E+002
    855  1.929576512823929E-005  1.192335282432478E+002
    243  1.905328010822673E-005  3.580427376176280E+001
    684  1.895718694640646E-005  1.108055531440044E+002
    800  1.890064086520493E-005  1.161811067685375E+002
    442  1.888809912709703E-005  5.605259237502305E+001
    210  1.879280164859587E-005  3.421873300884823E+001
    870  1.857787932846969E-005  1.203621491035894E+002
    457  1.827517120406909E-005  5.770039153165104E+001
    964  1.816856584198664E-005  1.284811881676410E+002
    787  1.795262355416587E-005  1.157066821730262E+002
     55  1.790012785324482E-005  2.564739582447731E+001
    279  1.755282931855044E-005  3.776291602598710E+001
    709  1.753698772422771E-005  1.116986555393093E+002
    186  1.736440437369222E-005  3.335079910483972E+001
    602  1.735200962199247E-005  1.078335831208874E+002
    552  1.715070274534253E-005  1.045004516183760E+002
    182  1.710045649538307E-005  3.313118961536368E+001
    463  1.693969007885920E-005  5.840368106338346E+001
    712  1.669424227597104E-005  1.118479116964762E+002
    633  1.631430718892057E-005  1.086770367044967E+002
    476  1.624654094001846E-005  5.874284760292872E+001
    873  1.618870666967292E-005  1.205400953636918E+002
    911  1.617560500492238E-005  1.258968376271585E+002
    251  1.604297383914711E-005  3.670193646720268E+001
   1040  1.593907657211321E-005  1.318325334098182E+002
    356  1.587884237140943E-005  4.399929676237998E+001
    913  1.577214513933164E-005  1.260963173315474E+002
    698  1.561200943938373E-005  1.111543499618823E+002
   1068  1.539809419442630E-005  1.342139437973118E+002
    634  1.510090992359028E-005  1.087110579745548E+002
   1009  1.510057087060467E-005  1.304609142394732E+002
   1076  1.504304970183073E-005  1.858411948136732E+002
    461  1.484086330614912E-005  5.832169084274378E+001
    447  1.482196703331354E-005  5.692641404400948E+001
    744  1.459502734630219E-005  1.127340165661099E+002
    815  1.456040093308407E-005  1.170844697210597E+002
    368  1.448204337123579E-005  4.552075151204606E+001
    508  1.426705460553591E-005  6.101348113010317E+001
    601  1.415355012910981E-005  1.078222216339937E+002
    639  1.407879526299842E-005  1.087924757147032E+002
    340  1.399406183391071E-005  4.203744443197692E+001
    683  1.397306939533959E-005  1.107854094171573E+002
    782  1.374533998883804E-005  1.155663554633046E+002
    883  1.371511369378125E-005  1.212822283474710E+002
    623  1.366286056001479E-005  1.084311616311891E+002
    373  1.331199885410399E-005  4.573517441489172E+001
    458  1.327285734716754E-005  5.780961640938520E+001
    433  1.326815119030127E-005  5.552394895078822E+001
    225  1.318469443028234E-005  3.458265676939745E+001
    469  1.317904872551187E-005  5.857260373695996E+001
    429  1.317804295843937E-005  5.542704693693687E+001
    785  1.310586577186445E-005  1.156515149006221E+002
    507  1.304667482040826E-005  6.098134465730102E+001
    831  1.276553133075462E-005  1.175849164822640E+002
    328  1.230863422547120E-005  3.982877398686839E+001
     87  1.228526755511636E-005  2.773505635732142E+001
    475  1.208818621153735E-005  5.870955367754343E+001
    929  1.207563845115270E-005  1.272324166790593E+002
   1028  1.205963406586988E-005  1.312419762585663E+002
    488  1.200161963227855E-005  5.904214899548738E+001
    345  1.200055463370543E-005  4.248475366295001E+001
    631  1.192752380635605E-005  1.086593678715634E+002
    657  1.184654820724225E-005  1.092680437977900E+002
    592  1.182396562717454E-005  1.074010896433819E+002
    155  1.171884472287487E-005  3.129077640287002E+001
    927  1.170031925034353E-005  1.271118445081471E+002
    591  1.166851711245285E-005  1.073970459895217E+002
    950  1.165026618165938E-005  1.281356928004739E+002
    741  1.161433252464140E-005  1.126383251241469E+002
    597  1.158847969826251E-005  1.076362394255561E+002
     67  1.156541564763987E-005  2.663955326886673E+001
    992  1.144606900011003E-005  1.299169051159237E+002
    679  1.138529854069633E-005  1.106299731616480E+002
    665  1.118588833328727E-005  1.096195054263975E+002
    923  1.113240177694768E-005  1.267345977181097E+002
    790  1.111799603772910E-005  1.158127479939932E+002
    851  1.110658845570051E-005  1.189105890777936E+002
     86  1.108660472314748E-005  2.760340701365068E+001
    663  1.105202514720656E-005  1.095408569103236E+002
    619  1.104416932649703E-005  1.083262496248409E+002
    110  1.101794203404432E-005  2.890337161783228E+001
    562  1.093547833849877E-005  1.058125905236654E+002
    922  1.084303168623315E-005  1.267277337836395E+002
    654  1.071703757261183E-005  1.091774321289355E+002
    868  1.060634026452134E-005  1.199994649602093E+002
    227  1.055131481998182E-005  3.461221107986133E+001
    793  1.051763647982591E-005  1.158943894419280E+002
    659  1.049363389434441E-005  1.093169473413985E+002
    254  1.038763044249627E-005  3.696870162494890E+001
    685  1.037531345961582E-005  1.108208915724099E+002
    408  1.018024908615181E-005  5.368647704938994E+001
    362  9.996660662064302E-006  4.520209191521082E+001
    335  9.864389194633402E-006  4.064698242871874E+001
     77  9.826768121716869E-006  2.720977418778346E+001
    804  9.809885976821275E-006  1.164307012054320E+002
    887  9.715823621230156E-006  1.215278324822884E+002
    640  9.504163873478070E-006  1.088027953187827E+002
    342  9.481997728421404E-006  4.219280462450153E+001
   1004  9.460841156808788E-006  1.302828791464404E+002
    727  9.441706164882583E-006  1.123838421661365E+002
    224  9.372450265421796E-006  3.456258153743839E+001
    862  9.301873329169036E-006  1.194326389788892E+002
     99  9.162862544934080E-006  2.813215700322161E+001
    371  8.953034393134151E-006  4.567834615857563E+001
    159  8.944047527415595E-006  3.140014259635325E+001
    963  8.941416076733703E-006  1.284456810480366E+002
    122  8.936943585406489E-006  2.942821875092930E+001
    866  8.893440240672723E-006  1.198737679274225E+002
    416  8.803523348449967E-006  5.412105627361211E+001
    506  8.750783178859555E-006  6.092479484159845E+001
    627  8.727278281274487E-006  1.085359599099982E+002
    826  8.716844659708599E-006  1.174535409692338E+002
    707  8.687839157163076E-006  1.116484954290111E+002
    879  8.601520817380211E-006  1.208628531744268E+002
    994  8.584355309815003E-006  1.299886393654431E+002
    132  8.516413822703838E-006  2.978147182311027E+001
     41  8.488321104256671E-006  2.434332602389209E+001
    958  8.451447244382187E-006  1.283326337970340E+002
    845  8.398259522371614E-006  1.182722434309271E+002
    648  8.357710160149880E-006  1.089328290594756E+002
    625  8.302337722748099E-006  1.084878781680722E+002
    719  8.247948127087123E-006  1.120361196403708E+002
    680  8.134355542592907E-006  1.106808485277705E+002
    772  8.118620912213137E-006  1.144444014986270E+002
    770  7.975051306132322E-006  1.141655133118217E+002
    928  7.908184306582941E-006  1.271758190169006E+002
    849  7.892846312426958E-006  1.186556798515274E+002
    500  7.807020888493475E-006  6.016266526055261E+001
   1047  7.769666010840361E-006  1.324683504365100E+002
    484  7.664857362807546E-006  5.894622531819898E+001
    586  7.628029691820747E-006  1.072414988471015E+002
    781  7.549715413265877E-006  1.155015502370288E+002
    677  7.534791736786501E-006  1.104103779431708E+002
    902  7.530973405693979E-006  1.246861225619736E+002
    949  7.267885532679692E-006  1.280833568476082E+002
    699  7.130323537266148E-006  1.111753891148923E+002
    915  7.031999132742636E-006  1.261627872997085E+002
    739  6.997024513637435E-006  1.126267264275300E+002
    359  6.933141203089008E-006  4.440820660542785E+001
   1065  6.900079114916235E-006  1.340986810838602E+002
    977  6.890799687741006E-006  1.291448023039548E+002
    643  6.801581658887649E-006  1.088529165631816E+002
    893  6.766707703193128E-006  1.225899968537864E+002
    556  6.698708866084374E-006  1.053074591696642E+002
    235  6.682899055638147E-006  3.553329683850696E+001
    566  6.680471145675208E-006  1.060197199307676E+002
    590  6.674589445976271E-006  1.073381491314167E+002
    714  6.632467462874115E-006  1.118865310298163E+002
    668  6.623649498359611E-006  1.098358517134249E+002
    715  6.585566361180446E-006  1.119122168057061E+002
    669  6.556098144533959E-006  1.098991161820264E+002
    809  6.549250402860558E-006  1.168273457040169E+002
    852  6.516653898167211E-006  1.189308904937423E+002
    784  6.483747856569401E-006  1.156115101864969E+002
    846  6.400193461173311E-006  1.183733977129572E+002
    250  6.362497771583866E-006  3.645071914574685E+001
    675  6.353107323864865E-006  1.101932688761904E+002
   1010  6.260861299689807E-006  1.305150376372933E+002
    758  6.235652185190864E-006  1.131945788764974E+002
    509  6.208659974252719E-006  6.104665142125116E+001
    937  6.065326000251123E-006  1.275975168353670E+002
    446  6.031129005413080E-006  5.657515742254393E+001
    543  6.017763436607823E-006  1.026098663261161E+002
    794  6.015800699017336E-006  1.159299755047292E+002
    496  5.946998146444525E-006  5.977778544840232E+001
    731  5.891160692491699E-006  1.124795031346507E+002
     39  5.743031573309716E-006  2.419216907562118E+001
    216  5.720198868289980E-006  3.431915233475488E+001
    886  5.719109769212324E-006  1.214498350996194E+002
    600  5.711177352716889E-006  1.078192567961393E+002
    795  5.698370765491237E-006  1.159446042090269E+002
    985  5.677314117944490E-006  1.294454523269476E+002
    651  5.657254887233876E-006  1.090123807306586E+002
    664  5.657046494549073E-006  1.095868237421283E+002
    642  5.624059140653541E-006  1.088349318990273E+002
    948  5.613525910589592E-006  1.280530341997139E+002
     69  5.606147188316922E-006  2.667931486079132E+001
   1035  5.535089861268826E-006  1.315022364948826E+002
    982  5.533570434577336E-006  1.293230544301462E+002
    228  5.444749517742295E-006  3.465329128304563E+001
    786  5.346130097395661E-006  1.156679892855772E+002
    660  5.188565214234859E-006  1.093929129115852E+002
     45  5.112307085143175E-006  2.505629895200580E+001
    931  5.021796264061155E-006  1.272754104030811E+002
    278  4.982958815569122E-006  3.775225448216675E+001
    666  4.981152267353910E-006  1.096961217429448E+002
    737  4.961020732372913E-006  1.125716601108342E+002
    767  4.922445335990944E-006  1.139787538815297E+002
    696  4.902995877443773E-006  1.111110130672436E+002
   1017  4.870036415595551E-006  1.307020085696559E+002
    802  4.843949781007204E-006  1.163074247182627E+002
    424  4.843851539206130E-006  5.504400290817051E+001
    630  4.805666596091832E-006  1.086464564510315E+002
     59  4.734902498436179E-006  2.608228483109795E+001
    990  4.720219989725333E-006  1.297249883032466E+002
   1054  4.718571739281053E-006  1.332101619260334E+002
   1002  4.713522642997328E-006  1.301955720736593E+002
    828  4.672906563238482E-006  1.175132070682912E+002
    732  4.656345586495854E-006  1.124809932511083E+002
    473  4.645874265272469E-006  5.864875851961727E+001
   1014  4.635710451028589E-006  1.306579532637773E+002
    918  4.633066416010097E-006  1.263810693695273E+002
    792  4.623548829962251E-006  1.158579110744502E+002
    764  4.604456545336277E-006  1.137269990775531E+002
    252  4.550942613951870E-006  3.681481496629917E+001
    603  4.227886910929124E-006  1.078480909052838E+002
    861  4.147308455150528E-006  1.193618968506130E+002
    908  4.125748470964195E-006  1.256350992978881E+002
     47  4.123239261921790E-006  2.514695584094496E+001
    124  4.107397910528165E-006  2.953039329658957E+001
    662  4.060552182555888E-006  1.094304874643061E+002
    805  4.026866892563797E-006  1.165442309434909E+002
    978  4.010390282664231E-006  1.291764873003617E+002
   1043  3.994326571962156E-006  1.320181582363304E+002
    943  3.984495463418675E-006  1.278255860865938E+002
    703  3.950426208131036E-006  1.113359924967504E+002
    907  3.910534444626363E-006  1.254774984052440E+002
    995  3.865820950612956E-006  1.300556822463785E+002
    933  3.831786979028384E-006  1.272967505112425E+002
    611  3.772934355538181E-006  1.080609110523806E+002
    200  3.749529596838771E-006  3.413076352937113E+001
    139  3.736284895942150E-006  3.001327528760398E+001
    901  3.711395428319052E-006  1.246352700151236E+002
    951  3.697754321088336E-006  1.282127111215003E+002
    761  3.643846266294960E-006  1.134019555363662E+002
    957  3.532315885697546E-006  1.283224605383935E+002
    273  3.480644691816565E-006  3.771236202405859E+001
    137  3.465083693773073E-006  2.996307755422044E+001
    688  3.398457137378493E-006  1.108652117541332E+002
    409  3.375719012390705E-006  5.377950655266745E+001
    693  3.335884275819206E-006  1.110198391814811E+002
    920  3.327303719677038E-006  1.265729199247587E+002
    875  3.321467945265806E-006  1.206504418490652E+002
    705  3.214638917036685E-006  1.114879185885843E+002
    520  3.195529687300877E-006  6.117519869664547E+001
    939  3.173179672891070E-006  1.276788938661296E+002
    711  3.170455251385324E-006  1.117833092223069E+002
    513  3.155879826841210E-006  6.111701004965728E+001
    412  3.141175516399408E-006  5.399327798218789E+001
    563  3.075341121888041E-006  1.058622417292547E+002
    962  3.049684377714186E-006  1.284190833846668E+002
    947  3.039952469430566E-006  1.280025795512814E+002
    614  3.006781794759063E-006  1.081499604581023E+002
    653  2.890196708335497E-006  1.090926521840726E+002
    154  2.880375345199876E-006  3.128025029310897E+001
    211  2.857982675107873E-006  3.422885497659050E+001
     73  2.775348163343391E-006  2.704395448663374E+001
    905  2.770400359609554E-006  1.252963463377060E+002
    970  2.704388409306801E-006  1.288440499253601E+002
    859  2.686893968554828E-006  1.193117826572047E+002
   1012  2.671918390800598E-006  1.305860585800326E+002
   1025  2.666816269780561E-006  1.310823101564250E+002
    936  2.578905659053285E-006  1.275963114471066E+002
    740  2.561839554139052E-006  1.126281679605138E+002
    724  2.553935338744512E-006  1.122474317356576E+002
    253  2.528933517576919E-006  3.690338042035397E+001
    789  2.505261498278736E-006  1.157939903252585E+002
    987  2.493411717796168E-006  1.295218650079724E+002
    728  2.472590521509701E-006  1.123911467240560E+002
    980  2.422143845105791E-006  1.292322903638887E+002
    942  2.359862374708509E-006  1.277896527703618E+002
    673  2.338754929991932E-006  1.101090602242966E+002
     28  2.318011903212066E-006  2.303576073275412E+001
    525  2.296009606276360E-006  6.201689187624501E+001
    796  2.291656868461085E-006  1.160406419035091E+002
    798  2.269120079674371E-006  1.161233232814441E+002
    959  2.235267676156189E-006  1.283643788123119E+002
    766  2.211192295274101E-006  1.138313497862233E+002
    825  2.183937886896996E-006  1.174155068731360E+002
    961  2.182176151281344E-006  1.283826108536399E+002
    888  2.143353951711277E-006  1.215384892766490E+002
   1077  2.083790841596705E-006  6.189178021453241E+002
    638  1.988943925900696E-006  1.087773663504995E+002
    729  1.981080767389777E-006  1.124070412533170E+002
    263  1.976785470582219E-006  3.756851288337069E+001
    372  1.962650416530542E-006  4.569660817760900E+001
    779  1.962377627591199E-006  1.153237642854880E+002
    935  1.948198560737726E-006  1.274477748704804E+002
    694  1.921241654387532E-006  1.110208923005156E+002
    925  1.915640414409174E-006  1.268943605090481E+002
    722  1.907665550446109E-006  1.121989232781130E+002
   1003  1.899218958070788E-006  1.302792324598297E+002
    898  1.891123528247928E-006  1.236287338505038E+002
    788  1.876374659530786E-006  1.157595566872355E+002
    880  1.870608865691555E-006  1.209811659012211E+002
    353  1.837701458704856E-006  4.354452657935016E+001
    956  1.831710011964558E-006  1.283075816024711E+002
    702  1.815217942383261E-006  1.112791472783473E+002
    491  1.779696377862214E-006  5.916484178919298E+001
    972  1.740500273856384E-006  1.289491342298440E+002
    606  1.718733254049961E-006  1.079754075340127E+002
    266  1.694202231004294E-006  3.763404507858488E+001
    676  1.642108478842056E-006  1.102968009656115E+002
    193  1.621620968439616E-006  3.387383688791338E+001
    839  1.615068765955890E-006  1.178451551754228E+002
    129  1.601642773971401E-006  2.967722940199728E+001
    726  1.575969091870121E-006  1.123280306605216E+002
    165  1.541847994538217E-006  3.194792507678593E+001
    388  1.516099930856148E-006  4.916519389587509E+001
    776  1.512083020227586E-006  1.150535509847603E+002
    818  1.504367338307185E-006  1.172202887178189E+002
    940  1.468576876008182E-006  1.277053477702196E+002
    930  1.436905688882232E-006  1.272550109882912E+002
    900  1.417303602337824E-006  1.240255399934555E+002
    209  1.417236625597702E-006  3.420776675567321E+001
    644  1.388353719448090E-006  1.088699046594824E+002
    747  1.367246029135496E-006  1.128221651622354E+002
    912  1.364996727680705E-006  1.259977317017505E+002
    988  1.337328611686053E-006  1.295230022337254E+002
     54  1.324334410205706E-006  2.537118147105558E+001
    878  1.316220714788748E-006  1.208553192243232E+002
    882  1.315142244766005E-006  1.212606419968792E+002
    708  1.300212889240286E-006  1.116659378913442E+002
   1056  1.286620429934080E-006  1.332822863268028E+002
    750  1.281888090052541E-006  1.128980084302201E+002
    941  1.254526483588819E-006  1.277239710636116E+002
    876  1.248637025754119E-006  1.207338716680959E+002
   1037  1.207186091868000E-006  1.316166834102353E+002
    575  1.184908795363799E-006  1.067636975144964E+002
   1023  1.175632605318249E-006  1.309907545973144E+002
   1051  1.125488093438182E-006  1.330173846663143E+002
    894  1.122320058875790E-006  1.226855190700912E+002
    406  1.113506873305411E-006  5.347162595814701E+001
    984  1.070423922121128E-006  1.293776492189174E+002
    834  1.054167360711436E-006  1.176651591794238E+002
    735  1.050629933707929E-006  1.125422257639707E+002
    811  1.008619159550032E-006  1.169131613251637E+002
    857  9.877515840711917E-007  1.192977858717030E+002
    146  9.584237073726500E-007  3.038455959742199E+001
    287  9.482970586197737E-007  3.806334999222836E+001
    871  9.440789484346165E-007  1.204638135739833E+002
    499  9.133902479610914E-007  6.010190034988052E+001
    437  8.937165417739053E-007  5.567668099873953E+001
    906  8.930377086202189E-007  1.253859334012492E+002
    822  8.703469989569871E-007  1.173379890193997E+002
    720  8.689340331885230E-007  1.121496181246094E+002
    288  8.680465853230425E-007  3.825168870868715E+001
    932  8.353032547639268E-007  1.272890793904072E+002
    773  7.806785765032497E-007  1.146041296786391E+002
    572  7.792212225910469E-007  1.066354688575440E+002
    363  7.306857372605663E-007  4.523665715266514E+001
    581  7.057571677411830E-007  1.069166383916512E+002
    736  7.038256440520126E-007  1.125700463249535E+002
    380  6.903656830125790E-007  4.621788456267294E+001
     76  6.667875513442893E-007  2.719040433196805E+001
    538  6.666658945878913E-007  8.801939400846273E+001
    629  6.638388552460960E-007  1.086436456014825E+002
    628  6.445111998543470E-007  1.085999071252231E+002
    993  6.383285530489530E-007  1.299638892136509E+002
   1073  6.200464178040473E-007  1.355646294676644E+002
    903  6.066793674891844E-007  1.249295857950171E+002
    867  5.992750895347451E-007  1.199420338065019E+002
    819  5.967952244538125E-007  1.172617623112352E+002
    967  5.757079085709697E-007  1.287730879251822E+002
    497  5.754868407366767E-007  5.984833423050026E+001
    946  5.613656404318970E-007  1.279201366409634E+002
    969  5.533500735227928E-007  1.288232913140608E+002
    856  5.315360463024753E-007  1.192407591408727E+002
    869  5.290076043329408E-007  1.201465244096069E+002
    505  4.988178226969837E-007  6.089365906344585E+001
   1059  4.818690200710164E-007  1.335352794510990E+002
     56  4.794675191437775E-007  2.577494999028338E+001
    490  4.227435788844377E-007  5.909746584665749E+001
    841  4.223138103247781E-007  1.180046875638410E+002
    854  4.011092598595635E-007  1.190938927222375E+002
    646  3.933525151341346E-007  1.089039652974663E+002
    884  3.919209811622868E-007  1.212913619330936E+002
    865  3.826281056469269E-007  1.195233182598442E+002
    612  3.774734329380773E-007  1.080838271474082E+002
    904  3.698655426873724E-007  1.250437756508075E+002
    999  3.587618615549982E-007  1.301340763851820E+002
    953  3.413102002417540E-007  1.282835790234384E+002
    892  3.397639000499940E-007  1.223146913863671E+002
    213  3.347173027464819E-007  3.426923698719692E+001
    874  3.312005046912984E-007  1.206463359037059E+002
    222  3.296920318118307E-007  3.444665555523785E+001
   1007  3.189690338516910E-007  1.303971511397991E+002
    914  3.023617880682381E-007  1.261343003660832E+002
    718  3.010913688200421E-007  1.120307816427976E+002
    704  2.735635111661493E-007  1.114088220449556E+002
    753  2.441542811337696E-007  1.130399909728984E+002
    637  2.345518371995373E-007  1.087708716348475E+002
    432  2.314648329443487E-007  5.551253331854516E+001
    316  2.276666388774218E-007  3.947722492082590E+001
    655  2.224895265954012E-007  1.092114390318620E+002
    979  2.160944093687278E-007  1.292073280791942E+002
    814  2.075235975161680E-007  1.170571282096026E+002
    443  2.074923881492325E-007  5.615506371008289E+001
    113  2.056619284938563E-007  2.894608485543543E+001
    974  1.998679236394950E-007  1.290391941684268E+002
    635  1.907841094257878E-007  1.087402789130293E+002
    971  1.907489492030971E-007  1.289111652451389E+002
    620  1.872912062285602E-007  1.083700393844588E+002
    700  1.670061854046639E-007  1.112187707043413E+002
    801  1.561657615982582E-007  1.162412158177078E+002
    775  1.518382153411147E-007  1.149447083106751E+002
    701  1.491951372913296E-007  1.112655741498095E+002
    891  1.490976710802157E-007  1.222344606190913E+002
    921  1.471077496492471E-007  1.266347372507485E+002
    734  1.354028840551208E-007  1.125227414297757E+002
    723  1.352946891799499E-007  1.122249597820348E+002
    823  1.344362064331026E-007  1.173434151863991E+002
    864  1.280093520593689E-007  1.195154318953015E+002
    752  1.248933695094754E-007  1.129825416205730E+002
    652  1.247223421113863E-007  1.090805000764319E+002
    197  1.222346265863485E-007  3.407091137263039E+001
     17  1.188782632581841E-007  2.091913438766164E+001
    837  1.176460665482499E-007  1.177814246314451E+002
    286  1.150728666103024E-007  3.806107114689090E+001
    833  1.059908657480770E-007  1.176450554682990E+002
    759  9.784280984175743E-008  1.132523759465808E+002
   1019  9.277373864826054E-008  1.307856127904329E+002
    151  8.835140606744983E-008  3.097448214004631E+001
    240  8.587947726860846E-008  3.568815433410965E+001
    827  8.550093259128274E-008  1.174913134466901E+002
   1027  7.431574142365752E-008  1.311414239553258E+002
    965  7.097472723205521E-008  1.286084743618769E+002
    557  6.233470365842764E-008  1.053298087456868E+002
    692  5.870165509683697E-008  1.109991362888409E+002
   1030  4.869132046679082E-008  1.313677884464318E+002
    269  4.352893483451205E-008  3.766609016559832E+001
    996  3.797337135839689E-008  1.300741546440489E+002
   1049  3.623735554874587E-008  1.325964910892840E+002
    780  3.556300935001442E-008  1.153482258688003E+002
    647  3.317942779904432E-008  1.089204596390746E+002
    840  3.251708609264124E-008  1.179674198090055E+002
    872  3.115395997218551E-008  1.204992644439996E+002
   1015  2.854753647912810E-008  1.306693309857935E+002
    743  2.438947133038578E-008  1.126739704882794E+002
    850  2.321021231562374E-008  1.188640670964077E+002
    439  1.801300023973860E-008  5.581771077364913E+001
    889  1.741765053968272E-008  1.221096476933091E+002
    414  1.675568812980677E-008  5.408443269732371E+001
    428  1.504910951757703E-008  5.539697768550786E+001
    434  1.265689093474162E-008  5.556859477681133E+001
    195  1.250949654606360E-008  3.399004655216064E+001
    265  9.128943783850242E-009  3.762418150997995E+001
    885  7.852410355879817E-009  1.213849358963692E+002
    830  3.961333963852546E-009  1.175448785112390E+002
    501  2.835774562953564E-009  6.025540211442135E+001
    178  2.496361068598077E-009  3.291892583427273E+001
    318  1.950934615693576E-009  3.952690512520030E+001
    806  1.520045341113517E-009  1.165904998677036E+002
    881  5.650949624441506E-010  1.212001054655417E+002
    163  3.811025720475791E-010  3.148605603035891E+001
    598  2.626532094968193E-010  1.077082259858063E+002
